<?xml version="1.0" encoding="UTF-8"?>
<testsuite name="service.ServiceTest" tests="5" skipped="0" failures="0" errors="0" timestamp="2021-07-20T18:22:56" hostname="DESKTOP-DAN" time="5.332">
  <properties/>
  <testcase name="angajatiDepartament()" classname="service.ServiceTest" time="2.684"/>
  <testcase name="interschimbareAngajati()" classname="service.ServiceTest" time="0.756"/>
  <testcase name="proiectPerDepartament()" classname="service.ServiceTest" time="0.671"/>
  <testcase name="asignareProiect()" classname="service.ServiceTest" time="0.648"/>
  <testcase name="calculareSalariuAngajat()" classname="service.ServiceTest" time="0.571"/>
  <system-out><![CDATA[21:22:56.620 [Test worker] DEBUG org.jboss.logging - Logging Provider: org.jboss.logging.Log4j2LoggerProvider
21:22:56.635 [Test worker] DEBUG org.hibernate.integrator.internal.IntegratorServiceImpl - Adding Integrator [org.hibernate.cfg.beanvalidation.BeanValidationIntegrator].
21:22:56.635 [Test worker] DEBUG org.hibernate.integrator.internal.IntegratorServiceImpl - Adding Integrator [org.hibernate.secure.spi.JaccIntegrator].
21:22:56.651 [Test worker] DEBUG org.hibernate.integrator.internal.IntegratorServiceImpl - Adding Integrator [org.hibernate.cache.internal.CollectionCacheInvalidator].
21:22:56.682 [Test worker] INFO org.hibernate.Version - HHH000412: Hibernate ORM core version 5.4.29.Final
21:22:56.682 [Test worker] DEBUG org.hibernate.cfg.Environment - HHH000206: hibernate.properties not found
21:22:56.901 [Test worker] DEBUG org.hibernate.boot.jaxb.internal.stax.LocalXmlResourceResolver - Interpreting public/system identifier : [-//Hibernate/Hibernate Configuration DTD 3.0//EN] - [http://hibernate.org/dtd/hibernate-configuration-3.0.dtd]
21:22:56.995 [Test worker] DEBUG org.hibernate.boot.cfgxml.internal.JaxbCfgProcessor - cfg.xml document did not define namespaces; wrapping in custom event reader to introduce namespace information
21:22:57.213 [Test worker] DEBUG org.hibernate.service.spi.ServiceBinding - Overriding existing service binding [org.hibernate.secure.spi.JaccService]
21:22:57.229 [Test worker] DEBUG org.hibernate.cache.internal.RegionFactoryInitiator - Cannot default RegionFactory based on registered strategies as `[]` RegionFactory strategies were registered
21:22:57.229 [Test worker] DEBUG org.hibernate.cache.internal.RegionFactoryInitiator - Cache region factory : org.hibernate.cache.internal.NoCachingRegionFactory
21:22:57.245 [Test worker] INFO org.hibernate.annotations.common.Version - HCANN000001: Hibernate Commons Annotations {5.1.2.Final}
21:22:57.276 [Test worker] DEBUG org.hibernate.type.BasicTypeRegistry - Adding type registration boolean -> org.hibernate.type.BooleanType@121b529f
21:22:57.276 [Test worker] DEBUG org.hibernate.type.BasicTypeRegistry - Adding type registration boolean -> org.hibernate.type.BooleanType@121b529f
21:22:57.276 [Test worker] DEBUG org.hibernate.type.BasicTypeRegistry - Adding type registration java.lang.Boolean -> org.hibernate.type.BooleanType@121b529f
21:22:57.276 [Test worker] DEBUG org.hibernate.type.BasicTypeRegistry - Adding type registration numeric_boolean -> org.hibernate.type.NumericBooleanType@7dc81433
21:22:57.276 [Test worker] DEBUG org.hibernate.type.BasicTypeRegistry - Adding type registration true_false -> org.hibernate.type.TrueFalseType@60c371da
21:22:57.292 [Test worker] DEBUG org.hibernate.type.BasicTypeRegistry - Adding type registration yes_no -> org.hibernate.type.YesNoType@51ef89fc
21:22:57.292 [Test worker] DEBUG org.hibernate.type.BasicTypeRegistry - Adding type registration byte -> org.hibernate.type.ByteType@1502feca
21:22:57.292 [Test worker] DEBUG org.hibernate.type.BasicTypeRegistry - Adding type registration byte -> org.hibernate.type.ByteType@1502feca
21:22:57.292 [Test worker] DEBUG org.hibernate.type.BasicTypeRegistry - Adding type registration java.lang.Byte -> org.hibernate.type.ByteType@1502feca
21:22:57.292 [Test worker] DEBUG org.hibernate.type.BasicTypeRegistry - Adding type registration character -> org.hibernate.type.CharacterType@5aca38b4
21:22:57.292 [Test worker] DEBUG org.hibernate.type.BasicTypeRegistry - Adding type registration char -> org.hibernate.type.CharacterType@5aca38b4
21:22:57.292 [Test worker] DEBUG org.hibernate.type.BasicTypeRegistry - Adding type registration java.lang.Character -> org.hibernate.type.CharacterType@5aca38b4
21:22:57.292 [Test worker] DEBUG org.hibernate.type.BasicTypeRegistry - Adding type registration short -> org.hibernate.type.ShortType@212db0b9
21:22:57.292 [Test worker] DEBUG org.hibernate.type.BasicTypeRegistry - Adding type registration short -> org.hibernate.type.ShortType@212db0b9
21:22:57.292 [Test worker] DEBUG org.hibernate.type.BasicTypeRegistry - Adding type registration java.lang.Short -> org.hibernate.type.ShortType@212db0b9
21:22:57.292 [Test worker] DEBUG org.hibernate.type.BasicTypeRegistry - Adding type registration integer -> org.hibernate.type.IntegerType@14f541d2
21:22:57.292 [Test worker] DEBUG org.hibernate.type.BasicTypeRegistry - Adding type registration int -> org.hibernate.type.IntegerType@14f541d2
21:22:57.292 [Test worker] DEBUG org.hibernate.type.BasicTypeRegistry - Adding type registration java.lang.Integer -> org.hibernate.type.IntegerType@14f541d2
21:22:57.292 [Test worker] DEBUG org.hibernate.type.BasicTypeRegistry - Adding type registration long -> org.hibernate.type.LongType@357c5fef
21:22:57.292 [Test worker] DEBUG org.hibernate.type.BasicTypeRegistry - Adding type registration long -> org.hibernate.type.LongType@357c5fef
21:22:57.292 [Test worker] DEBUG org.hibernate.type.BasicTypeRegistry - Adding type registration java.lang.Long -> org.hibernate.type.LongType@357c5fef
21:22:57.292 [Test worker] DEBUG org.hibernate.type.BasicTypeRegistry - Adding type registration float -> org.hibernate.type.FloatType@68835e55
21:22:57.292 [Test worker] DEBUG org.hibernate.type.BasicTypeRegistry - Adding type registration float -> org.hibernate.type.FloatType@68835e55
21:22:57.292 [Test worker] DEBUG org.hibernate.type.BasicTypeRegistry - Adding type registration java.lang.Float -> org.hibernate.type.FloatType@68835e55
21:22:57.292 [Test worker] DEBUG org.hibernate.type.BasicTypeRegistry - Adding type registration double -> org.hibernate.type.DoubleType@1db8c4bf
21:22:57.292 [Test worker] DEBUG org.hibernate.type.BasicTypeRegistry - Adding type registration double -> org.hibernate.type.DoubleType@1db8c4bf
21:22:57.292 [Test worker] DEBUG org.hibernate.type.BasicTypeRegistry - Adding type registration java.lang.Double -> org.hibernate.type.DoubleType@1db8c4bf
21:22:57.292 [Test worker] DEBUG org.hibernate.type.BasicTypeRegistry - Adding type registration big_decimal -> org.hibernate.type.BigDecimalType@2bd9f5a7
21:22:57.292 [Test worker] DEBUG org.hibernate.type.BasicTypeRegistry - Adding type registration java.math.BigDecimal -> org.hibernate.type.BigDecimalType@2bd9f5a7
21:22:57.292 [Test worker] DEBUG org.hibernate.type.BasicTypeRegistry - Adding type registration big_integer -> org.hibernate.type.BigIntegerType@67766712
21:22:57.292 [Test worker] DEBUG org.hibernate.type.BasicTypeRegistry - Adding type registration java.math.BigInteger -> org.hibernate.type.BigIntegerType@67766712
21:22:57.292 [Test worker] DEBUG org.hibernate.type.BasicTypeRegistry - Adding type registration string -> org.hibernate.type.StringType@5abe721f
21:22:57.292 [Test worker] DEBUG org.hibernate.type.BasicTypeRegistry - Adding type registration java.lang.String -> org.hibernate.type.StringType@5abe721f
21:22:57.292 [Test worker] DEBUG org.hibernate.type.BasicTypeRegistry - Adding type registration nstring -> org.hibernate.type.StringNVarcharType@5ca83c4b
21:22:57.292 [Test worker] DEBUG org.hibernate.type.BasicTypeRegistry - Adding type registration ncharacter -> org.hibernate.type.CharacterNCharType@181579aa
21:22:57.307 [Test worker] DEBUG org.hibernate.type.BasicTypeRegistry - Adding type registration url -> org.hibernate.type.UrlType@2d95e7ff
21:22:57.307 [Test worker] DEBUG org.hibernate.type.BasicTypeRegistry - Adding type registration java.net.URL -> org.hibernate.type.UrlType@2d95e7ff
21:22:57.307 [Test worker] DEBUG org.hibernate.type.BasicTypeRegistry - Adding type registration Duration -> org.hibernate.type.DurationType@1f6d6ec5
21:22:57.307 [Test worker] DEBUG org.hibernate.type.BasicTypeRegistry - Adding type registration java.time.Duration -> org.hibernate.type.DurationType@1f6d6ec5
21:22:57.307 [Test worker] DEBUG org.hibernate.type.BasicTypeRegistry - Adding type registration Instant -> org.hibernate.type.InstantType@799b3880
21:22:57.307 [Test worker] DEBUG org.hibernate.type.BasicTypeRegistry - Adding type registration java.time.Instant -> org.hibernate.type.InstantType@799b3880
21:22:57.307 [Test worker] DEBUG org.hibernate.type.BasicTypeRegistry - Adding type registration LocalDateTime -> org.hibernate.type.LocalDateTimeType@3c9b7dcd
21:22:57.307 [Test worker] DEBUG org.hibernate.type.BasicTypeRegistry - Adding type registration java.time.LocalDateTime -> org.hibernate.type.LocalDateTimeType@3c9b7dcd
21:22:57.307 [Test worker] DEBUG org.hibernate.type.BasicTypeRegistry - Adding type registration LocalDate -> org.hibernate.type.LocalDateType@73b9d317
21:22:57.307 [Test worker] DEBUG org.hibernate.type.BasicTypeRegistry - Adding type registration java.time.LocalDate -> org.hibernate.type.LocalDateType@73b9d317
21:22:57.307 [Test worker] DEBUG org.hibernate.type.BasicTypeRegistry - Adding type registration LocalTime -> org.hibernate.type.LocalTimeType@3e938176
21:22:57.307 [Test worker] DEBUG org.hibernate.type.BasicTypeRegistry - Adding type registration java.time.LocalTime -> org.hibernate.type.LocalTimeType@3e938176
21:22:57.323 [Test worker] DEBUG org.hibernate.type.BasicTypeRegistry - Adding type registration OffsetDateTime -> org.hibernate.type.OffsetDateTimeType@1006f6a5
21:22:57.323 [Test worker] DEBUG org.hibernate.type.BasicTypeRegistry - Adding type registration java.time.OffsetDateTime -> org.hibernate.type.OffsetDateTimeType@1006f6a5
21:22:57.323 [Test worker] DEBUG org.hibernate.type.BasicTypeRegistry - Adding type registration OffsetTime -> org.hibernate.type.OffsetTimeType@5ebf30b8
21:22:57.323 [Test worker] DEBUG org.hibernate.type.BasicTypeRegistry - Adding type registration java.time.OffsetTime -> org.hibernate.type.OffsetTimeType@5ebf30b8
21:22:57.323 [Test worker] DEBUG org.hibernate.type.BasicTypeRegistry - Adding type registration ZonedDateTime -> org.hibernate.type.ZonedDateTimeType@5ecdce3a
21:22:57.323 [Test worker] DEBUG org.hibernate.type.BasicTypeRegistry - Adding type registration java.time.ZonedDateTime -> org.hibernate.type.ZonedDateTimeType@5ecdce3a
21:22:57.323 [Test worker] DEBUG org.hibernate.type.BasicTypeRegistry - Adding type registration date -> org.hibernate.type.DateType@34878a9c
21:22:57.323 [Test worker] DEBUG org.hibernate.type.BasicTypeRegistry - Adding type registration java.sql.Date -> org.hibernate.type.DateType@34878a9c
21:22:57.323 [Test worker] DEBUG org.hibernate.type.BasicTypeRegistry - Adding type registration time -> org.hibernate.type.TimeType@4be75fc9
21:22:57.323 [Test worker] DEBUG org.hibernate.type.BasicTypeRegistry - Adding type registration java.sql.Time -> org.hibernate.type.TimeType@4be75fc9
21:22:57.323 [Test worker] DEBUG org.hibernate.type.BasicTypeRegistry - Adding type registration timestamp -> org.hibernate.type.TimestampType@cd6dcfb
21:22:57.323 [Test worker] DEBUG org.hibernate.type.BasicTypeRegistry - Adding type registration java.sql.Timestamp -> org.hibernate.type.TimestampType@cd6dcfb
21:22:57.323 [Test worker] DEBUG org.hibernate.type.BasicTypeRegistry - Adding type registration java.util.Date -> org.hibernate.type.TimestampType@cd6dcfb
21:22:57.323 [Test worker] DEBUG org.hibernate.type.BasicTypeRegistry - Adding type registration dbtimestamp -> org.hibernate.type.DbTimestampType@6f70db50
21:22:57.323 [Test worker] DEBUG org.hibernate.type.BasicTypeRegistry - Adding type registration calendar -> org.hibernate.type.CalendarType@232580e4
21:22:57.323 [Test worker] DEBUG org.hibernate.type.BasicTypeRegistry - Adding type registration java.util.Calendar -> org.hibernate.type.CalendarType@232580e4
21:22:57.323 [Test worker] DEBUG org.hibernate.type.BasicTypeRegistry - Adding type registration java.util.GregorianCalendar -> org.hibernate.type.CalendarType@232580e4
21:22:57.323 [Test worker] DEBUG org.hibernate.type.BasicTypeRegistry - Adding type registration calendar_date -> org.hibernate.type.CalendarDateType@2d226c99
21:22:57.323 [Test worker] DEBUG org.hibernate.type.BasicTypeRegistry - Adding type registration calendar_time -> org.hibernate.type.CalendarTimeType@5f0ca092
21:22:57.323 [Test worker] DEBUG org.hibernate.type.BasicTypeRegistry - Adding type registration locale -> org.hibernate.type.LocaleType@2e7d6fc7
21:22:57.323 [Test worker] DEBUG org.hibernate.type.BasicTypeRegistry - Adding type registration java.util.Locale -> org.hibernate.type.LocaleType@2e7d6fc7
21:22:57.323 [Test worker] DEBUG org.hibernate.type.BasicTypeRegistry - Adding type registration currency -> org.hibernate.type.CurrencyType@298b5abb
21:22:57.323 [Test worker] DEBUG org.hibernate.type.BasicTypeRegistry - Adding type registration java.util.Currency -> org.hibernate.type.CurrencyType@298b5abb
21:22:57.338 [Test worker] DEBUG org.hibernate.type.BasicTypeRegistry - Adding type registration timezone -> org.hibernate.type.TimeZoneType@6a7223ce
21:22:57.338 [Test worker] DEBUG org.hibernate.type.BasicTypeRegistry - Adding type registration java.util.TimeZone -> org.hibernate.type.TimeZoneType@6a7223ce
21:22:57.338 [Test worker] DEBUG org.hibernate.type.BasicTypeRegistry - Adding type registration class -> org.hibernate.type.ClassType@17c86e61
21:22:57.338 [Test worker] DEBUG org.hibernate.type.BasicTypeRegistry - Adding type registration java.lang.Class -> org.hibernate.type.ClassType@17c86e61
21:22:57.338 [Test worker] DEBUG org.hibernate.type.BasicTypeRegistry - Adding type registration uuid-binary -> org.hibernate.type.UUIDBinaryType@165a29f7
21:22:57.338 [Test worker] DEBUG org.hibernate.type.BasicTypeRegistry - Adding type registration java.util.UUID -> org.hibernate.type.UUIDBinaryType@165a29f7
21:22:57.338 [Test worker] DEBUG org.hibernate.type.BasicTypeRegistry - Adding type registration uuid-char -> org.hibernate.type.UUIDCharType@57061eb5
21:22:57.338 [Test worker] DEBUG org.hibernate.type.BasicTypeRegistry - Adding type registration binary -> org.hibernate.type.BinaryType@377a3a57
21:22:57.338 [Test worker] DEBUG org.hibernate.type.BasicTypeRegistry - Adding type registration byte[] -> org.hibernate.type.BinaryType@377a3a57
21:22:57.338 [Test worker] DEBUG org.hibernate.type.BasicTypeRegistry - Adding type registration [B -> org.hibernate.type.BinaryType@377a3a57
21:22:57.338 [Test worker] DEBUG org.hibernate.type.BasicTypeRegistry - Adding type registration wrapper-binary -> org.hibernate.type.WrapperBinaryType@15236686
21:22:57.338 [Test worker] DEBUG org.hibernate.type.BasicTypeRegistry - Adding type registration Byte[] -> org.hibernate.type.WrapperBinaryType@15236686
21:22:57.338 [Test worker] DEBUG org.hibernate.type.BasicTypeRegistry - Adding type registration [Ljava.lang.Byte; -> org.hibernate.type.WrapperBinaryType@15236686
21:22:57.338 [Test worker] DEBUG org.hibernate.type.BasicTypeRegistry - Adding type registration row_version -> org.hibernate.type.RowVersionType@480544d3
21:22:57.338 [Test worker] DEBUG org.hibernate.type.BasicTypeRegistry - Adding type registration image -> org.hibernate.type.ImageType@a74733d
21:22:57.338 [Test worker] DEBUG org.hibernate.type.BasicTypeRegistry - Adding type registration characters -> org.hibernate.type.CharArrayType@10b707f8
21:22:57.338 [Test worker] DEBUG org.hibernate.type.BasicTypeRegistry - Adding type registration char[] -> org.hibernate.type.CharArrayType@10b707f8
21:22:57.338 [Test worker] DEBUG org.hibernate.type.BasicTypeRegistry - Adding type registration [C -> org.hibernate.type.CharArrayType@10b707f8
21:22:57.338 [Test worker] DEBUG org.hibernate.type.BasicTypeRegistry - Adding type registration wrapper-characters -> org.hibernate.type.CharacterArrayType@7586a107
21:22:57.338 [Test worker] DEBUG org.hibernate.type.BasicTypeRegistry - Adding type registration [Ljava.lang.Character; -> org.hibernate.type.CharacterArrayType@7586a107
21:22:57.338 [Test worker] DEBUG org.hibernate.type.BasicTypeRegistry - Adding type registration Character[] -> org.hibernate.type.CharacterArrayType@7586a107
21:22:57.338 [Test worker] DEBUG org.hibernate.type.BasicTypeRegistry - Adding type registration text -> org.hibernate.type.TextType@28e7117
21:22:57.338 [Test worker] DEBUG org.hibernate.type.BasicTypeRegistry - Adding type registration ntext -> org.hibernate.type.NTextType@4fe7c4b8
21:22:57.338 [Test worker] DEBUG org.hibernate.type.BasicTypeRegistry - Adding type registration blob -> org.hibernate.type.BlobType@69ff7971
21:22:57.338 [Test worker] DEBUG org.hibernate.type.BasicTypeRegistry - Adding type registration java.sql.Blob -> org.hibernate.type.BlobType@69ff7971
21:22:57.354 [Test worker] DEBUG org.hibernate.type.BasicTypeRegistry - Adding type registration materialized_blob -> org.hibernate.type.MaterializedBlobType@29a6bbfa
21:22:57.354 [Test worker] DEBUG org.hibernate.type.BasicTypeRegistry - Adding type registration clob -> org.hibernate.type.ClobType@6243fc09
21:22:57.354 [Test worker] DEBUG org.hibernate.type.BasicTypeRegistry - Adding type registration java.sql.Clob -> org.hibernate.type.ClobType@6243fc09
21:22:57.354 [Test worker] DEBUG org.hibernate.type.BasicTypeRegistry - Adding type registration nclob -> org.hibernate.type.NClobType@7a0e9fb4
21:22:57.354 [Test worker] DEBUG org.hibernate.type.BasicTypeRegistry - Adding type registration java.sql.NClob -> org.hibernate.type.NClobType@7a0e9fb4
21:22:57.354 [Test worker] DEBUG org.hibernate.type.BasicTypeRegistry - Adding type registration materialized_clob -> org.hibernate.type.MaterializedClobType@5568af29
21:22:57.354 [Test worker] DEBUG org.hibernate.type.BasicTypeRegistry - Adding type registration materialized_nclob -> org.hibernate.type.MaterializedNClobType@43589365
21:22:57.354 [Test worker] DEBUG org.hibernate.type.BasicTypeRegistry - Adding type registration serializable -> org.hibernate.type.SerializableType@49b714f8
21:22:57.354 [Test worker] DEBUG org.hibernate.type.BasicTypeRegistry - Adding type registration object -> org.hibernate.type.ObjectType@4b6f241f
21:22:57.354 [Test worker] DEBUG org.hibernate.type.BasicTypeRegistry - Adding type registration java.lang.Object -> org.hibernate.type.ObjectType@4b6f241f
21:22:57.354 [Test worker] DEBUG org.hibernate.type.BasicTypeRegistry - Adding type registration imm_date -> org.hibernate.type.AdaptedImmutableType@11b84e17
21:22:57.354 [Test worker] DEBUG org.hibernate.type.BasicTypeRegistry - Adding type registration imm_time -> org.hibernate.type.AdaptedImmutableType@3f0a67d6
21:22:57.354 [Test worker] DEBUG org.hibernate.type.BasicTypeRegistry - Adding type registration imm_timestamp -> org.hibernate.type.AdaptedImmutableType@11e8be3c
21:22:57.354 [Test worker] DEBUG org.hibernate.type.BasicTypeRegistry - Adding type registration imm_dbtimestamp -> org.hibernate.type.AdaptedImmutableType@1ced0d14
21:22:57.354 [Test worker] DEBUG org.hibernate.type.BasicTypeRegistry - Adding type registration imm_calendar -> org.hibernate.type.AdaptedImmutableType@4ff63068
21:22:57.354 [Test worker] DEBUG org.hibernate.type.BasicTypeRegistry - Adding type registration imm_calendar_date -> org.hibernate.type.AdaptedImmutableType@23aeca97
21:22:57.354 [Test worker] DEBUG org.hibernate.type.BasicTypeRegistry - Adding type registration imm_binary -> org.hibernate.type.AdaptedImmutableType@77e39980
21:22:57.354 [Test worker] DEBUG org.hibernate.type.BasicTypeRegistry - Adding type registration imm_serializable -> org.hibernate.type.AdaptedImmutableType@312afc5
21:22:57.370 [Test worker] DEBUG org.hibernate.id.factory.internal.DefaultIdentifierGeneratorFactory - Registering IdentifierGenerator strategy [uuid2] -> [org.hibernate.id.UUIDGenerator]
21:22:57.385 [Test worker] DEBUG org.hibernate.id.factory.internal.DefaultIdentifierGeneratorFactory - Registering IdentifierGenerator strategy [guid] -> [org.hibernate.id.GUIDGenerator]
21:22:57.385 [Test worker] DEBUG org.hibernate.id.factory.internal.DefaultIdentifierGeneratorFactory - Registering IdentifierGenerator strategy [uuid] -> [org.hibernate.id.UUIDHexGenerator]
21:22:57.385 [Test worker] DEBUG org.hibernate.id.factory.internal.DefaultIdentifierGeneratorFactory - Registering IdentifierGenerator strategy [uuid.hex] -> [org.hibernate.id.UUIDHexGenerator]
21:22:57.385 [Test worker] DEBUG org.hibernate.id.factory.internal.DefaultIdentifierGeneratorFactory - Registering IdentifierGenerator strategy [assigned] -> [org.hibernate.id.Assigned]
21:22:57.385 [Test worker] DEBUG org.hibernate.id.factory.internal.DefaultIdentifierGeneratorFactory - Registering IdentifierGenerator strategy [identity] -> [org.hibernate.id.IdentityGenerator]
21:22:57.385 [Test worker] DEBUG org.hibernate.id.factory.internal.DefaultIdentifierGeneratorFactory - Registering IdentifierGenerator strategy [select] -> [org.hibernate.id.SelectGenerator]
21:22:57.385 [Test worker] DEBUG org.hibernate.id.factory.internal.DefaultIdentifierGeneratorFactory - Registering IdentifierGenerator strategy [sequence] -> [org.hibernate.id.enhanced.SequenceStyleGenerator]
21:22:57.385 [Test worker] DEBUG org.hibernate.id.factory.internal.DefaultIdentifierGeneratorFactory - Registering IdentifierGenerator strategy [seqhilo] -> [org.hibernate.id.SequenceHiLoGenerator]
21:22:57.385 [Test worker] DEBUG org.hibernate.id.factory.internal.DefaultIdentifierGeneratorFactory - Registering IdentifierGenerator strategy [increment] -> [org.hibernate.id.IncrementGenerator]
21:22:57.385 [Test worker] DEBUG org.hibernate.id.factory.internal.DefaultIdentifierGeneratorFactory - Registering IdentifierGenerator strategy [foreign] -> [org.hibernate.id.ForeignGenerator]
21:22:57.385 [Test worker] DEBUG org.hibernate.id.factory.internal.DefaultIdentifierGeneratorFactory - Registering IdentifierGenerator strategy [sequence-identity] -> [org.hibernate.id.SequenceIdentityGenerator]
21:22:57.385 [Test worker] DEBUG org.hibernate.id.factory.internal.DefaultIdentifierGeneratorFactory - Registering IdentifierGenerator strategy [enhanced-sequence] -> [org.hibernate.id.enhanced.SequenceStyleGenerator]
21:22:57.385 [Test worker] DEBUG org.hibernate.id.factory.internal.DefaultIdentifierGeneratorFactory - Registering IdentifierGenerator strategy [enhanced-table] -> [org.hibernate.id.enhanced.TableGenerator]
21:22:57.385 [Test worker] WARN org.hibernate.orm.connections.pooling - HHH10001002: Using Hibernate built-in connection pool (not for production use!)
21:22:57.401 [Test worker] INFO org.hibernate.orm.connections.pooling - HHH10001005: using driver [org.sqlite.JDBC] at URL [jdbc:sqlite:D:\Facultate\Projects\OrganizareCompanie\database]
21:22:57.401 [Test worker] INFO org.hibernate.orm.connections.pooling - HHH10001001: Connection properties: {password=root, user=root}
21:22:57.401 [Test worker] INFO org.hibernate.orm.connections.pooling - HHH10001003: Autocommit mode: false
21:22:57.401 [Test worker] DEBUG org.hibernate.engine.jdbc.connections.internal.DriverManagerConnectionProviderImpl - Initializing Connection pool with 1 Connections
21:22:57.401 [Test worker] INFO org.hibernate.engine.jdbc.connections.internal.DriverManagerConnectionProviderImpl - HHH000115: Hibernate connection pool size: 1 (min=1)
21:22:57.463 [Test worker] DEBUG org.hibernate.engine.jdbc.env.internal.JdbcEnvironmentInitiator - Database ->
       name : SQLite
    version : 3.34.0
      major : 3
      minor : 34
21:22:57.463 [Test worker] DEBUG org.hibernate.engine.jdbc.env.internal.JdbcEnvironmentInitiator - Driver ->
       name : SQLite JDBC
    version : 3.34.0
      major : 3
      minor : 34
21:22:57.463 [Test worker] DEBUG org.hibernate.engine.jdbc.env.internal.JdbcEnvironmentInitiator - JDBC version : 2.1
21:22:57.479 [Test worker] INFO org.hibernate.dialect.Dialect - HHH000400: Using dialect: utils.SQLiteDialect
21:22:57.495 [Test worker] DEBUG org.hibernate.engine.jdbc.env.spi.IdentifierHelperBuilder - JDBC driver metadata reported database stores quoted identifiers in neither upper, lower nor mixed case
21:22:57.495 [Test worker] DEBUG org.hibernate.engine.jdbc.env.spi.IdentifierHelperBuilder - IdentifierCaseStrategy for both quoted and unquoted identifiers was set to the same strategy [MIXED]; that will likely lead to problems in schema update and validation if using quoted identifiers
21:22:57.495 [Test worker] DEBUG org.hibernate.engine.jdbc.env.internal.LobCreatorBuilderImpl - HHH000423: Disabling contextual LOB creation as JDBC driver reported JDBC version [2] less than 4
21:22:57.510 [Test worker] DEBUG org.hibernate.boot.model.relational.Namespace - Created database namespace [logicalName=Name{catalog=null, schema=null}, physicalName=Name{catalog=null, schema=null}]
21:22:57.510 [Test worker] DEBUG org.hibernate.type.descriptor.java.JavaTypeDescriptorRegistry - JavaTypeDescriptorRegistry entry replaced : class java.time.Duration -> org.hibernate.type.descriptor.java.DurationJavaDescriptor@484b819 (was org.hibernate.type.descriptor.java.DurationJavaDescriptor@484b819)
21:22:57.510 [Test worker] DEBUG org.hibernate.type.descriptor.java.JavaTypeDescriptorRegistry - JavaTypeDescriptorRegistry entry replaced : class java.time.Instant -> org.hibernate.type.descriptor.java.InstantJavaDescriptor@7a6a60d2 (was org.hibernate.type.descriptor.java.InstantJavaDescriptor@7a6a60d2)
21:22:57.510 [Test worker] DEBUG org.hibernate.type.descriptor.java.JavaTypeDescriptorRegistry - JavaTypeDescriptorRegistry entry replaced : class java.time.LocalDate -> org.hibernate.type.descriptor.java.LocalDateJavaDescriptor@7ac3817d (was org.hibernate.type.descriptor.java.LocalDateJavaDescriptor@7ac3817d)
21:22:57.510 [Test worker] DEBUG org.hibernate.type.descriptor.java.JavaTypeDescriptorRegistry - JavaTypeDescriptorRegistry entry replaced : class java.time.LocalDateTime -> org.hibernate.type.descriptor.java.LocalDateTimeJavaDescriptor@616d0e6e (was org.hibernate.type.descriptor.java.LocalDateTimeJavaDescriptor@616d0e6e)
21:22:57.510 [Test worker] DEBUG org.hibernate.type.descriptor.java.JavaTypeDescriptorRegistry - JavaTypeDescriptorRegistry entry replaced : class java.time.OffsetDateTime -> org.hibernate.type.descriptor.java.OffsetDateTimeJavaDescriptor@4008262a (was org.hibernate.type.descriptor.java.OffsetDateTimeJavaDescriptor@4008262a)
21:22:57.510 [Test worker] DEBUG org.hibernate.type.descriptor.java.JavaTypeDescriptorRegistry - JavaTypeDescriptorRegistry entry replaced : class java.time.OffsetTime -> org.hibernate.type.descriptor.java.OffsetTimeJavaDescriptor@69cda209 (was org.hibernate.type.descriptor.java.OffsetTimeJavaDescriptor@69cda209)
21:22:57.510 [Test worker] DEBUG org.hibernate.type.descriptor.java.JavaTypeDescriptorRegistry - JavaTypeDescriptorRegistry entry replaced : class java.time.ZonedDateTime -> org.hibernate.type.descriptor.java.ZonedDateTimeJavaDescriptor@f630e24 (was org.hibernate.type.descriptor.java.ZonedDateTimeJavaDescriptor@f630e24)
21:22:57.510 [Test worker] DEBUG org.hibernate.type.BasicTypeRegistry - Adding type registration Duration -> org.hibernate.type.DurationType@1f6d6ec5
21:22:57.510 [Test worker] DEBUG org.hibernate.type.BasicTypeRegistry - Adding type registration java.time.Duration -> org.hibernate.type.DurationType@1f6d6ec5
21:22:57.510 [Test worker] DEBUG org.hibernate.type.BasicTypeRegistry - Adding type registration Instant -> org.hibernate.type.InstantType@799b3880
21:22:57.510 [Test worker] DEBUG org.hibernate.type.BasicTypeRegistry - Adding type registration java.time.Instant -> org.hibernate.type.InstantType@799b3880
21:22:57.510 [Test worker] DEBUG org.hibernate.type.BasicTypeRegistry - Adding type registration LocalDateTime -> org.hibernate.type.LocalDateTimeType@3c9b7dcd
21:22:57.510 [Test worker] DEBUG org.hibernate.type.BasicTypeRegistry - Adding type registration java.time.LocalDateTime -> org.hibernate.type.LocalDateTimeType@3c9b7dcd
21:22:57.510 [Test worker] DEBUG org.hibernate.type.BasicTypeRegistry - Adding type registration LocalDate -> org.hibernate.type.LocalDateType@73b9d317
21:22:57.510 [Test worker] DEBUG org.hibernate.type.BasicTypeRegistry - Adding type registration java.time.LocalDate -> org.hibernate.type.LocalDateType@73b9d317
21:22:57.510 [Test worker] DEBUG org.hibernate.type.BasicTypeRegistry - Adding type registration LocalTime -> org.hibernate.type.LocalTimeType@3e938176
21:22:57.510 [Test worker] DEBUG org.hibernate.type.BasicTypeRegistry - Adding type registration java.time.LocalTime -> org.hibernate.type.LocalTimeType@3e938176
21:22:57.510 [Test worker] DEBUG org.hibernate.type.BasicTypeRegistry - Adding type registration OffsetDateTime -> org.hibernate.type.OffsetDateTimeType@1006f6a5
21:22:57.510 [Test worker] DEBUG org.hibernate.type.BasicTypeRegistry - Adding type registration java.time.OffsetDateTime -> org.hibernate.type.OffsetDateTimeType@1006f6a5
21:22:57.510 [Test worker] DEBUG org.hibernate.type.BasicTypeRegistry - Adding type registration OffsetTime -> org.hibernate.type.OffsetTimeType@5ebf30b8
21:22:57.510 [Test worker] DEBUG org.hibernate.type.BasicTypeRegistry - Adding type registration java.time.OffsetTime -> org.hibernate.type.OffsetTimeType@5ebf30b8
21:22:57.510 [Test worker] DEBUG org.hibernate.type.BasicTypeRegistry - Adding type registration ZonedDateTime -> org.hibernate.type.ZonedDateTimeType@5ecdce3a
21:22:57.510 [Test worker] DEBUG org.hibernate.type.BasicTypeRegistry - Adding type registration java.time.ZonedDateTime -> org.hibernate.type.ZonedDateTimeType@5ecdce3a
21:22:57.510 [Test worker] DEBUG org.hibernate.type.spi.TypeConfiguration$Scope - Scoping TypeConfiguration [org.hibernate.type.spi.TypeConfiguration@2ac099d0] to MetadataBuildingContext [org.hibernate.boot.internal.MetadataBuildingContextRootImpl@3a4295a7]
21:22:57.557 [Test worker] DEBUG org.hibernate.cfg.AnnotationBinder - Binding entity from annotated class: domain.Angajat
21:22:57.588 [Test worker] DEBUG org.hibernate.cfg.Ejb3Column - Binding column: Ejb3DiscriminatorColumn{logicalColumnName'DTYPE', discriminatorTypeName='string'}
21:22:57.588 [Test worker] DEBUG org.hibernate.cfg.annotations.EntityBinder - Import with entity name Angajat
21:22:57.588 [Test worker] DEBUG org.hibernate.cfg.annotations.EntityBinder - Bind entity domain.Angajat on table angajati
21:22:57.620 [Test worker] DEBUG org.hibernate.cfg.Ejb3Column - Binding column: Ejb3Column{table=org.hibernate.mapping.Table(angajati), mappingColumn=id, insertable=true, updatable=true, unique=false}
21:22:57.620 [Test worker] DEBUG org.hibernate.boot.internal.ClassLoaderAccessImpl - Not known whether passed class name [domain.Angajat] is safe
21:22:57.620 [Test worker] DEBUG org.hibernate.boot.internal.ClassLoaderAccessImpl - No temp ClassLoader provided; using live ClassLoader for loading potentially unsafe class : domain.Angajat
21:22:57.620 [Test worker] DEBUG org.hibernate.cfg.annotations.PropertyBinder - MetadataSourceProcessor property id with lazy=false
21:22:57.620 [Test worker] DEBUG org.hibernate.cfg.AbstractPropertyHolder - Attempting to locate auto-apply AttributeConverter for property [domain.Angajat:id]
21:22:57.620 [Test worker] DEBUG org.hibernate.cfg.annotations.SimpleValueBinder - building SimpleValue for id
21:22:57.620 [Test worker] DEBUG org.hibernate.cfg.annotations.PropertyBinder - Building property id
21:22:57.635 [Test worker] DEBUG org.hibernate.cfg.BinderHelper - #makeIdGenerator(org.hibernate.mapping.SimpleValue([org.hibernate.mapping.Column(id)]), id, identity, , ...)
21:22:57.635 [Test worker] DEBUG org.hibernate.cfg.Ejb3Column - Binding column: Ejb3JoinColumn{logicalColumnName='null', referencedColumn='null', mappedBy='angajat'}
21:22:57.635 [Test worker] DEBUG org.hibernate.cfg.Ejb3Column - Binding column: Ejb3Column{table=org.hibernate.mapping.Table(angajati), mappingColumn=concedii, insertable=true, updatable=true, unique=false}
21:22:57.635 [Test worker] DEBUG org.hibernate.cfg.Ejb3Column - Binding column: Ejb3Column{table=org.hibernate.mapping.Table(angajati), mappingColumn=null, insertable=true, updatable=true, unique=false}
21:22:57.635 [Test worker] DEBUG org.hibernate.cfg.Ejb3Column - Binding column: Ejb3Column{table=org.hibernate.mapping.Table(angajati), mappingColumn=element, insertable=true, updatable=true, unique=false}
21:22:57.635 [Test worker] DEBUG org.hibernate.cfg.Ejb3Column - Binding column: Ejb3Column{table=org.hibernate.mapping.Table(angajati), mappingColumn=concedii_KEY, insertable=true, updatable=true, unique=false}
21:22:57.635 [Test worker] DEBUG org.hibernate.cfg.Ejb3Column - Binding column: Ejb3JoinColumn{logicalColumnName='concedii_KEY', referencedColumn='null', mappedBy='null'}
21:22:57.635 [Test worker] DEBUG org.hibernate.cfg.Ejb3Column - Binding column: Ejb3JoinColumn{logicalColumnName='null', referencedColumn='null', mappedBy='angajat'}
21:22:57.635 [Test worker] DEBUG org.hibernate.cfg.Ejb3Column - Binding column: Ejb3JoinColumn{logicalColumnName='null', referencedColumn='null', mappedBy='angajat'}
21:22:57.635 [Test worker] DEBUG org.hibernate.cfg.annotations.CollectionBinder - Collection role: domain.Angajat.concedii
21:22:57.651 [Test worker] DEBUG org.hibernate.cfg.annotations.PropertyBinder - Building property concedii
21:22:57.651 [Test worker] DEBUG org.hibernate.cfg.Ejb3Column - Binding column: Ejb3Column{table=org.hibernate.mapping.Table(angajati), mappingColumn=data_angajare, insertable=true, updatable=true, unique=false}
21:22:57.651 [Test worker] DEBUG org.hibernate.cfg.annotations.PropertyBinder - MetadataSourceProcessor property dataAngajare with lazy=false
21:22:57.651 [Test worker] DEBUG org.hibernate.cfg.AbstractPropertyHolder - Attempting to locate auto-apply AttributeConverter for property [domain.Angajat:dataAngajare]
21:22:57.651 [Test worker] DEBUG org.hibernate.cfg.annotations.SimpleValueBinder - building SimpleValue for dataAngajare
21:22:57.651 [Test worker] DEBUG org.hibernate.cfg.annotations.PropertyBinder - Building property dataAngajare
21:22:57.651 [Test worker] DEBUG org.hibernate.cfg.Ejb3Column - Binding column: Ejb3Column{table=org.hibernate.mapping.Table(angajati), mappingColumn=null, insertable=true, updatable=true, unique=false}
21:22:57.651 [Test worker] DEBUG org.hibernate.cfg.Ejb3Column - Binding column: Ejb3Column{table=org.hibernate.mapping.Table(angajati), mappingColumn=element, insertable=true, updatable=true, unique=false}
21:22:57.651 [Test worker] DEBUG org.hibernate.cfg.Ejb3Column - Binding column: Ejb3Column{table=org.hibernate.mapping.Table(angajati), mappingColumn=departamente_KEY, insertable=true, updatable=true, unique=false}
21:22:57.651 [Test worker] DEBUG org.hibernate.cfg.Ejb3Column - Binding column: Ejb3JoinColumn{logicalColumnName='departamente_KEY', referencedColumn='null', mappedBy='null'}
21:22:57.651 [Test worker] DEBUG org.hibernate.cfg.Ejb3Column - Binding column: Ejb3JoinColumn{logicalColumnName='id_angajat', referencedColumn='', mappedBy=''}
21:22:57.651 [Test worker] DEBUG org.hibernate.cfg.Ejb3Column - Binding column: Ejb3JoinColumn{logicalColumnName='id_departament', referencedColumn='', mappedBy=''}
21:22:57.651 [Test worker] DEBUG org.hibernate.cfg.annotations.CollectionBinder - Collection role: domain.Angajat.departamente
21:22:57.651 [Test worker] DEBUG org.hibernate.cfg.annotations.PropertyBinder - Building property departamente
21:22:57.651 [Test worker] DEBUG org.hibernate.cfg.Ejb3Column - Binding column: Ejb3JoinColumn{logicalColumnName='null', referencedColumn='null', mappedBy='null'}
21:22:57.651 [Test worker] DEBUG org.hibernate.cfg.Ejb3Column - Binding column: Ejb3Column{table=org.hibernate.mapping.Table(angajati), mappingColumn=functie, insertable=true, updatable=true, unique=false}
21:22:57.651 [Test worker] DEBUG org.hibernate.cfg.annotations.PropertyBinder - Building property functie
21:22:57.651 [Test worker] DEBUG org.hibernate.cfg.Ejb3Column - Binding column: Ejb3Column{table=org.hibernate.mapping.Table(angajati), mappingColumn=id_superior, insertable=true, updatable=true, unique=false}
21:22:57.651 [Test worker] DEBUG org.hibernate.cfg.annotations.PropertyBinder - MetadataSourceProcessor property idSuperior with lazy=false
21:22:57.651 [Test worker] DEBUG org.hibernate.cfg.AbstractPropertyHolder - Attempting to locate auto-apply AttributeConverter for property [domain.Angajat:idSuperior]
21:22:57.651 [Test worker] DEBUG org.hibernate.cfg.annotations.SimpleValueBinder - building SimpleValue for idSuperior
21:22:57.651 [Test worker] DEBUG org.hibernate.cfg.annotations.PropertyBinder - Building property idSuperior
21:22:57.651 [Test worker] DEBUG org.hibernate.cfg.Ejb3Column - Binding column: Ejb3Column{table=org.hibernate.mapping.Table(angajati), mappingColumn=null, insertable=true, updatable=true, unique=false}
21:22:57.651 [Test worker] DEBUG org.hibernate.cfg.Ejb3Column - Binding column: Ejb3Column{table=org.hibernate.mapping.Table(angajati), mappingColumn=element, insertable=true, updatable=true, unique=false}
21:22:57.651 [Test worker] DEBUG org.hibernate.cfg.Ejb3Column - Binding column: Ejb3Column{table=org.hibernate.mapping.Table(angajati), mappingColumn=proiecte_KEY, insertable=true, updatable=true, unique=false}
21:22:57.651 [Test worker] DEBUG org.hibernate.cfg.Ejb3Column - Binding column: Ejb3JoinColumn{logicalColumnName='proiecte_KEY', referencedColumn='null', mappedBy='null'}
21:22:57.651 [Test worker] DEBUG org.hibernate.cfg.Ejb3Column - Binding column: Ejb3JoinColumn{logicalColumnName='id_angajat', referencedColumn='', mappedBy=''}
21:22:57.651 [Test worker] DEBUG org.hibernate.cfg.Ejb3Column - Binding column: Ejb3JoinColumn{logicalColumnName='id_proiect', referencedColumn='', mappedBy=''}
21:22:57.651 [Test worker] DEBUG org.hibernate.cfg.annotations.CollectionBinder - Collection role: domain.Angajat.proiecte
21:22:57.651 [Test worker] DEBUG org.hibernate.cfg.annotations.PropertyBinder - Building property proiecte
21:22:57.651 [Test worker] DEBUG org.hibernate.cfg.AnnotationBinder - Binding entity from annotated class: domain.Concediu
21:22:57.651 [Test worker] DEBUG org.hibernate.cfg.Ejb3Column - Binding column: Ejb3DiscriminatorColumn{logicalColumnName'DTYPE', discriminatorTypeName='string'}
21:22:57.651 [Test worker] DEBUG org.hibernate.cfg.annotations.EntityBinder - Import with entity name Concediu
21:22:57.651 [Test worker] DEBUG org.hibernate.cfg.annotations.EntityBinder - Bind entity domain.Concediu on table concedii
21:22:57.651 [Test worker] DEBUG org.hibernate.cfg.Ejb3Column - Binding column: Ejb3Column{table=org.hibernate.mapping.Table(concedii), mappingColumn=id, insertable=true, updatable=true, unique=false}
21:22:57.651 [Test worker] DEBUG org.hibernate.boot.internal.ClassLoaderAccessImpl - Not known whether passed class name [domain.Concediu] is safe
21:22:57.651 [Test worker] DEBUG org.hibernate.boot.internal.ClassLoaderAccessImpl - No temp ClassLoader provided; using live ClassLoader for loading potentially unsafe class : domain.Concediu
21:22:57.651 [Test worker] DEBUG org.hibernate.cfg.annotations.PropertyBinder - MetadataSourceProcessor property id with lazy=false
21:22:57.651 [Test worker] DEBUG org.hibernate.cfg.AbstractPropertyHolder - Attempting to locate auto-apply AttributeConverter for property [domain.Concediu:id]
21:22:57.651 [Test worker] DEBUG org.hibernate.cfg.annotations.SimpleValueBinder - building SimpleValue for id
21:22:57.651 [Test worker] DEBUG org.hibernate.cfg.annotations.PropertyBinder - Building property id
21:22:57.666 [Test worker] DEBUG org.hibernate.cfg.BinderHelper - #makeIdGenerator(org.hibernate.mapping.SimpleValue([org.hibernate.mapping.Column(id)]), id, identity, , ...)
21:22:57.666 [Test worker] DEBUG org.hibernate.cfg.Ejb3Column - Binding column: Ejb3JoinColumn{logicalColumnName='id_angajat', referencedColumn='', mappedBy=''}
21:22:57.666 [Test worker] DEBUG org.hibernate.cfg.Ejb3Column - Binding column: Ejb3Column{table=org.hibernate.mapping.Table(concedii), mappingColumn=angajat, insertable=true, updatable=true, unique=false}
21:22:57.666 [Test worker] DEBUG org.hibernate.cfg.annotations.PropertyBinder - Building property angajat
21:22:57.666 [Test worker] DEBUG org.hibernate.cfg.Ejb3Column - Binding column: Ejb3Column{table=org.hibernate.mapping.Table(concedii), mappingColumn=data_inceput, insertable=true, updatable=true, unique=false}
21:22:57.666 [Test worker] DEBUG org.hibernate.cfg.annotations.PropertyBinder - MetadataSourceProcessor property dataInceput with lazy=false
21:22:57.666 [Test worker] DEBUG org.hibernate.cfg.AbstractPropertyHolder - Attempting to locate auto-apply AttributeConverter for property [domain.Concediu:dataInceput]
21:22:57.666 [Test worker] DEBUG org.hibernate.cfg.annotations.SimpleValueBinder - building SimpleValue for dataInceput
21:22:57.666 [Test worker] DEBUG org.hibernate.cfg.annotations.PropertyBinder - Building property dataInceput
21:22:57.666 [Test worker] DEBUG org.hibernate.cfg.Ejb3Column - Binding column: Ejb3Column{table=org.hibernate.mapping.Table(concedii), mappingColumn=data_sfarsit, insertable=true, updatable=true, unique=false}
21:22:57.666 [Test worker] DEBUG org.hibernate.cfg.annotations.PropertyBinder - MetadataSourceProcessor property dataSfarsit with lazy=false
21:22:57.666 [Test worker] DEBUG org.hibernate.cfg.AbstractPropertyHolder - Attempting to locate auto-apply AttributeConverter for property [domain.Concediu:dataSfarsit]
21:22:57.666 [Test worker] DEBUG org.hibernate.cfg.annotations.SimpleValueBinder - building SimpleValue for dataSfarsit
21:22:57.666 [Test worker] DEBUG org.hibernate.cfg.annotations.PropertyBinder - Building property dataSfarsit
21:22:57.666 [Test worker] DEBUG org.hibernate.cfg.AnnotationBinder - Binding entity from annotated class: domain.Departament
21:22:57.666 [Test worker] DEBUG org.hibernate.cfg.Ejb3Column - Binding column: Ejb3DiscriminatorColumn{logicalColumnName'DTYPE', discriminatorTypeName='string'}
21:22:57.666 [Test worker] DEBUG org.hibernate.cfg.annotations.EntityBinder - Import with entity name Departament
21:22:57.666 [Test worker] DEBUG org.hibernate.cfg.annotations.EntityBinder - Bind entity domain.Departament on table departamente
21:22:57.666 [Test worker] DEBUG org.hibernate.cfg.Ejb3Column - Binding column: Ejb3Column{table=org.hibernate.mapping.Table(departamente), mappingColumn=id, insertable=true, updatable=true, unique=false}
21:22:57.666 [Test worker] DEBUG org.hibernate.boot.internal.ClassLoaderAccessImpl - Not known whether passed class name [domain.Departament] is safe
21:22:57.666 [Test worker] DEBUG org.hibernate.boot.internal.ClassLoaderAccessImpl - No temp ClassLoader provided; using live ClassLoader for loading potentially unsafe class : domain.Departament
21:22:57.666 [Test worker] DEBUG org.hibernate.cfg.annotations.PropertyBinder - MetadataSourceProcessor property id with lazy=false
21:22:57.666 [Test worker] DEBUG org.hibernate.cfg.AbstractPropertyHolder - Attempting to locate auto-apply AttributeConverter for property [domain.Departament:id]
21:22:57.666 [Test worker] DEBUG org.hibernate.cfg.annotations.SimpleValueBinder - building SimpleValue for id
21:22:57.666 [Test worker] DEBUG org.hibernate.cfg.annotations.PropertyBinder - Building property id
21:22:57.666 [Test worker] DEBUG org.hibernate.cfg.BinderHelper - #makeIdGenerator(org.hibernate.mapping.SimpleValue([org.hibernate.mapping.Column(id)]), id, identity, , ...)
21:22:57.666 [Test worker] DEBUG org.hibernate.cfg.Ejb3Column - Binding column: Ejb3Column{table=org.hibernate.mapping.Table(departamente), mappingColumn=id_director, insertable=true, updatable=true, unique=false}
21:22:57.666 [Test worker] DEBUG org.hibernate.cfg.annotations.PropertyBinder - MetadataSourceProcessor property idDirector with lazy=false
21:22:57.666 [Test worker] DEBUG org.hibernate.cfg.AbstractPropertyHolder - Attempting to locate auto-apply AttributeConverter for property [domain.Departament:idDirector]
21:22:57.666 [Test worker] DEBUG org.hibernate.cfg.annotations.SimpleValueBinder - building SimpleValue for idDirector
21:22:57.666 [Test worker] DEBUG org.hibernate.cfg.annotations.PropertyBinder - Building property idDirector
21:22:57.666 [Test worker] DEBUG org.hibernate.cfg.AnnotationBinder - Binding entity from annotated class: domain.Functie
21:22:57.666 [Test worker] DEBUG org.hibernate.cfg.Ejb3Column - Binding column: Ejb3DiscriminatorColumn{logicalColumnName'DTYPE', discriminatorTypeName='string'}
21:22:57.666 [Test worker] DEBUG org.hibernate.cfg.annotations.EntityBinder - Import with entity name Functie
21:22:57.666 [Test worker] DEBUG org.hibernate.cfg.annotations.EntityBinder - Bind entity domain.Functie on table functii
21:22:57.666 [Test worker] DEBUG org.hibernate.cfg.Ejb3Column - Binding column: Ejb3Column{table=org.hibernate.mapping.Table(functii), mappingColumn=id, insertable=true, updatable=true, unique=false}
21:22:57.666 [Test worker] DEBUG org.hibernate.boot.internal.ClassLoaderAccessImpl - Not known whether passed class name [domain.Functie] is safe
21:22:57.666 [Test worker] DEBUG org.hibernate.boot.internal.ClassLoaderAccessImpl - No temp ClassLoader provided; using live ClassLoader for loading potentially unsafe class : domain.Functie
21:22:57.666 [Test worker] DEBUG org.hibernate.cfg.annotations.PropertyBinder - MetadataSourceProcessor property id with lazy=false
21:22:57.666 [Test worker] DEBUG org.hibernate.cfg.AbstractPropertyHolder - Attempting to locate auto-apply AttributeConverter for property [domain.Functie:id]
21:22:57.666 [Test worker] DEBUG org.hibernate.cfg.annotations.SimpleValueBinder - building SimpleValue for id
21:22:57.666 [Test worker] DEBUG org.hibernate.cfg.annotations.PropertyBinder - Building property id
21:22:57.666 [Test worker] DEBUG org.hibernate.cfg.BinderHelper - #makeIdGenerator(org.hibernate.mapping.SimpleValue([org.hibernate.mapping.Column(id)]), id, identity, , ...)
21:22:57.666 [Test worker] DEBUG org.hibernate.cfg.Ejb3Column - Binding column: Ejb3Column{table=org.hibernate.mapping.Table(functii), mappingColumn=salar_de_baza, insertable=true, updatable=true, unique=false}
21:22:57.666 [Test worker] DEBUG org.hibernate.cfg.annotations.PropertyBinder - MetadataSourceProcessor property salarDeBaza with lazy=false
21:22:57.666 [Test worker] DEBUG org.hibernate.cfg.AbstractPropertyHolder - Attempting to locate auto-apply AttributeConverter for property [domain.Functie:salarDeBaza]
21:22:57.666 [Test worker] DEBUG org.hibernate.cfg.annotations.SimpleValueBinder - building SimpleValue for salarDeBaza
21:22:57.666 [Test worker] DEBUG org.hibernate.cfg.annotations.PropertyBinder - Building property salarDeBaza
21:22:57.666 [Test worker] DEBUG org.hibernate.cfg.AnnotationBinder - Binding entity from annotated class: domain.Proiect
21:22:57.666 [Test worker] DEBUG org.hibernate.cfg.Ejb3Column - Binding column: Ejb3DiscriminatorColumn{logicalColumnName'DTYPE', discriminatorTypeName='string'}
21:22:57.666 [Test worker] DEBUG org.hibernate.cfg.annotations.EntityBinder - Import with entity name Proiect
21:22:57.666 [Test worker] DEBUG org.hibernate.cfg.annotations.EntityBinder - Bind entity domain.Proiect on table proiecte
21:22:57.666 [Test worker] DEBUG org.hibernate.cfg.Ejb3Column - Binding column: Ejb3Column{table=org.hibernate.mapping.Table(proiecte), mappingColumn=id, insertable=true, updatable=true, unique=false}
21:22:57.666 [Test worker] DEBUG org.hibernate.boot.internal.ClassLoaderAccessImpl - Not known whether passed class name [domain.Proiect] is safe
21:22:57.666 [Test worker] DEBUG org.hibernate.boot.internal.ClassLoaderAccessImpl - No temp ClassLoader provided; using live ClassLoader for loading potentially unsafe class : domain.Proiect
21:22:57.666 [Test worker] DEBUG org.hibernate.cfg.annotations.PropertyBinder - MetadataSourceProcessor property id with lazy=false
21:22:57.666 [Test worker] DEBUG org.hibernate.cfg.AbstractPropertyHolder - Attempting to locate auto-apply AttributeConverter for property [domain.Proiect:id]
21:22:57.666 [Test worker] DEBUG org.hibernate.cfg.annotations.SimpleValueBinder - building SimpleValue for id
21:22:57.666 [Test worker] DEBUG org.hibernate.cfg.annotations.PropertyBinder - Building property id
21:22:57.666 [Test worker] DEBUG org.hibernate.cfg.BinderHelper - #makeIdGenerator(org.hibernate.mapping.SimpleValue([org.hibernate.mapping.Column(id)]), id, identity, , ...)
21:22:57.666 [Test worker] DEBUG org.hibernate.cfg.Ejb3Column - Binding column: Ejb3Column{table=org.hibernate.mapping.Table(proiecte), mappingColumn=data_inceput, insertable=true, updatable=true, unique=false}
21:22:57.666 [Test worker] DEBUG org.hibernate.cfg.annotations.PropertyBinder - MetadataSourceProcessor property dataInceput with lazy=false
21:22:57.666 [Test worker] DEBUG org.hibernate.cfg.AbstractPropertyHolder - Attempting to locate auto-apply AttributeConverter for property [domain.Proiect:dataInceput]
21:22:57.666 [Test worker] DEBUG org.hibernate.cfg.annotations.SimpleValueBinder - building SimpleValue for dataInceput
21:22:57.666 [Test worker] DEBUG org.hibernate.cfg.annotations.PropertyBinder - Building property dataInceput
21:22:57.666 [Test worker] DEBUG org.hibernate.cfg.Ejb3Column - Binding column: Ejb3Column{table=org.hibernate.mapping.Table(proiecte), mappingColumn=deadline, insertable=true, updatable=true, unique=false}
21:22:57.666 [Test worker] DEBUG org.hibernate.cfg.annotations.PropertyBinder - MetadataSourceProcessor property deadline with lazy=false
21:22:57.666 [Test worker] DEBUG org.hibernate.cfg.AbstractPropertyHolder - Attempting to locate auto-apply AttributeConverter for property [domain.Proiect:deadline]
21:22:57.666 [Test worker] DEBUG org.hibernate.cfg.annotations.SimpleValueBinder - building SimpleValue for deadline
21:22:57.666 [Test worker] DEBUG org.hibernate.cfg.annotations.PropertyBinder - Building property deadline
21:22:57.666 [Test worker] DEBUG org.hibernate.cfg.annotations.SimpleValueBinder - Starting fillSimpleValue for id
21:22:57.666 [Test worker] DEBUG org.hibernate.cfg.annotations.SimpleValueBinder - Starting fillSimpleValue for dataAngajare
21:22:57.666 [Test worker] DEBUG org.hibernate.cfg.annotations.SimpleValueBinder - Starting fillSimpleValue for idSuperior
21:22:57.666 [Test worker] DEBUG org.hibernate.cfg.annotations.SimpleValueBinder - Starting fillSimpleValue for id
21:22:57.666 [Test worker] DEBUG org.hibernate.cfg.annotations.SimpleValueBinder - Starting fillSimpleValue for dataInceput
21:22:57.666 [Test worker] DEBUG org.hibernate.cfg.annotations.SimpleValueBinder - Starting fillSimpleValue for dataSfarsit
21:22:57.666 [Test worker] DEBUG org.hibernate.cfg.annotations.SimpleValueBinder - Starting fillSimpleValue for id
21:22:57.666 [Test worker] DEBUG org.hibernate.cfg.annotations.SimpleValueBinder - Starting fillSimpleValue for idDirector
21:22:57.666 [Test worker] DEBUG org.hibernate.cfg.annotations.SimpleValueBinder - Starting fillSimpleValue for id
21:22:57.666 [Test worker] DEBUG org.hibernate.cfg.annotations.SimpleValueBinder - Starting fillSimpleValue for salarDeBaza
21:22:57.666 [Test worker] DEBUG org.hibernate.cfg.annotations.SimpleValueBinder - Starting fillSimpleValue for id
21:22:57.666 [Test worker] DEBUG org.hibernate.cfg.annotations.SimpleValueBinder - Starting fillSimpleValue for dataInceput
21:22:57.666 [Test worker] DEBUG org.hibernate.cfg.annotations.SimpleValueBinder - Starting fillSimpleValue for deadline
21:22:57.682 [Test worker] DEBUG org.hibernate.mapping.PrimaryKey - Forcing column [id] to be non-null as it is part of the primary key for table [angajati]
21:22:57.682 [Test worker] DEBUG org.hibernate.mapping.PrimaryKey - Forcing column [id] to be non-null as it is part of the primary key for table [concedii]
21:22:57.682 [Test worker] DEBUG org.hibernate.mapping.PrimaryKey - Forcing column [id] to be non-null as it is part of the primary key for table [departamente]
21:22:57.682 [Test worker] DEBUG org.hibernate.mapping.PrimaryKey - Forcing column [id] to be non-null as it is part of the primary key for table [functii]
21:22:57.682 [Test worker] DEBUG org.hibernate.mapping.PrimaryKey - Forcing column [id] to be non-null as it is part of the primary key for table [proiecte]
21:22:57.682 [Test worker] DEBUG org.hibernate.cfg.CollectionSecondPass - Second pass for collection: domain.Angajat.proiecte
21:22:57.682 [Test worker] DEBUG org.hibernate.cfg.annotations.CollectionBinder - Binding as ManyToMany: domain.Angajat.proiecte
21:22:57.682 [Test worker] DEBUG org.hibernate.mapping.PrimaryKey - Forcing column [id_angajat] to be non-null as it is part of the primary key for table [angajati_proiecte]
21:22:57.682 [Test worker] DEBUG org.hibernate.mapping.PrimaryKey - Forcing column [id_proiect] to be non-null as it is part of the primary key for table [angajati_proiecte]
21:22:57.682 [Test worker] DEBUG org.hibernate.cfg.CollectionSecondPass - Mapped collection key: id_angajat, element: id_proiect
21:22:57.682 [Test worker] DEBUG org.hibernate.cfg.CollectionSecondPass - Second pass for collection: domain.Angajat.departamente
21:22:57.682 [Test worker] DEBUG org.hibernate.cfg.annotations.CollectionBinder - Binding as ManyToMany: domain.Angajat.departamente
21:22:57.682 [Test worker] DEBUG org.hibernate.mapping.PrimaryKey - Forcing column [id_angajat] to be non-null as it is part of the primary key for table [angajati_departamente]
21:22:57.682 [Test worker] DEBUG org.hibernate.mapping.PrimaryKey - Forcing column [id_departament] to be non-null as it is part of the primary key for table [angajati_departamente]
21:22:57.682 [Test worker] DEBUG org.hibernate.cfg.CollectionSecondPass - Mapped collection key: id_angajat, element: id_departament
21:22:57.682 [Test worker] DEBUG org.hibernate.cfg.CollectionSecondPass - Second pass for collection: domain.Angajat.concedii
21:22:57.682 [Test worker] DEBUG org.hibernate.cfg.annotations.CollectionBinder - Binding a OneToMany: domain.Angajat.concedii through a foreign key
21:22:57.682 [Test worker] DEBUG org.hibernate.cfg.annotations.CollectionBinder - Mapping collection: domain.Angajat.concedii -> concedii
21:22:57.682 [Test worker] DEBUG org.hibernate.cfg.annotations.TableBinder - Retrieving property domain.Concediu.angajat
21:22:57.682 [Test worker] DEBUG org.hibernate.cfg.CollectionSecondPass - Mapped collection key: id_angajat, one-to-many: domain.Concediu
21:22:57.682 [Test worker] DEBUG org.hibernate.boot.internal.InFlightMetadataCollectorImpl - Resolving reference to class: domain.Functie
21:22:57.682 [Test worker] DEBUG org.hibernate.boot.internal.InFlightMetadataCollectorImpl - Resolving reference to class: domain.Departament
21:22:57.682 [Test worker] DEBUG org.hibernate.boot.internal.InFlightMetadataCollectorImpl - Resolving reference to class: domain.Angajat
21:22:57.682 [Test worker] DEBUG org.hibernate.boot.internal.InFlightMetadataCollectorImpl - Resolving reference to class: domain.Proiect
21:22:57.682 [Test worker] DEBUG org.hibernate.boot.internal.InFlightMetadataCollectorImpl - Resolving reference to class: domain.Angajat
21:22:57.682 [Test worker] DEBUG org.hibernate.boot.internal.InFlightMetadataCollectorImpl - Resolving reference to class: domain.Angajat
21:22:57.682 [Test worker] DEBUG org.hibernate.boot.internal.InFlightMetadataCollectorImpl - Resolving reference to class: domain.Functie
21:22:57.682 [Test worker] DEBUG org.hibernate.boot.internal.InFlightMetadataCollectorImpl - Resolving reference to class: domain.Departament
21:22:57.682 [Test worker] DEBUG org.hibernate.boot.internal.InFlightMetadataCollectorImpl - Resolving reference to class: domain.Angajat
21:22:57.682 [Test worker] DEBUG org.hibernate.boot.internal.InFlightMetadataCollectorImpl - Resolving reference to class: domain.Proiect
21:22:57.682 [Test worker] DEBUG org.hibernate.boot.internal.InFlightMetadataCollectorImpl - Resolving reference to class: domain.Angajat
21:22:57.682 [Test worker] DEBUG org.hibernate.boot.internal.InFlightMetadataCollectorImpl - Resolving reference to class: domain.Angajat
21:22:57.729 [Test worker] DEBUG org.hibernate.internal.SessionFactoryImpl - Building session factory
21:22:57.729 [Test worker] DEBUG org.hibernate.cfg.Settings - SessionFactory name : null
21:22:57.729 [Test worker] DEBUG org.hibernate.cfg.Settings - Automatic flush during beforeCompletion(): enabled
21:22:57.729 [Test worker] DEBUG org.hibernate.cfg.Settings - Automatic session close at end of transaction: disabled
21:22:57.729 [Test worker] DEBUG org.hibernate.cfg.Settings - Statistics: disabled
21:22:57.729 [Test worker] DEBUG org.hibernate.cfg.Settings - Deleted entity synthetic identifier rollback: disabled
21:22:57.729 [Test worker] DEBUG org.hibernate.cfg.Settings - Default entity-mode: pojo
21:22:57.729 [Test worker] DEBUG org.hibernate.cfg.Settings - Check Nullability in Core (should be disabled when Bean Validation is on): enabled
21:22:57.729 [Test worker] DEBUG org.hibernate.cfg.Settings - Allow initialization of lazy state outside session : enabled
21:22:57.729 [Test worker] DEBUG org.hibernate.cfg.Settings - Using BatchFetchStyle : LEGACY
21:22:57.729 [Test worker] DEBUG org.hibernate.cfg.Settings - Default batch fetch size: -1
21:22:57.729 [Test worker] DEBUG org.hibernate.cfg.Settings - Maximum outer join fetch depth: null
21:22:57.729 [Test worker] DEBUG org.hibernate.cfg.Settings - Default null ordering: NONE
21:22:57.729 [Test worker] DEBUG org.hibernate.cfg.Settings - Order SQL updates by primary key: disabled
21:22:57.729 [Test worker] DEBUG org.hibernate.cfg.Settings - Order SQL inserts for batching: disabled
21:22:57.729 [Test worker] DEBUG org.hibernate.cfg.Settings - multi-tenancy strategy : NONE
21:22:57.729 [Test worker] DEBUG org.hibernate.cfg.Settings - JTA Track by Thread: enabled
21:22:57.729 [Test worker] DEBUG org.hibernate.cfg.Settings - Query language substitutions: {}
21:22:57.729 [Test worker] DEBUG org.hibernate.cfg.Settings - Named query checking : enabled
21:22:57.729 [Test worker] DEBUG org.hibernate.cfg.Settings - Second-level cache: disabled
21:22:57.729 [Test worker] DEBUG org.hibernate.cfg.Settings - Second-level query cache: disabled
21:22:57.729 [Test worker] DEBUG org.hibernate.cfg.Settings - Second-level query cache factory: null
21:22:57.729 [Test worker] DEBUG org.hibernate.cfg.Settings - Second-level cache region prefix: null
21:22:57.729 [Test worker] DEBUG org.hibernate.cfg.Settings - Optimize second-level cache for minimal puts: disabled
21:22:57.729 [Test worker] DEBUG org.hibernate.cfg.Settings - Structured second-level cache entries: disabled
21:22:57.729 [Test worker] DEBUG org.hibernate.cfg.Settings - Second-level cache direct-reference entries: disabled
21:22:57.729 [Test worker] DEBUG org.hibernate.cfg.Settings - Automatic eviction of collection cache: disabled
21:22:57.729 [Test worker] DEBUG org.hibernate.cfg.Settings - JDBC batch size: 0
21:22:57.729 [Test worker] DEBUG org.hibernate.cfg.Settings - JDBC batch updates for versioned data: enabled
21:22:57.729 [Test worker] DEBUG org.hibernate.cfg.Settings - Scrollable result sets: disabled
21:22:57.729 [Test worker] DEBUG org.hibernate.cfg.Settings - Wrap result sets: disabled
21:22:57.729 [Test worker] DEBUG org.hibernate.cfg.Settings - JDBC3 getGeneratedKeys(): enabled
21:22:57.729 [Test worker] DEBUG org.hibernate.cfg.Settings - JDBC result set fetch size: null
21:22:57.729 [Test worker] DEBUG org.hibernate.cfg.Settings - Connection release mode: AFTER_TRANSACTION
21:22:57.729 [Test worker] DEBUG org.hibernate.cfg.Settings - Generate SQL with comments: disabled
21:22:57.729 [Test worker] DEBUG org.hibernate.cfg.Settings - JPA compliance - query : disabled
21:22:57.729 [Test worker] DEBUG org.hibernate.cfg.Settings - JPA compliance - closed-handling : disabled
21:22:57.729 [Test worker] DEBUG org.hibernate.cfg.Settings - JPA compliance - lists : disabled
21:22:57.729 [Test worker] DEBUG org.hibernate.cfg.Settings - JPA compliance - transactions : disabled
21:22:57.776 [Test worker] DEBUG org.hibernate.internal.SessionFactoryImpl - Session factory constructed with filter configurations : {}
21:22:57.776 [Test worker] DEBUG org.hibernate.internal.SessionFactoryImpl - Instantiating session factory with properties: {sun.desktop=windows, awt.toolkit=sun.awt.windows.WToolkit, dialect=utils.SQLiteDialect, java.specification.version=11, sun.cpu.isalist=amd64, sun.jnu.encoding=Cp1250, hibernate.dialect=utils.SQLiteDialect, org.gradle.test.worker=3, java.class.path=C:\\Users\\Dan\\.gradle\\caches\\6.8\\workerMain\\gradle-worker.jar;D:\\Facultate\\Projects\\OrganizareCompanie\\build\\classes\\java\\test;D:\\Facultate\\Projects\\OrganizareCompanie\\build\\resources\\test;D:\\Facultate\\Projects\\OrganizareCompanie\\build\\classes\\java\\main;D:\\Facultate\\Projects\\OrganizareCompanie\\build\\resources\\main;C:\\Users\\Dan\\.gradle\\caches\\modules-2\\files-2.1\\org.springframework.boot\\spring-boot-starter-web\\2.4.3\\4f5554ea183af87e52d8c31bb82aada0d74c40b0\\spring-boot-starter-web-2.4.3.jar;C:\\Users\\Dan\\.gradle\\caches\\modules-2\\files-2.1\\org.xerial\\sqlite-jdbc\\3.34.0\\fd29bb0124e3f79c80b2753162a6a3873c240bcf\\sqlite-jdbc-3.34.0.jar;C:\\Users\\Dan\\.gradle\\caches\\modules-2\\files-2.1\\org.hibernate\\hibernate-java8\\5.1.0.Final\\2bb534acab4f8485a821f0e4d6a2c8df617ee86a\\hibernate-java8-5.1.0.Final.jar;C:\\Users\\Dan\\.gradle\\caches\\modules-2\\files-2.1\\org.hibernate\\hibernate-core\\5.4.29.Final\\74b7c9ad3cb57ae4fd0187480a76f137a7fc3f38\\hibernate-core-5.4.29.Final.jar;C:\\Users\\Dan\\.gradle\\caches\\modules-2\\files-2.1\\org.junit.platform\\junit-platform-engine\\1.7.0\\eadb73c5074a4ac71061defd00fc176152a4d12c\\junit-platform-engine-1.7.0.jar;C:\\Users\\Dan\\.gradle\\caches\\modules-2\\files-2.1\\org.junit.platform\\junit-platform-commons\\1.7.0\\84e309fbf21d857aac079a3c1fffd84284e1114d\\junit-platform-commons-1.7.0.jar;C:\\Users\\Dan\\.gradle\\caches\\modules-2\\files-2.1\\org.junit.jupiter\\junit-jupiter-engine\\5.7.0\\d9044d6b45e2232ddd53fa56c15333e43d1749fd\\junit-jupiter-engine-5.7.0.jar;C:\\Users\\Dan\\.gradle\\caches\\modules-2\\files-2.1\\org.junit.jupiter\\junit-jupiter-api\\5.7.0\\b25f3815c4c1860a73041e733a14a0379d00c4d5\\junit-jupiter-api-5.7.0.jar;C:\\Users\\Dan\\.gradle\\caches\\modules-2\\files-2.1\\org.springframework.boot\\spring-boot-starter-json\\2.4.3\\7b26abb0a0379a00b58a2a50e010b29cf4f16b80\\spring-boot-starter-json-2.4.3.jar;C:\\Users\\Dan\\.gradle\\caches\\modules-2\\files-2.1\\org.springframework.boot\\spring-boot-starter\\2.4.3\\fd8bc0fb5f5aaefb4d6c8b77eb61563aab840c11\\spring-boot-starter-2.4.3.jar;C:\\Users\\Dan\\.gradle\\caches\\modules-2\\files-2.1\\org.springframework.boot\\spring-boot-starter-tomcat\\2.4.3\\4ba28aae05a259625e7e92f8e7338c5e1d22de35\\spring-boot-starter-tomcat-2.4.3.jar;C:\\Users\\Dan\\.gradle\\caches\\modules-2\\files-2.1\\org.springframework\\spring-webmvc\\5.3.4\\8dd52fbe8eafcc7c80998087ec6635baf7a98c20\\spring-webmvc-5.3.4.jar;C:\\Users\\Dan\\.gradle\\caches\\modules-2\\files-2.1\\org.springframework\\spring-web\\5.3.4\\d93829e24a50ed22e781f2302680a210cac5ee84\\spring-web-5.3.4.jar;C:\\Users\\Dan\\.gradle\\caches\\modules-2\\files-2.1\\org.hibernate.common\\hibernate-commons-annotations\\5.1.2.Final\\e59ffdbc6ad09eeb33507b39ffcf287679a498c8\\hibernate-commons-annotations-5.1.2.Final.jar;C:\\Users\\Dan\\.gradle\\caches\\modules-2\\files-2.1\\org.jboss.logging\\jboss-logging\\3.4.1.Final\\40fd4d696c55793e996d1ff3c475833f836c2498\\jboss-logging-3.4.1.Final.jar;C:\\Users\\Dan\\.gradle\\caches\\modules-2\\files-2.1\\javax.persistence\\javax.persistence-api\\2.2\\25665ac8c0b62f50e6488173233239120fc52c96\\javax.persistence-api-2.2.jar;C:\\Users\\Dan\\.gradle\\caches\\modules-2\\files-2.1\\org.javassist\\javassist\\3.27.0-GA\\f63e6aa899e15eca8fdaa402a79af4c417252213\\javassist-3.27.0-GA.jar;C:\\Users\\Dan\\.gradle\\caches\\modules-2\\files-2.1\\net.bytebuddy\\byte-buddy\\1.10.21\\5abe8e141cac9d50a721a22d9c188b3bf19ad0aa\\byte-buddy-1.10.21.jar;C:\\Users\\Dan\\.gradle\\caches\\modules-2\\files-2.1\\antlr\\antlr\\2.7.7\\83cd2cd674a217ade95a4bb83a8a14f351f48bd0\\antlr-2.7.7.jar;C:\\Users\\Dan\\.gradle\\caches\\modules-2\\files-2.1\\org.jboss.spec.javax.transaction\\jboss-transaction-api_1.2_spec\\1.1.1.Final\\a8485cab9484dda36e9a8c319e76b5cc18797b58\\jboss-transaction-api_1.2_spec-1.1.1.Final.jar;C:\\Users\\Dan\\.gradle\\caches\\modules-2\\files-2.1\\org.jboss\\jandex\\2.2.3.Final\\d3865101f0666b63586683bd811d754517f331ab\\jandex-2.2.3.Final.jar;C:\\Users\\Dan\\.gradle\\caches\\modules-2\\files-2.1\\com.fasterxml\\classmate\\1.5.1\\3fe0bed568c62df5e89f4f174c101eab25345b6c\\classmate-1.5.1.jar;C:\\Users\\Dan\\.gradle\\caches\\modules-2\\files-2.1\\org.glassfish.jaxb\\jaxb-runtime\\2.3.1\\dd6dda9da676a54c5b36ca2806ff95ee017d8738\\jaxb-runtime-2.3.1.jar;C:\\Users\\Dan\\.gradle\\caches\\modules-2\\files-2.1\\javax.xml.bind\\jaxb-api\\2.3.1\\8531ad5ac454cc2deb9d4d32c40c4d7451939b5d\\jaxb-api-2.3.1.jar;C:\\Users\\Dan\\.gradle\\caches\\modules-2\\files-2.1\\javax.activation\\javax.activation-api\\1.2.0\\85262acf3ca9816f9537ca47d5adeabaead7cb16\\javax.activation-api-1.2.0.jar;C:\\Users\\Dan\\.gradle\\caches\\modules-2\\files-2.1\\org.dom4j\\dom4j\\2.1.3\\a75914155a9f5808963170ec20653668a2ffd2fd\\dom4j-2.1.3.jar;C:\\Users\\Dan\\.gradle\\caches\\modules-2\\files-2.1\\org.apiguardian\\apiguardian-api\\1.1.0\\fc9dff4bb36d627bdc553de77e1f17efd790876c\\apiguardian-api-1.1.0.jar;C:\\Users\\Dan\\.gradle\\caches\\modules-2\\files-2.1\\org.opentest4j\\opentest4j\\1.2.0\\28c11eb91f9b6d8e200631d46e20a7f407f2a046\\opentest4j-1.2.0.jar;C:\\Users\\Dan\\.gradle\\caches\\modules-2\\files-2.1\\org.springframework.boot\\spring-boot-autoconfigure\\2.4.3\\2f8e1e682e55f70c8ea557982c7adb1256f41bcf\\spring-boot-autoconfigure-2.4.3.jar;C:\\Users\\Dan\\.gradle\\caches\\modules-2\\files-2.1\\org.springframework.boot\\spring-boot\\2.4.3\\de2bd17a8eb9bc3dfa629aa06f2e9fe3bf603c85\\spring-boot-2.4.3.jar;C:\\Users\\Dan\\.gradle\\caches\\modules-2\\files-2.1\\org.springframework.boot\\spring-boot-starter-logging\\2.4.3\\64687abc2255d18cd6592cbb20fa3bee3379cec8\\spring-boot-starter-logging-2.4.3.jar;C:\\Users\\Dan\\.gradle\\caches\\modules-2\\files-2.1\\jakarta.annotation\\jakarta.annotation-api\\1.3.5\\59eb84ee0d616332ff44aba065f3888cf002cd2d\\jakarta.annotation-api-1.3.5.jar;C:\\Users\\Dan\\.gradle\\caches\\modules-2\\files-2.1\\org.springframework\\spring-context\\5.3.4\\fbeadeb0e4d272599a938ec345e99e5f9a76e919\\spring-context-5.3.4.jar;C:\\Users\\Dan\\.gradle\\caches\\modules-2\\files-2.1\\org.springframework\\spring-aop\\5.3.4\\b7180a6427ab524bc1cbd31bf38dd2182632515f\\spring-aop-5.3.4.jar;C:\\Users\\Dan\\.gradle\\caches\\modules-2\\files-2.1\\org.springframework\\spring-beans\\5.3.4\\ac6c5ea0ba82f555405f74104cf378f8071c6d25\\spring-beans-5.3.4.jar;C:\\Users\\Dan\\.gradle\\caches\\modules-2\\files-2.1\\org.springframework\\spring-expression\\5.3.4\\42b71fa955e43a86471509aef14cefe756fc3794\\spring-expression-5.3.4.jar;C:\\Users\\Dan\\.gradle\\caches\\modules-2\\files-2.1\\org.springframework\\spring-core\\5.3.4\\46c1f8abd9e02a292c42a257350f365cec152b5d\\spring-core-5.3.4.jar;C:\\Users\\Dan\\.gradle\\caches\\modules-2\\files-2.1\\org.yaml\\snakeyaml\\1.27\\359d62567480b07a679dc643f82fc926b100eed5\\snakeyaml-1.27.jar;C:\\Users\\Dan\\.gradle\\caches\\modules-2\\files-2.1\\com.fasterxml.jackson.datatype\\jackson-datatype-jdk8\\2.11.4\\e1540dea3c6c681ea4e335a960f730861ee3bedb\\jackson-datatype-jdk8-2.11.4.jar;C:\\Users\\Dan\\.gradle\\caches\\modules-2\\files-2.1\\com.fasterxml.jackson.datatype\\jackson-datatype-jsr310\\2.11.4\\ce6fc76bba06623720e5a9308386b6ae74753f4d\\jackson-datatype-jsr310-2.11.4.jar;C:\\Users\\Dan\\.gradle\\caches\\modules-2\\files-2.1\\com.fasterxml.jackson.module\\jackson-module-parameter-names\\2.11.4\\432e050d79f2282a66c320375d628f1b0842cb12\\jackson-module-parameter-names-2.11.4.jar;C:\\Users\\Dan\\.gradle\\caches\\modules-2\\files-2.1\\com.fasterxml.jackson.core\\jackson-databind\\2.11.4\\5d9f3d441f99d721b957e3497f0a6465c764fad4\\jackson-databind-2.11.4.jar;C:\\Users\\Dan\\.gradle\\caches\\modules-2\\files-2.1\\org.apache.tomcat.embed\\tomcat-embed-websocket\\9.0.43\\78232648dde1a5fd5093f0a3999e593d208e2eab\\tomcat-embed-websocket-9.0.43.jar;C:\\Users\\Dan\\.gradle\\caches\\modules-2\\files-2.1\\org.apache.tomcat.embed\\tomcat-embed-core\\9.0.43\\1d102277426bdd5b12f048731a91665bb69347d1\\tomcat-embed-core-9.0.43.jar;C:\\Users\\Dan\\.gradle\\caches\\modules-2\\files-2.1\\org.glassfish\\jakarta.el\\3.0.3\\dab46ee1ee23f7197c13d7c40fce14817c9017df\\jakarta.el-3.0.3.jar;C:\\Users\\Dan\\.gradle\\caches\\modules-2\\files-2.1\\org.glassfish.jaxb\\txw2\\2.3.1\\a09d2c48d3285f206fafbffe0e50619284e92126\\txw2-2.3.1.jar;C:\\Users\\Dan\\.gradle\\caches\\modules-2\\files-2.1\\com.sun.istack\\istack-commons-runtime\\3.0.7\\c197c86ceec7318b1284bffb49b54226ca774003\\istack-commons-runtime-3.0.7.jar;C:\\Users\\Dan\\.gradle\\caches\\modules-2\\files-2.1\\org.jvnet.staxex\\stax-ex\\1.8\\8cc35f73da321c29973191f2cf143d29d26a1df7\\stax-ex-1.8.jar;C:\\Users\\Dan\\.gradle\\caches\\modules-2\\files-2.1\\com.sun.xml.fastinfoset\\FastInfoset\\1.2.15\\bb7b7ec0379982b97c62cd17465cb6d9155f68e8\\FastInfoset-1.2.15.jar;C:\\Users\\Dan\\.gradle\\caches\\modules-2\\files-2.1\\ch.qos.logback\\logback-classic\\1.2.3\\7c4f3c474fb2c041d8028740440937705ebb473a\\logback-classic-1.2.3.jar;C:\\Users\\Dan\\.gradle\\caches\\modules-2\\files-2.1\\org.apache.logging.log4j\\log4j-to-slf4j\\2.13.3\\966f6fd1af4959d6b12bfa880121d4a2b164f857\\log4j-to-slf4j-2.13.3.jar;C:\\Users\\Dan\\.gradle\\caches\\modules-2\\files-2.1\\org.slf4j\\jul-to-slf4j\\1.7.30\\d58bebff8cbf70ff52b59208586095f467656c30\\jul-to-slf4j-1.7.30.jar;C:\\Users\\Dan\\.gradle\\caches\\modules-2\\files-2.1\\org.springframework\\spring-jcl\\5.3.4\\ca012eb4e9e57f767aa9d5e51fe9a09b28140808\\spring-jcl-5.3.4.jar;C:\\Users\\Dan\\.gradle\\caches\\modules-2\\files-2.1\\com.fasterxml.jackson.core\\jackson-annotations\\2.11.4\\2c3f5c079330f3a01726686a078979420f547ae4\\jackson-annotations-2.11.4.jar;C:\\Users\\Dan\\.gradle\\caches\\modules-2\\files-2.1\\com.fasterxml.jackson.core\\jackson-core\\2.11.4\\593f7b18bab07a76767f181e2a2336135ce82cc4\\jackson-core-2.11.4.jar;C:\\Users\\Dan\\.gradle\\caches\\modules-2\\files-2.1\\ch.qos.logback\\logback-core\\1.2.3\\864344400c3d4d92dfeb0a305dc87d953677c03c\\logback-core-1.2.3.jar;C:\\Users\\Dan\\.gradle\\caches\\modules-2\\files-2.1\\org.slf4j\\slf4j-api\\1.7.30\\b5a4b6d16ab13e34a88fae84c35cd5d68cac922c\\slf4j-api-1.7.30.jar;C:\\Users\\Dan\\.gradle\\caches\\modules-2\\files-2.1\\org.apache.logging.log4j\\log4j-api\\2.13.3\\ec1508160b93d274b1add34419b897bae84c6ca9\\log4j-api-2.13.3.jar, java.vm.vendor=Oracle Corporation, sun.arch.data.model=64, user.variant=, java.vendor.url=http://java.oracle.com/, user.timezone=Europe/Athens, os.name=Windows 10, java.vm.specification.version=11, user.country=US, sun.java.launcher=SUN_STANDARD, sun.boot.library.path=C:\Program Files\Java\jdk-11.0.6\bin, sun.java.command=worker.org.gradle.process.internal.worker.GradleWorkerMain 'Gradle Test Executor 3', jdk.debug=release, sun.cpu.endian=little, user.home=C:\Users\Dan, user.language=en, java.specification.vendor=Oracle Corporation, org.gradle.native=false, java.version.date=2020-01-14, java.home=C:\Program Files\Java\jdk-11.0.6, file.separator=\, java.vm.compressedOopsMode=32-bit, line.separator=
, java.specification.name=Java Platform API Specification, java.vm.specification.vendor=Oracle Corporation, java.awt.graphicsenv=sun.awt.Win32GraphicsEnvironment, hibernate.hbm2ddl.auto=update, user.script=, sun.management.compiler=HotSpot 64-Bit Tiered Compilers, java.runtime.version=11.0.6+8-LTS, user.name=Dan, path.separator=;, hibernate.connection.username=****, os.version=10.0, hibernate.enable_lazy_load_no_trans=true, java.runtime.name=Java(TM) SE Runtime Environment, hibernate.connection.url=jdbc:sqlite:D:\Facultate\Projects\OrganizareCompanie\database, file.encoding=windows-1250, java.vm.name=Java HotSpot(TM) 64-Bit Server VM, hibernate.show_sql=true, java.vendor.version=18.9, hibernate.current_session_context_class=thread, hibernate.connection.driver_class=org.sqlite.JDBC, java.vendor.url.bug=http://bugreport.java.com/bugreport/, java.io.tmpdir=C:\Users\Dan\AppData\Local\Temp\, java.version=11.0.6, user.dir=D:\Facultate\Projects\OrganizareCompanie, os.arch=amd64, java.vm.specification.name=Java Virtual Machine Specification, java.awt.printerjob=sun.awt.windows.WPrinterJob, hibernate.connection.password=****, sun.os.patch.level=, connection.driver_class=org.sqlite.JDBC, hibernate.boot.CfgXmlAccessService.key=org.hibernate.boot.cfgxml.spi.LoadedConfig@65d023c2, java.library.path=C:\Program Files\Java\jdk-11.0.6\bin;C:\WINDOWS\Sun\Java\bin;C:\WINDOWS\system32;C:\WINDOWS;;C:\Python38\Scripts\;C:\Python38\;D:\Facultate\Scripts\;D:\Facultate\;C:\Users\Dan\Desktop\Facultate 2018-2019\Semestrul I\Fundamentele programarii\Python\Scripts\;C:\Users\Dan\Desktop\Facultate 2018-2019\Semestrul I\Fundamentele programarii\Python\;C:\Users\Dan\Desktop\Facultate 2018-2019\Semestrul I\Fundamentele programarii\Scripts\;C:\Users\Dan\Desktop\Facultate 2018-2019\Semestrul I\Fundamentele programarii\;C:\WINDOWS\system32;C:\WINDOWS;C:\WINDOWS\System32\Wbem;C:\WINDOWS\System32\WindowsPowerShell\v1.0\;C:\WINDOWS\System32\OpenSSH\;D:\Facultate\PuTTY\;C:\Program Files\dotnet\;C:\Program Files\Microsoft SQL Server\Client SDK\ODBC\170\Tools\Binn\;C:\Users\Dan\Proto\bin;D:\Facultate\NodeJS\;C:\ProgramData\chocolatey\bin;C:\Program Files\Git\cmd;C:\Program Files\Java\jdk-10.0.2\bin;C:\Program Files (x86)\GnuWin32\bin;C:\MinGW\bin;C:\Program Files\Java\jdk-11.0.6\bin;C:\WINDOWS\system32;C:\WINDOWS;C:\WINDOWS\System32\Wbem;C:\WINDOWS\System32\WindowsPowerShell\v1.0\;C:\WINDOWS\System32\OpenSSH\;C:\Program Files\Intel\WiFi\bin\;C:\Program Files\Common Files\Intel\WirelessCommon\;D:\Facultate\Python\Scripts\;D:\Facultate\Python\;C:\Users\Dan\AppData\Local\Microsoft\WindowsApps;C:\Users\Dan\AppData\Local\GitHubDesktop\bin;C:\Users\Dan\AppData\Roaming\npm;D:\Facultate\Microsoft VS Code\bin;C:\Users\Dan\AppData\Local\Microsoft\WindowsApps;C:\Users\Dan\Documents\driver;;., java.vendor=Oracle Corporation, java.vm.info=mixed mode, java.vm.version=11.0.6+8-LTS, hibernate.bytecode.use_reflection_optimizer=false, sun.io.unicode.encoding=UnicodeLittle, hibernate.connection.pool_size=1, connection.url=jdbc:sqlite:D:\Facultate\Projects\OrganizareCompanie\database, java.class.version=55.0}
21:22:57.791 [Test worker] DEBUG org.hibernate.secure.spi.JaccIntegrator - Skipping JACC integration as it was not enabled
21:22:57.791 [Test worker] DEBUG org.hibernate.internal.SessionFactoryImpl - Instantiated session factory
21:22:57.791 [Test worker] DEBUG org.hibernate.type.spi.TypeConfiguration$Scope - Scoping TypeConfiguration [org.hibernate.type.spi.TypeConfiguration@2ac099d0] to SessionFactoryImpl [org.hibernate.internal.SessionFactoryImpl@1306bfc8]
21:22:57.854 [Test worker] DEBUG org.hibernate.boot.internal.ClassLoaderAccessImpl - Not known whether passed class name [domain.Functie] is safe
21:22:57.854 [Test worker] DEBUG org.hibernate.boot.internal.ClassLoaderAccessImpl - No temp ClassLoader provided; using live ClassLoader for loading potentially unsafe class : domain.Functie
21:22:58.057 [Test worker] DEBUG org.hibernate.boot.internal.ClassLoaderAccessImpl - Not known whether passed class name [domain.Departament] is safe
21:22:58.057 [Test worker] DEBUG org.hibernate.boot.internal.ClassLoaderAccessImpl - No temp ClassLoader provided; using live ClassLoader for loading potentially unsafe class : domain.Departament
21:22:58.073 [Test worker] DEBUG org.hibernate.boot.internal.ClassLoaderAccessImpl - Not known whether passed class name [domain.Angajat] is safe
21:22:58.073 [Test worker] DEBUG org.hibernate.boot.internal.ClassLoaderAccessImpl - No temp ClassLoader provided; using live ClassLoader for loading potentially unsafe class : domain.Angajat
21:22:58.088 [Test worker] DEBUG org.hibernate.boot.internal.ClassLoaderAccessImpl - Not known whether passed class name [domain.Proiect] is safe
21:22:58.088 [Test worker] DEBUG org.hibernate.boot.internal.ClassLoaderAccessImpl - No temp ClassLoader provided; using live ClassLoader for loading potentially unsafe class : domain.Proiect
21:22:58.104 [Test worker] DEBUG org.hibernate.boot.internal.ClassLoaderAccessImpl - Not known whether passed class name [domain.Concediu] is safe
21:22:58.104 [Test worker] DEBUG org.hibernate.boot.internal.ClassLoaderAccessImpl - No temp ClassLoader provided; using live ClassLoader for loading potentially unsafe class : domain.Concediu
21:22:58.119 [Test worker] DEBUG org.hibernate.persister.collection.AbstractCollectionPersister - Static SQL for collection: domain.Angajat.proiecte
21:22:58.119 [Test worker] DEBUG org.hibernate.persister.collection.AbstractCollectionPersister -  Row insert: insert into angajati_proiecte (id_angajat, id_proiect) values (?, ?)
21:22:58.119 [Test worker] DEBUG org.hibernate.persister.collection.AbstractCollectionPersister -  Row update: update angajati_proiecte set id_proiect=? where id_angajat=? and id_proiect=?
21:22:58.119 [Test worker] DEBUG org.hibernate.persister.collection.AbstractCollectionPersister -  Row delete: delete from angajati_proiecte where id_angajat=? and id_proiect=?
21:22:58.119 [Test worker] DEBUG org.hibernate.persister.collection.AbstractCollectionPersister -  One-shot delete: delete from angajati_proiecte where id_angajat=?
21:22:58.119 [Test worker] DEBUG org.hibernate.persister.collection.AbstractCollectionPersister - Static SQL for collection: domain.Angajat.concedii
21:22:58.119 [Test worker] DEBUG org.hibernate.persister.collection.AbstractCollectionPersister -  Row insert: update concedii set id_angajat=? where id=?
21:22:58.119 [Test worker] DEBUG org.hibernate.persister.collection.AbstractCollectionPersister -  Row update: update concedii set  where id=?
21:22:58.119 [Test worker] DEBUG org.hibernate.persister.collection.AbstractCollectionPersister -  Row delete: update concedii set id_angajat=null where id_angajat=? and id=?
21:22:58.119 [Test worker] DEBUG org.hibernate.persister.collection.AbstractCollectionPersister -  One-shot delete: update concedii set id_angajat=null where id_angajat=?
21:22:58.119 [Test worker] DEBUG org.hibernate.persister.collection.AbstractCollectionPersister - Static SQL for collection: domain.Angajat.departamente
21:22:58.119 [Test worker] DEBUG org.hibernate.persister.collection.AbstractCollectionPersister -  Row insert: insert into angajati_departamente (id_angajat, id_departament) values (?, ?)
21:22:58.119 [Test worker] DEBUG org.hibernate.persister.collection.AbstractCollectionPersister -  Row update: update angajati_departamente set id_departament=? where id_angajat=? and id_departament=?
21:22:58.119 [Test worker] DEBUG org.hibernate.persister.collection.AbstractCollectionPersister -  Row delete: delete from angajati_departamente where id_angajat=? and id_departament=?
21:22:58.119 [Test worker] DEBUG org.hibernate.persister.collection.AbstractCollectionPersister -  One-shot delete: delete from angajati_departamente where id_angajat=?
21:22:58.135 [Test worker] DEBUG org.hibernate.persister.entity.AbstractEntityPersister - Static SQL for entity: domain.Functie
21:22:58.135 [Test worker] DEBUG org.hibernate.persister.entity.AbstractEntityPersister -  Version select: select id from functii where id =?
21:22:58.135 [Test worker] DEBUG org.hibernate.persister.entity.AbstractEntityPersister -  Snapshot select: select functie_.id, functie_.salar_de_baza as salar_de2_5_ from functii functie_ where functie_.id=?
21:22:58.135 [Test worker] DEBUG org.hibernate.persister.entity.AbstractEntityPersister -  Insert 0: insert into functii (salar_de_baza, id) values (?, ?)
21:22:58.135 [Test worker] DEBUG org.hibernate.persister.entity.AbstractEntityPersister -  Update 0: update functii set salar_de_baza=? where id=?
21:22:58.135 [Test worker] DEBUG org.hibernate.persister.entity.AbstractEntityPersister -  Delete 0: delete from functii where id=?
21:22:58.135 [Test worker] DEBUG org.hibernate.persister.entity.AbstractEntityPersister -  Identity insert: insert into functii (salar_de_baza) values (?)
21:22:58.151 [Test worker] DEBUG org.hibernate.loader.plan.build.internal.spaces.QuerySpacesImpl - Adding QuerySpace : uid = <gen:0> -> org.hibernate.loader.plan.build.internal.spaces.EntityQuerySpaceImpl@3cd72924]
21:22:58.151 [Test worker] DEBUG org.hibernate.persister.walking.spi.MetamodelGraphWalker - Visiting attribute path : salarDeBaza
21:22:58.151 [Test worker] DEBUG org.hibernate.loader.plan.build.internal.FetchStyleLoadPlanBuildingAssociationVisitationStrategy - Building LoadPlan...
21:22:58.166 [Test worker] DEBUG org.hibernate.loader.plan.exec.internal.LoadQueryJoinAndFetchProcessor - processing queryspace <gen:0>
21:22:58.166 [Test worker] DEBUG org.hibernate.loader.plan.build.spi.LoadPlanTreePrinter - LoadPlan(entity=domain.Functie)
    - Returns
       - EntityReturnImpl(entity=domain.Functie, querySpaceUid=<gen:0>, path=domain.Functie)
    - QuerySpaces
       - EntityQuerySpaceImpl(uid=<gen:0>, entity=domain.Functie)
          - SQL table alias mapping - functie0_
          - alias suffix - 0_
          - suffixed key columns - {id1_5_0_}

21:22:58.166 [Test worker] DEBUG org.hibernate.loader.entity.plan.EntityLoader - Static select for entity domain.Functie [NONE]: select functie0_.id as id1_5_0_, functie0_.salar_de_baza as salar_de2_5_0_ from functii functie0_ where functie0_.id=?
21:22:58.166 [Test worker] DEBUG org.hibernate.persister.entity.AbstractEntityPersister - Static SQL for entity: domain.Departament
21:22:58.166 [Test worker] DEBUG org.hibernate.persister.entity.AbstractEntityPersister -  Version select: select id from departamente where id =?
21:22:58.166 [Test worker] DEBUG org.hibernate.persister.entity.AbstractEntityPersister -  Snapshot select: select departamen_.id, departamen_.id_director as id_direc2_4_ from departamente departamen_ where departamen_.id=?
21:22:58.166 [Test worker] DEBUG org.hibernate.persister.entity.AbstractEntityPersister -  Insert 0: insert into departamente (id_director, id) values (?, ?)
21:22:58.166 [Test worker] DEBUG org.hibernate.persister.entity.AbstractEntityPersister -  Update 0: update departamente set id_director=? where id=?
21:22:58.166 [Test worker] DEBUG org.hibernate.persister.entity.AbstractEntityPersister -  Delete 0: delete from departamente where id=?
21:22:58.166 [Test worker] DEBUG org.hibernate.persister.entity.AbstractEntityPersister -  Identity insert: insert into departamente (id_director) values (?)
21:22:58.166 [Test worker] DEBUG org.hibernate.loader.plan.build.internal.spaces.QuerySpacesImpl - Adding QuerySpace : uid = <gen:0> -> org.hibernate.loader.plan.build.internal.spaces.EntityQuerySpaceImpl@4d26e9c5]
21:22:58.166 [Test worker] DEBUG org.hibernate.persister.walking.spi.MetamodelGraphWalker - Visiting attribute path : idDirector
21:22:58.166 [Test worker] DEBUG org.hibernate.loader.plan.build.internal.FetchStyleLoadPlanBuildingAssociationVisitationStrategy - Building LoadPlan...
21:22:58.166 [Test worker] DEBUG org.hibernate.loader.plan.exec.internal.LoadQueryJoinAndFetchProcessor - processing queryspace <gen:0>
21:22:58.166 [Test worker] DEBUG org.hibernate.loader.plan.build.spi.LoadPlanTreePrinter - LoadPlan(entity=domain.Departament)
    - Returns
       - EntityReturnImpl(entity=domain.Departament, querySpaceUid=<gen:0>, path=domain.Departament)
    - QuerySpaces
       - EntityQuerySpaceImpl(uid=<gen:0>, entity=domain.Departament)
          - SQL table alias mapping - departamen0_
          - alias suffix - 0_
          - suffixed key columns - {id1_4_0_}

21:22:58.166 [Test worker] DEBUG org.hibernate.loader.entity.plan.EntityLoader - Static select for entity domain.Departament [NONE]: select departamen0_.id as id1_4_0_, departamen0_.id_director as id_direc2_4_0_ from departamente departamen0_ where departamen0_.id=?
21:22:58.166 [Test worker] DEBUG org.hibernate.persister.entity.AbstractEntityPersister - Static SQL for entity: domain.Angajat
21:22:58.166 [Test worker] DEBUG org.hibernate.persister.entity.AbstractEntityPersister -  Version select: select id from angajati where id =?
21:22:58.166 [Test worker] DEBUG org.hibernate.persister.entity.AbstractEntityPersister -  Snapshot select: select angajat_.id, angajat_.data_angajare as data_ang2_0_, angajat_.functie_id as functie_4_0_, angajat_.id_superior as id_super3_0_ from angajati angajat_ where angajat_.id=?
21:22:58.166 [Test worker] DEBUG org.hibernate.persister.entity.AbstractEntityPersister -  Insert 0: insert into angajati (data_angajare, functie_id, id_superior, id) values (?, ?, ?, ?)
21:22:58.166 [Test worker] DEBUG org.hibernate.persister.entity.AbstractEntityPersister -  Update 0: update angajati set data_angajare=?, functie_id=?, id_superior=? where id=?
21:22:58.166 [Test worker] DEBUG org.hibernate.persister.entity.AbstractEntityPersister -  Delete 0: delete from angajati where id=?
21:22:58.166 [Test worker] DEBUG org.hibernate.persister.entity.AbstractEntityPersister -  Identity insert: insert into angajati (data_angajare, functie_id, id_superior) values (?, ?, ?)
21:22:58.166 [Test worker] DEBUG org.hibernate.loader.plan.build.internal.spaces.QuerySpacesImpl - Adding QuerySpace : uid = <gen:0> -> org.hibernate.loader.plan.build.internal.spaces.EntityQuerySpaceImpl@1faf9a81]
21:22:58.166 [Test worker] DEBUG org.hibernate.persister.walking.spi.MetamodelGraphWalker - Visiting attribute path : concedii
21:22:58.182 [Test worker] DEBUG org.hibernate.loader.plan.build.internal.spaces.QuerySpacesImpl - Adding QuerySpace : uid = <gen:1> -> org.hibernate.loader.plan.build.internal.spaces.CollectionQuerySpaceImpl@6278ac97]
21:22:58.182 [Test worker] DEBUG org.hibernate.loader.plan.build.internal.spaces.QuerySpacesImpl - Adding QuerySpace : uid = <gen:2> -> org.hibernate.loader.plan.build.internal.spaces.EntityQuerySpaceImpl@4300de73]
21:22:58.182 [Test worker] DEBUG org.hibernate.persister.walking.spi.MetamodelGraphWalker - Visiting attribute path : dataAngajare
21:22:58.182 [Test worker] DEBUG org.hibernate.persister.walking.spi.MetamodelGraphWalker - Visiting attribute path : departamente
21:22:58.182 [Test worker] DEBUG org.hibernate.loader.plan.build.internal.spaces.QuerySpacesImpl - Adding QuerySpace : uid = <gen:3> -> org.hibernate.loader.plan.build.internal.spaces.CollectionQuerySpaceImpl@6689a138]
21:22:58.182 [Test worker] DEBUG org.hibernate.loader.plan.build.internal.spaces.QuerySpacesImpl - Adding QuerySpace : uid = <gen:4> -> org.hibernate.loader.plan.build.internal.spaces.EntityQuerySpaceImpl@7a77dd05]
21:22:58.182 [Test worker] DEBUG org.hibernate.persister.walking.spi.MetamodelGraphWalker - Visiting attribute path : functie
21:22:58.182 [Test worker] DEBUG org.hibernate.loader.plan.build.internal.spaces.QuerySpacesImpl - Adding QuerySpace : uid = <gen:5> -> org.hibernate.loader.plan.build.internal.spaces.EntityQuerySpaceImpl@49d2087f]
21:22:58.182 [Test worker] DEBUG org.hibernate.persister.walking.spi.MetamodelGraphWalker - Visiting attribute path : functie.salarDeBaza
21:22:58.182 [Test worker] DEBUG org.hibernate.persister.walking.spi.MetamodelGraphWalker - Visiting attribute path : idSuperior
21:22:58.182 [Test worker] DEBUG org.hibernate.persister.walking.spi.MetamodelGraphWalker - Visiting attribute path : proiecte
21:22:58.182 [Test worker] DEBUG org.hibernate.loader.plan.build.internal.spaces.QuerySpacesImpl - Adding QuerySpace : uid = <gen:6> -> org.hibernate.loader.plan.build.internal.spaces.CollectionQuerySpaceImpl@712474e4]
21:22:58.182 [Test worker] DEBUG org.hibernate.loader.plan.build.internal.spaces.QuerySpacesImpl - Adding QuerySpace : uid = <gen:7> -> org.hibernate.loader.plan.build.internal.spaces.EntityQuerySpaceImpl@2c33c3a5]
21:22:58.182 [Test worker] DEBUG org.hibernate.loader.plan.build.internal.FetchStyleLoadPlanBuildingAssociationVisitationStrategy - Building LoadPlan...
21:22:58.182 [Test worker] DEBUG org.hibernate.loader.plan.exec.internal.LoadQueryJoinAndFetchProcessor - processing queryspace <gen:0>
21:22:58.182 [Test worker] DEBUG org.hibernate.loader.plan.build.spi.LoadPlanTreePrinter - LoadPlan(entity=domain.Angajat)
    - Returns
       - EntityReturnImpl(entity=domain.Angajat, querySpaceUid=<gen:0>, path=domain.Angajat)
          - CollectionAttributeFetchImpl(collection=domain.Angajat.concedii, querySpaceUid=<gen:1>, path=domain.Angajat.concedii)
             - (collection element) CollectionFetchableElementEntityGraph(entity=domain.Concediu, querySpaceUid=<gen:2>, path=domain.Angajat.concedii.<elements>)
          - CollectionAttributeFetchImpl(collection=domain.Angajat.departamente, querySpaceUid=<gen:3>, path=domain.Angajat.departamente)
             - (collection element) CollectionFetchableElementEntityGraph(entity=domain.Departament, querySpaceUid=<gen:4>, path=domain.Angajat.departamente.<elements>)
          - EntityAttributeFetchImpl(entity=domain.Functie, querySpaceUid=<gen:5>, path=domain.Angajat.functie)
          - CollectionAttributeFetchImpl(collection=domain.Angajat.proiecte, querySpaceUid=<gen:6>, path=domain.Angajat.proiecte)
             - (collection element) CollectionFetchableElementEntityGraph(entity=domain.Proiect, querySpaceUid=<gen:7>, path=domain.Angajat.proiecte.<elements>)
    - QuerySpaces
       - EntityQuerySpaceImpl(uid=<gen:0>, entity=domain.Angajat)
          - SQL table alias mapping - angajat0_
          - alias suffix - 0_
          - suffixed key columns - {id1_0_0_}
          - JOIN (JoinDefinedByMetadata(functie)) : <gen:0> -> <gen:5>
             - EntityQuerySpaceImpl(uid=<gen:5>, entity=domain.Functie)
                - SQL table alias mapping - functie1_
                - alias suffix - 1_
                - suffixed key columns - {id1_5_1_}

21:22:58.182 [Test worker] DEBUG org.hibernate.loader.entity.plan.EntityLoader - Static select for entity domain.Angajat [NONE]: select angajat0_.id as id1_0_0_, angajat0_.data_angajare as data_ang2_0_0_, angajat0_.functie_id as functie_4_0_0_, angajat0_.id_superior as id_super3_0_0_, functie1_.id as id1_5_1_, functie1_.salar_de_baza as salar_de2_5_1_ from angajati angajat0_ left outer join functii functie1_ on angajat0_.functie_id=functie1_.id where angajat0_.id=?
21:22:58.182 [Test worker] DEBUG org.hibernate.persister.entity.AbstractEntityPersister - Static SQL for entity: domain.Proiect
21:22:58.182 [Test worker] DEBUG org.hibernate.persister.entity.AbstractEntityPersister -  Version select: select id from proiecte where id =?
21:22:58.182 [Test worker] DEBUG org.hibernate.persister.entity.AbstractEntityPersister -  Snapshot select: select proiect_.id, proiect_.data_inceput as data_inc2_6_, proiect_.deadline as deadline3_6_ from proiecte proiect_ where proiect_.id=?
21:22:58.182 [Test worker] DEBUG org.hibernate.persister.entity.AbstractEntityPersister -  Insert 0: insert into proiecte (data_inceput, deadline, id) values (?, ?, ?)
21:22:58.182 [Test worker] DEBUG org.hibernate.persister.entity.AbstractEntityPersister -  Update 0: update proiecte set data_inceput=?, deadline=? where id=?
21:22:58.182 [Test worker] DEBUG org.hibernate.persister.entity.AbstractEntityPersister -  Delete 0: delete from proiecte where id=?
21:22:58.182 [Test worker] DEBUG org.hibernate.persister.entity.AbstractEntityPersister -  Identity insert: insert into proiecte (data_inceput, deadline) values (?, ?)
21:22:58.182 [Test worker] DEBUG org.hibernate.loader.plan.build.internal.spaces.QuerySpacesImpl - Adding QuerySpace : uid = <gen:0> -> org.hibernate.loader.plan.build.internal.spaces.EntityQuerySpaceImpl@4f1e5931]
21:22:58.182 [Test worker] DEBUG org.hibernate.persister.walking.spi.MetamodelGraphWalker - Visiting attribute path : dataInceput
21:22:58.182 [Test worker] DEBUG org.hibernate.persister.walking.spi.MetamodelGraphWalker - Visiting attribute path : deadline
21:22:58.182 [Test worker] DEBUG org.hibernate.loader.plan.build.internal.FetchStyleLoadPlanBuildingAssociationVisitationStrategy - Building LoadPlan...
21:22:58.182 [Test worker] DEBUG org.hibernate.loader.plan.exec.internal.LoadQueryJoinAndFetchProcessor - processing queryspace <gen:0>
21:22:58.182 [Test worker] DEBUG org.hibernate.loader.plan.build.spi.LoadPlanTreePrinter - LoadPlan(entity=domain.Proiect)
    - Returns
       - EntityReturnImpl(entity=domain.Proiect, querySpaceUid=<gen:0>, path=domain.Proiect)
    - QuerySpaces
       - EntityQuerySpaceImpl(uid=<gen:0>, entity=domain.Proiect)
          - SQL table alias mapping - proiect0_
          - alias suffix - 0_
          - suffixed key columns - {id1_6_0_}

21:22:58.182 [Test worker] DEBUG org.hibernate.loader.entity.plan.EntityLoader - Static select for entity domain.Proiect [NONE]: select proiect0_.id as id1_6_0_, proiect0_.data_inceput as data_inc2_6_0_, proiect0_.deadline as deadline3_6_0_ from proiecte proiect0_ where proiect0_.id=?
21:22:58.182 [Test worker] DEBUG org.hibernate.persister.entity.AbstractEntityPersister - Static SQL for entity: domain.Concediu
21:22:58.182 [Test worker] DEBUG org.hibernate.persister.entity.AbstractEntityPersister -  Version select: select id from concedii where id =?
21:22:58.182 [Test worker] DEBUG org.hibernate.persister.entity.AbstractEntityPersister -  Snapshot select: select concediu_.id, concediu_.id_angajat as id_angaj4_3_, concediu_.data_inceput as data_inc2_3_, concediu_.data_sfarsit as data_sfa3_3_ from concedii concediu_ where concediu_.id=?
21:22:58.182 [Test worker] DEBUG org.hibernate.persister.entity.AbstractEntityPersister -  Insert 0: insert into concedii (id_angajat, data_inceput, data_sfarsit, id) values (?, ?, ?, ?)
21:22:58.182 [Test worker] DEBUG org.hibernate.persister.entity.AbstractEntityPersister -  Update 0: update concedii set id_angajat=?, data_inceput=?, data_sfarsit=? where id=?
21:22:58.182 [Test worker] DEBUG org.hibernate.persister.entity.AbstractEntityPersister -  Delete 0: delete from concedii where id=?
21:22:58.182 [Test worker] DEBUG org.hibernate.persister.entity.AbstractEntityPersister -  Identity insert: insert into concedii (id_angajat, data_inceput, data_sfarsit) values (?, ?, ?)
21:22:58.182 [Test worker] DEBUG org.hibernate.loader.plan.build.internal.spaces.QuerySpacesImpl - Adding QuerySpace : uid = <gen:0> -> org.hibernate.loader.plan.build.internal.spaces.EntityQuerySpaceImpl@23f923a9]
21:22:58.182 [Test worker] DEBUG org.hibernate.persister.walking.spi.MetamodelGraphWalker - Visiting attribute path : angajat
21:22:58.182 [Test worker] DEBUG org.hibernate.loader.plan.build.internal.spaces.QuerySpacesImpl - Adding QuerySpace : uid = <gen:1> -> org.hibernate.loader.plan.build.internal.spaces.EntityQuerySpaceImpl@77e65fd3]
21:22:58.182 [Test worker] DEBUG org.hibernate.persister.walking.spi.MetamodelGraphWalker - Visiting attribute path : dataInceput
21:22:58.182 [Test worker] DEBUG org.hibernate.persister.walking.spi.MetamodelGraphWalker - Visiting attribute path : dataSfarsit
21:22:58.182 [Test worker] DEBUG org.hibernate.loader.plan.build.internal.FetchStyleLoadPlanBuildingAssociationVisitationStrategy - Building LoadPlan...
21:22:58.182 [Test worker] DEBUG org.hibernate.loader.plan.exec.internal.LoadQueryJoinAndFetchProcessor - processing queryspace <gen:0>
21:22:58.182 [Test worker] DEBUG org.hibernate.loader.plan.build.spi.LoadPlanTreePrinter - LoadPlan(entity=domain.Concediu)
    - Returns
       - EntityReturnImpl(entity=domain.Concediu, querySpaceUid=<gen:0>, path=domain.Concediu)
          - EntityAttributeFetchImpl(entity=domain.Angajat, querySpaceUid=<gen:1>, path=domain.Concediu.angajat)
    - QuerySpaces
       - EntityQuerySpaceImpl(uid=<gen:0>, entity=domain.Concediu)
          - SQL table alias mapping - concediu0_
          - alias suffix - 0_
          - suffixed key columns - {id1_3_0_}

21:22:58.182 [Test worker] DEBUG org.hibernate.loader.entity.plan.EntityLoader - Static select for entity domain.Concediu [NONE]: select concediu0_.id as id1_3_0_, concediu0_.id_angajat as id_angaj4_3_0_, concediu0_.data_inceput as data_inc2_3_0_, concediu0_.data_sfarsit as data_sfa3_3_0_ from concedii concediu0_ where concediu0_.id=?
21:22:58.182 [Test worker] DEBUG org.hibernate.loader.plan.build.internal.spaces.QuerySpacesImpl - Adding QuerySpace : uid = <gen:0> -> org.hibernate.loader.plan.build.internal.spaces.CollectionQuerySpaceImpl@6ec84d36]
21:22:58.182 [Test worker] DEBUG org.hibernate.loader.plan.build.internal.spaces.QuerySpacesImpl - Adding QuerySpace : uid = <gen:1> -> org.hibernate.loader.plan.build.internal.spaces.EntityQuerySpaceImpl@d18102b]
21:22:58.182 [Test worker] DEBUG org.hibernate.persister.walking.spi.MetamodelGraphWalker - Visiting attribute path : dataInceput
21:22:58.182 [Test worker] DEBUG org.hibernate.persister.walking.spi.MetamodelGraphWalker - Visiting attribute path : deadline
21:22:58.182 [Test worker] DEBUG org.hibernate.loader.plan.build.internal.FetchStyleLoadPlanBuildingAssociationVisitationStrategy - Building LoadPlan...
21:22:58.198 [Test worker] DEBUG org.hibernate.loader.plan.exec.internal.LoadQueryJoinAndFetchProcessor - processing queryspace <gen:0>
21:22:58.198 [Test worker] DEBUG org.hibernate.loader.plan.build.spi.LoadPlanTreePrinter - LoadPlan(collection=domain.Angajat.proiecte)
    - Returns
       - CollectionReturnImpl(collection=domain.Angajat.proiecte, querySpaceUid=<gen:0>, path=[domain.Angajat.proiecte])
          - (collection element) CollectionFetchableElementEntityGraph(entity=domain.Proiect, querySpaceUid=<gen:1>, path=[domain.Angajat.proiecte].<elements>)
    - QuerySpaces
       - CollectionQuerySpaceImpl(uid=<gen:0>, collection=domain.Angajat.proiecte)
          - SQL table alias mapping - proiecte0_
          - alias suffix - 0_
          - suffixed key columns - {id_angaj1_2_0_}
          - entity-element alias suffix - 1_
          - 1_entity-element suffixed key columns - id1_6_1_
          - JOIN (JoinDefinedByMetadata(elements)) : <gen:0> -> <gen:1>
             - EntityQuerySpaceImpl(uid=<gen:1>, entity=domain.Proiect)
                - SQL table alias mapping - proiect1_
                - alias suffix - 1_
                - suffixed key columns - {id1_6_1_}

21:22:58.198 [Test worker] DEBUG org.hibernate.loader.collection.plan.CollectionLoader - Static select for collection domain.Angajat.proiecte: select proiecte0_.id_angajat as id_angaj1_2_0_, proiecte0_.id_proiect as id_proie2_2_0_, proiect1_.id as id1_6_1_, proiect1_.data_inceput as data_inc2_6_1_, proiect1_.deadline as deadline3_6_1_ from angajati_proiecte proiecte0_ inner join proiecte proiect1_ on proiecte0_.id_proiect=proiect1_.id where proiecte0_.id_angajat=?
21:22:58.198 [Test worker] DEBUG org.hibernate.loader.plan.build.internal.spaces.QuerySpacesImpl - Adding QuerySpace : uid = <gen:0> -> org.hibernate.loader.plan.build.internal.spaces.CollectionQuerySpaceImpl@25c4bb63]
21:22:58.198 [Test worker] DEBUG org.hibernate.loader.plan.build.internal.spaces.QuerySpacesImpl - Adding QuerySpace : uid = <gen:1> -> org.hibernate.loader.plan.build.internal.spaces.EntityQuerySpaceImpl@d5ce7f5]
21:22:58.198 [Test worker] DEBUG org.hibernate.persister.walking.spi.MetamodelGraphWalker - Visiting attribute path : angajat
21:22:58.198 [Test worker] DEBUG org.hibernate.persister.walking.spi.MetamodelGraphWalker - Property path deemed to be circular : angajat
21:22:58.198 [Test worker] DEBUG org.hibernate.persister.walking.spi.MetamodelGraphWalker - Visiting attribute path : dataInceput
21:22:58.198 [Test worker] DEBUG org.hibernate.persister.walking.spi.MetamodelGraphWalker - Visiting attribute path : dataSfarsit
21:22:58.198 [Test worker] DEBUG org.hibernate.loader.plan.build.internal.FetchStyleLoadPlanBuildingAssociationVisitationStrategy - Building LoadPlan...
21:22:58.198 [Test worker] DEBUG org.hibernate.loader.plan.exec.internal.LoadQueryJoinAndFetchProcessor - processing queryspace <gen:0>
21:22:58.198 [Test worker] DEBUG org.hibernate.loader.plan.build.spi.LoadPlanTreePrinter - LoadPlan(collection=domain.Angajat.concedii)
    - Returns
       - CollectionReturnImpl(collection=domain.Angajat.concedii, querySpaceUid=<gen:0>, path=[domain.Angajat.concedii])
          - (collection element) CollectionFetchableElementEntityGraph(entity=domain.Concediu, querySpaceUid=<gen:1>, path=[domain.Angajat.concedii].<elements>)
    - QuerySpaces
       - CollectionQuerySpaceImpl(uid=<gen:0>, collection=domain.Angajat.concedii)
          - SQL table alias mapping - concedii0_
          - alias suffix - 0_
          - suffixed key columns - {id_angaj4_3_0_}
          - entity-element alias suffix - 1_
          - 1_entity-element suffixed key columns - id1_3_1_
          - JOIN (JoinDefinedByMetadata(elements)) : <gen:0> -> <gen:1>
             - EntityQuerySpaceImpl(uid=<gen:1>, entity=domain.Concediu)
                - SQL table alias mapping - concedii0_
                - alias suffix - 1_
                - suffixed key columns - {id1_3_1_}

21:22:58.198 [Test worker] DEBUG org.hibernate.loader.collection.plan.CollectionLoader - Static select for collection domain.Angajat.concedii: select concedii0_.id_angajat as id_angaj4_3_0_, concedii0_.id as id1_3_0_, concedii0_.id as id1_3_1_, concedii0_.id_angajat as id_angaj4_3_1_, concedii0_.data_inceput as data_inc2_3_1_, concedii0_.data_sfarsit as data_sfa3_3_1_ from concedii concedii0_ where concedii0_.id_angajat=?
21:22:58.198 [Test worker] DEBUG org.hibernate.loader.plan.build.internal.spaces.QuerySpacesImpl - Adding QuerySpace : uid = <gen:0> -> org.hibernate.loader.plan.build.internal.spaces.CollectionQuerySpaceImpl@e7b3601]
21:22:58.198 [Test worker] DEBUG org.hibernate.loader.plan.build.internal.spaces.QuerySpacesImpl - Adding QuerySpace : uid = <gen:1> -> org.hibernate.loader.plan.build.internal.spaces.EntityQuerySpaceImpl@79ae6b99]
21:22:58.198 [Test worker] DEBUG org.hibernate.persister.walking.spi.MetamodelGraphWalker - Visiting attribute path : idDirector
21:22:58.198 [Test worker] DEBUG org.hibernate.loader.plan.build.internal.FetchStyleLoadPlanBuildingAssociationVisitationStrategy - Building LoadPlan...
21:22:58.198 [Test worker] DEBUG org.hibernate.loader.plan.exec.internal.LoadQueryJoinAndFetchProcessor - processing queryspace <gen:0>
21:22:58.198 [Test worker] DEBUG org.hibernate.loader.plan.build.spi.LoadPlanTreePrinter - LoadPlan(collection=domain.Angajat.departamente)
    - Returns
       - CollectionReturnImpl(collection=domain.Angajat.departamente, querySpaceUid=<gen:0>, path=[domain.Angajat.departamente])
          - (collection element) CollectionFetchableElementEntityGraph(entity=domain.Departament, querySpaceUid=<gen:1>, path=[domain.Angajat.departamente].<elements>)
    - QuerySpaces
       - CollectionQuerySpaceImpl(uid=<gen:0>, collection=domain.Angajat.departamente)
          - SQL table alias mapping - departamen0_
          - alias suffix - 0_
          - suffixed key columns - {id_angaj1_1_0_}
          - entity-element alias suffix - 1_
          - 1_entity-element suffixed key columns - id1_4_1_
          - JOIN (JoinDefinedByMetadata(elements)) : <gen:0> -> <gen:1>
             - EntityQuerySpaceImpl(uid=<gen:1>, entity=domain.Departament)
                - SQL table alias mapping - departamen1_
                - alias suffix - 1_
                - suffixed key columns - {id1_4_1_}

21:22:58.198 [Test worker] DEBUG org.hibernate.loader.collection.plan.CollectionLoader - Static select for collection domain.Angajat.departamente: select departamen0_.id_angajat as id_angaj1_1_0_, departamen0_.id_departament as id_depar2_1_0_, departamen1_.id as id1_4_1_, departamen1_.id_director as id_direc2_4_1_ from angajati_departamente departamen0_ inner join departamente departamen1_ on departamen0_.id_departament=departamen1_.id where departamen0_.id_angajat=?
21:22:58.229 [Test worker] INFO org.hibernate.orm.connections.access - HHH10001501: Connection obtained from JdbcConnectionAccess [org.hibernate.engine.jdbc.env.internal.JdbcEnvironmentInitiator$ConnectionProviderJdbcConnectionAccess@1d8f9bcc] for (non-JTA) DDL execution was not in auto-commit mode; the Connection 'local transaction' will be committed and the Connection will be set into auto-commit mode.
21:22:58.244 [Test worker] DEBUG org.hibernate.mapping.Table - No alter strings for table : angajati
21:22:58.244 [Test worker] DEBUG org.hibernate.mapping.Table - No alter strings for table : angajati_departamente
21:22:58.244 [Test worker] DEBUG org.hibernate.mapping.Table - No alter strings for table : angajati_proiecte
21:22:58.244 [Test worker] DEBUG org.hibernate.mapping.Table - No alter strings for table : concedii
21:22:58.244 [Test worker] DEBUG org.hibernate.mapping.Table - No alter strings for table : departamente
21:22:58.244 [Test worker] DEBUG org.hibernate.mapping.Table - No alter strings for table : functii
21:22:58.244 [Test worker] DEBUG org.hibernate.mapping.Table - No alter strings for table : proiecte
21:22:58.244 [Test worker] DEBUG org.hibernate.query.spi.NamedQueryRepository - Checking 0 named HQL queries
21:22:58.244 [Test worker] DEBUG org.hibernate.query.spi.NamedQueryRepository - Checking 0 named SQL queries
21:22:58.260 [Test worker] DEBUG org.hibernate.internal.SessionFactoryRegistry - Initializing SessionFactoryRegistry : org.hibernate.internal.SessionFactoryRegistry@47b38ec9
21:22:58.260 [Test worker] DEBUG org.hibernate.internal.SessionFactoryRegistry - Registering SessionFactory: 775d0cdd-0340-4291-888e-f00f42eec0c6 (<unnamed>)
21:22:58.260 [Test worker] DEBUG org.hibernate.internal.SessionFactoryRegistry - Not binding SessionFactory to JNDI, no JNDI name configured
21:22:58.260 [Test worker] DEBUG org.hibernate.integrator.internal.IntegratorServiceImpl - Adding Integrator [org.hibernate.cfg.beanvalidation.BeanValidationIntegrator].
21:22:58.260 [Test worker] DEBUG org.hibernate.integrator.internal.IntegratorServiceImpl - Adding Integrator [org.hibernate.secure.spi.JaccIntegrator].
21:22:58.260 [Test worker] DEBUG org.hibernate.integrator.internal.IntegratorServiceImpl - Adding Integrator [org.hibernate.cache.internal.CollectionCacheInvalidator].
21:22:58.260 [Test worker] DEBUG org.hibernate.boot.jaxb.internal.stax.LocalXmlResourceResolver - Interpreting public/system identifier : [-//Hibernate/Hibernate Configuration DTD 3.0//EN] - [http://hibernate.org/dtd/hibernate-configuration-3.0.dtd]
21:22:58.291 [Test worker] DEBUG org.hibernate.boot.cfgxml.internal.JaxbCfgProcessor - cfg.xml document did not define namespaces; wrapping in custom event reader to introduce namespace information
21:22:58.307 [Test worker] DEBUG org.hibernate.service.spi.ServiceBinding - Overriding existing service binding [org.hibernate.secure.spi.JaccService]
21:22:58.307 [Test worker] DEBUG org.hibernate.cache.internal.RegionFactoryInitiator - Cannot default RegionFactory based on registered strategies as `[]` RegionFactory strategies were registered
21:22:58.307 [Test worker] DEBUG org.hibernate.cache.internal.RegionFactoryInitiator - Cache region factory : org.hibernate.cache.internal.NoCachingRegionFactory
21:22:58.307 [Test worker] DEBUG org.hibernate.type.BasicTypeRegistry - Adding type registration boolean -> org.hibernate.type.BooleanType@121b529f
21:22:58.307 [Test worker] DEBUG org.hibernate.type.BasicTypeRegistry - Adding type registration boolean -> org.hibernate.type.BooleanType@121b529f
21:22:58.307 [Test worker] DEBUG org.hibernate.type.BasicTypeRegistry - Adding type registration java.lang.Boolean -> org.hibernate.type.BooleanType@121b529f
21:22:58.307 [Test worker] DEBUG org.hibernate.type.BasicTypeRegistry - Adding type registration numeric_boolean -> org.hibernate.type.NumericBooleanType@7dc81433
21:22:58.307 [Test worker] DEBUG org.hibernate.type.BasicTypeRegistry - Adding type registration true_false -> org.hibernate.type.TrueFalseType@60c371da
21:22:58.307 [Test worker] DEBUG org.hibernate.type.BasicTypeRegistry - Adding type registration yes_no -> org.hibernate.type.YesNoType@51ef89fc
21:22:58.307 [Test worker] DEBUG org.hibernate.type.BasicTypeRegistry - Adding type registration byte -> org.hibernate.type.ByteType@1502feca
21:22:58.307 [Test worker] DEBUG org.hibernate.type.BasicTypeRegistry - Adding type registration byte -> org.hibernate.type.ByteType@1502feca
21:22:58.307 [Test worker] DEBUG org.hibernate.type.BasicTypeRegistry - Adding type registration java.lang.Byte -> org.hibernate.type.ByteType@1502feca
21:22:58.307 [Test worker] DEBUG org.hibernate.type.BasicTypeRegistry - Adding type registration character -> org.hibernate.type.CharacterType@5aca38b4
21:22:58.307 [Test worker] DEBUG org.hibernate.type.BasicTypeRegistry - Adding type registration char -> org.hibernate.type.CharacterType@5aca38b4
21:22:58.307 [Test worker] DEBUG org.hibernate.type.BasicTypeRegistry - Adding type registration java.lang.Character -> org.hibernate.type.CharacterType@5aca38b4
21:22:58.307 [Test worker] DEBUG org.hibernate.type.BasicTypeRegistry - Adding type registration short -> org.hibernate.type.ShortType@212db0b9
21:22:58.307 [Test worker] DEBUG org.hibernate.type.BasicTypeRegistry - Adding type registration short -> org.hibernate.type.ShortType@212db0b9
21:22:58.307 [Test worker] DEBUG org.hibernate.type.BasicTypeRegistry - Adding type registration java.lang.Short -> org.hibernate.type.ShortType@212db0b9
21:22:58.307 [Test worker] DEBUG org.hibernate.type.BasicTypeRegistry - Adding type registration integer -> org.hibernate.type.IntegerType@14f541d2
21:22:58.307 [Test worker] DEBUG org.hibernate.type.BasicTypeRegistry - Adding type registration int -> org.hibernate.type.IntegerType@14f541d2
21:22:58.307 [Test worker] DEBUG org.hibernate.type.BasicTypeRegistry - Adding type registration java.lang.Integer -> org.hibernate.type.IntegerType@14f541d2
21:22:58.307 [Test worker] DEBUG org.hibernate.type.BasicTypeRegistry - Adding type registration long -> org.hibernate.type.LongType@357c5fef
21:22:58.307 [Test worker] DEBUG org.hibernate.type.BasicTypeRegistry - Adding type registration long -> org.hibernate.type.LongType@357c5fef
21:22:58.307 [Test worker] DEBUG org.hibernate.type.BasicTypeRegistry - Adding type registration java.lang.Long -> org.hibernate.type.LongType@357c5fef
21:22:58.307 [Test worker] DEBUG org.hibernate.type.BasicTypeRegistry - Adding type registration float -> org.hibernate.type.FloatType@68835e55
21:22:58.307 [Test worker] DEBUG org.hibernate.type.BasicTypeRegistry - Adding type registration float -> org.hibernate.type.FloatType@68835e55
21:22:58.307 [Test worker] DEBUG org.hibernate.type.BasicTypeRegistry - Adding type registration java.lang.Float -> org.hibernate.type.FloatType@68835e55
21:22:58.307 [Test worker] DEBUG org.hibernate.type.BasicTypeRegistry - Adding type registration double -> org.hibernate.type.DoubleType@1db8c4bf
21:22:58.307 [Test worker] DEBUG org.hibernate.type.BasicTypeRegistry - Adding type registration double -> org.hibernate.type.DoubleType@1db8c4bf
21:22:58.307 [Test worker] DEBUG org.hibernate.type.BasicTypeRegistry - Adding type registration java.lang.Double -> org.hibernate.type.DoubleType@1db8c4bf
21:22:58.307 [Test worker] DEBUG org.hibernate.type.BasicTypeRegistry - Adding type registration big_decimal -> org.hibernate.type.BigDecimalType@2bd9f5a7
21:22:58.307 [Test worker] DEBUG org.hibernate.type.BasicTypeRegistry - Adding type registration java.math.BigDecimal -> org.hibernate.type.BigDecimalType@2bd9f5a7
21:22:58.307 [Test worker] DEBUG org.hibernate.type.BasicTypeRegistry - Adding type registration big_integer -> org.hibernate.type.BigIntegerType@67766712
21:22:58.307 [Test worker] DEBUG org.hibernate.type.BasicTypeRegistry - Adding type registration java.math.BigInteger -> org.hibernate.type.BigIntegerType@67766712
21:22:58.307 [Test worker] DEBUG org.hibernate.type.BasicTypeRegistry - Adding type registration string -> org.hibernate.type.StringType@5abe721f
21:22:58.307 [Test worker] DEBUG org.hibernate.type.BasicTypeRegistry - Adding type registration java.lang.String -> org.hibernate.type.StringType@5abe721f
21:22:58.307 [Test worker] DEBUG org.hibernate.type.BasicTypeRegistry - Adding type registration nstring -> org.hibernate.type.StringNVarcharType@5ca83c4b
21:22:58.307 [Test worker] DEBUG org.hibernate.type.BasicTypeRegistry - Adding type registration ncharacter -> org.hibernate.type.CharacterNCharType@181579aa
21:22:58.307 [Test worker] DEBUG org.hibernate.type.BasicTypeRegistry - Adding type registration url -> org.hibernate.type.UrlType@2d95e7ff
21:22:58.307 [Test worker] DEBUG org.hibernate.type.BasicTypeRegistry - Adding type registration java.net.URL -> org.hibernate.type.UrlType@2d95e7ff
21:22:58.307 [Test worker] DEBUG org.hibernate.type.BasicTypeRegistry - Adding type registration Duration -> org.hibernate.type.DurationType@1f6d6ec5
21:22:58.307 [Test worker] DEBUG org.hibernate.type.BasicTypeRegistry - Adding type registration java.time.Duration -> org.hibernate.type.DurationType@1f6d6ec5
21:22:58.307 [Test worker] DEBUG org.hibernate.type.BasicTypeRegistry - Adding type registration Instant -> org.hibernate.type.InstantType@799b3880
21:22:58.307 [Test worker] DEBUG org.hibernate.type.BasicTypeRegistry - Adding type registration java.time.Instant -> org.hibernate.type.InstantType@799b3880
21:22:58.307 [Test worker] DEBUG org.hibernate.type.BasicTypeRegistry - Adding type registration LocalDateTime -> org.hibernate.type.LocalDateTimeType@3c9b7dcd
21:22:58.307 [Test worker] DEBUG org.hibernate.type.BasicTypeRegistry - Adding type registration java.time.LocalDateTime -> org.hibernate.type.LocalDateTimeType@3c9b7dcd
21:22:58.307 [Test worker] DEBUG org.hibernate.type.BasicTypeRegistry - Adding type registration LocalDate -> org.hibernate.type.LocalDateType@73b9d317
21:22:58.307 [Test worker] DEBUG org.hibernate.type.BasicTypeRegistry - Adding type registration java.time.LocalDate -> org.hibernate.type.LocalDateType@73b9d317
21:22:58.307 [Test worker] DEBUG org.hibernate.type.BasicTypeRegistry - Adding type registration LocalTime -> org.hibernate.type.LocalTimeType@3e938176
21:22:58.307 [Test worker] DEBUG org.hibernate.type.BasicTypeRegistry - Adding type registration java.time.LocalTime -> org.hibernate.type.LocalTimeType@3e938176
21:22:58.307 [Test worker] DEBUG org.hibernate.type.BasicTypeRegistry - Adding type registration OffsetDateTime -> org.hibernate.type.OffsetDateTimeType@1006f6a5
21:22:58.307 [Test worker] DEBUG org.hibernate.type.BasicTypeRegistry - Adding type registration java.time.OffsetDateTime -> org.hibernate.type.OffsetDateTimeType@1006f6a5
21:22:58.307 [Test worker] DEBUG org.hibernate.type.BasicTypeRegistry - Adding type registration OffsetTime -> org.hibernate.type.OffsetTimeType@5ebf30b8
21:22:58.307 [Test worker] DEBUG org.hibernate.type.BasicTypeRegistry - Adding type registration java.time.OffsetTime -> org.hibernate.type.OffsetTimeType@5ebf30b8
21:22:58.307 [Test worker] DEBUG org.hibernate.type.BasicTypeRegistry - Adding type registration ZonedDateTime -> org.hibernate.type.ZonedDateTimeType@5ecdce3a
21:22:58.307 [Test worker] DEBUG org.hibernate.type.BasicTypeRegistry - Adding type registration java.time.ZonedDateTime -> org.hibernate.type.ZonedDateTimeType@5ecdce3a
21:22:58.307 [Test worker] DEBUG org.hibernate.type.BasicTypeRegistry - Adding type registration date -> org.hibernate.type.DateType@34878a9c
21:22:58.307 [Test worker] DEBUG org.hibernate.type.BasicTypeRegistry - Adding type registration java.sql.Date -> org.hibernate.type.DateType@34878a9c
21:22:58.307 [Test worker] DEBUG org.hibernate.type.BasicTypeRegistry - Adding type registration time -> org.hibernate.type.TimeType@4be75fc9
21:22:58.307 [Test worker] DEBUG org.hibernate.type.BasicTypeRegistry - Adding type registration java.sql.Time -> org.hibernate.type.TimeType@4be75fc9
21:22:58.307 [Test worker] DEBUG org.hibernate.type.BasicTypeRegistry - Adding type registration timestamp -> org.hibernate.type.TimestampType@cd6dcfb
21:22:58.307 [Test worker] DEBUG org.hibernate.type.BasicTypeRegistry - Adding type registration java.sql.Timestamp -> org.hibernate.type.TimestampType@cd6dcfb
21:22:58.307 [Test worker] DEBUG org.hibernate.type.BasicTypeRegistry - Adding type registration java.util.Date -> org.hibernate.type.TimestampType@cd6dcfb
21:22:58.307 [Test worker] DEBUG org.hibernate.type.BasicTypeRegistry - Adding type registration dbtimestamp -> org.hibernate.type.DbTimestampType@6f70db50
21:22:58.307 [Test worker] DEBUG org.hibernate.type.BasicTypeRegistry - Adding type registration calendar -> org.hibernate.type.CalendarType@232580e4
21:22:58.307 [Test worker] DEBUG org.hibernate.type.BasicTypeRegistry - Adding type registration java.util.Calendar -> org.hibernate.type.CalendarType@232580e4
21:22:58.307 [Test worker] DEBUG org.hibernate.type.BasicTypeRegistry - Adding type registration java.util.GregorianCalendar -> org.hibernate.type.CalendarType@232580e4
21:22:58.307 [Test worker] DEBUG org.hibernate.type.BasicTypeRegistry - Adding type registration calendar_date -> org.hibernate.type.CalendarDateType@2d226c99
21:22:58.307 [Test worker] DEBUG org.hibernate.type.BasicTypeRegistry - Adding type registration calendar_time -> org.hibernate.type.CalendarTimeType@5f0ca092
21:22:58.307 [Test worker] DEBUG org.hibernate.type.BasicTypeRegistry - Adding type registration locale -> org.hibernate.type.LocaleType@2e7d6fc7
21:22:58.307 [Test worker] DEBUG org.hibernate.type.BasicTypeRegistry - Adding type registration java.util.Locale -> org.hibernate.type.LocaleType@2e7d6fc7
21:22:58.307 [Test worker] DEBUG org.hibernate.type.BasicTypeRegistry - Adding type registration currency -> org.hibernate.type.CurrencyType@298b5abb
21:22:58.307 [Test worker] DEBUG org.hibernate.type.BasicTypeRegistry - Adding type registration java.util.Currency -> org.hibernate.type.CurrencyType@298b5abb
21:22:58.307 [Test worker] DEBUG org.hibernate.type.BasicTypeRegistry - Adding type registration timezone -> org.hibernate.type.TimeZoneType@6a7223ce
21:22:58.307 [Test worker] DEBUG org.hibernate.type.BasicTypeRegistry - Adding type registration java.util.TimeZone -> org.hibernate.type.TimeZoneType@6a7223ce
21:22:58.307 [Test worker] DEBUG org.hibernate.type.BasicTypeRegistry - Adding type registration class -> org.hibernate.type.ClassType@17c86e61
21:22:58.307 [Test worker] DEBUG org.hibernate.type.BasicTypeRegistry - Adding type registration java.lang.Class -> org.hibernate.type.ClassType@17c86e61
21:22:58.307 [Test worker] DEBUG org.hibernate.type.BasicTypeRegistry - Adding type registration uuid-binary -> org.hibernate.type.UUIDBinaryType@165a29f7
21:22:58.307 [Test worker] DEBUG org.hibernate.type.BasicTypeRegistry - Adding type registration java.util.UUID -> org.hibernate.type.UUIDBinaryType@165a29f7
21:22:58.307 [Test worker] DEBUG org.hibernate.type.BasicTypeRegistry - Adding type registration uuid-char -> org.hibernate.type.UUIDCharType@57061eb5
21:22:58.307 [Test worker] DEBUG org.hibernate.type.BasicTypeRegistry - Adding type registration binary -> org.hibernate.type.BinaryType@377a3a57
21:22:58.307 [Test worker] DEBUG org.hibernate.type.BasicTypeRegistry - Adding type registration byte[] -> org.hibernate.type.BinaryType@377a3a57
21:22:58.307 [Test worker] DEBUG org.hibernate.type.BasicTypeRegistry - Adding type registration [B -> org.hibernate.type.BinaryType@377a3a57
21:22:58.307 [Test worker] DEBUG org.hibernate.type.BasicTypeRegistry - Adding type registration wrapper-binary -> org.hibernate.type.WrapperBinaryType@15236686
21:22:58.307 [Test worker] DEBUG org.hibernate.type.BasicTypeRegistry - Adding type registration Byte[] -> org.hibernate.type.WrapperBinaryType@15236686
21:22:58.307 [Test worker] DEBUG org.hibernate.type.BasicTypeRegistry - Adding type registration [Ljava.lang.Byte; -> org.hibernate.type.WrapperBinaryType@15236686
21:22:58.307 [Test worker] DEBUG org.hibernate.type.BasicTypeRegistry - Adding type registration row_version -> org.hibernate.type.RowVersionType@480544d3
21:22:58.307 [Test worker] DEBUG org.hibernate.type.BasicTypeRegistry - Adding type registration image -> org.hibernate.type.ImageType@a74733d
21:22:58.307 [Test worker] DEBUG org.hibernate.type.BasicTypeRegistry - Adding type registration characters -> org.hibernate.type.CharArrayType@10b707f8
21:22:58.307 [Test worker] DEBUG org.hibernate.type.BasicTypeRegistry - Adding type registration char[] -> org.hibernate.type.CharArrayType@10b707f8
21:22:58.307 [Test worker] DEBUG org.hibernate.type.BasicTypeRegistry - Adding type registration [C -> org.hibernate.type.CharArrayType@10b707f8
21:22:58.307 [Test worker] DEBUG org.hibernate.type.BasicTypeRegistry - Adding type registration wrapper-characters -> org.hibernate.type.CharacterArrayType@7586a107
21:22:58.307 [Test worker] DEBUG org.hibernate.type.BasicTypeRegistry - Adding type registration [Ljava.lang.Character; -> org.hibernate.type.CharacterArrayType@7586a107
21:22:58.307 [Test worker] DEBUG org.hibernate.type.BasicTypeRegistry - Adding type registration Character[] -> org.hibernate.type.CharacterArrayType@7586a107
21:22:58.307 [Test worker] DEBUG org.hibernate.type.BasicTypeRegistry - Adding type registration text -> org.hibernate.type.TextType@28e7117
21:22:58.307 [Test worker] DEBUG org.hibernate.type.BasicTypeRegistry - Adding type registration ntext -> org.hibernate.type.NTextType@4fe7c4b8
21:22:58.307 [Test worker] DEBUG org.hibernate.type.BasicTypeRegistry - Adding type registration blob -> org.hibernate.type.BlobType@69ff7971
21:22:58.307 [Test worker] DEBUG org.hibernate.type.BasicTypeRegistry - Adding type registration java.sql.Blob -> org.hibernate.type.BlobType@69ff7971
21:22:58.307 [Test worker] DEBUG org.hibernate.type.BasicTypeRegistry - Adding type registration materialized_blob -> org.hibernate.type.MaterializedBlobType@29a6bbfa
21:22:58.307 [Test worker] DEBUG org.hibernate.type.BasicTypeRegistry - Adding type registration clob -> org.hibernate.type.ClobType@6243fc09
21:22:58.307 [Test worker] DEBUG org.hibernate.type.BasicTypeRegistry - Adding type registration java.sql.Clob -> org.hibernate.type.ClobType@6243fc09
21:22:58.307 [Test worker] DEBUG org.hibernate.type.BasicTypeRegistry - Adding type registration nclob -> org.hibernate.type.NClobType@7a0e9fb4
21:22:58.307 [Test worker] DEBUG org.hibernate.type.BasicTypeRegistry - Adding type registration java.sql.NClob -> org.hibernate.type.NClobType@7a0e9fb4
21:22:58.307 [Test worker] DEBUG org.hibernate.type.BasicTypeRegistry - Adding type registration materialized_clob -> org.hibernate.type.MaterializedClobType@5568af29
21:22:58.307 [Test worker] DEBUG org.hibernate.type.BasicTypeRegistry - Adding type registration materialized_nclob -> org.hibernate.type.MaterializedNClobType@43589365
21:22:58.307 [Test worker] DEBUG org.hibernate.type.BasicTypeRegistry - Adding type registration serializable -> org.hibernate.type.SerializableType@49b714f8
21:22:58.307 [Test worker] DEBUG org.hibernate.type.BasicTypeRegistry - Adding type registration object -> org.hibernate.type.ObjectType@4b6f241f
21:22:58.307 [Test worker] DEBUG org.hibernate.type.BasicTypeRegistry - Adding type registration java.lang.Object -> org.hibernate.type.ObjectType@4b6f241f
21:22:58.307 [Test worker] DEBUG org.hibernate.type.BasicTypeRegistry - Adding type registration imm_date -> org.hibernate.type.AdaptedImmutableType@5f97d5d4
21:22:58.307 [Test worker] DEBUG org.hibernate.type.BasicTypeRegistry - Adding type registration imm_time -> org.hibernate.type.AdaptedImmutableType@66b534b
21:22:58.307 [Test worker] DEBUG org.hibernate.type.BasicTypeRegistry - Adding type registration imm_timestamp -> org.hibernate.type.AdaptedImmutableType@23b5f3b7
21:22:58.307 [Test worker] DEBUG org.hibernate.type.BasicTypeRegistry - Adding type registration imm_dbtimestamp -> org.hibernate.type.AdaptedImmutableType@50debb3c
21:22:58.307 [Test worker] DEBUG org.hibernate.type.BasicTypeRegistry - Adding type registration imm_calendar -> org.hibernate.type.AdaptedImmutableType@3186fd86
21:22:58.307 [Test worker] DEBUG org.hibernate.type.BasicTypeRegistry - Adding type registration imm_calendar_date -> org.hibernate.type.AdaptedImmutableType@6d2b01f6
21:22:58.307 [Test worker] DEBUG org.hibernate.type.BasicTypeRegistry - Adding type registration imm_binary -> org.hibernate.type.AdaptedImmutableType@610f6faf
21:22:58.307 [Test worker] DEBUG org.hibernate.type.BasicTypeRegistry - Adding type registration imm_serializable -> org.hibernate.type.AdaptedImmutableType@44ad3fe9
21:22:58.323 [Test worker] DEBUG org.hibernate.id.factory.internal.DefaultIdentifierGeneratorFactory - Registering IdentifierGenerator strategy [uuid2] -> [org.hibernate.id.UUIDGenerator]
21:22:58.323 [Test worker] DEBUG org.hibernate.id.factory.internal.DefaultIdentifierGeneratorFactory - Registering IdentifierGenerator strategy [guid] -> [org.hibernate.id.GUIDGenerator]
21:22:58.323 [Test worker] DEBUG org.hibernate.id.factory.internal.DefaultIdentifierGeneratorFactory - Registering IdentifierGenerator strategy [uuid] -> [org.hibernate.id.UUIDHexGenerator]
21:22:58.323 [Test worker] DEBUG org.hibernate.id.factory.internal.DefaultIdentifierGeneratorFactory - Registering IdentifierGenerator strategy [uuid.hex] -> [org.hibernate.id.UUIDHexGenerator]
21:22:58.323 [Test worker] DEBUG org.hibernate.id.factory.internal.DefaultIdentifierGeneratorFactory - Registering IdentifierGenerator strategy [assigned] -> [org.hibernate.id.Assigned]
21:22:58.323 [Test worker] DEBUG org.hibernate.id.factory.internal.DefaultIdentifierGeneratorFactory - Registering IdentifierGenerator strategy [identity] -> [org.hibernate.id.IdentityGenerator]
21:22:58.323 [Test worker] DEBUG org.hibernate.id.factory.internal.DefaultIdentifierGeneratorFactory - Registering IdentifierGenerator strategy [select] -> [org.hibernate.id.SelectGenerator]
21:22:58.323 [Test worker] DEBUG org.hibernate.id.factory.internal.DefaultIdentifierGeneratorFactory - Registering IdentifierGenerator strategy [sequence] -> [org.hibernate.id.enhanced.SequenceStyleGenerator]
21:22:58.323 [Test worker] DEBUG org.hibernate.id.factory.internal.DefaultIdentifierGeneratorFactory - Registering IdentifierGenerator strategy [seqhilo] -> [org.hibernate.id.SequenceHiLoGenerator]
21:22:58.323 [Test worker] DEBUG org.hibernate.id.factory.internal.DefaultIdentifierGeneratorFactory - Registering IdentifierGenerator strategy [increment] -> [org.hibernate.id.IncrementGenerator]
21:22:58.323 [Test worker] DEBUG org.hibernate.id.factory.internal.DefaultIdentifierGeneratorFactory - Registering IdentifierGenerator strategy [foreign] -> [org.hibernate.id.ForeignGenerator]
21:22:58.323 [Test worker] DEBUG org.hibernate.id.factory.internal.DefaultIdentifierGeneratorFactory - Registering IdentifierGenerator strategy [sequence-identity] -> [org.hibernate.id.SequenceIdentityGenerator]
21:22:58.323 [Test worker] DEBUG org.hibernate.id.factory.internal.DefaultIdentifierGeneratorFactory - Registering IdentifierGenerator strategy [enhanced-sequence] -> [org.hibernate.id.enhanced.SequenceStyleGenerator]
21:22:58.323 [Test worker] DEBUG org.hibernate.id.factory.internal.DefaultIdentifierGeneratorFactory - Registering IdentifierGenerator strategy [enhanced-table] -> [org.hibernate.id.enhanced.TableGenerator]
21:22:58.323 [Test worker] WARN org.hibernate.orm.connections.pooling - HHH10001002: Using Hibernate built-in connection pool (not for production use!)
21:22:58.323 [Test worker] INFO org.hibernate.orm.connections.pooling - HHH10001005: using driver [org.sqlite.JDBC] at URL [jdbc:sqlite:D:\Facultate\Projects\OrganizareCompanie\database]
21:22:58.323 [Test worker] INFO org.hibernate.orm.connections.pooling - HHH10001001: Connection properties: {password=root, user=root}
21:22:58.323 [Test worker] INFO org.hibernate.orm.connections.pooling - HHH10001003: Autocommit mode: false
21:22:58.323 [Test worker] DEBUG org.hibernate.engine.jdbc.connections.internal.DriverManagerConnectionProviderImpl - Initializing Connection pool with 1 Connections
21:22:58.323 [Test worker] INFO org.hibernate.engine.jdbc.connections.internal.DriverManagerConnectionProviderImpl - HHH000115: Hibernate connection pool size: 1 (min=1)
21:22:58.323 [Test worker] DEBUG org.hibernate.engine.jdbc.env.internal.JdbcEnvironmentInitiator - Database ->
       name : SQLite
    version : 3.34.0
      major : 3
      minor : 34
21:22:58.323 [Test worker] DEBUG org.hibernate.engine.jdbc.env.internal.JdbcEnvironmentInitiator - Driver ->
       name : SQLite JDBC
    version : 3.34.0
      major : 3
      minor : 34
21:22:58.323 [Test worker] DEBUG org.hibernate.engine.jdbc.env.internal.JdbcEnvironmentInitiator - JDBC version : 2.1
21:22:58.323 [Test worker] INFO org.hibernate.dialect.Dialect - HHH000400: Using dialect: utils.SQLiteDialect
21:22:58.323 [Test worker] DEBUG org.hibernate.engine.jdbc.env.spi.IdentifierHelperBuilder - JDBC driver metadata reported database stores quoted identifiers in neither upper, lower nor mixed case
21:22:58.323 [Test worker] DEBUG org.hibernate.engine.jdbc.env.spi.IdentifierHelperBuilder - IdentifierCaseStrategy for both quoted and unquoted identifiers was set to the same strategy [MIXED]; that will likely lead to problems in schema update and validation if using quoted identifiers
21:22:58.323 [Test worker] DEBUG org.hibernate.engine.jdbc.env.internal.LobCreatorBuilderImpl - HHH000423: Disabling contextual LOB creation as JDBC driver reported JDBC version [2] less than 4
21:22:58.323 [Test worker] DEBUG org.hibernate.boot.model.relational.Namespace - Created database namespace [logicalName=Name{catalog=null, schema=null}, physicalName=Name{catalog=null, schema=null}]
21:22:58.323 [Test worker] DEBUG org.hibernate.type.descriptor.java.JavaTypeDescriptorRegistry - JavaTypeDescriptorRegistry entry replaced : class java.time.Duration -> org.hibernate.type.descriptor.java.DurationJavaDescriptor@484b819 (was org.hibernate.type.descriptor.java.DurationJavaDescriptor@484b819)
21:22:58.323 [Test worker] DEBUG org.hibernate.type.descriptor.java.JavaTypeDescriptorRegistry - JavaTypeDescriptorRegistry entry replaced : class java.time.Instant -> org.hibernate.type.descriptor.java.InstantJavaDescriptor@7a6a60d2 (was org.hibernate.type.descriptor.java.InstantJavaDescriptor@7a6a60d2)
21:22:58.323 [Test worker] DEBUG org.hibernate.type.descriptor.java.JavaTypeDescriptorRegistry - JavaTypeDescriptorRegistry entry replaced : class java.time.LocalDate -> org.hibernate.type.descriptor.java.LocalDateJavaDescriptor@7ac3817d (was org.hibernate.type.descriptor.java.LocalDateJavaDescriptor@7ac3817d)
21:22:58.323 [Test worker] DEBUG org.hibernate.type.descriptor.java.JavaTypeDescriptorRegistry - JavaTypeDescriptorRegistry entry replaced : class java.time.LocalDateTime -> org.hibernate.type.descriptor.java.LocalDateTimeJavaDescriptor@616d0e6e (was org.hibernate.type.descriptor.java.LocalDateTimeJavaDescriptor@616d0e6e)
21:22:58.323 [Test worker] DEBUG org.hibernate.type.descriptor.java.JavaTypeDescriptorRegistry - JavaTypeDescriptorRegistry entry replaced : class java.time.OffsetDateTime -> org.hibernate.type.descriptor.java.OffsetDateTimeJavaDescriptor@4008262a (was org.hibernate.type.descriptor.java.OffsetDateTimeJavaDescriptor@4008262a)
21:22:58.323 [Test worker] DEBUG org.hibernate.type.descriptor.java.JavaTypeDescriptorRegistry - JavaTypeDescriptorRegistry entry replaced : class java.time.OffsetTime -> org.hibernate.type.descriptor.java.OffsetTimeJavaDescriptor@69cda209 (was org.hibernate.type.descriptor.java.OffsetTimeJavaDescriptor@69cda209)
21:22:58.323 [Test worker] DEBUG org.hibernate.type.descriptor.java.JavaTypeDescriptorRegistry - JavaTypeDescriptorRegistry entry replaced : class java.time.ZonedDateTime -> org.hibernate.type.descriptor.java.ZonedDateTimeJavaDescriptor@f630e24 (was org.hibernate.type.descriptor.java.ZonedDateTimeJavaDescriptor@f630e24)
21:22:58.323 [Test worker] DEBUG org.hibernate.type.BasicTypeRegistry - Adding type registration Duration -> org.hibernate.type.DurationType@1f6d6ec5
21:22:58.323 [Test worker] DEBUG org.hibernate.type.BasicTypeRegistry - Adding type registration java.time.Duration -> org.hibernate.type.DurationType@1f6d6ec5
21:22:58.323 [Test worker] DEBUG org.hibernate.type.BasicTypeRegistry - Adding type registration Instant -> org.hibernate.type.InstantType@799b3880
21:22:58.323 [Test worker] DEBUG org.hibernate.type.BasicTypeRegistry - Adding type registration java.time.Instant -> org.hibernate.type.InstantType@799b3880
21:22:58.323 [Test worker] DEBUG org.hibernate.type.BasicTypeRegistry - Adding type registration LocalDateTime -> org.hibernate.type.LocalDateTimeType@3c9b7dcd
21:22:58.323 [Test worker] DEBUG org.hibernate.type.BasicTypeRegistry - Adding type registration java.time.LocalDateTime -> org.hibernate.type.LocalDateTimeType@3c9b7dcd
21:22:58.323 [Test worker] DEBUG org.hibernate.type.BasicTypeRegistry - Adding type registration LocalDate -> org.hibernate.type.LocalDateType@73b9d317
21:22:58.323 [Test worker] DEBUG org.hibernate.type.BasicTypeRegistry - Adding type registration java.time.LocalDate -> org.hibernate.type.LocalDateType@73b9d317
21:22:58.323 [Test worker] DEBUG org.hibernate.type.BasicTypeRegistry - Adding type registration LocalTime -> org.hibernate.type.LocalTimeType@3e938176
21:22:58.323 [Test worker] DEBUG org.hibernate.type.BasicTypeRegistry - Adding type registration java.time.LocalTime -> org.hibernate.type.LocalTimeType@3e938176
21:22:58.323 [Test worker] DEBUG org.hibernate.type.BasicTypeRegistry - Adding type registration OffsetDateTime -> org.hibernate.type.OffsetDateTimeType@1006f6a5
21:22:58.323 [Test worker] DEBUG org.hibernate.type.BasicTypeRegistry - Adding type registration java.time.OffsetDateTime -> org.hibernate.type.OffsetDateTimeType@1006f6a5
21:22:58.323 [Test worker] DEBUG org.hibernate.type.BasicTypeRegistry - Adding type registration OffsetTime -> org.hibernate.type.OffsetTimeType@5ebf30b8
21:22:58.323 [Test worker] DEBUG org.hibernate.type.BasicTypeRegistry - Adding type registration java.time.OffsetTime -> org.hibernate.type.OffsetTimeType@5ebf30b8
21:22:58.323 [Test worker] DEBUG org.hibernate.type.BasicTypeRegistry - Adding type registration ZonedDateTime -> org.hibernate.type.ZonedDateTimeType@5ecdce3a
21:22:58.323 [Test worker] DEBUG org.hibernate.type.BasicTypeRegistry - Adding type registration java.time.ZonedDateTime -> org.hibernate.type.ZonedDateTimeType@5ecdce3a
21:22:58.323 [Test worker] DEBUG org.hibernate.type.spi.TypeConfiguration$Scope - Scoping TypeConfiguration [org.hibernate.type.spi.TypeConfiguration@79bdf4b4] to MetadataBuildingContext [org.hibernate.boot.internal.MetadataBuildingContextRootImpl@56ea980e]
21:22:58.323 [Test worker] DEBUG org.hibernate.cfg.AnnotationBinder - Binding entity from annotated class: domain.Angajat
21:22:58.323 [Test worker] DEBUG org.hibernate.cfg.Ejb3Column - Binding column: Ejb3DiscriminatorColumn{logicalColumnName'DTYPE', discriminatorTypeName='string'}
21:22:58.323 [Test worker] DEBUG org.hibernate.cfg.annotations.EntityBinder - Import with entity name Angajat
21:22:58.323 [Test worker] DEBUG org.hibernate.cfg.annotations.EntityBinder - Bind entity domain.Angajat on table angajati
21:22:58.323 [Test worker] DEBUG org.hibernate.cfg.Ejb3Column - Binding column: Ejb3Column{table=org.hibernate.mapping.Table(angajati), mappingColumn=id, insertable=true, updatable=true, unique=false}
21:22:58.323 [Test worker] DEBUG org.hibernate.boot.internal.ClassLoaderAccessImpl - Not known whether passed class name [domain.Angajat] is safe
21:22:58.323 [Test worker] DEBUG org.hibernate.boot.internal.ClassLoaderAccessImpl - No temp ClassLoader provided; using live ClassLoader for loading potentially unsafe class : domain.Angajat
21:22:58.323 [Test worker] DEBUG org.hibernate.cfg.annotations.PropertyBinder - MetadataSourceProcessor property id with lazy=false
21:22:58.323 [Test worker] DEBUG org.hibernate.cfg.AbstractPropertyHolder - Attempting to locate auto-apply AttributeConverter for property [domain.Angajat:id]
21:22:58.323 [Test worker] DEBUG org.hibernate.cfg.annotations.SimpleValueBinder - building SimpleValue for id
21:22:58.323 [Test worker] DEBUG org.hibernate.cfg.annotations.PropertyBinder - Building property id
21:22:58.323 [Test worker] DEBUG org.hibernate.cfg.BinderHelper - #makeIdGenerator(org.hibernate.mapping.SimpleValue([org.hibernate.mapping.Column(id)]), id, identity, , ...)
21:22:58.323 [Test worker] DEBUG org.hibernate.cfg.Ejb3Column - Binding column: Ejb3JoinColumn{logicalColumnName='null', referencedColumn='null', mappedBy='angajat'}
21:22:58.323 [Test worker] DEBUG org.hibernate.cfg.Ejb3Column - Binding column: Ejb3Column{table=org.hibernate.mapping.Table(angajati), mappingColumn=concedii, insertable=true, updatable=true, unique=false}
21:22:58.323 [Test worker] DEBUG org.hibernate.cfg.Ejb3Column - Binding column: Ejb3Column{table=org.hibernate.mapping.Table(angajati), mappingColumn=null, insertable=true, updatable=true, unique=false}
21:22:58.323 [Test worker] DEBUG org.hibernate.cfg.Ejb3Column - Binding column: Ejb3Column{table=org.hibernate.mapping.Table(angajati), mappingColumn=element, insertable=true, updatable=true, unique=false}
21:22:58.323 [Test worker] DEBUG org.hibernate.cfg.Ejb3Column - Binding column: Ejb3Column{table=org.hibernate.mapping.Table(angajati), mappingColumn=concedii_KEY, insertable=true, updatable=true, unique=false}
21:22:58.323 [Test worker] DEBUG org.hibernate.cfg.Ejb3Column - Binding column: Ejb3JoinColumn{logicalColumnName='concedii_KEY', referencedColumn='null', mappedBy='null'}
21:22:58.323 [Test worker] DEBUG org.hibernate.cfg.Ejb3Column - Binding column: Ejb3JoinColumn{logicalColumnName='null', referencedColumn='null', mappedBy='angajat'}
21:22:58.323 [Test worker] DEBUG org.hibernate.cfg.Ejb3Column - Binding column: Ejb3JoinColumn{logicalColumnName='null', referencedColumn='null', mappedBy='angajat'}
21:22:58.323 [Test worker] DEBUG org.hibernate.cfg.annotations.CollectionBinder - Collection role: domain.Angajat.concedii
21:22:58.323 [Test worker] DEBUG org.hibernate.cfg.annotations.PropertyBinder - Building property concedii
21:22:58.323 [Test worker] DEBUG org.hibernate.cfg.Ejb3Column - Binding column: Ejb3Column{table=org.hibernate.mapping.Table(angajati), mappingColumn=data_angajare, insertable=true, updatable=true, unique=false}
21:22:58.323 [Test worker] DEBUG org.hibernate.cfg.annotations.PropertyBinder - MetadataSourceProcessor property dataAngajare with lazy=false
21:22:58.323 [Test worker] DEBUG org.hibernate.cfg.AbstractPropertyHolder - Attempting to locate auto-apply AttributeConverter for property [domain.Angajat:dataAngajare]
21:22:58.323 [Test worker] DEBUG org.hibernate.cfg.annotations.SimpleValueBinder - building SimpleValue for dataAngajare
21:22:58.323 [Test worker] DEBUG org.hibernate.cfg.annotations.PropertyBinder - Building property dataAngajare
21:22:58.323 [Test worker] DEBUG org.hibernate.cfg.Ejb3Column - Binding column: Ejb3Column{table=org.hibernate.mapping.Table(angajati), mappingColumn=null, insertable=true, updatable=true, unique=false}
21:22:58.323 [Test worker] DEBUG org.hibernate.cfg.Ejb3Column - Binding column: Ejb3Column{table=org.hibernate.mapping.Table(angajati), mappingColumn=element, insertable=true, updatable=true, unique=false}
21:22:58.323 [Test worker] DEBUG org.hibernate.cfg.Ejb3Column - Binding column: Ejb3Column{table=org.hibernate.mapping.Table(angajati), mappingColumn=departamente_KEY, insertable=true, updatable=true, unique=false}
21:22:58.323 [Test worker] DEBUG org.hibernate.cfg.Ejb3Column - Binding column: Ejb3JoinColumn{logicalColumnName='departamente_KEY', referencedColumn='null', mappedBy='null'}
21:22:58.323 [Test worker] DEBUG org.hibernate.cfg.Ejb3Column - Binding column: Ejb3JoinColumn{logicalColumnName='id_angajat', referencedColumn='', mappedBy=''}
21:22:58.323 [Test worker] DEBUG org.hibernate.cfg.Ejb3Column - Binding column: Ejb3JoinColumn{logicalColumnName='id_departament', referencedColumn='', mappedBy=''}
21:22:58.323 [Test worker] DEBUG org.hibernate.cfg.annotations.CollectionBinder - Collection role: domain.Angajat.departamente
21:22:58.323 [Test worker] DEBUG org.hibernate.cfg.annotations.PropertyBinder - Building property departamente
21:22:58.323 [Test worker] DEBUG org.hibernate.cfg.Ejb3Column - Binding column: Ejb3JoinColumn{logicalColumnName='null', referencedColumn='null', mappedBy='null'}
21:22:58.323 [Test worker] DEBUG org.hibernate.cfg.Ejb3Column - Binding column: Ejb3Column{table=org.hibernate.mapping.Table(angajati), mappingColumn=functie, insertable=true, updatable=true, unique=false}
21:22:58.323 [Test worker] DEBUG org.hibernate.cfg.annotations.PropertyBinder - Building property functie
21:22:58.323 [Test worker] DEBUG org.hibernate.cfg.Ejb3Column - Binding column: Ejb3Column{table=org.hibernate.mapping.Table(angajati), mappingColumn=id_superior, insertable=true, updatable=true, unique=false}
21:22:58.323 [Test worker] DEBUG org.hibernate.cfg.annotations.PropertyBinder - MetadataSourceProcessor property idSuperior with lazy=false
21:22:58.323 [Test worker] DEBUG org.hibernate.cfg.AbstractPropertyHolder - Attempting to locate auto-apply AttributeConverter for property [domain.Angajat:idSuperior]
21:22:58.323 [Test worker] DEBUG org.hibernate.cfg.annotations.SimpleValueBinder - building SimpleValue for idSuperior
21:22:58.323 [Test worker] DEBUG org.hibernate.cfg.annotations.PropertyBinder - Building property idSuperior
21:22:58.323 [Test worker] DEBUG org.hibernate.cfg.Ejb3Column - Binding column: Ejb3Column{table=org.hibernate.mapping.Table(angajati), mappingColumn=null, insertable=true, updatable=true, unique=false}
21:22:58.323 [Test worker] DEBUG org.hibernate.cfg.Ejb3Column - Binding column: Ejb3Column{table=org.hibernate.mapping.Table(angajati), mappingColumn=element, insertable=true, updatable=true, unique=false}
21:22:58.338 [Test worker] DEBUG org.hibernate.cfg.Ejb3Column - Binding column: Ejb3Column{table=org.hibernate.mapping.Table(angajati), mappingColumn=proiecte_KEY, insertable=true, updatable=true, unique=false}
21:22:58.338 [Test worker] DEBUG org.hibernate.cfg.Ejb3Column - Binding column: Ejb3JoinColumn{logicalColumnName='proiecte_KEY', referencedColumn='null', mappedBy='null'}
21:22:58.338 [Test worker] DEBUG org.hibernate.cfg.Ejb3Column - Binding column: Ejb3JoinColumn{logicalColumnName='id_angajat', referencedColumn='', mappedBy=''}
21:22:58.338 [Test worker] DEBUG org.hibernate.cfg.Ejb3Column - Binding column: Ejb3JoinColumn{logicalColumnName='id_proiect', referencedColumn='', mappedBy=''}
21:22:58.338 [Test worker] DEBUG org.hibernate.cfg.annotations.CollectionBinder - Collection role: domain.Angajat.proiecte
21:22:58.338 [Test worker] DEBUG org.hibernate.cfg.annotations.PropertyBinder - Building property proiecte
21:22:58.338 [Test worker] DEBUG org.hibernate.cfg.AnnotationBinder - Binding entity from annotated class: domain.Concediu
21:22:58.338 [Test worker] DEBUG org.hibernate.cfg.Ejb3Column - Binding column: Ejb3DiscriminatorColumn{logicalColumnName'DTYPE', discriminatorTypeName='string'}
21:22:58.338 [Test worker] DEBUG org.hibernate.cfg.annotations.EntityBinder - Import with entity name Concediu
21:22:58.338 [Test worker] DEBUG org.hibernate.cfg.annotations.EntityBinder - Bind entity domain.Concediu on table concedii
21:22:58.338 [Test worker] DEBUG org.hibernate.cfg.Ejb3Column - Binding column: Ejb3Column{table=org.hibernate.mapping.Table(concedii), mappingColumn=id, insertable=true, updatable=true, unique=false}
21:22:58.338 [Test worker] DEBUG org.hibernate.boot.internal.ClassLoaderAccessImpl - Not known whether passed class name [domain.Concediu] is safe
21:22:58.338 [Test worker] DEBUG org.hibernate.boot.internal.ClassLoaderAccessImpl - No temp ClassLoader provided; using live ClassLoader for loading potentially unsafe class : domain.Concediu
21:22:58.338 [Test worker] DEBUG org.hibernate.cfg.annotations.PropertyBinder - MetadataSourceProcessor property id with lazy=false
21:22:58.338 [Test worker] DEBUG org.hibernate.cfg.AbstractPropertyHolder - Attempting to locate auto-apply AttributeConverter for property [domain.Concediu:id]
21:22:58.338 [Test worker] DEBUG org.hibernate.cfg.annotations.SimpleValueBinder - building SimpleValue for id
21:22:58.338 [Test worker] DEBUG org.hibernate.cfg.annotations.PropertyBinder - Building property id
21:22:58.338 [Test worker] DEBUG org.hibernate.cfg.BinderHelper - #makeIdGenerator(org.hibernate.mapping.SimpleValue([org.hibernate.mapping.Column(id)]), id, identity, , ...)
21:22:58.338 [Test worker] DEBUG org.hibernate.cfg.Ejb3Column - Binding column: Ejb3JoinColumn{logicalColumnName='id_angajat', referencedColumn='', mappedBy=''}
21:22:58.338 [Test worker] DEBUG org.hibernate.cfg.Ejb3Column - Binding column: Ejb3Column{table=org.hibernate.mapping.Table(concedii), mappingColumn=angajat, insertable=true, updatable=true, unique=false}
21:22:58.338 [Test worker] DEBUG org.hibernate.cfg.annotations.PropertyBinder - Building property angajat
21:22:58.338 [Test worker] DEBUG org.hibernate.cfg.Ejb3Column - Binding column: Ejb3Column{table=org.hibernate.mapping.Table(concedii), mappingColumn=data_inceput, insertable=true, updatable=true, unique=false}
21:22:58.338 [Test worker] DEBUG org.hibernate.cfg.annotations.PropertyBinder - MetadataSourceProcessor property dataInceput with lazy=false
21:22:58.338 [Test worker] DEBUG org.hibernate.cfg.AbstractPropertyHolder - Attempting to locate auto-apply AttributeConverter for property [domain.Concediu:dataInceput]
21:22:58.338 [Test worker] DEBUG org.hibernate.cfg.annotations.SimpleValueBinder - building SimpleValue for dataInceput
21:22:58.338 [Test worker] DEBUG org.hibernate.cfg.annotations.PropertyBinder - Building property dataInceput
21:22:58.338 [Test worker] DEBUG org.hibernate.cfg.Ejb3Column - Binding column: Ejb3Column{table=org.hibernate.mapping.Table(concedii), mappingColumn=data_sfarsit, insertable=true, updatable=true, unique=false}
21:22:58.338 [Test worker] DEBUG org.hibernate.cfg.annotations.PropertyBinder - MetadataSourceProcessor property dataSfarsit with lazy=false
21:22:58.338 [Test worker] DEBUG org.hibernate.cfg.AbstractPropertyHolder - Attempting to locate auto-apply AttributeConverter for property [domain.Concediu:dataSfarsit]
21:22:58.338 [Test worker] DEBUG org.hibernate.cfg.annotations.SimpleValueBinder - building SimpleValue for dataSfarsit
21:22:58.338 [Test worker] DEBUG org.hibernate.cfg.annotations.PropertyBinder - Building property dataSfarsit
21:22:58.338 [Test worker] DEBUG org.hibernate.cfg.AnnotationBinder - Binding entity from annotated class: domain.Departament
21:22:58.338 [Test worker] DEBUG org.hibernate.cfg.Ejb3Column - Binding column: Ejb3DiscriminatorColumn{logicalColumnName'DTYPE', discriminatorTypeName='string'}
21:22:58.338 [Test worker] DEBUG org.hibernate.cfg.annotations.EntityBinder - Import with entity name Departament
21:22:58.338 [Test worker] DEBUG org.hibernate.cfg.annotations.EntityBinder - Bind entity domain.Departament on table departamente
21:22:58.338 [Test worker] DEBUG org.hibernate.cfg.Ejb3Column - Binding column: Ejb3Column{table=org.hibernate.mapping.Table(departamente), mappingColumn=id, insertable=true, updatable=true, unique=false}
21:22:58.338 [Test worker] DEBUG org.hibernate.boot.internal.ClassLoaderAccessImpl - Not known whether passed class name [domain.Departament] is safe
21:22:58.338 [Test worker] DEBUG org.hibernate.boot.internal.ClassLoaderAccessImpl - No temp ClassLoader provided; using live ClassLoader for loading potentially unsafe class : domain.Departament
21:22:58.338 [Test worker] DEBUG org.hibernate.cfg.annotations.PropertyBinder - MetadataSourceProcessor property id with lazy=false
21:22:58.338 [Test worker] DEBUG org.hibernate.cfg.AbstractPropertyHolder - Attempting to locate auto-apply AttributeConverter for property [domain.Departament:id]
21:22:58.338 [Test worker] DEBUG org.hibernate.cfg.annotations.SimpleValueBinder - building SimpleValue for id
21:22:58.338 [Test worker] DEBUG org.hibernate.cfg.annotations.PropertyBinder - Building property id
21:22:58.338 [Test worker] DEBUG org.hibernate.cfg.BinderHelper - #makeIdGenerator(org.hibernate.mapping.SimpleValue([org.hibernate.mapping.Column(id)]), id, identity, , ...)
21:22:58.338 [Test worker] DEBUG org.hibernate.cfg.Ejb3Column - Binding column: Ejb3Column{table=org.hibernate.mapping.Table(departamente), mappingColumn=id_director, insertable=true, updatable=true, unique=false}
21:22:58.338 [Test worker] DEBUG org.hibernate.cfg.annotations.PropertyBinder - MetadataSourceProcessor property idDirector with lazy=false
21:22:58.338 [Test worker] DEBUG org.hibernate.cfg.AbstractPropertyHolder - Attempting to locate auto-apply AttributeConverter for property [domain.Departament:idDirector]
21:22:58.338 [Test worker] DEBUG org.hibernate.cfg.annotations.SimpleValueBinder - building SimpleValue for idDirector
21:22:58.338 [Test worker] DEBUG org.hibernate.cfg.annotations.PropertyBinder - Building property idDirector
21:22:58.338 [Test worker] DEBUG org.hibernate.cfg.AnnotationBinder - Binding entity from annotated class: domain.Functie
21:22:58.338 [Test worker] DEBUG org.hibernate.cfg.Ejb3Column - Binding column: Ejb3DiscriminatorColumn{logicalColumnName'DTYPE', discriminatorTypeName='string'}
21:22:58.338 [Test worker] DEBUG org.hibernate.cfg.annotations.EntityBinder - Import with entity name Functie
21:22:58.338 [Test worker] DEBUG org.hibernate.cfg.annotations.EntityBinder - Bind entity domain.Functie on table functii
21:22:58.338 [Test worker] DEBUG org.hibernate.cfg.Ejb3Column - Binding column: Ejb3Column{table=org.hibernate.mapping.Table(functii), mappingColumn=id, insertable=true, updatable=true, unique=false}
21:22:58.338 [Test worker] DEBUG org.hibernate.boot.internal.ClassLoaderAccessImpl - Not known whether passed class name [domain.Functie] is safe
21:22:58.338 [Test worker] DEBUG org.hibernate.boot.internal.ClassLoaderAccessImpl - No temp ClassLoader provided; using live ClassLoader for loading potentially unsafe class : domain.Functie
21:22:58.338 [Test worker] DEBUG org.hibernate.cfg.annotations.PropertyBinder - MetadataSourceProcessor property id with lazy=false
21:22:58.338 [Test worker] DEBUG org.hibernate.cfg.AbstractPropertyHolder - Attempting to locate auto-apply AttributeConverter for property [domain.Functie:id]
21:22:58.338 [Test worker] DEBUG org.hibernate.cfg.annotations.SimpleValueBinder - building SimpleValue for id
21:22:58.338 [Test worker] DEBUG org.hibernate.cfg.annotations.PropertyBinder - Building property id
21:22:58.338 [Test worker] DEBUG org.hibernate.cfg.BinderHelper - #makeIdGenerator(org.hibernate.mapping.SimpleValue([org.hibernate.mapping.Column(id)]), id, identity, , ...)
21:22:58.338 [Test worker] DEBUG org.hibernate.cfg.Ejb3Column - Binding column: Ejb3Column{table=org.hibernate.mapping.Table(functii), mappingColumn=salar_de_baza, insertable=true, updatable=true, unique=false}
21:22:58.338 [Test worker] DEBUG org.hibernate.cfg.annotations.PropertyBinder - MetadataSourceProcessor property salarDeBaza with lazy=false
21:22:58.338 [Test worker] DEBUG org.hibernate.cfg.AbstractPropertyHolder - Attempting to locate auto-apply AttributeConverter for property [domain.Functie:salarDeBaza]
21:22:58.338 [Test worker] DEBUG org.hibernate.cfg.annotations.SimpleValueBinder - building SimpleValue for salarDeBaza
21:22:58.338 [Test worker] DEBUG org.hibernate.cfg.annotations.PropertyBinder - Building property salarDeBaza
21:22:58.338 [Test worker] DEBUG org.hibernate.cfg.AnnotationBinder - Binding entity from annotated class: domain.Proiect
21:22:58.338 [Test worker] DEBUG org.hibernate.cfg.Ejb3Column - Binding column: Ejb3DiscriminatorColumn{logicalColumnName'DTYPE', discriminatorTypeName='string'}
21:22:58.338 [Test worker] DEBUG org.hibernate.cfg.annotations.EntityBinder - Import with entity name Proiect
21:22:58.338 [Test worker] DEBUG org.hibernate.cfg.annotations.EntityBinder - Bind entity domain.Proiect on table proiecte
21:22:58.338 [Test worker] DEBUG org.hibernate.cfg.Ejb3Column - Binding column: Ejb3Column{table=org.hibernate.mapping.Table(proiecte), mappingColumn=id, insertable=true, updatable=true, unique=false}
21:22:58.338 [Test worker] DEBUG org.hibernate.boot.internal.ClassLoaderAccessImpl - Not known whether passed class name [domain.Proiect] is safe
21:22:58.338 [Test worker] DEBUG org.hibernate.boot.internal.ClassLoaderAccessImpl - No temp ClassLoader provided; using live ClassLoader for loading potentially unsafe class : domain.Proiect
21:22:58.338 [Test worker] DEBUG org.hibernate.cfg.annotations.PropertyBinder - MetadataSourceProcessor property id with lazy=false
21:22:58.338 [Test worker] DEBUG org.hibernate.cfg.AbstractPropertyHolder - Attempting to locate auto-apply AttributeConverter for property [domain.Proiect:id]
21:22:58.338 [Test worker] DEBUG org.hibernate.cfg.annotations.SimpleValueBinder - building SimpleValue for id
21:22:58.338 [Test worker] DEBUG org.hibernate.cfg.annotations.PropertyBinder - Building property id
21:22:58.338 [Test worker] DEBUG org.hibernate.cfg.BinderHelper - #makeIdGenerator(org.hibernate.mapping.SimpleValue([org.hibernate.mapping.Column(id)]), id, identity, , ...)
21:22:58.338 [Test worker] DEBUG org.hibernate.cfg.Ejb3Column - Binding column: Ejb3Column{table=org.hibernate.mapping.Table(proiecte), mappingColumn=data_inceput, insertable=true, updatable=true, unique=false}
21:22:58.338 [Test worker] DEBUG org.hibernate.cfg.annotations.PropertyBinder - MetadataSourceProcessor property dataInceput with lazy=false
21:22:58.338 [Test worker] DEBUG org.hibernate.cfg.AbstractPropertyHolder - Attempting to locate auto-apply AttributeConverter for property [domain.Proiect:dataInceput]
21:22:58.338 [Test worker] DEBUG org.hibernate.cfg.annotations.SimpleValueBinder - building SimpleValue for dataInceput
21:22:58.338 [Test worker] DEBUG org.hibernate.cfg.annotations.PropertyBinder - Building property dataInceput
21:22:58.338 [Test worker] DEBUG org.hibernate.cfg.Ejb3Column - Binding column: Ejb3Column{table=org.hibernate.mapping.Table(proiecte), mappingColumn=deadline, insertable=true, updatable=true, unique=false}
21:22:58.338 [Test worker] DEBUG org.hibernate.cfg.annotations.PropertyBinder - MetadataSourceProcessor property deadline with lazy=false
21:22:58.338 [Test worker] DEBUG org.hibernate.cfg.AbstractPropertyHolder - Attempting to locate auto-apply AttributeConverter for property [domain.Proiect:deadline]
21:22:58.338 [Test worker] DEBUG org.hibernate.cfg.annotations.SimpleValueBinder - building SimpleValue for deadline
21:22:58.338 [Test worker] DEBUG org.hibernate.cfg.annotations.PropertyBinder - Building property deadline
21:22:58.338 [Test worker] DEBUG org.hibernate.cfg.annotations.SimpleValueBinder - Starting fillSimpleValue for id
21:22:58.338 [Test worker] DEBUG org.hibernate.cfg.annotations.SimpleValueBinder - Starting fillSimpleValue for dataAngajare
21:22:58.338 [Test worker] DEBUG org.hibernate.cfg.annotations.SimpleValueBinder - Starting fillSimpleValue for idSuperior
21:22:58.338 [Test worker] DEBUG org.hibernate.cfg.annotations.SimpleValueBinder - Starting fillSimpleValue for id
21:22:58.338 [Test worker] DEBUG org.hibernate.cfg.annotations.SimpleValueBinder - Starting fillSimpleValue for dataInceput
21:22:58.338 [Test worker] DEBUG org.hibernate.cfg.annotations.SimpleValueBinder - Starting fillSimpleValue for dataSfarsit
21:22:58.338 [Test worker] DEBUG org.hibernate.cfg.annotations.SimpleValueBinder - Starting fillSimpleValue for id
21:22:58.338 [Test worker] DEBUG org.hibernate.cfg.annotations.SimpleValueBinder - Starting fillSimpleValue for idDirector
21:22:58.338 [Test worker] DEBUG org.hibernate.cfg.annotations.SimpleValueBinder - Starting fillSimpleValue for id
21:22:58.338 [Test worker] DEBUG org.hibernate.cfg.annotations.SimpleValueBinder - Starting fillSimpleValue for salarDeBaza
21:22:58.338 [Test worker] DEBUG org.hibernate.cfg.annotations.SimpleValueBinder - Starting fillSimpleValue for id
21:22:58.338 [Test worker] DEBUG org.hibernate.cfg.annotations.SimpleValueBinder - Starting fillSimpleValue for dataInceput
21:22:58.338 [Test worker] DEBUG org.hibernate.cfg.annotations.SimpleValueBinder - Starting fillSimpleValue for deadline
21:22:58.338 [Test worker] DEBUG org.hibernate.mapping.PrimaryKey - Forcing column [id] to be non-null as it is part of the primary key for table [angajati]
21:22:58.338 [Test worker] DEBUG org.hibernate.mapping.PrimaryKey - Forcing column [id] to be non-null as it is part of the primary key for table [concedii]
21:22:58.338 [Test worker] DEBUG org.hibernate.mapping.PrimaryKey - Forcing column [id] to be non-null as it is part of the primary key for table [departamente]
21:22:58.338 [Test worker] DEBUG org.hibernate.mapping.PrimaryKey - Forcing column [id] to be non-null as it is part of the primary key for table [functii]
21:22:58.338 [Test worker] DEBUG org.hibernate.mapping.PrimaryKey - Forcing column [id] to be non-null as it is part of the primary key for table [proiecte]
21:22:58.338 [Test worker] DEBUG org.hibernate.cfg.CollectionSecondPass - Second pass for collection: domain.Angajat.proiecte
21:22:58.338 [Test worker] DEBUG org.hibernate.cfg.annotations.CollectionBinder - Binding as ManyToMany: domain.Angajat.proiecte
21:22:58.338 [Test worker] DEBUG org.hibernate.mapping.PrimaryKey - Forcing column [id_angajat] to be non-null as it is part of the primary key for table [angajati_proiecte]
21:22:58.338 [Test worker] DEBUG org.hibernate.mapping.PrimaryKey - Forcing column [id_proiect] to be non-null as it is part of the primary key for table [angajati_proiecte]
21:22:58.338 [Test worker] DEBUG org.hibernate.cfg.CollectionSecondPass - Mapped collection key: id_angajat, element: id_proiect
21:22:58.338 [Test worker] DEBUG org.hibernate.cfg.CollectionSecondPass - Second pass for collection: domain.Angajat.departamente
21:22:58.338 [Test worker] DEBUG org.hibernate.cfg.annotations.CollectionBinder - Binding as ManyToMany: domain.Angajat.departamente
21:22:58.338 [Test worker] DEBUG org.hibernate.mapping.PrimaryKey - Forcing column [id_angajat] to be non-null as it is part of the primary key for table [angajati_departamente]
21:22:58.338 [Test worker] DEBUG org.hibernate.mapping.PrimaryKey - Forcing column [id_departament] to be non-null as it is part of the primary key for table [angajati_departamente]
21:22:58.338 [Test worker] DEBUG org.hibernate.cfg.CollectionSecondPass - Mapped collection key: id_angajat, element: id_departament
21:22:58.338 [Test worker] DEBUG org.hibernate.cfg.CollectionSecondPass - Second pass for collection: domain.Angajat.concedii
21:22:58.338 [Test worker] DEBUG org.hibernate.cfg.annotations.CollectionBinder - Binding a OneToMany: domain.Angajat.concedii through a foreign key
21:22:58.338 [Test worker] DEBUG org.hibernate.cfg.annotations.CollectionBinder - Mapping collection: domain.Angajat.concedii -> concedii
21:22:58.338 [Test worker] DEBUG org.hibernate.cfg.annotations.TableBinder - Retrieving property domain.Concediu.angajat
21:22:58.338 [Test worker] DEBUG org.hibernate.cfg.CollectionSecondPass - Mapped collection key: id_angajat, one-to-many: domain.Concediu
21:22:58.338 [Test worker] DEBUG org.hibernate.boot.internal.InFlightMetadataCollectorImpl - Resolving reference to class: domain.Functie
21:22:58.338 [Test worker] DEBUG org.hibernate.boot.internal.InFlightMetadataCollectorImpl - Resolving reference to class: domain.Departament
21:22:58.338 [Test worker] DEBUG org.hibernate.boot.internal.InFlightMetadataCollectorImpl - Resolving reference to class: domain.Angajat
21:22:58.338 [Test worker] DEBUG org.hibernate.boot.internal.InFlightMetadataCollectorImpl - Resolving reference to class: domain.Proiect
21:22:58.338 [Test worker] DEBUG org.hibernate.boot.internal.InFlightMetadataCollectorImpl - Resolving reference to class: domain.Angajat
21:22:58.338 [Test worker] DEBUG org.hibernate.boot.internal.InFlightMetadataCollectorImpl - Resolving reference to class: domain.Angajat
21:22:58.338 [Test worker] DEBUG org.hibernate.boot.internal.InFlightMetadataCollectorImpl - Resolving reference to class: domain.Functie
21:22:58.338 [Test worker] DEBUG org.hibernate.boot.internal.InFlightMetadataCollectorImpl - Resolving reference to class: domain.Departament
21:22:58.338 [Test worker] DEBUG org.hibernate.boot.internal.InFlightMetadataCollectorImpl - Resolving reference to class: domain.Angajat
21:22:58.338 [Test worker] DEBUG org.hibernate.boot.internal.InFlightMetadataCollectorImpl - Resolving reference to class: domain.Proiect
21:22:58.338 [Test worker] DEBUG org.hibernate.boot.internal.InFlightMetadataCollectorImpl - Resolving reference to class: domain.Angajat
21:22:58.338 [Test worker] DEBUG org.hibernate.boot.internal.InFlightMetadataCollectorImpl - Resolving reference to class: domain.Angajat
21:22:58.338 [Test worker] DEBUG org.hibernate.internal.SessionFactoryImpl - Building session factory
21:22:58.338 [Test worker] DEBUG org.hibernate.cfg.Settings - SessionFactory name : null
21:22:58.338 [Test worker] DEBUG org.hibernate.cfg.Settings - Automatic flush during beforeCompletion(): enabled
21:22:58.338 [Test worker] DEBUG org.hibernate.cfg.Settings - Automatic session close at end of transaction: disabled
21:22:58.338 [Test worker] DEBUG org.hibernate.cfg.Settings - Statistics: disabled
21:22:58.338 [Test worker] DEBUG org.hibernate.cfg.Settings - Deleted entity synthetic identifier rollback: disabled
21:22:58.338 [Test worker] DEBUG org.hibernate.cfg.Settings - Default entity-mode: pojo
21:22:58.338 [Test worker] DEBUG org.hibernate.cfg.Settings - Check Nullability in Core (should be disabled when Bean Validation is on): enabled
21:22:58.338 [Test worker] DEBUG org.hibernate.cfg.Settings - Allow initialization of lazy state outside session : enabled
21:22:58.338 [Test worker] DEBUG org.hibernate.cfg.Settings - Using BatchFetchStyle : LEGACY
21:22:58.338 [Test worker] DEBUG org.hibernate.cfg.Settings - Default batch fetch size: -1
21:22:58.338 [Test worker] DEBUG org.hibernate.cfg.Settings - Maximum outer join fetch depth: null
21:22:58.338 [Test worker] DEBUG org.hibernate.cfg.Settings - Default null ordering: NONE
21:22:58.338 [Test worker] DEBUG org.hibernate.cfg.Settings - Order SQL updates by primary key: disabled
21:22:58.338 [Test worker] DEBUG org.hibernate.cfg.Settings - Order SQL inserts for batching: disabled
21:22:58.338 [Test worker] DEBUG org.hibernate.cfg.Settings - multi-tenancy strategy : NONE
21:22:58.338 [Test worker] DEBUG org.hibernate.cfg.Settings - JTA Track by Thread: enabled
21:22:58.338 [Test worker] DEBUG org.hibernate.cfg.Settings - Query language substitutions: {}
21:22:58.338 [Test worker] DEBUG org.hibernate.cfg.Settings - Named query checking : enabled
21:22:58.338 [Test worker] DEBUG org.hibernate.cfg.Settings - Second-level cache: disabled
21:22:58.338 [Test worker] DEBUG org.hibernate.cfg.Settings - Second-level query cache: disabled
21:22:58.338 [Test worker] DEBUG org.hibernate.cfg.Settings - Second-level query cache factory: null
21:22:58.338 [Test worker] DEBUG org.hibernate.cfg.Settings - Second-level cache region prefix: null
21:22:58.338 [Test worker] DEBUG org.hibernate.cfg.Settings - Optimize second-level cache for minimal puts: disabled
21:22:58.338 [Test worker] DEBUG org.hibernate.cfg.Settings - Structured second-level cache entries: disabled
21:22:58.338 [Test worker] DEBUG org.hibernate.cfg.Settings - Second-level cache direct-reference entries: disabled
21:22:58.338 [Test worker] DEBUG org.hibernate.cfg.Settings - Automatic eviction of collection cache: disabled
21:22:58.338 [Test worker] DEBUG org.hibernate.cfg.Settings - JDBC batch size: 0
21:22:58.338 [Test worker] DEBUG org.hibernate.cfg.Settings - JDBC batch updates for versioned data: enabled
21:22:58.338 [Test worker] DEBUG org.hibernate.cfg.Settings - Scrollable result sets: disabled
21:22:58.338 [Test worker] DEBUG org.hibernate.cfg.Settings - Wrap result sets: disabled
21:22:58.338 [Test worker] DEBUG org.hibernate.cfg.Settings - JDBC3 getGeneratedKeys(): enabled
21:22:58.338 [Test worker] DEBUG org.hibernate.cfg.Settings - JDBC result set fetch size: null
21:22:58.338 [Test worker] DEBUG org.hibernate.cfg.Settings - Connection release mode: AFTER_TRANSACTION
21:22:58.338 [Test worker] DEBUG org.hibernate.cfg.Settings - Generate SQL with comments: disabled
21:22:58.338 [Test worker] DEBUG org.hibernate.cfg.Settings - JPA compliance - query : disabled
21:22:58.338 [Test worker] DEBUG org.hibernate.cfg.Settings - JPA compliance - closed-handling : disabled
21:22:58.338 [Test worker] DEBUG org.hibernate.cfg.Settings - JPA compliance - lists : disabled
21:22:58.338 [Test worker] DEBUG org.hibernate.cfg.Settings - JPA compliance - transactions : disabled
21:22:58.354 [Test worker] DEBUG org.hibernate.internal.SessionFactoryImpl - Session factory constructed with filter configurations : {}
21:22:58.354 [Test worker] DEBUG org.hibernate.internal.SessionFactoryImpl - Instantiating session factory with properties: {sun.desktop=windows, awt.toolkit=sun.awt.windows.WToolkit, dialect=utils.SQLiteDialect, java.specification.version=11, sun.cpu.isalist=amd64, sun.jnu.encoding=Cp1250, hibernate.dialect=utils.SQLiteDialect, org.gradle.test.worker=3, java.class.path=C:\\Users\\Dan\\.gradle\\caches\\6.8\\workerMain\\gradle-worker.jar;D:\\Facultate\\Projects\\OrganizareCompanie\\build\\classes\\java\\test;D:\\Facultate\\Projects\\OrganizareCompanie\\build\\resources\\test;D:\\Facultate\\Projects\\OrganizareCompanie\\build\\classes\\java\\main;D:\\Facultate\\Projects\\OrganizareCompanie\\build\\resources\\main;C:\\Users\\Dan\\.gradle\\caches\\modules-2\\files-2.1\\org.springframework.boot\\spring-boot-starter-web\\2.4.3\\4f5554ea183af87e52d8c31bb82aada0d74c40b0\\spring-boot-starter-web-2.4.3.jar;C:\\Users\\Dan\\.gradle\\caches\\modules-2\\files-2.1\\org.xerial\\sqlite-jdbc\\3.34.0\\fd29bb0124e3f79c80b2753162a6a3873c240bcf\\sqlite-jdbc-3.34.0.jar;C:\\Users\\Dan\\.gradle\\caches\\modules-2\\files-2.1\\org.hibernate\\hibernate-java8\\5.1.0.Final\\2bb534acab4f8485a821f0e4d6a2c8df617ee86a\\hibernate-java8-5.1.0.Final.jar;C:\\Users\\Dan\\.gradle\\caches\\modules-2\\files-2.1\\org.hibernate\\hibernate-core\\5.4.29.Final\\74b7c9ad3cb57ae4fd0187480a76f137a7fc3f38\\hibernate-core-5.4.29.Final.jar;C:\\Users\\Dan\\.gradle\\caches\\modules-2\\files-2.1\\org.junit.platform\\junit-platform-engine\\1.7.0\\eadb73c5074a4ac71061defd00fc176152a4d12c\\junit-platform-engine-1.7.0.jar;C:\\Users\\Dan\\.gradle\\caches\\modules-2\\files-2.1\\org.junit.platform\\junit-platform-commons\\1.7.0\\84e309fbf21d857aac079a3c1fffd84284e1114d\\junit-platform-commons-1.7.0.jar;C:\\Users\\Dan\\.gradle\\caches\\modules-2\\files-2.1\\org.junit.jupiter\\junit-jupiter-engine\\5.7.0\\d9044d6b45e2232ddd53fa56c15333e43d1749fd\\junit-jupiter-engine-5.7.0.jar;C:\\Users\\Dan\\.gradle\\caches\\modules-2\\files-2.1\\org.junit.jupiter\\junit-jupiter-api\\5.7.0\\b25f3815c4c1860a73041e733a14a0379d00c4d5\\junit-jupiter-api-5.7.0.jar;C:\\Users\\Dan\\.gradle\\caches\\modules-2\\files-2.1\\org.springframework.boot\\spring-boot-starter-json\\2.4.3\\7b26abb0a0379a00b58a2a50e010b29cf4f16b80\\spring-boot-starter-json-2.4.3.jar;C:\\Users\\Dan\\.gradle\\caches\\modules-2\\files-2.1\\org.springframework.boot\\spring-boot-starter\\2.4.3\\fd8bc0fb5f5aaefb4d6c8b77eb61563aab840c11\\spring-boot-starter-2.4.3.jar;C:\\Users\\Dan\\.gradle\\caches\\modules-2\\files-2.1\\org.springframework.boot\\spring-boot-starter-tomcat\\2.4.3\\4ba28aae05a259625e7e92f8e7338c5e1d22de35\\spring-boot-starter-tomcat-2.4.3.jar;C:\\Users\\Dan\\.gradle\\caches\\modules-2\\files-2.1\\org.springframework\\spring-webmvc\\5.3.4\\8dd52fbe8eafcc7c80998087ec6635baf7a98c20\\spring-webmvc-5.3.4.jar;C:\\Users\\Dan\\.gradle\\caches\\modules-2\\files-2.1\\org.springframework\\spring-web\\5.3.4\\d93829e24a50ed22e781f2302680a210cac5ee84\\spring-web-5.3.4.jar;C:\\Users\\Dan\\.gradle\\caches\\modules-2\\files-2.1\\org.hibernate.common\\hibernate-commons-annotations\\5.1.2.Final\\e59ffdbc6ad09eeb33507b39ffcf287679a498c8\\hibernate-commons-annotations-5.1.2.Final.jar;C:\\Users\\Dan\\.gradle\\caches\\modules-2\\files-2.1\\org.jboss.logging\\jboss-logging\\3.4.1.Final\\40fd4d696c55793e996d1ff3c475833f836c2498\\jboss-logging-3.4.1.Final.jar;C:\\Users\\Dan\\.gradle\\caches\\modules-2\\files-2.1\\javax.persistence\\javax.persistence-api\\2.2\\25665ac8c0b62f50e6488173233239120fc52c96\\javax.persistence-api-2.2.jar;C:\\Users\\Dan\\.gradle\\caches\\modules-2\\files-2.1\\org.javassist\\javassist\\3.27.0-GA\\f63e6aa899e15eca8fdaa402a79af4c417252213\\javassist-3.27.0-GA.jar;C:\\Users\\Dan\\.gradle\\caches\\modules-2\\files-2.1\\net.bytebuddy\\byte-buddy\\1.10.21\\5abe8e141cac9d50a721a22d9c188b3bf19ad0aa\\byte-buddy-1.10.21.jar;C:\\Users\\Dan\\.gradle\\caches\\modules-2\\files-2.1\\antlr\\antlr\\2.7.7\\83cd2cd674a217ade95a4bb83a8a14f351f48bd0\\antlr-2.7.7.jar;C:\\Users\\Dan\\.gradle\\caches\\modules-2\\files-2.1\\org.jboss.spec.javax.transaction\\jboss-transaction-api_1.2_spec\\1.1.1.Final\\a8485cab9484dda36e9a8c319e76b5cc18797b58\\jboss-transaction-api_1.2_spec-1.1.1.Final.jar;C:\\Users\\Dan\\.gradle\\caches\\modules-2\\files-2.1\\org.jboss\\jandex\\2.2.3.Final\\d3865101f0666b63586683bd811d754517f331ab\\jandex-2.2.3.Final.jar;C:\\Users\\Dan\\.gradle\\caches\\modules-2\\files-2.1\\com.fasterxml\\classmate\\1.5.1\\3fe0bed568c62df5e89f4f174c101eab25345b6c\\classmate-1.5.1.jar;C:\\Users\\Dan\\.gradle\\caches\\modules-2\\files-2.1\\org.glassfish.jaxb\\jaxb-runtime\\2.3.1\\dd6dda9da676a54c5b36ca2806ff95ee017d8738\\jaxb-runtime-2.3.1.jar;C:\\Users\\Dan\\.gradle\\caches\\modules-2\\files-2.1\\javax.xml.bind\\jaxb-api\\2.3.1\\8531ad5ac454cc2deb9d4d32c40c4d7451939b5d\\jaxb-api-2.3.1.jar;C:\\Users\\Dan\\.gradle\\caches\\modules-2\\files-2.1\\javax.activation\\javax.activation-api\\1.2.0\\85262acf3ca9816f9537ca47d5adeabaead7cb16\\javax.activation-api-1.2.0.jar;C:\\Users\\Dan\\.gradle\\caches\\modules-2\\files-2.1\\org.dom4j\\dom4j\\2.1.3\\a75914155a9f5808963170ec20653668a2ffd2fd\\dom4j-2.1.3.jar;C:\\Users\\Dan\\.gradle\\caches\\modules-2\\files-2.1\\org.apiguardian\\apiguardian-api\\1.1.0\\fc9dff4bb36d627bdc553de77e1f17efd790876c\\apiguardian-api-1.1.0.jar;C:\\Users\\Dan\\.gradle\\caches\\modules-2\\files-2.1\\org.opentest4j\\opentest4j\\1.2.0\\28c11eb91f9b6d8e200631d46e20a7f407f2a046\\opentest4j-1.2.0.jar;C:\\Users\\Dan\\.gradle\\caches\\modules-2\\files-2.1\\org.springframework.boot\\spring-boot-autoconfigure\\2.4.3\\2f8e1e682e55f70c8ea557982c7adb1256f41bcf\\spring-boot-autoconfigure-2.4.3.jar;C:\\Users\\Dan\\.gradle\\caches\\modules-2\\files-2.1\\org.springframework.boot\\spring-boot\\2.4.3\\de2bd17a8eb9bc3dfa629aa06f2e9fe3bf603c85\\spring-boot-2.4.3.jar;C:\\Users\\Dan\\.gradle\\caches\\modules-2\\files-2.1\\org.springframework.boot\\spring-boot-starter-logging\\2.4.3\\64687abc2255d18cd6592cbb20fa3bee3379cec8\\spring-boot-starter-logging-2.4.3.jar;C:\\Users\\Dan\\.gradle\\caches\\modules-2\\files-2.1\\jakarta.annotation\\jakarta.annotation-api\\1.3.5\\59eb84ee0d616332ff44aba065f3888cf002cd2d\\jakarta.annotation-api-1.3.5.jar;C:\\Users\\Dan\\.gradle\\caches\\modules-2\\files-2.1\\org.springframework\\spring-context\\5.3.4\\fbeadeb0e4d272599a938ec345e99e5f9a76e919\\spring-context-5.3.4.jar;C:\\Users\\Dan\\.gradle\\caches\\modules-2\\files-2.1\\org.springframework\\spring-aop\\5.3.4\\b7180a6427ab524bc1cbd31bf38dd2182632515f\\spring-aop-5.3.4.jar;C:\\Users\\Dan\\.gradle\\caches\\modules-2\\files-2.1\\org.springframework\\spring-beans\\5.3.4\\ac6c5ea0ba82f555405f74104cf378f8071c6d25\\spring-beans-5.3.4.jar;C:\\Users\\Dan\\.gradle\\caches\\modules-2\\files-2.1\\org.springframework\\spring-expression\\5.3.4\\42b71fa955e43a86471509aef14cefe756fc3794\\spring-expression-5.3.4.jar;C:\\Users\\Dan\\.gradle\\caches\\modules-2\\files-2.1\\org.springframework\\spring-core\\5.3.4\\46c1f8abd9e02a292c42a257350f365cec152b5d\\spring-core-5.3.4.jar;C:\\Users\\Dan\\.gradle\\caches\\modules-2\\files-2.1\\org.yaml\\snakeyaml\\1.27\\359d62567480b07a679dc643f82fc926b100eed5\\snakeyaml-1.27.jar;C:\\Users\\Dan\\.gradle\\caches\\modules-2\\files-2.1\\com.fasterxml.jackson.datatype\\jackson-datatype-jdk8\\2.11.4\\e1540dea3c6c681ea4e335a960f730861ee3bedb\\jackson-datatype-jdk8-2.11.4.jar;C:\\Users\\Dan\\.gradle\\caches\\modules-2\\files-2.1\\com.fasterxml.jackson.datatype\\jackson-datatype-jsr310\\2.11.4\\ce6fc76bba06623720e5a9308386b6ae74753f4d\\jackson-datatype-jsr310-2.11.4.jar;C:\\Users\\Dan\\.gradle\\caches\\modules-2\\files-2.1\\com.fasterxml.jackson.module\\jackson-module-parameter-names\\2.11.4\\432e050d79f2282a66c320375d628f1b0842cb12\\jackson-module-parameter-names-2.11.4.jar;C:\\Users\\Dan\\.gradle\\caches\\modules-2\\files-2.1\\com.fasterxml.jackson.core\\jackson-databind\\2.11.4\\5d9f3d441f99d721b957e3497f0a6465c764fad4\\jackson-databind-2.11.4.jar;C:\\Users\\Dan\\.gradle\\caches\\modules-2\\files-2.1\\org.apache.tomcat.embed\\tomcat-embed-websocket\\9.0.43\\78232648dde1a5fd5093f0a3999e593d208e2eab\\tomcat-embed-websocket-9.0.43.jar;C:\\Users\\Dan\\.gradle\\caches\\modules-2\\files-2.1\\org.apache.tomcat.embed\\tomcat-embed-core\\9.0.43\\1d102277426bdd5b12f048731a91665bb69347d1\\tomcat-embed-core-9.0.43.jar;C:\\Users\\Dan\\.gradle\\caches\\modules-2\\files-2.1\\org.glassfish\\jakarta.el\\3.0.3\\dab46ee1ee23f7197c13d7c40fce14817c9017df\\jakarta.el-3.0.3.jar;C:\\Users\\Dan\\.gradle\\caches\\modules-2\\files-2.1\\org.glassfish.jaxb\\txw2\\2.3.1\\a09d2c48d3285f206fafbffe0e50619284e92126\\txw2-2.3.1.jar;C:\\Users\\Dan\\.gradle\\caches\\modules-2\\files-2.1\\com.sun.istack\\istack-commons-runtime\\3.0.7\\c197c86ceec7318b1284bffb49b54226ca774003\\istack-commons-runtime-3.0.7.jar;C:\\Users\\Dan\\.gradle\\caches\\modules-2\\files-2.1\\org.jvnet.staxex\\stax-ex\\1.8\\8cc35f73da321c29973191f2cf143d29d26a1df7\\stax-ex-1.8.jar;C:\\Users\\Dan\\.gradle\\caches\\modules-2\\files-2.1\\com.sun.xml.fastinfoset\\FastInfoset\\1.2.15\\bb7b7ec0379982b97c62cd17465cb6d9155f68e8\\FastInfoset-1.2.15.jar;C:\\Users\\Dan\\.gradle\\caches\\modules-2\\files-2.1\\ch.qos.logback\\logback-classic\\1.2.3\\7c4f3c474fb2c041d8028740440937705ebb473a\\logback-classic-1.2.3.jar;C:\\Users\\Dan\\.gradle\\caches\\modules-2\\files-2.1\\org.apache.logging.log4j\\log4j-to-slf4j\\2.13.3\\966f6fd1af4959d6b12bfa880121d4a2b164f857\\log4j-to-slf4j-2.13.3.jar;C:\\Users\\Dan\\.gradle\\caches\\modules-2\\files-2.1\\org.slf4j\\jul-to-slf4j\\1.7.30\\d58bebff8cbf70ff52b59208586095f467656c30\\jul-to-slf4j-1.7.30.jar;C:\\Users\\Dan\\.gradle\\caches\\modules-2\\files-2.1\\org.springframework\\spring-jcl\\5.3.4\\ca012eb4e9e57f767aa9d5e51fe9a09b28140808\\spring-jcl-5.3.4.jar;C:\\Users\\Dan\\.gradle\\caches\\modules-2\\files-2.1\\com.fasterxml.jackson.core\\jackson-annotations\\2.11.4\\2c3f5c079330f3a01726686a078979420f547ae4\\jackson-annotations-2.11.4.jar;C:\\Users\\Dan\\.gradle\\caches\\modules-2\\files-2.1\\com.fasterxml.jackson.core\\jackson-core\\2.11.4\\593f7b18bab07a76767f181e2a2336135ce82cc4\\jackson-core-2.11.4.jar;C:\\Users\\Dan\\.gradle\\caches\\modules-2\\files-2.1\\ch.qos.logback\\logback-core\\1.2.3\\864344400c3d4d92dfeb0a305dc87d953677c03c\\logback-core-1.2.3.jar;C:\\Users\\Dan\\.gradle\\caches\\modules-2\\files-2.1\\org.slf4j\\slf4j-api\\1.7.30\\b5a4b6d16ab13e34a88fae84c35cd5d68cac922c\\slf4j-api-1.7.30.jar;C:\\Users\\Dan\\.gradle\\caches\\modules-2\\files-2.1\\org.apache.logging.log4j\\log4j-api\\2.13.3\\ec1508160b93d274b1add34419b897bae84c6ca9\\log4j-api-2.13.3.jar, java.vm.vendor=Oracle Corporation, sun.arch.data.model=64, user.variant=, java.vendor.url=http://java.oracle.com/, user.timezone=Europe/Athens, os.name=Windows 10, java.vm.specification.version=11, user.country=US, sun.java.launcher=SUN_STANDARD, sun.boot.library.path=C:\Program Files\Java\jdk-11.0.6\bin, sun.java.command=worker.org.gradle.process.internal.worker.GradleWorkerMain 'Gradle Test Executor 3', jdk.debug=release, sun.cpu.endian=little, user.home=C:\Users\Dan, user.language=en, java.specification.vendor=Oracle Corporation, org.gradle.native=false, java.version.date=2020-01-14, java.home=C:\Program Files\Java\jdk-11.0.6, file.separator=\, java.vm.compressedOopsMode=32-bit, line.separator=
, java.specification.name=Java Platform API Specification, java.vm.specification.vendor=Oracle Corporation, java.awt.graphicsenv=sun.awt.Win32GraphicsEnvironment, hibernate.hbm2ddl.auto=update, user.script=, sun.management.compiler=HotSpot 64-Bit Tiered Compilers, java.runtime.version=11.0.6+8-LTS, user.name=Dan, path.separator=;, hibernate.connection.username=****, os.version=10.0, hibernate.enable_lazy_load_no_trans=true, java.runtime.name=Java(TM) SE Runtime Environment, hibernate.connection.url=jdbc:sqlite:D:\Facultate\Projects\OrganizareCompanie\database, file.encoding=windows-1250, java.vm.name=Java HotSpot(TM) 64-Bit Server VM, hibernate.show_sql=true, java.vendor.version=18.9, hibernate.current_session_context_class=thread, hibernate.connection.driver_class=org.sqlite.JDBC, java.vendor.url.bug=http://bugreport.java.com/bugreport/, java.io.tmpdir=C:\Users\Dan\AppData\Local\Temp\, java.version=11.0.6, user.dir=D:\Facultate\Projects\OrganizareCompanie, os.arch=amd64, java.vm.specification.name=Java Virtual Machine Specification, java.awt.printerjob=sun.awt.windows.WPrinterJob, hibernate.connection.password=****, sun.os.patch.level=, connection.driver_class=org.sqlite.JDBC, hibernate.boot.CfgXmlAccessService.key=org.hibernate.boot.cfgxml.spi.LoadedConfig@6254747b, java.library.path=C:\Program Files\Java\jdk-11.0.6\bin;C:\WINDOWS\Sun\Java\bin;C:\WINDOWS\system32;C:\WINDOWS;;C:\Python38\Scripts\;C:\Python38\;D:\Facultate\Scripts\;D:\Facultate\;C:\Users\Dan\Desktop\Facultate 2018-2019\Semestrul I\Fundamentele programarii\Python\Scripts\;C:\Users\Dan\Desktop\Facultate 2018-2019\Semestrul I\Fundamentele programarii\Python\;C:\Users\Dan\Desktop\Facultate 2018-2019\Semestrul I\Fundamentele programarii\Scripts\;C:\Users\Dan\Desktop\Facultate 2018-2019\Semestrul I\Fundamentele programarii\;C:\WINDOWS\system32;C:\WINDOWS;C:\WINDOWS\System32\Wbem;C:\WINDOWS\System32\WindowsPowerShell\v1.0\;C:\WINDOWS\System32\OpenSSH\;D:\Facultate\PuTTY\;C:\Program Files\dotnet\;C:\Program Files\Microsoft SQL Server\Client SDK\ODBC\170\Tools\Binn\;C:\Users\Dan\Proto\bin;D:\Facultate\NodeJS\;C:\ProgramData\chocolatey\bin;C:\Program Files\Git\cmd;C:\Program Files\Java\jdk-10.0.2\bin;C:\Program Files (x86)\GnuWin32\bin;C:\MinGW\bin;C:\Program Files\Java\jdk-11.0.6\bin;C:\WINDOWS\system32;C:\WINDOWS;C:\WINDOWS\System32\Wbem;C:\WINDOWS\System32\WindowsPowerShell\v1.0\;C:\WINDOWS\System32\OpenSSH\;C:\Program Files\Intel\WiFi\bin\;C:\Program Files\Common Files\Intel\WirelessCommon\;D:\Facultate\Python\Scripts\;D:\Facultate\Python\;C:\Users\Dan\AppData\Local\Microsoft\WindowsApps;C:\Users\Dan\AppData\Local\GitHubDesktop\bin;C:\Users\Dan\AppData\Roaming\npm;D:\Facultate\Microsoft VS Code\bin;C:\Users\Dan\AppData\Local\Microsoft\WindowsApps;C:\Users\Dan\Documents\driver;;., java.vendor=Oracle Corporation, java.vm.info=mixed mode, java.vm.version=11.0.6+8-LTS, hibernate.bytecode.use_reflection_optimizer=false, sun.io.unicode.encoding=UnicodeLittle, hibernate.connection.pool_size=1, connection.url=jdbc:sqlite:D:\Facultate\Projects\OrganizareCompanie\database, java.class.version=55.0}
21:22:58.354 [Test worker] DEBUG org.hibernate.secure.spi.JaccIntegrator - Skipping JACC integration as it was not enabled
21:22:58.354 [Test worker] DEBUG org.hibernate.internal.SessionFactoryImpl - Instantiated session factory
21:22:58.354 [Test worker] DEBUG org.hibernate.type.spi.TypeConfiguration$Scope - Scoping TypeConfiguration [org.hibernate.type.spi.TypeConfiguration@79bdf4b4] to SessionFactoryImpl [org.hibernate.internal.SessionFactoryImpl@82c9f5b]
21:22:58.354 [Test worker] DEBUG org.hibernate.boot.internal.ClassLoaderAccessImpl - Not known whether passed class name [domain.Functie] is safe
21:22:58.354 [Test worker] DEBUG org.hibernate.boot.internal.ClassLoaderAccessImpl - No temp ClassLoader provided; using live ClassLoader for loading potentially unsafe class : domain.Functie
21:22:58.369 [Test worker] DEBUG org.hibernate.boot.internal.ClassLoaderAccessImpl - Not known whether passed class name [domain.Departament] is safe
21:22:58.369 [Test worker] DEBUG org.hibernate.boot.internal.ClassLoaderAccessImpl - No temp ClassLoader provided; using live ClassLoader for loading potentially unsafe class : domain.Departament
21:22:58.369 [Test worker] DEBUG org.hibernate.boot.internal.ClassLoaderAccessImpl - Not known whether passed class name [domain.Angajat] is safe
21:22:58.369 [Test worker] DEBUG org.hibernate.boot.internal.ClassLoaderAccessImpl - No temp ClassLoader provided; using live ClassLoader for loading potentially unsafe class : domain.Angajat
21:22:58.385 [Test worker] DEBUG org.hibernate.boot.internal.ClassLoaderAccessImpl - Not known whether passed class name [domain.Proiect] is safe
21:22:58.385 [Test worker] DEBUG org.hibernate.boot.internal.ClassLoaderAccessImpl - No temp ClassLoader provided; using live ClassLoader for loading potentially unsafe class : domain.Proiect
21:22:58.385 [Test worker] DEBUG org.hibernate.boot.internal.ClassLoaderAccessImpl - Not known whether passed class name [domain.Concediu] is safe
21:22:58.385 [Test worker] DEBUG org.hibernate.boot.internal.ClassLoaderAccessImpl - No temp ClassLoader provided; using live ClassLoader for loading potentially unsafe class : domain.Concediu
21:22:58.401 [Test worker] DEBUG org.hibernate.persister.collection.AbstractCollectionPersister - Static SQL for collection: domain.Angajat.proiecte
21:22:58.401 [Test worker] DEBUG org.hibernate.persister.collection.AbstractCollectionPersister -  Row insert: insert into angajati_proiecte (id_angajat, id_proiect) values (?, ?)
21:22:58.401 [Test worker] DEBUG org.hibernate.persister.collection.AbstractCollectionPersister -  Row update: update angajati_proiecte set id_proiect=? where id_angajat=? and id_proiect=?
21:22:58.401 [Test worker] DEBUG org.hibernate.persister.collection.AbstractCollectionPersister -  Row delete: delete from angajati_proiecte where id_angajat=? and id_proiect=?
21:22:58.401 [Test worker] DEBUG org.hibernate.persister.collection.AbstractCollectionPersister -  One-shot delete: delete from angajati_proiecte where id_angajat=?
21:22:58.401 [Test worker] DEBUG org.hibernate.persister.collection.AbstractCollectionPersister - Static SQL for collection: domain.Angajat.concedii
21:22:58.401 [Test worker] DEBUG org.hibernate.persister.collection.AbstractCollectionPersister -  Row insert: update concedii set id_angajat=? where id=?
21:22:58.401 [Test worker] DEBUG org.hibernate.persister.collection.AbstractCollectionPersister -  Row update: update concedii set  where id=?
21:22:58.401 [Test worker] DEBUG org.hibernate.persister.collection.AbstractCollectionPersister -  Row delete: update concedii set id_angajat=null where id_angajat=? and id=?
21:22:58.401 [Test worker] DEBUG org.hibernate.persister.collection.AbstractCollectionPersister -  One-shot delete: update concedii set id_angajat=null where id_angajat=?
21:22:58.401 [Test worker] DEBUG org.hibernate.persister.collection.AbstractCollectionPersister - Static SQL for collection: domain.Angajat.departamente
21:22:58.401 [Test worker] DEBUG org.hibernate.persister.collection.AbstractCollectionPersister -  Row insert: insert into angajati_departamente (id_angajat, id_departament) values (?, ?)
21:22:58.401 [Test worker] DEBUG org.hibernate.persister.collection.AbstractCollectionPersister -  Row update: update angajati_departamente set id_departament=? where id_angajat=? and id_departament=?
21:22:58.401 [Test worker] DEBUG org.hibernate.persister.collection.AbstractCollectionPersister -  Row delete: delete from angajati_departamente where id_angajat=? and id_departament=?
21:22:58.401 [Test worker] DEBUG org.hibernate.persister.collection.AbstractCollectionPersister -  One-shot delete: delete from angajati_departamente where id_angajat=?
21:22:58.401 [Test worker] DEBUG org.hibernate.persister.entity.AbstractEntityPersister - Static SQL for entity: domain.Functie
21:22:58.401 [Test worker] DEBUG org.hibernate.persister.entity.AbstractEntityPersister -  Version select: select id from functii where id =?
21:22:58.401 [Test worker] DEBUG org.hibernate.persister.entity.AbstractEntityPersister -  Snapshot select: select functie_.id, functie_.salar_de_baza as salar_de2_5_ from functii functie_ where functie_.id=?
21:22:58.401 [Test worker] DEBUG org.hibernate.persister.entity.AbstractEntityPersister -  Insert 0: insert into functii (salar_de_baza, id) values (?, ?)
21:22:58.401 [Test worker] DEBUG org.hibernate.persister.entity.AbstractEntityPersister -  Update 0: update functii set salar_de_baza=? where id=?
21:22:58.401 [Test worker] DEBUG org.hibernate.persister.entity.AbstractEntityPersister -  Delete 0: delete from functii where id=?
21:22:58.401 [Test worker] DEBUG org.hibernate.persister.entity.AbstractEntityPersister -  Identity insert: insert into functii (salar_de_baza) values (?)
21:22:58.401 [Test worker] DEBUG org.hibernate.loader.plan.build.internal.spaces.QuerySpacesImpl - Adding QuerySpace : uid = <gen:0> -> org.hibernate.loader.plan.build.internal.spaces.EntityQuerySpaceImpl@397c0a9f]
21:22:58.401 [Test worker] DEBUG org.hibernate.persister.walking.spi.MetamodelGraphWalker - Visiting attribute path : salarDeBaza
21:22:58.401 [Test worker] DEBUG org.hibernate.loader.plan.build.internal.FetchStyleLoadPlanBuildingAssociationVisitationStrategy - Building LoadPlan...
21:22:58.401 [Test worker] DEBUG org.hibernate.loader.plan.exec.internal.LoadQueryJoinAndFetchProcessor - processing queryspace <gen:0>
21:22:58.401 [Test worker] DEBUG org.hibernate.loader.plan.build.spi.LoadPlanTreePrinter - LoadPlan(entity=domain.Functie)
    - Returns
       - EntityReturnImpl(entity=domain.Functie, querySpaceUid=<gen:0>, path=domain.Functie)
    - QuerySpaces
       - EntityQuerySpaceImpl(uid=<gen:0>, entity=domain.Functie)
          - SQL table alias mapping - functie0_
          - alias suffix - 0_
          - suffixed key columns - {id1_5_0_}

21:22:58.401 [Test worker] DEBUG org.hibernate.loader.entity.plan.EntityLoader - Static select for entity domain.Functie [NONE]: select functie0_.id as id1_5_0_, functie0_.salar_de_baza as salar_de2_5_0_ from functii functie0_ where functie0_.id=?
21:22:58.401 [Test worker] DEBUG org.hibernate.persister.entity.AbstractEntityPersister - Static SQL for entity: domain.Departament
21:22:58.401 [Test worker] DEBUG org.hibernate.persister.entity.AbstractEntityPersister -  Version select: select id from departamente where id =?
21:22:58.401 [Test worker] DEBUG org.hibernate.persister.entity.AbstractEntityPersister -  Snapshot select: select departamen_.id, departamen_.id_director as id_direc2_4_ from departamente departamen_ where departamen_.id=?
21:22:58.401 [Test worker] DEBUG org.hibernate.persister.entity.AbstractEntityPersister -  Insert 0: insert into departamente (id_director, id) values (?, ?)
21:22:58.401 [Test worker] DEBUG org.hibernate.persister.entity.AbstractEntityPersister -  Update 0: update departamente set id_director=? where id=?
21:22:58.401 [Test worker] DEBUG org.hibernate.persister.entity.AbstractEntityPersister -  Delete 0: delete from departamente where id=?
21:22:58.401 [Test worker] DEBUG org.hibernate.persister.entity.AbstractEntityPersister -  Identity insert: insert into departamente (id_director) values (?)
21:22:58.401 [Test worker] DEBUG org.hibernate.loader.plan.build.internal.spaces.QuerySpacesImpl - Adding QuerySpace : uid = <gen:0> -> org.hibernate.loader.plan.build.internal.spaces.EntityQuerySpaceImpl@343e64ac]
21:22:58.401 [Test worker] DEBUG org.hibernate.persister.walking.spi.MetamodelGraphWalker - Visiting attribute path : idDirector
21:22:58.401 [Test worker] DEBUG org.hibernate.loader.plan.build.internal.FetchStyleLoadPlanBuildingAssociationVisitationStrategy - Building LoadPlan...
21:22:58.401 [Test worker] DEBUG org.hibernate.loader.plan.exec.internal.LoadQueryJoinAndFetchProcessor - processing queryspace <gen:0>
21:22:58.401 [Test worker] DEBUG org.hibernate.loader.plan.build.spi.LoadPlanTreePrinter - LoadPlan(entity=domain.Departament)
    - Returns
       - EntityReturnImpl(entity=domain.Departament, querySpaceUid=<gen:0>, path=domain.Departament)
    - QuerySpaces
       - EntityQuerySpaceImpl(uid=<gen:0>, entity=domain.Departament)
          - SQL table alias mapping - departamen0_
          - alias suffix - 0_
          - suffixed key columns - {id1_4_0_}

21:22:58.401 [Test worker] DEBUG org.hibernate.loader.entity.plan.EntityLoader - Static select for entity domain.Departament [NONE]: select departamen0_.id as id1_4_0_, departamen0_.id_director as id_direc2_4_0_ from departamente departamen0_ where departamen0_.id=?
21:22:58.401 [Test worker] DEBUG org.hibernate.persister.entity.AbstractEntityPersister - Static SQL for entity: domain.Angajat
21:22:58.401 [Test worker] DEBUG org.hibernate.persister.entity.AbstractEntityPersister -  Version select: select id from angajati where id =?
21:22:58.401 [Test worker] DEBUG org.hibernate.persister.entity.AbstractEntityPersister -  Snapshot select: select angajat_.id, angajat_.data_angajare as data_ang2_0_, angajat_.functie_id as functie_4_0_, angajat_.id_superior as id_super3_0_ from angajati angajat_ where angajat_.id=?
21:22:58.401 [Test worker] DEBUG org.hibernate.persister.entity.AbstractEntityPersister -  Insert 0: insert into angajati (data_angajare, functie_id, id_superior, id) values (?, ?, ?, ?)
21:22:58.401 [Test worker] DEBUG org.hibernate.persister.entity.AbstractEntityPersister -  Update 0: update angajati set data_angajare=?, functie_id=?, id_superior=? where id=?
21:22:58.401 [Test worker] DEBUG org.hibernate.persister.entity.AbstractEntityPersister -  Delete 0: delete from angajati where id=?
21:22:58.401 [Test worker] DEBUG org.hibernate.persister.entity.AbstractEntityPersister -  Identity insert: insert into angajati (data_angajare, functie_id, id_superior) values (?, ?, ?)
21:22:58.401 [Test worker] DEBUG org.hibernate.loader.plan.build.internal.spaces.QuerySpacesImpl - Adding QuerySpace : uid = <gen:0> -> org.hibernate.loader.plan.build.internal.spaces.EntityQuerySpaceImpl@9eadba2]
21:22:58.401 [Test worker] DEBUG org.hibernate.persister.walking.spi.MetamodelGraphWalker - Visiting attribute path : concedii
21:22:58.401 [Test worker] DEBUG org.hibernate.loader.plan.build.internal.spaces.QuerySpacesImpl - Adding QuerySpace : uid = <gen:1> -> org.hibernate.loader.plan.build.internal.spaces.CollectionQuerySpaceImpl@6d1fa7f8]
21:22:58.401 [Test worker] DEBUG org.hibernate.loader.plan.build.internal.spaces.QuerySpacesImpl - Adding QuerySpace : uid = <gen:2> -> org.hibernate.loader.plan.build.internal.spaces.EntityQuerySpaceImpl@6552147c]
21:22:58.401 [Test worker] DEBUG org.hibernate.persister.walking.spi.MetamodelGraphWalker - Visiting attribute path : dataAngajare
21:22:58.401 [Test worker] DEBUG org.hibernate.persister.walking.spi.MetamodelGraphWalker - Visiting attribute path : departamente
21:22:58.401 [Test worker] DEBUG org.hibernate.loader.plan.build.internal.spaces.QuerySpacesImpl - Adding QuerySpace : uid = <gen:3> -> org.hibernate.loader.plan.build.internal.spaces.CollectionQuerySpaceImpl@3abae4bf]
21:22:58.401 [Test worker] DEBUG org.hibernate.loader.plan.build.internal.spaces.QuerySpacesImpl - Adding QuerySpace : uid = <gen:4> -> org.hibernate.loader.plan.build.internal.spaces.EntityQuerySpaceImpl@da6b50d]
21:22:58.401 [Test worker] DEBUG org.hibernate.persister.walking.spi.MetamodelGraphWalker - Visiting attribute path : functie
21:22:58.401 [Test worker] DEBUG org.hibernate.loader.plan.build.internal.spaces.QuerySpacesImpl - Adding QuerySpace : uid = <gen:5> -> org.hibernate.loader.plan.build.internal.spaces.EntityQuerySpaceImpl@1d16f326]
21:22:58.401 [Test worker] DEBUG org.hibernate.persister.walking.spi.MetamodelGraphWalker - Visiting attribute path : functie.salarDeBaza
21:22:58.401 [Test worker] DEBUG org.hibernate.persister.walking.spi.MetamodelGraphWalker - Visiting attribute path : idSuperior
21:22:58.401 [Test worker] DEBUG org.hibernate.persister.walking.spi.MetamodelGraphWalker - Visiting attribute path : proiecte
21:22:58.401 [Test worker] DEBUG org.hibernate.loader.plan.build.internal.spaces.QuerySpacesImpl - Adding QuerySpace : uid = <gen:6> -> org.hibernate.loader.plan.build.internal.spaces.CollectionQuerySpaceImpl@5e06bad]
21:22:58.401 [Test worker] DEBUG org.hibernate.loader.plan.build.internal.spaces.QuerySpacesImpl - Adding QuerySpace : uid = <gen:7> -> org.hibernate.loader.plan.build.internal.spaces.EntityQuerySpaceImpl@3dd6b8c1]
21:22:58.401 [Test worker] DEBUG org.hibernate.loader.plan.build.internal.FetchStyleLoadPlanBuildingAssociationVisitationStrategy - Building LoadPlan...
21:22:58.401 [Test worker] DEBUG org.hibernate.loader.plan.exec.internal.LoadQueryJoinAndFetchProcessor - processing queryspace <gen:0>
21:22:58.401 [Test worker] DEBUG org.hibernate.loader.plan.build.spi.LoadPlanTreePrinter - LoadPlan(entity=domain.Angajat)
    - Returns
       - EntityReturnImpl(entity=domain.Angajat, querySpaceUid=<gen:0>, path=domain.Angajat)
          - CollectionAttributeFetchImpl(collection=domain.Angajat.concedii, querySpaceUid=<gen:1>, path=domain.Angajat.concedii)
             - (collection element) CollectionFetchableElementEntityGraph(entity=domain.Concediu, querySpaceUid=<gen:2>, path=domain.Angajat.concedii.<elements>)
          - CollectionAttributeFetchImpl(collection=domain.Angajat.departamente, querySpaceUid=<gen:3>, path=domain.Angajat.departamente)
             - (collection element) CollectionFetchableElementEntityGraph(entity=domain.Departament, querySpaceUid=<gen:4>, path=domain.Angajat.departamente.<elements>)
          - EntityAttributeFetchImpl(entity=domain.Functie, querySpaceUid=<gen:5>, path=domain.Angajat.functie)
          - CollectionAttributeFetchImpl(collection=domain.Angajat.proiecte, querySpaceUid=<gen:6>, path=domain.Angajat.proiecte)
             - (collection element) CollectionFetchableElementEntityGraph(entity=domain.Proiect, querySpaceUid=<gen:7>, path=domain.Angajat.proiecte.<elements>)
    - QuerySpaces
       - EntityQuerySpaceImpl(uid=<gen:0>, entity=domain.Angajat)
          - SQL table alias mapping - angajat0_
          - alias suffix - 0_
          - suffixed key columns - {id1_0_0_}
          - JOIN (JoinDefinedByMetadata(functie)) : <gen:0> -> <gen:5>
             - EntityQuerySpaceImpl(uid=<gen:5>, entity=domain.Functie)
                - SQL table alias mapping - functie1_
                - alias suffix - 1_
                - suffixed key columns - {id1_5_1_}

21:22:58.401 [Test worker] DEBUG org.hibernate.loader.entity.plan.EntityLoader - Static select for entity domain.Angajat [NONE]: select angajat0_.id as id1_0_0_, angajat0_.data_angajare as data_ang2_0_0_, angajat0_.functie_id as functie_4_0_0_, angajat0_.id_superior as id_super3_0_0_, functie1_.id as id1_5_1_, functie1_.salar_de_baza as salar_de2_5_1_ from angajati angajat0_ left outer join functii functie1_ on angajat0_.functie_id=functie1_.id where angajat0_.id=?
21:22:58.401 [Test worker] DEBUG org.hibernate.persister.entity.AbstractEntityPersister - Static SQL for entity: domain.Proiect
21:22:58.401 [Test worker] DEBUG org.hibernate.persister.entity.AbstractEntityPersister -  Version select: select id from proiecte where id =?
21:22:58.401 [Test worker] DEBUG org.hibernate.persister.entity.AbstractEntityPersister -  Snapshot select: select proiect_.id, proiect_.data_inceput as data_inc2_6_, proiect_.deadline as deadline3_6_ from proiecte proiect_ where proiect_.id=?
21:22:58.401 [Test worker] DEBUG org.hibernate.persister.entity.AbstractEntityPersister -  Insert 0: insert into proiecte (data_inceput, deadline, id) values (?, ?, ?)
21:22:58.401 [Test worker] DEBUG org.hibernate.persister.entity.AbstractEntityPersister -  Update 0: update proiecte set data_inceput=?, deadline=? where id=?
21:22:58.401 [Test worker] DEBUG org.hibernate.persister.entity.AbstractEntityPersister -  Delete 0: delete from proiecte where id=?
21:22:58.401 [Test worker] DEBUG org.hibernate.persister.entity.AbstractEntityPersister -  Identity insert: insert into proiecte (data_inceput, deadline) values (?, ?)
21:22:58.401 [Test worker] DEBUG org.hibernate.loader.plan.build.internal.spaces.QuerySpacesImpl - Adding QuerySpace : uid = <gen:0> -> org.hibernate.loader.plan.build.internal.spaces.EntityQuerySpaceImpl@1773f39e]
21:22:58.401 [Test worker] DEBUG org.hibernate.persister.walking.spi.MetamodelGraphWalker - Visiting attribute path : dataInceput
21:22:58.401 [Test worker] DEBUG org.hibernate.persister.walking.spi.MetamodelGraphWalker - Visiting attribute path : deadline
21:22:58.401 [Test worker] DEBUG org.hibernate.loader.plan.build.internal.FetchStyleLoadPlanBuildingAssociationVisitationStrategy - Building LoadPlan...
21:22:58.401 [Test worker] DEBUG org.hibernate.loader.plan.exec.internal.LoadQueryJoinAndFetchProcessor - processing queryspace <gen:0>
21:22:58.401 [Test worker] DEBUG org.hibernate.loader.plan.build.spi.LoadPlanTreePrinter - LoadPlan(entity=domain.Proiect)
    - Returns
       - EntityReturnImpl(entity=domain.Proiect, querySpaceUid=<gen:0>, path=domain.Proiect)
    - QuerySpaces
       - EntityQuerySpaceImpl(uid=<gen:0>, entity=domain.Proiect)
          - SQL table alias mapping - proiect0_
          - alias suffix - 0_
          - suffixed key columns - {id1_6_0_}

21:22:58.401 [Test worker] DEBUG org.hibernate.loader.entity.plan.EntityLoader - Static select for entity domain.Proiect [NONE]: select proiect0_.id as id1_6_0_, proiect0_.data_inceput as data_inc2_6_0_, proiect0_.deadline as deadline3_6_0_ from proiecte proiect0_ where proiect0_.id=?
21:22:58.401 [Test worker] DEBUG org.hibernate.persister.entity.AbstractEntityPersister - Static SQL for entity: domain.Concediu
21:22:58.401 [Test worker] DEBUG org.hibernate.persister.entity.AbstractEntityPersister -  Version select: select id from concedii where id =?
21:22:58.401 [Test worker] DEBUG org.hibernate.persister.entity.AbstractEntityPersister -  Snapshot select: select concediu_.id, concediu_.id_angajat as id_angaj4_3_, concediu_.data_inceput as data_inc2_3_, concediu_.data_sfarsit as data_sfa3_3_ from concedii concediu_ where concediu_.id=?
21:22:58.401 [Test worker] DEBUG org.hibernate.persister.entity.AbstractEntityPersister -  Insert 0: insert into concedii (id_angajat, data_inceput, data_sfarsit, id) values (?, ?, ?, ?)
21:22:58.401 [Test worker] DEBUG org.hibernate.persister.entity.AbstractEntityPersister -  Update 0: update concedii set id_angajat=?, data_inceput=?, data_sfarsit=? where id=?
21:22:58.401 [Test worker] DEBUG org.hibernate.persister.entity.AbstractEntityPersister -  Delete 0: delete from concedii where id=?
21:22:58.401 [Test worker] DEBUG org.hibernate.persister.entity.AbstractEntityPersister -  Identity insert: insert into concedii (id_angajat, data_inceput, data_sfarsit) values (?, ?, ?)
21:22:58.401 [Test worker] DEBUG org.hibernate.loader.plan.build.internal.spaces.QuerySpacesImpl - Adding QuerySpace : uid = <gen:0> -> org.hibernate.loader.plan.build.internal.spaces.EntityQuerySpaceImpl@6e0ded41]
21:22:58.401 [Test worker] DEBUG org.hibernate.persister.walking.spi.MetamodelGraphWalker - Visiting attribute path : angajat
21:22:58.401 [Test worker] DEBUG org.hibernate.loader.plan.build.internal.spaces.QuerySpacesImpl - Adding QuerySpace : uid = <gen:1> -> org.hibernate.loader.plan.build.internal.spaces.EntityQuerySpaceImpl@6ef2b0be]
21:22:58.401 [Test worker] DEBUG org.hibernate.persister.walking.spi.MetamodelGraphWalker - Visiting attribute path : dataInceput
21:22:58.401 [Test worker] DEBUG org.hibernate.persister.walking.spi.MetamodelGraphWalker - Visiting attribute path : dataSfarsit
21:22:58.401 [Test worker] DEBUG org.hibernate.loader.plan.build.internal.FetchStyleLoadPlanBuildingAssociationVisitationStrategy - Building LoadPlan...
21:22:58.401 [Test worker] DEBUG org.hibernate.loader.plan.exec.internal.LoadQueryJoinAndFetchProcessor - processing queryspace <gen:0>
21:22:58.401 [Test worker] DEBUG org.hibernate.loader.plan.build.spi.LoadPlanTreePrinter - LoadPlan(entity=domain.Concediu)
    - Returns
       - EntityReturnImpl(entity=domain.Concediu, querySpaceUid=<gen:0>, path=domain.Concediu)
          - EntityAttributeFetchImpl(entity=domain.Angajat, querySpaceUid=<gen:1>, path=domain.Concediu.angajat)
    - QuerySpaces
       - EntityQuerySpaceImpl(uid=<gen:0>, entity=domain.Concediu)
          - SQL table alias mapping - concediu0_
          - alias suffix - 0_
          - suffixed key columns - {id1_3_0_}

21:22:58.401 [Test worker] DEBUG org.hibernate.loader.entity.plan.EntityLoader - Static select for entity domain.Concediu [NONE]: select concediu0_.id as id1_3_0_, concediu0_.id_angajat as id_angaj4_3_0_, concediu0_.data_inceput as data_inc2_3_0_, concediu0_.data_sfarsit as data_sfa3_3_0_ from concedii concediu0_ where concediu0_.id=?
21:22:58.401 [Test worker] DEBUG org.hibernate.loader.plan.build.internal.spaces.QuerySpacesImpl - Adding QuerySpace : uid = <gen:0> -> org.hibernate.loader.plan.build.internal.spaces.CollectionQuerySpaceImpl@3469ea1f]
21:22:58.401 [Test worker] DEBUG org.hibernate.loader.plan.build.internal.spaces.QuerySpacesImpl - Adding QuerySpace : uid = <gen:1> -> org.hibernate.loader.plan.build.internal.spaces.EntityQuerySpaceImpl@358f7e36]
21:22:58.401 [Test worker] DEBUG org.hibernate.persister.walking.spi.MetamodelGraphWalker - Visiting attribute path : dataInceput
21:22:58.401 [Test worker] DEBUG org.hibernate.persister.walking.spi.MetamodelGraphWalker - Visiting attribute path : deadline
21:22:58.401 [Test worker] DEBUG org.hibernate.loader.plan.build.internal.FetchStyleLoadPlanBuildingAssociationVisitationStrategy - Building LoadPlan...
21:22:58.401 [Test worker] DEBUG org.hibernate.loader.plan.exec.internal.LoadQueryJoinAndFetchProcessor - processing queryspace <gen:0>
21:22:58.401 [Test worker] DEBUG org.hibernate.loader.plan.build.spi.LoadPlanTreePrinter - LoadPlan(collection=domain.Angajat.proiecte)
    - Returns
       - CollectionReturnImpl(collection=domain.Angajat.proiecte, querySpaceUid=<gen:0>, path=[domain.Angajat.proiecte])
          - (collection element) CollectionFetchableElementEntityGraph(entity=domain.Proiect, querySpaceUid=<gen:1>, path=[domain.Angajat.proiecte].<elements>)
    - QuerySpaces
       - CollectionQuerySpaceImpl(uid=<gen:0>, collection=domain.Angajat.proiecte)
          - SQL table alias mapping - proiecte0_
          - alias suffix - 0_
          - suffixed key columns - {id_angaj1_2_0_}
          - entity-element alias suffix - 1_
          - 1_entity-element suffixed key columns - id1_6_1_
          - JOIN (JoinDefinedByMetadata(elements)) : <gen:0> -> <gen:1>
             - EntityQuerySpaceImpl(uid=<gen:1>, entity=domain.Proiect)
                - SQL table alias mapping - proiect1_
                - alias suffix - 1_
                - suffixed key columns - {id1_6_1_}

21:22:58.401 [Test worker] DEBUG org.hibernate.loader.collection.plan.CollectionLoader - Static select for collection domain.Angajat.proiecte: select proiecte0_.id_angajat as id_angaj1_2_0_, proiecte0_.id_proiect as id_proie2_2_0_, proiect1_.id as id1_6_1_, proiect1_.data_inceput as data_inc2_6_1_, proiect1_.deadline as deadline3_6_1_ from angajati_proiecte proiecte0_ inner join proiecte proiect1_ on proiecte0_.id_proiect=proiect1_.id where proiecte0_.id_angajat=?
21:22:58.401 [Test worker] DEBUG org.hibernate.loader.plan.build.internal.spaces.QuerySpacesImpl - Adding QuerySpace : uid = <gen:0> -> org.hibernate.loader.plan.build.internal.spaces.CollectionQuerySpaceImpl@799fa13c]
21:22:58.401 [Test worker] DEBUG org.hibernate.loader.plan.build.internal.spaces.QuerySpacesImpl - Adding QuerySpace : uid = <gen:1> -> org.hibernate.loader.plan.build.internal.spaces.EntityQuerySpaceImpl@37af1ef7]
21:22:58.401 [Test worker] DEBUG org.hibernate.persister.walking.spi.MetamodelGraphWalker - Visiting attribute path : angajat
21:22:58.401 [Test worker] DEBUG org.hibernate.persister.walking.spi.MetamodelGraphWalker - Property path deemed to be circular : angajat
21:22:58.401 [Test worker] DEBUG org.hibernate.persister.walking.spi.MetamodelGraphWalker - Visiting attribute path : dataInceput
21:22:58.401 [Test worker] DEBUG org.hibernate.persister.walking.spi.MetamodelGraphWalker - Visiting attribute path : dataSfarsit
21:22:58.401 [Test worker] DEBUG org.hibernate.loader.plan.build.internal.FetchStyleLoadPlanBuildingAssociationVisitationStrategy - Building LoadPlan...
21:22:58.401 [Test worker] DEBUG org.hibernate.loader.plan.exec.internal.LoadQueryJoinAndFetchProcessor - processing queryspace <gen:0>
21:22:58.401 [Test worker] DEBUG org.hibernate.loader.plan.build.spi.LoadPlanTreePrinter - LoadPlan(collection=domain.Angajat.concedii)
    - Returns
       - CollectionReturnImpl(collection=domain.Angajat.concedii, querySpaceUid=<gen:0>, path=[domain.Angajat.concedii])
          - (collection element) CollectionFetchableElementEntityGraph(entity=domain.Concediu, querySpaceUid=<gen:1>, path=[domain.Angajat.concedii].<elements>)
    - QuerySpaces
       - CollectionQuerySpaceImpl(uid=<gen:0>, collection=domain.Angajat.concedii)
          - SQL table alias mapping - concedii0_
          - alias suffix - 0_
          - suffixed key columns - {id_angaj4_3_0_}
          - entity-element alias suffix - 1_
          - 1_entity-element suffixed key columns - id1_3_1_
          - JOIN (JoinDefinedByMetadata(elements)) : <gen:0> -> <gen:1>
             - EntityQuerySpaceImpl(uid=<gen:1>, entity=domain.Concediu)
                - SQL table alias mapping - concedii0_
                - alias suffix - 1_
                - suffixed key columns - {id1_3_1_}

21:22:58.401 [Test worker] DEBUG org.hibernate.loader.collection.plan.CollectionLoader - Static select for collection domain.Angajat.concedii: select concedii0_.id_angajat as id_angaj4_3_0_, concedii0_.id as id1_3_0_, concedii0_.id as id1_3_1_, concedii0_.id_angajat as id_angaj4_3_1_, concedii0_.data_inceput as data_inc2_3_1_, concedii0_.data_sfarsit as data_sfa3_3_1_ from concedii concedii0_ where concedii0_.id_angajat=?
21:22:58.401 [Test worker] DEBUG org.hibernate.loader.plan.build.internal.spaces.QuerySpacesImpl - Adding QuerySpace : uid = <gen:0> -> org.hibernate.loader.plan.build.internal.spaces.CollectionQuerySpaceImpl@29ed00ff]
21:22:58.401 [Test worker] DEBUG org.hibernate.loader.plan.build.internal.spaces.QuerySpacesImpl - Adding QuerySpace : uid = <gen:1> -> org.hibernate.loader.plan.build.internal.spaces.EntityQuerySpaceImpl@66faeb93]
21:22:58.401 [Test worker] DEBUG org.hibernate.persister.walking.spi.MetamodelGraphWalker - Visiting attribute path : idDirector
21:22:58.401 [Test worker] DEBUG org.hibernate.loader.plan.build.internal.FetchStyleLoadPlanBuildingAssociationVisitationStrategy - Building LoadPlan...
21:22:58.401 [Test worker] DEBUG org.hibernate.loader.plan.exec.internal.LoadQueryJoinAndFetchProcessor - processing queryspace <gen:0>
21:22:58.401 [Test worker] DEBUG org.hibernate.loader.plan.build.spi.LoadPlanTreePrinter - LoadPlan(collection=domain.Angajat.departamente)
    - Returns
       - CollectionReturnImpl(collection=domain.Angajat.departamente, querySpaceUid=<gen:0>, path=[domain.Angajat.departamente])
          - (collection element) CollectionFetchableElementEntityGraph(entity=domain.Departament, querySpaceUid=<gen:1>, path=[domain.Angajat.departamente].<elements>)
    - QuerySpaces
       - CollectionQuerySpaceImpl(uid=<gen:0>, collection=domain.Angajat.departamente)
          - SQL table alias mapping - departamen0_
          - alias suffix - 0_
          - suffixed key columns - {id_angaj1_1_0_}
          - entity-element alias suffix - 1_
          - 1_entity-element suffixed key columns - id1_4_1_
          - JOIN (JoinDefinedByMetadata(elements)) : <gen:0> -> <gen:1>
             - EntityQuerySpaceImpl(uid=<gen:1>, entity=domain.Departament)
                - SQL table alias mapping - departamen1_
                - alias suffix - 1_
                - suffixed key columns - {id1_4_1_}

21:22:58.401 [Test worker] DEBUG org.hibernate.loader.collection.plan.CollectionLoader - Static select for collection domain.Angajat.departamente: select departamen0_.id_angajat as id_angaj1_1_0_, departamen0_.id_departament as id_depar2_1_0_, departamen1_.id as id1_4_1_, departamen1_.id_director as id_direc2_4_1_ from angajati_departamente departamen0_ inner join departamente departamen1_ on departamen0_.id_departament=departamen1_.id where departamen0_.id_angajat=?
21:22:58.401 [Test worker] INFO org.hibernate.orm.connections.access - HHH10001501: Connection obtained from JdbcConnectionAccess [org.hibernate.engine.jdbc.env.internal.JdbcEnvironmentInitiator$ConnectionProviderJdbcConnectionAccess@482dfdb8] for (non-JTA) DDL execution was not in auto-commit mode; the Connection 'local transaction' will be committed and the Connection will be set into auto-commit mode.
21:22:58.416 [Test worker] DEBUG org.hibernate.mapping.Table - No alter strings for table : angajati
21:22:58.416 [Test worker] DEBUG org.hibernate.mapping.Table - No alter strings for table : angajati_departamente
21:22:58.416 [Test worker] DEBUG org.hibernate.mapping.Table - No alter strings for table : angajati_proiecte
21:22:58.416 [Test worker] DEBUG org.hibernate.mapping.Table - No alter strings for table : concedii
21:22:58.416 [Test worker] DEBUG org.hibernate.mapping.Table - No alter strings for table : departamente
21:22:58.416 [Test worker] DEBUG org.hibernate.mapping.Table - No alter strings for table : functii
21:22:58.416 [Test worker] DEBUG org.hibernate.mapping.Table - No alter strings for table : proiecte
21:22:58.416 [Test worker] DEBUG org.hibernate.query.spi.NamedQueryRepository - Checking 0 named HQL queries
21:22:58.416 [Test worker] DEBUG org.hibernate.query.spi.NamedQueryRepository - Checking 0 named SQL queries
21:22:58.416 [Test worker] DEBUG org.hibernate.internal.SessionFactoryRegistry - Registering SessionFactory: b3ebeb8f-9385-40f6-af9f-c8c4d45b9c6a (<unnamed>)
21:22:58.416 [Test worker] DEBUG org.hibernate.internal.SessionFactoryRegistry - Not binding SessionFactory to JNDI, no JNDI name configured
21:22:58.416 [Test worker] DEBUG org.hibernate.integrator.internal.IntegratorServiceImpl - Adding Integrator [org.hibernate.cfg.beanvalidation.BeanValidationIntegrator].
21:22:58.416 [Test worker] DEBUG org.hibernate.integrator.internal.IntegratorServiceImpl - Adding Integrator [org.hibernate.secure.spi.JaccIntegrator].
21:22:58.416 [Test worker] DEBUG org.hibernate.integrator.internal.IntegratorServiceImpl - Adding Integrator [org.hibernate.cache.internal.CollectionCacheInvalidator].
21:22:58.416 [Test worker] DEBUG org.hibernate.boot.jaxb.internal.stax.LocalXmlResourceResolver - Interpreting public/system identifier : [-//Hibernate/Hibernate Configuration DTD 3.0//EN] - [http://hibernate.org/dtd/hibernate-configuration-3.0.dtd]
21:22:58.447 [Test worker] DEBUG org.hibernate.boot.cfgxml.internal.JaxbCfgProcessor - cfg.xml document did not define namespaces; wrapping in custom event reader to introduce namespace information
21:22:58.463 [Test worker] DEBUG org.hibernate.service.spi.ServiceBinding - Overriding existing service binding [org.hibernate.secure.spi.JaccService]
21:22:58.463 [Test worker] DEBUG org.hibernate.cache.internal.RegionFactoryInitiator - Cannot default RegionFactory based on registered strategies as `[]` RegionFactory strategies were registered
21:22:58.463 [Test worker] DEBUG org.hibernate.cache.internal.RegionFactoryInitiator - Cache region factory : org.hibernate.cache.internal.NoCachingRegionFactory
21:22:58.463 [Test worker] DEBUG org.hibernate.type.BasicTypeRegistry - Adding type registration boolean -> org.hibernate.type.BooleanType@121b529f
21:22:58.463 [Test worker] DEBUG org.hibernate.type.BasicTypeRegistry - Adding type registration boolean -> org.hibernate.type.BooleanType@121b529f
21:22:58.463 [Test worker] DEBUG org.hibernate.type.BasicTypeRegistry - Adding type registration java.lang.Boolean -> org.hibernate.type.BooleanType@121b529f
21:22:58.463 [Test worker] DEBUG org.hibernate.type.BasicTypeRegistry - Adding type registration numeric_boolean -> org.hibernate.type.NumericBooleanType@7dc81433
21:22:58.463 [Test worker] DEBUG org.hibernate.type.BasicTypeRegistry - Adding type registration true_false -> org.hibernate.type.TrueFalseType@60c371da
21:22:58.463 [Test worker] DEBUG org.hibernate.type.BasicTypeRegistry - Adding type registration yes_no -> org.hibernate.type.YesNoType@51ef89fc
21:22:58.463 [Test worker] DEBUG org.hibernate.type.BasicTypeRegistry - Adding type registration byte -> org.hibernate.type.ByteType@1502feca
21:22:58.463 [Test worker] DEBUG org.hibernate.type.BasicTypeRegistry - Adding type registration byte -> org.hibernate.type.ByteType@1502feca
21:22:58.463 [Test worker] DEBUG org.hibernate.type.BasicTypeRegistry - Adding type registration java.lang.Byte -> org.hibernate.type.ByteType@1502feca
21:22:58.463 [Test worker] DEBUG org.hibernate.type.BasicTypeRegistry - Adding type registration character -> org.hibernate.type.CharacterType@5aca38b4
21:22:58.463 [Test worker] DEBUG org.hibernate.type.BasicTypeRegistry - Adding type registration char -> org.hibernate.type.CharacterType@5aca38b4
21:22:58.463 [Test worker] DEBUG org.hibernate.type.BasicTypeRegistry - Adding type registration java.lang.Character -> org.hibernate.type.CharacterType@5aca38b4
21:22:58.463 [Test worker] DEBUG org.hibernate.type.BasicTypeRegistry - Adding type registration short -> org.hibernate.type.ShortType@212db0b9
21:22:58.463 [Test worker] DEBUG org.hibernate.type.BasicTypeRegistry - Adding type registration short -> org.hibernate.type.ShortType@212db0b9
21:22:58.463 [Test worker] DEBUG org.hibernate.type.BasicTypeRegistry - Adding type registration java.lang.Short -> org.hibernate.type.ShortType@212db0b9
21:22:58.463 [Test worker] DEBUG org.hibernate.type.BasicTypeRegistry - Adding type registration integer -> org.hibernate.type.IntegerType@14f541d2
21:22:58.463 [Test worker] DEBUG org.hibernate.type.BasicTypeRegistry - Adding type registration int -> org.hibernate.type.IntegerType@14f541d2
21:22:58.463 [Test worker] DEBUG org.hibernate.type.BasicTypeRegistry - Adding type registration java.lang.Integer -> org.hibernate.type.IntegerType@14f541d2
21:22:58.463 [Test worker] DEBUG org.hibernate.type.BasicTypeRegistry - Adding type registration long -> org.hibernate.type.LongType@357c5fef
21:22:58.463 [Test worker] DEBUG org.hibernate.type.BasicTypeRegistry - Adding type registration long -> org.hibernate.type.LongType@357c5fef
21:22:58.463 [Test worker] DEBUG org.hibernate.type.BasicTypeRegistry - Adding type registration java.lang.Long -> org.hibernate.type.LongType@357c5fef
21:22:58.463 [Test worker] DEBUG org.hibernate.type.BasicTypeRegistry - Adding type registration float -> org.hibernate.type.FloatType@68835e55
21:22:58.463 [Test worker] DEBUG org.hibernate.type.BasicTypeRegistry - Adding type registration float -> org.hibernate.type.FloatType@68835e55
21:22:58.463 [Test worker] DEBUG org.hibernate.type.BasicTypeRegistry - Adding type registration java.lang.Float -> org.hibernate.type.FloatType@68835e55
21:22:58.463 [Test worker] DEBUG org.hibernate.type.BasicTypeRegistry - Adding type registration double -> org.hibernate.type.DoubleType@1db8c4bf
21:22:58.463 [Test worker] DEBUG org.hibernate.type.BasicTypeRegistry - Adding type registration double -> org.hibernate.type.DoubleType@1db8c4bf
21:22:58.463 [Test worker] DEBUG org.hibernate.type.BasicTypeRegistry - Adding type registration java.lang.Double -> org.hibernate.type.DoubleType@1db8c4bf
21:22:58.463 [Test worker] DEBUG org.hibernate.type.BasicTypeRegistry - Adding type registration big_decimal -> org.hibernate.type.BigDecimalType@2bd9f5a7
21:22:58.463 [Test worker] DEBUG org.hibernate.type.BasicTypeRegistry - Adding type registration java.math.BigDecimal -> org.hibernate.type.BigDecimalType@2bd9f5a7
21:22:58.463 [Test worker] DEBUG org.hibernate.type.BasicTypeRegistry - Adding type registration big_integer -> org.hibernate.type.BigIntegerType@67766712
21:22:58.463 [Test worker] DEBUG org.hibernate.type.BasicTypeRegistry - Adding type registration java.math.BigInteger -> org.hibernate.type.BigIntegerType@67766712
21:22:58.463 [Test worker] DEBUG org.hibernate.type.BasicTypeRegistry - Adding type registration string -> org.hibernate.type.StringType@5abe721f
21:22:58.463 [Test worker] DEBUG org.hibernate.type.BasicTypeRegistry - Adding type registration java.lang.String -> org.hibernate.type.StringType@5abe721f
21:22:58.463 [Test worker] DEBUG org.hibernate.type.BasicTypeRegistry - Adding type registration nstring -> org.hibernate.type.StringNVarcharType@5ca83c4b
21:22:58.463 [Test worker] DEBUG org.hibernate.type.BasicTypeRegistry - Adding type registration ncharacter -> org.hibernate.type.CharacterNCharType@181579aa
21:22:58.463 [Test worker] DEBUG org.hibernate.type.BasicTypeRegistry - Adding type registration url -> org.hibernate.type.UrlType@2d95e7ff
21:22:58.463 [Test worker] DEBUG org.hibernate.type.BasicTypeRegistry - Adding type registration java.net.URL -> org.hibernate.type.UrlType@2d95e7ff
21:22:58.463 [Test worker] DEBUG org.hibernate.type.BasicTypeRegistry - Adding type registration Duration -> org.hibernate.type.DurationType@1f6d6ec5
21:22:58.463 [Test worker] DEBUG org.hibernate.type.BasicTypeRegistry - Adding type registration java.time.Duration -> org.hibernate.type.DurationType@1f6d6ec5
21:22:58.463 [Test worker] DEBUG org.hibernate.type.BasicTypeRegistry - Adding type registration Instant -> org.hibernate.type.InstantType@799b3880
21:22:58.463 [Test worker] DEBUG org.hibernate.type.BasicTypeRegistry - Adding type registration java.time.Instant -> org.hibernate.type.InstantType@799b3880
21:22:58.463 [Test worker] DEBUG org.hibernate.type.BasicTypeRegistry - Adding type registration LocalDateTime -> org.hibernate.type.LocalDateTimeType@3c9b7dcd
21:22:58.463 [Test worker] DEBUG org.hibernate.type.BasicTypeRegistry - Adding type registration java.time.LocalDateTime -> org.hibernate.type.LocalDateTimeType@3c9b7dcd
21:22:58.463 [Test worker] DEBUG org.hibernate.type.BasicTypeRegistry - Adding type registration LocalDate -> org.hibernate.type.LocalDateType@73b9d317
21:22:58.463 [Test worker] DEBUG org.hibernate.type.BasicTypeRegistry - Adding type registration java.time.LocalDate -> org.hibernate.type.LocalDateType@73b9d317
21:22:58.463 [Test worker] DEBUG org.hibernate.type.BasicTypeRegistry - Adding type registration LocalTime -> org.hibernate.type.LocalTimeType@3e938176
21:22:58.463 [Test worker] DEBUG org.hibernate.type.BasicTypeRegistry - Adding type registration java.time.LocalTime -> org.hibernate.type.LocalTimeType@3e938176
21:22:58.463 [Test worker] DEBUG org.hibernate.type.BasicTypeRegistry - Adding type registration OffsetDateTime -> org.hibernate.type.OffsetDateTimeType@1006f6a5
21:22:58.463 [Test worker] DEBUG org.hibernate.type.BasicTypeRegistry - Adding type registration java.time.OffsetDateTime -> org.hibernate.type.OffsetDateTimeType@1006f6a5
21:22:58.463 [Test worker] DEBUG org.hibernate.type.BasicTypeRegistry - Adding type registration OffsetTime -> org.hibernate.type.OffsetTimeType@5ebf30b8
21:22:58.463 [Test worker] DEBUG org.hibernate.type.BasicTypeRegistry - Adding type registration java.time.OffsetTime -> org.hibernate.type.OffsetTimeType@5ebf30b8
21:22:58.463 [Test worker] DEBUG org.hibernate.type.BasicTypeRegistry - Adding type registration ZonedDateTime -> org.hibernate.type.ZonedDateTimeType@5ecdce3a
21:22:58.463 [Test worker] DEBUG org.hibernate.type.BasicTypeRegistry - Adding type registration java.time.ZonedDateTime -> org.hibernate.type.ZonedDateTimeType@5ecdce3a
21:22:58.463 [Test worker] DEBUG org.hibernate.type.BasicTypeRegistry - Adding type registration date -> org.hibernate.type.DateType@34878a9c
21:22:58.463 [Test worker] DEBUG org.hibernate.type.BasicTypeRegistry - Adding type registration java.sql.Date -> org.hibernate.type.DateType@34878a9c
21:22:58.463 [Test worker] DEBUG org.hibernate.type.BasicTypeRegistry - Adding type registration time -> org.hibernate.type.TimeType@4be75fc9
21:22:58.463 [Test worker] DEBUG org.hibernate.type.BasicTypeRegistry - Adding type registration java.sql.Time -> org.hibernate.type.TimeType@4be75fc9
21:22:58.463 [Test worker] DEBUG org.hibernate.type.BasicTypeRegistry - Adding type registration timestamp -> org.hibernate.type.TimestampType@cd6dcfb
21:22:58.463 [Test worker] DEBUG org.hibernate.type.BasicTypeRegistry - Adding type registration java.sql.Timestamp -> org.hibernate.type.TimestampType@cd6dcfb
21:22:58.463 [Test worker] DEBUG org.hibernate.type.BasicTypeRegistry - Adding type registration java.util.Date -> org.hibernate.type.TimestampType@cd6dcfb
21:22:58.463 [Test worker] DEBUG org.hibernate.type.BasicTypeRegistry - Adding type registration dbtimestamp -> org.hibernate.type.DbTimestampType@6f70db50
21:22:58.463 [Test worker] DEBUG org.hibernate.type.BasicTypeRegistry - Adding type registration calendar -> org.hibernate.type.CalendarType@232580e4
21:22:58.463 [Test worker] DEBUG org.hibernate.type.BasicTypeRegistry - Adding type registration java.util.Calendar -> org.hibernate.type.CalendarType@232580e4
21:22:58.463 [Test worker] DEBUG org.hibernate.type.BasicTypeRegistry - Adding type registration java.util.GregorianCalendar -> org.hibernate.type.CalendarType@232580e4
21:22:58.463 [Test worker] DEBUG org.hibernate.type.BasicTypeRegistry - Adding type registration calendar_date -> org.hibernate.type.CalendarDateType@2d226c99
21:22:58.463 [Test worker] DEBUG org.hibernate.type.BasicTypeRegistry - Adding type registration calendar_time -> org.hibernate.type.CalendarTimeType@5f0ca092
21:22:58.463 [Test worker] DEBUG org.hibernate.type.BasicTypeRegistry - Adding type registration locale -> org.hibernate.type.LocaleType@2e7d6fc7
21:22:58.463 [Test worker] DEBUG org.hibernate.type.BasicTypeRegistry - Adding type registration java.util.Locale -> org.hibernate.type.LocaleType@2e7d6fc7
21:22:58.463 [Test worker] DEBUG org.hibernate.type.BasicTypeRegistry - Adding type registration currency -> org.hibernate.type.CurrencyType@298b5abb
21:22:58.463 [Test worker] DEBUG org.hibernate.type.BasicTypeRegistry - Adding type registration java.util.Currency -> org.hibernate.type.CurrencyType@298b5abb
21:22:58.463 [Test worker] DEBUG org.hibernate.type.BasicTypeRegistry - Adding type registration timezone -> org.hibernate.type.TimeZoneType@6a7223ce
21:22:58.463 [Test worker] DEBUG org.hibernate.type.BasicTypeRegistry - Adding type registration java.util.TimeZone -> org.hibernate.type.TimeZoneType@6a7223ce
21:22:58.463 [Test worker] DEBUG org.hibernate.type.BasicTypeRegistry - Adding type registration class -> org.hibernate.type.ClassType@17c86e61
21:22:58.463 [Test worker] DEBUG org.hibernate.type.BasicTypeRegistry - Adding type registration java.lang.Class -> org.hibernate.type.ClassType@17c86e61
21:22:58.463 [Test worker] DEBUG org.hibernate.type.BasicTypeRegistry - Adding type registration uuid-binary -> org.hibernate.type.UUIDBinaryType@165a29f7
21:22:58.463 [Test worker] DEBUG org.hibernate.type.BasicTypeRegistry - Adding type registration java.util.UUID -> org.hibernate.type.UUIDBinaryType@165a29f7
21:22:58.463 [Test worker] DEBUG org.hibernate.type.BasicTypeRegistry - Adding type registration uuid-char -> org.hibernate.type.UUIDCharType@57061eb5
21:22:58.463 [Test worker] DEBUG org.hibernate.type.BasicTypeRegistry - Adding type registration binary -> org.hibernate.type.BinaryType@377a3a57
21:22:58.463 [Test worker] DEBUG org.hibernate.type.BasicTypeRegistry - Adding type registration byte[] -> org.hibernate.type.BinaryType@377a3a57
21:22:58.463 [Test worker] DEBUG org.hibernate.type.BasicTypeRegistry - Adding type registration [B -> org.hibernate.type.BinaryType@377a3a57
21:22:58.463 [Test worker] DEBUG org.hibernate.type.BasicTypeRegistry - Adding type registration wrapper-binary -> org.hibernate.type.WrapperBinaryType@15236686
21:22:58.463 [Test worker] DEBUG org.hibernate.type.BasicTypeRegistry - Adding type registration Byte[] -> org.hibernate.type.WrapperBinaryType@15236686
21:22:58.463 [Test worker] DEBUG org.hibernate.type.BasicTypeRegistry - Adding type registration [Ljava.lang.Byte; -> org.hibernate.type.WrapperBinaryType@15236686
21:22:58.463 [Test worker] DEBUG org.hibernate.type.BasicTypeRegistry - Adding type registration row_version -> org.hibernate.type.RowVersionType@480544d3
21:22:58.463 [Test worker] DEBUG org.hibernate.type.BasicTypeRegistry - Adding type registration image -> org.hibernate.type.ImageType@a74733d
21:22:58.463 [Test worker] DEBUG org.hibernate.type.BasicTypeRegistry - Adding type registration characters -> org.hibernate.type.CharArrayType@10b707f8
21:22:58.463 [Test worker] DEBUG org.hibernate.type.BasicTypeRegistry - Adding type registration char[] -> org.hibernate.type.CharArrayType@10b707f8
21:22:58.463 [Test worker] DEBUG org.hibernate.type.BasicTypeRegistry - Adding type registration [C -> org.hibernate.type.CharArrayType@10b707f8
21:22:58.463 [Test worker] DEBUG org.hibernate.type.BasicTypeRegistry - Adding type registration wrapper-characters -> org.hibernate.type.CharacterArrayType@7586a107
21:22:58.463 [Test worker] DEBUG org.hibernate.type.BasicTypeRegistry - Adding type registration [Ljava.lang.Character; -> org.hibernate.type.CharacterArrayType@7586a107
21:22:58.463 [Test worker] DEBUG org.hibernate.type.BasicTypeRegistry - Adding type registration Character[] -> org.hibernate.type.CharacterArrayType@7586a107
21:22:58.463 [Test worker] DEBUG org.hibernate.type.BasicTypeRegistry - Adding type registration text -> org.hibernate.type.TextType@28e7117
21:22:58.463 [Test worker] DEBUG org.hibernate.type.BasicTypeRegistry - Adding type registration ntext -> org.hibernate.type.NTextType@4fe7c4b8
21:22:58.463 [Test worker] DEBUG org.hibernate.type.BasicTypeRegistry - Adding type registration blob -> org.hibernate.type.BlobType@69ff7971
21:22:58.463 [Test worker] DEBUG org.hibernate.type.BasicTypeRegistry - Adding type registration java.sql.Blob -> org.hibernate.type.BlobType@69ff7971
21:22:58.463 [Test worker] DEBUG org.hibernate.type.BasicTypeRegistry - Adding type registration materialized_blob -> org.hibernate.type.MaterializedBlobType@29a6bbfa
21:22:58.463 [Test worker] DEBUG org.hibernate.type.BasicTypeRegistry - Adding type registration clob -> org.hibernate.type.ClobType@6243fc09
21:22:58.463 [Test worker] DEBUG org.hibernate.type.BasicTypeRegistry - Adding type registration java.sql.Clob -> org.hibernate.type.ClobType@6243fc09
21:22:58.463 [Test worker] DEBUG org.hibernate.type.BasicTypeRegistry - Adding type registration nclob -> org.hibernate.type.NClobType@7a0e9fb4
21:22:58.463 [Test worker] DEBUG org.hibernate.type.BasicTypeRegistry - Adding type registration java.sql.NClob -> org.hibernate.type.NClobType@7a0e9fb4
21:22:58.463 [Test worker] DEBUG org.hibernate.type.BasicTypeRegistry - Adding type registration materialized_clob -> org.hibernate.type.MaterializedClobType@5568af29
21:22:58.463 [Test worker] DEBUG org.hibernate.type.BasicTypeRegistry - Adding type registration materialized_nclob -> org.hibernate.type.MaterializedNClobType@43589365
21:22:58.463 [Test worker] DEBUG org.hibernate.type.BasicTypeRegistry - Adding type registration serializable -> org.hibernate.type.SerializableType@49b714f8
21:22:58.463 [Test worker] DEBUG org.hibernate.type.BasicTypeRegistry - Adding type registration object -> org.hibernate.type.ObjectType@4b6f241f
21:22:58.463 [Test worker] DEBUG org.hibernate.type.BasicTypeRegistry - Adding type registration java.lang.Object -> org.hibernate.type.ObjectType@4b6f241f
21:22:58.463 [Test worker] DEBUG org.hibernate.type.BasicTypeRegistry - Adding type registration imm_date -> org.hibernate.type.AdaptedImmutableType@664d569
21:22:58.463 [Test worker] DEBUG org.hibernate.type.BasicTypeRegistry - Adding type registration imm_time -> org.hibernate.type.AdaptedImmutableType@7a09e6df
21:22:58.463 [Test worker] DEBUG org.hibernate.type.BasicTypeRegistry - Adding type registration imm_timestamp -> org.hibernate.type.AdaptedImmutableType@6e36b933
21:22:58.463 [Test worker] DEBUG org.hibernate.type.BasicTypeRegistry - Adding type registration imm_dbtimestamp -> org.hibernate.type.AdaptedImmutableType@b11c9ed
21:22:58.463 [Test worker] DEBUG org.hibernate.type.BasicTypeRegistry - Adding type registration imm_calendar -> org.hibernate.type.AdaptedImmutableType@2bfe8a7b
21:22:58.463 [Test worker] DEBUG org.hibernate.type.BasicTypeRegistry - Adding type registration imm_calendar_date -> org.hibernate.type.AdaptedImmutableType@1ef4bec5
21:22:58.463 [Test worker] DEBUG org.hibernate.type.BasicTypeRegistry - Adding type registration imm_binary -> org.hibernate.type.AdaptedImmutableType@45d07309
21:22:58.463 [Test worker] DEBUG org.hibernate.type.BasicTypeRegistry - Adding type registration imm_serializable -> org.hibernate.type.AdaptedImmutableType@408b84ff
21:22:58.463 [Test worker] DEBUG org.hibernate.id.factory.internal.DefaultIdentifierGeneratorFactory - Registering IdentifierGenerator strategy [uuid2] -> [org.hibernate.id.UUIDGenerator]
21:22:58.463 [Test worker] DEBUG org.hibernate.id.factory.internal.DefaultIdentifierGeneratorFactory - Registering IdentifierGenerator strategy [guid] -> [org.hibernate.id.GUIDGenerator]
21:22:58.463 [Test worker] DEBUG org.hibernate.id.factory.internal.DefaultIdentifierGeneratorFactory - Registering IdentifierGenerator strategy [uuid] -> [org.hibernate.id.UUIDHexGenerator]
21:22:58.463 [Test worker] DEBUG org.hibernate.id.factory.internal.DefaultIdentifierGeneratorFactory - Registering IdentifierGenerator strategy [uuid.hex] -> [org.hibernate.id.UUIDHexGenerator]
21:22:58.463 [Test worker] DEBUG org.hibernate.id.factory.internal.DefaultIdentifierGeneratorFactory - Registering IdentifierGenerator strategy [assigned] -> [org.hibernate.id.Assigned]
21:22:58.463 [Test worker] DEBUG org.hibernate.id.factory.internal.DefaultIdentifierGeneratorFactory - Registering IdentifierGenerator strategy [identity] -> [org.hibernate.id.IdentityGenerator]
21:22:58.463 [Test worker] DEBUG org.hibernate.id.factory.internal.DefaultIdentifierGeneratorFactory - Registering IdentifierGenerator strategy [select] -> [org.hibernate.id.SelectGenerator]
21:22:58.463 [Test worker] DEBUG org.hibernate.id.factory.internal.DefaultIdentifierGeneratorFactory - Registering IdentifierGenerator strategy [sequence] -> [org.hibernate.id.enhanced.SequenceStyleGenerator]
21:22:58.463 [Test worker] DEBUG org.hibernate.id.factory.internal.DefaultIdentifierGeneratorFactory - Registering IdentifierGenerator strategy [seqhilo] -> [org.hibernate.id.SequenceHiLoGenerator]
21:22:58.463 [Test worker] DEBUG org.hibernate.id.factory.internal.DefaultIdentifierGeneratorFactory - Registering IdentifierGenerator strategy [increment] -> [org.hibernate.id.IncrementGenerator]
21:22:58.463 [Test worker] DEBUG org.hibernate.id.factory.internal.DefaultIdentifierGeneratorFactory - Registering IdentifierGenerator strategy [foreign] -> [org.hibernate.id.ForeignGenerator]
21:22:58.463 [Test worker] DEBUG org.hibernate.id.factory.internal.DefaultIdentifierGeneratorFactory - Registering IdentifierGenerator strategy [sequence-identity] -> [org.hibernate.id.SequenceIdentityGenerator]
21:22:58.463 [Test worker] DEBUG org.hibernate.id.factory.internal.DefaultIdentifierGeneratorFactory - Registering IdentifierGenerator strategy [enhanced-sequence] -> [org.hibernate.id.enhanced.SequenceStyleGenerator]
21:22:58.463 [Test worker] DEBUG org.hibernate.id.factory.internal.DefaultIdentifierGeneratorFactory - Registering IdentifierGenerator strategy [enhanced-table] -> [org.hibernate.id.enhanced.TableGenerator]
21:22:58.463 [Test worker] WARN org.hibernate.orm.connections.pooling - HHH10001002: Using Hibernate built-in connection pool (not for production use!)
21:22:58.463 [Test worker] INFO org.hibernate.orm.connections.pooling - HHH10001005: using driver [org.sqlite.JDBC] at URL [jdbc:sqlite:D:\Facultate\Projects\OrganizareCompanie\database]
21:22:58.463 [Test worker] INFO org.hibernate.orm.connections.pooling - HHH10001001: Connection properties: {password=root, user=root}
21:22:58.463 [Test worker] INFO org.hibernate.orm.connections.pooling - HHH10001003: Autocommit mode: false
21:22:58.463 [Test worker] DEBUG org.hibernate.engine.jdbc.connections.internal.DriverManagerConnectionProviderImpl - Initializing Connection pool with 1 Connections
21:22:58.463 [Test worker] INFO org.hibernate.engine.jdbc.connections.internal.DriverManagerConnectionProviderImpl - HHH000115: Hibernate connection pool size: 1 (min=1)
21:22:58.463 [Test worker] DEBUG org.hibernate.engine.jdbc.env.internal.JdbcEnvironmentInitiator - Database ->
       name : SQLite
    version : 3.34.0
      major : 3
      minor : 34
21:22:58.463 [Test worker] DEBUG org.hibernate.engine.jdbc.env.internal.JdbcEnvironmentInitiator - Driver ->
       name : SQLite JDBC
    version : 3.34.0
      major : 3
      minor : 34
21:22:58.463 [Test worker] DEBUG org.hibernate.engine.jdbc.env.internal.JdbcEnvironmentInitiator - JDBC version : 2.1
21:22:58.479 [Test worker] INFO org.hibernate.dialect.Dialect - HHH000400: Using dialect: utils.SQLiteDialect
21:22:58.479 [Test worker] DEBUG org.hibernate.engine.jdbc.env.spi.IdentifierHelperBuilder - JDBC driver metadata reported database stores quoted identifiers in neither upper, lower nor mixed case
21:22:58.479 [Test worker] DEBUG org.hibernate.engine.jdbc.env.spi.IdentifierHelperBuilder - IdentifierCaseStrategy for both quoted and unquoted identifiers was set to the same strategy [MIXED]; that will likely lead to problems in schema update and validation if using quoted identifiers
21:22:58.479 [Test worker] DEBUG org.hibernate.engine.jdbc.env.internal.LobCreatorBuilderImpl - HHH000423: Disabling contextual LOB creation as JDBC driver reported JDBC version [2] less than 4
21:22:58.479 [Test worker] DEBUG org.hibernate.boot.model.relational.Namespace - Created database namespace [logicalName=Name{catalog=null, schema=null}, physicalName=Name{catalog=null, schema=null}]
21:22:58.479 [Test worker] DEBUG org.hibernate.type.descriptor.java.JavaTypeDescriptorRegistry - JavaTypeDescriptorRegistry entry replaced : class java.time.Duration -> org.hibernate.type.descriptor.java.DurationJavaDescriptor@484b819 (was org.hibernate.type.descriptor.java.DurationJavaDescriptor@484b819)
21:22:58.479 [Test worker] DEBUG org.hibernate.type.descriptor.java.JavaTypeDescriptorRegistry - JavaTypeDescriptorRegistry entry replaced : class java.time.Instant -> org.hibernate.type.descriptor.java.InstantJavaDescriptor@7a6a60d2 (was org.hibernate.type.descriptor.java.InstantJavaDescriptor@7a6a60d2)
21:22:58.479 [Test worker] DEBUG org.hibernate.type.descriptor.java.JavaTypeDescriptorRegistry - JavaTypeDescriptorRegistry entry replaced : class java.time.LocalDate -> org.hibernate.type.descriptor.java.LocalDateJavaDescriptor@7ac3817d (was org.hibernate.type.descriptor.java.LocalDateJavaDescriptor@7ac3817d)
21:22:58.479 [Test worker] DEBUG org.hibernate.type.descriptor.java.JavaTypeDescriptorRegistry - JavaTypeDescriptorRegistry entry replaced : class java.time.LocalDateTime -> org.hibernate.type.descriptor.java.LocalDateTimeJavaDescriptor@616d0e6e (was org.hibernate.type.descriptor.java.LocalDateTimeJavaDescriptor@616d0e6e)
21:22:58.479 [Test worker] DEBUG org.hibernate.type.descriptor.java.JavaTypeDescriptorRegistry - JavaTypeDescriptorRegistry entry replaced : class java.time.OffsetDateTime -> org.hibernate.type.descriptor.java.OffsetDateTimeJavaDescriptor@4008262a (was org.hibernate.type.descriptor.java.OffsetDateTimeJavaDescriptor@4008262a)
21:22:58.479 [Test worker] DEBUG org.hibernate.type.descriptor.java.JavaTypeDescriptorRegistry - JavaTypeDescriptorRegistry entry replaced : class java.time.OffsetTime -> org.hibernate.type.descriptor.java.OffsetTimeJavaDescriptor@69cda209 (was org.hibernate.type.descriptor.java.OffsetTimeJavaDescriptor@69cda209)
21:22:58.479 [Test worker] DEBUG org.hibernate.type.descriptor.java.JavaTypeDescriptorRegistry - JavaTypeDescriptorRegistry entry replaced : class java.time.ZonedDateTime -> org.hibernate.type.descriptor.java.ZonedDateTimeJavaDescriptor@f630e24 (was org.hibernate.type.descriptor.java.ZonedDateTimeJavaDescriptor@f630e24)
21:22:58.479 [Test worker] DEBUG org.hibernate.type.BasicTypeRegistry - Adding type registration Duration -> org.hibernate.type.DurationType@1f6d6ec5
21:22:58.479 [Test worker] DEBUG org.hibernate.type.BasicTypeRegistry - Adding type registration java.time.Duration -> org.hibernate.type.DurationType@1f6d6ec5
21:22:58.479 [Test worker] DEBUG org.hibernate.type.BasicTypeRegistry - Adding type registration Instant -> org.hibernate.type.InstantType@799b3880
21:22:58.479 [Test worker] DEBUG org.hibernate.type.BasicTypeRegistry - Adding type registration java.time.Instant -> org.hibernate.type.InstantType@799b3880
21:22:58.479 [Test worker] DEBUG org.hibernate.type.BasicTypeRegistry - Adding type registration LocalDateTime -> org.hibernate.type.LocalDateTimeType@3c9b7dcd
21:22:58.479 [Test worker] DEBUG org.hibernate.type.BasicTypeRegistry - Adding type registration java.time.LocalDateTime -> org.hibernate.type.LocalDateTimeType@3c9b7dcd
21:22:58.479 [Test worker] DEBUG org.hibernate.type.BasicTypeRegistry - Adding type registration LocalDate -> org.hibernate.type.LocalDateType@73b9d317
21:22:58.479 [Test worker] DEBUG org.hibernate.type.BasicTypeRegistry - Adding type registration java.time.LocalDate -> org.hibernate.type.LocalDateType@73b9d317
21:22:58.479 [Test worker] DEBUG org.hibernate.type.BasicTypeRegistry - Adding type registration LocalTime -> org.hibernate.type.LocalTimeType@3e938176
21:22:58.479 [Test worker] DEBUG org.hibernate.type.BasicTypeRegistry - Adding type registration java.time.LocalTime -> org.hibernate.type.LocalTimeType@3e938176
21:22:58.479 [Test worker] DEBUG org.hibernate.type.BasicTypeRegistry - Adding type registration OffsetDateTime -> org.hibernate.type.OffsetDateTimeType@1006f6a5
21:22:58.479 [Test worker] DEBUG org.hibernate.type.BasicTypeRegistry - Adding type registration java.time.OffsetDateTime -> org.hibernate.type.OffsetDateTimeType@1006f6a5
21:22:58.479 [Test worker] DEBUG org.hibernate.type.BasicTypeRegistry - Adding type registration OffsetTime -> org.hibernate.type.OffsetTimeType@5ebf30b8
21:22:58.479 [Test worker] DEBUG org.hibernate.type.BasicTypeRegistry - Adding type registration java.time.OffsetTime -> org.hibernate.type.OffsetTimeType@5ebf30b8
21:22:58.479 [Test worker] DEBUG org.hibernate.type.BasicTypeRegistry - Adding type registration ZonedDateTime -> org.hibernate.type.ZonedDateTimeType@5ecdce3a
21:22:58.479 [Test worker] DEBUG org.hibernate.type.BasicTypeRegistry - Adding type registration java.time.ZonedDateTime -> org.hibernate.type.ZonedDateTimeType@5ecdce3a
21:22:58.479 [Test worker] DEBUG org.hibernate.type.spi.TypeConfiguration$Scope - Scoping TypeConfiguration [org.hibernate.type.spi.TypeConfiguration@4935955f] to MetadataBuildingContext [org.hibernate.boot.internal.MetadataBuildingContextRootImpl@6cc2f414]
21:22:58.479 [Test worker] DEBUG org.hibernate.cfg.AnnotationBinder - Binding entity from annotated class: domain.Angajat
21:22:58.479 [Test worker] DEBUG org.hibernate.cfg.Ejb3Column - Binding column: Ejb3DiscriminatorColumn{logicalColumnName'DTYPE', discriminatorTypeName='string'}
21:22:58.479 [Test worker] DEBUG org.hibernate.cfg.annotations.EntityBinder - Import with entity name Angajat
21:22:58.479 [Test worker] DEBUG org.hibernate.cfg.annotations.EntityBinder - Bind entity domain.Angajat on table angajati
21:22:58.479 [Test worker] DEBUG org.hibernate.cfg.Ejb3Column - Binding column: Ejb3Column{table=org.hibernate.mapping.Table(angajati), mappingColumn=id, insertable=true, updatable=true, unique=false}
21:22:58.479 [Test worker] DEBUG org.hibernate.boot.internal.ClassLoaderAccessImpl - Not known whether passed class name [domain.Angajat] is safe
21:22:58.479 [Test worker] DEBUG org.hibernate.boot.internal.ClassLoaderAccessImpl - No temp ClassLoader provided; using live ClassLoader for loading potentially unsafe class : domain.Angajat
21:22:58.479 [Test worker] DEBUG org.hibernate.cfg.annotations.PropertyBinder - MetadataSourceProcessor property id with lazy=false
21:22:58.479 [Test worker] DEBUG org.hibernate.cfg.AbstractPropertyHolder - Attempting to locate auto-apply AttributeConverter for property [domain.Angajat:id]
21:22:58.479 [Test worker] DEBUG org.hibernate.cfg.annotations.SimpleValueBinder - building SimpleValue for id
21:22:58.479 [Test worker] DEBUG org.hibernate.cfg.annotations.PropertyBinder - Building property id
21:22:58.479 [Test worker] DEBUG org.hibernate.cfg.BinderHelper - #makeIdGenerator(org.hibernate.mapping.SimpleValue([org.hibernate.mapping.Column(id)]), id, identity, , ...)
21:22:58.479 [Test worker] DEBUG org.hibernate.cfg.Ejb3Column - Binding column: Ejb3JoinColumn{logicalColumnName='null', referencedColumn='null', mappedBy='angajat'}
21:22:58.479 [Test worker] DEBUG org.hibernate.cfg.Ejb3Column - Binding column: Ejb3Column{table=org.hibernate.mapping.Table(angajati), mappingColumn=concedii, insertable=true, updatable=true, unique=false}
21:22:58.479 [Test worker] DEBUG org.hibernate.cfg.Ejb3Column - Binding column: Ejb3Column{table=org.hibernate.mapping.Table(angajati), mappingColumn=null, insertable=true, updatable=true, unique=false}
21:22:58.479 [Test worker] DEBUG org.hibernate.cfg.Ejb3Column - Binding column: Ejb3Column{table=org.hibernate.mapping.Table(angajati), mappingColumn=element, insertable=true, updatable=true, unique=false}
21:22:58.479 [Test worker] DEBUG org.hibernate.cfg.Ejb3Column - Binding column: Ejb3Column{table=org.hibernate.mapping.Table(angajati), mappingColumn=concedii_KEY, insertable=true, updatable=true, unique=false}
21:22:58.479 [Test worker] DEBUG org.hibernate.cfg.Ejb3Column - Binding column: Ejb3JoinColumn{logicalColumnName='concedii_KEY', referencedColumn='null', mappedBy='null'}
21:22:58.479 [Test worker] DEBUG org.hibernate.cfg.Ejb3Column - Binding column: Ejb3JoinColumn{logicalColumnName='null', referencedColumn='null', mappedBy='angajat'}
21:22:58.479 [Test worker] DEBUG org.hibernate.cfg.Ejb3Column - Binding column: Ejb3JoinColumn{logicalColumnName='null', referencedColumn='null', mappedBy='angajat'}
21:22:58.479 [Test worker] DEBUG org.hibernate.cfg.annotations.CollectionBinder - Collection role: domain.Angajat.concedii
21:22:58.479 [Test worker] DEBUG org.hibernate.cfg.annotations.PropertyBinder - Building property concedii
21:22:58.479 [Test worker] DEBUG org.hibernate.cfg.Ejb3Column - Binding column: Ejb3Column{table=org.hibernate.mapping.Table(angajati), mappingColumn=data_angajare, insertable=true, updatable=true, unique=false}
21:22:58.479 [Test worker] DEBUG org.hibernate.cfg.annotations.PropertyBinder - MetadataSourceProcessor property dataAngajare with lazy=false
21:22:58.479 [Test worker] DEBUG org.hibernate.cfg.AbstractPropertyHolder - Attempting to locate auto-apply AttributeConverter for property [domain.Angajat:dataAngajare]
21:22:58.479 [Test worker] DEBUG org.hibernate.cfg.annotations.SimpleValueBinder - building SimpleValue for dataAngajare
21:22:58.479 [Test worker] DEBUG org.hibernate.cfg.annotations.PropertyBinder - Building property dataAngajare
21:22:58.479 [Test worker] DEBUG org.hibernate.cfg.Ejb3Column - Binding column: Ejb3Column{table=org.hibernate.mapping.Table(angajati), mappingColumn=null, insertable=true, updatable=true, unique=false}
21:22:58.479 [Test worker] DEBUG org.hibernate.cfg.Ejb3Column - Binding column: Ejb3Column{table=org.hibernate.mapping.Table(angajati), mappingColumn=element, insertable=true, updatable=true, unique=false}
21:22:58.479 [Test worker] DEBUG org.hibernate.cfg.Ejb3Column - Binding column: Ejb3Column{table=org.hibernate.mapping.Table(angajati), mappingColumn=departamente_KEY, insertable=true, updatable=true, unique=false}
21:22:58.479 [Test worker] DEBUG org.hibernate.cfg.Ejb3Column - Binding column: Ejb3JoinColumn{logicalColumnName='departamente_KEY', referencedColumn='null', mappedBy='null'}
21:22:58.479 [Test worker] DEBUG org.hibernate.cfg.Ejb3Column - Binding column: Ejb3JoinColumn{logicalColumnName='id_angajat', referencedColumn='', mappedBy=''}
21:22:58.479 [Test worker] DEBUG org.hibernate.cfg.Ejb3Column - Binding column: Ejb3JoinColumn{logicalColumnName='id_departament', referencedColumn='', mappedBy=''}
21:22:58.479 [Test worker] DEBUG org.hibernate.cfg.annotations.CollectionBinder - Collection role: domain.Angajat.departamente
21:22:58.479 [Test worker] DEBUG org.hibernate.cfg.annotations.PropertyBinder - Building property departamente
21:22:58.479 [Test worker] DEBUG org.hibernate.cfg.Ejb3Column - Binding column: Ejb3JoinColumn{logicalColumnName='null', referencedColumn='null', mappedBy='null'}
21:22:58.479 [Test worker] DEBUG org.hibernate.cfg.Ejb3Column - Binding column: Ejb3Column{table=org.hibernate.mapping.Table(angajati), mappingColumn=functie, insertable=true, updatable=true, unique=false}
21:22:58.479 [Test worker] DEBUG org.hibernate.cfg.annotations.PropertyBinder - Building property functie
21:22:58.479 [Test worker] DEBUG org.hibernate.cfg.Ejb3Column - Binding column: Ejb3Column{table=org.hibernate.mapping.Table(angajati), mappingColumn=id_superior, insertable=true, updatable=true, unique=false}
21:22:58.479 [Test worker] DEBUG org.hibernate.cfg.annotations.PropertyBinder - MetadataSourceProcessor property idSuperior with lazy=false
21:22:58.479 [Test worker] DEBUG org.hibernate.cfg.AbstractPropertyHolder - Attempting to locate auto-apply AttributeConverter for property [domain.Angajat:idSuperior]
21:22:58.479 [Test worker] DEBUG org.hibernate.cfg.annotations.SimpleValueBinder - building SimpleValue for idSuperior
21:22:58.479 [Test worker] DEBUG org.hibernate.cfg.annotations.PropertyBinder - Building property idSuperior
21:22:58.479 [Test worker] DEBUG org.hibernate.cfg.Ejb3Column - Binding column: Ejb3Column{table=org.hibernate.mapping.Table(angajati), mappingColumn=null, insertable=true, updatable=true, unique=false}
21:22:58.479 [Test worker] DEBUG org.hibernate.cfg.Ejb3Column - Binding column: Ejb3Column{table=org.hibernate.mapping.Table(angajati), mappingColumn=element, insertable=true, updatable=true, unique=false}
21:22:58.479 [Test worker] DEBUG org.hibernate.cfg.Ejb3Column - Binding column: Ejb3Column{table=org.hibernate.mapping.Table(angajati), mappingColumn=proiecte_KEY, insertable=true, updatable=true, unique=false}
21:22:58.479 [Test worker] DEBUG org.hibernate.cfg.Ejb3Column - Binding column: Ejb3JoinColumn{logicalColumnName='proiecte_KEY', referencedColumn='null', mappedBy='null'}
21:22:58.479 [Test worker] DEBUG org.hibernate.cfg.Ejb3Column - Binding column: Ejb3JoinColumn{logicalColumnName='id_angajat', referencedColumn='', mappedBy=''}
21:22:58.479 [Test worker] DEBUG org.hibernate.cfg.Ejb3Column - Binding column: Ejb3JoinColumn{logicalColumnName='id_proiect', referencedColumn='', mappedBy=''}
21:22:58.479 [Test worker] DEBUG org.hibernate.cfg.annotations.CollectionBinder - Collection role: domain.Angajat.proiecte
21:22:58.479 [Test worker] DEBUG org.hibernate.cfg.annotations.PropertyBinder - Building property proiecte
21:22:58.479 [Test worker] DEBUG org.hibernate.cfg.AnnotationBinder - Binding entity from annotated class: domain.Concediu
21:22:58.479 [Test worker] DEBUG org.hibernate.cfg.Ejb3Column - Binding column: Ejb3DiscriminatorColumn{logicalColumnName'DTYPE', discriminatorTypeName='string'}
21:22:58.479 [Test worker] DEBUG org.hibernate.cfg.annotations.EntityBinder - Import with entity name Concediu
21:22:58.479 [Test worker] DEBUG org.hibernate.cfg.annotations.EntityBinder - Bind entity domain.Concediu on table concedii
21:22:58.479 [Test worker] DEBUG org.hibernate.cfg.Ejb3Column - Binding column: Ejb3Column{table=org.hibernate.mapping.Table(concedii), mappingColumn=id, insertable=true, updatable=true, unique=false}
21:22:58.479 [Test worker] DEBUG org.hibernate.boot.internal.ClassLoaderAccessImpl - Not known whether passed class name [domain.Concediu] is safe
21:22:58.479 [Test worker] DEBUG org.hibernate.boot.internal.ClassLoaderAccessImpl - No temp ClassLoader provided; using live ClassLoader for loading potentially unsafe class : domain.Concediu
21:22:58.479 [Test worker] DEBUG org.hibernate.cfg.annotations.PropertyBinder - MetadataSourceProcessor property id with lazy=false
21:22:58.479 [Test worker] DEBUG org.hibernate.cfg.AbstractPropertyHolder - Attempting to locate auto-apply AttributeConverter for property [domain.Concediu:id]
21:22:58.479 [Test worker] DEBUG org.hibernate.cfg.annotations.SimpleValueBinder - building SimpleValue for id
21:22:58.479 [Test worker] DEBUG org.hibernate.cfg.annotations.PropertyBinder - Building property id
21:22:58.479 [Test worker] DEBUG org.hibernate.cfg.BinderHelper - #makeIdGenerator(org.hibernate.mapping.SimpleValue([org.hibernate.mapping.Column(id)]), id, identity, , ...)
21:22:58.479 [Test worker] DEBUG org.hibernate.cfg.Ejb3Column - Binding column: Ejb3JoinColumn{logicalColumnName='id_angajat', referencedColumn='', mappedBy=''}
21:22:58.479 [Test worker] DEBUG org.hibernate.cfg.Ejb3Column - Binding column: Ejb3Column{table=org.hibernate.mapping.Table(concedii), mappingColumn=angajat, insertable=true, updatable=true, unique=false}
21:22:58.479 [Test worker] DEBUG org.hibernate.cfg.annotations.PropertyBinder - Building property angajat
21:22:58.479 [Test worker] DEBUG org.hibernate.cfg.Ejb3Column - Binding column: Ejb3Column{table=org.hibernate.mapping.Table(concedii), mappingColumn=data_inceput, insertable=true, updatable=true, unique=false}
21:22:58.479 [Test worker] DEBUG org.hibernate.cfg.annotations.PropertyBinder - MetadataSourceProcessor property dataInceput with lazy=false
21:22:58.479 [Test worker] DEBUG org.hibernate.cfg.AbstractPropertyHolder - Attempting to locate auto-apply AttributeConverter for property [domain.Concediu:dataInceput]
21:22:58.479 [Test worker] DEBUG org.hibernate.cfg.annotations.SimpleValueBinder - building SimpleValue for dataInceput
21:22:58.479 [Test worker] DEBUG org.hibernate.cfg.annotations.PropertyBinder - Building property dataInceput
21:22:58.479 [Test worker] DEBUG org.hibernate.cfg.Ejb3Column - Binding column: Ejb3Column{table=org.hibernate.mapping.Table(concedii), mappingColumn=data_sfarsit, insertable=true, updatable=true, unique=false}
21:22:58.479 [Test worker] DEBUG org.hibernate.cfg.annotations.PropertyBinder - MetadataSourceProcessor property dataSfarsit with lazy=false
21:22:58.479 [Test worker] DEBUG org.hibernate.cfg.AbstractPropertyHolder - Attempting to locate auto-apply AttributeConverter for property [domain.Concediu:dataSfarsit]
21:22:58.479 [Test worker] DEBUG org.hibernate.cfg.annotations.SimpleValueBinder - building SimpleValue for dataSfarsit
21:22:58.479 [Test worker] DEBUG org.hibernate.cfg.annotations.PropertyBinder - Building property dataSfarsit
21:22:58.479 [Test worker] DEBUG org.hibernate.cfg.AnnotationBinder - Binding entity from annotated class: domain.Departament
21:22:58.479 [Test worker] DEBUG org.hibernate.cfg.Ejb3Column - Binding column: Ejb3DiscriminatorColumn{logicalColumnName'DTYPE', discriminatorTypeName='string'}
21:22:58.479 [Test worker] DEBUG org.hibernate.cfg.annotations.EntityBinder - Import with entity name Departament
21:22:58.479 [Test worker] DEBUG org.hibernate.cfg.annotations.EntityBinder - Bind entity domain.Departament on table departamente
21:22:58.479 [Test worker] DEBUG org.hibernate.cfg.Ejb3Column - Binding column: Ejb3Column{table=org.hibernate.mapping.Table(departamente), mappingColumn=id, insertable=true, updatable=true, unique=false}
21:22:58.479 [Test worker] DEBUG org.hibernate.boot.internal.ClassLoaderAccessImpl - Not known whether passed class name [domain.Departament] is safe
21:22:58.479 [Test worker] DEBUG org.hibernate.boot.internal.ClassLoaderAccessImpl - No temp ClassLoader provided; using live ClassLoader for loading potentially unsafe class : domain.Departament
21:22:58.479 [Test worker] DEBUG org.hibernate.cfg.annotations.PropertyBinder - MetadataSourceProcessor property id with lazy=false
21:22:58.479 [Test worker] DEBUG org.hibernate.cfg.AbstractPropertyHolder - Attempting to locate auto-apply AttributeConverter for property [domain.Departament:id]
21:22:58.479 [Test worker] DEBUG org.hibernate.cfg.annotations.SimpleValueBinder - building SimpleValue for id
21:22:58.479 [Test worker] DEBUG org.hibernate.cfg.annotations.PropertyBinder - Building property id
21:22:58.479 [Test worker] DEBUG org.hibernate.cfg.BinderHelper - #makeIdGenerator(org.hibernate.mapping.SimpleValue([org.hibernate.mapping.Column(id)]), id, identity, , ...)
21:22:58.494 [Test worker] DEBUG org.hibernate.cfg.Ejb3Column - Binding column: Ejb3Column{table=org.hibernate.mapping.Table(departamente), mappingColumn=id_director, insertable=true, updatable=true, unique=false}
21:22:58.494 [Test worker] DEBUG org.hibernate.cfg.annotations.PropertyBinder - MetadataSourceProcessor property idDirector with lazy=false
21:22:58.494 [Test worker] DEBUG org.hibernate.cfg.AbstractPropertyHolder - Attempting to locate auto-apply AttributeConverter for property [domain.Departament:idDirector]
21:22:58.494 [Test worker] DEBUG org.hibernate.cfg.annotations.SimpleValueBinder - building SimpleValue for idDirector
21:22:58.494 [Test worker] DEBUG org.hibernate.cfg.annotations.PropertyBinder - Building property idDirector
21:22:58.494 [Test worker] DEBUG org.hibernate.cfg.AnnotationBinder - Binding entity from annotated class: domain.Functie
21:22:58.494 [Test worker] DEBUG org.hibernate.cfg.Ejb3Column - Binding column: Ejb3DiscriminatorColumn{logicalColumnName'DTYPE', discriminatorTypeName='string'}
21:22:58.494 [Test worker] DEBUG org.hibernate.cfg.annotations.EntityBinder - Import with entity name Functie
21:22:58.494 [Test worker] DEBUG org.hibernate.cfg.annotations.EntityBinder - Bind entity domain.Functie on table functii
21:22:58.494 [Test worker] DEBUG org.hibernate.cfg.Ejb3Column - Binding column: Ejb3Column{table=org.hibernate.mapping.Table(functii), mappingColumn=id, insertable=true, updatable=true, unique=false}
21:22:58.494 [Test worker] DEBUG org.hibernate.boot.internal.ClassLoaderAccessImpl - Not known whether passed class name [domain.Functie] is safe
21:22:58.494 [Test worker] DEBUG org.hibernate.boot.internal.ClassLoaderAccessImpl - No temp ClassLoader provided; using live ClassLoader for loading potentially unsafe class : domain.Functie
21:22:58.494 [Test worker] DEBUG org.hibernate.cfg.annotations.PropertyBinder - MetadataSourceProcessor property id with lazy=false
21:22:58.494 [Test worker] DEBUG org.hibernate.cfg.AbstractPropertyHolder - Attempting to locate auto-apply AttributeConverter for property [domain.Functie:id]
21:22:58.494 [Test worker] DEBUG org.hibernate.cfg.annotations.SimpleValueBinder - building SimpleValue for id
21:22:58.494 [Test worker] DEBUG org.hibernate.cfg.annotations.PropertyBinder - Building property id
21:22:58.494 [Test worker] DEBUG org.hibernate.cfg.BinderHelper - #makeIdGenerator(org.hibernate.mapping.SimpleValue([org.hibernate.mapping.Column(id)]), id, identity, , ...)
21:22:58.494 [Test worker] DEBUG org.hibernate.cfg.Ejb3Column - Binding column: Ejb3Column{table=org.hibernate.mapping.Table(functii), mappingColumn=salar_de_baza, insertable=true, updatable=true, unique=false}
21:22:58.494 [Test worker] DEBUG org.hibernate.cfg.annotations.PropertyBinder - MetadataSourceProcessor property salarDeBaza with lazy=false
21:22:58.494 [Test worker] DEBUG org.hibernate.cfg.AbstractPropertyHolder - Attempting to locate auto-apply AttributeConverter for property [domain.Functie:salarDeBaza]
21:22:58.494 [Test worker] DEBUG org.hibernate.cfg.annotations.SimpleValueBinder - building SimpleValue for salarDeBaza
21:22:58.494 [Test worker] DEBUG org.hibernate.cfg.annotations.PropertyBinder - Building property salarDeBaza
21:22:58.494 [Test worker] DEBUG org.hibernate.cfg.AnnotationBinder - Binding entity from annotated class: domain.Proiect
21:22:58.494 [Test worker] DEBUG org.hibernate.cfg.Ejb3Column - Binding column: Ejb3DiscriminatorColumn{logicalColumnName'DTYPE', discriminatorTypeName='string'}
21:22:58.494 [Test worker] DEBUG org.hibernate.cfg.annotations.EntityBinder - Import with entity name Proiect
21:22:58.494 [Test worker] DEBUG org.hibernate.cfg.annotations.EntityBinder - Bind entity domain.Proiect on table proiecte
21:22:58.494 [Test worker] DEBUG org.hibernate.cfg.Ejb3Column - Binding column: Ejb3Column{table=org.hibernate.mapping.Table(proiecte), mappingColumn=id, insertable=true, updatable=true, unique=false}
21:22:58.494 [Test worker] DEBUG org.hibernate.boot.internal.ClassLoaderAccessImpl - Not known whether passed class name [domain.Proiect] is safe
21:22:58.494 [Test worker] DEBUG org.hibernate.boot.internal.ClassLoaderAccessImpl - No temp ClassLoader provided; using live ClassLoader for loading potentially unsafe class : domain.Proiect
21:22:58.494 [Test worker] DEBUG org.hibernate.cfg.annotations.PropertyBinder - MetadataSourceProcessor property id with lazy=false
21:22:58.494 [Test worker] DEBUG org.hibernate.cfg.AbstractPropertyHolder - Attempting to locate auto-apply AttributeConverter for property [domain.Proiect:id]
21:22:58.494 [Test worker] DEBUG org.hibernate.cfg.annotations.SimpleValueBinder - building SimpleValue for id
21:22:58.494 [Test worker] DEBUG org.hibernate.cfg.annotations.PropertyBinder - Building property id
21:22:58.494 [Test worker] DEBUG org.hibernate.cfg.BinderHelper - #makeIdGenerator(org.hibernate.mapping.SimpleValue([org.hibernate.mapping.Column(id)]), id, identity, , ...)
21:22:58.494 [Test worker] DEBUG org.hibernate.cfg.Ejb3Column - Binding column: Ejb3Column{table=org.hibernate.mapping.Table(proiecte), mappingColumn=data_inceput, insertable=true, updatable=true, unique=false}
21:22:58.494 [Test worker] DEBUG org.hibernate.cfg.annotations.PropertyBinder - MetadataSourceProcessor property dataInceput with lazy=false
21:22:58.494 [Test worker] DEBUG org.hibernate.cfg.AbstractPropertyHolder - Attempting to locate auto-apply AttributeConverter for property [domain.Proiect:dataInceput]
21:22:58.494 [Test worker] DEBUG org.hibernate.cfg.annotations.SimpleValueBinder - building SimpleValue for dataInceput
21:22:58.494 [Test worker] DEBUG org.hibernate.cfg.annotations.PropertyBinder - Building property dataInceput
21:22:58.494 [Test worker] DEBUG org.hibernate.cfg.Ejb3Column - Binding column: Ejb3Column{table=org.hibernate.mapping.Table(proiecte), mappingColumn=deadline, insertable=true, updatable=true, unique=false}
21:22:58.494 [Test worker] DEBUG org.hibernate.cfg.annotations.PropertyBinder - MetadataSourceProcessor property deadline with lazy=false
21:22:58.494 [Test worker] DEBUG org.hibernate.cfg.AbstractPropertyHolder - Attempting to locate auto-apply AttributeConverter for property [domain.Proiect:deadline]
21:22:58.494 [Test worker] DEBUG org.hibernate.cfg.annotations.SimpleValueBinder - building SimpleValue for deadline
21:22:58.494 [Test worker] DEBUG org.hibernate.cfg.annotations.PropertyBinder - Building property deadline
21:22:58.494 [Test worker] DEBUG org.hibernate.cfg.annotations.SimpleValueBinder - Starting fillSimpleValue for id
21:22:58.494 [Test worker] DEBUG org.hibernate.cfg.annotations.SimpleValueBinder - Starting fillSimpleValue for dataAngajare
21:22:58.494 [Test worker] DEBUG org.hibernate.cfg.annotations.SimpleValueBinder - Starting fillSimpleValue for idSuperior
21:22:58.494 [Test worker] DEBUG org.hibernate.cfg.annotations.SimpleValueBinder - Starting fillSimpleValue for id
21:22:58.494 [Test worker] DEBUG org.hibernate.cfg.annotations.SimpleValueBinder - Starting fillSimpleValue for dataInceput
21:22:58.494 [Test worker] DEBUG org.hibernate.cfg.annotations.SimpleValueBinder - Starting fillSimpleValue for dataSfarsit
21:22:58.494 [Test worker] DEBUG org.hibernate.cfg.annotations.SimpleValueBinder - Starting fillSimpleValue for id
21:22:58.494 [Test worker] DEBUG org.hibernate.cfg.annotations.SimpleValueBinder - Starting fillSimpleValue for idDirector
21:22:58.494 [Test worker] DEBUG org.hibernate.cfg.annotations.SimpleValueBinder - Starting fillSimpleValue for id
21:22:58.494 [Test worker] DEBUG org.hibernate.cfg.annotations.SimpleValueBinder - Starting fillSimpleValue for salarDeBaza
21:22:58.494 [Test worker] DEBUG org.hibernate.cfg.annotations.SimpleValueBinder - Starting fillSimpleValue for id
21:22:58.494 [Test worker] DEBUG org.hibernate.cfg.annotations.SimpleValueBinder - Starting fillSimpleValue for dataInceput
21:22:58.494 [Test worker] DEBUG org.hibernate.cfg.annotations.SimpleValueBinder - Starting fillSimpleValue for deadline
21:22:58.494 [Test worker] DEBUG org.hibernate.mapping.PrimaryKey - Forcing column [id] to be non-null as it is part of the primary key for table [angajati]
21:22:58.494 [Test worker] DEBUG org.hibernate.mapping.PrimaryKey - Forcing column [id] to be non-null as it is part of the primary key for table [concedii]
21:22:58.494 [Test worker] DEBUG org.hibernate.mapping.PrimaryKey - Forcing column [id] to be non-null as it is part of the primary key for table [departamente]
21:22:58.494 [Test worker] DEBUG org.hibernate.mapping.PrimaryKey - Forcing column [id] to be non-null as it is part of the primary key for table [functii]
21:22:58.494 [Test worker] DEBUG org.hibernate.mapping.PrimaryKey - Forcing column [id] to be non-null as it is part of the primary key for table [proiecte]
21:22:58.494 [Test worker] DEBUG org.hibernate.cfg.CollectionSecondPass - Second pass for collection: domain.Angajat.proiecte
21:22:58.494 [Test worker] DEBUG org.hibernate.cfg.annotations.CollectionBinder - Binding as ManyToMany: domain.Angajat.proiecte
21:22:58.494 [Test worker] DEBUG org.hibernate.mapping.PrimaryKey - Forcing column [id_angajat] to be non-null as it is part of the primary key for table [angajati_proiecte]
21:22:58.494 [Test worker] DEBUG org.hibernate.mapping.PrimaryKey - Forcing column [id_proiect] to be non-null as it is part of the primary key for table [angajati_proiecte]
21:22:58.494 [Test worker] DEBUG org.hibernate.cfg.CollectionSecondPass - Mapped collection key: id_angajat, element: id_proiect
21:22:58.494 [Test worker] DEBUG org.hibernate.cfg.CollectionSecondPass - Second pass for collection: domain.Angajat.departamente
21:22:58.494 [Test worker] DEBUG org.hibernate.cfg.annotations.CollectionBinder - Binding as ManyToMany: domain.Angajat.departamente
21:22:58.494 [Test worker] DEBUG org.hibernate.mapping.PrimaryKey - Forcing column [id_angajat] to be non-null as it is part of the primary key for table [angajati_departamente]
21:22:58.494 [Test worker] DEBUG org.hibernate.mapping.PrimaryKey - Forcing column [id_departament] to be non-null as it is part of the primary key for table [angajati_departamente]
21:22:58.494 [Test worker] DEBUG org.hibernate.cfg.CollectionSecondPass - Mapped collection key: id_angajat, element: id_departament
21:22:58.494 [Test worker] DEBUG org.hibernate.cfg.CollectionSecondPass - Second pass for collection: domain.Angajat.concedii
21:22:58.494 [Test worker] DEBUG org.hibernate.cfg.annotations.CollectionBinder - Binding a OneToMany: domain.Angajat.concedii through a foreign key
21:22:58.494 [Test worker] DEBUG org.hibernate.cfg.annotations.CollectionBinder - Mapping collection: domain.Angajat.concedii -> concedii
21:22:58.494 [Test worker] DEBUG org.hibernate.cfg.annotations.TableBinder - Retrieving property domain.Concediu.angajat
21:22:58.494 [Test worker] DEBUG org.hibernate.cfg.CollectionSecondPass - Mapped collection key: id_angajat, one-to-many: domain.Concediu
21:22:58.494 [Test worker] DEBUG org.hibernate.boot.internal.InFlightMetadataCollectorImpl - Resolving reference to class: domain.Functie
21:22:58.494 [Test worker] DEBUG org.hibernate.boot.internal.InFlightMetadataCollectorImpl - Resolving reference to class: domain.Departament
21:22:58.494 [Test worker] DEBUG org.hibernate.boot.internal.InFlightMetadataCollectorImpl - Resolving reference to class: domain.Angajat
21:22:58.494 [Test worker] DEBUG org.hibernate.boot.internal.InFlightMetadataCollectorImpl - Resolving reference to class: domain.Proiect
21:22:58.494 [Test worker] DEBUG org.hibernate.boot.internal.InFlightMetadataCollectorImpl - Resolving reference to class: domain.Angajat
21:22:58.494 [Test worker] DEBUG org.hibernate.boot.internal.InFlightMetadataCollectorImpl - Resolving reference to class: domain.Angajat
21:22:58.494 [Test worker] DEBUG org.hibernate.boot.internal.InFlightMetadataCollectorImpl - Resolving reference to class: domain.Functie
21:22:58.494 [Test worker] DEBUG org.hibernate.boot.internal.InFlightMetadataCollectorImpl - Resolving reference to class: domain.Departament
21:22:58.494 [Test worker] DEBUG org.hibernate.boot.internal.InFlightMetadataCollectorImpl - Resolving reference to class: domain.Angajat
21:22:58.494 [Test worker] DEBUG org.hibernate.boot.internal.InFlightMetadataCollectorImpl - Resolving reference to class: domain.Proiect
21:22:58.494 [Test worker] DEBUG org.hibernate.boot.internal.InFlightMetadataCollectorImpl - Resolving reference to class: domain.Angajat
21:22:58.494 [Test worker] DEBUG org.hibernate.boot.internal.InFlightMetadataCollectorImpl - Resolving reference to class: domain.Angajat
21:22:58.494 [Test worker] DEBUG org.hibernate.internal.SessionFactoryImpl - Building session factory
21:22:58.494 [Test worker] DEBUG org.hibernate.cfg.Settings - SessionFactory name : null
21:22:58.494 [Test worker] DEBUG org.hibernate.cfg.Settings - Automatic flush during beforeCompletion(): enabled
21:22:58.494 [Test worker] DEBUG org.hibernate.cfg.Settings - Automatic session close at end of transaction: disabled
21:22:58.494 [Test worker] DEBUG org.hibernate.cfg.Settings - Statistics: disabled
21:22:58.494 [Test worker] DEBUG org.hibernate.cfg.Settings - Deleted entity synthetic identifier rollback: disabled
21:22:58.494 [Test worker] DEBUG org.hibernate.cfg.Settings - Default entity-mode: pojo
21:22:58.494 [Test worker] DEBUG org.hibernate.cfg.Settings - Check Nullability in Core (should be disabled when Bean Validation is on): enabled
21:22:58.494 [Test worker] DEBUG org.hibernate.cfg.Settings - Allow initialization of lazy state outside session : enabled
21:22:58.494 [Test worker] DEBUG org.hibernate.cfg.Settings - Using BatchFetchStyle : LEGACY
21:22:58.494 [Test worker] DEBUG org.hibernate.cfg.Settings - Default batch fetch size: -1
21:22:58.494 [Test worker] DEBUG org.hibernate.cfg.Settings - Maximum outer join fetch depth: null
21:22:58.494 [Test worker] DEBUG org.hibernate.cfg.Settings - Default null ordering: NONE
21:22:58.494 [Test worker] DEBUG org.hibernate.cfg.Settings - Order SQL updates by primary key: disabled
21:22:58.494 [Test worker] DEBUG org.hibernate.cfg.Settings - Order SQL inserts for batching: disabled
21:22:58.494 [Test worker] DEBUG org.hibernate.cfg.Settings - multi-tenancy strategy : NONE
21:22:58.494 [Test worker] DEBUG org.hibernate.cfg.Settings - JTA Track by Thread: enabled
21:22:58.494 [Test worker] DEBUG org.hibernate.cfg.Settings - Query language substitutions: {}
21:22:58.494 [Test worker] DEBUG org.hibernate.cfg.Settings - Named query checking : enabled
21:22:58.494 [Test worker] DEBUG org.hibernate.cfg.Settings - Second-level cache: disabled
21:22:58.494 [Test worker] DEBUG org.hibernate.cfg.Settings - Second-level query cache: disabled
21:22:58.494 [Test worker] DEBUG org.hibernate.cfg.Settings - Second-level query cache factory: null
21:22:58.494 [Test worker] DEBUG org.hibernate.cfg.Settings - Second-level cache region prefix: null
21:22:58.494 [Test worker] DEBUG org.hibernate.cfg.Settings - Optimize second-level cache for minimal puts: disabled
21:22:58.494 [Test worker] DEBUG org.hibernate.cfg.Settings - Structured second-level cache entries: disabled
21:22:58.494 [Test worker] DEBUG org.hibernate.cfg.Settings - Second-level cache direct-reference entries: disabled
21:22:58.494 [Test worker] DEBUG org.hibernate.cfg.Settings - Automatic eviction of collection cache: disabled
21:22:58.494 [Test worker] DEBUG org.hibernate.cfg.Settings - JDBC batch size: 0
21:22:58.494 [Test worker] DEBUG org.hibernate.cfg.Settings - JDBC batch updates for versioned data: enabled
21:22:58.494 [Test worker] DEBUG org.hibernate.cfg.Settings - Scrollable result sets: disabled
21:22:58.494 [Test worker] DEBUG org.hibernate.cfg.Settings - Wrap result sets: disabled
21:22:58.494 [Test worker] DEBUG org.hibernate.cfg.Settings - JDBC3 getGeneratedKeys(): enabled
21:22:58.494 [Test worker] DEBUG org.hibernate.cfg.Settings - JDBC result set fetch size: null
21:22:58.494 [Test worker] DEBUG org.hibernate.cfg.Settings - Connection release mode: AFTER_TRANSACTION
21:22:58.494 [Test worker] DEBUG org.hibernate.cfg.Settings - Generate SQL with comments: disabled
21:22:58.494 [Test worker] DEBUG org.hibernate.cfg.Settings - JPA compliance - query : disabled
21:22:58.494 [Test worker] DEBUG org.hibernate.cfg.Settings - JPA compliance - closed-handling : disabled
21:22:58.494 [Test worker] DEBUG org.hibernate.cfg.Settings - JPA compliance - lists : disabled
21:22:58.494 [Test worker] DEBUG org.hibernate.cfg.Settings - JPA compliance - transactions : disabled
21:22:58.494 [Test worker] DEBUG org.hibernate.internal.SessionFactoryImpl - Session factory constructed with filter configurations : {}
21:22:58.494 [Test worker] DEBUG org.hibernate.internal.SessionFactoryImpl - Instantiating session factory with properties: {sun.desktop=windows, awt.toolkit=sun.awt.windows.WToolkit, dialect=utils.SQLiteDialect, java.specification.version=11, sun.cpu.isalist=amd64, sun.jnu.encoding=Cp1250, hibernate.dialect=utils.SQLiteDialect, org.gradle.test.worker=3, java.class.path=C:\\Users\\Dan\\.gradle\\caches\\6.8\\workerMain\\gradle-worker.jar;D:\\Facultate\\Projects\\OrganizareCompanie\\build\\classes\\java\\test;D:\\Facultate\\Projects\\OrganizareCompanie\\build\\resources\\test;D:\\Facultate\\Projects\\OrganizareCompanie\\build\\classes\\java\\main;D:\\Facultate\\Projects\\OrganizareCompanie\\build\\resources\\main;C:\\Users\\Dan\\.gradle\\caches\\modules-2\\files-2.1\\org.springframework.boot\\spring-boot-starter-web\\2.4.3\\4f5554ea183af87e52d8c31bb82aada0d74c40b0\\spring-boot-starter-web-2.4.3.jar;C:\\Users\\Dan\\.gradle\\caches\\modules-2\\files-2.1\\org.xerial\\sqlite-jdbc\\3.34.0\\fd29bb0124e3f79c80b2753162a6a3873c240bcf\\sqlite-jdbc-3.34.0.jar;C:\\Users\\Dan\\.gradle\\caches\\modules-2\\files-2.1\\org.hibernate\\hibernate-java8\\5.1.0.Final\\2bb534acab4f8485a821f0e4d6a2c8df617ee86a\\hibernate-java8-5.1.0.Final.jar;C:\\Users\\Dan\\.gradle\\caches\\modules-2\\files-2.1\\org.hibernate\\hibernate-core\\5.4.29.Final\\74b7c9ad3cb57ae4fd0187480a76f137a7fc3f38\\hibernate-core-5.4.29.Final.jar;C:\\Users\\Dan\\.gradle\\caches\\modules-2\\files-2.1\\org.junit.platform\\junit-platform-engine\\1.7.0\\eadb73c5074a4ac71061defd00fc176152a4d12c\\junit-platform-engine-1.7.0.jar;C:\\Users\\Dan\\.gradle\\caches\\modules-2\\files-2.1\\org.junit.platform\\junit-platform-commons\\1.7.0\\84e309fbf21d857aac079a3c1fffd84284e1114d\\junit-platform-commons-1.7.0.jar;C:\\Users\\Dan\\.gradle\\caches\\modules-2\\files-2.1\\org.junit.jupiter\\junit-jupiter-engine\\5.7.0\\d9044d6b45e2232ddd53fa56c15333e43d1749fd\\junit-jupiter-engine-5.7.0.jar;C:\\Users\\Dan\\.gradle\\caches\\modules-2\\files-2.1\\org.junit.jupiter\\junit-jupiter-api\\5.7.0\\b25f3815c4c1860a73041e733a14a0379d00c4d5\\junit-jupiter-api-5.7.0.jar;C:\\Users\\Dan\\.gradle\\caches\\modules-2\\files-2.1\\org.springframework.boot\\spring-boot-starter-json\\2.4.3\\7b26abb0a0379a00b58a2a50e010b29cf4f16b80\\spring-boot-starter-json-2.4.3.jar;C:\\Users\\Dan\\.gradle\\caches\\modules-2\\files-2.1\\org.springframework.boot\\spring-boot-starter\\2.4.3\\fd8bc0fb5f5aaefb4d6c8b77eb61563aab840c11\\spring-boot-starter-2.4.3.jar;C:\\Users\\Dan\\.gradle\\caches\\modules-2\\files-2.1\\org.springframework.boot\\spring-boot-starter-tomcat\\2.4.3\\4ba28aae05a259625e7e92f8e7338c5e1d22de35\\spring-boot-starter-tomcat-2.4.3.jar;C:\\Users\\Dan\\.gradle\\caches\\modules-2\\files-2.1\\org.springframework\\spring-webmvc\\5.3.4\\8dd52fbe8eafcc7c80998087ec6635baf7a98c20\\spring-webmvc-5.3.4.jar;C:\\Users\\Dan\\.gradle\\caches\\modules-2\\files-2.1\\org.springframework\\spring-web\\5.3.4\\d93829e24a50ed22e781f2302680a210cac5ee84\\spring-web-5.3.4.jar;C:\\Users\\Dan\\.gradle\\caches\\modules-2\\files-2.1\\org.hibernate.common\\hibernate-commons-annotations\\5.1.2.Final\\e59ffdbc6ad09eeb33507b39ffcf287679a498c8\\hibernate-commons-annotations-5.1.2.Final.jar;C:\\Users\\Dan\\.gradle\\caches\\modules-2\\files-2.1\\org.jboss.logging\\jboss-logging\\3.4.1.Final\\40fd4d696c55793e996d1ff3c475833f836c2498\\jboss-logging-3.4.1.Final.jar;C:\\Users\\Dan\\.gradle\\caches\\modules-2\\files-2.1\\javax.persistence\\javax.persistence-api\\2.2\\25665ac8c0b62f50e6488173233239120fc52c96\\javax.persistence-api-2.2.jar;C:\\Users\\Dan\\.gradle\\caches\\modules-2\\files-2.1\\org.javassist\\javassist\\3.27.0-GA\\f63e6aa899e15eca8fdaa402a79af4c417252213\\javassist-3.27.0-GA.jar;C:\\Users\\Dan\\.gradle\\caches\\modules-2\\files-2.1\\net.bytebuddy\\byte-buddy\\1.10.21\\5abe8e141cac9d50a721a22d9c188b3bf19ad0aa\\byte-buddy-1.10.21.jar;C:\\Users\\Dan\\.gradle\\caches\\modules-2\\files-2.1\\antlr\\antlr\\2.7.7\\83cd2cd674a217ade95a4bb83a8a14f351f48bd0\\antlr-2.7.7.jar;C:\\Users\\Dan\\.gradle\\caches\\modules-2\\files-2.1\\org.jboss.spec.javax.transaction\\jboss-transaction-api_1.2_spec\\1.1.1.Final\\a8485cab9484dda36e9a8c319e76b5cc18797b58\\jboss-transaction-api_1.2_spec-1.1.1.Final.jar;C:\\Users\\Dan\\.gradle\\caches\\modules-2\\files-2.1\\org.jboss\\jandex\\2.2.3.Final\\d3865101f0666b63586683bd811d754517f331ab\\jandex-2.2.3.Final.jar;C:\\Users\\Dan\\.gradle\\caches\\modules-2\\files-2.1\\com.fasterxml\\classmate\\1.5.1\\3fe0bed568c62df5e89f4f174c101eab25345b6c\\classmate-1.5.1.jar;C:\\Users\\Dan\\.gradle\\caches\\modules-2\\files-2.1\\org.glassfish.jaxb\\jaxb-runtime\\2.3.1\\dd6dda9da676a54c5b36ca2806ff95ee017d8738\\jaxb-runtime-2.3.1.jar;C:\\Users\\Dan\\.gradle\\caches\\modules-2\\files-2.1\\javax.xml.bind\\jaxb-api\\2.3.1\\8531ad5ac454cc2deb9d4d32c40c4d7451939b5d\\jaxb-api-2.3.1.jar;C:\\Users\\Dan\\.gradle\\caches\\modules-2\\files-2.1\\javax.activation\\javax.activation-api\\1.2.0\\85262acf3ca9816f9537ca47d5adeabaead7cb16\\javax.activation-api-1.2.0.jar;C:\\Users\\Dan\\.gradle\\caches\\modules-2\\files-2.1\\org.dom4j\\dom4j\\2.1.3\\a75914155a9f5808963170ec20653668a2ffd2fd\\dom4j-2.1.3.jar;C:\\Users\\Dan\\.gradle\\caches\\modules-2\\files-2.1\\org.apiguardian\\apiguardian-api\\1.1.0\\fc9dff4bb36d627bdc553de77e1f17efd790876c\\apiguardian-api-1.1.0.jar;C:\\Users\\Dan\\.gradle\\caches\\modules-2\\files-2.1\\org.opentest4j\\opentest4j\\1.2.0\\28c11eb91f9b6d8e200631d46e20a7f407f2a046\\opentest4j-1.2.0.jar;C:\\Users\\Dan\\.gradle\\caches\\modules-2\\files-2.1\\org.springframework.boot\\spring-boot-autoconfigure\\2.4.3\\2f8e1e682e55f70c8ea557982c7adb1256f41bcf\\spring-boot-autoconfigure-2.4.3.jar;C:\\Users\\Dan\\.gradle\\caches\\modules-2\\files-2.1\\org.springframework.boot\\spring-boot\\2.4.3\\de2bd17a8eb9bc3dfa629aa06f2e9fe3bf603c85\\spring-boot-2.4.3.jar;C:\\Users\\Dan\\.gradle\\caches\\modules-2\\files-2.1\\org.springframework.boot\\spring-boot-starter-logging\\2.4.3\\64687abc2255d18cd6592cbb20fa3bee3379cec8\\spring-boot-starter-logging-2.4.3.jar;C:\\Users\\Dan\\.gradle\\caches\\modules-2\\files-2.1\\jakarta.annotation\\jakarta.annotation-api\\1.3.5\\59eb84ee0d616332ff44aba065f3888cf002cd2d\\jakarta.annotation-api-1.3.5.jar;C:\\Users\\Dan\\.gradle\\caches\\modules-2\\files-2.1\\org.springframework\\spring-context\\5.3.4\\fbeadeb0e4d272599a938ec345e99e5f9a76e919\\spring-context-5.3.4.jar;C:\\Users\\Dan\\.gradle\\caches\\modules-2\\files-2.1\\org.springframework\\spring-aop\\5.3.4\\b7180a6427ab524bc1cbd31bf38dd2182632515f\\spring-aop-5.3.4.jar;C:\\Users\\Dan\\.gradle\\caches\\modules-2\\files-2.1\\org.springframework\\spring-beans\\5.3.4\\ac6c5ea0ba82f555405f74104cf378f8071c6d25\\spring-beans-5.3.4.jar;C:\\Users\\Dan\\.gradle\\caches\\modules-2\\files-2.1\\org.springframework\\spring-expression\\5.3.4\\42b71fa955e43a86471509aef14cefe756fc3794\\spring-expression-5.3.4.jar;C:\\Users\\Dan\\.gradle\\caches\\modules-2\\files-2.1\\org.springframework\\spring-core\\5.3.4\\46c1f8abd9e02a292c42a257350f365cec152b5d\\spring-core-5.3.4.jar;C:\\Users\\Dan\\.gradle\\caches\\modules-2\\files-2.1\\org.yaml\\snakeyaml\\1.27\\359d62567480b07a679dc643f82fc926b100eed5\\snakeyaml-1.27.jar;C:\\Users\\Dan\\.gradle\\caches\\modules-2\\files-2.1\\com.fasterxml.jackson.datatype\\jackson-datatype-jdk8\\2.11.4\\e1540dea3c6c681ea4e335a960f730861ee3bedb\\jackson-datatype-jdk8-2.11.4.jar;C:\\Users\\Dan\\.gradle\\caches\\modules-2\\files-2.1\\com.fasterxml.jackson.datatype\\jackson-datatype-jsr310\\2.11.4\\ce6fc76bba06623720e5a9308386b6ae74753f4d\\jackson-datatype-jsr310-2.11.4.jar;C:\\Users\\Dan\\.gradle\\caches\\modules-2\\files-2.1\\com.fasterxml.jackson.module\\jackson-module-parameter-names\\2.11.4\\432e050d79f2282a66c320375d628f1b0842cb12\\jackson-module-parameter-names-2.11.4.jar;C:\\Users\\Dan\\.gradle\\caches\\modules-2\\files-2.1\\com.fasterxml.jackson.core\\jackson-databind\\2.11.4\\5d9f3d441f99d721b957e3497f0a6465c764fad4\\jackson-databind-2.11.4.jar;C:\\Users\\Dan\\.gradle\\caches\\modules-2\\files-2.1\\org.apache.tomcat.embed\\tomcat-embed-websocket\\9.0.43\\78232648dde1a5fd5093f0a3999e593d208e2eab\\tomcat-embed-websocket-9.0.43.jar;C:\\Users\\Dan\\.gradle\\caches\\modules-2\\files-2.1\\org.apache.tomcat.embed\\tomcat-embed-core\\9.0.43\\1d102277426bdd5b12f048731a91665bb69347d1\\tomcat-embed-core-9.0.43.jar;C:\\Users\\Dan\\.gradle\\caches\\modules-2\\files-2.1\\org.glassfish\\jakarta.el\\3.0.3\\dab46ee1ee23f7197c13d7c40fce14817c9017df\\jakarta.el-3.0.3.jar;C:\\Users\\Dan\\.gradle\\caches\\modules-2\\files-2.1\\org.glassfish.jaxb\\txw2\\2.3.1\\a09d2c48d3285f206fafbffe0e50619284e92126\\txw2-2.3.1.jar;C:\\Users\\Dan\\.gradle\\caches\\modules-2\\files-2.1\\com.sun.istack\\istack-commons-runtime\\3.0.7\\c197c86ceec7318b1284bffb49b54226ca774003\\istack-commons-runtime-3.0.7.jar;C:\\Users\\Dan\\.gradle\\caches\\modules-2\\files-2.1\\org.jvnet.staxex\\stax-ex\\1.8\\8cc35f73da321c29973191f2cf143d29d26a1df7\\stax-ex-1.8.jar;C:\\Users\\Dan\\.gradle\\caches\\modules-2\\files-2.1\\com.sun.xml.fastinfoset\\FastInfoset\\1.2.15\\bb7b7ec0379982b97c62cd17465cb6d9155f68e8\\FastInfoset-1.2.15.jar;C:\\Users\\Dan\\.gradle\\caches\\modules-2\\files-2.1\\ch.qos.logback\\logback-classic\\1.2.3\\7c4f3c474fb2c041d8028740440937705ebb473a\\logback-classic-1.2.3.jar;C:\\Users\\Dan\\.gradle\\caches\\modules-2\\files-2.1\\org.apache.logging.log4j\\log4j-to-slf4j\\2.13.3\\966f6fd1af4959d6b12bfa880121d4a2b164f857\\log4j-to-slf4j-2.13.3.jar;C:\\Users\\Dan\\.gradle\\caches\\modules-2\\files-2.1\\org.slf4j\\jul-to-slf4j\\1.7.30\\d58bebff8cbf70ff52b59208586095f467656c30\\jul-to-slf4j-1.7.30.jar;C:\\Users\\Dan\\.gradle\\caches\\modules-2\\files-2.1\\org.springframework\\spring-jcl\\5.3.4\\ca012eb4e9e57f767aa9d5e51fe9a09b28140808\\spring-jcl-5.3.4.jar;C:\\Users\\Dan\\.gradle\\caches\\modules-2\\files-2.1\\com.fasterxml.jackson.core\\jackson-annotations\\2.11.4\\2c3f5c079330f3a01726686a078979420f547ae4\\jackson-annotations-2.11.4.jar;C:\\Users\\Dan\\.gradle\\caches\\modules-2\\files-2.1\\com.fasterxml.jackson.core\\jackson-core\\2.11.4\\593f7b18bab07a76767f181e2a2336135ce82cc4\\jackson-core-2.11.4.jar;C:\\Users\\Dan\\.gradle\\caches\\modules-2\\files-2.1\\ch.qos.logback\\logback-core\\1.2.3\\864344400c3d4d92dfeb0a305dc87d953677c03c\\logback-core-1.2.3.jar;C:\\Users\\Dan\\.gradle\\caches\\modules-2\\files-2.1\\org.slf4j\\slf4j-api\\1.7.30\\b5a4b6d16ab13e34a88fae84c35cd5d68cac922c\\slf4j-api-1.7.30.jar;C:\\Users\\Dan\\.gradle\\caches\\modules-2\\files-2.1\\org.apache.logging.log4j\\log4j-api\\2.13.3\\ec1508160b93d274b1add34419b897bae84c6ca9\\log4j-api-2.13.3.jar, java.vm.vendor=Oracle Corporation, sun.arch.data.model=64, user.variant=, java.vendor.url=http://java.oracle.com/, user.timezone=Europe/Athens, os.name=Windows 10, java.vm.specification.version=11, user.country=US, sun.java.launcher=SUN_STANDARD, sun.boot.library.path=C:\Program Files\Java\jdk-11.0.6\bin, sun.java.command=worker.org.gradle.process.internal.worker.GradleWorkerMain 'Gradle Test Executor 3', jdk.debug=release, sun.cpu.endian=little, user.home=C:\Users\Dan, user.language=en, java.specification.vendor=Oracle Corporation, org.gradle.native=false, java.version.date=2020-01-14, java.home=C:\Program Files\Java\jdk-11.0.6, file.separator=\, java.vm.compressedOopsMode=32-bit, line.separator=
, java.specification.name=Java Platform API Specification, java.vm.specification.vendor=Oracle Corporation, java.awt.graphicsenv=sun.awt.Win32GraphicsEnvironment, hibernate.hbm2ddl.auto=update, user.script=, sun.management.compiler=HotSpot 64-Bit Tiered Compilers, java.runtime.version=11.0.6+8-LTS, user.name=Dan, path.separator=;, hibernate.connection.username=****, os.version=10.0, hibernate.enable_lazy_load_no_trans=true, java.runtime.name=Java(TM) SE Runtime Environment, hibernate.connection.url=jdbc:sqlite:D:\Facultate\Projects\OrganizareCompanie\database, file.encoding=windows-1250, java.vm.name=Java HotSpot(TM) 64-Bit Server VM, hibernate.show_sql=true, java.vendor.version=18.9, hibernate.current_session_context_class=thread, hibernate.connection.driver_class=org.sqlite.JDBC, java.vendor.url.bug=http://bugreport.java.com/bugreport/, java.io.tmpdir=C:\Users\Dan\AppData\Local\Temp\, java.version=11.0.6, user.dir=D:\Facultate\Projects\OrganizareCompanie, os.arch=amd64, java.vm.specification.name=Java Virtual Machine Specification, java.awt.printerjob=sun.awt.windows.WPrinterJob, hibernate.connection.password=****, sun.os.patch.level=, connection.driver_class=org.sqlite.JDBC, hibernate.boot.CfgXmlAccessService.key=org.hibernate.boot.cfgxml.spi.LoadedConfig@fae56dd, java.library.path=C:\Program Files\Java\jdk-11.0.6\bin;C:\WINDOWS\Sun\Java\bin;C:\WINDOWS\system32;C:\WINDOWS;;C:\Python38\Scripts\;C:\Python38\;D:\Facultate\Scripts\;D:\Facultate\;C:\Users\Dan\Desktop\Facultate 2018-2019\Semestrul I\Fundamentele programarii\Python\Scripts\;C:\Users\Dan\Desktop\Facultate 2018-2019\Semestrul I\Fundamentele programarii\Python\;C:\Users\Dan\Desktop\Facultate 2018-2019\Semestrul I\Fundamentele programarii\Scripts\;C:\Users\Dan\Desktop\Facultate 2018-2019\Semestrul I\Fundamentele programarii\;C:\WINDOWS\system32;C:\WINDOWS;C:\WINDOWS\System32\Wbem;C:\WINDOWS\System32\WindowsPowerShell\v1.0\;C:\WINDOWS\System32\OpenSSH\;D:\Facultate\PuTTY\;C:\Program Files\dotnet\;C:\Program Files\Microsoft SQL Server\Client SDK\ODBC\170\Tools\Binn\;C:\Users\Dan\Proto\bin;D:\Facultate\NodeJS\;C:\ProgramData\chocolatey\bin;C:\Program Files\Git\cmd;C:\Program Files\Java\jdk-10.0.2\bin;C:\Program Files (x86)\GnuWin32\bin;C:\MinGW\bin;C:\Program Files\Java\jdk-11.0.6\bin;C:\WINDOWS\system32;C:\WINDOWS;C:\WINDOWS\System32\Wbem;C:\WINDOWS\System32\WindowsPowerShell\v1.0\;C:\WINDOWS\System32\OpenSSH\;C:\Program Files\Intel\WiFi\bin\;C:\Program Files\Common Files\Intel\WirelessCommon\;D:\Facultate\Python\Scripts\;D:\Facultate\Python\;C:\Users\Dan\AppData\Local\Microsoft\WindowsApps;C:\Users\Dan\AppData\Local\GitHubDesktop\bin;C:\Users\Dan\AppData\Roaming\npm;D:\Facultate\Microsoft VS Code\bin;C:\Users\Dan\AppData\Local\Microsoft\WindowsApps;C:\Users\Dan\Documents\driver;;., java.vendor=Oracle Corporation, java.vm.info=mixed mode, java.vm.version=11.0.6+8-LTS, hibernate.bytecode.use_reflection_optimizer=false, sun.io.unicode.encoding=UnicodeLittle, hibernate.connection.pool_size=1, connection.url=jdbc:sqlite:D:\Facultate\Projects\OrganizareCompanie\database, java.class.version=55.0}
21:22:58.494 [Test worker] DEBUG org.hibernate.secure.spi.JaccIntegrator - Skipping JACC integration as it was not enabled
21:22:58.494 [Test worker] DEBUG org.hibernate.internal.SessionFactoryImpl - Instantiated session factory
21:22:58.494 [Test worker] DEBUG org.hibernate.type.spi.TypeConfiguration$Scope - Scoping TypeConfiguration [org.hibernate.type.spi.TypeConfiguration@4935955f] to SessionFactoryImpl [org.hibernate.internal.SessionFactoryImpl@7898157e]
21:22:58.494 [Test worker] DEBUG org.hibernate.boot.internal.ClassLoaderAccessImpl - Not known whether passed class name [domain.Functie] is safe
21:22:58.494 [Test worker] DEBUG org.hibernate.boot.internal.ClassLoaderAccessImpl - No temp ClassLoader provided; using live ClassLoader for loading potentially unsafe class : domain.Functie
21:22:58.510 [Test worker] DEBUG org.hibernate.boot.internal.ClassLoaderAccessImpl - Not known whether passed class name [domain.Departament] is safe
21:22:58.510 [Test worker] DEBUG org.hibernate.boot.internal.ClassLoaderAccessImpl - No temp ClassLoader provided; using live ClassLoader for loading potentially unsafe class : domain.Departament
21:22:58.510 [Test worker] DEBUG org.hibernate.boot.internal.ClassLoaderAccessImpl - Not known whether passed class name [domain.Angajat] is safe
21:22:58.510 [Test worker] DEBUG org.hibernate.boot.internal.ClassLoaderAccessImpl - No temp ClassLoader provided; using live ClassLoader for loading potentially unsafe class : domain.Angajat
21:22:58.526 [Test worker] DEBUG org.hibernate.boot.internal.ClassLoaderAccessImpl - Not known whether passed class name [domain.Proiect] is safe
21:22:58.526 [Test worker] DEBUG org.hibernate.boot.internal.ClassLoaderAccessImpl - No temp ClassLoader provided; using live ClassLoader for loading potentially unsafe class : domain.Proiect
21:22:58.526 [Test worker] DEBUG org.hibernate.boot.internal.ClassLoaderAccessImpl - Not known whether passed class name [domain.Concediu] is safe
21:22:58.526 [Test worker] DEBUG org.hibernate.boot.internal.ClassLoaderAccessImpl - No temp ClassLoader provided; using live ClassLoader for loading potentially unsafe class : domain.Concediu
21:22:58.526 [Test worker] DEBUG org.hibernate.persister.collection.AbstractCollectionPersister - Static SQL for collection: domain.Angajat.proiecte
21:22:58.526 [Test worker] DEBUG org.hibernate.persister.collection.AbstractCollectionPersister -  Row insert: insert into angajati_proiecte (id_angajat, id_proiect) values (?, ?)
21:22:58.526 [Test worker] DEBUG org.hibernate.persister.collection.AbstractCollectionPersister -  Row update: update angajati_proiecte set id_proiect=? where id_angajat=? and id_proiect=?
21:22:58.526 [Test worker] DEBUG org.hibernate.persister.collection.AbstractCollectionPersister -  Row delete: delete from angajati_proiecte where id_angajat=? and id_proiect=?
21:22:58.526 [Test worker] DEBUG org.hibernate.persister.collection.AbstractCollectionPersister -  One-shot delete: delete from angajati_proiecte where id_angajat=?
21:22:58.526 [Test worker] DEBUG org.hibernate.persister.collection.AbstractCollectionPersister - Static SQL for collection: domain.Angajat.concedii
21:22:58.526 [Test worker] DEBUG org.hibernate.persister.collection.AbstractCollectionPersister -  Row insert: update concedii set id_angajat=? where id=?
21:22:58.526 [Test worker] DEBUG org.hibernate.persister.collection.AbstractCollectionPersister -  Row update: update concedii set  where id=?
21:22:58.526 [Test worker] DEBUG org.hibernate.persister.collection.AbstractCollectionPersister -  Row delete: update concedii set id_angajat=null where id_angajat=? and id=?
21:22:58.526 [Test worker] DEBUG org.hibernate.persister.collection.AbstractCollectionPersister -  One-shot delete: update concedii set id_angajat=null where id_angajat=?
21:22:58.526 [Test worker] DEBUG org.hibernate.persister.collection.AbstractCollectionPersister - Static SQL for collection: domain.Angajat.departamente
21:22:58.526 [Test worker] DEBUG org.hibernate.persister.collection.AbstractCollectionPersister -  Row insert: insert into angajati_departamente (id_angajat, id_departament) values (?, ?)
21:22:58.526 [Test worker] DEBUG org.hibernate.persister.collection.AbstractCollectionPersister -  Row update: update angajati_departamente set id_departament=? where id_angajat=? and id_departament=?
21:22:58.526 [Test worker] DEBUG org.hibernate.persister.collection.AbstractCollectionPersister -  Row delete: delete from angajati_departamente where id_angajat=? and id_departament=?
21:22:58.526 [Test worker] DEBUG org.hibernate.persister.collection.AbstractCollectionPersister -  One-shot delete: delete from angajati_departamente where id_angajat=?
21:22:58.526 [Test worker] DEBUG org.hibernate.persister.entity.AbstractEntityPersister - Static SQL for entity: domain.Functie
21:22:58.526 [Test worker] DEBUG org.hibernate.persister.entity.AbstractEntityPersister -  Version select: select id from functii where id =?
21:22:58.526 [Test worker] DEBUG org.hibernate.persister.entity.AbstractEntityPersister -  Snapshot select: select functie_.id, functie_.salar_de_baza as salar_de2_5_ from functii functie_ where functie_.id=?
21:22:58.526 [Test worker] DEBUG org.hibernate.persister.entity.AbstractEntityPersister -  Insert 0: insert into functii (salar_de_baza, id) values (?, ?)
21:22:58.526 [Test worker] DEBUG org.hibernate.persister.entity.AbstractEntityPersister -  Update 0: update functii set salar_de_baza=? where id=?
21:22:58.526 [Test worker] DEBUG org.hibernate.persister.entity.AbstractEntityPersister -  Delete 0: delete from functii where id=?
21:22:58.526 [Test worker] DEBUG org.hibernate.persister.entity.AbstractEntityPersister -  Identity insert: insert into functii (salar_de_baza) values (?)
21:22:58.526 [Test worker] DEBUG org.hibernate.loader.plan.build.internal.spaces.QuerySpacesImpl - Adding QuerySpace : uid = <gen:0> -> org.hibernate.loader.plan.build.internal.spaces.EntityQuerySpaceImpl@72a696dd]
21:22:58.526 [Test worker] DEBUG org.hibernate.persister.walking.spi.MetamodelGraphWalker - Visiting attribute path : salarDeBaza
21:22:58.526 [Test worker] DEBUG org.hibernate.loader.plan.build.internal.FetchStyleLoadPlanBuildingAssociationVisitationStrategy - Building LoadPlan...
21:22:58.526 [Test worker] DEBUG org.hibernate.loader.plan.exec.internal.LoadQueryJoinAndFetchProcessor - processing queryspace <gen:0>
21:22:58.526 [Test worker] DEBUG org.hibernate.loader.plan.build.spi.LoadPlanTreePrinter - LoadPlan(entity=domain.Functie)
    - Returns
       - EntityReturnImpl(entity=domain.Functie, querySpaceUid=<gen:0>, path=domain.Functie)
    - QuerySpaces
       - EntityQuerySpaceImpl(uid=<gen:0>, entity=domain.Functie)
          - SQL table alias mapping - functie0_
          - alias suffix - 0_
          - suffixed key columns - {id1_5_0_}

21:22:58.526 [Test worker] DEBUG org.hibernate.loader.entity.plan.EntityLoader - Static select for entity domain.Functie [NONE]: select functie0_.id as id1_5_0_, functie0_.salar_de_baza as salar_de2_5_0_ from functii functie0_ where functie0_.id=?
21:22:58.526 [Test worker] DEBUG org.hibernate.persister.entity.AbstractEntityPersister - Static SQL for entity: domain.Departament
21:22:58.526 [Test worker] DEBUG org.hibernate.persister.entity.AbstractEntityPersister -  Version select: select id from departamente where id =?
21:22:58.526 [Test worker] DEBUG org.hibernate.persister.entity.AbstractEntityPersister -  Snapshot select: select departamen_.id, departamen_.id_director as id_direc2_4_ from departamente departamen_ where departamen_.id=?
21:22:58.526 [Test worker] DEBUG org.hibernate.persister.entity.AbstractEntityPersister -  Insert 0: insert into departamente (id_director, id) values (?, ?)
21:22:58.526 [Test worker] DEBUG org.hibernate.persister.entity.AbstractEntityPersister -  Update 0: update departamente set id_director=? where id=?
21:22:58.526 [Test worker] DEBUG org.hibernate.persister.entity.AbstractEntityPersister -  Delete 0: delete from departamente where id=?
21:22:58.526 [Test worker] DEBUG org.hibernate.persister.entity.AbstractEntityPersister -  Identity insert: insert into departamente (id_director) values (?)
21:22:58.526 [Test worker] DEBUG org.hibernate.loader.plan.build.internal.spaces.QuerySpacesImpl - Adding QuerySpace : uid = <gen:0> -> org.hibernate.loader.plan.build.internal.spaces.EntityQuerySpaceImpl@13d45232]
21:22:58.526 [Test worker] DEBUG org.hibernate.persister.walking.spi.MetamodelGraphWalker - Visiting attribute path : idDirector
21:22:58.526 [Test worker] DEBUG org.hibernate.loader.plan.build.internal.FetchStyleLoadPlanBuildingAssociationVisitationStrategy - Building LoadPlan...
21:22:58.526 [Test worker] DEBUG org.hibernate.loader.plan.exec.internal.LoadQueryJoinAndFetchProcessor - processing queryspace <gen:0>
21:22:58.526 [Test worker] DEBUG org.hibernate.loader.plan.build.spi.LoadPlanTreePrinter - LoadPlan(entity=domain.Departament)
    - Returns
       - EntityReturnImpl(entity=domain.Departament, querySpaceUid=<gen:0>, path=domain.Departament)
    - QuerySpaces
       - EntityQuerySpaceImpl(uid=<gen:0>, entity=domain.Departament)
          - SQL table alias mapping - departamen0_
          - alias suffix - 0_
          - suffixed key columns - {id1_4_0_}

21:22:58.526 [Test worker] DEBUG org.hibernate.loader.entity.plan.EntityLoader - Static select for entity domain.Departament [NONE]: select departamen0_.id as id1_4_0_, departamen0_.id_director as id_direc2_4_0_ from departamente departamen0_ where departamen0_.id=?
21:22:58.526 [Test worker] DEBUG org.hibernate.persister.entity.AbstractEntityPersister - Static SQL for entity: domain.Angajat
21:22:58.526 [Test worker] DEBUG org.hibernate.persister.entity.AbstractEntityPersister -  Version select: select id from angajati where id =?
21:22:58.526 [Test worker] DEBUG org.hibernate.persister.entity.AbstractEntityPersister -  Snapshot select: select angajat_.id, angajat_.data_angajare as data_ang2_0_, angajat_.functie_id as functie_4_0_, angajat_.id_superior as id_super3_0_ from angajati angajat_ where angajat_.id=?
21:22:58.526 [Test worker] DEBUG org.hibernate.persister.entity.AbstractEntityPersister -  Insert 0: insert into angajati (data_angajare, functie_id, id_superior, id) values (?, ?, ?, ?)
21:22:58.526 [Test worker] DEBUG org.hibernate.persister.entity.AbstractEntityPersister -  Update 0: update angajati set data_angajare=?, functie_id=?, id_superior=? where id=?
21:22:58.526 [Test worker] DEBUG org.hibernate.persister.entity.AbstractEntityPersister -  Delete 0: delete from angajati where id=?
21:22:58.526 [Test worker] DEBUG org.hibernate.persister.entity.AbstractEntityPersister -  Identity insert: insert into angajati (data_angajare, functie_id, id_superior) values (?, ?, ?)
21:22:58.526 [Test worker] DEBUG org.hibernate.loader.plan.build.internal.spaces.QuerySpacesImpl - Adding QuerySpace : uid = <gen:0> -> org.hibernate.loader.plan.build.internal.spaces.EntityQuerySpaceImpl@4629d8b6]
21:22:58.526 [Test worker] DEBUG org.hibernate.persister.walking.spi.MetamodelGraphWalker - Visiting attribute path : concedii
21:22:58.526 [Test worker] DEBUG org.hibernate.loader.plan.build.internal.spaces.QuerySpacesImpl - Adding QuerySpace : uid = <gen:1> -> org.hibernate.loader.plan.build.internal.spaces.CollectionQuerySpaceImpl@453334b4]
21:22:58.526 [Test worker] DEBUG org.hibernate.loader.plan.build.internal.spaces.QuerySpacesImpl - Adding QuerySpace : uid = <gen:2> -> org.hibernate.loader.plan.build.internal.spaces.EntityQuerySpaceImpl@388115ee]
21:22:58.526 [Test worker] DEBUG org.hibernate.persister.walking.spi.MetamodelGraphWalker - Visiting attribute path : dataAngajare
21:22:58.526 [Test worker] DEBUG org.hibernate.persister.walking.spi.MetamodelGraphWalker - Visiting attribute path : departamente
21:22:58.526 [Test worker] DEBUG org.hibernate.loader.plan.build.internal.spaces.QuerySpacesImpl - Adding QuerySpace : uid = <gen:3> -> org.hibernate.loader.plan.build.internal.spaces.CollectionQuerySpaceImpl@30658620]
21:22:58.526 [Test worker] DEBUG org.hibernate.loader.plan.build.internal.spaces.QuerySpacesImpl - Adding QuerySpace : uid = <gen:4> -> org.hibernate.loader.plan.build.internal.spaces.EntityQuerySpaceImpl@7985742d]
21:22:58.526 [Test worker] DEBUG org.hibernate.persister.walking.spi.MetamodelGraphWalker - Visiting attribute path : functie
21:22:58.526 [Test worker] DEBUG org.hibernate.loader.plan.build.internal.spaces.QuerySpacesImpl - Adding QuerySpace : uid = <gen:5> -> org.hibernate.loader.plan.build.internal.spaces.EntityQuerySpaceImpl@254f793d]
21:22:58.526 [Test worker] DEBUG org.hibernate.persister.walking.spi.MetamodelGraphWalker - Visiting attribute path : functie.salarDeBaza
21:22:58.526 [Test worker] DEBUG org.hibernate.persister.walking.spi.MetamodelGraphWalker - Visiting attribute path : idSuperior
21:22:58.526 [Test worker] DEBUG org.hibernate.persister.walking.spi.MetamodelGraphWalker - Visiting attribute path : proiecte
21:22:58.526 [Test worker] DEBUG org.hibernate.loader.plan.build.internal.spaces.QuerySpacesImpl - Adding QuerySpace : uid = <gen:6> -> org.hibernate.loader.plan.build.internal.spaces.CollectionQuerySpaceImpl@919f603]
21:22:58.526 [Test worker] DEBUG org.hibernate.loader.plan.build.internal.spaces.QuerySpacesImpl - Adding QuerySpace : uid = <gen:7> -> org.hibernate.loader.plan.build.internal.spaces.EntityQuerySpaceImpl@5b6fcf11]
21:22:58.526 [Test worker] DEBUG org.hibernate.loader.plan.build.internal.FetchStyleLoadPlanBuildingAssociationVisitationStrategy - Building LoadPlan...
21:22:58.526 [Test worker] DEBUG org.hibernate.loader.plan.exec.internal.LoadQueryJoinAndFetchProcessor - processing queryspace <gen:0>
21:22:58.541 [Test worker] DEBUG org.hibernate.loader.plan.build.spi.LoadPlanTreePrinter - LoadPlan(entity=domain.Angajat)
    - Returns
       - EntityReturnImpl(entity=domain.Angajat, querySpaceUid=<gen:0>, path=domain.Angajat)
          - CollectionAttributeFetchImpl(collection=domain.Angajat.concedii, querySpaceUid=<gen:1>, path=domain.Angajat.concedii)
             - (collection element) CollectionFetchableElementEntityGraph(entity=domain.Concediu, querySpaceUid=<gen:2>, path=domain.Angajat.concedii.<elements>)
          - CollectionAttributeFetchImpl(collection=domain.Angajat.departamente, querySpaceUid=<gen:3>, path=domain.Angajat.departamente)
             - (collection element) CollectionFetchableElementEntityGraph(entity=domain.Departament, querySpaceUid=<gen:4>, path=domain.Angajat.departamente.<elements>)
          - EntityAttributeFetchImpl(entity=domain.Functie, querySpaceUid=<gen:5>, path=domain.Angajat.functie)
          - CollectionAttributeFetchImpl(collection=domain.Angajat.proiecte, querySpaceUid=<gen:6>, path=domain.Angajat.proiecte)
             - (collection element) CollectionFetchableElementEntityGraph(entity=domain.Proiect, querySpaceUid=<gen:7>, path=domain.Angajat.proiecte.<elements>)
    - QuerySpaces
       - EntityQuerySpaceImpl(uid=<gen:0>, entity=domain.Angajat)
          - SQL table alias mapping - angajat0_
          - alias suffix - 0_
          - suffixed key columns - {id1_0_0_}
          - JOIN (JoinDefinedByMetadata(functie)) : <gen:0> -> <gen:5>
             - EntityQuerySpaceImpl(uid=<gen:5>, entity=domain.Functie)
                - SQL table alias mapping - functie1_
                - alias suffix - 1_
                - suffixed key columns - {id1_5_1_}

21:22:58.541 [Test worker] DEBUG org.hibernate.loader.entity.plan.EntityLoader - Static select for entity domain.Angajat [NONE]: select angajat0_.id as id1_0_0_, angajat0_.data_angajare as data_ang2_0_0_, angajat0_.functie_id as functie_4_0_0_, angajat0_.id_superior as id_super3_0_0_, functie1_.id as id1_5_1_, functie1_.salar_de_baza as salar_de2_5_1_ from angajati angajat0_ left outer join functii functie1_ on angajat0_.functie_id=functie1_.id where angajat0_.id=?
21:22:58.541 [Test worker] DEBUG org.hibernate.persister.entity.AbstractEntityPersister - Static SQL for entity: domain.Proiect
21:22:58.541 [Test worker] DEBUG org.hibernate.persister.entity.AbstractEntityPersister -  Version select: select id from proiecte where id =?
21:22:58.541 [Test worker] DEBUG org.hibernate.persister.entity.AbstractEntityPersister -  Snapshot select: select proiect_.id, proiect_.data_inceput as data_inc2_6_, proiect_.deadline as deadline3_6_ from proiecte proiect_ where proiect_.id=?
21:22:58.541 [Test worker] DEBUG org.hibernate.persister.entity.AbstractEntityPersister -  Insert 0: insert into proiecte (data_inceput, deadline, id) values (?, ?, ?)
21:22:58.541 [Test worker] DEBUG org.hibernate.persister.entity.AbstractEntityPersister -  Update 0: update proiecte set data_inceput=?, deadline=? where id=?
21:22:58.541 [Test worker] DEBUG org.hibernate.persister.entity.AbstractEntityPersister -  Delete 0: delete from proiecte where id=?
21:22:58.541 [Test worker] DEBUG org.hibernate.persister.entity.AbstractEntityPersister -  Identity insert: insert into proiecte (data_inceput, deadline) values (?, ?)
21:22:58.541 [Test worker] DEBUG org.hibernate.loader.plan.build.internal.spaces.QuerySpacesImpl - Adding QuerySpace : uid = <gen:0> -> org.hibernate.loader.plan.build.internal.spaces.EntityQuerySpaceImpl@5b7d3d0]
21:22:58.541 [Test worker] DEBUG org.hibernate.persister.walking.spi.MetamodelGraphWalker - Visiting attribute path : dataInceput
21:22:58.541 [Test worker] DEBUG org.hibernate.persister.walking.spi.MetamodelGraphWalker - Visiting attribute path : deadline
21:22:58.541 [Test worker] DEBUG org.hibernate.loader.plan.build.internal.FetchStyleLoadPlanBuildingAssociationVisitationStrategy - Building LoadPlan...
21:22:58.541 [Test worker] DEBUG org.hibernate.loader.plan.exec.internal.LoadQueryJoinAndFetchProcessor - processing queryspace <gen:0>
21:22:58.541 [Test worker] DEBUG org.hibernate.loader.plan.build.spi.LoadPlanTreePrinter - LoadPlan(entity=domain.Proiect)
    - Returns
       - EntityReturnImpl(entity=domain.Proiect, querySpaceUid=<gen:0>, path=domain.Proiect)
    - QuerySpaces
       - EntityQuerySpaceImpl(uid=<gen:0>, entity=domain.Proiect)
          - SQL table alias mapping - proiect0_
          - alias suffix - 0_
          - suffixed key columns - {id1_6_0_}

21:22:58.541 [Test worker] DEBUG org.hibernate.loader.entity.plan.EntityLoader - Static select for entity domain.Proiect [NONE]: select proiect0_.id as id1_6_0_, proiect0_.data_inceput as data_inc2_6_0_, proiect0_.deadline as deadline3_6_0_ from proiecte proiect0_ where proiect0_.id=?
21:22:58.541 [Test worker] DEBUG org.hibernate.persister.entity.AbstractEntityPersister - Static SQL for entity: domain.Concediu
21:22:58.541 [Test worker] DEBUG org.hibernate.persister.entity.AbstractEntityPersister -  Version select: select id from concedii where id =?
21:22:58.541 [Test worker] DEBUG org.hibernate.persister.entity.AbstractEntityPersister -  Snapshot select: select concediu_.id, concediu_.id_angajat as id_angaj4_3_, concediu_.data_inceput as data_inc2_3_, concediu_.data_sfarsit as data_sfa3_3_ from concedii concediu_ where concediu_.id=?
21:22:58.541 [Test worker] DEBUG org.hibernate.persister.entity.AbstractEntityPersister -  Insert 0: insert into concedii (id_angajat, data_inceput, data_sfarsit, id) values (?, ?, ?, ?)
21:22:58.541 [Test worker] DEBUG org.hibernate.persister.entity.AbstractEntityPersister -  Update 0: update concedii set id_angajat=?, data_inceput=?, data_sfarsit=? where id=?
21:22:58.541 [Test worker] DEBUG org.hibernate.persister.entity.AbstractEntityPersister -  Delete 0: delete from concedii where id=?
21:22:58.541 [Test worker] DEBUG org.hibernate.persister.entity.AbstractEntityPersister -  Identity insert: insert into concedii (id_angajat, data_inceput, data_sfarsit) values (?, ?, ?)
21:22:58.541 [Test worker] DEBUG org.hibernate.loader.plan.build.internal.spaces.QuerySpacesImpl - Adding QuerySpace : uid = <gen:0> -> org.hibernate.loader.plan.build.internal.spaces.EntityQuerySpaceImpl@5fa53863]
21:22:58.541 [Test worker] DEBUG org.hibernate.persister.walking.spi.MetamodelGraphWalker - Visiting attribute path : angajat
21:22:58.541 [Test worker] DEBUG org.hibernate.loader.plan.build.internal.spaces.QuerySpacesImpl - Adding QuerySpace : uid = <gen:1> -> org.hibernate.loader.plan.build.internal.spaces.EntityQuerySpaceImpl@41051610]
21:22:58.541 [Test worker] DEBUG org.hibernate.persister.walking.spi.MetamodelGraphWalker - Visiting attribute path : dataInceput
21:22:58.541 [Test worker] DEBUG org.hibernate.persister.walking.spi.MetamodelGraphWalker - Visiting attribute path : dataSfarsit
21:22:58.541 [Test worker] DEBUG org.hibernate.loader.plan.build.internal.FetchStyleLoadPlanBuildingAssociationVisitationStrategy - Building LoadPlan...
21:22:58.541 [Test worker] DEBUG org.hibernate.loader.plan.exec.internal.LoadQueryJoinAndFetchProcessor - processing queryspace <gen:0>
21:22:58.541 [Test worker] DEBUG org.hibernate.loader.plan.build.spi.LoadPlanTreePrinter - LoadPlan(entity=domain.Concediu)
    - Returns
       - EntityReturnImpl(entity=domain.Concediu, querySpaceUid=<gen:0>, path=domain.Concediu)
          - EntityAttributeFetchImpl(entity=domain.Angajat, querySpaceUid=<gen:1>, path=domain.Concediu.angajat)
    - QuerySpaces
       - EntityQuerySpaceImpl(uid=<gen:0>, entity=domain.Concediu)
          - SQL table alias mapping - concediu0_
          - alias suffix - 0_
          - suffixed key columns - {id1_3_0_}

21:22:58.541 [Test worker] DEBUG org.hibernate.loader.entity.plan.EntityLoader - Static select for entity domain.Concediu [NONE]: select concediu0_.id as id1_3_0_, concediu0_.id_angajat as id_angaj4_3_0_, concediu0_.data_inceput as data_inc2_3_0_, concediu0_.data_sfarsit as data_sfa3_3_0_ from concedii concediu0_ where concediu0_.id=?
21:22:58.541 [Test worker] DEBUG org.hibernate.loader.plan.build.internal.spaces.QuerySpacesImpl - Adding QuerySpace : uid = <gen:0> -> org.hibernate.loader.plan.build.internal.spaces.CollectionQuerySpaceImpl@b60f543]
21:22:58.541 [Test worker] DEBUG org.hibernate.loader.plan.build.internal.spaces.QuerySpacesImpl - Adding QuerySpace : uid = <gen:1> -> org.hibernate.loader.plan.build.internal.spaces.EntityQuerySpaceImpl@7df0b26c]
21:22:58.541 [Test worker] DEBUG org.hibernate.persister.walking.spi.MetamodelGraphWalker - Visiting attribute path : dataInceput
21:22:58.541 [Test worker] DEBUG org.hibernate.persister.walking.spi.MetamodelGraphWalker - Visiting attribute path : deadline
21:22:58.541 [Test worker] DEBUG org.hibernate.loader.plan.build.internal.FetchStyleLoadPlanBuildingAssociationVisitationStrategy - Building LoadPlan...
21:22:58.541 [Test worker] DEBUG org.hibernate.loader.plan.exec.internal.LoadQueryJoinAndFetchProcessor - processing queryspace <gen:0>
21:22:58.541 [Test worker] DEBUG org.hibernate.loader.plan.build.spi.LoadPlanTreePrinter - LoadPlan(collection=domain.Angajat.proiecte)
    - Returns
       - CollectionReturnImpl(collection=domain.Angajat.proiecte, querySpaceUid=<gen:0>, path=[domain.Angajat.proiecte])
          - (collection element) CollectionFetchableElementEntityGraph(entity=domain.Proiect, querySpaceUid=<gen:1>, path=[domain.Angajat.proiecte].<elements>)
    - QuerySpaces
       - CollectionQuerySpaceImpl(uid=<gen:0>, collection=domain.Angajat.proiecte)
          - SQL table alias mapping - proiecte0_
          - alias suffix - 0_
          - suffixed key columns - {id_angaj1_2_0_}
          - entity-element alias suffix - 1_
          - 1_entity-element suffixed key columns - id1_6_1_
          - JOIN (JoinDefinedByMetadata(elements)) : <gen:0> -> <gen:1>
             - EntityQuerySpaceImpl(uid=<gen:1>, entity=domain.Proiect)
                - SQL table alias mapping - proiect1_
                - alias suffix - 1_
                - suffixed key columns - {id1_6_1_}

21:22:58.541 [Test worker] DEBUG org.hibernate.loader.collection.plan.CollectionLoader - Static select for collection domain.Angajat.proiecte: select proiecte0_.id_angajat as id_angaj1_2_0_, proiecte0_.id_proiect as id_proie2_2_0_, proiect1_.id as id1_6_1_, proiect1_.data_inceput as data_inc2_6_1_, proiect1_.deadline as deadline3_6_1_ from angajati_proiecte proiecte0_ inner join proiecte proiect1_ on proiecte0_.id_proiect=proiect1_.id where proiecte0_.id_angajat=?
21:22:58.541 [Test worker] DEBUG org.hibernate.loader.plan.build.internal.spaces.QuerySpacesImpl - Adding QuerySpace : uid = <gen:0> -> org.hibernate.loader.plan.build.internal.spaces.CollectionQuerySpaceImpl@59a2d67b]
21:22:58.541 [Test worker] DEBUG org.hibernate.loader.plan.build.internal.spaces.QuerySpacesImpl - Adding QuerySpace : uid = <gen:1> -> org.hibernate.loader.plan.build.internal.spaces.EntityQuerySpaceImpl@21b97cf1]
21:22:58.541 [Test worker] DEBUG org.hibernate.persister.walking.spi.MetamodelGraphWalker - Visiting attribute path : angajat
21:22:58.541 [Test worker] DEBUG org.hibernate.persister.walking.spi.MetamodelGraphWalker - Property path deemed to be circular : angajat
21:22:58.541 [Test worker] DEBUG org.hibernate.persister.walking.spi.MetamodelGraphWalker - Visiting attribute path : dataInceput
21:22:58.541 [Test worker] DEBUG org.hibernate.persister.walking.spi.MetamodelGraphWalker - Visiting attribute path : dataSfarsit
21:22:58.541 [Test worker] DEBUG org.hibernate.loader.plan.build.internal.FetchStyleLoadPlanBuildingAssociationVisitationStrategy - Building LoadPlan...
21:22:58.541 [Test worker] DEBUG org.hibernate.loader.plan.exec.internal.LoadQueryJoinAndFetchProcessor - processing queryspace <gen:0>
21:22:58.541 [Test worker] DEBUG org.hibernate.loader.plan.build.spi.LoadPlanTreePrinter - LoadPlan(collection=domain.Angajat.concedii)
    - Returns
       - CollectionReturnImpl(collection=domain.Angajat.concedii, querySpaceUid=<gen:0>, path=[domain.Angajat.concedii])
          - (collection element) CollectionFetchableElementEntityGraph(entity=domain.Concediu, querySpaceUid=<gen:1>, path=[domain.Angajat.concedii].<elements>)
    - QuerySpaces
       - CollectionQuerySpaceImpl(uid=<gen:0>, collection=domain.Angajat.concedii)
          - SQL table alias mapping - concedii0_
          - alias suffix - 0_
          - suffixed key columns - {id_angaj4_3_0_}
          - entity-element alias suffix - 1_
          - 1_entity-element suffixed key columns - id1_3_1_
          - JOIN (JoinDefinedByMetadata(elements)) : <gen:0> -> <gen:1>
             - EntityQuerySpaceImpl(uid=<gen:1>, entity=domain.Concediu)
                - SQL table alias mapping - concedii0_
                - alias suffix - 1_
                - suffixed key columns - {id1_3_1_}

21:22:58.541 [Test worker] DEBUG org.hibernate.loader.collection.plan.CollectionLoader - Static select for collection domain.Angajat.concedii: select concedii0_.id_angajat as id_angaj4_3_0_, concedii0_.id as id1_3_0_, concedii0_.id as id1_3_1_, concedii0_.id_angajat as id_angaj4_3_1_, concedii0_.data_inceput as data_inc2_3_1_, concedii0_.data_sfarsit as data_sfa3_3_1_ from concedii concedii0_ where concedii0_.id_angajat=?
21:22:58.541 [Test worker] DEBUG org.hibernate.loader.plan.build.internal.spaces.QuerySpacesImpl - Adding QuerySpace : uid = <gen:0> -> org.hibernate.loader.plan.build.internal.spaces.CollectionQuerySpaceImpl@6693a947]
21:22:58.541 [Test worker] DEBUG org.hibernate.loader.plan.build.internal.spaces.QuerySpacesImpl - Adding QuerySpace : uid = <gen:1> -> org.hibernate.loader.plan.build.internal.spaces.EntityQuerySpaceImpl@ca71f90]
21:22:58.541 [Test worker] DEBUG org.hibernate.persister.walking.spi.MetamodelGraphWalker - Visiting attribute path : idDirector
21:22:58.541 [Test worker] DEBUG org.hibernate.loader.plan.build.internal.FetchStyleLoadPlanBuildingAssociationVisitationStrategy - Building LoadPlan...
21:22:58.541 [Test worker] DEBUG org.hibernate.loader.plan.exec.internal.LoadQueryJoinAndFetchProcessor - processing queryspace <gen:0>
21:22:58.541 [Test worker] DEBUG org.hibernate.loader.plan.build.spi.LoadPlanTreePrinter - LoadPlan(collection=domain.Angajat.departamente)
    - Returns
       - CollectionReturnImpl(collection=domain.Angajat.departamente, querySpaceUid=<gen:0>, path=[domain.Angajat.departamente])
          - (collection element) CollectionFetchableElementEntityGraph(entity=domain.Departament, querySpaceUid=<gen:1>, path=[domain.Angajat.departamente].<elements>)
    - QuerySpaces
       - CollectionQuerySpaceImpl(uid=<gen:0>, collection=domain.Angajat.departamente)
          - SQL table alias mapping - departamen0_
          - alias suffix - 0_
          - suffixed key columns - {id_angaj1_1_0_}
          - entity-element alias suffix - 1_
          - 1_entity-element suffixed key columns - id1_4_1_
          - JOIN (JoinDefinedByMetadata(elements)) : <gen:0> -> <gen:1>
             - EntityQuerySpaceImpl(uid=<gen:1>, entity=domain.Departament)
                - SQL table alias mapping - departamen1_
                - alias suffix - 1_
                - suffixed key columns - {id1_4_1_}

21:22:58.541 [Test worker] DEBUG org.hibernate.loader.collection.plan.CollectionLoader - Static select for collection domain.Angajat.departamente: select departamen0_.id_angajat as id_angaj1_1_0_, departamen0_.id_departament as id_depar2_1_0_, departamen1_.id as id1_4_1_, departamen1_.id_director as id_direc2_4_1_ from angajati_departamente departamen0_ inner join departamente departamen1_ on departamen0_.id_departament=departamen1_.id where departamen0_.id_angajat=?
21:22:58.541 [Test worker] INFO org.hibernate.orm.connections.access - HHH10001501: Connection obtained from JdbcConnectionAccess [org.hibernate.engine.jdbc.env.internal.JdbcEnvironmentInitiator$ConnectionProviderJdbcConnectionAccess@5a1517bf] for (non-JTA) DDL execution was not in auto-commit mode; the Connection 'local transaction' will be committed and the Connection will be set into auto-commit mode.
21:22:58.541 [Test worker] DEBUG org.hibernate.mapping.Table - No alter strings for table : angajati
21:22:58.541 [Test worker] DEBUG org.hibernate.mapping.Table - No alter strings for table : angajati_departamente
21:22:58.541 [Test worker] DEBUG org.hibernate.mapping.Table - No alter strings for table : angajati_proiecte
21:22:58.541 [Test worker] DEBUG org.hibernate.mapping.Table - No alter strings for table : concedii
21:22:58.541 [Test worker] DEBUG org.hibernate.mapping.Table - No alter strings for table : departamente
21:22:58.541 [Test worker] DEBUG org.hibernate.mapping.Table - No alter strings for table : functii
21:22:58.541 [Test worker] DEBUG org.hibernate.mapping.Table - No alter strings for table : proiecte
21:22:58.541 [Test worker] DEBUG org.hibernate.query.spi.NamedQueryRepository - Checking 0 named HQL queries
21:22:58.541 [Test worker] DEBUG org.hibernate.query.spi.NamedQueryRepository - Checking 0 named SQL queries
21:22:58.541 [Test worker] DEBUG org.hibernate.internal.SessionFactoryRegistry - Registering SessionFactory: a507c3d2-5cf4-4c83-8050-e7b353b0ef41 (<unnamed>)
21:22:58.541 [Test worker] DEBUG org.hibernate.internal.SessionFactoryRegistry - Not binding SessionFactory to JNDI, no JNDI name configured
21:22:58.541 [Test worker] DEBUG org.hibernate.integrator.internal.IntegratorServiceImpl - Adding Integrator [org.hibernate.cfg.beanvalidation.BeanValidationIntegrator].
21:22:58.541 [Test worker] DEBUG org.hibernate.integrator.internal.IntegratorServiceImpl - Adding Integrator [org.hibernate.secure.spi.JaccIntegrator].
21:22:58.541 [Test worker] DEBUG org.hibernate.integrator.internal.IntegratorServiceImpl - Adding Integrator [org.hibernate.cache.internal.CollectionCacheInvalidator].
21:22:58.541 [Test worker] DEBUG org.hibernate.boot.jaxb.internal.stax.LocalXmlResourceResolver - Interpreting public/system identifier : [-//Hibernate/Hibernate Configuration DTD 3.0//EN] - [http://hibernate.org/dtd/hibernate-configuration-3.0.dtd]
21:22:58.572 [Test worker] DEBUG org.hibernate.boot.cfgxml.internal.JaxbCfgProcessor - cfg.xml document did not define namespaces; wrapping in custom event reader to introduce namespace information
21:22:58.588 [Test worker] DEBUG org.hibernate.service.spi.ServiceBinding - Overriding existing service binding [org.hibernate.secure.spi.JaccService]
21:22:58.588 [Test worker] DEBUG org.hibernate.cache.internal.RegionFactoryInitiator - Cannot default RegionFactory based on registered strategies as `[]` RegionFactory strategies were registered
21:22:58.588 [Test worker] DEBUG org.hibernate.cache.internal.RegionFactoryInitiator - Cache region factory : org.hibernate.cache.internal.NoCachingRegionFactory
21:22:58.588 [Test worker] DEBUG org.hibernate.type.BasicTypeRegistry - Adding type registration boolean -> org.hibernate.type.BooleanType@121b529f
21:22:58.588 [Test worker] DEBUG org.hibernate.type.BasicTypeRegistry - Adding type registration boolean -> org.hibernate.type.BooleanType@121b529f
21:22:58.588 [Test worker] DEBUG org.hibernate.type.BasicTypeRegistry - Adding type registration java.lang.Boolean -> org.hibernate.type.BooleanType@121b529f
21:22:58.588 [Test worker] DEBUG org.hibernate.type.BasicTypeRegistry - Adding type registration numeric_boolean -> org.hibernate.type.NumericBooleanType@7dc81433
21:22:58.588 [Test worker] DEBUG org.hibernate.type.BasicTypeRegistry - Adding type registration true_false -> org.hibernate.type.TrueFalseType@60c371da
21:22:58.588 [Test worker] DEBUG org.hibernate.type.BasicTypeRegistry - Adding type registration yes_no -> org.hibernate.type.YesNoType@51ef89fc
21:22:58.588 [Test worker] DEBUG org.hibernate.type.BasicTypeRegistry - Adding type registration byte -> org.hibernate.type.ByteType@1502feca
21:22:58.588 [Test worker] DEBUG org.hibernate.type.BasicTypeRegistry - Adding type registration byte -> org.hibernate.type.ByteType@1502feca
21:22:58.588 [Test worker] DEBUG org.hibernate.type.BasicTypeRegistry - Adding type registration java.lang.Byte -> org.hibernate.type.ByteType@1502feca
21:22:58.588 [Test worker] DEBUG org.hibernate.type.BasicTypeRegistry - Adding type registration character -> org.hibernate.type.CharacterType@5aca38b4
21:22:58.588 [Test worker] DEBUG org.hibernate.type.BasicTypeRegistry - Adding type registration char -> org.hibernate.type.CharacterType@5aca38b4
21:22:58.588 [Test worker] DEBUG org.hibernate.type.BasicTypeRegistry - Adding type registration java.lang.Character -> org.hibernate.type.CharacterType@5aca38b4
21:22:58.588 [Test worker] DEBUG org.hibernate.type.BasicTypeRegistry - Adding type registration short -> org.hibernate.type.ShortType@212db0b9
21:22:58.588 [Test worker] DEBUG org.hibernate.type.BasicTypeRegistry - Adding type registration short -> org.hibernate.type.ShortType@212db0b9
21:22:58.588 [Test worker] DEBUG org.hibernate.type.BasicTypeRegistry - Adding type registration java.lang.Short -> org.hibernate.type.ShortType@212db0b9
21:22:58.588 [Test worker] DEBUG org.hibernate.type.BasicTypeRegistry - Adding type registration integer -> org.hibernate.type.IntegerType@14f541d2
21:22:58.588 [Test worker] DEBUG org.hibernate.type.BasicTypeRegistry - Adding type registration int -> org.hibernate.type.IntegerType@14f541d2
21:22:58.588 [Test worker] DEBUG org.hibernate.type.BasicTypeRegistry - Adding type registration java.lang.Integer -> org.hibernate.type.IntegerType@14f541d2
21:22:58.588 [Test worker] DEBUG org.hibernate.type.BasicTypeRegistry - Adding type registration long -> org.hibernate.type.LongType@357c5fef
21:22:58.588 [Test worker] DEBUG org.hibernate.type.BasicTypeRegistry - Adding type registration long -> org.hibernate.type.LongType@357c5fef
21:22:58.588 [Test worker] DEBUG org.hibernate.type.BasicTypeRegistry - Adding type registration java.lang.Long -> org.hibernate.type.LongType@357c5fef
21:22:58.588 [Test worker] DEBUG org.hibernate.type.BasicTypeRegistry - Adding type registration float -> org.hibernate.type.FloatType@68835e55
21:22:58.588 [Test worker] DEBUG org.hibernate.type.BasicTypeRegistry - Adding type registration float -> org.hibernate.type.FloatType@68835e55
21:22:58.588 [Test worker] DEBUG org.hibernate.type.BasicTypeRegistry - Adding type registration java.lang.Float -> org.hibernate.type.FloatType@68835e55
21:22:58.588 [Test worker] DEBUG org.hibernate.type.BasicTypeRegistry - Adding type registration double -> org.hibernate.type.DoubleType@1db8c4bf
21:22:58.588 [Test worker] DEBUG org.hibernate.type.BasicTypeRegistry - Adding type registration double -> org.hibernate.type.DoubleType@1db8c4bf
21:22:58.588 [Test worker] DEBUG org.hibernate.type.BasicTypeRegistry - Adding type registration java.lang.Double -> org.hibernate.type.DoubleType@1db8c4bf
21:22:58.588 [Test worker] DEBUG org.hibernate.type.BasicTypeRegistry - Adding type registration big_decimal -> org.hibernate.type.BigDecimalType@2bd9f5a7
21:22:58.588 [Test worker] DEBUG org.hibernate.type.BasicTypeRegistry - Adding type registration java.math.BigDecimal -> org.hibernate.type.BigDecimalType@2bd9f5a7
21:22:58.588 [Test worker] DEBUG org.hibernate.type.BasicTypeRegistry - Adding type registration big_integer -> org.hibernate.type.BigIntegerType@67766712
21:22:58.588 [Test worker] DEBUG org.hibernate.type.BasicTypeRegistry - Adding type registration java.math.BigInteger -> org.hibernate.type.BigIntegerType@67766712
21:22:58.588 [Test worker] DEBUG org.hibernate.type.BasicTypeRegistry - Adding type registration string -> org.hibernate.type.StringType@5abe721f
21:22:58.588 [Test worker] DEBUG org.hibernate.type.BasicTypeRegistry - Adding type registration java.lang.String -> org.hibernate.type.StringType@5abe721f
21:22:58.588 [Test worker] DEBUG org.hibernate.type.BasicTypeRegistry - Adding type registration nstring -> org.hibernate.type.StringNVarcharType@5ca83c4b
21:22:58.588 [Test worker] DEBUG org.hibernate.type.BasicTypeRegistry - Adding type registration ncharacter -> org.hibernate.type.CharacterNCharType@181579aa
21:22:58.588 [Test worker] DEBUG org.hibernate.type.BasicTypeRegistry - Adding type registration url -> org.hibernate.type.UrlType@2d95e7ff
21:22:58.588 [Test worker] DEBUG org.hibernate.type.BasicTypeRegistry - Adding type registration java.net.URL -> org.hibernate.type.UrlType@2d95e7ff
21:22:58.588 [Test worker] DEBUG org.hibernate.type.BasicTypeRegistry - Adding type registration Duration -> org.hibernate.type.DurationType@1f6d6ec5
21:22:58.588 [Test worker] DEBUG org.hibernate.type.BasicTypeRegistry - Adding type registration java.time.Duration -> org.hibernate.type.DurationType@1f6d6ec5
21:22:58.588 [Test worker] DEBUG org.hibernate.type.BasicTypeRegistry - Adding type registration Instant -> org.hibernate.type.InstantType@799b3880
21:22:58.588 [Test worker] DEBUG org.hibernate.type.BasicTypeRegistry - Adding type registration java.time.Instant -> org.hibernate.type.InstantType@799b3880
21:22:58.588 [Test worker] DEBUG org.hibernate.type.BasicTypeRegistry - Adding type registration LocalDateTime -> org.hibernate.type.LocalDateTimeType@3c9b7dcd
21:22:58.588 [Test worker] DEBUG org.hibernate.type.BasicTypeRegistry - Adding type registration java.time.LocalDateTime -> org.hibernate.type.LocalDateTimeType@3c9b7dcd
21:22:58.588 [Test worker] DEBUG org.hibernate.type.BasicTypeRegistry - Adding type registration LocalDate -> org.hibernate.type.LocalDateType@73b9d317
21:22:58.588 [Test worker] DEBUG org.hibernate.type.BasicTypeRegistry - Adding type registration java.time.LocalDate -> org.hibernate.type.LocalDateType@73b9d317
21:22:58.588 [Test worker] DEBUG org.hibernate.type.BasicTypeRegistry - Adding type registration LocalTime -> org.hibernate.type.LocalTimeType@3e938176
21:22:58.588 [Test worker] DEBUG org.hibernate.type.BasicTypeRegistry - Adding type registration java.time.LocalTime -> org.hibernate.type.LocalTimeType@3e938176
21:22:58.588 [Test worker] DEBUG org.hibernate.type.BasicTypeRegistry - Adding type registration OffsetDateTime -> org.hibernate.type.OffsetDateTimeType@1006f6a5
21:22:58.588 [Test worker] DEBUG org.hibernate.type.BasicTypeRegistry - Adding type registration java.time.OffsetDateTime -> org.hibernate.type.OffsetDateTimeType@1006f6a5
21:22:58.588 [Test worker] DEBUG org.hibernate.type.BasicTypeRegistry - Adding type registration OffsetTime -> org.hibernate.type.OffsetTimeType@5ebf30b8
21:22:58.588 [Test worker] DEBUG org.hibernate.type.BasicTypeRegistry - Adding type registration java.time.OffsetTime -> org.hibernate.type.OffsetTimeType@5ebf30b8
21:22:58.588 [Test worker] DEBUG org.hibernate.type.BasicTypeRegistry - Adding type registration ZonedDateTime -> org.hibernate.type.ZonedDateTimeType@5ecdce3a
21:22:58.588 [Test worker] DEBUG org.hibernate.type.BasicTypeRegistry - Adding type registration java.time.ZonedDateTime -> org.hibernate.type.ZonedDateTimeType@5ecdce3a
21:22:58.588 [Test worker] DEBUG org.hibernate.type.BasicTypeRegistry - Adding type registration date -> org.hibernate.type.DateType@34878a9c
21:22:58.588 [Test worker] DEBUG org.hibernate.type.BasicTypeRegistry - Adding type registration java.sql.Date -> org.hibernate.type.DateType@34878a9c
21:22:58.588 [Test worker] DEBUG org.hibernate.type.BasicTypeRegistry - Adding type registration time -> org.hibernate.type.TimeType@4be75fc9
21:22:58.588 [Test worker] DEBUG org.hibernate.type.BasicTypeRegistry - Adding type registration java.sql.Time -> org.hibernate.type.TimeType@4be75fc9
21:22:58.588 [Test worker] DEBUG org.hibernate.type.BasicTypeRegistry - Adding type registration timestamp -> org.hibernate.type.TimestampType@cd6dcfb
21:22:58.588 [Test worker] DEBUG org.hibernate.type.BasicTypeRegistry - Adding type registration java.sql.Timestamp -> org.hibernate.type.TimestampType@cd6dcfb
21:22:58.588 [Test worker] DEBUG org.hibernate.type.BasicTypeRegistry - Adding type registration java.util.Date -> org.hibernate.type.TimestampType@cd6dcfb
21:22:58.588 [Test worker] DEBUG org.hibernate.type.BasicTypeRegistry - Adding type registration dbtimestamp -> org.hibernate.type.DbTimestampType@6f70db50
21:22:58.588 [Test worker] DEBUG org.hibernate.type.BasicTypeRegistry - Adding type registration calendar -> org.hibernate.type.CalendarType@232580e4
21:22:58.588 [Test worker] DEBUG org.hibernate.type.BasicTypeRegistry - Adding type registration java.util.Calendar -> org.hibernate.type.CalendarType@232580e4
21:22:58.588 [Test worker] DEBUG org.hibernate.type.BasicTypeRegistry - Adding type registration java.util.GregorianCalendar -> org.hibernate.type.CalendarType@232580e4
21:22:58.588 [Test worker] DEBUG org.hibernate.type.BasicTypeRegistry - Adding type registration calendar_date -> org.hibernate.type.CalendarDateType@2d226c99
21:22:58.588 [Test worker] DEBUG org.hibernate.type.BasicTypeRegistry - Adding type registration calendar_time -> org.hibernate.type.CalendarTimeType@5f0ca092
21:22:58.588 [Test worker] DEBUG org.hibernate.type.BasicTypeRegistry - Adding type registration locale -> org.hibernate.type.LocaleType@2e7d6fc7
21:22:58.588 [Test worker] DEBUG org.hibernate.type.BasicTypeRegistry - Adding type registration java.util.Locale -> org.hibernate.type.LocaleType@2e7d6fc7
21:22:58.604 [Test worker] DEBUG org.hibernate.type.BasicTypeRegistry - Adding type registration currency -> org.hibernate.type.CurrencyType@298b5abb
21:22:58.604 [Test worker] DEBUG org.hibernate.type.BasicTypeRegistry - Adding type registration java.util.Currency -> org.hibernate.type.CurrencyType@298b5abb
21:22:58.604 [Test worker] DEBUG org.hibernate.type.BasicTypeRegistry - Adding type registration timezone -> org.hibernate.type.TimeZoneType@6a7223ce
21:22:58.604 [Test worker] DEBUG org.hibernate.type.BasicTypeRegistry - Adding type registration java.util.TimeZone -> org.hibernate.type.TimeZoneType@6a7223ce
21:22:58.604 [Test worker] DEBUG org.hibernate.type.BasicTypeRegistry - Adding type registration class -> org.hibernate.type.ClassType@17c86e61
21:22:58.604 [Test worker] DEBUG org.hibernate.type.BasicTypeRegistry - Adding type registration java.lang.Class -> org.hibernate.type.ClassType@17c86e61
21:22:58.604 [Test worker] DEBUG org.hibernate.type.BasicTypeRegistry - Adding type registration uuid-binary -> org.hibernate.type.UUIDBinaryType@165a29f7
21:22:58.604 [Test worker] DEBUG org.hibernate.type.BasicTypeRegistry - Adding type registration java.util.UUID -> org.hibernate.type.UUIDBinaryType@165a29f7
21:22:58.604 [Test worker] DEBUG org.hibernate.type.BasicTypeRegistry - Adding type registration uuid-char -> org.hibernate.type.UUIDCharType@57061eb5
21:22:58.604 [Test worker] DEBUG org.hibernate.type.BasicTypeRegistry - Adding type registration binary -> org.hibernate.type.BinaryType@377a3a57
21:22:58.604 [Test worker] DEBUG org.hibernate.type.BasicTypeRegistry - Adding type registration byte[] -> org.hibernate.type.BinaryType@377a3a57
21:22:58.604 [Test worker] DEBUG org.hibernate.type.BasicTypeRegistry - Adding type registration [B -> org.hibernate.type.BinaryType@377a3a57
21:22:58.604 [Test worker] DEBUG org.hibernate.type.BasicTypeRegistry - Adding type registration wrapper-binary -> org.hibernate.type.WrapperBinaryType@15236686
21:22:58.604 [Test worker] DEBUG org.hibernate.type.BasicTypeRegistry - Adding type registration Byte[] -> org.hibernate.type.WrapperBinaryType@15236686
21:22:58.604 [Test worker] DEBUG org.hibernate.type.BasicTypeRegistry - Adding type registration [Ljava.lang.Byte; -> org.hibernate.type.WrapperBinaryType@15236686
21:22:58.604 [Test worker] DEBUG org.hibernate.type.BasicTypeRegistry - Adding type registration row_version -> org.hibernate.type.RowVersionType@480544d3
21:22:58.604 [Test worker] DEBUG org.hibernate.type.BasicTypeRegistry - Adding type registration image -> org.hibernate.type.ImageType@a74733d
21:22:58.604 [Test worker] DEBUG org.hibernate.type.BasicTypeRegistry - Adding type registration characters -> org.hibernate.type.CharArrayType@10b707f8
21:22:58.604 [Test worker] DEBUG org.hibernate.type.BasicTypeRegistry - Adding type registration char[] -> org.hibernate.type.CharArrayType@10b707f8
21:22:58.604 [Test worker] DEBUG org.hibernate.type.BasicTypeRegistry - Adding type registration [C -> org.hibernate.type.CharArrayType@10b707f8
21:22:58.604 [Test worker] DEBUG org.hibernate.type.BasicTypeRegistry - Adding type registration wrapper-characters -> org.hibernate.type.CharacterArrayType@7586a107
21:22:58.604 [Test worker] DEBUG org.hibernate.type.BasicTypeRegistry - Adding type registration [Ljava.lang.Character; -> org.hibernate.type.CharacterArrayType@7586a107
21:22:58.604 [Test worker] DEBUG org.hibernate.type.BasicTypeRegistry - Adding type registration Character[] -> org.hibernate.type.CharacterArrayType@7586a107
21:22:58.604 [Test worker] DEBUG org.hibernate.type.BasicTypeRegistry - Adding type registration text -> org.hibernate.type.TextType@28e7117
21:22:58.604 [Test worker] DEBUG org.hibernate.type.BasicTypeRegistry - Adding type registration ntext -> org.hibernate.type.NTextType@4fe7c4b8
21:22:58.604 [Test worker] DEBUG org.hibernate.type.BasicTypeRegistry - Adding type registration blob -> org.hibernate.type.BlobType@69ff7971
21:22:58.604 [Test worker] DEBUG org.hibernate.type.BasicTypeRegistry - Adding type registration java.sql.Blob -> org.hibernate.type.BlobType@69ff7971
21:22:58.604 [Test worker] DEBUG org.hibernate.type.BasicTypeRegistry - Adding type registration materialized_blob -> org.hibernate.type.MaterializedBlobType@29a6bbfa
21:22:58.604 [Test worker] DEBUG org.hibernate.type.BasicTypeRegistry - Adding type registration clob -> org.hibernate.type.ClobType@6243fc09
21:22:58.604 [Test worker] DEBUG org.hibernate.type.BasicTypeRegistry - Adding type registration java.sql.Clob -> org.hibernate.type.ClobType@6243fc09
21:22:58.604 [Test worker] DEBUG org.hibernate.type.BasicTypeRegistry - Adding type registration nclob -> org.hibernate.type.NClobType@7a0e9fb4
21:22:58.604 [Test worker] DEBUG org.hibernate.type.BasicTypeRegistry - Adding type registration java.sql.NClob -> org.hibernate.type.NClobType@7a0e9fb4
21:22:58.604 [Test worker] DEBUG org.hibernate.type.BasicTypeRegistry - Adding type registration materialized_clob -> org.hibernate.type.MaterializedClobType@5568af29
21:22:58.604 [Test worker] DEBUG org.hibernate.type.BasicTypeRegistry - Adding type registration materialized_nclob -> org.hibernate.type.MaterializedNClobType@43589365
21:22:58.604 [Test worker] DEBUG org.hibernate.type.BasicTypeRegistry - Adding type registration serializable -> org.hibernate.type.SerializableType@49b714f8
21:22:58.604 [Test worker] DEBUG org.hibernate.type.BasicTypeRegistry - Adding type registration object -> org.hibernate.type.ObjectType@4b6f241f
21:22:58.604 [Test worker] DEBUG org.hibernate.type.BasicTypeRegistry - Adding type registration java.lang.Object -> org.hibernate.type.ObjectType@4b6f241f
21:22:58.604 [Test worker] DEBUG org.hibernate.type.BasicTypeRegistry - Adding type registration imm_date -> org.hibernate.type.AdaptedImmutableType@26beaeea
21:22:58.604 [Test worker] DEBUG org.hibernate.type.BasicTypeRegistry - Adding type registration imm_time -> org.hibernate.type.AdaptedImmutableType@7de58c17
21:22:58.604 [Test worker] DEBUG org.hibernate.type.BasicTypeRegistry - Adding type registration imm_timestamp -> org.hibernate.type.AdaptedImmutableType@70214ad3
21:22:58.604 [Test worker] DEBUG org.hibernate.type.BasicTypeRegistry - Adding type registration imm_dbtimestamp -> org.hibernate.type.AdaptedImmutableType@5533a80b
21:22:58.604 [Test worker] DEBUG org.hibernate.type.BasicTypeRegistry - Adding type registration imm_calendar -> org.hibernate.type.AdaptedImmutableType@6a995b9
21:22:58.604 [Test worker] DEBUG org.hibernate.type.BasicTypeRegistry - Adding type registration imm_calendar_date -> org.hibernate.type.AdaptedImmutableType@577d244f
21:22:58.604 [Test worker] DEBUG org.hibernate.type.BasicTypeRegistry - Adding type registration imm_binary -> org.hibernate.type.AdaptedImmutableType@2df08ba1
21:22:58.604 [Test worker] DEBUG org.hibernate.type.BasicTypeRegistry - Adding type registration imm_serializable -> org.hibernate.type.AdaptedImmutableType@654b1de4
21:22:58.604 [Test worker] DEBUG org.hibernate.id.factory.internal.DefaultIdentifierGeneratorFactory - Registering IdentifierGenerator strategy [uuid2] -> [org.hibernate.id.UUIDGenerator]
21:22:58.604 [Test worker] DEBUG org.hibernate.id.factory.internal.DefaultIdentifierGeneratorFactory - Registering IdentifierGenerator strategy [guid] -> [org.hibernate.id.GUIDGenerator]
21:22:58.604 [Test worker] DEBUG org.hibernate.id.factory.internal.DefaultIdentifierGeneratorFactory - Registering IdentifierGenerator strategy [uuid] -> [org.hibernate.id.UUIDHexGenerator]
21:22:58.604 [Test worker] DEBUG org.hibernate.id.factory.internal.DefaultIdentifierGeneratorFactory - Registering IdentifierGenerator strategy [uuid.hex] -> [org.hibernate.id.UUIDHexGenerator]
21:22:58.604 [Test worker] DEBUG org.hibernate.id.factory.internal.DefaultIdentifierGeneratorFactory - Registering IdentifierGenerator strategy [assigned] -> [org.hibernate.id.Assigned]
21:22:58.604 [Test worker] DEBUG org.hibernate.id.factory.internal.DefaultIdentifierGeneratorFactory - Registering IdentifierGenerator strategy [identity] -> [org.hibernate.id.IdentityGenerator]
21:22:58.604 [Test worker] DEBUG org.hibernate.id.factory.internal.DefaultIdentifierGeneratorFactory - Registering IdentifierGenerator strategy [select] -> [org.hibernate.id.SelectGenerator]
21:22:58.604 [Test worker] DEBUG org.hibernate.id.factory.internal.DefaultIdentifierGeneratorFactory - Registering IdentifierGenerator strategy [sequence] -> [org.hibernate.id.enhanced.SequenceStyleGenerator]
21:22:58.604 [Test worker] DEBUG org.hibernate.id.factory.internal.DefaultIdentifierGeneratorFactory - Registering IdentifierGenerator strategy [seqhilo] -> [org.hibernate.id.SequenceHiLoGenerator]
21:22:58.604 [Test worker] DEBUG org.hibernate.id.factory.internal.DefaultIdentifierGeneratorFactory - Registering IdentifierGenerator strategy [increment] -> [org.hibernate.id.IncrementGenerator]
21:22:58.604 [Test worker] DEBUG org.hibernate.id.factory.internal.DefaultIdentifierGeneratorFactory - Registering IdentifierGenerator strategy [foreign] -> [org.hibernate.id.ForeignGenerator]
21:22:58.604 [Test worker] DEBUG org.hibernate.id.factory.internal.DefaultIdentifierGeneratorFactory - Registering IdentifierGenerator strategy [sequence-identity] -> [org.hibernate.id.SequenceIdentityGenerator]
21:22:58.604 [Test worker] DEBUG org.hibernate.id.factory.internal.DefaultIdentifierGeneratorFactory - Registering IdentifierGenerator strategy [enhanced-sequence] -> [org.hibernate.id.enhanced.SequenceStyleGenerator]
21:22:58.604 [Test worker] DEBUG org.hibernate.id.factory.internal.DefaultIdentifierGeneratorFactory - Registering IdentifierGenerator strategy [enhanced-table] -> [org.hibernate.id.enhanced.TableGenerator]
21:22:58.604 [Test worker] WARN org.hibernate.orm.connections.pooling - HHH10001002: Using Hibernate built-in connection pool (not for production use!)
21:22:58.604 [Test worker] INFO org.hibernate.orm.connections.pooling - HHH10001005: using driver [org.sqlite.JDBC] at URL [jdbc:sqlite:D:\Facultate\Projects\OrganizareCompanie\database]
21:22:58.604 [Test worker] INFO org.hibernate.orm.connections.pooling - HHH10001001: Connection properties: {password=root, user=root}
21:22:58.604 [Test worker] INFO org.hibernate.orm.connections.pooling - HHH10001003: Autocommit mode: false
21:22:58.604 [Test worker] DEBUG org.hibernate.engine.jdbc.connections.internal.DriverManagerConnectionProviderImpl - Initializing Connection pool with 1 Connections
21:22:58.604 [Test worker] INFO org.hibernate.engine.jdbc.connections.internal.DriverManagerConnectionProviderImpl - HHH000115: Hibernate connection pool size: 1 (min=1)
21:22:58.604 [Test worker] DEBUG org.hibernate.engine.jdbc.env.internal.JdbcEnvironmentInitiator - Database ->
       name : SQLite
    version : 3.34.0
      major : 3
      minor : 34
21:22:58.604 [Test worker] DEBUG org.hibernate.engine.jdbc.env.internal.JdbcEnvironmentInitiator - Driver ->
       name : SQLite JDBC
    version : 3.34.0
      major : 3
      minor : 34
21:22:58.604 [Test worker] DEBUG org.hibernate.engine.jdbc.env.internal.JdbcEnvironmentInitiator - JDBC version : 2.1
21:22:58.604 [Test worker] INFO org.hibernate.dialect.Dialect - HHH000400: Using dialect: utils.SQLiteDialect
21:22:58.604 [Test worker] DEBUG org.hibernate.engine.jdbc.env.spi.IdentifierHelperBuilder - JDBC driver metadata reported database stores quoted identifiers in neither upper, lower nor mixed case
21:22:58.604 [Test worker] DEBUG org.hibernate.engine.jdbc.env.spi.IdentifierHelperBuilder - IdentifierCaseStrategy for both quoted and unquoted identifiers was set to the same strategy [MIXED]; that will likely lead to problems in schema update and validation if using quoted identifiers
21:22:58.604 [Test worker] DEBUG org.hibernate.engine.jdbc.env.internal.LobCreatorBuilderImpl - HHH000423: Disabling contextual LOB creation as JDBC driver reported JDBC version [2] less than 4
21:22:58.604 [Test worker] DEBUG org.hibernate.boot.model.relational.Namespace - Created database namespace [logicalName=Name{catalog=null, schema=null}, physicalName=Name{catalog=null, schema=null}]
21:22:58.604 [Test worker] DEBUG org.hibernate.type.descriptor.java.JavaTypeDescriptorRegistry - JavaTypeDescriptorRegistry entry replaced : class java.time.Duration -> org.hibernate.type.descriptor.java.DurationJavaDescriptor@484b819 (was org.hibernate.type.descriptor.java.DurationJavaDescriptor@484b819)
21:22:58.604 [Test worker] DEBUG org.hibernate.type.descriptor.java.JavaTypeDescriptorRegistry - JavaTypeDescriptorRegistry entry replaced : class java.time.Instant -> org.hibernate.type.descriptor.java.InstantJavaDescriptor@7a6a60d2 (was org.hibernate.type.descriptor.java.InstantJavaDescriptor@7a6a60d2)
21:22:58.604 [Test worker] DEBUG org.hibernate.type.descriptor.java.JavaTypeDescriptorRegistry - JavaTypeDescriptorRegistry entry replaced : class java.time.LocalDate -> org.hibernate.type.descriptor.java.LocalDateJavaDescriptor@7ac3817d (was org.hibernate.type.descriptor.java.LocalDateJavaDescriptor@7ac3817d)
21:22:58.604 [Test worker] DEBUG org.hibernate.type.descriptor.java.JavaTypeDescriptorRegistry - JavaTypeDescriptorRegistry entry replaced : class java.time.LocalDateTime -> org.hibernate.type.descriptor.java.LocalDateTimeJavaDescriptor@616d0e6e (was org.hibernate.type.descriptor.java.LocalDateTimeJavaDescriptor@616d0e6e)
21:22:58.604 [Test worker] DEBUG org.hibernate.type.descriptor.java.JavaTypeDescriptorRegistry - JavaTypeDescriptorRegistry entry replaced : class java.time.OffsetDateTime -> org.hibernate.type.descriptor.java.OffsetDateTimeJavaDescriptor@4008262a (was org.hibernate.type.descriptor.java.OffsetDateTimeJavaDescriptor@4008262a)
21:22:58.604 [Test worker] DEBUG org.hibernate.type.descriptor.java.JavaTypeDescriptorRegistry - JavaTypeDescriptorRegistry entry replaced : class java.time.OffsetTime -> org.hibernate.type.descriptor.java.OffsetTimeJavaDescriptor@69cda209 (was org.hibernate.type.descriptor.java.OffsetTimeJavaDescriptor@69cda209)
21:22:58.604 [Test worker] DEBUG org.hibernate.type.descriptor.java.JavaTypeDescriptorRegistry - JavaTypeDescriptorRegistry entry replaced : class java.time.ZonedDateTime -> org.hibernate.type.descriptor.java.ZonedDateTimeJavaDescriptor@f630e24 (was org.hibernate.type.descriptor.java.ZonedDateTimeJavaDescriptor@f630e24)
21:22:58.604 [Test worker] DEBUG org.hibernate.type.BasicTypeRegistry - Adding type registration Duration -> org.hibernate.type.DurationType@1f6d6ec5
21:22:58.604 [Test worker] DEBUG org.hibernate.type.BasicTypeRegistry - Adding type registration java.time.Duration -> org.hibernate.type.DurationType@1f6d6ec5
21:22:58.604 [Test worker] DEBUG org.hibernate.type.BasicTypeRegistry - Adding type registration Instant -> org.hibernate.type.InstantType@799b3880
21:22:58.604 [Test worker] DEBUG org.hibernate.type.BasicTypeRegistry - Adding type registration java.time.Instant -> org.hibernate.type.InstantType@799b3880
21:22:58.604 [Test worker] DEBUG org.hibernate.type.BasicTypeRegistry - Adding type registration LocalDateTime -> org.hibernate.type.LocalDateTimeType@3c9b7dcd
21:22:58.604 [Test worker] DEBUG org.hibernate.type.BasicTypeRegistry - Adding type registration java.time.LocalDateTime -> org.hibernate.type.LocalDateTimeType@3c9b7dcd
21:22:58.604 [Test worker] DEBUG org.hibernate.type.BasicTypeRegistry - Adding type registration LocalDate -> org.hibernate.type.LocalDateType@73b9d317
21:22:58.604 [Test worker] DEBUG org.hibernate.type.BasicTypeRegistry - Adding type registration java.time.LocalDate -> org.hibernate.type.LocalDateType@73b9d317
21:22:58.604 [Test worker] DEBUG org.hibernate.type.BasicTypeRegistry - Adding type registration LocalTime -> org.hibernate.type.LocalTimeType@3e938176
21:22:58.604 [Test worker] DEBUG org.hibernate.type.BasicTypeRegistry - Adding type registration java.time.LocalTime -> org.hibernate.type.LocalTimeType@3e938176
21:22:58.604 [Test worker] DEBUG org.hibernate.type.BasicTypeRegistry - Adding type registration OffsetDateTime -> org.hibernate.type.OffsetDateTimeType@1006f6a5
21:22:58.604 [Test worker] DEBUG org.hibernate.type.BasicTypeRegistry - Adding type registration java.time.OffsetDateTime -> org.hibernate.type.OffsetDateTimeType@1006f6a5
21:22:58.604 [Test worker] DEBUG org.hibernate.type.BasicTypeRegistry - Adding type registration OffsetTime -> org.hibernate.type.OffsetTimeType@5ebf30b8
21:22:58.604 [Test worker] DEBUG org.hibernate.type.BasicTypeRegistry - Adding type registration java.time.OffsetTime -> org.hibernate.type.OffsetTimeType@5ebf30b8
21:22:58.604 [Test worker] DEBUG org.hibernate.type.BasicTypeRegistry - Adding type registration ZonedDateTime -> org.hibernate.type.ZonedDateTimeType@5ecdce3a
21:22:58.604 [Test worker] DEBUG org.hibernate.type.BasicTypeRegistry - Adding type registration java.time.ZonedDateTime -> org.hibernate.type.ZonedDateTimeType@5ecdce3a
21:22:58.604 [Test worker] DEBUG org.hibernate.type.spi.TypeConfiguration$Scope - Scoping TypeConfiguration [org.hibernate.type.spi.TypeConfiguration@78e70702] to MetadataBuildingContext [org.hibernate.boot.internal.MetadataBuildingContextRootImpl@5bbd8e4]
21:22:58.604 [Test worker] DEBUG org.hibernate.cfg.AnnotationBinder - Binding entity from annotated class: domain.Angajat
21:22:58.604 [Test worker] DEBUG org.hibernate.cfg.Ejb3Column - Binding column: Ejb3DiscriminatorColumn{logicalColumnName'DTYPE', discriminatorTypeName='string'}
21:22:58.604 [Test worker] DEBUG org.hibernate.cfg.annotations.EntityBinder - Import with entity name Angajat
21:22:58.604 [Test worker] DEBUG org.hibernate.cfg.annotations.EntityBinder - Bind entity domain.Angajat on table angajati
21:22:58.604 [Test worker] DEBUG org.hibernate.cfg.Ejb3Column - Binding column: Ejb3Column{table=org.hibernate.mapping.Table(angajati), mappingColumn=id, insertable=true, updatable=true, unique=false}
21:22:58.604 [Test worker] DEBUG org.hibernate.boot.internal.ClassLoaderAccessImpl - Not known whether passed class name [domain.Angajat] is safe
21:22:58.604 [Test worker] DEBUG org.hibernate.boot.internal.ClassLoaderAccessImpl - No temp ClassLoader provided; using live ClassLoader for loading potentially unsafe class : domain.Angajat
21:22:58.604 [Test worker] DEBUG org.hibernate.cfg.annotations.PropertyBinder - MetadataSourceProcessor property id with lazy=false
21:22:58.604 [Test worker] DEBUG org.hibernate.cfg.AbstractPropertyHolder - Attempting to locate auto-apply AttributeConverter for property [domain.Angajat:id]
21:22:58.604 [Test worker] DEBUG org.hibernate.cfg.annotations.SimpleValueBinder - building SimpleValue for id
21:22:58.604 [Test worker] DEBUG org.hibernate.cfg.annotations.PropertyBinder - Building property id
21:22:58.604 [Test worker] DEBUG org.hibernate.cfg.BinderHelper - #makeIdGenerator(org.hibernate.mapping.SimpleValue([org.hibernate.mapping.Column(id)]), id, identity, , ...)
21:22:58.604 [Test worker] DEBUG org.hibernate.cfg.Ejb3Column - Binding column: Ejb3JoinColumn{logicalColumnName='null', referencedColumn='null', mappedBy='angajat'}
21:22:58.604 [Test worker] DEBUG org.hibernate.cfg.Ejb3Column - Binding column: Ejb3Column{table=org.hibernate.mapping.Table(angajati), mappingColumn=concedii, insertable=true, updatable=true, unique=false}
21:22:58.604 [Test worker] DEBUG org.hibernate.cfg.Ejb3Column - Binding column: Ejb3Column{table=org.hibernate.mapping.Table(angajati), mappingColumn=null, insertable=true, updatable=true, unique=false}
21:22:58.604 [Test worker] DEBUG org.hibernate.cfg.Ejb3Column - Binding column: Ejb3Column{table=org.hibernate.mapping.Table(angajati), mappingColumn=element, insertable=true, updatable=true, unique=false}
21:22:58.604 [Test worker] DEBUG org.hibernate.cfg.Ejb3Column - Binding column: Ejb3Column{table=org.hibernate.mapping.Table(angajati), mappingColumn=concedii_KEY, insertable=true, updatable=true, unique=false}
21:22:58.604 [Test worker] DEBUG org.hibernate.cfg.Ejb3Column - Binding column: Ejb3JoinColumn{logicalColumnName='concedii_KEY', referencedColumn='null', mappedBy='null'}
21:22:58.604 [Test worker] DEBUG org.hibernate.cfg.Ejb3Column - Binding column: Ejb3JoinColumn{logicalColumnName='null', referencedColumn='null', mappedBy='angajat'}
21:22:58.604 [Test worker] DEBUG org.hibernate.cfg.Ejb3Column - Binding column: Ejb3JoinColumn{logicalColumnName='null', referencedColumn='null', mappedBy='angajat'}
21:22:58.604 [Test worker] DEBUG org.hibernate.cfg.annotations.CollectionBinder - Collection role: domain.Angajat.concedii
21:22:58.604 [Test worker] DEBUG org.hibernate.cfg.annotations.PropertyBinder - Building property concedii
21:22:58.604 [Test worker] DEBUG org.hibernate.cfg.Ejb3Column - Binding column: Ejb3Column{table=org.hibernate.mapping.Table(angajati), mappingColumn=data_angajare, insertable=true, updatable=true, unique=false}
21:22:58.604 [Test worker] DEBUG org.hibernate.cfg.annotations.PropertyBinder - MetadataSourceProcessor property dataAngajare with lazy=false
21:22:58.604 [Test worker] DEBUG org.hibernate.cfg.AbstractPropertyHolder - Attempting to locate auto-apply AttributeConverter for property [domain.Angajat:dataAngajare]
21:22:58.604 [Test worker] DEBUG org.hibernate.cfg.annotations.SimpleValueBinder - building SimpleValue for dataAngajare
21:22:58.604 [Test worker] DEBUG org.hibernate.cfg.annotations.PropertyBinder - Building property dataAngajare
21:22:58.604 [Test worker] DEBUG org.hibernate.cfg.Ejb3Column - Binding column: Ejb3Column{table=org.hibernate.mapping.Table(angajati), mappingColumn=null, insertable=true, updatable=true, unique=false}
21:22:58.604 [Test worker] DEBUG org.hibernate.cfg.Ejb3Column - Binding column: Ejb3Column{table=org.hibernate.mapping.Table(angajati), mappingColumn=element, insertable=true, updatable=true, unique=false}
21:22:58.604 [Test worker] DEBUG org.hibernate.cfg.Ejb3Column - Binding column: Ejb3Column{table=org.hibernate.mapping.Table(angajati), mappingColumn=departamente_KEY, insertable=true, updatable=true, unique=false}
21:22:58.604 [Test worker] DEBUG org.hibernate.cfg.Ejb3Column - Binding column: Ejb3JoinColumn{logicalColumnName='departamente_KEY', referencedColumn='null', mappedBy='null'}
21:22:58.604 [Test worker] DEBUG org.hibernate.cfg.Ejb3Column - Binding column: Ejb3JoinColumn{logicalColumnName='id_angajat', referencedColumn='', mappedBy=''}
21:22:58.604 [Test worker] DEBUG org.hibernate.cfg.Ejb3Column - Binding column: Ejb3JoinColumn{logicalColumnName='id_departament', referencedColumn='', mappedBy=''}
21:22:58.604 [Test worker] DEBUG org.hibernate.cfg.annotations.CollectionBinder - Collection role: domain.Angajat.departamente
21:22:58.604 [Test worker] DEBUG org.hibernate.cfg.annotations.PropertyBinder - Building property departamente
21:22:58.604 [Test worker] DEBUG org.hibernate.cfg.Ejb3Column - Binding column: Ejb3JoinColumn{logicalColumnName='null', referencedColumn='null', mappedBy='null'}
21:22:58.604 [Test worker] DEBUG org.hibernate.cfg.Ejb3Column - Binding column: Ejb3Column{table=org.hibernate.mapping.Table(angajati), mappingColumn=functie, insertable=true, updatable=true, unique=false}
21:22:58.604 [Test worker] DEBUG org.hibernate.cfg.annotations.PropertyBinder - Building property functie
21:22:58.604 [Test worker] DEBUG org.hibernate.cfg.Ejb3Column - Binding column: Ejb3Column{table=org.hibernate.mapping.Table(angajati), mappingColumn=id_superior, insertable=true, updatable=true, unique=false}
21:22:58.604 [Test worker] DEBUG org.hibernate.cfg.annotations.PropertyBinder - MetadataSourceProcessor property idSuperior with lazy=false
21:22:58.604 [Test worker] DEBUG org.hibernate.cfg.AbstractPropertyHolder - Attempting to locate auto-apply AttributeConverter for property [domain.Angajat:idSuperior]
21:22:58.604 [Test worker] DEBUG org.hibernate.cfg.annotations.SimpleValueBinder - building SimpleValue for idSuperior
21:22:58.604 [Test worker] DEBUG org.hibernate.cfg.annotations.PropertyBinder - Building property idSuperior
21:22:58.604 [Test worker] DEBUG org.hibernate.cfg.Ejb3Column - Binding column: Ejb3Column{table=org.hibernate.mapping.Table(angajati), mappingColumn=null, insertable=true, updatable=true, unique=false}
21:22:58.604 [Test worker] DEBUG org.hibernate.cfg.Ejb3Column - Binding column: Ejb3Column{table=org.hibernate.mapping.Table(angajati), mappingColumn=element, insertable=true, updatable=true, unique=false}
21:22:58.604 [Test worker] DEBUG org.hibernate.cfg.Ejb3Column - Binding column: Ejb3Column{table=org.hibernate.mapping.Table(angajati), mappingColumn=proiecte_KEY, insertable=true, updatable=true, unique=false}
21:22:58.604 [Test worker] DEBUG org.hibernate.cfg.Ejb3Column - Binding column: Ejb3JoinColumn{logicalColumnName='proiecte_KEY', referencedColumn='null', mappedBy='null'}
21:22:58.619 [Test worker] DEBUG org.hibernate.cfg.Ejb3Column - Binding column: Ejb3JoinColumn{logicalColumnName='id_angajat', referencedColumn='', mappedBy=''}
21:22:58.619 [Test worker] DEBUG org.hibernate.cfg.Ejb3Column - Binding column: Ejb3JoinColumn{logicalColumnName='id_proiect', referencedColumn='', mappedBy=''}
21:22:58.619 [Test worker] DEBUG org.hibernate.cfg.annotations.CollectionBinder - Collection role: domain.Angajat.proiecte
21:22:58.619 [Test worker] DEBUG org.hibernate.cfg.annotations.PropertyBinder - Building property proiecte
21:22:58.619 [Test worker] DEBUG org.hibernate.cfg.AnnotationBinder - Binding entity from annotated class: domain.Concediu
21:22:58.619 [Test worker] DEBUG org.hibernate.cfg.Ejb3Column - Binding column: Ejb3DiscriminatorColumn{logicalColumnName'DTYPE', discriminatorTypeName='string'}
21:22:58.619 [Test worker] DEBUG org.hibernate.cfg.annotations.EntityBinder - Import with entity name Concediu
21:22:58.619 [Test worker] DEBUG org.hibernate.cfg.annotations.EntityBinder - Bind entity domain.Concediu on table concedii
21:22:58.619 [Test worker] DEBUG org.hibernate.cfg.Ejb3Column - Binding column: Ejb3Column{table=org.hibernate.mapping.Table(concedii), mappingColumn=id, insertable=true, updatable=true, unique=false}
21:22:58.619 [Test worker] DEBUG org.hibernate.boot.internal.ClassLoaderAccessImpl - Not known whether passed class name [domain.Concediu] is safe
21:22:58.619 [Test worker] DEBUG org.hibernate.boot.internal.ClassLoaderAccessImpl - No temp ClassLoader provided; using live ClassLoader for loading potentially unsafe class : domain.Concediu
21:22:58.619 [Test worker] DEBUG org.hibernate.cfg.annotations.PropertyBinder - MetadataSourceProcessor property id with lazy=false
21:22:58.619 [Test worker] DEBUG org.hibernate.cfg.AbstractPropertyHolder - Attempting to locate auto-apply AttributeConverter for property [domain.Concediu:id]
21:22:58.619 [Test worker] DEBUG org.hibernate.cfg.annotations.SimpleValueBinder - building SimpleValue for id
21:22:58.619 [Test worker] DEBUG org.hibernate.cfg.annotations.PropertyBinder - Building property id
21:22:58.619 [Test worker] DEBUG org.hibernate.cfg.BinderHelper - #makeIdGenerator(org.hibernate.mapping.SimpleValue([org.hibernate.mapping.Column(id)]), id, identity, , ...)
21:22:58.619 [Test worker] DEBUG org.hibernate.cfg.Ejb3Column - Binding column: Ejb3JoinColumn{logicalColumnName='id_angajat', referencedColumn='', mappedBy=''}
21:22:58.619 [Test worker] DEBUG org.hibernate.cfg.Ejb3Column - Binding column: Ejb3Column{table=org.hibernate.mapping.Table(concedii), mappingColumn=angajat, insertable=true, updatable=true, unique=false}
21:22:58.619 [Test worker] DEBUG org.hibernate.cfg.annotations.PropertyBinder - Building property angajat
21:22:58.619 [Test worker] DEBUG org.hibernate.cfg.Ejb3Column - Binding column: Ejb3Column{table=org.hibernate.mapping.Table(concedii), mappingColumn=data_inceput, insertable=true, updatable=true, unique=false}
21:22:58.619 [Test worker] DEBUG org.hibernate.cfg.annotations.PropertyBinder - MetadataSourceProcessor property dataInceput with lazy=false
21:22:58.619 [Test worker] DEBUG org.hibernate.cfg.AbstractPropertyHolder - Attempting to locate auto-apply AttributeConverter for property [domain.Concediu:dataInceput]
21:22:58.619 [Test worker] DEBUG org.hibernate.cfg.annotations.SimpleValueBinder - building SimpleValue for dataInceput
21:22:58.619 [Test worker] DEBUG org.hibernate.cfg.annotations.PropertyBinder - Building property dataInceput
21:22:58.619 [Test worker] DEBUG org.hibernate.cfg.Ejb3Column - Binding column: Ejb3Column{table=org.hibernate.mapping.Table(concedii), mappingColumn=data_sfarsit, insertable=true, updatable=true, unique=false}
21:22:58.619 [Test worker] DEBUG org.hibernate.cfg.annotations.PropertyBinder - MetadataSourceProcessor property dataSfarsit with lazy=false
21:22:58.619 [Test worker] DEBUG org.hibernate.cfg.AbstractPropertyHolder - Attempting to locate auto-apply AttributeConverter for property [domain.Concediu:dataSfarsit]
21:22:58.619 [Test worker] DEBUG org.hibernate.cfg.annotations.SimpleValueBinder - building SimpleValue for dataSfarsit
21:22:58.619 [Test worker] DEBUG org.hibernate.cfg.annotations.PropertyBinder - Building property dataSfarsit
21:22:58.619 [Test worker] DEBUG org.hibernate.cfg.AnnotationBinder - Binding entity from annotated class: domain.Departament
21:22:58.619 [Test worker] DEBUG org.hibernate.cfg.Ejb3Column - Binding column: Ejb3DiscriminatorColumn{logicalColumnName'DTYPE', discriminatorTypeName='string'}
21:22:58.619 [Test worker] DEBUG org.hibernate.cfg.annotations.EntityBinder - Import with entity name Departament
21:22:58.619 [Test worker] DEBUG org.hibernate.cfg.annotations.EntityBinder - Bind entity domain.Departament on table departamente
21:22:58.619 [Test worker] DEBUG org.hibernate.cfg.Ejb3Column - Binding column: Ejb3Column{table=org.hibernate.mapping.Table(departamente), mappingColumn=id, insertable=true, updatable=true, unique=false}
21:22:58.619 [Test worker] DEBUG org.hibernate.boot.internal.ClassLoaderAccessImpl - Not known whether passed class name [domain.Departament] is safe
21:22:58.619 [Test worker] DEBUG org.hibernate.boot.internal.ClassLoaderAccessImpl - No temp ClassLoader provided; using live ClassLoader for loading potentially unsafe class : domain.Departament
21:22:58.619 [Test worker] DEBUG org.hibernate.cfg.annotations.PropertyBinder - MetadataSourceProcessor property id with lazy=false
21:22:58.619 [Test worker] DEBUG org.hibernate.cfg.AbstractPropertyHolder - Attempting to locate auto-apply AttributeConverter for property [domain.Departament:id]
21:22:58.619 [Test worker] DEBUG org.hibernate.cfg.annotations.SimpleValueBinder - building SimpleValue for id
21:22:58.619 [Test worker] DEBUG org.hibernate.cfg.annotations.PropertyBinder - Building property id
21:22:58.619 [Test worker] DEBUG org.hibernate.cfg.BinderHelper - #makeIdGenerator(org.hibernate.mapping.SimpleValue([org.hibernate.mapping.Column(id)]), id, identity, , ...)
21:22:58.619 [Test worker] DEBUG org.hibernate.cfg.Ejb3Column - Binding column: Ejb3Column{table=org.hibernate.mapping.Table(departamente), mappingColumn=id_director, insertable=true, updatable=true, unique=false}
21:22:58.619 [Test worker] DEBUG org.hibernate.cfg.annotations.PropertyBinder - MetadataSourceProcessor property idDirector with lazy=false
21:22:58.619 [Test worker] DEBUG org.hibernate.cfg.AbstractPropertyHolder - Attempting to locate auto-apply AttributeConverter for property [domain.Departament:idDirector]
21:22:58.619 [Test worker] DEBUG org.hibernate.cfg.annotations.SimpleValueBinder - building SimpleValue for idDirector
21:22:58.619 [Test worker] DEBUG org.hibernate.cfg.annotations.PropertyBinder - Building property idDirector
21:22:58.619 [Test worker] DEBUG org.hibernate.cfg.AnnotationBinder - Binding entity from annotated class: domain.Functie
21:22:58.619 [Test worker] DEBUG org.hibernate.cfg.Ejb3Column - Binding column: Ejb3DiscriminatorColumn{logicalColumnName'DTYPE', discriminatorTypeName='string'}
21:22:58.619 [Test worker] DEBUG org.hibernate.cfg.annotations.EntityBinder - Import with entity name Functie
21:22:58.619 [Test worker] DEBUG org.hibernate.cfg.annotations.EntityBinder - Bind entity domain.Functie on table functii
21:22:58.619 [Test worker] DEBUG org.hibernate.cfg.Ejb3Column - Binding column: Ejb3Column{table=org.hibernate.mapping.Table(functii), mappingColumn=id, insertable=true, updatable=true, unique=false}
21:22:58.619 [Test worker] DEBUG org.hibernate.boot.internal.ClassLoaderAccessImpl - Not known whether passed class name [domain.Functie] is safe
21:22:58.619 [Test worker] DEBUG org.hibernate.boot.internal.ClassLoaderAccessImpl - No temp ClassLoader provided; using live ClassLoader for loading potentially unsafe class : domain.Functie
21:22:58.619 [Test worker] DEBUG org.hibernate.cfg.annotations.PropertyBinder - MetadataSourceProcessor property id with lazy=false
21:22:58.619 [Test worker] DEBUG org.hibernate.cfg.AbstractPropertyHolder - Attempting to locate auto-apply AttributeConverter for property [domain.Functie:id]
21:22:58.619 [Test worker] DEBUG org.hibernate.cfg.annotations.SimpleValueBinder - building SimpleValue for id
21:22:58.619 [Test worker] DEBUG org.hibernate.cfg.annotations.PropertyBinder - Building property id
21:22:58.619 [Test worker] DEBUG org.hibernate.cfg.BinderHelper - #makeIdGenerator(org.hibernate.mapping.SimpleValue([org.hibernate.mapping.Column(id)]), id, identity, , ...)
21:22:58.619 [Test worker] DEBUG org.hibernate.cfg.Ejb3Column - Binding column: Ejb3Column{table=org.hibernate.mapping.Table(functii), mappingColumn=salar_de_baza, insertable=true, updatable=true, unique=false}
21:22:58.619 [Test worker] DEBUG org.hibernate.cfg.annotations.PropertyBinder - MetadataSourceProcessor property salarDeBaza with lazy=false
21:22:58.619 [Test worker] DEBUG org.hibernate.cfg.AbstractPropertyHolder - Attempting to locate auto-apply AttributeConverter for property [domain.Functie:salarDeBaza]
21:22:58.619 [Test worker] DEBUG org.hibernate.cfg.annotations.SimpleValueBinder - building SimpleValue for salarDeBaza
21:22:58.619 [Test worker] DEBUG org.hibernate.cfg.annotations.PropertyBinder - Building property salarDeBaza
21:22:58.619 [Test worker] DEBUG org.hibernate.cfg.AnnotationBinder - Binding entity from annotated class: domain.Proiect
21:22:58.619 [Test worker] DEBUG org.hibernate.cfg.Ejb3Column - Binding column: Ejb3DiscriminatorColumn{logicalColumnName'DTYPE', discriminatorTypeName='string'}
21:22:58.619 [Test worker] DEBUG org.hibernate.cfg.annotations.EntityBinder - Import with entity name Proiect
21:22:58.619 [Test worker] DEBUG org.hibernate.cfg.annotations.EntityBinder - Bind entity domain.Proiect on table proiecte
21:22:58.619 [Test worker] DEBUG org.hibernate.cfg.Ejb3Column - Binding column: Ejb3Column{table=org.hibernate.mapping.Table(proiecte), mappingColumn=id, insertable=true, updatable=true, unique=false}
21:22:58.619 [Test worker] DEBUG org.hibernate.boot.internal.ClassLoaderAccessImpl - Not known whether passed class name [domain.Proiect] is safe
21:22:58.619 [Test worker] DEBUG org.hibernate.boot.internal.ClassLoaderAccessImpl - No temp ClassLoader provided; using live ClassLoader for loading potentially unsafe class : domain.Proiect
21:22:58.619 [Test worker] DEBUG org.hibernate.cfg.annotations.PropertyBinder - MetadataSourceProcessor property id with lazy=false
21:22:58.619 [Test worker] DEBUG org.hibernate.cfg.AbstractPropertyHolder - Attempting to locate auto-apply AttributeConverter for property [domain.Proiect:id]
21:22:58.619 [Test worker] DEBUG org.hibernate.cfg.annotations.SimpleValueBinder - building SimpleValue for id
21:22:58.619 [Test worker] DEBUG org.hibernate.cfg.annotations.PropertyBinder - Building property id
21:22:58.619 [Test worker] DEBUG org.hibernate.cfg.BinderHelper - #makeIdGenerator(org.hibernate.mapping.SimpleValue([org.hibernate.mapping.Column(id)]), id, identity, , ...)
21:22:58.619 [Test worker] DEBUG org.hibernate.cfg.Ejb3Column - Binding column: Ejb3Column{table=org.hibernate.mapping.Table(proiecte), mappingColumn=data_inceput, insertable=true, updatable=true, unique=false}
21:22:58.619 [Test worker] DEBUG org.hibernate.cfg.annotations.PropertyBinder - MetadataSourceProcessor property dataInceput with lazy=false
21:22:58.619 [Test worker] DEBUG org.hibernate.cfg.AbstractPropertyHolder - Attempting to locate auto-apply AttributeConverter for property [domain.Proiect:dataInceput]
21:22:58.619 [Test worker] DEBUG org.hibernate.cfg.annotations.SimpleValueBinder - building SimpleValue for dataInceput
21:22:58.619 [Test worker] DEBUG org.hibernate.cfg.annotations.PropertyBinder - Building property dataInceput
21:22:58.619 [Test worker] DEBUG org.hibernate.cfg.Ejb3Column - Binding column: Ejb3Column{table=org.hibernate.mapping.Table(proiecte), mappingColumn=deadline, insertable=true, updatable=true, unique=false}
21:22:58.619 [Test worker] DEBUG org.hibernate.cfg.annotations.PropertyBinder - MetadataSourceProcessor property deadline with lazy=false
21:22:58.619 [Test worker] DEBUG org.hibernate.cfg.AbstractPropertyHolder - Attempting to locate auto-apply AttributeConverter for property [domain.Proiect:deadline]
21:22:58.619 [Test worker] DEBUG org.hibernate.cfg.annotations.SimpleValueBinder - building SimpleValue for deadline
21:22:58.619 [Test worker] DEBUG org.hibernate.cfg.annotations.PropertyBinder - Building property deadline
21:22:58.619 [Test worker] DEBUG org.hibernate.cfg.annotations.SimpleValueBinder - Starting fillSimpleValue for id
21:22:58.619 [Test worker] DEBUG org.hibernate.cfg.annotations.SimpleValueBinder - Starting fillSimpleValue for dataAngajare
21:22:58.619 [Test worker] DEBUG org.hibernate.cfg.annotations.SimpleValueBinder - Starting fillSimpleValue for idSuperior
21:22:58.619 [Test worker] DEBUG org.hibernate.cfg.annotations.SimpleValueBinder - Starting fillSimpleValue for id
21:22:58.619 [Test worker] DEBUG org.hibernate.cfg.annotations.SimpleValueBinder - Starting fillSimpleValue for dataInceput
21:22:58.619 [Test worker] DEBUG org.hibernate.cfg.annotations.SimpleValueBinder - Starting fillSimpleValue for dataSfarsit
21:22:58.619 [Test worker] DEBUG org.hibernate.cfg.annotations.SimpleValueBinder - Starting fillSimpleValue for id
21:22:58.619 [Test worker] DEBUG org.hibernate.cfg.annotations.SimpleValueBinder - Starting fillSimpleValue for idDirector
21:22:58.619 [Test worker] DEBUG org.hibernate.cfg.annotations.SimpleValueBinder - Starting fillSimpleValue for id
21:22:58.619 [Test worker] DEBUG org.hibernate.cfg.annotations.SimpleValueBinder - Starting fillSimpleValue for salarDeBaza
21:22:58.619 [Test worker] DEBUG org.hibernate.cfg.annotations.SimpleValueBinder - Starting fillSimpleValue for id
21:22:58.619 [Test worker] DEBUG org.hibernate.cfg.annotations.SimpleValueBinder - Starting fillSimpleValue for dataInceput
21:22:58.619 [Test worker] DEBUG org.hibernate.cfg.annotations.SimpleValueBinder - Starting fillSimpleValue for deadline
21:22:58.619 [Test worker] DEBUG org.hibernate.mapping.PrimaryKey - Forcing column [id] to be non-null as it is part of the primary key for table [angajati]
21:22:58.619 [Test worker] DEBUG org.hibernate.mapping.PrimaryKey - Forcing column [id] to be non-null as it is part of the primary key for table [concedii]
21:22:58.619 [Test worker] DEBUG org.hibernate.mapping.PrimaryKey - Forcing column [id] to be non-null as it is part of the primary key for table [departamente]
21:22:58.619 [Test worker] DEBUG org.hibernate.mapping.PrimaryKey - Forcing column [id] to be non-null as it is part of the primary key for table [functii]
21:22:58.619 [Test worker] DEBUG org.hibernate.mapping.PrimaryKey - Forcing column [id] to be non-null as it is part of the primary key for table [proiecte]
21:22:58.619 [Test worker] DEBUG org.hibernate.cfg.CollectionSecondPass - Second pass for collection: domain.Angajat.proiecte
21:22:58.619 [Test worker] DEBUG org.hibernate.cfg.annotations.CollectionBinder - Binding as ManyToMany: domain.Angajat.proiecte
21:22:58.619 [Test worker] DEBUG org.hibernate.mapping.PrimaryKey - Forcing column [id_angajat] to be non-null as it is part of the primary key for table [angajati_proiecte]
21:22:58.619 [Test worker] DEBUG org.hibernate.mapping.PrimaryKey - Forcing column [id_proiect] to be non-null as it is part of the primary key for table [angajati_proiecte]
21:22:58.619 [Test worker] DEBUG org.hibernate.cfg.CollectionSecondPass - Mapped collection key: id_angajat, element: id_proiect
21:22:58.619 [Test worker] DEBUG org.hibernate.cfg.CollectionSecondPass - Second pass for collection: domain.Angajat.departamente
21:22:58.619 [Test worker] DEBUG org.hibernate.cfg.annotations.CollectionBinder - Binding as ManyToMany: domain.Angajat.departamente
21:22:58.619 [Test worker] DEBUG org.hibernate.mapping.PrimaryKey - Forcing column [id_angajat] to be non-null as it is part of the primary key for table [angajati_departamente]
21:22:58.619 [Test worker] DEBUG org.hibernate.mapping.PrimaryKey - Forcing column [id_departament] to be non-null as it is part of the primary key for table [angajati_departamente]
21:22:58.619 [Test worker] DEBUG org.hibernate.cfg.CollectionSecondPass - Mapped collection key: id_angajat, element: id_departament
21:22:58.619 [Test worker] DEBUG org.hibernate.cfg.CollectionSecondPass - Second pass for collection: domain.Angajat.concedii
21:22:58.619 [Test worker] DEBUG org.hibernate.cfg.annotations.CollectionBinder - Binding a OneToMany: domain.Angajat.concedii through a foreign key
21:22:58.619 [Test worker] DEBUG org.hibernate.cfg.annotations.CollectionBinder - Mapping collection: domain.Angajat.concedii -> concedii
21:22:58.619 [Test worker] DEBUG org.hibernate.cfg.annotations.TableBinder - Retrieving property domain.Concediu.angajat
21:22:58.619 [Test worker] DEBUG org.hibernate.cfg.CollectionSecondPass - Mapped collection key: id_angajat, one-to-many: domain.Concediu
21:22:58.619 [Test worker] DEBUG org.hibernate.boot.internal.InFlightMetadataCollectorImpl - Resolving reference to class: domain.Functie
21:22:58.619 [Test worker] DEBUG org.hibernate.boot.internal.InFlightMetadataCollectorImpl - Resolving reference to class: domain.Departament
21:22:58.619 [Test worker] DEBUG org.hibernate.boot.internal.InFlightMetadataCollectorImpl - Resolving reference to class: domain.Angajat
21:22:58.619 [Test worker] DEBUG org.hibernate.boot.internal.InFlightMetadataCollectorImpl - Resolving reference to class: domain.Proiect
21:22:58.619 [Test worker] DEBUG org.hibernate.boot.internal.InFlightMetadataCollectorImpl - Resolving reference to class: domain.Angajat
21:22:58.619 [Test worker] DEBUG org.hibernate.boot.internal.InFlightMetadataCollectorImpl - Resolving reference to class: domain.Angajat
21:22:58.619 [Test worker] DEBUG org.hibernate.boot.internal.InFlightMetadataCollectorImpl - Resolving reference to class: domain.Functie
21:22:58.619 [Test worker] DEBUG org.hibernate.boot.internal.InFlightMetadataCollectorImpl - Resolving reference to class: domain.Departament
21:22:58.619 [Test worker] DEBUG org.hibernate.boot.internal.InFlightMetadataCollectorImpl - Resolving reference to class: domain.Angajat
21:22:58.619 [Test worker] DEBUG org.hibernate.boot.internal.InFlightMetadataCollectorImpl - Resolving reference to class: domain.Proiect
21:22:58.619 [Test worker] DEBUG org.hibernate.boot.internal.InFlightMetadataCollectorImpl - Resolving reference to class: domain.Angajat
21:22:58.619 [Test worker] DEBUG org.hibernate.boot.internal.InFlightMetadataCollectorImpl - Resolving reference to class: domain.Angajat
21:22:58.619 [Test worker] DEBUG org.hibernate.internal.SessionFactoryImpl - Building session factory
21:22:58.619 [Test worker] DEBUG org.hibernate.cfg.Settings - SessionFactory name : null
21:22:58.619 [Test worker] DEBUG org.hibernate.cfg.Settings - Automatic flush during beforeCompletion(): enabled
21:22:58.619 [Test worker] DEBUG org.hibernate.cfg.Settings - Automatic session close at end of transaction: disabled
21:22:58.619 [Test worker] DEBUG org.hibernate.cfg.Settings - Statistics: disabled
21:22:58.619 [Test worker] DEBUG org.hibernate.cfg.Settings - Deleted entity synthetic identifier rollback: disabled
21:22:58.619 [Test worker] DEBUG org.hibernate.cfg.Settings - Default entity-mode: pojo
21:22:58.619 [Test worker] DEBUG org.hibernate.cfg.Settings - Check Nullability in Core (should be disabled when Bean Validation is on): enabled
21:22:58.619 [Test worker] DEBUG org.hibernate.cfg.Settings - Allow initialization of lazy state outside session : enabled
21:22:58.619 [Test worker] DEBUG org.hibernate.cfg.Settings - Using BatchFetchStyle : LEGACY
21:22:58.619 [Test worker] DEBUG org.hibernate.cfg.Settings - Default batch fetch size: -1
21:22:58.619 [Test worker] DEBUG org.hibernate.cfg.Settings - Maximum outer join fetch depth: null
21:22:58.619 [Test worker] DEBUG org.hibernate.cfg.Settings - Default null ordering: NONE
21:22:58.619 [Test worker] DEBUG org.hibernate.cfg.Settings - Order SQL updates by primary key: disabled
21:22:58.619 [Test worker] DEBUG org.hibernate.cfg.Settings - Order SQL inserts for batching: disabled
21:22:58.619 [Test worker] DEBUG org.hibernate.cfg.Settings - multi-tenancy strategy : NONE
21:22:58.619 [Test worker] DEBUG org.hibernate.cfg.Settings - JTA Track by Thread: enabled
21:22:58.619 [Test worker] DEBUG org.hibernate.cfg.Settings - Query language substitutions: {}
21:22:58.619 [Test worker] DEBUG org.hibernate.cfg.Settings - Named query checking : enabled
21:22:58.619 [Test worker] DEBUG org.hibernate.cfg.Settings - Second-level cache: disabled
21:22:58.619 [Test worker] DEBUG org.hibernate.cfg.Settings - Second-level query cache: disabled
21:22:58.619 [Test worker] DEBUG org.hibernate.cfg.Settings - Second-level query cache factory: null
21:22:58.619 [Test worker] DEBUG org.hibernate.cfg.Settings - Second-level cache region prefix: null
21:22:58.619 [Test worker] DEBUG org.hibernate.cfg.Settings - Optimize second-level cache for minimal puts: disabled
21:22:58.619 [Test worker] DEBUG org.hibernate.cfg.Settings - Structured second-level cache entries: disabled
21:22:58.619 [Test worker] DEBUG org.hibernate.cfg.Settings - Second-level cache direct-reference entries: disabled
21:22:58.619 [Test worker] DEBUG org.hibernate.cfg.Settings - Automatic eviction of collection cache: disabled
21:22:58.619 [Test worker] DEBUG org.hibernate.cfg.Settings - JDBC batch size: 0
21:22:58.619 [Test worker] DEBUG org.hibernate.cfg.Settings - JDBC batch updates for versioned data: enabled
21:22:58.619 [Test worker] DEBUG org.hibernate.cfg.Settings - Scrollable result sets: disabled
21:22:58.619 [Test worker] DEBUG org.hibernate.cfg.Settings - Wrap result sets: disabled
21:22:58.619 [Test worker] DEBUG org.hibernate.cfg.Settings - JDBC3 getGeneratedKeys(): enabled
21:22:58.619 [Test worker] DEBUG org.hibernate.cfg.Settings - JDBC result set fetch size: null
21:22:58.619 [Test worker] DEBUG org.hibernate.cfg.Settings - Connection release mode: AFTER_TRANSACTION
21:22:58.619 [Test worker] DEBUG org.hibernate.cfg.Settings - Generate SQL with comments: disabled
21:22:58.619 [Test worker] DEBUG org.hibernate.cfg.Settings - JPA compliance - query : disabled
21:22:58.619 [Test worker] DEBUG org.hibernate.cfg.Settings - JPA compliance - closed-handling : disabled
21:22:58.619 [Test worker] DEBUG org.hibernate.cfg.Settings - JPA compliance - lists : disabled
21:22:58.619 [Test worker] DEBUG org.hibernate.cfg.Settings - JPA compliance - transactions : disabled
21:22:58.635 [Test worker] DEBUG org.hibernate.internal.SessionFactoryImpl - Session factory constructed with filter configurations : {}
21:22:58.635 [Test worker] DEBUG org.hibernate.internal.SessionFactoryImpl - Instantiating session factory with properties: {sun.desktop=windows, awt.toolkit=sun.awt.windows.WToolkit, dialect=utils.SQLiteDialect, java.specification.version=11, sun.cpu.isalist=amd64, sun.jnu.encoding=Cp1250, hibernate.dialect=utils.SQLiteDialect, org.gradle.test.worker=3, java.class.path=C:\\Users\\Dan\\.gradle\\caches\\6.8\\workerMain\\gradle-worker.jar;D:\\Facultate\\Projects\\OrganizareCompanie\\build\\classes\\java\\test;D:\\Facultate\\Projects\\OrganizareCompanie\\build\\resources\\test;D:\\Facultate\\Projects\\OrganizareCompanie\\build\\classes\\java\\main;D:\\Facultate\\Projects\\OrganizareCompanie\\build\\resources\\main;C:\\Users\\Dan\\.gradle\\caches\\modules-2\\files-2.1\\org.springframework.boot\\spring-boot-starter-web\\2.4.3\\4f5554ea183af87e52d8c31bb82aada0d74c40b0\\spring-boot-starter-web-2.4.3.jar;C:\\Users\\Dan\\.gradle\\caches\\modules-2\\files-2.1\\org.xerial\\sqlite-jdbc\\3.34.0\\fd29bb0124e3f79c80b2753162a6a3873c240bcf\\sqlite-jdbc-3.34.0.jar;C:\\Users\\Dan\\.gradle\\caches\\modules-2\\files-2.1\\org.hibernate\\hibernate-java8\\5.1.0.Final\\2bb534acab4f8485a821f0e4d6a2c8df617ee86a\\hibernate-java8-5.1.0.Final.jar;C:\\Users\\Dan\\.gradle\\caches\\modules-2\\files-2.1\\org.hibernate\\hibernate-core\\5.4.29.Final\\74b7c9ad3cb57ae4fd0187480a76f137a7fc3f38\\hibernate-core-5.4.29.Final.jar;C:\\Users\\Dan\\.gradle\\caches\\modules-2\\files-2.1\\org.junit.platform\\junit-platform-engine\\1.7.0\\eadb73c5074a4ac71061defd00fc176152a4d12c\\junit-platform-engine-1.7.0.jar;C:\\Users\\Dan\\.gradle\\caches\\modules-2\\files-2.1\\org.junit.platform\\junit-platform-commons\\1.7.0\\84e309fbf21d857aac079a3c1fffd84284e1114d\\junit-platform-commons-1.7.0.jar;C:\\Users\\Dan\\.gradle\\caches\\modules-2\\files-2.1\\org.junit.jupiter\\junit-jupiter-engine\\5.7.0\\d9044d6b45e2232ddd53fa56c15333e43d1749fd\\junit-jupiter-engine-5.7.0.jar;C:\\Users\\Dan\\.gradle\\caches\\modules-2\\files-2.1\\org.junit.jupiter\\junit-jupiter-api\\5.7.0\\b25f3815c4c1860a73041e733a14a0379d00c4d5\\junit-jupiter-api-5.7.0.jar;C:\\Users\\Dan\\.gradle\\caches\\modules-2\\files-2.1\\org.springframework.boot\\spring-boot-starter-json\\2.4.3\\7b26abb0a0379a00b58a2a50e010b29cf4f16b80\\spring-boot-starter-json-2.4.3.jar;C:\\Users\\Dan\\.gradle\\caches\\modules-2\\files-2.1\\org.springframework.boot\\spring-boot-starter\\2.4.3\\fd8bc0fb5f5aaefb4d6c8b77eb61563aab840c11\\spring-boot-starter-2.4.3.jar;C:\\Users\\Dan\\.gradle\\caches\\modules-2\\files-2.1\\org.springframework.boot\\spring-boot-starter-tomcat\\2.4.3\\4ba28aae05a259625e7e92f8e7338c5e1d22de35\\spring-boot-starter-tomcat-2.4.3.jar;C:\\Users\\Dan\\.gradle\\caches\\modules-2\\files-2.1\\org.springframework\\spring-webmvc\\5.3.4\\8dd52fbe8eafcc7c80998087ec6635baf7a98c20\\spring-webmvc-5.3.4.jar;C:\\Users\\Dan\\.gradle\\caches\\modules-2\\files-2.1\\org.springframework\\spring-web\\5.3.4\\d93829e24a50ed22e781f2302680a210cac5ee84\\spring-web-5.3.4.jar;C:\\Users\\Dan\\.gradle\\caches\\modules-2\\files-2.1\\org.hibernate.common\\hibernate-commons-annotations\\5.1.2.Final\\e59ffdbc6ad09eeb33507b39ffcf287679a498c8\\hibernate-commons-annotations-5.1.2.Final.jar;C:\\Users\\Dan\\.gradle\\caches\\modules-2\\files-2.1\\org.jboss.logging\\jboss-logging\\3.4.1.Final\\40fd4d696c55793e996d1ff3c475833f836c2498\\jboss-logging-3.4.1.Final.jar;C:\\Users\\Dan\\.gradle\\caches\\modules-2\\files-2.1\\javax.persistence\\javax.persistence-api\\2.2\\25665ac8c0b62f50e6488173233239120fc52c96\\javax.persistence-api-2.2.jar;C:\\Users\\Dan\\.gradle\\caches\\modules-2\\files-2.1\\org.javassist\\javassist\\3.27.0-GA\\f63e6aa899e15eca8fdaa402a79af4c417252213\\javassist-3.27.0-GA.jar;C:\\Users\\Dan\\.gradle\\caches\\modules-2\\files-2.1\\net.bytebuddy\\byte-buddy\\1.10.21\\5abe8e141cac9d50a721a22d9c188b3bf19ad0aa\\byte-buddy-1.10.21.jar;C:\\Users\\Dan\\.gradle\\caches\\modules-2\\files-2.1\\antlr\\antlr\\2.7.7\\83cd2cd674a217ade95a4bb83a8a14f351f48bd0\\antlr-2.7.7.jar;C:\\Users\\Dan\\.gradle\\caches\\modules-2\\files-2.1\\org.jboss.spec.javax.transaction\\jboss-transaction-api_1.2_spec\\1.1.1.Final\\a8485cab9484dda36e9a8c319e76b5cc18797b58\\jboss-transaction-api_1.2_spec-1.1.1.Final.jar;C:\\Users\\Dan\\.gradle\\caches\\modules-2\\files-2.1\\org.jboss\\jandex\\2.2.3.Final\\d3865101f0666b63586683bd811d754517f331ab\\jandex-2.2.3.Final.jar;C:\\Users\\Dan\\.gradle\\caches\\modules-2\\files-2.1\\com.fasterxml\\classmate\\1.5.1\\3fe0bed568c62df5e89f4f174c101eab25345b6c\\classmate-1.5.1.jar;C:\\Users\\Dan\\.gradle\\caches\\modules-2\\files-2.1\\org.glassfish.jaxb\\jaxb-runtime\\2.3.1\\dd6dda9da676a54c5b36ca2806ff95ee017d8738\\jaxb-runtime-2.3.1.jar;C:\\Users\\Dan\\.gradle\\caches\\modules-2\\files-2.1\\javax.xml.bind\\jaxb-api\\2.3.1\\8531ad5ac454cc2deb9d4d32c40c4d7451939b5d\\jaxb-api-2.3.1.jar;C:\\Users\\Dan\\.gradle\\caches\\modules-2\\files-2.1\\javax.activation\\javax.activation-api\\1.2.0\\85262acf3ca9816f9537ca47d5adeabaead7cb16\\javax.activation-api-1.2.0.jar;C:\\Users\\Dan\\.gradle\\caches\\modules-2\\files-2.1\\org.dom4j\\dom4j\\2.1.3\\a75914155a9f5808963170ec20653668a2ffd2fd\\dom4j-2.1.3.jar;C:\\Users\\Dan\\.gradle\\caches\\modules-2\\files-2.1\\org.apiguardian\\apiguardian-api\\1.1.0\\fc9dff4bb36d627bdc553de77e1f17efd790876c\\apiguardian-api-1.1.0.jar;C:\\Users\\Dan\\.gradle\\caches\\modules-2\\files-2.1\\org.opentest4j\\opentest4j\\1.2.0\\28c11eb91f9b6d8e200631d46e20a7f407f2a046\\opentest4j-1.2.0.jar;C:\\Users\\Dan\\.gradle\\caches\\modules-2\\files-2.1\\org.springframework.boot\\spring-boot-autoconfigure\\2.4.3\\2f8e1e682e55f70c8ea557982c7adb1256f41bcf\\spring-boot-autoconfigure-2.4.3.jar;C:\\Users\\Dan\\.gradle\\caches\\modules-2\\files-2.1\\org.springframework.boot\\spring-boot\\2.4.3\\de2bd17a8eb9bc3dfa629aa06f2e9fe3bf603c85\\spring-boot-2.4.3.jar;C:\\Users\\Dan\\.gradle\\caches\\modules-2\\files-2.1\\org.springframework.boot\\spring-boot-starter-logging\\2.4.3\\64687abc2255d18cd6592cbb20fa3bee3379cec8\\spring-boot-starter-logging-2.4.3.jar;C:\\Users\\Dan\\.gradle\\caches\\modules-2\\files-2.1\\jakarta.annotation\\jakarta.annotation-api\\1.3.5\\59eb84ee0d616332ff44aba065f3888cf002cd2d\\jakarta.annotation-api-1.3.5.jar;C:\\Users\\Dan\\.gradle\\caches\\modules-2\\files-2.1\\org.springframework\\spring-context\\5.3.4\\fbeadeb0e4d272599a938ec345e99e5f9a76e919\\spring-context-5.3.4.jar;C:\\Users\\Dan\\.gradle\\caches\\modules-2\\files-2.1\\org.springframework\\spring-aop\\5.3.4\\b7180a6427ab524bc1cbd31bf38dd2182632515f\\spring-aop-5.3.4.jar;C:\\Users\\Dan\\.gradle\\caches\\modules-2\\files-2.1\\org.springframework\\spring-beans\\5.3.4\\ac6c5ea0ba82f555405f74104cf378f8071c6d25\\spring-beans-5.3.4.jar;C:\\Users\\Dan\\.gradle\\caches\\modules-2\\files-2.1\\org.springframework\\spring-expression\\5.3.4\\42b71fa955e43a86471509aef14cefe756fc3794\\spring-expression-5.3.4.jar;C:\\Users\\Dan\\.gradle\\caches\\modules-2\\files-2.1\\org.springframework\\spring-core\\5.3.4\\46c1f8abd9e02a292c42a257350f365cec152b5d\\spring-core-5.3.4.jar;C:\\Users\\Dan\\.gradle\\caches\\modules-2\\files-2.1\\org.yaml\\snakeyaml\\1.27\\359d62567480b07a679dc643f82fc926b100eed5\\snakeyaml-1.27.jar;C:\\Users\\Dan\\.gradle\\caches\\modules-2\\files-2.1\\com.fasterxml.jackson.datatype\\jackson-datatype-jdk8\\2.11.4\\e1540dea3c6c681ea4e335a960f730861ee3bedb\\jackson-datatype-jdk8-2.11.4.jar;C:\\Users\\Dan\\.gradle\\caches\\modules-2\\files-2.1\\com.fasterxml.jackson.datatype\\jackson-datatype-jsr310\\2.11.4\\ce6fc76bba06623720e5a9308386b6ae74753f4d\\jackson-datatype-jsr310-2.11.4.jar;C:\\Users\\Dan\\.gradle\\caches\\modules-2\\files-2.1\\com.fasterxml.jackson.module\\jackson-module-parameter-names\\2.11.4\\432e050d79f2282a66c320375d628f1b0842cb12\\jackson-module-parameter-names-2.11.4.jar;C:\\Users\\Dan\\.gradle\\caches\\modules-2\\files-2.1\\com.fasterxml.jackson.core\\jackson-databind\\2.11.4\\5d9f3d441f99d721b957e3497f0a6465c764fad4\\jackson-databind-2.11.4.jar;C:\\Users\\Dan\\.gradle\\caches\\modules-2\\files-2.1\\org.apache.tomcat.embed\\tomcat-embed-websocket\\9.0.43\\78232648dde1a5fd5093f0a3999e593d208e2eab\\tomcat-embed-websocket-9.0.43.jar;C:\\Users\\Dan\\.gradle\\caches\\modules-2\\files-2.1\\org.apache.tomcat.embed\\tomcat-embed-core\\9.0.43\\1d102277426bdd5b12f048731a91665bb69347d1\\tomcat-embed-core-9.0.43.jar;C:\\Users\\Dan\\.gradle\\caches\\modules-2\\files-2.1\\org.glassfish\\jakarta.el\\3.0.3\\dab46ee1ee23f7197c13d7c40fce14817c9017df\\jakarta.el-3.0.3.jar;C:\\Users\\Dan\\.gradle\\caches\\modules-2\\files-2.1\\org.glassfish.jaxb\\txw2\\2.3.1\\a09d2c48d3285f206fafbffe0e50619284e92126\\txw2-2.3.1.jar;C:\\Users\\Dan\\.gradle\\caches\\modules-2\\files-2.1\\com.sun.istack\\istack-commons-runtime\\3.0.7\\c197c86ceec7318b1284bffb49b54226ca774003\\istack-commons-runtime-3.0.7.jar;C:\\Users\\Dan\\.gradle\\caches\\modules-2\\files-2.1\\org.jvnet.staxex\\stax-ex\\1.8\\8cc35f73da321c29973191f2cf143d29d26a1df7\\stax-ex-1.8.jar;C:\\Users\\Dan\\.gradle\\caches\\modules-2\\files-2.1\\com.sun.xml.fastinfoset\\FastInfoset\\1.2.15\\bb7b7ec0379982b97c62cd17465cb6d9155f68e8\\FastInfoset-1.2.15.jar;C:\\Users\\Dan\\.gradle\\caches\\modules-2\\files-2.1\\ch.qos.logback\\logback-classic\\1.2.3\\7c4f3c474fb2c041d8028740440937705ebb473a\\logback-classic-1.2.3.jar;C:\\Users\\Dan\\.gradle\\caches\\modules-2\\files-2.1\\org.apache.logging.log4j\\log4j-to-slf4j\\2.13.3\\966f6fd1af4959d6b12bfa880121d4a2b164f857\\log4j-to-slf4j-2.13.3.jar;C:\\Users\\Dan\\.gradle\\caches\\modules-2\\files-2.1\\org.slf4j\\jul-to-slf4j\\1.7.30\\d58bebff8cbf70ff52b59208586095f467656c30\\jul-to-slf4j-1.7.30.jar;C:\\Users\\Dan\\.gradle\\caches\\modules-2\\files-2.1\\org.springframework\\spring-jcl\\5.3.4\\ca012eb4e9e57f767aa9d5e51fe9a09b28140808\\spring-jcl-5.3.4.jar;C:\\Users\\Dan\\.gradle\\caches\\modules-2\\files-2.1\\com.fasterxml.jackson.core\\jackson-annotations\\2.11.4\\2c3f5c079330f3a01726686a078979420f547ae4\\jackson-annotations-2.11.4.jar;C:\\Users\\Dan\\.gradle\\caches\\modules-2\\files-2.1\\com.fasterxml.jackson.core\\jackson-core\\2.11.4\\593f7b18bab07a76767f181e2a2336135ce82cc4\\jackson-core-2.11.4.jar;C:\\Users\\Dan\\.gradle\\caches\\modules-2\\files-2.1\\ch.qos.logback\\logback-core\\1.2.3\\864344400c3d4d92dfeb0a305dc87d953677c03c\\logback-core-1.2.3.jar;C:\\Users\\Dan\\.gradle\\caches\\modules-2\\files-2.1\\org.slf4j\\slf4j-api\\1.7.30\\b5a4b6d16ab13e34a88fae84c35cd5d68cac922c\\slf4j-api-1.7.30.jar;C:\\Users\\Dan\\.gradle\\caches\\modules-2\\files-2.1\\org.apache.logging.log4j\\log4j-api\\2.13.3\\ec1508160b93d274b1add34419b897bae84c6ca9\\log4j-api-2.13.3.jar, java.vm.vendor=Oracle Corporation, sun.arch.data.model=64, user.variant=, java.vendor.url=http://java.oracle.com/, user.timezone=Europe/Athens, os.name=Windows 10, java.vm.specification.version=11, user.country=US, sun.java.launcher=SUN_STANDARD, sun.boot.library.path=C:\Program Files\Java\jdk-11.0.6\bin, sun.java.command=worker.org.gradle.process.internal.worker.GradleWorkerMain 'Gradle Test Executor 3', jdk.debug=release, sun.cpu.endian=little, user.home=C:\Users\Dan, user.language=en, java.specification.vendor=Oracle Corporation, org.gradle.native=false, java.version.date=2020-01-14, java.home=C:\Program Files\Java\jdk-11.0.6, file.separator=\, java.vm.compressedOopsMode=32-bit, line.separator=
, java.specification.name=Java Platform API Specification, java.vm.specification.vendor=Oracle Corporation, java.awt.graphicsenv=sun.awt.Win32GraphicsEnvironment, hibernate.hbm2ddl.auto=update, user.script=, sun.management.compiler=HotSpot 64-Bit Tiered Compilers, java.runtime.version=11.0.6+8-LTS, user.name=Dan, path.separator=;, hibernate.connection.username=****, os.version=10.0, hibernate.enable_lazy_load_no_trans=true, java.runtime.name=Java(TM) SE Runtime Environment, hibernate.connection.url=jdbc:sqlite:D:\Facultate\Projects\OrganizareCompanie\database, file.encoding=windows-1250, java.vm.name=Java HotSpot(TM) 64-Bit Server VM, hibernate.show_sql=true, java.vendor.version=18.9, hibernate.current_session_context_class=thread, hibernate.connection.driver_class=org.sqlite.JDBC, java.vendor.url.bug=http://bugreport.java.com/bugreport/, java.io.tmpdir=C:\Users\Dan\AppData\Local\Temp\, java.version=11.0.6, user.dir=D:\Facultate\Projects\OrganizareCompanie, os.arch=amd64, java.vm.specification.name=Java Virtual Machine Specification, java.awt.printerjob=sun.awt.windows.WPrinterJob, hibernate.connection.password=****, sun.os.patch.level=, connection.driver_class=org.sqlite.JDBC, hibernate.boot.CfgXmlAccessService.key=org.hibernate.boot.cfgxml.spi.LoadedConfig@442125a9, java.library.path=C:\Program Files\Java\jdk-11.0.6\bin;C:\WINDOWS\Sun\Java\bin;C:\WINDOWS\system32;C:\WINDOWS;;C:\Python38\Scripts\;C:\Python38\;D:\Facultate\Scripts\;D:\Facultate\;C:\Users\Dan\Desktop\Facultate 2018-2019\Semestrul I\Fundamentele programarii\Python\Scripts\;C:\Users\Dan\Desktop\Facultate 2018-2019\Semestrul I\Fundamentele programarii\Python\;C:\Users\Dan\Desktop\Facultate 2018-2019\Semestrul I\Fundamentele programarii\Scripts\;C:\Users\Dan\Desktop\Facultate 2018-2019\Semestrul I\Fundamentele programarii\;C:\WINDOWS\system32;C:\WINDOWS;C:\WINDOWS\System32\Wbem;C:\WINDOWS\System32\WindowsPowerShell\v1.0\;C:\WINDOWS\System32\OpenSSH\;D:\Facultate\PuTTY\;C:\Program Files\dotnet\;C:\Program Files\Microsoft SQL Server\Client SDK\ODBC\170\Tools\Binn\;C:\Users\Dan\Proto\bin;D:\Facultate\NodeJS\;C:\ProgramData\chocolatey\bin;C:\Program Files\Git\cmd;C:\Program Files\Java\jdk-10.0.2\bin;C:\Program Files (x86)\GnuWin32\bin;C:\MinGW\bin;C:\Program Files\Java\jdk-11.0.6\bin;C:\WINDOWS\system32;C:\WINDOWS;C:\WINDOWS\System32\Wbem;C:\WINDOWS\System32\WindowsPowerShell\v1.0\;C:\WINDOWS\System32\OpenSSH\;C:\Program Files\Intel\WiFi\bin\;C:\Program Files\Common Files\Intel\WirelessCommon\;D:\Facultate\Python\Scripts\;D:\Facultate\Python\;C:\Users\Dan\AppData\Local\Microsoft\WindowsApps;C:\Users\Dan\AppData\Local\GitHubDesktop\bin;C:\Users\Dan\AppData\Roaming\npm;D:\Facultate\Microsoft VS Code\bin;C:\Users\Dan\AppData\Local\Microsoft\WindowsApps;C:\Users\Dan\Documents\driver;;., java.vendor=Oracle Corporation, java.vm.info=mixed mode, java.vm.version=11.0.6+8-LTS, hibernate.bytecode.use_reflection_optimizer=false, sun.io.unicode.encoding=UnicodeLittle, hibernate.connection.pool_size=1, connection.url=jdbc:sqlite:D:\Facultate\Projects\OrganizareCompanie\database, java.class.version=55.0}
21:22:58.635 [Test worker] DEBUG org.hibernate.secure.spi.JaccIntegrator - Skipping JACC integration as it was not enabled
21:22:58.635 [Test worker] DEBUG org.hibernate.internal.SessionFactoryImpl - Instantiated session factory
21:22:58.635 [Test worker] DEBUG org.hibernate.type.spi.TypeConfiguration$Scope - Scoping TypeConfiguration [org.hibernate.type.spi.TypeConfiguration@78e70702] to SessionFactoryImpl [org.hibernate.internal.SessionFactoryImpl@5dbaba66]
21:22:58.635 [Test worker] DEBUG org.hibernate.boot.internal.ClassLoaderAccessImpl - Not known whether passed class name [domain.Functie] is safe
21:22:58.635 [Test worker] DEBUG org.hibernate.boot.internal.ClassLoaderAccessImpl - No temp ClassLoader provided; using live ClassLoader for loading potentially unsafe class : domain.Functie
21:22:58.635 [Test worker] DEBUG org.hibernate.boot.internal.ClassLoaderAccessImpl - Not known whether passed class name [domain.Departament] is safe
21:22:58.635 [Test worker] DEBUG org.hibernate.boot.internal.ClassLoaderAccessImpl - No temp ClassLoader provided; using live ClassLoader for loading potentially unsafe class : domain.Departament
21:22:58.651 [Test worker] DEBUG org.hibernate.boot.internal.ClassLoaderAccessImpl - Not known whether passed class name [domain.Angajat] is safe
21:22:58.651 [Test worker] DEBUG org.hibernate.boot.internal.ClassLoaderAccessImpl - No temp ClassLoader provided; using live ClassLoader for loading potentially unsafe class : domain.Angajat
21:22:58.651 [Test worker] DEBUG org.hibernate.boot.internal.ClassLoaderAccessImpl - Not known whether passed class name [domain.Proiect] is safe
21:22:58.651 [Test worker] DEBUG org.hibernate.boot.internal.ClassLoaderAccessImpl - No temp ClassLoader provided; using live ClassLoader for loading potentially unsafe class : domain.Proiect
21:22:58.651 [Test worker] DEBUG org.hibernate.boot.internal.ClassLoaderAccessImpl - Not known whether passed class name [domain.Concediu] is safe
21:22:58.651 [Test worker] DEBUG org.hibernate.boot.internal.ClassLoaderAccessImpl - No temp ClassLoader provided; using live ClassLoader for loading potentially unsafe class : domain.Concediu
21:22:58.666 [Test worker] DEBUG org.hibernate.persister.collection.AbstractCollectionPersister - Static SQL for collection: domain.Angajat.proiecte
21:22:58.666 [Test worker] DEBUG org.hibernate.persister.collection.AbstractCollectionPersister -  Row insert: insert into angajati_proiecte (id_angajat, id_proiect) values (?, ?)
21:22:58.666 [Test worker] DEBUG org.hibernate.persister.collection.AbstractCollectionPersister -  Row update: update angajati_proiecte set id_proiect=? where id_angajat=? and id_proiect=?
21:22:58.666 [Test worker] DEBUG org.hibernate.persister.collection.AbstractCollectionPersister -  Row delete: delete from angajati_proiecte where id_angajat=? and id_proiect=?
21:22:58.666 [Test worker] DEBUG org.hibernate.persister.collection.AbstractCollectionPersister -  One-shot delete: delete from angajati_proiecte where id_angajat=?
21:22:58.666 [Test worker] DEBUG org.hibernate.persister.collection.AbstractCollectionPersister - Static SQL for collection: domain.Angajat.concedii
21:22:58.666 [Test worker] DEBUG org.hibernate.persister.collection.AbstractCollectionPersister -  Row insert: update concedii set id_angajat=? where id=?
21:22:58.666 [Test worker] DEBUG org.hibernate.persister.collection.AbstractCollectionPersister -  Row update: update concedii set  where id=?
21:22:58.666 [Test worker] DEBUG org.hibernate.persister.collection.AbstractCollectionPersister -  Row delete: update concedii set id_angajat=null where id_angajat=? and id=?
21:22:58.666 [Test worker] DEBUG org.hibernate.persister.collection.AbstractCollectionPersister -  One-shot delete: update concedii set id_angajat=null where id_angajat=?
21:22:58.666 [Test worker] DEBUG org.hibernate.persister.collection.AbstractCollectionPersister - Static SQL for collection: domain.Angajat.departamente
21:22:58.666 [Test worker] DEBUG org.hibernate.persister.collection.AbstractCollectionPersister -  Row insert: insert into angajati_departamente (id_angajat, id_departament) values (?, ?)
21:22:58.666 [Test worker] DEBUG org.hibernate.persister.collection.AbstractCollectionPersister -  Row update: update angajati_departamente set id_departament=? where id_angajat=? and id_departament=?
21:22:58.666 [Test worker] DEBUG org.hibernate.persister.collection.AbstractCollectionPersister -  Row delete: delete from angajati_departamente where id_angajat=? and id_departament=?
21:22:58.666 [Test worker] DEBUG org.hibernate.persister.collection.AbstractCollectionPersister -  One-shot delete: delete from angajati_departamente where id_angajat=?
21:22:58.666 [Test worker] DEBUG org.hibernate.persister.entity.AbstractEntityPersister - Static SQL for entity: domain.Functie
21:22:58.666 [Test worker] DEBUG org.hibernate.persister.entity.AbstractEntityPersister -  Version select: select id from functii where id =?
21:22:58.666 [Test worker] DEBUG org.hibernate.persister.entity.AbstractEntityPersister -  Snapshot select: select functie_.id, functie_.salar_de_baza as salar_de2_5_ from functii functie_ where functie_.id=?
21:22:58.666 [Test worker] DEBUG org.hibernate.persister.entity.AbstractEntityPersister -  Insert 0: insert into functii (salar_de_baza, id) values (?, ?)
21:22:58.666 [Test worker] DEBUG org.hibernate.persister.entity.AbstractEntityPersister -  Update 0: update functii set salar_de_baza=? where id=?
21:22:58.666 [Test worker] DEBUG org.hibernate.persister.entity.AbstractEntityPersister -  Delete 0: delete from functii where id=?
21:22:58.666 [Test worker] DEBUG org.hibernate.persister.entity.AbstractEntityPersister -  Identity insert: insert into functii (salar_de_baza) values (?)
21:22:58.666 [Test worker] DEBUG org.hibernate.loader.plan.build.internal.spaces.QuerySpacesImpl - Adding QuerySpace : uid = <gen:0> -> org.hibernate.loader.plan.build.internal.spaces.EntityQuerySpaceImpl@21e01669]
21:22:58.666 [Test worker] DEBUG org.hibernate.persister.walking.spi.MetamodelGraphWalker - Visiting attribute path : salarDeBaza
21:22:58.666 [Test worker] DEBUG org.hibernate.loader.plan.build.internal.FetchStyleLoadPlanBuildingAssociationVisitationStrategy - Building LoadPlan...
21:22:58.666 [Test worker] DEBUG org.hibernate.loader.plan.exec.internal.LoadQueryJoinAndFetchProcessor - processing queryspace <gen:0>
21:22:58.666 [Test worker] DEBUG org.hibernate.loader.plan.build.spi.LoadPlanTreePrinter - LoadPlan(entity=domain.Functie)
    - Returns
       - EntityReturnImpl(entity=domain.Functie, querySpaceUid=<gen:0>, path=domain.Functie)
    - QuerySpaces
       - EntityQuerySpaceImpl(uid=<gen:0>, entity=domain.Functie)
          - SQL table alias mapping - functie0_
          - alias suffix - 0_
          - suffixed key columns - {id1_5_0_}

21:22:58.666 [Test worker] DEBUG org.hibernate.loader.entity.plan.EntityLoader - Static select for entity domain.Functie [NONE]: select functie0_.id as id1_5_0_, functie0_.salar_de_baza as salar_de2_5_0_ from functii functie0_ where functie0_.id=?
21:22:58.666 [Test worker] DEBUG org.hibernate.persister.entity.AbstractEntityPersister - Static SQL for entity: domain.Departament
21:22:58.666 [Test worker] DEBUG org.hibernate.persister.entity.AbstractEntityPersister -  Version select: select id from departamente where id =?
21:22:58.666 [Test worker] DEBUG org.hibernate.persister.entity.AbstractEntityPersister -  Snapshot select: select departamen_.id, departamen_.id_director as id_direc2_4_ from departamente departamen_ where departamen_.id=?
21:22:58.666 [Test worker] DEBUG org.hibernate.persister.entity.AbstractEntityPersister -  Insert 0: insert into departamente (id_director, id) values (?, ?)
21:22:58.666 [Test worker] DEBUG org.hibernate.persister.entity.AbstractEntityPersister -  Update 0: update departamente set id_director=? where id=?
21:22:58.666 [Test worker] DEBUG org.hibernate.persister.entity.AbstractEntityPersister -  Delete 0: delete from departamente where id=?
21:22:58.666 [Test worker] DEBUG org.hibernate.persister.entity.AbstractEntityPersister -  Identity insert: insert into departamente (id_director) values (?)
21:22:58.666 [Test worker] DEBUG org.hibernate.loader.plan.build.internal.spaces.QuerySpacesImpl - Adding QuerySpace : uid = <gen:0> -> org.hibernate.loader.plan.build.internal.spaces.EntityQuerySpaceImpl@4001a6aa]
21:22:58.666 [Test worker] DEBUG org.hibernate.persister.walking.spi.MetamodelGraphWalker - Visiting attribute path : idDirector
21:22:58.666 [Test worker] DEBUG org.hibernate.loader.plan.build.internal.FetchStyleLoadPlanBuildingAssociationVisitationStrategy - Building LoadPlan...
21:22:58.666 [Test worker] DEBUG org.hibernate.loader.plan.exec.internal.LoadQueryJoinAndFetchProcessor - processing queryspace <gen:0>
21:22:58.666 [Test worker] DEBUG org.hibernate.loader.plan.build.spi.LoadPlanTreePrinter - LoadPlan(entity=domain.Departament)
    - Returns
       - EntityReturnImpl(entity=domain.Departament, querySpaceUid=<gen:0>, path=domain.Departament)
    - QuerySpaces
       - EntityQuerySpaceImpl(uid=<gen:0>, entity=domain.Departament)
          - SQL table alias mapping - departamen0_
          - alias suffix - 0_
          - suffixed key columns - {id1_4_0_}

21:22:58.666 [Test worker] DEBUG org.hibernate.loader.entity.plan.EntityLoader - Static select for entity domain.Departament [NONE]: select departamen0_.id as id1_4_0_, departamen0_.id_director as id_direc2_4_0_ from departamente departamen0_ where departamen0_.id=?
21:22:58.666 [Test worker] DEBUG org.hibernate.persister.entity.AbstractEntityPersister - Static SQL for entity: domain.Angajat
21:22:58.666 [Test worker] DEBUG org.hibernate.persister.entity.AbstractEntityPersister -  Version select: select id from angajati where id =?
21:22:58.666 [Test worker] DEBUG org.hibernate.persister.entity.AbstractEntityPersister -  Snapshot select: select angajat_.id, angajat_.data_angajare as data_ang2_0_, angajat_.functie_id as functie_4_0_, angajat_.id_superior as id_super3_0_ from angajati angajat_ where angajat_.id=?
21:22:58.666 [Test worker] DEBUG org.hibernate.persister.entity.AbstractEntityPersister -  Insert 0: insert into angajati (data_angajare, functie_id, id_superior, id) values (?, ?, ?, ?)
21:22:58.666 [Test worker] DEBUG org.hibernate.persister.entity.AbstractEntityPersister -  Update 0: update angajati set data_angajare=?, functie_id=?, id_superior=? where id=?
21:22:58.666 [Test worker] DEBUG org.hibernate.persister.entity.AbstractEntityPersister -  Delete 0: delete from angajati where id=?
21:22:58.666 [Test worker] DEBUG org.hibernate.persister.entity.AbstractEntityPersister -  Identity insert: insert into angajati (data_angajare, functie_id, id_superior) values (?, ?, ?)
21:22:58.666 [Test worker] DEBUG org.hibernate.loader.plan.build.internal.spaces.QuerySpacesImpl - Adding QuerySpace : uid = <gen:0> -> org.hibernate.loader.plan.build.internal.spaces.EntityQuerySpaceImpl@21b04a2b]
21:22:58.666 [Test worker] DEBUG org.hibernate.persister.walking.spi.MetamodelGraphWalker - Visiting attribute path : concedii
21:22:58.666 [Test worker] DEBUG org.hibernate.loader.plan.build.internal.spaces.QuerySpacesImpl - Adding QuerySpace : uid = <gen:1> -> org.hibernate.loader.plan.build.internal.spaces.CollectionQuerySpaceImpl@12fba351]
21:22:58.666 [Test worker] DEBUG org.hibernate.loader.plan.build.internal.spaces.QuerySpacesImpl - Adding QuerySpace : uid = <gen:2> -> org.hibernate.loader.plan.build.internal.spaces.EntityQuerySpaceImpl@933cfd]
21:22:58.666 [Test worker] DEBUG org.hibernate.persister.walking.spi.MetamodelGraphWalker - Visiting attribute path : dataAngajare
21:22:58.666 [Test worker] DEBUG org.hibernate.persister.walking.spi.MetamodelGraphWalker - Visiting attribute path : departamente
21:22:58.666 [Test worker] DEBUG org.hibernate.loader.plan.build.internal.spaces.QuerySpacesImpl - Adding QuerySpace : uid = <gen:3> -> org.hibernate.loader.plan.build.internal.spaces.CollectionQuerySpaceImpl@2351cfd6]
21:22:58.666 [Test worker] DEBUG org.hibernate.loader.plan.build.internal.spaces.QuerySpacesImpl - Adding QuerySpace : uid = <gen:4> -> org.hibernate.loader.plan.build.internal.spaces.EntityQuerySpaceImpl@6fc89cc3]
21:22:58.666 [Test worker] DEBUG org.hibernate.persister.walking.spi.MetamodelGraphWalker - Visiting attribute path : functie
21:22:58.666 [Test worker] DEBUG org.hibernate.loader.plan.build.internal.spaces.QuerySpacesImpl - Adding QuerySpace : uid = <gen:5> -> org.hibernate.loader.plan.build.internal.spaces.EntityQuerySpaceImpl@20e65b40]
21:22:58.666 [Test worker] DEBUG org.hibernate.persister.walking.spi.MetamodelGraphWalker - Visiting attribute path : functie.salarDeBaza
21:22:58.666 [Test worker] DEBUG org.hibernate.persister.walking.spi.MetamodelGraphWalker - Visiting attribute path : idSuperior
21:22:58.666 [Test worker] DEBUG org.hibernate.persister.walking.spi.MetamodelGraphWalker - Visiting attribute path : proiecte
21:22:58.666 [Test worker] DEBUG org.hibernate.loader.plan.build.internal.spaces.QuerySpacesImpl - Adding QuerySpace : uid = <gen:6> -> org.hibernate.loader.plan.build.internal.spaces.CollectionQuerySpaceImpl@1489b8fd]
21:22:58.666 [Test worker] DEBUG org.hibernate.loader.plan.build.internal.spaces.QuerySpacesImpl - Adding QuerySpace : uid = <gen:7> -> org.hibernate.loader.plan.build.internal.spaces.EntityQuerySpaceImpl@3f8c002b]
21:22:58.666 [Test worker] DEBUG org.hibernate.loader.plan.build.internal.FetchStyleLoadPlanBuildingAssociationVisitationStrategy - Building LoadPlan...
21:22:58.666 [Test worker] DEBUG org.hibernate.loader.plan.exec.internal.LoadQueryJoinAndFetchProcessor - processing queryspace <gen:0>
21:22:58.666 [Test worker] DEBUG org.hibernate.loader.plan.build.spi.LoadPlanTreePrinter - LoadPlan(entity=domain.Angajat)
    - Returns
       - EntityReturnImpl(entity=domain.Angajat, querySpaceUid=<gen:0>, path=domain.Angajat)
          - CollectionAttributeFetchImpl(collection=domain.Angajat.concedii, querySpaceUid=<gen:1>, path=domain.Angajat.concedii)
             - (collection element) CollectionFetchableElementEntityGraph(entity=domain.Concediu, querySpaceUid=<gen:2>, path=domain.Angajat.concedii.<elements>)
          - CollectionAttributeFetchImpl(collection=domain.Angajat.departamente, querySpaceUid=<gen:3>, path=domain.Angajat.departamente)
             - (collection element) CollectionFetchableElementEntityGraph(entity=domain.Departament, querySpaceUid=<gen:4>, path=domain.Angajat.departamente.<elements>)
          - EntityAttributeFetchImpl(entity=domain.Functie, querySpaceUid=<gen:5>, path=domain.Angajat.functie)
          - CollectionAttributeFetchImpl(collection=domain.Angajat.proiecte, querySpaceUid=<gen:6>, path=domain.Angajat.proiecte)
             - (collection element) CollectionFetchableElementEntityGraph(entity=domain.Proiect, querySpaceUid=<gen:7>, path=domain.Angajat.proiecte.<elements>)
    - QuerySpaces
       - EntityQuerySpaceImpl(uid=<gen:0>, entity=domain.Angajat)
          - SQL table alias mapping - angajat0_
          - alias suffix - 0_
          - suffixed key columns - {id1_0_0_}
          - JOIN (JoinDefinedByMetadata(functie)) : <gen:0> -> <gen:5>
             - EntityQuerySpaceImpl(uid=<gen:5>, entity=domain.Functie)
                - SQL table alias mapping - functie1_
                - alias suffix - 1_
                - suffixed key columns - {id1_5_1_}

21:22:58.666 [Test worker] DEBUG org.hibernate.loader.entity.plan.EntityLoader - Static select for entity domain.Angajat [NONE]: select angajat0_.id as id1_0_0_, angajat0_.data_angajare as data_ang2_0_0_, angajat0_.functie_id as functie_4_0_0_, angajat0_.id_superior as id_super3_0_0_, functie1_.id as id1_5_1_, functie1_.salar_de_baza as salar_de2_5_1_ from angajati angajat0_ left outer join functii functie1_ on angajat0_.functie_id=functie1_.id where angajat0_.id=?
21:22:58.666 [Test worker] DEBUG org.hibernate.persister.entity.AbstractEntityPersister - Static SQL for entity: domain.Proiect
21:22:58.666 [Test worker] DEBUG org.hibernate.persister.entity.AbstractEntityPersister -  Version select: select id from proiecte where id =?
21:22:58.666 [Test worker] DEBUG org.hibernate.persister.entity.AbstractEntityPersister -  Snapshot select: select proiect_.id, proiect_.data_inceput as data_inc2_6_, proiect_.deadline as deadline3_6_ from proiecte proiect_ where proiect_.id=?
21:22:58.666 [Test worker] DEBUG org.hibernate.persister.entity.AbstractEntityPersister -  Insert 0: insert into proiecte (data_inceput, deadline, id) values (?, ?, ?)
21:22:58.666 [Test worker] DEBUG org.hibernate.persister.entity.AbstractEntityPersister -  Update 0: update proiecte set data_inceput=?, deadline=? where id=?
21:22:58.666 [Test worker] DEBUG org.hibernate.persister.entity.AbstractEntityPersister -  Delete 0: delete from proiecte where id=?
21:22:58.666 [Test worker] DEBUG org.hibernate.persister.entity.AbstractEntityPersister -  Identity insert: insert into proiecte (data_inceput, deadline) values (?, ?)
21:22:58.666 [Test worker] DEBUG org.hibernate.loader.plan.build.internal.spaces.QuerySpacesImpl - Adding QuerySpace : uid = <gen:0> -> org.hibernate.loader.plan.build.internal.spaces.EntityQuerySpaceImpl@2d2270c1]
21:22:58.666 [Test worker] DEBUG org.hibernate.persister.walking.spi.MetamodelGraphWalker - Visiting attribute path : dataInceput
21:22:58.666 [Test worker] DEBUG org.hibernate.persister.walking.spi.MetamodelGraphWalker - Visiting attribute path : deadline
21:22:58.666 [Test worker] DEBUG org.hibernate.loader.plan.build.internal.FetchStyleLoadPlanBuildingAssociationVisitationStrategy - Building LoadPlan...
21:22:58.666 [Test worker] DEBUG org.hibernate.loader.plan.exec.internal.LoadQueryJoinAndFetchProcessor - processing queryspace <gen:0>
21:22:58.666 [Test worker] DEBUG org.hibernate.loader.plan.build.spi.LoadPlanTreePrinter - LoadPlan(entity=domain.Proiect)
    - Returns
       - EntityReturnImpl(entity=domain.Proiect, querySpaceUid=<gen:0>, path=domain.Proiect)
    - QuerySpaces
       - EntityQuerySpaceImpl(uid=<gen:0>, entity=domain.Proiect)
          - SQL table alias mapping - proiect0_
          - alias suffix - 0_
          - suffixed key columns - {id1_6_0_}

21:22:58.666 [Test worker] DEBUG org.hibernate.loader.entity.plan.EntityLoader - Static select for entity domain.Proiect [NONE]: select proiect0_.id as id1_6_0_, proiect0_.data_inceput as data_inc2_6_0_, proiect0_.deadline as deadline3_6_0_ from proiecte proiect0_ where proiect0_.id=?
21:22:58.666 [Test worker] DEBUG org.hibernate.persister.entity.AbstractEntityPersister - Static SQL for entity: domain.Concediu
21:22:58.666 [Test worker] DEBUG org.hibernate.persister.entity.AbstractEntityPersister -  Version select: select id from concedii where id =?
21:22:58.666 [Test worker] DEBUG org.hibernate.persister.entity.AbstractEntityPersister -  Snapshot select: select concediu_.id, concediu_.id_angajat as id_angaj4_3_, concediu_.data_inceput as data_inc2_3_, concediu_.data_sfarsit as data_sfa3_3_ from concedii concediu_ where concediu_.id=?
21:22:58.666 [Test worker] DEBUG org.hibernate.persister.entity.AbstractEntityPersister -  Insert 0: insert into concedii (id_angajat, data_inceput, data_sfarsit, id) values (?, ?, ?, ?)
21:22:58.666 [Test worker] DEBUG org.hibernate.persister.entity.AbstractEntityPersister -  Update 0: update concedii set id_angajat=?, data_inceput=?, data_sfarsit=? where id=?
21:22:58.666 [Test worker] DEBUG org.hibernate.persister.entity.AbstractEntityPersister -  Delete 0: delete from concedii where id=?
21:22:58.666 [Test worker] DEBUG org.hibernate.persister.entity.AbstractEntityPersister -  Identity insert: insert into concedii (id_angajat, data_inceput, data_sfarsit) values (?, ?, ?)
21:22:58.666 [Test worker] DEBUG org.hibernate.loader.plan.build.internal.spaces.QuerySpacesImpl - Adding QuerySpace : uid = <gen:0> -> org.hibernate.loader.plan.build.internal.spaces.EntityQuerySpaceImpl@12a3559c]
21:22:58.666 [Test worker] DEBUG org.hibernate.persister.walking.spi.MetamodelGraphWalker - Visiting attribute path : angajat
21:22:58.666 [Test worker] DEBUG org.hibernate.loader.plan.build.internal.spaces.QuerySpacesImpl - Adding QuerySpace : uid = <gen:1> -> org.hibernate.loader.plan.build.internal.spaces.EntityQuerySpaceImpl@736b47bc]
21:22:58.666 [Test worker] DEBUG org.hibernate.persister.walking.spi.MetamodelGraphWalker - Visiting attribute path : dataInceput
21:22:58.666 [Test worker] DEBUG org.hibernate.persister.walking.spi.MetamodelGraphWalker - Visiting attribute path : dataSfarsit
21:22:58.666 [Test worker] DEBUG org.hibernate.loader.plan.build.internal.FetchStyleLoadPlanBuildingAssociationVisitationStrategy - Building LoadPlan...
21:22:58.666 [Test worker] DEBUG org.hibernate.loader.plan.exec.internal.LoadQueryJoinAndFetchProcessor - processing queryspace <gen:0>
21:22:58.666 [Test worker] DEBUG org.hibernate.loader.plan.build.spi.LoadPlanTreePrinter - LoadPlan(entity=domain.Concediu)
    - Returns
       - EntityReturnImpl(entity=domain.Concediu, querySpaceUid=<gen:0>, path=domain.Concediu)
          - EntityAttributeFetchImpl(entity=domain.Angajat, querySpaceUid=<gen:1>, path=domain.Concediu.angajat)
    - QuerySpaces
       - EntityQuerySpaceImpl(uid=<gen:0>, entity=domain.Concediu)
          - SQL table alias mapping - concediu0_
          - alias suffix - 0_
          - suffixed key columns - {id1_3_0_}

21:22:58.666 [Test worker] DEBUG org.hibernate.loader.entity.plan.EntityLoader - Static select for entity domain.Concediu [NONE]: select concediu0_.id as id1_3_0_, concediu0_.id_angajat as id_angaj4_3_0_, concediu0_.data_inceput as data_inc2_3_0_, concediu0_.data_sfarsit as data_sfa3_3_0_ from concedii concediu0_ where concediu0_.id=?
21:22:58.666 [Test worker] DEBUG org.hibernate.loader.plan.build.internal.spaces.QuerySpacesImpl - Adding QuerySpace : uid = <gen:0> -> org.hibernate.loader.plan.build.internal.spaces.CollectionQuerySpaceImpl@1aa4957c]
21:22:58.666 [Test worker] DEBUG org.hibernate.loader.plan.build.internal.spaces.QuerySpacesImpl - Adding QuerySpace : uid = <gen:1> -> org.hibernate.loader.plan.build.internal.spaces.EntityQuerySpaceImpl@12233c01]
21:22:58.666 [Test worker] DEBUG org.hibernate.persister.walking.spi.MetamodelGraphWalker - Visiting attribute path : dataInceput
21:22:58.666 [Test worker] DEBUG org.hibernate.persister.walking.spi.MetamodelGraphWalker - Visiting attribute path : deadline
21:22:58.666 [Test worker] DEBUG org.hibernate.loader.plan.build.internal.FetchStyleLoadPlanBuildingAssociationVisitationStrategy - Building LoadPlan...
21:22:58.666 [Test worker] DEBUG org.hibernate.loader.plan.exec.internal.LoadQueryJoinAndFetchProcessor - processing queryspace <gen:0>
21:22:58.666 [Test worker] DEBUG org.hibernate.loader.plan.build.spi.LoadPlanTreePrinter - LoadPlan(collection=domain.Angajat.proiecte)
    - Returns
       - CollectionReturnImpl(collection=domain.Angajat.proiecte, querySpaceUid=<gen:0>, path=[domain.Angajat.proiecte])
          - (collection element) CollectionFetchableElementEntityGraph(entity=domain.Proiect, querySpaceUid=<gen:1>, path=[domain.Angajat.proiecte].<elements>)
    - QuerySpaces
       - CollectionQuerySpaceImpl(uid=<gen:0>, collection=domain.Angajat.proiecte)
          - SQL table alias mapping - proiecte0_
          - alias suffix - 0_
          - suffixed key columns - {id_angaj1_2_0_}
          - entity-element alias suffix - 1_
          - 1_entity-element suffixed key columns - id1_6_1_
          - JOIN (JoinDefinedByMetadata(elements)) : <gen:0> -> <gen:1>
             - EntityQuerySpaceImpl(uid=<gen:1>, entity=domain.Proiect)
                - SQL table alias mapping - proiect1_
                - alias suffix - 1_
                - suffixed key columns - {id1_6_1_}

21:22:58.666 [Test worker] DEBUG org.hibernate.loader.collection.plan.CollectionLoader - Static select for collection domain.Angajat.proiecte: select proiecte0_.id_angajat as id_angaj1_2_0_, proiecte0_.id_proiect as id_proie2_2_0_, proiect1_.id as id1_6_1_, proiect1_.data_inceput as data_inc2_6_1_, proiect1_.deadline as deadline3_6_1_ from angajati_proiecte proiecte0_ inner join proiecte proiect1_ on proiecte0_.id_proiect=proiect1_.id where proiecte0_.id_angajat=?
21:22:58.666 [Test worker] DEBUG org.hibernate.loader.plan.build.internal.spaces.QuerySpacesImpl - Adding QuerySpace : uid = <gen:0> -> org.hibernate.loader.plan.build.internal.spaces.CollectionQuerySpaceImpl@44489e89]
21:22:58.666 [Test worker] DEBUG org.hibernate.loader.plan.build.internal.spaces.QuerySpacesImpl - Adding QuerySpace : uid = <gen:1> -> org.hibernate.loader.plan.build.internal.spaces.EntityQuerySpaceImpl@4f806135]
21:22:58.666 [Test worker] DEBUG org.hibernate.persister.walking.spi.MetamodelGraphWalker - Visiting attribute path : angajat
21:22:58.666 [Test worker] DEBUG org.hibernate.persister.walking.spi.MetamodelGraphWalker - Property path deemed to be circular : angajat
21:22:58.666 [Test worker] DEBUG org.hibernate.persister.walking.spi.MetamodelGraphWalker - Visiting attribute path : dataInceput
21:22:58.666 [Test worker] DEBUG org.hibernate.persister.walking.spi.MetamodelGraphWalker - Visiting attribute path : dataSfarsit
21:22:58.666 [Test worker] DEBUG org.hibernate.loader.plan.build.internal.FetchStyleLoadPlanBuildingAssociationVisitationStrategy - Building LoadPlan...
21:22:58.666 [Test worker] DEBUG org.hibernate.loader.plan.exec.internal.LoadQueryJoinAndFetchProcessor - processing queryspace <gen:0>
21:22:58.666 [Test worker] DEBUG org.hibernate.loader.plan.build.spi.LoadPlanTreePrinter - LoadPlan(collection=domain.Angajat.concedii)
    - Returns
       - CollectionReturnImpl(collection=domain.Angajat.concedii, querySpaceUid=<gen:0>, path=[domain.Angajat.concedii])
          - (collection element) CollectionFetchableElementEntityGraph(entity=domain.Concediu, querySpaceUid=<gen:1>, path=[domain.Angajat.concedii].<elements>)
    - QuerySpaces
       - CollectionQuerySpaceImpl(uid=<gen:0>, collection=domain.Angajat.concedii)
          - SQL table alias mapping - concedii0_
          - alias suffix - 0_
          - suffixed key columns - {id_angaj4_3_0_}
          - entity-element alias suffix - 1_
          - 1_entity-element suffixed key columns - id1_3_1_
          - JOIN (JoinDefinedByMetadata(elements)) : <gen:0> -> <gen:1>
             - EntityQuerySpaceImpl(uid=<gen:1>, entity=domain.Concediu)
                - SQL table alias mapping - concedii0_
                - alias suffix - 1_
                - suffixed key columns - {id1_3_1_}

21:22:58.666 [Test worker] DEBUG org.hibernate.loader.collection.plan.CollectionLoader - Static select for collection domain.Angajat.concedii: select concedii0_.id_angajat as id_angaj4_3_0_, concedii0_.id as id1_3_0_, concedii0_.id as id1_3_1_, concedii0_.id_angajat as id_angaj4_3_1_, concedii0_.data_inceput as data_inc2_3_1_, concedii0_.data_sfarsit as data_sfa3_3_1_ from concedii concedii0_ where concedii0_.id_angajat=?
21:22:58.666 [Test worker] DEBUG org.hibernate.loader.plan.build.internal.spaces.QuerySpacesImpl - Adding QuerySpace : uid = <gen:0> -> org.hibernate.loader.plan.build.internal.spaces.CollectionQuerySpaceImpl@19ce93e0]
21:22:58.666 [Test worker] DEBUG org.hibernate.loader.plan.build.internal.spaces.QuerySpacesImpl - Adding QuerySpace : uid = <gen:1> -> org.hibernate.loader.plan.build.internal.spaces.EntityQuerySpaceImpl@550bc025]
21:22:58.666 [Test worker] DEBUG org.hibernate.persister.walking.spi.MetamodelGraphWalker - Visiting attribute path : idDirector
21:22:58.666 [Test worker] DEBUG org.hibernate.loader.plan.build.internal.FetchStyleLoadPlanBuildingAssociationVisitationStrategy - Building LoadPlan...
21:22:58.666 [Test worker] DEBUG org.hibernate.loader.plan.exec.internal.LoadQueryJoinAndFetchProcessor - processing queryspace <gen:0>
21:22:58.666 [Test worker] DEBUG org.hibernate.loader.plan.build.spi.LoadPlanTreePrinter - LoadPlan(collection=domain.Angajat.departamente)
    - Returns
       - CollectionReturnImpl(collection=domain.Angajat.departamente, querySpaceUid=<gen:0>, path=[domain.Angajat.departamente])
          - (collection element) CollectionFetchableElementEntityGraph(entity=domain.Departament, querySpaceUid=<gen:1>, path=[domain.Angajat.departamente].<elements>)
    - QuerySpaces
       - CollectionQuerySpaceImpl(uid=<gen:0>, collection=domain.Angajat.departamente)
          - SQL table alias mapping - departamen0_
          - alias suffix - 0_
          - suffixed key columns - {id_angaj1_1_0_}
          - entity-element alias suffix - 1_
          - 1_entity-element suffixed key columns - id1_4_1_
          - JOIN (JoinDefinedByMetadata(elements)) : <gen:0> -> <gen:1>
             - EntityQuerySpaceImpl(uid=<gen:1>, entity=domain.Departament)
                - SQL table alias mapping - departamen1_
                - alias suffix - 1_
                - suffixed key columns - {id1_4_1_}

21:22:58.666 [Test worker] DEBUG org.hibernate.loader.collection.plan.CollectionLoader - Static select for collection domain.Angajat.departamente: select departamen0_.id_angajat as id_angaj1_1_0_, departamen0_.id_departament as id_depar2_1_0_, departamen1_.id as id1_4_1_, departamen1_.id_director as id_direc2_4_1_ from angajati_departamente departamen0_ inner join departamente departamen1_ on departamen0_.id_departament=departamen1_.id where departamen0_.id_angajat=?
21:22:58.666 [Test worker] INFO org.hibernate.orm.connections.access - HHH10001501: Connection obtained from JdbcConnectionAccess [org.hibernate.engine.jdbc.env.internal.JdbcEnvironmentInitiator$ConnectionProviderJdbcConnectionAccess@5fb968e4] for (non-JTA) DDL execution was not in auto-commit mode; the Connection 'local transaction' will be committed and the Connection will be set into auto-commit mode.
21:22:58.666 [Test worker] DEBUG org.hibernate.mapping.Table - No alter strings for table : angajati
21:22:58.666 [Test worker] DEBUG org.hibernate.mapping.Table - No alter strings for table : angajati_departamente
21:22:58.666 [Test worker] DEBUG org.hibernate.mapping.Table - No alter strings for table : angajati_proiecte
21:22:58.666 [Test worker] DEBUG org.hibernate.mapping.Table - No alter strings for table : concedii
21:22:58.666 [Test worker] DEBUG org.hibernate.mapping.Table - No alter strings for table : departamente
21:22:58.666 [Test worker] DEBUG org.hibernate.mapping.Table - No alter strings for table : functii
21:22:58.666 [Test worker] DEBUG org.hibernate.mapping.Table - No alter strings for table : proiecte
21:22:58.666 [Test worker] DEBUG org.hibernate.query.spi.NamedQueryRepository - Checking 0 named HQL queries
21:22:58.666 [Test worker] DEBUG org.hibernate.query.spi.NamedQueryRepository - Checking 0 named SQL queries
21:22:58.666 [Test worker] DEBUG org.hibernate.internal.SessionFactoryRegistry - Registering SessionFactory: 12f0aae4-0750-4cfc-9a9d-c7fc32f5f5e7 (<unnamed>)
21:22:58.666 [Test worker] DEBUG org.hibernate.internal.SessionFactoryRegistry - Not binding SessionFactory to JNDI, no JNDI name configured
21:22:58.682 [Test worker] DEBUG org.hibernate.integrator.internal.IntegratorServiceImpl - Adding Integrator [org.hibernate.cfg.beanvalidation.BeanValidationIntegrator].
21:22:58.682 [Test worker] DEBUG org.hibernate.integrator.internal.IntegratorServiceImpl - Adding Integrator [org.hibernate.secure.spi.JaccIntegrator].
21:22:58.682 [Test worker] DEBUG org.hibernate.integrator.internal.IntegratorServiceImpl - Adding Integrator [org.hibernate.cache.internal.CollectionCacheInvalidator].
21:22:58.682 [Test worker] DEBUG org.hibernate.boot.jaxb.internal.stax.LocalXmlResourceResolver - Interpreting public/system identifier : [-//Hibernate/Hibernate Configuration DTD 3.0//EN] - [http://hibernate.org/dtd/hibernate-configuration-3.0.dtd]
21:22:58.713 [Test worker] DEBUG org.hibernate.boot.cfgxml.internal.JaxbCfgProcessor - cfg.xml document did not define namespaces; wrapping in custom event reader to introduce namespace information
21:22:58.713 [Test worker] DEBUG org.hibernate.service.spi.ServiceBinding - Overriding existing service binding [org.hibernate.secure.spi.JaccService]
21:22:58.713 [Test worker] DEBUG org.hibernate.cache.internal.RegionFactoryInitiator - Cannot default RegionFactory based on registered strategies as `[]` RegionFactory strategies were registered
21:22:58.713 [Test worker] DEBUG org.hibernate.cache.internal.RegionFactoryInitiator - Cache region factory : org.hibernate.cache.internal.NoCachingRegionFactory
21:22:58.713 [Test worker] DEBUG org.hibernate.type.BasicTypeRegistry - Adding type registration boolean -> org.hibernate.type.BooleanType@121b529f
21:22:58.713 [Test worker] DEBUG org.hibernate.type.BasicTypeRegistry - Adding type registration boolean -> org.hibernate.type.BooleanType@121b529f
21:22:58.713 [Test worker] DEBUG org.hibernate.type.BasicTypeRegistry - Adding type registration java.lang.Boolean -> org.hibernate.type.BooleanType@121b529f
21:22:58.713 [Test worker] DEBUG org.hibernate.type.BasicTypeRegistry - Adding type registration numeric_boolean -> org.hibernate.type.NumericBooleanType@7dc81433
21:22:58.713 [Test worker] DEBUG org.hibernate.type.BasicTypeRegistry - Adding type registration true_false -> org.hibernate.type.TrueFalseType@60c371da
21:22:58.713 [Test worker] DEBUG org.hibernate.type.BasicTypeRegistry - Adding type registration yes_no -> org.hibernate.type.YesNoType@51ef89fc
21:22:58.713 [Test worker] DEBUG org.hibernate.type.BasicTypeRegistry - Adding type registration byte -> org.hibernate.type.ByteType@1502feca
21:22:58.713 [Test worker] DEBUG org.hibernate.type.BasicTypeRegistry - Adding type registration byte -> org.hibernate.type.ByteType@1502feca
21:22:58.713 [Test worker] DEBUG org.hibernate.type.BasicTypeRegistry - Adding type registration java.lang.Byte -> org.hibernate.type.ByteType@1502feca
21:22:58.713 [Test worker] DEBUG org.hibernate.type.BasicTypeRegistry - Adding type registration character -> org.hibernate.type.CharacterType@5aca38b4
21:22:58.713 [Test worker] DEBUG org.hibernate.type.BasicTypeRegistry - Adding type registration char -> org.hibernate.type.CharacterType@5aca38b4
21:22:58.713 [Test worker] DEBUG org.hibernate.type.BasicTypeRegistry - Adding type registration java.lang.Character -> org.hibernate.type.CharacterType@5aca38b4
21:22:58.713 [Test worker] DEBUG org.hibernate.type.BasicTypeRegistry - Adding type registration short -> org.hibernate.type.ShortType@212db0b9
21:22:58.713 [Test worker] DEBUG org.hibernate.type.BasicTypeRegistry - Adding type registration short -> org.hibernate.type.ShortType@212db0b9
21:22:58.713 [Test worker] DEBUG org.hibernate.type.BasicTypeRegistry - Adding type registration java.lang.Short -> org.hibernate.type.ShortType@212db0b9
21:22:58.713 [Test worker] DEBUG org.hibernate.type.BasicTypeRegistry - Adding type registration integer -> org.hibernate.type.IntegerType@14f541d2
21:22:58.713 [Test worker] DEBUG org.hibernate.type.BasicTypeRegistry - Adding type registration int -> org.hibernate.type.IntegerType@14f541d2
21:22:58.713 [Test worker] DEBUG org.hibernate.type.BasicTypeRegistry - Adding type registration java.lang.Integer -> org.hibernate.type.IntegerType@14f541d2
21:22:58.713 [Test worker] DEBUG org.hibernate.type.BasicTypeRegistry - Adding type registration long -> org.hibernate.type.LongType@357c5fef
21:22:58.713 [Test worker] DEBUG org.hibernate.type.BasicTypeRegistry - Adding type registration long -> org.hibernate.type.LongType@357c5fef
21:22:58.713 [Test worker] DEBUG org.hibernate.type.BasicTypeRegistry - Adding type registration java.lang.Long -> org.hibernate.type.LongType@357c5fef
21:22:58.713 [Test worker] DEBUG org.hibernate.type.BasicTypeRegistry - Adding type registration float -> org.hibernate.type.FloatType@68835e55
21:22:58.713 [Test worker] DEBUG org.hibernate.type.BasicTypeRegistry - Adding type registration float -> org.hibernate.type.FloatType@68835e55
21:22:58.713 [Test worker] DEBUG org.hibernate.type.BasicTypeRegistry - Adding type registration java.lang.Float -> org.hibernate.type.FloatType@68835e55
21:22:58.713 [Test worker] DEBUG org.hibernate.type.BasicTypeRegistry - Adding type registration double -> org.hibernate.type.DoubleType@1db8c4bf
21:22:58.729 [Test worker] DEBUG org.hibernate.type.BasicTypeRegistry - Adding type registration double -> org.hibernate.type.DoubleType@1db8c4bf
21:22:58.729 [Test worker] DEBUG org.hibernate.type.BasicTypeRegistry - Adding type registration java.lang.Double -> org.hibernate.type.DoubleType@1db8c4bf
21:22:58.729 [Test worker] DEBUG org.hibernate.type.BasicTypeRegistry - Adding type registration big_decimal -> org.hibernate.type.BigDecimalType@2bd9f5a7
21:22:58.729 [Test worker] DEBUG org.hibernate.type.BasicTypeRegistry - Adding type registration java.math.BigDecimal -> org.hibernate.type.BigDecimalType@2bd9f5a7
21:22:58.729 [Test worker] DEBUG org.hibernate.type.BasicTypeRegistry - Adding type registration big_integer -> org.hibernate.type.BigIntegerType@67766712
21:22:58.729 [Test worker] DEBUG org.hibernate.type.BasicTypeRegistry - Adding type registration java.math.BigInteger -> org.hibernate.type.BigIntegerType@67766712
21:22:58.729 [Test worker] DEBUG org.hibernate.type.BasicTypeRegistry - Adding type registration string -> org.hibernate.type.StringType@5abe721f
21:22:58.729 [Test worker] DEBUG org.hibernate.type.BasicTypeRegistry - Adding type registration java.lang.String -> org.hibernate.type.StringType@5abe721f
21:22:58.729 [Test worker] DEBUG org.hibernate.type.BasicTypeRegistry - Adding type registration nstring -> org.hibernate.type.StringNVarcharType@5ca83c4b
21:22:58.729 [Test worker] DEBUG org.hibernate.type.BasicTypeRegistry - Adding type registration ncharacter -> org.hibernate.type.CharacterNCharType@181579aa
21:22:58.729 [Test worker] DEBUG org.hibernate.type.BasicTypeRegistry - Adding type registration url -> org.hibernate.type.UrlType@2d95e7ff
21:22:58.729 [Test worker] DEBUG org.hibernate.type.BasicTypeRegistry - Adding type registration java.net.URL -> org.hibernate.type.UrlType@2d95e7ff
21:22:58.729 [Test worker] DEBUG org.hibernate.type.BasicTypeRegistry - Adding type registration Duration -> org.hibernate.type.DurationType@1f6d6ec5
21:22:58.729 [Test worker] DEBUG org.hibernate.type.BasicTypeRegistry - Adding type registration java.time.Duration -> org.hibernate.type.DurationType@1f6d6ec5
21:22:58.729 [Test worker] DEBUG org.hibernate.type.BasicTypeRegistry - Adding type registration Instant -> org.hibernate.type.InstantType@799b3880
21:22:58.729 [Test worker] DEBUG org.hibernate.type.BasicTypeRegistry - Adding type registration java.time.Instant -> org.hibernate.type.InstantType@799b3880
21:22:58.729 [Test worker] DEBUG org.hibernate.type.BasicTypeRegistry - Adding type registration LocalDateTime -> org.hibernate.type.LocalDateTimeType@3c9b7dcd
21:22:58.729 [Test worker] DEBUG org.hibernate.type.BasicTypeRegistry - Adding type registration java.time.LocalDateTime -> org.hibernate.type.LocalDateTimeType@3c9b7dcd
21:22:58.729 [Test worker] DEBUG org.hibernate.type.BasicTypeRegistry - Adding type registration LocalDate -> org.hibernate.type.LocalDateType@73b9d317
21:22:58.729 [Test worker] DEBUG org.hibernate.type.BasicTypeRegistry - Adding type registration java.time.LocalDate -> org.hibernate.type.LocalDateType@73b9d317
21:22:58.729 [Test worker] DEBUG org.hibernate.type.BasicTypeRegistry - Adding type registration LocalTime -> org.hibernate.type.LocalTimeType@3e938176
21:22:58.729 [Test worker] DEBUG org.hibernate.type.BasicTypeRegistry - Adding type registration java.time.LocalTime -> org.hibernate.type.LocalTimeType@3e938176
21:22:58.729 [Test worker] DEBUG org.hibernate.type.BasicTypeRegistry - Adding type registration OffsetDateTime -> org.hibernate.type.OffsetDateTimeType@1006f6a5
21:22:58.729 [Test worker] DEBUG org.hibernate.type.BasicTypeRegistry - Adding type registration java.time.OffsetDateTime -> org.hibernate.type.OffsetDateTimeType@1006f6a5
21:22:58.729 [Test worker] DEBUG org.hibernate.type.BasicTypeRegistry - Adding type registration OffsetTime -> org.hibernate.type.OffsetTimeType@5ebf30b8
21:22:58.729 [Test worker] DEBUG org.hibernate.type.BasicTypeRegistry - Adding type registration java.time.OffsetTime -> org.hibernate.type.OffsetTimeType@5ebf30b8
21:22:58.729 [Test worker] DEBUG org.hibernate.type.BasicTypeRegistry - Adding type registration ZonedDateTime -> org.hibernate.type.ZonedDateTimeType@5ecdce3a
21:22:58.729 [Test worker] DEBUG org.hibernate.type.BasicTypeRegistry - Adding type registration java.time.ZonedDateTime -> org.hibernate.type.ZonedDateTimeType@5ecdce3a
21:22:58.729 [Test worker] DEBUG org.hibernate.type.BasicTypeRegistry - Adding type registration date -> org.hibernate.type.DateType@34878a9c
21:22:58.729 [Test worker] DEBUG org.hibernate.type.BasicTypeRegistry - Adding type registration java.sql.Date -> org.hibernate.type.DateType@34878a9c
21:22:58.729 [Test worker] DEBUG org.hibernate.type.BasicTypeRegistry - Adding type registration time -> org.hibernate.type.TimeType@4be75fc9
21:22:58.729 [Test worker] DEBUG org.hibernate.type.BasicTypeRegistry - Adding type registration java.sql.Time -> org.hibernate.type.TimeType@4be75fc9
21:22:58.729 [Test worker] DEBUG org.hibernate.type.BasicTypeRegistry - Adding type registration timestamp -> org.hibernate.type.TimestampType@cd6dcfb
21:22:58.729 [Test worker] DEBUG org.hibernate.type.BasicTypeRegistry - Adding type registration java.sql.Timestamp -> org.hibernate.type.TimestampType@cd6dcfb
21:22:58.729 [Test worker] DEBUG org.hibernate.type.BasicTypeRegistry - Adding type registration java.util.Date -> org.hibernate.type.TimestampType@cd6dcfb
21:22:58.729 [Test worker] DEBUG org.hibernate.type.BasicTypeRegistry - Adding type registration dbtimestamp -> org.hibernate.type.DbTimestampType@6f70db50
21:22:58.729 [Test worker] DEBUG org.hibernate.type.BasicTypeRegistry - Adding type registration calendar -> org.hibernate.type.CalendarType@232580e4
21:22:58.729 [Test worker] DEBUG org.hibernate.type.BasicTypeRegistry - Adding type registration java.util.Calendar -> org.hibernate.type.CalendarType@232580e4
21:22:58.729 [Test worker] DEBUG org.hibernate.type.BasicTypeRegistry - Adding type registration java.util.GregorianCalendar -> org.hibernate.type.CalendarType@232580e4
21:22:58.729 [Test worker] DEBUG org.hibernate.type.BasicTypeRegistry - Adding type registration calendar_date -> org.hibernate.type.CalendarDateType@2d226c99
21:22:58.729 [Test worker] DEBUG org.hibernate.type.BasicTypeRegistry - Adding type registration calendar_time -> org.hibernate.type.CalendarTimeType@5f0ca092
21:22:58.729 [Test worker] DEBUG org.hibernate.type.BasicTypeRegistry - Adding type registration locale -> org.hibernate.type.LocaleType@2e7d6fc7
21:22:58.729 [Test worker] DEBUG org.hibernate.type.BasicTypeRegistry - Adding type registration java.util.Locale -> org.hibernate.type.LocaleType@2e7d6fc7
21:22:58.729 [Test worker] DEBUG org.hibernate.type.BasicTypeRegistry - Adding type registration currency -> org.hibernate.type.CurrencyType@298b5abb
21:22:58.729 [Test worker] DEBUG org.hibernate.type.BasicTypeRegistry - Adding type registration java.util.Currency -> org.hibernate.type.CurrencyType@298b5abb
21:22:58.729 [Test worker] DEBUG org.hibernate.type.BasicTypeRegistry - Adding type registration timezone -> org.hibernate.type.TimeZoneType@6a7223ce
21:22:58.729 [Test worker] DEBUG org.hibernate.type.BasicTypeRegistry - Adding type registration java.util.TimeZone -> org.hibernate.type.TimeZoneType@6a7223ce
21:22:58.729 [Test worker] DEBUG org.hibernate.type.BasicTypeRegistry - Adding type registration class -> org.hibernate.type.ClassType@17c86e61
21:22:58.729 [Test worker] DEBUG org.hibernate.type.BasicTypeRegistry - Adding type registration java.lang.Class -> org.hibernate.type.ClassType@17c86e61
21:22:58.729 [Test worker] DEBUG org.hibernate.type.BasicTypeRegistry - Adding type registration uuid-binary -> org.hibernate.type.UUIDBinaryType@165a29f7
21:22:58.729 [Test worker] DEBUG org.hibernate.type.BasicTypeRegistry - Adding type registration java.util.UUID -> org.hibernate.type.UUIDBinaryType@165a29f7
21:22:58.729 [Test worker] DEBUG org.hibernate.type.BasicTypeRegistry - Adding type registration uuid-char -> org.hibernate.type.UUIDCharType@57061eb5
21:22:58.729 [Test worker] DEBUG org.hibernate.type.BasicTypeRegistry - Adding type registration binary -> org.hibernate.type.BinaryType@377a3a57
21:22:58.729 [Test worker] DEBUG org.hibernate.type.BasicTypeRegistry - Adding type registration byte[] -> org.hibernate.type.BinaryType@377a3a57
21:22:58.729 [Test worker] DEBUG org.hibernate.type.BasicTypeRegistry - Adding type registration [B -> org.hibernate.type.BinaryType@377a3a57
21:22:58.729 [Test worker] DEBUG org.hibernate.type.BasicTypeRegistry - Adding type registration wrapper-binary -> org.hibernate.type.WrapperBinaryType@15236686
21:22:58.729 [Test worker] DEBUG org.hibernate.type.BasicTypeRegistry - Adding type registration Byte[] -> org.hibernate.type.WrapperBinaryType@15236686
21:22:58.729 [Test worker] DEBUG org.hibernate.type.BasicTypeRegistry - Adding type registration [Ljava.lang.Byte; -> org.hibernate.type.WrapperBinaryType@15236686
21:22:58.729 [Test worker] DEBUG org.hibernate.type.BasicTypeRegistry - Adding type registration row_version -> org.hibernate.type.RowVersionType@480544d3
21:22:58.729 [Test worker] DEBUG org.hibernate.type.BasicTypeRegistry - Adding type registration image -> org.hibernate.type.ImageType@a74733d
21:22:58.729 [Test worker] DEBUG org.hibernate.type.BasicTypeRegistry - Adding type registration characters -> org.hibernate.type.CharArrayType@10b707f8
21:22:58.729 [Test worker] DEBUG org.hibernate.type.BasicTypeRegistry - Adding type registration char[] -> org.hibernate.type.CharArrayType@10b707f8
21:22:58.729 [Test worker] DEBUG org.hibernate.type.BasicTypeRegistry - Adding type registration [C -> org.hibernate.type.CharArrayType@10b707f8
21:22:58.729 [Test worker] DEBUG org.hibernate.type.BasicTypeRegistry - Adding type registration wrapper-characters -> org.hibernate.type.CharacterArrayType@7586a107
21:22:58.729 [Test worker] DEBUG org.hibernate.type.BasicTypeRegistry - Adding type registration [Ljava.lang.Character; -> org.hibernate.type.CharacterArrayType@7586a107
21:22:58.729 [Test worker] DEBUG org.hibernate.type.BasicTypeRegistry - Adding type registration Character[] -> org.hibernate.type.CharacterArrayType@7586a107
21:22:58.729 [Test worker] DEBUG org.hibernate.type.BasicTypeRegistry - Adding type registration text -> org.hibernate.type.TextType@28e7117
21:22:58.729 [Test worker] DEBUG org.hibernate.type.BasicTypeRegistry - Adding type registration ntext -> org.hibernate.type.NTextType@4fe7c4b8
21:22:58.729 [Test worker] DEBUG org.hibernate.type.BasicTypeRegistry - Adding type registration blob -> org.hibernate.type.BlobType@69ff7971
21:22:58.729 [Test worker] DEBUG org.hibernate.type.BasicTypeRegistry - Adding type registration java.sql.Blob -> org.hibernate.type.BlobType@69ff7971
21:22:58.729 [Test worker] DEBUG org.hibernate.type.BasicTypeRegistry - Adding type registration materialized_blob -> org.hibernate.type.MaterializedBlobType@29a6bbfa
21:22:58.729 [Test worker] DEBUG org.hibernate.type.BasicTypeRegistry - Adding type registration clob -> org.hibernate.type.ClobType@6243fc09
21:22:58.729 [Test worker] DEBUG org.hibernate.type.BasicTypeRegistry - Adding type registration java.sql.Clob -> org.hibernate.type.ClobType@6243fc09
21:22:58.729 [Test worker] DEBUG org.hibernate.type.BasicTypeRegistry - Adding type registration nclob -> org.hibernate.type.NClobType@7a0e9fb4
21:22:58.729 [Test worker] DEBUG org.hibernate.type.BasicTypeRegistry - Adding type registration java.sql.NClob -> org.hibernate.type.NClobType@7a0e9fb4
21:22:58.729 [Test worker] DEBUG org.hibernate.type.BasicTypeRegistry - Adding type registration materialized_clob -> org.hibernate.type.MaterializedClobType@5568af29
21:22:58.729 [Test worker] DEBUG org.hibernate.type.BasicTypeRegistry - Adding type registration materialized_nclob -> org.hibernate.type.MaterializedNClobType@43589365
21:22:58.729 [Test worker] DEBUG org.hibernate.type.BasicTypeRegistry - Adding type registration serializable -> org.hibernate.type.SerializableType@49b714f8
21:22:58.729 [Test worker] DEBUG org.hibernate.type.BasicTypeRegistry - Adding type registration object -> org.hibernate.type.ObjectType@4b6f241f
21:22:58.729 [Test worker] DEBUG org.hibernate.type.BasicTypeRegistry - Adding type registration java.lang.Object -> org.hibernate.type.ObjectType@4b6f241f
21:22:58.729 [Test worker] DEBUG org.hibernate.type.BasicTypeRegistry - Adding type registration imm_date -> org.hibernate.type.AdaptedImmutableType@5a302c1d
21:22:58.729 [Test worker] DEBUG org.hibernate.type.BasicTypeRegistry - Adding type registration imm_time -> org.hibernate.type.AdaptedImmutableType@7f299b10
21:22:58.729 [Test worker] DEBUG org.hibernate.type.BasicTypeRegistry - Adding type registration imm_timestamp -> org.hibernate.type.AdaptedImmutableType@24e13347
21:22:58.729 [Test worker] DEBUG org.hibernate.type.BasicTypeRegistry - Adding type registration imm_dbtimestamp -> org.hibernate.type.AdaptedImmutableType@6d522a9a
21:22:58.729 [Test worker] DEBUG org.hibernate.type.BasicTypeRegistry - Adding type registration imm_calendar -> org.hibernate.type.AdaptedImmutableType@36d9a3e9
21:22:58.729 [Test worker] DEBUG org.hibernate.type.BasicTypeRegistry - Adding type registration imm_calendar_date -> org.hibernate.type.AdaptedImmutableType@51b4f39
21:22:58.729 [Test worker] DEBUG org.hibernate.type.BasicTypeRegistry - Adding type registration imm_binary -> org.hibernate.type.AdaptedImmutableType@28cd3fd6
21:22:58.729 [Test worker] DEBUG org.hibernate.type.BasicTypeRegistry - Adding type registration imm_serializable -> org.hibernate.type.AdaptedImmutableType@54b7d6af
21:22:58.729 [Test worker] DEBUG org.hibernate.id.factory.internal.DefaultIdentifierGeneratorFactory - Registering IdentifierGenerator strategy [uuid2] -> [org.hibernate.id.UUIDGenerator]
21:22:58.729 [Test worker] DEBUG org.hibernate.id.factory.internal.DefaultIdentifierGeneratorFactory - Registering IdentifierGenerator strategy [guid] -> [org.hibernate.id.GUIDGenerator]
21:22:58.729 [Test worker] DEBUG org.hibernate.id.factory.internal.DefaultIdentifierGeneratorFactory - Registering IdentifierGenerator strategy [uuid] -> [org.hibernate.id.UUIDHexGenerator]
21:22:58.729 [Test worker] DEBUG org.hibernate.id.factory.internal.DefaultIdentifierGeneratorFactory - Registering IdentifierGenerator strategy [uuid.hex] -> [org.hibernate.id.UUIDHexGenerator]
21:22:58.729 [Test worker] DEBUG org.hibernate.id.factory.internal.DefaultIdentifierGeneratorFactory - Registering IdentifierGenerator strategy [assigned] -> [org.hibernate.id.Assigned]
21:22:58.729 [Test worker] DEBUG org.hibernate.id.factory.internal.DefaultIdentifierGeneratorFactory - Registering IdentifierGenerator strategy [identity] -> [org.hibernate.id.IdentityGenerator]
21:22:58.729 [Test worker] DEBUG org.hibernate.id.factory.internal.DefaultIdentifierGeneratorFactory - Registering IdentifierGenerator strategy [select] -> [org.hibernate.id.SelectGenerator]
21:22:58.729 [Test worker] DEBUG org.hibernate.id.factory.internal.DefaultIdentifierGeneratorFactory - Registering IdentifierGenerator strategy [sequence] -> [org.hibernate.id.enhanced.SequenceStyleGenerator]
21:22:58.729 [Test worker] DEBUG org.hibernate.id.factory.internal.DefaultIdentifierGeneratorFactory - Registering IdentifierGenerator strategy [seqhilo] -> [org.hibernate.id.SequenceHiLoGenerator]
21:22:58.729 [Test worker] DEBUG org.hibernate.id.factory.internal.DefaultIdentifierGeneratorFactory - Registering IdentifierGenerator strategy [increment] -> [org.hibernate.id.IncrementGenerator]
21:22:58.729 [Test worker] DEBUG org.hibernate.id.factory.internal.DefaultIdentifierGeneratorFactory - Registering IdentifierGenerator strategy [foreign] -> [org.hibernate.id.ForeignGenerator]
21:22:58.729 [Test worker] DEBUG org.hibernate.id.factory.internal.DefaultIdentifierGeneratorFactory - Registering IdentifierGenerator strategy [sequence-identity] -> [org.hibernate.id.SequenceIdentityGenerator]
21:22:58.729 [Test worker] DEBUG org.hibernate.id.factory.internal.DefaultIdentifierGeneratorFactory - Registering IdentifierGenerator strategy [enhanced-sequence] -> [org.hibernate.id.enhanced.SequenceStyleGenerator]
21:22:58.729 [Test worker] DEBUG org.hibernate.id.factory.internal.DefaultIdentifierGeneratorFactory - Registering IdentifierGenerator strategy [enhanced-table] -> [org.hibernate.id.enhanced.TableGenerator]
21:22:58.729 [Test worker] WARN org.hibernate.orm.connections.pooling - HHH10001002: Using Hibernate built-in connection pool (not for production use!)
21:22:58.729 [Test worker] INFO org.hibernate.orm.connections.pooling - HHH10001005: using driver [org.sqlite.JDBC] at URL [jdbc:sqlite:D:\Facultate\Projects\OrganizareCompanie\database]
21:22:58.729 [Test worker] INFO org.hibernate.orm.connections.pooling - HHH10001001: Connection properties: {password=root, user=root}
21:22:58.729 [Test worker] INFO org.hibernate.orm.connections.pooling - HHH10001003: Autocommit mode: false
21:22:58.729 [Test worker] DEBUG org.hibernate.engine.jdbc.connections.internal.DriverManagerConnectionProviderImpl - Initializing Connection pool with 1 Connections
21:22:58.729 [Test worker] INFO org.hibernate.engine.jdbc.connections.internal.DriverManagerConnectionProviderImpl - HHH000115: Hibernate connection pool size: 1 (min=1)
21:22:58.729 [Test worker] DEBUG org.hibernate.engine.jdbc.env.internal.JdbcEnvironmentInitiator - Database ->
       name : SQLite
    version : 3.34.0
      major : 3
      minor : 34
21:22:58.729 [Test worker] DEBUG org.hibernate.engine.jdbc.env.internal.JdbcEnvironmentInitiator - Driver ->
       name : SQLite JDBC
    version : 3.34.0
      major : 3
      minor : 34
21:22:58.729 [Test worker] DEBUG org.hibernate.engine.jdbc.env.internal.JdbcEnvironmentInitiator - JDBC version : 2.1
21:22:58.729 [Test worker] INFO org.hibernate.dialect.Dialect - HHH000400: Using dialect: utils.SQLiteDialect
21:22:58.729 [Test worker] DEBUG org.hibernate.engine.jdbc.env.spi.IdentifierHelperBuilder - JDBC driver metadata reported database stores quoted identifiers in neither upper, lower nor mixed case
21:22:58.729 [Test worker] DEBUG org.hibernate.engine.jdbc.env.spi.IdentifierHelperBuilder - IdentifierCaseStrategy for both quoted and unquoted identifiers was set to the same strategy [MIXED]; that will likely lead to problems in schema update and validation if using quoted identifiers
21:22:58.729 [Test worker] DEBUG org.hibernate.engine.jdbc.env.internal.LobCreatorBuilderImpl - HHH000423: Disabling contextual LOB creation as JDBC driver reported JDBC version [2] less than 4
21:22:58.729 [Test worker] DEBUG org.hibernate.boot.model.relational.Namespace - Created database namespace [logicalName=Name{catalog=null, schema=null}, physicalName=Name{catalog=null, schema=null}]
21:22:58.729 [Test worker] DEBUG org.hibernate.type.descriptor.java.JavaTypeDescriptorRegistry - JavaTypeDescriptorRegistry entry replaced : class java.time.Duration -> org.hibernate.type.descriptor.java.DurationJavaDescriptor@484b819 (was org.hibernate.type.descriptor.java.DurationJavaDescriptor@484b819)
21:22:58.729 [Test worker] DEBUG org.hibernate.type.descriptor.java.JavaTypeDescriptorRegistry - JavaTypeDescriptorRegistry entry replaced : class java.time.Instant -> org.hibernate.type.descriptor.java.InstantJavaDescriptor@7a6a60d2 (was org.hibernate.type.descriptor.java.InstantJavaDescriptor@7a6a60d2)
21:22:58.729 [Test worker] DEBUG org.hibernate.type.descriptor.java.JavaTypeDescriptorRegistry - JavaTypeDescriptorRegistry entry replaced : class java.time.LocalDate -> org.hibernate.type.descriptor.java.LocalDateJavaDescriptor@7ac3817d (was org.hibernate.type.descriptor.java.LocalDateJavaDescriptor@7ac3817d)
21:22:58.729 [Test worker] DEBUG org.hibernate.type.descriptor.java.JavaTypeDescriptorRegistry - JavaTypeDescriptorRegistry entry replaced : class java.time.LocalDateTime -> org.hibernate.type.descriptor.java.LocalDateTimeJavaDescriptor@616d0e6e (was org.hibernate.type.descriptor.java.LocalDateTimeJavaDescriptor@616d0e6e)
21:22:58.729 [Test worker] DEBUG org.hibernate.type.descriptor.java.JavaTypeDescriptorRegistry - JavaTypeDescriptorRegistry entry replaced : class java.time.OffsetDateTime -> org.hibernate.type.descriptor.java.OffsetDateTimeJavaDescriptor@4008262a (was org.hibernate.type.descriptor.java.OffsetDateTimeJavaDescriptor@4008262a)
21:22:58.729 [Test worker] DEBUG org.hibernate.type.descriptor.java.JavaTypeDescriptorRegistry - JavaTypeDescriptorRegistry entry replaced : class java.time.OffsetTime -> org.hibernate.type.descriptor.java.OffsetTimeJavaDescriptor@69cda209 (was org.hibernate.type.descriptor.java.OffsetTimeJavaDescriptor@69cda209)
21:22:58.729 [Test worker] DEBUG org.hibernate.type.descriptor.java.JavaTypeDescriptorRegistry - JavaTypeDescriptorRegistry entry replaced : class java.time.ZonedDateTime -> org.hibernate.type.descriptor.java.ZonedDateTimeJavaDescriptor@f630e24 (was org.hibernate.type.descriptor.java.ZonedDateTimeJavaDescriptor@f630e24)
21:22:58.729 [Test worker] DEBUG org.hibernate.type.BasicTypeRegistry - Adding type registration Duration -> org.hibernate.type.DurationType@1f6d6ec5
21:22:58.729 [Test worker] DEBUG org.hibernate.type.BasicTypeRegistry - Adding type registration java.time.Duration -> org.hibernate.type.DurationType@1f6d6ec5
21:22:58.729 [Test worker] DEBUG org.hibernate.type.BasicTypeRegistry - Adding type registration Instant -> org.hibernate.type.InstantType@799b3880
21:22:58.729 [Test worker] DEBUG org.hibernate.type.BasicTypeRegistry - Adding type registration java.time.Instant -> org.hibernate.type.InstantType@799b3880
21:22:58.729 [Test worker] DEBUG org.hibernate.type.BasicTypeRegistry - Adding type registration LocalDateTime -> org.hibernate.type.LocalDateTimeType@3c9b7dcd
21:22:58.729 [Test worker] DEBUG org.hibernate.type.BasicTypeRegistry - Adding type registration java.time.LocalDateTime -> org.hibernate.type.LocalDateTimeType@3c9b7dcd
21:22:58.729 [Test worker] DEBUG org.hibernate.type.BasicTypeRegistry - Adding type registration LocalDate -> org.hibernate.type.LocalDateType@73b9d317
21:22:58.729 [Test worker] DEBUG org.hibernate.type.BasicTypeRegistry - Adding type registration java.time.LocalDate -> org.hibernate.type.LocalDateType@73b9d317
21:22:58.729 [Test worker] DEBUG org.hibernate.type.BasicTypeRegistry - Adding type registration LocalTime -> org.hibernate.type.LocalTimeType@3e938176
21:22:58.729 [Test worker] DEBUG org.hibernate.type.BasicTypeRegistry - Adding type registration java.time.LocalTime -> org.hibernate.type.LocalTimeType@3e938176
21:22:58.729 [Test worker] DEBUG org.hibernate.type.BasicTypeRegistry - Adding type registration OffsetDateTime -> org.hibernate.type.OffsetDateTimeType@1006f6a5
21:22:58.729 [Test worker] DEBUG org.hibernate.type.BasicTypeRegistry - Adding type registration java.time.OffsetDateTime -> org.hibernate.type.OffsetDateTimeType@1006f6a5
21:22:58.729 [Test worker] DEBUG org.hibernate.type.BasicTypeRegistry - Adding type registration OffsetTime -> org.hibernate.type.OffsetTimeType@5ebf30b8
21:22:58.729 [Test worker] DEBUG org.hibernate.type.BasicTypeRegistry - Adding type registration java.time.OffsetTime -> org.hibernate.type.OffsetTimeType@5ebf30b8
21:22:58.729 [Test worker] DEBUG org.hibernate.type.BasicTypeRegistry - Adding type registration ZonedDateTime -> org.hibernate.type.ZonedDateTimeType@5ecdce3a
21:22:58.729 [Test worker] DEBUG org.hibernate.type.BasicTypeRegistry - Adding type registration java.time.ZonedDateTime -> org.hibernate.type.ZonedDateTimeType@5ecdce3a
21:22:58.729 [Test worker] DEBUG org.hibernate.type.spi.TypeConfiguration$Scope - Scoping TypeConfiguration [org.hibernate.type.spi.TypeConfiguration@2eefa991] to MetadataBuildingContext [org.hibernate.boot.internal.MetadataBuildingContextRootImpl@2a10fd4a]
21:22:58.729 [Test worker] DEBUG org.hibernate.cfg.AnnotationBinder - Binding entity from annotated class: domain.Angajat
21:22:58.729 [Test worker] DEBUG org.hibernate.cfg.Ejb3Column - Binding column: Ejb3DiscriminatorColumn{logicalColumnName'DTYPE', discriminatorTypeName='string'}
21:22:58.729 [Test worker] DEBUG org.hibernate.cfg.annotations.EntityBinder - Import with entity name Angajat
21:22:58.729 [Test worker] DEBUG org.hibernate.cfg.annotations.EntityBinder - Bind entity domain.Angajat on table angajati
21:22:58.729 [Test worker] DEBUG org.hibernate.cfg.Ejb3Column - Binding column: Ejb3Column{table=org.hibernate.mapping.Table(angajati), mappingColumn=id, insertable=true, updatable=true, unique=false}
21:22:58.729 [Test worker] DEBUG org.hibernate.boot.internal.ClassLoaderAccessImpl - Not known whether passed class name [domain.Angajat] is safe
21:22:58.729 [Test worker] DEBUG org.hibernate.boot.internal.ClassLoaderAccessImpl - No temp ClassLoader provided; using live ClassLoader for loading potentially unsafe class : domain.Angajat
21:22:58.729 [Test worker] DEBUG org.hibernate.cfg.annotations.PropertyBinder - MetadataSourceProcessor property id with lazy=false
21:22:58.729 [Test worker] DEBUG org.hibernate.cfg.AbstractPropertyHolder - Attempting to locate auto-apply AttributeConverter for property [domain.Angajat:id]
21:22:58.729 [Test worker] DEBUG org.hibernate.cfg.annotations.SimpleValueBinder - building SimpleValue for id
21:22:58.729 [Test worker] DEBUG org.hibernate.cfg.annotations.PropertyBinder - Building property id
21:22:58.744 [Test worker] DEBUG org.hibernate.cfg.BinderHelper - #makeIdGenerator(org.hibernate.mapping.SimpleValue([org.hibernate.mapping.Column(id)]), id, identity, , ...)
21:22:58.744 [Test worker] DEBUG org.hibernate.cfg.Ejb3Column - Binding column: Ejb3JoinColumn{logicalColumnName='null', referencedColumn='null', mappedBy='angajat'}
21:22:58.744 [Test worker] DEBUG org.hibernate.cfg.Ejb3Column - Binding column: Ejb3Column{table=org.hibernate.mapping.Table(angajati), mappingColumn=concedii, insertable=true, updatable=true, unique=false}
21:22:58.744 [Test worker] DEBUG org.hibernate.cfg.Ejb3Column - Binding column: Ejb3Column{table=org.hibernate.mapping.Table(angajati), mappingColumn=null, insertable=true, updatable=true, unique=false}
21:22:58.744 [Test worker] DEBUG org.hibernate.cfg.Ejb3Column - Binding column: Ejb3Column{table=org.hibernate.mapping.Table(angajati), mappingColumn=element, insertable=true, updatable=true, unique=false}
21:22:58.744 [Test worker] DEBUG org.hibernate.cfg.Ejb3Column - Binding column: Ejb3Column{table=org.hibernate.mapping.Table(angajati), mappingColumn=concedii_KEY, insertable=true, updatable=true, unique=false}
21:22:58.744 [Test worker] DEBUG org.hibernate.cfg.Ejb3Column - Binding column: Ejb3JoinColumn{logicalColumnName='concedii_KEY', referencedColumn='null', mappedBy='null'}
21:22:58.744 [Test worker] DEBUG org.hibernate.cfg.Ejb3Column - Binding column: Ejb3JoinColumn{logicalColumnName='null', referencedColumn='null', mappedBy='angajat'}
21:22:58.744 [Test worker] DEBUG org.hibernate.cfg.Ejb3Column - Binding column: Ejb3JoinColumn{logicalColumnName='null', referencedColumn='null', mappedBy='angajat'}
21:22:58.744 [Test worker] DEBUG org.hibernate.cfg.annotations.CollectionBinder - Collection role: domain.Angajat.concedii
21:22:58.744 [Test worker] DEBUG org.hibernate.cfg.annotations.PropertyBinder - Building property concedii
21:22:58.744 [Test worker] DEBUG org.hibernate.cfg.Ejb3Column - Binding column: Ejb3Column{table=org.hibernate.mapping.Table(angajati), mappingColumn=data_angajare, insertable=true, updatable=true, unique=false}
21:22:58.744 [Test worker] DEBUG org.hibernate.cfg.annotations.PropertyBinder - MetadataSourceProcessor property dataAngajare with lazy=false
21:22:58.744 [Test worker] DEBUG org.hibernate.cfg.AbstractPropertyHolder - Attempting to locate auto-apply AttributeConverter for property [domain.Angajat:dataAngajare]
21:22:58.744 [Test worker] DEBUG org.hibernate.cfg.annotations.SimpleValueBinder - building SimpleValue for dataAngajare
21:22:58.744 [Test worker] DEBUG org.hibernate.cfg.annotations.PropertyBinder - Building property dataAngajare
21:22:58.744 [Test worker] DEBUG org.hibernate.cfg.Ejb3Column - Binding column: Ejb3Column{table=org.hibernate.mapping.Table(angajati), mappingColumn=null, insertable=true, updatable=true, unique=false}
21:22:58.744 [Test worker] DEBUG org.hibernate.cfg.Ejb3Column - Binding column: Ejb3Column{table=org.hibernate.mapping.Table(angajati), mappingColumn=element, insertable=true, updatable=true, unique=false}
21:22:58.744 [Test worker] DEBUG org.hibernate.cfg.Ejb3Column - Binding column: Ejb3Column{table=org.hibernate.mapping.Table(angajati), mappingColumn=departamente_KEY, insertable=true, updatable=true, unique=false}
21:22:58.744 [Test worker] DEBUG org.hibernate.cfg.Ejb3Column - Binding column: Ejb3JoinColumn{logicalColumnName='departamente_KEY', referencedColumn='null', mappedBy='null'}
21:22:58.744 [Test worker] DEBUG org.hibernate.cfg.Ejb3Column - Binding column: Ejb3JoinColumn{logicalColumnName='id_angajat', referencedColumn='', mappedBy=''}
21:22:58.744 [Test worker] DEBUG org.hibernate.cfg.Ejb3Column - Binding column: Ejb3JoinColumn{logicalColumnName='id_departament', referencedColumn='', mappedBy=''}
21:22:58.744 [Test worker] DEBUG org.hibernate.cfg.annotations.CollectionBinder - Collection role: domain.Angajat.departamente
21:22:58.744 [Test worker] DEBUG org.hibernate.cfg.annotations.PropertyBinder - Building property departamente
21:22:58.744 [Test worker] DEBUG org.hibernate.cfg.Ejb3Column - Binding column: Ejb3JoinColumn{logicalColumnName='null', referencedColumn='null', mappedBy='null'}
21:22:58.744 [Test worker] DEBUG org.hibernate.cfg.Ejb3Column - Binding column: Ejb3Column{table=org.hibernate.mapping.Table(angajati), mappingColumn=functie, insertable=true, updatable=true, unique=false}
21:22:58.744 [Test worker] DEBUG org.hibernate.cfg.annotations.PropertyBinder - Building property functie
21:22:58.744 [Test worker] DEBUG org.hibernate.cfg.Ejb3Column - Binding column: Ejb3Column{table=org.hibernate.mapping.Table(angajati), mappingColumn=id_superior, insertable=true, updatable=true, unique=false}
21:22:58.744 [Test worker] DEBUG org.hibernate.cfg.annotations.PropertyBinder - MetadataSourceProcessor property idSuperior with lazy=false
21:22:58.744 [Test worker] DEBUG org.hibernate.cfg.AbstractPropertyHolder - Attempting to locate auto-apply AttributeConverter for property [domain.Angajat:idSuperior]
21:22:58.744 [Test worker] DEBUG org.hibernate.cfg.annotations.SimpleValueBinder - building SimpleValue for idSuperior
21:22:58.744 [Test worker] DEBUG org.hibernate.cfg.annotations.PropertyBinder - Building property idSuperior
21:22:58.744 [Test worker] DEBUG org.hibernate.cfg.Ejb3Column - Binding column: Ejb3Column{table=org.hibernate.mapping.Table(angajati), mappingColumn=null, insertable=true, updatable=true, unique=false}
21:22:58.744 [Test worker] DEBUG org.hibernate.cfg.Ejb3Column - Binding column: Ejb3Column{table=org.hibernate.mapping.Table(angajati), mappingColumn=element, insertable=true, updatable=true, unique=false}
21:22:58.744 [Test worker] DEBUG org.hibernate.cfg.Ejb3Column - Binding column: Ejb3Column{table=org.hibernate.mapping.Table(angajati), mappingColumn=proiecte_KEY, insertable=true, updatable=true, unique=false}
21:22:58.744 [Test worker] DEBUG org.hibernate.cfg.Ejb3Column - Binding column: Ejb3JoinColumn{logicalColumnName='proiecte_KEY', referencedColumn='null', mappedBy='null'}
21:22:58.744 [Test worker] DEBUG org.hibernate.cfg.Ejb3Column - Binding column: Ejb3JoinColumn{logicalColumnName='id_angajat', referencedColumn='', mappedBy=''}
21:22:58.744 [Test worker] DEBUG org.hibernate.cfg.Ejb3Column - Binding column: Ejb3JoinColumn{logicalColumnName='id_proiect', referencedColumn='', mappedBy=''}
21:22:58.744 [Test worker] DEBUG org.hibernate.cfg.annotations.CollectionBinder - Collection role: domain.Angajat.proiecte
21:22:58.744 [Test worker] DEBUG org.hibernate.cfg.annotations.PropertyBinder - Building property proiecte
21:22:58.744 [Test worker] DEBUG org.hibernate.cfg.AnnotationBinder - Binding entity from annotated class: domain.Concediu
21:22:58.744 [Test worker] DEBUG org.hibernate.cfg.Ejb3Column - Binding column: Ejb3DiscriminatorColumn{logicalColumnName'DTYPE', discriminatorTypeName='string'}
21:22:58.744 [Test worker] DEBUG org.hibernate.cfg.annotations.EntityBinder - Import with entity name Concediu
21:22:58.744 [Test worker] DEBUG org.hibernate.cfg.annotations.EntityBinder - Bind entity domain.Concediu on table concedii
21:22:58.744 [Test worker] DEBUG org.hibernate.cfg.Ejb3Column - Binding column: Ejb3Column{table=org.hibernate.mapping.Table(concedii), mappingColumn=id, insertable=true, updatable=true, unique=false}
21:22:58.744 [Test worker] DEBUG org.hibernate.boot.internal.ClassLoaderAccessImpl - Not known whether passed class name [domain.Concediu] is safe
21:22:58.744 [Test worker] DEBUG org.hibernate.boot.internal.ClassLoaderAccessImpl - No temp ClassLoader provided; using live ClassLoader for loading potentially unsafe class : domain.Concediu
21:22:58.744 [Test worker] DEBUG org.hibernate.cfg.annotations.PropertyBinder - MetadataSourceProcessor property id with lazy=false
21:22:58.744 [Test worker] DEBUG org.hibernate.cfg.AbstractPropertyHolder - Attempting to locate auto-apply AttributeConverter for property [domain.Concediu:id]
21:22:58.744 [Test worker] DEBUG org.hibernate.cfg.annotations.SimpleValueBinder - building SimpleValue for id
21:22:58.744 [Test worker] DEBUG org.hibernate.cfg.annotations.PropertyBinder - Building property id
21:22:58.744 [Test worker] DEBUG org.hibernate.cfg.BinderHelper - #makeIdGenerator(org.hibernate.mapping.SimpleValue([org.hibernate.mapping.Column(id)]), id, identity, , ...)
21:22:58.744 [Test worker] DEBUG org.hibernate.cfg.Ejb3Column - Binding column: Ejb3JoinColumn{logicalColumnName='id_angajat', referencedColumn='', mappedBy=''}
21:22:58.744 [Test worker] DEBUG org.hibernate.cfg.Ejb3Column - Binding column: Ejb3Column{table=org.hibernate.mapping.Table(concedii), mappingColumn=angajat, insertable=true, updatable=true, unique=false}
21:22:58.744 [Test worker] DEBUG org.hibernate.cfg.annotations.PropertyBinder - Building property angajat
21:22:58.744 [Test worker] DEBUG org.hibernate.cfg.Ejb3Column - Binding column: Ejb3Column{table=org.hibernate.mapping.Table(concedii), mappingColumn=data_inceput, insertable=true, updatable=true, unique=false}
21:22:58.744 [Test worker] DEBUG org.hibernate.cfg.annotations.PropertyBinder - MetadataSourceProcessor property dataInceput with lazy=false
21:22:58.744 [Test worker] DEBUG org.hibernate.cfg.AbstractPropertyHolder - Attempting to locate auto-apply AttributeConverter for property [domain.Concediu:dataInceput]
21:22:58.744 [Test worker] DEBUG org.hibernate.cfg.annotations.SimpleValueBinder - building SimpleValue for dataInceput
21:22:58.744 [Test worker] DEBUG org.hibernate.cfg.annotations.PropertyBinder - Building property dataInceput
21:22:58.744 [Test worker] DEBUG org.hibernate.cfg.Ejb3Column - Binding column: Ejb3Column{table=org.hibernate.mapping.Table(concedii), mappingColumn=data_sfarsit, insertable=true, updatable=true, unique=false}
21:22:58.744 [Test worker] DEBUG org.hibernate.cfg.annotations.PropertyBinder - MetadataSourceProcessor property dataSfarsit with lazy=false
21:22:58.744 [Test worker] DEBUG org.hibernate.cfg.AbstractPropertyHolder - Attempting to locate auto-apply AttributeConverter for property [domain.Concediu:dataSfarsit]
21:22:58.744 [Test worker] DEBUG org.hibernate.cfg.annotations.SimpleValueBinder - building SimpleValue for dataSfarsit
21:22:58.744 [Test worker] DEBUG org.hibernate.cfg.annotations.PropertyBinder - Building property dataSfarsit
21:22:58.744 [Test worker] DEBUG org.hibernate.cfg.AnnotationBinder - Binding entity from annotated class: domain.Departament
21:22:58.744 [Test worker] DEBUG org.hibernate.cfg.Ejb3Column - Binding column: Ejb3DiscriminatorColumn{logicalColumnName'DTYPE', discriminatorTypeName='string'}
21:22:58.744 [Test worker] DEBUG org.hibernate.cfg.annotations.EntityBinder - Import with entity name Departament
21:22:58.744 [Test worker] DEBUG org.hibernate.cfg.annotations.EntityBinder - Bind entity domain.Departament on table departamente
21:22:58.744 [Test worker] DEBUG org.hibernate.cfg.Ejb3Column - Binding column: Ejb3Column{table=org.hibernate.mapping.Table(departamente), mappingColumn=id, insertable=true, updatable=true, unique=false}
21:22:58.744 [Test worker] DEBUG org.hibernate.boot.internal.ClassLoaderAccessImpl - Not known whether passed class name [domain.Departament] is safe
21:22:58.744 [Test worker] DEBUG org.hibernate.boot.internal.ClassLoaderAccessImpl - No temp ClassLoader provided; using live ClassLoader for loading potentially unsafe class : domain.Departament
21:22:58.744 [Test worker] DEBUG org.hibernate.cfg.annotations.PropertyBinder - MetadataSourceProcessor property id with lazy=false
21:22:58.744 [Test worker] DEBUG org.hibernate.cfg.AbstractPropertyHolder - Attempting to locate auto-apply AttributeConverter for property [domain.Departament:id]
21:22:58.744 [Test worker] DEBUG org.hibernate.cfg.annotations.SimpleValueBinder - building SimpleValue for id
21:22:58.744 [Test worker] DEBUG org.hibernate.cfg.annotations.PropertyBinder - Building property id
21:22:58.744 [Test worker] DEBUG org.hibernate.cfg.BinderHelper - #makeIdGenerator(org.hibernate.mapping.SimpleValue([org.hibernate.mapping.Column(id)]), id, identity, , ...)
21:22:58.744 [Test worker] DEBUG org.hibernate.cfg.Ejb3Column - Binding column: Ejb3Column{table=org.hibernate.mapping.Table(departamente), mappingColumn=id_director, insertable=true, updatable=true, unique=false}
21:22:58.744 [Test worker] DEBUG org.hibernate.cfg.annotations.PropertyBinder - MetadataSourceProcessor property idDirector with lazy=false
21:22:58.744 [Test worker] DEBUG org.hibernate.cfg.AbstractPropertyHolder - Attempting to locate auto-apply AttributeConverter for property [domain.Departament:idDirector]
21:22:58.744 [Test worker] DEBUG org.hibernate.cfg.annotations.SimpleValueBinder - building SimpleValue for idDirector
21:22:58.744 [Test worker] DEBUG org.hibernate.cfg.annotations.PropertyBinder - Building property idDirector
21:22:58.744 [Test worker] DEBUG org.hibernate.cfg.AnnotationBinder - Binding entity from annotated class: domain.Functie
21:22:58.744 [Test worker] DEBUG org.hibernate.cfg.Ejb3Column - Binding column: Ejb3DiscriminatorColumn{logicalColumnName'DTYPE', discriminatorTypeName='string'}
21:22:58.744 [Test worker] DEBUG org.hibernate.cfg.annotations.EntityBinder - Import with entity name Functie
21:22:58.744 [Test worker] DEBUG org.hibernate.cfg.annotations.EntityBinder - Bind entity domain.Functie on table functii
21:22:58.744 [Test worker] DEBUG org.hibernate.cfg.Ejb3Column - Binding column: Ejb3Column{table=org.hibernate.mapping.Table(functii), mappingColumn=id, insertable=true, updatable=true, unique=false}
21:22:58.744 [Test worker] DEBUG org.hibernate.boot.internal.ClassLoaderAccessImpl - Not known whether passed class name [domain.Functie] is safe
21:22:58.744 [Test worker] DEBUG org.hibernate.boot.internal.ClassLoaderAccessImpl - No temp ClassLoader provided; using live ClassLoader for loading potentially unsafe class : domain.Functie
21:22:58.744 [Test worker] DEBUG org.hibernate.cfg.annotations.PropertyBinder - MetadataSourceProcessor property id with lazy=false
21:22:58.744 [Test worker] DEBUG org.hibernate.cfg.AbstractPropertyHolder - Attempting to locate auto-apply AttributeConverter for property [domain.Functie:id]
21:22:58.744 [Test worker] DEBUG org.hibernate.cfg.annotations.SimpleValueBinder - building SimpleValue for id
21:22:58.744 [Test worker] DEBUG org.hibernate.cfg.annotations.PropertyBinder - Building property id
21:22:58.744 [Test worker] DEBUG org.hibernate.cfg.BinderHelper - #makeIdGenerator(org.hibernate.mapping.SimpleValue([org.hibernate.mapping.Column(id)]), id, identity, , ...)
21:22:58.744 [Test worker] DEBUG org.hibernate.cfg.Ejb3Column - Binding column: Ejb3Column{table=org.hibernate.mapping.Table(functii), mappingColumn=salar_de_baza, insertable=true, updatable=true, unique=false}
21:22:58.744 [Test worker] DEBUG org.hibernate.cfg.annotations.PropertyBinder - MetadataSourceProcessor property salarDeBaza with lazy=false
21:22:58.744 [Test worker] DEBUG org.hibernate.cfg.AbstractPropertyHolder - Attempting to locate auto-apply AttributeConverter for property [domain.Functie:salarDeBaza]
21:22:58.744 [Test worker] DEBUG org.hibernate.cfg.annotations.SimpleValueBinder - building SimpleValue for salarDeBaza
21:22:58.744 [Test worker] DEBUG org.hibernate.cfg.annotations.PropertyBinder - Building property salarDeBaza
21:22:58.744 [Test worker] DEBUG org.hibernate.cfg.AnnotationBinder - Binding entity from annotated class: domain.Proiect
21:22:58.744 [Test worker] DEBUG org.hibernate.cfg.Ejb3Column - Binding column: Ejb3DiscriminatorColumn{logicalColumnName'DTYPE', discriminatorTypeName='string'}
21:22:58.744 [Test worker] DEBUG org.hibernate.cfg.annotations.EntityBinder - Import with entity name Proiect
21:22:58.744 [Test worker] DEBUG org.hibernate.cfg.annotations.EntityBinder - Bind entity domain.Proiect on table proiecte
21:22:58.744 [Test worker] DEBUG org.hibernate.cfg.Ejb3Column - Binding column: Ejb3Column{table=org.hibernate.mapping.Table(proiecte), mappingColumn=id, insertable=true, updatable=true, unique=false}
21:22:58.744 [Test worker] DEBUG org.hibernate.boot.internal.ClassLoaderAccessImpl - Not known whether passed class name [domain.Proiect] is safe
21:22:58.744 [Test worker] DEBUG org.hibernate.boot.internal.ClassLoaderAccessImpl - No temp ClassLoader provided; using live ClassLoader for loading potentially unsafe class : domain.Proiect
21:22:58.744 [Test worker] DEBUG org.hibernate.cfg.annotations.PropertyBinder - MetadataSourceProcessor property id with lazy=false
21:22:58.744 [Test worker] DEBUG org.hibernate.cfg.AbstractPropertyHolder - Attempting to locate auto-apply AttributeConverter for property [domain.Proiect:id]
21:22:58.744 [Test worker] DEBUG org.hibernate.cfg.annotations.SimpleValueBinder - building SimpleValue for id
21:22:58.744 [Test worker] DEBUG org.hibernate.cfg.annotations.PropertyBinder - Building property id
21:22:58.744 [Test worker] DEBUG org.hibernate.cfg.BinderHelper - #makeIdGenerator(org.hibernate.mapping.SimpleValue([org.hibernate.mapping.Column(id)]), id, identity, , ...)
21:22:58.744 [Test worker] DEBUG org.hibernate.cfg.Ejb3Column - Binding column: Ejb3Column{table=org.hibernate.mapping.Table(proiecte), mappingColumn=data_inceput, insertable=true, updatable=true, unique=false}
21:22:58.744 [Test worker] DEBUG org.hibernate.cfg.annotations.PropertyBinder - MetadataSourceProcessor property dataInceput with lazy=false
21:22:58.744 [Test worker] DEBUG org.hibernate.cfg.AbstractPropertyHolder - Attempting to locate auto-apply AttributeConverter for property [domain.Proiect:dataInceput]
21:22:58.744 [Test worker] DEBUG org.hibernate.cfg.annotations.SimpleValueBinder - building SimpleValue for dataInceput
21:22:58.744 [Test worker] DEBUG org.hibernate.cfg.annotations.PropertyBinder - Building property dataInceput
21:22:58.744 [Test worker] DEBUG org.hibernate.cfg.Ejb3Column - Binding column: Ejb3Column{table=org.hibernate.mapping.Table(proiecte), mappingColumn=deadline, insertable=true, updatable=true, unique=false}
21:22:58.744 [Test worker] DEBUG org.hibernate.cfg.annotations.PropertyBinder - MetadataSourceProcessor property deadline with lazy=false
21:22:58.744 [Test worker] DEBUG org.hibernate.cfg.AbstractPropertyHolder - Attempting to locate auto-apply AttributeConverter for property [domain.Proiect:deadline]
21:22:58.744 [Test worker] DEBUG org.hibernate.cfg.annotations.SimpleValueBinder - building SimpleValue for deadline
21:22:58.744 [Test worker] DEBUG org.hibernate.cfg.annotations.PropertyBinder - Building property deadline
21:22:58.744 [Test worker] DEBUG org.hibernate.cfg.annotations.SimpleValueBinder - Starting fillSimpleValue for id
21:22:58.744 [Test worker] DEBUG org.hibernate.cfg.annotations.SimpleValueBinder - Starting fillSimpleValue for dataAngajare
21:22:58.744 [Test worker] DEBUG org.hibernate.cfg.annotations.SimpleValueBinder - Starting fillSimpleValue for idSuperior
21:22:58.744 [Test worker] DEBUG org.hibernate.cfg.annotations.SimpleValueBinder - Starting fillSimpleValue for id
21:22:58.744 [Test worker] DEBUG org.hibernate.cfg.annotations.SimpleValueBinder - Starting fillSimpleValue for dataInceput
21:22:58.744 [Test worker] DEBUG org.hibernate.cfg.annotations.SimpleValueBinder - Starting fillSimpleValue for dataSfarsit
21:22:58.744 [Test worker] DEBUG org.hibernate.cfg.annotations.SimpleValueBinder - Starting fillSimpleValue for id
21:22:58.744 [Test worker] DEBUG org.hibernate.cfg.annotations.SimpleValueBinder - Starting fillSimpleValue for idDirector
21:22:58.744 [Test worker] DEBUG org.hibernate.cfg.annotations.SimpleValueBinder - Starting fillSimpleValue for id
21:22:58.744 [Test worker] DEBUG org.hibernate.cfg.annotations.SimpleValueBinder - Starting fillSimpleValue for salarDeBaza
21:22:58.744 [Test worker] DEBUG org.hibernate.cfg.annotations.SimpleValueBinder - Starting fillSimpleValue for id
21:22:58.744 [Test worker] DEBUG org.hibernate.cfg.annotations.SimpleValueBinder - Starting fillSimpleValue for dataInceput
21:22:58.744 [Test worker] DEBUG org.hibernate.cfg.annotations.SimpleValueBinder - Starting fillSimpleValue for deadline
21:22:58.744 [Test worker] DEBUG org.hibernate.mapping.PrimaryKey - Forcing column [id] to be non-null as it is part of the primary key for table [angajati]
21:22:58.744 [Test worker] DEBUG org.hibernate.mapping.PrimaryKey - Forcing column [id] to be non-null as it is part of the primary key for table [concedii]
21:22:58.744 [Test worker] DEBUG org.hibernate.mapping.PrimaryKey - Forcing column [id] to be non-null as it is part of the primary key for table [departamente]
21:22:58.744 [Test worker] DEBUG org.hibernate.mapping.PrimaryKey - Forcing column [id] to be non-null as it is part of the primary key for table [functii]
21:22:58.744 [Test worker] DEBUG org.hibernate.mapping.PrimaryKey - Forcing column [id] to be non-null as it is part of the primary key for table [proiecte]
21:22:58.744 [Test worker] DEBUG org.hibernate.cfg.CollectionSecondPass - Second pass for collection: domain.Angajat.proiecte
21:22:58.744 [Test worker] DEBUG org.hibernate.cfg.annotations.CollectionBinder - Binding as ManyToMany: domain.Angajat.proiecte
21:22:58.744 [Test worker] DEBUG org.hibernate.mapping.PrimaryKey - Forcing column [id_angajat] to be non-null as it is part of the primary key for table [angajati_proiecte]
21:22:58.744 [Test worker] DEBUG org.hibernate.mapping.PrimaryKey - Forcing column [id_proiect] to be non-null as it is part of the primary key for table [angajati_proiecte]
21:22:58.744 [Test worker] DEBUG org.hibernate.cfg.CollectionSecondPass - Mapped collection key: id_angajat, element: id_proiect
21:22:58.744 [Test worker] DEBUG org.hibernate.cfg.CollectionSecondPass - Second pass for collection: domain.Angajat.departamente
21:22:58.744 [Test worker] DEBUG org.hibernate.cfg.annotations.CollectionBinder - Binding as ManyToMany: domain.Angajat.departamente
21:22:58.744 [Test worker] DEBUG org.hibernate.mapping.PrimaryKey - Forcing column [id_angajat] to be non-null as it is part of the primary key for table [angajati_departamente]
21:22:58.744 [Test worker] DEBUG org.hibernate.mapping.PrimaryKey - Forcing column [id_departament] to be non-null as it is part of the primary key for table [angajati_departamente]
21:22:58.744 [Test worker] DEBUG org.hibernate.cfg.CollectionSecondPass - Mapped collection key: id_angajat, element: id_departament
21:22:58.744 [Test worker] DEBUG org.hibernate.cfg.CollectionSecondPass - Second pass for collection: domain.Angajat.concedii
21:22:58.744 [Test worker] DEBUG org.hibernate.cfg.annotations.CollectionBinder - Binding a OneToMany: domain.Angajat.concedii through a foreign key
21:22:58.744 [Test worker] DEBUG org.hibernate.cfg.annotations.CollectionBinder - Mapping collection: domain.Angajat.concedii -> concedii
21:22:58.744 [Test worker] DEBUG org.hibernate.cfg.annotations.TableBinder - Retrieving property domain.Concediu.angajat
21:22:58.744 [Test worker] DEBUG org.hibernate.cfg.CollectionSecondPass - Mapped collection key: id_angajat, one-to-many: domain.Concediu
21:22:58.744 [Test worker] DEBUG org.hibernate.boot.internal.InFlightMetadataCollectorImpl - Resolving reference to class: domain.Functie
21:22:58.744 [Test worker] DEBUG org.hibernate.boot.internal.InFlightMetadataCollectorImpl - Resolving reference to class: domain.Departament
21:22:58.744 [Test worker] DEBUG org.hibernate.boot.internal.InFlightMetadataCollectorImpl - Resolving reference to class: domain.Angajat
21:22:58.744 [Test worker] DEBUG org.hibernate.boot.internal.InFlightMetadataCollectorImpl - Resolving reference to class: domain.Proiect
21:22:58.744 [Test worker] DEBUG org.hibernate.boot.internal.InFlightMetadataCollectorImpl - Resolving reference to class: domain.Angajat
21:22:58.744 [Test worker] DEBUG org.hibernate.boot.internal.InFlightMetadataCollectorImpl - Resolving reference to class: domain.Angajat
21:22:58.744 [Test worker] DEBUG org.hibernate.boot.internal.InFlightMetadataCollectorImpl - Resolving reference to class: domain.Functie
21:22:58.744 [Test worker] DEBUG org.hibernate.boot.internal.InFlightMetadataCollectorImpl - Resolving reference to class: domain.Departament
21:22:58.744 [Test worker] DEBUG org.hibernate.boot.internal.InFlightMetadataCollectorImpl - Resolving reference to class: domain.Angajat
21:22:58.744 [Test worker] DEBUG org.hibernate.boot.internal.InFlightMetadataCollectorImpl - Resolving reference to class: domain.Proiect
21:22:58.744 [Test worker] DEBUG org.hibernate.boot.internal.InFlightMetadataCollectorImpl - Resolving reference to class: domain.Angajat
21:22:58.744 [Test worker] DEBUG org.hibernate.boot.internal.InFlightMetadataCollectorImpl - Resolving reference to class: domain.Angajat
21:22:58.744 [Test worker] DEBUG org.hibernate.internal.SessionFactoryImpl - Building session factory
21:22:58.744 [Test worker] DEBUG org.hibernate.cfg.Settings - SessionFactory name : null
21:22:58.744 [Test worker] DEBUG org.hibernate.cfg.Settings - Automatic flush during beforeCompletion(): enabled
21:22:58.744 [Test worker] DEBUG org.hibernate.cfg.Settings - Automatic session close at end of transaction: disabled
21:22:58.744 [Test worker] DEBUG org.hibernate.cfg.Settings - Statistics: disabled
21:22:58.744 [Test worker] DEBUG org.hibernate.cfg.Settings - Deleted entity synthetic identifier rollback: disabled
21:22:58.744 [Test worker] DEBUG org.hibernate.cfg.Settings - Default entity-mode: pojo
21:22:58.744 [Test worker] DEBUG org.hibernate.cfg.Settings - Check Nullability in Core (should be disabled when Bean Validation is on): enabled
21:22:58.744 [Test worker] DEBUG org.hibernate.cfg.Settings - Allow initialization of lazy state outside session : enabled
21:22:58.744 [Test worker] DEBUG org.hibernate.cfg.Settings - Using BatchFetchStyle : LEGACY
21:22:58.744 [Test worker] DEBUG org.hibernate.cfg.Settings - Default batch fetch size: -1
21:22:58.744 [Test worker] DEBUG org.hibernate.cfg.Settings - Maximum outer join fetch depth: null
21:22:58.744 [Test worker] DEBUG org.hibernate.cfg.Settings - Default null ordering: NONE
21:22:58.744 [Test worker] DEBUG org.hibernate.cfg.Settings - Order SQL updates by primary key: disabled
21:22:58.744 [Test worker] DEBUG org.hibernate.cfg.Settings - Order SQL inserts for batching: disabled
21:22:58.744 [Test worker] DEBUG org.hibernate.cfg.Settings - multi-tenancy strategy : NONE
21:22:58.744 [Test worker] DEBUG org.hibernate.cfg.Settings - JTA Track by Thread: enabled
21:22:58.744 [Test worker] DEBUG org.hibernate.cfg.Settings - Query language substitutions: {}
21:22:58.744 [Test worker] DEBUG org.hibernate.cfg.Settings - Named query checking : enabled
21:22:58.744 [Test worker] DEBUG org.hibernate.cfg.Settings - Second-level cache: disabled
21:22:58.744 [Test worker] DEBUG org.hibernate.cfg.Settings - Second-level query cache: disabled
21:22:58.744 [Test worker] DEBUG org.hibernate.cfg.Settings - Second-level query cache factory: null
21:22:58.744 [Test worker] DEBUG org.hibernate.cfg.Settings - Second-level cache region prefix: null
21:22:58.744 [Test worker] DEBUG org.hibernate.cfg.Settings - Optimize second-level cache for minimal puts: disabled
21:22:58.744 [Test worker] DEBUG org.hibernate.cfg.Settings - Structured second-level cache entries: disabled
21:22:58.744 [Test worker] DEBUG org.hibernate.cfg.Settings - Second-level cache direct-reference entries: disabled
21:22:58.744 [Test worker] DEBUG org.hibernate.cfg.Settings - Automatic eviction of collection cache: disabled
21:22:58.744 [Test worker] DEBUG org.hibernate.cfg.Settings - JDBC batch size: 0
21:22:58.744 [Test worker] DEBUG org.hibernate.cfg.Settings - JDBC batch updates for versioned data: enabled
21:22:58.744 [Test worker] DEBUG org.hibernate.cfg.Settings - Scrollable result sets: disabled
21:22:58.744 [Test worker] DEBUG org.hibernate.cfg.Settings - Wrap result sets: disabled
21:22:58.744 [Test worker] DEBUG org.hibernate.cfg.Settings - JDBC3 getGeneratedKeys(): enabled
21:22:58.744 [Test worker] DEBUG org.hibernate.cfg.Settings - JDBC result set fetch size: null
21:22:58.744 [Test worker] DEBUG org.hibernate.cfg.Settings - Connection release mode: AFTER_TRANSACTION
21:22:58.744 [Test worker] DEBUG org.hibernate.cfg.Settings - Generate SQL with comments: disabled
21:22:58.744 [Test worker] DEBUG org.hibernate.cfg.Settings - JPA compliance - query : disabled
21:22:58.744 [Test worker] DEBUG org.hibernate.cfg.Settings - JPA compliance - closed-handling : disabled
21:22:58.744 [Test worker] DEBUG org.hibernate.cfg.Settings - JPA compliance - lists : disabled
21:22:58.744 [Test worker] DEBUG org.hibernate.cfg.Settings - JPA compliance - transactions : disabled
21:22:58.760 [Test worker] DEBUG org.hibernate.internal.SessionFactoryImpl - Session factory constructed with filter configurations : {}
21:22:58.760 [Test worker] DEBUG org.hibernate.internal.SessionFactoryImpl - Instantiating session factory with properties: {sun.desktop=windows, awt.toolkit=sun.awt.windows.WToolkit, dialect=utils.SQLiteDialect, java.specification.version=11, sun.cpu.isalist=amd64, sun.jnu.encoding=Cp1250, hibernate.dialect=utils.SQLiteDialect, org.gradle.test.worker=3, java.class.path=C:\\Users\\Dan\\.gradle\\caches\\6.8\\workerMain\\gradle-worker.jar;D:\\Facultate\\Projects\\OrganizareCompanie\\build\\classes\\java\\test;D:\\Facultate\\Projects\\OrganizareCompanie\\build\\resources\\test;D:\\Facultate\\Projects\\OrganizareCompanie\\build\\classes\\java\\main;D:\\Facultate\\Projects\\OrganizareCompanie\\build\\resources\\main;C:\\Users\\Dan\\.gradle\\caches\\modules-2\\files-2.1\\org.springframework.boot\\spring-boot-starter-web\\2.4.3\\4f5554ea183af87e52d8c31bb82aada0d74c40b0\\spring-boot-starter-web-2.4.3.jar;C:\\Users\\Dan\\.gradle\\caches\\modules-2\\files-2.1\\org.xerial\\sqlite-jdbc\\3.34.0\\fd29bb0124e3f79c80b2753162a6a3873c240bcf\\sqlite-jdbc-3.34.0.jar;C:\\Users\\Dan\\.gradle\\caches\\modules-2\\files-2.1\\org.hibernate\\hibernate-java8\\5.1.0.Final\\2bb534acab4f8485a821f0e4d6a2c8df617ee86a\\hibernate-java8-5.1.0.Final.jar;C:\\Users\\Dan\\.gradle\\caches\\modules-2\\files-2.1\\org.hibernate\\hibernate-core\\5.4.29.Final\\74b7c9ad3cb57ae4fd0187480a76f137a7fc3f38\\hibernate-core-5.4.29.Final.jar;C:\\Users\\Dan\\.gradle\\caches\\modules-2\\files-2.1\\org.junit.platform\\junit-platform-engine\\1.7.0\\eadb73c5074a4ac71061defd00fc176152a4d12c\\junit-platform-engine-1.7.0.jar;C:\\Users\\Dan\\.gradle\\caches\\modules-2\\files-2.1\\org.junit.platform\\junit-platform-commons\\1.7.0\\84e309fbf21d857aac079a3c1fffd84284e1114d\\junit-platform-commons-1.7.0.jar;C:\\Users\\Dan\\.gradle\\caches\\modules-2\\files-2.1\\org.junit.jupiter\\junit-jupiter-engine\\5.7.0\\d9044d6b45e2232ddd53fa56c15333e43d1749fd\\junit-jupiter-engine-5.7.0.jar;C:\\Users\\Dan\\.gradle\\caches\\modules-2\\files-2.1\\org.junit.jupiter\\junit-jupiter-api\\5.7.0\\b25f3815c4c1860a73041e733a14a0379d00c4d5\\junit-jupiter-api-5.7.0.jar;C:\\Users\\Dan\\.gradle\\caches\\modules-2\\files-2.1\\org.springframework.boot\\spring-boot-starter-json\\2.4.3\\7b26abb0a0379a00b58a2a50e010b29cf4f16b80\\spring-boot-starter-json-2.4.3.jar;C:\\Users\\Dan\\.gradle\\caches\\modules-2\\files-2.1\\org.springframework.boot\\spring-boot-starter\\2.4.3\\fd8bc0fb5f5aaefb4d6c8b77eb61563aab840c11\\spring-boot-starter-2.4.3.jar;C:\\Users\\Dan\\.gradle\\caches\\modules-2\\files-2.1\\org.springframework.boot\\spring-boot-starter-tomcat\\2.4.3\\4ba28aae05a259625e7e92f8e7338c5e1d22de35\\spring-boot-starter-tomcat-2.4.3.jar;C:\\Users\\Dan\\.gradle\\caches\\modules-2\\files-2.1\\org.springframework\\spring-webmvc\\5.3.4\\8dd52fbe8eafcc7c80998087ec6635baf7a98c20\\spring-webmvc-5.3.4.jar;C:\\Users\\Dan\\.gradle\\caches\\modules-2\\files-2.1\\org.springframework\\spring-web\\5.3.4\\d93829e24a50ed22e781f2302680a210cac5ee84\\spring-web-5.3.4.jar;C:\\Users\\Dan\\.gradle\\caches\\modules-2\\files-2.1\\org.hibernate.common\\hibernate-commons-annotations\\5.1.2.Final\\e59ffdbc6ad09eeb33507b39ffcf287679a498c8\\hibernate-commons-annotations-5.1.2.Final.jar;C:\\Users\\Dan\\.gradle\\caches\\modules-2\\files-2.1\\org.jboss.logging\\jboss-logging\\3.4.1.Final\\40fd4d696c55793e996d1ff3c475833f836c2498\\jboss-logging-3.4.1.Final.jar;C:\\Users\\Dan\\.gradle\\caches\\modules-2\\files-2.1\\javax.persistence\\javax.persistence-api\\2.2\\25665ac8c0b62f50e6488173233239120fc52c96\\javax.persistence-api-2.2.jar;C:\\Users\\Dan\\.gradle\\caches\\modules-2\\files-2.1\\org.javassist\\javassist\\3.27.0-GA\\f63e6aa899e15eca8fdaa402a79af4c417252213\\javassist-3.27.0-GA.jar;C:\\Users\\Dan\\.gradle\\caches\\modules-2\\files-2.1\\net.bytebuddy\\byte-buddy\\1.10.21\\5abe8e141cac9d50a721a22d9c188b3bf19ad0aa\\byte-buddy-1.10.21.jar;C:\\Users\\Dan\\.gradle\\caches\\modules-2\\files-2.1\\antlr\\antlr\\2.7.7\\83cd2cd674a217ade95a4bb83a8a14f351f48bd0\\antlr-2.7.7.jar;C:\\Users\\Dan\\.gradle\\caches\\modules-2\\files-2.1\\org.jboss.spec.javax.transaction\\jboss-transaction-api_1.2_spec\\1.1.1.Final\\a8485cab9484dda36e9a8c319e76b5cc18797b58\\jboss-transaction-api_1.2_spec-1.1.1.Final.jar;C:\\Users\\Dan\\.gradle\\caches\\modules-2\\files-2.1\\org.jboss\\jandex\\2.2.3.Final\\d3865101f0666b63586683bd811d754517f331ab\\jandex-2.2.3.Final.jar;C:\\Users\\Dan\\.gradle\\caches\\modules-2\\files-2.1\\com.fasterxml\\classmate\\1.5.1\\3fe0bed568c62df5e89f4f174c101eab25345b6c\\classmate-1.5.1.jar;C:\\Users\\Dan\\.gradle\\caches\\modules-2\\files-2.1\\org.glassfish.jaxb\\jaxb-runtime\\2.3.1\\dd6dda9da676a54c5b36ca2806ff95ee017d8738\\jaxb-runtime-2.3.1.jar;C:\\Users\\Dan\\.gradle\\caches\\modules-2\\files-2.1\\javax.xml.bind\\jaxb-api\\2.3.1\\8531ad5ac454cc2deb9d4d32c40c4d7451939b5d\\jaxb-api-2.3.1.jar;C:\\Users\\Dan\\.gradle\\caches\\modules-2\\files-2.1\\javax.activation\\javax.activation-api\\1.2.0\\85262acf3ca9816f9537ca47d5adeabaead7cb16\\javax.activation-api-1.2.0.jar;C:\\Users\\Dan\\.gradle\\caches\\modules-2\\files-2.1\\org.dom4j\\dom4j\\2.1.3\\a75914155a9f5808963170ec20653668a2ffd2fd\\dom4j-2.1.3.jar;C:\\Users\\Dan\\.gradle\\caches\\modules-2\\files-2.1\\org.apiguardian\\apiguardian-api\\1.1.0\\fc9dff4bb36d627bdc553de77e1f17efd790876c\\apiguardian-api-1.1.0.jar;C:\\Users\\Dan\\.gradle\\caches\\modules-2\\files-2.1\\org.opentest4j\\opentest4j\\1.2.0\\28c11eb91f9b6d8e200631d46e20a7f407f2a046\\opentest4j-1.2.0.jar;C:\\Users\\Dan\\.gradle\\caches\\modules-2\\files-2.1\\org.springframework.boot\\spring-boot-autoconfigure\\2.4.3\\2f8e1e682e55f70c8ea557982c7adb1256f41bcf\\spring-boot-autoconfigure-2.4.3.jar;C:\\Users\\Dan\\.gradle\\caches\\modules-2\\files-2.1\\org.springframework.boot\\spring-boot\\2.4.3\\de2bd17a8eb9bc3dfa629aa06f2e9fe3bf603c85\\spring-boot-2.4.3.jar;C:\\Users\\Dan\\.gradle\\caches\\modules-2\\files-2.1\\org.springframework.boot\\spring-boot-starter-logging\\2.4.3\\64687abc2255d18cd6592cbb20fa3bee3379cec8\\spring-boot-starter-logging-2.4.3.jar;C:\\Users\\Dan\\.gradle\\caches\\modules-2\\files-2.1\\jakarta.annotation\\jakarta.annotation-api\\1.3.5\\59eb84ee0d616332ff44aba065f3888cf002cd2d\\jakarta.annotation-api-1.3.5.jar;C:\\Users\\Dan\\.gradle\\caches\\modules-2\\files-2.1\\org.springframework\\spring-context\\5.3.4\\fbeadeb0e4d272599a938ec345e99e5f9a76e919\\spring-context-5.3.4.jar;C:\\Users\\Dan\\.gradle\\caches\\modules-2\\files-2.1\\org.springframework\\spring-aop\\5.3.4\\b7180a6427ab524bc1cbd31bf38dd2182632515f\\spring-aop-5.3.4.jar;C:\\Users\\Dan\\.gradle\\caches\\modules-2\\files-2.1\\org.springframework\\spring-beans\\5.3.4\\ac6c5ea0ba82f555405f74104cf378f8071c6d25\\spring-beans-5.3.4.jar;C:\\Users\\Dan\\.gradle\\caches\\modules-2\\files-2.1\\org.springframework\\spring-expression\\5.3.4\\42b71fa955e43a86471509aef14cefe756fc3794\\spring-expression-5.3.4.jar;C:\\Users\\Dan\\.gradle\\caches\\modules-2\\files-2.1\\org.springframework\\spring-core\\5.3.4\\46c1f8abd9e02a292c42a257350f365cec152b5d\\spring-core-5.3.4.jar;C:\\Users\\Dan\\.gradle\\caches\\modules-2\\files-2.1\\org.yaml\\snakeyaml\\1.27\\359d62567480b07a679dc643f82fc926b100eed5\\snakeyaml-1.27.jar;C:\\Users\\Dan\\.gradle\\caches\\modules-2\\files-2.1\\com.fasterxml.jackson.datatype\\jackson-datatype-jdk8\\2.11.4\\e1540dea3c6c681ea4e335a960f730861ee3bedb\\jackson-datatype-jdk8-2.11.4.jar;C:\\Users\\Dan\\.gradle\\caches\\modules-2\\files-2.1\\com.fasterxml.jackson.datatype\\jackson-datatype-jsr310\\2.11.4\\ce6fc76bba06623720e5a9308386b6ae74753f4d\\jackson-datatype-jsr310-2.11.4.jar;C:\\Users\\Dan\\.gradle\\caches\\modules-2\\files-2.1\\com.fasterxml.jackson.module\\jackson-module-parameter-names\\2.11.4\\432e050d79f2282a66c320375d628f1b0842cb12\\jackson-module-parameter-names-2.11.4.jar;C:\\Users\\Dan\\.gradle\\caches\\modules-2\\files-2.1\\com.fasterxml.jackson.core\\jackson-databind\\2.11.4\\5d9f3d441f99d721b957e3497f0a6465c764fad4\\jackson-databind-2.11.4.jar;C:\\Users\\Dan\\.gradle\\caches\\modules-2\\files-2.1\\org.apache.tomcat.embed\\tomcat-embed-websocket\\9.0.43\\78232648dde1a5fd5093f0a3999e593d208e2eab\\tomcat-embed-websocket-9.0.43.jar;C:\\Users\\Dan\\.gradle\\caches\\modules-2\\files-2.1\\org.apache.tomcat.embed\\tomcat-embed-core\\9.0.43\\1d102277426bdd5b12f048731a91665bb69347d1\\tomcat-embed-core-9.0.43.jar;C:\\Users\\Dan\\.gradle\\caches\\modules-2\\files-2.1\\org.glassfish\\jakarta.el\\3.0.3\\dab46ee1ee23f7197c13d7c40fce14817c9017df\\jakarta.el-3.0.3.jar;C:\\Users\\Dan\\.gradle\\caches\\modules-2\\files-2.1\\org.glassfish.jaxb\\txw2\\2.3.1\\a09d2c48d3285f206fafbffe0e50619284e92126\\txw2-2.3.1.jar;C:\\Users\\Dan\\.gradle\\caches\\modules-2\\files-2.1\\com.sun.istack\\istack-commons-runtime\\3.0.7\\c197c86ceec7318b1284bffb49b54226ca774003\\istack-commons-runtime-3.0.7.jar;C:\\Users\\Dan\\.gradle\\caches\\modules-2\\files-2.1\\org.jvnet.staxex\\stax-ex\\1.8\\8cc35f73da321c29973191f2cf143d29d26a1df7\\stax-ex-1.8.jar;C:\\Users\\Dan\\.gradle\\caches\\modules-2\\files-2.1\\com.sun.xml.fastinfoset\\FastInfoset\\1.2.15\\bb7b7ec0379982b97c62cd17465cb6d9155f68e8\\FastInfoset-1.2.15.jar;C:\\Users\\Dan\\.gradle\\caches\\modules-2\\files-2.1\\ch.qos.logback\\logback-classic\\1.2.3\\7c4f3c474fb2c041d8028740440937705ebb473a\\logback-classic-1.2.3.jar;C:\\Users\\Dan\\.gradle\\caches\\modules-2\\files-2.1\\org.apache.logging.log4j\\log4j-to-slf4j\\2.13.3\\966f6fd1af4959d6b12bfa880121d4a2b164f857\\log4j-to-slf4j-2.13.3.jar;C:\\Users\\Dan\\.gradle\\caches\\modules-2\\files-2.1\\org.slf4j\\jul-to-slf4j\\1.7.30\\d58bebff8cbf70ff52b59208586095f467656c30\\jul-to-slf4j-1.7.30.jar;C:\\Users\\Dan\\.gradle\\caches\\modules-2\\files-2.1\\org.springframework\\spring-jcl\\5.3.4\\ca012eb4e9e57f767aa9d5e51fe9a09b28140808\\spring-jcl-5.3.4.jar;C:\\Users\\Dan\\.gradle\\caches\\modules-2\\files-2.1\\com.fasterxml.jackson.core\\jackson-annotations\\2.11.4\\2c3f5c079330f3a01726686a078979420f547ae4\\jackson-annotations-2.11.4.jar;C:\\Users\\Dan\\.gradle\\caches\\modules-2\\files-2.1\\com.fasterxml.jackson.core\\jackson-core\\2.11.4\\593f7b18bab07a76767f181e2a2336135ce82cc4\\jackson-core-2.11.4.jar;C:\\Users\\Dan\\.gradle\\caches\\modules-2\\files-2.1\\ch.qos.logback\\logback-core\\1.2.3\\864344400c3d4d92dfeb0a305dc87d953677c03c\\logback-core-1.2.3.jar;C:\\Users\\Dan\\.gradle\\caches\\modules-2\\files-2.1\\org.slf4j\\slf4j-api\\1.7.30\\b5a4b6d16ab13e34a88fae84c35cd5d68cac922c\\slf4j-api-1.7.30.jar;C:\\Users\\Dan\\.gradle\\caches\\modules-2\\files-2.1\\org.apache.logging.log4j\\log4j-api\\2.13.3\\ec1508160b93d274b1add34419b897bae84c6ca9\\log4j-api-2.13.3.jar, java.vm.vendor=Oracle Corporation, sun.arch.data.model=64, user.variant=, java.vendor.url=http://java.oracle.com/, user.timezone=Europe/Athens, os.name=Windows 10, java.vm.specification.version=11, user.country=US, sun.java.launcher=SUN_STANDARD, sun.boot.library.path=C:\Program Files\Java\jdk-11.0.6\bin, sun.java.command=worker.org.gradle.process.internal.worker.GradleWorkerMain 'Gradle Test Executor 3', jdk.debug=release, sun.cpu.endian=little, user.home=C:\Users\Dan, user.language=en, java.specification.vendor=Oracle Corporation, org.gradle.native=false, java.version.date=2020-01-14, java.home=C:\Program Files\Java\jdk-11.0.6, file.separator=\, java.vm.compressedOopsMode=32-bit, line.separator=
, java.specification.name=Java Platform API Specification, java.vm.specification.vendor=Oracle Corporation, java.awt.graphicsenv=sun.awt.Win32GraphicsEnvironment, hibernate.hbm2ddl.auto=update, user.script=, sun.management.compiler=HotSpot 64-Bit Tiered Compilers, java.runtime.version=11.0.6+8-LTS, user.name=Dan, path.separator=;, hibernate.connection.username=****, os.version=10.0, hibernate.enable_lazy_load_no_trans=true, java.runtime.name=Java(TM) SE Runtime Environment, hibernate.connection.url=jdbc:sqlite:D:\Facultate\Projects\OrganizareCompanie\database, file.encoding=windows-1250, java.vm.name=Java HotSpot(TM) 64-Bit Server VM, hibernate.show_sql=true, java.vendor.version=18.9, hibernate.current_session_context_class=thread, hibernate.connection.driver_class=org.sqlite.JDBC, java.vendor.url.bug=http://bugreport.java.com/bugreport/, java.io.tmpdir=C:\Users\Dan\AppData\Local\Temp\, java.version=11.0.6, user.dir=D:\Facultate\Projects\OrganizareCompanie, os.arch=amd64, java.vm.specification.name=Java Virtual Machine Specification, java.awt.printerjob=sun.awt.windows.WPrinterJob, hibernate.connection.password=****, sun.os.patch.level=, connection.driver_class=org.sqlite.JDBC, hibernate.boot.CfgXmlAccessService.key=org.hibernate.boot.cfgxml.spi.LoadedConfig@4022ef70, java.library.path=C:\Program Files\Java\jdk-11.0.6\bin;C:\WINDOWS\Sun\Java\bin;C:\WINDOWS\system32;C:\WINDOWS;;C:\Python38\Scripts\;C:\Python38\;D:\Facultate\Scripts\;D:\Facultate\;C:\Users\Dan\Desktop\Facultate 2018-2019\Semestrul I\Fundamentele programarii\Python\Scripts\;C:\Users\Dan\Desktop\Facultate 2018-2019\Semestrul I\Fundamentele programarii\Python\;C:\Users\Dan\Desktop\Facultate 2018-2019\Semestrul I\Fundamentele programarii\Scripts\;C:\Users\Dan\Desktop\Facultate 2018-2019\Semestrul I\Fundamentele programarii\;C:\WINDOWS\system32;C:\WINDOWS;C:\WINDOWS\System32\Wbem;C:\WINDOWS\System32\WindowsPowerShell\v1.0\;C:\WINDOWS\System32\OpenSSH\;D:\Facultate\PuTTY\;C:\Program Files\dotnet\;C:\Program Files\Microsoft SQL Server\Client SDK\ODBC\170\Tools\Binn\;C:\Users\Dan\Proto\bin;D:\Facultate\NodeJS\;C:\ProgramData\chocolatey\bin;C:\Program Files\Git\cmd;C:\Program Files\Java\jdk-10.0.2\bin;C:\Program Files (x86)\GnuWin32\bin;C:\MinGW\bin;C:\Program Files\Java\jdk-11.0.6\bin;C:\WINDOWS\system32;C:\WINDOWS;C:\WINDOWS\System32\Wbem;C:\WINDOWS\System32\WindowsPowerShell\v1.0\;C:\WINDOWS\System32\OpenSSH\;C:\Program Files\Intel\WiFi\bin\;C:\Program Files\Common Files\Intel\WirelessCommon\;D:\Facultate\Python\Scripts\;D:\Facultate\Python\;C:\Users\Dan\AppData\Local\Microsoft\WindowsApps;C:\Users\Dan\AppData\Local\GitHubDesktop\bin;C:\Users\Dan\AppData\Roaming\npm;D:\Facultate\Microsoft VS Code\bin;C:\Users\Dan\AppData\Local\Microsoft\WindowsApps;C:\Users\Dan\Documents\driver;;., java.vendor=Oracle Corporation, java.vm.info=mixed mode, java.vm.version=11.0.6+8-LTS, hibernate.bytecode.use_reflection_optimizer=false, sun.io.unicode.encoding=UnicodeLittle, hibernate.connection.pool_size=1, connection.url=jdbc:sqlite:D:\Facultate\Projects\OrganizareCompanie\database, java.class.version=55.0}
21:22:58.760 [Test worker] DEBUG org.hibernate.secure.spi.JaccIntegrator - Skipping JACC integration as it was not enabled
21:22:58.760 [Test worker] DEBUG org.hibernate.internal.SessionFactoryImpl - Instantiated session factory
21:22:58.760 [Test worker] DEBUG org.hibernate.type.spi.TypeConfiguration$Scope - Scoping TypeConfiguration [org.hibernate.type.spi.TypeConfiguration@2eefa991] to SessionFactoryImpl [org.hibernate.internal.SessionFactoryImpl@34e1f5a2]
21:22:58.760 [Test worker] DEBUG org.hibernate.boot.internal.ClassLoaderAccessImpl - Not known whether passed class name [domain.Functie] is safe
21:22:58.760 [Test worker] DEBUG org.hibernate.boot.internal.ClassLoaderAccessImpl - No temp ClassLoader provided; using live ClassLoader for loading potentially unsafe class : domain.Functie
21:22:58.760 [Test worker] DEBUG org.hibernate.boot.internal.ClassLoaderAccessImpl - Not known whether passed class name [domain.Departament] is safe
21:22:58.760 [Test worker] DEBUG org.hibernate.boot.internal.ClassLoaderAccessImpl - No temp ClassLoader provided; using live ClassLoader for loading potentially unsafe class : domain.Departament
21:22:58.760 [Test worker] DEBUG org.hibernate.boot.internal.ClassLoaderAccessImpl - Not known whether passed class name [domain.Angajat] is safe
21:22:58.760 [Test worker] DEBUG org.hibernate.boot.internal.ClassLoaderAccessImpl - No temp ClassLoader provided; using live ClassLoader for loading potentially unsafe class : domain.Angajat
21:22:58.776 [Test worker] DEBUG org.hibernate.boot.internal.ClassLoaderAccessImpl - Not known whether passed class name [domain.Proiect] is safe
21:22:58.776 [Test worker] DEBUG org.hibernate.boot.internal.ClassLoaderAccessImpl - No temp ClassLoader provided; using live ClassLoader for loading potentially unsafe class : domain.Proiect
21:22:58.776 [Test worker] DEBUG org.hibernate.boot.internal.ClassLoaderAccessImpl - Not known whether passed class name [domain.Concediu] is safe
21:22:58.776 [Test worker] DEBUG org.hibernate.boot.internal.ClassLoaderAccessImpl - No temp ClassLoader provided; using live ClassLoader for loading potentially unsafe class : domain.Concediu
21:22:58.776 [Test worker] DEBUG org.hibernate.persister.collection.AbstractCollectionPersister - Static SQL for collection: domain.Angajat.proiecte
21:22:58.776 [Test worker] DEBUG org.hibernate.persister.collection.AbstractCollectionPersister -  Row insert: insert into angajati_proiecte (id_angajat, id_proiect) values (?, ?)
21:22:58.776 [Test worker] DEBUG org.hibernate.persister.collection.AbstractCollectionPersister -  Row update: update angajati_proiecte set id_proiect=? where id_angajat=? and id_proiect=?
21:22:58.776 [Test worker] DEBUG org.hibernate.persister.collection.AbstractCollectionPersister -  Row delete: delete from angajati_proiecte where id_angajat=? and id_proiect=?
21:22:58.776 [Test worker] DEBUG org.hibernate.persister.collection.AbstractCollectionPersister -  One-shot delete: delete from angajati_proiecte where id_angajat=?
21:22:58.776 [Test worker] DEBUG org.hibernate.persister.collection.AbstractCollectionPersister - Static SQL for collection: domain.Angajat.concedii
21:22:58.776 [Test worker] DEBUG org.hibernate.persister.collection.AbstractCollectionPersister -  Row insert: update concedii set id_angajat=? where id=?
21:22:58.776 [Test worker] DEBUG org.hibernate.persister.collection.AbstractCollectionPersister -  Row update: update concedii set  where id=?
21:22:58.776 [Test worker] DEBUG org.hibernate.persister.collection.AbstractCollectionPersister -  Row delete: update concedii set id_angajat=null where id_angajat=? and id=?
21:22:58.776 [Test worker] DEBUG org.hibernate.persister.collection.AbstractCollectionPersister -  One-shot delete: update concedii set id_angajat=null where id_angajat=?
21:22:58.776 [Test worker] DEBUG org.hibernate.persister.collection.AbstractCollectionPersister - Static SQL for collection: domain.Angajat.departamente
21:22:58.776 [Test worker] DEBUG org.hibernate.persister.collection.AbstractCollectionPersister -  Row insert: insert into angajati_departamente (id_angajat, id_departament) values (?, ?)
21:22:58.776 [Test worker] DEBUG org.hibernate.persister.collection.AbstractCollectionPersister -  Row update: update angajati_departamente set id_departament=? where id_angajat=? and id_departament=?
21:22:58.776 [Test worker] DEBUG org.hibernate.persister.collection.AbstractCollectionPersister -  Row delete: delete from angajati_departamente where id_angajat=? and id_departament=?
21:22:58.776 [Test worker] DEBUG org.hibernate.persister.collection.AbstractCollectionPersister -  One-shot delete: delete from angajati_departamente where id_angajat=?
21:22:58.776 [Test worker] DEBUG org.hibernate.persister.entity.AbstractEntityPersister - Static SQL for entity: domain.Functie
21:22:58.776 [Test worker] DEBUG org.hibernate.persister.entity.AbstractEntityPersister -  Version select: select id from functii where id =?
21:22:58.776 [Test worker] DEBUG org.hibernate.persister.entity.AbstractEntityPersister -  Snapshot select: select functie_.id, functie_.salar_de_baza as salar_de2_5_ from functii functie_ where functie_.id=?
21:22:58.776 [Test worker] DEBUG org.hibernate.persister.entity.AbstractEntityPersister -  Insert 0: insert into functii (salar_de_baza, id) values (?, ?)
21:22:58.776 [Test worker] DEBUG org.hibernate.persister.entity.AbstractEntityPersister -  Update 0: update functii set salar_de_baza=? where id=?
21:22:58.776 [Test worker] DEBUG org.hibernate.persister.entity.AbstractEntityPersister -  Delete 0: delete from functii where id=?
21:22:58.776 [Test worker] DEBUG org.hibernate.persister.entity.AbstractEntityPersister -  Identity insert: insert into functii (salar_de_baza) values (?)
21:22:58.776 [Test worker] DEBUG org.hibernate.loader.plan.build.internal.spaces.QuerySpacesImpl - Adding QuerySpace : uid = <gen:0> -> org.hibernate.loader.plan.build.internal.spaces.EntityQuerySpaceImpl@56aec929]
21:22:58.776 [Test worker] DEBUG org.hibernate.persister.walking.spi.MetamodelGraphWalker - Visiting attribute path : salarDeBaza
21:22:58.776 [Test worker] DEBUG org.hibernate.loader.plan.build.internal.FetchStyleLoadPlanBuildingAssociationVisitationStrategy - Building LoadPlan...
21:22:58.776 [Test worker] DEBUG org.hibernate.loader.plan.exec.internal.LoadQueryJoinAndFetchProcessor - processing queryspace <gen:0>
21:22:58.776 [Test worker] DEBUG org.hibernate.loader.plan.build.spi.LoadPlanTreePrinter - LoadPlan(entity=domain.Functie)
    - Returns
       - EntityReturnImpl(entity=domain.Functie, querySpaceUid=<gen:0>, path=domain.Functie)
    - QuerySpaces
       - EntityQuerySpaceImpl(uid=<gen:0>, entity=domain.Functie)
          - SQL table alias mapping - functie0_
          - alias suffix - 0_
          - suffixed key columns - {id1_5_0_}

21:22:58.776 [Test worker] DEBUG org.hibernate.loader.entity.plan.EntityLoader - Static select for entity domain.Functie [NONE]: select functie0_.id as id1_5_0_, functie0_.salar_de_baza as salar_de2_5_0_ from functii functie0_ where functie0_.id=?
21:22:58.776 [Test worker] DEBUG org.hibernate.persister.entity.AbstractEntityPersister - Static SQL for entity: domain.Departament
21:22:58.776 [Test worker] DEBUG org.hibernate.persister.entity.AbstractEntityPersister -  Version select: select id from departamente where id =?
21:22:58.776 [Test worker] DEBUG org.hibernate.persister.entity.AbstractEntityPersister -  Snapshot select: select departamen_.id, departamen_.id_director as id_direc2_4_ from departamente departamen_ where departamen_.id=?
21:22:58.776 [Test worker] DEBUG org.hibernate.persister.entity.AbstractEntityPersister -  Insert 0: insert into departamente (id_director, id) values (?, ?)
21:22:58.776 [Test worker] DEBUG org.hibernate.persister.entity.AbstractEntityPersister -  Update 0: update departamente set id_director=? where id=?
21:22:58.776 [Test worker] DEBUG org.hibernate.persister.entity.AbstractEntityPersister -  Delete 0: delete from departamente where id=?
21:22:58.776 [Test worker] DEBUG org.hibernate.persister.entity.AbstractEntityPersister -  Identity insert: insert into departamente (id_director) values (?)
21:22:58.776 [Test worker] DEBUG org.hibernate.loader.plan.build.internal.spaces.QuerySpacesImpl - Adding QuerySpace : uid = <gen:0> -> org.hibernate.loader.plan.build.internal.spaces.EntityQuerySpaceImpl@47a574b1]
21:22:58.776 [Test worker] DEBUG org.hibernate.persister.walking.spi.MetamodelGraphWalker - Visiting attribute path : idDirector
21:22:58.776 [Test worker] DEBUG org.hibernate.loader.plan.build.internal.FetchStyleLoadPlanBuildingAssociationVisitationStrategy - Building LoadPlan...
21:22:58.776 [Test worker] DEBUG org.hibernate.loader.plan.exec.internal.LoadQueryJoinAndFetchProcessor - processing queryspace <gen:0>
21:22:58.776 [Test worker] DEBUG org.hibernate.loader.plan.build.spi.LoadPlanTreePrinter - LoadPlan(entity=domain.Departament)
    - Returns
       - EntityReturnImpl(entity=domain.Departament, querySpaceUid=<gen:0>, path=domain.Departament)
    - QuerySpaces
       - EntityQuerySpaceImpl(uid=<gen:0>, entity=domain.Departament)
          - SQL table alias mapping - departamen0_
          - alias suffix - 0_
          - suffixed key columns - {id1_4_0_}

21:22:58.776 [Test worker] DEBUG org.hibernate.loader.entity.plan.EntityLoader - Static select for entity domain.Departament [NONE]: select departamen0_.id as id1_4_0_, departamen0_.id_director as id_direc2_4_0_ from departamente departamen0_ where departamen0_.id=?
21:22:58.776 [Test worker] DEBUG org.hibernate.persister.entity.AbstractEntityPersister - Static SQL for entity: domain.Angajat
21:22:58.776 [Test worker] DEBUG org.hibernate.persister.entity.AbstractEntityPersister -  Version select: select id from angajati where id =?
21:22:58.776 [Test worker] DEBUG org.hibernate.persister.entity.AbstractEntityPersister -  Snapshot select: select angajat_.id, angajat_.data_angajare as data_ang2_0_, angajat_.functie_id as functie_4_0_, angajat_.id_superior as id_super3_0_ from angajati angajat_ where angajat_.id=?
21:22:58.776 [Test worker] DEBUG org.hibernate.persister.entity.AbstractEntityPersister -  Insert 0: insert into angajati (data_angajare, functie_id, id_superior, id) values (?, ?, ?, ?)
21:22:58.776 [Test worker] DEBUG org.hibernate.persister.entity.AbstractEntityPersister -  Update 0: update angajati set data_angajare=?, functie_id=?, id_superior=? where id=?
21:22:58.776 [Test worker] DEBUG org.hibernate.persister.entity.AbstractEntityPersister -  Delete 0: delete from angajati where id=?
21:22:58.776 [Test worker] DEBUG org.hibernate.persister.entity.AbstractEntityPersister -  Identity insert: insert into angajati (data_angajare, functie_id, id_superior) values (?, ?, ?)
21:22:58.776 [Test worker] DEBUG org.hibernate.loader.plan.build.internal.spaces.QuerySpacesImpl - Adding QuerySpace : uid = <gen:0> -> org.hibernate.loader.plan.build.internal.spaces.EntityQuerySpaceImpl@41fe3fdb]
21:22:58.776 [Test worker] DEBUG org.hibernate.persister.walking.spi.MetamodelGraphWalker - Visiting attribute path : concedii
21:22:58.776 [Test worker] DEBUG org.hibernate.loader.plan.build.internal.spaces.QuerySpacesImpl - Adding QuerySpace : uid = <gen:1> -> org.hibernate.loader.plan.build.internal.spaces.CollectionQuerySpaceImpl@2340f1a8]
21:22:58.776 [Test worker] DEBUG org.hibernate.loader.plan.build.internal.spaces.QuerySpacesImpl - Adding QuerySpace : uid = <gen:2> -> org.hibernate.loader.plan.build.internal.spaces.EntityQuerySpaceImpl@8781371]
21:22:58.776 [Test worker] DEBUG org.hibernate.persister.walking.spi.MetamodelGraphWalker - Visiting attribute path : dataAngajare
21:22:58.776 [Test worker] DEBUG org.hibernate.persister.walking.spi.MetamodelGraphWalker - Visiting attribute path : departamente
21:22:58.776 [Test worker] DEBUG org.hibernate.loader.plan.build.internal.spaces.QuerySpacesImpl - Adding QuerySpace : uid = <gen:3> -> org.hibernate.loader.plan.build.internal.spaces.CollectionQuerySpaceImpl@3848e542]
21:22:58.776 [Test worker] DEBUG org.hibernate.loader.plan.build.internal.spaces.QuerySpacesImpl - Adding QuerySpace : uid = <gen:4> -> org.hibernate.loader.plan.build.internal.spaces.EntityQuerySpaceImpl@17ebfadf]
21:22:58.776 [Test worker] DEBUG org.hibernate.persister.walking.spi.MetamodelGraphWalker - Visiting attribute path : functie
21:22:58.776 [Test worker] DEBUG org.hibernate.loader.plan.build.internal.spaces.QuerySpacesImpl - Adding QuerySpace : uid = <gen:5> -> org.hibernate.loader.plan.build.internal.spaces.EntityQuerySpaceImpl@3382943b]
21:22:58.776 [Test worker] DEBUG org.hibernate.persister.walking.spi.MetamodelGraphWalker - Visiting attribute path : functie.salarDeBaza
21:22:58.776 [Test worker] DEBUG org.hibernate.persister.walking.spi.MetamodelGraphWalker - Visiting attribute path : idSuperior
21:22:58.776 [Test worker] DEBUG org.hibernate.persister.walking.spi.MetamodelGraphWalker - Visiting attribute path : proiecte
21:22:58.776 [Test worker] DEBUG org.hibernate.loader.plan.build.internal.spaces.QuerySpacesImpl - Adding QuerySpace : uid = <gen:6> -> org.hibernate.loader.plan.build.internal.spaces.CollectionQuerySpaceImpl@4b47273]
21:22:58.776 [Test worker] DEBUG org.hibernate.loader.plan.build.internal.spaces.QuerySpacesImpl - Adding QuerySpace : uid = <gen:7> -> org.hibernate.loader.plan.build.internal.spaces.EntityQuerySpaceImpl@4c415d38]
21:22:58.776 [Test worker] DEBUG org.hibernate.loader.plan.build.internal.FetchStyleLoadPlanBuildingAssociationVisitationStrategy - Building LoadPlan...
21:22:58.776 [Test worker] DEBUG org.hibernate.loader.plan.exec.internal.LoadQueryJoinAndFetchProcessor - processing queryspace <gen:0>
21:22:58.776 [Test worker] DEBUG org.hibernate.loader.plan.build.spi.LoadPlanTreePrinter - LoadPlan(entity=domain.Angajat)
    - Returns
       - EntityReturnImpl(entity=domain.Angajat, querySpaceUid=<gen:0>, path=domain.Angajat)
          - CollectionAttributeFetchImpl(collection=domain.Angajat.concedii, querySpaceUid=<gen:1>, path=domain.Angajat.concedii)
             - (collection element) CollectionFetchableElementEntityGraph(entity=domain.Concediu, querySpaceUid=<gen:2>, path=domain.Angajat.concedii.<elements>)
          - CollectionAttributeFetchImpl(collection=domain.Angajat.departamente, querySpaceUid=<gen:3>, path=domain.Angajat.departamente)
             - (collection element) CollectionFetchableElementEntityGraph(entity=domain.Departament, querySpaceUid=<gen:4>, path=domain.Angajat.departamente.<elements>)
          - EntityAttributeFetchImpl(entity=domain.Functie, querySpaceUid=<gen:5>, path=domain.Angajat.functie)
          - CollectionAttributeFetchImpl(collection=domain.Angajat.proiecte, querySpaceUid=<gen:6>, path=domain.Angajat.proiecte)
             - (collection element) CollectionFetchableElementEntityGraph(entity=domain.Proiect, querySpaceUid=<gen:7>, path=domain.Angajat.proiecte.<elements>)
    - QuerySpaces
       - EntityQuerySpaceImpl(uid=<gen:0>, entity=domain.Angajat)
          - SQL table alias mapping - angajat0_
          - alias suffix - 0_
          - suffixed key columns - {id1_0_0_}
          - JOIN (JoinDefinedByMetadata(functie)) : <gen:0> -> <gen:5>
             - EntityQuerySpaceImpl(uid=<gen:5>, entity=domain.Functie)
                - SQL table alias mapping - functie1_
                - alias suffix - 1_
                - suffixed key columns - {id1_5_1_}

21:22:58.776 [Test worker] DEBUG org.hibernate.loader.entity.plan.EntityLoader - Static select for entity domain.Angajat [NONE]: select angajat0_.id as id1_0_0_, angajat0_.data_angajare as data_ang2_0_0_, angajat0_.functie_id as functie_4_0_0_, angajat0_.id_superior as id_super3_0_0_, functie1_.id as id1_5_1_, functie1_.salar_de_baza as salar_de2_5_1_ from angajati angajat0_ left outer join functii functie1_ on angajat0_.functie_id=functie1_.id where angajat0_.id=?
21:22:58.776 [Test worker] DEBUG org.hibernate.persister.entity.AbstractEntityPersister - Static SQL for entity: domain.Proiect
21:22:58.776 [Test worker] DEBUG org.hibernate.persister.entity.AbstractEntityPersister -  Version select: select id from proiecte where id =?
21:22:58.776 [Test worker] DEBUG org.hibernate.persister.entity.AbstractEntityPersister -  Snapshot select: select proiect_.id, proiect_.data_inceput as data_inc2_6_, proiect_.deadline as deadline3_6_ from proiecte proiect_ where proiect_.id=?
21:22:58.776 [Test worker] DEBUG org.hibernate.persister.entity.AbstractEntityPersister -  Insert 0: insert into proiecte (data_inceput, deadline, id) values (?, ?, ?)
21:22:58.776 [Test worker] DEBUG org.hibernate.persister.entity.AbstractEntityPersister -  Update 0: update proiecte set data_inceput=?, deadline=? where id=?
21:22:58.776 [Test worker] DEBUG org.hibernate.persister.entity.AbstractEntityPersister -  Delete 0: delete from proiecte where id=?
21:22:58.776 [Test worker] DEBUG org.hibernate.persister.entity.AbstractEntityPersister -  Identity insert: insert into proiecte (data_inceput, deadline) values (?, ?)
21:22:58.776 [Test worker] DEBUG org.hibernate.loader.plan.build.internal.spaces.QuerySpacesImpl - Adding QuerySpace : uid = <gen:0> -> org.hibernate.loader.plan.build.internal.spaces.EntityQuerySpaceImpl@6b453bc7]
21:22:58.776 [Test worker] DEBUG org.hibernate.persister.walking.spi.MetamodelGraphWalker - Visiting attribute path : dataInceput
21:22:58.776 [Test worker] DEBUG org.hibernate.persister.walking.spi.MetamodelGraphWalker - Visiting attribute path : deadline
21:22:58.776 [Test worker] DEBUG org.hibernate.loader.plan.build.internal.FetchStyleLoadPlanBuildingAssociationVisitationStrategy - Building LoadPlan...
21:22:58.791 [Test worker] DEBUG org.hibernate.loader.plan.exec.internal.LoadQueryJoinAndFetchProcessor - processing queryspace <gen:0>
21:22:58.791 [Test worker] DEBUG org.hibernate.loader.plan.build.spi.LoadPlanTreePrinter - LoadPlan(entity=domain.Proiect)
    - Returns
       - EntityReturnImpl(entity=domain.Proiect, querySpaceUid=<gen:0>, path=domain.Proiect)
    - QuerySpaces
       - EntityQuerySpaceImpl(uid=<gen:0>, entity=domain.Proiect)
          - SQL table alias mapping - proiect0_
          - alias suffix - 0_
          - suffixed key columns - {id1_6_0_}

21:22:58.791 [Test worker] DEBUG org.hibernate.loader.entity.plan.EntityLoader - Static select for entity domain.Proiect [NONE]: select proiect0_.id as id1_6_0_, proiect0_.data_inceput as data_inc2_6_0_, proiect0_.deadline as deadline3_6_0_ from proiecte proiect0_ where proiect0_.id=?
21:22:58.791 [Test worker] DEBUG org.hibernate.persister.entity.AbstractEntityPersister - Static SQL for entity: domain.Concediu
21:22:58.791 [Test worker] DEBUG org.hibernate.persister.entity.AbstractEntityPersister -  Version select: select id from concedii where id =?
21:22:58.791 [Test worker] DEBUG org.hibernate.persister.entity.AbstractEntityPersister -  Snapshot select: select concediu_.id, concediu_.id_angajat as id_angaj4_3_, concediu_.data_inceput as data_inc2_3_, concediu_.data_sfarsit as data_sfa3_3_ from concedii concediu_ where concediu_.id=?
21:22:58.791 [Test worker] DEBUG org.hibernate.persister.entity.AbstractEntityPersister -  Insert 0: insert into concedii (id_angajat, data_inceput, data_sfarsit, id) values (?, ?, ?, ?)
21:22:58.791 [Test worker] DEBUG org.hibernate.persister.entity.AbstractEntityPersister -  Update 0: update concedii set id_angajat=?, data_inceput=?, data_sfarsit=? where id=?
21:22:58.791 [Test worker] DEBUG org.hibernate.persister.entity.AbstractEntityPersister -  Delete 0: delete from concedii where id=?
21:22:58.791 [Test worker] DEBUG org.hibernate.persister.entity.AbstractEntityPersister -  Identity insert: insert into concedii (id_angajat, data_inceput, data_sfarsit) values (?, ?, ?)
21:22:58.791 [Test worker] DEBUG org.hibernate.loader.plan.build.internal.spaces.QuerySpacesImpl - Adding QuerySpace : uid = <gen:0> -> org.hibernate.loader.plan.build.internal.spaces.EntityQuerySpaceImpl@780d6e94]
21:22:58.791 [Test worker] DEBUG org.hibernate.persister.walking.spi.MetamodelGraphWalker - Visiting attribute path : angajat
21:22:58.791 [Test worker] DEBUG org.hibernate.loader.plan.build.internal.spaces.QuerySpacesImpl - Adding QuerySpace : uid = <gen:1> -> org.hibernate.loader.plan.build.internal.spaces.EntityQuerySpaceImpl@7c3acb28]
21:22:58.791 [Test worker] DEBUG org.hibernate.persister.walking.spi.MetamodelGraphWalker - Visiting attribute path : dataInceput
21:22:58.791 [Test worker] DEBUG org.hibernate.persister.walking.spi.MetamodelGraphWalker - Visiting attribute path : dataSfarsit
21:22:58.791 [Test worker] DEBUG org.hibernate.loader.plan.build.internal.FetchStyleLoadPlanBuildingAssociationVisitationStrategy - Building LoadPlan...
21:22:58.791 [Test worker] DEBUG org.hibernate.loader.plan.exec.internal.LoadQueryJoinAndFetchProcessor - processing queryspace <gen:0>
21:22:58.791 [Test worker] DEBUG org.hibernate.loader.plan.build.spi.LoadPlanTreePrinter - LoadPlan(entity=domain.Concediu)
    - Returns
       - EntityReturnImpl(entity=domain.Concediu, querySpaceUid=<gen:0>, path=domain.Concediu)
          - EntityAttributeFetchImpl(entity=domain.Angajat, querySpaceUid=<gen:1>, path=domain.Concediu.angajat)
    - QuerySpaces
       - EntityQuerySpaceImpl(uid=<gen:0>, entity=domain.Concediu)
          - SQL table alias mapping - concediu0_
          - alias suffix - 0_
          - suffixed key columns - {id1_3_0_}

21:22:58.791 [Test worker] DEBUG org.hibernate.loader.entity.plan.EntityLoader - Static select for entity domain.Concediu [NONE]: select concediu0_.id as id1_3_0_, concediu0_.id_angajat as id_angaj4_3_0_, concediu0_.data_inceput as data_inc2_3_0_, concediu0_.data_sfarsit as data_sfa3_3_0_ from concedii concediu0_ where concediu0_.id=?
21:22:58.791 [Test worker] DEBUG org.hibernate.loader.plan.build.internal.spaces.QuerySpacesImpl - Adding QuerySpace : uid = <gen:0> -> org.hibernate.loader.plan.build.internal.spaces.CollectionQuerySpaceImpl@4e42468b]
21:22:58.791 [Test worker] DEBUG org.hibernate.loader.plan.build.internal.spaces.QuerySpacesImpl - Adding QuerySpace : uid = <gen:1> -> org.hibernate.loader.plan.build.internal.spaces.EntityQuerySpaceImpl@5d28f819]
21:22:58.791 [Test worker] DEBUG org.hibernate.persister.walking.spi.MetamodelGraphWalker - Visiting attribute path : dataInceput
21:22:58.791 [Test worker] DEBUG org.hibernate.persister.walking.spi.MetamodelGraphWalker - Visiting attribute path : deadline
21:22:58.791 [Test worker] DEBUG org.hibernate.loader.plan.build.internal.FetchStyleLoadPlanBuildingAssociationVisitationStrategy - Building LoadPlan...
21:22:58.791 [Test worker] DEBUG org.hibernate.loader.plan.exec.internal.LoadQueryJoinAndFetchProcessor - processing queryspace <gen:0>
21:22:58.791 [Test worker] DEBUG org.hibernate.loader.plan.build.spi.LoadPlanTreePrinter - LoadPlan(collection=domain.Angajat.proiecte)
    - Returns
       - CollectionReturnImpl(collection=domain.Angajat.proiecte, querySpaceUid=<gen:0>, path=[domain.Angajat.proiecte])
          - (collection element) CollectionFetchableElementEntityGraph(entity=domain.Proiect, querySpaceUid=<gen:1>, path=[domain.Angajat.proiecte].<elements>)
    - QuerySpaces
       - CollectionQuerySpaceImpl(uid=<gen:0>, collection=domain.Angajat.proiecte)
          - SQL table alias mapping - proiecte0_
          - alias suffix - 0_
          - suffixed key columns - {id_angaj1_2_0_}
          - entity-element alias suffix - 1_
          - 1_entity-element suffixed key columns - id1_6_1_
          - JOIN (JoinDefinedByMetadata(elements)) : <gen:0> -> <gen:1>
             - EntityQuerySpaceImpl(uid=<gen:1>, entity=domain.Proiect)
                - SQL table alias mapping - proiect1_
                - alias suffix - 1_
                - suffixed key columns - {id1_6_1_}

21:22:58.791 [Test worker] DEBUG org.hibernate.loader.collection.plan.CollectionLoader - Static select for collection domain.Angajat.proiecte: select proiecte0_.id_angajat as id_angaj1_2_0_, proiecte0_.id_proiect as id_proie2_2_0_, proiect1_.id as id1_6_1_, proiect1_.data_inceput as data_inc2_6_1_, proiect1_.deadline as deadline3_6_1_ from angajati_proiecte proiecte0_ inner join proiecte proiect1_ on proiecte0_.id_proiect=proiect1_.id where proiecte0_.id_angajat=?
21:22:58.791 [Test worker] DEBUG org.hibernate.loader.plan.build.internal.spaces.QuerySpacesImpl - Adding QuerySpace : uid = <gen:0> -> org.hibernate.loader.plan.build.internal.spaces.CollectionQuerySpaceImpl@fadf037]
21:22:58.791 [Test worker] DEBUG org.hibernate.loader.plan.build.internal.spaces.QuerySpacesImpl - Adding QuerySpace : uid = <gen:1> -> org.hibernate.loader.plan.build.internal.spaces.EntityQuerySpaceImpl@155f39eb]
21:22:58.791 [Test worker] DEBUG org.hibernate.persister.walking.spi.MetamodelGraphWalker - Visiting attribute path : angajat
21:22:58.791 [Test worker] DEBUG org.hibernate.persister.walking.spi.MetamodelGraphWalker - Property path deemed to be circular : angajat
21:22:58.791 [Test worker] DEBUG org.hibernate.persister.walking.spi.MetamodelGraphWalker - Visiting attribute path : dataInceput
21:22:58.791 [Test worker] DEBUG org.hibernate.persister.walking.spi.MetamodelGraphWalker - Visiting attribute path : dataSfarsit
21:22:58.791 [Test worker] DEBUG org.hibernate.loader.plan.build.internal.FetchStyleLoadPlanBuildingAssociationVisitationStrategy - Building LoadPlan...
21:22:58.791 [Test worker] DEBUG org.hibernate.loader.plan.exec.internal.LoadQueryJoinAndFetchProcessor - processing queryspace <gen:0>
21:22:58.791 [Test worker] DEBUG org.hibernate.loader.plan.build.spi.LoadPlanTreePrinter - LoadPlan(collection=domain.Angajat.concedii)
    - Returns
       - CollectionReturnImpl(collection=domain.Angajat.concedii, querySpaceUid=<gen:0>, path=[domain.Angajat.concedii])
          - (collection element) CollectionFetchableElementEntityGraph(entity=domain.Concediu, querySpaceUid=<gen:1>, path=[domain.Angajat.concedii].<elements>)
    - QuerySpaces
       - CollectionQuerySpaceImpl(uid=<gen:0>, collection=domain.Angajat.concedii)
          - SQL table alias mapping - concedii0_
          - alias suffix - 0_
          - suffixed key columns - {id_angaj4_3_0_}
          - entity-element alias suffix - 1_
          - 1_entity-element suffixed key columns - id1_3_1_
          - JOIN (JoinDefinedByMetadata(elements)) : <gen:0> -> <gen:1>
             - EntityQuerySpaceImpl(uid=<gen:1>, entity=domain.Concediu)
                - SQL table alias mapping - concedii0_
                - alias suffix - 1_
                - suffixed key columns - {id1_3_1_}

21:22:58.791 [Test worker] DEBUG org.hibernate.loader.collection.plan.CollectionLoader - Static select for collection domain.Angajat.concedii: select concedii0_.id_angajat as id_angaj4_3_0_, concedii0_.id as id1_3_0_, concedii0_.id as id1_3_1_, concedii0_.id_angajat as id_angaj4_3_1_, concedii0_.data_inceput as data_inc2_3_1_, concedii0_.data_sfarsit as data_sfa3_3_1_ from concedii concedii0_ where concedii0_.id_angajat=?
21:22:58.791 [Test worker] DEBUG org.hibernate.loader.plan.build.internal.spaces.QuerySpacesImpl - Adding QuerySpace : uid = <gen:0> -> org.hibernate.loader.plan.build.internal.spaces.CollectionQuerySpaceImpl@108310ed]
21:22:58.791 [Test worker] DEBUG org.hibernate.loader.plan.build.internal.spaces.QuerySpacesImpl - Adding QuerySpace : uid = <gen:1> -> org.hibernate.loader.plan.build.internal.spaces.EntityQuerySpaceImpl@7c7ff377]
21:22:58.791 [Test worker] DEBUG org.hibernate.persister.walking.spi.MetamodelGraphWalker - Visiting attribute path : idDirector
21:22:58.791 [Test worker] DEBUG org.hibernate.loader.plan.build.internal.FetchStyleLoadPlanBuildingAssociationVisitationStrategy - Building LoadPlan...
21:22:58.791 [Test worker] DEBUG org.hibernate.loader.plan.exec.internal.LoadQueryJoinAndFetchProcessor - processing queryspace <gen:0>
21:22:58.791 [Test worker] DEBUG org.hibernate.loader.plan.build.spi.LoadPlanTreePrinter - LoadPlan(collection=domain.Angajat.departamente)
    - Returns
       - CollectionReturnImpl(collection=domain.Angajat.departamente, querySpaceUid=<gen:0>, path=[domain.Angajat.departamente])
          - (collection element) CollectionFetchableElementEntityGraph(entity=domain.Departament, querySpaceUid=<gen:1>, path=[domain.Angajat.departamente].<elements>)
    - QuerySpaces
       - CollectionQuerySpaceImpl(uid=<gen:0>, collection=domain.Angajat.departamente)
          - SQL table alias mapping - departamen0_
          - alias suffix - 0_
          - suffixed key columns - {id_angaj1_1_0_}
          - entity-element alias suffix - 1_
          - 1_entity-element suffixed key columns - id1_4_1_
          - JOIN (JoinDefinedByMetadata(elements)) : <gen:0> -> <gen:1>
             - EntityQuerySpaceImpl(uid=<gen:1>, entity=domain.Departament)
                - SQL table alias mapping - departamen1_
                - alias suffix - 1_
                - suffixed key columns - {id1_4_1_}

21:22:58.791 [Test worker] DEBUG org.hibernate.loader.collection.plan.CollectionLoader - Static select for collection domain.Angajat.departamente: select departamen0_.id_angajat as id_angaj1_1_0_, departamen0_.id_departament as id_depar2_1_0_, departamen1_.id as id1_4_1_, departamen1_.id_director as id_direc2_4_1_ from angajati_departamente departamen0_ inner join departamente departamen1_ on departamen0_.id_departament=departamen1_.id where departamen0_.id_angajat=?
21:22:58.791 [Test worker] INFO org.hibernate.orm.connections.access - HHH10001501: Connection obtained from JdbcConnectionAccess [org.hibernate.engine.jdbc.env.internal.JdbcEnvironmentInitiator$ConnectionProviderJdbcConnectionAccess@580092bc] for (non-JTA) DDL execution was not in auto-commit mode; the Connection 'local transaction' will be committed and the Connection will be set into auto-commit mode.
21:22:58.791 [Test worker] DEBUG org.hibernate.mapping.Table - No alter strings for table : angajati
21:22:58.791 [Test worker] DEBUG org.hibernate.mapping.Table - No alter strings for table : angajati_departamente
21:22:58.791 [Test worker] DEBUG org.hibernate.mapping.Table - No alter strings for table : angajati_proiecte
21:22:58.791 [Test worker] DEBUG org.hibernate.mapping.Table - No alter strings for table : concedii
21:22:58.791 [Test worker] DEBUG org.hibernate.mapping.Table - No alter strings for table : departamente
21:22:58.791 [Test worker] DEBUG org.hibernate.mapping.Table - No alter strings for table : functii
21:22:58.791 [Test worker] DEBUG org.hibernate.mapping.Table - No alter strings for table : proiecte
21:22:58.791 [Test worker] DEBUG org.hibernate.query.spi.NamedQueryRepository - Checking 0 named HQL queries
21:22:58.791 [Test worker] DEBUG org.hibernate.query.spi.NamedQueryRepository - Checking 0 named SQL queries
21:22:58.791 [Test worker] DEBUG org.hibernate.internal.SessionFactoryRegistry - Registering SessionFactory: fc4c0aed-fbe0-446a-b1c9-bb874c0b46c2 (<unnamed>)
21:22:58.791 [Test worker] DEBUG org.hibernate.internal.SessionFactoryRegistry - Not binding SessionFactory to JNDI, no JNDI name configured
21:22:58.791 [Test worker] DEBUG org.hibernate.integrator.internal.IntegratorServiceImpl - Adding Integrator [org.hibernate.cfg.beanvalidation.BeanValidationIntegrator].
21:22:58.791 [Test worker] DEBUG org.hibernate.integrator.internal.IntegratorServiceImpl - Adding Integrator [org.hibernate.secure.spi.JaccIntegrator].
21:22:58.791 [Test worker] DEBUG org.hibernate.integrator.internal.IntegratorServiceImpl - Adding Integrator [org.hibernate.cache.internal.CollectionCacheInvalidator].
21:22:58.791 [Test worker] DEBUG org.hibernate.boot.jaxb.internal.stax.LocalXmlResourceResolver - Interpreting public/system identifier : [-//Hibernate/Hibernate Configuration DTD 3.0//EN] - [http://hibernate.org/dtd/hibernate-configuration-3.0.dtd]
21:22:58.822 [Test worker] DEBUG org.hibernate.boot.cfgxml.internal.JaxbCfgProcessor - cfg.xml document did not define namespaces; wrapping in custom event reader to introduce namespace information
21:22:58.854 [Test worker] DEBUG org.hibernate.service.spi.ServiceBinding - Overriding existing service binding [org.hibernate.secure.spi.JaccService]
21:22:58.854 [Test worker] DEBUG org.hibernate.cache.internal.RegionFactoryInitiator - Cannot default RegionFactory based on registered strategies as `[]` RegionFactory strategies were registered
21:22:58.854 [Test worker] DEBUG org.hibernate.cache.internal.RegionFactoryInitiator - Cache region factory : org.hibernate.cache.internal.NoCachingRegionFactory
21:22:58.854 [Test worker] DEBUG org.hibernate.type.BasicTypeRegistry - Adding type registration boolean -> org.hibernate.type.BooleanType@121b529f
21:22:58.854 [Test worker] DEBUG org.hibernate.type.BasicTypeRegistry - Adding type registration boolean -> org.hibernate.type.BooleanType@121b529f
21:22:58.854 [Test worker] DEBUG org.hibernate.type.BasicTypeRegistry - Adding type registration java.lang.Boolean -> org.hibernate.type.BooleanType@121b529f
21:22:58.854 [Test worker] DEBUG org.hibernate.type.BasicTypeRegistry - Adding type registration numeric_boolean -> org.hibernate.type.NumericBooleanType@7dc81433
21:22:58.854 [Test worker] DEBUG org.hibernate.type.BasicTypeRegistry - Adding type registration true_false -> org.hibernate.type.TrueFalseType@60c371da
21:22:58.854 [Test worker] DEBUG org.hibernate.type.BasicTypeRegistry - Adding type registration yes_no -> org.hibernate.type.YesNoType@51ef89fc
21:22:58.854 [Test worker] DEBUG org.hibernate.type.BasicTypeRegistry - Adding type registration byte -> org.hibernate.type.ByteType@1502feca
21:22:58.854 [Test worker] DEBUG org.hibernate.type.BasicTypeRegistry - Adding type registration byte -> org.hibernate.type.ByteType@1502feca
21:22:58.854 [Test worker] DEBUG org.hibernate.type.BasicTypeRegistry - Adding type registration java.lang.Byte -> org.hibernate.type.ByteType@1502feca
21:22:58.854 [Test worker] DEBUG org.hibernate.type.BasicTypeRegistry - Adding type registration character -> org.hibernate.type.CharacterType@5aca38b4
21:22:58.854 [Test worker] DEBUG org.hibernate.type.BasicTypeRegistry - Adding type registration char -> org.hibernate.type.CharacterType@5aca38b4
21:22:58.854 [Test worker] DEBUG org.hibernate.type.BasicTypeRegistry - Adding type registration java.lang.Character -> org.hibernate.type.CharacterType@5aca38b4
21:22:58.854 [Test worker] DEBUG org.hibernate.type.BasicTypeRegistry - Adding type registration short -> org.hibernate.type.ShortType@212db0b9
21:22:58.854 [Test worker] DEBUG org.hibernate.type.BasicTypeRegistry - Adding type registration short -> org.hibernate.type.ShortType@212db0b9
21:22:58.854 [Test worker] DEBUG org.hibernate.type.BasicTypeRegistry - Adding type registration java.lang.Short -> org.hibernate.type.ShortType@212db0b9
21:22:58.854 [Test worker] DEBUG org.hibernate.type.BasicTypeRegistry - Adding type registration integer -> org.hibernate.type.IntegerType@14f541d2
21:22:58.854 [Test worker] DEBUG org.hibernate.type.BasicTypeRegistry - Adding type registration int -> org.hibernate.type.IntegerType@14f541d2
21:22:58.854 [Test worker] DEBUG org.hibernate.type.BasicTypeRegistry - Adding type registration java.lang.Integer -> org.hibernate.type.IntegerType@14f541d2
21:22:58.854 [Test worker] DEBUG org.hibernate.type.BasicTypeRegistry - Adding type registration long -> org.hibernate.type.LongType@357c5fef
21:22:58.854 [Test worker] DEBUG org.hibernate.type.BasicTypeRegistry - Adding type registration long -> org.hibernate.type.LongType@357c5fef
21:22:58.854 [Test worker] DEBUG org.hibernate.type.BasicTypeRegistry - Adding type registration java.lang.Long -> org.hibernate.type.LongType@357c5fef
21:22:58.854 [Test worker] DEBUG org.hibernate.type.BasicTypeRegistry - Adding type registration float -> org.hibernate.type.FloatType@68835e55
21:22:58.854 [Test worker] DEBUG org.hibernate.type.BasicTypeRegistry - Adding type registration float -> org.hibernate.type.FloatType@68835e55
21:22:58.854 [Test worker] DEBUG org.hibernate.type.BasicTypeRegistry - Adding type registration java.lang.Float -> org.hibernate.type.FloatType@68835e55
21:22:58.854 [Test worker] DEBUG org.hibernate.type.BasicTypeRegistry - Adding type registration double -> org.hibernate.type.DoubleType@1db8c4bf
21:22:58.854 [Test worker] DEBUG org.hibernate.type.BasicTypeRegistry - Adding type registration double -> org.hibernate.type.DoubleType@1db8c4bf
21:22:58.854 [Test worker] DEBUG org.hibernate.type.BasicTypeRegistry - Adding type registration java.lang.Double -> org.hibernate.type.DoubleType@1db8c4bf
21:22:58.854 [Test worker] DEBUG org.hibernate.type.BasicTypeRegistry - Adding type registration big_decimal -> org.hibernate.type.BigDecimalType@2bd9f5a7
21:22:58.854 [Test worker] DEBUG org.hibernate.type.BasicTypeRegistry - Adding type registration java.math.BigDecimal -> org.hibernate.type.BigDecimalType@2bd9f5a7
21:22:58.854 [Test worker] DEBUG org.hibernate.type.BasicTypeRegistry - Adding type registration big_integer -> org.hibernate.type.BigIntegerType@67766712
21:22:58.854 [Test worker] DEBUG org.hibernate.type.BasicTypeRegistry - Adding type registration java.math.BigInteger -> org.hibernate.type.BigIntegerType@67766712
21:22:58.854 [Test worker] DEBUG org.hibernate.type.BasicTypeRegistry - Adding type registration string -> org.hibernate.type.StringType@5abe721f
21:22:58.854 [Test worker] DEBUG org.hibernate.type.BasicTypeRegistry - Adding type registration java.lang.String -> org.hibernate.type.StringType@5abe721f
21:22:58.854 [Test worker] DEBUG org.hibernate.type.BasicTypeRegistry - Adding type registration nstring -> org.hibernate.type.StringNVarcharType@5ca83c4b
21:22:58.854 [Test worker] DEBUG org.hibernate.type.BasicTypeRegistry - Adding type registration ncharacter -> org.hibernate.type.CharacterNCharType@181579aa
21:22:58.854 [Test worker] DEBUG org.hibernate.type.BasicTypeRegistry - Adding type registration url -> org.hibernate.type.UrlType@2d95e7ff
21:22:58.854 [Test worker] DEBUG org.hibernate.type.BasicTypeRegistry - Adding type registration java.net.URL -> org.hibernate.type.UrlType@2d95e7ff
21:22:58.854 [Test worker] DEBUG org.hibernate.type.BasicTypeRegistry - Adding type registration Duration -> org.hibernate.type.DurationType@1f6d6ec5
21:22:58.854 [Test worker] DEBUG org.hibernate.type.BasicTypeRegistry - Adding type registration java.time.Duration -> org.hibernate.type.DurationType@1f6d6ec5
21:22:58.854 [Test worker] DEBUG org.hibernate.type.BasicTypeRegistry - Adding type registration Instant -> org.hibernate.type.InstantType@799b3880
21:22:58.854 [Test worker] DEBUG org.hibernate.type.BasicTypeRegistry - Adding type registration java.time.Instant -> org.hibernate.type.InstantType@799b3880
21:22:58.854 [Test worker] DEBUG org.hibernate.type.BasicTypeRegistry - Adding type registration LocalDateTime -> org.hibernate.type.LocalDateTimeType@3c9b7dcd
21:22:58.854 [Test worker] DEBUG org.hibernate.type.BasicTypeRegistry - Adding type registration java.time.LocalDateTime -> org.hibernate.type.LocalDateTimeType@3c9b7dcd
21:22:58.854 [Test worker] DEBUG org.hibernate.type.BasicTypeRegistry - Adding type registration LocalDate -> org.hibernate.type.LocalDateType@73b9d317
21:22:58.854 [Test worker] DEBUG org.hibernate.type.BasicTypeRegistry - Adding type registration java.time.LocalDate -> org.hibernate.type.LocalDateType@73b9d317
21:22:58.854 [Test worker] DEBUG org.hibernate.type.BasicTypeRegistry - Adding type registration LocalTime -> org.hibernate.type.LocalTimeType@3e938176
21:22:58.854 [Test worker] DEBUG org.hibernate.type.BasicTypeRegistry - Adding type registration java.time.LocalTime -> org.hibernate.type.LocalTimeType@3e938176
21:22:58.854 [Test worker] DEBUG org.hibernate.type.BasicTypeRegistry - Adding type registration OffsetDateTime -> org.hibernate.type.OffsetDateTimeType@1006f6a5
21:22:58.854 [Test worker] DEBUG org.hibernate.type.BasicTypeRegistry - Adding type registration java.time.OffsetDateTime -> org.hibernate.type.OffsetDateTimeType@1006f6a5
21:22:58.854 [Test worker] DEBUG org.hibernate.type.BasicTypeRegistry - Adding type registration OffsetTime -> org.hibernate.type.OffsetTimeType@5ebf30b8
21:22:58.854 [Test worker] DEBUG org.hibernate.type.BasicTypeRegistry - Adding type registration java.time.OffsetTime -> org.hibernate.type.OffsetTimeType@5ebf30b8
21:22:58.854 [Test worker] DEBUG org.hibernate.type.BasicTypeRegistry - Adding type registration ZonedDateTime -> org.hibernate.type.ZonedDateTimeType@5ecdce3a
21:22:58.854 [Test worker] DEBUG org.hibernate.type.BasicTypeRegistry - Adding type registration java.time.ZonedDateTime -> org.hibernate.type.ZonedDateTimeType@5ecdce3a
21:22:58.854 [Test worker] DEBUG org.hibernate.type.BasicTypeRegistry - Adding type registration date -> org.hibernate.type.DateType@34878a9c
21:22:58.854 [Test worker] DEBUG org.hibernate.type.BasicTypeRegistry - Adding type registration java.sql.Date -> org.hibernate.type.DateType@34878a9c
21:22:58.854 [Test worker] DEBUG org.hibernate.type.BasicTypeRegistry - Adding type registration time -> org.hibernate.type.TimeType@4be75fc9
21:22:58.854 [Test worker] DEBUG org.hibernate.type.BasicTypeRegistry - Adding type registration java.sql.Time -> org.hibernate.type.TimeType@4be75fc9
21:22:58.854 [Test worker] DEBUG org.hibernate.type.BasicTypeRegistry - Adding type registration timestamp -> org.hibernate.type.TimestampType@cd6dcfb
21:22:58.854 [Test worker] DEBUG org.hibernate.type.BasicTypeRegistry - Adding type registration java.sql.Timestamp -> org.hibernate.type.TimestampType@cd6dcfb
21:22:58.854 [Test worker] DEBUG org.hibernate.type.BasicTypeRegistry - Adding type registration java.util.Date -> org.hibernate.type.TimestampType@cd6dcfb
21:22:58.854 [Test worker] DEBUG org.hibernate.type.BasicTypeRegistry - Adding type registration dbtimestamp -> org.hibernate.type.DbTimestampType@6f70db50
21:22:58.854 [Test worker] DEBUG org.hibernate.type.BasicTypeRegistry - Adding type registration calendar -> org.hibernate.type.CalendarType@232580e4
21:22:58.854 [Test worker] DEBUG org.hibernate.type.BasicTypeRegistry - Adding type registration java.util.Calendar -> org.hibernate.type.CalendarType@232580e4
21:22:58.854 [Test worker] DEBUG org.hibernate.type.BasicTypeRegistry - Adding type registration java.util.GregorianCalendar -> org.hibernate.type.CalendarType@232580e4
21:22:58.854 [Test worker] DEBUG org.hibernate.type.BasicTypeRegistry - Adding type registration calendar_date -> org.hibernate.type.CalendarDateType@2d226c99
21:22:58.854 [Test worker] DEBUG org.hibernate.type.BasicTypeRegistry - Adding type registration calendar_time -> org.hibernate.type.CalendarTimeType@5f0ca092
21:22:58.854 [Test worker] DEBUG org.hibernate.type.BasicTypeRegistry - Adding type registration locale -> org.hibernate.type.LocaleType@2e7d6fc7
21:22:58.854 [Test worker] DEBUG org.hibernate.type.BasicTypeRegistry - Adding type registration java.util.Locale -> org.hibernate.type.LocaleType@2e7d6fc7
21:22:58.854 [Test worker] DEBUG org.hibernate.type.BasicTypeRegistry - Adding type registration currency -> org.hibernate.type.CurrencyType@298b5abb
21:22:58.854 [Test worker] DEBUG org.hibernate.type.BasicTypeRegistry - Adding type registration java.util.Currency -> org.hibernate.type.CurrencyType@298b5abb
21:22:58.854 [Test worker] DEBUG org.hibernate.type.BasicTypeRegistry - Adding type registration timezone -> org.hibernate.type.TimeZoneType@6a7223ce
21:22:58.854 [Test worker] DEBUG org.hibernate.type.BasicTypeRegistry - Adding type registration java.util.TimeZone -> org.hibernate.type.TimeZoneType@6a7223ce
21:22:58.854 [Test worker] DEBUG org.hibernate.type.BasicTypeRegistry - Adding type registration class -> org.hibernate.type.ClassType@17c86e61
21:22:58.854 [Test worker] DEBUG org.hibernate.type.BasicTypeRegistry - Adding type registration java.lang.Class -> org.hibernate.type.ClassType@17c86e61
21:22:58.854 [Test worker] DEBUG org.hibernate.type.BasicTypeRegistry - Adding type registration uuid-binary -> org.hibernate.type.UUIDBinaryType@165a29f7
21:22:58.854 [Test worker] DEBUG org.hibernate.type.BasicTypeRegistry - Adding type registration java.util.UUID -> org.hibernate.type.UUIDBinaryType@165a29f7
21:22:58.854 [Test worker] DEBUG org.hibernate.type.BasicTypeRegistry - Adding type registration uuid-char -> org.hibernate.type.UUIDCharType@57061eb5
21:22:58.854 [Test worker] DEBUG org.hibernate.type.BasicTypeRegistry - Adding type registration binary -> org.hibernate.type.BinaryType@377a3a57
21:22:58.854 [Test worker] DEBUG org.hibernate.type.BasicTypeRegistry - Adding type registration byte[] -> org.hibernate.type.BinaryType@377a3a57
21:22:58.854 [Test worker] DEBUG org.hibernate.type.BasicTypeRegistry - Adding type registration [B -> org.hibernate.type.BinaryType@377a3a57
21:22:58.854 [Test worker] DEBUG org.hibernate.type.BasicTypeRegistry - Adding type registration wrapper-binary -> org.hibernate.type.WrapperBinaryType@15236686
21:22:58.854 [Test worker] DEBUG org.hibernate.type.BasicTypeRegistry - Adding type registration Byte[] -> org.hibernate.type.WrapperBinaryType@15236686
21:22:58.854 [Test worker] DEBUG org.hibernate.type.BasicTypeRegistry - Adding type registration [Ljava.lang.Byte; -> org.hibernate.type.WrapperBinaryType@15236686
21:22:58.854 [Test worker] DEBUG org.hibernate.type.BasicTypeRegistry - Adding type registration row_version -> org.hibernate.type.RowVersionType@480544d3
21:22:58.854 [Test worker] DEBUG org.hibernate.type.BasicTypeRegistry - Adding type registration image -> org.hibernate.type.ImageType@a74733d
21:22:58.854 [Test worker] DEBUG org.hibernate.type.BasicTypeRegistry - Adding type registration characters -> org.hibernate.type.CharArrayType@10b707f8
21:22:58.854 [Test worker] DEBUG org.hibernate.type.BasicTypeRegistry - Adding type registration char[] -> org.hibernate.type.CharArrayType@10b707f8
21:22:58.854 [Test worker] DEBUG org.hibernate.type.BasicTypeRegistry - Adding type registration [C -> org.hibernate.type.CharArrayType@10b707f8
21:22:58.854 [Test worker] DEBUG org.hibernate.type.BasicTypeRegistry - Adding type registration wrapper-characters -> org.hibernate.type.CharacterArrayType@7586a107
21:22:58.854 [Test worker] DEBUG org.hibernate.type.BasicTypeRegistry - Adding type registration [Ljava.lang.Character; -> org.hibernate.type.CharacterArrayType@7586a107
21:22:58.854 [Test worker] DEBUG org.hibernate.type.BasicTypeRegistry - Adding type registration Character[] -> org.hibernate.type.CharacterArrayType@7586a107
21:22:58.854 [Test worker] DEBUG org.hibernate.type.BasicTypeRegistry - Adding type registration text -> org.hibernate.type.TextType@28e7117
21:22:58.854 [Test worker] DEBUG org.hibernate.type.BasicTypeRegistry - Adding type registration ntext -> org.hibernate.type.NTextType@4fe7c4b8
21:22:58.854 [Test worker] DEBUG org.hibernate.type.BasicTypeRegistry - Adding type registration blob -> org.hibernate.type.BlobType@69ff7971
21:22:58.854 [Test worker] DEBUG org.hibernate.type.BasicTypeRegistry - Adding type registration java.sql.Blob -> org.hibernate.type.BlobType@69ff7971
21:22:58.854 [Test worker] DEBUG org.hibernate.type.BasicTypeRegistry - Adding type registration materialized_blob -> org.hibernate.type.MaterializedBlobType@29a6bbfa
21:22:58.854 [Test worker] DEBUG org.hibernate.type.BasicTypeRegistry - Adding type registration clob -> org.hibernate.type.ClobType@6243fc09
21:22:58.854 [Test worker] DEBUG org.hibernate.type.BasicTypeRegistry - Adding type registration java.sql.Clob -> org.hibernate.type.ClobType@6243fc09
21:22:58.854 [Test worker] DEBUG org.hibernate.type.BasicTypeRegistry - Adding type registration nclob -> org.hibernate.type.NClobType@7a0e9fb4
21:22:58.854 [Test worker] DEBUG org.hibernate.type.BasicTypeRegistry - Adding type registration java.sql.NClob -> org.hibernate.type.NClobType@7a0e9fb4
21:22:58.854 [Test worker] DEBUG org.hibernate.type.BasicTypeRegistry - Adding type registration materialized_clob -> org.hibernate.type.MaterializedClobType@5568af29
21:22:58.854 [Test worker] DEBUG org.hibernate.type.BasicTypeRegistry - Adding type registration materialized_nclob -> org.hibernate.type.MaterializedNClobType@43589365
21:22:58.854 [Test worker] DEBUG org.hibernate.type.BasicTypeRegistry - Adding type registration serializable -> org.hibernate.type.SerializableType@49b714f8
21:22:58.854 [Test worker] DEBUG org.hibernate.type.BasicTypeRegistry - Adding type registration object -> org.hibernate.type.ObjectType@4b6f241f
21:22:58.854 [Test worker] DEBUG org.hibernate.type.BasicTypeRegistry - Adding type registration java.lang.Object -> org.hibernate.type.ObjectType@4b6f241f
21:22:58.854 [Test worker] DEBUG org.hibernate.type.BasicTypeRegistry - Adding type registration imm_date -> org.hibernate.type.AdaptedImmutableType@1f62d349
21:22:58.854 [Test worker] DEBUG org.hibernate.type.BasicTypeRegistry - Adding type registration imm_time -> org.hibernate.type.AdaptedImmutableType@4c441158
21:22:58.854 [Test worker] DEBUG org.hibernate.type.BasicTypeRegistry - Adding type registration imm_timestamp -> org.hibernate.type.AdaptedImmutableType@db127d2
21:22:58.854 [Test worker] DEBUG org.hibernate.type.BasicTypeRegistry - Adding type registration imm_dbtimestamp -> org.hibernate.type.AdaptedImmutableType@30651820
21:22:58.854 [Test worker] DEBUG org.hibernate.type.BasicTypeRegistry - Adding type registration imm_calendar -> org.hibernate.type.AdaptedImmutableType@39947dfe
21:22:58.854 [Test worker] DEBUG org.hibernate.type.BasicTypeRegistry - Adding type registration imm_calendar_date -> org.hibernate.type.AdaptedImmutableType@55b66545
21:22:58.854 [Test worker] DEBUG org.hibernate.type.BasicTypeRegistry - Adding type registration imm_binary -> org.hibernate.type.AdaptedImmutableType@513d4796
21:22:58.854 [Test worker] DEBUG org.hibernate.type.BasicTypeRegistry - Adding type registration imm_serializable -> org.hibernate.type.AdaptedImmutableType@4981e189
21:22:58.854 [Test worker] DEBUG org.hibernate.id.factory.internal.DefaultIdentifierGeneratorFactory - Registering IdentifierGenerator strategy [uuid2] -> [org.hibernate.id.UUIDGenerator]
21:22:58.854 [Test worker] DEBUG org.hibernate.id.factory.internal.DefaultIdentifierGeneratorFactory - Registering IdentifierGenerator strategy [guid] -> [org.hibernate.id.GUIDGenerator]
21:22:58.854 [Test worker] DEBUG org.hibernate.id.factory.internal.DefaultIdentifierGeneratorFactory - Registering IdentifierGenerator strategy [uuid] -> [org.hibernate.id.UUIDHexGenerator]
21:22:58.854 [Test worker] DEBUG org.hibernate.id.factory.internal.DefaultIdentifierGeneratorFactory - Registering IdentifierGenerator strategy [uuid.hex] -> [org.hibernate.id.UUIDHexGenerator]
21:22:58.854 [Test worker] DEBUG org.hibernate.id.factory.internal.DefaultIdentifierGeneratorFactory - Registering IdentifierGenerator strategy [assigned] -> [org.hibernate.id.Assigned]
21:22:58.854 [Test worker] DEBUG org.hibernate.id.factory.internal.DefaultIdentifierGeneratorFactory - Registering IdentifierGenerator strategy [identity] -> [org.hibernate.id.IdentityGenerator]
21:22:58.854 [Test worker] DEBUG org.hibernate.id.factory.internal.DefaultIdentifierGeneratorFactory - Registering IdentifierGenerator strategy [select] -> [org.hibernate.id.SelectGenerator]
21:22:58.854 [Test worker] DEBUG org.hibernate.id.factory.internal.DefaultIdentifierGeneratorFactory - Registering IdentifierGenerator strategy [sequence] -> [org.hibernate.id.enhanced.SequenceStyleGenerator]
21:22:58.854 [Test worker] DEBUG org.hibernate.id.factory.internal.DefaultIdentifierGeneratorFactory - Registering IdentifierGenerator strategy [seqhilo] -> [org.hibernate.id.SequenceHiLoGenerator]
21:22:58.854 [Test worker] DEBUG org.hibernate.id.factory.internal.DefaultIdentifierGeneratorFactory - Registering IdentifierGenerator strategy [increment] -> [org.hibernate.id.IncrementGenerator]
21:22:58.854 [Test worker] DEBUG org.hibernate.id.factory.internal.DefaultIdentifierGeneratorFactory - Registering IdentifierGenerator strategy [foreign] -> [org.hibernate.id.ForeignGenerator]
21:22:58.854 [Test worker] DEBUG org.hibernate.id.factory.internal.DefaultIdentifierGeneratorFactory - Registering IdentifierGenerator strategy [sequence-identity] -> [org.hibernate.id.SequenceIdentityGenerator]
21:22:58.854 [Test worker] DEBUG org.hibernate.id.factory.internal.DefaultIdentifierGeneratorFactory - Registering IdentifierGenerator strategy [enhanced-sequence] -> [org.hibernate.id.enhanced.SequenceStyleGenerator]
21:22:58.854 [Test worker] DEBUG org.hibernate.id.factory.internal.DefaultIdentifierGeneratorFactory - Registering IdentifierGenerator strategy [enhanced-table] -> [org.hibernate.id.enhanced.TableGenerator]
21:22:58.854 [Test worker] WARN org.hibernate.orm.connections.pooling - HHH10001002: Using Hibernate built-in connection pool (not for production use!)
21:22:58.854 [Test worker] INFO org.hibernate.orm.connections.pooling - HHH10001005: using driver [org.sqlite.JDBC] at URL [jdbc:sqlite:D:\Facultate\Projects\OrganizareCompanie\database]
21:22:58.854 [Test worker] INFO org.hibernate.orm.connections.pooling - HHH10001001: Connection properties: {password=root, user=root}
21:22:58.854 [Test worker] INFO org.hibernate.orm.connections.pooling - HHH10001003: Autocommit mode: false
21:22:58.854 [Test worker] DEBUG org.hibernate.engine.jdbc.connections.internal.DriverManagerConnectionProviderImpl - Initializing Connection pool with 1 Connections
21:22:58.854 [Test worker] INFO org.hibernate.engine.jdbc.connections.internal.DriverManagerConnectionProviderImpl - HHH000115: Hibernate connection pool size: 1 (min=1)
21:22:58.854 [Test worker] DEBUG org.hibernate.engine.jdbc.env.internal.JdbcEnvironmentInitiator - Database ->
       name : SQLite
    version : 3.34.0
      major : 3
      minor : 34
21:22:58.854 [Test worker] DEBUG org.hibernate.engine.jdbc.env.internal.JdbcEnvironmentInitiator - Driver ->
       name : SQLite JDBC
    version : 3.34.0
      major : 3
      minor : 34
21:22:58.854 [Test worker] DEBUG org.hibernate.engine.jdbc.env.internal.JdbcEnvironmentInitiator - JDBC version : 2.1
21:22:58.854 [Test worker] INFO org.hibernate.dialect.Dialect - HHH000400: Using dialect: utils.SQLiteDialect
21:22:58.854 [Test worker] DEBUG org.hibernate.engine.jdbc.env.spi.IdentifierHelperBuilder - JDBC driver metadata reported database stores quoted identifiers in neither upper, lower nor mixed case
21:22:58.854 [Test worker] DEBUG org.hibernate.engine.jdbc.env.spi.IdentifierHelperBuilder - IdentifierCaseStrategy for both quoted and unquoted identifiers was set to the same strategy [MIXED]; that will likely lead to problems in schema update and validation if using quoted identifiers
21:22:58.854 [Test worker] DEBUG org.hibernate.engine.jdbc.env.internal.LobCreatorBuilderImpl - HHH000423: Disabling contextual LOB creation as JDBC driver reported JDBC version [2] less than 4
21:22:58.854 [Test worker] DEBUG org.hibernate.boot.model.relational.Namespace - Created database namespace [logicalName=Name{catalog=null, schema=null}, physicalName=Name{catalog=null, schema=null}]
21:22:58.854 [Test worker] DEBUG org.hibernate.type.descriptor.java.JavaTypeDescriptorRegistry - JavaTypeDescriptorRegistry entry replaced : class java.time.Duration -> org.hibernate.type.descriptor.java.DurationJavaDescriptor@484b819 (was org.hibernate.type.descriptor.java.DurationJavaDescriptor@484b819)
21:22:58.854 [Test worker] DEBUG org.hibernate.type.descriptor.java.JavaTypeDescriptorRegistry - JavaTypeDescriptorRegistry entry replaced : class java.time.Instant -> org.hibernate.type.descriptor.java.InstantJavaDescriptor@7a6a60d2 (was org.hibernate.type.descriptor.java.InstantJavaDescriptor@7a6a60d2)
21:22:58.854 [Test worker] DEBUG org.hibernate.type.descriptor.java.JavaTypeDescriptorRegistry - JavaTypeDescriptorRegistry entry replaced : class java.time.LocalDate -> org.hibernate.type.descriptor.java.LocalDateJavaDescriptor@7ac3817d (was org.hibernate.type.descriptor.java.LocalDateJavaDescriptor@7ac3817d)
21:22:58.854 [Test worker] DEBUG org.hibernate.type.descriptor.java.JavaTypeDescriptorRegistry - JavaTypeDescriptorRegistry entry replaced : class java.time.LocalDateTime -> org.hibernate.type.descriptor.java.LocalDateTimeJavaDescriptor@616d0e6e (was org.hibernate.type.descriptor.java.LocalDateTimeJavaDescriptor@616d0e6e)
21:22:58.854 [Test worker] DEBUG org.hibernate.type.descriptor.java.JavaTypeDescriptorRegistry - JavaTypeDescriptorRegistry entry replaced : class java.time.OffsetDateTime -> org.hibernate.type.descriptor.java.OffsetDateTimeJavaDescriptor@4008262a (was org.hibernate.type.descriptor.java.OffsetDateTimeJavaDescriptor@4008262a)
21:22:58.854 [Test worker] DEBUG org.hibernate.type.descriptor.java.JavaTypeDescriptorRegistry - JavaTypeDescriptorRegistry entry replaced : class java.time.OffsetTime -> org.hibernate.type.descriptor.java.OffsetTimeJavaDescriptor@69cda209 (was org.hibernate.type.descriptor.java.OffsetTimeJavaDescriptor@69cda209)
21:22:58.854 [Test worker] DEBUG org.hibernate.type.descriptor.java.JavaTypeDescriptorRegistry - JavaTypeDescriptorRegistry entry replaced : class java.time.ZonedDateTime -> org.hibernate.type.descriptor.java.ZonedDateTimeJavaDescriptor@f630e24 (was org.hibernate.type.descriptor.java.ZonedDateTimeJavaDescriptor@f630e24)
21:22:58.854 [Test worker] DEBUG org.hibernate.type.BasicTypeRegistry - Adding type registration Duration -> org.hibernate.type.DurationType@1f6d6ec5
21:22:58.854 [Test worker] DEBUG org.hibernate.type.BasicTypeRegistry - Adding type registration java.time.Duration -> org.hibernate.type.DurationType@1f6d6ec5
21:22:58.854 [Test worker] DEBUG org.hibernate.type.BasicTypeRegistry - Adding type registration Instant -> org.hibernate.type.InstantType@799b3880
21:22:58.854 [Test worker] DEBUG org.hibernate.type.BasicTypeRegistry - Adding type registration java.time.Instant -> org.hibernate.type.InstantType@799b3880
21:22:58.854 [Test worker] DEBUG org.hibernate.type.BasicTypeRegistry - Adding type registration LocalDateTime -> org.hibernate.type.LocalDateTimeType@3c9b7dcd
21:22:58.854 [Test worker] DEBUG org.hibernate.type.BasicTypeRegistry - Adding type registration java.time.LocalDateTime -> org.hibernate.type.LocalDateTimeType@3c9b7dcd
21:22:58.854 [Test worker] DEBUG org.hibernate.type.BasicTypeRegistry - Adding type registration LocalDate -> org.hibernate.type.LocalDateType@73b9d317
21:22:58.854 [Test worker] DEBUG org.hibernate.type.BasicTypeRegistry - Adding type registration java.time.LocalDate -> org.hibernate.type.LocalDateType@73b9d317
21:22:58.854 [Test worker] DEBUG org.hibernate.type.BasicTypeRegistry - Adding type registration LocalTime -> org.hibernate.type.LocalTimeType@3e938176
21:22:58.854 [Test worker] DEBUG org.hibernate.type.BasicTypeRegistry - Adding type registration java.time.LocalTime -> org.hibernate.type.LocalTimeType@3e938176
21:22:58.854 [Test worker] DEBUG org.hibernate.type.BasicTypeRegistry - Adding type registration OffsetDateTime -> org.hibernate.type.OffsetDateTimeType@1006f6a5
21:22:58.854 [Test worker] DEBUG org.hibernate.type.BasicTypeRegistry - Adding type registration java.time.OffsetDateTime -> org.hibernate.type.OffsetDateTimeType@1006f6a5
21:22:58.854 [Test worker] DEBUG org.hibernate.type.BasicTypeRegistry - Adding type registration OffsetTime -> org.hibernate.type.OffsetTimeType@5ebf30b8
21:22:58.854 [Test worker] DEBUG org.hibernate.type.BasicTypeRegistry - Adding type registration java.time.OffsetTime -> org.hibernate.type.OffsetTimeType@5ebf30b8
21:22:58.854 [Test worker] DEBUG org.hibernate.type.BasicTypeRegistry - Adding type registration ZonedDateTime -> org.hibernate.type.ZonedDateTimeType@5ecdce3a
21:22:58.854 [Test worker] DEBUG org.hibernate.type.BasicTypeRegistry - Adding type registration java.time.ZonedDateTime -> org.hibernate.type.ZonedDateTimeType@5ecdce3a
21:22:58.854 [Test worker] DEBUG org.hibernate.type.spi.TypeConfiguration$Scope - Scoping TypeConfiguration [org.hibernate.type.spi.TypeConfiguration@6b7a2ee9] to MetadataBuildingContext [org.hibernate.boot.internal.MetadataBuildingContextRootImpl@18acba84]
21:22:58.854 [Test worker] DEBUG org.hibernate.cfg.AnnotationBinder - Binding entity from annotated class: domain.Angajat
21:22:58.854 [Test worker] DEBUG org.hibernate.cfg.Ejb3Column - Binding column: Ejb3DiscriminatorColumn{logicalColumnName'DTYPE', discriminatorTypeName='string'}
21:22:58.854 [Test worker] DEBUG org.hibernate.cfg.annotations.EntityBinder - Import with entity name Angajat
21:22:58.854 [Test worker] DEBUG org.hibernate.cfg.annotations.EntityBinder - Bind entity domain.Angajat on table angajati
21:22:58.854 [Test worker] DEBUG org.hibernate.cfg.Ejb3Column - Binding column: Ejb3Column{table=org.hibernate.mapping.Table(angajati), mappingColumn=id, insertable=true, updatable=true, unique=false}
21:22:58.854 [Test worker] DEBUG org.hibernate.boot.internal.ClassLoaderAccessImpl - Not known whether passed class name [domain.Angajat] is safe
21:22:58.854 [Test worker] DEBUG org.hibernate.boot.internal.ClassLoaderAccessImpl - No temp ClassLoader provided; using live ClassLoader for loading potentially unsafe class : domain.Angajat
21:22:58.854 [Test worker] DEBUG org.hibernate.cfg.annotations.PropertyBinder - MetadataSourceProcessor property id with lazy=false
21:22:58.854 [Test worker] DEBUG org.hibernate.cfg.AbstractPropertyHolder - Attempting to locate auto-apply AttributeConverter for property [domain.Angajat:id]
21:22:58.854 [Test worker] DEBUG org.hibernate.cfg.annotations.SimpleValueBinder - building SimpleValue for id
21:22:58.854 [Test worker] DEBUG org.hibernate.cfg.annotations.PropertyBinder - Building property id
21:22:58.854 [Test worker] DEBUG org.hibernate.cfg.BinderHelper - #makeIdGenerator(org.hibernate.mapping.SimpleValue([org.hibernate.mapping.Column(id)]), id, identity, , ...)
21:22:58.854 [Test worker] DEBUG org.hibernate.cfg.Ejb3Column - Binding column: Ejb3JoinColumn{logicalColumnName='null', referencedColumn='null', mappedBy='angajat'}
21:22:58.854 [Test worker] DEBUG org.hibernate.cfg.Ejb3Column - Binding column: Ejb3Column{table=org.hibernate.mapping.Table(angajati), mappingColumn=concedii, insertable=true, updatable=true, unique=false}
21:22:58.854 [Test worker] DEBUG org.hibernate.cfg.Ejb3Column - Binding column: Ejb3Column{table=org.hibernate.mapping.Table(angajati), mappingColumn=null, insertable=true, updatable=true, unique=false}
21:22:58.869 [Test worker] DEBUG org.hibernate.cfg.Ejb3Column - Binding column: Ejb3Column{table=org.hibernate.mapping.Table(angajati), mappingColumn=element, insertable=true, updatable=true, unique=false}
21:22:58.869 [Test worker] DEBUG org.hibernate.cfg.Ejb3Column - Binding column: Ejb3Column{table=org.hibernate.mapping.Table(angajati), mappingColumn=concedii_KEY, insertable=true, updatable=true, unique=false}
21:22:58.869 [Test worker] DEBUG org.hibernate.cfg.Ejb3Column - Binding column: Ejb3JoinColumn{logicalColumnName='concedii_KEY', referencedColumn='null', mappedBy='null'}
21:22:58.869 [Test worker] DEBUG org.hibernate.cfg.Ejb3Column - Binding column: Ejb3JoinColumn{logicalColumnName='null', referencedColumn='null', mappedBy='angajat'}
21:22:58.869 [Test worker] DEBUG org.hibernate.cfg.Ejb3Column - Binding column: Ejb3JoinColumn{logicalColumnName='null', referencedColumn='null', mappedBy='angajat'}
21:22:58.869 [Test worker] DEBUG org.hibernate.cfg.annotations.CollectionBinder - Collection role: domain.Angajat.concedii
21:22:58.869 [Test worker] DEBUG org.hibernate.cfg.annotations.PropertyBinder - Building property concedii
21:22:58.869 [Test worker] DEBUG org.hibernate.cfg.Ejb3Column - Binding column: Ejb3Column{table=org.hibernate.mapping.Table(angajati), mappingColumn=data_angajare, insertable=true, updatable=true, unique=false}
21:22:58.869 [Test worker] DEBUG org.hibernate.cfg.annotations.PropertyBinder - MetadataSourceProcessor property dataAngajare with lazy=false
21:22:58.869 [Test worker] DEBUG org.hibernate.cfg.AbstractPropertyHolder - Attempting to locate auto-apply AttributeConverter for property [domain.Angajat:dataAngajare]
21:22:58.869 [Test worker] DEBUG org.hibernate.cfg.annotations.SimpleValueBinder - building SimpleValue for dataAngajare
21:22:58.869 [Test worker] DEBUG org.hibernate.cfg.annotations.PropertyBinder - Building property dataAngajare
21:22:58.869 [Test worker] DEBUG org.hibernate.cfg.Ejb3Column - Binding column: Ejb3Column{table=org.hibernate.mapping.Table(angajati), mappingColumn=null, insertable=true, updatable=true, unique=false}
21:22:58.869 [Test worker] DEBUG org.hibernate.cfg.Ejb3Column - Binding column: Ejb3Column{table=org.hibernate.mapping.Table(angajati), mappingColumn=element, insertable=true, updatable=true, unique=false}
21:22:58.869 [Test worker] DEBUG org.hibernate.cfg.Ejb3Column - Binding column: Ejb3Column{table=org.hibernate.mapping.Table(angajati), mappingColumn=departamente_KEY, insertable=true, updatable=true, unique=false}
21:22:58.869 [Test worker] DEBUG org.hibernate.cfg.Ejb3Column - Binding column: Ejb3JoinColumn{logicalColumnName='departamente_KEY', referencedColumn='null', mappedBy='null'}
21:22:58.869 [Test worker] DEBUG org.hibernate.cfg.Ejb3Column - Binding column: Ejb3JoinColumn{logicalColumnName='id_angajat', referencedColumn='', mappedBy=''}
21:22:58.869 [Test worker] DEBUG org.hibernate.cfg.Ejb3Column - Binding column: Ejb3JoinColumn{logicalColumnName='id_departament', referencedColumn='', mappedBy=''}
21:22:58.869 [Test worker] DEBUG org.hibernate.cfg.annotations.CollectionBinder - Collection role: domain.Angajat.departamente
21:22:58.869 [Test worker] DEBUG org.hibernate.cfg.annotations.PropertyBinder - Building property departamente
21:22:58.869 [Test worker] DEBUG org.hibernate.cfg.Ejb3Column - Binding column: Ejb3JoinColumn{logicalColumnName='null', referencedColumn='null', mappedBy='null'}
21:22:58.869 [Test worker] DEBUG org.hibernate.cfg.Ejb3Column - Binding column: Ejb3Column{table=org.hibernate.mapping.Table(angajati), mappingColumn=functie, insertable=true, updatable=true, unique=false}
21:22:58.869 [Test worker] DEBUG org.hibernate.cfg.annotations.PropertyBinder - Building property functie
21:22:58.869 [Test worker] DEBUG org.hibernate.cfg.Ejb3Column - Binding column: Ejb3Column{table=org.hibernate.mapping.Table(angajati), mappingColumn=id_superior, insertable=true, updatable=true, unique=false}
21:22:58.869 [Test worker] DEBUG org.hibernate.cfg.annotations.PropertyBinder - MetadataSourceProcessor property idSuperior with lazy=false
21:22:58.869 [Test worker] DEBUG org.hibernate.cfg.AbstractPropertyHolder - Attempting to locate auto-apply AttributeConverter for property [domain.Angajat:idSuperior]
21:22:58.869 [Test worker] DEBUG org.hibernate.cfg.annotations.SimpleValueBinder - building SimpleValue for idSuperior
21:22:58.869 [Test worker] DEBUG org.hibernate.cfg.annotations.PropertyBinder - Building property idSuperior
21:22:58.869 [Test worker] DEBUG org.hibernate.cfg.Ejb3Column - Binding column: Ejb3Column{table=org.hibernate.mapping.Table(angajati), mappingColumn=null, insertable=true, updatable=true, unique=false}
21:22:58.869 [Test worker] DEBUG org.hibernate.cfg.Ejb3Column - Binding column: Ejb3Column{table=org.hibernate.mapping.Table(angajati), mappingColumn=element, insertable=true, updatable=true, unique=false}
21:22:58.869 [Test worker] DEBUG org.hibernate.cfg.Ejb3Column - Binding column: Ejb3Column{table=org.hibernate.mapping.Table(angajati), mappingColumn=proiecte_KEY, insertable=true, updatable=true, unique=false}
21:22:58.869 [Test worker] DEBUG org.hibernate.cfg.Ejb3Column - Binding column: Ejb3JoinColumn{logicalColumnName='proiecte_KEY', referencedColumn='null', mappedBy='null'}
21:22:58.869 [Test worker] DEBUG org.hibernate.cfg.Ejb3Column - Binding column: Ejb3JoinColumn{logicalColumnName='id_angajat', referencedColumn='', mappedBy=''}
21:22:58.869 [Test worker] DEBUG org.hibernate.cfg.Ejb3Column - Binding column: Ejb3JoinColumn{logicalColumnName='id_proiect', referencedColumn='', mappedBy=''}
21:22:58.869 [Test worker] DEBUG org.hibernate.cfg.annotations.CollectionBinder - Collection role: domain.Angajat.proiecte
21:22:58.869 [Test worker] DEBUG org.hibernate.cfg.annotations.PropertyBinder - Building property proiecte
21:22:58.869 [Test worker] DEBUG org.hibernate.cfg.AnnotationBinder - Binding entity from annotated class: domain.Concediu
21:22:58.869 [Test worker] DEBUG org.hibernate.cfg.Ejb3Column - Binding column: Ejb3DiscriminatorColumn{logicalColumnName'DTYPE', discriminatorTypeName='string'}
21:22:58.869 [Test worker] DEBUG org.hibernate.cfg.annotations.EntityBinder - Import with entity name Concediu
21:22:58.869 [Test worker] DEBUG org.hibernate.cfg.annotations.EntityBinder - Bind entity domain.Concediu on table concedii
21:22:58.869 [Test worker] DEBUG org.hibernate.cfg.Ejb3Column - Binding column: Ejb3Column{table=org.hibernate.mapping.Table(concedii), mappingColumn=id, insertable=true, updatable=true, unique=false}
21:22:58.869 [Test worker] DEBUG org.hibernate.boot.internal.ClassLoaderAccessImpl - Not known whether passed class name [domain.Concediu] is safe
21:22:58.869 [Test worker] DEBUG org.hibernate.boot.internal.ClassLoaderAccessImpl - No temp ClassLoader provided; using live ClassLoader for loading potentially unsafe class : domain.Concediu
21:22:58.869 [Test worker] DEBUG org.hibernate.cfg.annotations.PropertyBinder - MetadataSourceProcessor property id with lazy=false
21:22:58.869 [Test worker] DEBUG org.hibernate.cfg.AbstractPropertyHolder - Attempting to locate auto-apply AttributeConverter for property [domain.Concediu:id]
21:22:58.869 [Test worker] DEBUG org.hibernate.cfg.annotations.SimpleValueBinder - building SimpleValue for id
21:22:58.869 [Test worker] DEBUG org.hibernate.cfg.annotations.PropertyBinder - Building property id
21:22:58.869 [Test worker] DEBUG org.hibernate.cfg.BinderHelper - #makeIdGenerator(org.hibernate.mapping.SimpleValue([org.hibernate.mapping.Column(id)]), id, identity, , ...)
21:22:58.869 [Test worker] DEBUG org.hibernate.cfg.Ejb3Column - Binding column: Ejb3JoinColumn{logicalColumnName='id_angajat', referencedColumn='', mappedBy=''}
21:22:58.869 [Test worker] DEBUG org.hibernate.cfg.Ejb3Column - Binding column: Ejb3Column{table=org.hibernate.mapping.Table(concedii), mappingColumn=angajat, insertable=true, updatable=true, unique=false}
21:22:58.869 [Test worker] DEBUG org.hibernate.cfg.annotations.PropertyBinder - Building property angajat
21:22:58.869 [Test worker] DEBUG org.hibernate.cfg.Ejb3Column - Binding column: Ejb3Column{table=org.hibernate.mapping.Table(concedii), mappingColumn=data_inceput, insertable=true, updatable=true, unique=false}
21:22:58.869 [Test worker] DEBUG org.hibernate.cfg.annotations.PropertyBinder - MetadataSourceProcessor property dataInceput with lazy=false
21:22:58.869 [Test worker] DEBUG org.hibernate.cfg.AbstractPropertyHolder - Attempting to locate auto-apply AttributeConverter for property [domain.Concediu:dataInceput]
21:22:58.869 [Test worker] DEBUG org.hibernate.cfg.annotations.SimpleValueBinder - building SimpleValue for dataInceput
21:22:58.869 [Test worker] DEBUG org.hibernate.cfg.annotations.PropertyBinder - Building property dataInceput
21:22:58.869 [Test worker] DEBUG org.hibernate.cfg.Ejb3Column - Binding column: Ejb3Column{table=org.hibernate.mapping.Table(concedii), mappingColumn=data_sfarsit, insertable=true, updatable=true, unique=false}
21:22:58.869 [Test worker] DEBUG org.hibernate.cfg.annotations.PropertyBinder - MetadataSourceProcessor property dataSfarsit with lazy=false
21:22:58.869 [Test worker] DEBUG org.hibernate.cfg.AbstractPropertyHolder - Attempting to locate auto-apply AttributeConverter for property [domain.Concediu:dataSfarsit]
21:22:58.869 [Test worker] DEBUG org.hibernate.cfg.annotations.SimpleValueBinder - building SimpleValue for dataSfarsit
21:22:58.869 [Test worker] DEBUG org.hibernate.cfg.annotations.PropertyBinder - Building property dataSfarsit
21:22:58.869 [Test worker] DEBUG org.hibernate.cfg.AnnotationBinder - Binding entity from annotated class: domain.Departament
21:22:58.869 [Test worker] DEBUG org.hibernate.cfg.Ejb3Column - Binding column: Ejb3DiscriminatorColumn{logicalColumnName'DTYPE', discriminatorTypeName='string'}
21:22:58.869 [Test worker] DEBUG org.hibernate.cfg.annotations.EntityBinder - Import with entity name Departament
21:22:58.869 [Test worker] DEBUG org.hibernate.cfg.annotations.EntityBinder - Bind entity domain.Departament on table departamente
21:22:58.869 [Test worker] DEBUG org.hibernate.cfg.Ejb3Column - Binding column: Ejb3Column{table=org.hibernate.mapping.Table(departamente), mappingColumn=id, insertable=true, updatable=true, unique=false}
21:22:58.869 [Test worker] DEBUG org.hibernate.boot.internal.ClassLoaderAccessImpl - Not known whether passed class name [domain.Departament] is safe
21:22:58.869 [Test worker] DEBUG org.hibernate.boot.internal.ClassLoaderAccessImpl - No temp ClassLoader provided; using live ClassLoader for loading potentially unsafe class : domain.Departament
21:22:58.869 [Test worker] DEBUG org.hibernate.cfg.annotations.PropertyBinder - MetadataSourceProcessor property id with lazy=false
21:22:58.869 [Test worker] DEBUG org.hibernate.cfg.AbstractPropertyHolder - Attempting to locate auto-apply AttributeConverter for property [domain.Departament:id]
21:22:58.869 [Test worker] DEBUG org.hibernate.cfg.annotations.SimpleValueBinder - building SimpleValue for id
21:22:58.869 [Test worker] DEBUG org.hibernate.cfg.annotations.PropertyBinder - Building property id
21:22:58.869 [Test worker] DEBUG org.hibernate.cfg.BinderHelper - #makeIdGenerator(org.hibernate.mapping.SimpleValue([org.hibernate.mapping.Column(id)]), id, identity, , ...)
21:22:58.869 [Test worker] DEBUG org.hibernate.cfg.Ejb3Column - Binding column: Ejb3Column{table=org.hibernate.mapping.Table(departamente), mappingColumn=id_director, insertable=true, updatable=true, unique=false}
21:22:58.869 [Test worker] DEBUG org.hibernate.cfg.annotations.PropertyBinder - MetadataSourceProcessor property idDirector with lazy=false
21:22:58.869 [Test worker] DEBUG org.hibernate.cfg.AbstractPropertyHolder - Attempting to locate auto-apply AttributeConverter for property [domain.Departament:idDirector]
21:22:58.869 [Test worker] DEBUG org.hibernate.cfg.annotations.SimpleValueBinder - building SimpleValue for idDirector
21:22:58.869 [Test worker] DEBUG org.hibernate.cfg.annotations.PropertyBinder - Building property idDirector
21:22:58.869 [Test worker] DEBUG org.hibernate.cfg.AnnotationBinder - Binding entity from annotated class: domain.Functie
21:22:58.869 [Test worker] DEBUG org.hibernate.cfg.Ejb3Column - Binding column: Ejb3DiscriminatorColumn{logicalColumnName'DTYPE', discriminatorTypeName='string'}
21:22:58.869 [Test worker] DEBUG org.hibernate.cfg.annotations.EntityBinder - Import with entity name Functie
21:22:58.869 [Test worker] DEBUG org.hibernate.cfg.annotations.EntityBinder - Bind entity domain.Functie on table functii
21:22:58.869 [Test worker] DEBUG org.hibernate.cfg.Ejb3Column - Binding column: Ejb3Column{table=org.hibernate.mapping.Table(functii), mappingColumn=id, insertable=true, updatable=true, unique=false}
21:22:58.869 [Test worker] DEBUG org.hibernate.boot.internal.ClassLoaderAccessImpl - Not known whether passed class name [domain.Functie] is safe
21:22:58.869 [Test worker] DEBUG org.hibernate.boot.internal.ClassLoaderAccessImpl - No temp ClassLoader provided; using live ClassLoader for loading potentially unsafe class : domain.Functie
21:22:58.869 [Test worker] DEBUG org.hibernate.cfg.annotations.PropertyBinder - MetadataSourceProcessor property id with lazy=false
21:22:58.869 [Test worker] DEBUG org.hibernate.cfg.AbstractPropertyHolder - Attempting to locate auto-apply AttributeConverter for property [domain.Functie:id]
21:22:58.869 [Test worker] DEBUG org.hibernate.cfg.annotations.SimpleValueBinder - building SimpleValue for id
21:22:58.869 [Test worker] DEBUG org.hibernate.cfg.annotations.PropertyBinder - Building property id
21:22:58.869 [Test worker] DEBUG org.hibernate.cfg.BinderHelper - #makeIdGenerator(org.hibernate.mapping.SimpleValue([org.hibernate.mapping.Column(id)]), id, identity, , ...)
21:22:58.869 [Test worker] DEBUG org.hibernate.cfg.Ejb3Column - Binding column: Ejb3Column{table=org.hibernate.mapping.Table(functii), mappingColumn=salar_de_baza, insertable=true, updatable=true, unique=false}
21:22:58.869 [Test worker] DEBUG org.hibernate.cfg.annotations.PropertyBinder - MetadataSourceProcessor property salarDeBaza with lazy=false
21:22:58.869 [Test worker] DEBUG org.hibernate.cfg.AbstractPropertyHolder - Attempting to locate auto-apply AttributeConverter for property [domain.Functie:salarDeBaza]
21:22:58.869 [Test worker] DEBUG org.hibernate.cfg.annotations.SimpleValueBinder - building SimpleValue for salarDeBaza
21:22:58.869 [Test worker] DEBUG org.hibernate.cfg.annotations.PropertyBinder - Building property salarDeBaza
21:22:58.869 [Test worker] DEBUG org.hibernate.cfg.AnnotationBinder - Binding entity from annotated class: domain.Proiect
21:22:58.869 [Test worker] DEBUG org.hibernate.cfg.Ejb3Column - Binding column: Ejb3DiscriminatorColumn{logicalColumnName'DTYPE', discriminatorTypeName='string'}
21:22:58.869 [Test worker] DEBUG org.hibernate.cfg.annotations.EntityBinder - Import with entity name Proiect
21:22:58.869 [Test worker] DEBUG org.hibernate.cfg.annotations.EntityBinder - Bind entity domain.Proiect on table proiecte
21:22:58.869 [Test worker] DEBUG org.hibernate.cfg.Ejb3Column - Binding column: Ejb3Column{table=org.hibernate.mapping.Table(proiecte), mappingColumn=id, insertable=true, updatable=true, unique=false}
21:22:58.869 [Test worker] DEBUG org.hibernate.boot.internal.ClassLoaderAccessImpl - Not known whether passed class name [domain.Proiect] is safe
21:22:58.869 [Test worker] DEBUG org.hibernate.boot.internal.ClassLoaderAccessImpl - No temp ClassLoader provided; using live ClassLoader for loading potentially unsafe class : domain.Proiect
21:22:58.869 [Test worker] DEBUG org.hibernate.cfg.annotations.PropertyBinder - MetadataSourceProcessor property id with lazy=false
21:22:58.869 [Test worker] DEBUG org.hibernate.cfg.AbstractPropertyHolder - Attempting to locate auto-apply AttributeConverter for property [domain.Proiect:id]
21:22:58.869 [Test worker] DEBUG org.hibernate.cfg.annotations.SimpleValueBinder - building SimpleValue for id
21:22:58.869 [Test worker] DEBUG org.hibernate.cfg.annotations.PropertyBinder - Building property id
21:22:58.869 [Test worker] DEBUG org.hibernate.cfg.BinderHelper - #makeIdGenerator(org.hibernate.mapping.SimpleValue([org.hibernate.mapping.Column(id)]), id, identity, , ...)
21:22:58.869 [Test worker] DEBUG org.hibernate.cfg.Ejb3Column - Binding column: Ejb3Column{table=org.hibernate.mapping.Table(proiecte), mappingColumn=data_inceput, insertable=true, updatable=true, unique=false}
21:22:58.869 [Test worker] DEBUG org.hibernate.cfg.annotations.PropertyBinder - MetadataSourceProcessor property dataInceput with lazy=false
21:22:58.869 [Test worker] DEBUG org.hibernate.cfg.AbstractPropertyHolder - Attempting to locate auto-apply AttributeConverter for property [domain.Proiect:dataInceput]
21:22:58.869 [Test worker] DEBUG org.hibernate.cfg.annotations.SimpleValueBinder - building SimpleValue for dataInceput
21:22:58.869 [Test worker] DEBUG org.hibernate.cfg.annotations.PropertyBinder - Building property dataInceput
21:22:58.869 [Test worker] DEBUG org.hibernate.cfg.Ejb3Column - Binding column: Ejb3Column{table=org.hibernate.mapping.Table(proiecte), mappingColumn=deadline, insertable=true, updatable=true, unique=false}
21:22:58.869 [Test worker] DEBUG org.hibernate.cfg.annotations.PropertyBinder - MetadataSourceProcessor property deadline with lazy=false
21:22:58.869 [Test worker] DEBUG org.hibernate.cfg.AbstractPropertyHolder - Attempting to locate auto-apply AttributeConverter for property [domain.Proiect:deadline]
21:22:58.869 [Test worker] DEBUG org.hibernate.cfg.annotations.SimpleValueBinder - building SimpleValue for deadline
21:22:58.869 [Test worker] DEBUG org.hibernate.cfg.annotations.PropertyBinder - Building property deadline
21:22:58.869 [Test worker] DEBUG org.hibernate.cfg.annotations.SimpleValueBinder - Starting fillSimpleValue for id
21:22:58.869 [Test worker] DEBUG org.hibernate.cfg.annotations.SimpleValueBinder - Starting fillSimpleValue for dataAngajare
21:22:58.869 [Test worker] DEBUG org.hibernate.cfg.annotations.SimpleValueBinder - Starting fillSimpleValue for idSuperior
21:22:58.869 [Test worker] DEBUG org.hibernate.cfg.annotations.SimpleValueBinder - Starting fillSimpleValue for id
21:22:58.869 [Test worker] DEBUG org.hibernate.cfg.annotations.SimpleValueBinder - Starting fillSimpleValue for dataInceput
21:22:58.869 [Test worker] DEBUG org.hibernate.cfg.annotations.SimpleValueBinder - Starting fillSimpleValue for dataSfarsit
21:22:58.869 [Test worker] DEBUG org.hibernate.cfg.annotations.SimpleValueBinder - Starting fillSimpleValue for id
21:22:58.869 [Test worker] DEBUG org.hibernate.cfg.annotations.SimpleValueBinder - Starting fillSimpleValue for idDirector
21:22:58.869 [Test worker] DEBUG org.hibernate.cfg.annotations.SimpleValueBinder - Starting fillSimpleValue for id
21:22:58.869 [Test worker] DEBUG org.hibernate.cfg.annotations.SimpleValueBinder - Starting fillSimpleValue for salarDeBaza
21:22:58.869 [Test worker] DEBUG org.hibernate.cfg.annotations.SimpleValueBinder - Starting fillSimpleValue for id
21:22:58.869 [Test worker] DEBUG org.hibernate.cfg.annotations.SimpleValueBinder - Starting fillSimpleValue for dataInceput
21:22:58.869 [Test worker] DEBUG org.hibernate.cfg.annotations.SimpleValueBinder - Starting fillSimpleValue for deadline
21:22:58.869 [Test worker] DEBUG org.hibernate.mapping.PrimaryKey - Forcing column [id] to be non-null as it is part of the primary key for table [angajati]
21:22:58.869 [Test worker] DEBUG org.hibernate.mapping.PrimaryKey - Forcing column [id] to be non-null as it is part of the primary key for table [concedii]
21:22:58.869 [Test worker] DEBUG org.hibernate.mapping.PrimaryKey - Forcing column [id] to be non-null as it is part of the primary key for table [departamente]
21:22:58.869 [Test worker] DEBUG org.hibernate.mapping.PrimaryKey - Forcing column [id] to be non-null as it is part of the primary key for table [functii]
21:22:58.869 [Test worker] DEBUG org.hibernate.mapping.PrimaryKey - Forcing column [id] to be non-null as it is part of the primary key for table [proiecte]
21:22:58.869 [Test worker] DEBUG org.hibernate.cfg.CollectionSecondPass - Second pass for collection: domain.Angajat.proiecte
21:22:58.869 [Test worker] DEBUG org.hibernate.cfg.annotations.CollectionBinder - Binding as ManyToMany: domain.Angajat.proiecte
21:22:58.885 [Test worker] DEBUG org.hibernate.mapping.PrimaryKey - Forcing column [id_angajat] to be non-null as it is part of the primary key for table [angajati_proiecte]
21:22:58.885 [Test worker] DEBUG org.hibernate.mapping.PrimaryKey - Forcing column [id_proiect] to be non-null as it is part of the primary key for table [angajati_proiecte]
21:22:58.885 [Test worker] DEBUG org.hibernate.cfg.CollectionSecondPass - Mapped collection key: id_angajat, element: id_proiect
21:22:58.885 [Test worker] DEBUG org.hibernate.cfg.CollectionSecondPass - Second pass for collection: domain.Angajat.departamente
21:22:58.885 [Test worker] DEBUG org.hibernate.cfg.annotations.CollectionBinder - Binding as ManyToMany: domain.Angajat.departamente
21:22:58.885 [Test worker] DEBUG org.hibernate.mapping.PrimaryKey - Forcing column [id_angajat] to be non-null as it is part of the primary key for table [angajati_departamente]
21:22:58.885 [Test worker] DEBUG org.hibernate.mapping.PrimaryKey - Forcing column [id_departament] to be non-null as it is part of the primary key for table [angajati_departamente]
21:22:58.885 [Test worker] DEBUG org.hibernate.cfg.CollectionSecondPass - Mapped collection key: id_angajat, element: id_departament
21:22:58.885 [Test worker] DEBUG org.hibernate.cfg.CollectionSecondPass - Second pass for collection: domain.Angajat.concedii
21:22:58.885 [Test worker] DEBUG org.hibernate.cfg.annotations.CollectionBinder - Binding a OneToMany: domain.Angajat.concedii through a foreign key
21:22:58.885 [Test worker] DEBUG org.hibernate.cfg.annotations.CollectionBinder - Mapping collection: domain.Angajat.concedii -> concedii
21:22:58.885 [Test worker] DEBUG org.hibernate.cfg.annotations.TableBinder - Retrieving property domain.Concediu.angajat
21:22:58.885 [Test worker] DEBUG org.hibernate.cfg.CollectionSecondPass - Mapped collection key: id_angajat, one-to-many: domain.Concediu
21:22:58.885 [Test worker] DEBUG org.hibernate.boot.internal.InFlightMetadataCollectorImpl - Resolving reference to class: domain.Functie
21:22:58.885 [Test worker] DEBUG org.hibernate.boot.internal.InFlightMetadataCollectorImpl - Resolving reference to class: domain.Departament
21:22:58.885 [Test worker] DEBUG org.hibernate.boot.internal.InFlightMetadataCollectorImpl - Resolving reference to class: domain.Angajat
21:22:58.885 [Test worker] DEBUG org.hibernate.boot.internal.InFlightMetadataCollectorImpl - Resolving reference to class: domain.Proiect
21:22:58.885 [Test worker] DEBUG org.hibernate.boot.internal.InFlightMetadataCollectorImpl - Resolving reference to class: domain.Angajat
21:22:58.885 [Test worker] DEBUG org.hibernate.boot.internal.InFlightMetadataCollectorImpl - Resolving reference to class: domain.Angajat
21:22:58.885 [Test worker] DEBUG org.hibernate.boot.internal.InFlightMetadataCollectorImpl - Resolving reference to class: domain.Functie
21:22:58.885 [Test worker] DEBUG org.hibernate.boot.internal.InFlightMetadataCollectorImpl - Resolving reference to class: domain.Departament
21:22:58.885 [Test worker] DEBUG org.hibernate.boot.internal.InFlightMetadataCollectorImpl - Resolving reference to class: domain.Angajat
21:22:58.885 [Test worker] DEBUG org.hibernate.boot.internal.InFlightMetadataCollectorImpl - Resolving reference to class: domain.Proiect
21:22:58.885 [Test worker] DEBUG org.hibernate.boot.internal.InFlightMetadataCollectorImpl - Resolving reference to class: domain.Angajat
21:22:58.885 [Test worker] DEBUG org.hibernate.boot.internal.InFlightMetadataCollectorImpl - Resolving reference to class: domain.Angajat
21:22:58.885 [Test worker] DEBUG org.hibernate.internal.SessionFactoryImpl - Building session factory
21:22:58.885 [Test worker] DEBUG org.hibernate.cfg.Settings - SessionFactory name : null
21:22:58.885 [Test worker] DEBUG org.hibernate.cfg.Settings - Automatic flush during beforeCompletion(): enabled
21:22:58.885 [Test worker] DEBUG org.hibernate.cfg.Settings - Automatic session close at end of transaction: disabled
21:22:58.885 [Test worker] DEBUG org.hibernate.cfg.Settings - Statistics: disabled
21:22:58.885 [Test worker] DEBUG org.hibernate.cfg.Settings - Deleted entity synthetic identifier rollback: disabled
21:22:58.885 [Test worker] DEBUG org.hibernate.cfg.Settings - Default entity-mode: pojo
21:22:58.885 [Test worker] DEBUG org.hibernate.cfg.Settings - Check Nullability in Core (should be disabled when Bean Validation is on): enabled
21:22:58.885 [Test worker] DEBUG org.hibernate.cfg.Settings - Allow initialization of lazy state outside session : enabled
21:22:58.885 [Test worker] DEBUG org.hibernate.cfg.Settings - Using BatchFetchStyle : LEGACY
21:22:58.885 [Test worker] DEBUG org.hibernate.cfg.Settings - Default batch fetch size: -1
21:22:58.885 [Test worker] DEBUG org.hibernate.cfg.Settings - Maximum outer join fetch depth: null
21:22:58.885 [Test worker] DEBUG org.hibernate.cfg.Settings - Default null ordering: NONE
21:22:58.885 [Test worker] DEBUG org.hibernate.cfg.Settings - Order SQL updates by primary key: disabled
21:22:58.885 [Test worker] DEBUG org.hibernate.cfg.Settings - Order SQL inserts for batching: disabled
21:22:58.885 [Test worker] DEBUG org.hibernate.cfg.Settings - multi-tenancy strategy : NONE
21:22:58.885 [Test worker] DEBUG org.hibernate.cfg.Settings - JTA Track by Thread: enabled
21:22:58.885 [Test worker] DEBUG org.hibernate.cfg.Settings - Query language substitutions: {}
21:22:58.885 [Test worker] DEBUG org.hibernate.cfg.Settings - Named query checking : enabled
21:22:58.885 [Test worker] DEBUG org.hibernate.cfg.Settings - Second-level cache: disabled
21:22:58.885 [Test worker] DEBUG org.hibernate.cfg.Settings - Second-level query cache: disabled
21:22:58.885 [Test worker] DEBUG org.hibernate.cfg.Settings - Second-level query cache factory: null
21:22:58.885 [Test worker] DEBUG org.hibernate.cfg.Settings - Second-level cache region prefix: null
21:22:58.885 [Test worker] DEBUG org.hibernate.cfg.Settings - Optimize second-level cache for minimal puts: disabled
21:22:58.885 [Test worker] DEBUG org.hibernate.cfg.Settings - Structured second-level cache entries: disabled
21:22:58.885 [Test worker] DEBUG org.hibernate.cfg.Settings - Second-level cache direct-reference entries: disabled
21:22:58.885 [Test worker] DEBUG org.hibernate.cfg.Settings - Automatic eviction of collection cache: disabled
21:22:58.885 [Test worker] DEBUG org.hibernate.cfg.Settings - JDBC batch size: 0
21:22:58.885 [Test worker] DEBUG org.hibernate.cfg.Settings - JDBC batch updates for versioned data: enabled
21:22:58.885 [Test worker] DEBUG org.hibernate.cfg.Settings - Scrollable result sets: disabled
21:22:58.885 [Test worker] DEBUG org.hibernate.cfg.Settings - Wrap result sets: disabled
21:22:58.885 [Test worker] DEBUG org.hibernate.cfg.Settings - JDBC3 getGeneratedKeys(): enabled
21:22:58.885 [Test worker] DEBUG org.hibernate.cfg.Settings - JDBC result set fetch size: null
21:22:58.885 [Test worker] DEBUG org.hibernate.cfg.Settings - Connection release mode: AFTER_TRANSACTION
21:22:58.885 [Test worker] DEBUG org.hibernate.cfg.Settings - Generate SQL with comments: disabled
21:22:58.885 [Test worker] DEBUG org.hibernate.cfg.Settings - JPA compliance - query : disabled
21:22:58.885 [Test worker] DEBUG org.hibernate.cfg.Settings - JPA compliance - closed-handling : disabled
21:22:58.885 [Test worker] DEBUG org.hibernate.cfg.Settings - JPA compliance - lists : disabled
21:22:58.885 [Test worker] DEBUG org.hibernate.cfg.Settings - JPA compliance - transactions : disabled
21:22:58.885 [Test worker] DEBUG org.hibernate.internal.SessionFactoryImpl - Session factory constructed with filter configurations : {}
21:22:58.885 [Test worker] DEBUG org.hibernate.internal.SessionFactoryImpl - Instantiating session factory with properties: {sun.desktop=windows, awt.toolkit=sun.awt.windows.WToolkit, dialect=utils.SQLiteDialect, java.specification.version=11, sun.cpu.isalist=amd64, sun.jnu.encoding=Cp1250, hibernate.dialect=utils.SQLiteDialect, org.gradle.test.worker=3, java.class.path=C:\\Users\\Dan\\.gradle\\caches\\6.8\\workerMain\\gradle-worker.jar;D:\\Facultate\\Projects\\OrganizareCompanie\\build\\classes\\java\\test;D:\\Facultate\\Projects\\OrganizareCompanie\\build\\resources\\test;D:\\Facultate\\Projects\\OrganizareCompanie\\build\\classes\\java\\main;D:\\Facultate\\Projects\\OrganizareCompanie\\build\\resources\\main;C:\\Users\\Dan\\.gradle\\caches\\modules-2\\files-2.1\\org.springframework.boot\\spring-boot-starter-web\\2.4.3\\4f5554ea183af87e52d8c31bb82aada0d74c40b0\\spring-boot-starter-web-2.4.3.jar;C:\\Users\\Dan\\.gradle\\caches\\modules-2\\files-2.1\\org.xerial\\sqlite-jdbc\\3.34.0\\fd29bb0124e3f79c80b2753162a6a3873c240bcf\\sqlite-jdbc-3.34.0.jar;C:\\Users\\Dan\\.gradle\\caches\\modules-2\\files-2.1\\org.hibernate\\hibernate-java8\\5.1.0.Final\\2bb534acab4f8485a821f0e4d6a2c8df617ee86a\\hibernate-java8-5.1.0.Final.jar;C:\\Users\\Dan\\.gradle\\caches\\modules-2\\files-2.1\\org.hibernate\\hibernate-core\\5.4.29.Final\\74b7c9ad3cb57ae4fd0187480a76f137a7fc3f38\\hibernate-core-5.4.29.Final.jar;C:\\Users\\Dan\\.gradle\\caches\\modules-2\\files-2.1\\org.junit.platform\\junit-platform-engine\\1.7.0\\eadb73c5074a4ac71061defd00fc176152a4d12c\\junit-platform-engine-1.7.0.jar;C:\\Users\\Dan\\.gradle\\caches\\modules-2\\files-2.1\\org.junit.platform\\junit-platform-commons\\1.7.0\\84e309fbf21d857aac079a3c1fffd84284e1114d\\junit-platform-commons-1.7.0.jar;C:\\Users\\Dan\\.gradle\\caches\\modules-2\\files-2.1\\org.junit.jupiter\\junit-jupiter-engine\\5.7.0\\d9044d6b45e2232ddd53fa56c15333e43d1749fd\\junit-jupiter-engine-5.7.0.jar;C:\\Users\\Dan\\.gradle\\caches\\modules-2\\files-2.1\\org.junit.jupiter\\junit-jupiter-api\\5.7.0\\b25f3815c4c1860a73041e733a14a0379d00c4d5\\junit-jupiter-api-5.7.0.jar;C:\\Users\\Dan\\.gradle\\caches\\modules-2\\files-2.1\\org.springframework.boot\\spring-boot-starter-json\\2.4.3\\7b26abb0a0379a00b58a2a50e010b29cf4f16b80\\spring-boot-starter-json-2.4.3.jar;C:\\Users\\Dan\\.gradle\\caches\\modules-2\\files-2.1\\org.springframework.boot\\spring-boot-starter\\2.4.3\\fd8bc0fb5f5aaefb4d6c8b77eb61563aab840c11\\spring-boot-starter-2.4.3.jar;C:\\Users\\Dan\\.gradle\\caches\\modules-2\\files-2.1\\org.springframework.boot\\spring-boot-starter-tomcat\\2.4.3\\4ba28aae05a259625e7e92f8e7338c5e1d22de35\\spring-boot-starter-tomcat-2.4.3.jar;C:\\Users\\Dan\\.gradle\\caches\\modules-2\\files-2.1\\org.springframework\\spring-webmvc\\5.3.4\\8dd52fbe8eafcc7c80998087ec6635baf7a98c20\\spring-webmvc-5.3.4.jar;C:\\Users\\Dan\\.gradle\\caches\\modules-2\\files-2.1\\org.springframework\\spring-web\\5.3.4\\d93829e24a50ed22e781f2302680a210cac5ee84\\spring-web-5.3.4.jar;C:\\Users\\Dan\\.gradle\\caches\\modules-2\\files-2.1\\org.hibernate.common\\hibernate-commons-annotations\\5.1.2.Final\\e59ffdbc6ad09eeb33507b39ffcf287679a498c8\\hibernate-commons-annotations-5.1.2.Final.jar;C:\\Users\\Dan\\.gradle\\caches\\modules-2\\files-2.1\\org.jboss.logging\\jboss-logging\\3.4.1.Final\\40fd4d696c55793e996d1ff3c475833f836c2498\\jboss-logging-3.4.1.Final.jar;C:\\Users\\Dan\\.gradle\\caches\\modules-2\\files-2.1\\javax.persistence\\javax.persistence-api\\2.2\\25665ac8c0b62f50e6488173233239120fc52c96\\javax.persistence-api-2.2.jar;C:\\Users\\Dan\\.gradle\\caches\\modules-2\\files-2.1\\org.javassist\\javassist\\3.27.0-GA\\f63e6aa899e15eca8fdaa402a79af4c417252213\\javassist-3.27.0-GA.jar;C:\\Users\\Dan\\.gradle\\caches\\modules-2\\files-2.1\\net.bytebuddy\\byte-buddy\\1.10.21\\5abe8e141cac9d50a721a22d9c188b3bf19ad0aa\\byte-buddy-1.10.21.jar;C:\\Users\\Dan\\.gradle\\caches\\modules-2\\files-2.1\\antlr\\antlr\\2.7.7\\83cd2cd674a217ade95a4bb83a8a14f351f48bd0\\antlr-2.7.7.jar;C:\\Users\\Dan\\.gradle\\caches\\modules-2\\files-2.1\\org.jboss.spec.javax.transaction\\jboss-transaction-api_1.2_spec\\1.1.1.Final\\a8485cab9484dda36e9a8c319e76b5cc18797b58\\jboss-transaction-api_1.2_spec-1.1.1.Final.jar;C:\\Users\\Dan\\.gradle\\caches\\modules-2\\files-2.1\\org.jboss\\jandex\\2.2.3.Final\\d3865101f0666b63586683bd811d754517f331ab\\jandex-2.2.3.Final.jar;C:\\Users\\Dan\\.gradle\\caches\\modules-2\\files-2.1\\com.fasterxml\\classmate\\1.5.1\\3fe0bed568c62df5e89f4f174c101eab25345b6c\\classmate-1.5.1.jar;C:\\Users\\Dan\\.gradle\\caches\\modules-2\\files-2.1\\org.glassfish.jaxb\\jaxb-runtime\\2.3.1\\dd6dda9da676a54c5b36ca2806ff95ee017d8738\\jaxb-runtime-2.3.1.jar;C:\\Users\\Dan\\.gradle\\caches\\modules-2\\files-2.1\\javax.xml.bind\\jaxb-api\\2.3.1\\8531ad5ac454cc2deb9d4d32c40c4d7451939b5d\\jaxb-api-2.3.1.jar;C:\\Users\\Dan\\.gradle\\caches\\modules-2\\files-2.1\\javax.activation\\javax.activation-api\\1.2.0\\85262acf3ca9816f9537ca47d5adeabaead7cb16\\javax.activation-api-1.2.0.jar;C:\\Users\\Dan\\.gradle\\caches\\modules-2\\files-2.1\\org.dom4j\\dom4j\\2.1.3\\a75914155a9f5808963170ec20653668a2ffd2fd\\dom4j-2.1.3.jar;C:\\Users\\Dan\\.gradle\\caches\\modules-2\\files-2.1\\org.apiguardian\\apiguardian-api\\1.1.0\\fc9dff4bb36d627bdc553de77e1f17efd790876c\\apiguardian-api-1.1.0.jar;C:\\Users\\Dan\\.gradle\\caches\\modules-2\\files-2.1\\org.opentest4j\\opentest4j\\1.2.0\\28c11eb91f9b6d8e200631d46e20a7f407f2a046\\opentest4j-1.2.0.jar;C:\\Users\\Dan\\.gradle\\caches\\modules-2\\files-2.1\\org.springframework.boot\\spring-boot-autoconfigure\\2.4.3\\2f8e1e682e55f70c8ea557982c7adb1256f41bcf\\spring-boot-autoconfigure-2.4.3.jar;C:\\Users\\Dan\\.gradle\\caches\\modules-2\\files-2.1\\org.springframework.boot\\spring-boot\\2.4.3\\de2bd17a8eb9bc3dfa629aa06f2e9fe3bf603c85\\spring-boot-2.4.3.jar;C:\\Users\\Dan\\.gradle\\caches\\modules-2\\files-2.1\\org.springframework.boot\\spring-boot-starter-logging\\2.4.3\\64687abc2255d18cd6592cbb20fa3bee3379cec8\\spring-boot-starter-logging-2.4.3.jar;C:\\Users\\Dan\\.gradle\\caches\\modules-2\\files-2.1\\jakarta.annotation\\jakarta.annotation-api\\1.3.5\\59eb84ee0d616332ff44aba065f3888cf002cd2d\\jakarta.annotation-api-1.3.5.jar;C:\\Users\\Dan\\.gradle\\caches\\modules-2\\files-2.1\\org.springframework\\spring-context\\5.3.4\\fbeadeb0e4d272599a938ec345e99e5f9a76e919\\spring-context-5.3.4.jar;C:\\Users\\Dan\\.gradle\\caches\\modules-2\\files-2.1\\org.springframework\\spring-aop\\5.3.4\\b7180a6427ab524bc1cbd31bf38dd2182632515f\\spring-aop-5.3.4.jar;C:\\Users\\Dan\\.gradle\\caches\\modules-2\\files-2.1\\org.springframework\\spring-beans\\5.3.4\\ac6c5ea0ba82f555405f74104cf378f8071c6d25\\spring-beans-5.3.4.jar;C:\\Users\\Dan\\.gradle\\caches\\modules-2\\files-2.1\\org.springframework\\spring-expression\\5.3.4\\42b71fa955e43a86471509aef14cefe756fc3794\\spring-expression-5.3.4.jar;C:\\Users\\Dan\\.gradle\\caches\\modules-2\\files-2.1\\org.springframework\\spring-core\\5.3.4\\46c1f8abd9e02a292c42a257350f365cec152b5d\\spring-core-5.3.4.jar;C:\\Users\\Dan\\.gradle\\caches\\modules-2\\files-2.1\\org.yaml\\snakeyaml\\1.27\\359d62567480b07a679dc643f82fc926b100eed5\\snakeyaml-1.27.jar;C:\\Users\\Dan\\.gradle\\caches\\modules-2\\files-2.1\\com.fasterxml.jackson.datatype\\jackson-datatype-jdk8\\2.11.4\\e1540dea3c6c681ea4e335a960f730861ee3bedb\\jackson-datatype-jdk8-2.11.4.jar;C:\\Users\\Dan\\.gradle\\caches\\modules-2\\files-2.1\\com.fasterxml.jackson.datatype\\jackson-datatype-jsr310\\2.11.4\\ce6fc76bba06623720e5a9308386b6ae74753f4d\\jackson-datatype-jsr310-2.11.4.jar;C:\\Users\\Dan\\.gradle\\caches\\modules-2\\files-2.1\\com.fasterxml.jackson.module\\jackson-module-parameter-names\\2.11.4\\432e050d79f2282a66c320375d628f1b0842cb12\\jackson-module-parameter-names-2.11.4.jar;C:\\Users\\Dan\\.gradle\\caches\\modules-2\\files-2.1\\com.fasterxml.jackson.core\\jackson-databind\\2.11.4\\5d9f3d441f99d721b957e3497f0a6465c764fad4\\jackson-databind-2.11.4.jar;C:\\Users\\Dan\\.gradle\\caches\\modules-2\\files-2.1\\org.apache.tomcat.embed\\tomcat-embed-websocket\\9.0.43\\78232648dde1a5fd5093f0a3999e593d208e2eab\\tomcat-embed-websocket-9.0.43.jar;C:\\Users\\Dan\\.gradle\\caches\\modules-2\\files-2.1\\org.apache.tomcat.embed\\tomcat-embed-core\\9.0.43\\1d102277426bdd5b12f048731a91665bb69347d1\\tomcat-embed-core-9.0.43.jar;C:\\Users\\Dan\\.gradle\\caches\\modules-2\\files-2.1\\org.glassfish\\jakarta.el\\3.0.3\\dab46ee1ee23f7197c13d7c40fce14817c9017df\\jakarta.el-3.0.3.jar;C:\\Users\\Dan\\.gradle\\caches\\modules-2\\files-2.1\\org.glassfish.jaxb\\txw2\\2.3.1\\a09d2c48d3285f206fafbffe0e50619284e92126\\txw2-2.3.1.jar;C:\\Users\\Dan\\.gradle\\caches\\modules-2\\files-2.1\\com.sun.istack\\istack-commons-runtime\\3.0.7\\c197c86ceec7318b1284bffb49b54226ca774003\\istack-commons-runtime-3.0.7.jar;C:\\Users\\Dan\\.gradle\\caches\\modules-2\\files-2.1\\org.jvnet.staxex\\stax-ex\\1.8\\8cc35f73da321c29973191f2cf143d29d26a1df7\\stax-ex-1.8.jar;C:\\Users\\Dan\\.gradle\\caches\\modules-2\\files-2.1\\com.sun.xml.fastinfoset\\FastInfoset\\1.2.15\\bb7b7ec0379982b97c62cd17465cb6d9155f68e8\\FastInfoset-1.2.15.jar;C:\\Users\\Dan\\.gradle\\caches\\modules-2\\files-2.1\\ch.qos.logback\\logback-classic\\1.2.3\\7c4f3c474fb2c041d8028740440937705ebb473a\\logback-classic-1.2.3.jar;C:\\Users\\Dan\\.gradle\\caches\\modules-2\\files-2.1\\org.apache.logging.log4j\\log4j-to-slf4j\\2.13.3\\966f6fd1af4959d6b12bfa880121d4a2b164f857\\log4j-to-slf4j-2.13.3.jar;C:\\Users\\Dan\\.gradle\\caches\\modules-2\\files-2.1\\org.slf4j\\jul-to-slf4j\\1.7.30\\d58bebff8cbf70ff52b59208586095f467656c30\\jul-to-slf4j-1.7.30.jar;C:\\Users\\Dan\\.gradle\\caches\\modules-2\\files-2.1\\org.springframework\\spring-jcl\\5.3.4\\ca012eb4e9e57f767aa9d5e51fe9a09b28140808\\spring-jcl-5.3.4.jar;C:\\Users\\Dan\\.gradle\\caches\\modules-2\\files-2.1\\com.fasterxml.jackson.core\\jackson-annotations\\2.11.4\\2c3f5c079330f3a01726686a078979420f547ae4\\jackson-annotations-2.11.4.jar;C:\\Users\\Dan\\.gradle\\caches\\modules-2\\files-2.1\\com.fasterxml.jackson.core\\jackson-core\\2.11.4\\593f7b18bab07a76767f181e2a2336135ce82cc4\\jackson-core-2.11.4.jar;C:\\Users\\Dan\\.gradle\\caches\\modules-2\\files-2.1\\ch.qos.logback\\logback-core\\1.2.3\\864344400c3d4d92dfeb0a305dc87d953677c03c\\logback-core-1.2.3.jar;C:\\Users\\Dan\\.gradle\\caches\\modules-2\\files-2.1\\org.slf4j\\slf4j-api\\1.7.30\\b5a4b6d16ab13e34a88fae84c35cd5d68cac922c\\slf4j-api-1.7.30.jar;C:\\Users\\Dan\\.gradle\\caches\\modules-2\\files-2.1\\org.apache.logging.log4j\\log4j-api\\2.13.3\\ec1508160b93d274b1add34419b897bae84c6ca9\\log4j-api-2.13.3.jar, java.vm.vendor=Oracle Corporation, sun.arch.data.model=64, user.variant=, java.vendor.url=http://java.oracle.com/, user.timezone=Europe/Athens, os.name=Windows 10, java.vm.specification.version=11, user.country=US, sun.java.launcher=SUN_STANDARD, sun.boot.library.path=C:\Program Files\Java\jdk-11.0.6\bin, sun.java.command=worker.org.gradle.process.internal.worker.GradleWorkerMain 'Gradle Test Executor 3', jdk.debug=release, sun.cpu.endian=little, user.home=C:\Users\Dan, user.language=en, java.specification.vendor=Oracle Corporation, org.gradle.native=false, java.version.date=2020-01-14, java.home=C:\Program Files\Java\jdk-11.0.6, file.separator=\, java.vm.compressedOopsMode=32-bit, line.separator=
, java.specification.name=Java Platform API Specification, java.vm.specification.vendor=Oracle Corporation, java.awt.graphicsenv=sun.awt.Win32GraphicsEnvironment, hibernate.hbm2ddl.auto=update, user.script=, sun.management.compiler=HotSpot 64-Bit Tiered Compilers, java.runtime.version=11.0.6+8-LTS, user.name=Dan, path.separator=;, hibernate.connection.username=****, os.version=10.0, hibernate.enable_lazy_load_no_trans=true, java.runtime.name=Java(TM) SE Runtime Environment, hibernate.connection.url=jdbc:sqlite:D:\Facultate\Projects\OrganizareCompanie\database, file.encoding=windows-1250, java.vm.name=Java HotSpot(TM) 64-Bit Server VM, hibernate.show_sql=true, java.vendor.version=18.9, hibernate.current_session_context_class=thread, hibernate.connection.driver_class=org.sqlite.JDBC, java.vendor.url.bug=http://bugreport.java.com/bugreport/, java.io.tmpdir=C:\Users\Dan\AppData\Local\Temp\, java.version=11.0.6, user.dir=D:\Facultate\Projects\OrganizareCompanie, os.arch=amd64, java.vm.specification.name=Java Virtual Machine Specification, java.awt.printerjob=sun.awt.windows.WPrinterJob, hibernate.connection.password=****, sun.os.patch.level=, connection.driver_class=org.sqlite.JDBC, hibernate.boot.CfgXmlAccessService.key=org.hibernate.boot.cfgxml.spi.LoadedConfig@309e0af3, java.library.path=C:\Program Files\Java\jdk-11.0.6\bin;C:\WINDOWS\Sun\Java\bin;C:\WINDOWS\system32;C:\WINDOWS;;C:\Python38\Scripts\;C:\Python38\;D:\Facultate\Scripts\;D:\Facultate\;C:\Users\Dan\Desktop\Facultate 2018-2019\Semestrul I\Fundamentele programarii\Python\Scripts\;C:\Users\Dan\Desktop\Facultate 2018-2019\Semestrul I\Fundamentele programarii\Python\;C:\Users\Dan\Desktop\Facultate 2018-2019\Semestrul I\Fundamentele programarii\Scripts\;C:\Users\Dan\Desktop\Facultate 2018-2019\Semestrul I\Fundamentele programarii\;C:\WINDOWS\system32;C:\WINDOWS;C:\WINDOWS\System32\Wbem;C:\WINDOWS\System32\WindowsPowerShell\v1.0\;C:\WINDOWS\System32\OpenSSH\;D:\Facultate\PuTTY\;C:\Program Files\dotnet\;C:\Program Files\Microsoft SQL Server\Client SDK\ODBC\170\Tools\Binn\;C:\Users\Dan\Proto\bin;D:\Facultate\NodeJS\;C:\ProgramData\chocolatey\bin;C:\Program Files\Git\cmd;C:\Program Files\Java\jdk-10.0.2\bin;C:\Program Files (x86)\GnuWin32\bin;C:\MinGW\bin;C:\Program Files\Java\jdk-11.0.6\bin;C:\WINDOWS\system32;C:\WINDOWS;C:\WINDOWS\System32\Wbem;C:\WINDOWS\System32\WindowsPowerShell\v1.0\;C:\WINDOWS\System32\OpenSSH\;C:\Program Files\Intel\WiFi\bin\;C:\Program Files\Common Files\Intel\WirelessCommon\;D:\Facultate\Python\Scripts\;D:\Facultate\Python\;C:\Users\Dan\AppData\Local\Microsoft\WindowsApps;C:\Users\Dan\AppData\Local\GitHubDesktop\bin;C:\Users\Dan\AppData\Roaming\npm;D:\Facultate\Microsoft VS Code\bin;C:\Users\Dan\AppData\Local\Microsoft\WindowsApps;C:\Users\Dan\Documents\driver;;., java.vendor=Oracle Corporation, java.vm.info=mixed mode, java.vm.version=11.0.6+8-LTS, hibernate.bytecode.use_reflection_optimizer=false, sun.io.unicode.encoding=UnicodeLittle, hibernate.connection.pool_size=1, connection.url=jdbc:sqlite:D:\Facultate\Projects\OrganizareCompanie\database, java.class.version=55.0}
21:22:58.885 [Test worker] DEBUG org.hibernate.secure.spi.JaccIntegrator - Skipping JACC integration as it was not enabled
21:22:58.885 [Test worker] DEBUG org.hibernate.internal.SessionFactoryImpl - Instantiated session factory
21:22:58.885 [Test worker] DEBUG org.hibernate.type.spi.TypeConfiguration$Scope - Scoping TypeConfiguration [org.hibernate.type.spi.TypeConfiguration@6b7a2ee9] to SessionFactoryImpl [org.hibernate.internal.SessionFactoryImpl@48a4122c]
21:22:58.885 [Test worker] DEBUG org.hibernate.boot.internal.ClassLoaderAccessImpl - Not known whether passed class name [domain.Functie] is safe
21:22:58.885 [Test worker] DEBUG org.hibernate.boot.internal.ClassLoaderAccessImpl - No temp ClassLoader provided; using live ClassLoader for loading potentially unsafe class : domain.Functie
21:22:58.885 [Test worker] DEBUG org.hibernate.boot.internal.ClassLoaderAccessImpl - Not known whether passed class name [domain.Departament] is safe
21:22:58.901 [Test worker] DEBUG org.hibernate.boot.internal.ClassLoaderAccessImpl - No temp ClassLoader provided; using live ClassLoader for loading potentially unsafe class : domain.Departament
21:22:58.901 [Test worker] DEBUG org.hibernate.boot.internal.ClassLoaderAccessImpl - Not known whether passed class name [domain.Angajat] is safe
21:22:58.901 [Test worker] DEBUG org.hibernate.boot.internal.ClassLoaderAccessImpl - No temp ClassLoader provided; using live ClassLoader for loading potentially unsafe class : domain.Angajat
21:22:58.901 [Test worker] DEBUG org.hibernate.boot.internal.ClassLoaderAccessImpl - Not known whether passed class name [domain.Proiect] is safe
21:22:58.901 [Test worker] DEBUG org.hibernate.boot.internal.ClassLoaderAccessImpl - No temp ClassLoader provided; using live ClassLoader for loading potentially unsafe class : domain.Proiect
21:22:58.901 [Test worker] DEBUG org.hibernate.boot.internal.ClassLoaderAccessImpl - Not known whether passed class name [domain.Concediu] is safe
21:22:58.901 [Test worker] DEBUG org.hibernate.boot.internal.ClassLoaderAccessImpl - No temp ClassLoader provided; using live ClassLoader for loading potentially unsafe class : domain.Concediu
21:22:58.916 [Test worker] DEBUG org.hibernate.persister.collection.AbstractCollectionPersister - Static SQL for collection: domain.Angajat.proiecte
21:22:58.916 [Test worker] DEBUG org.hibernate.persister.collection.AbstractCollectionPersister -  Row insert: insert into angajati_proiecte (id_angajat, id_proiect) values (?, ?)
21:22:58.916 [Test worker] DEBUG org.hibernate.persister.collection.AbstractCollectionPersister -  Row update: update angajati_proiecte set id_proiect=? where id_angajat=? and id_proiect=?
21:22:58.916 [Test worker] DEBUG org.hibernate.persister.collection.AbstractCollectionPersister -  Row delete: delete from angajati_proiecte where id_angajat=? and id_proiect=?
21:22:58.916 [Test worker] DEBUG org.hibernate.persister.collection.AbstractCollectionPersister -  One-shot delete: delete from angajati_proiecte where id_angajat=?
21:22:58.916 [Test worker] DEBUG org.hibernate.persister.collection.AbstractCollectionPersister - Static SQL for collection: domain.Angajat.concedii
21:22:58.916 [Test worker] DEBUG org.hibernate.persister.collection.AbstractCollectionPersister -  Row insert: update concedii set id_angajat=? where id=?
21:22:58.916 [Test worker] DEBUG org.hibernate.persister.collection.AbstractCollectionPersister -  Row update: update concedii set  where id=?
21:22:58.916 [Test worker] DEBUG org.hibernate.persister.collection.AbstractCollectionPersister -  Row delete: update concedii set id_angajat=null where id_angajat=? and id=?
21:22:58.916 [Test worker] DEBUG org.hibernate.persister.collection.AbstractCollectionPersister -  One-shot delete: update concedii set id_angajat=null where id_angajat=?
21:22:58.916 [Test worker] DEBUG org.hibernate.persister.collection.AbstractCollectionPersister - Static SQL for collection: domain.Angajat.departamente
21:22:58.916 [Test worker] DEBUG org.hibernate.persister.collection.AbstractCollectionPersister -  Row insert: insert into angajati_departamente (id_angajat, id_departament) values (?, ?)
21:22:58.916 [Test worker] DEBUG org.hibernate.persister.collection.AbstractCollectionPersister -  Row update: update angajati_departamente set id_departament=? where id_angajat=? and id_departament=?
21:22:58.916 [Test worker] DEBUG org.hibernate.persister.collection.AbstractCollectionPersister -  Row delete: delete from angajati_departamente where id_angajat=? and id_departament=?
21:22:58.916 [Test worker] DEBUG org.hibernate.persister.collection.AbstractCollectionPersister -  One-shot delete: delete from angajati_departamente where id_angajat=?
21:22:58.916 [Test worker] DEBUG org.hibernate.persister.entity.AbstractEntityPersister - Static SQL for entity: domain.Functie
21:22:58.916 [Test worker] DEBUG org.hibernate.persister.entity.AbstractEntityPersister -  Version select: select id from functii where id =?
21:22:58.916 [Test worker] DEBUG org.hibernate.persister.entity.AbstractEntityPersister -  Snapshot select: select functie_.id, functie_.salar_de_baza as salar_de2_5_ from functii functie_ where functie_.id=?
21:22:58.916 [Test worker] DEBUG org.hibernate.persister.entity.AbstractEntityPersister -  Insert 0: insert into functii (salar_de_baza, id) values (?, ?)
21:22:58.916 [Test worker] DEBUG org.hibernate.persister.entity.AbstractEntityPersister -  Update 0: update functii set salar_de_baza=? where id=?
21:22:58.916 [Test worker] DEBUG org.hibernate.persister.entity.AbstractEntityPersister -  Delete 0: delete from functii where id=?
21:22:58.916 [Test worker] DEBUG org.hibernate.persister.entity.AbstractEntityPersister -  Identity insert: insert into functii (salar_de_baza) values (?)
21:22:58.916 [Test worker] DEBUG org.hibernate.loader.plan.build.internal.spaces.QuerySpacesImpl - Adding QuerySpace : uid = <gen:0> -> org.hibernate.loader.plan.build.internal.spaces.EntityQuerySpaceImpl@58cb58f9]
21:22:58.916 [Test worker] DEBUG org.hibernate.persister.walking.spi.MetamodelGraphWalker - Visiting attribute path : salarDeBaza
21:22:58.916 [Test worker] DEBUG org.hibernate.loader.plan.build.internal.FetchStyleLoadPlanBuildingAssociationVisitationStrategy - Building LoadPlan...
21:22:58.916 [Test worker] DEBUG org.hibernate.loader.plan.exec.internal.LoadQueryJoinAndFetchProcessor - processing queryspace <gen:0>
21:22:58.916 [Test worker] DEBUG org.hibernate.loader.plan.build.spi.LoadPlanTreePrinter - LoadPlan(entity=domain.Functie)
    - Returns
       - EntityReturnImpl(entity=domain.Functie, querySpaceUid=<gen:0>, path=domain.Functie)
    - QuerySpaces
       - EntityQuerySpaceImpl(uid=<gen:0>, entity=domain.Functie)
          - SQL table alias mapping - functie0_
          - alias suffix - 0_
          - suffixed key columns - {id1_5_0_}

21:22:58.916 [Test worker] DEBUG org.hibernate.loader.entity.plan.EntityLoader - Static select for entity domain.Functie [NONE]: select functie0_.id as id1_5_0_, functie0_.salar_de_baza as salar_de2_5_0_ from functii functie0_ where functie0_.id=?
21:22:58.916 [Test worker] DEBUG org.hibernate.persister.entity.AbstractEntityPersister - Static SQL for entity: domain.Departament
21:22:58.916 [Test worker] DEBUG org.hibernate.persister.entity.AbstractEntityPersister -  Version select: select id from departamente where id =?
21:22:58.916 [Test worker] DEBUG org.hibernate.persister.entity.AbstractEntityPersister -  Snapshot select: select departamen_.id, departamen_.id_director as id_direc2_4_ from departamente departamen_ where departamen_.id=?
21:22:58.916 [Test worker] DEBUG org.hibernate.persister.entity.AbstractEntityPersister -  Insert 0: insert into departamente (id_director, id) values (?, ?)
21:22:58.916 [Test worker] DEBUG org.hibernate.persister.entity.AbstractEntityPersister -  Update 0: update departamente set id_director=? where id=?
21:22:58.916 [Test worker] DEBUG org.hibernate.persister.entity.AbstractEntityPersister -  Delete 0: delete from departamente where id=?
21:22:58.916 [Test worker] DEBUG org.hibernate.persister.entity.AbstractEntityPersister -  Identity insert: insert into departamente (id_director) values (?)
21:22:58.916 [Test worker] DEBUG org.hibernate.loader.plan.build.internal.spaces.QuerySpacesImpl - Adding QuerySpace : uid = <gen:0> -> org.hibernate.loader.plan.build.internal.spaces.EntityQuerySpaceImpl@4b50d3ef]
21:22:58.916 [Test worker] DEBUG org.hibernate.persister.walking.spi.MetamodelGraphWalker - Visiting attribute path : idDirector
21:22:58.916 [Test worker] DEBUG org.hibernate.loader.plan.build.internal.FetchStyleLoadPlanBuildingAssociationVisitationStrategy - Building LoadPlan...
21:22:58.916 [Test worker] DEBUG org.hibernate.loader.plan.exec.internal.LoadQueryJoinAndFetchProcessor - processing queryspace <gen:0>
21:22:58.916 [Test worker] DEBUG org.hibernate.loader.plan.build.spi.LoadPlanTreePrinter - LoadPlan(entity=domain.Departament)
    - Returns
       - EntityReturnImpl(entity=domain.Departament, querySpaceUid=<gen:0>, path=domain.Departament)
    - QuerySpaces
       - EntityQuerySpaceImpl(uid=<gen:0>, entity=domain.Departament)
          - SQL table alias mapping - departamen0_
          - alias suffix - 0_
          - suffixed key columns - {id1_4_0_}

21:22:58.916 [Test worker] DEBUG org.hibernate.loader.entity.plan.EntityLoader - Static select for entity domain.Departament [NONE]: select departamen0_.id as id1_4_0_, departamen0_.id_director as id_direc2_4_0_ from departamente departamen0_ where departamen0_.id=?
21:22:58.916 [Test worker] DEBUG org.hibernate.persister.entity.AbstractEntityPersister - Static SQL for entity: domain.Angajat
21:22:58.916 [Test worker] DEBUG org.hibernate.persister.entity.AbstractEntityPersister -  Version select: select id from angajati where id =?
21:22:58.916 [Test worker] DEBUG org.hibernate.persister.entity.AbstractEntityPersister -  Snapshot select: select angajat_.id, angajat_.data_angajare as data_ang2_0_, angajat_.functie_id as functie_4_0_, angajat_.id_superior as id_super3_0_ from angajati angajat_ where angajat_.id=?
21:22:58.916 [Test worker] DEBUG org.hibernate.persister.entity.AbstractEntityPersister -  Insert 0: insert into angajati (data_angajare, functie_id, id_superior, id) values (?, ?, ?, ?)
21:22:58.916 [Test worker] DEBUG org.hibernate.persister.entity.AbstractEntityPersister -  Update 0: update angajati set data_angajare=?, functie_id=?, id_superior=? where id=?
21:22:58.916 [Test worker] DEBUG org.hibernate.persister.entity.AbstractEntityPersister -  Delete 0: delete from angajati where id=?
21:22:58.916 [Test worker] DEBUG org.hibernate.persister.entity.AbstractEntityPersister -  Identity insert: insert into angajati (data_angajare, functie_id, id_superior) values (?, ?, ?)
21:22:58.916 [Test worker] DEBUG org.hibernate.loader.plan.build.internal.spaces.QuerySpacesImpl - Adding QuerySpace : uid = <gen:0> -> org.hibernate.loader.plan.build.internal.spaces.EntityQuerySpaceImpl@68c78ada]
21:22:58.916 [Test worker] DEBUG org.hibernate.persister.walking.spi.MetamodelGraphWalker - Visiting attribute path : concedii
21:22:58.916 [Test worker] DEBUG org.hibernate.loader.plan.build.internal.spaces.QuerySpacesImpl - Adding QuerySpace : uid = <gen:1> -> org.hibernate.loader.plan.build.internal.spaces.CollectionQuerySpaceImpl@5cc8c429]
21:22:58.916 [Test worker] DEBUG org.hibernate.loader.plan.build.internal.spaces.QuerySpacesImpl - Adding QuerySpace : uid = <gen:2> -> org.hibernate.loader.plan.build.internal.spaces.EntityQuerySpaceImpl@7efc9211]
21:22:58.916 [Test worker] DEBUG org.hibernate.persister.walking.spi.MetamodelGraphWalker - Visiting attribute path : dataAngajare
21:22:58.916 [Test worker] DEBUG org.hibernate.persister.walking.spi.MetamodelGraphWalker - Visiting attribute path : departamente
21:22:58.916 [Test worker] DEBUG org.hibernate.loader.plan.build.internal.spaces.QuerySpacesImpl - Adding QuerySpace : uid = <gen:3> -> org.hibernate.loader.plan.build.internal.spaces.CollectionQuerySpaceImpl@2a39564e]
21:22:58.916 [Test worker] DEBUG org.hibernate.loader.plan.build.internal.spaces.QuerySpacesImpl - Adding QuerySpace : uid = <gen:4> -> org.hibernate.loader.plan.build.internal.spaces.EntityQuerySpaceImpl@6e2589cf]
21:22:58.916 [Test worker] DEBUG org.hibernate.persister.walking.spi.MetamodelGraphWalker - Visiting attribute path : functie
21:22:58.916 [Test worker] DEBUG org.hibernate.loader.plan.build.internal.spaces.QuerySpacesImpl - Adding QuerySpace : uid = <gen:5> -> org.hibernate.loader.plan.build.internal.spaces.EntityQuerySpaceImpl@74d6e1ae]
21:22:58.916 [Test worker] DEBUG org.hibernate.persister.walking.spi.MetamodelGraphWalker - Visiting attribute path : functie.salarDeBaza
21:22:58.916 [Test worker] DEBUG org.hibernate.persister.walking.spi.MetamodelGraphWalker - Visiting attribute path : idSuperior
21:22:58.916 [Test worker] DEBUG org.hibernate.persister.walking.spi.MetamodelGraphWalker - Visiting attribute path : proiecte
21:22:58.916 [Test worker] DEBUG org.hibernate.loader.plan.build.internal.spaces.QuerySpacesImpl - Adding QuerySpace : uid = <gen:6> -> org.hibernate.loader.plan.build.internal.spaces.CollectionQuerySpaceImpl@e4b2993]
21:22:58.916 [Test worker] DEBUG org.hibernate.loader.plan.build.internal.spaces.QuerySpacesImpl - Adding QuerySpace : uid = <gen:7> -> org.hibernate.loader.plan.build.internal.spaces.EntityQuerySpaceImpl@4c62b264]
21:22:58.916 [Test worker] DEBUG org.hibernate.loader.plan.build.internal.FetchStyleLoadPlanBuildingAssociationVisitationStrategy - Building LoadPlan...
21:22:58.916 [Test worker] DEBUG org.hibernate.loader.plan.exec.internal.LoadQueryJoinAndFetchProcessor - processing queryspace <gen:0>
21:22:58.916 [Test worker] DEBUG org.hibernate.loader.plan.build.spi.LoadPlanTreePrinter - LoadPlan(entity=domain.Angajat)
    - Returns
       - EntityReturnImpl(entity=domain.Angajat, querySpaceUid=<gen:0>, path=domain.Angajat)
          - CollectionAttributeFetchImpl(collection=domain.Angajat.concedii, querySpaceUid=<gen:1>, path=domain.Angajat.concedii)
             - (collection element) CollectionFetchableElementEntityGraph(entity=domain.Concediu, querySpaceUid=<gen:2>, path=domain.Angajat.concedii.<elements>)
          - CollectionAttributeFetchImpl(collection=domain.Angajat.departamente, querySpaceUid=<gen:3>, path=domain.Angajat.departamente)
             - (collection element) CollectionFetchableElementEntityGraph(entity=domain.Departament, querySpaceUid=<gen:4>, path=domain.Angajat.departamente.<elements>)
          - EntityAttributeFetchImpl(entity=domain.Functie, querySpaceUid=<gen:5>, path=domain.Angajat.functie)
          - CollectionAttributeFetchImpl(collection=domain.Angajat.proiecte, querySpaceUid=<gen:6>, path=domain.Angajat.proiecte)
             - (collection element) CollectionFetchableElementEntityGraph(entity=domain.Proiect, querySpaceUid=<gen:7>, path=domain.Angajat.proiecte.<elements>)
    - QuerySpaces
       - EntityQuerySpaceImpl(uid=<gen:0>, entity=domain.Angajat)
          - SQL table alias mapping - angajat0_
          - alias suffix - 0_
          - suffixed key columns - {id1_0_0_}
          - JOIN (JoinDefinedByMetadata(functie)) : <gen:0> -> <gen:5>
             - EntityQuerySpaceImpl(uid=<gen:5>, entity=domain.Functie)
                - SQL table alias mapping - functie1_
                - alias suffix - 1_
                - suffixed key columns - {id1_5_1_}

21:22:58.916 [Test worker] DEBUG org.hibernate.loader.entity.plan.EntityLoader - Static select for entity domain.Angajat [NONE]: select angajat0_.id as id1_0_0_, angajat0_.data_angajare as data_ang2_0_0_, angajat0_.functie_id as functie_4_0_0_, angajat0_.id_superior as id_super3_0_0_, functie1_.id as id1_5_1_, functie1_.salar_de_baza as salar_de2_5_1_ from angajati angajat0_ left outer join functii functie1_ on angajat0_.functie_id=functie1_.id where angajat0_.id=?
21:22:58.916 [Test worker] DEBUG org.hibernate.persister.entity.AbstractEntityPersister - Static SQL for entity: domain.Proiect
21:22:58.916 [Test worker] DEBUG org.hibernate.persister.entity.AbstractEntityPersister -  Version select: select id from proiecte where id =?
21:22:58.916 [Test worker] DEBUG org.hibernate.persister.entity.AbstractEntityPersister -  Snapshot select: select proiect_.id, proiect_.data_inceput as data_inc2_6_, proiect_.deadline as deadline3_6_ from proiecte proiect_ where proiect_.id=?
21:22:58.916 [Test worker] DEBUG org.hibernate.persister.entity.AbstractEntityPersister -  Insert 0: insert into proiecte (data_inceput, deadline, id) values (?, ?, ?)
21:22:58.916 [Test worker] DEBUG org.hibernate.persister.entity.AbstractEntityPersister -  Update 0: update proiecte set data_inceput=?, deadline=? where id=?
21:22:58.916 [Test worker] DEBUG org.hibernate.persister.entity.AbstractEntityPersister -  Delete 0: delete from proiecte where id=?
21:22:58.916 [Test worker] DEBUG org.hibernate.persister.entity.AbstractEntityPersister -  Identity insert: insert into proiecte (data_inceput, deadline) values (?, ?)
21:22:58.916 [Test worker] DEBUG org.hibernate.loader.plan.build.internal.spaces.QuerySpacesImpl - Adding QuerySpace : uid = <gen:0> -> org.hibernate.loader.plan.build.internal.spaces.EntityQuerySpaceImpl@f7af1d7]
21:22:58.916 [Test worker] DEBUG org.hibernate.persister.walking.spi.MetamodelGraphWalker - Visiting attribute path : dataInceput
21:22:58.916 [Test worker] DEBUG org.hibernate.persister.walking.spi.MetamodelGraphWalker - Visiting attribute path : deadline
21:22:58.916 [Test worker] DEBUG org.hibernate.loader.plan.build.internal.FetchStyleLoadPlanBuildingAssociationVisitationStrategy - Building LoadPlan...
21:22:58.916 [Test worker] DEBUG org.hibernate.loader.plan.exec.internal.LoadQueryJoinAndFetchProcessor - processing queryspace <gen:0>
21:22:58.916 [Test worker] DEBUG org.hibernate.loader.plan.build.spi.LoadPlanTreePrinter - LoadPlan(entity=domain.Proiect)
    - Returns
       - EntityReturnImpl(entity=domain.Proiect, querySpaceUid=<gen:0>, path=domain.Proiect)
    - QuerySpaces
       - EntityQuerySpaceImpl(uid=<gen:0>, entity=domain.Proiect)
          - SQL table alias mapping - proiect0_
          - alias suffix - 0_
          - suffixed key columns - {id1_6_0_}

21:22:58.916 [Test worker] DEBUG org.hibernate.loader.entity.plan.EntityLoader - Static select for entity domain.Proiect [NONE]: select proiect0_.id as id1_6_0_, proiect0_.data_inceput as data_inc2_6_0_, proiect0_.deadline as deadline3_6_0_ from proiecte proiect0_ where proiect0_.id=?
21:22:58.916 [Test worker] DEBUG org.hibernate.persister.entity.AbstractEntityPersister - Static SQL for entity: domain.Concediu
21:22:58.916 [Test worker] DEBUG org.hibernate.persister.entity.AbstractEntityPersister -  Version select: select id from concedii where id =?
21:22:58.916 [Test worker] DEBUG org.hibernate.persister.entity.AbstractEntityPersister -  Snapshot select: select concediu_.id, concediu_.id_angajat as id_angaj4_3_, concediu_.data_inceput as data_inc2_3_, concediu_.data_sfarsit as data_sfa3_3_ from concedii concediu_ where concediu_.id=?
21:22:58.916 [Test worker] DEBUG org.hibernate.persister.entity.AbstractEntityPersister -  Insert 0: insert into concedii (id_angajat, data_inceput, data_sfarsit, id) values (?, ?, ?, ?)
21:22:58.916 [Test worker] DEBUG org.hibernate.persister.entity.AbstractEntityPersister -  Update 0: update concedii set id_angajat=?, data_inceput=?, data_sfarsit=? where id=?
21:22:58.916 [Test worker] DEBUG org.hibernate.persister.entity.AbstractEntityPersister -  Delete 0: delete from concedii where id=?
21:22:58.916 [Test worker] DEBUG org.hibernate.persister.entity.AbstractEntityPersister -  Identity insert: insert into concedii (id_angajat, data_inceput, data_sfarsit) values (?, ?, ?)
21:22:58.916 [Test worker] DEBUG org.hibernate.loader.plan.build.internal.spaces.QuerySpacesImpl - Adding QuerySpace : uid = <gen:0> -> org.hibernate.loader.plan.build.internal.spaces.EntityQuerySpaceImpl@3229d2eb]
21:22:58.916 [Test worker] DEBUG org.hibernate.persister.walking.spi.MetamodelGraphWalker - Visiting attribute path : angajat
21:22:58.916 [Test worker] DEBUG org.hibernate.loader.plan.build.internal.spaces.QuerySpacesImpl - Adding QuerySpace : uid = <gen:1> -> org.hibernate.loader.plan.build.internal.spaces.EntityQuerySpaceImpl@332d07b6]
21:22:58.916 [Test worker] DEBUG org.hibernate.persister.walking.spi.MetamodelGraphWalker - Visiting attribute path : dataInceput
21:22:58.916 [Test worker] DEBUG org.hibernate.persister.walking.spi.MetamodelGraphWalker - Visiting attribute path : dataSfarsit
21:22:58.916 [Test worker] DEBUG org.hibernate.loader.plan.build.internal.FetchStyleLoadPlanBuildingAssociationVisitationStrategy - Building LoadPlan...
21:22:58.916 [Test worker] DEBUG org.hibernate.loader.plan.exec.internal.LoadQueryJoinAndFetchProcessor - processing queryspace <gen:0>
21:22:58.916 [Test worker] DEBUG org.hibernate.loader.plan.build.spi.LoadPlanTreePrinter - LoadPlan(entity=domain.Concediu)
    - Returns
       - EntityReturnImpl(entity=domain.Concediu, querySpaceUid=<gen:0>, path=domain.Concediu)
          - EntityAttributeFetchImpl(entity=domain.Angajat, querySpaceUid=<gen:1>, path=domain.Concediu.angajat)
    - QuerySpaces
       - EntityQuerySpaceImpl(uid=<gen:0>, entity=domain.Concediu)
          - SQL table alias mapping - concediu0_
          - alias suffix - 0_
          - suffixed key columns - {id1_3_0_}

21:22:58.916 [Test worker] DEBUG org.hibernate.loader.entity.plan.EntityLoader - Static select for entity domain.Concediu [NONE]: select concediu0_.id as id1_3_0_, concediu0_.id_angajat as id_angaj4_3_0_, concediu0_.data_inceput as data_inc2_3_0_, concediu0_.data_sfarsit as data_sfa3_3_0_ from concedii concediu0_ where concediu0_.id=?
21:22:58.916 [Test worker] DEBUG org.hibernate.loader.plan.build.internal.spaces.QuerySpacesImpl - Adding QuerySpace : uid = <gen:0> -> org.hibernate.loader.plan.build.internal.spaces.CollectionQuerySpaceImpl@1db963ed]
21:22:58.916 [Test worker] DEBUG org.hibernate.loader.plan.build.internal.spaces.QuerySpacesImpl - Adding QuerySpace : uid = <gen:1> -> org.hibernate.loader.plan.build.internal.spaces.EntityQuerySpaceImpl@617b443b]
21:22:58.916 [Test worker] DEBUG org.hibernate.persister.walking.spi.MetamodelGraphWalker - Visiting attribute path : dataInceput
21:22:58.916 [Test worker] DEBUG org.hibernate.persister.walking.spi.MetamodelGraphWalker - Visiting attribute path : deadline
21:22:58.916 [Test worker] DEBUG org.hibernate.loader.plan.build.internal.FetchStyleLoadPlanBuildingAssociationVisitationStrategy - Building LoadPlan...
21:22:58.916 [Test worker] DEBUG org.hibernate.loader.plan.exec.internal.LoadQueryJoinAndFetchProcessor - processing queryspace <gen:0>
21:22:58.916 [Test worker] DEBUG org.hibernate.loader.plan.build.spi.LoadPlanTreePrinter - LoadPlan(collection=domain.Angajat.proiecte)
    - Returns
       - CollectionReturnImpl(collection=domain.Angajat.proiecte, querySpaceUid=<gen:0>, path=[domain.Angajat.proiecte])
          - (collection element) CollectionFetchableElementEntityGraph(entity=domain.Proiect, querySpaceUid=<gen:1>, path=[domain.Angajat.proiecte].<elements>)
    - QuerySpaces
       - CollectionQuerySpaceImpl(uid=<gen:0>, collection=domain.Angajat.proiecte)
          - SQL table alias mapping - proiecte0_
          - alias suffix - 0_
          - suffixed key columns - {id_angaj1_2_0_}
          - entity-element alias suffix - 1_
          - 1_entity-element suffixed key columns - id1_6_1_
          - JOIN (JoinDefinedByMetadata(elements)) : <gen:0> -> <gen:1>
             - EntityQuerySpaceImpl(uid=<gen:1>, entity=domain.Proiect)
                - SQL table alias mapping - proiect1_
                - alias suffix - 1_
                - suffixed key columns - {id1_6_1_}

21:22:58.916 [Test worker] DEBUG org.hibernate.loader.collection.plan.CollectionLoader - Static select for collection domain.Angajat.proiecte: select proiecte0_.id_angajat as id_angaj1_2_0_, proiecte0_.id_proiect as id_proie2_2_0_, proiect1_.id as id1_6_1_, proiect1_.data_inceput as data_inc2_6_1_, proiect1_.deadline as deadline3_6_1_ from angajati_proiecte proiecte0_ inner join proiecte proiect1_ on proiecte0_.id_proiect=proiect1_.id where proiecte0_.id_angajat=?
21:22:58.916 [Test worker] DEBUG org.hibernate.loader.plan.build.internal.spaces.QuerySpacesImpl - Adding QuerySpace : uid = <gen:0> -> org.hibernate.loader.plan.build.internal.spaces.CollectionQuerySpaceImpl@a9d15b5]
21:22:58.916 [Test worker] DEBUG org.hibernate.loader.plan.build.internal.spaces.QuerySpacesImpl - Adding QuerySpace : uid = <gen:1> -> org.hibernate.loader.plan.build.internal.spaces.EntityQuerySpaceImpl@31fcc241]
21:22:58.916 [Test worker] DEBUG org.hibernate.persister.walking.spi.MetamodelGraphWalker - Visiting attribute path : angajat
21:22:58.916 [Test worker] DEBUG org.hibernate.persister.walking.spi.MetamodelGraphWalker - Property path deemed to be circular : angajat
21:22:58.916 [Test worker] DEBUG org.hibernate.persister.walking.spi.MetamodelGraphWalker - Visiting attribute path : dataInceput
21:22:58.916 [Test worker] DEBUG org.hibernate.persister.walking.spi.MetamodelGraphWalker - Visiting attribute path : dataSfarsit
21:22:58.916 [Test worker] DEBUG org.hibernate.loader.plan.build.internal.FetchStyleLoadPlanBuildingAssociationVisitationStrategy - Building LoadPlan...
21:22:58.916 [Test worker] DEBUG org.hibernate.loader.plan.exec.internal.LoadQueryJoinAndFetchProcessor - processing queryspace <gen:0>
21:22:58.916 [Test worker] DEBUG org.hibernate.loader.plan.build.spi.LoadPlanTreePrinter - LoadPlan(collection=domain.Angajat.concedii)
    - Returns
       - CollectionReturnImpl(collection=domain.Angajat.concedii, querySpaceUid=<gen:0>, path=[domain.Angajat.concedii])
          - (collection element) CollectionFetchableElementEntityGraph(entity=domain.Concediu, querySpaceUid=<gen:1>, path=[domain.Angajat.concedii].<elements>)
    - QuerySpaces
       - CollectionQuerySpaceImpl(uid=<gen:0>, collection=domain.Angajat.concedii)
          - SQL table alias mapping - concedii0_
          - alias suffix - 0_
          - suffixed key columns - {id_angaj4_3_0_}
          - entity-element alias suffix - 1_
          - 1_entity-element suffixed key columns - id1_3_1_
          - JOIN (JoinDefinedByMetadata(elements)) : <gen:0> -> <gen:1>
             - EntityQuerySpaceImpl(uid=<gen:1>, entity=domain.Concediu)
                - SQL table alias mapping - concedii0_
                - alias suffix - 1_
                - suffixed key columns - {id1_3_1_}

21:22:58.916 [Test worker] DEBUG org.hibernate.loader.collection.plan.CollectionLoader - Static select for collection domain.Angajat.concedii: select concedii0_.id_angajat as id_angaj4_3_0_, concedii0_.id as id1_3_0_, concedii0_.id as id1_3_1_, concedii0_.id_angajat as id_angaj4_3_1_, concedii0_.data_inceput as data_inc2_3_1_, concedii0_.data_sfarsit as data_sfa3_3_1_ from concedii concedii0_ where concedii0_.id_angajat=?
21:22:58.916 [Test worker] DEBUG org.hibernate.loader.plan.build.internal.spaces.QuerySpacesImpl - Adding QuerySpace : uid = <gen:0> -> org.hibernate.loader.plan.build.internal.spaces.CollectionQuerySpaceImpl@555c2434]
21:22:58.916 [Test worker] DEBUG org.hibernate.loader.plan.build.internal.spaces.QuerySpacesImpl - Adding QuerySpace : uid = <gen:1> -> org.hibernate.loader.plan.build.internal.spaces.EntityQuerySpaceImpl@2e51a14]
21:22:58.916 [Test worker] DEBUG org.hibernate.persister.walking.spi.MetamodelGraphWalker - Visiting attribute path : idDirector
21:22:58.916 [Test worker] DEBUG org.hibernate.loader.plan.build.internal.FetchStyleLoadPlanBuildingAssociationVisitationStrategy - Building LoadPlan...
21:22:58.916 [Test worker] DEBUG org.hibernate.loader.plan.exec.internal.LoadQueryJoinAndFetchProcessor - processing queryspace <gen:0>
21:22:58.916 [Test worker] DEBUG org.hibernate.loader.plan.build.spi.LoadPlanTreePrinter - LoadPlan(collection=domain.Angajat.departamente)
    - Returns
       - CollectionReturnImpl(collection=domain.Angajat.departamente, querySpaceUid=<gen:0>, path=[domain.Angajat.departamente])
          - (collection element) CollectionFetchableElementEntityGraph(entity=domain.Departament, querySpaceUid=<gen:1>, path=[domain.Angajat.departamente].<elements>)
    - QuerySpaces
       - CollectionQuerySpaceImpl(uid=<gen:0>, collection=domain.Angajat.departamente)
          - SQL table alias mapping - departamen0_
          - alias suffix - 0_
          - suffixed key columns - {id_angaj1_1_0_}
          - entity-element alias suffix - 1_
          - 1_entity-element suffixed key columns - id1_4_1_
          - JOIN (JoinDefinedByMetadata(elements)) : <gen:0> -> <gen:1>
             - EntityQuerySpaceImpl(uid=<gen:1>, entity=domain.Departament)
                - SQL table alias mapping - departamen1_
                - alias suffix - 1_
                - suffixed key columns - {id1_4_1_}

21:22:58.916 [Test worker] DEBUG org.hibernate.loader.collection.plan.CollectionLoader - Static select for collection domain.Angajat.departamente: select departamen0_.id_angajat as id_angaj1_1_0_, departamen0_.id_departament as id_depar2_1_0_, departamen1_.id as id1_4_1_, departamen1_.id_director as id_direc2_4_1_ from angajati_departamente departamen0_ inner join departamente departamen1_ on departamen0_.id_departament=departamen1_.id where departamen0_.id_angajat=?
21:22:58.916 [Test worker] INFO org.hibernate.orm.connections.access - HHH10001501: Connection obtained from JdbcConnectionAccess [org.hibernate.engine.jdbc.env.internal.JdbcEnvironmentInitiator$ConnectionProviderJdbcConnectionAccess@3d485714] for (non-JTA) DDL execution was not in auto-commit mode; the Connection 'local transaction' will be committed and the Connection will be set into auto-commit mode.
21:22:58.916 [Test worker] DEBUG org.hibernate.mapping.Table - No alter strings for table : angajati
21:22:58.916 [Test worker] DEBUG org.hibernate.mapping.Table - No alter strings for table : angajati_departamente
21:22:58.916 [Test worker] DEBUG org.hibernate.mapping.Table - No alter strings for table : angajati_proiecte
21:22:58.916 [Test worker] DEBUG org.hibernate.mapping.Table - No alter strings for table : concedii
21:22:58.916 [Test worker] DEBUG org.hibernate.mapping.Table - No alter strings for table : departamente
21:22:58.916 [Test worker] DEBUG org.hibernate.mapping.Table - No alter strings for table : functii
21:22:58.916 [Test worker] DEBUG org.hibernate.mapping.Table - No alter strings for table : proiecte
21:22:58.916 [Test worker] DEBUG org.hibernate.query.spi.NamedQueryRepository - Checking 0 named HQL queries
21:22:58.916 [Test worker] DEBUG org.hibernate.query.spi.NamedQueryRepository - Checking 0 named SQL queries
21:22:58.932 [Test worker] DEBUG org.hibernate.internal.SessionFactoryRegistry - Registering SessionFactory: b894329e-36c3-4604-a4cc-762277da6e51 (<unnamed>)
21:22:58.932 [Test worker] DEBUG org.hibernate.internal.SessionFactoryRegistry - Not binding SessionFactory to JNDI, no JNDI name configured
21:22:58.979 [Test worker] DEBUG org.hibernate.stat.internal.StatisticsInitiator - Statistics initialized [enabled=false]
21:22:58.994 [Test worker] DEBUG org.hibernate.engine.transaction.internal.TransactionImpl - On TransactionImpl creation, JpaCompliance#isJpaTransactionComplianceEnabled == false
21:22:58.994 [Test worker] DEBUG org.hibernate.engine.transaction.internal.TransactionImpl - begin
21:22:58.994 [Test worker] DEBUG org.hibernate.hql.internal.QueryTranslatorFactoryInitiator - QueryTranslatorFactory: org.hibernate.hql.internal.ast.ASTQueryTranslatorFactory@1ec4c28e
21:22:59.026 [Test worker] DEBUG org.hibernate.hql.internal.ast.QueryTranslatorImpl - parse() - HQL: select a from domain.Departament a where id=:id
21:22:59.026 [Test worker] DEBUG org.hibernate.hql.internal.ast.ErrorTracker - throwQueryException() : no errors
21:22:59.026 [Test worker] DEBUG org.hibernate.hql.internal.ast.QueryTranslatorImpl - --- HQL AST ---
 \-[QUERY] Node: 'query'
    +-[SELECT_FROM] Node: 'SELECT_FROM'
    |  +-[FROM] Node: 'from'
    |  |  \-[RANGE] Node: 'RANGE'
    |  |     +-[DOT] Node: '.'
    |  |     |  +-[IDENT] Node: 'domain'
    |  |     |  \-[IDENT] Node: 'Departament'
    |  |     \-[ALIAS] Node: 'a'
    |  \-[SELECT] Node: 'select'
    |     \-[IDENT] Node: 'a'
    \-[WHERE] Node: 'where'
       \-[EQ] Node: '='
          +-[IDENT] Node: 'id'
          \-[COLON] Node: ':'
             \-[IDENT] Node: 'id'

21:22:59.041 [Test worker] DEBUG org.hibernate.hql.internal.antlr.HqlSqlBaseWalker - select << begin [level=1, statement=select]
21:22:59.057 [Test worker] DEBUG org.hibernate.hql.internal.ast.tree.FromElement - FromClause{level=1} : domain.Departament (a) -> departamen0_
21:22:59.057 [Test worker] DEBUG org.hibernate.hql.internal.ast.tree.FromReferenceNode - Resolved : a -> departamen0_.id
21:22:59.057 [Test worker] DEBUG org.hibernate.hql.internal.ast.tree.FromReferenceNode - Resolved : {synthetic-alias} -> {synthetic-alias}
21:22:59.057 [Test worker] DEBUG org.hibernate.hql.internal.ast.tree.DotNode - getDataType() : id -> org.hibernate.type.IntegerType@14f541d2
21:22:59.057 [Test worker] DEBUG org.hibernate.hql.internal.ast.tree.FromReferenceNode - Resolved : {synthetic-alias}.id -> departamen0_.id
21:22:59.057 [Test worker] DEBUG org.hibernate.hql.internal.antlr.HqlSqlBaseWalker - select : finishing up [level=1, statement=select]
21:22:59.057 [Test worker] DEBUG org.hibernate.hql.internal.ast.HqlSqlWalker - processQuery() :  ( SELECT ( {select clause} departamen0_.id ) ( FromClause{level=1} departamente departamen0_ ) ( where ( = ( departamen0_.id {synthetic-alias} id ) ? ) ) )
21:22:59.057 [Test worker] DEBUG org.hibernate.hql.internal.ast.util.JoinProcessor - Tables referenced from query nodes:
 \-QueryNode
    +-SelectClause
    | referencedTables(entity Departament): [departamente]
    |  +-IdentNode
    |  | persister: SingleTableEntityPersister(domain.Departament)
    |  | originalText: a
    |  \-SqlFragment
    +-FromClause
    |  \-FromElement
    \-SqlNode
       \-BinaryLogicOperatorNode
          +-DotNode
          | persister: SingleTableEntityPersister(domain.Departament)
          | path: {synthetic-alias}.id
          |  +-IdentNode
          |  | persister: SingleTableEntityPersister(domain.Departament)
          |  | originalText: {synthetic-alias}
          |  \-IdentNode
          |    persister: null
          |    originalText: id
          \-ParameterNode

21:22:59.057 [Test worker] DEBUG org.hibernate.hql.internal.ast.util.JoinProcessor - Using FROM fragment [departamente departamen0_]
21:22:59.057 [Test worker] DEBUG org.hibernate.hql.internal.antlr.HqlSqlBaseWalker - select >> end [level=1, statement=select]
21:22:59.057 [Test worker] DEBUG org.hibernate.hql.internal.ast.QueryTranslatorImpl - --- SQL AST ---
 \-[SELECT] QueryNode: 'SELECT'  querySpaces (departamente)
    +-[SELECT_CLAUSE] SelectClause: '{select clause}'
    |  +-[ALIAS_REF] IdentNode: 'departamen0_.id as id1_4_' {alias=a, className=domain.Departament, tableAlias=departamen0_}
    |  \-[SQL_TOKEN] SqlFragment: 'departamen0_.id_director as id_direc2_4_'
    +-[FROM] FromClause: 'from' FromClause{level=1, fromElementCounter=1, fromElements=1, fromElementByClassAlias=[a], fromElementByTableAlias=[departamen0_], fromElementsByPath=[], collectionJoinFromElementsByPath=[], impliedElements=[]}
    |  \-[FROM_FRAGMENT] FromElement: 'departamente departamen0_' FromElement{explicit,not a collection join,not a fetch join,fetch non-lazy properties,classAlias=a,role=null,tableName=departamente,tableAlias=departamen0_,origin=null,columns={,className=domain.Departament}}
    \-[WHERE] SqlNode: 'where'
       \-[EQ] BinaryLogicOperatorNode: '='
          +-[DOT] DotNode: 'departamen0_.id' {propertyName=id,dereferenceType=PRIMITIVE,getPropertyPath=id,path={synthetic-alias}.id,tableAlias=departamen0_,className=domain.Departament,classAlias=a}
          |  +-[IDENT] IdentNode: '{synthetic-alias}' {originalText={synthetic-alias}}
          |  \-[IDENT] IdentNode: 'id' {originalText=id}
          \-[NAMED_PARAM] ParameterNode: '?' {name=id, expectedType=org.hibernate.type.IntegerType@14f541d2}

21:22:59.057 [Test worker] DEBUG org.hibernate.hql.internal.ast.ErrorTracker - throwQueryException() : no errors
21:22:59.072 [Test worker] DEBUG org.hibernate.hql.internal.ast.QueryTranslatorImpl - HQL: select a from domain.Departament a where id=:id
21:22:59.072 [Test worker] DEBUG org.hibernate.hql.internal.ast.QueryTranslatorImpl - SQL: select departamen0_.id as id1_4_, departamen0_.id_director as id_direc2_4_ from departamente departamen0_ where departamen0_.id=?
21:22:59.072 [Test worker] DEBUG org.hibernate.hql.internal.ast.ErrorTracker - throwQueryException() : no errors
21:22:59.072 [Test worker] DEBUG org.hibernate.SQL - select departamen0_.id as id1_4_, departamen0_.id_director as id_direc2_4_ from departamente departamen0_ where departamen0_.id=?
Hibernate: select departamen0_.id as id1_4_, departamen0_.id_director as id_direc2_4_ from departamente departamen0_ where departamen0_.id=?
21:22:59.072 [Test worker] DEBUG org.hibernate.loader.Loader - Result set row: 0
21:22:59.088 [Test worker] DEBUG org.hibernate.loader.Loader - Result row: EntityKey[domain.Departament#1]
21:22:59.088 [Test worker] DEBUG org.hibernate.engine.internal.TwoPhaseLoad - Resolving attributes for [domain.Departament#1]
21:22:59.088 [Test worker] DEBUG org.hibernate.engine.internal.TwoPhaseLoad - Processing attribute `idDirector` : value = 1
21:22:59.088 [Test worker] DEBUG org.hibernate.engine.internal.TwoPhaseLoad - Attribute (`idDirector`)  - enhanced for lazy-loading? - false
21:22:59.088 [Test worker] DEBUG org.hibernate.engine.internal.TwoPhaseLoad - Done materializing entity [domain.Departament#1]
21:22:59.088 [Test worker] DEBUG org.hibernate.engine.transaction.internal.TransactionImpl - committing
21:22:59.088 [Test worker] DEBUG org.hibernate.event.internal.AbstractFlushingEventListener - Processing flush-time cascades
21:22:59.104 [Test worker] DEBUG org.hibernate.event.internal.AbstractFlushingEventListener - Dirty checking collections
21:22:59.104 [Test worker] DEBUG org.hibernate.event.internal.AbstractFlushingEventListener - Flushed: 0 insertions, 0 updates, 0 deletions to 1 objects
21:22:59.104 [Test worker] DEBUG org.hibernate.event.internal.AbstractFlushingEventListener - Flushed: 0 (re)creations, 0 updates, 0 removals to 0 collections
21:22:59.104 [Test worker] DEBUG org.hibernate.internal.util.EntityPrinter - Listing entities:
21:22:59.104 [Test worker] DEBUG org.hibernate.internal.util.EntityPrinter - domain.Departament{idDirector=1, id=1}
21:22:59.104 [Test worker] DEBUG org.hibernate.resource.jdbc.internal.LogicalConnectionManagedImpl - Initiating JDBC connection release from afterTransaction
21:22:59.104 [Test worker] DEBUG org.hibernate.resource.jdbc.internal.LogicalConnectionManagedImpl - Initiating JDBC connection release from afterTransaction
21:22:59.104 [Test worker] DEBUG org.hibernate.stat.internal.StatisticsInitiator - Statistics initialized [enabled=false]
21:22:59.104 [Test worker] DEBUG org.hibernate.engine.transaction.internal.TransactionImpl - On TransactionImpl creation, JpaCompliance#isJpaTransactionComplianceEnabled == false
21:22:59.104 [Test worker] DEBUG org.hibernate.engine.transaction.internal.TransactionImpl - begin
21:22:59.104 [Test worker] DEBUG org.hibernate.hql.internal.QueryTranslatorFactoryInitiator - QueryTranslatorFactory: org.hibernate.hql.internal.ast.ASTQueryTranslatorFactory@1ec4c28e
21:22:59.104 [Test worker] DEBUG org.hibernate.hql.internal.ast.QueryTranslatorImpl - parse() - HQL: select a from domain.Angajat a
21:22:59.104 [Test worker] DEBUG org.hibernate.hql.internal.ast.ErrorTracker - throwQueryException() : no errors
21:22:59.104 [Test worker] DEBUG org.hibernate.hql.internal.ast.QueryTranslatorImpl - --- HQL AST ---
 \-[QUERY] Node: 'query'
    \-[SELECT_FROM] Node: 'SELECT_FROM'
       +-[FROM] Node: 'from'
       |  \-[RANGE] Node: 'RANGE'
       |     +-[DOT] Node: '.'
       |     |  +-[IDENT] Node: 'domain'
       |     |  \-[IDENT] Node: 'Angajat'
       |     \-[ALIAS] Node: 'a'
       \-[SELECT] Node: 'select'
          \-[IDENT] Node: 'a'

21:22:59.104 [Test worker] DEBUG org.hibernate.hql.internal.antlr.HqlSqlBaseWalker - select << begin [level=1, statement=select]
21:22:59.104 [Test worker] DEBUG org.hibernate.hql.internal.ast.tree.FromElement - FromClause{level=1} : domain.Angajat (a) -> angajat0_
21:22:59.104 [Test worker] DEBUG org.hibernate.hql.internal.ast.tree.FromReferenceNode - Resolved : a -> angajat0_.id
21:22:59.104 [Test worker] DEBUG org.hibernate.hql.internal.antlr.HqlSqlBaseWalker - select : finishing up [level=1, statement=select]
21:22:59.104 [Test worker] DEBUG org.hibernate.hql.internal.ast.HqlSqlWalker - processQuery() :  ( SELECT ( {select clause} angajat0_.id ) ( FromClause{level=1} angajati angajat0_ ) )
21:22:59.104 [Test worker] DEBUG org.hibernate.hql.internal.ast.util.JoinProcessor - Tables referenced from query nodes:
 \-QueryNode
    +-SelectClause
    | referencedTables(entity Angajat): [angajati]
    |  +-IdentNode
    |  | persister: SingleTableEntityPersister(domain.Angajat)
    |  | originalText: a
    |  \-SqlFragment
    \-FromClause
       \-FromElement

21:22:59.104 [Test worker] DEBUG org.hibernate.hql.internal.ast.util.JoinProcessor - Using FROM fragment [angajati angajat0_]
21:22:59.104 [Test worker] DEBUG org.hibernate.hql.internal.antlr.HqlSqlBaseWalker - select >> end [level=1, statement=select]
21:22:59.104 [Test worker] DEBUG org.hibernate.hql.internal.ast.QueryTranslatorImpl - --- SQL AST ---
 \-[SELECT] QueryNode: 'SELECT'  querySpaces (angajati)
    +-[SELECT_CLAUSE] SelectClause: '{select clause}'
    |  +-[ALIAS_REF] IdentNode: 'angajat0_.id as id1_0_' {alias=a, className=domain.Angajat, tableAlias=angajat0_}
    |  \-[SQL_TOKEN] SqlFragment: 'angajat0_.data_angajare as data_ang2_0_, angajat0_.functie_id as functie_4_0_, angajat0_.id_superior as id_super3_0_'
    \-[FROM] FromClause: 'from' FromClause{level=1, fromElementCounter=1, fromElements=1, fromElementByClassAlias=[a], fromElementByTableAlias=[angajat0_], fromElementsByPath=[], collectionJoinFromElementsByPath=[], impliedElements=[]}
       \-[FROM_FRAGMENT] FromElement: 'angajati angajat0_' FromElement{explicit,not a collection join,not a fetch join,fetch non-lazy properties,classAlias=a,role=null,tableName=angajati,tableAlias=angajat0_,origin=null,columns={,className=domain.Angajat}}

21:22:59.104 [Test worker] DEBUG org.hibernate.hql.internal.ast.ErrorTracker - throwQueryException() : no errors
21:22:59.104 [Test worker] DEBUG org.hibernate.hql.internal.ast.QueryTranslatorImpl - HQL: select a from domain.Angajat a
21:22:59.104 [Test worker] DEBUG org.hibernate.hql.internal.ast.QueryTranslatorImpl - SQL: select angajat0_.id as id1_0_, angajat0_.data_angajare as data_ang2_0_, angajat0_.functie_id as functie_4_0_, angajat0_.id_superior as id_super3_0_ from angajati angajat0_
21:22:59.104 [Test worker] DEBUG org.hibernate.hql.internal.ast.ErrorTracker - throwQueryException() : no errors
21:22:59.104 [Test worker] DEBUG org.hibernate.SQL - select angajat0_.id as id1_0_, angajat0_.data_angajare as data_ang2_0_, angajat0_.functie_id as functie_4_0_, angajat0_.id_superior as id_super3_0_ from angajati angajat0_
Hibernate: select angajat0_.id as id1_0_, angajat0_.data_angajare as data_ang2_0_, angajat0_.functie_id as functie_4_0_, angajat0_.id_superior as id_super3_0_ from angajati angajat0_
21:22:59.104 [Test worker] DEBUG org.hibernate.loader.Loader - Result set row: 0
21:22:59.104 [Test worker] DEBUG org.hibernate.loader.Loader - Result row: EntityKey[domain.Angajat#1]
21:22:59.119 [Test worker] DEBUG org.hibernate.loader.Loader - Result set row: 1
21:22:59.119 [Test worker] DEBUG org.hibernate.loader.Loader - Result row: EntityKey[domain.Angajat#2]
21:22:59.119 [Test worker] DEBUG org.hibernate.engine.internal.TwoPhaseLoad - Resolving attributes for [domain.Angajat#1]
21:22:59.119 [Test worker] DEBUG org.hibernate.engine.internal.TwoPhaseLoad - Processing attribute `concedii` : value = NOT NULL COLLECTION
21:22:59.119 [Test worker] DEBUG org.hibernate.engine.internal.TwoPhaseLoad - Attribute (`concedii`)  - enhanced for lazy-loading? - false
21:22:59.119 [Test worker] DEBUG org.hibernate.engine.internal.TwoPhaseLoad - Processing attribute `dataAngajare` : value = 2021-06-01
21:22:59.119 [Test worker] DEBUG org.hibernate.engine.internal.TwoPhaseLoad - Attribute (`dataAngajare`)  - enhanced for lazy-loading? - false
21:22:59.119 [Test worker] DEBUG org.hibernate.engine.internal.TwoPhaseLoad - Processing attribute `departamente` : value = NOT NULL COLLECTION
21:22:59.119 [Test worker] DEBUG org.hibernate.engine.internal.TwoPhaseLoad - Attribute (`departamente`)  - enhanced for lazy-loading? - false
21:22:59.119 [Test worker] DEBUG org.hibernate.engine.internal.TwoPhaseLoad - Processing attribute `functie` : value = 1
21:22:59.119 [Test worker] DEBUG org.hibernate.engine.internal.TwoPhaseLoad - Attribute (`functie`)  - enhanced for lazy-loading? - false
21:22:59.119 [Test worker] DEBUG org.hibernate.SQL - select functie0_.id as id1_5_0_, functie0_.salar_de_baza as salar_de2_5_0_ from functii functie0_ where functie0_.id=?
Hibernate: select functie0_.id as id1_5_0_, functie0_.salar_de_baza as salar_de2_5_0_ from functii functie0_ where functie0_.id=?
21:22:59.119 [Test worker] DEBUG org.hibernate.loader.plan.exec.process.internal.EntityReferenceInitializerImpl - On call to EntityIdentifierReaderImpl#resolve, EntityKey was already known; should only happen on root returns with an optional identifier specified
21:22:59.119 [Test worker] DEBUG org.hibernate.engine.internal.TwoPhaseLoad - Resolving attributes for [domain.Functie#1]
21:22:59.119 [Test worker] DEBUG org.hibernate.engine.internal.TwoPhaseLoad - Processing attribute `salarDeBaza` : value = 2000.0
21:22:59.119 [Test worker] DEBUG org.hibernate.engine.internal.TwoPhaseLoad - Attribute (`salarDeBaza`)  - enhanced for lazy-loading? - false
21:22:59.119 [Test worker] DEBUG org.hibernate.engine.internal.TwoPhaseLoad - Done materializing entity [domain.Functie#1]
21:22:59.119 [Test worker] DEBUG org.hibernate.loader.entity.plan.AbstractLoadPlanBasedEntityLoader - Done entity load : domain.Functie#1
21:22:59.135 [Test worker] DEBUG org.hibernate.engine.internal.TwoPhaseLoad - Processing attribute `idSuperior` : value = 1
21:22:59.135 [Test worker] DEBUG org.hibernate.engine.internal.TwoPhaseLoad - Attribute (`idSuperior`)  - enhanced for lazy-loading? - false
21:22:59.135 [Test worker] DEBUG org.hibernate.engine.internal.TwoPhaseLoad - Processing attribute `proiecte` : value = NOT NULL COLLECTION
21:22:59.135 [Test worker] DEBUG org.hibernate.engine.internal.TwoPhaseLoad - Attribute (`proiecte`)  - enhanced for lazy-loading? - false
21:22:59.135 [Test worker] DEBUG org.hibernate.engine.internal.TwoPhaseLoad - Done materializing entity [domain.Angajat#1]
21:22:59.135 [Test worker] DEBUG org.hibernate.engine.internal.TwoPhaseLoad - Resolving attributes for [domain.Angajat#2]
21:22:59.135 [Test worker] DEBUG org.hibernate.engine.internal.TwoPhaseLoad - Processing attribute `concedii` : value = NOT NULL COLLECTION
21:22:59.135 [Test worker] DEBUG org.hibernate.engine.internal.TwoPhaseLoad - Attribute (`concedii`)  - enhanced for lazy-loading? - false
21:22:59.135 [Test worker] DEBUG org.hibernate.engine.internal.TwoPhaseLoad - Processing attribute `dataAngajare` : value = 2021-07-19
21:22:59.135 [Test worker] DEBUG org.hibernate.engine.internal.TwoPhaseLoad - Attribute (`dataAngajare`)  - enhanced for lazy-loading? - false
21:22:59.135 [Test worker] DEBUG org.hibernate.engine.internal.TwoPhaseLoad - Processing attribute `departamente` : value = NOT NULL COLLECTION
21:22:59.135 [Test worker] DEBUG org.hibernate.engine.internal.TwoPhaseLoad - Attribute (`departamente`)  - enhanced for lazy-loading? - false
21:22:59.135 [Test worker] DEBUG org.hibernate.engine.internal.TwoPhaseLoad - Processing attribute `functie` : value = 1
21:22:59.135 [Test worker] DEBUG org.hibernate.engine.internal.TwoPhaseLoad - Attribute (`functie`)  - enhanced for lazy-loading? - false
21:22:59.135 [Test worker] DEBUG org.hibernate.engine.internal.TwoPhaseLoad - Processing attribute `idSuperior` : value = 2
21:22:59.135 [Test worker] DEBUG org.hibernate.engine.internal.TwoPhaseLoad - Attribute (`idSuperior`)  - enhanced for lazy-loading? - false
21:22:59.135 [Test worker] DEBUG org.hibernate.engine.internal.TwoPhaseLoad - Processing attribute `proiecte` : value = NOT NULL COLLECTION
21:22:59.135 [Test worker] DEBUG org.hibernate.engine.internal.TwoPhaseLoad - Attribute (`proiecte`)  - enhanced for lazy-loading? - false
21:22:59.135 [Test worker] DEBUG org.hibernate.engine.internal.TwoPhaseLoad - Done materializing entity [domain.Angajat#2]
21:22:59.135 [Test worker] DEBUG org.hibernate.engine.transaction.internal.TransactionImpl - committing
21:22:59.135 [Test worker] DEBUG org.hibernate.event.internal.AbstractFlushingEventListener - Processing flush-time cascades
21:22:59.135 [Test worker] DEBUG org.hibernate.event.internal.AbstractFlushingEventListener - Dirty checking collections
21:22:59.135 [Test worker] DEBUG org.hibernate.engine.internal.Collections - Collection found: [domain.Angajat.concedii#1], was: [domain.Angajat.concedii#1] (uninitialized)
21:22:59.135 [Test worker] DEBUG org.hibernate.engine.internal.Collections - Collection found: [domain.Angajat.departamente#1], was: [domain.Angajat.departamente#1] (uninitialized)
21:22:59.135 [Test worker] DEBUG org.hibernate.engine.internal.Collections - Collection found: [domain.Angajat.proiecte#1], was: [domain.Angajat.proiecte#1] (uninitialized)
21:22:59.135 [Test worker] DEBUG org.hibernate.engine.internal.Collections - Collection found: [domain.Angajat.concedii#2], was: [domain.Angajat.concedii#2] (uninitialized)
21:22:59.135 [Test worker] DEBUG org.hibernate.engine.internal.Collections - Collection found: [domain.Angajat.departamente#2], was: [domain.Angajat.departamente#2] (uninitialized)
21:22:59.135 [Test worker] DEBUG org.hibernate.engine.internal.Collections - Collection found: [domain.Angajat.proiecte#2], was: [domain.Angajat.proiecte#2] (uninitialized)
21:22:59.135 [Test worker] DEBUG org.hibernate.event.internal.AbstractFlushingEventListener - Flushed: 0 insertions, 0 updates, 0 deletions to 3 objects
21:22:59.135 [Test worker] DEBUG org.hibernate.event.internal.AbstractFlushingEventListener - Flushed: 0 (re)creations, 0 updates, 0 removals to 6 collections
21:22:59.135 [Test worker] DEBUG org.hibernate.internal.util.EntityPrinter - Listing entities:
21:22:59.135 [Test worker] DEBUG org.hibernate.internal.util.EntityPrinter - domain.Functie{salarDeBaza=2000.0, id=1}
21:22:59.135 [Test worker] DEBUG org.hibernate.internal.util.EntityPrinter - domain.Angajat{proiecte=<uninitialized>, functie=domain.Functie#1, idSuperior=1, departamente=<uninitialized>, id=1, dataAngajare=2021-06-01, concedii=<uninitialized>}
21:22:59.135 [Test worker] DEBUG org.hibernate.internal.util.EntityPrinter - domain.Angajat{proiecte=<uninitialized>, functie=domain.Functie#1, idSuperior=2, departamente=<uninitialized>, id=2, dataAngajare=2021-07-19, concedii=<uninitialized>}
21:22:59.135 [Test worker] DEBUG org.hibernate.resource.jdbc.internal.LogicalConnectionManagedImpl - Initiating JDBC connection release from afterTransaction
21:22:59.135 [Test worker] DEBUG org.hibernate.resource.jdbc.internal.LogicalConnectionManagedImpl - Initiating JDBC connection release from afterTransaction
21:22:59.135 [Test worker] DEBUG org.hibernate.internal.SessionFactoryRegistry - Lookup: uid=12f0aae4-0750-4cfc-9a9d-c7fc32f5f5e7
21:22:59.135 [Test worker] DEBUG org.hibernate.engine.transaction.internal.TransactionImpl - On TransactionImpl creation, JpaCompliance#isJpaTransactionComplianceEnabled == false
21:22:59.135 [Test worker] DEBUG org.hibernate.engine.transaction.internal.TransactionImpl - begin
21:22:59.135 [Test worker] DEBUG org.hibernate.loader.collection.plan.AbstractLoadPlanBasedCollectionInitializer - Loading collection: [domain.Angajat.departamente#1]
21:22:59.135 [Test worker] DEBUG org.hibernate.SQL - select departamen0_.id_angajat as id_angaj1_1_0_, departamen0_.id_departament as id_depar2_1_0_, departamen1_.id as id1_4_1_, departamen1_.id_director as id_direc2_4_1_ from angajati_departamente departamen0_ inner join departamente departamen1_ on departamen0_.id_departament=departamen1_.id where departamen0_.id_angajat=?
Hibernate: select departamen0_.id_angajat as id_angaj1_1_0_, departamen0_.id_departament as id_depar2_1_0_, departamen1_.id as id1_4_1_, departamen1_.id_director as id_direc2_4_1_ from angajati_departamente departamen0_ inner join departamente departamen1_ on departamen0_.id_departament=departamen1_.id where departamen0_.id_angajat=?
21:22:59.135 [Test worker] DEBUG org.hibernate.loader.plan.exec.process.internal.ResultSetProcessorImpl - Preparing collection initializer : [domain.Angajat.departamente#1]
21:22:59.135 [Test worker] DEBUG org.hibernate.loader.plan.exec.process.internal.CollectionReferenceInitializerImpl - Found row of collection: [domain.Angajat.departamente#1]
21:22:59.135 [Test worker] DEBUG org.hibernate.engine.internal.TwoPhaseLoad - Resolving attributes for [domain.Departament#1]
21:22:59.135 [Test worker] DEBUG org.hibernate.engine.internal.TwoPhaseLoad - Processing attribute `idDirector` : value = 1
21:22:59.135 [Test worker] DEBUG org.hibernate.engine.internal.TwoPhaseLoad - Attribute (`idDirector`)  - enhanced for lazy-loading? - false
21:22:59.135 [Test worker] DEBUG org.hibernate.engine.internal.TwoPhaseLoad - Done materializing entity [domain.Departament#1]
21:22:59.135 [Test worker] DEBUG org.hibernate.engine.loading.internal.CollectionLoadContext - 1 collections were found in result set for role: domain.Angajat.departamente
21:22:59.135 [Test worker] DEBUG org.hibernate.engine.loading.internal.CollectionLoadContext - Collection fully initialized: [domain.Angajat.departamente#1]
21:22:59.135 [Test worker] DEBUG org.hibernate.engine.loading.internal.CollectionLoadContext - 1 collections initialized for role: domain.Angajat.departamente
21:22:59.135 [Test worker] DEBUG org.hibernate.loader.collection.plan.AbstractLoadPlanBasedCollectionInitializer - Done loading collection
21:22:59.135 [Test worker] DEBUG org.hibernate.engine.transaction.internal.TransactionImpl - committing
21:22:59.135 [Test worker] DEBUG org.hibernate.resource.jdbc.internal.LogicalConnectionManagedImpl - Initiating JDBC connection release from afterTransaction
21:22:59.135 [Test worker] DEBUG org.hibernate.resource.jdbc.internal.LogicalConnectionManagedImpl - Initiating JDBC connection release from afterTransaction
21:22:59.135 [Test worker] DEBUG org.hibernate.internal.SessionFactoryRegistry - Lookup: uid=12f0aae4-0750-4cfc-9a9d-c7fc32f5f5e7
21:22:59.135 [Test worker] DEBUG org.hibernate.engine.transaction.internal.TransactionImpl - On TransactionImpl creation, JpaCompliance#isJpaTransactionComplianceEnabled == false
21:22:59.135 [Test worker] DEBUG org.hibernate.engine.transaction.internal.TransactionImpl - begin
21:22:59.135 [Test worker] DEBUG org.hibernate.loader.collection.plan.AbstractLoadPlanBasedCollectionInitializer - Loading collection: [domain.Angajat.departamente#2]
21:22:59.135 [Test worker] DEBUG org.hibernate.SQL - select departamen0_.id_angajat as id_angaj1_1_0_, departamen0_.id_departament as id_depar2_1_0_, departamen1_.id as id1_4_1_, departamen1_.id_director as id_direc2_4_1_ from angajati_departamente departamen0_ inner join departamente departamen1_ on departamen0_.id_departament=departamen1_.id where departamen0_.id_angajat=?
Hibernate: select departamen0_.id_angajat as id_angaj1_1_0_, departamen0_.id_departament as id_depar2_1_0_, departamen1_.id as id1_4_1_, departamen1_.id_director as id_direc2_4_1_ from angajati_departamente departamen0_ inner join departamente departamen1_ on departamen0_.id_departament=departamen1_.id where departamen0_.id_angajat=?
21:22:59.135 [Test worker] DEBUG org.hibernate.loader.plan.exec.process.internal.ResultSetProcessorImpl - Preparing collection initializer : [domain.Angajat.departamente#2]
21:22:59.135 [Test worker] DEBUG org.hibernate.loader.plan.exec.process.internal.CollectionReferenceInitializerImpl - Found row of collection: [domain.Angajat.departamente#2]
21:22:59.135 [Test worker] DEBUG org.hibernate.engine.internal.TwoPhaseLoad - Resolving attributes for [domain.Departament#2]
21:22:59.135 [Test worker] DEBUG org.hibernate.engine.internal.TwoPhaseLoad - Processing attribute `idDirector` : value = 2
21:22:59.135 [Test worker] DEBUG org.hibernate.engine.internal.TwoPhaseLoad - Attribute (`idDirector`)  - enhanced for lazy-loading? - false
21:22:59.135 [Test worker] DEBUG org.hibernate.engine.internal.TwoPhaseLoad - Done materializing entity [domain.Departament#2]
21:22:59.135 [Test worker] DEBUG org.hibernate.engine.loading.internal.CollectionLoadContext - 1 collections were found in result set for role: domain.Angajat.departamente
21:22:59.135 [Test worker] DEBUG org.hibernate.engine.loading.internal.CollectionLoadContext - Collection fully initialized: [domain.Angajat.departamente#2]
21:22:59.135 [Test worker] DEBUG org.hibernate.engine.loading.internal.CollectionLoadContext - 1 collections initialized for role: domain.Angajat.departamente
21:22:59.135 [Test worker] DEBUG org.hibernate.loader.collection.plan.AbstractLoadPlanBasedCollectionInitializer - Done loading collection
21:22:59.135 [Test worker] DEBUG org.hibernate.engine.transaction.internal.TransactionImpl - committing
21:22:59.135 [Test worker] DEBUG org.hibernate.resource.jdbc.internal.LogicalConnectionManagedImpl - Initiating JDBC connection release from afterTransaction
21:22:59.135 [Test worker] DEBUG org.hibernate.resource.jdbc.internal.LogicalConnectionManagedImpl - Initiating JDBC connection release from afterTransaction
21:22:59.150 [Test worker] DEBUG org.hibernate.integrator.internal.IntegratorServiceImpl - Adding Integrator [org.hibernate.cfg.beanvalidation.BeanValidationIntegrator].
21:22:59.150 [Test worker] DEBUG org.hibernate.integrator.internal.IntegratorServiceImpl - Adding Integrator [org.hibernate.secure.spi.JaccIntegrator].
21:22:59.150 [Test worker] DEBUG org.hibernate.integrator.internal.IntegratorServiceImpl - Adding Integrator [org.hibernate.cache.internal.CollectionCacheInvalidator].
21:22:59.150 [Test worker] DEBUG org.hibernate.boot.jaxb.internal.stax.LocalXmlResourceResolver - Interpreting public/system identifier : [-//Hibernate/Hibernate Configuration DTD 3.0//EN] - [http://hibernate.org/dtd/hibernate-configuration-3.0.dtd]
21:22:59.182 [Test worker] DEBUG org.hibernate.boot.cfgxml.internal.JaxbCfgProcessor - cfg.xml document did not define namespaces; wrapping in custom event reader to introduce namespace information
21:22:59.197 [Test worker] DEBUG org.hibernate.service.spi.ServiceBinding - Overriding existing service binding [org.hibernate.secure.spi.JaccService]
21:22:59.197 [Test worker] DEBUG org.hibernate.cache.internal.RegionFactoryInitiator - Cannot default RegionFactory based on registered strategies as `[]` RegionFactory strategies were registered
21:22:59.197 [Test worker] DEBUG org.hibernate.cache.internal.RegionFactoryInitiator - Cache region factory : org.hibernate.cache.internal.NoCachingRegionFactory
21:22:59.197 [Test worker] DEBUG org.hibernate.type.BasicTypeRegistry - Adding type registration boolean -> org.hibernate.type.BooleanType@121b529f
21:22:59.197 [Test worker] DEBUG org.hibernate.type.BasicTypeRegistry - Adding type registration boolean -> org.hibernate.type.BooleanType@121b529f
21:22:59.197 [Test worker] DEBUG org.hibernate.type.BasicTypeRegistry - Adding type registration java.lang.Boolean -> org.hibernate.type.BooleanType@121b529f
21:22:59.197 [Test worker] DEBUG org.hibernate.type.BasicTypeRegistry - Adding type registration numeric_boolean -> org.hibernate.type.NumericBooleanType@7dc81433
21:22:59.197 [Test worker] DEBUG org.hibernate.type.BasicTypeRegistry - Adding type registration true_false -> org.hibernate.type.TrueFalseType@60c371da
21:22:59.197 [Test worker] DEBUG org.hibernate.type.BasicTypeRegistry - Adding type registration yes_no -> org.hibernate.type.YesNoType@51ef89fc
21:22:59.197 [Test worker] DEBUG org.hibernate.type.BasicTypeRegistry - Adding type registration byte -> org.hibernate.type.ByteType@1502feca
21:22:59.197 [Test worker] DEBUG org.hibernate.type.BasicTypeRegistry - Adding type registration byte -> org.hibernate.type.ByteType@1502feca
21:22:59.197 [Test worker] DEBUG org.hibernate.type.BasicTypeRegistry - Adding type registration java.lang.Byte -> org.hibernate.type.ByteType@1502feca
21:22:59.197 [Test worker] DEBUG org.hibernate.type.BasicTypeRegistry - Adding type registration character -> org.hibernate.type.CharacterType@5aca38b4
21:22:59.197 [Test worker] DEBUG org.hibernate.type.BasicTypeRegistry - Adding type registration char -> org.hibernate.type.CharacterType@5aca38b4
21:22:59.197 [Test worker] DEBUG org.hibernate.type.BasicTypeRegistry - Adding type registration java.lang.Character -> org.hibernate.type.CharacterType@5aca38b4
21:22:59.197 [Test worker] DEBUG org.hibernate.type.BasicTypeRegistry - Adding type registration short -> org.hibernate.type.ShortType@212db0b9
21:22:59.197 [Test worker] DEBUG org.hibernate.type.BasicTypeRegistry - Adding type registration short -> org.hibernate.type.ShortType@212db0b9
21:22:59.197 [Test worker] DEBUG org.hibernate.type.BasicTypeRegistry - Adding type registration java.lang.Short -> org.hibernate.type.ShortType@212db0b9
21:22:59.197 [Test worker] DEBUG org.hibernate.type.BasicTypeRegistry - Adding type registration integer -> org.hibernate.type.IntegerType@14f541d2
21:22:59.197 [Test worker] DEBUG org.hibernate.type.BasicTypeRegistry - Adding type registration int -> org.hibernate.type.IntegerType@14f541d2
21:22:59.197 [Test worker] DEBUG org.hibernate.type.BasicTypeRegistry - Adding type registration java.lang.Integer -> org.hibernate.type.IntegerType@14f541d2
21:22:59.197 [Test worker] DEBUG org.hibernate.type.BasicTypeRegistry - Adding type registration long -> org.hibernate.type.LongType@357c5fef
21:22:59.197 [Test worker] DEBUG org.hibernate.type.BasicTypeRegistry - Adding type registration long -> org.hibernate.type.LongType@357c5fef
21:22:59.197 [Test worker] DEBUG org.hibernate.type.BasicTypeRegistry - Adding type registration java.lang.Long -> org.hibernate.type.LongType@357c5fef
21:22:59.197 [Test worker] DEBUG org.hibernate.type.BasicTypeRegistry - Adding type registration float -> org.hibernate.type.FloatType@68835e55
21:22:59.197 [Test worker] DEBUG org.hibernate.type.BasicTypeRegistry - Adding type registration float -> org.hibernate.type.FloatType@68835e55
21:22:59.197 [Test worker] DEBUG org.hibernate.type.BasicTypeRegistry - Adding type registration java.lang.Float -> org.hibernate.type.FloatType@68835e55
21:22:59.197 [Test worker] DEBUG org.hibernate.type.BasicTypeRegistry - Adding type registration double -> org.hibernate.type.DoubleType@1db8c4bf
21:22:59.197 [Test worker] DEBUG org.hibernate.type.BasicTypeRegistry - Adding type registration double -> org.hibernate.type.DoubleType@1db8c4bf
21:22:59.197 [Test worker] DEBUG org.hibernate.type.BasicTypeRegistry - Adding type registration java.lang.Double -> org.hibernate.type.DoubleType@1db8c4bf
21:22:59.197 [Test worker] DEBUG org.hibernate.type.BasicTypeRegistry - Adding type registration big_decimal -> org.hibernate.type.BigDecimalType@2bd9f5a7
21:22:59.197 [Test worker] DEBUG org.hibernate.type.BasicTypeRegistry - Adding type registration java.math.BigDecimal -> org.hibernate.type.BigDecimalType@2bd9f5a7
21:22:59.197 [Test worker] DEBUG org.hibernate.type.BasicTypeRegistry - Adding type registration big_integer -> org.hibernate.type.BigIntegerType@67766712
21:22:59.197 [Test worker] DEBUG org.hibernate.type.BasicTypeRegistry - Adding type registration java.math.BigInteger -> org.hibernate.type.BigIntegerType@67766712
21:22:59.197 [Test worker] DEBUG org.hibernate.type.BasicTypeRegistry - Adding type registration string -> org.hibernate.type.StringType@5abe721f
21:22:59.197 [Test worker] DEBUG org.hibernate.type.BasicTypeRegistry - Adding type registration java.lang.String -> org.hibernate.type.StringType@5abe721f
21:22:59.197 [Test worker] DEBUG org.hibernate.type.BasicTypeRegistry - Adding type registration nstring -> org.hibernate.type.StringNVarcharType@5ca83c4b
21:22:59.197 [Test worker] DEBUG org.hibernate.type.BasicTypeRegistry - Adding type registration ncharacter -> org.hibernate.type.CharacterNCharType@181579aa
21:22:59.197 [Test worker] DEBUG org.hibernate.type.BasicTypeRegistry - Adding type registration url -> org.hibernate.type.UrlType@2d95e7ff
21:22:59.197 [Test worker] DEBUG org.hibernate.type.BasicTypeRegistry - Adding type registration java.net.URL -> org.hibernate.type.UrlType@2d95e7ff
21:22:59.197 [Test worker] DEBUG org.hibernate.type.BasicTypeRegistry - Adding type registration Duration -> org.hibernate.type.DurationType@1f6d6ec5
21:22:59.197 [Test worker] DEBUG org.hibernate.type.BasicTypeRegistry - Adding type registration java.time.Duration -> org.hibernate.type.DurationType@1f6d6ec5
21:22:59.197 [Test worker] DEBUG org.hibernate.type.BasicTypeRegistry - Adding type registration Instant -> org.hibernate.type.InstantType@799b3880
21:22:59.197 [Test worker] DEBUG org.hibernate.type.BasicTypeRegistry - Adding type registration java.time.Instant -> org.hibernate.type.InstantType@799b3880
21:22:59.197 [Test worker] DEBUG org.hibernate.type.BasicTypeRegistry - Adding type registration LocalDateTime -> org.hibernate.type.LocalDateTimeType@3c9b7dcd
21:22:59.197 [Test worker] DEBUG org.hibernate.type.BasicTypeRegistry - Adding type registration java.time.LocalDateTime -> org.hibernate.type.LocalDateTimeType@3c9b7dcd
21:22:59.197 [Test worker] DEBUG org.hibernate.type.BasicTypeRegistry - Adding type registration LocalDate -> org.hibernate.type.LocalDateType@73b9d317
21:22:59.197 [Test worker] DEBUG org.hibernate.type.BasicTypeRegistry - Adding type registration java.time.LocalDate -> org.hibernate.type.LocalDateType@73b9d317
21:22:59.197 [Test worker] DEBUG org.hibernate.type.BasicTypeRegistry - Adding type registration LocalTime -> org.hibernate.type.LocalTimeType@3e938176
21:22:59.197 [Test worker] DEBUG org.hibernate.type.BasicTypeRegistry - Adding type registration java.time.LocalTime -> org.hibernate.type.LocalTimeType@3e938176
21:22:59.197 [Test worker] DEBUG org.hibernate.type.BasicTypeRegistry - Adding type registration OffsetDateTime -> org.hibernate.type.OffsetDateTimeType@1006f6a5
21:22:59.197 [Test worker] DEBUG org.hibernate.type.BasicTypeRegistry - Adding type registration java.time.OffsetDateTime -> org.hibernate.type.OffsetDateTimeType@1006f6a5
21:22:59.197 [Test worker] DEBUG org.hibernate.type.BasicTypeRegistry - Adding type registration OffsetTime -> org.hibernate.type.OffsetTimeType@5ebf30b8
21:22:59.197 [Test worker] DEBUG org.hibernate.type.BasicTypeRegistry - Adding type registration java.time.OffsetTime -> org.hibernate.type.OffsetTimeType@5ebf30b8
21:22:59.197 [Test worker] DEBUG org.hibernate.type.BasicTypeRegistry - Adding type registration ZonedDateTime -> org.hibernate.type.ZonedDateTimeType@5ecdce3a
21:22:59.197 [Test worker] DEBUG org.hibernate.type.BasicTypeRegistry - Adding type registration java.time.ZonedDateTime -> org.hibernate.type.ZonedDateTimeType@5ecdce3a
21:22:59.197 [Test worker] DEBUG org.hibernate.type.BasicTypeRegistry - Adding type registration date -> org.hibernate.type.DateType@34878a9c
21:22:59.197 [Test worker] DEBUG org.hibernate.type.BasicTypeRegistry - Adding type registration java.sql.Date -> org.hibernate.type.DateType@34878a9c
21:22:59.197 [Test worker] DEBUG org.hibernate.type.BasicTypeRegistry - Adding type registration time -> org.hibernate.type.TimeType@4be75fc9
21:22:59.197 [Test worker] DEBUG org.hibernate.type.BasicTypeRegistry - Adding type registration java.sql.Time -> org.hibernate.type.TimeType@4be75fc9
21:22:59.197 [Test worker] DEBUG org.hibernate.type.BasicTypeRegistry - Adding type registration timestamp -> org.hibernate.type.TimestampType@cd6dcfb
21:22:59.197 [Test worker] DEBUG org.hibernate.type.BasicTypeRegistry - Adding type registration java.sql.Timestamp -> org.hibernate.type.TimestampType@cd6dcfb
21:22:59.197 [Test worker] DEBUG org.hibernate.type.BasicTypeRegistry - Adding type registration java.util.Date -> org.hibernate.type.TimestampType@cd6dcfb
21:22:59.197 [Test worker] DEBUG org.hibernate.type.BasicTypeRegistry - Adding type registration dbtimestamp -> org.hibernate.type.DbTimestampType@6f70db50
21:22:59.197 [Test worker] DEBUG org.hibernate.type.BasicTypeRegistry - Adding type registration calendar -> org.hibernate.type.CalendarType@232580e4
21:22:59.197 [Test worker] DEBUG org.hibernate.type.BasicTypeRegistry - Adding type registration java.util.Calendar -> org.hibernate.type.CalendarType@232580e4
21:22:59.197 [Test worker] DEBUG org.hibernate.type.BasicTypeRegistry - Adding type registration java.util.GregorianCalendar -> org.hibernate.type.CalendarType@232580e4
21:22:59.197 [Test worker] DEBUG org.hibernate.type.BasicTypeRegistry - Adding type registration calendar_date -> org.hibernate.type.CalendarDateType@2d226c99
21:22:59.197 [Test worker] DEBUG org.hibernate.type.BasicTypeRegistry - Adding type registration calendar_time -> org.hibernate.type.CalendarTimeType@5f0ca092
21:22:59.197 [Test worker] DEBUG org.hibernate.type.BasicTypeRegistry - Adding type registration locale -> org.hibernate.type.LocaleType@2e7d6fc7
21:22:59.197 [Test worker] DEBUG org.hibernate.type.BasicTypeRegistry - Adding type registration java.util.Locale -> org.hibernate.type.LocaleType@2e7d6fc7
21:22:59.197 [Test worker] DEBUG org.hibernate.type.BasicTypeRegistry - Adding type registration currency -> org.hibernate.type.CurrencyType@298b5abb
21:22:59.197 [Test worker] DEBUG org.hibernate.type.BasicTypeRegistry - Adding type registration java.util.Currency -> org.hibernate.type.CurrencyType@298b5abb
21:22:59.197 [Test worker] DEBUG org.hibernate.type.BasicTypeRegistry - Adding type registration timezone -> org.hibernate.type.TimeZoneType@6a7223ce
21:22:59.197 [Test worker] DEBUG org.hibernate.type.BasicTypeRegistry - Adding type registration java.util.TimeZone -> org.hibernate.type.TimeZoneType@6a7223ce
21:22:59.197 [Test worker] DEBUG org.hibernate.type.BasicTypeRegistry - Adding type registration class -> org.hibernate.type.ClassType@17c86e61
21:22:59.197 [Test worker] DEBUG org.hibernate.type.BasicTypeRegistry - Adding type registration java.lang.Class -> org.hibernate.type.ClassType@17c86e61
21:22:59.197 [Test worker] DEBUG org.hibernate.type.BasicTypeRegistry - Adding type registration uuid-binary -> org.hibernate.type.UUIDBinaryType@165a29f7
21:22:59.197 [Test worker] DEBUG org.hibernate.type.BasicTypeRegistry - Adding type registration java.util.UUID -> org.hibernate.type.UUIDBinaryType@165a29f7
21:22:59.197 [Test worker] DEBUG org.hibernate.type.BasicTypeRegistry - Adding type registration uuid-char -> org.hibernate.type.UUIDCharType@57061eb5
21:22:59.197 [Test worker] DEBUG org.hibernate.type.BasicTypeRegistry - Adding type registration binary -> org.hibernate.type.BinaryType@377a3a57
21:22:59.197 [Test worker] DEBUG org.hibernate.type.BasicTypeRegistry - Adding type registration byte[] -> org.hibernate.type.BinaryType@377a3a57
21:22:59.197 [Test worker] DEBUG org.hibernate.type.BasicTypeRegistry - Adding type registration [B -> org.hibernate.type.BinaryType@377a3a57
21:22:59.197 [Test worker] DEBUG org.hibernate.type.BasicTypeRegistry - Adding type registration wrapper-binary -> org.hibernate.type.WrapperBinaryType@15236686
21:22:59.197 [Test worker] DEBUG org.hibernate.type.BasicTypeRegistry - Adding type registration Byte[] -> org.hibernate.type.WrapperBinaryType@15236686
21:22:59.197 [Test worker] DEBUG org.hibernate.type.BasicTypeRegistry - Adding type registration [Ljava.lang.Byte; -> org.hibernate.type.WrapperBinaryType@15236686
21:22:59.197 [Test worker] DEBUG org.hibernate.type.BasicTypeRegistry - Adding type registration row_version -> org.hibernate.type.RowVersionType@480544d3
21:22:59.197 [Test worker] DEBUG org.hibernate.type.BasicTypeRegistry - Adding type registration image -> org.hibernate.type.ImageType@a74733d
21:22:59.197 [Test worker] DEBUG org.hibernate.type.BasicTypeRegistry - Adding type registration characters -> org.hibernate.type.CharArrayType@10b707f8
21:22:59.197 [Test worker] DEBUG org.hibernate.type.BasicTypeRegistry - Adding type registration char[] -> org.hibernate.type.CharArrayType@10b707f8
21:22:59.197 [Test worker] DEBUG org.hibernate.type.BasicTypeRegistry - Adding type registration [C -> org.hibernate.type.CharArrayType@10b707f8
21:22:59.197 [Test worker] DEBUG org.hibernate.type.BasicTypeRegistry - Adding type registration wrapper-characters -> org.hibernate.type.CharacterArrayType@7586a107
21:22:59.197 [Test worker] DEBUG org.hibernate.type.BasicTypeRegistry - Adding type registration [Ljava.lang.Character; -> org.hibernate.type.CharacterArrayType@7586a107
21:22:59.197 [Test worker] DEBUG org.hibernate.type.BasicTypeRegistry - Adding type registration Character[] -> org.hibernate.type.CharacterArrayType@7586a107
21:22:59.197 [Test worker] DEBUG org.hibernate.type.BasicTypeRegistry - Adding type registration text -> org.hibernate.type.TextType@28e7117
21:22:59.197 [Test worker] DEBUG org.hibernate.type.BasicTypeRegistry - Adding type registration ntext -> org.hibernate.type.NTextType@4fe7c4b8
21:22:59.197 [Test worker] DEBUG org.hibernate.type.BasicTypeRegistry - Adding type registration blob -> org.hibernate.type.BlobType@69ff7971
21:22:59.197 [Test worker] DEBUG org.hibernate.type.BasicTypeRegistry - Adding type registration java.sql.Blob -> org.hibernate.type.BlobType@69ff7971
21:22:59.197 [Test worker] DEBUG org.hibernate.type.BasicTypeRegistry - Adding type registration materialized_blob -> org.hibernate.type.MaterializedBlobType@29a6bbfa
21:22:59.197 [Test worker] DEBUG org.hibernate.type.BasicTypeRegistry - Adding type registration clob -> org.hibernate.type.ClobType@6243fc09
21:22:59.197 [Test worker] DEBUG org.hibernate.type.BasicTypeRegistry - Adding type registration java.sql.Clob -> org.hibernate.type.ClobType@6243fc09
21:22:59.197 [Test worker] DEBUG org.hibernate.type.BasicTypeRegistry - Adding type registration nclob -> org.hibernate.type.NClobType@7a0e9fb4
21:22:59.197 [Test worker] DEBUG org.hibernate.type.BasicTypeRegistry - Adding type registration java.sql.NClob -> org.hibernate.type.NClobType@7a0e9fb4
21:22:59.197 [Test worker] DEBUG org.hibernate.type.BasicTypeRegistry - Adding type registration materialized_clob -> org.hibernate.type.MaterializedClobType@5568af29
21:22:59.197 [Test worker] DEBUG org.hibernate.type.BasicTypeRegistry - Adding type registration materialized_nclob -> org.hibernate.type.MaterializedNClobType@43589365
21:22:59.197 [Test worker] DEBUG org.hibernate.type.BasicTypeRegistry - Adding type registration serializable -> org.hibernate.type.SerializableType@49b714f8
21:22:59.197 [Test worker] DEBUG org.hibernate.type.BasicTypeRegistry - Adding type registration object -> org.hibernate.type.ObjectType@4b6f241f
21:22:59.197 [Test worker] DEBUG org.hibernate.type.BasicTypeRegistry - Adding type registration java.lang.Object -> org.hibernate.type.ObjectType@4b6f241f
21:22:59.197 [Test worker] DEBUG org.hibernate.type.BasicTypeRegistry - Adding type registration imm_date -> org.hibernate.type.AdaptedImmutableType@4983d959
21:22:59.197 [Test worker] DEBUG org.hibernate.type.BasicTypeRegistry - Adding type registration imm_time -> org.hibernate.type.AdaptedImmutableType@4d6852e8
21:22:59.197 [Test worker] DEBUG org.hibernate.type.BasicTypeRegistry - Adding type registration imm_timestamp -> org.hibernate.type.AdaptedImmutableType@7f88d799
21:22:59.197 [Test worker] DEBUG org.hibernate.type.BasicTypeRegistry - Adding type registration imm_dbtimestamp -> org.hibernate.type.AdaptedImmutableType@4611d993
21:22:59.197 [Test worker] DEBUG org.hibernate.type.BasicTypeRegistry - Adding type registration imm_calendar -> org.hibernate.type.AdaptedImmutableType@118f9919
21:22:59.197 [Test worker] DEBUG org.hibernate.type.BasicTypeRegistry - Adding type registration imm_calendar_date -> org.hibernate.type.AdaptedImmutableType@1eff76d2
21:22:59.197 [Test worker] DEBUG org.hibernate.type.BasicTypeRegistry - Adding type registration imm_binary -> org.hibernate.type.AdaptedImmutableType@27f24e8b
21:22:59.197 [Test worker] DEBUG org.hibernate.type.BasicTypeRegistry - Adding type registration imm_serializable -> org.hibernate.type.AdaptedImmutableType@6f67c6a7
21:22:59.197 [Test worker] DEBUG org.hibernate.id.factory.internal.DefaultIdentifierGeneratorFactory - Registering IdentifierGenerator strategy [uuid2] -> [org.hibernate.id.UUIDGenerator]
21:22:59.197 [Test worker] DEBUG org.hibernate.id.factory.internal.DefaultIdentifierGeneratorFactory - Registering IdentifierGenerator strategy [guid] -> [org.hibernate.id.GUIDGenerator]
21:22:59.197 [Test worker] DEBUG org.hibernate.id.factory.internal.DefaultIdentifierGeneratorFactory - Registering IdentifierGenerator strategy [uuid] -> [org.hibernate.id.UUIDHexGenerator]
21:22:59.197 [Test worker] DEBUG org.hibernate.id.factory.internal.DefaultIdentifierGeneratorFactory - Registering IdentifierGenerator strategy [uuid.hex] -> [org.hibernate.id.UUIDHexGenerator]
21:22:59.197 [Test worker] DEBUG org.hibernate.id.factory.internal.DefaultIdentifierGeneratorFactory - Registering IdentifierGenerator strategy [assigned] -> [org.hibernate.id.Assigned]
21:22:59.197 [Test worker] DEBUG org.hibernate.id.factory.internal.DefaultIdentifierGeneratorFactory - Registering IdentifierGenerator strategy [identity] -> [org.hibernate.id.IdentityGenerator]
21:22:59.197 [Test worker] DEBUG org.hibernate.id.factory.internal.DefaultIdentifierGeneratorFactory - Registering IdentifierGenerator strategy [select] -> [org.hibernate.id.SelectGenerator]
21:22:59.213 [Test worker] DEBUG org.hibernate.id.factory.internal.DefaultIdentifierGeneratorFactory - Registering IdentifierGenerator strategy [sequence] -> [org.hibernate.id.enhanced.SequenceStyleGenerator]
21:22:59.213 [Test worker] DEBUG org.hibernate.id.factory.internal.DefaultIdentifierGeneratorFactory - Registering IdentifierGenerator strategy [seqhilo] -> [org.hibernate.id.SequenceHiLoGenerator]
21:22:59.213 [Test worker] DEBUG org.hibernate.id.factory.internal.DefaultIdentifierGeneratorFactory - Registering IdentifierGenerator strategy [increment] -> [org.hibernate.id.IncrementGenerator]
21:22:59.213 [Test worker] DEBUG org.hibernate.id.factory.internal.DefaultIdentifierGeneratorFactory - Registering IdentifierGenerator strategy [foreign] -> [org.hibernate.id.ForeignGenerator]
21:22:59.213 [Test worker] DEBUG org.hibernate.id.factory.internal.DefaultIdentifierGeneratorFactory - Registering IdentifierGenerator strategy [sequence-identity] -> [org.hibernate.id.SequenceIdentityGenerator]
21:22:59.213 [Test worker] DEBUG org.hibernate.id.factory.internal.DefaultIdentifierGeneratorFactory - Registering IdentifierGenerator strategy [enhanced-sequence] -> [org.hibernate.id.enhanced.SequenceStyleGenerator]
21:22:59.213 [Test worker] DEBUG org.hibernate.id.factory.internal.DefaultIdentifierGeneratorFactory - Registering IdentifierGenerator strategy [enhanced-table] -> [org.hibernate.id.enhanced.TableGenerator]
21:22:59.213 [Test worker] WARN org.hibernate.orm.connections.pooling - HHH10001002: Using Hibernate built-in connection pool (not for production use!)
21:22:59.213 [Test worker] INFO org.hibernate.orm.connections.pooling - HHH10001005: using driver [org.sqlite.JDBC] at URL [jdbc:sqlite:D:\Facultate\Projects\OrganizareCompanie\database]
21:22:59.213 [Test worker] INFO org.hibernate.orm.connections.pooling - HHH10001001: Connection properties: {password=root, user=root}
21:22:59.213 [Test worker] INFO org.hibernate.orm.connections.pooling - HHH10001003: Autocommit mode: false
21:22:59.213 [Test worker] DEBUG org.hibernate.engine.jdbc.connections.internal.DriverManagerConnectionProviderImpl - Initializing Connection pool with 1 Connections
21:22:59.213 [Test worker] INFO org.hibernate.engine.jdbc.connections.internal.DriverManagerConnectionProviderImpl - HHH000115: Hibernate connection pool size: 1 (min=1)
21:22:59.213 [Test worker] DEBUG org.hibernate.engine.jdbc.env.internal.JdbcEnvironmentInitiator - Database ->
       name : SQLite
    version : 3.34.0
      major : 3
      minor : 34
21:22:59.213 [Test worker] DEBUG org.hibernate.engine.jdbc.env.internal.JdbcEnvironmentInitiator - Driver ->
       name : SQLite JDBC
    version : 3.34.0
      major : 3
      minor : 34
21:22:59.213 [Test worker] DEBUG org.hibernate.engine.jdbc.env.internal.JdbcEnvironmentInitiator - JDBC version : 2.1
21:22:59.213 [Test worker] INFO org.hibernate.dialect.Dialect - HHH000400: Using dialect: utils.SQLiteDialect
21:22:59.213 [Test worker] DEBUG org.hibernate.engine.jdbc.env.spi.IdentifierHelperBuilder - JDBC driver metadata reported database stores quoted identifiers in neither upper, lower nor mixed case
21:22:59.213 [Test worker] DEBUG org.hibernate.engine.jdbc.env.spi.IdentifierHelperBuilder - IdentifierCaseStrategy for both quoted and unquoted identifiers was set to the same strategy [MIXED]; that will likely lead to problems in schema update and validation if using quoted identifiers
21:22:59.213 [Test worker] DEBUG org.hibernate.engine.jdbc.env.internal.LobCreatorBuilderImpl - HHH000423: Disabling contextual LOB creation as JDBC driver reported JDBC version [2] less than 4
21:22:59.213 [Test worker] DEBUG org.hibernate.boot.model.relational.Namespace - Created database namespace [logicalName=Name{catalog=null, schema=null}, physicalName=Name{catalog=null, schema=null}]
21:22:59.213 [Test worker] DEBUG org.hibernate.type.descriptor.java.JavaTypeDescriptorRegistry - JavaTypeDescriptorRegistry entry replaced : class java.time.Duration -> org.hibernate.type.descriptor.java.DurationJavaDescriptor@484b819 (was org.hibernate.type.descriptor.java.DurationJavaDescriptor@484b819)
21:22:59.213 [Test worker] DEBUG org.hibernate.type.descriptor.java.JavaTypeDescriptorRegistry - JavaTypeDescriptorRegistry entry replaced : class java.time.Instant -> org.hibernate.type.descriptor.java.InstantJavaDescriptor@7a6a60d2 (was org.hibernate.type.descriptor.java.InstantJavaDescriptor@7a6a60d2)
21:22:59.213 [Test worker] DEBUG org.hibernate.type.descriptor.java.JavaTypeDescriptorRegistry - JavaTypeDescriptorRegistry entry replaced : class java.time.LocalDate -> org.hibernate.type.descriptor.java.LocalDateJavaDescriptor@7ac3817d (was org.hibernate.type.descriptor.java.LocalDateJavaDescriptor@7ac3817d)
21:22:59.213 [Test worker] DEBUG org.hibernate.type.descriptor.java.JavaTypeDescriptorRegistry - JavaTypeDescriptorRegistry entry replaced : class java.time.LocalDateTime -> org.hibernate.type.descriptor.java.LocalDateTimeJavaDescriptor@616d0e6e (was org.hibernate.type.descriptor.java.LocalDateTimeJavaDescriptor@616d0e6e)
21:22:59.213 [Test worker] DEBUG org.hibernate.type.descriptor.java.JavaTypeDescriptorRegistry - JavaTypeDescriptorRegistry entry replaced : class java.time.OffsetDateTime -> org.hibernate.type.descriptor.java.OffsetDateTimeJavaDescriptor@4008262a (was org.hibernate.type.descriptor.java.OffsetDateTimeJavaDescriptor@4008262a)
21:22:59.213 [Test worker] DEBUG org.hibernate.type.descriptor.java.JavaTypeDescriptorRegistry - JavaTypeDescriptorRegistry entry replaced : class java.time.OffsetTime -> org.hibernate.type.descriptor.java.OffsetTimeJavaDescriptor@69cda209 (was org.hibernate.type.descriptor.java.OffsetTimeJavaDescriptor@69cda209)
21:22:59.213 [Test worker] DEBUG org.hibernate.type.descriptor.java.JavaTypeDescriptorRegistry - JavaTypeDescriptorRegistry entry replaced : class java.time.ZonedDateTime -> org.hibernate.type.descriptor.java.ZonedDateTimeJavaDescriptor@f630e24 (was org.hibernate.type.descriptor.java.ZonedDateTimeJavaDescriptor@f630e24)
21:22:59.213 [Test worker] DEBUG org.hibernate.type.BasicTypeRegistry - Adding type registration Duration -> org.hibernate.type.DurationType@1f6d6ec5
21:22:59.213 [Test worker] DEBUG org.hibernate.type.BasicTypeRegistry - Adding type registration java.time.Duration -> org.hibernate.type.DurationType@1f6d6ec5
21:22:59.213 [Test worker] DEBUG org.hibernate.type.BasicTypeRegistry - Adding type registration Instant -> org.hibernate.type.InstantType@799b3880
21:22:59.213 [Test worker] DEBUG org.hibernate.type.BasicTypeRegistry - Adding type registration java.time.Instant -> org.hibernate.type.InstantType@799b3880
21:22:59.213 [Test worker] DEBUG org.hibernate.type.BasicTypeRegistry - Adding type registration LocalDateTime -> org.hibernate.type.LocalDateTimeType@3c9b7dcd
21:22:59.213 [Test worker] DEBUG org.hibernate.type.BasicTypeRegistry - Adding type registration java.time.LocalDateTime -> org.hibernate.type.LocalDateTimeType@3c9b7dcd
21:22:59.213 [Test worker] DEBUG org.hibernate.type.BasicTypeRegistry - Adding type registration LocalDate -> org.hibernate.type.LocalDateType@73b9d317
21:22:59.213 [Test worker] DEBUG org.hibernate.type.BasicTypeRegistry - Adding type registration java.time.LocalDate -> org.hibernate.type.LocalDateType@73b9d317
21:22:59.213 [Test worker] DEBUG org.hibernate.type.BasicTypeRegistry - Adding type registration LocalTime -> org.hibernate.type.LocalTimeType@3e938176
21:22:59.213 [Test worker] DEBUG org.hibernate.type.BasicTypeRegistry - Adding type registration java.time.LocalTime -> org.hibernate.type.LocalTimeType@3e938176
21:22:59.213 [Test worker] DEBUG org.hibernate.type.BasicTypeRegistry - Adding type registration OffsetDateTime -> org.hibernate.type.OffsetDateTimeType@1006f6a5
21:22:59.213 [Test worker] DEBUG org.hibernate.type.BasicTypeRegistry - Adding type registration java.time.OffsetDateTime -> org.hibernate.type.OffsetDateTimeType@1006f6a5
21:22:59.213 [Test worker] DEBUG org.hibernate.type.BasicTypeRegistry - Adding type registration OffsetTime -> org.hibernate.type.OffsetTimeType@5ebf30b8
21:22:59.213 [Test worker] DEBUG org.hibernate.type.BasicTypeRegistry - Adding type registration java.time.OffsetTime -> org.hibernate.type.OffsetTimeType@5ebf30b8
21:22:59.213 [Test worker] DEBUG org.hibernate.type.BasicTypeRegistry - Adding type registration ZonedDateTime -> org.hibernate.type.ZonedDateTimeType@5ecdce3a
21:22:59.213 [Test worker] DEBUG org.hibernate.type.BasicTypeRegistry - Adding type registration java.time.ZonedDateTime -> org.hibernate.type.ZonedDateTimeType@5ecdce3a
21:22:59.213 [Test worker] DEBUG org.hibernate.type.spi.TypeConfiguration$Scope - Scoping TypeConfiguration [org.hibernate.type.spi.TypeConfiguration@7d58d505] to MetadataBuildingContext [org.hibernate.boot.internal.MetadataBuildingContextRootImpl@2df79af5]
21:22:59.213 [Test worker] DEBUG org.hibernate.cfg.AnnotationBinder - Binding entity from annotated class: domain.Angajat
21:22:59.213 [Test worker] DEBUG org.hibernate.cfg.Ejb3Column - Binding column: Ejb3DiscriminatorColumn{logicalColumnName'DTYPE', discriminatorTypeName='string'}
21:22:59.213 [Test worker] DEBUG org.hibernate.cfg.annotations.EntityBinder - Import with entity name Angajat
21:22:59.213 [Test worker] DEBUG org.hibernate.cfg.annotations.EntityBinder - Bind entity domain.Angajat on table angajati
21:22:59.213 [Test worker] DEBUG org.hibernate.cfg.Ejb3Column - Binding column: Ejb3Column{table=org.hibernate.mapping.Table(angajati), mappingColumn=id, insertable=true, updatable=true, unique=false}
21:22:59.213 [Test worker] DEBUG org.hibernate.boot.internal.ClassLoaderAccessImpl - Not known whether passed class name [domain.Angajat] is safe
21:22:59.213 [Test worker] DEBUG org.hibernate.boot.internal.ClassLoaderAccessImpl - No temp ClassLoader provided; using live ClassLoader for loading potentially unsafe class : domain.Angajat
21:22:59.213 [Test worker] DEBUG org.hibernate.cfg.annotations.PropertyBinder - MetadataSourceProcessor property id with lazy=false
21:22:59.213 [Test worker] DEBUG org.hibernate.cfg.AbstractPropertyHolder - Attempting to locate auto-apply AttributeConverter for property [domain.Angajat:id]
21:22:59.213 [Test worker] DEBUG org.hibernate.cfg.annotations.SimpleValueBinder - building SimpleValue for id
21:22:59.213 [Test worker] DEBUG org.hibernate.cfg.annotations.PropertyBinder - Building property id
21:22:59.213 [Test worker] DEBUG org.hibernate.cfg.BinderHelper - #makeIdGenerator(org.hibernate.mapping.SimpleValue([org.hibernate.mapping.Column(id)]), id, identity, , ...)
21:22:59.213 [Test worker] DEBUG org.hibernate.cfg.Ejb3Column - Binding column: Ejb3JoinColumn{logicalColumnName='null', referencedColumn='null', mappedBy='angajat'}
21:22:59.213 [Test worker] DEBUG org.hibernate.cfg.Ejb3Column - Binding column: Ejb3Column{table=org.hibernate.mapping.Table(angajati), mappingColumn=concedii, insertable=true, updatable=true, unique=false}
21:22:59.213 [Test worker] DEBUG org.hibernate.cfg.Ejb3Column - Binding column: Ejb3Column{table=org.hibernate.mapping.Table(angajati), mappingColumn=null, insertable=true, updatable=true, unique=false}
21:22:59.213 [Test worker] DEBUG org.hibernate.cfg.Ejb3Column - Binding column: Ejb3Column{table=org.hibernate.mapping.Table(angajati), mappingColumn=element, insertable=true, updatable=true, unique=false}
21:22:59.213 [Test worker] DEBUG org.hibernate.cfg.Ejb3Column - Binding column: Ejb3Column{table=org.hibernate.mapping.Table(angajati), mappingColumn=concedii_KEY, insertable=true, updatable=true, unique=false}
21:22:59.213 [Test worker] DEBUG org.hibernate.cfg.Ejb3Column - Binding column: Ejb3JoinColumn{logicalColumnName='concedii_KEY', referencedColumn='null', mappedBy='null'}
21:22:59.213 [Test worker] DEBUG org.hibernate.cfg.Ejb3Column - Binding column: Ejb3JoinColumn{logicalColumnName='null', referencedColumn='null', mappedBy='angajat'}
21:22:59.213 [Test worker] DEBUG org.hibernate.cfg.Ejb3Column - Binding column: Ejb3JoinColumn{logicalColumnName='null', referencedColumn='null', mappedBy='angajat'}
21:22:59.213 [Test worker] DEBUG org.hibernate.cfg.annotations.CollectionBinder - Collection role: domain.Angajat.concedii
21:22:59.213 [Test worker] DEBUG org.hibernate.cfg.annotations.PropertyBinder - Building property concedii
21:22:59.213 [Test worker] DEBUG org.hibernate.cfg.Ejb3Column - Binding column: Ejb3Column{table=org.hibernate.mapping.Table(angajati), mappingColumn=data_angajare, insertable=true, updatable=true, unique=false}
21:22:59.213 [Test worker] DEBUG org.hibernate.cfg.annotations.PropertyBinder - MetadataSourceProcessor property dataAngajare with lazy=false
21:22:59.213 [Test worker] DEBUG org.hibernate.cfg.AbstractPropertyHolder - Attempting to locate auto-apply AttributeConverter for property [domain.Angajat:dataAngajare]
21:22:59.213 [Test worker] DEBUG org.hibernate.cfg.annotations.SimpleValueBinder - building SimpleValue for dataAngajare
21:22:59.213 [Test worker] DEBUG org.hibernate.cfg.annotations.PropertyBinder - Building property dataAngajare
21:22:59.213 [Test worker] DEBUG org.hibernate.cfg.Ejb3Column - Binding column: Ejb3Column{table=org.hibernate.mapping.Table(angajati), mappingColumn=null, insertable=true, updatable=true, unique=false}
21:22:59.213 [Test worker] DEBUG org.hibernate.cfg.Ejb3Column - Binding column: Ejb3Column{table=org.hibernate.mapping.Table(angajati), mappingColumn=element, insertable=true, updatable=true, unique=false}
21:22:59.213 [Test worker] DEBUG org.hibernate.cfg.Ejb3Column - Binding column: Ejb3Column{table=org.hibernate.mapping.Table(angajati), mappingColumn=departamente_KEY, insertable=true, updatable=true, unique=false}
21:22:59.213 [Test worker] DEBUG org.hibernate.cfg.Ejb3Column - Binding column: Ejb3JoinColumn{logicalColumnName='departamente_KEY', referencedColumn='null', mappedBy='null'}
21:22:59.213 [Test worker] DEBUG org.hibernate.cfg.Ejb3Column - Binding column: Ejb3JoinColumn{logicalColumnName='id_angajat', referencedColumn='', mappedBy=''}
21:22:59.213 [Test worker] DEBUG org.hibernate.cfg.Ejb3Column - Binding column: Ejb3JoinColumn{logicalColumnName='id_departament', referencedColumn='', mappedBy=''}
21:22:59.213 [Test worker] DEBUG org.hibernate.cfg.annotations.CollectionBinder - Collection role: domain.Angajat.departamente
21:22:59.213 [Test worker] DEBUG org.hibernate.cfg.annotations.PropertyBinder - Building property departamente
21:22:59.213 [Test worker] DEBUG org.hibernate.cfg.Ejb3Column - Binding column: Ejb3JoinColumn{logicalColumnName='null', referencedColumn='null', mappedBy='null'}
21:22:59.213 [Test worker] DEBUG org.hibernate.cfg.Ejb3Column - Binding column: Ejb3Column{table=org.hibernate.mapping.Table(angajati), mappingColumn=functie, insertable=true, updatable=true, unique=false}
21:22:59.213 [Test worker] DEBUG org.hibernate.cfg.annotations.PropertyBinder - Building property functie
21:22:59.213 [Test worker] DEBUG org.hibernate.cfg.Ejb3Column - Binding column: Ejb3Column{table=org.hibernate.mapping.Table(angajati), mappingColumn=id_superior, insertable=true, updatable=true, unique=false}
21:22:59.213 [Test worker] DEBUG org.hibernate.cfg.annotations.PropertyBinder - MetadataSourceProcessor property idSuperior with lazy=false
21:22:59.213 [Test worker] DEBUG org.hibernate.cfg.AbstractPropertyHolder - Attempting to locate auto-apply AttributeConverter for property [domain.Angajat:idSuperior]
21:22:59.213 [Test worker] DEBUG org.hibernate.cfg.annotations.SimpleValueBinder - building SimpleValue for idSuperior
21:22:59.213 [Test worker] DEBUG org.hibernate.cfg.annotations.PropertyBinder - Building property idSuperior
21:22:59.213 [Test worker] DEBUG org.hibernate.cfg.Ejb3Column - Binding column: Ejb3Column{table=org.hibernate.mapping.Table(angajati), mappingColumn=null, insertable=true, updatable=true, unique=false}
21:22:59.213 [Test worker] DEBUG org.hibernate.cfg.Ejb3Column - Binding column: Ejb3Column{table=org.hibernate.mapping.Table(angajati), mappingColumn=element, insertable=true, updatable=true, unique=false}
21:22:59.213 [Test worker] DEBUG org.hibernate.cfg.Ejb3Column - Binding column: Ejb3Column{table=org.hibernate.mapping.Table(angajati), mappingColumn=proiecte_KEY, insertable=true, updatable=true, unique=false}
21:22:59.213 [Test worker] DEBUG org.hibernate.cfg.Ejb3Column - Binding column: Ejb3JoinColumn{logicalColumnName='proiecte_KEY', referencedColumn='null', mappedBy='null'}
21:22:59.213 [Test worker] DEBUG org.hibernate.cfg.Ejb3Column - Binding column: Ejb3JoinColumn{logicalColumnName='id_angajat', referencedColumn='', mappedBy=''}
21:22:59.213 [Test worker] DEBUG org.hibernate.cfg.Ejb3Column - Binding column: Ejb3JoinColumn{logicalColumnName='id_proiect', referencedColumn='', mappedBy=''}
21:22:59.213 [Test worker] DEBUG org.hibernate.cfg.annotations.CollectionBinder - Collection role: domain.Angajat.proiecte
21:22:59.213 [Test worker] DEBUG org.hibernate.cfg.annotations.PropertyBinder - Building property proiecte
21:22:59.213 [Test worker] DEBUG org.hibernate.cfg.AnnotationBinder - Binding entity from annotated class: domain.Concediu
21:22:59.213 [Test worker] DEBUG org.hibernate.cfg.Ejb3Column - Binding column: Ejb3DiscriminatorColumn{logicalColumnName'DTYPE', discriminatorTypeName='string'}
21:22:59.213 [Test worker] DEBUG org.hibernate.cfg.annotations.EntityBinder - Import with entity name Concediu
21:22:59.213 [Test worker] DEBUG org.hibernate.cfg.annotations.EntityBinder - Bind entity domain.Concediu on table concedii
21:22:59.213 [Test worker] DEBUG org.hibernate.cfg.Ejb3Column - Binding column: Ejb3Column{table=org.hibernate.mapping.Table(concedii), mappingColumn=id, insertable=true, updatable=true, unique=false}
21:22:59.213 [Test worker] DEBUG org.hibernate.boot.internal.ClassLoaderAccessImpl - Not known whether passed class name [domain.Concediu] is safe
21:22:59.213 [Test worker] DEBUG org.hibernate.boot.internal.ClassLoaderAccessImpl - No temp ClassLoader provided; using live ClassLoader for loading potentially unsafe class : domain.Concediu
21:22:59.213 [Test worker] DEBUG org.hibernate.cfg.annotations.PropertyBinder - MetadataSourceProcessor property id with lazy=false
21:22:59.213 [Test worker] DEBUG org.hibernate.cfg.AbstractPropertyHolder - Attempting to locate auto-apply AttributeConverter for property [domain.Concediu:id]
21:22:59.213 [Test worker] DEBUG org.hibernate.cfg.annotations.SimpleValueBinder - building SimpleValue for id
21:22:59.213 [Test worker] DEBUG org.hibernate.cfg.annotations.PropertyBinder - Building property id
21:22:59.213 [Test worker] DEBUG org.hibernate.cfg.BinderHelper - #makeIdGenerator(org.hibernate.mapping.SimpleValue([org.hibernate.mapping.Column(id)]), id, identity, , ...)
21:22:59.213 [Test worker] DEBUG org.hibernate.cfg.Ejb3Column - Binding column: Ejb3JoinColumn{logicalColumnName='id_angajat', referencedColumn='', mappedBy=''}
21:22:59.213 [Test worker] DEBUG org.hibernate.cfg.Ejb3Column - Binding column: Ejb3Column{table=org.hibernate.mapping.Table(concedii), mappingColumn=angajat, insertable=true, updatable=true, unique=false}
21:22:59.213 [Test worker] DEBUG org.hibernate.cfg.annotations.PropertyBinder - Building property angajat
21:22:59.213 [Test worker] DEBUG org.hibernate.cfg.Ejb3Column - Binding column: Ejb3Column{table=org.hibernate.mapping.Table(concedii), mappingColumn=data_inceput, insertable=true, updatable=true, unique=false}
21:22:59.213 [Test worker] DEBUG org.hibernate.cfg.annotations.PropertyBinder - MetadataSourceProcessor property dataInceput with lazy=false
21:22:59.213 [Test worker] DEBUG org.hibernate.cfg.AbstractPropertyHolder - Attempting to locate auto-apply AttributeConverter for property [domain.Concediu:dataInceput]
21:22:59.213 [Test worker] DEBUG org.hibernate.cfg.annotations.SimpleValueBinder - building SimpleValue for dataInceput
21:22:59.213 [Test worker] DEBUG org.hibernate.cfg.annotations.PropertyBinder - Building property dataInceput
21:22:59.213 [Test worker] DEBUG org.hibernate.cfg.Ejb3Column - Binding column: Ejb3Column{table=org.hibernate.mapping.Table(concedii), mappingColumn=data_sfarsit, insertable=true, updatable=true, unique=false}
21:22:59.213 [Test worker] DEBUG org.hibernate.cfg.annotations.PropertyBinder - MetadataSourceProcessor property dataSfarsit with lazy=false
21:22:59.213 [Test worker] DEBUG org.hibernate.cfg.AbstractPropertyHolder - Attempting to locate auto-apply AttributeConverter for property [domain.Concediu:dataSfarsit]
21:22:59.213 [Test worker] DEBUG org.hibernate.cfg.annotations.SimpleValueBinder - building SimpleValue for dataSfarsit
21:22:59.213 [Test worker] DEBUG org.hibernate.cfg.annotations.PropertyBinder - Building property dataSfarsit
21:22:59.213 [Test worker] DEBUG org.hibernate.cfg.AnnotationBinder - Binding entity from annotated class: domain.Departament
21:22:59.213 [Test worker] DEBUG org.hibernate.cfg.Ejb3Column - Binding column: Ejb3DiscriminatorColumn{logicalColumnName'DTYPE', discriminatorTypeName='string'}
21:22:59.213 [Test worker] DEBUG org.hibernate.cfg.annotations.EntityBinder - Import with entity name Departament
21:22:59.213 [Test worker] DEBUG org.hibernate.cfg.annotations.EntityBinder - Bind entity domain.Departament on table departamente
21:22:59.213 [Test worker] DEBUG org.hibernate.cfg.Ejb3Column - Binding column: Ejb3Column{table=org.hibernate.mapping.Table(departamente), mappingColumn=id, insertable=true, updatable=true, unique=false}
21:22:59.213 [Test worker] DEBUG org.hibernate.boot.internal.ClassLoaderAccessImpl - Not known whether passed class name [domain.Departament] is safe
21:22:59.213 [Test worker] DEBUG org.hibernate.boot.internal.ClassLoaderAccessImpl - No temp ClassLoader provided; using live ClassLoader for loading potentially unsafe class : domain.Departament
21:22:59.213 [Test worker] DEBUG org.hibernate.cfg.annotations.PropertyBinder - MetadataSourceProcessor property id with lazy=false
21:22:59.213 [Test worker] DEBUG org.hibernate.cfg.AbstractPropertyHolder - Attempting to locate auto-apply AttributeConverter for property [domain.Departament:id]
21:22:59.213 [Test worker] DEBUG org.hibernate.cfg.annotations.SimpleValueBinder - building SimpleValue for id
21:22:59.213 [Test worker] DEBUG org.hibernate.cfg.annotations.PropertyBinder - Building property id
21:22:59.213 [Test worker] DEBUG org.hibernate.cfg.BinderHelper - #makeIdGenerator(org.hibernate.mapping.SimpleValue([org.hibernate.mapping.Column(id)]), id, identity, , ...)
21:22:59.213 [Test worker] DEBUG org.hibernate.cfg.Ejb3Column - Binding column: Ejb3Column{table=org.hibernate.mapping.Table(departamente), mappingColumn=id_director, insertable=true, updatable=true, unique=false}
21:22:59.213 [Test worker] DEBUG org.hibernate.cfg.annotations.PropertyBinder - MetadataSourceProcessor property idDirector with lazy=false
21:22:59.213 [Test worker] DEBUG org.hibernate.cfg.AbstractPropertyHolder - Attempting to locate auto-apply AttributeConverter for property [domain.Departament:idDirector]
21:22:59.213 [Test worker] DEBUG org.hibernate.cfg.annotations.SimpleValueBinder - building SimpleValue for idDirector
21:22:59.213 [Test worker] DEBUG org.hibernate.cfg.annotations.PropertyBinder - Building property idDirector
21:22:59.213 [Test worker] DEBUG org.hibernate.cfg.AnnotationBinder - Binding entity from annotated class: domain.Functie
21:22:59.213 [Test worker] DEBUG org.hibernate.cfg.Ejb3Column - Binding column: Ejb3DiscriminatorColumn{logicalColumnName'DTYPE', discriminatorTypeName='string'}
21:22:59.213 [Test worker] DEBUG org.hibernate.cfg.annotations.EntityBinder - Import with entity name Functie
21:22:59.213 [Test worker] DEBUG org.hibernate.cfg.annotations.EntityBinder - Bind entity domain.Functie on table functii
21:22:59.213 [Test worker] DEBUG org.hibernate.cfg.Ejb3Column - Binding column: Ejb3Column{table=org.hibernate.mapping.Table(functii), mappingColumn=id, insertable=true, updatable=true, unique=false}
21:22:59.213 [Test worker] DEBUG org.hibernate.boot.internal.ClassLoaderAccessImpl - Not known whether passed class name [domain.Functie] is safe
21:22:59.213 [Test worker] DEBUG org.hibernate.boot.internal.ClassLoaderAccessImpl - No temp ClassLoader provided; using live ClassLoader for loading potentially unsafe class : domain.Functie
21:22:59.213 [Test worker] DEBUG org.hibernate.cfg.annotations.PropertyBinder - MetadataSourceProcessor property id with lazy=false
21:22:59.213 [Test worker] DEBUG org.hibernate.cfg.AbstractPropertyHolder - Attempting to locate auto-apply AttributeConverter for property [domain.Functie:id]
21:22:59.213 [Test worker] DEBUG org.hibernate.cfg.annotations.SimpleValueBinder - building SimpleValue for id
21:22:59.213 [Test worker] DEBUG org.hibernate.cfg.annotations.PropertyBinder - Building property id
21:22:59.213 [Test worker] DEBUG org.hibernate.cfg.BinderHelper - #makeIdGenerator(org.hibernate.mapping.SimpleValue([org.hibernate.mapping.Column(id)]), id, identity, , ...)
21:22:59.213 [Test worker] DEBUG org.hibernate.cfg.Ejb3Column - Binding column: Ejb3Column{table=org.hibernate.mapping.Table(functii), mappingColumn=salar_de_baza, insertable=true, updatable=true, unique=false}
21:22:59.213 [Test worker] DEBUG org.hibernate.cfg.annotations.PropertyBinder - MetadataSourceProcessor property salarDeBaza with lazy=false
21:22:59.213 [Test worker] DEBUG org.hibernate.cfg.AbstractPropertyHolder - Attempting to locate auto-apply AttributeConverter for property [domain.Functie:salarDeBaza]
21:22:59.213 [Test worker] DEBUG org.hibernate.cfg.annotations.SimpleValueBinder - building SimpleValue for salarDeBaza
21:22:59.213 [Test worker] DEBUG org.hibernate.cfg.annotations.PropertyBinder - Building property salarDeBaza
21:22:59.213 [Test worker] DEBUG org.hibernate.cfg.AnnotationBinder - Binding entity from annotated class: domain.Proiect
21:22:59.213 [Test worker] DEBUG org.hibernate.cfg.Ejb3Column - Binding column: Ejb3DiscriminatorColumn{logicalColumnName'DTYPE', discriminatorTypeName='string'}
21:22:59.213 [Test worker] DEBUG org.hibernate.cfg.annotations.EntityBinder - Import with entity name Proiect
21:22:59.213 [Test worker] DEBUG org.hibernate.cfg.annotations.EntityBinder - Bind entity domain.Proiect on table proiecte
21:22:59.213 [Test worker] DEBUG org.hibernate.cfg.Ejb3Column - Binding column: Ejb3Column{table=org.hibernate.mapping.Table(proiecte), mappingColumn=id, insertable=true, updatable=true, unique=false}
21:22:59.213 [Test worker] DEBUG org.hibernate.boot.internal.ClassLoaderAccessImpl - Not known whether passed class name [domain.Proiect] is safe
21:22:59.213 [Test worker] DEBUG org.hibernate.boot.internal.ClassLoaderAccessImpl - No temp ClassLoader provided; using live ClassLoader for loading potentially unsafe class : domain.Proiect
21:22:59.213 [Test worker] DEBUG org.hibernate.cfg.annotations.PropertyBinder - MetadataSourceProcessor property id with lazy=false
21:22:59.213 [Test worker] DEBUG org.hibernate.cfg.AbstractPropertyHolder - Attempting to locate auto-apply AttributeConverter for property [domain.Proiect:id]
21:22:59.213 [Test worker] DEBUG org.hibernate.cfg.annotations.SimpleValueBinder - building SimpleValue for id
21:22:59.213 [Test worker] DEBUG org.hibernate.cfg.annotations.PropertyBinder - Building property id
21:22:59.213 [Test worker] DEBUG org.hibernate.cfg.BinderHelper - #makeIdGenerator(org.hibernate.mapping.SimpleValue([org.hibernate.mapping.Column(id)]), id, identity, , ...)
21:22:59.213 [Test worker] DEBUG org.hibernate.cfg.Ejb3Column - Binding column: Ejb3Column{table=org.hibernate.mapping.Table(proiecte), mappingColumn=data_inceput, insertable=true, updatable=true, unique=false}
21:22:59.213 [Test worker] DEBUG org.hibernate.cfg.annotations.PropertyBinder - MetadataSourceProcessor property dataInceput with lazy=false
21:22:59.213 [Test worker] DEBUG org.hibernate.cfg.AbstractPropertyHolder - Attempting to locate auto-apply AttributeConverter for property [domain.Proiect:dataInceput]
21:22:59.213 [Test worker] DEBUG org.hibernate.cfg.annotations.SimpleValueBinder - building SimpleValue for dataInceput
21:22:59.213 [Test worker] DEBUG org.hibernate.cfg.annotations.PropertyBinder - Building property dataInceput
21:22:59.229 [Test worker] DEBUG org.hibernate.cfg.Ejb3Column - Binding column: Ejb3Column{table=org.hibernate.mapping.Table(proiecte), mappingColumn=deadline, insertable=true, updatable=true, unique=false}
21:22:59.229 [Test worker] DEBUG org.hibernate.cfg.annotations.PropertyBinder - MetadataSourceProcessor property deadline with lazy=false
21:22:59.229 [Test worker] DEBUG org.hibernate.cfg.AbstractPropertyHolder - Attempting to locate auto-apply AttributeConverter for property [domain.Proiect:deadline]
21:22:59.229 [Test worker] DEBUG org.hibernate.cfg.annotations.SimpleValueBinder - building SimpleValue for deadline
21:22:59.229 [Test worker] DEBUG org.hibernate.cfg.annotations.PropertyBinder - Building property deadline
21:22:59.229 [Test worker] DEBUG org.hibernate.cfg.annotations.SimpleValueBinder - Starting fillSimpleValue for id
21:22:59.229 [Test worker] DEBUG org.hibernate.cfg.annotations.SimpleValueBinder - Starting fillSimpleValue for dataAngajare
21:22:59.229 [Test worker] DEBUG org.hibernate.cfg.annotations.SimpleValueBinder - Starting fillSimpleValue for idSuperior
21:22:59.229 [Test worker] DEBUG org.hibernate.cfg.annotations.SimpleValueBinder - Starting fillSimpleValue for id
21:22:59.229 [Test worker] DEBUG org.hibernate.cfg.annotations.SimpleValueBinder - Starting fillSimpleValue for dataInceput
21:22:59.229 [Test worker] DEBUG org.hibernate.cfg.annotations.SimpleValueBinder - Starting fillSimpleValue for dataSfarsit
21:22:59.229 [Test worker] DEBUG org.hibernate.cfg.annotations.SimpleValueBinder - Starting fillSimpleValue for id
21:22:59.229 [Test worker] DEBUG org.hibernate.cfg.annotations.SimpleValueBinder - Starting fillSimpleValue for idDirector
21:22:59.229 [Test worker] DEBUG org.hibernate.cfg.annotations.SimpleValueBinder - Starting fillSimpleValue for id
21:22:59.229 [Test worker] DEBUG org.hibernate.cfg.annotations.SimpleValueBinder - Starting fillSimpleValue for salarDeBaza
21:22:59.229 [Test worker] DEBUG org.hibernate.cfg.annotations.SimpleValueBinder - Starting fillSimpleValue for id
21:22:59.229 [Test worker] DEBUG org.hibernate.cfg.annotations.SimpleValueBinder - Starting fillSimpleValue for dataInceput
21:22:59.229 [Test worker] DEBUG org.hibernate.cfg.annotations.SimpleValueBinder - Starting fillSimpleValue for deadline
21:22:59.229 [Test worker] DEBUG org.hibernate.mapping.PrimaryKey - Forcing column [id] to be non-null as it is part of the primary key for table [angajati]
21:22:59.229 [Test worker] DEBUG org.hibernate.mapping.PrimaryKey - Forcing column [id] to be non-null as it is part of the primary key for table [concedii]
21:22:59.229 [Test worker] DEBUG org.hibernate.mapping.PrimaryKey - Forcing column [id] to be non-null as it is part of the primary key for table [departamente]
21:22:59.229 [Test worker] DEBUG org.hibernate.mapping.PrimaryKey - Forcing column [id] to be non-null as it is part of the primary key for table [functii]
21:22:59.229 [Test worker] DEBUG org.hibernate.mapping.PrimaryKey - Forcing column [id] to be non-null as it is part of the primary key for table [proiecte]
21:22:59.229 [Test worker] DEBUG org.hibernate.cfg.CollectionSecondPass - Second pass for collection: domain.Angajat.proiecte
21:22:59.229 [Test worker] DEBUG org.hibernate.cfg.annotations.CollectionBinder - Binding as ManyToMany: domain.Angajat.proiecte
21:22:59.229 [Test worker] DEBUG org.hibernate.mapping.PrimaryKey - Forcing column [id_angajat] to be non-null as it is part of the primary key for table [angajati_proiecte]
21:22:59.229 [Test worker] DEBUG org.hibernate.mapping.PrimaryKey - Forcing column [id_proiect] to be non-null as it is part of the primary key for table [angajati_proiecte]
21:22:59.229 [Test worker] DEBUG org.hibernate.cfg.CollectionSecondPass - Mapped collection key: id_angajat, element: id_proiect
21:22:59.229 [Test worker] DEBUG org.hibernate.cfg.CollectionSecondPass - Second pass for collection: domain.Angajat.departamente
21:22:59.229 [Test worker] DEBUG org.hibernate.cfg.annotations.CollectionBinder - Binding as ManyToMany: domain.Angajat.departamente
21:22:59.229 [Test worker] DEBUG org.hibernate.mapping.PrimaryKey - Forcing column [id_angajat] to be non-null as it is part of the primary key for table [angajati_departamente]
21:22:59.229 [Test worker] DEBUG org.hibernate.mapping.PrimaryKey - Forcing column [id_departament] to be non-null as it is part of the primary key for table [angajati_departamente]
21:22:59.229 [Test worker] DEBUG org.hibernate.cfg.CollectionSecondPass - Mapped collection key: id_angajat, element: id_departament
21:22:59.229 [Test worker] DEBUG org.hibernate.cfg.CollectionSecondPass - Second pass for collection: domain.Angajat.concedii
21:22:59.229 [Test worker] DEBUG org.hibernate.cfg.annotations.CollectionBinder - Binding a OneToMany: domain.Angajat.concedii through a foreign key
21:22:59.229 [Test worker] DEBUG org.hibernate.cfg.annotations.CollectionBinder - Mapping collection: domain.Angajat.concedii -> concedii
21:22:59.229 [Test worker] DEBUG org.hibernate.cfg.annotations.TableBinder - Retrieving property domain.Concediu.angajat
21:22:59.229 [Test worker] DEBUG org.hibernate.cfg.CollectionSecondPass - Mapped collection key: id_angajat, one-to-many: domain.Concediu
21:22:59.229 [Test worker] DEBUG org.hibernate.boot.internal.InFlightMetadataCollectorImpl - Resolving reference to class: domain.Functie
21:22:59.229 [Test worker] DEBUG org.hibernate.boot.internal.InFlightMetadataCollectorImpl - Resolving reference to class: domain.Departament
21:22:59.229 [Test worker] DEBUG org.hibernate.boot.internal.InFlightMetadataCollectorImpl - Resolving reference to class: domain.Angajat
21:22:59.229 [Test worker] DEBUG org.hibernate.boot.internal.InFlightMetadataCollectorImpl - Resolving reference to class: domain.Proiect
21:22:59.229 [Test worker] DEBUG org.hibernate.boot.internal.InFlightMetadataCollectorImpl - Resolving reference to class: domain.Angajat
21:22:59.229 [Test worker] DEBUG org.hibernate.boot.internal.InFlightMetadataCollectorImpl - Resolving reference to class: domain.Angajat
21:22:59.229 [Test worker] DEBUG org.hibernate.boot.internal.InFlightMetadataCollectorImpl - Resolving reference to class: domain.Functie
21:22:59.229 [Test worker] DEBUG org.hibernate.boot.internal.InFlightMetadataCollectorImpl - Resolving reference to class: domain.Departament
21:22:59.229 [Test worker] DEBUG org.hibernate.boot.internal.InFlightMetadataCollectorImpl - Resolving reference to class: domain.Angajat
21:22:59.229 [Test worker] DEBUG org.hibernate.boot.internal.InFlightMetadataCollectorImpl - Resolving reference to class: domain.Proiect
21:22:59.229 [Test worker] DEBUG org.hibernate.boot.internal.InFlightMetadataCollectorImpl - Resolving reference to class: domain.Angajat
21:22:59.229 [Test worker] DEBUG org.hibernate.boot.internal.InFlightMetadataCollectorImpl - Resolving reference to class: domain.Angajat
21:22:59.229 [Test worker] DEBUG org.hibernate.internal.SessionFactoryImpl - Building session factory
21:22:59.229 [Test worker] DEBUG org.hibernate.cfg.Settings - SessionFactory name : null
21:22:59.229 [Test worker] DEBUG org.hibernate.cfg.Settings - Automatic flush during beforeCompletion(): enabled
21:22:59.229 [Test worker] DEBUG org.hibernate.cfg.Settings - Automatic session close at end of transaction: disabled
21:22:59.229 [Test worker] DEBUG org.hibernate.cfg.Settings - Statistics: disabled
21:22:59.229 [Test worker] DEBUG org.hibernate.cfg.Settings - Deleted entity synthetic identifier rollback: disabled
21:22:59.229 [Test worker] DEBUG org.hibernate.cfg.Settings - Default entity-mode: pojo
21:22:59.229 [Test worker] DEBUG org.hibernate.cfg.Settings - Check Nullability in Core (should be disabled when Bean Validation is on): enabled
21:22:59.229 [Test worker] DEBUG org.hibernate.cfg.Settings - Allow initialization of lazy state outside session : enabled
21:22:59.229 [Test worker] DEBUG org.hibernate.cfg.Settings - Using BatchFetchStyle : LEGACY
21:22:59.229 [Test worker] DEBUG org.hibernate.cfg.Settings - Default batch fetch size: -1
21:22:59.229 [Test worker] DEBUG org.hibernate.cfg.Settings - Maximum outer join fetch depth: null
21:22:59.229 [Test worker] DEBUG org.hibernate.cfg.Settings - Default null ordering: NONE
21:22:59.229 [Test worker] DEBUG org.hibernate.cfg.Settings - Order SQL updates by primary key: disabled
21:22:59.229 [Test worker] DEBUG org.hibernate.cfg.Settings - Order SQL inserts for batching: disabled
21:22:59.229 [Test worker] DEBUG org.hibernate.cfg.Settings - multi-tenancy strategy : NONE
21:22:59.229 [Test worker] DEBUG org.hibernate.cfg.Settings - JTA Track by Thread: enabled
21:22:59.229 [Test worker] DEBUG org.hibernate.cfg.Settings - Query language substitutions: {}
21:22:59.229 [Test worker] DEBUG org.hibernate.cfg.Settings - Named query checking : enabled
21:22:59.229 [Test worker] DEBUG org.hibernate.cfg.Settings - Second-level cache: disabled
21:22:59.229 [Test worker] DEBUG org.hibernate.cfg.Settings - Second-level query cache: disabled
21:22:59.229 [Test worker] DEBUG org.hibernate.cfg.Settings - Second-level query cache factory: null
21:22:59.229 [Test worker] DEBUG org.hibernate.cfg.Settings - Second-level cache region prefix: null
21:22:59.229 [Test worker] DEBUG org.hibernate.cfg.Settings - Optimize second-level cache for minimal puts: disabled
21:22:59.229 [Test worker] DEBUG org.hibernate.cfg.Settings - Structured second-level cache entries: disabled
21:22:59.229 [Test worker] DEBUG org.hibernate.cfg.Settings - Second-level cache direct-reference entries: disabled
21:22:59.229 [Test worker] DEBUG org.hibernate.cfg.Settings - Automatic eviction of collection cache: disabled
21:22:59.229 [Test worker] DEBUG org.hibernate.cfg.Settings - JDBC batch size: 0
21:22:59.229 [Test worker] DEBUG org.hibernate.cfg.Settings - JDBC batch updates for versioned data: enabled
21:22:59.229 [Test worker] DEBUG org.hibernate.cfg.Settings - Scrollable result sets: disabled
21:22:59.229 [Test worker] DEBUG org.hibernate.cfg.Settings - Wrap result sets: disabled
21:22:59.229 [Test worker] DEBUG org.hibernate.cfg.Settings - JDBC3 getGeneratedKeys(): enabled
21:22:59.229 [Test worker] DEBUG org.hibernate.cfg.Settings - JDBC result set fetch size: null
21:22:59.229 [Test worker] DEBUG org.hibernate.cfg.Settings - Connection release mode: AFTER_TRANSACTION
21:22:59.229 [Test worker] DEBUG org.hibernate.cfg.Settings - Generate SQL with comments: disabled
21:22:59.229 [Test worker] DEBUG org.hibernate.cfg.Settings - JPA compliance - query : disabled
21:22:59.229 [Test worker] DEBUG org.hibernate.cfg.Settings - JPA compliance - closed-handling : disabled
21:22:59.229 [Test worker] DEBUG org.hibernate.cfg.Settings - JPA compliance - lists : disabled
21:22:59.229 [Test worker] DEBUG org.hibernate.cfg.Settings - JPA compliance - transactions : disabled
21:22:59.229 [Test worker] DEBUG org.hibernate.internal.SessionFactoryImpl - Session factory constructed with filter configurations : {}
21:22:59.229 [Test worker] DEBUG org.hibernate.internal.SessionFactoryImpl - Instantiating session factory with properties: {sun.desktop=windows, awt.toolkit=sun.awt.windows.WToolkit, dialect=utils.SQLiteDialect, java.specification.version=11, sun.cpu.isalist=amd64, sun.jnu.encoding=Cp1250, hibernate.dialect=utils.SQLiteDialect, org.gradle.test.worker=3, java.class.path=C:\\Users\\Dan\\.gradle\\caches\\6.8\\workerMain\\gradle-worker.jar;D:\\Facultate\\Projects\\OrganizareCompanie\\build\\classes\\java\\test;D:\\Facultate\\Projects\\OrganizareCompanie\\build\\resources\\test;D:\\Facultate\\Projects\\OrganizareCompanie\\build\\classes\\java\\main;D:\\Facultate\\Projects\\OrganizareCompanie\\build\\resources\\main;C:\\Users\\Dan\\.gradle\\caches\\modules-2\\files-2.1\\org.springframework.boot\\spring-boot-starter-web\\2.4.3\\4f5554ea183af87e52d8c31bb82aada0d74c40b0\\spring-boot-starter-web-2.4.3.jar;C:\\Users\\Dan\\.gradle\\caches\\modules-2\\files-2.1\\org.xerial\\sqlite-jdbc\\3.34.0\\fd29bb0124e3f79c80b2753162a6a3873c240bcf\\sqlite-jdbc-3.34.0.jar;C:\\Users\\Dan\\.gradle\\caches\\modules-2\\files-2.1\\org.hibernate\\hibernate-java8\\5.1.0.Final\\2bb534acab4f8485a821f0e4d6a2c8df617ee86a\\hibernate-java8-5.1.0.Final.jar;C:\\Users\\Dan\\.gradle\\caches\\modules-2\\files-2.1\\org.hibernate\\hibernate-core\\5.4.29.Final\\74b7c9ad3cb57ae4fd0187480a76f137a7fc3f38\\hibernate-core-5.4.29.Final.jar;C:\\Users\\Dan\\.gradle\\caches\\modules-2\\files-2.1\\org.junit.platform\\junit-platform-engine\\1.7.0\\eadb73c5074a4ac71061defd00fc176152a4d12c\\junit-platform-engine-1.7.0.jar;C:\\Users\\Dan\\.gradle\\caches\\modules-2\\files-2.1\\org.junit.platform\\junit-platform-commons\\1.7.0\\84e309fbf21d857aac079a3c1fffd84284e1114d\\junit-platform-commons-1.7.0.jar;C:\\Users\\Dan\\.gradle\\caches\\modules-2\\files-2.1\\org.junit.jupiter\\junit-jupiter-engine\\5.7.0\\d9044d6b45e2232ddd53fa56c15333e43d1749fd\\junit-jupiter-engine-5.7.0.jar;C:\\Users\\Dan\\.gradle\\caches\\modules-2\\files-2.1\\org.junit.jupiter\\junit-jupiter-api\\5.7.0\\b25f3815c4c1860a73041e733a14a0379d00c4d5\\junit-jupiter-api-5.7.0.jar;C:\\Users\\Dan\\.gradle\\caches\\modules-2\\files-2.1\\org.springframework.boot\\spring-boot-starter-json\\2.4.3\\7b26abb0a0379a00b58a2a50e010b29cf4f16b80\\spring-boot-starter-json-2.4.3.jar;C:\\Users\\Dan\\.gradle\\caches\\modules-2\\files-2.1\\org.springframework.boot\\spring-boot-starter\\2.4.3\\fd8bc0fb5f5aaefb4d6c8b77eb61563aab840c11\\spring-boot-starter-2.4.3.jar;C:\\Users\\Dan\\.gradle\\caches\\modules-2\\files-2.1\\org.springframework.boot\\spring-boot-starter-tomcat\\2.4.3\\4ba28aae05a259625e7e92f8e7338c5e1d22de35\\spring-boot-starter-tomcat-2.4.3.jar;C:\\Users\\Dan\\.gradle\\caches\\modules-2\\files-2.1\\org.springframework\\spring-webmvc\\5.3.4\\8dd52fbe8eafcc7c80998087ec6635baf7a98c20\\spring-webmvc-5.3.4.jar;C:\\Users\\Dan\\.gradle\\caches\\modules-2\\files-2.1\\org.springframework\\spring-web\\5.3.4\\d93829e24a50ed22e781f2302680a210cac5ee84\\spring-web-5.3.4.jar;C:\\Users\\Dan\\.gradle\\caches\\modules-2\\files-2.1\\org.hibernate.common\\hibernate-commons-annotations\\5.1.2.Final\\e59ffdbc6ad09eeb33507b39ffcf287679a498c8\\hibernate-commons-annotations-5.1.2.Final.jar;C:\\Users\\Dan\\.gradle\\caches\\modules-2\\files-2.1\\org.jboss.logging\\jboss-logging\\3.4.1.Final\\40fd4d696c55793e996d1ff3c475833f836c2498\\jboss-logging-3.4.1.Final.jar;C:\\Users\\Dan\\.gradle\\caches\\modules-2\\files-2.1\\javax.persistence\\javax.persistence-api\\2.2\\25665ac8c0b62f50e6488173233239120fc52c96\\javax.persistence-api-2.2.jar;C:\\Users\\Dan\\.gradle\\caches\\modules-2\\files-2.1\\org.javassist\\javassist\\3.27.0-GA\\f63e6aa899e15eca8fdaa402a79af4c417252213\\javassist-3.27.0-GA.jar;C:\\Users\\Dan\\.gradle\\caches\\modules-2\\files-2.1\\net.bytebuddy\\byte-buddy\\1.10.21\\5abe8e141cac9d50a721a22d9c188b3bf19ad0aa\\byte-buddy-1.10.21.jar;C:\\Users\\Dan\\.gradle\\caches\\modules-2\\files-2.1\\antlr\\antlr\\2.7.7\\83cd2cd674a217ade95a4bb83a8a14f351f48bd0\\antlr-2.7.7.jar;C:\\Users\\Dan\\.gradle\\caches\\modules-2\\files-2.1\\org.jboss.spec.javax.transaction\\jboss-transaction-api_1.2_spec\\1.1.1.Final\\a8485cab9484dda36e9a8c319e76b5cc18797b58\\jboss-transaction-api_1.2_spec-1.1.1.Final.jar;C:\\Users\\Dan\\.gradle\\caches\\modules-2\\files-2.1\\org.jboss\\jandex\\2.2.3.Final\\d3865101f0666b63586683bd811d754517f331ab\\jandex-2.2.3.Final.jar;C:\\Users\\Dan\\.gradle\\caches\\modules-2\\files-2.1\\com.fasterxml\\classmate\\1.5.1\\3fe0bed568c62df5e89f4f174c101eab25345b6c\\classmate-1.5.1.jar;C:\\Users\\Dan\\.gradle\\caches\\modules-2\\files-2.1\\org.glassfish.jaxb\\jaxb-runtime\\2.3.1\\dd6dda9da676a54c5b36ca2806ff95ee017d8738\\jaxb-runtime-2.3.1.jar;C:\\Users\\Dan\\.gradle\\caches\\modules-2\\files-2.1\\javax.xml.bind\\jaxb-api\\2.3.1\\8531ad5ac454cc2deb9d4d32c40c4d7451939b5d\\jaxb-api-2.3.1.jar;C:\\Users\\Dan\\.gradle\\caches\\modules-2\\files-2.1\\javax.activation\\javax.activation-api\\1.2.0\\85262acf3ca9816f9537ca47d5adeabaead7cb16\\javax.activation-api-1.2.0.jar;C:\\Users\\Dan\\.gradle\\caches\\modules-2\\files-2.1\\org.dom4j\\dom4j\\2.1.3\\a75914155a9f5808963170ec20653668a2ffd2fd\\dom4j-2.1.3.jar;C:\\Users\\Dan\\.gradle\\caches\\modules-2\\files-2.1\\org.apiguardian\\apiguardian-api\\1.1.0\\fc9dff4bb36d627bdc553de77e1f17efd790876c\\apiguardian-api-1.1.0.jar;C:\\Users\\Dan\\.gradle\\caches\\modules-2\\files-2.1\\org.opentest4j\\opentest4j\\1.2.0\\28c11eb91f9b6d8e200631d46e20a7f407f2a046\\opentest4j-1.2.0.jar;C:\\Users\\Dan\\.gradle\\caches\\modules-2\\files-2.1\\org.springframework.boot\\spring-boot-autoconfigure\\2.4.3\\2f8e1e682e55f70c8ea557982c7adb1256f41bcf\\spring-boot-autoconfigure-2.4.3.jar;C:\\Users\\Dan\\.gradle\\caches\\modules-2\\files-2.1\\org.springframework.boot\\spring-boot\\2.4.3\\de2bd17a8eb9bc3dfa629aa06f2e9fe3bf603c85\\spring-boot-2.4.3.jar;C:\\Users\\Dan\\.gradle\\caches\\modules-2\\files-2.1\\org.springframework.boot\\spring-boot-starter-logging\\2.4.3\\64687abc2255d18cd6592cbb20fa3bee3379cec8\\spring-boot-starter-logging-2.4.3.jar;C:\\Users\\Dan\\.gradle\\caches\\modules-2\\files-2.1\\jakarta.annotation\\jakarta.annotation-api\\1.3.5\\59eb84ee0d616332ff44aba065f3888cf002cd2d\\jakarta.annotation-api-1.3.5.jar;C:\\Users\\Dan\\.gradle\\caches\\modules-2\\files-2.1\\org.springframework\\spring-context\\5.3.4\\fbeadeb0e4d272599a938ec345e99e5f9a76e919\\spring-context-5.3.4.jar;C:\\Users\\Dan\\.gradle\\caches\\modules-2\\files-2.1\\org.springframework\\spring-aop\\5.3.4\\b7180a6427ab524bc1cbd31bf38dd2182632515f\\spring-aop-5.3.4.jar;C:\\Users\\Dan\\.gradle\\caches\\modules-2\\files-2.1\\org.springframework\\spring-beans\\5.3.4\\ac6c5ea0ba82f555405f74104cf378f8071c6d25\\spring-beans-5.3.4.jar;C:\\Users\\Dan\\.gradle\\caches\\modules-2\\files-2.1\\org.springframework\\spring-expression\\5.3.4\\42b71fa955e43a86471509aef14cefe756fc3794\\spring-expression-5.3.4.jar;C:\\Users\\Dan\\.gradle\\caches\\modules-2\\files-2.1\\org.springframework\\spring-core\\5.3.4\\46c1f8abd9e02a292c42a257350f365cec152b5d\\spring-core-5.3.4.jar;C:\\Users\\Dan\\.gradle\\caches\\modules-2\\files-2.1\\org.yaml\\snakeyaml\\1.27\\359d62567480b07a679dc643f82fc926b100eed5\\snakeyaml-1.27.jar;C:\\Users\\Dan\\.gradle\\caches\\modules-2\\files-2.1\\com.fasterxml.jackson.datatype\\jackson-datatype-jdk8\\2.11.4\\e1540dea3c6c681ea4e335a960f730861ee3bedb\\jackson-datatype-jdk8-2.11.4.jar;C:\\Users\\Dan\\.gradle\\caches\\modules-2\\files-2.1\\com.fasterxml.jackson.datatype\\jackson-datatype-jsr310\\2.11.4\\ce6fc76bba06623720e5a9308386b6ae74753f4d\\jackson-datatype-jsr310-2.11.4.jar;C:\\Users\\Dan\\.gradle\\caches\\modules-2\\files-2.1\\com.fasterxml.jackson.module\\jackson-module-parameter-names\\2.11.4\\432e050d79f2282a66c320375d628f1b0842cb12\\jackson-module-parameter-names-2.11.4.jar;C:\\Users\\Dan\\.gradle\\caches\\modules-2\\files-2.1\\com.fasterxml.jackson.core\\jackson-databind\\2.11.4\\5d9f3d441f99d721b957e3497f0a6465c764fad4\\jackson-databind-2.11.4.jar;C:\\Users\\Dan\\.gradle\\caches\\modules-2\\files-2.1\\org.apache.tomcat.embed\\tomcat-embed-websocket\\9.0.43\\78232648dde1a5fd5093f0a3999e593d208e2eab\\tomcat-embed-websocket-9.0.43.jar;C:\\Users\\Dan\\.gradle\\caches\\modules-2\\files-2.1\\org.apache.tomcat.embed\\tomcat-embed-core\\9.0.43\\1d102277426bdd5b12f048731a91665bb69347d1\\tomcat-embed-core-9.0.43.jar;C:\\Users\\Dan\\.gradle\\caches\\modules-2\\files-2.1\\org.glassfish\\jakarta.el\\3.0.3\\dab46ee1ee23f7197c13d7c40fce14817c9017df\\jakarta.el-3.0.3.jar;C:\\Users\\Dan\\.gradle\\caches\\modules-2\\files-2.1\\org.glassfish.jaxb\\txw2\\2.3.1\\a09d2c48d3285f206fafbffe0e50619284e92126\\txw2-2.3.1.jar;C:\\Users\\Dan\\.gradle\\caches\\modules-2\\files-2.1\\com.sun.istack\\istack-commons-runtime\\3.0.7\\c197c86ceec7318b1284bffb49b54226ca774003\\istack-commons-runtime-3.0.7.jar;C:\\Users\\Dan\\.gradle\\caches\\modules-2\\files-2.1\\org.jvnet.staxex\\stax-ex\\1.8\\8cc35f73da321c29973191f2cf143d29d26a1df7\\stax-ex-1.8.jar;C:\\Users\\Dan\\.gradle\\caches\\modules-2\\files-2.1\\com.sun.xml.fastinfoset\\FastInfoset\\1.2.15\\bb7b7ec0379982b97c62cd17465cb6d9155f68e8\\FastInfoset-1.2.15.jar;C:\\Users\\Dan\\.gradle\\caches\\modules-2\\files-2.1\\ch.qos.logback\\logback-classic\\1.2.3\\7c4f3c474fb2c041d8028740440937705ebb473a\\logback-classic-1.2.3.jar;C:\\Users\\Dan\\.gradle\\caches\\modules-2\\files-2.1\\org.apache.logging.log4j\\log4j-to-slf4j\\2.13.3\\966f6fd1af4959d6b12bfa880121d4a2b164f857\\log4j-to-slf4j-2.13.3.jar;C:\\Users\\Dan\\.gradle\\caches\\modules-2\\files-2.1\\org.slf4j\\jul-to-slf4j\\1.7.30\\d58bebff8cbf70ff52b59208586095f467656c30\\jul-to-slf4j-1.7.30.jar;C:\\Users\\Dan\\.gradle\\caches\\modules-2\\files-2.1\\org.springframework\\spring-jcl\\5.3.4\\ca012eb4e9e57f767aa9d5e51fe9a09b28140808\\spring-jcl-5.3.4.jar;C:\\Users\\Dan\\.gradle\\caches\\modules-2\\files-2.1\\com.fasterxml.jackson.core\\jackson-annotations\\2.11.4\\2c3f5c079330f3a01726686a078979420f547ae4\\jackson-annotations-2.11.4.jar;C:\\Users\\Dan\\.gradle\\caches\\modules-2\\files-2.1\\com.fasterxml.jackson.core\\jackson-core\\2.11.4\\593f7b18bab07a76767f181e2a2336135ce82cc4\\jackson-core-2.11.4.jar;C:\\Users\\Dan\\.gradle\\caches\\modules-2\\files-2.1\\ch.qos.logback\\logback-core\\1.2.3\\864344400c3d4d92dfeb0a305dc87d953677c03c\\logback-core-1.2.3.jar;C:\\Users\\Dan\\.gradle\\caches\\modules-2\\files-2.1\\org.slf4j\\slf4j-api\\1.7.30\\b5a4b6d16ab13e34a88fae84c35cd5d68cac922c\\slf4j-api-1.7.30.jar;C:\\Users\\Dan\\.gradle\\caches\\modules-2\\files-2.1\\org.apache.logging.log4j\\log4j-api\\2.13.3\\ec1508160b93d274b1add34419b897bae84c6ca9\\log4j-api-2.13.3.jar, java.vm.vendor=Oracle Corporation, sun.arch.data.model=64, user.variant=, java.vendor.url=http://java.oracle.com/, user.timezone=Europe/Athens, os.name=Windows 10, java.vm.specification.version=11, user.country=US, sun.java.launcher=SUN_STANDARD, sun.boot.library.path=C:\Program Files\Java\jdk-11.0.6\bin, sun.java.command=worker.org.gradle.process.internal.worker.GradleWorkerMain 'Gradle Test Executor 3', jdk.debug=release, sun.cpu.endian=little, user.home=C:\Users\Dan, user.language=en, java.specification.vendor=Oracle Corporation, org.gradle.native=false, java.version.date=2020-01-14, java.home=C:\Program Files\Java\jdk-11.0.6, file.separator=\, java.vm.compressedOopsMode=32-bit, line.separator=
, java.specification.name=Java Platform API Specification, java.vm.specification.vendor=Oracle Corporation, java.awt.graphicsenv=sun.awt.Win32GraphicsEnvironment, hibernate.hbm2ddl.auto=update, user.script=, sun.management.compiler=HotSpot 64-Bit Tiered Compilers, java.runtime.version=11.0.6+8-LTS, user.name=Dan, path.separator=;, hibernate.connection.username=****, os.version=10.0, hibernate.enable_lazy_load_no_trans=true, java.runtime.name=Java(TM) SE Runtime Environment, hibernate.connection.url=jdbc:sqlite:D:\Facultate\Projects\OrganizareCompanie\database, file.encoding=windows-1250, java.vm.name=Java HotSpot(TM) 64-Bit Server VM, hibernate.show_sql=true, java.vendor.version=18.9, hibernate.current_session_context_class=thread, hibernate.connection.driver_class=org.sqlite.JDBC, java.vendor.url.bug=http://bugreport.java.com/bugreport/, java.io.tmpdir=C:\Users\Dan\AppData\Local\Temp\, java.version=11.0.6, user.dir=D:\Facultate\Projects\OrganizareCompanie, os.arch=amd64, java.vm.specification.name=Java Virtual Machine Specification, java.awt.printerjob=sun.awt.windows.WPrinterJob, hibernate.connection.password=****, sun.os.patch.level=, connection.driver_class=org.sqlite.JDBC, hibernate.boot.CfgXmlAccessService.key=org.hibernate.boot.cfgxml.spi.LoadedConfig@4987c106, java.library.path=C:\Program Files\Java\jdk-11.0.6\bin;C:\WINDOWS\Sun\Java\bin;C:\WINDOWS\system32;C:\WINDOWS;;C:\Python38\Scripts\;C:\Python38\;D:\Facultate\Scripts\;D:\Facultate\;C:\Users\Dan\Desktop\Facultate 2018-2019\Semestrul I\Fundamentele programarii\Python\Scripts\;C:\Users\Dan\Desktop\Facultate 2018-2019\Semestrul I\Fundamentele programarii\Python\;C:\Users\Dan\Desktop\Facultate 2018-2019\Semestrul I\Fundamentele programarii\Scripts\;C:\Users\Dan\Desktop\Facultate 2018-2019\Semestrul I\Fundamentele programarii\;C:\WINDOWS\system32;C:\WINDOWS;C:\WINDOWS\System32\Wbem;C:\WINDOWS\System32\WindowsPowerShell\v1.0\;C:\WINDOWS\System32\OpenSSH\;D:\Facultate\PuTTY\;C:\Program Files\dotnet\;C:\Program Files\Microsoft SQL Server\Client SDK\ODBC\170\Tools\Binn\;C:\Users\Dan\Proto\bin;D:\Facultate\NodeJS\;C:\ProgramData\chocolatey\bin;C:\Program Files\Git\cmd;C:\Program Files\Java\jdk-10.0.2\bin;C:\Program Files (x86)\GnuWin32\bin;C:\MinGW\bin;C:\Program Files\Java\jdk-11.0.6\bin;C:\WINDOWS\system32;C:\WINDOWS;C:\WINDOWS\System32\Wbem;C:\WINDOWS\System32\WindowsPowerShell\v1.0\;C:\WINDOWS\System32\OpenSSH\;C:\Program Files\Intel\WiFi\bin\;C:\Program Files\Common Files\Intel\WirelessCommon\;D:\Facultate\Python\Scripts\;D:\Facultate\Python\;C:\Users\Dan\AppData\Local\Microsoft\WindowsApps;C:\Users\Dan\AppData\Local\GitHubDesktop\bin;C:\Users\Dan\AppData\Roaming\npm;D:\Facultate\Microsoft VS Code\bin;C:\Users\Dan\AppData\Local\Microsoft\WindowsApps;C:\Users\Dan\Documents\driver;;., java.vendor=Oracle Corporation, java.vm.info=mixed mode, java.vm.version=11.0.6+8-LTS, hibernate.bytecode.use_reflection_optimizer=false, sun.io.unicode.encoding=UnicodeLittle, hibernate.connection.pool_size=1, connection.url=jdbc:sqlite:D:\Facultate\Projects\OrganizareCompanie\database, java.class.version=55.0}
21:22:59.229 [Test worker] DEBUG org.hibernate.secure.spi.JaccIntegrator - Skipping JACC integration as it was not enabled
21:22:59.229 [Test worker] DEBUG org.hibernate.internal.SessionFactoryImpl - Instantiated session factory
21:22:59.229 [Test worker] DEBUG org.hibernate.type.spi.TypeConfiguration$Scope - Scoping TypeConfiguration [org.hibernate.type.spi.TypeConfiguration@7d58d505] to SessionFactoryImpl [org.hibernate.internal.SessionFactoryImpl@d265350]
21:22:59.229 [Test worker] DEBUG org.hibernate.boot.internal.ClassLoaderAccessImpl - Not known whether passed class name [domain.Functie] is safe
21:22:59.229 [Test worker] DEBUG org.hibernate.boot.internal.ClassLoaderAccessImpl - No temp ClassLoader provided; using live ClassLoader for loading potentially unsafe class : domain.Functie
21:22:59.244 [Test worker] DEBUG org.hibernate.boot.internal.ClassLoaderAccessImpl - Not known whether passed class name [domain.Departament] is safe
21:22:59.244 [Test worker] DEBUG org.hibernate.boot.internal.ClassLoaderAccessImpl - No temp ClassLoader provided; using live ClassLoader for loading potentially unsafe class : domain.Departament
21:22:59.244 [Test worker] DEBUG org.hibernate.boot.internal.ClassLoaderAccessImpl - Not known whether passed class name [domain.Angajat] is safe
21:22:59.244 [Test worker] DEBUG org.hibernate.boot.internal.ClassLoaderAccessImpl - No temp ClassLoader provided; using live ClassLoader for loading potentially unsafe class : domain.Angajat
21:22:59.251 [Test worker] DEBUG org.hibernate.boot.internal.ClassLoaderAccessImpl - Not known whether passed class name [domain.Proiect] is safe
21:22:59.251 [Test worker] DEBUG org.hibernate.boot.internal.ClassLoaderAccessImpl - No temp ClassLoader provided; using live ClassLoader for loading potentially unsafe class : domain.Proiect
21:22:59.251 [Test worker] DEBUG org.hibernate.boot.internal.ClassLoaderAccessImpl - Not known whether passed class name [domain.Concediu] is safe
21:22:59.251 [Test worker] DEBUG org.hibernate.boot.internal.ClassLoaderAccessImpl - No temp ClassLoader provided; using live ClassLoader for loading potentially unsafe class : domain.Concediu
21:22:59.251 [Test worker] DEBUG org.hibernate.persister.collection.AbstractCollectionPersister - Static SQL for collection: domain.Angajat.proiecte
21:22:59.251 [Test worker] DEBUG org.hibernate.persister.collection.AbstractCollectionPersister -  Row insert: insert into angajati_proiecte (id_angajat, id_proiect) values (?, ?)
21:22:59.251 [Test worker] DEBUG org.hibernate.persister.collection.AbstractCollectionPersister -  Row update: update angajati_proiecte set id_proiect=? where id_angajat=? and id_proiect=?
21:22:59.251 [Test worker] DEBUG org.hibernate.persister.collection.AbstractCollectionPersister -  Row delete: delete from angajati_proiecte where id_angajat=? and id_proiect=?
21:22:59.251 [Test worker] DEBUG org.hibernate.persister.collection.AbstractCollectionPersister -  One-shot delete: delete from angajati_proiecte where id_angajat=?
21:22:59.251 [Test worker] DEBUG org.hibernate.persister.collection.AbstractCollectionPersister - Static SQL for collection: domain.Angajat.concedii
21:22:59.251 [Test worker] DEBUG org.hibernate.persister.collection.AbstractCollectionPersister -  Row insert: update concedii set id_angajat=? where id=?
21:22:59.251 [Test worker] DEBUG org.hibernate.persister.collection.AbstractCollectionPersister -  Row update: update concedii set  where id=?
21:22:59.251 [Test worker] DEBUG org.hibernate.persister.collection.AbstractCollectionPersister -  Row delete: update concedii set id_angajat=null where id_angajat=? and id=?
21:22:59.251 [Test worker] DEBUG org.hibernate.persister.collection.AbstractCollectionPersister -  One-shot delete: update concedii set id_angajat=null where id_angajat=?
21:22:59.251 [Test worker] DEBUG org.hibernate.persister.collection.AbstractCollectionPersister - Static SQL for collection: domain.Angajat.departamente
21:22:59.251 [Test worker] DEBUG org.hibernate.persister.collection.AbstractCollectionPersister -  Row insert: insert into angajati_departamente (id_angajat, id_departament) values (?, ?)
21:22:59.251 [Test worker] DEBUG org.hibernate.persister.collection.AbstractCollectionPersister -  Row update: update angajati_departamente set id_departament=? where id_angajat=? and id_departament=?
21:22:59.251 [Test worker] DEBUG org.hibernate.persister.collection.AbstractCollectionPersister -  Row delete: delete from angajati_departamente where id_angajat=? and id_departament=?
21:22:59.251 [Test worker] DEBUG org.hibernate.persister.collection.AbstractCollectionPersister -  One-shot delete: delete from angajati_departamente where id_angajat=?
21:22:59.251 [Test worker] DEBUG org.hibernate.persister.entity.AbstractEntityPersister - Static SQL for entity: domain.Functie
21:22:59.251 [Test worker] DEBUG org.hibernate.persister.entity.AbstractEntityPersister -  Version select: select id from functii where id =?
21:22:59.251 [Test worker] DEBUG org.hibernate.persister.entity.AbstractEntityPersister -  Snapshot select: select functie_.id, functie_.salar_de_baza as salar_de2_5_ from functii functie_ where functie_.id=?
21:22:59.251 [Test worker] DEBUG org.hibernate.persister.entity.AbstractEntityPersister -  Insert 0: insert into functii (salar_de_baza, id) values (?, ?)
21:22:59.251 [Test worker] DEBUG org.hibernate.persister.entity.AbstractEntityPersister -  Update 0: update functii set salar_de_baza=? where id=?
21:22:59.251 [Test worker] DEBUG org.hibernate.persister.entity.AbstractEntityPersister -  Delete 0: delete from functii where id=?
21:22:59.251 [Test worker] DEBUG org.hibernate.persister.entity.AbstractEntityPersister -  Identity insert: insert into functii (salar_de_baza) values (?)
21:22:59.251 [Test worker] DEBUG org.hibernate.loader.plan.build.internal.spaces.QuerySpacesImpl - Adding QuerySpace : uid = <gen:0> -> org.hibernate.loader.plan.build.internal.spaces.EntityQuerySpaceImpl@7a43bc4b]
21:22:59.266 [Test worker] DEBUG org.hibernate.persister.walking.spi.MetamodelGraphWalker - Visiting attribute path : salarDeBaza
21:22:59.266 [Test worker] DEBUG org.hibernate.loader.plan.build.internal.FetchStyleLoadPlanBuildingAssociationVisitationStrategy - Building LoadPlan...
21:22:59.266 [Test worker] DEBUG org.hibernate.loader.plan.exec.internal.LoadQueryJoinAndFetchProcessor - processing queryspace <gen:0>
21:22:59.266 [Test worker] DEBUG org.hibernate.loader.plan.build.spi.LoadPlanTreePrinter - LoadPlan(entity=domain.Functie)
    - Returns
       - EntityReturnImpl(entity=domain.Functie, querySpaceUid=<gen:0>, path=domain.Functie)
    - QuerySpaces
       - EntityQuerySpaceImpl(uid=<gen:0>, entity=domain.Functie)
          - SQL table alias mapping - functie0_
          - alias suffix - 0_
          - suffixed key columns - {id1_5_0_}

21:22:59.266 [Test worker] DEBUG org.hibernate.loader.entity.plan.EntityLoader - Static select for entity domain.Functie [NONE]: select functie0_.id as id1_5_0_, functie0_.salar_de_baza as salar_de2_5_0_ from functii functie0_ where functie0_.id=?
21:22:59.266 [Test worker] DEBUG org.hibernate.persister.entity.AbstractEntityPersister - Static SQL for entity: domain.Departament
21:22:59.266 [Test worker] DEBUG org.hibernate.persister.entity.AbstractEntityPersister -  Version select: select id from departamente where id =?
21:22:59.266 [Test worker] DEBUG org.hibernate.persister.entity.AbstractEntityPersister -  Snapshot select: select departamen_.id, departamen_.id_director as id_direc2_4_ from departamente departamen_ where departamen_.id=?
21:22:59.266 [Test worker] DEBUG org.hibernate.persister.entity.AbstractEntityPersister -  Insert 0: insert into departamente (id_director, id) values (?, ?)
21:22:59.266 [Test worker] DEBUG org.hibernate.persister.entity.AbstractEntityPersister -  Update 0: update departamente set id_director=? where id=?
21:22:59.266 [Test worker] DEBUG org.hibernate.persister.entity.AbstractEntityPersister -  Delete 0: delete from departamente where id=?
21:22:59.266 [Test worker] DEBUG org.hibernate.persister.entity.AbstractEntityPersister -  Identity insert: insert into departamente (id_director) values (?)
21:22:59.266 [Test worker] DEBUG org.hibernate.loader.plan.build.internal.spaces.QuerySpacesImpl - Adding QuerySpace : uid = <gen:0> -> org.hibernate.loader.plan.build.internal.spaces.EntityQuerySpaceImpl@3bd72172]
21:22:59.266 [Test worker] DEBUG org.hibernate.persister.walking.spi.MetamodelGraphWalker - Visiting attribute path : idDirector
21:22:59.266 [Test worker] DEBUG org.hibernate.loader.plan.build.internal.FetchStyleLoadPlanBuildingAssociationVisitationStrategy - Building LoadPlan...
21:22:59.266 [Test worker] DEBUG org.hibernate.loader.plan.exec.internal.LoadQueryJoinAndFetchProcessor - processing queryspace <gen:0>
21:22:59.266 [Test worker] DEBUG org.hibernate.loader.plan.build.spi.LoadPlanTreePrinter - LoadPlan(entity=domain.Departament)
    - Returns
       - EntityReturnImpl(entity=domain.Departament, querySpaceUid=<gen:0>, path=domain.Departament)
    - QuerySpaces
       - EntityQuerySpaceImpl(uid=<gen:0>, entity=domain.Departament)
          - SQL table alias mapping - departamen0_
          - alias suffix - 0_
          - suffixed key columns - {id1_4_0_}

21:22:59.266 [Test worker] DEBUG org.hibernate.loader.entity.plan.EntityLoader - Static select for entity domain.Departament [NONE]: select departamen0_.id as id1_4_0_, departamen0_.id_director as id_direc2_4_0_ from departamente departamen0_ where departamen0_.id=?
21:22:59.266 [Test worker] DEBUG org.hibernate.persister.entity.AbstractEntityPersister - Static SQL for entity: domain.Angajat
21:22:59.266 [Test worker] DEBUG org.hibernate.persister.entity.AbstractEntityPersister -  Version select: select id from angajati where id =?
21:22:59.266 [Test worker] DEBUG org.hibernate.persister.entity.AbstractEntityPersister -  Snapshot select: select angajat_.id, angajat_.data_angajare as data_ang2_0_, angajat_.functie_id as functie_4_0_, angajat_.id_superior as id_super3_0_ from angajati angajat_ where angajat_.id=?
21:22:59.266 [Test worker] DEBUG org.hibernate.persister.entity.AbstractEntityPersister -  Insert 0: insert into angajati (data_angajare, functie_id, id_superior, id) values (?, ?, ?, ?)
21:22:59.266 [Test worker] DEBUG org.hibernate.persister.entity.AbstractEntityPersister -  Update 0: update angajati set data_angajare=?, functie_id=?, id_superior=? where id=?
21:22:59.266 [Test worker] DEBUG org.hibernate.persister.entity.AbstractEntityPersister -  Delete 0: delete from angajati where id=?
21:22:59.266 [Test worker] DEBUG org.hibernate.persister.entity.AbstractEntityPersister -  Identity insert: insert into angajati (data_angajare, functie_id, id_superior) values (?, ?, ?)
21:22:59.266 [Test worker] DEBUG org.hibernate.loader.plan.build.internal.spaces.QuerySpacesImpl - Adding QuerySpace : uid = <gen:0> -> org.hibernate.loader.plan.build.internal.spaces.EntityQuerySpaceImpl@2beb9fc0]
21:22:59.266 [Test worker] DEBUG org.hibernate.persister.walking.spi.MetamodelGraphWalker - Visiting attribute path : concedii
21:22:59.266 [Test worker] DEBUG org.hibernate.loader.plan.build.internal.spaces.QuerySpacesImpl - Adding QuerySpace : uid = <gen:1> -> org.hibernate.loader.plan.build.internal.spaces.CollectionQuerySpaceImpl@52b256f4]
21:22:59.266 [Test worker] DEBUG org.hibernate.loader.plan.build.internal.spaces.QuerySpacesImpl - Adding QuerySpace : uid = <gen:2> -> org.hibernate.loader.plan.build.internal.spaces.EntityQuerySpaceImpl@70a2fd4b]
21:22:59.266 [Test worker] DEBUG org.hibernate.persister.walking.spi.MetamodelGraphWalker - Visiting attribute path : dataAngajare
21:22:59.266 [Test worker] DEBUG org.hibernate.persister.walking.spi.MetamodelGraphWalker - Visiting attribute path : departamente
21:22:59.266 [Test worker] DEBUG org.hibernate.loader.plan.build.internal.spaces.QuerySpacesImpl - Adding QuerySpace : uid = <gen:3> -> org.hibernate.loader.plan.build.internal.spaces.CollectionQuerySpaceImpl@7c06900]
21:22:59.266 [Test worker] DEBUG org.hibernate.loader.plan.build.internal.spaces.QuerySpacesImpl - Adding QuerySpace : uid = <gen:4> -> org.hibernate.loader.plan.build.internal.spaces.EntityQuerySpaceImpl@36147d23]
21:22:59.266 [Test worker] DEBUG org.hibernate.persister.walking.spi.MetamodelGraphWalker - Visiting attribute path : functie
21:22:59.266 [Test worker] DEBUG org.hibernate.loader.plan.build.internal.spaces.QuerySpacesImpl - Adding QuerySpace : uid = <gen:5> -> org.hibernate.loader.plan.build.internal.spaces.EntityQuerySpaceImpl@76d198e3]
21:22:59.266 [Test worker] DEBUG org.hibernate.persister.walking.spi.MetamodelGraphWalker - Visiting attribute path : functie.salarDeBaza
21:22:59.266 [Test worker] DEBUG org.hibernate.persister.walking.spi.MetamodelGraphWalker - Visiting attribute path : idSuperior
21:22:59.266 [Test worker] DEBUG org.hibernate.persister.walking.spi.MetamodelGraphWalker - Visiting attribute path : proiecte
21:22:59.266 [Test worker] DEBUG org.hibernate.loader.plan.build.internal.spaces.QuerySpacesImpl - Adding QuerySpace : uid = <gen:6> -> org.hibernate.loader.plan.build.internal.spaces.CollectionQuerySpaceImpl@15728891]
21:22:59.266 [Test worker] DEBUG org.hibernate.loader.plan.build.internal.spaces.QuerySpacesImpl - Adding QuerySpace : uid = <gen:7> -> org.hibernate.loader.plan.build.internal.spaces.EntityQuerySpaceImpl@9a1279]
21:22:59.266 [Test worker] DEBUG org.hibernate.loader.plan.build.internal.FetchStyleLoadPlanBuildingAssociationVisitationStrategy - Building LoadPlan...
21:22:59.266 [Test worker] DEBUG org.hibernate.loader.plan.exec.internal.LoadQueryJoinAndFetchProcessor - processing queryspace <gen:0>
21:22:59.266 [Test worker] DEBUG org.hibernate.loader.plan.build.spi.LoadPlanTreePrinter - LoadPlan(entity=domain.Angajat)
    - Returns
       - EntityReturnImpl(entity=domain.Angajat, querySpaceUid=<gen:0>, path=domain.Angajat)
          - CollectionAttributeFetchImpl(collection=domain.Angajat.concedii, querySpaceUid=<gen:1>, path=domain.Angajat.concedii)
             - (collection element) CollectionFetchableElementEntityGraph(entity=domain.Concediu, querySpaceUid=<gen:2>, path=domain.Angajat.concedii.<elements>)
          - CollectionAttributeFetchImpl(collection=domain.Angajat.departamente, querySpaceUid=<gen:3>, path=domain.Angajat.departamente)
             - (collection element) CollectionFetchableElementEntityGraph(entity=domain.Departament, querySpaceUid=<gen:4>, path=domain.Angajat.departamente.<elements>)
          - EntityAttributeFetchImpl(entity=domain.Functie, querySpaceUid=<gen:5>, path=domain.Angajat.functie)
          - CollectionAttributeFetchImpl(collection=domain.Angajat.proiecte, querySpaceUid=<gen:6>, path=domain.Angajat.proiecte)
             - (collection element) CollectionFetchableElementEntityGraph(entity=domain.Proiect, querySpaceUid=<gen:7>, path=domain.Angajat.proiecte.<elements>)
    - QuerySpaces
       - EntityQuerySpaceImpl(uid=<gen:0>, entity=domain.Angajat)
          - SQL table alias mapping - angajat0_
          - alias suffix - 0_
          - suffixed key columns - {id1_0_0_}
          - JOIN (JoinDefinedByMetadata(functie)) : <gen:0> -> <gen:5>
             - EntityQuerySpaceImpl(uid=<gen:5>, entity=domain.Functie)
                - SQL table alias mapping - functie1_
                - alias suffix - 1_
                - suffixed key columns - {id1_5_1_}

21:22:59.266 [Test worker] DEBUG org.hibernate.loader.entity.plan.EntityLoader - Static select for entity domain.Angajat [NONE]: select angajat0_.id as id1_0_0_, angajat0_.data_angajare as data_ang2_0_0_, angajat0_.functie_id as functie_4_0_0_, angajat0_.id_superior as id_super3_0_0_, functie1_.id as id1_5_1_, functie1_.salar_de_baza as salar_de2_5_1_ from angajati angajat0_ left outer join functii functie1_ on angajat0_.functie_id=functie1_.id where angajat0_.id=?
21:22:59.266 [Test worker] DEBUG org.hibernate.persister.entity.AbstractEntityPersister - Static SQL for entity: domain.Proiect
21:22:59.266 [Test worker] DEBUG org.hibernate.persister.entity.AbstractEntityPersister -  Version select: select id from proiecte where id =?
21:22:59.266 [Test worker] DEBUG org.hibernate.persister.entity.AbstractEntityPersister -  Snapshot select: select proiect_.id, proiect_.data_inceput as data_inc2_6_, proiect_.deadline as deadline3_6_ from proiecte proiect_ where proiect_.id=?
21:22:59.266 [Test worker] DEBUG org.hibernate.persister.entity.AbstractEntityPersister -  Insert 0: insert into proiecte (data_inceput, deadline, id) values (?, ?, ?)
21:22:59.266 [Test worker] DEBUG org.hibernate.persister.entity.AbstractEntityPersister -  Update 0: update proiecte set data_inceput=?, deadline=? where id=?
21:22:59.266 [Test worker] DEBUG org.hibernate.persister.entity.AbstractEntityPersister -  Delete 0: delete from proiecte where id=?
21:22:59.266 [Test worker] DEBUG org.hibernate.persister.entity.AbstractEntityPersister -  Identity insert: insert into proiecte (data_inceput, deadline) values (?, ?)
21:22:59.266 [Test worker] DEBUG org.hibernate.loader.plan.build.internal.spaces.QuerySpacesImpl - Adding QuerySpace : uid = <gen:0> -> org.hibernate.loader.plan.build.internal.spaces.EntityQuerySpaceImpl@7a768409]
21:22:59.266 [Test worker] DEBUG org.hibernate.persister.walking.spi.MetamodelGraphWalker - Visiting attribute path : dataInceput
21:22:59.266 [Test worker] DEBUG org.hibernate.persister.walking.spi.MetamodelGraphWalker - Visiting attribute path : deadline
21:22:59.266 [Test worker] DEBUG org.hibernate.loader.plan.build.internal.FetchStyleLoadPlanBuildingAssociationVisitationStrategy - Building LoadPlan...
21:22:59.266 [Test worker] DEBUG org.hibernate.loader.plan.exec.internal.LoadQueryJoinAndFetchProcessor - processing queryspace <gen:0>
21:22:59.266 [Test worker] DEBUG org.hibernate.loader.plan.build.spi.LoadPlanTreePrinter - LoadPlan(entity=domain.Proiect)
    - Returns
       - EntityReturnImpl(entity=domain.Proiect, querySpaceUid=<gen:0>, path=domain.Proiect)
    - QuerySpaces
       - EntityQuerySpaceImpl(uid=<gen:0>, entity=domain.Proiect)
          - SQL table alias mapping - proiect0_
          - alias suffix - 0_
          - suffixed key columns - {id1_6_0_}

21:22:59.266 [Test worker] DEBUG org.hibernate.loader.entity.plan.EntityLoader - Static select for entity domain.Proiect [NONE]: select proiect0_.id as id1_6_0_, proiect0_.data_inceput as data_inc2_6_0_, proiect0_.deadline as deadline3_6_0_ from proiecte proiect0_ where proiect0_.id=?
21:22:59.266 [Test worker] DEBUG org.hibernate.persister.entity.AbstractEntityPersister - Static SQL for entity: domain.Concediu
21:22:59.266 [Test worker] DEBUG org.hibernate.persister.entity.AbstractEntityPersister -  Version select: select id from concedii where id =?
21:22:59.266 [Test worker] DEBUG org.hibernate.persister.entity.AbstractEntityPersister -  Snapshot select: select concediu_.id, concediu_.id_angajat as id_angaj4_3_, concediu_.data_inceput as data_inc2_3_, concediu_.data_sfarsit as data_sfa3_3_ from concedii concediu_ where concediu_.id=?
21:22:59.266 [Test worker] DEBUG org.hibernate.persister.entity.AbstractEntityPersister -  Insert 0: insert into concedii (id_angajat, data_inceput, data_sfarsit, id) values (?, ?, ?, ?)
21:22:59.266 [Test worker] DEBUG org.hibernate.persister.entity.AbstractEntityPersister -  Update 0: update concedii set id_angajat=?, data_inceput=?, data_sfarsit=? where id=?
21:22:59.266 [Test worker] DEBUG org.hibernate.persister.entity.AbstractEntityPersister -  Delete 0: delete from concedii where id=?
21:22:59.266 [Test worker] DEBUG org.hibernate.persister.entity.AbstractEntityPersister -  Identity insert: insert into concedii (id_angajat, data_inceput, data_sfarsit) values (?, ?, ?)
21:22:59.266 [Test worker] DEBUG org.hibernate.loader.plan.build.internal.spaces.QuerySpacesImpl - Adding QuerySpace : uid = <gen:0> -> org.hibernate.loader.plan.build.internal.spaces.EntityQuerySpaceImpl@1903ddd4]
21:22:59.266 [Test worker] DEBUG org.hibernate.persister.walking.spi.MetamodelGraphWalker - Visiting attribute path : angajat
21:22:59.266 [Test worker] DEBUG org.hibernate.loader.plan.build.internal.spaces.QuerySpacesImpl - Adding QuerySpace : uid = <gen:1> -> org.hibernate.loader.plan.build.internal.spaces.EntityQuerySpaceImpl@7c28ea9]
21:22:59.266 [Test worker] DEBUG org.hibernate.persister.walking.spi.MetamodelGraphWalker - Visiting attribute path : dataInceput
21:22:59.266 [Test worker] DEBUG org.hibernate.persister.walking.spi.MetamodelGraphWalker - Visiting attribute path : dataSfarsit
21:22:59.266 [Test worker] DEBUG org.hibernate.loader.plan.build.internal.FetchStyleLoadPlanBuildingAssociationVisitationStrategy - Building LoadPlan...
21:22:59.266 [Test worker] DEBUG org.hibernate.loader.plan.exec.internal.LoadQueryJoinAndFetchProcessor - processing queryspace <gen:0>
21:22:59.266 [Test worker] DEBUG org.hibernate.loader.plan.build.spi.LoadPlanTreePrinter - LoadPlan(entity=domain.Concediu)
    - Returns
       - EntityReturnImpl(entity=domain.Concediu, querySpaceUid=<gen:0>, path=domain.Concediu)
          - EntityAttributeFetchImpl(entity=domain.Angajat, querySpaceUid=<gen:1>, path=domain.Concediu.angajat)
    - QuerySpaces
       - EntityQuerySpaceImpl(uid=<gen:0>, entity=domain.Concediu)
          - SQL table alias mapping - concediu0_
          - alias suffix - 0_
          - suffixed key columns - {id1_3_0_}

21:22:59.266 [Test worker] DEBUG org.hibernate.loader.entity.plan.EntityLoader - Static select for entity domain.Concediu [NONE]: select concediu0_.id as id1_3_0_, concediu0_.id_angajat as id_angaj4_3_0_, concediu0_.data_inceput as data_inc2_3_0_, concediu0_.data_sfarsit as data_sfa3_3_0_ from concedii concediu0_ where concediu0_.id=?
21:22:59.266 [Test worker] DEBUG org.hibernate.loader.plan.build.internal.spaces.QuerySpacesImpl - Adding QuerySpace : uid = <gen:0> -> org.hibernate.loader.plan.build.internal.spaces.CollectionQuerySpaceImpl@388b8862]
21:22:59.266 [Test worker] DEBUG org.hibernate.loader.plan.build.internal.spaces.QuerySpacesImpl - Adding QuerySpace : uid = <gen:1> -> org.hibernate.loader.plan.build.internal.spaces.EntityQuerySpaceImpl@3f610fda]
21:22:59.266 [Test worker] DEBUG org.hibernate.persister.walking.spi.MetamodelGraphWalker - Visiting attribute path : dataInceput
21:22:59.266 [Test worker] DEBUG org.hibernate.persister.walking.spi.MetamodelGraphWalker - Visiting attribute path : deadline
21:22:59.266 [Test worker] DEBUG org.hibernate.loader.plan.build.internal.FetchStyleLoadPlanBuildingAssociationVisitationStrategy - Building LoadPlan...
21:22:59.266 [Test worker] DEBUG org.hibernate.loader.plan.exec.internal.LoadQueryJoinAndFetchProcessor - processing queryspace <gen:0>
21:22:59.266 [Test worker] DEBUG org.hibernate.loader.plan.build.spi.LoadPlanTreePrinter - LoadPlan(collection=domain.Angajat.proiecte)
    - Returns
       - CollectionReturnImpl(collection=domain.Angajat.proiecte, querySpaceUid=<gen:0>, path=[domain.Angajat.proiecte])
          - (collection element) CollectionFetchableElementEntityGraph(entity=domain.Proiect, querySpaceUid=<gen:1>, path=[domain.Angajat.proiecte].<elements>)
    - QuerySpaces
       - CollectionQuerySpaceImpl(uid=<gen:0>, collection=domain.Angajat.proiecte)
          - SQL table alias mapping - proiecte0_
          - alias suffix - 0_
          - suffixed key columns - {id_angaj1_2_0_}
          - entity-element alias suffix - 1_
          - 1_entity-element suffixed key columns - id1_6_1_
          - JOIN (JoinDefinedByMetadata(elements)) : <gen:0> -> <gen:1>
             - EntityQuerySpaceImpl(uid=<gen:1>, entity=domain.Proiect)
                - SQL table alias mapping - proiect1_
                - alias suffix - 1_
                - suffixed key columns - {id1_6_1_}

21:22:59.266 [Test worker] DEBUG org.hibernate.loader.collection.plan.CollectionLoader - Static select for collection domain.Angajat.proiecte: select proiecte0_.id_angajat as id_angaj1_2_0_, proiecte0_.id_proiect as id_proie2_2_0_, proiect1_.id as id1_6_1_, proiect1_.data_inceput as data_inc2_6_1_, proiect1_.deadline as deadline3_6_1_ from angajati_proiecte proiecte0_ inner join proiecte proiect1_ on proiecte0_.id_proiect=proiect1_.id where proiecte0_.id_angajat=?
21:22:59.266 [Test worker] DEBUG org.hibernate.loader.plan.build.internal.spaces.QuerySpacesImpl - Adding QuerySpace : uid = <gen:0> -> org.hibernate.loader.plan.build.internal.spaces.CollectionQuerySpaceImpl@51c02e25]
21:22:59.266 [Test worker] DEBUG org.hibernate.loader.plan.build.internal.spaces.QuerySpacesImpl - Adding QuerySpace : uid = <gen:1> -> org.hibernate.loader.plan.build.internal.spaces.EntityQuerySpaceImpl@6668f418]
21:22:59.266 [Test worker] DEBUG org.hibernate.persister.walking.spi.MetamodelGraphWalker - Visiting attribute path : angajat
21:22:59.266 [Test worker] DEBUG org.hibernate.persister.walking.spi.MetamodelGraphWalker - Property path deemed to be circular : angajat
21:22:59.266 [Test worker] DEBUG org.hibernate.persister.walking.spi.MetamodelGraphWalker - Visiting attribute path : dataInceput
21:22:59.266 [Test worker] DEBUG org.hibernate.persister.walking.spi.MetamodelGraphWalker - Visiting attribute path : dataSfarsit
21:22:59.266 [Test worker] DEBUG org.hibernate.loader.plan.build.internal.FetchStyleLoadPlanBuildingAssociationVisitationStrategy - Building LoadPlan...
21:22:59.266 [Test worker] DEBUG org.hibernate.loader.plan.exec.internal.LoadQueryJoinAndFetchProcessor - processing queryspace <gen:0>
21:22:59.266 [Test worker] DEBUG org.hibernate.loader.plan.build.spi.LoadPlanTreePrinter - LoadPlan(collection=domain.Angajat.concedii)
    - Returns
       - CollectionReturnImpl(collection=domain.Angajat.concedii, querySpaceUid=<gen:0>, path=[domain.Angajat.concedii])
          - (collection element) CollectionFetchableElementEntityGraph(entity=domain.Concediu, querySpaceUid=<gen:1>, path=[domain.Angajat.concedii].<elements>)
    - QuerySpaces
       - CollectionQuerySpaceImpl(uid=<gen:0>, collection=domain.Angajat.concedii)
          - SQL table alias mapping - concedii0_
          - alias suffix - 0_
          - suffixed key columns - {id_angaj4_3_0_}
          - entity-element alias suffix - 1_
          - 1_entity-element suffixed key columns - id1_3_1_
          - JOIN (JoinDefinedByMetadata(elements)) : <gen:0> -> <gen:1>
             - EntityQuerySpaceImpl(uid=<gen:1>, entity=domain.Concediu)
                - SQL table alias mapping - concedii0_
                - alias suffix - 1_
                - suffixed key columns - {id1_3_1_}

21:22:59.266 [Test worker] DEBUG org.hibernate.loader.collection.plan.CollectionLoader - Static select for collection domain.Angajat.concedii: select concedii0_.id_angajat as id_angaj4_3_0_, concedii0_.id as id1_3_0_, concedii0_.id as id1_3_1_, concedii0_.id_angajat as id_angaj4_3_1_, concedii0_.data_inceput as data_inc2_3_1_, concedii0_.data_sfarsit as data_sfa3_3_1_ from concedii concedii0_ where concedii0_.id_angajat=?
21:22:59.266 [Test worker] DEBUG org.hibernate.loader.plan.build.internal.spaces.QuerySpacesImpl - Adding QuerySpace : uid = <gen:0> -> org.hibernate.loader.plan.build.internal.spaces.CollectionQuerySpaceImpl@6b0995a]
21:22:59.266 [Test worker] DEBUG org.hibernate.loader.plan.build.internal.spaces.QuerySpacesImpl - Adding QuerySpace : uid = <gen:1> -> org.hibernate.loader.plan.build.internal.spaces.EntityQuerySpaceImpl@275965a0]
21:22:59.266 [Test worker] DEBUG org.hibernate.persister.walking.spi.MetamodelGraphWalker - Visiting attribute path : idDirector
21:22:59.266 [Test worker] DEBUG org.hibernate.loader.plan.build.internal.FetchStyleLoadPlanBuildingAssociationVisitationStrategy - Building LoadPlan...
21:22:59.266 [Test worker] DEBUG org.hibernate.loader.plan.exec.internal.LoadQueryJoinAndFetchProcessor - processing queryspace <gen:0>
21:22:59.266 [Test worker] DEBUG org.hibernate.loader.plan.build.spi.LoadPlanTreePrinter - LoadPlan(collection=domain.Angajat.departamente)
    - Returns
       - CollectionReturnImpl(collection=domain.Angajat.departamente, querySpaceUid=<gen:0>, path=[domain.Angajat.departamente])
          - (collection element) CollectionFetchableElementEntityGraph(entity=domain.Departament, querySpaceUid=<gen:1>, path=[domain.Angajat.departamente].<elements>)
    - QuerySpaces
       - CollectionQuerySpaceImpl(uid=<gen:0>, collection=domain.Angajat.departamente)
          - SQL table alias mapping - departamen0_
          - alias suffix - 0_
          - suffixed key columns - {id_angaj1_1_0_}
          - entity-element alias suffix - 1_
          - 1_entity-element suffixed key columns - id1_4_1_
          - JOIN (JoinDefinedByMetadata(elements)) : <gen:0> -> <gen:1>
             - EntityQuerySpaceImpl(uid=<gen:1>, entity=domain.Departament)
                - SQL table alias mapping - departamen1_
                - alias suffix - 1_
                - suffixed key columns - {id1_4_1_}

21:22:59.266 [Test worker] DEBUG org.hibernate.loader.collection.plan.CollectionLoader - Static select for collection domain.Angajat.departamente: select departamen0_.id_angajat as id_angaj1_1_0_, departamen0_.id_departament as id_depar2_1_0_, departamen1_.id as id1_4_1_, departamen1_.id_director as id_direc2_4_1_ from angajati_departamente departamen0_ inner join departamente departamen1_ on departamen0_.id_departament=departamen1_.id where departamen0_.id_angajat=?
21:22:59.266 [Test worker] INFO org.hibernate.orm.connections.access - HHH10001501: Connection obtained from JdbcConnectionAccess [org.hibernate.engine.jdbc.env.internal.JdbcEnvironmentInitiator$ConnectionProviderJdbcConnectionAccess@7c69df07] for (non-JTA) DDL execution was not in auto-commit mode; the Connection 'local transaction' will be committed and the Connection will be set into auto-commit mode.
21:22:59.266 [Test worker] DEBUG org.hibernate.mapping.Table - No alter strings for table : angajati
21:22:59.266 [Test worker] DEBUG org.hibernate.mapping.Table - No alter strings for table : angajati_departamente
21:22:59.266 [Test worker] DEBUG org.hibernate.mapping.Table - No alter strings for table : angajati_proiecte
21:22:59.266 [Test worker] DEBUG org.hibernate.mapping.Table - No alter strings for table : concedii
21:22:59.266 [Test worker] DEBUG org.hibernate.mapping.Table - No alter strings for table : departamente
21:22:59.266 [Test worker] DEBUG org.hibernate.mapping.Table - No alter strings for table : functii
21:22:59.266 [Test worker] DEBUG org.hibernate.mapping.Table - No alter strings for table : proiecte
21:22:59.266 [Test worker] DEBUG org.hibernate.query.spi.NamedQueryRepository - Checking 0 named HQL queries
21:22:59.266 [Test worker] DEBUG org.hibernate.query.spi.NamedQueryRepository - Checking 0 named SQL queries
21:22:59.266 [Test worker] DEBUG org.hibernate.internal.SessionFactoryRegistry - Registering SessionFactory: 9a47f43f-f499-46c8-b968-b7386edf170a (<unnamed>)
21:22:59.266 [Test worker] DEBUG org.hibernate.internal.SessionFactoryRegistry - Not binding SessionFactory to JNDI, no JNDI name configured
21:22:59.266 [Test worker] DEBUG org.hibernate.integrator.internal.IntegratorServiceImpl - Adding Integrator [org.hibernate.cfg.beanvalidation.BeanValidationIntegrator].
21:22:59.266 [Test worker] DEBUG org.hibernate.integrator.internal.IntegratorServiceImpl - Adding Integrator [org.hibernate.secure.spi.JaccIntegrator].
21:22:59.266 [Test worker] DEBUG org.hibernate.integrator.internal.IntegratorServiceImpl - Adding Integrator [org.hibernate.cache.internal.CollectionCacheInvalidator].
21:22:59.266 [Test worker] DEBUG org.hibernate.boot.jaxb.internal.stax.LocalXmlResourceResolver - Interpreting public/system identifier : [-//Hibernate/Hibernate Configuration DTD 3.0//EN] - [http://hibernate.org/dtd/hibernate-configuration-3.0.dtd]
21:22:59.313 [Test worker] DEBUG org.hibernate.boot.cfgxml.internal.JaxbCfgProcessor - cfg.xml document did not define namespaces; wrapping in custom event reader to introduce namespace information
21:22:59.325 [Test worker] DEBUG org.hibernate.service.spi.ServiceBinding - Overriding existing service binding [org.hibernate.secure.spi.JaccService]
21:22:59.325 [Test worker] DEBUG org.hibernate.cache.internal.RegionFactoryInitiator - Cannot default RegionFactory based on registered strategies as `[]` RegionFactory strategies were registered
21:22:59.325 [Test worker] DEBUG org.hibernate.cache.internal.RegionFactoryInitiator - Cache region factory : org.hibernate.cache.internal.NoCachingRegionFactory
21:22:59.325 [Test worker] DEBUG org.hibernate.type.BasicTypeRegistry - Adding type registration boolean -> org.hibernate.type.BooleanType@121b529f
21:22:59.325 [Test worker] DEBUG org.hibernate.type.BasicTypeRegistry - Adding type registration boolean -> org.hibernate.type.BooleanType@121b529f
21:22:59.325 [Test worker] DEBUG org.hibernate.type.BasicTypeRegistry - Adding type registration java.lang.Boolean -> org.hibernate.type.BooleanType@121b529f
21:22:59.325 [Test worker] DEBUG org.hibernate.type.BasicTypeRegistry - Adding type registration numeric_boolean -> org.hibernate.type.NumericBooleanType@7dc81433
21:22:59.325 [Test worker] DEBUG org.hibernate.type.BasicTypeRegistry - Adding type registration true_false -> org.hibernate.type.TrueFalseType@60c371da
21:22:59.325 [Test worker] DEBUG org.hibernate.type.BasicTypeRegistry - Adding type registration yes_no -> org.hibernate.type.YesNoType@51ef89fc
21:22:59.325 [Test worker] DEBUG org.hibernate.type.BasicTypeRegistry - Adding type registration byte -> org.hibernate.type.ByteType@1502feca
21:22:59.325 [Test worker] DEBUG org.hibernate.type.BasicTypeRegistry - Adding type registration byte -> org.hibernate.type.ByteType@1502feca
21:22:59.325 [Test worker] DEBUG org.hibernate.type.BasicTypeRegistry - Adding type registration java.lang.Byte -> org.hibernate.type.ByteType@1502feca
21:22:59.325 [Test worker] DEBUG org.hibernate.type.BasicTypeRegistry - Adding type registration character -> org.hibernate.type.CharacterType@5aca38b4
21:22:59.325 [Test worker] DEBUG org.hibernate.type.BasicTypeRegistry - Adding type registration char -> org.hibernate.type.CharacterType@5aca38b4
21:22:59.325 [Test worker] DEBUG org.hibernate.type.BasicTypeRegistry - Adding type registration java.lang.Character -> org.hibernate.type.CharacterType@5aca38b4
21:22:59.325 [Test worker] DEBUG org.hibernate.type.BasicTypeRegistry - Adding type registration short -> org.hibernate.type.ShortType@212db0b9
21:22:59.325 [Test worker] DEBUG org.hibernate.type.BasicTypeRegistry - Adding type registration short -> org.hibernate.type.ShortType@212db0b9
21:22:59.325 [Test worker] DEBUG org.hibernate.type.BasicTypeRegistry - Adding type registration java.lang.Short -> org.hibernate.type.ShortType@212db0b9
21:22:59.325 [Test worker] DEBUG org.hibernate.type.BasicTypeRegistry - Adding type registration integer -> org.hibernate.type.IntegerType@14f541d2
21:22:59.325 [Test worker] DEBUG org.hibernate.type.BasicTypeRegistry - Adding type registration int -> org.hibernate.type.IntegerType@14f541d2
21:22:59.325 [Test worker] DEBUG org.hibernate.type.BasicTypeRegistry - Adding type registration java.lang.Integer -> org.hibernate.type.IntegerType@14f541d2
21:22:59.325 [Test worker] DEBUG org.hibernate.type.BasicTypeRegistry - Adding type registration long -> org.hibernate.type.LongType@357c5fef
21:22:59.325 [Test worker] DEBUG org.hibernate.type.BasicTypeRegistry - Adding type registration long -> org.hibernate.type.LongType@357c5fef
21:22:59.325 [Test worker] DEBUG org.hibernate.type.BasicTypeRegistry - Adding type registration java.lang.Long -> org.hibernate.type.LongType@357c5fef
21:22:59.325 [Test worker] DEBUG org.hibernate.type.BasicTypeRegistry - Adding type registration float -> org.hibernate.type.FloatType@68835e55
21:22:59.325 [Test worker] DEBUG org.hibernate.type.BasicTypeRegistry - Adding type registration float -> org.hibernate.type.FloatType@68835e55
21:22:59.325 [Test worker] DEBUG org.hibernate.type.BasicTypeRegistry - Adding type registration java.lang.Float -> org.hibernate.type.FloatType@68835e55
21:22:59.325 [Test worker] DEBUG org.hibernate.type.BasicTypeRegistry - Adding type registration double -> org.hibernate.type.DoubleType@1db8c4bf
21:22:59.325 [Test worker] DEBUG org.hibernate.type.BasicTypeRegistry - Adding type registration double -> org.hibernate.type.DoubleType@1db8c4bf
21:22:59.325 [Test worker] DEBUG org.hibernate.type.BasicTypeRegistry - Adding type registration java.lang.Double -> org.hibernate.type.DoubleType@1db8c4bf
21:22:59.325 [Test worker] DEBUG org.hibernate.type.BasicTypeRegistry - Adding type registration big_decimal -> org.hibernate.type.BigDecimalType@2bd9f5a7
21:22:59.325 [Test worker] DEBUG org.hibernate.type.BasicTypeRegistry - Adding type registration java.math.BigDecimal -> org.hibernate.type.BigDecimalType@2bd9f5a7
21:22:59.325 [Test worker] DEBUG org.hibernate.type.BasicTypeRegistry - Adding type registration big_integer -> org.hibernate.type.BigIntegerType@67766712
21:22:59.325 [Test worker] DEBUG org.hibernate.type.BasicTypeRegistry - Adding type registration java.math.BigInteger -> org.hibernate.type.BigIntegerType@67766712
21:22:59.325 [Test worker] DEBUG org.hibernate.type.BasicTypeRegistry - Adding type registration string -> org.hibernate.type.StringType@5abe721f
21:22:59.325 [Test worker] DEBUG org.hibernate.type.BasicTypeRegistry - Adding type registration java.lang.String -> org.hibernate.type.StringType@5abe721f
21:22:59.325 [Test worker] DEBUG org.hibernate.type.BasicTypeRegistry - Adding type registration nstring -> org.hibernate.type.StringNVarcharType@5ca83c4b
21:22:59.325 [Test worker] DEBUG org.hibernate.type.BasicTypeRegistry - Adding type registration ncharacter -> org.hibernate.type.CharacterNCharType@181579aa
21:22:59.325 [Test worker] DEBUG org.hibernate.type.BasicTypeRegistry - Adding type registration url -> org.hibernate.type.UrlType@2d95e7ff
21:22:59.325 [Test worker] DEBUG org.hibernate.type.BasicTypeRegistry - Adding type registration java.net.URL -> org.hibernate.type.UrlType@2d95e7ff
21:22:59.325 [Test worker] DEBUG org.hibernate.type.BasicTypeRegistry - Adding type registration Duration -> org.hibernate.type.DurationType@1f6d6ec5
21:22:59.325 [Test worker] DEBUG org.hibernate.type.BasicTypeRegistry - Adding type registration java.time.Duration -> org.hibernate.type.DurationType@1f6d6ec5
21:22:59.325 [Test worker] DEBUG org.hibernate.type.BasicTypeRegistry - Adding type registration Instant -> org.hibernate.type.InstantType@799b3880
21:22:59.325 [Test worker] DEBUG org.hibernate.type.BasicTypeRegistry - Adding type registration java.time.Instant -> org.hibernate.type.InstantType@799b3880
21:22:59.325 [Test worker] DEBUG org.hibernate.type.BasicTypeRegistry - Adding type registration LocalDateTime -> org.hibernate.type.LocalDateTimeType@3c9b7dcd
21:22:59.325 [Test worker] DEBUG org.hibernate.type.BasicTypeRegistry - Adding type registration java.time.LocalDateTime -> org.hibernate.type.LocalDateTimeType@3c9b7dcd
21:22:59.325 [Test worker] DEBUG org.hibernate.type.BasicTypeRegistry - Adding type registration LocalDate -> org.hibernate.type.LocalDateType@73b9d317
21:22:59.325 [Test worker] DEBUG org.hibernate.type.BasicTypeRegistry - Adding type registration java.time.LocalDate -> org.hibernate.type.LocalDateType@73b9d317
21:22:59.325 [Test worker] DEBUG org.hibernate.type.BasicTypeRegistry - Adding type registration LocalTime -> org.hibernate.type.LocalTimeType@3e938176
21:22:59.325 [Test worker] DEBUG org.hibernate.type.BasicTypeRegistry - Adding type registration java.time.LocalTime -> org.hibernate.type.LocalTimeType@3e938176
21:22:59.325 [Test worker] DEBUG org.hibernate.type.BasicTypeRegistry - Adding type registration OffsetDateTime -> org.hibernate.type.OffsetDateTimeType@1006f6a5
21:22:59.325 [Test worker] DEBUG org.hibernate.type.BasicTypeRegistry - Adding type registration java.time.OffsetDateTime -> org.hibernate.type.OffsetDateTimeType@1006f6a5
21:22:59.325 [Test worker] DEBUG org.hibernate.type.BasicTypeRegistry - Adding type registration OffsetTime -> org.hibernate.type.OffsetTimeType@5ebf30b8
21:22:59.325 [Test worker] DEBUG org.hibernate.type.BasicTypeRegistry - Adding type registration java.time.OffsetTime -> org.hibernate.type.OffsetTimeType@5ebf30b8
21:22:59.325 [Test worker] DEBUG org.hibernate.type.BasicTypeRegistry - Adding type registration ZonedDateTime -> org.hibernate.type.ZonedDateTimeType@5ecdce3a
21:22:59.325 [Test worker] DEBUG org.hibernate.type.BasicTypeRegistry - Adding type registration java.time.ZonedDateTime -> org.hibernate.type.ZonedDateTimeType@5ecdce3a
21:22:59.325 [Test worker] DEBUG org.hibernate.type.BasicTypeRegistry - Adding type registration date -> org.hibernate.type.DateType@34878a9c
21:22:59.325 [Test worker] DEBUG org.hibernate.type.BasicTypeRegistry - Adding type registration java.sql.Date -> org.hibernate.type.DateType@34878a9c
21:22:59.325 [Test worker] DEBUG org.hibernate.type.BasicTypeRegistry - Adding type registration time -> org.hibernate.type.TimeType@4be75fc9
21:22:59.325 [Test worker] DEBUG org.hibernate.type.BasicTypeRegistry - Adding type registration java.sql.Time -> org.hibernate.type.TimeType@4be75fc9
21:22:59.325 [Test worker] DEBUG org.hibernate.type.BasicTypeRegistry - Adding type registration timestamp -> org.hibernate.type.TimestampType@cd6dcfb
21:22:59.325 [Test worker] DEBUG org.hibernate.type.BasicTypeRegistry - Adding type registration java.sql.Timestamp -> org.hibernate.type.TimestampType@cd6dcfb
21:22:59.325 [Test worker] DEBUG org.hibernate.type.BasicTypeRegistry - Adding type registration java.util.Date -> org.hibernate.type.TimestampType@cd6dcfb
21:22:59.325 [Test worker] DEBUG org.hibernate.type.BasicTypeRegistry - Adding type registration dbtimestamp -> org.hibernate.type.DbTimestampType@6f70db50
21:22:59.325 [Test worker] DEBUG org.hibernate.type.BasicTypeRegistry - Adding type registration calendar -> org.hibernate.type.CalendarType@232580e4
21:22:59.325 [Test worker] DEBUG org.hibernate.type.BasicTypeRegistry - Adding type registration java.util.Calendar -> org.hibernate.type.CalendarType@232580e4
21:22:59.325 [Test worker] DEBUG org.hibernate.type.BasicTypeRegistry - Adding type registration java.util.GregorianCalendar -> org.hibernate.type.CalendarType@232580e4
21:22:59.325 [Test worker] DEBUG org.hibernate.type.BasicTypeRegistry - Adding type registration calendar_date -> org.hibernate.type.CalendarDateType@2d226c99
21:22:59.325 [Test worker] DEBUG org.hibernate.type.BasicTypeRegistry - Adding type registration calendar_time -> org.hibernate.type.CalendarTimeType@5f0ca092
21:22:59.325 [Test worker] DEBUG org.hibernate.type.BasicTypeRegistry - Adding type registration locale -> org.hibernate.type.LocaleType@2e7d6fc7
21:22:59.325 [Test worker] DEBUG org.hibernate.type.BasicTypeRegistry - Adding type registration java.util.Locale -> org.hibernate.type.LocaleType@2e7d6fc7
21:22:59.325 [Test worker] DEBUG org.hibernate.type.BasicTypeRegistry - Adding type registration currency -> org.hibernate.type.CurrencyType@298b5abb
21:22:59.325 [Test worker] DEBUG org.hibernate.type.BasicTypeRegistry - Adding type registration java.util.Currency -> org.hibernate.type.CurrencyType@298b5abb
21:22:59.325 [Test worker] DEBUG org.hibernate.type.BasicTypeRegistry - Adding type registration timezone -> org.hibernate.type.TimeZoneType@6a7223ce
21:22:59.325 [Test worker] DEBUG org.hibernate.type.BasicTypeRegistry - Adding type registration java.util.TimeZone -> org.hibernate.type.TimeZoneType@6a7223ce
21:22:59.325 [Test worker] DEBUG org.hibernate.type.BasicTypeRegistry - Adding type registration class -> org.hibernate.type.ClassType@17c86e61
21:22:59.325 [Test worker] DEBUG org.hibernate.type.BasicTypeRegistry - Adding type registration java.lang.Class -> org.hibernate.type.ClassType@17c86e61
21:22:59.325 [Test worker] DEBUG org.hibernate.type.BasicTypeRegistry - Adding type registration uuid-binary -> org.hibernate.type.UUIDBinaryType@165a29f7
21:22:59.325 [Test worker] DEBUG org.hibernate.type.BasicTypeRegistry - Adding type registration java.util.UUID -> org.hibernate.type.UUIDBinaryType@165a29f7
21:22:59.325 [Test worker] DEBUG org.hibernate.type.BasicTypeRegistry - Adding type registration uuid-char -> org.hibernate.type.UUIDCharType@57061eb5
21:22:59.325 [Test worker] DEBUG org.hibernate.type.BasicTypeRegistry - Adding type registration binary -> org.hibernate.type.BinaryType@377a3a57
21:22:59.325 [Test worker] DEBUG org.hibernate.type.BasicTypeRegistry - Adding type registration byte[] -> org.hibernate.type.BinaryType@377a3a57
21:22:59.325 [Test worker] DEBUG org.hibernate.type.BasicTypeRegistry - Adding type registration [B -> org.hibernate.type.BinaryType@377a3a57
21:22:59.325 [Test worker] DEBUG org.hibernate.type.BasicTypeRegistry - Adding type registration wrapper-binary -> org.hibernate.type.WrapperBinaryType@15236686
21:22:59.325 [Test worker] DEBUG org.hibernate.type.BasicTypeRegistry - Adding type registration Byte[] -> org.hibernate.type.WrapperBinaryType@15236686
21:22:59.325 [Test worker] DEBUG org.hibernate.type.BasicTypeRegistry - Adding type registration [Ljava.lang.Byte; -> org.hibernate.type.WrapperBinaryType@15236686
21:22:59.325 [Test worker] DEBUG org.hibernate.type.BasicTypeRegistry - Adding type registration row_version -> org.hibernate.type.RowVersionType@480544d3
21:22:59.325 [Test worker] DEBUG org.hibernate.type.BasicTypeRegistry - Adding type registration image -> org.hibernate.type.ImageType@a74733d
21:22:59.325 [Test worker] DEBUG org.hibernate.type.BasicTypeRegistry - Adding type registration characters -> org.hibernate.type.CharArrayType@10b707f8
21:22:59.325 [Test worker] DEBUG org.hibernate.type.BasicTypeRegistry - Adding type registration char[] -> org.hibernate.type.CharArrayType@10b707f8
21:22:59.325 [Test worker] DEBUG org.hibernate.type.BasicTypeRegistry - Adding type registration [C -> org.hibernate.type.CharArrayType@10b707f8
21:22:59.325 [Test worker] DEBUG org.hibernate.type.BasicTypeRegistry - Adding type registration wrapper-characters -> org.hibernate.type.CharacterArrayType@7586a107
21:22:59.325 [Test worker] DEBUG org.hibernate.type.BasicTypeRegistry - Adding type registration [Ljava.lang.Character; -> org.hibernate.type.CharacterArrayType@7586a107
21:22:59.325 [Test worker] DEBUG org.hibernate.type.BasicTypeRegistry - Adding type registration Character[] -> org.hibernate.type.CharacterArrayType@7586a107
21:22:59.325 [Test worker] DEBUG org.hibernate.type.BasicTypeRegistry - Adding type registration text -> org.hibernate.type.TextType@28e7117
21:22:59.325 [Test worker] DEBUG org.hibernate.type.BasicTypeRegistry - Adding type registration ntext -> org.hibernate.type.NTextType@4fe7c4b8
21:22:59.325 [Test worker] DEBUG org.hibernate.type.BasicTypeRegistry - Adding type registration blob -> org.hibernate.type.BlobType@69ff7971
21:22:59.325 [Test worker] DEBUG org.hibernate.type.BasicTypeRegistry - Adding type registration java.sql.Blob -> org.hibernate.type.BlobType@69ff7971
21:22:59.325 [Test worker] DEBUG org.hibernate.type.BasicTypeRegistry - Adding type registration materialized_blob -> org.hibernate.type.MaterializedBlobType@29a6bbfa
21:22:59.325 [Test worker] DEBUG org.hibernate.type.BasicTypeRegistry - Adding type registration clob -> org.hibernate.type.ClobType@6243fc09
21:22:59.325 [Test worker] DEBUG org.hibernate.type.BasicTypeRegistry - Adding type registration java.sql.Clob -> org.hibernate.type.ClobType@6243fc09
21:22:59.325 [Test worker] DEBUG org.hibernate.type.BasicTypeRegistry - Adding type registration nclob -> org.hibernate.type.NClobType@7a0e9fb4
21:22:59.325 [Test worker] DEBUG org.hibernate.type.BasicTypeRegistry - Adding type registration java.sql.NClob -> org.hibernate.type.NClobType@7a0e9fb4
21:22:59.325 [Test worker] DEBUG org.hibernate.type.BasicTypeRegistry - Adding type registration materialized_clob -> org.hibernate.type.MaterializedClobType@5568af29
21:22:59.325 [Test worker] DEBUG org.hibernate.type.BasicTypeRegistry - Adding type registration materialized_nclob -> org.hibernate.type.MaterializedNClobType@43589365
21:22:59.325 [Test worker] DEBUG org.hibernate.type.BasicTypeRegistry - Adding type registration serializable -> org.hibernate.type.SerializableType@49b714f8
21:22:59.325 [Test worker] DEBUG org.hibernate.type.BasicTypeRegistry - Adding type registration object -> org.hibernate.type.ObjectType@4b6f241f
21:22:59.325 [Test worker] DEBUG org.hibernate.type.BasicTypeRegistry - Adding type registration java.lang.Object -> org.hibernate.type.ObjectType@4b6f241f
21:22:59.325 [Test worker] DEBUG org.hibernate.type.BasicTypeRegistry - Adding type registration imm_date -> org.hibernate.type.AdaptedImmutableType@1eda33fd
21:22:59.325 [Test worker] DEBUG org.hibernate.type.BasicTypeRegistry - Adding type registration imm_time -> org.hibernate.type.AdaptedImmutableType@1b889ee8
21:22:59.325 [Test worker] DEBUG org.hibernate.type.BasicTypeRegistry - Adding type registration imm_timestamp -> org.hibernate.type.AdaptedImmutableType@17c9e85b
21:22:59.325 [Test worker] DEBUG org.hibernate.type.BasicTypeRegistry - Adding type registration imm_dbtimestamp -> org.hibernate.type.AdaptedImmutableType@4e16486c
21:22:59.325 [Test worker] DEBUG org.hibernate.type.BasicTypeRegistry - Adding type registration imm_calendar -> org.hibernate.type.AdaptedImmutableType@19ccf88
21:22:59.325 [Test worker] DEBUG org.hibernate.type.BasicTypeRegistry - Adding type registration imm_calendar_date -> org.hibernate.type.AdaptedImmutableType@5ebc6e8d
21:22:59.325 [Test worker] DEBUG org.hibernate.type.BasicTypeRegistry - Adding type registration imm_binary -> org.hibernate.type.AdaptedImmutableType@66fde31
21:22:59.325 [Test worker] DEBUG org.hibernate.type.BasicTypeRegistry - Adding type registration imm_serializable -> org.hibernate.type.AdaptedImmutableType@7a46a3b8
21:22:59.325 [Test worker] DEBUG org.hibernate.id.factory.internal.DefaultIdentifierGeneratorFactory - Registering IdentifierGenerator strategy [uuid2] -> [org.hibernate.id.UUIDGenerator]
21:22:59.325 [Test worker] DEBUG org.hibernate.id.factory.internal.DefaultIdentifierGeneratorFactory - Registering IdentifierGenerator strategy [guid] -> [org.hibernate.id.GUIDGenerator]
21:22:59.325 [Test worker] DEBUG org.hibernate.id.factory.internal.DefaultIdentifierGeneratorFactory - Registering IdentifierGenerator strategy [uuid] -> [org.hibernate.id.UUIDHexGenerator]
21:22:59.325 [Test worker] DEBUG org.hibernate.id.factory.internal.DefaultIdentifierGeneratorFactory - Registering IdentifierGenerator strategy [uuid.hex] -> [org.hibernate.id.UUIDHexGenerator]
21:22:59.325 [Test worker] DEBUG org.hibernate.id.factory.internal.DefaultIdentifierGeneratorFactory - Registering IdentifierGenerator strategy [assigned] -> [org.hibernate.id.Assigned]
21:22:59.325 [Test worker] DEBUG org.hibernate.id.factory.internal.DefaultIdentifierGeneratorFactory - Registering IdentifierGenerator strategy [identity] -> [org.hibernate.id.IdentityGenerator]
21:22:59.325 [Test worker] DEBUG org.hibernate.id.factory.internal.DefaultIdentifierGeneratorFactory - Registering IdentifierGenerator strategy [select] -> [org.hibernate.id.SelectGenerator]
21:22:59.325 [Test worker] DEBUG org.hibernate.id.factory.internal.DefaultIdentifierGeneratorFactory - Registering IdentifierGenerator strategy [sequence] -> [org.hibernate.id.enhanced.SequenceStyleGenerator]
21:22:59.325 [Test worker] DEBUG org.hibernate.id.factory.internal.DefaultIdentifierGeneratorFactory - Registering IdentifierGenerator strategy [seqhilo] -> [org.hibernate.id.SequenceHiLoGenerator]
21:22:59.325 [Test worker] DEBUG org.hibernate.id.factory.internal.DefaultIdentifierGeneratorFactory - Registering IdentifierGenerator strategy [increment] -> [org.hibernate.id.IncrementGenerator]
21:22:59.325 [Test worker] DEBUG org.hibernate.id.factory.internal.DefaultIdentifierGeneratorFactory - Registering IdentifierGenerator strategy [foreign] -> [org.hibernate.id.ForeignGenerator]
21:22:59.325 [Test worker] DEBUG org.hibernate.id.factory.internal.DefaultIdentifierGeneratorFactory - Registering IdentifierGenerator strategy [sequence-identity] -> [org.hibernate.id.SequenceIdentityGenerator]
21:22:59.325 [Test worker] DEBUG org.hibernate.id.factory.internal.DefaultIdentifierGeneratorFactory - Registering IdentifierGenerator strategy [enhanced-sequence] -> [org.hibernate.id.enhanced.SequenceStyleGenerator]
21:22:59.325 [Test worker] DEBUG org.hibernate.id.factory.internal.DefaultIdentifierGeneratorFactory - Registering IdentifierGenerator strategy [enhanced-table] -> [org.hibernate.id.enhanced.TableGenerator]
21:22:59.325 [Test worker] WARN org.hibernate.orm.connections.pooling - HHH10001002: Using Hibernate built-in connection pool (not for production use!)
21:22:59.325 [Test worker] INFO org.hibernate.orm.connections.pooling - HHH10001005: using driver [org.sqlite.JDBC] at URL [jdbc:sqlite:D:\Facultate\Projects\OrganizareCompanie\database]
21:22:59.325 [Test worker] INFO org.hibernate.orm.connections.pooling - HHH10001001: Connection properties: {password=root, user=root}
21:22:59.325 [Test worker] INFO org.hibernate.orm.connections.pooling - HHH10001003: Autocommit mode: false
21:22:59.325 [Test worker] DEBUG org.hibernate.engine.jdbc.connections.internal.DriverManagerConnectionProviderImpl - Initializing Connection pool with 1 Connections
21:22:59.325 [Test worker] INFO org.hibernate.engine.jdbc.connections.internal.DriverManagerConnectionProviderImpl - HHH000115: Hibernate connection pool size: 1 (min=1)
21:22:59.325 [Test worker] DEBUG org.hibernate.engine.jdbc.env.internal.JdbcEnvironmentInitiator - Database ->
       name : SQLite
    version : 3.34.0
      major : 3
      minor : 34
21:22:59.325 [Test worker] DEBUG org.hibernate.engine.jdbc.env.internal.JdbcEnvironmentInitiator - Driver ->
       name : SQLite JDBC
    version : 3.34.0
      major : 3
      minor : 34
21:22:59.325 [Test worker] DEBUG org.hibernate.engine.jdbc.env.internal.JdbcEnvironmentInitiator - JDBC version : 2.1
21:22:59.325 [Test worker] INFO org.hibernate.dialect.Dialect - HHH000400: Using dialect: utils.SQLiteDialect
21:22:59.325 [Test worker] DEBUG org.hibernate.engine.jdbc.env.spi.IdentifierHelperBuilder - JDBC driver metadata reported database stores quoted identifiers in neither upper, lower nor mixed case
21:22:59.325 [Test worker] DEBUG org.hibernate.engine.jdbc.env.spi.IdentifierHelperBuilder - IdentifierCaseStrategy for both quoted and unquoted identifiers was set to the same strategy [MIXED]; that will likely lead to problems in schema update and validation if using quoted identifiers
21:22:59.325 [Test worker] DEBUG org.hibernate.engine.jdbc.env.internal.LobCreatorBuilderImpl - HHH000423: Disabling contextual LOB creation as JDBC driver reported JDBC version [2] less than 4
21:22:59.325 [Test worker] DEBUG org.hibernate.boot.model.relational.Namespace - Created database namespace [logicalName=Name{catalog=null, schema=null}, physicalName=Name{catalog=null, schema=null}]
21:22:59.335 [Test worker] DEBUG org.hibernate.type.descriptor.java.JavaTypeDescriptorRegistry - JavaTypeDescriptorRegistry entry replaced : class java.time.Duration -> org.hibernate.type.descriptor.java.DurationJavaDescriptor@484b819 (was org.hibernate.type.descriptor.java.DurationJavaDescriptor@484b819)
21:22:59.335 [Test worker] DEBUG org.hibernate.type.descriptor.java.JavaTypeDescriptorRegistry - JavaTypeDescriptorRegistry entry replaced : class java.time.Instant -> org.hibernate.type.descriptor.java.InstantJavaDescriptor@7a6a60d2 (was org.hibernate.type.descriptor.java.InstantJavaDescriptor@7a6a60d2)
21:22:59.335 [Test worker] DEBUG org.hibernate.type.descriptor.java.JavaTypeDescriptorRegistry - JavaTypeDescriptorRegistry entry replaced : class java.time.LocalDate -> org.hibernate.type.descriptor.java.LocalDateJavaDescriptor@7ac3817d (was org.hibernate.type.descriptor.java.LocalDateJavaDescriptor@7ac3817d)
21:22:59.335 [Test worker] DEBUG org.hibernate.type.descriptor.java.JavaTypeDescriptorRegistry - JavaTypeDescriptorRegistry entry replaced : class java.time.LocalDateTime -> org.hibernate.type.descriptor.java.LocalDateTimeJavaDescriptor@616d0e6e (was org.hibernate.type.descriptor.java.LocalDateTimeJavaDescriptor@616d0e6e)
21:22:59.335 [Test worker] DEBUG org.hibernate.type.descriptor.java.JavaTypeDescriptorRegistry - JavaTypeDescriptorRegistry entry replaced : class java.time.OffsetDateTime -> org.hibernate.type.descriptor.java.OffsetDateTimeJavaDescriptor@4008262a (was org.hibernate.type.descriptor.java.OffsetDateTimeJavaDescriptor@4008262a)
21:22:59.335 [Test worker] DEBUG org.hibernate.type.descriptor.java.JavaTypeDescriptorRegistry - JavaTypeDescriptorRegistry entry replaced : class java.time.OffsetTime -> org.hibernate.type.descriptor.java.OffsetTimeJavaDescriptor@69cda209 (was org.hibernate.type.descriptor.java.OffsetTimeJavaDescriptor@69cda209)
21:22:59.335 [Test worker] DEBUG org.hibernate.type.descriptor.java.JavaTypeDescriptorRegistry - JavaTypeDescriptorRegistry entry replaced : class java.time.ZonedDateTime -> org.hibernate.type.descriptor.java.ZonedDateTimeJavaDescriptor@f630e24 (was org.hibernate.type.descriptor.java.ZonedDateTimeJavaDescriptor@f630e24)
21:22:59.335 [Test worker] DEBUG org.hibernate.type.BasicTypeRegistry - Adding type registration Duration -> org.hibernate.type.DurationType@1f6d6ec5
21:22:59.335 [Test worker] DEBUG org.hibernate.type.BasicTypeRegistry - Adding type registration java.time.Duration -> org.hibernate.type.DurationType@1f6d6ec5
21:22:59.335 [Test worker] DEBUG org.hibernate.type.BasicTypeRegistry - Adding type registration Instant -> org.hibernate.type.InstantType@799b3880
21:22:59.335 [Test worker] DEBUG org.hibernate.type.BasicTypeRegistry - Adding type registration java.time.Instant -> org.hibernate.type.InstantType@799b3880
21:22:59.335 [Test worker] DEBUG org.hibernate.type.BasicTypeRegistry - Adding type registration LocalDateTime -> org.hibernate.type.LocalDateTimeType@3c9b7dcd
21:22:59.335 [Test worker] DEBUG org.hibernate.type.BasicTypeRegistry - Adding type registration java.time.LocalDateTime -> org.hibernate.type.LocalDateTimeType@3c9b7dcd
21:22:59.335 [Test worker] DEBUG org.hibernate.type.BasicTypeRegistry - Adding type registration LocalDate -> org.hibernate.type.LocalDateType@73b9d317
21:22:59.335 [Test worker] DEBUG org.hibernate.type.BasicTypeRegistry - Adding type registration java.time.LocalDate -> org.hibernate.type.LocalDateType@73b9d317
21:22:59.335 [Test worker] DEBUG org.hibernate.type.BasicTypeRegistry - Adding type registration LocalTime -> org.hibernate.type.LocalTimeType@3e938176
21:22:59.335 [Test worker] DEBUG org.hibernate.type.BasicTypeRegistry - Adding type registration java.time.LocalTime -> org.hibernate.type.LocalTimeType@3e938176
21:22:59.335 [Test worker] DEBUG org.hibernate.type.BasicTypeRegistry - Adding type registration OffsetDateTime -> org.hibernate.type.OffsetDateTimeType@1006f6a5
21:22:59.335 [Test worker] DEBUG org.hibernate.type.BasicTypeRegistry - Adding type registration java.time.OffsetDateTime -> org.hibernate.type.OffsetDateTimeType@1006f6a5
21:22:59.335 [Test worker] DEBUG org.hibernate.type.BasicTypeRegistry - Adding type registration OffsetTime -> org.hibernate.type.OffsetTimeType@5ebf30b8
21:22:59.335 [Test worker] DEBUG org.hibernate.type.BasicTypeRegistry - Adding type registration java.time.OffsetTime -> org.hibernate.type.OffsetTimeType@5ebf30b8
21:22:59.335 [Test worker] DEBUG org.hibernate.type.BasicTypeRegistry - Adding type registration ZonedDateTime -> org.hibernate.type.ZonedDateTimeType@5ecdce3a
21:22:59.335 [Test worker] DEBUG org.hibernate.type.BasicTypeRegistry - Adding type registration java.time.ZonedDateTime -> org.hibernate.type.ZonedDateTimeType@5ecdce3a
21:22:59.335 [Test worker] DEBUG org.hibernate.type.spi.TypeConfiguration$Scope - Scoping TypeConfiguration [org.hibernate.type.spi.TypeConfiguration@13a569f1] to MetadataBuildingContext [org.hibernate.boot.internal.MetadataBuildingContextRootImpl@9696f37]
21:22:59.335 [Test worker] DEBUG org.hibernate.cfg.AnnotationBinder - Binding entity from annotated class: domain.Angajat
21:22:59.335 [Test worker] DEBUG org.hibernate.cfg.Ejb3Column - Binding column: Ejb3DiscriminatorColumn{logicalColumnName'DTYPE', discriminatorTypeName='string'}
21:22:59.335 [Test worker] DEBUG org.hibernate.cfg.annotations.EntityBinder - Import with entity name Angajat
21:22:59.335 [Test worker] DEBUG org.hibernate.cfg.annotations.EntityBinder - Bind entity domain.Angajat on table angajati
21:22:59.335 [Test worker] DEBUG org.hibernate.cfg.Ejb3Column - Binding column: Ejb3Column{table=org.hibernate.mapping.Table(angajati), mappingColumn=id, insertable=true, updatable=true, unique=false}
21:22:59.335 [Test worker] DEBUG org.hibernate.boot.internal.ClassLoaderAccessImpl - Not known whether passed class name [domain.Angajat] is safe
21:22:59.335 [Test worker] DEBUG org.hibernate.boot.internal.ClassLoaderAccessImpl - No temp ClassLoader provided; using live ClassLoader for loading potentially unsafe class : domain.Angajat
21:22:59.335 [Test worker] DEBUG org.hibernate.cfg.annotations.PropertyBinder - MetadataSourceProcessor property id with lazy=false
21:22:59.335 [Test worker] DEBUG org.hibernate.cfg.AbstractPropertyHolder - Attempting to locate auto-apply AttributeConverter for property [domain.Angajat:id]
21:22:59.335 [Test worker] DEBUG org.hibernate.cfg.annotations.SimpleValueBinder - building SimpleValue for id
21:22:59.335 [Test worker] DEBUG org.hibernate.cfg.annotations.PropertyBinder - Building property id
21:22:59.335 [Test worker] DEBUG org.hibernate.cfg.BinderHelper - #makeIdGenerator(org.hibernate.mapping.SimpleValue([org.hibernate.mapping.Column(id)]), id, identity, , ...)
21:22:59.335 [Test worker] DEBUG org.hibernate.cfg.Ejb3Column - Binding column: Ejb3JoinColumn{logicalColumnName='null', referencedColumn='null', mappedBy='angajat'}
21:22:59.335 [Test worker] DEBUG org.hibernate.cfg.Ejb3Column - Binding column: Ejb3Column{table=org.hibernate.mapping.Table(angajati), mappingColumn=concedii, insertable=true, updatable=true, unique=false}
21:22:59.335 [Test worker] DEBUG org.hibernate.cfg.Ejb3Column - Binding column: Ejb3Column{table=org.hibernate.mapping.Table(angajati), mappingColumn=null, insertable=true, updatable=true, unique=false}
21:22:59.335 [Test worker] DEBUG org.hibernate.cfg.Ejb3Column - Binding column: Ejb3Column{table=org.hibernate.mapping.Table(angajati), mappingColumn=element, insertable=true, updatable=true, unique=false}
21:22:59.335 [Test worker] DEBUG org.hibernate.cfg.Ejb3Column - Binding column: Ejb3Column{table=org.hibernate.mapping.Table(angajati), mappingColumn=concedii_KEY, insertable=true, updatable=true, unique=false}
21:22:59.335 [Test worker] DEBUG org.hibernate.cfg.Ejb3Column - Binding column: Ejb3JoinColumn{logicalColumnName='concedii_KEY', referencedColumn='null', mappedBy='null'}
21:22:59.335 [Test worker] DEBUG org.hibernate.cfg.Ejb3Column - Binding column: Ejb3JoinColumn{logicalColumnName='null', referencedColumn='null', mappedBy='angajat'}
21:22:59.335 [Test worker] DEBUG org.hibernate.cfg.Ejb3Column - Binding column: Ejb3JoinColumn{logicalColumnName='null', referencedColumn='null', mappedBy='angajat'}
21:22:59.335 [Test worker] DEBUG org.hibernate.cfg.annotations.CollectionBinder - Collection role: domain.Angajat.concedii
21:22:59.335 [Test worker] DEBUG org.hibernate.cfg.annotations.PropertyBinder - Building property concedii
21:22:59.335 [Test worker] DEBUG org.hibernate.cfg.Ejb3Column - Binding column: Ejb3Column{table=org.hibernate.mapping.Table(angajati), mappingColumn=data_angajare, insertable=true, updatable=true, unique=false}
21:22:59.335 [Test worker] DEBUG org.hibernate.cfg.annotations.PropertyBinder - MetadataSourceProcessor property dataAngajare with lazy=false
21:22:59.335 [Test worker] DEBUG org.hibernate.cfg.AbstractPropertyHolder - Attempting to locate auto-apply AttributeConverter for property [domain.Angajat:dataAngajare]
21:22:59.335 [Test worker] DEBUG org.hibernate.cfg.annotations.SimpleValueBinder - building SimpleValue for dataAngajare
21:22:59.335 [Test worker] DEBUG org.hibernate.cfg.annotations.PropertyBinder - Building property dataAngajare
21:22:59.335 [Test worker] DEBUG org.hibernate.cfg.Ejb3Column - Binding column: Ejb3Column{table=org.hibernate.mapping.Table(angajati), mappingColumn=null, insertable=true, updatable=true, unique=false}
21:22:59.335 [Test worker] DEBUG org.hibernate.cfg.Ejb3Column - Binding column: Ejb3Column{table=org.hibernate.mapping.Table(angajati), mappingColumn=element, insertable=true, updatable=true, unique=false}
21:22:59.335 [Test worker] DEBUG org.hibernate.cfg.Ejb3Column - Binding column: Ejb3Column{table=org.hibernate.mapping.Table(angajati), mappingColumn=departamente_KEY, insertable=true, updatable=true, unique=false}
21:22:59.335 [Test worker] DEBUG org.hibernate.cfg.Ejb3Column - Binding column: Ejb3JoinColumn{logicalColumnName='departamente_KEY', referencedColumn='null', mappedBy='null'}
21:22:59.335 [Test worker] DEBUG org.hibernate.cfg.Ejb3Column - Binding column: Ejb3JoinColumn{logicalColumnName='id_angajat', referencedColumn='', mappedBy=''}
21:22:59.335 [Test worker] DEBUG org.hibernate.cfg.Ejb3Column - Binding column: Ejb3JoinColumn{logicalColumnName='id_departament', referencedColumn='', mappedBy=''}
21:22:59.335 [Test worker] DEBUG org.hibernate.cfg.annotations.CollectionBinder - Collection role: domain.Angajat.departamente
21:22:59.335 [Test worker] DEBUG org.hibernate.cfg.annotations.PropertyBinder - Building property departamente
21:22:59.335 [Test worker] DEBUG org.hibernate.cfg.Ejb3Column - Binding column: Ejb3JoinColumn{logicalColumnName='null', referencedColumn='null', mappedBy='null'}
21:22:59.335 [Test worker] DEBUG org.hibernate.cfg.Ejb3Column - Binding column: Ejb3Column{table=org.hibernate.mapping.Table(angajati), mappingColumn=functie, insertable=true, updatable=true, unique=false}
21:22:59.335 [Test worker] DEBUG org.hibernate.cfg.annotations.PropertyBinder - Building property functie
21:22:59.335 [Test worker] DEBUG org.hibernate.cfg.Ejb3Column - Binding column: Ejb3Column{table=org.hibernate.mapping.Table(angajati), mappingColumn=id_superior, insertable=true, updatable=true, unique=false}
21:22:59.335 [Test worker] DEBUG org.hibernate.cfg.annotations.PropertyBinder - MetadataSourceProcessor property idSuperior with lazy=false
21:22:59.335 [Test worker] DEBUG org.hibernate.cfg.AbstractPropertyHolder - Attempting to locate auto-apply AttributeConverter for property [domain.Angajat:idSuperior]
21:22:59.335 [Test worker] DEBUG org.hibernate.cfg.annotations.SimpleValueBinder - building SimpleValue for idSuperior
21:22:59.335 [Test worker] DEBUG org.hibernate.cfg.annotations.PropertyBinder - Building property idSuperior
21:22:59.335 [Test worker] DEBUG org.hibernate.cfg.Ejb3Column - Binding column: Ejb3Column{table=org.hibernate.mapping.Table(angajati), mappingColumn=null, insertable=true, updatable=true, unique=false}
21:22:59.335 [Test worker] DEBUG org.hibernate.cfg.Ejb3Column - Binding column: Ejb3Column{table=org.hibernate.mapping.Table(angajati), mappingColumn=element, insertable=true, updatable=true, unique=false}
21:22:59.335 [Test worker] DEBUG org.hibernate.cfg.Ejb3Column - Binding column: Ejb3Column{table=org.hibernate.mapping.Table(angajati), mappingColumn=proiecte_KEY, insertable=true, updatable=true, unique=false}
21:22:59.335 [Test worker] DEBUG org.hibernate.cfg.Ejb3Column - Binding column: Ejb3JoinColumn{logicalColumnName='proiecte_KEY', referencedColumn='null', mappedBy='null'}
21:22:59.335 [Test worker] DEBUG org.hibernate.cfg.Ejb3Column - Binding column: Ejb3JoinColumn{logicalColumnName='id_angajat', referencedColumn='', mappedBy=''}
21:22:59.335 [Test worker] DEBUG org.hibernate.cfg.Ejb3Column - Binding column: Ejb3JoinColumn{logicalColumnName='id_proiect', referencedColumn='', mappedBy=''}
21:22:59.335 [Test worker] DEBUG org.hibernate.cfg.annotations.CollectionBinder - Collection role: domain.Angajat.proiecte
21:22:59.335 [Test worker] DEBUG org.hibernate.cfg.annotations.PropertyBinder - Building property proiecte
21:22:59.335 [Test worker] DEBUG org.hibernate.cfg.AnnotationBinder - Binding entity from annotated class: domain.Concediu
21:22:59.335 [Test worker] DEBUG org.hibernate.cfg.Ejb3Column - Binding column: Ejb3DiscriminatorColumn{logicalColumnName'DTYPE', discriminatorTypeName='string'}
21:22:59.335 [Test worker] DEBUG org.hibernate.cfg.annotations.EntityBinder - Import with entity name Concediu
21:22:59.335 [Test worker] DEBUG org.hibernate.cfg.annotations.EntityBinder - Bind entity domain.Concediu on table concedii
21:22:59.335 [Test worker] DEBUG org.hibernate.cfg.Ejb3Column - Binding column: Ejb3Column{table=org.hibernate.mapping.Table(concedii), mappingColumn=id, insertable=true, updatable=true, unique=false}
21:22:59.335 [Test worker] DEBUG org.hibernate.boot.internal.ClassLoaderAccessImpl - Not known whether passed class name [domain.Concediu] is safe
21:22:59.335 [Test worker] DEBUG org.hibernate.boot.internal.ClassLoaderAccessImpl - No temp ClassLoader provided; using live ClassLoader for loading potentially unsafe class : domain.Concediu
21:22:59.335 [Test worker] DEBUG org.hibernate.cfg.annotations.PropertyBinder - MetadataSourceProcessor property id with lazy=false
21:22:59.335 [Test worker] DEBUG org.hibernate.cfg.AbstractPropertyHolder - Attempting to locate auto-apply AttributeConverter for property [domain.Concediu:id]
21:22:59.335 [Test worker] DEBUG org.hibernate.cfg.annotations.SimpleValueBinder - building SimpleValue for id
21:22:59.335 [Test worker] DEBUG org.hibernate.cfg.annotations.PropertyBinder - Building property id
21:22:59.335 [Test worker] DEBUG org.hibernate.cfg.BinderHelper - #makeIdGenerator(org.hibernate.mapping.SimpleValue([org.hibernate.mapping.Column(id)]), id, identity, , ...)
21:22:59.335 [Test worker] DEBUG org.hibernate.cfg.Ejb3Column - Binding column: Ejb3JoinColumn{logicalColumnName='id_angajat', referencedColumn='', mappedBy=''}
21:22:59.335 [Test worker] DEBUG org.hibernate.cfg.Ejb3Column - Binding column: Ejb3Column{table=org.hibernate.mapping.Table(concedii), mappingColumn=angajat, insertable=true, updatable=true, unique=false}
21:22:59.335 [Test worker] DEBUG org.hibernate.cfg.annotations.PropertyBinder - Building property angajat
21:22:59.335 [Test worker] DEBUG org.hibernate.cfg.Ejb3Column - Binding column: Ejb3Column{table=org.hibernate.mapping.Table(concedii), mappingColumn=data_inceput, insertable=true, updatable=true, unique=false}
21:22:59.335 [Test worker] DEBUG org.hibernate.cfg.annotations.PropertyBinder - MetadataSourceProcessor property dataInceput with lazy=false
21:22:59.335 [Test worker] DEBUG org.hibernate.cfg.AbstractPropertyHolder - Attempting to locate auto-apply AttributeConverter for property [domain.Concediu:dataInceput]
21:22:59.335 [Test worker] DEBUG org.hibernate.cfg.annotations.SimpleValueBinder - building SimpleValue for dataInceput
21:22:59.335 [Test worker] DEBUG org.hibernate.cfg.annotations.PropertyBinder - Building property dataInceput
21:22:59.335 [Test worker] DEBUG org.hibernate.cfg.Ejb3Column - Binding column: Ejb3Column{table=org.hibernate.mapping.Table(concedii), mappingColumn=data_sfarsit, insertable=true, updatable=true, unique=false}
21:22:59.335 [Test worker] DEBUG org.hibernate.cfg.annotations.PropertyBinder - MetadataSourceProcessor property dataSfarsit with lazy=false
21:22:59.335 [Test worker] DEBUG org.hibernate.cfg.AbstractPropertyHolder - Attempting to locate auto-apply AttributeConverter for property [domain.Concediu:dataSfarsit]
21:22:59.335 [Test worker] DEBUG org.hibernate.cfg.annotations.SimpleValueBinder - building SimpleValue for dataSfarsit
21:22:59.335 [Test worker] DEBUG org.hibernate.cfg.annotations.PropertyBinder - Building property dataSfarsit
21:22:59.335 [Test worker] DEBUG org.hibernate.cfg.AnnotationBinder - Binding entity from annotated class: domain.Departament
21:22:59.335 [Test worker] DEBUG org.hibernate.cfg.Ejb3Column - Binding column: Ejb3DiscriminatorColumn{logicalColumnName'DTYPE', discriminatorTypeName='string'}
21:22:59.335 [Test worker] DEBUG org.hibernate.cfg.annotations.EntityBinder - Import with entity name Departament
21:22:59.335 [Test worker] DEBUG org.hibernate.cfg.annotations.EntityBinder - Bind entity domain.Departament on table departamente
21:22:59.335 [Test worker] DEBUG org.hibernate.cfg.Ejb3Column - Binding column: Ejb3Column{table=org.hibernate.mapping.Table(departamente), mappingColumn=id, insertable=true, updatable=true, unique=false}
21:22:59.335 [Test worker] DEBUG org.hibernate.boot.internal.ClassLoaderAccessImpl - Not known whether passed class name [domain.Departament] is safe
21:22:59.335 [Test worker] DEBUG org.hibernate.boot.internal.ClassLoaderAccessImpl - No temp ClassLoader provided; using live ClassLoader for loading potentially unsafe class : domain.Departament
21:22:59.335 [Test worker] DEBUG org.hibernate.cfg.annotations.PropertyBinder - MetadataSourceProcessor property id with lazy=false
21:22:59.335 [Test worker] DEBUG org.hibernate.cfg.AbstractPropertyHolder - Attempting to locate auto-apply AttributeConverter for property [domain.Departament:id]
21:22:59.335 [Test worker] DEBUG org.hibernate.cfg.annotations.SimpleValueBinder - building SimpleValue for id
21:22:59.335 [Test worker] DEBUG org.hibernate.cfg.annotations.PropertyBinder - Building property id
21:22:59.335 [Test worker] DEBUG org.hibernate.cfg.BinderHelper - #makeIdGenerator(org.hibernate.mapping.SimpleValue([org.hibernate.mapping.Column(id)]), id, identity, , ...)
21:22:59.335 [Test worker] DEBUG org.hibernate.cfg.Ejb3Column - Binding column: Ejb3Column{table=org.hibernate.mapping.Table(departamente), mappingColumn=id_director, insertable=true, updatable=true, unique=false}
21:22:59.335 [Test worker] DEBUG org.hibernate.cfg.annotations.PropertyBinder - MetadataSourceProcessor property idDirector with lazy=false
21:22:59.335 [Test worker] DEBUG org.hibernate.cfg.AbstractPropertyHolder - Attempting to locate auto-apply AttributeConverter for property [domain.Departament:idDirector]
21:22:59.335 [Test worker] DEBUG org.hibernate.cfg.annotations.SimpleValueBinder - building SimpleValue for idDirector
21:22:59.335 [Test worker] DEBUG org.hibernate.cfg.annotations.PropertyBinder - Building property idDirector
21:22:59.335 [Test worker] DEBUG org.hibernate.cfg.AnnotationBinder - Binding entity from annotated class: domain.Functie
21:22:59.335 [Test worker] DEBUG org.hibernate.cfg.Ejb3Column - Binding column: Ejb3DiscriminatorColumn{logicalColumnName'DTYPE', discriminatorTypeName='string'}
21:22:59.335 [Test worker] DEBUG org.hibernate.cfg.annotations.EntityBinder - Import with entity name Functie
21:22:59.335 [Test worker] DEBUG org.hibernate.cfg.annotations.EntityBinder - Bind entity domain.Functie on table functii
21:22:59.335 [Test worker] DEBUG org.hibernate.cfg.Ejb3Column - Binding column: Ejb3Column{table=org.hibernate.mapping.Table(functii), mappingColumn=id, insertable=true, updatable=true, unique=false}
21:22:59.335 [Test worker] DEBUG org.hibernate.boot.internal.ClassLoaderAccessImpl - Not known whether passed class name [domain.Functie] is safe
21:22:59.335 [Test worker] DEBUG org.hibernate.boot.internal.ClassLoaderAccessImpl - No temp ClassLoader provided; using live ClassLoader for loading potentially unsafe class : domain.Functie
21:22:59.335 [Test worker] DEBUG org.hibernate.cfg.annotations.PropertyBinder - MetadataSourceProcessor property id with lazy=false
21:22:59.335 [Test worker] DEBUG org.hibernate.cfg.AbstractPropertyHolder - Attempting to locate auto-apply AttributeConverter for property [domain.Functie:id]
21:22:59.335 [Test worker] DEBUG org.hibernate.cfg.annotations.SimpleValueBinder - building SimpleValue for id
21:22:59.335 [Test worker] DEBUG org.hibernate.cfg.annotations.PropertyBinder - Building property id
21:22:59.335 [Test worker] DEBUG org.hibernate.cfg.BinderHelper - #makeIdGenerator(org.hibernate.mapping.SimpleValue([org.hibernate.mapping.Column(id)]), id, identity, , ...)
21:22:59.335 [Test worker] DEBUG org.hibernate.cfg.Ejb3Column - Binding column: Ejb3Column{table=org.hibernate.mapping.Table(functii), mappingColumn=salar_de_baza, insertable=true, updatable=true, unique=false}
21:22:59.335 [Test worker] DEBUG org.hibernate.cfg.annotations.PropertyBinder - MetadataSourceProcessor property salarDeBaza with lazy=false
21:22:59.335 [Test worker] DEBUG org.hibernate.cfg.AbstractPropertyHolder - Attempting to locate auto-apply AttributeConverter for property [domain.Functie:salarDeBaza]
21:22:59.335 [Test worker] DEBUG org.hibernate.cfg.annotations.SimpleValueBinder - building SimpleValue for salarDeBaza
21:22:59.335 [Test worker] DEBUG org.hibernate.cfg.annotations.PropertyBinder - Building property salarDeBaza
21:22:59.335 [Test worker] DEBUG org.hibernate.cfg.AnnotationBinder - Binding entity from annotated class: domain.Proiect
21:22:59.335 [Test worker] DEBUG org.hibernate.cfg.Ejb3Column - Binding column: Ejb3DiscriminatorColumn{logicalColumnName'DTYPE', discriminatorTypeName='string'}
21:22:59.335 [Test worker] DEBUG org.hibernate.cfg.annotations.EntityBinder - Import with entity name Proiect
21:22:59.335 [Test worker] DEBUG org.hibernate.cfg.annotations.EntityBinder - Bind entity domain.Proiect on table proiecte
21:22:59.335 [Test worker] DEBUG org.hibernate.cfg.Ejb3Column - Binding column: Ejb3Column{table=org.hibernate.mapping.Table(proiecte), mappingColumn=id, insertable=true, updatable=true, unique=false}
21:22:59.335 [Test worker] DEBUG org.hibernate.boot.internal.ClassLoaderAccessImpl - Not known whether passed class name [domain.Proiect] is safe
21:22:59.335 [Test worker] DEBUG org.hibernate.boot.internal.ClassLoaderAccessImpl - No temp ClassLoader provided; using live ClassLoader for loading potentially unsafe class : domain.Proiect
21:22:59.335 [Test worker] DEBUG org.hibernate.cfg.annotations.PropertyBinder - MetadataSourceProcessor property id with lazy=false
21:22:59.335 [Test worker] DEBUG org.hibernate.cfg.AbstractPropertyHolder - Attempting to locate auto-apply AttributeConverter for property [domain.Proiect:id]
21:22:59.335 [Test worker] DEBUG org.hibernate.cfg.annotations.SimpleValueBinder - building SimpleValue for id
21:22:59.335 [Test worker] DEBUG org.hibernate.cfg.annotations.PropertyBinder - Building property id
21:22:59.335 [Test worker] DEBUG org.hibernate.cfg.BinderHelper - #makeIdGenerator(org.hibernate.mapping.SimpleValue([org.hibernate.mapping.Column(id)]), id, identity, , ...)
21:22:59.335 [Test worker] DEBUG org.hibernate.cfg.Ejb3Column - Binding column: Ejb3Column{table=org.hibernate.mapping.Table(proiecte), mappingColumn=data_inceput, insertable=true, updatable=true, unique=false}
21:22:59.335 [Test worker] DEBUG org.hibernate.cfg.annotations.PropertyBinder - MetadataSourceProcessor property dataInceput with lazy=false
21:22:59.335 [Test worker] DEBUG org.hibernate.cfg.AbstractPropertyHolder - Attempting to locate auto-apply AttributeConverter for property [domain.Proiect:dataInceput]
21:22:59.335 [Test worker] DEBUG org.hibernate.cfg.annotations.SimpleValueBinder - building SimpleValue for dataInceput
21:22:59.335 [Test worker] DEBUG org.hibernate.cfg.annotations.PropertyBinder - Building property dataInceput
21:22:59.335 [Test worker] DEBUG org.hibernate.cfg.Ejb3Column - Binding column: Ejb3Column{table=org.hibernate.mapping.Table(proiecte), mappingColumn=deadline, insertable=true, updatable=true, unique=false}
21:22:59.335 [Test worker] DEBUG org.hibernate.cfg.annotations.PropertyBinder - MetadataSourceProcessor property deadline with lazy=false
21:22:59.335 [Test worker] DEBUG org.hibernate.cfg.AbstractPropertyHolder - Attempting to locate auto-apply AttributeConverter for property [domain.Proiect:deadline]
21:22:59.335 [Test worker] DEBUG org.hibernate.cfg.annotations.SimpleValueBinder - building SimpleValue for deadline
21:22:59.335 [Test worker] DEBUG org.hibernate.cfg.annotations.PropertyBinder - Building property deadline
21:22:59.335 [Test worker] DEBUG org.hibernate.cfg.annotations.SimpleValueBinder - Starting fillSimpleValue for id
21:22:59.335 [Test worker] DEBUG org.hibernate.cfg.annotations.SimpleValueBinder - Starting fillSimpleValue for dataAngajare
21:22:59.335 [Test worker] DEBUG org.hibernate.cfg.annotations.SimpleValueBinder - Starting fillSimpleValue for idSuperior
21:22:59.335 [Test worker] DEBUG org.hibernate.cfg.annotations.SimpleValueBinder - Starting fillSimpleValue for id
21:22:59.335 [Test worker] DEBUG org.hibernate.cfg.annotations.SimpleValueBinder - Starting fillSimpleValue for dataInceput
21:22:59.335 [Test worker] DEBUG org.hibernate.cfg.annotations.SimpleValueBinder - Starting fillSimpleValue for dataSfarsit
21:22:59.335 [Test worker] DEBUG org.hibernate.cfg.annotations.SimpleValueBinder - Starting fillSimpleValue for id
21:22:59.335 [Test worker] DEBUG org.hibernate.cfg.annotations.SimpleValueBinder - Starting fillSimpleValue for idDirector
21:22:59.335 [Test worker] DEBUG org.hibernate.cfg.annotations.SimpleValueBinder - Starting fillSimpleValue for id
21:22:59.335 [Test worker] DEBUG org.hibernate.cfg.annotations.SimpleValueBinder - Starting fillSimpleValue for salarDeBaza
21:22:59.335 [Test worker] DEBUG org.hibernate.cfg.annotations.SimpleValueBinder - Starting fillSimpleValue for id
21:22:59.335 [Test worker] DEBUG org.hibernate.cfg.annotations.SimpleValueBinder - Starting fillSimpleValue for dataInceput
21:22:59.335 [Test worker] DEBUG org.hibernate.cfg.annotations.SimpleValueBinder - Starting fillSimpleValue for deadline
21:22:59.335 [Test worker] DEBUG org.hibernate.mapping.PrimaryKey - Forcing column [id] to be non-null as it is part of the primary key for table [angajati]
21:22:59.335 [Test worker] DEBUG org.hibernate.mapping.PrimaryKey - Forcing column [id] to be non-null as it is part of the primary key for table [concedii]
21:22:59.335 [Test worker] DEBUG org.hibernate.mapping.PrimaryKey - Forcing column [id] to be non-null as it is part of the primary key for table [departamente]
21:22:59.335 [Test worker] DEBUG org.hibernate.mapping.PrimaryKey - Forcing column [id] to be non-null as it is part of the primary key for table [functii]
21:22:59.335 [Test worker] DEBUG org.hibernate.mapping.PrimaryKey - Forcing column [id] to be non-null as it is part of the primary key for table [proiecte]
21:22:59.335 [Test worker] DEBUG org.hibernate.cfg.CollectionSecondPass - Second pass for collection: domain.Angajat.proiecte
21:22:59.335 [Test worker] DEBUG org.hibernate.cfg.annotations.CollectionBinder - Binding as ManyToMany: domain.Angajat.proiecte
21:22:59.335 [Test worker] DEBUG org.hibernate.mapping.PrimaryKey - Forcing column [id_angajat] to be non-null as it is part of the primary key for table [angajati_proiecte]
21:22:59.335 [Test worker] DEBUG org.hibernate.mapping.PrimaryKey - Forcing column [id_proiect] to be non-null as it is part of the primary key for table [angajati_proiecte]
21:22:59.335 [Test worker] DEBUG org.hibernate.cfg.CollectionSecondPass - Mapped collection key: id_angajat, element: id_proiect
21:22:59.335 [Test worker] DEBUG org.hibernate.cfg.CollectionSecondPass - Second pass for collection: domain.Angajat.departamente
21:22:59.335 [Test worker] DEBUG org.hibernate.cfg.annotations.CollectionBinder - Binding as ManyToMany: domain.Angajat.departamente
21:22:59.335 [Test worker] DEBUG org.hibernate.mapping.PrimaryKey - Forcing column [id_angajat] to be non-null as it is part of the primary key for table [angajati_departamente]
21:22:59.335 [Test worker] DEBUG org.hibernate.mapping.PrimaryKey - Forcing column [id_departament] to be non-null as it is part of the primary key for table [angajati_departamente]
21:22:59.335 [Test worker] DEBUG org.hibernate.cfg.CollectionSecondPass - Mapped collection key: id_angajat, element: id_departament
21:22:59.335 [Test worker] DEBUG org.hibernate.cfg.CollectionSecondPass - Second pass for collection: domain.Angajat.concedii
21:22:59.335 [Test worker] DEBUG org.hibernate.cfg.annotations.CollectionBinder - Binding a OneToMany: domain.Angajat.concedii through a foreign key
21:22:59.335 [Test worker] DEBUG org.hibernate.cfg.annotations.CollectionBinder - Mapping collection: domain.Angajat.concedii -> concedii
21:22:59.335 [Test worker] DEBUG org.hibernate.cfg.annotations.TableBinder - Retrieving property domain.Concediu.angajat
21:22:59.335 [Test worker] DEBUG org.hibernate.cfg.CollectionSecondPass - Mapped collection key: id_angajat, one-to-many: domain.Concediu
21:22:59.335 [Test worker] DEBUG org.hibernate.boot.internal.InFlightMetadataCollectorImpl - Resolving reference to class: domain.Functie
21:22:59.335 [Test worker] DEBUG org.hibernate.boot.internal.InFlightMetadataCollectorImpl - Resolving reference to class: domain.Departament
21:22:59.335 [Test worker] DEBUG org.hibernate.boot.internal.InFlightMetadataCollectorImpl - Resolving reference to class: domain.Angajat
21:22:59.335 [Test worker] DEBUG org.hibernate.boot.internal.InFlightMetadataCollectorImpl - Resolving reference to class: domain.Proiect
21:22:59.335 [Test worker] DEBUG org.hibernate.boot.internal.InFlightMetadataCollectorImpl - Resolving reference to class: domain.Angajat
21:22:59.335 [Test worker] DEBUG org.hibernate.boot.internal.InFlightMetadataCollectorImpl - Resolving reference to class: domain.Angajat
21:22:59.351 [Test worker] DEBUG org.hibernate.boot.internal.InFlightMetadataCollectorImpl - Resolving reference to class: domain.Functie
21:22:59.351 [Test worker] DEBUG org.hibernate.boot.internal.InFlightMetadataCollectorImpl - Resolving reference to class: domain.Departament
21:22:59.351 [Test worker] DEBUG org.hibernate.boot.internal.InFlightMetadataCollectorImpl - Resolving reference to class: domain.Angajat
21:22:59.351 [Test worker] DEBUG org.hibernate.boot.internal.InFlightMetadataCollectorImpl - Resolving reference to class: domain.Proiect
21:22:59.351 [Test worker] DEBUG org.hibernate.boot.internal.InFlightMetadataCollectorImpl - Resolving reference to class: domain.Angajat
21:22:59.351 [Test worker] DEBUG org.hibernate.boot.internal.InFlightMetadataCollectorImpl - Resolving reference to class: domain.Angajat
21:22:59.351 [Test worker] DEBUG org.hibernate.internal.SessionFactoryImpl - Building session factory
21:22:59.351 [Test worker] DEBUG org.hibernate.cfg.Settings - SessionFactory name : null
21:22:59.351 [Test worker] DEBUG org.hibernate.cfg.Settings - Automatic flush during beforeCompletion(): enabled
21:22:59.351 [Test worker] DEBUG org.hibernate.cfg.Settings - Automatic session close at end of transaction: disabled
21:22:59.351 [Test worker] DEBUG org.hibernate.cfg.Settings - Statistics: disabled
21:22:59.351 [Test worker] DEBUG org.hibernate.cfg.Settings - Deleted entity synthetic identifier rollback: disabled
21:22:59.351 [Test worker] DEBUG org.hibernate.cfg.Settings - Default entity-mode: pojo
21:22:59.351 [Test worker] DEBUG org.hibernate.cfg.Settings - Check Nullability in Core (should be disabled when Bean Validation is on): enabled
21:22:59.351 [Test worker] DEBUG org.hibernate.cfg.Settings - Allow initialization of lazy state outside session : enabled
21:22:59.351 [Test worker] DEBUG org.hibernate.cfg.Settings - Using BatchFetchStyle : LEGACY
21:22:59.351 [Test worker] DEBUG org.hibernate.cfg.Settings - Default batch fetch size: -1
21:22:59.351 [Test worker] DEBUG org.hibernate.cfg.Settings - Maximum outer join fetch depth: null
21:22:59.351 [Test worker] DEBUG org.hibernate.cfg.Settings - Default null ordering: NONE
21:22:59.351 [Test worker] DEBUG org.hibernate.cfg.Settings - Order SQL updates by primary key: disabled
21:22:59.351 [Test worker] DEBUG org.hibernate.cfg.Settings - Order SQL inserts for batching: disabled
21:22:59.351 [Test worker] DEBUG org.hibernate.cfg.Settings - multi-tenancy strategy : NONE
21:22:59.351 [Test worker] DEBUG org.hibernate.cfg.Settings - JTA Track by Thread: enabled
21:22:59.351 [Test worker] DEBUG org.hibernate.cfg.Settings - Query language substitutions: {}
21:22:59.351 [Test worker] DEBUG org.hibernate.cfg.Settings - Named query checking : enabled
21:22:59.351 [Test worker] DEBUG org.hibernate.cfg.Settings - Second-level cache: disabled
21:22:59.351 [Test worker] DEBUG org.hibernate.cfg.Settings - Second-level query cache: disabled
21:22:59.351 [Test worker] DEBUG org.hibernate.cfg.Settings - Second-level query cache factory: null
21:22:59.351 [Test worker] DEBUG org.hibernate.cfg.Settings - Second-level cache region prefix: null
21:22:59.351 [Test worker] DEBUG org.hibernate.cfg.Settings - Optimize second-level cache for minimal puts: disabled
21:22:59.351 [Test worker] DEBUG org.hibernate.cfg.Settings - Structured second-level cache entries: disabled
21:22:59.351 [Test worker] DEBUG org.hibernate.cfg.Settings - Second-level cache direct-reference entries: disabled
21:22:59.351 [Test worker] DEBUG org.hibernate.cfg.Settings - Automatic eviction of collection cache: disabled
21:22:59.351 [Test worker] DEBUG org.hibernate.cfg.Settings - JDBC batch size: 0
21:22:59.351 [Test worker] DEBUG org.hibernate.cfg.Settings - JDBC batch updates for versioned data: enabled
21:22:59.351 [Test worker] DEBUG org.hibernate.cfg.Settings - Scrollable result sets: disabled
21:22:59.351 [Test worker] DEBUG org.hibernate.cfg.Settings - Wrap result sets: disabled
21:22:59.351 [Test worker] DEBUG org.hibernate.cfg.Settings - JDBC3 getGeneratedKeys(): enabled
21:22:59.351 [Test worker] DEBUG org.hibernate.cfg.Settings - JDBC result set fetch size: null
21:22:59.351 [Test worker] DEBUG org.hibernate.cfg.Settings - Connection release mode: AFTER_TRANSACTION
21:22:59.351 [Test worker] DEBUG org.hibernate.cfg.Settings - Generate SQL with comments: disabled
21:22:59.351 [Test worker] DEBUG org.hibernate.cfg.Settings - JPA compliance - query : disabled
21:22:59.351 [Test worker] DEBUG org.hibernate.cfg.Settings - JPA compliance - closed-handling : disabled
21:22:59.351 [Test worker] DEBUG org.hibernate.cfg.Settings - JPA compliance - lists : disabled
21:22:59.351 [Test worker] DEBUG org.hibernate.cfg.Settings - JPA compliance - transactions : disabled
21:22:59.351 [Test worker] DEBUG org.hibernate.internal.SessionFactoryImpl - Session factory constructed with filter configurations : {}
21:22:59.351 [Test worker] DEBUG org.hibernate.internal.SessionFactoryImpl - Instantiating session factory with properties: {sun.desktop=windows, awt.toolkit=sun.awt.windows.WToolkit, dialect=utils.SQLiteDialect, java.specification.version=11, sun.cpu.isalist=amd64, sun.jnu.encoding=Cp1250, hibernate.dialect=utils.SQLiteDialect, org.gradle.test.worker=3, java.class.path=C:\\Users\\Dan\\.gradle\\caches\\6.8\\workerMain\\gradle-worker.jar;D:\\Facultate\\Projects\\OrganizareCompanie\\build\\classes\\java\\test;D:\\Facultate\\Projects\\OrganizareCompanie\\build\\resources\\test;D:\\Facultate\\Projects\\OrganizareCompanie\\build\\classes\\java\\main;D:\\Facultate\\Projects\\OrganizareCompanie\\build\\resources\\main;C:\\Users\\Dan\\.gradle\\caches\\modules-2\\files-2.1\\org.springframework.boot\\spring-boot-starter-web\\2.4.3\\4f5554ea183af87e52d8c31bb82aada0d74c40b0\\spring-boot-starter-web-2.4.3.jar;C:\\Users\\Dan\\.gradle\\caches\\modules-2\\files-2.1\\org.xerial\\sqlite-jdbc\\3.34.0\\fd29bb0124e3f79c80b2753162a6a3873c240bcf\\sqlite-jdbc-3.34.0.jar;C:\\Users\\Dan\\.gradle\\caches\\modules-2\\files-2.1\\org.hibernate\\hibernate-java8\\5.1.0.Final\\2bb534acab4f8485a821f0e4d6a2c8df617ee86a\\hibernate-java8-5.1.0.Final.jar;C:\\Users\\Dan\\.gradle\\caches\\modules-2\\files-2.1\\org.hibernate\\hibernate-core\\5.4.29.Final\\74b7c9ad3cb57ae4fd0187480a76f137a7fc3f38\\hibernate-core-5.4.29.Final.jar;C:\\Users\\Dan\\.gradle\\caches\\modules-2\\files-2.1\\org.junit.platform\\junit-platform-engine\\1.7.0\\eadb73c5074a4ac71061defd00fc176152a4d12c\\junit-platform-engine-1.7.0.jar;C:\\Users\\Dan\\.gradle\\caches\\modules-2\\files-2.1\\org.junit.platform\\junit-platform-commons\\1.7.0\\84e309fbf21d857aac079a3c1fffd84284e1114d\\junit-platform-commons-1.7.0.jar;C:\\Users\\Dan\\.gradle\\caches\\modules-2\\files-2.1\\org.junit.jupiter\\junit-jupiter-engine\\5.7.0\\d9044d6b45e2232ddd53fa56c15333e43d1749fd\\junit-jupiter-engine-5.7.0.jar;C:\\Users\\Dan\\.gradle\\caches\\modules-2\\files-2.1\\org.junit.jupiter\\junit-jupiter-api\\5.7.0\\b25f3815c4c1860a73041e733a14a0379d00c4d5\\junit-jupiter-api-5.7.0.jar;C:\\Users\\Dan\\.gradle\\caches\\modules-2\\files-2.1\\org.springframework.boot\\spring-boot-starter-json\\2.4.3\\7b26abb0a0379a00b58a2a50e010b29cf4f16b80\\spring-boot-starter-json-2.4.3.jar;C:\\Users\\Dan\\.gradle\\caches\\modules-2\\files-2.1\\org.springframework.boot\\spring-boot-starter\\2.4.3\\fd8bc0fb5f5aaefb4d6c8b77eb61563aab840c11\\spring-boot-starter-2.4.3.jar;C:\\Users\\Dan\\.gradle\\caches\\modules-2\\files-2.1\\org.springframework.boot\\spring-boot-starter-tomcat\\2.4.3\\4ba28aae05a259625e7e92f8e7338c5e1d22de35\\spring-boot-starter-tomcat-2.4.3.jar;C:\\Users\\Dan\\.gradle\\caches\\modules-2\\files-2.1\\org.springframework\\spring-webmvc\\5.3.4\\8dd52fbe8eafcc7c80998087ec6635baf7a98c20\\spring-webmvc-5.3.4.jar;C:\\Users\\Dan\\.gradle\\caches\\modules-2\\files-2.1\\org.springframework\\spring-web\\5.3.4\\d93829e24a50ed22e781f2302680a210cac5ee84\\spring-web-5.3.4.jar;C:\\Users\\Dan\\.gradle\\caches\\modules-2\\files-2.1\\org.hibernate.common\\hibernate-commons-annotations\\5.1.2.Final\\e59ffdbc6ad09eeb33507b39ffcf287679a498c8\\hibernate-commons-annotations-5.1.2.Final.jar;C:\\Users\\Dan\\.gradle\\caches\\modules-2\\files-2.1\\org.jboss.logging\\jboss-logging\\3.4.1.Final\\40fd4d696c55793e996d1ff3c475833f836c2498\\jboss-logging-3.4.1.Final.jar;C:\\Users\\Dan\\.gradle\\caches\\modules-2\\files-2.1\\javax.persistence\\javax.persistence-api\\2.2\\25665ac8c0b62f50e6488173233239120fc52c96\\javax.persistence-api-2.2.jar;C:\\Users\\Dan\\.gradle\\caches\\modules-2\\files-2.1\\org.javassist\\javassist\\3.27.0-GA\\f63e6aa899e15eca8fdaa402a79af4c417252213\\javassist-3.27.0-GA.jar;C:\\Users\\Dan\\.gradle\\caches\\modules-2\\files-2.1\\net.bytebuddy\\byte-buddy\\1.10.21\\5abe8e141cac9d50a721a22d9c188b3bf19ad0aa\\byte-buddy-1.10.21.jar;C:\\Users\\Dan\\.gradle\\caches\\modules-2\\files-2.1\\antlr\\antlr\\2.7.7\\83cd2cd674a217ade95a4bb83a8a14f351f48bd0\\antlr-2.7.7.jar;C:\\Users\\Dan\\.gradle\\caches\\modules-2\\files-2.1\\org.jboss.spec.javax.transaction\\jboss-transaction-api_1.2_spec\\1.1.1.Final\\a8485cab9484dda36e9a8c319e76b5cc18797b58\\jboss-transaction-api_1.2_spec-1.1.1.Final.jar;C:\\Users\\Dan\\.gradle\\caches\\modules-2\\files-2.1\\org.jboss\\jandex\\2.2.3.Final\\d3865101f0666b63586683bd811d754517f331ab\\jandex-2.2.3.Final.jar;C:\\Users\\Dan\\.gradle\\caches\\modules-2\\files-2.1\\com.fasterxml\\classmate\\1.5.1\\3fe0bed568c62df5e89f4f174c101eab25345b6c\\classmate-1.5.1.jar;C:\\Users\\Dan\\.gradle\\caches\\modules-2\\files-2.1\\org.glassfish.jaxb\\jaxb-runtime\\2.3.1\\dd6dda9da676a54c5b36ca2806ff95ee017d8738\\jaxb-runtime-2.3.1.jar;C:\\Users\\Dan\\.gradle\\caches\\modules-2\\files-2.1\\javax.xml.bind\\jaxb-api\\2.3.1\\8531ad5ac454cc2deb9d4d32c40c4d7451939b5d\\jaxb-api-2.3.1.jar;C:\\Users\\Dan\\.gradle\\caches\\modules-2\\files-2.1\\javax.activation\\javax.activation-api\\1.2.0\\85262acf3ca9816f9537ca47d5adeabaead7cb16\\javax.activation-api-1.2.0.jar;C:\\Users\\Dan\\.gradle\\caches\\modules-2\\files-2.1\\org.dom4j\\dom4j\\2.1.3\\a75914155a9f5808963170ec20653668a2ffd2fd\\dom4j-2.1.3.jar;C:\\Users\\Dan\\.gradle\\caches\\modules-2\\files-2.1\\org.apiguardian\\apiguardian-api\\1.1.0\\fc9dff4bb36d627bdc553de77e1f17efd790876c\\apiguardian-api-1.1.0.jar;C:\\Users\\Dan\\.gradle\\caches\\modules-2\\files-2.1\\org.opentest4j\\opentest4j\\1.2.0\\28c11eb91f9b6d8e200631d46e20a7f407f2a046\\opentest4j-1.2.0.jar;C:\\Users\\Dan\\.gradle\\caches\\modules-2\\files-2.1\\org.springframework.boot\\spring-boot-autoconfigure\\2.4.3\\2f8e1e682e55f70c8ea557982c7adb1256f41bcf\\spring-boot-autoconfigure-2.4.3.jar;C:\\Users\\Dan\\.gradle\\caches\\modules-2\\files-2.1\\org.springframework.boot\\spring-boot\\2.4.3\\de2bd17a8eb9bc3dfa629aa06f2e9fe3bf603c85\\spring-boot-2.4.3.jar;C:\\Users\\Dan\\.gradle\\caches\\modules-2\\files-2.1\\org.springframework.boot\\spring-boot-starter-logging\\2.4.3\\64687abc2255d18cd6592cbb20fa3bee3379cec8\\spring-boot-starter-logging-2.4.3.jar;C:\\Users\\Dan\\.gradle\\caches\\modules-2\\files-2.1\\jakarta.annotation\\jakarta.annotation-api\\1.3.5\\59eb84ee0d616332ff44aba065f3888cf002cd2d\\jakarta.annotation-api-1.3.5.jar;C:\\Users\\Dan\\.gradle\\caches\\modules-2\\files-2.1\\org.springframework\\spring-context\\5.3.4\\fbeadeb0e4d272599a938ec345e99e5f9a76e919\\spring-context-5.3.4.jar;C:\\Users\\Dan\\.gradle\\caches\\modules-2\\files-2.1\\org.springframework\\spring-aop\\5.3.4\\b7180a6427ab524bc1cbd31bf38dd2182632515f\\spring-aop-5.3.4.jar;C:\\Users\\Dan\\.gradle\\caches\\modules-2\\files-2.1\\org.springframework\\spring-beans\\5.3.4\\ac6c5ea0ba82f555405f74104cf378f8071c6d25\\spring-beans-5.3.4.jar;C:\\Users\\Dan\\.gradle\\caches\\modules-2\\files-2.1\\org.springframework\\spring-expression\\5.3.4\\42b71fa955e43a86471509aef14cefe756fc3794\\spring-expression-5.3.4.jar;C:\\Users\\Dan\\.gradle\\caches\\modules-2\\files-2.1\\org.springframework\\spring-core\\5.3.4\\46c1f8abd9e02a292c42a257350f365cec152b5d\\spring-core-5.3.4.jar;C:\\Users\\Dan\\.gradle\\caches\\modules-2\\files-2.1\\org.yaml\\snakeyaml\\1.27\\359d62567480b07a679dc643f82fc926b100eed5\\snakeyaml-1.27.jar;C:\\Users\\Dan\\.gradle\\caches\\modules-2\\files-2.1\\com.fasterxml.jackson.datatype\\jackson-datatype-jdk8\\2.11.4\\e1540dea3c6c681ea4e335a960f730861ee3bedb\\jackson-datatype-jdk8-2.11.4.jar;C:\\Users\\Dan\\.gradle\\caches\\modules-2\\files-2.1\\com.fasterxml.jackson.datatype\\jackson-datatype-jsr310\\2.11.4\\ce6fc76bba06623720e5a9308386b6ae74753f4d\\jackson-datatype-jsr310-2.11.4.jar;C:\\Users\\Dan\\.gradle\\caches\\modules-2\\files-2.1\\com.fasterxml.jackson.module\\jackson-module-parameter-names\\2.11.4\\432e050d79f2282a66c320375d628f1b0842cb12\\jackson-module-parameter-names-2.11.4.jar;C:\\Users\\Dan\\.gradle\\caches\\modules-2\\files-2.1\\com.fasterxml.jackson.core\\jackson-databind\\2.11.4\\5d9f3d441f99d721b957e3497f0a6465c764fad4\\jackson-databind-2.11.4.jar;C:\\Users\\Dan\\.gradle\\caches\\modules-2\\files-2.1\\org.apache.tomcat.embed\\tomcat-embed-websocket\\9.0.43\\78232648dde1a5fd5093f0a3999e593d208e2eab\\tomcat-embed-websocket-9.0.43.jar;C:\\Users\\Dan\\.gradle\\caches\\modules-2\\files-2.1\\org.apache.tomcat.embed\\tomcat-embed-core\\9.0.43\\1d102277426bdd5b12f048731a91665bb69347d1\\tomcat-embed-core-9.0.43.jar;C:\\Users\\Dan\\.gradle\\caches\\modules-2\\files-2.1\\org.glassfish\\jakarta.el\\3.0.3\\dab46ee1ee23f7197c13d7c40fce14817c9017df\\jakarta.el-3.0.3.jar;C:\\Users\\Dan\\.gradle\\caches\\modules-2\\files-2.1\\org.glassfish.jaxb\\txw2\\2.3.1\\a09d2c48d3285f206fafbffe0e50619284e92126\\txw2-2.3.1.jar;C:\\Users\\Dan\\.gradle\\caches\\modules-2\\files-2.1\\com.sun.istack\\istack-commons-runtime\\3.0.7\\c197c86ceec7318b1284bffb49b54226ca774003\\istack-commons-runtime-3.0.7.jar;C:\\Users\\Dan\\.gradle\\caches\\modules-2\\files-2.1\\org.jvnet.staxex\\stax-ex\\1.8\\8cc35f73da321c29973191f2cf143d29d26a1df7\\stax-ex-1.8.jar;C:\\Users\\Dan\\.gradle\\caches\\modules-2\\files-2.1\\com.sun.xml.fastinfoset\\FastInfoset\\1.2.15\\bb7b7ec0379982b97c62cd17465cb6d9155f68e8\\FastInfoset-1.2.15.jar;C:\\Users\\Dan\\.gradle\\caches\\modules-2\\files-2.1\\ch.qos.logback\\logback-classic\\1.2.3\\7c4f3c474fb2c041d8028740440937705ebb473a\\logback-classic-1.2.3.jar;C:\\Users\\Dan\\.gradle\\caches\\modules-2\\files-2.1\\org.apache.logging.log4j\\log4j-to-slf4j\\2.13.3\\966f6fd1af4959d6b12bfa880121d4a2b164f857\\log4j-to-slf4j-2.13.3.jar;C:\\Users\\Dan\\.gradle\\caches\\modules-2\\files-2.1\\org.slf4j\\jul-to-slf4j\\1.7.30\\d58bebff8cbf70ff52b59208586095f467656c30\\jul-to-slf4j-1.7.30.jar;C:\\Users\\Dan\\.gradle\\caches\\modules-2\\files-2.1\\org.springframework\\spring-jcl\\5.3.4\\ca012eb4e9e57f767aa9d5e51fe9a09b28140808\\spring-jcl-5.3.4.jar;C:\\Users\\Dan\\.gradle\\caches\\modules-2\\files-2.1\\com.fasterxml.jackson.core\\jackson-annotations\\2.11.4\\2c3f5c079330f3a01726686a078979420f547ae4\\jackson-annotations-2.11.4.jar;C:\\Users\\Dan\\.gradle\\caches\\modules-2\\files-2.1\\com.fasterxml.jackson.core\\jackson-core\\2.11.4\\593f7b18bab07a76767f181e2a2336135ce82cc4\\jackson-core-2.11.4.jar;C:\\Users\\Dan\\.gradle\\caches\\modules-2\\files-2.1\\ch.qos.logback\\logback-core\\1.2.3\\864344400c3d4d92dfeb0a305dc87d953677c03c\\logback-core-1.2.3.jar;C:\\Users\\Dan\\.gradle\\caches\\modules-2\\files-2.1\\org.slf4j\\slf4j-api\\1.7.30\\b5a4b6d16ab13e34a88fae84c35cd5d68cac922c\\slf4j-api-1.7.30.jar;C:\\Users\\Dan\\.gradle\\caches\\modules-2\\files-2.1\\org.apache.logging.log4j\\log4j-api\\2.13.3\\ec1508160b93d274b1add34419b897bae84c6ca9\\log4j-api-2.13.3.jar, java.vm.vendor=Oracle Corporation, sun.arch.data.model=64, user.variant=, java.vendor.url=http://java.oracle.com/, user.timezone=Europe/Athens, os.name=Windows 10, java.vm.specification.version=11, user.country=US, sun.java.launcher=SUN_STANDARD, sun.boot.library.path=C:\Program Files\Java\jdk-11.0.6\bin, sun.java.command=worker.org.gradle.process.internal.worker.GradleWorkerMain 'Gradle Test Executor 3', jdk.debug=release, sun.cpu.endian=little, user.home=C:\Users\Dan, user.language=en, java.specification.vendor=Oracle Corporation, org.gradle.native=false, java.version.date=2020-01-14, java.home=C:\Program Files\Java\jdk-11.0.6, file.separator=\, java.vm.compressedOopsMode=32-bit, line.separator=
, java.specification.name=Java Platform API Specification, java.vm.specification.vendor=Oracle Corporation, java.awt.graphicsenv=sun.awt.Win32GraphicsEnvironment, hibernate.hbm2ddl.auto=update, user.script=, sun.management.compiler=HotSpot 64-Bit Tiered Compilers, java.runtime.version=11.0.6+8-LTS, user.name=Dan, path.separator=;, hibernate.connection.username=****, os.version=10.0, hibernate.enable_lazy_load_no_trans=true, java.runtime.name=Java(TM) SE Runtime Environment, hibernate.connection.url=jdbc:sqlite:D:\Facultate\Projects\OrganizareCompanie\database, file.encoding=windows-1250, java.vm.name=Java HotSpot(TM) 64-Bit Server VM, hibernate.show_sql=true, java.vendor.version=18.9, hibernate.current_session_context_class=thread, hibernate.connection.driver_class=org.sqlite.JDBC, java.vendor.url.bug=http://bugreport.java.com/bugreport/, java.io.tmpdir=C:\Users\Dan\AppData\Local\Temp\, java.version=11.0.6, user.dir=D:\Facultate\Projects\OrganizareCompanie, os.arch=amd64, java.vm.specification.name=Java Virtual Machine Specification, java.awt.printerjob=sun.awt.windows.WPrinterJob, hibernate.connection.password=****, sun.os.patch.level=, connection.driver_class=org.sqlite.JDBC, hibernate.boot.CfgXmlAccessService.key=org.hibernate.boot.cfgxml.spi.LoadedConfig@421bcb50, java.library.path=C:\Program Files\Java\jdk-11.0.6\bin;C:\WINDOWS\Sun\Java\bin;C:\WINDOWS\system32;C:\WINDOWS;;C:\Python38\Scripts\;C:\Python38\;D:\Facultate\Scripts\;D:\Facultate\;C:\Users\Dan\Desktop\Facultate 2018-2019\Semestrul I\Fundamentele programarii\Python\Scripts\;C:\Users\Dan\Desktop\Facultate 2018-2019\Semestrul I\Fundamentele programarii\Python\;C:\Users\Dan\Desktop\Facultate 2018-2019\Semestrul I\Fundamentele programarii\Scripts\;C:\Users\Dan\Desktop\Facultate 2018-2019\Semestrul I\Fundamentele programarii\;C:\WINDOWS\system32;C:\WINDOWS;C:\WINDOWS\System32\Wbem;C:\WINDOWS\System32\WindowsPowerShell\v1.0\;C:\WINDOWS\System32\OpenSSH\;D:\Facultate\PuTTY\;C:\Program Files\dotnet\;C:\Program Files\Microsoft SQL Server\Client SDK\ODBC\170\Tools\Binn\;C:\Users\Dan\Proto\bin;D:\Facultate\NodeJS\;C:\ProgramData\chocolatey\bin;C:\Program Files\Git\cmd;C:\Program Files\Java\jdk-10.0.2\bin;C:\Program Files (x86)\GnuWin32\bin;C:\MinGW\bin;C:\Program Files\Java\jdk-11.0.6\bin;C:\WINDOWS\system32;C:\WINDOWS;C:\WINDOWS\System32\Wbem;C:\WINDOWS\System32\WindowsPowerShell\v1.0\;C:\WINDOWS\System32\OpenSSH\;C:\Program Files\Intel\WiFi\bin\;C:\Program Files\Common Files\Intel\WirelessCommon\;D:\Facultate\Python\Scripts\;D:\Facultate\Python\;C:\Users\Dan\AppData\Local\Microsoft\WindowsApps;C:\Users\Dan\AppData\Local\GitHubDesktop\bin;C:\Users\Dan\AppData\Roaming\npm;D:\Facultate\Microsoft VS Code\bin;C:\Users\Dan\AppData\Local\Microsoft\WindowsApps;C:\Users\Dan\Documents\driver;;., java.vendor=Oracle Corporation, java.vm.info=mixed mode, java.vm.version=11.0.6+8-LTS, hibernate.bytecode.use_reflection_optimizer=false, sun.io.unicode.encoding=UnicodeLittle, hibernate.connection.pool_size=1, connection.url=jdbc:sqlite:D:\Facultate\Projects\OrganizareCompanie\database, java.class.version=55.0}
21:22:59.351 [Test worker] DEBUG org.hibernate.secure.spi.JaccIntegrator - Skipping JACC integration as it was not enabled
21:22:59.351 [Test worker] DEBUG org.hibernate.internal.SessionFactoryImpl - Instantiated session factory
21:22:59.351 [Test worker] DEBUG org.hibernate.type.spi.TypeConfiguration$Scope - Scoping TypeConfiguration [org.hibernate.type.spi.TypeConfiguration@13a569f1] to SessionFactoryImpl [org.hibernate.internal.SessionFactoryImpl@3631698c]
21:22:59.351 [Test worker] DEBUG org.hibernate.boot.internal.ClassLoaderAccessImpl - Not known whether passed class name [domain.Functie] is safe
21:22:59.351 [Test worker] DEBUG org.hibernate.boot.internal.ClassLoaderAccessImpl - No temp ClassLoader provided; using live ClassLoader for loading potentially unsafe class : domain.Functie
21:22:59.351 [Test worker] DEBUG org.hibernate.boot.internal.ClassLoaderAccessImpl - Not known whether passed class name [domain.Departament] is safe
21:22:59.351 [Test worker] DEBUG org.hibernate.boot.internal.ClassLoaderAccessImpl - No temp ClassLoader provided; using live ClassLoader for loading potentially unsafe class : domain.Departament
21:22:59.367 [Test worker] DEBUG org.hibernate.boot.internal.ClassLoaderAccessImpl - Not known whether passed class name [domain.Angajat] is safe
21:22:59.367 [Test worker] DEBUG org.hibernate.boot.internal.ClassLoaderAccessImpl - No temp ClassLoader provided; using live ClassLoader for loading potentially unsafe class : domain.Angajat
21:22:59.367 [Test worker] DEBUG org.hibernate.boot.internal.ClassLoaderAccessImpl - Not known whether passed class name [domain.Proiect] is safe
21:22:59.367 [Test worker] DEBUG org.hibernate.boot.internal.ClassLoaderAccessImpl - No temp ClassLoader provided; using live ClassLoader for loading potentially unsafe class : domain.Proiect
21:22:59.367 [Test worker] DEBUG org.hibernate.boot.internal.ClassLoaderAccessImpl - Not known whether passed class name [domain.Concediu] is safe
21:22:59.367 [Test worker] DEBUG org.hibernate.boot.internal.ClassLoaderAccessImpl - No temp ClassLoader provided; using live ClassLoader for loading potentially unsafe class : domain.Concediu
21:22:59.382 [Test worker] DEBUG org.hibernate.persister.collection.AbstractCollectionPersister - Static SQL for collection: domain.Angajat.proiecte
21:22:59.382 [Test worker] DEBUG org.hibernate.persister.collection.AbstractCollectionPersister -  Row insert: insert into angajati_proiecte (id_angajat, id_proiect) values (?, ?)
21:22:59.382 [Test worker] DEBUG org.hibernate.persister.collection.AbstractCollectionPersister -  Row update: update angajati_proiecte set id_proiect=? where id_angajat=? and id_proiect=?
21:22:59.382 [Test worker] DEBUG org.hibernate.persister.collection.AbstractCollectionPersister -  Row delete: delete from angajati_proiecte where id_angajat=? and id_proiect=?
21:22:59.382 [Test worker] DEBUG org.hibernate.persister.collection.AbstractCollectionPersister -  One-shot delete: delete from angajati_proiecte where id_angajat=?
21:22:59.382 [Test worker] DEBUG org.hibernate.persister.collection.AbstractCollectionPersister - Static SQL for collection: domain.Angajat.concedii
21:22:59.382 [Test worker] DEBUG org.hibernate.persister.collection.AbstractCollectionPersister -  Row insert: update concedii set id_angajat=? where id=?
21:22:59.382 [Test worker] DEBUG org.hibernate.persister.collection.AbstractCollectionPersister -  Row update: update concedii set  where id=?
21:22:59.382 [Test worker] DEBUG org.hibernate.persister.collection.AbstractCollectionPersister -  Row delete: update concedii set id_angajat=null where id_angajat=? and id=?
21:22:59.382 [Test worker] DEBUG org.hibernate.persister.collection.AbstractCollectionPersister -  One-shot delete: update concedii set id_angajat=null where id_angajat=?
21:22:59.382 [Test worker] DEBUG org.hibernate.persister.collection.AbstractCollectionPersister - Static SQL for collection: domain.Angajat.departamente
21:22:59.382 [Test worker] DEBUG org.hibernate.persister.collection.AbstractCollectionPersister -  Row insert: insert into angajati_departamente (id_angajat, id_departament) values (?, ?)
21:22:59.382 [Test worker] DEBUG org.hibernate.persister.collection.AbstractCollectionPersister -  Row update: update angajati_departamente set id_departament=? where id_angajat=? and id_departament=?
21:22:59.382 [Test worker] DEBUG org.hibernate.persister.collection.AbstractCollectionPersister -  Row delete: delete from angajati_departamente where id_angajat=? and id_departament=?
21:22:59.382 [Test worker] DEBUG org.hibernate.persister.collection.AbstractCollectionPersister -  One-shot delete: delete from angajati_departamente where id_angajat=?
21:22:59.382 [Test worker] DEBUG org.hibernate.persister.entity.AbstractEntityPersister - Static SQL for entity: domain.Functie
21:22:59.382 [Test worker] DEBUG org.hibernate.persister.entity.AbstractEntityPersister -  Version select: select id from functii where id =?
21:22:59.382 [Test worker] DEBUG org.hibernate.persister.entity.AbstractEntityPersister -  Snapshot select: select functie_.id, functie_.salar_de_baza as salar_de2_5_ from functii functie_ where functie_.id=?
21:22:59.382 [Test worker] DEBUG org.hibernate.persister.entity.AbstractEntityPersister -  Insert 0: insert into functii (salar_de_baza, id) values (?, ?)
21:22:59.382 [Test worker] DEBUG org.hibernate.persister.entity.AbstractEntityPersister -  Update 0: update functii set salar_de_baza=? where id=?
21:22:59.382 [Test worker] DEBUG org.hibernate.persister.entity.AbstractEntityPersister -  Delete 0: delete from functii where id=?
21:22:59.382 [Test worker] DEBUG org.hibernate.persister.entity.AbstractEntityPersister -  Identity insert: insert into functii (salar_de_baza) values (?)
21:22:59.382 [Test worker] DEBUG org.hibernate.loader.plan.build.internal.spaces.QuerySpacesImpl - Adding QuerySpace : uid = <gen:0> -> org.hibernate.loader.plan.build.internal.spaces.EntityQuerySpaceImpl@6ed3ede]
21:22:59.382 [Test worker] DEBUG org.hibernate.persister.walking.spi.MetamodelGraphWalker - Visiting attribute path : salarDeBaza
21:22:59.382 [Test worker] DEBUG org.hibernate.loader.plan.build.internal.FetchStyleLoadPlanBuildingAssociationVisitationStrategy - Building LoadPlan...
21:22:59.382 [Test worker] DEBUG org.hibernate.loader.plan.exec.internal.LoadQueryJoinAndFetchProcessor - processing queryspace <gen:0>
21:22:59.382 [Test worker] DEBUG org.hibernate.loader.plan.build.spi.LoadPlanTreePrinter - LoadPlan(entity=domain.Functie)
    - Returns
       - EntityReturnImpl(entity=domain.Functie, querySpaceUid=<gen:0>, path=domain.Functie)
    - QuerySpaces
       - EntityQuerySpaceImpl(uid=<gen:0>, entity=domain.Functie)
          - SQL table alias mapping - functie0_
          - alias suffix - 0_
          - suffixed key columns - {id1_5_0_}

21:22:59.382 [Test worker] DEBUG org.hibernate.loader.entity.plan.EntityLoader - Static select for entity domain.Functie [NONE]: select functie0_.id as id1_5_0_, functie0_.salar_de_baza as salar_de2_5_0_ from functii functie0_ where functie0_.id=?
21:22:59.382 [Test worker] DEBUG org.hibernate.persister.entity.AbstractEntityPersister - Static SQL for entity: domain.Departament
21:22:59.382 [Test worker] DEBUG org.hibernate.persister.entity.AbstractEntityPersister -  Version select: select id from departamente where id =?
21:22:59.382 [Test worker] DEBUG org.hibernate.persister.entity.AbstractEntityPersister -  Snapshot select: select departamen_.id, departamen_.id_director as id_direc2_4_ from departamente departamen_ where departamen_.id=?
21:22:59.382 [Test worker] DEBUG org.hibernate.persister.entity.AbstractEntityPersister -  Insert 0: insert into departamente (id_director, id) values (?, ?)
21:22:59.382 [Test worker] DEBUG org.hibernate.persister.entity.AbstractEntityPersister -  Update 0: update departamente set id_director=? where id=?
21:22:59.382 [Test worker] DEBUG org.hibernate.persister.entity.AbstractEntityPersister -  Delete 0: delete from departamente where id=?
21:22:59.382 [Test worker] DEBUG org.hibernate.persister.entity.AbstractEntityPersister -  Identity insert: insert into departamente (id_director) values (?)
21:22:59.382 [Test worker] DEBUG org.hibernate.loader.plan.build.internal.spaces.QuerySpacesImpl - Adding QuerySpace : uid = <gen:0> -> org.hibernate.loader.plan.build.internal.spaces.EntityQuerySpaceImpl@54a442e6]
21:22:59.382 [Test worker] DEBUG org.hibernate.persister.walking.spi.MetamodelGraphWalker - Visiting attribute path : idDirector
21:22:59.382 [Test worker] DEBUG org.hibernate.loader.plan.build.internal.FetchStyleLoadPlanBuildingAssociationVisitationStrategy - Building LoadPlan...
21:22:59.382 [Test worker] DEBUG org.hibernate.loader.plan.exec.internal.LoadQueryJoinAndFetchProcessor - processing queryspace <gen:0>
21:22:59.382 [Test worker] DEBUG org.hibernate.loader.plan.build.spi.LoadPlanTreePrinter - LoadPlan(entity=domain.Departament)
    - Returns
       - EntityReturnImpl(entity=domain.Departament, querySpaceUid=<gen:0>, path=domain.Departament)
    - QuerySpaces
       - EntityQuerySpaceImpl(uid=<gen:0>, entity=domain.Departament)
          - SQL table alias mapping - departamen0_
          - alias suffix - 0_
          - suffixed key columns - {id1_4_0_}

21:22:59.382 [Test worker] DEBUG org.hibernate.loader.entity.plan.EntityLoader - Static select for entity domain.Departament [NONE]: select departamen0_.id as id1_4_0_, departamen0_.id_director as id_direc2_4_0_ from departamente departamen0_ where departamen0_.id=?
21:22:59.382 [Test worker] DEBUG org.hibernate.persister.entity.AbstractEntityPersister - Static SQL for entity: domain.Angajat
21:22:59.382 [Test worker] DEBUG org.hibernate.persister.entity.AbstractEntityPersister -  Version select: select id from angajati where id =?
21:22:59.382 [Test worker] DEBUG org.hibernate.persister.entity.AbstractEntityPersister -  Snapshot select: select angajat_.id, angajat_.data_angajare as data_ang2_0_, angajat_.functie_id as functie_4_0_, angajat_.id_superior as id_super3_0_ from angajati angajat_ where angajat_.id=?
21:22:59.382 [Test worker] DEBUG org.hibernate.persister.entity.AbstractEntityPersister -  Insert 0: insert into angajati (data_angajare, functie_id, id_superior, id) values (?, ?, ?, ?)
21:22:59.382 [Test worker] DEBUG org.hibernate.persister.entity.AbstractEntityPersister -  Update 0: update angajati set data_angajare=?, functie_id=?, id_superior=? where id=?
21:22:59.382 [Test worker] DEBUG org.hibernate.persister.entity.AbstractEntityPersister -  Delete 0: delete from angajati where id=?
21:22:59.382 [Test worker] DEBUG org.hibernate.persister.entity.AbstractEntityPersister -  Identity insert: insert into angajati (data_angajare, functie_id, id_superior) values (?, ?, ?)
21:22:59.382 [Test worker] DEBUG org.hibernate.loader.plan.build.internal.spaces.QuerySpacesImpl - Adding QuerySpace : uid = <gen:0> -> org.hibernate.loader.plan.build.internal.spaces.EntityQuerySpaceImpl@73505632]
21:22:59.382 [Test worker] DEBUG org.hibernate.persister.walking.spi.MetamodelGraphWalker - Visiting attribute path : concedii
21:22:59.382 [Test worker] DEBUG org.hibernate.loader.plan.build.internal.spaces.QuerySpacesImpl - Adding QuerySpace : uid = <gen:1> -> org.hibernate.loader.plan.build.internal.spaces.CollectionQuerySpaceImpl@3ed593d8]
21:22:59.382 [Test worker] DEBUG org.hibernate.loader.plan.build.internal.spaces.QuerySpacesImpl - Adding QuerySpace : uid = <gen:2> -> org.hibernate.loader.plan.build.internal.spaces.EntityQuerySpaceImpl@64c0584]
21:22:59.382 [Test worker] DEBUG org.hibernate.persister.walking.spi.MetamodelGraphWalker - Visiting attribute path : dataAngajare
21:22:59.382 [Test worker] DEBUG org.hibernate.persister.walking.spi.MetamodelGraphWalker - Visiting attribute path : departamente
21:22:59.382 [Test worker] DEBUG org.hibernate.loader.plan.build.internal.spaces.QuerySpacesImpl - Adding QuerySpace : uid = <gen:3> -> org.hibernate.loader.plan.build.internal.spaces.CollectionQuerySpaceImpl@77dc22b9]
21:22:59.382 [Test worker] DEBUG org.hibernate.loader.plan.build.internal.spaces.QuerySpacesImpl - Adding QuerySpace : uid = <gen:4> -> org.hibernate.loader.plan.build.internal.spaces.EntityQuerySpaceImpl@3d5c5da7]
21:22:59.382 [Test worker] DEBUG org.hibernate.persister.walking.spi.MetamodelGraphWalker - Visiting attribute path : functie
21:22:59.382 [Test worker] DEBUG org.hibernate.loader.plan.build.internal.spaces.QuerySpacesImpl - Adding QuerySpace : uid = <gen:5> -> org.hibernate.loader.plan.build.internal.spaces.EntityQuerySpaceImpl@2f854287]
21:22:59.382 [Test worker] DEBUG org.hibernate.persister.walking.spi.MetamodelGraphWalker - Visiting attribute path : functie.salarDeBaza
21:22:59.382 [Test worker] DEBUG org.hibernate.persister.walking.spi.MetamodelGraphWalker - Visiting attribute path : idSuperior
21:22:59.382 [Test worker] DEBUG org.hibernate.persister.walking.spi.MetamodelGraphWalker - Visiting attribute path : proiecte
21:22:59.382 [Test worker] DEBUG org.hibernate.loader.plan.build.internal.spaces.QuerySpacesImpl - Adding QuerySpace : uid = <gen:6> -> org.hibernate.loader.plan.build.internal.spaces.CollectionQuerySpaceImpl@5fdc28b5]
21:22:59.382 [Test worker] DEBUG org.hibernate.loader.plan.build.internal.spaces.QuerySpacesImpl - Adding QuerySpace : uid = <gen:7> -> org.hibernate.loader.plan.build.internal.spaces.EntityQuerySpaceImpl@b2f78c]
21:22:59.382 [Test worker] DEBUG org.hibernate.loader.plan.build.internal.FetchStyleLoadPlanBuildingAssociationVisitationStrategy - Building LoadPlan...
21:22:59.382 [Test worker] DEBUG org.hibernate.loader.plan.exec.internal.LoadQueryJoinAndFetchProcessor - processing queryspace <gen:0>
21:22:59.382 [Test worker] DEBUG org.hibernate.loader.plan.build.spi.LoadPlanTreePrinter - LoadPlan(entity=domain.Angajat)
    - Returns
       - EntityReturnImpl(entity=domain.Angajat, querySpaceUid=<gen:0>, path=domain.Angajat)
          - CollectionAttributeFetchImpl(collection=domain.Angajat.concedii, querySpaceUid=<gen:1>, path=domain.Angajat.concedii)
             - (collection element) CollectionFetchableElementEntityGraph(entity=domain.Concediu, querySpaceUid=<gen:2>, path=domain.Angajat.concedii.<elements>)
          - CollectionAttributeFetchImpl(collection=domain.Angajat.departamente, querySpaceUid=<gen:3>, path=domain.Angajat.departamente)
             - (collection element) CollectionFetchableElementEntityGraph(entity=domain.Departament, querySpaceUid=<gen:4>, path=domain.Angajat.departamente.<elements>)
          - EntityAttributeFetchImpl(entity=domain.Functie, querySpaceUid=<gen:5>, path=domain.Angajat.functie)
          - CollectionAttributeFetchImpl(collection=domain.Angajat.proiecte, querySpaceUid=<gen:6>, path=domain.Angajat.proiecte)
             - (collection element) CollectionFetchableElementEntityGraph(entity=domain.Proiect, querySpaceUid=<gen:7>, path=domain.Angajat.proiecte.<elements>)
    - QuerySpaces
       - EntityQuerySpaceImpl(uid=<gen:0>, entity=domain.Angajat)
          - SQL table alias mapping - angajat0_
          - alias suffix - 0_
          - suffixed key columns - {id1_0_0_}
          - JOIN (JoinDefinedByMetadata(functie)) : <gen:0> -> <gen:5>
             - EntityQuerySpaceImpl(uid=<gen:5>, entity=domain.Functie)
                - SQL table alias mapping - functie1_
                - alias suffix - 1_
                - suffixed key columns - {id1_5_1_}

21:22:59.382 [Test worker] DEBUG org.hibernate.loader.entity.plan.EntityLoader - Static select for entity domain.Angajat [NONE]: select angajat0_.id as id1_0_0_, angajat0_.data_angajare as data_ang2_0_0_, angajat0_.functie_id as functie_4_0_0_, angajat0_.id_superior as id_super3_0_0_, functie1_.id as id1_5_1_, functie1_.salar_de_baza as salar_de2_5_1_ from angajati angajat0_ left outer join functii functie1_ on angajat0_.functie_id=functie1_.id where angajat0_.id=?
21:22:59.382 [Test worker] DEBUG org.hibernate.persister.entity.AbstractEntityPersister - Static SQL for entity: domain.Proiect
21:22:59.382 [Test worker] DEBUG org.hibernate.persister.entity.AbstractEntityPersister -  Version select: select id from proiecte where id =?
21:22:59.382 [Test worker] DEBUG org.hibernate.persister.entity.AbstractEntityPersister -  Snapshot select: select proiect_.id, proiect_.data_inceput as data_inc2_6_, proiect_.deadline as deadline3_6_ from proiecte proiect_ where proiect_.id=?
21:22:59.382 [Test worker] DEBUG org.hibernate.persister.entity.AbstractEntityPersister -  Insert 0: insert into proiecte (data_inceput, deadline, id) values (?, ?, ?)
21:22:59.382 [Test worker] DEBUG org.hibernate.persister.entity.AbstractEntityPersister -  Update 0: update proiecte set data_inceput=?, deadline=? where id=?
21:22:59.382 [Test worker] DEBUG org.hibernate.persister.entity.AbstractEntityPersister -  Delete 0: delete from proiecte where id=?
21:22:59.382 [Test worker] DEBUG org.hibernate.persister.entity.AbstractEntityPersister -  Identity insert: insert into proiecte (data_inceput, deadline) values (?, ?)
21:22:59.382 [Test worker] DEBUG org.hibernate.loader.plan.build.internal.spaces.QuerySpacesImpl - Adding QuerySpace : uid = <gen:0> -> org.hibernate.loader.plan.build.internal.spaces.EntityQuerySpaceImpl@5a60c67]
21:22:59.382 [Test worker] DEBUG org.hibernate.persister.walking.spi.MetamodelGraphWalker - Visiting attribute path : dataInceput
21:22:59.382 [Test worker] DEBUG org.hibernate.persister.walking.spi.MetamodelGraphWalker - Visiting attribute path : deadline
21:22:59.382 [Test worker] DEBUG org.hibernate.loader.plan.build.internal.FetchStyleLoadPlanBuildingAssociationVisitationStrategy - Building LoadPlan...
21:22:59.382 [Test worker] DEBUG org.hibernate.loader.plan.exec.internal.LoadQueryJoinAndFetchProcessor - processing queryspace <gen:0>
21:22:59.382 [Test worker] DEBUG org.hibernate.loader.plan.build.spi.LoadPlanTreePrinter - LoadPlan(entity=domain.Proiect)
    - Returns
       - EntityReturnImpl(entity=domain.Proiect, querySpaceUid=<gen:0>, path=domain.Proiect)
    - QuerySpaces
       - EntityQuerySpaceImpl(uid=<gen:0>, entity=domain.Proiect)
          - SQL table alias mapping - proiect0_
          - alias suffix - 0_
          - suffixed key columns - {id1_6_0_}

21:22:59.382 [Test worker] DEBUG org.hibernate.loader.entity.plan.EntityLoader - Static select for entity domain.Proiect [NONE]: select proiect0_.id as id1_6_0_, proiect0_.data_inceput as data_inc2_6_0_, proiect0_.deadline as deadline3_6_0_ from proiecte proiect0_ where proiect0_.id=?
21:22:59.382 [Test worker] DEBUG org.hibernate.persister.entity.AbstractEntityPersister - Static SQL for entity: domain.Concediu
21:22:59.382 [Test worker] DEBUG org.hibernate.persister.entity.AbstractEntityPersister -  Version select: select id from concedii where id =?
21:22:59.382 [Test worker] DEBUG org.hibernate.persister.entity.AbstractEntityPersister -  Snapshot select: select concediu_.id, concediu_.id_angajat as id_angaj4_3_, concediu_.data_inceput as data_inc2_3_, concediu_.data_sfarsit as data_sfa3_3_ from concedii concediu_ where concediu_.id=?
21:22:59.382 [Test worker] DEBUG org.hibernate.persister.entity.AbstractEntityPersister -  Insert 0: insert into concedii (id_angajat, data_inceput, data_sfarsit, id) values (?, ?, ?, ?)
21:22:59.382 [Test worker] DEBUG org.hibernate.persister.entity.AbstractEntityPersister -  Update 0: update concedii set id_angajat=?, data_inceput=?, data_sfarsit=? where id=?
21:22:59.382 [Test worker] DEBUG org.hibernate.persister.entity.AbstractEntityPersister -  Delete 0: delete from concedii where id=?
21:22:59.382 [Test worker] DEBUG org.hibernate.persister.entity.AbstractEntityPersister -  Identity insert: insert into concedii (id_angajat, data_inceput, data_sfarsit) values (?, ?, ?)
21:22:59.382 [Test worker] DEBUG org.hibernate.loader.plan.build.internal.spaces.QuerySpacesImpl - Adding QuerySpace : uid = <gen:0> -> org.hibernate.loader.plan.build.internal.spaces.EntityQuerySpaceImpl@6a45b81e]
21:22:59.382 [Test worker] DEBUG org.hibernate.persister.walking.spi.MetamodelGraphWalker - Visiting attribute path : angajat
21:22:59.382 [Test worker] DEBUG org.hibernate.loader.plan.build.internal.spaces.QuerySpacesImpl - Adding QuerySpace : uid = <gen:1> -> org.hibernate.loader.plan.build.internal.spaces.EntityQuerySpaceImpl@48acd2b5]
21:22:59.382 [Test worker] DEBUG org.hibernate.persister.walking.spi.MetamodelGraphWalker - Visiting attribute path : dataInceput
21:22:59.382 [Test worker] DEBUG org.hibernate.persister.walking.spi.MetamodelGraphWalker - Visiting attribute path : dataSfarsit
21:22:59.382 [Test worker] DEBUG org.hibernate.loader.plan.build.internal.FetchStyleLoadPlanBuildingAssociationVisitationStrategy - Building LoadPlan...
21:22:59.382 [Test worker] DEBUG org.hibernate.loader.plan.exec.internal.LoadQueryJoinAndFetchProcessor - processing queryspace <gen:0>
21:22:59.382 [Test worker] DEBUG org.hibernate.loader.plan.build.spi.LoadPlanTreePrinter - LoadPlan(entity=domain.Concediu)
    - Returns
       - EntityReturnImpl(entity=domain.Concediu, querySpaceUid=<gen:0>, path=domain.Concediu)
          - EntityAttributeFetchImpl(entity=domain.Angajat, querySpaceUid=<gen:1>, path=domain.Concediu.angajat)
    - QuerySpaces
       - EntityQuerySpaceImpl(uid=<gen:0>, entity=domain.Concediu)
          - SQL table alias mapping - concediu0_
          - alias suffix - 0_
          - suffixed key columns - {id1_3_0_}

21:22:59.382 [Test worker] DEBUG org.hibernate.loader.entity.plan.EntityLoader - Static select for entity domain.Concediu [NONE]: select concediu0_.id as id1_3_0_, concediu0_.id_angajat as id_angaj4_3_0_, concediu0_.data_inceput as data_inc2_3_0_, concediu0_.data_sfarsit as data_sfa3_3_0_ from concedii concediu0_ where concediu0_.id=?
21:22:59.382 [Test worker] DEBUG org.hibernate.loader.plan.build.internal.spaces.QuerySpacesImpl - Adding QuerySpace : uid = <gen:0> -> org.hibernate.loader.plan.build.internal.spaces.CollectionQuerySpaceImpl@9d2e784]
21:22:59.382 [Test worker] DEBUG org.hibernate.loader.plan.build.internal.spaces.QuerySpacesImpl - Adding QuerySpace : uid = <gen:1> -> org.hibernate.loader.plan.build.internal.spaces.EntityQuerySpaceImpl@4e103be8]
21:22:59.382 [Test worker] DEBUG org.hibernate.persister.walking.spi.MetamodelGraphWalker - Visiting attribute path : dataInceput
21:22:59.382 [Test worker] DEBUG org.hibernate.persister.walking.spi.MetamodelGraphWalker - Visiting attribute path : deadline
21:22:59.382 [Test worker] DEBUG org.hibernate.loader.plan.build.internal.FetchStyleLoadPlanBuildingAssociationVisitationStrategy - Building LoadPlan...
21:22:59.382 [Test worker] DEBUG org.hibernate.loader.plan.exec.internal.LoadQueryJoinAndFetchProcessor - processing queryspace <gen:0>
21:22:59.382 [Test worker] DEBUG org.hibernate.loader.plan.build.spi.LoadPlanTreePrinter - LoadPlan(collection=domain.Angajat.proiecte)
    - Returns
       - CollectionReturnImpl(collection=domain.Angajat.proiecte, querySpaceUid=<gen:0>, path=[domain.Angajat.proiecte])
          - (collection element) CollectionFetchableElementEntityGraph(entity=domain.Proiect, querySpaceUid=<gen:1>, path=[domain.Angajat.proiecte].<elements>)
    - QuerySpaces
       - CollectionQuerySpaceImpl(uid=<gen:0>, collection=domain.Angajat.proiecte)
          - SQL table alias mapping - proiecte0_
          - alias suffix - 0_
          - suffixed key columns - {id_angaj1_2_0_}
          - entity-element alias suffix - 1_
          - 1_entity-element suffixed key columns - id1_6_1_
          - JOIN (JoinDefinedByMetadata(elements)) : <gen:0> -> <gen:1>
             - EntityQuerySpaceImpl(uid=<gen:1>, entity=domain.Proiect)
                - SQL table alias mapping - proiect1_
                - alias suffix - 1_
                - suffixed key columns - {id1_6_1_}

21:22:59.382 [Test worker] DEBUG org.hibernate.loader.collection.plan.CollectionLoader - Static select for collection domain.Angajat.proiecte: select proiecte0_.id_angajat as id_angaj1_2_0_, proiecte0_.id_proiect as id_proie2_2_0_, proiect1_.id as id1_6_1_, proiect1_.data_inceput as data_inc2_6_1_, proiect1_.deadline as deadline3_6_1_ from angajati_proiecte proiecte0_ inner join proiecte proiect1_ on proiecte0_.id_proiect=proiect1_.id where proiecte0_.id_angajat=?
21:22:59.382 [Test worker] DEBUG org.hibernate.loader.plan.build.internal.spaces.QuerySpacesImpl - Adding QuerySpace : uid = <gen:0> -> org.hibernate.loader.plan.build.internal.spaces.CollectionQuerySpaceImpl@6255376d]
21:22:59.382 [Test worker] DEBUG org.hibernate.loader.plan.build.internal.spaces.QuerySpacesImpl - Adding QuerySpace : uid = <gen:1> -> org.hibernate.loader.plan.build.internal.spaces.EntityQuerySpaceImpl@2dd58fb4]
21:22:59.382 [Test worker] DEBUG org.hibernate.persister.walking.spi.MetamodelGraphWalker - Visiting attribute path : angajat
21:22:59.382 [Test worker] DEBUG org.hibernate.persister.walking.spi.MetamodelGraphWalker - Property path deemed to be circular : angajat
21:22:59.382 [Test worker] DEBUG org.hibernate.persister.walking.spi.MetamodelGraphWalker - Visiting attribute path : dataInceput
21:22:59.382 [Test worker] DEBUG org.hibernate.persister.walking.spi.MetamodelGraphWalker - Visiting attribute path : dataSfarsit
21:22:59.382 [Test worker] DEBUG org.hibernate.loader.plan.build.internal.FetchStyleLoadPlanBuildingAssociationVisitationStrategy - Building LoadPlan...
21:22:59.382 [Test worker] DEBUG org.hibernate.loader.plan.exec.internal.LoadQueryJoinAndFetchProcessor - processing queryspace <gen:0>
21:22:59.382 [Test worker] DEBUG org.hibernate.loader.plan.build.spi.LoadPlanTreePrinter - LoadPlan(collection=domain.Angajat.concedii)
    - Returns
       - CollectionReturnImpl(collection=domain.Angajat.concedii, querySpaceUid=<gen:0>, path=[domain.Angajat.concedii])
          - (collection element) CollectionFetchableElementEntityGraph(entity=domain.Concediu, querySpaceUid=<gen:1>, path=[domain.Angajat.concedii].<elements>)
    - QuerySpaces
       - CollectionQuerySpaceImpl(uid=<gen:0>, collection=domain.Angajat.concedii)
          - SQL table alias mapping - concedii0_
          - alias suffix - 0_
          - suffixed key columns - {id_angaj4_3_0_}
          - entity-element alias suffix - 1_
          - 1_entity-element suffixed key columns - id1_3_1_
          - JOIN (JoinDefinedByMetadata(elements)) : <gen:0> -> <gen:1>
             - EntityQuerySpaceImpl(uid=<gen:1>, entity=domain.Concediu)
                - SQL table alias mapping - concedii0_
                - alias suffix - 1_
                - suffixed key columns - {id1_3_1_}

21:22:59.382 [Test worker] DEBUG org.hibernate.loader.collection.plan.CollectionLoader - Static select for collection domain.Angajat.concedii: select concedii0_.id_angajat as id_angaj4_3_0_, concedii0_.id as id1_3_0_, concedii0_.id as id1_3_1_, concedii0_.id_angajat as id_angaj4_3_1_, concedii0_.data_inceput as data_inc2_3_1_, concedii0_.data_sfarsit as data_sfa3_3_1_ from concedii concedii0_ where concedii0_.id_angajat=?
21:22:59.382 [Test worker] DEBUG org.hibernate.loader.plan.build.internal.spaces.QuerySpacesImpl - Adding QuerySpace : uid = <gen:0> -> org.hibernate.loader.plan.build.internal.spaces.CollectionQuerySpaceImpl@723febab]
21:22:59.382 [Test worker] DEBUG org.hibernate.loader.plan.build.internal.spaces.QuerySpacesImpl - Adding QuerySpace : uid = <gen:1> -> org.hibernate.loader.plan.build.internal.spaces.EntityQuerySpaceImpl@73166277]
21:22:59.382 [Test worker] DEBUG org.hibernate.persister.walking.spi.MetamodelGraphWalker - Visiting attribute path : idDirector
21:22:59.382 [Test worker] DEBUG org.hibernate.loader.plan.build.internal.FetchStyleLoadPlanBuildingAssociationVisitationStrategy - Building LoadPlan...
21:22:59.382 [Test worker] DEBUG org.hibernate.loader.plan.exec.internal.LoadQueryJoinAndFetchProcessor - processing queryspace <gen:0>
21:22:59.382 [Test worker] DEBUG org.hibernate.loader.plan.build.spi.LoadPlanTreePrinter - LoadPlan(collection=domain.Angajat.departamente)
    - Returns
       - CollectionReturnImpl(collection=domain.Angajat.departamente, querySpaceUid=<gen:0>, path=[domain.Angajat.departamente])
          - (collection element) CollectionFetchableElementEntityGraph(entity=domain.Departament, querySpaceUid=<gen:1>, path=[domain.Angajat.departamente].<elements>)
    - QuerySpaces
       - CollectionQuerySpaceImpl(uid=<gen:0>, collection=domain.Angajat.departamente)
          - SQL table alias mapping - departamen0_
          - alias suffix - 0_
          - suffixed key columns - {id_angaj1_1_0_}
          - entity-element alias suffix - 1_
          - 1_entity-element suffixed key columns - id1_4_1_
          - JOIN (JoinDefinedByMetadata(elements)) : <gen:0> -> <gen:1>
             - EntityQuerySpaceImpl(uid=<gen:1>, entity=domain.Departament)
                - SQL table alias mapping - departamen1_
                - alias suffix - 1_
                - suffixed key columns - {id1_4_1_}

21:22:59.382 [Test worker] DEBUG org.hibernate.loader.collection.plan.CollectionLoader - Static select for collection domain.Angajat.departamente: select departamen0_.id_angajat as id_angaj1_1_0_, departamen0_.id_departament as id_depar2_1_0_, departamen1_.id as id1_4_1_, departamen1_.id_director as id_direc2_4_1_ from angajati_departamente departamen0_ inner join departamente departamen1_ on departamen0_.id_departament=departamen1_.id where departamen0_.id_angajat=?
21:22:59.382 [Test worker] INFO org.hibernate.orm.connections.access - HHH10001501: Connection obtained from JdbcConnectionAccess [org.hibernate.engine.jdbc.env.internal.JdbcEnvironmentInitiator$ConnectionProviderJdbcConnectionAccess@6f2465d0] for (non-JTA) DDL execution was not in auto-commit mode; the Connection 'local transaction' will be committed and the Connection will be set into auto-commit mode.
21:22:59.382 [Test worker] DEBUG org.hibernate.mapping.Table - No alter strings for table : angajati
21:22:59.382 [Test worker] DEBUG org.hibernate.mapping.Table - No alter strings for table : angajati_departamente
21:22:59.382 [Test worker] DEBUG org.hibernate.mapping.Table - No alter strings for table : angajati_proiecte
21:22:59.382 [Test worker] DEBUG org.hibernate.mapping.Table - No alter strings for table : concedii
21:22:59.382 [Test worker] DEBUG org.hibernate.mapping.Table - No alter strings for table : departamente
21:22:59.382 [Test worker] DEBUG org.hibernate.mapping.Table - No alter strings for table : functii
21:22:59.382 [Test worker] DEBUG org.hibernate.mapping.Table - No alter strings for table : proiecte
21:22:59.382 [Test worker] DEBUG org.hibernate.query.spi.NamedQueryRepository - Checking 0 named HQL queries
21:22:59.382 [Test worker] DEBUG org.hibernate.query.spi.NamedQueryRepository - Checking 0 named SQL queries
21:22:59.382 [Test worker] DEBUG org.hibernate.internal.SessionFactoryRegistry - Registering SessionFactory: 207f3f30-b6c3-4960-a344-a11fc7a7ac7e (<unnamed>)
21:22:59.382 [Test worker] DEBUG org.hibernate.internal.SessionFactoryRegistry - Not binding SessionFactory to JNDI, no JNDI name configured
21:22:59.382 [Test worker] DEBUG org.hibernate.integrator.internal.IntegratorServiceImpl - Adding Integrator [org.hibernate.cfg.beanvalidation.BeanValidationIntegrator].
21:22:59.382 [Test worker] DEBUG org.hibernate.integrator.internal.IntegratorServiceImpl - Adding Integrator [org.hibernate.secure.spi.JaccIntegrator].
21:22:59.382 [Test worker] DEBUG org.hibernate.integrator.internal.IntegratorServiceImpl - Adding Integrator [org.hibernate.cache.internal.CollectionCacheInvalidator].
21:22:59.382 [Test worker] DEBUG org.hibernate.boot.jaxb.internal.stax.LocalXmlResourceResolver - Interpreting public/system identifier : [-//Hibernate/Hibernate Configuration DTD 3.0//EN] - [http://hibernate.org/dtd/hibernate-configuration-3.0.dtd]
21:22:59.429 [Test worker] DEBUG org.hibernate.boot.cfgxml.internal.JaxbCfgProcessor - cfg.xml document did not define namespaces; wrapping in custom event reader to introduce namespace information
21:22:59.429 [Test worker] DEBUG org.hibernate.service.spi.ServiceBinding - Overriding existing service binding [org.hibernate.secure.spi.JaccService]
21:22:59.429 [Test worker] DEBUG org.hibernate.cache.internal.RegionFactoryInitiator - Cannot default RegionFactory based on registered strategies as `[]` RegionFactory strategies were registered
21:22:59.429 [Test worker] DEBUG org.hibernate.cache.internal.RegionFactoryInitiator - Cache region factory : org.hibernate.cache.internal.NoCachingRegionFactory
21:22:59.445 [Test worker] DEBUG org.hibernate.type.BasicTypeRegistry - Adding type registration boolean -> org.hibernate.type.BooleanType@121b529f
21:22:59.445 [Test worker] DEBUG org.hibernate.type.BasicTypeRegistry - Adding type registration boolean -> org.hibernate.type.BooleanType@121b529f
21:22:59.445 [Test worker] DEBUG org.hibernate.type.BasicTypeRegistry - Adding type registration java.lang.Boolean -> org.hibernate.type.BooleanType@121b529f
21:22:59.445 [Test worker] DEBUG org.hibernate.type.BasicTypeRegistry - Adding type registration numeric_boolean -> org.hibernate.type.NumericBooleanType@7dc81433
21:22:59.445 [Test worker] DEBUG org.hibernate.type.BasicTypeRegistry - Adding type registration true_false -> org.hibernate.type.TrueFalseType@60c371da
21:22:59.445 [Test worker] DEBUG org.hibernate.type.BasicTypeRegistry - Adding type registration yes_no -> org.hibernate.type.YesNoType@51ef89fc
21:22:59.445 [Test worker] DEBUG org.hibernate.type.BasicTypeRegistry - Adding type registration byte -> org.hibernate.type.ByteType@1502feca
21:22:59.445 [Test worker] DEBUG org.hibernate.type.BasicTypeRegistry - Adding type registration byte -> org.hibernate.type.ByteType@1502feca
21:22:59.445 [Test worker] DEBUG org.hibernate.type.BasicTypeRegistry - Adding type registration java.lang.Byte -> org.hibernate.type.ByteType@1502feca
21:22:59.445 [Test worker] DEBUG org.hibernate.type.BasicTypeRegistry - Adding type registration character -> org.hibernate.type.CharacterType@5aca38b4
21:22:59.445 [Test worker] DEBUG org.hibernate.type.BasicTypeRegistry - Adding type registration char -> org.hibernate.type.CharacterType@5aca38b4
21:22:59.445 [Test worker] DEBUG org.hibernate.type.BasicTypeRegistry - Adding type registration java.lang.Character -> org.hibernate.type.CharacterType@5aca38b4
21:22:59.445 [Test worker] DEBUG org.hibernate.type.BasicTypeRegistry - Adding type registration short -> org.hibernate.type.ShortType@212db0b9
21:22:59.445 [Test worker] DEBUG org.hibernate.type.BasicTypeRegistry - Adding type registration short -> org.hibernate.type.ShortType@212db0b9
21:22:59.445 [Test worker] DEBUG org.hibernate.type.BasicTypeRegistry - Adding type registration java.lang.Short -> org.hibernate.type.ShortType@212db0b9
21:22:59.445 [Test worker] DEBUG org.hibernate.type.BasicTypeRegistry - Adding type registration integer -> org.hibernate.type.IntegerType@14f541d2
21:22:59.445 [Test worker] DEBUG org.hibernate.type.BasicTypeRegistry - Adding type registration int -> org.hibernate.type.IntegerType@14f541d2
21:22:59.445 [Test worker] DEBUG org.hibernate.type.BasicTypeRegistry - Adding type registration java.lang.Integer -> org.hibernate.type.IntegerType@14f541d2
21:22:59.445 [Test worker] DEBUG org.hibernate.type.BasicTypeRegistry - Adding type registration long -> org.hibernate.type.LongType@357c5fef
21:22:59.445 [Test worker] DEBUG org.hibernate.type.BasicTypeRegistry - Adding type registration long -> org.hibernate.type.LongType@357c5fef
21:22:59.445 [Test worker] DEBUG org.hibernate.type.BasicTypeRegistry - Adding type registration java.lang.Long -> org.hibernate.type.LongType@357c5fef
21:22:59.445 [Test worker] DEBUG org.hibernate.type.BasicTypeRegistry - Adding type registration float -> org.hibernate.type.FloatType@68835e55
21:22:59.445 [Test worker] DEBUG org.hibernate.type.BasicTypeRegistry - Adding type registration float -> org.hibernate.type.FloatType@68835e55
21:22:59.445 [Test worker] DEBUG org.hibernate.type.BasicTypeRegistry - Adding type registration java.lang.Float -> org.hibernate.type.FloatType@68835e55
21:22:59.445 [Test worker] DEBUG org.hibernate.type.BasicTypeRegistry - Adding type registration double -> org.hibernate.type.DoubleType@1db8c4bf
21:22:59.445 [Test worker] DEBUG org.hibernate.type.BasicTypeRegistry - Adding type registration double -> org.hibernate.type.DoubleType@1db8c4bf
21:22:59.445 [Test worker] DEBUG org.hibernate.type.BasicTypeRegistry - Adding type registration java.lang.Double -> org.hibernate.type.DoubleType@1db8c4bf
21:22:59.445 [Test worker] DEBUG org.hibernate.type.BasicTypeRegistry - Adding type registration big_decimal -> org.hibernate.type.BigDecimalType@2bd9f5a7
21:22:59.445 [Test worker] DEBUG org.hibernate.type.BasicTypeRegistry - Adding type registration java.math.BigDecimal -> org.hibernate.type.BigDecimalType@2bd9f5a7
21:22:59.445 [Test worker] DEBUG org.hibernate.type.BasicTypeRegistry - Adding type registration big_integer -> org.hibernate.type.BigIntegerType@67766712
21:22:59.445 [Test worker] DEBUG org.hibernate.type.BasicTypeRegistry - Adding type registration java.math.BigInteger -> org.hibernate.type.BigIntegerType@67766712
21:22:59.445 [Test worker] DEBUG org.hibernate.type.BasicTypeRegistry - Adding type registration string -> org.hibernate.type.StringType@5abe721f
21:22:59.445 [Test worker] DEBUG org.hibernate.type.BasicTypeRegistry - Adding type registration java.lang.String -> org.hibernate.type.StringType@5abe721f
21:22:59.445 [Test worker] DEBUG org.hibernate.type.BasicTypeRegistry - Adding type registration nstring -> org.hibernate.type.StringNVarcharType@5ca83c4b
21:22:59.445 [Test worker] DEBUG org.hibernate.type.BasicTypeRegistry - Adding type registration ncharacter -> org.hibernate.type.CharacterNCharType@181579aa
21:22:59.445 [Test worker] DEBUG org.hibernate.type.BasicTypeRegistry - Adding type registration url -> org.hibernate.type.UrlType@2d95e7ff
21:22:59.445 [Test worker] DEBUG org.hibernate.type.BasicTypeRegistry - Adding type registration java.net.URL -> org.hibernate.type.UrlType@2d95e7ff
21:22:59.445 [Test worker] DEBUG org.hibernate.type.BasicTypeRegistry - Adding type registration Duration -> org.hibernate.type.DurationType@1f6d6ec5
21:22:59.445 [Test worker] DEBUG org.hibernate.type.BasicTypeRegistry - Adding type registration java.time.Duration -> org.hibernate.type.DurationType@1f6d6ec5
21:22:59.445 [Test worker] DEBUG org.hibernate.type.BasicTypeRegistry - Adding type registration Instant -> org.hibernate.type.InstantType@799b3880
21:22:59.445 [Test worker] DEBUG org.hibernate.type.BasicTypeRegistry - Adding type registration java.time.Instant -> org.hibernate.type.InstantType@799b3880
21:22:59.445 [Test worker] DEBUG org.hibernate.type.BasicTypeRegistry - Adding type registration LocalDateTime -> org.hibernate.type.LocalDateTimeType@3c9b7dcd
21:22:59.445 [Test worker] DEBUG org.hibernate.type.BasicTypeRegistry - Adding type registration java.time.LocalDateTime -> org.hibernate.type.LocalDateTimeType@3c9b7dcd
21:22:59.445 [Test worker] DEBUG org.hibernate.type.BasicTypeRegistry - Adding type registration LocalDate -> org.hibernate.type.LocalDateType@73b9d317
21:22:59.445 [Test worker] DEBUG org.hibernate.type.BasicTypeRegistry - Adding type registration java.time.LocalDate -> org.hibernate.type.LocalDateType@73b9d317
21:22:59.445 [Test worker] DEBUG org.hibernate.type.BasicTypeRegistry - Adding type registration LocalTime -> org.hibernate.type.LocalTimeType@3e938176
21:22:59.445 [Test worker] DEBUG org.hibernate.type.BasicTypeRegistry - Adding type registration java.time.LocalTime -> org.hibernate.type.LocalTimeType@3e938176
21:22:59.445 [Test worker] DEBUG org.hibernate.type.BasicTypeRegistry - Adding type registration OffsetDateTime -> org.hibernate.type.OffsetDateTimeType@1006f6a5
21:22:59.445 [Test worker] DEBUG org.hibernate.type.BasicTypeRegistry - Adding type registration java.time.OffsetDateTime -> org.hibernate.type.OffsetDateTimeType@1006f6a5
21:22:59.445 [Test worker] DEBUG org.hibernate.type.BasicTypeRegistry - Adding type registration OffsetTime -> org.hibernate.type.OffsetTimeType@5ebf30b8
21:22:59.445 [Test worker] DEBUG org.hibernate.type.BasicTypeRegistry - Adding type registration java.time.OffsetTime -> org.hibernate.type.OffsetTimeType@5ebf30b8
21:22:59.445 [Test worker] DEBUG org.hibernate.type.BasicTypeRegistry - Adding type registration ZonedDateTime -> org.hibernate.type.ZonedDateTimeType@5ecdce3a
21:22:59.445 [Test worker] DEBUG org.hibernate.type.BasicTypeRegistry - Adding type registration java.time.ZonedDateTime -> org.hibernate.type.ZonedDateTimeType@5ecdce3a
21:22:59.445 [Test worker] DEBUG org.hibernate.type.BasicTypeRegistry - Adding type registration date -> org.hibernate.type.DateType@34878a9c
21:22:59.445 [Test worker] DEBUG org.hibernate.type.BasicTypeRegistry - Adding type registration java.sql.Date -> org.hibernate.type.DateType@34878a9c
21:22:59.445 [Test worker] DEBUG org.hibernate.type.BasicTypeRegistry - Adding type registration time -> org.hibernate.type.TimeType@4be75fc9
21:22:59.445 [Test worker] DEBUG org.hibernate.type.BasicTypeRegistry - Adding type registration java.sql.Time -> org.hibernate.type.TimeType@4be75fc9
21:22:59.445 [Test worker] DEBUG org.hibernate.type.BasicTypeRegistry - Adding type registration timestamp -> org.hibernate.type.TimestampType@cd6dcfb
21:22:59.445 [Test worker] DEBUG org.hibernate.type.BasicTypeRegistry - Adding type registration java.sql.Timestamp -> org.hibernate.type.TimestampType@cd6dcfb
21:22:59.445 [Test worker] DEBUG org.hibernate.type.BasicTypeRegistry - Adding type registration java.util.Date -> org.hibernate.type.TimestampType@cd6dcfb
21:22:59.445 [Test worker] DEBUG org.hibernate.type.BasicTypeRegistry - Adding type registration dbtimestamp -> org.hibernate.type.DbTimestampType@6f70db50
21:22:59.445 [Test worker] DEBUG org.hibernate.type.BasicTypeRegistry - Adding type registration calendar -> org.hibernate.type.CalendarType@232580e4
21:22:59.445 [Test worker] DEBUG org.hibernate.type.BasicTypeRegistry - Adding type registration java.util.Calendar -> org.hibernate.type.CalendarType@232580e4
21:22:59.445 [Test worker] DEBUG org.hibernate.type.BasicTypeRegistry - Adding type registration java.util.GregorianCalendar -> org.hibernate.type.CalendarType@232580e4
21:22:59.445 [Test worker] DEBUG org.hibernate.type.BasicTypeRegistry - Adding type registration calendar_date -> org.hibernate.type.CalendarDateType@2d226c99
21:22:59.445 [Test worker] DEBUG org.hibernate.type.BasicTypeRegistry - Adding type registration calendar_time -> org.hibernate.type.CalendarTimeType@5f0ca092
21:22:59.445 [Test worker] DEBUG org.hibernate.type.BasicTypeRegistry - Adding type registration locale -> org.hibernate.type.LocaleType@2e7d6fc7
21:22:59.445 [Test worker] DEBUG org.hibernate.type.BasicTypeRegistry - Adding type registration java.util.Locale -> org.hibernate.type.LocaleType@2e7d6fc7
21:22:59.445 [Test worker] DEBUG org.hibernate.type.BasicTypeRegistry - Adding type registration currency -> org.hibernate.type.CurrencyType@298b5abb
21:22:59.445 [Test worker] DEBUG org.hibernate.type.BasicTypeRegistry - Adding type registration java.util.Currency -> org.hibernate.type.CurrencyType@298b5abb
21:22:59.445 [Test worker] DEBUG org.hibernate.type.BasicTypeRegistry - Adding type registration timezone -> org.hibernate.type.TimeZoneType@6a7223ce
21:22:59.445 [Test worker] DEBUG org.hibernate.type.BasicTypeRegistry - Adding type registration java.util.TimeZone -> org.hibernate.type.TimeZoneType@6a7223ce
21:22:59.445 [Test worker] DEBUG org.hibernate.type.BasicTypeRegistry - Adding type registration class -> org.hibernate.type.ClassType@17c86e61
21:22:59.445 [Test worker] DEBUG org.hibernate.type.BasicTypeRegistry - Adding type registration java.lang.Class -> org.hibernate.type.ClassType@17c86e61
21:22:59.445 [Test worker] DEBUG org.hibernate.type.BasicTypeRegistry - Adding type registration uuid-binary -> org.hibernate.type.UUIDBinaryType@165a29f7
21:22:59.445 [Test worker] DEBUG org.hibernate.type.BasicTypeRegistry - Adding type registration java.util.UUID -> org.hibernate.type.UUIDBinaryType@165a29f7
21:22:59.445 [Test worker] DEBUG org.hibernate.type.BasicTypeRegistry - Adding type registration uuid-char -> org.hibernate.type.UUIDCharType@57061eb5
21:22:59.445 [Test worker] DEBUG org.hibernate.type.BasicTypeRegistry - Adding type registration binary -> org.hibernate.type.BinaryType@377a3a57
21:22:59.445 [Test worker] DEBUG org.hibernate.type.BasicTypeRegistry - Adding type registration byte[] -> org.hibernate.type.BinaryType@377a3a57
21:22:59.445 [Test worker] DEBUG org.hibernate.type.BasicTypeRegistry - Adding type registration [B -> org.hibernate.type.BinaryType@377a3a57
21:22:59.445 [Test worker] DEBUG org.hibernate.type.BasicTypeRegistry - Adding type registration wrapper-binary -> org.hibernate.type.WrapperBinaryType@15236686
21:22:59.445 [Test worker] DEBUG org.hibernate.type.BasicTypeRegistry - Adding type registration Byte[] -> org.hibernate.type.WrapperBinaryType@15236686
21:22:59.445 [Test worker] DEBUG org.hibernate.type.BasicTypeRegistry - Adding type registration [Ljava.lang.Byte; -> org.hibernate.type.WrapperBinaryType@15236686
21:22:59.445 [Test worker] DEBUG org.hibernate.type.BasicTypeRegistry - Adding type registration row_version -> org.hibernate.type.RowVersionType@480544d3
21:22:59.445 [Test worker] DEBUG org.hibernate.type.BasicTypeRegistry - Adding type registration image -> org.hibernate.type.ImageType@a74733d
21:22:59.445 [Test worker] DEBUG org.hibernate.type.BasicTypeRegistry - Adding type registration characters -> org.hibernate.type.CharArrayType@10b707f8
21:22:59.445 [Test worker] DEBUG org.hibernate.type.BasicTypeRegistry - Adding type registration char[] -> org.hibernate.type.CharArrayType@10b707f8
21:22:59.445 [Test worker] DEBUG org.hibernate.type.BasicTypeRegistry - Adding type registration [C -> org.hibernate.type.CharArrayType@10b707f8
21:22:59.445 [Test worker] DEBUG org.hibernate.type.BasicTypeRegistry - Adding type registration wrapper-characters -> org.hibernate.type.CharacterArrayType@7586a107
21:22:59.445 [Test worker] DEBUG org.hibernate.type.BasicTypeRegistry - Adding type registration [Ljava.lang.Character; -> org.hibernate.type.CharacterArrayType@7586a107
21:22:59.445 [Test worker] DEBUG org.hibernate.type.BasicTypeRegistry - Adding type registration Character[] -> org.hibernate.type.CharacterArrayType@7586a107
21:22:59.445 [Test worker] DEBUG org.hibernate.type.BasicTypeRegistry - Adding type registration text -> org.hibernate.type.TextType@28e7117
21:22:59.445 [Test worker] DEBUG org.hibernate.type.BasicTypeRegistry - Adding type registration ntext -> org.hibernate.type.NTextType@4fe7c4b8
21:22:59.445 [Test worker] DEBUG org.hibernate.type.BasicTypeRegistry - Adding type registration blob -> org.hibernate.type.BlobType@69ff7971
21:22:59.445 [Test worker] DEBUG org.hibernate.type.BasicTypeRegistry - Adding type registration java.sql.Blob -> org.hibernate.type.BlobType@69ff7971
21:22:59.445 [Test worker] DEBUG org.hibernate.type.BasicTypeRegistry - Adding type registration materialized_blob -> org.hibernate.type.MaterializedBlobType@29a6bbfa
21:22:59.445 [Test worker] DEBUG org.hibernate.type.BasicTypeRegistry - Adding type registration clob -> org.hibernate.type.ClobType@6243fc09
21:22:59.445 [Test worker] DEBUG org.hibernate.type.BasicTypeRegistry - Adding type registration java.sql.Clob -> org.hibernate.type.ClobType@6243fc09
21:22:59.445 [Test worker] DEBUG org.hibernate.type.BasicTypeRegistry - Adding type registration nclob -> org.hibernate.type.NClobType@7a0e9fb4
21:22:59.445 [Test worker] DEBUG org.hibernate.type.BasicTypeRegistry - Adding type registration java.sql.NClob -> org.hibernate.type.NClobType@7a0e9fb4
21:22:59.445 [Test worker] DEBUG org.hibernate.type.BasicTypeRegistry - Adding type registration materialized_clob -> org.hibernate.type.MaterializedClobType@5568af29
21:22:59.445 [Test worker] DEBUG org.hibernate.type.BasicTypeRegistry - Adding type registration materialized_nclob -> org.hibernate.type.MaterializedNClobType@43589365
21:22:59.445 [Test worker] DEBUG org.hibernate.type.BasicTypeRegistry - Adding type registration serializable -> org.hibernate.type.SerializableType@49b714f8
21:22:59.445 [Test worker] DEBUG org.hibernate.type.BasicTypeRegistry - Adding type registration object -> org.hibernate.type.ObjectType@4b6f241f
21:22:59.445 [Test worker] DEBUG org.hibernate.type.BasicTypeRegistry - Adding type registration java.lang.Object -> org.hibernate.type.ObjectType@4b6f241f
21:22:59.445 [Test worker] DEBUG org.hibernate.type.BasicTypeRegistry - Adding type registration imm_date -> org.hibernate.type.AdaptedImmutableType@3c6b3c52
21:22:59.445 [Test worker] DEBUG org.hibernate.type.BasicTypeRegistry - Adding type registration imm_time -> org.hibernate.type.AdaptedImmutableType@4014b719
21:22:59.445 [Test worker] DEBUG org.hibernate.type.BasicTypeRegistry - Adding type registration imm_timestamp -> org.hibernate.type.AdaptedImmutableType@56e56503
21:22:59.445 [Test worker] DEBUG org.hibernate.type.BasicTypeRegistry - Adding type registration imm_dbtimestamp -> org.hibernate.type.AdaptedImmutableType@42563d65
21:22:59.445 [Test worker] DEBUG org.hibernate.type.BasicTypeRegistry - Adding type registration imm_calendar -> org.hibernate.type.AdaptedImmutableType@273a00d1
21:22:59.445 [Test worker] DEBUG org.hibernate.type.BasicTypeRegistry - Adding type registration imm_calendar_date -> org.hibernate.type.AdaptedImmutableType@42f3d750
21:22:59.445 [Test worker] DEBUG org.hibernate.type.BasicTypeRegistry - Adding type registration imm_binary -> org.hibernate.type.AdaptedImmutableType@3fc36f70
21:22:59.445 [Test worker] DEBUG org.hibernate.type.BasicTypeRegistry - Adding type registration imm_serializable -> org.hibernate.type.AdaptedImmutableType@4c0dd0f8
21:22:59.445 [Test worker] DEBUG org.hibernate.id.factory.internal.DefaultIdentifierGeneratorFactory - Registering IdentifierGenerator strategy [uuid2] -> [org.hibernate.id.UUIDGenerator]
21:22:59.445 [Test worker] DEBUG org.hibernate.id.factory.internal.DefaultIdentifierGeneratorFactory - Registering IdentifierGenerator strategy [guid] -> [org.hibernate.id.GUIDGenerator]
21:22:59.445 [Test worker] DEBUG org.hibernate.id.factory.internal.DefaultIdentifierGeneratorFactory - Registering IdentifierGenerator strategy [uuid] -> [org.hibernate.id.UUIDHexGenerator]
21:22:59.445 [Test worker] DEBUG org.hibernate.id.factory.internal.DefaultIdentifierGeneratorFactory - Registering IdentifierGenerator strategy [uuid.hex] -> [org.hibernate.id.UUIDHexGenerator]
21:22:59.445 [Test worker] DEBUG org.hibernate.id.factory.internal.DefaultIdentifierGeneratorFactory - Registering IdentifierGenerator strategy [assigned] -> [org.hibernate.id.Assigned]
21:22:59.445 [Test worker] DEBUG org.hibernate.id.factory.internal.DefaultIdentifierGeneratorFactory - Registering IdentifierGenerator strategy [identity] -> [org.hibernate.id.IdentityGenerator]
21:22:59.445 [Test worker] DEBUG org.hibernate.id.factory.internal.DefaultIdentifierGeneratorFactory - Registering IdentifierGenerator strategy [select] -> [org.hibernate.id.SelectGenerator]
21:22:59.445 [Test worker] DEBUG org.hibernate.id.factory.internal.DefaultIdentifierGeneratorFactory - Registering IdentifierGenerator strategy [sequence] -> [org.hibernate.id.enhanced.SequenceStyleGenerator]
21:22:59.445 [Test worker] DEBUG org.hibernate.id.factory.internal.DefaultIdentifierGeneratorFactory - Registering IdentifierGenerator strategy [seqhilo] -> [org.hibernate.id.SequenceHiLoGenerator]
21:22:59.445 [Test worker] DEBUG org.hibernate.id.factory.internal.DefaultIdentifierGeneratorFactory - Registering IdentifierGenerator strategy [increment] -> [org.hibernate.id.IncrementGenerator]
21:22:59.445 [Test worker] DEBUG org.hibernate.id.factory.internal.DefaultIdentifierGeneratorFactory - Registering IdentifierGenerator strategy [foreign] -> [org.hibernate.id.ForeignGenerator]
21:22:59.445 [Test worker] DEBUG org.hibernate.id.factory.internal.DefaultIdentifierGeneratorFactory - Registering IdentifierGenerator strategy [sequence-identity] -> [org.hibernate.id.SequenceIdentityGenerator]
21:22:59.445 [Test worker] DEBUG org.hibernate.id.factory.internal.DefaultIdentifierGeneratorFactory - Registering IdentifierGenerator strategy [enhanced-sequence] -> [org.hibernate.id.enhanced.SequenceStyleGenerator]
21:22:59.445 [Test worker] DEBUG org.hibernate.id.factory.internal.DefaultIdentifierGeneratorFactory - Registering IdentifierGenerator strategy [enhanced-table] -> [org.hibernate.id.enhanced.TableGenerator]
21:22:59.445 [Test worker] WARN org.hibernate.orm.connections.pooling - HHH10001002: Using Hibernate built-in connection pool (not for production use!)
21:22:59.445 [Test worker] INFO org.hibernate.orm.connections.pooling - HHH10001005: using driver [org.sqlite.JDBC] at URL [jdbc:sqlite:D:\Facultate\Projects\OrganizareCompanie\database]
21:22:59.445 [Test worker] INFO org.hibernate.orm.connections.pooling - HHH10001001: Connection properties: {password=root, user=root}
21:22:59.445 [Test worker] INFO org.hibernate.orm.connections.pooling - HHH10001003: Autocommit mode: false
21:22:59.445 [Test worker] DEBUG org.hibernate.engine.jdbc.connections.internal.DriverManagerConnectionProviderImpl - Initializing Connection pool with 1 Connections
21:22:59.445 [Test worker] INFO org.hibernate.engine.jdbc.connections.internal.DriverManagerConnectionProviderImpl - HHH000115: Hibernate connection pool size: 1 (min=1)
21:22:59.445 [Test worker] DEBUG org.hibernate.engine.jdbc.env.internal.JdbcEnvironmentInitiator - Database ->
       name : SQLite
    version : 3.34.0
      major : 3
      minor : 34
21:22:59.445 [Test worker] DEBUG org.hibernate.engine.jdbc.env.internal.JdbcEnvironmentInitiator - Driver ->
       name : SQLite JDBC
    version : 3.34.0
      major : 3
      minor : 34
21:22:59.445 [Test worker] DEBUG org.hibernate.engine.jdbc.env.internal.JdbcEnvironmentInitiator - JDBC version : 2.1
21:22:59.445 [Test worker] INFO org.hibernate.dialect.Dialect - HHH000400: Using dialect: utils.SQLiteDialect
21:22:59.445 [Test worker] DEBUG org.hibernate.engine.jdbc.env.spi.IdentifierHelperBuilder - JDBC driver metadata reported database stores quoted identifiers in neither upper, lower nor mixed case
21:22:59.445 [Test worker] DEBUG org.hibernate.engine.jdbc.env.spi.IdentifierHelperBuilder - IdentifierCaseStrategy for both quoted and unquoted identifiers was set to the same strategy [MIXED]; that will likely lead to problems in schema update and validation if using quoted identifiers
21:22:59.445 [Test worker] DEBUG org.hibernate.engine.jdbc.env.internal.LobCreatorBuilderImpl - HHH000423: Disabling contextual LOB creation as JDBC driver reported JDBC version [2] less than 4
21:22:59.445 [Test worker] DEBUG org.hibernate.boot.model.relational.Namespace - Created database namespace [logicalName=Name{catalog=null, schema=null}, physicalName=Name{catalog=null, schema=null}]
21:22:59.445 [Test worker] DEBUG org.hibernate.type.descriptor.java.JavaTypeDescriptorRegistry - JavaTypeDescriptorRegistry entry replaced : class java.time.Duration -> org.hibernate.type.descriptor.java.DurationJavaDescriptor@484b819 (was org.hibernate.type.descriptor.java.DurationJavaDescriptor@484b819)
21:22:59.445 [Test worker] DEBUG org.hibernate.type.descriptor.java.JavaTypeDescriptorRegistry - JavaTypeDescriptorRegistry entry replaced : class java.time.Instant -> org.hibernate.type.descriptor.java.InstantJavaDescriptor@7a6a60d2 (was org.hibernate.type.descriptor.java.InstantJavaDescriptor@7a6a60d2)
21:22:59.445 [Test worker] DEBUG org.hibernate.type.descriptor.java.JavaTypeDescriptorRegistry - JavaTypeDescriptorRegistry entry replaced : class java.time.LocalDate -> org.hibernate.type.descriptor.java.LocalDateJavaDescriptor@7ac3817d (was org.hibernate.type.descriptor.java.LocalDateJavaDescriptor@7ac3817d)
21:22:59.445 [Test worker] DEBUG org.hibernate.type.descriptor.java.JavaTypeDescriptorRegistry - JavaTypeDescriptorRegistry entry replaced : class java.time.LocalDateTime -> org.hibernate.type.descriptor.java.LocalDateTimeJavaDescriptor@616d0e6e (was org.hibernate.type.descriptor.java.LocalDateTimeJavaDescriptor@616d0e6e)
21:22:59.445 [Test worker] DEBUG org.hibernate.type.descriptor.java.JavaTypeDescriptorRegistry - JavaTypeDescriptorRegistry entry replaced : class java.time.OffsetDateTime -> org.hibernate.type.descriptor.java.OffsetDateTimeJavaDescriptor@4008262a (was org.hibernate.type.descriptor.java.OffsetDateTimeJavaDescriptor@4008262a)
21:22:59.445 [Test worker] DEBUG org.hibernate.type.descriptor.java.JavaTypeDescriptorRegistry - JavaTypeDescriptorRegistry entry replaced : class java.time.OffsetTime -> org.hibernate.type.descriptor.java.OffsetTimeJavaDescriptor@69cda209 (was org.hibernate.type.descriptor.java.OffsetTimeJavaDescriptor@69cda209)
21:22:59.445 [Test worker] DEBUG org.hibernate.type.descriptor.java.JavaTypeDescriptorRegistry - JavaTypeDescriptorRegistry entry replaced : class java.time.ZonedDateTime -> org.hibernate.type.descriptor.java.ZonedDateTimeJavaDescriptor@f630e24 (was org.hibernate.type.descriptor.java.ZonedDateTimeJavaDescriptor@f630e24)
21:22:59.445 [Test worker] DEBUG org.hibernate.type.BasicTypeRegistry - Adding type registration Duration -> org.hibernate.type.DurationType@1f6d6ec5
21:22:59.445 [Test worker] DEBUG org.hibernate.type.BasicTypeRegistry - Adding type registration java.time.Duration -> org.hibernate.type.DurationType@1f6d6ec5
21:22:59.445 [Test worker] DEBUG org.hibernate.type.BasicTypeRegistry - Adding type registration Instant -> org.hibernate.type.InstantType@799b3880
21:22:59.445 [Test worker] DEBUG org.hibernate.type.BasicTypeRegistry - Adding type registration java.time.Instant -> org.hibernate.type.InstantType@799b3880
21:22:59.445 [Test worker] DEBUG org.hibernate.type.BasicTypeRegistry - Adding type registration LocalDateTime -> org.hibernate.type.LocalDateTimeType@3c9b7dcd
21:22:59.445 [Test worker] DEBUG org.hibernate.type.BasicTypeRegistry - Adding type registration java.time.LocalDateTime -> org.hibernate.type.LocalDateTimeType@3c9b7dcd
21:22:59.445 [Test worker] DEBUG org.hibernate.type.BasicTypeRegistry - Adding type registration LocalDate -> org.hibernate.type.LocalDateType@73b9d317
21:22:59.445 [Test worker] DEBUG org.hibernate.type.BasicTypeRegistry - Adding type registration java.time.LocalDate -> org.hibernate.type.LocalDateType@73b9d317
21:22:59.445 [Test worker] DEBUG org.hibernate.type.BasicTypeRegistry - Adding type registration LocalTime -> org.hibernate.type.LocalTimeType@3e938176
21:22:59.445 [Test worker] DEBUG org.hibernate.type.BasicTypeRegistry - Adding type registration java.time.LocalTime -> org.hibernate.type.LocalTimeType@3e938176
21:22:59.445 [Test worker] DEBUG org.hibernate.type.BasicTypeRegistry - Adding type registration OffsetDateTime -> org.hibernate.type.OffsetDateTimeType@1006f6a5
21:22:59.445 [Test worker] DEBUG org.hibernate.type.BasicTypeRegistry - Adding type registration java.time.OffsetDateTime -> org.hibernate.type.OffsetDateTimeType@1006f6a5
21:22:59.445 [Test worker] DEBUG org.hibernate.type.BasicTypeRegistry - Adding type registration OffsetTime -> org.hibernate.type.OffsetTimeType@5ebf30b8
21:22:59.445 [Test worker] DEBUG org.hibernate.type.BasicTypeRegistry - Adding type registration java.time.OffsetTime -> org.hibernate.type.OffsetTimeType@5ebf30b8
21:22:59.445 [Test worker] DEBUG org.hibernate.type.BasicTypeRegistry - Adding type registration ZonedDateTime -> org.hibernate.type.ZonedDateTimeType@5ecdce3a
21:22:59.445 [Test worker] DEBUG org.hibernate.type.BasicTypeRegistry - Adding type registration java.time.ZonedDateTime -> org.hibernate.type.ZonedDateTimeType@5ecdce3a
21:22:59.445 [Test worker] DEBUG org.hibernate.type.spi.TypeConfiguration$Scope - Scoping TypeConfiguration [org.hibernate.type.spi.TypeConfiguration@488ba488] to MetadataBuildingContext [org.hibernate.boot.internal.MetadataBuildingContextRootImpl@5479a01c]
21:22:59.445 [Test worker] DEBUG org.hibernate.cfg.AnnotationBinder - Binding entity from annotated class: domain.Angajat
21:22:59.445 [Test worker] DEBUG org.hibernate.cfg.Ejb3Column - Binding column: Ejb3DiscriminatorColumn{logicalColumnName'DTYPE', discriminatorTypeName='string'}
21:22:59.445 [Test worker] DEBUG org.hibernate.cfg.annotations.EntityBinder - Import with entity name Angajat
21:22:59.445 [Test worker] DEBUG org.hibernate.cfg.annotations.EntityBinder - Bind entity domain.Angajat on table angajati
21:22:59.445 [Test worker] DEBUG org.hibernate.cfg.Ejb3Column - Binding column: Ejb3Column{table=org.hibernate.mapping.Table(angajati), mappingColumn=id, insertable=true, updatable=true, unique=false}
21:22:59.445 [Test worker] DEBUG org.hibernate.boot.internal.ClassLoaderAccessImpl - Not known whether passed class name [domain.Angajat] is safe
21:22:59.445 [Test worker] DEBUG org.hibernate.boot.internal.ClassLoaderAccessImpl - No temp ClassLoader provided; using live ClassLoader for loading potentially unsafe class : domain.Angajat
21:22:59.445 [Test worker] DEBUG org.hibernate.cfg.annotations.PropertyBinder - MetadataSourceProcessor property id with lazy=false
21:22:59.445 [Test worker] DEBUG org.hibernate.cfg.AbstractPropertyHolder - Attempting to locate auto-apply AttributeConverter for property [domain.Angajat:id]
21:22:59.445 [Test worker] DEBUG org.hibernate.cfg.annotations.SimpleValueBinder - building SimpleValue for id
21:22:59.445 [Test worker] DEBUG org.hibernate.cfg.annotations.PropertyBinder - Building property id
21:22:59.445 [Test worker] DEBUG org.hibernate.cfg.BinderHelper - #makeIdGenerator(org.hibernate.mapping.SimpleValue([org.hibernate.mapping.Column(id)]), id, identity, , ...)
21:22:59.445 [Test worker] DEBUG org.hibernate.cfg.Ejb3Column - Binding column: Ejb3JoinColumn{logicalColumnName='null', referencedColumn='null', mappedBy='angajat'}
21:22:59.445 [Test worker] DEBUG org.hibernate.cfg.Ejb3Column - Binding column: Ejb3Column{table=org.hibernate.mapping.Table(angajati), mappingColumn=concedii, insertable=true, updatable=true, unique=false}
21:22:59.445 [Test worker] DEBUG org.hibernate.cfg.Ejb3Column - Binding column: Ejb3Column{table=org.hibernate.mapping.Table(angajati), mappingColumn=null, insertable=true, updatable=true, unique=false}
21:22:59.445 [Test worker] DEBUG org.hibernate.cfg.Ejb3Column - Binding column: Ejb3Column{table=org.hibernate.mapping.Table(angajati), mappingColumn=element, insertable=true, updatable=true, unique=false}
21:22:59.445 [Test worker] DEBUG org.hibernate.cfg.Ejb3Column - Binding column: Ejb3Column{table=org.hibernate.mapping.Table(angajati), mappingColumn=concedii_KEY, insertable=true, updatable=true, unique=false}
21:22:59.445 [Test worker] DEBUG org.hibernate.cfg.Ejb3Column - Binding column: Ejb3JoinColumn{logicalColumnName='concedii_KEY', referencedColumn='null', mappedBy='null'}
21:22:59.445 [Test worker] DEBUG org.hibernate.cfg.Ejb3Column - Binding column: Ejb3JoinColumn{logicalColumnName='null', referencedColumn='null', mappedBy='angajat'}
21:22:59.445 [Test worker] DEBUG org.hibernate.cfg.Ejb3Column - Binding column: Ejb3JoinColumn{logicalColumnName='null', referencedColumn='null', mappedBy='angajat'}
21:22:59.445 [Test worker] DEBUG org.hibernate.cfg.annotations.CollectionBinder - Collection role: domain.Angajat.concedii
21:22:59.445 [Test worker] DEBUG org.hibernate.cfg.annotations.PropertyBinder - Building property concedii
21:22:59.445 [Test worker] DEBUG org.hibernate.cfg.Ejb3Column - Binding column: Ejb3Column{table=org.hibernate.mapping.Table(angajati), mappingColumn=data_angajare, insertable=true, updatable=true, unique=false}
21:22:59.445 [Test worker] DEBUG org.hibernate.cfg.annotations.PropertyBinder - MetadataSourceProcessor property dataAngajare with lazy=false
21:22:59.445 [Test worker] DEBUG org.hibernate.cfg.AbstractPropertyHolder - Attempting to locate auto-apply AttributeConverter for property [domain.Angajat:dataAngajare]
21:22:59.445 [Test worker] DEBUG org.hibernate.cfg.annotations.SimpleValueBinder - building SimpleValue for dataAngajare
21:22:59.445 [Test worker] DEBUG org.hibernate.cfg.annotations.PropertyBinder - Building property dataAngajare
21:22:59.445 [Test worker] DEBUG org.hibernate.cfg.Ejb3Column - Binding column: Ejb3Column{table=org.hibernate.mapping.Table(angajati), mappingColumn=null, insertable=true, updatable=true, unique=false}
21:22:59.445 [Test worker] DEBUG org.hibernate.cfg.Ejb3Column - Binding column: Ejb3Column{table=org.hibernate.mapping.Table(angajati), mappingColumn=element, insertable=true, updatable=true, unique=false}
21:22:59.445 [Test worker] DEBUG org.hibernate.cfg.Ejb3Column - Binding column: Ejb3Column{table=org.hibernate.mapping.Table(angajati), mappingColumn=departamente_KEY, insertable=true, updatable=true, unique=false}
21:22:59.445 [Test worker] DEBUG org.hibernate.cfg.Ejb3Column - Binding column: Ejb3JoinColumn{logicalColumnName='departamente_KEY', referencedColumn='null', mappedBy='null'}
21:22:59.445 [Test worker] DEBUG org.hibernate.cfg.Ejb3Column - Binding column: Ejb3JoinColumn{logicalColumnName='id_angajat', referencedColumn='', mappedBy=''}
21:22:59.445 [Test worker] DEBUG org.hibernate.cfg.Ejb3Column - Binding column: Ejb3JoinColumn{logicalColumnName='id_departament', referencedColumn='', mappedBy=''}
21:22:59.445 [Test worker] DEBUG org.hibernate.cfg.annotations.CollectionBinder - Collection role: domain.Angajat.departamente
21:22:59.445 [Test worker] DEBUG org.hibernate.cfg.annotations.PropertyBinder - Building property departamente
21:22:59.445 [Test worker] DEBUG org.hibernate.cfg.Ejb3Column - Binding column: Ejb3JoinColumn{logicalColumnName='null', referencedColumn='null', mappedBy='null'}
21:22:59.445 [Test worker] DEBUG org.hibernate.cfg.Ejb3Column - Binding column: Ejb3Column{table=org.hibernate.mapping.Table(angajati), mappingColumn=functie, insertable=true, updatable=true, unique=false}
21:22:59.445 [Test worker] DEBUG org.hibernate.cfg.annotations.PropertyBinder - Building property functie
21:22:59.445 [Test worker] DEBUG org.hibernate.cfg.Ejb3Column - Binding column: Ejb3Column{table=org.hibernate.mapping.Table(angajati), mappingColumn=id_superior, insertable=true, updatable=true, unique=false}
21:22:59.445 [Test worker] DEBUG org.hibernate.cfg.annotations.PropertyBinder - MetadataSourceProcessor property idSuperior with lazy=false
21:22:59.445 [Test worker] DEBUG org.hibernate.cfg.AbstractPropertyHolder - Attempting to locate auto-apply AttributeConverter for property [domain.Angajat:idSuperior]
21:22:59.445 [Test worker] DEBUG org.hibernate.cfg.annotations.SimpleValueBinder - building SimpleValue for idSuperior
21:22:59.445 [Test worker] DEBUG org.hibernate.cfg.annotations.PropertyBinder - Building property idSuperior
21:22:59.445 [Test worker] DEBUG org.hibernate.cfg.Ejb3Column - Binding column: Ejb3Column{table=org.hibernate.mapping.Table(angajati), mappingColumn=null, insertable=true, updatable=true, unique=false}
21:22:59.445 [Test worker] DEBUG org.hibernate.cfg.Ejb3Column - Binding column: Ejb3Column{table=org.hibernate.mapping.Table(angajati), mappingColumn=element, insertable=true, updatable=true, unique=false}
21:22:59.445 [Test worker] DEBUG org.hibernate.cfg.Ejb3Column - Binding column: Ejb3Column{table=org.hibernate.mapping.Table(angajati), mappingColumn=proiecte_KEY, insertable=true, updatable=true, unique=false}
21:22:59.445 [Test worker] DEBUG org.hibernate.cfg.Ejb3Column - Binding column: Ejb3JoinColumn{logicalColumnName='proiecte_KEY', referencedColumn='null', mappedBy='null'}
21:22:59.445 [Test worker] DEBUG org.hibernate.cfg.Ejb3Column - Binding column: Ejb3JoinColumn{logicalColumnName='id_angajat', referencedColumn='', mappedBy=''}
21:22:59.445 [Test worker] DEBUG org.hibernate.cfg.Ejb3Column - Binding column: Ejb3JoinColumn{logicalColumnName='id_proiect', referencedColumn='', mappedBy=''}
21:22:59.445 [Test worker] DEBUG org.hibernate.cfg.annotations.CollectionBinder - Collection role: domain.Angajat.proiecte
21:22:59.445 [Test worker] DEBUG org.hibernate.cfg.annotations.PropertyBinder - Building property proiecte
21:22:59.445 [Test worker] DEBUG org.hibernate.cfg.AnnotationBinder - Binding entity from annotated class: domain.Concediu
21:22:59.445 [Test worker] DEBUG org.hibernate.cfg.Ejb3Column - Binding column: Ejb3DiscriminatorColumn{logicalColumnName'DTYPE', discriminatorTypeName='string'}
21:22:59.445 [Test worker] DEBUG org.hibernate.cfg.annotations.EntityBinder - Import with entity name Concediu
21:22:59.445 [Test worker] DEBUG org.hibernate.cfg.annotations.EntityBinder - Bind entity domain.Concediu on table concedii
21:22:59.445 [Test worker] DEBUG org.hibernate.cfg.Ejb3Column - Binding column: Ejb3Column{table=org.hibernate.mapping.Table(concedii), mappingColumn=id, insertable=true, updatable=true, unique=false}
21:22:59.445 [Test worker] DEBUG org.hibernate.boot.internal.ClassLoaderAccessImpl - Not known whether passed class name [domain.Concediu] is safe
21:22:59.445 [Test worker] DEBUG org.hibernate.boot.internal.ClassLoaderAccessImpl - No temp ClassLoader provided; using live ClassLoader for loading potentially unsafe class : domain.Concediu
21:22:59.445 [Test worker] DEBUG org.hibernate.cfg.annotations.PropertyBinder - MetadataSourceProcessor property id with lazy=false
21:22:59.445 [Test worker] DEBUG org.hibernate.cfg.AbstractPropertyHolder - Attempting to locate auto-apply AttributeConverter for property [domain.Concediu:id]
21:22:59.445 [Test worker] DEBUG org.hibernate.cfg.annotations.SimpleValueBinder - building SimpleValue for id
21:22:59.445 [Test worker] DEBUG org.hibernate.cfg.annotations.PropertyBinder - Building property id
21:22:59.445 [Test worker] DEBUG org.hibernate.cfg.BinderHelper - #makeIdGenerator(org.hibernate.mapping.SimpleValue([org.hibernate.mapping.Column(id)]), id, identity, , ...)
21:22:59.445 [Test worker] DEBUG org.hibernate.cfg.Ejb3Column - Binding column: Ejb3JoinColumn{logicalColumnName='id_angajat', referencedColumn='', mappedBy=''}
21:22:59.445 [Test worker] DEBUG org.hibernate.cfg.Ejb3Column - Binding column: Ejb3Column{table=org.hibernate.mapping.Table(concedii), mappingColumn=angajat, insertable=true, updatable=true, unique=false}
21:22:59.445 [Test worker] DEBUG org.hibernate.cfg.annotations.PropertyBinder - Building property angajat
21:22:59.445 [Test worker] DEBUG org.hibernate.cfg.Ejb3Column - Binding column: Ejb3Column{table=org.hibernate.mapping.Table(concedii), mappingColumn=data_inceput, insertable=true, updatable=true, unique=false}
21:22:59.445 [Test worker] DEBUG org.hibernate.cfg.annotations.PropertyBinder - MetadataSourceProcessor property dataInceput with lazy=false
21:22:59.445 [Test worker] DEBUG org.hibernate.cfg.AbstractPropertyHolder - Attempting to locate auto-apply AttributeConverter for property [domain.Concediu:dataInceput]
21:22:59.445 [Test worker] DEBUG org.hibernate.cfg.annotations.SimpleValueBinder - building SimpleValue for dataInceput
21:22:59.445 [Test worker] DEBUG org.hibernate.cfg.annotations.PropertyBinder - Building property dataInceput
21:22:59.445 [Test worker] DEBUG org.hibernate.cfg.Ejb3Column - Binding column: Ejb3Column{table=org.hibernate.mapping.Table(concedii), mappingColumn=data_sfarsit, insertable=true, updatable=true, unique=false}
21:22:59.445 [Test worker] DEBUG org.hibernate.cfg.annotations.PropertyBinder - MetadataSourceProcessor property dataSfarsit with lazy=false
21:22:59.445 [Test worker] DEBUG org.hibernate.cfg.AbstractPropertyHolder - Attempting to locate auto-apply AttributeConverter for property [domain.Concediu:dataSfarsit]
21:22:59.445 [Test worker] DEBUG org.hibernate.cfg.annotations.SimpleValueBinder - building SimpleValue for dataSfarsit
21:22:59.445 [Test worker] DEBUG org.hibernate.cfg.annotations.PropertyBinder - Building property dataSfarsit
21:22:59.445 [Test worker] DEBUG org.hibernate.cfg.AnnotationBinder - Binding entity from annotated class: domain.Departament
21:22:59.445 [Test worker] DEBUG org.hibernate.cfg.Ejb3Column - Binding column: Ejb3DiscriminatorColumn{logicalColumnName'DTYPE', discriminatorTypeName='string'}
21:22:59.445 [Test worker] DEBUG org.hibernate.cfg.annotations.EntityBinder - Import with entity name Departament
21:22:59.445 [Test worker] DEBUG org.hibernate.cfg.annotations.EntityBinder - Bind entity domain.Departament on table departamente
21:22:59.460 [Test worker] DEBUG org.hibernate.cfg.Ejb3Column - Binding column: Ejb3Column{table=org.hibernate.mapping.Table(departamente), mappingColumn=id, insertable=true, updatable=true, unique=false}
21:22:59.460 [Test worker] DEBUG org.hibernate.boot.internal.ClassLoaderAccessImpl - Not known whether passed class name [domain.Departament] is safe
21:22:59.460 [Test worker] DEBUG org.hibernate.boot.internal.ClassLoaderAccessImpl - No temp ClassLoader provided; using live ClassLoader for loading potentially unsafe class : domain.Departament
21:22:59.460 [Test worker] DEBUG org.hibernate.cfg.annotations.PropertyBinder - MetadataSourceProcessor property id with lazy=false
21:22:59.460 [Test worker] DEBUG org.hibernate.cfg.AbstractPropertyHolder - Attempting to locate auto-apply AttributeConverter for property [domain.Departament:id]
21:22:59.460 [Test worker] DEBUG org.hibernate.cfg.annotations.SimpleValueBinder - building SimpleValue for id
21:22:59.460 [Test worker] DEBUG org.hibernate.cfg.annotations.PropertyBinder - Building property id
21:22:59.460 [Test worker] DEBUG org.hibernate.cfg.BinderHelper - #makeIdGenerator(org.hibernate.mapping.SimpleValue([org.hibernate.mapping.Column(id)]), id, identity, , ...)
21:22:59.460 [Test worker] DEBUG org.hibernate.cfg.Ejb3Column - Binding column: Ejb3Column{table=org.hibernate.mapping.Table(departamente), mappingColumn=id_director, insertable=true, updatable=true, unique=false}
21:22:59.460 [Test worker] DEBUG org.hibernate.cfg.annotations.PropertyBinder - MetadataSourceProcessor property idDirector with lazy=false
21:22:59.460 [Test worker] DEBUG org.hibernate.cfg.AbstractPropertyHolder - Attempting to locate auto-apply AttributeConverter for property [domain.Departament:idDirector]
21:22:59.460 [Test worker] DEBUG org.hibernate.cfg.annotations.SimpleValueBinder - building SimpleValue for idDirector
21:22:59.460 [Test worker] DEBUG org.hibernate.cfg.annotations.PropertyBinder - Building property idDirector
21:22:59.460 [Test worker] DEBUG org.hibernate.cfg.AnnotationBinder - Binding entity from annotated class: domain.Functie
21:22:59.460 [Test worker] DEBUG org.hibernate.cfg.Ejb3Column - Binding column: Ejb3DiscriminatorColumn{logicalColumnName'DTYPE', discriminatorTypeName='string'}
21:22:59.460 [Test worker] DEBUG org.hibernate.cfg.annotations.EntityBinder - Import with entity name Functie
21:22:59.460 [Test worker] DEBUG org.hibernate.cfg.annotations.EntityBinder - Bind entity domain.Functie on table functii
21:22:59.460 [Test worker] DEBUG org.hibernate.cfg.Ejb3Column - Binding column: Ejb3Column{table=org.hibernate.mapping.Table(functii), mappingColumn=id, insertable=true, updatable=true, unique=false}
21:22:59.460 [Test worker] DEBUG org.hibernate.boot.internal.ClassLoaderAccessImpl - Not known whether passed class name [domain.Functie] is safe
21:22:59.460 [Test worker] DEBUG org.hibernate.boot.internal.ClassLoaderAccessImpl - No temp ClassLoader provided; using live ClassLoader for loading potentially unsafe class : domain.Functie
21:22:59.460 [Test worker] DEBUG org.hibernate.cfg.annotations.PropertyBinder - MetadataSourceProcessor property id with lazy=false
21:22:59.460 [Test worker] DEBUG org.hibernate.cfg.AbstractPropertyHolder - Attempting to locate auto-apply AttributeConverter for property [domain.Functie:id]
21:22:59.460 [Test worker] DEBUG org.hibernate.cfg.annotations.SimpleValueBinder - building SimpleValue for id
21:22:59.460 [Test worker] DEBUG org.hibernate.cfg.annotations.PropertyBinder - Building property id
21:22:59.460 [Test worker] DEBUG org.hibernate.cfg.BinderHelper - #makeIdGenerator(org.hibernate.mapping.SimpleValue([org.hibernate.mapping.Column(id)]), id, identity, , ...)
21:22:59.460 [Test worker] DEBUG org.hibernate.cfg.Ejb3Column - Binding column: Ejb3Column{table=org.hibernate.mapping.Table(functii), mappingColumn=salar_de_baza, insertable=true, updatable=true, unique=false}
21:22:59.460 [Test worker] DEBUG org.hibernate.cfg.annotations.PropertyBinder - MetadataSourceProcessor property salarDeBaza with lazy=false
21:22:59.460 [Test worker] DEBUG org.hibernate.cfg.AbstractPropertyHolder - Attempting to locate auto-apply AttributeConverter for property [domain.Functie:salarDeBaza]
21:22:59.460 [Test worker] DEBUG org.hibernate.cfg.annotations.SimpleValueBinder - building SimpleValue for salarDeBaza
21:22:59.460 [Test worker] DEBUG org.hibernate.cfg.annotations.PropertyBinder - Building property salarDeBaza
21:22:59.460 [Test worker] DEBUG org.hibernate.cfg.AnnotationBinder - Binding entity from annotated class: domain.Proiect
21:22:59.460 [Test worker] DEBUG org.hibernate.cfg.Ejb3Column - Binding column: Ejb3DiscriminatorColumn{logicalColumnName'DTYPE', discriminatorTypeName='string'}
21:22:59.460 [Test worker] DEBUG org.hibernate.cfg.annotations.EntityBinder - Import with entity name Proiect
21:22:59.460 [Test worker] DEBUG org.hibernate.cfg.annotations.EntityBinder - Bind entity domain.Proiect on table proiecte
21:22:59.460 [Test worker] DEBUG org.hibernate.cfg.Ejb3Column - Binding column: Ejb3Column{table=org.hibernate.mapping.Table(proiecte), mappingColumn=id, insertable=true, updatable=true, unique=false}
21:22:59.460 [Test worker] DEBUG org.hibernate.boot.internal.ClassLoaderAccessImpl - Not known whether passed class name [domain.Proiect] is safe
21:22:59.460 [Test worker] DEBUG org.hibernate.boot.internal.ClassLoaderAccessImpl - No temp ClassLoader provided; using live ClassLoader for loading potentially unsafe class : domain.Proiect
21:22:59.460 [Test worker] DEBUG org.hibernate.cfg.annotations.PropertyBinder - MetadataSourceProcessor property id with lazy=false
21:22:59.460 [Test worker] DEBUG org.hibernate.cfg.AbstractPropertyHolder - Attempting to locate auto-apply AttributeConverter for property [domain.Proiect:id]
21:22:59.460 [Test worker] DEBUG org.hibernate.cfg.annotations.SimpleValueBinder - building SimpleValue for id
21:22:59.460 [Test worker] DEBUG org.hibernate.cfg.annotations.PropertyBinder - Building property id
21:22:59.460 [Test worker] DEBUG org.hibernate.cfg.BinderHelper - #makeIdGenerator(org.hibernate.mapping.SimpleValue([org.hibernate.mapping.Column(id)]), id, identity, , ...)
21:22:59.460 [Test worker] DEBUG org.hibernate.cfg.Ejb3Column - Binding column: Ejb3Column{table=org.hibernate.mapping.Table(proiecte), mappingColumn=data_inceput, insertable=true, updatable=true, unique=false}
21:22:59.460 [Test worker] DEBUG org.hibernate.cfg.annotations.PropertyBinder - MetadataSourceProcessor property dataInceput with lazy=false
21:22:59.460 [Test worker] DEBUG org.hibernate.cfg.AbstractPropertyHolder - Attempting to locate auto-apply AttributeConverter for property [domain.Proiect:dataInceput]
21:22:59.460 [Test worker] DEBUG org.hibernate.cfg.annotations.SimpleValueBinder - building SimpleValue for dataInceput
21:22:59.460 [Test worker] DEBUG org.hibernate.cfg.annotations.PropertyBinder - Building property dataInceput
21:22:59.460 [Test worker] DEBUG org.hibernate.cfg.Ejb3Column - Binding column: Ejb3Column{table=org.hibernate.mapping.Table(proiecte), mappingColumn=deadline, insertable=true, updatable=true, unique=false}
21:22:59.460 [Test worker] DEBUG org.hibernate.cfg.annotations.PropertyBinder - MetadataSourceProcessor property deadline with lazy=false
21:22:59.460 [Test worker] DEBUG org.hibernate.cfg.AbstractPropertyHolder - Attempting to locate auto-apply AttributeConverter for property [domain.Proiect:deadline]
21:22:59.460 [Test worker] DEBUG org.hibernate.cfg.annotations.SimpleValueBinder - building SimpleValue for deadline
21:22:59.460 [Test worker] DEBUG org.hibernate.cfg.annotations.PropertyBinder - Building property deadline
21:22:59.460 [Test worker] DEBUG org.hibernate.cfg.annotations.SimpleValueBinder - Starting fillSimpleValue for id
21:22:59.460 [Test worker] DEBUG org.hibernate.cfg.annotations.SimpleValueBinder - Starting fillSimpleValue for dataAngajare
21:22:59.460 [Test worker] DEBUG org.hibernate.cfg.annotations.SimpleValueBinder - Starting fillSimpleValue for idSuperior
21:22:59.460 [Test worker] DEBUG org.hibernate.cfg.annotations.SimpleValueBinder - Starting fillSimpleValue for id
21:22:59.460 [Test worker] DEBUG org.hibernate.cfg.annotations.SimpleValueBinder - Starting fillSimpleValue for dataInceput
21:22:59.460 [Test worker] DEBUG org.hibernate.cfg.annotations.SimpleValueBinder - Starting fillSimpleValue for dataSfarsit
21:22:59.460 [Test worker] DEBUG org.hibernate.cfg.annotations.SimpleValueBinder - Starting fillSimpleValue for id
21:22:59.460 [Test worker] DEBUG org.hibernate.cfg.annotations.SimpleValueBinder - Starting fillSimpleValue for idDirector
21:22:59.460 [Test worker] DEBUG org.hibernate.cfg.annotations.SimpleValueBinder - Starting fillSimpleValue for id
21:22:59.460 [Test worker] DEBUG org.hibernate.cfg.annotations.SimpleValueBinder - Starting fillSimpleValue for salarDeBaza
21:22:59.460 [Test worker] DEBUG org.hibernate.cfg.annotations.SimpleValueBinder - Starting fillSimpleValue for id
21:22:59.460 [Test worker] DEBUG org.hibernate.cfg.annotations.SimpleValueBinder - Starting fillSimpleValue for dataInceput
21:22:59.460 [Test worker] DEBUG org.hibernate.cfg.annotations.SimpleValueBinder - Starting fillSimpleValue for deadline
21:22:59.460 [Test worker] DEBUG org.hibernate.mapping.PrimaryKey - Forcing column [id] to be non-null as it is part of the primary key for table [angajati]
21:22:59.460 [Test worker] DEBUG org.hibernate.mapping.PrimaryKey - Forcing column [id] to be non-null as it is part of the primary key for table [concedii]
21:22:59.460 [Test worker] DEBUG org.hibernate.mapping.PrimaryKey - Forcing column [id] to be non-null as it is part of the primary key for table [departamente]
21:22:59.460 [Test worker] DEBUG org.hibernate.mapping.PrimaryKey - Forcing column [id] to be non-null as it is part of the primary key for table [functii]
21:22:59.460 [Test worker] DEBUG org.hibernate.mapping.PrimaryKey - Forcing column [id] to be non-null as it is part of the primary key for table [proiecte]
21:22:59.460 [Test worker] DEBUG org.hibernate.cfg.CollectionSecondPass - Second pass for collection: domain.Angajat.proiecte
21:22:59.460 [Test worker] DEBUG org.hibernate.cfg.annotations.CollectionBinder - Binding as ManyToMany: domain.Angajat.proiecte
21:22:59.460 [Test worker] DEBUG org.hibernate.mapping.PrimaryKey - Forcing column [id_angajat] to be non-null as it is part of the primary key for table [angajati_proiecte]
21:22:59.460 [Test worker] DEBUG org.hibernate.mapping.PrimaryKey - Forcing column [id_proiect] to be non-null as it is part of the primary key for table [angajati_proiecte]
21:22:59.460 [Test worker] DEBUG org.hibernate.cfg.CollectionSecondPass - Mapped collection key: id_angajat, element: id_proiect
21:22:59.460 [Test worker] DEBUG org.hibernate.cfg.CollectionSecondPass - Second pass for collection: domain.Angajat.departamente
21:22:59.460 [Test worker] DEBUG org.hibernate.cfg.annotations.CollectionBinder - Binding as ManyToMany: domain.Angajat.departamente
21:22:59.460 [Test worker] DEBUG org.hibernate.mapping.PrimaryKey - Forcing column [id_angajat] to be non-null as it is part of the primary key for table [angajati_departamente]
21:22:59.460 [Test worker] DEBUG org.hibernate.mapping.PrimaryKey - Forcing column [id_departament] to be non-null as it is part of the primary key for table [angajati_departamente]
21:22:59.460 [Test worker] DEBUG org.hibernate.cfg.CollectionSecondPass - Mapped collection key: id_angajat, element: id_departament
21:22:59.460 [Test worker] DEBUG org.hibernate.cfg.CollectionSecondPass - Second pass for collection: domain.Angajat.concedii
21:22:59.460 [Test worker] DEBUG org.hibernate.cfg.annotations.CollectionBinder - Binding a OneToMany: domain.Angajat.concedii through a foreign key
21:22:59.460 [Test worker] DEBUG org.hibernate.cfg.annotations.CollectionBinder - Mapping collection: domain.Angajat.concedii -> concedii
21:22:59.460 [Test worker] DEBUG org.hibernate.cfg.annotations.TableBinder - Retrieving property domain.Concediu.angajat
21:22:59.460 [Test worker] DEBUG org.hibernate.cfg.CollectionSecondPass - Mapped collection key: id_angajat, one-to-many: domain.Concediu
21:22:59.460 [Test worker] DEBUG org.hibernate.boot.internal.InFlightMetadataCollectorImpl - Resolving reference to class: domain.Functie
21:22:59.460 [Test worker] DEBUG org.hibernate.boot.internal.InFlightMetadataCollectorImpl - Resolving reference to class: domain.Departament
21:22:59.460 [Test worker] DEBUG org.hibernate.boot.internal.InFlightMetadataCollectorImpl - Resolving reference to class: domain.Angajat
21:22:59.460 [Test worker] DEBUG org.hibernate.boot.internal.InFlightMetadataCollectorImpl - Resolving reference to class: domain.Proiect
21:22:59.460 [Test worker] DEBUG org.hibernate.boot.internal.InFlightMetadataCollectorImpl - Resolving reference to class: domain.Angajat
21:22:59.460 [Test worker] DEBUG org.hibernate.boot.internal.InFlightMetadataCollectorImpl - Resolving reference to class: domain.Angajat
21:22:59.460 [Test worker] DEBUG org.hibernate.boot.internal.InFlightMetadataCollectorImpl - Resolving reference to class: domain.Functie
21:22:59.460 [Test worker] DEBUG org.hibernate.boot.internal.InFlightMetadataCollectorImpl - Resolving reference to class: domain.Departament
21:22:59.460 [Test worker] DEBUG org.hibernate.boot.internal.InFlightMetadataCollectorImpl - Resolving reference to class: domain.Angajat
21:22:59.460 [Test worker] DEBUG org.hibernate.boot.internal.InFlightMetadataCollectorImpl - Resolving reference to class: domain.Proiect
21:22:59.460 [Test worker] DEBUG org.hibernate.boot.internal.InFlightMetadataCollectorImpl - Resolving reference to class: domain.Angajat
21:22:59.460 [Test worker] DEBUG org.hibernate.boot.internal.InFlightMetadataCollectorImpl - Resolving reference to class: domain.Angajat
21:22:59.460 [Test worker] DEBUG org.hibernate.internal.SessionFactoryImpl - Building session factory
21:22:59.460 [Test worker] DEBUG org.hibernate.cfg.Settings - SessionFactory name : null
21:22:59.460 [Test worker] DEBUG org.hibernate.cfg.Settings - Automatic flush during beforeCompletion(): enabled
21:22:59.460 [Test worker] DEBUG org.hibernate.cfg.Settings - Automatic session close at end of transaction: disabled
21:22:59.460 [Test worker] DEBUG org.hibernate.cfg.Settings - Statistics: disabled
21:22:59.460 [Test worker] DEBUG org.hibernate.cfg.Settings - Deleted entity synthetic identifier rollback: disabled
21:22:59.460 [Test worker] DEBUG org.hibernate.cfg.Settings - Default entity-mode: pojo
21:22:59.460 [Test worker] DEBUG org.hibernate.cfg.Settings - Check Nullability in Core (should be disabled when Bean Validation is on): enabled
21:22:59.460 [Test worker] DEBUG org.hibernate.cfg.Settings - Allow initialization of lazy state outside session : enabled
21:22:59.460 [Test worker] DEBUG org.hibernate.cfg.Settings - Using BatchFetchStyle : LEGACY
21:22:59.460 [Test worker] DEBUG org.hibernate.cfg.Settings - Default batch fetch size: -1
21:22:59.460 [Test worker] DEBUG org.hibernate.cfg.Settings - Maximum outer join fetch depth: null
21:22:59.460 [Test worker] DEBUG org.hibernate.cfg.Settings - Default null ordering: NONE
21:22:59.460 [Test worker] DEBUG org.hibernate.cfg.Settings - Order SQL updates by primary key: disabled
21:22:59.460 [Test worker] DEBUG org.hibernate.cfg.Settings - Order SQL inserts for batching: disabled
21:22:59.460 [Test worker] DEBUG org.hibernate.cfg.Settings - multi-tenancy strategy : NONE
21:22:59.460 [Test worker] DEBUG org.hibernate.cfg.Settings - JTA Track by Thread: enabled
21:22:59.460 [Test worker] DEBUG org.hibernate.cfg.Settings - Query language substitutions: {}
21:22:59.460 [Test worker] DEBUG org.hibernate.cfg.Settings - Named query checking : enabled
21:22:59.460 [Test worker] DEBUG org.hibernate.cfg.Settings - Second-level cache: disabled
21:22:59.460 [Test worker] DEBUG org.hibernate.cfg.Settings - Second-level query cache: disabled
21:22:59.460 [Test worker] DEBUG org.hibernate.cfg.Settings - Second-level query cache factory: null
21:22:59.460 [Test worker] DEBUG org.hibernate.cfg.Settings - Second-level cache region prefix: null
21:22:59.460 [Test worker] DEBUG org.hibernate.cfg.Settings - Optimize second-level cache for minimal puts: disabled
21:22:59.460 [Test worker] DEBUG org.hibernate.cfg.Settings - Structured second-level cache entries: disabled
21:22:59.460 [Test worker] DEBUG org.hibernate.cfg.Settings - Second-level cache direct-reference entries: disabled
21:22:59.460 [Test worker] DEBUG org.hibernate.cfg.Settings - Automatic eviction of collection cache: disabled
21:22:59.460 [Test worker] DEBUG org.hibernate.cfg.Settings - JDBC batch size: 0
21:22:59.460 [Test worker] DEBUG org.hibernate.cfg.Settings - JDBC batch updates for versioned data: enabled
21:22:59.460 [Test worker] DEBUG org.hibernate.cfg.Settings - Scrollable result sets: disabled
21:22:59.460 [Test worker] DEBUG org.hibernate.cfg.Settings - Wrap result sets: disabled
21:22:59.460 [Test worker] DEBUG org.hibernate.cfg.Settings - JDBC3 getGeneratedKeys(): enabled
21:22:59.460 [Test worker] DEBUG org.hibernate.cfg.Settings - JDBC result set fetch size: null
21:22:59.460 [Test worker] DEBUG org.hibernate.cfg.Settings - Connection release mode: AFTER_TRANSACTION
21:22:59.460 [Test worker] DEBUG org.hibernate.cfg.Settings - Generate SQL with comments: disabled
21:22:59.460 [Test worker] DEBUG org.hibernate.cfg.Settings - JPA compliance - query : disabled
21:22:59.460 [Test worker] DEBUG org.hibernate.cfg.Settings - JPA compliance - closed-handling : disabled
21:22:59.460 [Test worker] DEBUG org.hibernate.cfg.Settings - JPA compliance - lists : disabled
21:22:59.460 [Test worker] DEBUG org.hibernate.cfg.Settings - JPA compliance - transactions : disabled
21:22:59.460 [Test worker] DEBUG org.hibernate.internal.SessionFactoryImpl - Session factory constructed with filter configurations : {}
21:22:59.460 [Test worker] DEBUG org.hibernate.internal.SessionFactoryImpl - Instantiating session factory with properties: {sun.desktop=windows, awt.toolkit=sun.awt.windows.WToolkit, dialect=utils.SQLiteDialect, java.specification.version=11, sun.cpu.isalist=amd64, sun.jnu.encoding=Cp1250, hibernate.dialect=utils.SQLiteDialect, org.gradle.test.worker=3, java.class.path=C:\\Users\\Dan\\.gradle\\caches\\6.8\\workerMain\\gradle-worker.jar;D:\\Facultate\\Projects\\OrganizareCompanie\\build\\classes\\java\\test;D:\\Facultate\\Projects\\OrganizareCompanie\\build\\resources\\test;D:\\Facultate\\Projects\\OrganizareCompanie\\build\\classes\\java\\main;D:\\Facultate\\Projects\\OrganizareCompanie\\build\\resources\\main;C:\\Users\\Dan\\.gradle\\caches\\modules-2\\files-2.1\\org.springframework.boot\\spring-boot-starter-web\\2.4.3\\4f5554ea183af87e52d8c31bb82aada0d74c40b0\\spring-boot-starter-web-2.4.3.jar;C:\\Users\\Dan\\.gradle\\caches\\modules-2\\files-2.1\\org.xerial\\sqlite-jdbc\\3.34.0\\fd29bb0124e3f79c80b2753162a6a3873c240bcf\\sqlite-jdbc-3.34.0.jar;C:\\Users\\Dan\\.gradle\\caches\\modules-2\\files-2.1\\org.hibernate\\hibernate-java8\\5.1.0.Final\\2bb534acab4f8485a821f0e4d6a2c8df617ee86a\\hibernate-java8-5.1.0.Final.jar;C:\\Users\\Dan\\.gradle\\caches\\modules-2\\files-2.1\\org.hibernate\\hibernate-core\\5.4.29.Final\\74b7c9ad3cb57ae4fd0187480a76f137a7fc3f38\\hibernate-core-5.4.29.Final.jar;C:\\Users\\Dan\\.gradle\\caches\\modules-2\\files-2.1\\org.junit.platform\\junit-platform-engine\\1.7.0\\eadb73c5074a4ac71061defd00fc176152a4d12c\\junit-platform-engine-1.7.0.jar;C:\\Users\\Dan\\.gradle\\caches\\modules-2\\files-2.1\\org.junit.platform\\junit-platform-commons\\1.7.0\\84e309fbf21d857aac079a3c1fffd84284e1114d\\junit-platform-commons-1.7.0.jar;C:\\Users\\Dan\\.gradle\\caches\\modules-2\\files-2.1\\org.junit.jupiter\\junit-jupiter-engine\\5.7.0\\d9044d6b45e2232ddd53fa56c15333e43d1749fd\\junit-jupiter-engine-5.7.0.jar;C:\\Users\\Dan\\.gradle\\caches\\modules-2\\files-2.1\\org.junit.jupiter\\junit-jupiter-api\\5.7.0\\b25f3815c4c1860a73041e733a14a0379d00c4d5\\junit-jupiter-api-5.7.0.jar;C:\\Users\\Dan\\.gradle\\caches\\modules-2\\files-2.1\\org.springframework.boot\\spring-boot-starter-json\\2.4.3\\7b26abb0a0379a00b58a2a50e010b29cf4f16b80\\spring-boot-starter-json-2.4.3.jar;C:\\Users\\Dan\\.gradle\\caches\\modules-2\\files-2.1\\org.springframework.boot\\spring-boot-starter\\2.4.3\\fd8bc0fb5f5aaefb4d6c8b77eb61563aab840c11\\spring-boot-starter-2.4.3.jar;C:\\Users\\Dan\\.gradle\\caches\\modules-2\\files-2.1\\org.springframework.boot\\spring-boot-starter-tomcat\\2.4.3\\4ba28aae05a259625e7e92f8e7338c5e1d22de35\\spring-boot-starter-tomcat-2.4.3.jar;C:\\Users\\Dan\\.gradle\\caches\\modules-2\\files-2.1\\org.springframework\\spring-webmvc\\5.3.4\\8dd52fbe8eafcc7c80998087ec6635baf7a98c20\\spring-webmvc-5.3.4.jar;C:\\Users\\Dan\\.gradle\\caches\\modules-2\\files-2.1\\org.springframework\\spring-web\\5.3.4\\d93829e24a50ed22e781f2302680a210cac5ee84\\spring-web-5.3.4.jar;C:\\Users\\Dan\\.gradle\\caches\\modules-2\\files-2.1\\org.hibernate.common\\hibernate-commons-annotations\\5.1.2.Final\\e59ffdbc6ad09eeb33507b39ffcf287679a498c8\\hibernate-commons-annotations-5.1.2.Final.jar;C:\\Users\\Dan\\.gradle\\caches\\modules-2\\files-2.1\\org.jboss.logging\\jboss-logging\\3.4.1.Final\\40fd4d696c55793e996d1ff3c475833f836c2498\\jboss-logging-3.4.1.Final.jar;C:\\Users\\Dan\\.gradle\\caches\\modules-2\\files-2.1\\javax.persistence\\javax.persistence-api\\2.2\\25665ac8c0b62f50e6488173233239120fc52c96\\javax.persistence-api-2.2.jar;C:\\Users\\Dan\\.gradle\\caches\\modules-2\\files-2.1\\org.javassist\\javassist\\3.27.0-GA\\f63e6aa899e15eca8fdaa402a79af4c417252213\\javassist-3.27.0-GA.jar;C:\\Users\\Dan\\.gradle\\caches\\modules-2\\files-2.1\\net.bytebuddy\\byte-buddy\\1.10.21\\5abe8e141cac9d50a721a22d9c188b3bf19ad0aa\\byte-buddy-1.10.21.jar;C:\\Users\\Dan\\.gradle\\caches\\modules-2\\files-2.1\\antlr\\antlr\\2.7.7\\83cd2cd674a217ade95a4bb83a8a14f351f48bd0\\antlr-2.7.7.jar;C:\\Users\\Dan\\.gradle\\caches\\modules-2\\files-2.1\\org.jboss.spec.javax.transaction\\jboss-transaction-api_1.2_spec\\1.1.1.Final\\a8485cab9484dda36e9a8c319e76b5cc18797b58\\jboss-transaction-api_1.2_spec-1.1.1.Final.jar;C:\\Users\\Dan\\.gradle\\caches\\modules-2\\files-2.1\\org.jboss\\jandex\\2.2.3.Final\\d3865101f0666b63586683bd811d754517f331ab\\jandex-2.2.3.Final.jar;C:\\Users\\Dan\\.gradle\\caches\\modules-2\\files-2.1\\com.fasterxml\\classmate\\1.5.1\\3fe0bed568c62df5e89f4f174c101eab25345b6c\\classmate-1.5.1.jar;C:\\Users\\Dan\\.gradle\\caches\\modules-2\\files-2.1\\org.glassfish.jaxb\\jaxb-runtime\\2.3.1\\dd6dda9da676a54c5b36ca2806ff95ee017d8738\\jaxb-runtime-2.3.1.jar;C:\\Users\\Dan\\.gradle\\caches\\modules-2\\files-2.1\\javax.xml.bind\\jaxb-api\\2.3.1\\8531ad5ac454cc2deb9d4d32c40c4d7451939b5d\\jaxb-api-2.3.1.jar;C:\\Users\\Dan\\.gradle\\caches\\modules-2\\files-2.1\\javax.activation\\javax.activation-api\\1.2.0\\85262acf3ca9816f9537ca47d5adeabaead7cb16\\javax.activation-api-1.2.0.jar;C:\\Users\\Dan\\.gradle\\caches\\modules-2\\files-2.1\\org.dom4j\\dom4j\\2.1.3\\a75914155a9f5808963170ec20653668a2ffd2fd\\dom4j-2.1.3.jar;C:\\Users\\Dan\\.gradle\\caches\\modules-2\\files-2.1\\org.apiguardian\\apiguardian-api\\1.1.0\\fc9dff4bb36d627bdc553de77e1f17efd790876c\\apiguardian-api-1.1.0.jar;C:\\Users\\Dan\\.gradle\\caches\\modules-2\\files-2.1\\org.opentest4j\\opentest4j\\1.2.0\\28c11eb91f9b6d8e200631d46e20a7f407f2a046\\opentest4j-1.2.0.jar;C:\\Users\\Dan\\.gradle\\caches\\modules-2\\files-2.1\\org.springframework.boot\\spring-boot-autoconfigure\\2.4.3\\2f8e1e682e55f70c8ea557982c7adb1256f41bcf\\spring-boot-autoconfigure-2.4.3.jar;C:\\Users\\Dan\\.gradle\\caches\\modules-2\\files-2.1\\org.springframework.boot\\spring-boot\\2.4.3\\de2bd17a8eb9bc3dfa629aa06f2e9fe3bf603c85\\spring-boot-2.4.3.jar;C:\\Users\\Dan\\.gradle\\caches\\modules-2\\files-2.1\\org.springframework.boot\\spring-boot-starter-logging\\2.4.3\\64687abc2255d18cd6592cbb20fa3bee3379cec8\\spring-boot-starter-logging-2.4.3.jar;C:\\Users\\Dan\\.gradle\\caches\\modules-2\\files-2.1\\jakarta.annotation\\jakarta.annotation-api\\1.3.5\\59eb84ee0d616332ff44aba065f3888cf002cd2d\\jakarta.annotation-api-1.3.5.jar;C:\\Users\\Dan\\.gradle\\caches\\modules-2\\files-2.1\\org.springframework\\spring-context\\5.3.4\\fbeadeb0e4d272599a938ec345e99e5f9a76e919\\spring-context-5.3.4.jar;C:\\Users\\Dan\\.gradle\\caches\\modules-2\\files-2.1\\org.springframework\\spring-aop\\5.3.4\\b7180a6427ab524bc1cbd31bf38dd2182632515f\\spring-aop-5.3.4.jar;C:\\Users\\Dan\\.gradle\\caches\\modules-2\\files-2.1\\org.springframework\\spring-beans\\5.3.4\\ac6c5ea0ba82f555405f74104cf378f8071c6d25\\spring-beans-5.3.4.jar;C:\\Users\\Dan\\.gradle\\caches\\modules-2\\files-2.1\\org.springframework\\spring-expression\\5.3.4\\42b71fa955e43a86471509aef14cefe756fc3794\\spring-expression-5.3.4.jar;C:\\Users\\Dan\\.gradle\\caches\\modules-2\\files-2.1\\org.springframework\\spring-core\\5.3.4\\46c1f8abd9e02a292c42a257350f365cec152b5d\\spring-core-5.3.4.jar;C:\\Users\\Dan\\.gradle\\caches\\modules-2\\files-2.1\\org.yaml\\snakeyaml\\1.27\\359d62567480b07a679dc643f82fc926b100eed5\\snakeyaml-1.27.jar;C:\\Users\\Dan\\.gradle\\caches\\modules-2\\files-2.1\\com.fasterxml.jackson.datatype\\jackson-datatype-jdk8\\2.11.4\\e1540dea3c6c681ea4e335a960f730861ee3bedb\\jackson-datatype-jdk8-2.11.4.jar;C:\\Users\\Dan\\.gradle\\caches\\modules-2\\files-2.1\\com.fasterxml.jackson.datatype\\jackson-datatype-jsr310\\2.11.4\\ce6fc76bba06623720e5a9308386b6ae74753f4d\\jackson-datatype-jsr310-2.11.4.jar;C:\\Users\\Dan\\.gradle\\caches\\modules-2\\files-2.1\\com.fasterxml.jackson.module\\jackson-module-parameter-names\\2.11.4\\432e050d79f2282a66c320375d628f1b0842cb12\\jackson-module-parameter-names-2.11.4.jar;C:\\Users\\Dan\\.gradle\\caches\\modules-2\\files-2.1\\com.fasterxml.jackson.core\\jackson-databind\\2.11.4\\5d9f3d441f99d721b957e3497f0a6465c764fad4\\jackson-databind-2.11.4.jar;C:\\Users\\Dan\\.gradle\\caches\\modules-2\\files-2.1\\org.apache.tomcat.embed\\tomcat-embed-websocket\\9.0.43\\78232648dde1a5fd5093f0a3999e593d208e2eab\\tomcat-embed-websocket-9.0.43.jar;C:\\Users\\Dan\\.gradle\\caches\\modules-2\\files-2.1\\org.apache.tomcat.embed\\tomcat-embed-core\\9.0.43\\1d102277426bdd5b12f048731a91665bb69347d1\\tomcat-embed-core-9.0.43.jar;C:\\Users\\Dan\\.gradle\\caches\\modules-2\\files-2.1\\org.glassfish\\jakarta.el\\3.0.3\\dab46ee1ee23f7197c13d7c40fce14817c9017df\\jakarta.el-3.0.3.jar;C:\\Users\\Dan\\.gradle\\caches\\modules-2\\files-2.1\\org.glassfish.jaxb\\txw2\\2.3.1\\a09d2c48d3285f206fafbffe0e50619284e92126\\txw2-2.3.1.jar;C:\\Users\\Dan\\.gradle\\caches\\modules-2\\files-2.1\\com.sun.istack\\istack-commons-runtime\\3.0.7\\c197c86ceec7318b1284bffb49b54226ca774003\\istack-commons-runtime-3.0.7.jar;C:\\Users\\Dan\\.gradle\\caches\\modules-2\\files-2.1\\org.jvnet.staxex\\stax-ex\\1.8\\8cc35f73da321c29973191f2cf143d29d26a1df7\\stax-ex-1.8.jar;C:\\Users\\Dan\\.gradle\\caches\\modules-2\\files-2.1\\com.sun.xml.fastinfoset\\FastInfoset\\1.2.15\\bb7b7ec0379982b97c62cd17465cb6d9155f68e8\\FastInfoset-1.2.15.jar;C:\\Users\\Dan\\.gradle\\caches\\modules-2\\files-2.1\\ch.qos.logback\\logback-classic\\1.2.3\\7c4f3c474fb2c041d8028740440937705ebb473a\\logback-classic-1.2.3.jar;C:\\Users\\Dan\\.gradle\\caches\\modules-2\\files-2.1\\org.apache.logging.log4j\\log4j-to-slf4j\\2.13.3\\966f6fd1af4959d6b12bfa880121d4a2b164f857\\log4j-to-slf4j-2.13.3.jar;C:\\Users\\Dan\\.gradle\\caches\\modules-2\\files-2.1\\org.slf4j\\jul-to-slf4j\\1.7.30\\d58bebff8cbf70ff52b59208586095f467656c30\\jul-to-slf4j-1.7.30.jar;C:\\Users\\Dan\\.gradle\\caches\\modules-2\\files-2.1\\org.springframework\\spring-jcl\\5.3.4\\ca012eb4e9e57f767aa9d5e51fe9a09b28140808\\spring-jcl-5.3.4.jar;C:\\Users\\Dan\\.gradle\\caches\\modules-2\\files-2.1\\com.fasterxml.jackson.core\\jackson-annotations\\2.11.4\\2c3f5c079330f3a01726686a078979420f547ae4\\jackson-annotations-2.11.4.jar;C:\\Users\\Dan\\.gradle\\caches\\modules-2\\files-2.1\\com.fasterxml.jackson.core\\jackson-core\\2.11.4\\593f7b18bab07a76767f181e2a2336135ce82cc4\\jackson-core-2.11.4.jar;C:\\Users\\Dan\\.gradle\\caches\\modules-2\\files-2.1\\ch.qos.logback\\logback-core\\1.2.3\\864344400c3d4d92dfeb0a305dc87d953677c03c\\logback-core-1.2.3.jar;C:\\Users\\Dan\\.gradle\\caches\\modules-2\\files-2.1\\org.slf4j\\slf4j-api\\1.7.30\\b5a4b6d16ab13e34a88fae84c35cd5d68cac922c\\slf4j-api-1.7.30.jar;C:\\Users\\Dan\\.gradle\\caches\\modules-2\\files-2.1\\org.apache.logging.log4j\\log4j-api\\2.13.3\\ec1508160b93d274b1add34419b897bae84c6ca9\\log4j-api-2.13.3.jar, java.vm.vendor=Oracle Corporation, sun.arch.data.model=64, user.variant=, java.vendor.url=http://java.oracle.com/, user.timezone=Europe/Athens, os.name=Windows 10, java.vm.specification.version=11, user.country=US, sun.java.launcher=SUN_STANDARD, sun.boot.library.path=C:\Program Files\Java\jdk-11.0.6\bin, sun.java.command=worker.org.gradle.process.internal.worker.GradleWorkerMain 'Gradle Test Executor 3', jdk.debug=release, sun.cpu.endian=little, user.home=C:\Users\Dan, user.language=en, java.specification.vendor=Oracle Corporation, org.gradle.native=false, java.version.date=2020-01-14, java.home=C:\Program Files\Java\jdk-11.0.6, file.separator=\, java.vm.compressedOopsMode=32-bit, line.separator=
, java.specification.name=Java Platform API Specification, java.vm.specification.vendor=Oracle Corporation, java.awt.graphicsenv=sun.awt.Win32GraphicsEnvironment, hibernate.hbm2ddl.auto=update, user.script=, sun.management.compiler=HotSpot 64-Bit Tiered Compilers, java.runtime.version=11.0.6+8-LTS, user.name=Dan, path.separator=;, hibernate.connection.username=****, os.version=10.0, hibernate.enable_lazy_load_no_trans=true, java.runtime.name=Java(TM) SE Runtime Environment, hibernate.connection.url=jdbc:sqlite:D:\Facultate\Projects\OrganizareCompanie\database, file.encoding=windows-1250, java.vm.name=Java HotSpot(TM) 64-Bit Server VM, hibernate.show_sql=true, java.vendor.version=18.9, hibernate.current_session_context_class=thread, hibernate.connection.driver_class=org.sqlite.JDBC, java.vendor.url.bug=http://bugreport.java.com/bugreport/, java.io.tmpdir=C:\Users\Dan\AppData\Local\Temp\, java.version=11.0.6, user.dir=D:\Facultate\Projects\OrganizareCompanie, os.arch=amd64, java.vm.specification.name=Java Virtual Machine Specification, java.awt.printerjob=sun.awt.windows.WPrinterJob, hibernate.connection.password=****, sun.os.patch.level=, connection.driver_class=org.sqlite.JDBC, hibernate.boot.CfgXmlAccessService.key=org.hibernate.boot.cfgxml.spi.LoadedConfig@5d45356, java.library.path=C:\Program Files\Java\jdk-11.0.6\bin;C:\WINDOWS\Sun\Java\bin;C:\WINDOWS\system32;C:\WINDOWS;;C:\Python38\Scripts\;C:\Python38\;D:\Facultate\Scripts\;D:\Facultate\;C:\Users\Dan\Desktop\Facultate 2018-2019\Semestrul I\Fundamentele programarii\Python\Scripts\;C:\Users\Dan\Desktop\Facultate 2018-2019\Semestrul I\Fundamentele programarii\Python\;C:\Users\Dan\Desktop\Facultate 2018-2019\Semestrul I\Fundamentele programarii\Scripts\;C:\Users\Dan\Desktop\Facultate 2018-2019\Semestrul I\Fundamentele programarii\;C:\WINDOWS\system32;C:\WINDOWS;C:\WINDOWS\System32\Wbem;C:\WINDOWS\System32\WindowsPowerShell\v1.0\;C:\WINDOWS\System32\OpenSSH\;D:\Facultate\PuTTY\;C:\Program Files\dotnet\;C:\Program Files\Microsoft SQL Server\Client SDK\ODBC\170\Tools\Binn\;C:\Users\Dan\Proto\bin;D:\Facultate\NodeJS\;C:\ProgramData\chocolatey\bin;C:\Program Files\Git\cmd;C:\Program Files\Java\jdk-10.0.2\bin;C:\Program Files (x86)\GnuWin32\bin;C:\MinGW\bin;C:\Program Files\Java\jdk-11.0.6\bin;C:\WINDOWS\system32;C:\WINDOWS;C:\WINDOWS\System32\Wbem;C:\WINDOWS\System32\WindowsPowerShell\v1.0\;C:\WINDOWS\System32\OpenSSH\;C:\Program Files\Intel\WiFi\bin\;C:\Program Files\Common Files\Intel\WirelessCommon\;D:\Facultate\Python\Scripts\;D:\Facultate\Python\;C:\Users\Dan\AppData\Local\Microsoft\WindowsApps;C:\Users\Dan\AppData\Local\GitHubDesktop\bin;C:\Users\Dan\AppData\Roaming\npm;D:\Facultate\Microsoft VS Code\bin;C:\Users\Dan\AppData\Local\Microsoft\WindowsApps;C:\Users\Dan\Documents\driver;;., java.vendor=Oracle Corporation, java.vm.info=mixed mode, java.vm.version=11.0.6+8-LTS, hibernate.bytecode.use_reflection_optimizer=false, sun.io.unicode.encoding=UnicodeLittle, hibernate.connection.pool_size=1, connection.url=jdbc:sqlite:D:\Facultate\Projects\OrganizareCompanie\database, java.class.version=55.0}
21:22:59.460 [Test worker] DEBUG org.hibernate.secure.spi.JaccIntegrator - Skipping JACC integration as it was not enabled
21:22:59.460 [Test worker] DEBUG org.hibernate.internal.SessionFactoryImpl - Instantiated session factory
21:22:59.460 [Test worker] DEBUG org.hibernate.type.spi.TypeConfiguration$Scope - Scoping TypeConfiguration [org.hibernate.type.spi.TypeConfiguration@488ba488] to SessionFactoryImpl [org.hibernate.internal.SessionFactoryImpl@4d7d97ed]
21:22:59.460 [Test worker] DEBUG org.hibernate.boot.internal.ClassLoaderAccessImpl - Not known whether passed class name [domain.Functie] is safe
21:22:59.460 [Test worker] DEBUG org.hibernate.boot.internal.ClassLoaderAccessImpl - No temp ClassLoader provided; using live ClassLoader for loading potentially unsafe class : domain.Functie
21:22:59.476 [Test worker] DEBUG org.hibernate.boot.internal.ClassLoaderAccessImpl - Not known whether passed class name [domain.Departament] is safe
21:22:59.476 [Test worker] DEBUG org.hibernate.boot.internal.ClassLoaderAccessImpl - No temp ClassLoader provided; using live ClassLoader for loading potentially unsafe class : domain.Departament
21:22:59.476 [Test worker] DEBUG org.hibernate.boot.internal.ClassLoaderAccessImpl - Not known whether passed class name [domain.Angajat] is safe
21:22:59.476 [Test worker] DEBUG org.hibernate.boot.internal.ClassLoaderAccessImpl - No temp ClassLoader provided; using live ClassLoader for loading potentially unsafe class : domain.Angajat
21:22:59.476 [Test worker] DEBUG org.hibernate.boot.internal.ClassLoaderAccessImpl - Not known whether passed class name [domain.Proiect] is safe
21:22:59.476 [Test worker] DEBUG org.hibernate.boot.internal.ClassLoaderAccessImpl - No temp ClassLoader provided; using live ClassLoader for loading potentially unsafe class : domain.Proiect
21:22:59.476 [Test worker] DEBUG org.hibernate.boot.internal.ClassLoaderAccessImpl - Not known whether passed class name [domain.Concediu] is safe
21:22:59.476 [Test worker] DEBUG org.hibernate.boot.internal.ClassLoaderAccessImpl - No temp ClassLoader provided; using live ClassLoader for loading potentially unsafe class : domain.Concediu
21:22:59.492 [Test worker] DEBUG org.hibernate.persister.collection.AbstractCollectionPersister - Static SQL for collection: domain.Angajat.proiecte
21:22:59.492 [Test worker] DEBUG org.hibernate.persister.collection.AbstractCollectionPersister -  Row insert: insert into angajati_proiecte (id_angajat, id_proiect) values (?, ?)
21:22:59.492 [Test worker] DEBUG org.hibernate.persister.collection.AbstractCollectionPersister -  Row update: update angajati_proiecte set id_proiect=? where id_angajat=? and id_proiect=?
21:22:59.492 [Test worker] DEBUG org.hibernate.persister.collection.AbstractCollectionPersister -  Row delete: delete from angajati_proiecte where id_angajat=? and id_proiect=?
21:22:59.492 [Test worker] DEBUG org.hibernate.persister.collection.AbstractCollectionPersister -  One-shot delete: delete from angajati_proiecte where id_angajat=?
21:22:59.492 [Test worker] DEBUG org.hibernate.persister.collection.AbstractCollectionPersister - Static SQL for collection: domain.Angajat.concedii
21:22:59.492 [Test worker] DEBUG org.hibernate.persister.collection.AbstractCollectionPersister -  Row insert: update concedii set id_angajat=? where id=?
21:22:59.492 [Test worker] DEBUG org.hibernate.persister.collection.AbstractCollectionPersister -  Row update: update concedii set  where id=?
21:22:59.492 [Test worker] DEBUG org.hibernate.persister.collection.AbstractCollectionPersister -  Row delete: update concedii set id_angajat=null where id_angajat=? and id=?
21:22:59.492 [Test worker] DEBUG org.hibernate.persister.collection.AbstractCollectionPersister -  One-shot delete: update concedii set id_angajat=null where id_angajat=?
21:22:59.492 [Test worker] DEBUG org.hibernate.persister.collection.AbstractCollectionPersister - Static SQL for collection: domain.Angajat.departamente
21:22:59.492 [Test worker] DEBUG org.hibernate.persister.collection.AbstractCollectionPersister -  Row insert: insert into angajati_departamente (id_angajat, id_departament) values (?, ?)
21:22:59.492 [Test worker] DEBUG org.hibernate.persister.collection.AbstractCollectionPersister -  Row update: update angajati_departamente set id_departament=? where id_angajat=? and id_departament=?
21:22:59.492 [Test worker] DEBUG org.hibernate.persister.collection.AbstractCollectionPersister -  Row delete: delete from angajati_departamente where id_angajat=? and id_departament=?
21:22:59.492 [Test worker] DEBUG org.hibernate.persister.collection.AbstractCollectionPersister -  One-shot delete: delete from angajati_departamente where id_angajat=?
21:22:59.492 [Test worker] DEBUG org.hibernate.persister.entity.AbstractEntityPersister - Static SQL for entity: domain.Functie
21:22:59.492 [Test worker] DEBUG org.hibernate.persister.entity.AbstractEntityPersister -  Version select: select id from functii where id =?
21:22:59.492 [Test worker] DEBUG org.hibernate.persister.entity.AbstractEntityPersister -  Snapshot select: select functie_.id, functie_.salar_de_baza as salar_de2_5_ from functii functie_ where functie_.id=?
21:22:59.492 [Test worker] DEBUG org.hibernate.persister.entity.AbstractEntityPersister -  Insert 0: insert into functii (salar_de_baza, id) values (?, ?)
21:22:59.492 [Test worker] DEBUG org.hibernate.persister.entity.AbstractEntityPersister -  Update 0: update functii set salar_de_baza=? where id=?
21:22:59.492 [Test worker] DEBUG org.hibernate.persister.entity.AbstractEntityPersister -  Delete 0: delete from functii where id=?
21:22:59.492 [Test worker] DEBUG org.hibernate.persister.entity.AbstractEntityPersister -  Identity insert: insert into functii (salar_de_baza) values (?)
21:22:59.492 [Test worker] DEBUG org.hibernate.loader.plan.build.internal.spaces.QuerySpacesImpl - Adding QuerySpace : uid = <gen:0> -> org.hibernate.loader.plan.build.internal.spaces.EntityQuerySpaceImpl@772bd8cb]
21:22:59.492 [Test worker] DEBUG org.hibernate.persister.walking.spi.MetamodelGraphWalker - Visiting attribute path : salarDeBaza
21:22:59.492 [Test worker] DEBUG org.hibernate.loader.plan.build.internal.FetchStyleLoadPlanBuildingAssociationVisitationStrategy - Building LoadPlan...
21:22:59.492 [Test worker] DEBUG org.hibernate.loader.plan.exec.internal.LoadQueryJoinAndFetchProcessor - processing queryspace <gen:0>
21:22:59.492 [Test worker] DEBUG org.hibernate.loader.plan.build.spi.LoadPlanTreePrinter - LoadPlan(entity=domain.Functie)
    - Returns
       - EntityReturnImpl(entity=domain.Functie, querySpaceUid=<gen:0>, path=domain.Functie)
    - QuerySpaces
       - EntityQuerySpaceImpl(uid=<gen:0>, entity=domain.Functie)
          - SQL table alias mapping - functie0_
          - alias suffix - 0_
          - suffixed key columns - {id1_5_0_}

21:22:59.492 [Test worker] DEBUG org.hibernate.loader.entity.plan.EntityLoader - Static select for entity domain.Functie [NONE]: select functie0_.id as id1_5_0_, functie0_.salar_de_baza as salar_de2_5_0_ from functii functie0_ where functie0_.id=?
21:22:59.492 [Test worker] DEBUG org.hibernate.persister.entity.AbstractEntityPersister - Static SQL for entity: domain.Departament
21:22:59.492 [Test worker] DEBUG org.hibernate.persister.entity.AbstractEntityPersister -  Version select: select id from departamente where id =?
21:22:59.492 [Test worker] DEBUG org.hibernate.persister.entity.AbstractEntityPersister -  Snapshot select: select departamen_.id, departamen_.id_director as id_direc2_4_ from departamente departamen_ where departamen_.id=?
21:22:59.492 [Test worker] DEBUG org.hibernate.persister.entity.AbstractEntityPersister -  Insert 0: insert into departamente (id_director, id) values (?, ?)
21:22:59.492 [Test worker] DEBUG org.hibernate.persister.entity.AbstractEntityPersister -  Update 0: update departamente set id_director=? where id=?
21:22:59.492 [Test worker] DEBUG org.hibernate.persister.entity.AbstractEntityPersister -  Delete 0: delete from departamente where id=?
21:22:59.492 [Test worker] DEBUG org.hibernate.persister.entity.AbstractEntityPersister -  Identity insert: insert into departamente (id_director) values (?)
21:22:59.492 [Test worker] DEBUG org.hibernate.loader.plan.build.internal.spaces.QuerySpacesImpl - Adding QuerySpace : uid = <gen:0> -> org.hibernate.loader.plan.build.internal.spaces.EntityQuerySpaceImpl@1ff7f3e]
21:22:59.492 [Test worker] DEBUG org.hibernate.persister.walking.spi.MetamodelGraphWalker - Visiting attribute path : idDirector
21:22:59.492 [Test worker] DEBUG org.hibernate.loader.plan.build.internal.FetchStyleLoadPlanBuildingAssociationVisitationStrategy - Building LoadPlan...
21:22:59.492 [Test worker] DEBUG org.hibernate.loader.plan.exec.internal.LoadQueryJoinAndFetchProcessor - processing queryspace <gen:0>
21:22:59.492 [Test worker] DEBUG org.hibernate.loader.plan.build.spi.LoadPlanTreePrinter - LoadPlan(entity=domain.Departament)
    - Returns
       - EntityReturnImpl(entity=domain.Departament, querySpaceUid=<gen:0>, path=domain.Departament)
    - QuerySpaces
       - EntityQuerySpaceImpl(uid=<gen:0>, entity=domain.Departament)
          - SQL table alias mapping - departamen0_
          - alias suffix - 0_
          - suffixed key columns - {id1_4_0_}

21:22:59.492 [Test worker] DEBUG org.hibernate.loader.entity.plan.EntityLoader - Static select for entity domain.Departament [NONE]: select departamen0_.id as id1_4_0_, departamen0_.id_director as id_direc2_4_0_ from departamente departamen0_ where departamen0_.id=?
21:22:59.492 [Test worker] DEBUG org.hibernate.persister.entity.AbstractEntityPersister - Static SQL for entity: domain.Angajat
21:22:59.492 [Test worker] DEBUG org.hibernate.persister.entity.AbstractEntityPersister -  Version select: select id from angajati where id =?
21:22:59.492 [Test worker] DEBUG org.hibernate.persister.entity.AbstractEntityPersister -  Snapshot select: select angajat_.id, angajat_.data_angajare as data_ang2_0_, angajat_.functie_id as functie_4_0_, angajat_.id_superior as id_super3_0_ from angajati angajat_ where angajat_.id=?
21:22:59.492 [Test worker] DEBUG org.hibernate.persister.entity.AbstractEntityPersister -  Insert 0: insert into angajati (data_angajare, functie_id, id_superior, id) values (?, ?, ?, ?)
21:22:59.492 [Test worker] DEBUG org.hibernate.persister.entity.AbstractEntityPersister -  Update 0: update angajati set data_angajare=?, functie_id=?, id_superior=? where id=?
21:22:59.492 [Test worker] DEBUG org.hibernate.persister.entity.AbstractEntityPersister -  Delete 0: delete from angajati where id=?
21:22:59.492 [Test worker] DEBUG org.hibernate.persister.entity.AbstractEntityPersister -  Identity insert: insert into angajati (data_angajare, functie_id, id_superior) values (?, ?, ?)
21:22:59.492 [Test worker] DEBUG org.hibernate.loader.plan.build.internal.spaces.QuerySpacesImpl - Adding QuerySpace : uid = <gen:0> -> org.hibernate.loader.plan.build.internal.spaces.EntityQuerySpaceImpl@82948b2]
21:22:59.492 [Test worker] DEBUG org.hibernate.persister.walking.spi.MetamodelGraphWalker - Visiting attribute path : concedii
21:22:59.492 [Test worker] DEBUG org.hibernate.loader.plan.build.internal.spaces.QuerySpacesImpl - Adding QuerySpace : uid = <gen:1> -> org.hibernate.loader.plan.build.internal.spaces.CollectionQuerySpaceImpl@176eb461]
21:22:59.492 [Test worker] DEBUG org.hibernate.loader.plan.build.internal.spaces.QuerySpacesImpl - Adding QuerySpace : uid = <gen:2> -> org.hibernate.loader.plan.build.internal.spaces.EntityQuerySpaceImpl@5f45c4c9]
21:22:59.492 [Test worker] DEBUG org.hibernate.persister.walking.spi.MetamodelGraphWalker - Visiting attribute path : dataAngajare
21:22:59.492 [Test worker] DEBUG org.hibernate.persister.walking.spi.MetamodelGraphWalker - Visiting attribute path : departamente
21:22:59.492 [Test worker] DEBUG org.hibernate.loader.plan.build.internal.spaces.QuerySpacesImpl - Adding QuerySpace : uid = <gen:3> -> org.hibernate.loader.plan.build.internal.spaces.CollectionQuerySpaceImpl@1d6b6b4b]
21:22:59.492 [Test worker] DEBUG org.hibernate.loader.plan.build.internal.spaces.QuerySpacesImpl - Adding QuerySpace : uid = <gen:4> -> org.hibernate.loader.plan.build.internal.spaces.EntityQuerySpaceImpl@6186d9b4]
21:22:59.492 [Test worker] DEBUG org.hibernate.persister.walking.spi.MetamodelGraphWalker - Visiting attribute path : functie
21:22:59.492 [Test worker] DEBUG org.hibernate.loader.plan.build.internal.spaces.QuerySpacesImpl - Adding QuerySpace : uid = <gen:5> -> org.hibernate.loader.plan.build.internal.spaces.EntityQuerySpaceImpl@329b459]
21:22:59.492 [Test worker] DEBUG org.hibernate.persister.walking.spi.MetamodelGraphWalker - Visiting attribute path : functie.salarDeBaza
21:22:59.492 [Test worker] DEBUG org.hibernate.persister.walking.spi.MetamodelGraphWalker - Visiting attribute path : idSuperior
21:22:59.492 [Test worker] DEBUG org.hibernate.persister.walking.spi.MetamodelGraphWalker - Visiting attribute path : proiecte
21:22:59.492 [Test worker] DEBUG org.hibernate.loader.plan.build.internal.spaces.QuerySpacesImpl - Adding QuerySpace : uid = <gen:6> -> org.hibernate.loader.plan.build.internal.spaces.CollectionQuerySpaceImpl@344c4756]
21:22:59.492 [Test worker] DEBUG org.hibernate.loader.plan.build.internal.spaces.QuerySpacesImpl - Adding QuerySpace : uid = <gen:7> -> org.hibernate.loader.plan.build.internal.spaces.EntityQuerySpaceImpl@63d06312]
21:22:59.492 [Test worker] DEBUG org.hibernate.loader.plan.build.internal.FetchStyleLoadPlanBuildingAssociationVisitationStrategy - Building LoadPlan...
21:22:59.492 [Test worker] DEBUG org.hibernate.loader.plan.exec.internal.LoadQueryJoinAndFetchProcessor - processing queryspace <gen:0>
21:22:59.492 [Test worker] DEBUG org.hibernate.loader.plan.build.spi.LoadPlanTreePrinter - LoadPlan(entity=domain.Angajat)
    - Returns
       - EntityReturnImpl(entity=domain.Angajat, querySpaceUid=<gen:0>, path=domain.Angajat)
          - CollectionAttributeFetchImpl(collection=domain.Angajat.concedii, querySpaceUid=<gen:1>, path=domain.Angajat.concedii)
             - (collection element) CollectionFetchableElementEntityGraph(entity=domain.Concediu, querySpaceUid=<gen:2>, path=domain.Angajat.concedii.<elements>)
          - CollectionAttributeFetchImpl(collection=domain.Angajat.departamente, querySpaceUid=<gen:3>, path=domain.Angajat.departamente)
             - (collection element) CollectionFetchableElementEntityGraph(entity=domain.Departament, querySpaceUid=<gen:4>, path=domain.Angajat.departamente.<elements>)
          - EntityAttributeFetchImpl(entity=domain.Functie, querySpaceUid=<gen:5>, path=domain.Angajat.functie)
          - CollectionAttributeFetchImpl(collection=domain.Angajat.proiecte, querySpaceUid=<gen:6>, path=domain.Angajat.proiecte)
             - (collection element) CollectionFetchableElementEntityGraph(entity=domain.Proiect, querySpaceUid=<gen:7>, path=domain.Angajat.proiecte.<elements>)
    - QuerySpaces
       - EntityQuerySpaceImpl(uid=<gen:0>, entity=domain.Angajat)
          - SQL table alias mapping - angajat0_
          - alias suffix - 0_
          - suffixed key columns - {id1_0_0_}
          - JOIN (JoinDefinedByMetadata(functie)) : <gen:0> -> <gen:5>
             - EntityQuerySpaceImpl(uid=<gen:5>, entity=domain.Functie)
                - SQL table alias mapping - functie1_
                - alias suffix - 1_
                - suffixed key columns - {id1_5_1_}

21:22:59.492 [Test worker] DEBUG org.hibernate.loader.entity.plan.EntityLoader - Static select for entity domain.Angajat [NONE]: select angajat0_.id as id1_0_0_, angajat0_.data_angajare as data_ang2_0_0_, angajat0_.functie_id as functie_4_0_0_, angajat0_.id_superior as id_super3_0_0_, functie1_.id as id1_5_1_, functie1_.salar_de_baza as salar_de2_5_1_ from angajati angajat0_ left outer join functii functie1_ on angajat0_.functie_id=functie1_.id where angajat0_.id=?
21:22:59.492 [Test worker] DEBUG org.hibernate.persister.entity.AbstractEntityPersister - Static SQL for entity: domain.Proiect
21:22:59.492 [Test worker] DEBUG org.hibernate.persister.entity.AbstractEntityPersister -  Version select: select id from proiecte where id =?
21:22:59.492 [Test worker] DEBUG org.hibernate.persister.entity.AbstractEntityPersister -  Snapshot select: select proiect_.id, proiect_.data_inceput as data_inc2_6_, proiect_.deadline as deadline3_6_ from proiecte proiect_ where proiect_.id=?
21:22:59.492 [Test worker] DEBUG org.hibernate.persister.entity.AbstractEntityPersister -  Insert 0: insert into proiecte (data_inceput, deadline, id) values (?, ?, ?)
21:22:59.492 [Test worker] DEBUG org.hibernate.persister.entity.AbstractEntityPersister -  Update 0: update proiecte set data_inceput=?, deadline=? where id=?
21:22:59.492 [Test worker] DEBUG org.hibernate.persister.entity.AbstractEntityPersister -  Delete 0: delete from proiecte where id=?
21:22:59.492 [Test worker] DEBUG org.hibernate.persister.entity.AbstractEntityPersister -  Identity insert: insert into proiecte (data_inceput, deadline) values (?, ?)
21:22:59.492 [Test worker] DEBUG org.hibernate.loader.plan.build.internal.spaces.QuerySpacesImpl - Adding QuerySpace : uid = <gen:0> -> org.hibernate.loader.plan.build.internal.spaces.EntityQuerySpaceImpl@2d95984d]
21:22:59.492 [Test worker] DEBUG org.hibernate.persister.walking.spi.MetamodelGraphWalker - Visiting attribute path : dataInceput
21:22:59.492 [Test worker] DEBUG org.hibernate.persister.walking.spi.MetamodelGraphWalker - Visiting attribute path : deadline
21:22:59.492 [Test worker] DEBUG org.hibernate.loader.plan.build.internal.FetchStyleLoadPlanBuildingAssociationVisitationStrategy - Building LoadPlan...
21:22:59.492 [Test worker] DEBUG org.hibernate.loader.plan.exec.internal.LoadQueryJoinAndFetchProcessor - processing queryspace <gen:0>
21:22:59.492 [Test worker] DEBUG org.hibernate.loader.plan.build.spi.LoadPlanTreePrinter - LoadPlan(entity=domain.Proiect)
    - Returns
       - EntityReturnImpl(entity=domain.Proiect, querySpaceUid=<gen:0>, path=domain.Proiect)
    - QuerySpaces
       - EntityQuerySpaceImpl(uid=<gen:0>, entity=domain.Proiect)
          - SQL table alias mapping - proiect0_
          - alias suffix - 0_
          - suffixed key columns - {id1_6_0_}

21:22:59.492 [Test worker] DEBUG org.hibernate.loader.entity.plan.EntityLoader - Static select for entity domain.Proiect [NONE]: select proiect0_.id as id1_6_0_, proiect0_.data_inceput as data_inc2_6_0_, proiect0_.deadline as deadline3_6_0_ from proiecte proiect0_ where proiect0_.id=?
21:22:59.492 [Test worker] DEBUG org.hibernate.persister.entity.AbstractEntityPersister - Static SQL for entity: domain.Concediu
21:22:59.492 [Test worker] DEBUG org.hibernate.persister.entity.AbstractEntityPersister -  Version select: select id from concedii where id =?
21:22:59.492 [Test worker] DEBUG org.hibernate.persister.entity.AbstractEntityPersister -  Snapshot select: select concediu_.id, concediu_.id_angajat as id_angaj4_3_, concediu_.data_inceput as data_inc2_3_, concediu_.data_sfarsit as data_sfa3_3_ from concedii concediu_ where concediu_.id=?
21:22:59.492 [Test worker] DEBUG org.hibernate.persister.entity.AbstractEntityPersister -  Insert 0: insert into concedii (id_angajat, data_inceput, data_sfarsit, id) values (?, ?, ?, ?)
21:22:59.492 [Test worker] DEBUG org.hibernate.persister.entity.AbstractEntityPersister -  Update 0: update concedii set id_angajat=?, data_inceput=?, data_sfarsit=? where id=?
21:22:59.492 [Test worker] DEBUG org.hibernate.persister.entity.AbstractEntityPersister -  Delete 0: delete from concedii where id=?
21:22:59.492 [Test worker] DEBUG org.hibernate.persister.entity.AbstractEntityPersister -  Identity insert: insert into concedii (id_angajat, data_inceput, data_sfarsit) values (?, ?, ?)
21:22:59.492 [Test worker] DEBUG org.hibernate.loader.plan.build.internal.spaces.QuerySpacesImpl - Adding QuerySpace : uid = <gen:0> -> org.hibernate.loader.plan.build.internal.spaces.EntityQuerySpaceImpl@537d6f1f]
21:22:59.492 [Test worker] DEBUG org.hibernate.persister.walking.spi.MetamodelGraphWalker - Visiting attribute path : angajat
21:22:59.492 [Test worker] DEBUG org.hibernate.loader.plan.build.internal.spaces.QuerySpacesImpl - Adding QuerySpace : uid = <gen:1> -> org.hibernate.loader.plan.build.internal.spaces.EntityQuerySpaceImpl@3203ef46]
21:22:59.492 [Test worker] DEBUG org.hibernate.persister.walking.spi.MetamodelGraphWalker - Visiting attribute path : dataInceput
21:22:59.492 [Test worker] DEBUG org.hibernate.persister.walking.spi.MetamodelGraphWalker - Visiting attribute path : dataSfarsit
21:22:59.492 [Test worker] DEBUG org.hibernate.loader.plan.build.internal.FetchStyleLoadPlanBuildingAssociationVisitationStrategy - Building LoadPlan...
21:22:59.492 [Test worker] DEBUG org.hibernate.loader.plan.exec.internal.LoadQueryJoinAndFetchProcessor - processing queryspace <gen:0>
21:22:59.492 [Test worker] DEBUG org.hibernate.loader.plan.build.spi.LoadPlanTreePrinter - LoadPlan(entity=domain.Concediu)
    - Returns
       - EntityReturnImpl(entity=domain.Concediu, querySpaceUid=<gen:0>, path=domain.Concediu)
          - EntityAttributeFetchImpl(entity=domain.Angajat, querySpaceUid=<gen:1>, path=domain.Concediu.angajat)
    - QuerySpaces
       - EntityQuerySpaceImpl(uid=<gen:0>, entity=domain.Concediu)
          - SQL table alias mapping - concediu0_
          - alias suffix - 0_
          - suffixed key columns - {id1_3_0_}

21:22:59.492 [Test worker] DEBUG org.hibernate.loader.entity.plan.EntityLoader - Static select for entity domain.Concediu [NONE]: select concediu0_.id as id1_3_0_, concediu0_.id_angajat as id_angaj4_3_0_, concediu0_.data_inceput as data_inc2_3_0_, concediu0_.data_sfarsit as data_sfa3_3_0_ from concedii concediu0_ where concediu0_.id=?
21:22:59.492 [Test worker] DEBUG org.hibernate.loader.plan.build.internal.spaces.QuerySpacesImpl - Adding QuerySpace : uid = <gen:0> -> org.hibernate.loader.plan.build.internal.spaces.CollectionQuerySpaceImpl@584482c5]
21:22:59.492 [Test worker] DEBUG org.hibernate.loader.plan.build.internal.spaces.QuerySpacesImpl - Adding QuerySpace : uid = <gen:1> -> org.hibernate.loader.plan.build.internal.spaces.EntityQuerySpaceImpl@60790b45]
21:22:59.492 [Test worker] DEBUG org.hibernate.persister.walking.spi.MetamodelGraphWalker - Visiting attribute path : dataInceput
21:22:59.492 [Test worker] DEBUG org.hibernate.persister.walking.spi.MetamodelGraphWalker - Visiting attribute path : deadline
21:22:59.492 [Test worker] DEBUG org.hibernate.loader.plan.build.internal.FetchStyleLoadPlanBuildingAssociationVisitationStrategy - Building LoadPlan...
21:22:59.492 [Test worker] DEBUG org.hibernate.loader.plan.exec.internal.LoadQueryJoinAndFetchProcessor - processing queryspace <gen:0>
21:22:59.492 [Test worker] DEBUG org.hibernate.loader.plan.build.spi.LoadPlanTreePrinter - LoadPlan(collection=domain.Angajat.proiecte)
    - Returns
       - CollectionReturnImpl(collection=domain.Angajat.proiecte, querySpaceUid=<gen:0>, path=[domain.Angajat.proiecte])
          - (collection element) CollectionFetchableElementEntityGraph(entity=domain.Proiect, querySpaceUid=<gen:1>, path=[domain.Angajat.proiecte].<elements>)
    - QuerySpaces
       - CollectionQuerySpaceImpl(uid=<gen:0>, collection=domain.Angajat.proiecte)
          - SQL table alias mapping - proiecte0_
          - alias suffix - 0_
          - suffixed key columns - {id_angaj1_2_0_}
          - entity-element alias suffix - 1_
          - 1_entity-element suffixed key columns - id1_6_1_
          - JOIN (JoinDefinedByMetadata(elements)) : <gen:0> -> <gen:1>
             - EntityQuerySpaceImpl(uid=<gen:1>, entity=domain.Proiect)
                - SQL table alias mapping - proiect1_
                - alias suffix - 1_
                - suffixed key columns - {id1_6_1_}

21:22:59.492 [Test worker] DEBUG org.hibernate.loader.collection.plan.CollectionLoader - Static select for collection domain.Angajat.proiecte: select proiecte0_.id_angajat as id_angaj1_2_0_, proiecte0_.id_proiect as id_proie2_2_0_, proiect1_.id as id1_6_1_, proiect1_.data_inceput as data_inc2_6_1_, proiect1_.deadline as deadline3_6_1_ from angajati_proiecte proiecte0_ inner join proiecte proiect1_ on proiecte0_.id_proiect=proiect1_.id where proiecte0_.id_angajat=?
21:22:59.492 [Test worker] DEBUG org.hibernate.loader.plan.build.internal.spaces.QuerySpacesImpl - Adding QuerySpace : uid = <gen:0> -> org.hibernate.loader.plan.build.internal.spaces.CollectionQuerySpaceImpl@283bab41]
21:22:59.492 [Test worker] DEBUG org.hibernate.loader.plan.build.internal.spaces.QuerySpacesImpl - Adding QuerySpace : uid = <gen:1> -> org.hibernate.loader.plan.build.internal.spaces.EntityQuerySpaceImpl@30be20]
21:22:59.492 [Test worker] DEBUG org.hibernate.persister.walking.spi.MetamodelGraphWalker - Visiting attribute path : angajat
21:22:59.492 [Test worker] DEBUG org.hibernate.persister.walking.spi.MetamodelGraphWalker - Property path deemed to be circular : angajat
21:22:59.492 [Test worker] DEBUG org.hibernate.persister.walking.spi.MetamodelGraphWalker - Visiting attribute path : dataInceput
21:22:59.492 [Test worker] DEBUG org.hibernate.persister.walking.spi.MetamodelGraphWalker - Visiting attribute path : dataSfarsit
21:22:59.492 [Test worker] DEBUG org.hibernate.loader.plan.build.internal.FetchStyleLoadPlanBuildingAssociationVisitationStrategy - Building LoadPlan...
21:22:59.492 [Test worker] DEBUG org.hibernate.loader.plan.exec.internal.LoadQueryJoinAndFetchProcessor - processing queryspace <gen:0>
21:22:59.492 [Test worker] DEBUG org.hibernate.loader.plan.build.spi.LoadPlanTreePrinter - LoadPlan(collection=domain.Angajat.concedii)
    - Returns
       - CollectionReturnImpl(collection=domain.Angajat.concedii, querySpaceUid=<gen:0>, path=[domain.Angajat.concedii])
          - (collection element) CollectionFetchableElementEntityGraph(entity=domain.Concediu, querySpaceUid=<gen:1>, path=[domain.Angajat.concedii].<elements>)
    - QuerySpaces
       - CollectionQuerySpaceImpl(uid=<gen:0>, collection=domain.Angajat.concedii)
          - SQL table alias mapping - concedii0_
          - alias suffix - 0_
          - suffixed key columns - {id_angaj4_3_0_}
          - entity-element alias suffix - 1_
          - 1_entity-element suffixed key columns - id1_3_1_
          - JOIN (JoinDefinedByMetadata(elements)) : <gen:0> -> <gen:1>
             - EntityQuerySpaceImpl(uid=<gen:1>, entity=domain.Concediu)
                - SQL table alias mapping - concedii0_
                - alias suffix - 1_
                - suffixed key columns - {id1_3_1_}

21:22:59.492 [Test worker] DEBUG org.hibernate.loader.collection.plan.CollectionLoader - Static select for collection domain.Angajat.concedii: select concedii0_.id_angajat as id_angaj4_3_0_, concedii0_.id as id1_3_0_, concedii0_.id as id1_3_1_, concedii0_.id_angajat as id_angaj4_3_1_, concedii0_.data_inceput as data_inc2_3_1_, concedii0_.data_sfarsit as data_sfa3_3_1_ from concedii concedii0_ where concedii0_.id_angajat=?
21:22:59.492 [Test worker] DEBUG org.hibernate.loader.plan.build.internal.spaces.QuerySpacesImpl - Adding QuerySpace : uid = <gen:0> -> org.hibernate.loader.plan.build.internal.spaces.CollectionQuerySpaceImpl@7db5cb10]
21:22:59.492 [Test worker] DEBUG org.hibernate.loader.plan.build.internal.spaces.QuerySpacesImpl - Adding QuerySpace : uid = <gen:1> -> org.hibernate.loader.plan.build.internal.spaces.EntityQuerySpaceImpl@7871bb38]
21:22:59.492 [Test worker] DEBUG org.hibernate.persister.walking.spi.MetamodelGraphWalker - Visiting attribute path : idDirector
21:22:59.492 [Test worker] DEBUG org.hibernate.loader.plan.build.internal.FetchStyleLoadPlanBuildingAssociationVisitationStrategy - Building LoadPlan...
21:22:59.492 [Test worker] DEBUG org.hibernate.loader.plan.exec.internal.LoadQueryJoinAndFetchProcessor - processing queryspace <gen:0>
21:22:59.492 [Test worker] DEBUG org.hibernate.loader.plan.build.spi.LoadPlanTreePrinter - LoadPlan(collection=domain.Angajat.departamente)
    - Returns
       - CollectionReturnImpl(collection=domain.Angajat.departamente, querySpaceUid=<gen:0>, path=[domain.Angajat.departamente])
          - (collection element) CollectionFetchableElementEntityGraph(entity=domain.Departament, querySpaceUid=<gen:1>, path=[domain.Angajat.departamente].<elements>)
    - QuerySpaces
       - CollectionQuerySpaceImpl(uid=<gen:0>, collection=domain.Angajat.departamente)
          - SQL table alias mapping - departamen0_
          - alias suffix - 0_
          - suffixed key columns - {id_angaj1_1_0_}
          - entity-element alias suffix - 1_
          - 1_entity-element suffixed key columns - id1_4_1_
          - JOIN (JoinDefinedByMetadata(elements)) : <gen:0> -> <gen:1>
             - EntityQuerySpaceImpl(uid=<gen:1>, entity=domain.Departament)
                - SQL table alias mapping - departamen1_
                - alias suffix - 1_
                - suffixed key columns - {id1_4_1_}

21:22:59.492 [Test worker] DEBUG org.hibernate.loader.collection.plan.CollectionLoader - Static select for collection domain.Angajat.departamente: select departamen0_.id_angajat as id_angaj1_1_0_, departamen0_.id_departament as id_depar2_1_0_, departamen1_.id as id1_4_1_, departamen1_.id_director as id_direc2_4_1_ from angajati_departamente departamen0_ inner join departamente departamen1_ on departamen0_.id_departament=departamen1_.id where departamen0_.id_angajat=?
21:22:59.492 [Test worker] INFO org.hibernate.orm.connections.access - HHH10001501: Connection obtained from JdbcConnectionAccess [org.hibernate.engine.jdbc.env.internal.JdbcEnvironmentInitiator$ConnectionProviderJdbcConnectionAccess@3aaa63bb] for (non-JTA) DDL execution was not in auto-commit mode; the Connection 'local transaction' will be committed and the Connection will be set into auto-commit mode.
21:22:59.492 [Test worker] DEBUG org.hibernate.mapping.Table - No alter strings for table : angajati
21:22:59.492 [Test worker] DEBUG org.hibernate.mapping.Table - No alter strings for table : angajati_departamente
21:22:59.492 [Test worker] DEBUG org.hibernate.mapping.Table - No alter strings for table : angajati_proiecte
21:22:59.492 [Test worker] DEBUG org.hibernate.mapping.Table - No alter strings for table : concedii
21:22:59.492 [Test worker] DEBUG org.hibernate.mapping.Table - No alter strings for table : departamente
21:22:59.492 [Test worker] DEBUG org.hibernate.mapping.Table - No alter strings for table : functii
21:22:59.492 [Test worker] DEBUG org.hibernate.mapping.Table - No alter strings for table : proiecte
21:22:59.492 [Test worker] DEBUG org.hibernate.query.spi.NamedQueryRepository - Checking 0 named HQL queries
21:22:59.492 [Test worker] DEBUG org.hibernate.query.spi.NamedQueryRepository - Checking 0 named SQL queries
21:22:59.492 [Test worker] DEBUG org.hibernate.internal.SessionFactoryRegistry - Registering SessionFactory: 63299f0a-7924-4e60-9c3d-f312effab0f8 (<unnamed>)
21:22:59.492 [Test worker] DEBUG org.hibernate.internal.SessionFactoryRegistry - Not binding SessionFactory to JNDI, no JNDI name configured
21:22:59.492 [Test worker] DEBUG org.hibernate.integrator.internal.IntegratorServiceImpl - Adding Integrator [org.hibernate.cfg.beanvalidation.BeanValidationIntegrator].
21:22:59.492 [Test worker] DEBUG org.hibernate.integrator.internal.IntegratorServiceImpl - Adding Integrator [org.hibernate.secure.spi.JaccIntegrator].
21:22:59.492 [Test worker] DEBUG org.hibernate.integrator.internal.IntegratorServiceImpl - Adding Integrator [org.hibernate.cache.internal.CollectionCacheInvalidator].
21:22:59.507 [Test worker] DEBUG org.hibernate.boot.jaxb.internal.stax.LocalXmlResourceResolver - Interpreting public/system identifier : [-//Hibernate/Hibernate Configuration DTD 3.0//EN] - [http://hibernate.org/dtd/hibernate-configuration-3.0.dtd]
21:22:59.538 [Test worker] DEBUG org.hibernate.boot.cfgxml.internal.JaxbCfgProcessor - cfg.xml document did not define namespaces; wrapping in custom event reader to introduce namespace information
21:22:59.554 [Test worker] DEBUG org.hibernate.service.spi.ServiceBinding - Overriding existing service binding [org.hibernate.secure.spi.JaccService]
21:22:59.554 [Test worker] DEBUG org.hibernate.cache.internal.RegionFactoryInitiator - Cannot default RegionFactory based on registered strategies as `[]` RegionFactory strategies were registered
21:22:59.554 [Test worker] DEBUG org.hibernate.cache.internal.RegionFactoryInitiator - Cache region factory : org.hibernate.cache.internal.NoCachingRegionFactory
21:22:59.554 [Test worker] DEBUG org.hibernate.type.BasicTypeRegistry - Adding type registration boolean -> org.hibernate.type.BooleanType@121b529f
21:22:59.554 [Test worker] DEBUG org.hibernate.type.BasicTypeRegistry - Adding type registration boolean -> org.hibernate.type.BooleanType@121b529f
21:22:59.554 [Test worker] DEBUG org.hibernate.type.BasicTypeRegistry - Adding type registration java.lang.Boolean -> org.hibernate.type.BooleanType@121b529f
21:22:59.554 [Test worker] DEBUG org.hibernate.type.BasicTypeRegistry - Adding type registration numeric_boolean -> org.hibernate.type.NumericBooleanType@7dc81433
21:22:59.554 [Test worker] DEBUG org.hibernate.type.BasicTypeRegistry - Adding type registration true_false -> org.hibernate.type.TrueFalseType@60c371da
21:22:59.554 [Test worker] DEBUG org.hibernate.type.BasicTypeRegistry - Adding type registration yes_no -> org.hibernate.type.YesNoType@51ef89fc
21:22:59.554 [Test worker] DEBUG org.hibernate.type.BasicTypeRegistry - Adding type registration byte -> org.hibernate.type.ByteType@1502feca
21:22:59.554 [Test worker] DEBUG org.hibernate.type.BasicTypeRegistry - Adding type registration byte -> org.hibernate.type.ByteType@1502feca
21:22:59.554 [Test worker] DEBUG org.hibernate.type.BasicTypeRegistry - Adding type registration java.lang.Byte -> org.hibernate.type.ByteType@1502feca
21:22:59.554 [Test worker] DEBUG org.hibernate.type.BasicTypeRegistry - Adding type registration character -> org.hibernate.type.CharacterType@5aca38b4
21:22:59.554 [Test worker] DEBUG org.hibernate.type.BasicTypeRegistry - Adding type registration char -> org.hibernate.type.CharacterType@5aca38b4
21:22:59.554 [Test worker] DEBUG org.hibernate.type.BasicTypeRegistry - Adding type registration java.lang.Character -> org.hibernate.type.CharacterType@5aca38b4
21:22:59.554 [Test worker] DEBUG org.hibernate.type.BasicTypeRegistry - Adding type registration short -> org.hibernate.type.ShortType@212db0b9
21:22:59.554 [Test worker] DEBUG org.hibernate.type.BasicTypeRegistry - Adding type registration short -> org.hibernate.type.ShortType@212db0b9
21:22:59.554 [Test worker] DEBUG org.hibernate.type.BasicTypeRegistry - Adding type registration java.lang.Short -> org.hibernate.type.ShortType@212db0b9
21:22:59.554 [Test worker] DEBUG org.hibernate.type.BasicTypeRegistry - Adding type registration integer -> org.hibernate.type.IntegerType@14f541d2
21:22:59.554 [Test worker] DEBUG org.hibernate.type.BasicTypeRegistry - Adding type registration int -> org.hibernate.type.IntegerType@14f541d2
21:22:59.554 [Test worker] DEBUG org.hibernate.type.BasicTypeRegistry - Adding type registration java.lang.Integer -> org.hibernate.type.IntegerType@14f541d2
21:22:59.554 [Test worker] DEBUG org.hibernate.type.BasicTypeRegistry - Adding type registration long -> org.hibernate.type.LongType@357c5fef
21:22:59.554 [Test worker] DEBUG org.hibernate.type.BasicTypeRegistry - Adding type registration long -> org.hibernate.type.LongType@357c5fef
21:22:59.554 [Test worker] DEBUG org.hibernate.type.BasicTypeRegistry - Adding type registration java.lang.Long -> org.hibernate.type.LongType@357c5fef
21:22:59.554 [Test worker] DEBUG org.hibernate.type.BasicTypeRegistry - Adding type registration float -> org.hibernate.type.FloatType@68835e55
21:22:59.554 [Test worker] DEBUG org.hibernate.type.BasicTypeRegistry - Adding type registration float -> org.hibernate.type.FloatType@68835e55
21:22:59.554 [Test worker] DEBUG org.hibernate.type.BasicTypeRegistry - Adding type registration java.lang.Float -> org.hibernate.type.FloatType@68835e55
21:22:59.554 [Test worker] DEBUG org.hibernate.type.BasicTypeRegistry - Adding type registration double -> org.hibernate.type.DoubleType@1db8c4bf
21:22:59.554 [Test worker] DEBUG org.hibernate.type.BasicTypeRegistry - Adding type registration double -> org.hibernate.type.DoubleType@1db8c4bf
21:22:59.554 [Test worker] DEBUG org.hibernate.type.BasicTypeRegistry - Adding type registration java.lang.Double -> org.hibernate.type.DoubleType@1db8c4bf
21:22:59.554 [Test worker] DEBUG org.hibernate.type.BasicTypeRegistry - Adding type registration big_decimal -> org.hibernate.type.BigDecimalType@2bd9f5a7
21:22:59.554 [Test worker] DEBUG org.hibernate.type.BasicTypeRegistry - Adding type registration java.math.BigDecimal -> org.hibernate.type.BigDecimalType@2bd9f5a7
21:22:59.554 [Test worker] DEBUG org.hibernate.type.BasicTypeRegistry - Adding type registration big_integer -> org.hibernate.type.BigIntegerType@67766712
21:22:59.554 [Test worker] DEBUG org.hibernate.type.BasicTypeRegistry - Adding type registration java.math.BigInteger -> org.hibernate.type.BigIntegerType@67766712
21:22:59.554 [Test worker] DEBUG org.hibernate.type.BasicTypeRegistry - Adding type registration string -> org.hibernate.type.StringType@5abe721f
21:22:59.554 [Test worker] DEBUG org.hibernate.type.BasicTypeRegistry - Adding type registration java.lang.String -> org.hibernate.type.StringType@5abe721f
21:22:59.554 [Test worker] DEBUG org.hibernate.type.BasicTypeRegistry - Adding type registration nstring -> org.hibernate.type.StringNVarcharType@5ca83c4b
21:22:59.554 [Test worker] DEBUG org.hibernate.type.BasicTypeRegistry - Adding type registration ncharacter -> org.hibernate.type.CharacterNCharType@181579aa
21:22:59.554 [Test worker] DEBUG org.hibernate.type.BasicTypeRegistry - Adding type registration url -> org.hibernate.type.UrlType@2d95e7ff
21:22:59.554 [Test worker] DEBUG org.hibernate.type.BasicTypeRegistry - Adding type registration java.net.URL -> org.hibernate.type.UrlType@2d95e7ff
21:22:59.554 [Test worker] DEBUG org.hibernate.type.BasicTypeRegistry - Adding type registration Duration -> org.hibernate.type.DurationType@1f6d6ec5
21:22:59.554 [Test worker] DEBUG org.hibernate.type.BasicTypeRegistry - Adding type registration java.time.Duration -> org.hibernate.type.DurationType@1f6d6ec5
21:22:59.554 [Test worker] DEBUG org.hibernate.type.BasicTypeRegistry - Adding type registration Instant -> org.hibernate.type.InstantType@799b3880
21:22:59.554 [Test worker] DEBUG org.hibernate.type.BasicTypeRegistry - Adding type registration java.time.Instant -> org.hibernate.type.InstantType@799b3880
21:22:59.554 [Test worker] DEBUG org.hibernate.type.BasicTypeRegistry - Adding type registration LocalDateTime -> org.hibernate.type.LocalDateTimeType@3c9b7dcd
21:22:59.554 [Test worker] DEBUG org.hibernate.type.BasicTypeRegistry - Adding type registration java.time.LocalDateTime -> org.hibernate.type.LocalDateTimeType@3c9b7dcd
21:22:59.554 [Test worker] DEBUG org.hibernate.type.BasicTypeRegistry - Adding type registration LocalDate -> org.hibernate.type.LocalDateType@73b9d317
21:22:59.554 [Test worker] DEBUG org.hibernate.type.BasicTypeRegistry - Adding type registration java.time.LocalDate -> org.hibernate.type.LocalDateType@73b9d317
21:22:59.554 [Test worker] DEBUG org.hibernate.type.BasicTypeRegistry - Adding type registration LocalTime -> org.hibernate.type.LocalTimeType@3e938176
21:22:59.554 [Test worker] DEBUG org.hibernate.type.BasicTypeRegistry - Adding type registration java.time.LocalTime -> org.hibernate.type.LocalTimeType@3e938176
21:22:59.554 [Test worker] DEBUG org.hibernate.type.BasicTypeRegistry - Adding type registration OffsetDateTime -> org.hibernate.type.OffsetDateTimeType@1006f6a5
21:22:59.554 [Test worker] DEBUG org.hibernate.type.BasicTypeRegistry - Adding type registration java.time.OffsetDateTime -> org.hibernate.type.OffsetDateTimeType@1006f6a5
21:22:59.554 [Test worker] DEBUG org.hibernate.type.BasicTypeRegistry - Adding type registration OffsetTime -> org.hibernate.type.OffsetTimeType@5ebf30b8
21:22:59.554 [Test worker] DEBUG org.hibernate.type.BasicTypeRegistry - Adding type registration java.time.OffsetTime -> org.hibernate.type.OffsetTimeType@5ebf30b8
21:22:59.554 [Test worker] DEBUG org.hibernate.type.BasicTypeRegistry - Adding type registration ZonedDateTime -> org.hibernate.type.ZonedDateTimeType@5ecdce3a
21:22:59.554 [Test worker] DEBUG org.hibernate.type.BasicTypeRegistry - Adding type registration java.time.ZonedDateTime -> org.hibernate.type.ZonedDateTimeType@5ecdce3a
21:22:59.554 [Test worker] DEBUG org.hibernate.type.BasicTypeRegistry - Adding type registration date -> org.hibernate.type.DateType@34878a9c
21:22:59.554 [Test worker] DEBUG org.hibernate.type.BasicTypeRegistry - Adding type registration java.sql.Date -> org.hibernate.type.DateType@34878a9c
21:22:59.554 [Test worker] DEBUG org.hibernate.type.BasicTypeRegistry - Adding type registration time -> org.hibernate.type.TimeType@4be75fc9
21:22:59.554 [Test worker] DEBUG org.hibernate.type.BasicTypeRegistry - Adding type registration java.sql.Time -> org.hibernate.type.TimeType@4be75fc9
21:22:59.554 [Test worker] DEBUG org.hibernate.type.BasicTypeRegistry - Adding type registration timestamp -> org.hibernate.type.TimestampType@cd6dcfb
21:22:59.554 [Test worker] DEBUG org.hibernate.type.BasicTypeRegistry - Adding type registration java.sql.Timestamp -> org.hibernate.type.TimestampType@cd6dcfb
21:22:59.554 [Test worker] DEBUG org.hibernate.type.BasicTypeRegistry - Adding type registration java.util.Date -> org.hibernate.type.TimestampType@cd6dcfb
21:22:59.554 [Test worker] DEBUG org.hibernate.type.BasicTypeRegistry - Adding type registration dbtimestamp -> org.hibernate.type.DbTimestampType@6f70db50
21:22:59.554 [Test worker] DEBUG org.hibernate.type.BasicTypeRegistry - Adding type registration calendar -> org.hibernate.type.CalendarType@232580e4
21:22:59.554 [Test worker] DEBUG org.hibernate.type.BasicTypeRegistry - Adding type registration java.util.Calendar -> org.hibernate.type.CalendarType@232580e4
21:22:59.554 [Test worker] DEBUG org.hibernate.type.BasicTypeRegistry - Adding type registration java.util.GregorianCalendar -> org.hibernate.type.CalendarType@232580e4
21:22:59.554 [Test worker] DEBUG org.hibernate.type.BasicTypeRegistry - Adding type registration calendar_date -> org.hibernate.type.CalendarDateType@2d226c99
21:22:59.554 [Test worker] DEBUG org.hibernate.type.BasicTypeRegistry - Adding type registration calendar_time -> org.hibernate.type.CalendarTimeType@5f0ca092
21:22:59.554 [Test worker] DEBUG org.hibernate.type.BasicTypeRegistry - Adding type registration locale -> org.hibernate.type.LocaleType@2e7d6fc7
21:22:59.554 [Test worker] DEBUG org.hibernate.type.BasicTypeRegistry - Adding type registration java.util.Locale -> org.hibernate.type.LocaleType@2e7d6fc7
21:22:59.554 [Test worker] DEBUG org.hibernate.type.BasicTypeRegistry - Adding type registration currency -> org.hibernate.type.CurrencyType@298b5abb
21:22:59.554 [Test worker] DEBUG org.hibernate.type.BasicTypeRegistry - Adding type registration java.util.Currency -> org.hibernate.type.CurrencyType@298b5abb
21:22:59.554 [Test worker] DEBUG org.hibernate.type.BasicTypeRegistry - Adding type registration timezone -> org.hibernate.type.TimeZoneType@6a7223ce
21:22:59.554 [Test worker] DEBUG org.hibernate.type.BasicTypeRegistry - Adding type registration java.util.TimeZone -> org.hibernate.type.TimeZoneType@6a7223ce
21:22:59.554 [Test worker] DEBUG org.hibernate.type.BasicTypeRegistry - Adding type registration class -> org.hibernate.type.ClassType@17c86e61
21:22:59.554 [Test worker] DEBUG org.hibernate.type.BasicTypeRegistry - Adding type registration java.lang.Class -> org.hibernate.type.ClassType@17c86e61
21:22:59.554 [Test worker] DEBUG org.hibernate.type.BasicTypeRegistry - Adding type registration uuid-binary -> org.hibernate.type.UUIDBinaryType@165a29f7
21:22:59.554 [Test worker] DEBUG org.hibernate.type.BasicTypeRegistry - Adding type registration java.util.UUID -> org.hibernate.type.UUIDBinaryType@165a29f7
21:22:59.554 [Test worker] DEBUG org.hibernate.type.BasicTypeRegistry - Adding type registration uuid-char -> org.hibernate.type.UUIDCharType@57061eb5
21:22:59.554 [Test worker] DEBUG org.hibernate.type.BasicTypeRegistry - Adding type registration binary -> org.hibernate.type.BinaryType@377a3a57
21:22:59.554 [Test worker] DEBUG org.hibernate.type.BasicTypeRegistry - Adding type registration byte[] -> org.hibernate.type.BinaryType@377a3a57
21:22:59.554 [Test worker] DEBUG org.hibernate.type.BasicTypeRegistry - Adding type registration [B -> org.hibernate.type.BinaryType@377a3a57
21:22:59.554 [Test worker] DEBUG org.hibernate.type.BasicTypeRegistry - Adding type registration wrapper-binary -> org.hibernate.type.WrapperBinaryType@15236686
21:22:59.554 [Test worker] DEBUG org.hibernate.type.BasicTypeRegistry - Adding type registration Byte[] -> org.hibernate.type.WrapperBinaryType@15236686
21:22:59.554 [Test worker] DEBUG org.hibernate.type.BasicTypeRegistry - Adding type registration [Ljava.lang.Byte; -> org.hibernate.type.WrapperBinaryType@15236686
21:22:59.554 [Test worker] DEBUG org.hibernate.type.BasicTypeRegistry - Adding type registration row_version -> org.hibernate.type.RowVersionType@480544d3
21:22:59.554 [Test worker] DEBUG org.hibernate.type.BasicTypeRegistry - Adding type registration image -> org.hibernate.type.ImageType@a74733d
21:22:59.554 [Test worker] DEBUG org.hibernate.type.BasicTypeRegistry - Adding type registration characters -> org.hibernate.type.CharArrayType@10b707f8
21:22:59.554 [Test worker] DEBUG org.hibernate.type.BasicTypeRegistry - Adding type registration char[] -> org.hibernate.type.CharArrayType@10b707f8
21:22:59.554 [Test worker] DEBUG org.hibernate.type.BasicTypeRegistry - Adding type registration [C -> org.hibernate.type.CharArrayType@10b707f8
21:22:59.554 [Test worker] DEBUG org.hibernate.type.BasicTypeRegistry - Adding type registration wrapper-characters -> org.hibernate.type.CharacterArrayType@7586a107
21:22:59.554 [Test worker] DEBUG org.hibernate.type.BasicTypeRegistry - Adding type registration [Ljava.lang.Character; -> org.hibernate.type.CharacterArrayType@7586a107
21:22:59.554 [Test worker] DEBUG org.hibernate.type.BasicTypeRegistry - Adding type registration Character[] -> org.hibernate.type.CharacterArrayType@7586a107
21:22:59.554 [Test worker] DEBUG org.hibernate.type.BasicTypeRegistry - Adding type registration text -> org.hibernate.type.TextType@28e7117
21:22:59.554 [Test worker] DEBUG org.hibernate.type.BasicTypeRegistry - Adding type registration ntext -> org.hibernate.type.NTextType@4fe7c4b8
21:22:59.554 [Test worker] DEBUG org.hibernate.type.BasicTypeRegistry - Adding type registration blob -> org.hibernate.type.BlobType@69ff7971
21:22:59.554 [Test worker] DEBUG org.hibernate.type.BasicTypeRegistry - Adding type registration java.sql.Blob -> org.hibernate.type.BlobType@69ff7971
21:22:59.554 [Test worker] DEBUG org.hibernate.type.BasicTypeRegistry - Adding type registration materialized_blob -> org.hibernate.type.MaterializedBlobType@29a6bbfa
21:22:59.554 [Test worker] DEBUG org.hibernate.type.BasicTypeRegistry - Adding type registration clob -> org.hibernate.type.ClobType@6243fc09
21:22:59.554 [Test worker] DEBUG org.hibernate.type.BasicTypeRegistry - Adding type registration java.sql.Clob -> org.hibernate.type.ClobType@6243fc09
21:22:59.554 [Test worker] DEBUG org.hibernate.type.BasicTypeRegistry - Adding type registration nclob -> org.hibernate.type.NClobType@7a0e9fb4
21:22:59.554 [Test worker] DEBUG org.hibernate.type.BasicTypeRegistry - Adding type registration java.sql.NClob -> org.hibernate.type.NClobType@7a0e9fb4
21:22:59.554 [Test worker] DEBUG org.hibernate.type.BasicTypeRegistry - Adding type registration materialized_clob -> org.hibernate.type.MaterializedClobType@5568af29
21:22:59.554 [Test worker] DEBUG org.hibernate.type.BasicTypeRegistry - Adding type registration materialized_nclob -> org.hibernate.type.MaterializedNClobType@43589365
21:22:59.554 [Test worker] DEBUG org.hibernate.type.BasicTypeRegistry - Adding type registration serializable -> org.hibernate.type.SerializableType@49b714f8
21:22:59.554 [Test worker] DEBUG org.hibernate.type.BasicTypeRegistry - Adding type registration object -> org.hibernate.type.ObjectType@4b6f241f
21:22:59.554 [Test worker] DEBUG org.hibernate.type.BasicTypeRegistry - Adding type registration java.lang.Object -> org.hibernate.type.ObjectType@4b6f241f
21:22:59.554 [Test worker] DEBUG org.hibernate.type.BasicTypeRegistry - Adding type registration imm_date -> org.hibernate.type.AdaptedImmutableType@1871128d
21:22:59.554 [Test worker] DEBUG org.hibernate.type.BasicTypeRegistry - Adding type registration imm_time -> org.hibernate.type.AdaptedImmutableType@5043c104
21:22:59.554 [Test worker] DEBUG org.hibernate.type.BasicTypeRegistry - Adding type registration imm_timestamp -> org.hibernate.type.AdaptedImmutableType@2edf297b
21:22:59.554 [Test worker] DEBUG org.hibernate.type.BasicTypeRegistry - Adding type registration imm_dbtimestamp -> org.hibernate.type.AdaptedImmutableType@bdb5679
21:22:59.554 [Test worker] DEBUG org.hibernate.type.BasicTypeRegistry - Adding type registration imm_calendar -> org.hibernate.type.AdaptedImmutableType@1baec8f5
21:22:59.554 [Test worker] DEBUG org.hibernate.type.BasicTypeRegistry - Adding type registration imm_calendar_date -> org.hibernate.type.AdaptedImmutableType@55ab7165
21:22:59.554 [Test worker] DEBUG org.hibernate.type.BasicTypeRegistry - Adding type registration imm_binary -> org.hibernate.type.AdaptedImmutableType@2e80e5a
21:22:59.554 [Test worker] DEBUG org.hibernate.type.BasicTypeRegistry - Adding type registration imm_serializable -> org.hibernate.type.AdaptedImmutableType@5351f8e0
21:22:59.554 [Test worker] DEBUG org.hibernate.id.factory.internal.DefaultIdentifierGeneratorFactory - Registering IdentifierGenerator strategy [uuid2] -> [org.hibernate.id.UUIDGenerator]
21:22:59.554 [Test worker] DEBUG org.hibernate.id.factory.internal.DefaultIdentifierGeneratorFactory - Registering IdentifierGenerator strategy [guid] -> [org.hibernate.id.GUIDGenerator]
21:22:59.554 [Test worker] DEBUG org.hibernate.id.factory.internal.DefaultIdentifierGeneratorFactory - Registering IdentifierGenerator strategy [uuid] -> [org.hibernate.id.UUIDHexGenerator]
21:22:59.554 [Test worker] DEBUG org.hibernate.id.factory.internal.DefaultIdentifierGeneratorFactory - Registering IdentifierGenerator strategy [uuid.hex] -> [org.hibernate.id.UUIDHexGenerator]
21:22:59.554 [Test worker] DEBUG org.hibernate.id.factory.internal.DefaultIdentifierGeneratorFactory - Registering IdentifierGenerator strategy [assigned] -> [org.hibernate.id.Assigned]
21:22:59.554 [Test worker] DEBUG org.hibernate.id.factory.internal.DefaultIdentifierGeneratorFactory - Registering IdentifierGenerator strategy [identity] -> [org.hibernate.id.IdentityGenerator]
21:22:59.554 [Test worker] DEBUG org.hibernate.id.factory.internal.DefaultIdentifierGeneratorFactory - Registering IdentifierGenerator strategy [select] -> [org.hibernate.id.SelectGenerator]
21:22:59.554 [Test worker] DEBUG org.hibernate.id.factory.internal.DefaultIdentifierGeneratorFactory - Registering IdentifierGenerator strategy [sequence] -> [org.hibernate.id.enhanced.SequenceStyleGenerator]
21:22:59.554 [Test worker] DEBUG org.hibernate.id.factory.internal.DefaultIdentifierGeneratorFactory - Registering IdentifierGenerator strategy [seqhilo] -> [org.hibernate.id.SequenceHiLoGenerator]
21:22:59.554 [Test worker] DEBUG org.hibernate.id.factory.internal.DefaultIdentifierGeneratorFactory - Registering IdentifierGenerator strategy [increment] -> [org.hibernate.id.IncrementGenerator]
21:22:59.554 [Test worker] DEBUG org.hibernate.id.factory.internal.DefaultIdentifierGeneratorFactory - Registering IdentifierGenerator strategy [foreign] -> [org.hibernate.id.ForeignGenerator]
21:22:59.554 [Test worker] DEBUG org.hibernate.id.factory.internal.DefaultIdentifierGeneratorFactory - Registering IdentifierGenerator strategy [sequence-identity] -> [org.hibernate.id.SequenceIdentityGenerator]
21:22:59.554 [Test worker] DEBUG org.hibernate.id.factory.internal.DefaultIdentifierGeneratorFactory - Registering IdentifierGenerator strategy [enhanced-sequence] -> [org.hibernate.id.enhanced.SequenceStyleGenerator]
21:22:59.554 [Test worker] DEBUG org.hibernate.id.factory.internal.DefaultIdentifierGeneratorFactory - Registering IdentifierGenerator strategy [enhanced-table] -> [org.hibernate.id.enhanced.TableGenerator]
21:22:59.554 [Test worker] WARN org.hibernate.orm.connections.pooling - HHH10001002: Using Hibernate built-in connection pool (not for production use!)
21:22:59.554 [Test worker] INFO org.hibernate.orm.connections.pooling - HHH10001005: using driver [org.sqlite.JDBC] at URL [jdbc:sqlite:D:\Facultate\Projects\OrganizareCompanie\database]
21:22:59.554 [Test worker] INFO org.hibernate.orm.connections.pooling - HHH10001001: Connection properties: {password=root, user=root}
21:22:59.554 [Test worker] INFO org.hibernate.orm.connections.pooling - HHH10001003: Autocommit mode: false
21:22:59.554 [Test worker] DEBUG org.hibernate.engine.jdbc.connections.internal.DriverManagerConnectionProviderImpl - Initializing Connection pool with 1 Connections
21:22:59.554 [Test worker] INFO org.hibernate.engine.jdbc.connections.internal.DriverManagerConnectionProviderImpl - HHH000115: Hibernate connection pool size: 1 (min=1)
21:22:59.554 [Test worker] DEBUG org.hibernate.engine.jdbc.env.internal.JdbcEnvironmentInitiator - Database ->
       name : SQLite
    version : 3.34.0
      major : 3
      minor : 34
21:22:59.554 [Test worker] DEBUG org.hibernate.engine.jdbc.env.internal.JdbcEnvironmentInitiator - Driver ->
       name : SQLite JDBC
    version : 3.34.0
      major : 3
      minor : 34
21:22:59.554 [Test worker] DEBUG org.hibernate.engine.jdbc.env.internal.JdbcEnvironmentInitiator - JDBC version : 2.1
21:22:59.554 [Test worker] INFO org.hibernate.dialect.Dialect - HHH000400: Using dialect: utils.SQLiteDialect
21:22:59.554 [Test worker] DEBUG org.hibernate.engine.jdbc.env.spi.IdentifierHelperBuilder - JDBC driver metadata reported database stores quoted identifiers in neither upper, lower nor mixed case
21:22:59.554 [Test worker] DEBUG org.hibernate.engine.jdbc.env.spi.IdentifierHelperBuilder - IdentifierCaseStrategy for both quoted and unquoted identifiers was set to the same strategy [MIXED]; that will likely lead to problems in schema update and validation if using quoted identifiers
21:22:59.554 [Test worker] DEBUG org.hibernate.engine.jdbc.env.internal.LobCreatorBuilderImpl - HHH000423: Disabling contextual LOB creation as JDBC driver reported JDBC version [2] less than 4
21:22:59.554 [Test worker] DEBUG org.hibernate.boot.model.relational.Namespace - Created database namespace [logicalName=Name{catalog=null, schema=null}, physicalName=Name{catalog=null, schema=null}]
21:22:59.570 [Test worker] DEBUG org.hibernate.type.descriptor.java.JavaTypeDescriptorRegistry - JavaTypeDescriptorRegistry entry replaced : class java.time.Duration -> org.hibernate.type.descriptor.java.DurationJavaDescriptor@484b819 (was org.hibernate.type.descriptor.java.DurationJavaDescriptor@484b819)
21:22:59.570 [Test worker] DEBUG org.hibernate.type.descriptor.java.JavaTypeDescriptorRegistry - JavaTypeDescriptorRegistry entry replaced : class java.time.Instant -> org.hibernate.type.descriptor.java.InstantJavaDescriptor@7a6a60d2 (was org.hibernate.type.descriptor.java.InstantJavaDescriptor@7a6a60d2)
21:22:59.570 [Test worker] DEBUG org.hibernate.type.descriptor.java.JavaTypeDescriptorRegistry - JavaTypeDescriptorRegistry entry replaced : class java.time.LocalDate -> org.hibernate.type.descriptor.java.LocalDateJavaDescriptor@7ac3817d (was org.hibernate.type.descriptor.java.LocalDateJavaDescriptor@7ac3817d)
21:22:59.570 [Test worker] DEBUG org.hibernate.type.descriptor.java.JavaTypeDescriptorRegistry - JavaTypeDescriptorRegistry entry replaced : class java.time.LocalDateTime -> org.hibernate.type.descriptor.java.LocalDateTimeJavaDescriptor@616d0e6e (was org.hibernate.type.descriptor.java.LocalDateTimeJavaDescriptor@616d0e6e)
21:22:59.570 [Test worker] DEBUG org.hibernate.type.descriptor.java.JavaTypeDescriptorRegistry - JavaTypeDescriptorRegistry entry replaced : class java.time.OffsetDateTime -> org.hibernate.type.descriptor.java.OffsetDateTimeJavaDescriptor@4008262a (was org.hibernate.type.descriptor.java.OffsetDateTimeJavaDescriptor@4008262a)
21:22:59.570 [Test worker] DEBUG org.hibernate.type.descriptor.java.JavaTypeDescriptorRegistry - JavaTypeDescriptorRegistry entry replaced : class java.time.OffsetTime -> org.hibernate.type.descriptor.java.OffsetTimeJavaDescriptor@69cda209 (was org.hibernate.type.descriptor.java.OffsetTimeJavaDescriptor@69cda209)
21:22:59.570 [Test worker] DEBUG org.hibernate.type.descriptor.java.JavaTypeDescriptorRegistry - JavaTypeDescriptorRegistry entry replaced : class java.time.ZonedDateTime -> org.hibernate.type.descriptor.java.ZonedDateTimeJavaDescriptor@f630e24 (was org.hibernate.type.descriptor.java.ZonedDateTimeJavaDescriptor@f630e24)
21:22:59.570 [Test worker] DEBUG org.hibernate.type.BasicTypeRegistry - Adding type registration Duration -> org.hibernate.type.DurationType@1f6d6ec5
21:22:59.570 [Test worker] DEBUG org.hibernate.type.BasicTypeRegistry - Adding type registration java.time.Duration -> org.hibernate.type.DurationType@1f6d6ec5
21:22:59.570 [Test worker] DEBUG org.hibernate.type.BasicTypeRegistry - Adding type registration Instant -> org.hibernate.type.InstantType@799b3880
21:22:59.570 [Test worker] DEBUG org.hibernate.type.BasicTypeRegistry - Adding type registration java.time.Instant -> org.hibernate.type.InstantType@799b3880
21:22:59.570 [Test worker] DEBUG org.hibernate.type.BasicTypeRegistry - Adding type registration LocalDateTime -> org.hibernate.type.LocalDateTimeType@3c9b7dcd
21:22:59.570 [Test worker] DEBUG org.hibernate.type.BasicTypeRegistry - Adding type registration java.time.LocalDateTime -> org.hibernate.type.LocalDateTimeType@3c9b7dcd
21:22:59.570 [Test worker] DEBUG org.hibernate.type.BasicTypeRegistry - Adding type registration LocalDate -> org.hibernate.type.LocalDateType@73b9d317
21:22:59.570 [Test worker] DEBUG org.hibernate.type.BasicTypeRegistry - Adding type registration java.time.LocalDate -> org.hibernate.type.LocalDateType@73b9d317
21:22:59.570 [Test worker] DEBUG org.hibernate.type.BasicTypeRegistry - Adding type registration LocalTime -> org.hibernate.type.LocalTimeType@3e938176
21:22:59.570 [Test worker] DEBUG org.hibernate.type.BasicTypeRegistry - Adding type registration java.time.LocalTime -> org.hibernate.type.LocalTimeType@3e938176
21:22:59.570 [Test worker] DEBUG org.hibernate.type.BasicTypeRegistry - Adding type registration OffsetDateTime -> org.hibernate.type.OffsetDateTimeType@1006f6a5
21:22:59.570 [Test worker] DEBUG org.hibernate.type.BasicTypeRegistry - Adding type registration java.time.OffsetDateTime -> org.hibernate.type.OffsetDateTimeType@1006f6a5
21:22:59.570 [Test worker] DEBUG org.hibernate.type.BasicTypeRegistry - Adding type registration OffsetTime -> org.hibernate.type.OffsetTimeType@5ebf30b8
21:22:59.570 [Test worker] DEBUG org.hibernate.type.BasicTypeRegistry - Adding type registration java.time.OffsetTime -> org.hibernate.type.OffsetTimeType@5ebf30b8
21:22:59.570 [Test worker] DEBUG org.hibernate.type.BasicTypeRegistry - Adding type registration ZonedDateTime -> org.hibernate.type.ZonedDateTimeType@5ecdce3a
21:22:59.570 [Test worker] DEBUG org.hibernate.type.BasicTypeRegistry - Adding type registration java.time.ZonedDateTime -> org.hibernate.type.ZonedDateTimeType@5ecdce3a
21:22:59.570 [Test worker] DEBUG org.hibernate.type.spi.TypeConfiguration$Scope - Scoping TypeConfiguration [org.hibernate.type.spi.TypeConfiguration@851a1e6] to MetadataBuildingContext [org.hibernate.boot.internal.MetadataBuildingContextRootImpl@6215bdf8]
21:22:59.570 [Test worker] DEBUG org.hibernate.cfg.AnnotationBinder - Binding entity from annotated class: domain.Angajat
21:22:59.570 [Test worker] DEBUG org.hibernate.cfg.Ejb3Column - Binding column: Ejb3DiscriminatorColumn{logicalColumnName'DTYPE', discriminatorTypeName='string'}
21:22:59.570 [Test worker] DEBUG org.hibernate.cfg.annotations.EntityBinder - Import with entity name Angajat
21:22:59.570 [Test worker] DEBUG org.hibernate.cfg.annotations.EntityBinder - Bind entity domain.Angajat on table angajati
21:22:59.570 [Test worker] DEBUG org.hibernate.cfg.Ejb3Column - Binding column: Ejb3Column{table=org.hibernate.mapping.Table(angajati), mappingColumn=id, insertable=true, updatable=true, unique=false}
21:22:59.570 [Test worker] DEBUG org.hibernate.boot.internal.ClassLoaderAccessImpl - Not known whether passed class name [domain.Angajat] is safe
21:22:59.570 [Test worker] DEBUG org.hibernate.boot.internal.ClassLoaderAccessImpl - No temp ClassLoader provided; using live ClassLoader for loading potentially unsafe class : domain.Angajat
21:22:59.570 [Test worker] DEBUG org.hibernate.cfg.annotations.PropertyBinder - MetadataSourceProcessor property id with lazy=false
21:22:59.570 [Test worker] DEBUG org.hibernate.cfg.AbstractPropertyHolder - Attempting to locate auto-apply AttributeConverter for property [domain.Angajat:id]
21:22:59.570 [Test worker] DEBUG org.hibernate.cfg.annotations.SimpleValueBinder - building SimpleValue for id
21:22:59.570 [Test worker] DEBUG org.hibernate.cfg.annotations.PropertyBinder - Building property id
21:22:59.570 [Test worker] DEBUG org.hibernate.cfg.BinderHelper - #makeIdGenerator(org.hibernate.mapping.SimpleValue([org.hibernate.mapping.Column(id)]), id, identity, , ...)
21:22:59.570 [Test worker] DEBUG org.hibernate.cfg.Ejb3Column - Binding column: Ejb3JoinColumn{logicalColumnName='null', referencedColumn='null', mappedBy='angajat'}
21:22:59.570 [Test worker] DEBUG org.hibernate.cfg.Ejb3Column - Binding column: Ejb3Column{table=org.hibernate.mapping.Table(angajati), mappingColumn=concedii, insertable=true, updatable=true, unique=false}
21:22:59.570 [Test worker] DEBUG org.hibernate.cfg.Ejb3Column - Binding column: Ejb3Column{table=org.hibernate.mapping.Table(angajati), mappingColumn=null, insertable=true, updatable=true, unique=false}
21:22:59.570 [Test worker] DEBUG org.hibernate.cfg.Ejb3Column - Binding column: Ejb3Column{table=org.hibernate.mapping.Table(angajati), mappingColumn=element, insertable=true, updatable=true, unique=false}
21:22:59.570 [Test worker] DEBUG org.hibernate.cfg.Ejb3Column - Binding column: Ejb3Column{table=org.hibernate.mapping.Table(angajati), mappingColumn=concedii_KEY, insertable=true, updatable=true, unique=false}
21:22:59.570 [Test worker] DEBUG org.hibernate.cfg.Ejb3Column - Binding column: Ejb3JoinColumn{logicalColumnName='concedii_KEY', referencedColumn='null', mappedBy='null'}
21:22:59.570 [Test worker] DEBUG org.hibernate.cfg.Ejb3Column - Binding column: Ejb3JoinColumn{logicalColumnName='null', referencedColumn='null', mappedBy='angajat'}
21:22:59.570 [Test worker] DEBUG org.hibernate.cfg.Ejb3Column - Binding column: Ejb3JoinColumn{logicalColumnName='null', referencedColumn='null', mappedBy='angajat'}
21:22:59.570 [Test worker] DEBUG org.hibernate.cfg.annotations.CollectionBinder - Collection role: domain.Angajat.concedii
21:22:59.570 [Test worker] DEBUG org.hibernate.cfg.annotations.PropertyBinder - Building property concedii
21:22:59.570 [Test worker] DEBUG org.hibernate.cfg.Ejb3Column - Binding column: Ejb3Column{table=org.hibernate.mapping.Table(angajati), mappingColumn=data_angajare, insertable=true, updatable=true, unique=false}
21:22:59.570 [Test worker] DEBUG org.hibernate.cfg.annotations.PropertyBinder - MetadataSourceProcessor property dataAngajare with lazy=false
21:22:59.570 [Test worker] DEBUG org.hibernate.cfg.AbstractPropertyHolder - Attempting to locate auto-apply AttributeConverter for property [domain.Angajat:dataAngajare]
21:22:59.570 [Test worker] DEBUG org.hibernate.cfg.annotations.SimpleValueBinder - building SimpleValue for dataAngajare
21:22:59.570 [Test worker] DEBUG org.hibernate.cfg.annotations.PropertyBinder - Building property dataAngajare
21:22:59.570 [Test worker] DEBUG org.hibernate.cfg.Ejb3Column - Binding column: Ejb3Column{table=org.hibernate.mapping.Table(angajati), mappingColumn=null, insertable=true, updatable=true, unique=false}
21:22:59.570 [Test worker] DEBUG org.hibernate.cfg.Ejb3Column - Binding column: Ejb3Column{table=org.hibernate.mapping.Table(angajati), mappingColumn=element, insertable=true, updatable=true, unique=false}
21:22:59.570 [Test worker] DEBUG org.hibernate.cfg.Ejb3Column - Binding column: Ejb3Column{table=org.hibernate.mapping.Table(angajati), mappingColumn=departamente_KEY, insertable=true, updatable=true, unique=false}
21:22:59.570 [Test worker] DEBUG org.hibernate.cfg.Ejb3Column - Binding column: Ejb3JoinColumn{logicalColumnName='departamente_KEY', referencedColumn='null', mappedBy='null'}
21:22:59.570 [Test worker] DEBUG org.hibernate.cfg.Ejb3Column - Binding column: Ejb3JoinColumn{logicalColumnName='id_angajat', referencedColumn='', mappedBy=''}
21:22:59.570 [Test worker] DEBUG org.hibernate.cfg.Ejb3Column - Binding column: Ejb3JoinColumn{logicalColumnName='id_departament', referencedColumn='', mappedBy=''}
21:22:59.570 [Test worker] DEBUG org.hibernate.cfg.annotations.CollectionBinder - Collection role: domain.Angajat.departamente
21:22:59.570 [Test worker] DEBUG org.hibernate.cfg.annotations.PropertyBinder - Building property departamente
21:22:59.570 [Test worker] DEBUG org.hibernate.cfg.Ejb3Column - Binding column: Ejb3JoinColumn{logicalColumnName='null', referencedColumn='null', mappedBy='null'}
21:22:59.570 [Test worker] DEBUG org.hibernate.cfg.Ejb3Column - Binding column: Ejb3Column{table=org.hibernate.mapping.Table(angajati), mappingColumn=functie, insertable=true, updatable=true, unique=false}
21:22:59.570 [Test worker] DEBUG org.hibernate.cfg.annotations.PropertyBinder - Building property functie
21:22:59.570 [Test worker] DEBUG org.hibernate.cfg.Ejb3Column - Binding column: Ejb3Column{table=org.hibernate.mapping.Table(angajati), mappingColumn=id_superior, insertable=true, updatable=true, unique=false}
21:22:59.570 [Test worker] DEBUG org.hibernate.cfg.annotations.PropertyBinder - MetadataSourceProcessor property idSuperior with lazy=false
21:22:59.570 [Test worker] DEBUG org.hibernate.cfg.AbstractPropertyHolder - Attempting to locate auto-apply AttributeConverter for property [domain.Angajat:idSuperior]
21:22:59.570 [Test worker] DEBUG org.hibernate.cfg.annotations.SimpleValueBinder - building SimpleValue for idSuperior
21:22:59.570 [Test worker] DEBUG org.hibernate.cfg.annotations.PropertyBinder - Building property idSuperior
21:22:59.570 [Test worker] DEBUG org.hibernate.cfg.Ejb3Column - Binding column: Ejb3Column{table=org.hibernate.mapping.Table(angajati), mappingColumn=null, insertable=true, updatable=true, unique=false}
21:22:59.570 [Test worker] DEBUG org.hibernate.cfg.Ejb3Column - Binding column: Ejb3Column{table=org.hibernate.mapping.Table(angajati), mappingColumn=element, insertable=true, updatable=true, unique=false}
21:22:59.570 [Test worker] DEBUG org.hibernate.cfg.Ejb3Column - Binding column: Ejb3Column{table=org.hibernate.mapping.Table(angajati), mappingColumn=proiecte_KEY, insertable=true, updatable=true, unique=false}
21:22:59.570 [Test worker] DEBUG org.hibernate.cfg.Ejb3Column - Binding column: Ejb3JoinColumn{logicalColumnName='proiecte_KEY', referencedColumn='null', mappedBy='null'}
21:22:59.570 [Test worker] DEBUG org.hibernate.cfg.Ejb3Column - Binding column: Ejb3JoinColumn{logicalColumnName='id_angajat', referencedColumn='', mappedBy=''}
21:22:59.570 [Test worker] DEBUG org.hibernate.cfg.Ejb3Column - Binding column: Ejb3JoinColumn{logicalColumnName='id_proiect', referencedColumn='', mappedBy=''}
21:22:59.570 [Test worker] DEBUG org.hibernate.cfg.annotations.CollectionBinder - Collection role: domain.Angajat.proiecte
21:22:59.570 [Test worker] DEBUG org.hibernate.cfg.annotations.PropertyBinder - Building property proiecte
21:22:59.570 [Test worker] DEBUG org.hibernate.cfg.AnnotationBinder - Binding entity from annotated class: domain.Concediu
21:22:59.570 [Test worker] DEBUG org.hibernate.cfg.Ejb3Column - Binding column: Ejb3DiscriminatorColumn{logicalColumnName'DTYPE', discriminatorTypeName='string'}
21:22:59.570 [Test worker] DEBUG org.hibernate.cfg.annotations.EntityBinder - Import with entity name Concediu
21:22:59.570 [Test worker] DEBUG org.hibernate.cfg.annotations.EntityBinder - Bind entity domain.Concediu on table concedii
21:22:59.570 [Test worker] DEBUG org.hibernate.cfg.Ejb3Column - Binding column: Ejb3Column{table=org.hibernate.mapping.Table(concedii), mappingColumn=id, insertable=true, updatable=true, unique=false}
21:22:59.570 [Test worker] DEBUG org.hibernate.boot.internal.ClassLoaderAccessImpl - Not known whether passed class name [domain.Concediu] is safe
21:22:59.570 [Test worker] DEBUG org.hibernate.boot.internal.ClassLoaderAccessImpl - No temp ClassLoader provided; using live ClassLoader for loading potentially unsafe class : domain.Concediu
21:22:59.570 [Test worker] DEBUG org.hibernate.cfg.annotations.PropertyBinder - MetadataSourceProcessor property id with lazy=false
21:22:59.570 [Test worker] DEBUG org.hibernate.cfg.AbstractPropertyHolder - Attempting to locate auto-apply AttributeConverter for property [domain.Concediu:id]
21:22:59.570 [Test worker] DEBUG org.hibernate.cfg.annotations.SimpleValueBinder - building SimpleValue for id
21:22:59.570 [Test worker] DEBUG org.hibernate.cfg.annotations.PropertyBinder - Building property id
21:22:59.570 [Test worker] DEBUG org.hibernate.cfg.BinderHelper - #makeIdGenerator(org.hibernate.mapping.SimpleValue([org.hibernate.mapping.Column(id)]), id, identity, , ...)
21:22:59.570 [Test worker] DEBUG org.hibernate.cfg.Ejb3Column - Binding column: Ejb3JoinColumn{logicalColumnName='id_angajat', referencedColumn='', mappedBy=''}
21:22:59.570 [Test worker] DEBUG org.hibernate.cfg.Ejb3Column - Binding column: Ejb3Column{table=org.hibernate.mapping.Table(concedii), mappingColumn=angajat, insertable=true, updatable=true, unique=false}
21:22:59.570 [Test worker] DEBUG org.hibernate.cfg.annotations.PropertyBinder - Building property angajat
21:22:59.570 [Test worker] DEBUG org.hibernate.cfg.Ejb3Column - Binding column: Ejb3Column{table=org.hibernate.mapping.Table(concedii), mappingColumn=data_inceput, insertable=true, updatable=true, unique=false}
21:22:59.570 [Test worker] DEBUG org.hibernate.cfg.annotations.PropertyBinder - MetadataSourceProcessor property dataInceput with lazy=false
21:22:59.570 [Test worker] DEBUG org.hibernate.cfg.AbstractPropertyHolder - Attempting to locate auto-apply AttributeConverter for property [domain.Concediu:dataInceput]
21:22:59.570 [Test worker] DEBUG org.hibernate.cfg.annotations.SimpleValueBinder - building SimpleValue for dataInceput
21:22:59.570 [Test worker] DEBUG org.hibernate.cfg.annotations.PropertyBinder - Building property dataInceput
21:22:59.570 [Test worker] DEBUG org.hibernate.cfg.Ejb3Column - Binding column: Ejb3Column{table=org.hibernate.mapping.Table(concedii), mappingColumn=data_sfarsit, insertable=true, updatable=true, unique=false}
21:22:59.570 [Test worker] DEBUG org.hibernate.cfg.annotations.PropertyBinder - MetadataSourceProcessor property dataSfarsit with lazy=false
21:22:59.570 [Test worker] DEBUG org.hibernate.cfg.AbstractPropertyHolder - Attempting to locate auto-apply AttributeConverter for property [domain.Concediu:dataSfarsit]
21:22:59.570 [Test worker] DEBUG org.hibernate.cfg.annotations.SimpleValueBinder - building SimpleValue for dataSfarsit
21:22:59.570 [Test worker] DEBUG org.hibernate.cfg.annotations.PropertyBinder - Building property dataSfarsit
21:22:59.570 [Test worker] DEBUG org.hibernate.cfg.AnnotationBinder - Binding entity from annotated class: domain.Departament
21:22:59.570 [Test worker] DEBUG org.hibernate.cfg.Ejb3Column - Binding column: Ejb3DiscriminatorColumn{logicalColumnName'DTYPE', discriminatorTypeName='string'}
21:22:59.570 [Test worker] DEBUG org.hibernate.cfg.annotations.EntityBinder - Import with entity name Departament
21:22:59.570 [Test worker] DEBUG org.hibernate.cfg.annotations.EntityBinder - Bind entity domain.Departament on table departamente
21:22:59.570 [Test worker] DEBUG org.hibernate.cfg.Ejb3Column - Binding column: Ejb3Column{table=org.hibernate.mapping.Table(departamente), mappingColumn=id, insertable=true, updatable=true, unique=false}
21:22:59.570 [Test worker] DEBUG org.hibernate.boot.internal.ClassLoaderAccessImpl - Not known whether passed class name [domain.Departament] is safe
21:22:59.570 [Test worker] DEBUG org.hibernate.boot.internal.ClassLoaderAccessImpl - No temp ClassLoader provided; using live ClassLoader for loading potentially unsafe class : domain.Departament
21:22:59.570 [Test worker] DEBUG org.hibernate.cfg.annotations.PropertyBinder - MetadataSourceProcessor property id with lazy=false
21:22:59.570 [Test worker] DEBUG org.hibernate.cfg.AbstractPropertyHolder - Attempting to locate auto-apply AttributeConverter for property [domain.Departament:id]
21:22:59.570 [Test worker] DEBUG org.hibernate.cfg.annotations.SimpleValueBinder - building SimpleValue for id
21:22:59.570 [Test worker] DEBUG org.hibernate.cfg.annotations.PropertyBinder - Building property id
21:22:59.570 [Test worker] DEBUG org.hibernate.cfg.BinderHelper - #makeIdGenerator(org.hibernate.mapping.SimpleValue([org.hibernate.mapping.Column(id)]), id, identity, , ...)
21:22:59.570 [Test worker] DEBUG org.hibernate.cfg.Ejb3Column - Binding column: Ejb3Column{table=org.hibernate.mapping.Table(departamente), mappingColumn=id_director, insertable=true, updatable=true, unique=false}
21:22:59.570 [Test worker] DEBUG org.hibernate.cfg.annotations.PropertyBinder - MetadataSourceProcessor property idDirector with lazy=false
21:22:59.570 [Test worker] DEBUG org.hibernate.cfg.AbstractPropertyHolder - Attempting to locate auto-apply AttributeConverter for property [domain.Departament:idDirector]
21:22:59.570 [Test worker] DEBUG org.hibernate.cfg.annotations.SimpleValueBinder - building SimpleValue for idDirector
21:22:59.570 [Test worker] DEBUG org.hibernate.cfg.annotations.PropertyBinder - Building property idDirector
21:22:59.570 [Test worker] DEBUG org.hibernate.cfg.AnnotationBinder - Binding entity from annotated class: domain.Functie
21:22:59.570 [Test worker] DEBUG org.hibernate.cfg.Ejb3Column - Binding column: Ejb3DiscriminatorColumn{logicalColumnName'DTYPE', discriminatorTypeName='string'}
21:22:59.570 [Test worker] DEBUG org.hibernate.cfg.annotations.EntityBinder - Import with entity name Functie
21:22:59.570 [Test worker] DEBUG org.hibernate.cfg.annotations.EntityBinder - Bind entity domain.Functie on table functii
21:22:59.570 [Test worker] DEBUG org.hibernate.cfg.Ejb3Column - Binding column: Ejb3Column{table=org.hibernate.mapping.Table(functii), mappingColumn=id, insertable=true, updatable=true, unique=false}
21:22:59.570 [Test worker] DEBUG org.hibernate.boot.internal.ClassLoaderAccessImpl - Not known whether passed class name [domain.Functie] is safe
21:22:59.570 [Test worker] DEBUG org.hibernate.boot.internal.ClassLoaderAccessImpl - No temp ClassLoader provided; using live ClassLoader for loading potentially unsafe class : domain.Functie
21:22:59.570 [Test worker] DEBUG org.hibernate.cfg.annotations.PropertyBinder - MetadataSourceProcessor property id with lazy=false
21:22:59.570 [Test worker] DEBUG org.hibernate.cfg.AbstractPropertyHolder - Attempting to locate auto-apply AttributeConverter for property [domain.Functie:id]
21:22:59.570 [Test worker] DEBUG org.hibernate.cfg.annotations.SimpleValueBinder - building SimpleValue for id
21:22:59.570 [Test worker] DEBUG org.hibernate.cfg.annotations.PropertyBinder - Building property id
21:22:59.570 [Test worker] DEBUG org.hibernate.cfg.BinderHelper - #makeIdGenerator(org.hibernate.mapping.SimpleValue([org.hibernate.mapping.Column(id)]), id, identity, , ...)
21:22:59.570 [Test worker] DEBUG org.hibernate.cfg.Ejb3Column - Binding column: Ejb3Column{table=org.hibernate.mapping.Table(functii), mappingColumn=salar_de_baza, insertable=true, updatable=true, unique=false}
21:22:59.570 [Test worker] DEBUG org.hibernate.cfg.annotations.PropertyBinder - MetadataSourceProcessor property salarDeBaza with lazy=false
21:22:59.570 [Test worker] DEBUG org.hibernate.cfg.AbstractPropertyHolder - Attempting to locate auto-apply AttributeConverter for property [domain.Functie:salarDeBaza]
21:22:59.570 [Test worker] DEBUG org.hibernate.cfg.annotations.SimpleValueBinder - building SimpleValue for salarDeBaza
21:22:59.570 [Test worker] DEBUG org.hibernate.cfg.annotations.PropertyBinder - Building property salarDeBaza
21:22:59.570 [Test worker] DEBUG org.hibernate.cfg.AnnotationBinder - Binding entity from annotated class: domain.Proiect
21:22:59.570 [Test worker] DEBUG org.hibernate.cfg.Ejb3Column - Binding column: Ejb3DiscriminatorColumn{logicalColumnName'DTYPE', discriminatorTypeName='string'}
21:22:59.570 [Test worker] DEBUG org.hibernate.cfg.annotations.EntityBinder - Import with entity name Proiect
21:22:59.585 [Test worker] DEBUG org.hibernate.cfg.annotations.EntityBinder - Bind entity domain.Proiect on table proiecte
21:22:59.585 [Test worker] DEBUG org.hibernate.cfg.Ejb3Column - Binding column: Ejb3Column{table=org.hibernate.mapping.Table(proiecte), mappingColumn=id, insertable=true, updatable=true, unique=false}
21:22:59.585 [Test worker] DEBUG org.hibernate.boot.internal.ClassLoaderAccessImpl - Not known whether passed class name [domain.Proiect] is safe
21:22:59.585 [Test worker] DEBUG org.hibernate.boot.internal.ClassLoaderAccessImpl - No temp ClassLoader provided; using live ClassLoader for loading potentially unsafe class : domain.Proiect
21:22:59.585 [Test worker] DEBUG org.hibernate.cfg.annotations.PropertyBinder - MetadataSourceProcessor property id with lazy=false
21:22:59.585 [Test worker] DEBUG org.hibernate.cfg.AbstractPropertyHolder - Attempting to locate auto-apply AttributeConverter for property [domain.Proiect:id]
21:22:59.585 [Test worker] DEBUG org.hibernate.cfg.annotations.SimpleValueBinder - building SimpleValue for id
21:22:59.585 [Test worker] DEBUG org.hibernate.cfg.annotations.PropertyBinder - Building property id
21:22:59.585 [Test worker] DEBUG org.hibernate.cfg.BinderHelper - #makeIdGenerator(org.hibernate.mapping.SimpleValue([org.hibernate.mapping.Column(id)]), id, identity, , ...)
21:22:59.585 [Test worker] DEBUG org.hibernate.cfg.Ejb3Column - Binding column: Ejb3Column{table=org.hibernate.mapping.Table(proiecte), mappingColumn=data_inceput, insertable=true, updatable=true, unique=false}
21:22:59.585 [Test worker] DEBUG org.hibernate.cfg.annotations.PropertyBinder - MetadataSourceProcessor property dataInceput with lazy=false
21:22:59.585 [Test worker] DEBUG org.hibernate.cfg.AbstractPropertyHolder - Attempting to locate auto-apply AttributeConverter for property [domain.Proiect:dataInceput]
21:22:59.585 [Test worker] DEBUG org.hibernate.cfg.annotations.SimpleValueBinder - building SimpleValue for dataInceput
21:22:59.585 [Test worker] DEBUG org.hibernate.cfg.annotations.PropertyBinder - Building property dataInceput
21:22:59.585 [Test worker] DEBUG org.hibernate.cfg.Ejb3Column - Binding column: Ejb3Column{table=org.hibernate.mapping.Table(proiecte), mappingColumn=deadline, insertable=true, updatable=true, unique=false}
21:22:59.585 [Test worker] DEBUG org.hibernate.cfg.annotations.PropertyBinder - MetadataSourceProcessor property deadline with lazy=false
21:22:59.585 [Test worker] DEBUG org.hibernate.cfg.AbstractPropertyHolder - Attempting to locate auto-apply AttributeConverter for property [domain.Proiect:deadline]
21:22:59.585 [Test worker] DEBUG org.hibernate.cfg.annotations.SimpleValueBinder - building SimpleValue for deadline
21:22:59.585 [Test worker] DEBUG org.hibernate.cfg.annotations.PropertyBinder - Building property deadline
21:22:59.585 [Test worker] DEBUG org.hibernate.cfg.annotations.SimpleValueBinder - Starting fillSimpleValue for id
21:22:59.585 [Test worker] DEBUG org.hibernate.cfg.annotations.SimpleValueBinder - Starting fillSimpleValue for dataAngajare
21:22:59.585 [Test worker] DEBUG org.hibernate.cfg.annotations.SimpleValueBinder - Starting fillSimpleValue for idSuperior
21:22:59.585 [Test worker] DEBUG org.hibernate.cfg.annotations.SimpleValueBinder - Starting fillSimpleValue for id
21:22:59.585 [Test worker] DEBUG org.hibernate.cfg.annotations.SimpleValueBinder - Starting fillSimpleValue for dataInceput
21:22:59.585 [Test worker] DEBUG org.hibernate.cfg.annotations.SimpleValueBinder - Starting fillSimpleValue for dataSfarsit
21:22:59.585 [Test worker] DEBUG org.hibernate.cfg.annotations.SimpleValueBinder - Starting fillSimpleValue for id
21:22:59.585 [Test worker] DEBUG org.hibernate.cfg.annotations.SimpleValueBinder - Starting fillSimpleValue for idDirector
21:22:59.585 [Test worker] DEBUG org.hibernate.cfg.annotations.SimpleValueBinder - Starting fillSimpleValue for id
21:22:59.585 [Test worker] DEBUG org.hibernate.cfg.annotations.SimpleValueBinder - Starting fillSimpleValue for salarDeBaza
21:22:59.585 [Test worker] DEBUG org.hibernate.cfg.annotations.SimpleValueBinder - Starting fillSimpleValue for id
21:22:59.585 [Test worker] DEBUG org.hibernate.cfg.annotations.SimpleValueBinder - Starting fillSimpleValue for dataInceput
21:22:59.585 [Test worker] DEBUG org.hibernate.cfg.annotations.SimpleValueBinder - Starting fillSimpleValue for deadline
21:22:59.585 [Test worker] DEBUG org.hibernate.mapping.PrimaryKey - Forcing column [id] to be non-null as it is part of the primary key for table [angajati]
21:22:59.585 [Test worker] DEBUG org.hibernate.mapping.PrimaryKey - Forcing column [id] to be non-null as it is part of the primary key for table [concedii]
21:22:59.585 [Test worker] DEBUG org.hibernate.mapping.PrimaryKey - Forcing column [id] to be non-null as it is part of the primary key for table [departamente]
21:22:59.585 [Test worker] DEBUG org.hibernate.mapping.PrimaryKey - Forcing column [id] to be non-null as it is part of the primary key for table [functii]
21:22:59.585 [Test worker] DEBUG org.hibernate.mapping.PrimaryKey - Forcing column [id] to be non-null as it is part of the primary key for table [proiecte]
21:22:59.585 [Test worker] DEBUG org.hibernate.cfg.CollectionSecondPass - Second pass for collection: domain.Angajat.proiecte
21:22:59.585 [Test worker] DEBUG org.hibernate.cfg.annotations.CollectionBinder - Binding as ManyToMany: domain.Angajat.proiecte
21:22:59.585 [Test worker] DEBUG org.hibernate.mapping.PrimaryKey - Forcing column [id_angajat] to be non-null as it is part of the primary key for table [angajati_proiecte]
21:22:59.585 [Test worker] DEBUG org.hibernate.mapping.PrimaryKey - Forcing column [id_proiect] to be non-null as it is part of the primary key for table [angajati_proiecte]
21:22:59.585 [Test worker] DEBUG org.hibernate.cfg.CollectionSecondPass - Mapped collection key: id_angajat, element: id_proiect
21:22:59.585 [Test worker] DEBUG org.hibernate.cfg.CollectionSecondPass - Second pass for collection: domain.Angajat.departamente
21:22:59.585 [Test worker] DEBUG org.hibernate.cfg.annotations.CollectionBinder - Binding as ManyToMany: domain.Angajat.departamente
21:22:59.585 [Test worker] DEBUG org.hibernate.mapping.PrimaryKey - Forcing column [id_angajat] to be non-null as it is part of the primary key for table [angajati_departamente]
21:22:59.585 [Test worker] DEBUG org.hibernate.mapping.PrimaryKey - Forcing column [id_departament] to be non-null as it is part of the primary key for table [angajati_departamente]
21:22:59.585 [Test worker] DEBUG org.hibernate.cfg.CollectionSecondPass - Mapped collection key: id_angajat, element: id_departament
21:22:59.585 [Test worker] DEBUG org.hibernate.cfg.CollectionSecondPass - Second pass for collection: domain.Angajat.concedii
21:22:59.585 [Test worker] DEBUG org.hibernate.cfg.annotations.CollectionBinder - Binding a OneToMany: domain.Angajat.concedii through a foreign key
21:22:59.585 [Test worker] DEBUG org.hibernate.cfg.annotations.CollectionBinder - Mapping collection: domain.Angajat.concedii -> concedii
21:22:59.585 [Test worker] DEBUG org.hibernate.cfg.annotations.TableBinder - Retrieving property domain.Concediu.angajat
21:22:59.585 [Test worker] DEBUG org.hibernate.cfg.CollectionSecondPass - Mapped collection key: id_angajat, one-to-many: domain.Concediu
21:22:59.585 [Test worker] DEBUG org.hibernate.boot.internal.InFlightMetadataCollectorImpl - Resolving reference to class: domain.Functie
21:22:59.585 [Test worker] DEBUG org.hibernate.boot.internal.InFlightMetadataCollectorImpl - Resolving reference to class: domain.Departament
21:22:59.585 [Test worker] DEBUG org.hibernate.boot.internal.InFlightMetadataCollectorImpl - Resolving reference to class: domain.Angajat
21:22:59.585 [Test worker] DEBUG org.hibernate.boot.internal.InFlightMetadataCollectorImpl - Resolving reference to class: domain.Proiect
21:22:59.585 [Test worker] DEBUG org.hibernate.boot.internal.InFlightMetadataCollectorImpl - Resolving reference to class: domain.Angajat
21:22:59.585 [Test worker] DEBUG org.hibernate.boot.internal.InFlightMetadataCollectorImpl - Resolving reference to class: domain.Angajat
21:22:59.585 [Test worker] DEBUG org.hibernate.boot.internal.InFlightMetadataCollectorImpl - Resolving reference to class: domain.Functie
21:22:59.585 [Test worker] DEBUG org.hibernate.boot.internal.InFlightMetadataCollectorImpl - Resolving reference to class: domain.Departament
21:22:59.585 [Test worker] DEBUG org.hibernate.boot.internal.InFlightMetadataCollectorImpl - Resolving reference to class: domain.Angajat
21:22:59.585 [Test worker] DEBUG org.hibernate.boot.internal.InFlightMetadataCollectorImpl - Resolving reference to class: domain.Proiect
21:22:59.585 [Test worker] DEBUG org.hibernate.boot.internal.InFlightMetadataCollectorImpl - Resolving reference to class: domain.Angajat
21:22:59.585 [Test worker] DEBUG org.hibernate.boot.internal.InFlightMetadataCollectorImpl - Resolving reference to class: domain.Angajat
21:22:59.585 [Test worker] DEBUG org.hibernate.internal.SessionFactoryImpl - Building session factory
21:22:59.585 [Test worker] DEBUG org.hibernate.cfg.Settings - SessionFactory name : null
21:22:59.585 [Test worker] DEBUG org.hibernate.cfg.Settings - Automatic flush during beforeCompletion(): enabled
21:22:59.585 [Test worker] DEBUG org.hibernate.cfg.Settings - Automatic session close at end of transaction: disabled
21:22:59.585 [Test worker] DEBUG org.hibernate.cfg.Settings - Statistics: disabled
21:22:59.585 [Test worker] DEBUG org.hibernate.cfg.Settings - Deleted entity synthetic identifier rollback: disabled
21:22:59.585 [Test worker] DEBUG org.hibernate.cfg.Settings - Default entity-mode: pojo
21:22:59.585 [Test worker] DEBUG org.hibernate.cfg.Settings - Check Nullability in Core (should be disabled when Bean Validation is on): enabled
21:22:59.585 [Test worker] DEBUG org.hibernate.cfg.Settings - Allow initialization of lazy state outside session : enabled
21:22:59.585 [Test worker] DEBUG org.hibernate.cfg.Settings - Using BatchFetchStyle : LEGACY
21:22:59.585 [Test worker] DEBUG org.hibernate.cfg.Settings - Default batch fetch size: -1
21:22:59.585 [Test worker] DEBUG org.hibernate.cfg.Settings - Maximum outer join fetch depth: null
21:22:59.585 [Test worker] DEBUG org.hibernate.cfg.Settings - Default null ordering: NONE
21:22:59.585 [Test worker] DEBUG org.hibernate.cfg.Settings - Order SQL updates by primary key: disabled
21:22:59.585 [Test worker] DEBUG org.hibernate.cfg.Settings - Order SQL inserts for batching: disabled
21:22:59.585 [Test worker] DEBUG org.hibernate.cfg.Settings - multi-tenancy strategy : NONE
21:22:59.585 [Test worker] DEBUG org.hibernate.cfg.Settings - JTA Track by Thread: enabled
21:22:59.585 [Test worker] DEBUG org.hibernate.cfg.Settings - Query language substitutions: {}
21:22:59.585 [Test worker] DEBUG org.hibernate.cfg.Settings - Named query checking : enabled
21:22:59.585 [Test worker] DEBUG org.hibernate.cfg.Settings - Second-level cache: disabled
21:22:59.585 [Test worker] DEBUG org.hibernate.cfg.Settings - Second-level query cache: disabled
21:22:59.585 [Test worker] DEBUG org.hibernate.cfg.Settings - Second-level query cache factory: null
21:22:59.585 [Test worker] DEBUG org.hibernate.cfg.Settings - Second-level cache region prefix: null
21:22:59.585 [Test worker] DEBUG org.hibernate.cfg.Settings - Optimize second-level cache for minimal puts: disabled
21:22:59.585 [Test worker] DEBUG org.hibernate.cfg.Settings - Structured second-level cache entries: disabled
21:22:59.585 [Test worker] DEBUG org.hibernate.cfg.Settings - Second-level cache direct-reference entries: disabled
21:22:59.585 [Test worker] DEBUG org.hibernate.cfg.Settings - Automatic eviction of collection cache: disabled
21:22:59.585 [Test worker] DEBUG org.hibernate.cfg.Settings - JDBC batch size: 0
21:22:59.585 [Test worker] DEBUG org.hibernate.cfg.Settings - JDBC batch updates for versioned data: enabled
21:22:59.585 [Test worker] DEBUG org.hibernate.cfg.Settings - Scrollable result sets: disabled
21:22:59.585 [Test worker] DEBUG org.hibernate.cfg.Settings - Wrap result sets: disabled
21:22:59.585 [Test worker] DEBUG org.hibernate.cfg.Settings - JDBC3 getGeneratedKeys(): enabled
21:22:59.585 [Test worker] DEBUG org.hibernate.cfg.Settings - JDBC result set fetch size: null
21:22:59.585 [Test worker] DEBUG org.hibernate.cfg.Settings - Connection release mode: AFTER_TRANSACTION
21:22:59.585 [Test worker] DEBUG org.hibernate.cfg.Settings - Generate SQL with comments: disabled
21:22:59.585 [Test worker] DEBUG org.hibernate.cfg.Settings - JPA compliance - query : disabled
21:22:59.585 [Test worker] DEBUG org.hibernate.cfg.Settings - JPA compliance - closed-handling : disabled
21:22:59.585 [Test worker] DEBUG org.hibernate.cfg.Settings - JPA compliance - lists : disabled
21:22:59.585 [Test worker] DEBUG org.hibernate.cfg.Settings - JPA compliance - transactions : disabled
21:22:59.585 [Test worker] DEBUG org.hibernate.internal.SessionFactoryImpl - Session factory constructed with filter configurations : {}
21:22:59.585 [Test worker] DEBUG org.hibernate.internal.SessionFactoryImpl - Instantiating session factory with properties: {sun.desktop=windows, awt.toolkit=sun.awt.windows.WToolkit, dialect=utils.SQLiteDialect, java.specification.version=11, sun.cpu.isalist=amd64, sun.jnu.encoding=Cp1250, hibernate.dialect=utils.SQLiteDialect, org.gradle.test.worker=3, java.class.path=C:\\Users\\Dan\\.gradle\\caches\\6.8\\workerMain\\gradle-worker.jar;D:\\Facultate\\Projects\\OrganizareCompanie\\build\\classes\\java\\test;D:\\Facultate\\Projects\\OrganizareCompanie\\build\\resources\\test;D:\\Facultate\\Projects\\OrganizareCompanie\\build\\classes\\java\\main;D:\\Facultate\\Projects\\OrganizareCompanie\\build\\resources\\main;C:\\Users\\Dan\\.gradle\\caches\\modules-2\\files-2.1\\org.springframework.boot\\spring-boot-starter-web\\2.4.3\\4f5554ea183af87e52d8c31bb82aada0d74c40b0\\spring-boot-starter-web-2.4.3.jar;C:\\Users\\Dan\\.gradle\\caches\\modules-2\\files-2.1\\org.xerial\\sqlite-jdbc\\3.34.0\\fd29bb0124e3f79c80b2753162a6a3873c240bcf\\sqlite-jdbc-3.34.0.jar;C:\\Users\\Dan\\.gradle\\caches\\modules-2\\files-2.1\\org.hibernate\\hibernate-java8\\5.1.0.Final\\2bb534acab4f8485a821f0e4d6a2c8df617ee86a\\hibernate-java8-5.1.0.Final.jar;C:\\Users\\Dan\\.gradle\\caches\\modules-2\\files-2.1\\org.hibernate\\hibernate-core\\5.4.29.Final\\74b7c9ad3cb57ae4fd0187480a76f137a7fc3f38\\hibernate-core-5.4.29.Final.jar;C:\\Users\\Dan\\.gradle\\caches\\modules-2\\files-2.1\\org.junit.platform\\junit-platform-engine\\1.7.0\\eadb73c5074a4ac71061defd00fc176152a4d12c\\junit-platform-engine-1.7.0.jar;C:\\Users\\Dan\\.gradle\\caches\\modules-2\\files-2.1\\org.junit.platform\\junit-platform-commons\\1.7.0\\84e309fbf21d857aac079a3c1fffd84284e1114d\\junit-platform-commons-1.7.0.jar;C:\\Users\\Dan\\.gradle\\caches\\modules-2\\files-2.1\\org.junit.jupiter\\junit-jupiter-engine\\5.7.0\\d9044d6b45e2232ddd53fa56c15333e43d1749fd\\junit-jupiter-engine-5.7.0.jar;C:\\Users\\Dan\\.gradle\\caches\\modules-2\\files-2.1\\org.junit.jupiter\\junit-jupiter-api\\5.7.0\\b25f3815c4c1860a73041e733a14a0379d00c4d5\\junit-jupiter-api-5.7.0.jar;C:\\Users\\Dan\\.gradle\\caches\\modules-2\\files-2.1\\org.springframework.boot\\spring-boot-starter-json\\2.4.3\\7b26abb0a0379a00b58a2a50e010b29cf4f16b80\\spring-boot-starter-json-2.4.3.jar;C:\\Users\\Dan\\.gradle\\caches\\modules-2\\files-2.1\\org.springframework.boot\\spring-boot-starter\\2.4.3\\fd8bc0fb5f5aaefb4d6c8b77eb61563aab840c11\\spring-boot-starter-2.4.3.jar;C:\\Users\\Dan\\.gradle\\caches\\modules-2\\files-2.1\\org.springframework.boot\\spring-boot-starter-tomcat\\2.4.3\\4ba28aae05a259625e7e92f8e7338c5e1d22de35\\spring-boot-starter-tomcat-2.4.3.jar;C:\\Users\\Dan\\.gradle\\caches\\modules-2\\files-2.1\\org.springframework\\spring-webmvc\\5.3.4\\8dd52fbe8eafcc7c80998087ec6635baf7a98c20\\spring-webmvc-5.3.4.jar;C:\\Users\\Dan\\.gradle\\caches\\modules-2\\files-2.1\\org.springframework\\spring-web\\5.3.4\\d93829e24a50ed22e781f2302680a210cac5ee84\\spring-web-5.3.4.jar;C:\\Users\\Dan\\.gradle\\caches\\modules-2\\files-2.1\\org.hibernate.common\\hibernate-commons-annotations\\5.1.2.Final\\e59ffdbc6ad09eeb33507b39ffcf287679a498c8\\hibernate-commons-annotations-5.1.2.Final.jar;C:\\Users\\Dan\\.gradle\\caches\\modules-2\\files-2.1\\org.jboss.logging\\jboss-logging\\3.4.1.Final\\40fd4d696c55793e996d1ff3c475833f836c2498\\jboss-logging-3.4.1.Final.jar;C:\\Users\\Dan\\.gradle\\caches\\modules-2\\files-2.1\\javax.persistence\\javax.persistence-api\\2.2\\25665ac8c0b62f50e6488173233239120fc52c96\\javax.persistence-api-2.2.jar;C:\\Users\\Dan\\.gradle\\caches\\modules-2\\files-2.1\\org.javassist\\javassist\\3.27.0-GA\\f63e6aa899e15eca8fdaa402a79af4c417252213\\javassist-3.27.0-GA.jar;C:\\Users\\Dan\\.gradle\\caches\\modules-2\\files-2.1\\net.bytebuddy\\byte-buddy\\1.10.21\\5abe8e141cac9d50a721a22d9c188b3bf19ad0aa\\byte-buddy-1.10.21.jar;C:\\Users\\Dan\\.gradle\\caches\\modules-2\\files-2.1\\antlr\\antlr\\2.7.7\\83cd2cd674a217ade95a4bb83a8a14f351f48bd0\\antlr-2.7.7.jar;C:\\Users\\Dan\\.gradle\\caches\\modules-2\\files-2.1\\org.jboss.spec.javax.transaction\\jboss-transaction-api_1.2_spec\\1.1.1.Final\\a8485cab9484dda36e9a8c319e76b5cc18797b58\\jboss-transaction-api_1.2_spec-1.1.1.Final.jar;C:\\Users\\Dan\\.gradle\\caches\\modules-2\\files-2.1\\org.jboss\\jandex\\2.2.3.Final\\d3865101f0666b63586683bd811d754517f331ab\\jandex-2.2.3.Final.jar;C:\\Users\\Dan\\.gradle\\caches\\modules-2\\files-2.1\\com.fasterxml\\classmate\\1.5.1\\3fe0bed568c62df5e89f4f174c101eab25345b6c\\classmate-1.5.1.jar;C:\\Users\\Dan\\.gradle\\caches\\modules-2\\files-2.1\\org.glassfish.jaxb\\jaxb-runtime\\2.3.1\\dd6dda9da676a54c5b36ca2806ff95ee017d8738\\jaxb-runtime-2.3.1.jar;C:\\Users\\Dan\\.gradle\\caches\\modules-2\\files-2.1\\javax.xml.bind\\jaxb-api\\2.3.1\\8531ad5ac454cc2deb9d4d32c40c4d7451939b5d\\jaxb-api-2.3.1.jar;C:\\Users\\Dan\\.gradle\\caches\\modules-2\\files-2.1\\javax.activation\\javax.activation-api\\1.2.0\\85262acf3ca9816f9537ca47d5adeabaead7cb16\\javax.activation-api-1.2.0.jar;C:\\Users\\Dan\\.gradle\\caches\\modules-2\\files-2.1\\org.dom4j\\dom4j\\2.1.3\\a75914155a9f5808963170ec20653668a2ffd2fd\\dom4j-2.1.3.jar;C:\\Users\\Dan\\.gradle\\caches\\modules-2\\files-2.1\\org.apiguardian\\apiguardian-api\\1.1.0\\fc9dff4bb36d627bdc553de77e1f17efd790876c\\apiguardian-api-1.1.0.jar;C:\\Users\\Dan\\.gradle\\caches\\modules-2\\files-2.1\\org.opentest4j\\opentest4j\\1.2.0\\28c11eb91f9b6d8e200631d46e20a7f407f2a046\\opentest4j-1.2.0.jar;C:\\Users\\Dan\\.gradle\\caches\\modules-2\\files-2.1\\org.springframework.boot\\spring-boot-autoconfigure\\2.4.3\\2f8e1e682e55f70c8ea557982c7adb1256f41bcf\\spring-boot-autoconfigure-2.4.3.jar;C:\\Users\\Dan\\.gradle\\caches\\modules-2\\files-2.1\\org.springframework.boot\\spring-boot\\2.4.3\\de2bd17a8eb9bc3dfa629aa06f2e9fe3bf603c85\\spring-boot-2.4.3.jar;C:\\Users\\Dan\\.gradle\\caches\\modules-2\\files-2.1\\org.springframework.boot\\spring-boot-starter-logging\\2.4.3\\64687abc2255d18cd6592cbb20fa3bee3379cec8\\spring-boot-starter-logging-2.4.3.jar;C:\\Users\\Dan\\.gradle\\caches\\modules-2\\files-2.1\\jakarta.annotation\\jakarta.annotation-api\\1.3.5\\59eb84ee0d616332ff44aba065f3888cf002cd2d\\jakarta.annotation-api-1.3.5.jar;C:\\Users\\Dan\\.gradle\\caches\\modules-2\\files-2.1\\org.springframework\\spring-context\\5.3.4\\fbeadeb0e4d272599a938ec345e99e5f9a76e919\\spring-context-5.3.4.jar;C:\\Users\\Dan\\.gradle\\caches\\modules-2\\files-2.1\\org.springframework\\spring-aop\\5.3.4\\b7180a6427ab524bc1cbd31bf38dd2182632515f\\spring-aop-5.3.4.jar;C:\\Users\\Dan\\.gradle\\caches\\modules-2\\files-2.1\\org.springframework\\spring-beans\\5.3.4\\ac6c5ea0ba82f555405f74104cf378f8071c6d25\\spring-beans-5.3.4.jar;C:\\Users\\Dan\\.gradle\\caches\\modules-2\\files-2.1\\org.springframework\\spring-expression\\5.3.4\\42b71fa955e43a86471509aef14cefe756fc3794\\spring-expression-5.3.4.jar;C:\\Users\\Dan\\.gradle\\caches\\modules-2\\files-2.1\\org.springframework\\spring-core\\5.3.4\\46c1f8abd9e02a292c42a257350f365cec152b5d\\spring-core-5.3.4.jar;C:\\Users\\Dan\\.gradle\\caches\\modules-2\\files-2.1\\org.yaml\\snakeyaml\\1.27\\359d62567480b07a679dc643f82fc926b100eed5\\snakeyaml-1.27.jar;C:\\Users\\Dan\\.gradle\\caches\\modules-2\\files-2.1\\com.fasterxml.jackson.datatype\\jackson-datatype-jdk8\\2.11.4\\e1540dea3c6c681ea4e335a960f730861ee3bedb\\jackson-datatype-jdk8-2.11.4.jar;C:\\Users\\Dan\\.gradle\\caches\\modules-2\\files-2.1\\com.fasterxml.jackson.datatype\\jackson-datatype-jsr310\\2.11.4\\ce6fc76bba06623720e5a9308386b6ae74753f4d\\jackson-datatype-jsr310-2.11.4.jar;C:\\Users\\Dan\\.gradle\\caches\\modules-2\\files-2.1\\com.fasterxml.jackson.module\\jackson-module-parameter-names\\2.11.4\\432e050d79f2282a66c320375d628f1b0842cb12\\jackson-module-parameter-names-2.11.4.jar;C:\\Users\\Dan\\.gradle\\caches\\modules-2\\files-2.1\\com.fasterxml.jackson.core\\jackson-databind\\2.11.4\\5d9f3d441f99d721b957e3497f0a6465c764fad4\\jackson-databind-2.11.4.jar;C:\\Users\\Dan\\.gradle\\caches\\modules-2\\files-2.1\\org.apache.tomcat.embed\\tomcat-embed-websocket\\9.0.43\\78232648dde1a5fd5093f0a3999e593d208e2eab\\tomcat-embed-websocket-9.0.43.jar;C:\\Users\\Dan\\.gradle\\caches\\modules-2\\files-2.1\\org.apache.tomcat.embed\\tomcat-embed-core\\9.0.43\\1d102277426bdd5b12f048731a91665bb69347d1\\tomcat-embed-core-9.0.43.jar;C:\\Users\\Dan\\.gradle\\caches\\modules-2\\files-2.1\\org.glassfish\\jakarta.el\\3.0.3\\dab46ee1ee23f7197c13d7c40fce14817c9017df\\jakarta.el-3.0.3.jar;C:\\Users\\Dan\\.gradle\\caches\\modules-2\\files-2.1\\org.glassfish.jaxb\\txw2\\2.3.1\\a09d2c48d3285f206fafbffe0e50619284e92126\\txw2-2.3.1.jar;C:\\Users\\Dan\\.gradle\\caches\\modules-2\\files-2.1\\com.sun.istack\\istack-commons-runtime\\3.0.7\\c197c86ceec7318b1284bffb49b54226ca774003\\istack-commons-runtime-3.0.7.jar;C:\\Users\\Dan\\.gradle\\caches\\modules-2\\files-2.1\\org.jvnet.staxex\\stax-ex\\1.8\\8cc35f73da321c29973191f2cf143d29d26a1df7\\stax-ex-1.8.jar;C:\\Users\\Dan\\.gradle\\caches\\modules-2\\files-2.1\\com.sun.xml.fastinfoset\\FastInfoset\\1.2.15\\bb7b7ec0379982b97c62cd17465cb6d9155f68e8\\FastInfoset-1.2.15.jar;C:\\Users\\Dan\\.gradle\\caches\\modules-2\\files-2.1\\ch.qos.logback\\logback-classic\\1.2.3\\7c4f3c474fb2c041d8028740440937705ebb473a\\logback-classic-1.2.3.jar;C:\\Users\\Dan\\.gradle\\caches\\modules-2\\files-2.1\\org.apache.logging.log4j\\log4j-to-slf4j\\2.13.3\\966f6fd1af4959d6b12bfa880121d4a2b164f857\\log4j-to-slf4j-2.13.3.jar;C:\\Users\\Dan\\.gradle\\caches\\modules-2\\files-2.1\\org.slf4j\\jul-to-slf4j\\1.7.30\\d58bebff8cbf70ff52b59208586095f467656c30\\jul-to-slf4j-1.7.30.jar;C:\\Users\\Dan\\.gradle\\caches\\modules-2\\files-2.1\\org.springframework\\spring-jcl\\5.3.4\\ca012eb4e9e57f767aa9d5e51fe9a09b28140808\\spring-jcl-5.3.4.jar;C:\\Users\\Dan\\.gradle\\caches\\modules-2\\files-2.1\\com.fasterxml.jackson.core\\jackson-annotations\\2.11.4\\2c3f5c079330f3a01726686a078979420f547ae4\\jackson-annotations-2.11.4.jar;C:\\Users\\Dan\\.gradle\\caches\\modules-2\\files-2.1\\com.fasterxml.jackson.core\\jackson-core\\2.11.4\\593f7b18bab07a76767f181e2a2336135ce82cc4\\jackson-core-2.11.4.jar;C:\\Users\\Dan\\.gradle\\caches\\modules-2\\files-2.1\\ch.qos.logback\\logback-core\\1.2.3\\864344400c3d4d92dfeb0a305dc87d953677c03c\\logback-core-1.2.3.jar;C:\\Users\\Dan\\.gradle\\caches\\modules-2\\files-2.1\\org.slf4j\\slf4j-api\\1.7.30\\b5a4b6d16ab13e34a88fae84c35cd5d68cac922c\\slf4j-api-1.7.30.jar;C:\\Users\\Dan\\.gradle\\caches\\modules-2\\files-2.1\\org.apache.logging.log4j\\log4j-api\\2.13.3\\ec1508160b93d274b1add34419b897bae84c6ca9\\log4j-api-2.13.3.jar, java.vm.vendor=Oracle Corporation, sun.arch.data.model=64, user.variant=, java.vendor.url=http://java.oracle.com/, user.timezone=Europe/Athens, os.name=Windows 10, java.vm.specification.version=11, user.country=US, sun.java.launcher=SUN_STANDARD, sun.boot.library.path=C:\Program Files\Java\jdk-11.0.6\bin, sun.java.command=worker.org.gradle.process.internal.worker.GradleWorkerMain 'Gradle Test Executor 3', jdk.debug=release, sun.cpu.endian=little, user.home=C:\Users\Dan, user.language=en, java.specification.vendor=Oracle Corporation, org.gradle.native=false, java.version.date=2020-01-14, java.home=C:\Program Files\Java\jdk-11.0.6, file.separator=\, java.vm.compressedOopsMode=32-bit, line.separator=
, java.specification.name=Java Platform API Specification, java.vm.specification.vendor=Oracle Corporation, java.awt.graphicsenv=sun.awt.Win32GraphicsEnvironment, hibernate.hbm2ddl.auto=update, user.script=, sun.management.compiler=HotSpot 64-Bit Tiered Compilers, java.runtime.version=11.0.6+8-LTS, user.name=Dan, path.separator=;, hibernate.connection.username=****, os.version=10.0, hibernate.enable_lazy_load_no_trans=true, java.runtime.name=Java(TM) SE Runtime Environment, hibernate.connection.url=jdbc:sqlite:D:\Facultate\Projects\OrganizareCompanie\database, file.encoding=windows-1250, java.vm.name=Java HotSpot(TM) 64-Bit Server VM, hibernate.show_sql=true, java.vendor.version=18.9, hibernate.current_session_context_class=thread, hibernate.connection.driver_class=org.sqlite.JDBC, java.vendor.url.bug=http://bugreport.java.com/bugreport/, java.io.tmpdir=C:\Users\Dan\AppData\Local\Temp\, java.version=11.0.6, user.dir=D:\Facultate\Projects\OrganizareCompanie, os.arch=amd64, java.vm.specification.name=Java Virtual Machine Specification, java.awt.printerjob=sun.awt.windows.WPrinterJob, hibernate.connection.password=****, sun.os.patch.level=, connection.driver_class=org.sqlite.JDBC, hibernate.boot.CfgXmlAccessService.key=org.hibernate.boot.cfgxml.spi.LoadedConfig@588d320d, java.library.path=C:\Program Files\Java\jdk-11.0.6\bin;C:\WINDOWS\Sun\Java\bin;C:\WINDOWS\system32;C:\WINDOWS;;C:\Python38\Scripts\;C:\Python38\;D:\Facultate\Scripts\;D:\Facultate\;C:\Users\Dan\Desktop\Facultate 2018-2019\Semestrul I\Fundamentele programarii\Python\Scripts\;C:\Users\Dan\Desktop\Facultate 2018-2019\Semestrul I\Fundamentele programarii\Python\;C:\Users\Dan\Desktop\Facultate 2018-2019\Semestrul I\Fundamentele programarii\Scripts\;C:\Users\Dan\Desktop\Facultate 2018-2019\Semestrul I\Fundamentele programarii\;C:\WINDOWS\system32;C:\WINDOWS;C:\WINDOWS\System32\Wbem;C:\WINDOWS\System32\WindowsPowerShell\v1.0\;C:\WINDOWS\System32\OpenSSH\;D:\Facultate\PuTTY\;C:\Program Files\dotnet\;C:\Program Files\Microsoft SQL Server\Client SDK\ODBC\170\Tools\Binn\;C:\Users\Dan\Proto\bin;D:\Facultate\NodeJS\;C:\ProgramData\chocolatey\bin;C:\Program Files\Git\cmd;C:\Program Files\Java\jdk-10.0.2\bin;C:\Program Files (x86)\GnuWin32\bin;C:\MinGW\bin;C:\Program Files\Java\jdk-11.0.6\bin;C:\WINDOWS\system32;C:\WINDOWS;C:\WINDOWS\System32\Wbem;C:\WINDOWS\System32\WindowsPowerShell\v1.0\;C:\WINDOWS\System32\OpenSSH\;C:\Program Files\Intel\WiFi\bin\;C:\Program Files\Common Files\Intel\WirelessCommon\;D:\Facultate\Python\Scripts\;D:\Facultate\Python\;C:\Users\Dan\AppData\Local\Microsoft\WindowsApps;C:\Users\Dan\AppData\Local\GitHubDesktop\bin;C:\Users\Dan\AppData\Roaming\npm;D:\Facultate\Microsoft VS Code\bin;C:\Users\Dan\AppData\Local\Microsoft\WindowsApps;C:\Users\Dan\Documents\driver;;., java.vendor=Oracle Corporation, java.vm.info=mixed mode, java.vm.version=11.0.6+8-LTS, hibernate.bytecode.use_reflection_optimizer=false, sun.io.unicode.encoding=UnicodeLittle, hibernate.connection.pool_size=1, connection.url=jdbc:sqlite:D:\Facultate\Projects\OrganizareCompanie\database, java.class.version=55.0}
21:22:59.585 [Test worker] DEBUG org.hibernate.secure.spi.JaccIntegrator - Skipping JACC integration as it was not enabled
21:22:59.585 [Test worker] DEBUG org.hibernate.internal.SessionFactoryImpl - Instantiated session factory
21:22:59.585 [Test worker] DEBUG org.hibernate.type.spi.TypeConfiguration$Scope - Scoping TypeConfiguration [org.hibernate.type.spi.TypeConfiguration@851a1e6] to SessionFactoryImpl [org.hibernate.internal.SessionFactoryImpl@556ac21]
21:22:59.585 [Test worker] DEBUG org.hibernate.boot.internal.ClassLoaderAccessImpl - Not known whether passed class name [domain.Functie] is safe
21:22:59.585 [Test worker] DEBUG org.hibernate.boot.internal.ClassLoaderAccessImpl - No temp ClassLoader provided; using live ClassLoader for loading potentially unsafe class : domain.Functie
21:22:59.585 [Test worker] DEBUG org.hibernate.boot.internal.ClassLoaderAccessImpl - Not known whether passed class name [domain.Departament] is safe
21:22:59.585 [Test worker] DEBUG org.hibernate.boot.internal.ClassLoaderAccessImpl - No temp ClassLoader provided; using live ClassLoader for loading potentially unsafe class : domain.Departament
21:22:59.601 [Test worker] DEBUG org.hibernate.boot.internal.ClassLoaderAccessImpl - Not known whether passed class name [domain.Angajat] is safe
21:22:59.601 [Test worker] DEBUG org.hibernate.boot.internal.ClassLoaderAccessImpl - No temp ClassLoader provided; using live ClassLoader for loading potentially unsafe class : domain.Angajat
21:22:59.601 [Test worker] DEBUG org.hibernate.boot.internal.ClassLoaderAccessImpl - Not known whether passed class name [domain.Proiect] is safe
21:22:59.601 [Test worker] DEBUG org.hibernate.boot.internal.ClassLoaderAccessImpl - No temp ClassLoader provided; using live ClassLoader for loading potentially unsafe class : domain.Proiect
21:22:59.617 [Test worker] DEBUG org.hibernate.boot.internal.ClassLoaderAccessImpl - Not known whether passed class name [domain.Concediu] is safe
21:22:59.617 [Test worker] DEBUG org.hibernate.boot.internal.ClassLoaderAccessImpl - No temp ClassLoader provided; using live ClassLoader for loading potentially unsafe class : domain.Concediu
21:22:59.617 [Test worker] DEBUG org.hibernate.persister.collection.AbstractCollectionPersister - Static SQL for collection: domain.Angajat.proiecte
21:22:59.617 [Test worker] DEBUG org.hibernate.persister.collection.AbstractCollectionPersister -  Row insert: insert into angajati_proiecte (id_angajat, id_proiect) values (?, ?)
21:22:59.617 [Test worker] DEBUG org.hibernate.persister.collection.AbstractCollectionPersister -  Row update: update angajati_proiecte set id_proiect=? where id_angajat=? and id_proiect=?
21:22:59.617 [Test worker] DEBUG org.hibernate.persister.collection.AbstractCollectionPersister -  Row delete: delete from angajati_proiecte where id_angajat=? and id_proiect=?
21:22:59.617 [Test worker] DEBUG org.hibernate.persister.collection.AbstractCollectionPersister -  One-shot delete: delete from angajati_proiecte where id_angajat=?
21:22:59.617 [Test worker] DEBUG org.hibernate.persister.collection.AbstractCollectionPersister - Static SQL for collection: domain.Angajat.concedii
21:22:59.617 [Test worker] DEBUG org.hibernate.persister.collection.AbstractCollectionPersister -  Row insert: update concedii set id_angajat=? where id=?
21:22:59.617 [Test worker] DEBUG org.hibernate.persister.collection.AbstractCollectionPersister -  Row update: update concedii set  where id=?
21:22:59.617 [Test worker] DEBUG org.hibernate.persister.collection.AbstractCollectionPersister -  Row delete: update concedii set id_angajat=null where id_angajat=? and id=?
21:22:59.617 [Test worker] DEBUG org.hibernate.persister.collection.AbstractCollectionPersister -  One-shot delete: update concedii set id_angajat=null where id_angajat=?
21:22:59.617 [Test worker] DEBUG org.hibernate.persister.collection.AbstractCollectionPersister - Static SQL for collection: domain.Angajat.departamente
21:22:59.617 [Test worker] DEBUG org.hibernate.persister.collection.AbstractCollectionPersister -  Row insert: insert into angajati_departamente (id_angajat, id_departament) values (?, ?)
21:22:59.617 [Test worker] DEBUG org.hibernate.persister.collection.AbstractCollectionPersister -  Row update: update angajati_departamente set id_departament=? where id_angajat=? and id_departament=?
21:22:59.617 [Test worker] DEBUG org.hibernate.persister.collection.AbstractCollectionPersister -  Row delete: delete from angajati_departamente where id_angajat=? and id_departament=?
21:22:59.617 [Test worker] DEBUG org.hibernate.persister.collection.AbstractCollectionPersister -  One-shot delete: delete from angajati_departamente where id_angajat=?
21:22:59.617 [Test worker] DEBUG org.hibernate.persister.entity.AbstractEntityPersister - Static SQL for entity: domain.Functie
21:22:59.617 [Test worker] DEBUG org.hibernate.persister.entity.AbstractEntityPersister -  Version select: select id from functii where id =?
21:22:59.617 [Test worker] DEBUG org.hibernate.persister.entity.AbstractEntityPersister -  Snapshot select: select functie_.id, functie_.salar_de_baza as salar_de2_5_ from functii functie_ where functie_.id=?
21:22:59.617 [Test worker] DEBUG org.hibernate.persister.entity.AbstractEntityPersister -  Insert 0: insert into functii (salar_de_baza, id) values (?, ?)
21:22:59.617 [Test worker] DEBUG org.hibernate.persister.entity.AbstractEntityPersister -  Update 0: update functii set salar_de_baza=? where id=?
21:22:59.617 [Test worker] DEBUG org.hibernate.persister.entity.AbstractEntityPersister -  Delete 0: delete from functii where id=?
21:22:59.617 [Test worker] DEBUG org.hibernate.persister.entity.AbstractEntityPersister -  Identity insert: insert into functii (salar_de_baza) values (?)
21:22:59.617 [Test worker] DEBUG org.hibernate.loader.plan.build.internal.spaces.QuerySpacesImpl - Adding QuerySpace : uid = <gen:0> -> org.hibernate.loader.plan.build.internal.spaces.EntityQuerySpaceImpl@5947f628]
21:22:59.617 [Test worker] DEBUG org.hibernate.persister.walking.spi.MetamodelGraphWalker - Visiting attribute path : salarDeBaza
21:22:59.617 [Test worker] DEBUG org.hibernate.loader.plan.build.internal.FetchStyleLoadPlanBuildingAssociationVisitationStrategy - Building LoadPlan...
21:22:59.617 [Test worker] DEBUG org.hibernate.loader.plan.exec.internal.LoadQueryJoinAndFetchProcessor - processing queryspace <gen:0>
21:22:59.617 [Test worker] DEBUG org.hibernate.loader.plan.build.spi.LoadPlanTreePrinter - LoadPlan(entity=domain.Functie)
    - Returns
       - EntityReturnImpl(entity=domain.Functie, querySpaceUid=<gen:0>, path=domain.Functie)
    - QuerySpaces
       - EntityQuerySpaceImpl(uid=<gen:0>, entity=domain.Functie)
          - SQL table alias mapping - functie0_
          - alias suffix - 0_
          - suffixed key columns - {id1_5_0_}

21:22:59.617 [Test worker] DEBUG org.hibernate.loader.entity.plan.EntityLoader - Static select for entity domain.Functie [NONE]: select functie0_.id as id1_5_0_, functie0_.salar_de_baza as salar_de2_5_0_ from functii functie0_ where functie0_.id=?
21:22:59.617 [Test worker] DEBUG org.hibernate.persister.entity.AbstractEntityPersister - Static SQL for entity: domain.Departament
21:22:59.617 [Test worker] DEBUG org.hibernate.persister.entity.AbstractEntityPersister -  Version select: select id from departamente where id =?
21:22:59.617 [Test worker] DEBUG org.hibernate.persister.entity.AbstractEntityPersister -  Snapshot select: select departamen_.id, departamen_.id_director as id_direc2_4_ from departamente departamen_ where departamen_.id=?
21:22:59.617 [Test worker] DEBUG org.hibernate.persister.entity.AbstractEntityPersister -  Insert 0: insert into departamente (id_director, id) values (?, ?)
21:22:59.617 [Test worker] DEBUG org.hibernate.persister.entity.AbstractEntityPersister -  Update 0: update departamente set id_director=? where id=?
21:22:59.617 [Test worker] DEBUG org.hibernate.persister.entity.AbstractEntityPersister -  Delete 0: delete from departamente where id=?
21:22:59.617 [Test worker] DEBUG org.hibernate.persister.entity.AbstractEntityPersister -  Identity insert: insert into departamente (id_director) values (?)
21:22:59.617 [Test worker] DEBUG org.hibernate.loader.plan.build.internal.spaces.QuerySpacesImpl - Adding QuerySpace : uid = <gen:0> -> org.hibernate.loader.plan.build.internal.spaces.EntityQuerySpaceImpl@1baa2ba1]
21:22:59.617 [Test worker] DEBUG org.hibernate.persister.walking.spi.MetamodelGraphWalker - Visiting attribute path : idDirector
21:22:59.617 [Test worker] DEBUG org.hibernate.loader.plan.build.internal.FetchStyleLoadPlanBuildingAssociationVisitationStrategy - Building LoadPlan...
21:22:59.617 [Test worker] DEBUG org.hibernate.loader.plan.exec.internal.LoadQueryJoinAndFetchProcessor - processing queryspace <gen:0>
21:22:59.617 [Test worker] DEBUG org.hibernate.loader.plan.build.spi.LoadPlanTreePrinter - LoadPlan(entity=domain.Departament)
    - Returns
       - EntityReturnImpl(entity=domain.Departament, querySpaceUid=<gen:0>, path=domain.Departament)
    - QuerySpaces
       - EntityQuerySpaceImpl(uid=<gen:0>, entity=domain.Departament)
          - SQL table alias mapping - departamen0_
          - alias suffix - 0_
          - suffixed key columns - {id1_4_0_}

21:22:59.617 [Test worker] DEBUG org.hibernate.loader.entity.plan.EntityLoader - Static select for entity domain.Departament [NONE]: select departamen0_.id as id1_4_0_, departamen0_.id_director as id_direc2_4_0_ from departamente departamen0_ where departamen0_.id=?
21:22:59.617 [Test worker] DEBUG org.hibernate.persister.entity.AbstractEntityPersister - Static SQL for entity: domain.Angajat
21:22:59.617 [Test worker] DEBUG org.hibernate.persister.entity.AbstractEntityPersister -  Version select: select id from angajati where id =?
21:22:59.617 [Test worker] DEBUG org.hibernate.persister.entity.AbstractEntityPersister -  Snapshot select: select angajat_.id, angajat_.data_angajare as data_ang2_0_, angajat_.functie_id as functie_4_0_, angajat_.id_superior as id_super3_0_ from angajati angajat_ where angajat_.id=?
21:22:59.617 [Test worker] DEBUG org.hibernate.persister.entity.AbstractEntityPersister -  Insert 0: insert into angajati (data_angajare, functie_id, id_superior, id) values (?, ?, ?, ?)
21:22:59.617 [Test worker] DEBUG org.hibernate.persister.entity.AbstractEntityPersister -  Update 0: update angajati set data_angajare=?, functie_id=?, id_superior=? where id=?
21:22:59.617 [Test worker] DEBUG org.hibernate.persister.entity.AbstractEntityPersister -  Delete 0: delete from angajati where id=?
21:22:59.617 [Test worker] DEBUG org.hibernate.persister.entity.AbstractEntityPersister -  Identity insert: insert into angajati (data_angajare, functie_id, id_superior) values (?, ?, ?)
21:22:59.617 [Test worker] DEBUG org.hibernate.loader.plan.build.internal.spaces.QuerySpacesImpl - Adding QuerySpace : uid = <gen:0> -> org.hibernate.loader.plan.build.internal.spaces.EntityQuerySpaceImpl@14c1f4db]
21:22:59.617 [Test worker] DEBUG org.hibernate.persister.walking.spi.MetamodelGraphWalker - Visiting attribute path : concedii
21:22:59.617 [Test worker] DEBUG org.hibernate.loader.plan.build.internal.spaces.QuerySpacesImpl - Adding QuerySpace : uid = <gen:1> -> org.hibernate.loader.plan.build.internal.spaces.CollectionQuerySpaceImpl@f76d206]
21:22:59.617 [Test worker] DEBUG org.hibernate.loader.plan.build.internal.spaces.QuerySpacesImpl - Adding QuerySpace : uid = <gen:2> -> org.hibernate.loader.plan.build.internal.spaces.EntityQuerySpaceImpl@708880b5]
21:22:59.617 [Test worker] DEBUG org.hibernate.persister.walking.spi.MetamodelGraphWalker - Visiting attribute path : dataAngajare
21:22:59.617 [Test worker] DEBUG org.hibernate.persister.walking.spi.MetamodelGraphWalker - Visiting attribute path : departamente
21:22:59.617 [Test worker] DEBUG org.hibernate.loader.plan.build.internal.spaces.QuerySpacesImpl - Adding QuerySpace : uid = <gen:3> -> org.hibernate.loader.plan.build.internal.spaces.CollectionQuerySpaceImpl@6b74c553]
21:22:59.617 [Test worker] DEBUG org.hibernate.loader.plan.build.internal.spaces.QuerySpacesImpl - Adding QuerySpace : uid = <gen:4> -> org.hibernate.loader.plan.build.internal.spaces.EntityQuerySpaceImpl@76d314f6]
21:22:59.617 [Test worker] DEBUG org.hibernate.persister.walking.spi.MetamodelGraphWalker - Visiting attribute path : functie
21:22:59.617 [Test worker] DEBUG org.hibernate.loader.plan.build.internal.spaces.QuerySpacesImpl - Adding QuerySpace : uid = <gen:5> -> org.hibernate.loader.plan.build.internal.spaces.EntityQuerySpaceImpl@4f0c1ec8]
21:22:59.617 [Test worker] DEBUG org.hibernate.persister.walking.spi.MetamodelGraphWalker - Visiting attribute path : functie.salarDeBaza
21:22:59.617 [Test worker] DEBUG org.hibernate.persister.walking.spi.MetamodelGraphWalker - Visiting attribute path : idSuperior
21:22:59.617 [Test worker] DEBUG org.hibernate.persister.walking.spi.MetamodelGraphWalker - Visiting attribute path : proiecte
21:22:59.617 [Test worker] DEBUG org.hibernate.loader.plan.build.internal.spaces.QuerySpacesImpl - Adding QuerySpace : uid = <gen:6> -> org.hibernate.loader.plan.build.internal.spaces.CollectionQuerySpaceImpl@36a6becc]
21:22:59.617 [Test worker] DEBUG org.hibernate.loader.plan.build.internal.spaces.QuerySpacesImpl - Adding QuerySpace : uid = <gen:7> -> org.hibernate.loader.plan.build.internal.spaces.EntityQuerySpaceImpl@583c684a]
21:22:59.617 [Test worker] DEBUG org.hibernate.loader.plan.build.internal.FetchStyleLoadPlanBuildingAssociationVisitationStrategy - Building LoadPlan...
21:22:59.617 [Test worker] DEBUG org.hibernate.loader.plan.exec.internal.LoadQueryJoinAndFetchProcessor - processing queryspace <gen:0>
21:22:59.617 [Test worker] DEBUG org.hibernate.loader.plan.build.spi.LoadPlanTreePrinter - LoadPlan(entity=domain.Angajat)
    - Returns
       - EntityReturnImpl(entity=domain.Angajat, querySpaceUid=<gen:0>, path=domain.Angajat)
          - CollectionAttributeFetchImpl(collection=domain.Angajat.concedii, querySpaceUid=<gen:1>, path=domain.Angajat.concedii)
             - (collection element) CollectionFetchableElementEntityGraph(entity=domain.Concediu, querySpaceUid=<gen:2>, path=domain.Angajat.concedii.<elements>)
          - CollectionAttributeFetchImpl(collection=domain.Angajat.departamente, querySpaceUid=<gen:3>, path=domain.Angajat.departamente)
             - (collection element) CollectionFetchableElementEntityGraph(entity=domain.Departament, querySpaceUid=<gen:4>, path=domain.Angajat.departamente.<elements>)
          - EntityAttributeFetchImpl(entity=domain.Functie, querySpaceUid=<gen:5>, path=domain.Angajat.functie)
          - CollectionAttributeFetchImpl(collection=domain.Angajat.proiecte, querySpaceUid=<gen:6>, path=domain.Angajat.proiecte)
             - (collection element) CollectionFetchableElementEntityGraph(entity=domain.Proiect, querySpaceUid=<gen:7>, path=domain.Angajat.proiecte.<elements>)
    - QuerySpaces
       - EntityQuerySpaceImpl(uid=<gen:0>, entity=domain.Angajat)
          - SQL table alias mapping - angajat0_
          - alias suffix - 0_
          - suffixed key columns - {id1_0_0_}
          - JOIN (JoinDefinedByMetadata(functie)) : <gen:0> -> <gen:5>
             - EntityQuerySpaceImpl(uid=<gen:5>, entity=domain.Functie)
                - SQL table alias mapping - functie1_
                - alias suffix - 1_
                - suffixed key columns - {id1_5_1_}

21:22:59.617 [Test worker] DEBUG org.hibernate.loader.entity.plan.EntityLoader - Static select for entity domain.Angajat [NONE]: select angajat0_.id as id1_0_0_, angajat0_.data_angajare as data_ang2_0_0_, angajat0_.functie_id as functie_4_0_0_, angajat0_.id_superior as id_super3_0_0_, functie1_.id as id1_5_1_, functie1_.salar_de_baza as salar_de2_5_1_ from angajati angajat0_ left outer join functii functie1_ on angajat0_.functie_id=functie1_.id where angajat0_.id=?
21:22:59.617 [Test worker] DEBUG org.hibernate.persister.entity.AbstractEntityPersister - Static SQL for entity: domain.Proiect
21:22:59.617 [Test worker] DEBUG org.hibernate.persister.entity.AbstractEntityPersister -  Version select: select id from proiecte where id =?
21:22:59.617 [Test worker] DEBUG org.hibernate.persister.entity.AbstractEntityPersister -  Snapshot select: select proiect_.id, proiect_.data_inceput as data_inc2_6_, proiect_.deadline as deadline3_6_ from proiecte proiect_ where proiect_.id=?
21:22:59.617 [Test worker] DEBUG org.hibernate.persister.entity.AbstractEntityPersister -  Insert 0: insert into proiecte (data_inceput, deadline, id) values (?, ?, ?)
21:22:59.617 [Test worker] DEBUG org.hibernate.persister.entity.AbstractEntityPersister -  Update 0: update proiecte set data_inceput=?, deadline=? where id=?
21:22:59.617 [Test worker] DEBUG org.hibernate.persister.entity.AbstractEntityPersister -  Delete 0: delete from proiecte where id=?
21:22:59.617 [Test worker] DEBUG org.hibernate.persister.entity.AbstractEntityPersister -  Identity insert: insert into proiecte (data_inceput, deadline) values (?, ?)
21:22:59.617 [Test worker] DEBUG org.hibernate.loader.plan.build.internal.spaces.QuerySpacesImpl - Adding QuerySpace : uid = <gen:0> -> org.hibernate.loader.plan.build.internal.spaces.EntityQuerySpaceImpl@77e9d7db]
21:22:59.617 [Test worker] DEBUG org.hibernate.persister.walking.spi.MetamodelGraphWalker - Visiting attribute path : dataInceput
21:22:59.617 [Test worker] DEBUG org.hibernate.persister.walking.spi.MetamodelGraphWalker - Visiting attribute path : deadline
21:22:59.617 [Test worker] DEBUG org.hibernate.loader.plan.build.internal.FetchStyleLoadPlanBuildingAssociationVisitationStrategy - Building LoadPlan...
21:22:59.617 [Test worker] DEBUG org.hibernate.loader.plan.exec.internal.LoadQueryJoinAndFetchProcessor - processing queryspace <gen:0>
21:22:59.617 [Test worker] DEBUG org.hibernate.loader.plan.build.spi.LoadPlanTreePrinter - LoadPlan(entity=domain.Proiect)
    - Returns
       - EntityReturnImpl(entity=domain.Proiect, querySpaceUid=<gen:0>, path=domain.Proiect)
    - QuerySpaces
       - EntityQuerySpaceImpl(uid=<gen:0>, entity=domain.Proiect)
          - SQL table alias mapping - proiect0_
          - alias suffix - 0_
          - suffixed key columns - {id1_6_0_}

21:22:59.617 [Test worker] DEBUG org.hibernate.loader.entity.plan.EntityLoader - Static select for entity domain.Proiect [NONE]: select proiect0_.id as id1_6_0_, proiect0_.data_inceput as data_inc2_6_0_, proiect0_.deadline as deadline3_6_0_ from proiecte proiect0_ where proiect0_.id=?
21:22:59.617 [Test worker] DEBUG org.hibernate.persister.entity.AbstractEntityPersister - Static SQL for entity: domain.Concediu
21:22:59.617 [Test worker] DEBUG org.hibernate.persister.entity.AbstractEntityPersister -  Version select: select id from concedii where id =?
21:22:59.617 [Test worker] DEBUG org.hibernate.persister.entity.AbstractEntityPersister -  Snapshot select: select concediu_.id, concediu_.id_angajat as id_angaj4_3_, concediu_.data_inceput as data_inc2_3_, concediu_.data_sfarsit as data_sfa3_3_ from concedii concediu_ where concediu_.id=?
21:22:59.617 [Test worker] DEBUG org.hibernate.persister.entity.AbstractEntityPersister -  Insert 0: insert into concedii (id_angajat, data_inceput, data_sfarsit, id) values (?, ?, ?, ?)
21:22:59.617 [Test worker] DEBUG org.hibernate.persister.entity.AbstractEntityPersister -  Update 0: update concedii set id_angajat=?, data_inceput=?, data_sfarsit=? where id=?
21:22:59.617 [Test worker] DEBUG org.hibernate.persister.entity.AbstractEntityPersister -  Delete 0: delete from concedii where id=?
21:22:59.617 [Test worker] DEBUG org.hibernate.persister.entity.AbstractEntityPersister -  Identity insert: insert into concedii (id_angajat, data_inceput, data_sfarsit) values (?, ?, ?)
21:22:59.617 [Test worker] DEBUG org.hibernate.loader.plan.build.internal.spaces.QuerySpacesImpl - Adding QuerySpace : uid = <gen:0> -> org.hibernate.loader.plan.build.internal.spaces.EntityQuerySpaceImpl@224c71b1]
21:22:59.617 [Test worker] DEBUG org.hibernate.persister.walking.spi.MetamodelGraphWalker - Visiting attribute path : angajat
21:22:59.617 [Test worker] DEBUG org.hibernate.loader.plan.build.internal.spaces.QuerySpacesImpl - Adding QuerySpace : uid = <gen:1> -> org.hibernate.loader.plan.build.internal.spaces.EntityQuerySpaceImpl@20e7687f]
21:22:59.617 [Test worker] DEBUG org.hibernate.persister.walking.spi.MetamodelGraphWalker - Visiting attribute path : dataInceput
21:22:59.617 [Test worker] DEBUG org.hibernate.persister.walking.spi.MetamodelGraphWalker - Visiting attribute path : dataSfarsit
21:22:59.617 [Test worker] DEBUG org.hibernate.loader.plan.build.internal.FetchStyleLoadPlanBuildingAssociationVisitationStrategy - Building LoadPlan...
21:22:59.617 [Test worker] DEBUG org.hibernate.loader.plan.exec.internal.LoadQueryJoinAndFetchProcessor - processing queryspace <gen:0>
21:22:59.617 [Test worker] DEBUG org.hibernate.loader.plan.build.spi.LoadPlanTreePrinter - LoadPlan(entity=domain.Concediu)
    - Returns
       - EntityReturnImpl(entity=domain.Concediu, querySpaceUid=<gen:0>, path=domain.Concediu)
          - EntityAttributeFetchImpl(entity=domain.Angajat, querySpaceUid=<gen:1>, path=domain.Concediu.angajat)
    - QuerySpaces
       - EntityQuerySpaceImpl(uid=<gen:0>, entity=domain.Concediu)
          - SQL table alias mapping - concediu0_
          - alias suffix - 0_
          - suffixed key columns - {id1_3_0_}

21:22:59.617 [Test worker] DEBUG org.hibernate.loader.entity.plan.EntityLoader - Static select for entity domain.Concediu [NONE]: select concediu0_.id as id1_3_0_, concediu0_.id_angajat as id_angaj4_3_0_, concediu0_.data_inceput as data_inc2_3_0_, concediu0_.data_sfarsit as data_sfa3_3_0_ from concedii concediu0_ where concediu0_.id=?
21:22:59.617 [Test worker] DEBUG org.hibernate.loader.plan.build.internal.spaces.QuerySpacesImpl - Adding QuerySpace : uid = <gen:0> -> org.hibernate.loader.plan.build.internal.spaces.CollectionQuerySpaceImpl@7efa4418]
21:22:59.617 [Test worker] DEBUG org.hibernate.loader.plan.build.internal.spaces.QuerySpacesImpl - Adding QuerySpace : uid = <gen:1> -> org.hibernate.loader.plan.build.internal.spaces.EntityQuerySpaceImpl@3f7a738f]
21:22:59.617 [Test worker] DEBUG org.hibernate.persister.walking.spi.MetamodelGraphWalker - Visiting attribute path : dataInceput
21:22:59.617 [Test worker] DEBUG org.hibernate.persister.walking.spi.MetamodelGraphWalker - Visiting attribute path : deadline
21:22:59.617 [Test worker] DEBUG org.hibernate.loader.plan.build.internal.FetchStyleLoadPlanBuildingAssociationVisitationStrategy - Building LoadPlan...
21:22:59.617 [Test worker] DEBUG org.hibernate.loader.plan.exec.internal.LoadQueryJoinAndFetchProcessor - processing queryspace <gen:0>
21:22:59.617 [Test worker] DEBUG org.hibernate.loader.plan.build.spi.LoadPlanTreePrinter - LoadPlan(collection=domain.Angajat.proiecte)
    - Returns
       - CollectionReturnImpl(collection=domain.Angajat.proiecte, querySpaceUid=<gen:0>, path=[domain.Angajat.proiecte])
          - (collection element) CollectionFetchableElementEntityGraph(entity=domain.Proiect, querySpaceUid=<gen:1>, path=[domain.Angajat.proiecte].<elements>)
    - QuerySpaces
       - CollectionQuerySpaceImpl(uid=<gen:0>, collection=domain.Angajat.proiecte)
          - SQL table alias mapping - proiecte0_
          - alias suffix - 0_
          - suffixed key columns - {id_angaj1_2_0_}
          - entity-element alias suffix - 1_
          - 1_entity-element suffixed key columns - id1_6_1_
          - JOIN (JoinDefinedByMetadata(elements)) : <gen:0> -> <gen:1>
             - EntityQuerySpaceImpl(uid=<gen:1>, entity=domain.Proiect)
                - SQL table alias mapping - proiect1_
                - alias suffix - 1_
                - suffixed key columns - {id1_6_1_}

21:22:59.617 [Test worker] DEBUG org.hibernate.loader.collection.plan.CollectionLoader - Static select for collection domain.Angajat.proiecte: select proiecte0_.id_angajat as id_angaj1_2_0_, proiecte0_.id_proiect as id_proie2_2_0_, proiect1_.id as id1_6_1_, proiect1_.data_inceput as data_inc2_6_1_, proiect1_.deadline as deadline3_6_1_ from angajati_proiecte proiecte0_ inner join proiecte proiect1_ on proiecte0_.id_proiect=proiect1_.id where proiecte0_.id_angajat=?
21:22:59.617 [Test worker] DEBUG org.hibernate.loader.plan.build.internal.spaces.QuerySpacesImpl - Adding QuerySpace : uid = <gen:0> -> org.hibernate.loader.plan.build.internal.spaces.CollectionQuerySpaceImpl@58f6fb9d]
21:22:59.617 [Test worker] DEBUG org.hibernate.loader.plan.build.internal.spaces.QuerySpacesImpl - Adding QuerySpace : uid = <gen:1> -> org.hibernate.loader.plan.build.internal.spaces.EntityQuerySpaceImpl@34fc1d07]
21:22:59.617 [Test worker] DEBUG org.hibernate.persister.walking.spi.MetamodelGraphWalker - Visiting attribute path : angajat
21:22:59.617 [Test worker] DEBUG org.hibernate.persister.walking.spi.MetamodelGraphWalker - Property path deemed to be circular : angajat
21:22:59.617 [Test worker] DEBUG org.hibernate.persister.walking.spi.MetamodelGraphWalker - Visiting attribute path : dataInceput
21:22:59.617 [Test worker] DEBUG org.hibernate.persister.walking.spi.MetamodelGraphWalker - Visiting attribute path : dataSfarsit
21:22:59.617 [Test worker] DEBUG org.hibernate.loader.plan.build.internal.FetchStyleLoadPlanBuildingAssociationVisitationStrategy - Building LoadPlan...
21:22:59.617 [Test worker] DEBUG org.hibernate.loader.plan.exec.internal.LoadQueryJoinAndFetchProcessor - processing queryspace <gen:0>
21:22:59.617 [Test worker] DEBUG org.hibernate.loader.plan.build.spi.LoadPlanTreePrinter - LoadPlan(collection=domain.Angajat.concedii)
    - Returns
       - CollectionReturnImpl(collection=domain.Angajat.concedii, querySpaceUid=<gen:0>, path=[domain.Angajat.concedii])
          - (collection element) CollectionFetchableElementEntityGraph(entity=domain.Concediu, querySpaceUid=<gen:1>, path=[domain.Angajat.concedii].<elements>)
    - QuerySpaces
       - CollectionQuerySpaceImpl(uid=<gen:0>, collection=domain.Angajat.concedii)
          - SQL table alias mapping - concedii0_
          - alias suffix - 0_
          - suffixed key columns - {id_angaj4_3_0_}
          - entity-element alias suffix - 1_
          - 1_entity-element suffixed key columns - id1_3_1_
          - JOIN (JoinDefinedByMetadata(elements)) : <gen:0> -> <gen:1>
             - EntityQuerySpaceImpl(uid=<gen:1>, entity=domain.Concediu)
                - SQL table alias mapping - concedii0_
                - alias suffix - 1_
                - suffixed key columns - {id1_3_1_}

21:22:59.617 [Test worker] DEBUG org.hibernate.loader.collection.plan.CollectionLoader - Static select for collection domain.Angajat.concedii: select concedii0_.id_angajat as id_angaj4_3_0_, concedii0_.id as id1_3_0_, concedii0_.id as id1_3_1_, concedii0_.id_angajat as id_angaj4_3_1_, concedii0_.data_inceput as data_inc2_3_1_, concedii0_.data_sfarsit as data_sfa3_3_1_ from concedii concedii0_ where concedii0_.id_angajat=?
21:22:59.617 [Test worker] DEBUG org.hibernate.loader.plan.build.internal.spaces.QuerySpacesImpl - Adding QuerySpace : uid = <gen:0> -> org.hibernate.loader.plan.build.internal.spaces.CollectionQuerySpaceImpl@39ac22c2]
21:22:59.617 [Test worker] DEBUG org.hibernate.loader.plan.build.internal.spaces.QuerySpacesImpl - Adding QuerySpace : uid = <gen:1> -> org.hibernate.loader.plan.build.internal.spaces.EntityQuerySpaceImpl@6dec14d5]
21:22:59.617 [Test worker] DEBUG org.hibernate.persister.walking.spi.MetamodelGraphWalker - Visiting attribute path : idDirector
21:22:59.617 [Test worker] DEBUG org.hibernate.loader.plan.build.internal.FetchStyleLoadPlanBuildingAssociationVisitationStrategy - Building LoadPlan...
21:22:59.617 [Test worker] DEBUG org.hibernate.loader.plan.exec.internal.LoadQueryJoinAndFetchProcessor - processing queryspace <gen:0>
21:22:59.617 [Test worker] DEBUG org.hibernate.loader.plan.build.spi.LoadPlanTreePrinter - LoadPlan(collection=domain.Angajat.departamente)
    - Returns
       - CollectionReturnImpl(collection=domain.Angajat.departamente, querySpaceUid=<gen:0>, path=[domain.Angajat.departamente])
          - (collection element) CollectionFetchableElementEntityGraph(entity=domain.Departament, querySpaceUid=<gen:1>, path=[domain.Angajat.departamente].<elements>)
    - QuerySpaces
       - CollectionQuerySpaceImpl(uid=<gen:0>, collection=domain.Angajat.departamente)
          - SQL table alias mapping - departamen0_
          - alias suffix - 0_
          - suffixed key columns - {id_angaj1_1_0_}
          - entity-element alias suffix - 1_
          - 1_entity-element suffixed key columns - id1_4_1_
          - JOIN (JoinDefinedByMetadata(elements)) : <gen:0> -> <gen:1>
             - EntityQuerySpaceImpl(uid=<gen:1>, entity=domain.Departament)
                - SQL table alias mapping - departamen1_
                - alias suffix - 1_
                - suffixed key columns - {id1_4_1_}

21:22:59.617 [Test worker] DEBUG org.hibernate.loader.collection.plan.CollectionLoader - Static select for collection domain.Angajat.departamente: select departamen0_.id_angajat as id_angaj1_1_0_, departamen0_.id_departament as id_depar2_1_0_, departamen1_.id as id1_4_1_, departamen1_.id_director as id_direc2_4_1_ from angajati_departamente departamen0_ inner join departamente departamen1_ on departamen0_.id_departament=departamen1_.id where departamen0_.id_angajat=?
21:22:59.632 [Test worker] INFO org.hibernate.orm.connections.access - HHH10001501: Connection obtained from JdbcConnectionAccess [org.hibernate.engine.jdbc.env.internal.JdbcEnvironmentInitiator$ConnectionProviderJdbcConnectionAccess@55fe13a6] for (non-JTA) DDL execution was not in auto-commit mode; the Connection 'local transaction' will be committed and the Connection will be set into auto-commit mode.
21:22:59.632 [Test worker] DEBUG org.hibernate.mapping.Table - No alter strings for table : angajati
21:22:59.632 [Test worker] DEBUG org.hibernate.mapping.Table - No alter strings for table : angajati_departamente
21:22:59.632 [Test worker] DEBUG org.hibernate.mapping.Table - No alter strings for table : angajati_proiecte
21:22:59.632 [Test worker] DEBUG org.hibernate.mapping.Table - No alter strings for table : concedii
21:22:59.632 [Test worker] DEBUG org.hibernate.mapping.Table - No alter strings for table : departamente
21:22:59.632 [Test worker] DEBUG org.hibernate.mapping.Table - No alter strings for table : functii
21:22:59.632 [Test worker] DEBUG org.hibernate.mapping.Table - No alter strings for table : proiecte
21:22:59.632 [Test worker] DEBUG org.hibernate.query.spi.NamedQueryRepository - Checking 0 named HQL queries
21:22:59.632 [Test worker] DEBUG org.hibernate.query.spi.NamedQueryRepository - Checking 0 named SQL queries
21:22:59.632 [Test worker] DEBUG org.hibernate.internal.SessionFactoryRegistry - Registering SessionFactory: f8db1980-1cbe-4e5e-ba97-b7658a04d7cd (<unnamed>)
21:22:59.632 [Test worker] DEBUG org.hibernate.internal.SessionFactoryRegistry - Not binding SessionFactory to JNDI, no JNDI name configured
21:22:59.632 [Test worker] DEBUG org.hibernate.integrator.internal.IntegratorServiceImpl - Adding Integrator [org.hibernate.cfg.beanvalidation.BeanValidationIntegrator].
21:22:59.632 [Test worker] DEBUG org.hibernate.integrator.internal.IntegratorServiceImpl - Adding Integrator [org.hibernate.secure.spi.JaccIntegrator].
21:22:59.632 [Test worker] DEBUG org.hibernate.integrator.internal.IntegratorServiceImpl - Adding Integrator [org.hibernate.cache.internal.CollectionCacheInvalidator].
21:22:59.632 [Test worker] DEBUG org.hibernate.boot.jaxb.internal.stax.LocalXmlResourceResolver - Interpreting public/system identifier : [-//Hibernate/Hibernate Configuration DTD 3.0//EN] - [http://hibernate.org/dtd/hibernate-configuration-3.0.dtd]
21:22:59.663 [Test worker] DEBUG org.hibernate.boot.cfgxml.internal.JaxbCfgProcessor - cfg.xml document did not define namespaces; wrapping in custom event reader to introduce namespace information
21:22:59.679 [Test worker] DEBUG org.hibernate.service.spi.ServiceBinding - Overriding existing service binding [org.hibernate.secure.spi.JaccService]
21:22:59.679 [Test worker] DEBUG org.hibernate.cache.internal.RegionFactoryInitiator - Cannot default RegionFactory based on registered strategies as `[]` RegionFactory strategies were registered
21:22:59.679 [Test worker] DEBUG org.hibernate.cache.internal.RegionFactoryInitiator - Cache region factory : org.hibernate.cache.internal.NoCachingRegionFactory
21:22:59.679 [Test worker] DEBUG org.hibernate.type.BasicTypeRegistry - Adding type registration boolean -> org.hibernate.type.BooleanType@121b529f
21:22:59.679 [Test worker] DEBUG org.hibernate.type.BasicTypeRegistry - Adding type registration boolean -> org.hibernate.type.BooleanType@121b529f
21:22:59.679 [Test worker] DEBUG org.hibernate.type.BasicTypeRegistry - Adding type registration java.lang.Boolean -> org.hibernate.type.BooleanType@121b529f
21:22:59.679 [Test worker] DEBUG org.hibernate.type.BasicTypeRegistry - Adding type registration numeric_boolean -> org.hibernate.type.NumericBooleanType@7dc81433
21:22:59.679 [Test worker] DEBUG org.hibernate.type.BasicTypeRegistry - Adding type registration true_false -> org.hibernate.type.TrueFalseType@60c371da
21:22:59.679 [Test worker] DEBUG org.hibernate.type.BasicTypeRegistry - Adding type registration yes_no -> org.hibernate.type.YesNoType@51ef89fc
21:22:59.679 [Test worker] DEBUG org.hibernate.type.BasicTypeRegistry - Adding type registration byte -> org.hibernate.type.ByteType@1502feca
21:22:59.679 [Test worker] DEBUG org.hibernate.type.BasicTypeRegistry - Adding type registration byte -> org.hibernate.type.ByteType@1502feca
21:22:59.679 [Test worker] DEBUG org.hibernate.type.BasicTypeRegistry - Adding type registration java.lang.Byte -> org.hibernate.type.ByteType@1502feca
21:22:59.679 [Test worker] DEBUG org.hibernate.type.BasicTypeRegistry - Adding type registration character -> org.hibernate.type.CharacterType@5aca38b4
21:22:59.679 [Test worker] DEBUG org.hibernate.type.BasicTypeRegistry - Adding type registration char -> org.hibernate.type.CharacterType@5aca38b4
21:22:59.679 [Test worker] DEBUG org.hibernate.type.BasicTypeRegistry - Adding type registration java.lang.Character -> org.hibernate.type.CharacterType@5aca38b4
21:22:59.679 [Test worker] DEBUG org.hibernate.type.BasicTypeRegistry - Adding type registration short -> org.hibernate.type.ShortType@212db0b9
21:22:59.679 [Test worker] DEBUG org.hibernate.type.BasicTypeRegistry - Adding type registration short -> org.hibernate.type.ShortType@212db0b9
21:22:59.679 [Test worker] DEBUG org.hibernate.type.BasicTypeRegistry - Adding type registration java.lang.Short -> org.hibernate.type.ShortType@212db0b9
21:22:59.679 [Test worker] DEBUG org.hibernate.type.BasicTypeRegistry - Adding type registration integer -> org.hibernate.type.IntegerType@14f541d2
21:22:59.679 [Test worker] DEBUG org.hibernate.type.BasicTypeRegistry - Adding type registration int -> org.hibernate.type.IntegerType@14f541d2
21:22:59.679 [Test worker] DEBUG org.hibernate.type.BasicTypeRegistry - Adding type registration java.lang.Integer -> org.hibernate.type.IntegerType@14f541d2
21:22:59.679 [Test worker] DEBUG org.hibernate.type.BasicTypeRegistry - Adding type registration long -> org.hibernate.type.LongType@357c5fef
21:22:59.679 [Test worker] DEBUG org.hibernate.type.BasicTypeRegistry - Adding type registration long -> org.hibernate.type.LongType@357c5fef
21:22:59.679 [Test worker] DEBUG org.hibernate.type.BasicTypeRegistry - Adding type registration java.lang.Long -> org.hibernate.type.LongType@357c5fef
21:22:59.679 [Test worker] DEBUG org.hibernate.type.BasicTypeRegistry - Adding type registration float -> org.hibernate.type.FloatType@68835e55
21:22:59.679 [Test worker] DEBUG org.hibernate.type.BasicTypeRegistry - Adding type registration float -> org.hibernate.type.FloatType@68835e55
21:22:59.679 [Test worker] DEBUG org.hibernate.type.BasicTypeRegistry - Adding type registration java.lang.Float -> org.hibernate.type.FloatType@68835e55
21:22:59.679 [Test worker] DEBUG org.hibernate.type.BasicTypeRegistry - Adding type registration double -> org.hibernate.type.DoubleType@1db8c4bf
21:22:59.679 [Test worker] DEBUG org.hibernate.type.BasicTypeRegistry - Adding type registration double -> org.hibernate.type.DoubleType@1db8c4bf
21:22:59.679 [Test worker] DEBUG org.hibernate.type.BasicTypeRegistry - Adding type registration java.lang.Double -> org.hibernate.type.DoubleType@1db8c4bf
21:22:59.679 [Test worker] DEBUG org.hibernate.type.BasicTypeRegistry - Adding type registration big_decimal -> org.hibernate.type.BigDecimalType@2bd9f5a7
21:22:59.679 [Test worker] DEBUG org.hibernate.type.BasicTypeRegistry - Adding type registration java.math.BigDecimal -> org.hibernate.type.BigDecimalType@2bd9f5a7
21:22:59.679 [Test worker] DEBUG org.hibernate.type.BasicTypeRegistry - Adding type registration big_integer -> org.hibernate.type.BigIntegerType@67766712
21:22:59.679 [Test worker] DEBUG org.hibernate.type.BasicTypeRegistry - Adding type registration java.math.BigInteger -> org.hibernate.type.BigIntegerType@67766712
21:22:59.679 [Test worker] DEBUG org.hibernate.type.BasicTypeRegistry - Adding type registration string -> org.hibernate.type.StringType@5abe721f
21:22:59.679 [Test worker] DEBUG org.hibernate.type.BasicTypeRegistry - Adding type registration java.lang.String -> org.hibernate.type.StringType@5abe721f
21:22:59.679 [Test worker] DEBUG org.hibernate.type.BasicTypeRegistry - Adding type registration nstring -> org.hibernate.type.StringNVarcharType@5ca83c4b
21:22:59.679 [Test worker] DEBUG org.hibernate.type.BasicTypeRegistry - Adding type registration ncharacter -> org.hibernate.type.CharacterNCharType@181579aa
21:22:59.679 [Test worker] DEBUG org.hibernate.type.BasicTypeRegistry - Adding type registration url -> org.hibernate.type.UrlType@2d95e7ff
21:22:59.679 [Test worker] DEBUG org.hibernate.type.BasicTypeRegistry - Adding type registration java.net.URL -> org.hibernate.type.UrlType@2d95e7ff
21:22:59.679 [Test worker] DEBUG org.hibernate.type.BasicTypeRegistry - Adding type registration Duration -> org.hibernate.type.DurationType@1f6d6ec5
21:22:59.679 [Test worker] DEBUG org.hibernate.type.BasicTypeRegistry - Adding type registration java.time.Duration -> org.hibernate.type.DurationType@1f6d6ec5
21:22:59.679 [Test worker] DEBUG org.hibernate.type.BasicTypeRegistry - Adding type registration Instant -> org.hibernate.type.InstantType@799b3880
21:22:59.679 [Test worker] DEBUG org.hibernate.type.BasicTypeRegistry - Adding type registration java.time.Instant -> org.hibernate.type.InstantType@799b3880
21:22:59.679 [Test worker] DEBUG org.hibernate.type.BasicTypeRegistry - Adding type registration LocalDateTime -> org.hibernate.type.LocalDateTimeType@3c9b7dcd
21:22:59.679 [Test worker] DEBUG org.hibernate.type.BasicTypeRegistry - Adding type registration java.time.LocalDateTime -> org.hibernate.type.LocalDateTimeType@3c9b7dcd
21:22:59.679 [Test worker] DEBUG org.hibernate.type.BasicTypeRegistry - Adding type registration LocalDate -> org.hibernate.type.LocalDateType@73b9d317
21:22:59.679 [Test worker] DEBUG org.hibernate.type.BasicTypeRegistry - Adding type registration java.time.LocalDate -> org.hibernate.type.LocalDateType@73b9d317
21:22:59.679 [Test worker] DEBUG org.hibernate.type.BasicTypeRegistry - Adding type registration LocalTime -> org.hibernate.type.LocalTimeType@3e938176
21:22:59.679 [Test worker] DEBUG org.hibernate.type.BasicTypeRegistry - Adding type registration java.time.LocalTime -> org.hibernate.type.LocalTimeType@3e938176
21:22:59.679 [Test worker] DEBUG org.hibernate.type.BasicTypeRegistry - Adding type registration OffsetDateTime -> org.hibernate.type.OffsetDateTimeType@1006f6a5
21:22:59.679 [Test worker] DEBUG org.hibernate.type.BasicTypeRegistry - Adding type registration java.time.OffsetDateTime -> org.hibernate.type.OffsetDateTimeType@1006f6a5
21:22:59.679 [Test worker] DEBUG org.hibernate.type.BasicTypeRegistry - Adding type registration OffsetTime -> org.hibernate.type.OffsetTimeType@5ebf30b8
21:22:59.679 [Test worker] DEBUG org.hibernate.type.BasicTypeRegistry - Adding type registration java.time.OffsetTime -> org.hibernate.type.OffsetTimeType@5ebf30b8
21:22:59.679 [Test worker] DEBUG org.hibernate.type.BasicTypeRegistry - Adding type registration ZonedDateTime -> org.hibernate.type.ZonedDateTimeType@5ecdce3a
21:22:59.679 [Test worker] DEBUG org.hibernate.type.BasicTypeRegistry - Adding type registration java.time.ZonedDateTime -> org.hibernate.type.ZonedDateTimeType@5ecdce3a
21:22:59.679 [Test worker] DEBUG org.hibernate.type.BasicTypeRegistry - Adding type registration date -> org.hibernate.type.DateType@34878a9c
21:22:59.679 [Test worker] DEBUG org.hibernate.type.BasicTypeRegistry - Adding type registration java.sql.Date -> org.hibernate.type.DateType@34878a9c
21:22:59.679 [Test worker] DEBUG org.hibernate.type.BasicTypeRegistry - Adding type registration time -> org.hibernate.type.TimeType@4be75fc9
21:22:59.679 [Test worker] DEBUG org.hibernate.type.BasicTypeRegistry - Adding type registration java.sql.Time -> org.hibernate.type.TimeType@4be75fc9
21:22:59.679 [Test worker] DEBUG org.hibernate.type.BasicTypeRegistry - Adding type registration timestamp -> org.hibernate.type.TimestampType@cd6dcfb
21:22:59.679 [Test worker] DEBUG org.hibernate.type.BasicTypeRegistry - Adding type registration java.sql.Timestamp -> org.hibernate.type.TimestampType@cd6dcfb
21:22:59.679 [Test worker] DEBUG org.hibernate.type.BasicTypeRegistry - Adding type registration java.util.Date -> org.hibernate.type.TimestampType@cd6dcfb
21:22:59.679 [Test worker] DEBUG org.hibernate.type.BasicTypeRegistry - Adding type registration dbtimestamp -> org.hibernate.type.DbTimestampType@6f70db50
21:22:59.679 [Test worker] DEBUG org.hibernate.type.BasicTypeRegistry - Adding type registration calendar -> org.hibernate.type.CalendarType@232580e4
21:22:59.679 [Test worker] DEBUG org.hibernate.type.BasicTypeRegistry - Adding type registration java.util.Calendar -> org.hibernate.type.CalendarType@232580e4
21:22:59.679 [Test worker] DEBUG org.hibernate.type.BasicTypeRegistry - Adding type registration java.util.GregorianCalendar -> org.hibernate.type.CalendarType@232580e4
21:22:59.679 [Test worker] DEBUG org.hibernate.type.BasicTypeRegistry - Adding type registration calendar_date -> org.hibernate.type.CalendarDateType@2d226c99
21:22:59.679 [Test worker] DEBUG org.hibernate.type.BasicTypeRegistry - Adding type registration calendar_time -> org.hibernate.type.CalendarTimeType@5f0ca092
21:22:59.679 [Test worker] DEBUG org.hibernate.type.BasicTypeRegistry - Adding type registration locale -> org.hibernate.type.LocaleType@2e7d6fc7
21:22:59.679 [Test worker] DEBUG org.hibernate.type.BasicTypeRegistry - Adding type registration java.util.Locale -> org.hibernate.type.LocaleType@2e7d6fc7
21:22:59.679 [Test worker] DEBUG org.hibernate.type.BasicTypeRegistry - Adding type registration currency -> org.hibernate.type.CurrencyType@298b5abb
21:22:59.679 [Test worker] DEBUG org.hibernate.type.BasicTypeRegistry - Adding type registration java.util.Currency -> org.hibernate.type.CurrencyType@298b5abb
21:22:59.679 [Test worker] DEBUG org.hibernate.type.BasicTypeRegistry - Adding type registration timezone -> org.hibernate.type.TimeZoneType@6a7223ce
21:22:59.679 [Test worker] DEBUG org.hibernate.type.BasicTypeRegistry - Adding type registration java.util.TimeZone -> org.hibernate.type.TimeZoneType@6a7223ce
21:22:59.679 [Test worker] DEBUG org.hibernate.type.BasicTypeRegistry - Adding type registration class -> org.hibernate.type.ClassType@17c86e61
21:22:59.679 [Test worker] DEBUG org.hibernate.type.BasicTypeRegistry - Adding type registration java.lang.Class -> org.hibernate.type.ClassType@17c86e61
21:22:59.679 [Test worker] DEBUG org.hibernate.type.BasicTypeRegistry - Adding type registration uuid-binary -> org.hibernate.type.UUIDBinaryType@165a29f7
21:22:59.679 [Test worker] DEBUG org.hibernate.type.BasicTypeRegistry - Adding type registration java.util.UUID -> org.hibernate.type.UUIDBinaryType@165a29f7
21:22:59.679 [Test worker] DEBUG org.hibernate.type.BasicTypeRegistry - Adding type registration uuid-char -> org.hibernate.type.UUIDCharType@57061eb5
21:22:59.679 [Test worker] DEBUG org.hibernate.type.BasicTypeRegistry - Adding type registration binary -> org.hibernate.type.BinaryType@377a3a57
21:22:59.679 [Test worker] DEBUG org.hibernate.type.BasicTypeRegistry - Adding type registration byte[] -> org.hibernate.type.BinaryType@377a3a57
21:22:59.679 [Test worker] DEBUG org.hibernate.type.BasicTypeRegistry - Adding type registration [B -> org.hibernate.type.BinaryType@377a3a57
21:22:59.679 [Test worker] DEBUG org.hibernate.type.BasicTypeRegistry - Adding type registration wrapper-binary -> org.hibernate.type.WrapperBinaryType@15236686
21:22:59.679 [Test worker] DEBUG org.hibernate.type.BasicTypeRegistry - Adding type registration Byte[] -> org.hibernate.type.WrapperBinaryType@15236686
21:22:59.679 [Test worker] DEBUG org.hibernate.type.BasicTypeRegistry - Adding type registration [Ljava.lang.Byte; -> org.hibernate.type.WrapperBinaryType@15236686
21:22:59.679 [Test worker] DEBUG org.hibernate.type.BasicTypeRegistry - Adding type registration row_version -> org.hibernate.type.RowVersionType@480544d3
21:22:59.679 [Test worker] DEBUG org.hibernate.type.BasicTypeRegistry - Adding type registration image -> org.hibernate.type.ImageType@a74733d
21:22:59.679 [Test worker] DEBUG org.hibernate.type.BasicTypeRegistry - Adding type registration characters -> org.hibernate.type.CharArrayType@10b707f8
21:22:59.679 [Test worker] DEBUG org.hibernate.type.BasicTypeRegistry - Adding type registration char[] -> org.hibernate.type.CharArrayType@10b707f8
21:22:59.679 [Test worker] DEBUG org.hibernate.type.BasicTypeRegistry - Adding type registration [C -> org.hibernate.type.CharArrayType@10b707f8
21:22:59.679 [Test worker] DEBUG org.hibernate.type.BasicTypeRegistry - Adding type registration wrapper-characters -> org.hibernate.type.CharacterArrayType@7586a107
21:22:59.679 [Test worker] DEBUG org.hibernate.type.BasicTypeRegistry - Adding type registration [Ljava.lang.Character; -> org.hibernate.type.CharacterArrayType@7586a107
21:22:59.679 [Test worker] DEBUG org.hibernate.type.BasicTypeRegistry - Adding type registration Character[] -> org.hibernate.type.CharacterArrayType@7586a107
21:22:59.679 [Test worker] DEBUG org.hibernate.type.BasicTypeRegistry - Adding type registration text -> org.hibernate.type.TextType@28e7117
21:22:59.679 [Test worker] DEBUG org.hibernate.type.BasicTypeRegistry - Adding type registration ntext -> org.hibernate.type.NTextType@4fe7c4b8
21:22:59.679 [Test worker] DEBUG org.hibernate.type.BasicTypeRegistry - Adding type registration blob -> org.hibernate.type.BlobType@69ff7971
21:22:59.679 [Test worker] DEBUG org.hibernate.type.BasicTypeRegistry - Adding type registration java.sql.Blob -> org.hibernate.type.BlobType@69ff7971
21:22:59.679 [Test worker] DEBUG org.hibernate.type.BasicTypeRegistry - Adding type registration materialized_blob -> org.hibernate.type.MaterializedBlobType@29a6bbfa
21:22:59.679 [Test worker] DEBUG org.hibernate.type.BasicTypeRegistry - Adding type registration clob -> org.hibernate.type.ClobType@6243fc09
21:22:59.679 [Test worker] DEBUG org.hibernate.type.BasicTypeRegistry - Adding type registration java.sql.Clob -> org.hibernate.type.ClobType@6243fc09
21:22:59.679 [Test worker] DEBUG org.hibernate.type.BasicTypeRegistry - Adding type registration nclob -> org.hibernate.type.NClobType@7a0e9fb4
21:22:59.679 [Test worker] DEBUG org.hibernate.type.BasicTypeRegistry - Adding type registration java.sql.NClob -> org.hibernate.type.NClobType@7a0e9fb4
21:22:59.679 [Test worker] DEBUG org.hibernate.type.BasicTypeRegistry - Adding type registration materialized_clob -> org.hibernate.type.MaterializedClobType@5568af29
21:22:59.679 [Test worker] DEBUG org.hibernate.type.BasicTypeRegistry - Adding type registration materialized_nclob -> org.hibernate.type.MaterializedNClobType@43589365
21:22:59.679 [Test worker] DEBUG org.hibernate.type.BasicTypeRegistry - Adding type registration serializable -> org.hibernate.type.SerializableType@49b714f8
21:22:59.679 [Test worker] DEBUG org.hibernate.type.BasicTypeRegistry - Adding type registration object -> org.hibernate.type.ObjectType@4b6f241f
21:22:59.679 [Test worker] DEBUG org.hibernate.type.BasicTypeRegistry - Adding type registration java.lang.Object -> org.hibernate.type.ObjectType@4b6f241f
21:22:59.679 [Test worker] DEBUG org.hibernate.type.BasicTypeRegistry - Adding type registration imm_date -> org.hibernate.type.AdaptedImmutableType@6d5b7453
21:22:59.679 [Test worker] DEBUG org.hibernate.type.BasicTypeRegistry - Adding type registration imm_time -> org.hibernate.type.AdaptedImmutableType@1f027f01
21:22:59.679 [Test worker] DEBUG org.hibernate.type.BasicTypeRegistry - Adding type registration imm_timestamp -> org.hibernate.type.AdaptedImmutableType@33eb1e56
21:22:59.679 [Test worker] DEBUG org.hibernate.type.BasicTypeRegistry - Adding type registration imm_dbtimestamp -> org.hibernate.type.AdaptedImmutableType@80ac6fa
21:22:59.679 [Test worker] DEBUG org.hibernate.type.BasicTypeRegistry - Adding type registration imm_calendar -> org.hibernate.type.AdaptedImmutableType@3ec5c244
21:22:59.679 [Test worker] DEBUG org.hibernate.type.BasicTypeRegistry - Adding type registration imm_calendar_date -> org.hibernate.type.AdaptedImmutableType@32b358ea
21:22:59.679 [Test worker] DEBUG org.hibernate.type.BasicTypeRegistry - Adding type registration imm_binary -> org.hibernate.type.AdaptedImmutableType@59c1e944
21:22:59.679 [Test worker] DEBUG org.hibernate.type.BasicTypeRegistry - Adding type registration imm_serializable -> org.hibernate.type.AdaptedImmutableType@722c990
21:22:59.695 [Test worker] DEBUG org.hibernate.id.factory.internal.DefaultIdentifierGeneratorFactory - Registering IdentifierGenerator strategy [uuid2] -> [org.hibernate.id.UUIDGenerator]
21:22:59.695 [Test worker] DEBUG org.hibernate.id.factory.internal.DefaultIdentifierGeneratorFactory - Registering IdentifierGenerator strategy [guid] -> [org.hibernate.id.GUIDGenerator]
21:22:59.695 [Test worker] DEBUG org.hibernate.id.factory.internal.DefaultIdentifierGeneratorFactory - Registering IdentifierGenerator strategy [uuid] -> [org.hibernate.id.UUIDHexGenerator]
21:22:59.695 [Test worker] DEBUG org.hibernate.id.factory.internal.DefaultIdentifierGeneratorFactory - Registering IdentifierGenerator strategy [uuid.hex] -> [org.hibernate.id.UUIDHexGenerator]
21:22:59.695 [Test worker] DEBUG org.hibernate.id.factory.internal.DefaultIdentifierGeneratorFactory - Registering IdentifierGenerator strategy [assigned] -> [org.hibernate.id.Assigned]
21:22:59.695 [Test worker] DEBUG org.hibernate.id.factory.internal.DefaultIdentifierGeneratorFactory - Registering IdentifierGenerator strategy [identity] -> [org.hibernate.id.IdentityGenerator]
21:22:59.695 [Test worker] DEBUG org.hibernate.id.factory.internal.DefaultIdentifierGeneratorFactory - Registering IdentifierGenerator strategy [select] -> [org.hibernate.id.SelectGenerator]
21:22:59.695 [Test worker] DEBUG org.hibernate.id.factory.internal.DefaultIdentifierGeneratorFactory - Registering IdentifierGenerator strategy [sequence] -> [org.hibernate.id.enhanced.SequenceStyleGenerator]
21:22:59.695 [Test worker] DEBUG org.hibernate.id.factory.internal.DefaultIdentifierGeneratorFactory - Registering IdentifierGenerator strategy [seqhilo] -> [org.hibernate.id.SequenceHiLoGenerator]
21:22:59.695 [Test worker] DEBUG org.hibernate.id.factory.internal.DefaultIdentifierGeneratorFactory - Registering IdentifierGenerator strategy [increment] -> [org.hibernate.id.IncrementGenerator]
21:22:59.695 [Test worker] DEBUG org.hibernate.id.factory.internal.DefaultIdentifierGeneratorFactory - Registering IdentifierGenerator strategy [foreign] -> [org.hibernate.id.ForeignGenerator]
21:22:59.695 [Test worker] DEBUG org.hibernate.id.factory.internal.DefaultIdentifierGeneratorFactory - Registering IdentifierGenerator strategy [sequence-identity] -> [org.hibernate.id.SequenceIdentityGenerator]
21:22:59.695 [Test worker] DEBUG org.hibernate.id.factory.internal.DefaultIdentifierGeneratorFactory - Registering IdentifierGenerator strategy [enhanced-sequence] -> [org.hibernate.id.enhanced.SequenceStyleGenerator]
21:22:59.695 [Test worker] DEBUG org.hibernate.id.factory.internal.DefaultIdentifierGeneratorFactory - Registering IdentifierGenerator strategy [enhanced-table] -> [org.hibernate.id.enhanced.TableGenerator]
21:22:59.695 [Test worker] WARN org.hibernate.orm.connections.pooling - HHH10001002: Using Hibernate built-in connection pool (not for production use!)
21:22:59.695 [Test worker] INFO org.hibernate.orm.connections.pooling - HHH10001005: using driver [org.sqlite.JDBC] at URL [jdbc:sqlite:D:\Facultate\Projects\OrganizareCompanie\database]
21:22:59.695 [Test worker] INFO org.hibernate.orm.connections.pooling - HHH10001001: Connection properties: {password=root, user=root}
21:22:59.695 [Test worker] INFO org.hibernate.orm.connections.pooling - HHH10001003: Autocommit mode: false
21:22:59.695 [Test worker] DEBUG org.hibernate.engine.jdbc.connections.internal.DriverManagerConnectionProviderImpl - Initializing Connection pool with 1 Connections
21:22:59.695 [Test worker] INFO org.hibernate.engine.jdbc.connections.internal.DriverManagerConnectionProviderImpl - HHH000115: Hibernate connection pool size: 1 (min=1)
21:22:59.695 [Test worker] DEBUG org.hibernate.engine.jdbc.env.internal.JdbcEnvironmentInitiator - Database ->
       name : SQLite
    version : 3.34.0
      major : 3
      minor : 34
21:22:59.695 [Test worker] DEBUG org.hibernate.engine.jdbc.env.internal.JdbcEnvironmentInitiator - Driver ->
       name : SQLite JDBC
    version : 3.34.0
      major : 3
      minor : 34
21:22:59.695 [Test worker] DEBUG org.hibernate.engine.jdbc.env.internal.JdbcEnvironmentInitiator - JDBC version : 2.1
21:22:59.695 [Test worker] INFO org.hibernate.dialect.Dialect - HHH000400: Using dialect: utils.SQLiteDialect
21:22:59.695 [Test worker] DEBUG org.hibernate.engine.jdbc.env.spi.IdentifierHelperBuilder - JDBC driver metadata reported database stores quoted identifiers in neither upper, lower nor mixed case
21:22:59.695 [Test worker] DEBUG org.hibernate.engine.jdbc.env.spi.IdentifierHelperBuilder - IdentifierCaseStrategy for both quoted and unquoted identifiers was set to the same strategy [MIXED]; that will likely lead to problems in schema update and validation if using quoted identifiers
21:22:59.695 [Test worker] DEBUG org.hibernate.engine.jdbc.env.internal.LobCreatorBuilderImpl - HHH000423: Disabling contextual LOB creation as JDBC driver reported JDBC version [2] less than 4
21:22:59.695 [Test worker] DEBUG org.hibernate.boot.model.relational.Namespace - Created database namespace [logicalName=Name{catalog=null, schema=null}, physicalName=Name{catalog=null, schema=null}]
21:22:59.695 [Test worker] DEBUG org.hibernate.type.descriptor.java.JavaTypeDescriptorRegistry - JavaTypeDescriptorRegistry entry replaced : class java.time.Duration -> org.hibernate.type.descriptor.java.DurationJavaDescriptor@484b819 (was org.hibernate.type.descriptor.java.DurationJavaDescriptor@484b819)
21:22:59.695 [Test worker] DEBUG org.hibernate.type.descriptor.java.JavaTypeDescriptorRegistry - JavaTypeDescriptorRegistry entry replaced : class java.time.Instant -> org.hibernate.type.descriptor.java.InstantJavaDescriptor@7a6a60d2 (was org.hibernate.type.descriptor.java.InstantJavaDescriptor@7a6a60d2)
21:22:59.695 [Test worker] DEBUG org.hibernate.type.descriptor.java.JavaTypeDescriptorRegistry - JavaTypeDescriptorRegistry entry replaced : class java.time.LocalDate -> org.hibernate.type.descriptor.java.LocalDateJavaDescriptor@7ac3817d (was org.hibernate.type.descriptor.java.LocalDateJavaDescriptor@7ac3817d)
21:22:59.695 [Test worker] DEBUG org.hibernate.type.descriptor.java.JavaTypeDescriptorRegistry - JavaTypeDescriptorRegistry entry replaced : class java.time.LocalDateTime -> org.hibernate.type.descriptor.java.LocalDateTimeJavaDescriptor@616d0e6e (was org.hibernate.type.descriptor.java.LocalDateTimeJavaDescriptor@616d0e6e)
21:22:59.695 [Test worker] DEBUG org.hibernate.type.descriptor.java.JavaTypeDescriptorRegistry - JavaTypeDescriptorRegistry entry replaced : class java.time.OffsetDateTime -> org.hibernate.type.descriptor.java.OffsetDateTimeJavaDescriptor@4008262a (was org.hibernate.type.descriptor.java.OffsetDateTimeJavaDescriptor@4008262a)
21:22:59.695 [Test worker] DEBUG org.hibernate.type.descriptor.java.JavaTypeDescriptorRegistry - JavaTypeDescriptorRegistry entry replaced : class java.time.OffsetTime -> org.hibernate.type.descriptor.java.OffsetTimeJavaDescriptor@69cda209 (was org.hibernate.type.descriptor.java.OffsetTimeJavaDescriptor@69cda209)
21:22:59.695 [Test worker] DEBUG org.hibernate.type.descriptor.java.JavaTypeDescriptorRegistry - JavaTypeDescriptorRegistry entry replaced : class java.time.ZonedDateTime -> org.hibernate.type.descriptor.java.ZonedDateTimeJavaDescriptor@f630e24 (was org.hibernate.type.descriptor.java.ZonedDateTimeJavaDescriptor@f630e24)
21:22:59.695 [Test worker] DEBUG org.hibernate.type.BasicTypeRegistry - Adding type registration Duration -> org.hibernate.type.DurationType@1f6d6ec5
21:22:59.695 [Test worker] DEBUG org.hibernate.type.BasicTypeRegistry - Adding type registration java.time.Duration -> org.hibernate.type.DurationType@1f6d6ec5
21:22:59.695 [Test worker] DEBUG org.hibernate.type.BasicTypeRegistry - Adding type registration Instant -> org.hibernate.type.InstantType@799b3880
21:22:59.695 [Test worker] DEBUG org.hibernate.type.BasicTypeRegistry - Adding type registration java.time.Instant -> org.hibernate.type.InstantType@799b3880
21:22:59.695 [Test worker] DEBUG org.hibernate.type.BasicTypeRegistry - Adding type registration LocalDateTime -> org.hibernate.type.LocalDateTimeType@3c9b7dcd
21:22:59.695 [Test worker] DEBUG org.hibernate.type.BasicTypeRegistry - Adding type registration java.time.LocalDateTime -> org.hibernate.type.LocalDateTimeType@3c9b7dcd
21:22:59.695 [Test worker] DEBUG org.hibernate.type.BasicTypeRegistry - Adding type registration LocalDate -> org.hibernate.type.LocalDateType@73b9d317
21:22:59.695 [Test worker] DEBUG org.hibernate.type.BasicTypeRegistry - Adding type registration java.time.LocalDate -> org.hibernate.type.LocalDateType@73b9d317
21:22:59.695 [Test worker] DEBUG org.hibernate.type.BasicTypeRegistry - Adding type registration LocalTime -> org.hibernate.type.LocalTimeType@3e938176
21:22:59.695 [Test worker] DEBUG org.hibernate.type.BasicTypeRegistry - Adding type registration java.time.LocalTime -> org.hibernate.type.LocalTimeType@3e938176
21:22:59.695 [Test worker] DEBUG org.hibernate.type.BasicTypeRegistry - Adding type registration OffsetDateTime -> org.hibernate.type.OffsetDateTimeType@1006f6a5
21:22:59.695 [Test worker] DEBUG org.hibernate.type.BasicTypeRegistry - Adding type registration java.time.OffsetDateTime -> org.hibernate.type.OffsetDateTimeType@1006f6a5
21:22:59.695 [Test worker] DEBUG org.hibernate.type.BasicTypeRegistry - Adding type registration OffsetTime -> org.hibernate.type.OffsetTimeType@5ebf30b8
21:22:59.695 [Test worker] DEBUG org.hibernate.type.BasicTypeRegistry - Adding type registration java.time.OffsetTime -> org.hibernate.type.OffsetTimeType@5ebf30b8
21:22:59.695 [Test worker] DEBUG org.hibernate.type.BasicTypeRegistry - Adding type registration ZonedDateTime -> org.hibernate.type.ZonedDateTimeType@5ecdce3a
21:22:59.695 [Test worker] DEBUG org.hibernate.type.BasicTypeRegistry - Adding type registration java.time.ZonedDateTime -> org.hibernate.type.ZonedDateTimeType@5ecdce3a
21:22:59.695 [Test worker] DEBUG org.hibernate.type.spi.TypeConfiguration$Scope - Scoping TypeConfiguration [org.hibernate.type.spi.TypeConfiguration@48a809e6] to MetadataBuildingContext [org.hibernate.boot.internal.MetadataBuildingContextRootImpl@59b7d2d5]
21:22:59.695 [Test worker] DEBUG org.hibernate.cfg.AnnotationBinder - Binding entity from annotated class: domain.Angajat
21:22:59.695 [Test worker] DEBUG org.hibernate.cfg.Ejb3Column - Binding column: Ejb3DiscriminatorColumn{logicalColumnName'DTYPE', discriminatorTypeName='string'}
21:22:59.695 [Test worker] DEBUG org.hibernate.cfg.annotations.EntityBinder - Import with entity name Angajat
21:22:59.695 [Test worker] DEBUG org.hibernate.cfg.annotations.EntityBinder - Bind entity domain.Angajat on table angajati
21:22:59.695 [Test worker] DEBUG org.hibernate.cfg.Ejb3Column - Binding column: Ejb3Column{table=org.hibernate.mapping.Table(angajati), mappingColumn=id, insertable=true, updatable=true, unique=false}
21:22:59.695 [Test worker] DEBUG org.hibernate.boot.internal.ClassLoaderAccessImpl - Not known whether passed class name [domain.Angajat] is safe
21:22:59.695 [Test worker] DEBUG org.hibernate.boot.internal.ClassLoaderAccessImpl - No temp ClassLoader provided; using live ClassLoader for loading potentially unsafe class : domain.Angajat
21:22:59.695 [Test worker] DEBUG org.hibernate.cfg.annotations.PropertyBinder - MetadataSourceProcessor property id with lazy=false
21:22:59.695 [Test worker] DEBUG org.hibernate.cfg.AbstractPropertyHolder - Attempting to locate auto-apply AttributeConverter for property [domain.Angajat:id]
21:22:59.695 [Test worker] DEBUG org.hibernate.cfg.annotations.SimpleValueBinder - building SimpleValue for id
21:22:59.695 [Test worker] DEBUG org.hibernate.cfg.annotations.PropertyBinder - Building property id
21:22:59.695 [Test worker] DEBUG org.hibernate.cfg.BinderHelper - #makeIdGenerator(org.hibernate.mapping.SimpleValue([org.hibernate.mapping.Column(id)]), id, identity, , ...)
21:22:59.695 [Test worker] DEBUG org.hibernate.cfg.Ejb3Column - Binding column: Ejb3JoinColumn{logicalColumnName='null', referencedColumn='null', mappedBy='angajat'}
21:22:59.695 [Test worker] DEBUG org.hibernate.cfg.Ejb3Column - Binding column: Ejb3Column{table=org.hibernate.mapping.Table(angajati), mappingColumn=concedii, insertable=true, updatable=true, unique=false}
21:22:59.695 [Test worker] DEBUG org.hibernate.cfg.Ejb3Column - Binding column: Ejb3Column{table=org.hibernate.mapping.Table(angajati), mappingColumn=null, insertable=true, updatable=true, unique=false}
21:22:59.695 [Test worker] DEBUG org.hibernate.cfg.Ejb3Column - Binding column: Ejb3Column{table=org.hibernate.mapping.Table(angajati), mappingColumn=element, insertable=true, updatable=true, unique=false}
21:22:59.695 [Test worker] DEBUG org.hibernate.cfg.Ejb3Column - Binding column: Ejb3Column{table=org.hibernate.mapping.Table(angajati), mappingColumn=concedii_KEY, insertable=true, updatable=true, unique=false}
21:22:59.695 [Test worker] DEBUG org.hibernate.cfg.Ejb3Column - Binding column: Ejb3JoinColumn{logicalColumnName='concedii_KEY', referencedColumn='null', mappedBy='null'}
21:22:59.695 [Test worker] DEBUG org.hibernate.cfg.Ejb3Column - Binding column: Ejb3JoinColumn{logicalColumnName='null', referencedColumn='null', mappedBy='angajat'}
21:22:59.695 [Test worker] DEBUG org.hibernate.cfg.Ejb3Column - Binding column: Ejb3JoinColumn{logicalColumnName='null', referencedColumn='null', mappedBy='angajat'}
21:22:59.695 [Test worker] DEBUG org.hibernate.cfg.annotations.CollectionBinder - Collection role: domain.Angajat.concedii
21:22:59.695 [Test worker] DEBUG org.hibernate.cfg.annotations.PropertyBinder - Building property concedii
21:22:59.695 [Test worker] DEBUG org.hibernate.cfg.Ejb3Column - Binding column: Ejb3Column{table=org.hibernate.mapping.Table(angajati), mappingColumn=data_angajare, insertable=true, updatable=true, unique=false}
21:22:59.695 [Test worker] DEBUG org.hibernate.cfg.annotations.PropertyBinder - MetadataSourceProcessor property dataAngajare with lazy=false
21:22:59.695 [Test worker] DEBUG org.hibernate.cfg.AbstractPropertyHolder - Attempting to locate auto-apply AttributeConverter for property [domain.Angajat:dataAngajare]
21:22:59.695 [Test worker] DEBUG org.hibernate.cfg.annotations.SimpleValueBinder - building SimpleValue for dataAngajare
21:22:59.695 [Test worker] DEBUG org.hibernate.cfg.annotations.PropertyBinder - Building property dataAngajare
21:22:59.695 [Test worker] DEBUG org.hibernate.cfg.Ejb3Column - Binding column: Ejb3Column{table=org.hibernate.mapping.Table(angajati), mappingColumn=null, insertable=true, updatable=true, unique=false}
21:22:59.695 [Test worker] DEBUG org.hibernate.cfg.Ejb3Column - Binding column: Ejb3Column{table=org.hibernate.mapping.Table(angajati), mappingColumn=element, insertable=true, updatable=true, unique=false}
21:22:59.695 [Test worker] DEBUG org.hibernate.cfg.Ejb3Column - Binding column: Ejb3Column{table=org.hibernate.mapping.Table(angajati), mappingColumn=departamente_KEY, insertable=true, updatable=true, unique=false}
21:22:59.695 [Test worker] DEBUG org.hibernate.cfg.Ejb3Column - Binding column: Ejb3JoinColumn{logicalColumnName='departamente_KEY', referencedColumn='null', mappedBy='null'}
21:22:59.695 [Test worker] DEBUG org.hibernate.cfg.Ejb3Column - Binding column: Ejb3JoinColumn{logicalColumnName='id_angajat', referencedColumn='', mappedBy=''}
21:22:59.695 [Test worker] DEBUG org.hibernate.cfg.Ejb3Column - Binding column: Ejb3JoinColumn{logicalColumnName='id_departament', referencedColumn='', mappedBy=''}
21:22:59.695 [Test worker] DEBUG org.hibernate.cfg.annotations.CollectionBinder - Collection role: domain.Angajat.departamente
21:22:59.695 [Test worker] DEBUG org.hibernate.cfg.annotations.PropertyBinder - Building property departamente
21:22:59.695 [Test worker] DEBUG org.hibernate.cfg.Ejb3Column - Binding column: Ejb3JoinColumn{logicalColumnName='null', referencedColumn='null', mappedBy='null'}
21:22:59.695 [Test worker] DEBUG org.hibernate.cfg.Ejb3Column - Binding column: Ejb3Column{table=org.hibernate.mapping.Table(angajati), mappingColumn=functie, insertable=true, updatable=true, unique=false}
21:22:59.695 [Test worker] DEBUG org.hibernate.cfg.annotations.PropertyBinder - Building property functie
21:22:59.695 [Test worker] DEBUG org.hibernate.cfg.Ejb3Column - Binding column: Ejb3Column{table=org.hibernate.mapping.Table(angajati), mappingColumn=id_superior, insertable=true, updatable=true, unique=false}
21:22:59.695 [Test worker] DEBUG org.hibernate.cfg.annotations.PropertyBinder - MetadataSourceProcessor property idSuperior with lazy=false
21:22:59.695 [Test worker] DEBUG org.hibernate.cfg.AbstractPropertyHolder - Attempting to locate auto-apply AttributeConverter for property [domain.Angajat:idSuperior]
21:22:59.695 [Test worker] DEBUG org.hibernate.cfg.annotations.SimpleValueBinder - building SimpleValue for idSuperior
21:22:59.695 [Test worker] DEBUG org.hibernate.cfg.annotations.PropertyBinder - Building property idSuperior
21:22:59.695 [Test worker] DEBUG org.hibernate.cfg.Ejb3Column - Binding column: Ejb3Column{table=org.hibernate.mapping.Table(angajati), mappingColumn=null, insertable=true, updatable=true, unique=false}
21:22:59.695 [Test worker] DEBUG org.hibernate.cfg.Ejb3Column - Binding column: Ejb3Column{table=org.hibernate.mapping.Table(angajati), mappingColumn=element, insertable=true, updatable=true, unique=false}
21:22:59.695 [Test worker] DEBUG org.hibernate.cfg.Ejb3Column - Binding column: Ejb3Column{table=org.hibernate.mapping.Table(angajati), mappingColumn=proiecte_KEY, insertable=true, updatable=true, unique=false}
21:22:59.695 [Test worker] DEBUG org.hibernate.cfg.Ejb3Column - Binding column: Ejb3JoinColumn{logicalColumnName='proiecte_KEY', referencedColumn='null', mappedBy='null'}
21:22:59.695 [Test worker] DEBUG org.hibernate.cfg.Ejb3Column - Binding column: Ejb3JoinColumn{logicalColumnName='id_angajat', referencedColumn='', mappedBy=''}
21:22:59.695 [Test worker] DEBUG org.hibernate.cfg.Ejb3Column - Binding column: Ejb3JoinColumn{logicalColumnName='id_proiect', referencedColumn='', mappedBy=''}
21:22:59.695 [Test worker] DEBUG org.hibernate.cfg.annotations.CollectionBinder - Collection role: domain.Angajat.proiecte
21:22:59.695 [Test worker] DEBUG org.hibernate.cfg.annotations.PropertyBinder - Building property proiecte
21:22:59.695 [Test worker] DEBUG org.hibernate.cfg.AnnotationBinder - Binding entity from annotated class: domain.Concediu
21:22:59.695 [Test worker] DEBUG org.hibernate.cfg.Ejb3Column - Binding column: Ejb3DiscriminatorColumn{logicalColumnName'DTYPE', discriminatorTypeName='string'}
21:22:59.695 [Test worker] DEBUG org.hibernate.cfg.annotations.EntityBinder - Import with entity name Concediu
21:22:59.695 [Test worker] DEBUG org.hibernate.cfg.annotations.EntityBinder - Bind entity domain.Concediu on table concedii
21:22:59.695 [Test worker] DEBUG org.hibernate.cfg.Ejb3Column - Binding column: Ejb3Column{table=org.hibernate.mapping.Table(concedii), mappingColumn=id, insertable=true, updatable=true, unique=false}
21:22:59.695 [Test worker] DEBUG org.hibernate.boot.internal.ClassLoaderAccessImpl - Not known whether passed class name [domain.Concediu] is safe
21:22:59.695 [Test worker] DEBUG org.hibernate.boot.internal.ClassLoaderAccessImpl - No temp ClassLoader provided; using live ClassLoader for loading potentially unsafe class : domain.Concediu
21:22:59.695 [Test worker] DEBUG org.hibernate.cfg.annotations.PropertyBinder - MetadataSourceProcessor property id with lazy=false
21:22:59.695 [Test worker] DEBUG org.hibernate.cfg.AbstractPropertyHolder - Attempting to locate auto-apply AttributeConverter for property [domain.Concediu:id]
21:22:59.695 [Test worker] DEBUG org.hibernate.cfg.annotations.SimpleValueBinder - building SimpleValue for id
21:22:59.695 [Test worker] DEBUG org.hibernate.cfg.annotations.PropertyBinder - Building property id
21:22:59.695 [Test worker] DEBUG org.hibernate.cfg.BinderHelper - #makeIdGenerator(org.hibernate.mapping.SimpleValue([org.hibernate.mapping.Column(id)]), id, identity, , ...)
21:22:59.695 [Test worker] DEBUG org.hibernate.cfg.Ejb3Column - Binding column: Ejb3JoinColumn{logicalColumnName='id_angajat', referencedColumn='', mappedBy=''}
21:22:59.695 [Test worker] DEBUG org.hibernate.cfg.Ejb3Column - Binding column: Ejb3Column{table=org.hibernate.mapping.Table(concedii), mappingColumn=angajat, insertable=true, updatable=true, unique=false}
21:22:59.695 [Test worker] DEBUG org.hibernate.cfg.annotations.PropertyBinder - Building property angajat
21:22:59.695 [Test worker] DEBUG org.hibernate.cfg.Ejb3Column - Binding column: Ejb3Column{table=org.hibernate.mapping.Table(concedii), mappingColumn=data_inceput, insertable=true, updatable=true, unique=false}
21:22:59.695 [Test worker] DEBUG org.hibernate.cfg.annotations.PropertyBinder - MetadataSourceProcessor property dataInceput with lazy=false
21:22:59.695 [Test worker] DEBUG org.hibernate.cfg.AbstractPropertyHolder - Attempting to locate auto-apply AttributeConverter for property [domain.Concediu:dataInceput]
21:22:59.695 [Test worker] DEBUG org.hibernate.cfg.annotations.SimpleValueBinder - building SimpleValue for dataInceput
21:22:59.695 [Test worker] DEBUG org.hibernate.cfg.annotations.PropertyBinder - Building property dataInceput
21:22:59.695 [Test worker] DEBUG org.hibernate.cfg.Ejb3Column - Binding column: Ejb3Column{table=org.hibernate.mapping.Table(concedii), mappingColumn=data_sfarsit, insertable=true, updatable=true, unique=false}
21:22:59.695 [Test worker] DEBUG org.hibernate.cfg.annotations.PropertyBinder - MetadataSourceProcessor property dataSfarsit with lazy=false
21:22:59.695 [Test worker] DEBUG org.hibernate.cfg.AbstractPropertyHolder - Attempting to locate auto-apply AttributeConverter for property [domain.Concediu:dataSfarsit]
21:22:59.695 [Test worker] DEBUG org.hibernate.cfg.annotations.SimpleValueBinder - building SimpleValue for dataSfarsit
21:22:59.695 [Test worker] DEBUG org.hibernate.cfg.annotations.PropertyBinder - Building property dataSfarsit
21:22:59.695 [Test worker] DEBUG org.hibernate.cfg.AnnotationBinder - Binding entity from annotated class: domain.Departament
21:22:59.695 [Test worker] DEBUG org.hibernate.cfg.Ejb3Column - Binding column: Ejb3DiscriminatorColumn{logicalColumnName'DTYPE', discriminatorTypeName='string'}
21:22:59.695 [Test worker] DEBUG org.hibernate.cfg.annotations.EntityBinder - Import with entity name Departament
21:22:59.695 [Test worker] DEBUG org.hibernate.cfg.annotations.EntityBinder - Bind entity domain.Departament on table departamente
21:22:59.695 [Test worker] DEBUG org.hibernate.cfg.Ejb3Column - Binding column: Ejb3Column{table=org.hibernate.mapping.Table(departamente), mappingColumn=id, insertable=true, updatable=true, unique=false}
21:22:59.695 [Test worker] DEBUG org.hibernate.boot.internal.ClassLoaderAccessImpl - Not known whether passed class name [domain.Departament] is safe
21:22:59.695 [Test worker] DEBUG org.hibernate.boot.internal.ClassLoaderAccessImpl - No temp ClassLoader provided; using live ClassLoader for loading potentially unsafe class : domain.Departament
21:22:59.695 [Test worker] DEBUG org.hibernate.cfg.annotations.PropertyBinder - MetadataSourceProcessor property id with lazy=false
21:22:59.695 [Test worker] DEBUG org.hibernate.cfg.AbstractPropertyHolder - Attempting to locate auto-apply AttributeConverter for property [domain.Departament:id]
21:22:59.695 [Test worker] DEBUG org.hibernate.cfg.annotations.SimpleValueBinder - building SimpleValue for id
21:22:59.695 [Test worker] DEBUG org.hibernate.cfg.annotations.PropertyBinder - Building property id
21:22:59.695 [Test worker] DEBUG org.hibernate.cfg.BinderHelper - #makeIdGenerator(org.hibernate.mapping.SimpleValue([org.hibernate.mapping.Column(id)]), id, identity, , ...)
21:22:59.695 [Test worker] DEBUG org.hibernate.cfg.Ejb3Column - Binding column: Ejb3Column{table=org.hibernate.mapping.Table(departamente), mappingColumn=id_director, insertable=true, updatable=true, unique=false}
21:22:59.695 [Test worker] DEBUG org.hibernate.cfg.annotations.PropertyBinder - MetadataSourceProcessor property idDirector with lazy=false
21:22:59.695 [Test worker] DEBUG org.hibernate.cfg.AbstractPropertyHolder - Attempting to locate auto-apply AttributeConverter for property [domain.Departament:idDirector]
21:22:59.695 [Test worker] DEBUG org.hibernate.cfg.annotations.SimpleValueBinder - building SimpleValue for idDirector
21:22:59.695 [Test worker] DEBUG org.hibernate.cfg.annotations.PropertyBinder - Building property idDirector
21:22:59.695 [Test worker] DEBUG org.hibernate.cfg.AnnotationBinder - Binding entity from annotated class: domain.Functie
21:22:59.695 [Test worker] DEBUG org.hibernate.cfg.Ejb3Column - Binding column: Ejb3DiscriminatorColumn{logicalColumnName'DTYPE', discriminatorTypeName='string'}
21:22:59.695 [Test worker] DEBUG org.hibernate.cfg.annotations.EntityBinder - Import with entity name Functie
21:22:59.695 [Test worker] DEBUG org.hibernate.cfg.annotations.EntityBinder - Bind entity domain.Functie on table functii
21:22:59.695 [Test worker] DEBUG org.hibernate.cfg.Ejb3Column - Binding column: Ejb3Column{table=org.hibernate.mapping.Table(functii), mappingColumn=id, insertable=true, updatable=true, unique=false}
21:22:59.695 [Test worker] DEBUG org.hibernate.boot.internal.ClassLoaderAccessImpl - Not known whether passed class name [domain.Functie] is safe
21:22:59.695 [Test worker] DEBUG org.hibernate.boot.internal.ClassLoaderAccessImpl - No temp ClassLoader provided; using live ClassLoader for loading potentially unsafe class : domain.Functie
21:22:59.695 [Test worker] DEBUG org.hibernate.cfg.annotations.PropertyBinder - MetadataSourceProcessor property id with lazy=false
21:22:59.695 [Test worker] DEBUG org.hibernate.cfg.AbstractPropertyHolder - Attempting to locate auto-apply AttributeConverter for property [domain.Functie:id]
21:22:59.695 [Test worker] DEBUG org.hibernate.cfg.annotations.SimpleValueBinder - building SimpleValue for id
21:22:59.695 [Test worker] DEBUG org.hibernate.cfg.annotations.PropertyBinder - Building property id
21:22:59.695 [Test worker] DEBUG org.hibernate.cfg.BinderHelper - #makeIdGenerator(org.hibernate.mapping.SimpleValue([org.hibernate.mapping.Column(id)]), id, identity, , ...)
21:22:59.695 [Test worker] DEBUG org.hibernate.cfg.Ejb3Column - Binding column: Ejb3Column{table=org.hibernate.mapping.Table(functii), mappingColumn=salar_de_baza, insertable=true, updatable=true, unique=false}
21:22:59.695 [Test worker] DEBUG org.hibernate.cfg.annotations.PropertyBinder - MetadataSourceProcessor property salarDeBaza with lazy=false
21:22:59.695 [Test worker] DEBUG org.hibernate.cfg.AbstractPropertyHolder - Attempting to locate auto-apply AttributeConverter for property [domain.Functie:salarDeBaza]
21:22:59.695 [Test worker] DEBUG org.hibernate.cfg.annotations.SimpleValueBinder - building SimpleValue for salarDeBaza
21:22:59.695 [Test worker] DEBUG org.hibernate.cfg.annotations.PropertyBinder - Building property salarDeBaza
21:22:59.695 [Test worker] DEBUG org.hibernate.cfg.AnnotationBinder - Binding entity from annotated class: domain.Proiect
21:22:59.695 [Test worker] DEBUG org.hibernate.cfg.Ejb3Column - Binding column: Ejb3DiscriminatorColumn{logicalColumnName'DTYPE', discriminatorTypeName='string'}
21:22:59.695 [Test worker] DEBUG org.hibernate.cfg.annotations.EntityBinder - Import with entity name Proiect
21:22:59.695 [Test worker] DEBUG org.hibernate.cfg.annotations.EntityBinder - Bind entity domain.Proiect on table proiecte
21:22:59.695 [Test worker] DEBUG org.hibernate.cfg.Ejb3Column - Binding column: Ejb3Column{table=org.hibernate.mapping.Table(proiecte), mappingColumn=id, insertable=true, updatable=true, unique=false}
21:22:59.695 [Test worker] DEBUG org.hibernate.boot.internal.ClassLoaderAccessImpl - Not known whether passed class name [domain.Proiect] is safe
21:22:59.695 [Test worker] DEBUG org.hibernate.boot.internal.ClassLoaderAccessImpl - No temp ClassLoader provided; using live ClassLoader for loading potentially unsafe class : domain.Proiect
21:22:59.695 [Test worker] DEBUG org.hibernate.cfg.annotations.PropertyBinder - MetadataSourceProcessor property id with lazy=false
21:22:59.695 [Test worker] DEBUG org.hibernate.cfg.AbstractPropertyHolder - Attempting to locate auto-apply AttributeConverter for property [domain.Proiect:id]
21:22:59.695 [Test worker] DEBUG org.hibernate.cfg.annotations.SimpleValueBinder - building SimpleValue for id
21:22:59.695 [Test worker] DEBUG org.hibernate.cfg.annotations.PropertyBinder - Building property id
21:22:59.695 [Test worker] DEBUG org.hibernate.cfg.BinderHelper - #makeIdGenerator(org.hibernate.mapping.SimpleValue([org.hibernate.mapping.Column(id)]), id, identity, , ...)
21:22:59.695 [Test worker] DEBUG org.hibernate.cfg.Ejb3Column - Binding column: Ejb3Column{table=org.hibernate.mapping.Table(proiecte), mappingColumn=data_inceput, insertable=true, updatable=true, unique=false}
21:22:59.695 [Test worker] DEBUG org.hibernate.cfg.annotations.PropertyBinder - MetadataSourceProcessor property dataInceput with lazy=false
21:22:59.695 [Test worker] DEBUG org.hibernate.cfg.AbstractPropertyHolder - Attempting to locate auto-apply AttributeConverter for property [domain.Proiect:dataInceput]
21:22:59.695 [Test worker] DEBUG org.hibernate.cfg.annotations.SimpleValueBinder - building SimpleValue for dataInceput
21:22:59.695 [Test worker] DEBUG org.hibernate.cfg.annotations.PropertyBinder - Building property dataInceput
21:22:59.695 [Test worker] DEBUG org.hibernate.cfg.Ejb3Column - Binding column: Ejb3Column{table=org.hibernate.mapping.Table(proiecte), mappingColumn=deadline, insertable=true, updatable=true, unique=false}
21:22:59.695 [Test worker] DEBUG org.hibernate.cfg.annotations.PropertyBinder - MetadataSourceProcessor property deadline with lazy=false
21:22:59.695 [Test worker] DEBUG org.hibernate.cfg.AbstractPropertyHolder - Attempting to locate auto-apply AttributeConverter for property [domain.Proiect:deadline]
21:22:59.695 [Test worker] DEBUG org.hibernate.cfg.annotations.SimpleValueBinder - building SimpleValue for deadline
21:22:59.695 [Test worker] DEBUG org.hibernate.cfg.annotations.PropertyBinder - Building property deadline
21:22:59.695 [Test worker] DEBUG org.hibernate.cfg.annotations.SimpleValueBinder - Starting fillSimpleValue for id
21:22:59.710 [Test worker] DEBUG org.hibernate.cfg.annotations.SimpleValueBinder - Starting fillSimpleValue for dataAngajare
21:22:59.710 [Test worker] DEBUG org.hibernate.cfg.annotations.SimpleValueBinder - Starting fillSimpleValue for idSuperior
21:22:59.710 [Test worker] DEBUG org.hibernate.cfg.annotations.SimpleValueBinder - Starting fillSimpleValue for id
21:22:59.710 [Test worker] DEBUG org.hibernate.cfg.annotations.SimpleValueBinder - Starting fillSimpleValue for dataInceput
21:22:59.710 [Test worker] DEBUG org.hibernate.cfg.annotations.SimpleValueBinder - Starting fillSimpleValue for dataSfarsit
21:22:59.710 [Test worker] DEBUG org.hibernate.cfg.annotations.SimpleValueBinder - Starting fillSimpleValue for id
21:22:59.710 [Test worker] DEBUG org.hibernate.cfg.annotations.SimpleValueBinder - Starting fillSimpleValue for idDirector
21:22:59.710 [Test worker] DEBUG org.hibernate.cfg.annotations.SimpleValueBinder - Starting fillSimpleValue for id
21:22:59.710 [Test worker] DEBUG org.hibernate.cfg.annotations.SimpleValueBinder - Starting fillSimpleValue for salarDeBaza
21:22:59.710 [Test worker] DEBUG org.hibernate.cfg.annotations.SimpleValueBinder - Starting fillSimpleValue for id
21:22:59.710 [Test worker] DEBUG org.hibernate.cfg.annotations.SimpleValueBinder - Starting fillSimpleValue for dataInceput
21:22:59.710 [Test worker] DEBUG org.hibernate.cfg.annotations.SimpleValueBinder - Starting fillSimpleValue for deadline
21:22:59.710 [Test worker] DEBUG org.hibernate.mapping.PrimaryKey - Forcing column [id] to be non-null as it is part of the primary key for table [angajati]
21:22:59.710 [Test worker] DEBUG org.hibernate.mapping.PrimaryKey - Forcing column [id] to be non-null as it is part of the primary key for table [concedii]
21:22:59.710 [Test worker] DEBUG org.hibernate.mapping.PrimaryKey - Forcing column [id] to be non-null as it is part of the primary key for table [departamente]
21:22:59.710 [Test worker] DEBUG org.hibernate.mapping.PrimaryKey - Forcing column [id] to be non-null as it is part of the primary key for table [functii]
21:22:59.710 [Test worker] DEBUG org.hibernate.mapping.PrimaryKey - Forcing column [id] to be non-null as it is part of the primary key for table [proiecte]
21:22:59.710 [Test worker] DEBUG org.hibernate.cfg.CollectionSecondPass - Second pass for collection: domain.Angajat.proiecte
21:22:59.710 [Test worker] DEBUG org.hibernate.cfg.annotations.CollectionBinder - Binding as ManyToMany: domain.Angajat.proiecte
21:22:59.710 [Test worker] DEBUG org.hibernate.mapping.PrimaryKey - Forcing column [id_angajat] to be non-null as it is part of the primary key for table [angajati_proiecte]
21:22:59.710 [Test worker] DEBUG org.hibernate.mapping.PrimaryKey - Forcing column [id_proiect] to be non-null as it is part of the primary key for table [angajati_proiecte]
21:22:59.710 [Test worker] DEBUG org.hibernate.cfg.CollectionSecondPass - Mapped collection key: id_angajat, element: id_proiect
21:22:59.710 [Test worker] DEBUG org.hibernate.cfg.CollectionSecondPass - Second pass for collection: domain.Angajat.departamente
21:22:59.710 [Test worker] DEBUG org.hibernate.cfg.annotations.CollectionBinder - Binding as ManyToMany: domain.Angajat.departamente
21:22:59.710 [Test worker] DEBUG org.hibernate.mapping.PrimaryKey - Forcing column [id_angajat] to be non-null as it is part of the primary key for table [angajati_departamente]
21:22:59.710 [Test worker] DEBUG org.hibernate.mapping.PrimaryKey - Forcing column [id_departament] to be non-null as it is part of the primary key for table [angajati_departamente]
21:22:59.710 [Test worker] DEBUG org.hibernate.cfg.CollectionSecondPass - Mapped collection key: id_angajat, element: id_departament
21:22:59.710 [Test worker] DEBUG org.hibernate.cfg.CollectionSecondPass - Second pass for collection: domain.Angajat.concedii
21:22:59.710 [Test worker] DEBUG org.hibernate.cfg.annotations.CollectionBinder - Binding a OneToMany: domain.Angajat.concedii through a foreign key
21:22:59.710 [Test worker] DEBUG org.hibernate.cfg.annotations.CollectionBinder - Mapping collection: domain.Angajat.concedii -> concedii
21:22:59.710 [Test worker] DEBUG org.hibernate.cfg.annotations.TableBinder - Retrieving property domain.Concediu.angajat
21:22:59.710 [Test worker] DEBUG org.hibernate.cfg.CollectionSecondPass - Mapped collection key: id_angajat, one-to-many: domain.Concediu
21:22:59.710 [Test worker] DEBUG org.hibernate.boot.internal.InFlightMetadataCollectorImpl - Resolving reference to class: domain.Functie
21:22:59.710 [Test worker] DEBUG org.hibernate.boot.internal.InFlightMetadataCollectorImpl - Resolving reference to class: domain.Departament
21:22:59.710 [Test worker] DEBUG org.hibernate.boot.internal.InFlightMetadataCollectorImpl - Resolving reference to class: domain.Angajat
21:22:59.710 [Test worker] DEBUG org.hibernate.boot.internal.InFlightMetadataCollectorImpl - Resolving reference to class: domain.Proiect
21:22:59.710 [Test worker] DEBUG org.hibernate.boot.internal.InFlightMetadataCollectorImpl - Resolving reference to class: domain.Angajat
21:22:59.710 [Test worker] DEBUG org.hibernate.boot.internal.InFlightMetadataCollectorImpl - Resolving reference to class: domain.Angajat
21:22:59.710 [Test worker] DEBUG org.hibernate.boot.internal.InFlightMetadataCollectorImpl - Resolving reference to class: domain.Functie
21:22:59.710 [Test worker] DEBUG org.hibernate.boot.internal.InFlightMetadataCollectorImpl - Resolving reference to class: domain.Departament
21:22:59.710 [Test worker] DEBUG org.hibernate.boot.internal.InFlightMetadataCollectorImpl - Resolving reference to class: domain.Angajat
21:22:59.710 [Test worker] DEBUG org.hibernate.boot.internal.InFlightMetadataCollectorImpl - Resolving reference to class: domain.Proiect
21:22:59.710 [Test worker] DEBUG org.hibernate.boot.internal.InFlightMetadataCollectorImpl - Resolving reference to class: domain.Angajat
21:22:59.710 [Test worker] DEBUG org.hibernate.boot.internal.InFlightMetadataCollectorImpl - Resolving reference to class: domain.Angajat
21:22:59.710 [Test worker] DEBUG org.hibernate.internal.SessionFactoryImpl - Building session factory
21:22:59.710 [Test worker] DEBUG org.hibernate.cfg.Settings - SessionFactory name : null
21:22:59.710 [Test worker] DEBUG org.hibernate.cfg.Settings - Automatic flush during beforeCompletion(): enabled
21:22:59.710 [Test worker] DEBUG org.hibernate.cfg.Settings - Automatic session close at end of transaction: disabled
21:22:59.710 [Test worker] DEBUG org.hibernate.cfg.Settings - Statistics: disabled
21:22:59.710 [Test worker] DEBUG org.hibernate.cfg.Settings - Deleted entity synthetic identifier rollback: disabled
21:22:59.710 [Test worker] DEBUG org.hibernate.cfg.Settings - Default entity-mode: pojo
21:22:59.710 [Test worker] DEBUG org.hibernate.cfg.Settings - Check Nullability in Core (should be disabled when Bean Validation is on): enabled
21:22:59.710 [Test worker] DEBUG org.hibernate.cfg.Settings - Allow initialization of lazy state outside session : enabled
21:22:59.710 [Test worker] DEBUG org.hibernate.cfg.Settings - Using BatchFetchStyle : LEGACY
21:22:59.710 [Test worker] DEBUG org.hibernate.cfg.Settings - Default batch fetch size: -1
21:22:59.710 [Test worker] DEBUG org.hibernate.cfg.Settings - Maximum outer join fetch depth: null
21:22:59.710 [Test worker] DEBUG org.hibernate.cfg.Settings - Default null ordering: NONE
21:22:59.710 [Test worker] DEBUG org.hibernate.cfg.Settings - Order SQL updates by primary key: disabled
21:22:59.710 [Test worker] DEBUG org.hibernate.cfg.Settings - Order SQL inserts for batching: disabled
21:22:59.710 [Test worker] DEBUG org.hibernate.cfg.Settings - multi-tenancy strategy : NONE
21:22:59.710 [Test worker] DEBUG org.hibernate.cfg.Settings - JTA Track by Thread: enabled
21:22:59.710 [Test worker] DEBUG org.hibernate.cfg.Settings - Query language substitutions: {}
21:22:59.710 [Test worker] DEBUG org.hibernate.cfg.Settings - Named query checking : enabled
21:22:59.710 [Test worker] DEBUG org.hibernate.cfg.Settings - Second-level cache: disabled
21:22:59.710 [Test worker] DEBUG org.hibernate.cfg.Settings - Second-level query cache: disabled
21:22:59.710 [Test worker] DEBUG org.hibernate.cfg.Settings - Second-level query cache factory: null
21:22:59.710 [Test worker] DEBUG org.hibernate.cfg.Settings - Second-level cache region prefix: null
21:22:59.710 [Test worker] DEBUG org.hibernate.cfg.Settings - Optimize second-level cache for minimal puts: disabled
21:22:59.710 [Test worker] DEBUG org.hibernate.cfg.Settings - Structured second-level cache entries: disabled
21:22:59.710 [Test worker] DEBUG org.hibernate.cfg.Settings - Second-level cache direct-reference entries: disabled
21:22:59.710 [Test worker] DEBUG org.hibernate.cfg.Settings - Automatic eviction of collection cache: disabled
21:22:59.710 [Test worker] DEBUG org.hibernate.cfg.Settings - JDBC batch size: 0
21:22:59.710 [Test worker] DEBUG org.hibernate.cfg.Settings - JDBC batch updates for versioned data: enabled
21:22:59.710 [Test worker] DEBUG org.hibernate.cfg.Settings - Scrollable result sets: disabled
21:22:59.710 [Test worker] DEBUG org.hibernate.cfg.Settings - Wrap result sets: disabled
21:22:59.710 [Test worker] DEBUG org.hibernate.cfg.Settings - JDBC3 getGeneratedKeys(): enabled
21:22:59.710 [Test worker] DEBUG org.hibernate.cfg.Settings - JDBC result set fetch size: null
21:22:59.710 [Test worker] DEBUG org.hibernate.cfg.Settings - Connection release mode: AFTER_TRANSACTION
21:22:59.710 [Test worker] DEBUG org.hibernate.cfg.Settings - Generate SQL with comments: disabled
21:22:59.710 [Test worker] DEBUG org.hibernate.cfg.Settings - JPA compliance - query : disabled
21:22:59.710 [Test worker] DEBUG org.hibernate.cfg.Settings - JPA compliance - closed-handling : disabled
21:22:59.710 [Test worker] DEBUG org.hibernate.cfg.Settings - JPA compliance - lists : disabled
21:22:59.710 [Test worker] DEBUG org.hibernate.cfg.Settings - JPA compliance - transactions : disabled
21:22:59.710 [Test worker] DEBUG org.hibernate.internal.SessionFactoryImpl - Session factory constructed with filter configurations : {}
21:22:59.710 [Test worker] DEBUG org.hibernate.internal.SessionFactoryImpl - Instantiating session factory with properties: {sun.desktop=windows, awt.toolkit=sun.awt.windows.WToolkit, dialect=utils.SQLiteDialect, java.specification.version=11, sun.cpu.isalist=amd64, sun.jnu.encoding=Cp1250, hibernate.dialect=utils.SQLiteDialect, org.gradle.test.worker=3, java.class.path=C:\\Users\\Dan\\.gradle\\caches\\6.8\\workerMain\\gradle-worker.jar;D:\\Facultate\\Projects\\OrganizareCompanie\\build\\classes\\java\\test;D:\\Facultate\\Projects\\OrganizareCompanie\\build\\resources\\test;D:\\Facultate\\Projects\\OrganizareCompanie\\build\\classes\\java\\main;D:\\Facultate\\Projects\\OrganizareCompanie\\build\\resources\\main;C:\\Users\\Dan\\.gradle\\caches\\modules-2\\files-2.1\\org.springframework.boot\\spring-boot-starter-web\\2.4.3\\4f5554ea183af87e52d8c31bb82aada0d74c40b0\\spring-boot-starter-web-2.4.3.jar;C:\\Users\\Dan\\.gradle\\caches\\modules-2\\files-2.1\\org.xerial\\sqlite-jdbc\\3.34.0\\fd29bb0124e3f79c80b2753162a6a3873c240bcf\\sqlite-jdbc-3.34.0.jar;C:\\Users\\Dan\\.gradle\\caches\\modules-2\\files-2.1\\org.hibernate\\hibernate-java8\\5.1.0.Final\\2bb534acab4f8485a821f0e4d6a2c8df617ee86a\\hibernate-java8-5.1.0.Final.jar;C:\\Users\\Dan\\.gradle\\caches\\modules-2\\files-2.1\\org.hibernate\\hibernate-core\\5.4.29.Final\\74b7c9ad3cb57ae4fd0187480a76f137a7fc3f38\\hibernate-core-5.4.29.Final.jar;C:\\Users\\Dan\\.gradle\\caches\\modules-2\\files-2.1\\org.junit.platform\\junit-platform-engine\\1.7.0\\eadb73c5074a4ac71061defd00fc176152a4d12c\\junit-platform-engine-1.7.0.jar;C:\\Users\\Dan\\.gradle\\caches\\modules-2\\files-2.1\\org.junit.platform\\junit-platform-commons\\1.7.0\\84e309fbf21d857aac079a3c1fffd84284e1114d\\junit-platform-commons-1.7.0.jar;C:\\Users\\Dan\\.gradle\\caches\\modules-2\\files-2.1\\org.junit.jupiter\\junit-jupiter-engine\\5.7.0\\d9044d6b45e2232ddd53fa56c15333e43d1749fd\\junit-jupiter-engine-5.7.0.jar;C:\\Users\\Dan\\.gradle\\caches\\modules-2\\files-2.1\\org.junit.jupiter\\junit-jupiter-api\\5.7.0\\b25f3815c4c1860a73041e733a14a0379d00c4d5\\junit-jupiter-api-5.7.0.jar;C:\\Users\\Dan\\.gradle\\caches\\modules-2\\files-2.1\\org.springframework.boot\\spring-boot-starter-json\\2.4.3\\7b26abb0a0379a00b58a2a50e010b29cf4f16b80\\spring-boot-starter-json-2.4.3.jar;C:\\Users\\Dan\\.gradle\\caches\\modules-2\\files-2.1\\org.springframework.boot\\spring-boot-starter\\2.4.3\\fd8bc0fb5f5aaefb4d6c8b77eb61563aab840c11\\spring-boot-starter-2.4.3.jar;C:\\Users\\Dan\\.gradle\\caches\\modules-2\\files-2.1\\org.springframework.boot\\spring-boot-starter-tomcat\\2.4.3\\4ba28aae05a259625e7e92f8e7338c5e1d22de35\\spring-boot-starter-tomcat-2.4.3.jar;C:\\Users\\Dan\\.gradle\\caches\\modules-2\\files-2.1\\org.springframework\\spring-webmvc\\5.3.4\\8dd52fbe8eafcc7c80998087ec6635baf7a98c20\\spring-webmvc-5.3.4.jar;C:\\Users\\Dan\\.gradle\\caches\\modules-2\\files-2.1\\org.springframework\\spring-web\\5.3.4\\d93829e24a50ed22e781f2302680a210cac5ee84\\spring-web-5.3.4.jar;C:\\Users\\Dan\\.gradle\\caches\\modules-2\\files-2.1\\org.hibernate.common\\hibernate-commons-annotations\\5.1.2.Final\\e59ffdbc6ad09eeb33507b39ffcf287679a498c8\\hibernate-commons-annotations-5.1.2.Final.jar;C:\\Users\\Dan\\.gradle\\caches\\modules-2\\files-2.1\\org.jboss.logging\\jboss-logging\\3.4.1.Final\\40fd4d696c55793e996d1ff3c475833f836c2498\\jboss-logging-3.4.1.Final.jar;C:\\Users\\Dan\\.gradle\\caches\\modules-2\\files-2.1\\javax.persistence\\javax.persistence-api\\2.2\\25665ac8c0b62f50e6488173233239120fc52c96\\javax.persistence-api-2.2.jar;C:\\Users\\Dan\\.gradle\\caches\\modules-2\\files-2.1\\org.javassist\\javassist\\3.27.0-GA\\f63e6aa899e15eca8fdaa402a79af4c417252213\\javassist-3.27.0-GA.jar;C:\\Users\\Dan\\.gradle\\caches\\modules-2\\files-2.1\\net.bytebuddy\\byte-buddy\\1.10.21\\5abe8e141cac9d50a721a22d9c188b3bf19ad0aa\\byte-buddy-1.10.21.jar;C:\\Users\\Dan\\.gradle\\caches\\modules-2\\files-2.1\\antlr\\antlr\\2.7.7\\83cd2cd674a217ade95a4bb83a8a14f351f48bd0\\antlr-2.7.7.jar;C:\\Users\\Dan\\.gradle\\caches\\modules-2\\files-2.1\\org.jboss.spec.javax.transaction\\jboss-transaction-api_1.2_spec\\1.1.1.Final\\a8485cab9484dda36e9a8c319e76b5cc18797b58\\jboss-transaction-api_1.2_spec-1.1.1.Final.jar;C:\\Users\\Dan\\.gradle\\caches\\modules-2\\files-2.1\\org.jboss\\jandex\\2.2.3.Final\\d3865101f0666b63586683bd811d754517f331ab\\jandex-2.2.3.Final.jar;C:\\Users\\Dan\\.gradle\\caches\\modules-2\\files-2.1\\com.fasterxml\\classmate\\1.5.1\\3fe0bed568c62df5e89f4f174c101eab25345b6c\\classmate-1.5.1.jar;C:\\Users\\Dan\\.gradle\\caches\\modules-2\\files-2.1\\org.glassfish.jaxb\\jaxb-runtime\\2.3.1\\dd6dda9da676a54c5b36ca2806ff95ee017d8738\\jaxb-runtime-2.3.1.jar;C:\\Users\\Dan\\.gradle\\caches\\modules-2\\files-2.1\\javax.xml.bind\\jaxb-api\\2.3.1\\8531ad5ac454cc2deb9d4d32c40c4d7451939b5d\\jaxb-api-2.3.1.jar;C:\\Users\\Dan\\.gradle\\caches\\modules-2\\files-2.1\\javax.activation\\javax.activation-api\\1.2.0\\85262acf3ca9816f9537ca47d5adeabaead7cb16\\javax.activation-api-1.2.0.jar;C:\\Users\\Dan\\.gradle\\caches\\modules-2\\files-2.1\\org.dom4j\\dom4j\\2.1.3\\a75914155a9f5808963170ec20653668a2ffd2fd\\dom4j-2.1.3.jar;C:\\Users\\Dan\\.gradle\\caches\\modules-2\\files-2.1\\org.apiguardian\\apiguardian-api\\1.1.0\\fc9dff4bb36d627bdc553de77e1f17efd790876c\\apiguardian-api-1.1.0.jar;C:\\Users\\Dan\\.gradle\\caches\\modules-2\\files-2.1\\org.opentest4j\\opentest4j\\1.2.0\\28c11eb91f9b6d8e200631d46e20a7f407f2a046\\opentest4j-1.2.0.jar;C:\\Users\\Dan\\.gradle\\caches\\modules-2\\files-2.1\\org.springframework.boot\\spring-boot-autoconfigure\\2.4.3\\2f8e1e682e55f70c8ea557982c7adb1256f41bcf\\spring-boot-autoconfigure-2.4.3.jar;C:\\Users\\Dan\\.gradle\\caches\\modules-2\\files-2.1\\org.springframework.boot\\spring-boot\\2.4.3\\de2bd17a8eb9bc3dfa629aa06f2e9fe3bf603c85\\spring-boot-2.4.3.jar;C:\\Users\\Dan\\.gradle\\caches\\modules-2\\files-2.1\\org.springframework.boot\\spring-boot-starter-logging\\2.4.3\\64687abc2255d18cd6592cbb20fa3bee3379cec8\\spring-boot-starter-logging-2.4.3.jar;C:\\Users\\Dan\\.gradle\\caches\\modules-2\\files-2.1\\jakarta.annotation\\jakarta.annotation-api\\1.3.5\\59eb84ee0d616332ff44aba065f3888cf002cd2d\\jakarta.annotation-api-1.3.5.jar;C:\\Users\\Dan\\.gradle\\caches\\modules-2\\files-2.1\\org.springframework\\spring-context\\5.3.4\\fbeadeb0e4d272599a938ec345e99e5f9a76e919\\spring-context-5.3.4.jar;C:\\Users\\Dan\\.gradle\\caches\\modules-2\\files-2.1\\org.springframework\\spring-aop\\5.3.4\\b7180a6427ab524bc1cbd31bf38dd2182632515f\\spring-aop-5.3.4.jar;C:\\Users\\Dan\\.gradle\\caches\\modules-2\\files-2.1\\org.springframework\\spring-beans\\5.3.4\\ac6c5ea0ba82f555405f74104cf378f8071c6d25\\spring-beans-5.3.4.jar;C:\\Users\\Dan\\.gradle\\caches\\modules-2\\files-2.1\\org.springframework\\spring-expression\\5.3.4\\42b71fa955e43a86471509aef14cefe756fc3794\\spring-expression-5.3.4.jar;C:\\Users\\Dan\\.gradle\\caches\\modules-2\\files-2.1\\org.springframework\\spring-core\\5.3.4\\46c1f8abd9e02a292c42a257350f365cec152b5d\\spring-core-5.3.4.jar;C:\\Users\\Dan\\.gradle\\caches\\modules-2\\files-2.1\\org.yaml\\snakeyaml\\1.27\\359d62567480b07a679dc643f82fc926b100eed5\\snakeyaml-1.27.jar;C:\\Users\\Dan\\.gradle\\caches\\modules-2\\files-2.1\\com.fasterxml.jackson.datatype\\jackson-datatype-jdk8\\2.11.4\\e1540dea3c6c681ea4e335a960f730861ee3bedb\\jackson-datatype-jdk8-2.11.4.jar;C:\\Users\\Dan\\.gradle\\caches\\modules-2\\files-2.1\\com.fasterxml.jackson.datatype\\jackson-datatype-jsr310\\2.11.4\\ce6fc76bba06623720e5a9308386b6ae74753f4d\\jackson-datatype-jsr310-2.11.4.jar;C:\\Users\\Dan\\.gradle\\caches\\modules-2\\files-2.1\\com.fasterxml.jackson.module\\jackson-module-parameter-names\\2.11.4\\432e050d79f2282a66c320375d628f1b0842cb12\\jackson-module-parameter-names-2.11.4.jar;C:\\Users\\Dan\\.gradle\\caches\\modules-2\\files-2.1\\com.fasterxml.jackson.core\\jackson-databind\\2.11.4\\5d9f3d441f99d721b957e3497f0a6465c764fad4\\jackson-databind-2.11.4.jar;C:\\Users\\Dan\\.gradle\\caches\\modules-2\\files-2.1\\org.apache.tomcat.embed\\tomcat-embed-websocket\\9.0.43\\78232648dde1a5fd5093f0a3999e593d208e2eab\\tomcat-embed-websocket-9.0.43.jar;C:\\Users\\Dan\\.gradle\\caches\\modules-2\\files-2.1\\org.apache.tomcat.embed\\tomcat-embed-core\\9.0.43\\1d102277426bdd5b12f048731a91665bb69347d1\\tomcat-embed-core-9.0.43.jar;C:\\Users\\Dan\\.gradle\\caches\\modules-2\\files-2.1\\org.glassfish\\jakarta.el\\3.0.3\\dab46ee1ee23f7197c13d7c40fce14817c9017df\\jakarta.el-3.0.3.jar;C:\\Users\\Dan\\.gradle\\caches\\modules-2\\files-2.1\\org.glassfish.jaxb\\txw2\\2.3.1\\a09d2c48d3285f206fafbffe0e50619284e92126\\txw2-2.3.1.jar;C:\\Users\\Dan\\.gradle\\caches\\modules-2\\files-2.1\\com.sun.istack\\istack-commons-runtime\\3.0.7\\c197c86ceec7318b1284bffb49b54226ca774003\\istack-commons-runtime-3.0.7.jar;C:\\Users\\Dan\\.gradle\\caches\\modules-2\\files-2.1\\org.jvnet.staxex\\stax-ex\\1.8\\8cc35f73da321c29973191f2cf143d29d26a1df7\\stax-ex-1.8.jar;C:\\Users\\Dan\\.gradle\\caches\\modules-2\\files-2.1\\com.sun.xml.fastinfoset\\FastInfoset\\1.2.15\\bb7b7ec0379982b97c62cd17465cb6d9155f68e8\\FastInfoset-1.2.15.jar;C:\\Users\\Dan\\.gradle\\caches\\modules-2\\files-2.1\\ch.qos.logback\\logback-classic\\1.2.3\\7c4f3c474fb2c041d8028740440937705ebb473a\\logback-classic-1.2.3.jar;C:\\Users\\Dan\\.gradle\\caches\\modules-2\\files-2.1\\org.apache.logging.log4j\\log4j-to-slf4j\\2.13.3\\966f6fd1af4959d6b12bfa880121d4a2b164f857\\log4j-to-slf4j-2.13.3.jar;C:\\Users\\Dan\\.gradle\\caches\\modules-2\\files-2.1\\org.slf4j\\jul-to-slf4j\\1.7.30\\d58bebff8cbf70ff52b59208586095f467656c30\\jul-to-slf4j-1.7.30.jar;C:\\Users\\Dan\\.gradle\\caches\\modules-2\\files-2.1\\org.springframework\\spring-jcl\\5.3.4\\ca012eb4e9e57f767aa9d5e51fe9a09b28140808\\spring-jcl-5.3.4.jar;C:\\Users\\Dan\\.gradle\\caches\\modules-2\\files-2.1\\com.fasterxml.jackson.core\\jackson-annotations\\2.11.4\\2c3f5c079330f3a01726686a078979420f547ae4\\jackson-annotations-2.11.4.jar;C:\\Users\\Dan\\.gradle\\caches\\modules-2\\files-2.1\\com.fasterxml.jackson.core\\jackson-core\\2.11.4\\593f7b18bab07a76767f181e2a2336135ce82cc4\\jackson-core-2.11.4.jar;C:\\Users\\Dan\\.gradle\\caches\\modules-2\\files-2.1\\ch.qos.logback\\logback-core\\1.2.3\\864344400c3d4d92dfeb0a305dc87d953677c03c\\logback-core-1.2.3.jar;C:\\Users\\Dan\\.gradle\\caches\\modules-2\\files-2.1\\org.slf4j\\slf4j-api\\1.7.30\\b5a4b6d16ab13e34a88fae84c35cd5d68cac922c\\slf4j-api-1.7.30.jar;C:\\Users\\Dan\\.gradle\\caches\\modules-2\\files-2.1\\org.apache.logging.log4j\\log4j-api\\2.13.3\\ec1508160b93d274b1add34419b897bae84c6ca9\\log4j-api-2.13.3.jar, java.vm.vendor=Oracle Corporation, sun.arch.data.model=64, user.variant=, java.vendor.url=http://java.oracle.com/, user.timezone=Europe/Athens, os.name=Windows 10, java.vm.specification.version=11, user.country=US, sun.java.launcher=SUN_STANDARD, sun.boot.library.path=C:\Program Files\Java\jdk-11.0.6\bin, sun.java.command=worker.org.gradle.process.internal.worker.GradleWorkerMain 'Gradle Test Executor 3', jdk.debug=release, sun.cpu.endian=little, user.home=C:\Users\Dan, user.language=en, java.specification.vendor=Oracle Corporation, org.gradle.native=false, java.version.date=2020-01-14, java.home=C:\Program Files\Java\jdk-11.0.6, file.separator=\, java.vm.compressedOopsMode=32-bit, line.separator=
, java.specification.name=Java Platform API Specification, java.vm.specification.vendor=Oracle Corporation, java.awt.graphicsenv=sun.awt.Win32GraphicsEnvironment, hibernate.hbm2ddl.auto=update, user.script=, sun.management.compiler=HotSpot 64-Bit Tiered Compilers, java.runtime.version=11.0.6+8-LTS, user.name=Dan, path.separator=;, hibernate.connection.username=****, os.version=10.0, hibernate.enable_lazy_load_no_trans=true, java.runtime.name=Java(TM) SE Runtime Environment, hibernate.connection.url=jdbc:sqlite:D:\Facultate\Projects\OrganizareCompanie\database, file.encoding=windows-1250, java.vm.name=Java HotSpot(TM) 64-Bit Server VM, hibernate.show_sql=true, java.vendor.version=18.9, hibernate.current_session_context_class=thread, hibernate.connection.driver_class=org.sqlite.JDBC, java.vendor.url.bug=http://bugreport.java.com/bugreport/, java.io.tmpdir=C:\Users\Dan\AppData\Local\Temp\, java.version=11.0.6, user.dir=D:\Facultate\Projects\OrganizareCompanie, os.arch=amd64, java.vm.specification.name=Java Virtual Machine Specification, java.awt.printerjob=sun.awt.windows.WPrinterJob, hibernate.connection.password=****, sun.os.patch.level=, connection.driver_class=org.sqlite.JDBC, hibernate.boot.CfgXmlAccessService.key=org.hibernate.boot.cfgxml.spi.LoadedConfig@284e3c6b, java.library.path=C:\Program Files\Java\jdk-11.0.6\bin;C:\WINDOWS\Sun\Java\bin;C:\WINDOWS\system32;C:\WINDOWS;;C:\Python38\Scripts\;C:\Python38\;D:\Facultate\Scripts\;D:\Facultate\;C:\Users\Dan\Desktop\Facultate 2018-2019\Semestrul I\Fundamentele programarii\Python\Scripts\;C:\Users\Dan\Desktop\Facultate 2018-2019\Semestrul I\Fundamentele programarii\Python\;C:\Users\Dan\Desktop\Facultate 2018-2019\Semestrul I\Fundamentele programarii\Scripts\;C:\Users\Dan\Desktop\Facultate 2018-2019\Semestrul I\Fundamentele programarii\;C:\WINDOWS\system32;C:\WINDOWS;C:\WINDOWS\System32\Wbem;C:\WINDOWS\System32\WindowsPowerShell\v1.0\;C:\WINDOWS\System32\OpenSSH\;D:\Facultate\PuTTY\;C:\Program Files\dotnet\;C:\Program Files\Microsoft SQL Server\Client SDK\ODBC\170\Tools\Binn\;C:\Users\Dan\Proto\bin;D:\Facultate\NodeJS\;C:\ProgramData\chocolatey\bin;C:\Program Files\Git\cmd;C:\Program Files\Java\jdk-10.0.2\bin;C:\Program Files (x86)\GnuWin32\bin;C:\MinGW\bin;C:\Program Files\Java\jdk-11.0.6\bin;C:\WINDOWS\system32;C:\WINDOWS;C:\WINDOWS\System32\Wbem;C:\WINDOWS\System32\WindowsPowerShell\v1.0\;C:\WINDOWS\System32\OpenSSH\;C:\Program Files\Intel\WiFi\bin\;C:\Program Files\Common Files\Intel\WirelessCommon\;D:\Facultate\Python\Scripts\;D:\Facultate\Python\;C:\Users\Dan\AppData\Local\Microsoft\WindowsApps;C:\Users\Dan\AppData\Local\GitHubDesktop\bin;C:\Users\Dan\AppData\Roaming\npm;D:\Facultate\Microsoft VS Code\bin;C:\Users\Dan\AppData\Local\Microsoft\WindowsApps;C:\Users\Dan\Documents\driver;;., java.vendor=Oracle Corporation, java.vm.info=mixed mode, java.vm.version=11.0.6+8-LTS, hibernate.bytecode.use_reflection_optimizer=false, sun.io.unicode.encoding=UnicodeLittle, hibernate.connection.pool_size=1, connection.url=jdbc:sqlite:D:\Facultate\Projects\OrganizareCompanie\database, java.class.version=55.0}
21:22:59.710 [Test worker] DEBUG org.hibernate.secure.spi.JaccIntegrator - Skipping JACC integration as it was not enabled
21:22:59.710 [Test worker] DEBUG org.hibernate.internal.SessionFactoryImpl - Instantiated session factory
21:22:59.710 [Test worker] DEBUG org.hibernate.type.spi.TypeConfiguration$Scope - Scoping TypeConfiguration [org.hibernate.type.spi.TypeConfiguration@48a809e6] to SessionFactoryImpl [org.hibernate.internal.SessionFactoryImpl@75b4b04c]
21:22:59.710 [Test worker] DEBUG org.hibernate.boot.internal.ClassLoaderAccessImpl - Not known whether passed class name [domain.Functie] is safe
21:22:59.710 [Test worker] DEBUG org.hibernate.boot.internal.ClassLoaderAccessImpl - No temp ClassLoader provided; using live ClassLoader for loading potentially unsafe class : domain.Functie
21:22:59.710 [Test worker] DEBUG org.hibernate.boot.internal.ClassLoaderAccessImpl - Not known whether passed class name [domain.Departament] is safe
21:22:59.710 [Test worker] DEBUG org.hibernate.boot.internal.ClassLoaderAccessImpl - No temp ClassLoader provided; using live ClassLoader for loading potentially unsafe class : domain.Departament
21:22:59.726 [Test worker] DEBUG org.hibernate.boot.internal.ClassLoaderAccessImpl - Not known whether passed class name [domain.Angajat] is safe
21:22:59.726 [Test worker] DEBUG org.hibernate.boot.internal.ClassLoaderAccessImpl - No temp ClassLoader provided; using live ClassLoader for loading potentially unsafe class : domain.Angajat
21:22:59.726 [Test worker] DEBUG org.hibernate.boot.internal.ClassLoaderAccessImpl - Not known whether passed class name [domain.Proiect] is safe
21:22:59.726 [Test worker] DEBUG org.hibernate.boot.internal.ClassLoaderAccessImpl - No temp ClassLoader provided; using live ClassLoader for loading potentially unsafe class : domain.Proiect
21:22:59.726 [Test worker] DEBUG org.hibernate.boot.internal.ClassLoaderAccessImpl - Not known whether passed class name [domain.Concediu] is safe
21:22:59.726 [Test worker] DEBUG org.hibernate.boot.internal.ClassLoaderAccessImpl - No temp ClassLoader provided; using live ClassLoader for loading potentially unsafe class : domain.Concediu
21:22:59.742 [Test worker] DEBUG org.hibernate.persister.collection.AbstractCollectionPersister - Static SQL for collection: domain.Angajat.proiecte
21:22:59.742 [Test worker] DEBUG org.hibernate.persister.collection.AbstractCollectionPersister -  Row insert: insert into angajati_proiecte (id_angajat, id_proiect) values (?, ?)
21:22:59.742 [Test worker] DEBUG org.hibernate.persister.collection.AbstractCollectionPersister -  Row update: update angajati_proiecte set id_proiect=? where id_angajat=? and id_proiect=?
21:22:59.742 [Test worker] DEBUG org.hibernate.persister.collection.AbstractCollectionPersister -  Row delete: delete from angajati_proiecte where id_angajat=? and id_proiect=?
21:22:59.742 [Test worker] DEBUG org.hibernate.persister.collection.AbstractCollectionPersister -  One-shot delete: delete from angajati_proiecte where id_angajat=?
21:22:59.742 [Test worker] DEBUG org.hibernate.persister.collection.AbstractCollectionPersister - Static SQL for collection: domain.Angajat.concedii
21:22:59.742 [Test worker] DEBUG org.hibernate.persister.collection.AbstractCollectionPersister -  Row insert: update concedii set id_angajat=? where id=?
21:22:59.742 [Test worker] DEBUG org.hibernate.persister.collection.AbstractCollectionPersister -  Row update: update concedii set  where id=?
21:22:59.742 [Test worker] DEBUG org.hibernate.persister.collection.AbstractCollectionPersister -  Row delete: update concedii set id_angajat=null where id_angajat=? and id=?
21:22:59.742 [Test worker] DEBUG org.hibernate.persister.collection.AbstractCollectionPersister -  One-shot delete: update concedii set id_angajat=null where id_angajat=?
21:22:59.742 [Test worker] DEBUG org.hibernate.persister.collection.AbstractCollectionPersister - Static SQL for collection: domain.Angajat.departamente
21:22:59.742 [Test worker] DEBUG org.hibernate.persister.collection.AbstractCollectionPersister -  Row insert: insert into angajati_departamente (id_angajat, id_departament) values (?, ?)
21:22:59.742 [Test worker] DEBUG org.hibernate.persister.collection.AbstractCollectionPersister -  Row update: update angajati_departamente set id_departament=? where id_angajat=? and id_departament=?
21:22:59.742 [Test worker] DEBUG org.hibernate.persister.collection.AbstractCollectionPersister -  Row delete: delete from angajati_departamente where id_angajat=? and id_departament=?
21:22:59.742 [Test worker] DEBUG org.hibernate.persister.collection.AbstractCollectionPersister -  One-shot delete: delete from angajati_departamente where id_angajat=?
21:22:59.742 [Test worker] DEBUG org.hibernate.persister.entity.AbstractEntityPersister - Static SQL for entity: domain.Functie
21:22:59.742 [Test worker] DEBUG org.hibernate.persister.entity.AbstractEntityPersister -  Version select: select id from functii where id =?
21:22:59.742 [Test worker] DEBUG org.hibernate.persister.entity.AbstractEntityPersister -  Snapshot select: select functie_.id, functie_.salar_de_baza as salar_de2_5_ from functii functie_ where functie_.id=?
21:22:59.742 [Test worker] DEBUG org.hibernate.persister.entity.AbstractEntityPersister -  Insert 0: insert into functii (salar_de_baza, id) values (?, ?)
21:22:59.742 [Test worker] DEBUG org.hibernate.persister.entity.AbstractEntityPersister -  Update 0: update functii set salar_de_baza=? where id=?
21:22:59.742 [Test worker] DEBUG org.hibernate.persister.entity.AbstractEntityPersister -  Delete 0: delete from functii where id=?
21:22:59.742 [Test worker] DEBUG org.hibernate.persister.entity.AbstractEntityPersister -  Identity insert: insert into functii (salar_de_baza) values (?)
21:22:59.742 [Test worker] DEBUG org.hibernate.loader.plan.build.internal.spaces.QuerySpacesImpl - Adding QuerySpace : uid = <gen:0> -> org.hibernate.loader.plan.build.internal.spaces.EntityQuerySpaceImpl@50083710]
21:22:59.742 [Test worker] DEBUG org.hibernate.persister.walking.spi.MetamodelGraphWalker - Visiting attribute path : salarDeBaza
21:22:59.742 [Test worker] DEBUG org.hibernate.loader.plan.build.internal.FetchStyleLoadPlanBuildingAssociationVisitationStrategy - Building LoadPlan...
21:22:59.742 [Test worker] DEBUG org.hibernate.loader.plan.exec.internal.LoadQueryJoinAndFetchProcessor - processing queryspace <gen:0>
21:22:59.742 [Test worker] DEBUG org.hibernate.loader.plan.build.spi.LoadPlanTreePrinter - LoadPlan(entity=domain.Functie)
    - Returns
       - EntityReturnImpl(entity=domain.Functie, querySpaceUid=<gen:0>, path=domain.Functie)
    - QuerySpaces
       - EntityQuerySpaceImpl(uid=<gen:0>, entity=domain.Functie)
          - SQL table alias mapping - functie0_
          - alias suffix - 0_
          - suffixed key columns - {id1_5_0_}

21:22:59.742 [Test worker] DEBUG org.hibernate.loader.entity.plan.EntityLoader - Static select for entity domain.Functie [NONE]: select functie0_.id as id1_5_0_, functie0_.salar_de_baza as salar_de2_5_0_ from functii functie0_ where functie0_.id=?
21:22:59.742 [Test worker] DEBUG org.hibernate.persister.entity.AbstractEntityPersister - Static SQL for entity: domain.Departament
21:22:59.742 [Test worker] DEBUG org.hibernate.persister.entity.AbstractEntityPersister -  Version select: select id from departamente where id =?
21:22:59.742 [Test worker] DEBUG org.hibernate.persister.entity.AbstractEntityPersister -  Snapshot select: select departamen_.id, departamen_.id_director as id_direc2_4_ from departamente departamen_ where departamen_.id=?
21:22:59.742 [Test worker] DEBUG org.hibernate.persister.entity.AbstractEntityPersister -  Insert 0: insert into departamente (id_director, id) values (?, ?)
21:22:59.742 [Test worker] DEBUG org.hibernate.persister.entity.AbstractEntityPersister -  Update 0: update departamente set id_director=? where id=?
21:22:59.742 [Test worker] DEBUG org.hibernate.persister.entity.AbstractEntityPersister -  Delete 0: delete from departamente where id=?
21:22:59.742 [Test worker] DEBUG org.hibernate.persister.entity.AbstractEntityPersister -  Identity insert: insert into departamente (id_director) values (?)
21:22:59.742 [Test worker] DEBUG org.hibernate.loader.plan.build.internal.spaces.QuerySpacesImpl - Adding QuerySpace : uid = <gen:0> -> org.hibernate.loader.plan.build.internal.spaces.EntityQuerySpaceImpl@359c8533]
21:22:59.742 [Test worker] DEBUG org.hibernate.persister.walking.spi.MetamodelGraphWalker - Visiting attribute path : idDirector
21:22:59.742 [Test worker] DEBUG org.hibernate.loader.plan.build.internal.FetchStyleLoadPlanBuildingAssociationVisitationStrategy - Building LoadPlan...
21:22:59.742 [Test worker] DEBUG org.hibernate.loader.plan.exec.internal.LoadQueryJoinAndFetchProcessor - processing queryspace <gen:0>
21:22:59.742 [Test worker] DEBUG org.hibernate.loader.plan.build.spi.LoadPlanTreePrinter - LoadPlan(entity=domain.Departament)
    - Returns
       - EntityReturnImpl(entity=domain.Departament, querySpaceUid=<gen:0>, path=domain.Departament)
    - QuerySpaces
       - EntityQuerySpaceImpl(uid=<gen:0>, entity=domain.Departament)
          - SQL table alias mapping - departamen0_
          - alias suffix - 0_
          - suffixed key columns - {id1_4_0_}

21:22:59.742 [Test worker] DEBUG org.hibernate.loader.entity.plan.EntityLoader - Static select for entity domain.Departament [NONE]: select departamen0_.id as id1_4_0_, departamen0_.id_director as id_direc2_4_0_ from departamente departamen0_ where departamen0_.id=?
21:22:59.742 [Test worker] DEBUG org.hibernate.persister.entity.AbstractEntityPersister - Static SQL for entity: domain.Angajat
21:22:59.742 [Test worker] DEBUG org.hibernate.persister.entity.AbstractEntityPersister -  Version select: select id from angajati where id =?
21:22:59.742 [Test worker] DEBUG org.hibernate.persister.entity.AbstractEntityPersister -  Snapshot select: select angajat_.id, angajat_.data_angajare as data_ang2_0_, angajat_.functie_id as functie_4_0_, angajat_.id_superior as id_super3_0_ from angajati angajat_ where angajat_.id=?
21:22:59.742 [Test worker] DEBUG org.hibernate.persister.entity.AbstractEntityPersister -  Insert 0: insert into angajati (data_angajare, functie_id, id_superior, id) values (?, ?, ?, ?)
21:22:59.742 [Test worker] DEBUG org.hibernate.persister.entity.AbstractEntityPersister -  Update 0: update angajati set data_angajare=?, functie_id=?, id_superior=? where id=?
21:22:59.742 [Test worker] DEBUG org.hibernate.persister.entity.AbstractEntityPersister -  Delete 0: delete from angajati where id=?
21:22:59.742 [Test worker] DEBUG org.hibernate.persister.entity.AbstractEntityPersister -  Identity insert: insert into angajati (data_angajare, functie_id, id_superior) values (?, ?, ?)
21:22:59.742 [Test worker] DEBUG org.hibernate.loader.plan.build.internal.spaces.QuerySpacesImpl - Adding QuerySpace : uid = <gen:0> -> org.hibernate.loader.plan.build.internal.spaces.EntityQuerySpaceImpl@59a44b58]
21:22:59.742 [Test worker] DEBUG org.hibernate.persister.walking.spi.MetamodelGraphWalker - Visiting attribute path : concedii
21:22:59.742 [Test worker] DEBUG org.hibernate.loader.plan.build.internal.spaces.QuerySpacesImpl - Adding QuerySpace : uid = <gen:1> -> org.hibernate.loader.plan.build.internal.spaces.CollectionQuerySpaceImpl@6198e300]
21:22:59.742 [Test worker] DEBUG org.hibernate.loader.plan.build.internal.spaces.QuerySpacesImpl - Adding QuerySpace : uid = <gen:2> -> org.hibernate.loader.plan.build.internal.spaces.EntityQuerySpaceImpl@3d0f861]
21:22:59.742 [Test worker] DEBUG org.hibernate.persister.walking.spi.MetamodelGraphWalker - Visiting attribute path : dataAngajare
21:22:59.742 [Test worker] DEBUG org.hibernate.persister.walking.spi.MetamodelGraphWalker - Visiting attribute path : departamente
21:22:59.742 [Test worker] DEBUG org.hibernate.loader.plan.build.internal.spaces.QuerySpacesImpl - Adding QuerySpace : uid = <gen:3> -> org.hibernate.loader.plan.build.internal.spaces.CollectionQuerySpaceImpl@78d58dc8]
21:22:59.742 [Test worker] DEBUG org.hibernate.loader.plan.build.internal.spaces.QuerySpacesImpl - Adding QuerySpace : uid = <gen:4> -> org.hibernate.loader.plan.build.internal.spaces.EntityQuerySpaceImpl@2a92c226]
21:22:59.742 [Test worker] DEBUG org.hibernate.persister.walking.spi.MetamodelGraphWalker - Visiting attribute path : functie
21:22:59.742 [Test worker] DEBUG org.hibernate.loader.plan.build.internal.spaces.QuerySpacesImpl - Adding QuerySpace : uid = <gen:5> -> org.hibernate.loader.plan.build.internal.spaces.EntityQuerySpaceImpl@c34a497]
21:22:59.742 [Test worker] DEBUG org.hibernate.persister.walking.spi.MetamodelGraphWalker - Visiting attribute path : functie.salarDeBaza
21:22:59.742 [Test worker] DEBUG org.hibernate.persister.walking.spi.MetamodelGraphWalker - Visiting attribute path : idSuperior
21:22:59.742 [Test worker] DEBUG org.hibernate.persister.walking.spi.MetamodelGraphWalker - Visiting attribute path : proiecte
21:22:59.742 [Test worker] DEBUG org.hibernate.loader.plan.build.internal.spaces.QuerySpacesImpl - Adding QuerySpace : uid = <gen:6> -> org.hibernate.loader.plan.build.internal.spaces.CollectionQuerySpaceImpl@5c4c2191]
21:22:59.742 [Test worker] DEBUG org.hibernate.loader.plan.build.internal.spaces.QuerySpacesImpl - Adding QuerySpace : uid = <gen:7> -> org.hibernate.loader.plan.build.internal.spaces.EntityQuerySpaceImpl@60734bcc]
21:22:59.742 [Test worker] DEBUG org.hibernate.loader.plan.build.internal.FetchStyleLoadPlanBuildingAssociationVisitationStrategy - Building LoadPlan...
21:22:59.742 [Test worker] DEBUG org.hibernate.loader.plan.exec.internal.LoadQueryJoinAndFetchProcessor - processing queryspace <gen:0>
21:22:59.742 [Test worker] DEBUG org.hibernate.loader.plan.build.spi.LoadPlanTreePrinter - LoadPlan(entity=domain.Angajat)
    - Returns
       - EntityReturnImpl(entity=domain.Angajat, querySpaceUid=<gen:0>, path=domain.Angajat)
          - CollectionAttributeFetchImpl(collection=domain.Angajat.concedii, querySpaceUid=<gen:1>, path=domain.Angajat.concedii)
             - (collection element) CollectionFetchableElementEntityGraph(entity=domain.Concediu, querySpaceUid=<gen:2>, path=domain.Angajat.concedii.<elements>)
          - CollectionAttributeFetchImpl(collection=domain.Angajat.departamente, querySpaceUid=<gen:3>, path=domain.Angajat.departamente)
             - (collection element) CollectionFetchableElementEntityGraph(entity=domain.Departament, querySpaceUid=<gen:4>, path=domain.Angajat.departamente.<elements>)
          - EntityAttributeFetchImpl(entity=domain.Functie, querySpaceUid=<gen:5>, path=domain.Angajat.functie)
          - CollectionAttributeFetchImpl(collection=domain.Angajat.proiecte, querySpaceUid=<gen:6>, path=domain.Angajat.proiecte)
             - (collection element) CollectionFetchableElementEntityGraph(entity=domain.Proiect, querySpaceUid=<gen:7>, path=domain.Angajat.proiecte.<elements>)
    - QuerySpaces
       - EntityQuerySpaceImpl(uid=<gen:0>, entity=domain.Angajat)
          - SQL table alias mapping - angajat0_
          - alias suffix - 0_
          - suffixed key columns - {id1_0_0_}
          - JOIN (JoinDefinedByMetadata(functie)) : <gen:0> -> <gen:5>
             - EntityQuerySpaceImpl(uid=<gen:5>, entity=domain.Functie)
                - SQL table alias mapping - functie1_
                - alias suffix - 1_
                - suffixed key columns - {id1_5_1_}

21:22:59.742 [Test worker] DEBUG org.hibernate.loader.entity.plan.EntityLoader - Static select for entity domain.Angajat [NONE]: select angajat0_.id as id1_0_0_, angajat0_.data_angajare as data_ang2_0_0_, angajat0_.functie_id as functie_4_0_0_, angajat0_.id_superior as id_super3_0_0_, functie1_.id as id1_5_1_, functie1_.salar_de_baza as salar_de2_5_1_ from angajati angajat0_ left outer join functii functie1_ on angajat0_.functie_id=functie1_.id where angajat0_.id=?
21:22:59.742 [Test worker] DEBUG org.hibernate.persister.entity.AbstractEntityPersister - Static SQL for entity: domain.Proiect
21:22:59.742 [Test worker] DEBUG org.hibernate.persister.entity.AbstractEntityPersister -  Version select: select id from proiecte where id =?
21:22:59.742 [Test worker] DEBUG org.hibernate.persister.entity.AbstractEntityPersister -  Snapshot select: select proiect_.id, proiect_.data_inceput as data_inc2_6_, proiect_.deadline as deadline3_6_ from proiecte proiect_ where proiect_.id=?
21:22:59.742 [Test worker] DEBUG org.hibernate.persister.entity.AbstractEntityPersister -  Insert 0: insert into proiecte (data_inceput, deadline, id) values (?, ?, ?)
21:22:59.742 [Test worker] DEBUG org.hibernate.persister.entity.AbstractEntityPersister -  Update 0: update proiecte set data_inceput=?, deadline=? where id=?
21:22:59.742 [Test worker] DEBUG org.hibernate.persister.entity.AbstractEntityPersister -  Delete 0: delete from proiecte where id=?
21:22:59.742 [Test worker] DEBUG org.hibernate.persister.entity.AbstractEntityPersister -  Identity insert: insert into proiecte (data_inceput, deadline) values (?, ?)
21:22:59.742 [Test worker] DEBUG org.hibernate.loader.plan.build.internal.spaces.QuerySpacesImpl - Adding QuerySpace : uid = <gen:0> -> org.hibernate.loader.plan.build.internal.spaces.EntityQuerySpaceImpl@49ca4b49]
21:22:59.742 [Test worker] DEBUG org.hibernate.persister.walking.spi.MetamodelGraphWalker - Visiting attribute path : dataInceput
21:22:59.742 [Test worker] DEBUG org.hibernate.persister.walking.spi.MetamodelGraphWalker - Visiting attribute path : deadline
21:22:59.742 [Test worker] DEBUG org.hibernate.loader.plan.build.internal.FetchStyleLoadPlanBuildingAssociationVisitationStrategy - Building LoadPlan...
21:22:59.742 [Test worker] DEBUG org.hibernate.loader.plan.exec.internal.LoadQueryJoinAndFetchProcessor - processing queryspace <gen:0>
21:22:59.742 [Test worker] DEBUG org.hibernate.loader.plan.build.spi.LoadPlanTreePrinter - LoadPlan(entity=domain.Proiect)
    - Returns
       - EntityReturnImpl(entity=domain.Proiect, querySpaceUid=<gen:0>, path=domain.Proiect)
    - QuerySpaces
       - EntityQuerySpaceImpl(uid=<gen:0>, entity=domain.Proiect)
          - SQL table alias mapping - proiect0_
          - alias suffix - 0_
          - suffixed key columns - {id1_6_0_}

21:22:59.742 [Test worker] DEBUG org.hibernate.loader.entity.plan.EntityLoader - Static select for entity domain.Proiect [NONE]: select proiect0_.id as id1_6_0_, proiect0_.data_inceput as data_inc2_6_0_, proiect0_.deadline as deadline3_6_0_ from proiecte proiect0_ where proiect0_.id=?
21:22:59.742 [Test worker] DEBUG org.hibernate.persister.entity.AbstractEntityPersister - Static SQL for entity: domain.Concediu
21:22:59.742 [Test worker] DEBUG org.hibernate.persister.entity.AbstractEntityPersister -  Version select: select id from concedii where id =?
21:22:59.742 [Test worker] DEBUG org.hibernate.persister.entity.AbstractEntityPersister -  Snapshot select: select concediu_.id, concediu_.id_angajat as id_angaj4_3_, concediu_.data_inceput as data_inc2_3_, concediu_.data_sfarsit as data_sfa3_3_ from concedii concediu_ where concediu_.id=?
21:22:59.742 [Test worker] DEBUG org.hibernate.persister.entity.AbstractEntityPersister -  Insert 0: insert into concedii (id_angajat, data_inceput, data_sfarsit, id) values (?, ?, ?, ?)
21:22:59.742 [Test worker] DEBUG org.hibernate.persister.entity.AbstractEntityPersister -  Update 0: update concedii set id_angajat=?, data_inceput=?, data_sfarsit=? where id=?
21:22:59.742 [Test worker] DEBUG org.hibernate.persister.entity.AbstractEntityPersister -  Delete 0: delete from concedii where id=?
21:22:59.742 [Test worker] DEBUG org.hibernate.persister.entity.AbstractEntityPersister -  Identity insert: insert into concedii (id_angajat, data_inceput, data_sfarsit) values (?, ?, ?)
21:22:59.742 [Test worker] DEBUG org.hibernate.loader.plan.build.internal.spaces.QuerySpacesImpl - Adding QuerySpace : uid = <gen:0> -> org.hibernate.loader.plan.build.internal.spaces.EntityQuerySpaceImpl@663261f7]
21:22:59.742 [Test worker] DEBUG org.hibernate.persister.walking.spi.MetamodelGraphWalker - Visiting attribute path : angajat
21:22:59.742 [Test worker] DEBUG org.hibernate.loader.plan.build.internal.spaces.QuerySpacesImpl - Adding QuerySpace : uid = <gen:1> -> org.hibernate.loader.plan.build.internal.spaces.EntityQuerySpaceImpl@7eeeb00]
21:22:59.742 [Test worker] DEBUG org.hibernate.persister.walking.spi.MetamodelGraphWalker - Visiting attribute path : dataInceput
21:22:59.742 [Test worker] DEBUG org.hibernate.persister.walking.spi.MetamodelGraphWalker - Visiting attribute path : dataSfarsit
21:22:59.742 [Test worker] DEBUG org.hibernate.loader.plan.build.internal.FetchStyleLoadPlanBuildingAssociationVisitationStrategy - Building LoadPlan...
21:22:59.742 [Test worker] DEBUG org.hibernate.loader.plan.exec.internal.LoadQueryJoinAndFetchProcessor - processing queryspace <gen:0>
21:22:59.742 [Test worker] DEBUG org.hibernate.loader.plan.build.spi.LoadPlanTreePrinter - LoadPlan(entity=domain.Concediu)
    - Returns
       - EntityReturnImpl(entity=domain.Concediu, querySpaceUid=<gen:0>, path=domain.Concediu)
          - EntityAttributeFetchImpl(entity=domain.Angajat, querySpaceUid=<gen:1>, path=domain.Concediu.angajat)
    - QuerySpaces
       - EntityQuerySpaceImpl(uid=<gen:0>, entity=domain.Concediu)
          - SQL table alias mapping - concediu0_
          - alias suffix - 0_
          - suffixed key columns - {id1_3_0_}

21:22:59.742 [Test worker] DEBUG org.hibernate.loader.entity.plan.EntityLoader - Static select for entity domain.Concediu [NONE]: select concediu0_.id as id1_3_0_, concediu0_.id_angajat as id_angaj4_3_0_, concediu0_.data_inceput as data_inc2_3_0_, concediu0_.data_sfarsit as data_sfa3_3_0_ from concedii concediu0_ where concediu0_.id=?
21:22:59.742 [Test worker] DEBUG org.hibernate.loader.plan.build.internal.spaces.QuerySpacesImpl - Adding QuerySpace : uid = <gen:0> -> org.hibernate.loader.plan.build.internal.spaces.CollectionQuerySpaceImpl@201b1a78]
21:22:59.742 [Test worker] DEBUG org.hibernate.loader.plan.build.internal.spaces.QuerySpacesImpl - Adding QuerySpace : uid = <gen:1> -> org.hibernate.loader.plan.build.internal.spaces.EntityQuerySpaceImpl@5553ea55]
21:22:59.742 [Test worker] DEBUG org.hibernate.persister.walking.spi.MetamodelGraphWalker - Visiting attribute path : dataInceput
21:22:59.742 [Test worker] DEBUG org.hibernate.persister.walking.spi.MetamodelGraphWalker - Visiting attribute path : deadline
21:22:59.742 [Test worker] DEBUG org.hibernate.loader.plan.build.internal.FetchStyleLoadPlanBuildingAssociationVisitationStrategy - Building LoadPlan...
21:22:59.742 [Test worker] DEBUG org.hibernate.loader.plan.exec.internal.LoadQueryJoinAndFetchProcessor - processing queryspace <gen:0>
21:22:59.742 [Test worker] DEBUG org.hibernate.loader.plan.build.spi.LoadPlanTreePrinter - LoadPlan(collection=domain.Angajat.proiecte)
    - Returns
       - CollectionReturnImpl(collection=domain.Angajat.proiecte, querySpaceUid=<gen:0>, path=[domain.Angajat.proiecte])
          - (collection element) CollectionFetchableElementEntityGraph(entity=domain.Proiect, querySpaceUid=<gen:1>, path=[domain.Angajat.proiecte].<elements>)
    - QuerySpaces
       - CollectionQuerySpaceImpl(uid=<gen:0>, collection=domain.Angajat.proiecte)
          - SQL table alias mapping - proiecte0_
          - alias suffix - 0_
          - suffixed key columns - {id_angaj1_2_0_}
          - entity-element alias suffix - 1_
          - 1_entity-element suffixed key columns - id1_6_1_
          - JOIN (JoinDefinedByMetadata(elements)) : <gen:0> -> <gen:1>
             - EntityQuerySpaceImpl(uid=<gen:1>, entity=domain.Proiect)
                - SQL table alias mapping - proiect1_
                - alias suffix - 1_
                - suffixed key columns - {id1_6_1_}

21:22:59.742 [Test worker] DEBUG org.hibernate.loader.collection.plan.CollectionLoader - Static select for collection domain.Angajat.proiecte: select proiecte0_.id_angajat as id_angaj1_2_0_, proiecte0_.id_proiect as id_proie2_2_0_, proiect1_.id as id1_6_1_, proiect1_.data_inceput as data_inc2_6_1_, proiect1_.deadline as deadline3_6_1_ from angajati_proiecte proiecte0_ inner join proiecte proiect1_ on proiecte0_.id_proiect=proiect1_.id where proiecte0_.id_angajat=?
21:22:59.742 [Test worker] DEBUG org.hibernate.loader.plan.build.internal.spaces.QuerySpacesImpl - Adding QuerySpace : uid = <gen:0> -> org.hibernate.loader.plan.build.internal.spaces.CollectionQuerySpaceImpl@6aa951a3]
21:22:59.742 [Test worker] DEBUG org.hibernate.loader.plan.build.internal.spaces.QuerySpacesImpl - Adding QuerySpace : uid = <gen:1> -> org.hibernate.loader.plan.build.internal.spaces.EntityQuerySpaceImpl@20e21fe1]
21:22:59.742 [Test worker] DEBUG org.hibernate.persister.walking.spi.MetamodelGraphWalker - Visiting attribute path : angajat
21:22:59.742 [Test worker] DEBUG org.hibernate.persister.walking.spi.MetamodelGraphWalker - Property path deemed to be circular : angajat
21:22:59.742 [Test worker] DEBUG org.hibernate.persister.walking.spi.MetamodelGraphWalker - Visiting attribute path : dataInceput
21:22:59.742 [Test worker] DEBUG org.hibernate.persister.walking.spi.MetamodelGraphWalker - Visiting attribute path : dataSfarsit
21:22:59.742 [Test worker] DEBUG org.hibernate.loader.plan.build.internal.FetchStyleLoadPlanBuildingAssociationVisitationStrategy - Building LoadPlan...
21:22:59.742 [Test worker] DEBUG org.hibernate.loader.plan.exec.internal.LoadQueryJoinAndFetchProcessor - processing queryspace <gen:0>
21:22:59.742 [Test worker] DEBUG org.hibernate.loader.plan.build.spi.LoadPlanTreePrinter - LoadPlan(collection=domain.Angajat.concedii)
    - Returns
       - CollectionReturnImpl(collection=domain.Angajat.concedii, querySpaceUid=<gen:0>, path=[domain.Angajat.concedii])
          - (collection element) CollectionFetchableElementEntityGraph(entity=domain.Concediu, querySpaceUid=<gen:1>, path=[domain.Angajat.concedii].<elements>)
    - QuerySpaces
       - CollectionQuerySpaceImpl(uid=<gen:0>, collection=domain.Angajat.concedii)
          - SQL table alias mapping - concedii0_
          - alias suffix - 0_
          - suffixed key columns - {id_angaj4_3_0_}
          - entity-element alias suffix - 1_
          - 1_entity-element suffixed key columns - id1_3_1_
          - JOIN (JoinDefinedByMetadata(elements)) : <gen:0> -> <gen:1>
             - EntityQuerySpaceImpl(uid=<gen:1>, entity=domain.Concediu)
                - SQL table alias mapping - concedii0_
                - alias suffix - 1_
                - suffixed key columns - {id1_3_1_}

21:22:59.742 [Test worker] DEBUG org.hibernate.loader.collection.plan.CollectionLoader - Static select for collection domain.Angajat.concedii: select concedii0_.id_angajat as id_angaj4_3_0_, concedii0_.id as id1_3_0_, concedii0_.id as id1_3_1_, concedii0_.id_angajat as id_angaj4_3_1_, concedii0_.data_inceput as data_inc2_3_1_, concedii0_.data_sfarsit as data_sfa3_3_1_ from concedii concedii0_ where concedii0_.id_angajat=?
21:22:59.742 [Test worker] DEBUG org.hibernate.loader.plan.build.internal.spaces.QuerySpacesImpl - Adding QuerySpace : uid = <gen:0> -> org.hibernate.loader.plan.build.internal.spaces.CollectionQuerySpaceImpl@426f67ef]
21:22:59.742 [Test worker] DEBUG org.hibernate.loader.plan.build.internal.spaces.QuerySpacesImpl - Adding QuerySpace : uid = <gen:1> -> org.hibernate.loader.plan.build.internal.spaces.EntityQuerySpaceImpl@72427554]
21:22:59.742 [Test worker] DEBUG org.hibernate.persister.walking.spi.MetamodelGraphWalker - Visiting attribute path : idDirector
21:22:59.742 [Test worker] DEBUG org.hibernate.loader.plan.build.internal.FetchStyleLoadPlanBuildingAssociationVisitationStrategy - Building LoadPlan...
21:22:59.742 [Test worker] DEBUG org.hibernate.loader.plan.exec.internal.LoadQueryJoinAndFetchProcessor - processing queryspace <gen:0>
21:22:59.742 [Test worker] DEBUG org.hibernate.loader.plan.build.spi.LoadPlanTreePrinter - LoadPlan(collection=domain.Angajat.departamente)
    - Returns
       - CollectionReturnImpl(collection=domain.Angajat.departamente, querySpaceUid=<gen:0>, path=[domain.Angajat.departamente])
          - (collection element) CollectionFetchableElementEntityGraph(entity=domain.Departament, querySpaceUid=<gen:1>, path=[domain.Angajat.departamente].<elements>)
    - QuerySpaces
       - CollectionQuerySpaceImpl(uid=<gen:0>, collection=domain.Angajat.departamente)
          - SQL table alias mapping - departamen0_
          - alias suffix - 0_
          - suffixed key columns - {id_angaj1_1_0_}
          - entity-element alias suffix - 1_
          - 1_entity-element suffixed key columns - id1_4_1_
          - JOIN (JoinDefinedByMetadata(elements)) : <gen:0> -> <gen:1>
             - EntityQuerySpaceImpl(uid=<gen:1>, entity=domain.Departament)
                - SQL table alias mapping - departamen1_
                - alias suffix - 1_
                - suffixed key columns - {id1_4_1_}

21:22:59.742 [Test worker] DEBUG org.hibernate.loader.collection.plan.CollectionLoader - Static select for collection domain.Angajat.departamente: select departamen0_.id_angajat as id_angaj1_1_0_, departamen0_.id_departament as id_depar2_1_0_, departamen1_.id as id1_4_1_, departamen1_.id_director as id_direc2_4_1_ from angajati_departamente departamen0_ inner join departamente departamen1_ on departamen0_.id_departament=departamen1_.id where departamen0_.id_angajat=?
21:22:59.757 [Test worker] INFO org.hibernate.orm.connections.access - HHH10001501: Connection obtained from JdbcConnectionAccess [org.hibernate.engine.jdbc.env.internal.JdbcEnvironmentInitiator$ConnectionProviderJdbcConnectionAccess@2632bea2] for (non-JTA) DDL execution was not in auto-commit mode; the Connection 'local transaction' will be committed and the Connection will be set into auto-commit mode.
21:22:59.757 [Test worker] DEBUG org.hibernate.mapping.Table - No alter strings for table : angajati
21:22:59.757 [Test worker] DEBUG org.hibernate.mapping.Table - No alter strings for table : angajati_departamente
21:22:59.757 [Test worker] DEBUG org.hibernate.mapping.Table - No alter strings for table : angajati_proiecte
21:22:59.757 [Test worker] DEBUG org.hibernate.mapping.Table - No alter strings for table : concedii
21:22:59.757 [Test worker] DEBUG org.hibernate.mapping.Table - No alter strings for table : departamente
21:22:59.757 [Test worker] DEBUG org.hibernate.mapping.Table - No alter strings for table : functii
21:22:59.757 [Test worker] DEBUG org.hibernate.mapping.Table - No alter strings for table : proiecte
21:22:59.757 [Test worker] DEBUG org.hibernate.query.spi.NamedQueryRepository - Checking 0 named HQL queries
21:22:59.757 [Test worker] DEBUG org.hibernate.query.spi.NamedQueryRepository - Checking 0 named SQL queries
21:22:59.757 [Test worker] DEBUG org.hibernate.internal.SessionFactoryRegistry - Registering SessionFactory: fc99548a-f387-4ef0-8534-c3e774590f3a (<unnamed>)
21:22:59.757 [Test worker] DEBUG org.hibernate.internal.SessionFactoryRegistry - Not binding SessionFactory to JNDI, no JNDI name configured
21:22:59.757 [Test worker] DEBUG org.hibernate.integrator.internal.IntegratorServiceImpl - Adding Integrator [org.hibernate.cfg.beanvalidation.BeanValidationIntegrator].
21:22:59.757 [Test worker] DEBUG org.hibernate.integrator.internal.IntegratorServiceImpl - Adding Integrator [org.hibernate.secure.spi.JaccIntegrator].
21:22:59.757 [Test worker] DEBUG org.hibernate.integrator.internal.IntegratorServiceImpl - Adding Integrator [org.hibernate.cache.internal.CollectionCacheInvalidator].
21:22:59.757 [Test worker] DEBUG org.hibernate.boot.jaxb.internal.stax.LocalXmlResourceResolver - Interpreting public/system identifier : [-//Hibernate/Hibernate Configuration DTD 3.0//EN] - [http://hibernate.org/dtd/hibernate-configuration-3.0.dtd]
21:22:59.788 [Test worker] DEBUG org.hibernate.boot.cfgxml.internal.JaxbCfgProcessor - cfg.xml document did not define namespaces; wrapping in custom event reader to introduce namespace information
21:22:59.804 [Test worker] DEBUG org.hibernate.service.spi.ServiceBinding - Overriding existing service binding [org.hibernate.secure.spi.JaccService]
21:22:59.804 [Test worker] DEBUG org.hibernate.cache.internal.RegionFactoryInitiator - Cannot default RegionFactory based on registered strategies as `[]` RegionFactory strategies were registered
21:22:59.804 [Test worker] DEBUG org.hibernate.cache.internal.RegionFactoryInitiator - Cache region factory : org.hibernate.cache.internal.NoCachingRegionFactory
21:22:59.804 [Test worker] DEBUG org.hibernate.type.BasicTypeRegistry - Adding type registration boolean -> org.hibernate.type.BooleanType@121b529f
21:22:59.804 [Test worker] DEBUG org.hibernate.type.BasicTypeRegistry - Adding type registration boolean -> org.hibernate.type.BooleanType@121b529f
21:22:59.804 [Test worker] DEBUG org.hibernate.type.BasicTypeRegistry - Adding type registration java.lang.Boolean -> org.hibernate.type.BooleanType@121b529f
21:22:59.804 [Test worker] DEBUG org.hibernate.type.BasicTypeRegistry - Adding type registration numeric_boolean -> org.hibernate.type.NumericBooleanType@7dc81433
21:22:59.804 [Test worker] DEBUG org.hibernate.type.BasicTypeRegistry - Adding type registration true_false -> org.hibernate.type.TrueFalseType@60c371da
21:22:59.804 [Test worker] DEBUG org.hibernate.type.BasicTypeRegistry - Adding type registration yes_no -> org.hibernate.type.YesNoType@51ef89fc
21:22:59.804 [Test worker] DEBUG org.hibernate.type.BasicTypeRegistry - Adding type registration byte -> org.hibernate.type.ByteType@1502feca
21:22:59.804 [Test worker] DEBUG org.hibernate.type.BasicTypeRegistry - Adding type registration byte -> org.hibernate.type.ByteType@1502feca
21:22:59.804 [Test worker] DEBUG org.hibernate.type.BasicTypeRegistry - Adding type registration java.lang.Byte -> org.hibernate.type.ByteType@1502feca
21:22:59.804 [Test worker] DEBUG org.hibernate.type.BasicTypeRegistry - Adding type registration character -> org.hibernate.type.CharacterType@5aca38b4
21:22:59.804 [Test worker] DEBUG org.hibernate.type.BasicTypeRegistry - Adding type registration char -> org.hibernate.type.CharacterType@5aca38b4
21:22:59.804 [Test worker] DEBUG org.hibernate.type.BasicTypeRegistry - Adding type registration java.lang.Character -> org.hibernate.type.CharacterType@5aca38b4
21:22:59.804 [Test worker] DEBUG org.hibernate.type.BasicTypeRegistry - Adding type registration short -> org.hibernate.type.ShortType@212db0b9
21:22:59.804 [Test worker] DEBUG org.hibernate.type.BasicTypeRegistry - Adding type registration short -> org.hibernate.type.ShortType@212db0b9
21:22:59.804 [Test worker] DEBUG org.hibernate.type.BasicTypeRegistry - Adding type registration java.lang.Short -> org.hibernate.type.ShortType@212db0b9
21:22:59.804 [Test worker] DEBUG org.hibernate.type.BasicTypeRegistry - Adding type registration integer -> org.hibernate.type.IntegerType@14f541d2
21:22:59.804 [Test worker] DEBUG org.hibernate.type.BasicTypeRegistry - Adding type registration int -> org.hibernate.type.IntegerType@14f541d2
21:22:59.804 [Test worker] DEBUG org.hibernate.type.BasicTypeRegistry - Adding type registration java.lang.Integer -> org.hibernate.type.IntegerType@14f541d2
21:22:59.804 [Test worker] DEBUG org.hibernate.type.BasicTypeRegistry - Adding type registration long -> org.hibernate.type.LongType@357c5fef
21:22:59.804 [Test worker] DEBUG org.hibernate.type.BasicTypeRegistry - Adding type registration long -> org.hibernate.type.LongType@357c5fef
21:22:59.804 [Test worker] DEBUG org.hibernate.type.BasicTypeRegistry - Adding type registration java.lang.Long -> org.hibernate.type.LongType@357c5fef
21:22:59.804 [Test worker] DEBUG org.hibernate.type.BasicTypeRegistry - Adding type registration float -> org.hibernate.type.FloatType@68835e55
21:22:59.804 [Test worker] DEBUG org.hibernate.type.BasicTypeRegistry - Adding type registration float -> org.hibernate.type.FloatType@68835e55
21:22:59.804 [Test worker] DEBUG org.hibernate.type.BasicTypeRegistry - Adding type registration java.lang.Float -> org.hibernate.type.FloatType@68835e55
21:22:59.804 [Test worker] DEBUG org.hibernate.type.BasicTypeRegistry - Adding type registration double -> org.hibernate.type.DoubleType@1db8c4bf
21:22:59.804 [Test worker] DEBUG org.hibernate.type.BasicTypeRegistry - Adding type registration double -> org.hibernate.type.DoubleType@1db8c4bf
21:22:59.804 [Test worker] DEBUG org.hibernate.type.BasicTypeRegistry - Adding type registration java.lang.Double -> org.hibernate.type.DoubleType@1db8c4bf
21:22:59.804 [Test worker] DEBUG org.hibernate.type.BasicTypeRegistry - Adding type registration big_decimal -> org.hibernate.type.BigDecimalType@2bd9f5a7
21:22:59.804 [Test worker] DEBUG org.hibernate.type.BasicTypeRegistry - Adding type registration java.math.BigDecimal -> org.hibernate.type.BigDecimalType@2bd9f5a7
21:22:59.804 [Test worker] DEBUG org.hibernate.type.BasicTypeRegistry - Adding type registration big_integer -> org.hibernate.type.BigIntegerType@67766712
21:22:59.804 [Test worker] DEBUG org.hibernate.type.BasicTypeRegistry - Adding type registration java.math.BigInteger -> org.hibernate.type.BigIntegerType@67766712
21:22:59.804 [Test worker] DEBUG org.hibernate.type.BasicTypeRegistry - Adding type registration string -> org.hibernate.type.StringType@5abe721f
21:22:59.804 [Test worker] DEBUG org.hibernate.type.BasicTypeRegistry - Adding type registration java.lang.String -> org.hibernate.type.StringType@5abe721f
21:22:59.804 [Test worker] DEBUG org.hibernate.type.BasicTypeRegistry - Adding type registration nstring -> org.hibernate.type.StringNVarcharType@5ca83c4b
21:22:59.804 [Test worker] DEBUG org.hibernate.type.BasicTypeRegistry - Adding type registration ncharacter -> org.hibernate.type.CharacterNCharType@181579aa
21:22:59.804 [Test worker] DEBUG org.hibernate.type.BasicTypeRegistry - Adding type registration url -> org.hibernate.type.UrlType@2d95e7ff
21:22:59.804 [Test worker] DEBUG org.hibernate.type.BasicTypeRegistry - Adding type registration java.net.URL -> org.hibernate.type.UrlType@2d95e7ff
21:22:59.804 [Test worker] DEBUG org.hibernate.type.BasicTypeRegistry - Adding type registration Duration -> org.hibernate.type.DurationType@1f6d6ec5
21:22:59.804 [Test worker] DEBUG org.hibernate.type.BasicTypeRegistry - Adding type registration java.time.Duration -> org.hibernate.type.DurationType@1f6d6ec5
21:22:59.804 [Test worker] DEBUG org.hibernate.type.BasicTypeRegistry - Adding type registration Instant -> org.hibernate.type.InstantType@799b3880
21:22:59.804 [Test worker] DEBUG org.hibernate.type.BasicTypeRegistry - Adding type registration java.time.Instant -> org.hibernate.type.InstantType@799b3880
21:22:59.804 [Test worker] DEBUG org.hibernate.type.BasicTypeRegistry - Adding type registration LocalDateTime -> org.hibernate.type.LocalDateTimeType@3c9b7dcd
21:22:59.804 [Test worker] DEBUG org.hibernate.type.BasicTypeRegistry - Adding type registration java.time.LocalDateTime -> org.hibernate.type.LocalDateTimeType@3c9b7dcd
21:22:59.804 [Test worker] DEBUG org.hibernate.type.BasicTypeRegistry - Adding type registration LocalDate -> org.hibernate.type.LocalDateType@73b9d317
21:22:59.804 [Test worker] DEBUG org.hibernate.type.BasicTypeRegistry - Adding type registration java.time.LocalDate -> org.hibernate.type.LocalDateType@73b9d317
21:22:59.804 [Test worker] DEBUG org.hibernate.type.BasicTypeRegistry - Adding type registration LocalTime -> org.hibernate.type.LocalTimeType@3e938176
21:22:59.804 [Test worker] DEBUG org.hibernate.type.BasicTypeRegistry - Adding type registration java.time.LocalTime -> org.hibernate.type.LocalTimeType@3e938176
21:22:59.804 [Test worker] DEBUG org.hibernate.type.BasicTypeRegistry - Adding type registration OffsetDateTime -> org.hibernate.type.OffsetDateTimeType@1006f6a5
21:22:59.804 [Test worker] DEBUG org.hibernate.type.BasicTypeRegistry - Adding type registration java.time.OffsetDateTime -> org.hibernate.type.OffsetDateTimeType@1006f6a5
21:22:59.804 [Test worker] DEBUG org.hibernate.type.BasicTypeRegistry - Adding type registration OffsetTime -> org.hibernate.type.OffsetTimeType@5ebf30b8
21:22:59.804 [Test worker] DEBUG org.hibernate.type.BasicTypeRegistry - Adding type registration java.time.OffsetTime -> org.hibernate.type.OffsetTimeType@5ebf30b8
21:22:59.804 [Test worker] DEBUG org.hibernate.type.BasicTypeRegistry - Adding type registration ZonedDateTime -> org.hibernate.type.ZonedDateTimeType@5ecdce3a
21:22:59.804 [Test worker] DEBUG org.hibernate.type.BasicTypeRegistry - Adding type registration java.time.ZonedDateTime -> org.hibernate.type.ZonedDateTimeType@5ecdce3a
21:22:59.804 [Test worker] DEBUG org.hibernate.type.BasicTypeRegistry - Adding type registration date -> org.hibernate.type.DateType@34878a9c
21:22:59.804 [Test worker] DEBUG org.hibernate.type.BasicTypeRegistry - Adding type registration java.sql.Date -> org.hibernate.type.DateType@34878a9c
21:22:59.804 [Test worker] DEBUG org.hibernate.type.BasicTypeRegistry - Adding type registration time -> org.hibernate.type.TimeType@4be75fc9
21:22:59.804 [Test worker] DEBUG org.hibernate.type.BasicTypeRegistry - Adding type registration java.sql.Time -> org.hibernate.type.TimeType@4be75fc9
21:22:59.804 [Test worker] DEBUG org.hibernate.type.BasicTypeRegistry - Adding type registration timestamp -> org.hibernate.type.TimestampType@cd6dcfb
21:22:59.804 [Test worker] DEBUG org.hibernate.type.BasicTypeRegistry - Adding type registration java.sql.Timestamp -> org.hibernate.type.TimestampType@cd6dcfb
21:22:59.804 [Test worker] DEBUG org.hibernate.type.BasicTypeRegistry - Adding type registration java.util.Date -> org.hibernate.type.TimestampType@cd6dcfb
21:22:59.804 [Test worker] DEBUG org.hibernate.type.BasicTypeRegistry - Adding type registration dbtimestamp -> org.hibernate.type.DbTimestampType@6f70db50
21:22:59.804 [Test worker] DEBUG org.hibernate.type.BasicTypeRegistry - Adding type registration calendar -> org.hibernate.type.CalendarType@232580e4
21:22:59.804 [Test worker] DEBUG org.hibernate.type.BasicTypeRegistry - Adding type registration java.util.Calendar -> org.hibernate.type.CalendarType@232580e4
21:22:59.804 [Test worker] DEBUG org.hibernate.type.BasicTypeRegistry - Adding type registration java.util.GregorianCalendar -> org.hibernate.type.CalendarType@232580e4
21:22:59.804 [Test worker] DEBUG org.hibernate.type.BasicTypeRegistry - Adding type registration calendar_date -> org.hibernate.type.CalendarDateType@2d226c99
21:22:59.804 [Test worker] DEBUG org.hibernate.type.BasicTypeRegistry - Adding type registration calendar_time -> org.hibernate.type.CalendarTimeType@5f0ca092
21:22:59.804 [Test worker] DEBUG org.hibernate.type.BasicTypeRegistry - Adding type registration locale -> org.hibernate.type.LocaleType@2e7d6fc7
21:22:59.804 [Test worker] DEBUG org.hibernate.type.BasicTypeRegistry - Adding type registration java.util.Locale -> org.hibernate.type.LocaleType@2e7d6fc7
21:22:59.804 [Test worker] DEBUG org.hibernate.type.BasicTypeRegistry - Adding type registration currency -> org.hibernate.type.CurrencyType@298b5abb
21:22:59.804 [Test worker] DEBUG org.hibernate.type.BasicTypeRegistry - Adding type registration java.util.Currency -> org.hibernate.type.CurrencyType@298b5abb
21:22:59.804 [Test worker] DEBUG org.hibernate.type.BasicTypeRegistry - Adding type registration timezone -> org.hibernate.type.TimeZoneType@6a7223ce
21:22:59.804 [Test worker] DEBUG org.hibernate.type.BasicTypeRegistry - Adding type registration java.util.TimeZone -> org.hibernate.type.TimeZoneType@6a7223ce
21:22:59.804 [Test worker] DEBUG org.hibernate.type.BasicTypeRegistry - Adding type registration class -> org.hibernate.type.ClassType@17c86e61
21:22:59.804 [Test worker] DEBUG org.hibernate.type.BasicTypeRegistry - Adding type registration java.lang.Class -> org.hibernate.type.ClassType@17c86e61
21:22:59.804 [Test worker] DEBUG org.hibernate.type.BasicTypeRegistry - Adding type registration uuid-binary -> org.hibernate.type.UUIDBinaryType@165a29f7
21:22:59.804 [Test worker] DEBUG org.hibernate.type.BasicTypeRegistry - Adding type registration java.util.UUID -> org.hibernate.type.UUIDBinaryType@165a29f7
21:22:59.804 [Test worker] DEBUG org.hibernate.type.BasicTypeRegistry - Adding type registration uuid-char -> org.hibernate.type.UUIDCharType@57061eb5
21:22:59.804 [Test worker] DEBUG org.hibernate.type.BasicTypeRegistry - Adding type registration binary -> org.hibernate.type.BinaryType@377a3a57
21:22:59.804 [Test worker] DEBUG org.hibernate.type.BasicTypeRegistry - Adding type registration byte[] -> org.hibernate.type.BinaryType@377a3a57
21:22:59.804 [Test worker] DEBUG org.hibernate.type.BasicTypeRegistry - Adding type registration [B -> org.hibernate.type.BinaryType@377a3a57
21:22:59.804 [Test worker] DEBUG org.hibernate.type.BasicTypeRegistry - Adding type registration wrapper-binary -> org.hibernate.type.WrapperBinaryType@15236686
21:22:59.804 [Test worker] DEBUG org.hibernate.type.BasicTypeRegistry - Adding type registration Byte[] -> org.hibernate.type.WrapperBinaryType@15236686
21:22:59.804 [Test worker] DEBUG org.hibernate.type.BasicTypeRegistry - Adding type registration [Ljava.lang.Byte; -> org.hibernate.type.WrapperBinaryType@15236686
21:22:59.804 [Test worker] DEBUG org.hibernate.type.BasicTypeRegistry - Adding type registration row_version -> org.hibernate.type.RowVersionType@480544d3
21:22:59.804 [Test worker] DEBUG org.hibernate.type.BasicTypeRegistry - Adding type registration image -> org.hibernate.type.ImageType@a74733d
21:22:59.804 [Test worker] DEBUG org.hibernate.type.BasicTypeRegistry - Adding type registration characters -> org.hibernate.type.CharArrayType@10b707f8
21:22:59.804 [Test worker] DEBUG org.hibernate.type.BasicTypeRegistry - Adding type registration char[] -> org.hibernate.type.CharArrayType@10b707f8
21:22:59.804 [Test worker] DEBUG org.hibernate.type.BasicTypeRegistry - Adding type registration [C -> org.hibernate.type.CharArrayType@10b707f8
21:22:59.804 [Test worker] DEBUG org.hibernate.type.BasicTypeRegistry - Adding type registration wrapper-characters -> org.hibernate.type.CharacterArrayType@7586a107
21:22:59.804 [Test worker] DEBUG org.hibernate.type.BasicTypeRegistry - Adding type registration [Ljava.lang.Character; -> org.hibernate.type.CharacterArrayType@7586a107
21:22:59.804 [Test worker] DEBUG org.hibernate.type.BasicTypeRegistry - Adding type registration Character[] -> org.hibernate.type.CharacterArrayType@7586a107
21:22:59.804 [Test worker] DEBUG org.hibernate.type.BasicTypeRegistry - Adding type registration text -> org.hibernate.type.TextType@28e7117
21:22:59.804 [Test worker] DEBUG org.hibernate.type.BasicTypeRegistry - Adding type registration ntext -> org.hibernate.type.NTextType@4fe7c4b8
21:22:59.804 [Test worker] DEBUG org.hibernate.type.BasicTypeRegistry - Adding type registration blob -> org.hibernate.type.BlobType@69ff7971
21:22:59.804 [Test worker] DEBUG org.hibernate.type.BasicTypeRegistry - Adding type registration java.sql.Blob -> org.hibernate.type.BlobType@69ff7971
21:22:59.804 [Test worker] DEBUG org.hibernate.type.BasicTypeRegistry - Adding type registration materialized_blob -> org.hibernate.type.MaterializedBlobType@29a6bbfa
21:22:59.804 [Test worker] DEBUG org.hibernate.type.BasicTypeRegistry - Adding type registration clob -> org.hibernate.type.ClobType@6243fc09
21:22:59.804 [Test worker] DEBUG org.hibernate.type.BasicTypeRegistry - Adding type registration java.sql.Clob -> org.hibernate.type.ClobType@6243fc09
21:22:59.804 [Test worker] DEBUG org.hibernate.type.BasicTypeRegistry - Adding type registration nclob -> org.hibernate.type.NClobType@7a0e9fb4
21:22:59.804 [Test worker] DEBUG org.hibernate.type.BasicTypeRegistry - Adding type registration java.sql.NClob -> org.hibernate.type.NClobType@7a0e9fb4
21:22:59.804 [Test worker] DEBUG org.hibernate.type.BasicTypeRegistry - Adding type registration materialized_clob -> org.hibernate.type.MaterializedClobType@5568af29
21:22:59.804 [Test worker] DEBUG org.hibernate.type.BasicTypeRegistry - Adding type registration materialized_nclob -> org.hibernate.type.MaterializedNClobType@43589365
21:22:59.804 [Test worker] DEBUG org.hibernate.type.BasicTypeRegistry - Adding type registration serializable -> org.hibernate.type.SerializableType@49b714f8
21:22:59.804 [Test worker] DEBUG org.hibernate.type.BasicTypeRegistry - Adding type registration object -> org.hibernate.type.ObjectType@4b6f241f
21:22:59.804 [Test worker] DEBUG org.hibernate.type.BasicTypeRegistry - Adding type registration java.lang.Object -> org.hibernate.type.ObjectType@4b6f241f
21:22:59.804 [Test worker] DEBUG org.hibernate.type.BasicTypeRegistry - Adding type registration imm_date -> org.hibernate.type.AdaptedImmutableType@51dcedd7
21:22:59.804 [Test worker] DEBUG org.hibernate.type.BasicTypeRegistry - Adding type registration imm_time -> org.hibernate.type.AdaptedImmutableType@2cb5317
21:22:59.804 [Test worker] DEBUG org.hibernate.type.BasicTypeRegistry - Adding type registration imm_timestamp -> org.hibernate.type.AdaptedImmutableType@76bafb08
21:22:59.804 [Test worker] DEBUG org.hibernate.type.BasicTypeRegistry - Adding type registration imm_dbtimestamp -> org.hibernate.type.AdaptedImmutableType@259c1b88
21:22:59.804 [Test worker] DEBUG org.hibernate.type.BasicTypeRegistry - Adding type registration imm_calendar -> org.hibernate.type.AdaptedImmutableType@1398f8b9
21:22:59.804 [Test worker] DEBUG org.hibernate.type.BasicTypeRegistry - Adding type registration imm_calendar_date -> org.hibernate.type.AdaptedImmutableType@4b935236
21:22:59.804 [Test worker] DEBUG org.hibernate.type.BasicTypeRegistry - Adding type registration imm_binary -> org.hibernate.type.AdaptedImmutableType@6a5092f7
21:22:59.804 [Test worker] DEBUG org.hibernate.type.BasicTypeRegistry - Adding type registration imm_serializable -> org.hibernate.type.AdaptedImmutableType@2fd5846e
21:22:59.804 [Test worker] DEBUG org.hibernate.id.factory.internal.DefaultIdentifierGeneratorFactory - Registering IdentifierGenerator strategy [uuid2] -> [org.hibernate.id.UUIDGenerator]
21:22:59.804 [Test worker] DEBUG org.hibernate.id.factory.internal.DefaultIdentifierGeneratorFactory - Registering IdentifierGenerator strategy [guid] -> [org.hibernate.id.GUIDGenerator]
21:22:59.804 [Test worker] DEBUG org.hibernate.id.factory.internal.DefaultIdentifierGeneratorFactory - Registering IdentifierGenerator strategy [uuid] -> [org.hibernate.id.UUIDHexGenerator]
21:22:59.804 [Test worker] DEBUG org.hibernate.id.factory.internal.DefaultIdentifierGeneratorFactory - Registering IdentifierGenerator strategy [uuid.hex] -> [org.hibernate.id.UUIDHexGenerator]
21:22:59.804 [Test worker] DEBUG org.hibernate.id.factory.internal.DefaultIdentifierGeneratorFactory - Registering IdentifierGenerator strategy [assigned] -> [org.hibernate.id.Assigned]
21:22:59.804 [Test worker] DEBUG org.hibernate.id.factory.internal.DefaultIdentifierGeneratorFactory - Registering IdentifierGenerator strategy [identity] -> [org.hibernate.id.IdentityGenerator]
21:22:59.804 [Test worker] DEBUG org.hibernate.id.factory.internal.DefaultIdentifierGeneratorFactory - Registering IdentifierGenerator strategy [select] -> [org.hibernate.id.SelectGenerator]
21:22:59.804 [Test worker] DEBUG org.hibernate.id.factory.internal.DefaultIdentifierGeneratorFactory - Registering IdentifierGenerator strategy [sequence] -> [org.hibernate.id.enhanced.SequenceStyleGenerator]
21:22:59.804 [Test worker] DEBUG org.hibernate.id.factory.internal.DefaultIdentifierGeneratorFactory - Registering IdentifierGenerator strategy [seqhilo] -> [org.hibernate.id.SequenceHiLoGenerator]
21:22:59.804 [Test worker] DEBUG org.hibernate.id.factory.internal.DefaultIdentifierGeneratorFactory - Registering IdentifierGenerator strategy [increment] -> [org.hibernate.id.IncrementGenerator]
21:22:59.804 [Test worker] DEBUG org.hibernate.id.factory.internal.DefaultIdentifierGeneratorFactory - Registering IdentifierGenerator strategy [foreign] -> [org.hibernate.id.ForeignGenerator]
21:22:59.804 [Test worker] DEBUG org.hibernate.id.factory.internal.DefaultIdentifierGeneratorFactory - Registering IdentifierGenerator strategy [sequence-identity] -> [org.hibernate.id.SequenceIdentityGenerator]
21:22:59.804 [Test worker] DEBUG org.hibernate.id.factory.internal.DefaultIdentifierGeneratorFactory - Registering IdentifierGenerator strategy [enhanced-sequence] -> [org.hibernate.id.enhanced.SequenceStyleGenerator]
21:22:59.804 [Test worker] DEBUG org.hibernate.id.factory.internal.DefaultIdentifierGeneratorFactory - Registering IdentifierGenerator strategy [enhanced-table] -> [org.hibernate.id.enhanced.TableGenerator]
21:22:59.804 [Test worker] WARN org.hibernate.orm.connections.pooling - HHH10001002: Using Hibernate built-in connection pool (not for production use!)
21:22:59.804 [Test worker] INFO org.hibernate.orm.connections.pooling - HHH10001005: using driver [org.sqlite.JDBC] at URL [jdbc:sqlite:D:\Facultate\Projects\OrganizareCompanie\database]
21:22:59.804 [Test worker] INFO org.hibernate.orm.connections.pooling - HHH10001001: Connection properties: {password=root, user=root}
21:22:59.804 [Test worker] INFO org.hibernate.orm.connections.pooling - HHH10001003: Autocommit mode: false
21:22:59.804 [Test worker] DEBUG org.hibernate.engine.jdbc.connections.internal.DriverManagerConnectionProviderImpl - Initializing Connection pool with 1 Connections
21:22:59.804 [Test worker] INFO org.hibernate.engine.jdbc.connections.internal.DriverManagerConnectionProviderImpl - HHH000115: Hibernate connection pool size: 1 (min=1)
21:22:59.804 [Test worker] DEBUG org.hibernate.engine.jdbc.env.internal.JdbcEnvironmentInitiator - Database ->
       name : SQLite
    version : 3.34.0
      major : 3
      minor : 34
21:22:59.804 [Test worker] DEBUG org.hibernate.engine.jdbc.env.internal.JdbcEnvironmentInitiator - Driver ->
       name : SQLite JDBC
    version : 3.34.0
      major : 3
      minor : 34
21:22:59.804 [Test worker] DEBUG org.hibernate.engine.jdbc.env.internal.JdbcEnvironmentInitiator - JDBC version : 2.1
21:22:59.804 [Test worker] INFO org.hibernate.dialect.Dialect - HHH000400: Using dialect: utils.SQLiteDialect
21:22:59.804 [Test worker] DEBUG org.hibernate.engine.jdbc.env.spi.IdentifierHelperBuilder - JDBC driver metadata reported database stores quoted identifiers in neither upper, lower nor mixed case
21:22:59.804 [Test worker] DEBUG org.hibernate.engine.jdbc.env.spi.IdentifierHelperBuilder - IdentifierCaseStrategy for both quoted and unquoted identifiers was set to the same strategy [MIXED]; that will likely lead to problems in schema update and validation if using quoted identifiers
21:22:59.804 [Test worker] DEBUG org.hibernate.engine.jdbc.env.internal.LobCreatorBuilderImpl - HHH000423: Disabling contextual LOB creation as JDBC driver reported JDBC version [2] less than 4
21:22:59.804 [Test worker] DEBUG org.hibernate.boot.model.relational.Namespace - Created database namespace [logicalName=Name{catalog=null, schema=null}, physicalName=Name{catalog=null, schema=null}]
21:22:59.804 [Test worker] DEBUG org.hibernate.type.descriptor.java.JavaTypeDescriptorRegistry - JavaTypeDescriptorRegistry entry replaced : class java.time.Duration -> org.hibernate.type.descriptor.java.DurationJavaDescriptor@484b819 (was org.hibernate.type.descriptor.java.DurationJavaDescriptor@484b819)
21:22:59.804 [Test worker] DEBUG org.hibernate.type.descriptor.java.JavaTypeDescriptorRegistry - JavaTypeDescriptorRegistry entry replaced : class java.time.Instant -> org.hibernate.type.descriptor.java.InstantJavaDescriptor@7a6a60d2 (was org.hibernate.type.descriptor.java.InstantJavaDescriptor@7a6a60d2)
21:22:59.804 [Test worker] DEBUG org.hibernate.type.descriptor.java.JavaTypeDescriptorRegistry - JavaTypeDescriptorRegistry entry replaced : class java.time.LocalDate -> org.hibernate.type.descriptor.java.LocalDateJavaDescriptor@7ac3817d (was org.hibernate.type.descriptor.java.LocalDateJavaDescriptor@7ac3817d)
21:22:59.804 [Test worker] DEBUG org.hibernate.type.descriptor.java.JavaTypeDescriptorRegistry - JavaTypeDescriptorRegistry entry replaced : class java.time.LocalDateTime -> org.hibernate.type.descriptor.java.LocalDateTimeJavaDescriptor@616d0e6e (was org.hibernate.type.descriptor.java.LocalDateTimeJavaDescriptor@616d0e6e)
21:22:59.804 [Test worker] DEBUG org.hibernate.type.descriptor.java.JavaTypeDescriptorRegistry - JavaTypeDescriptorRegistry entry replaced : class java.time.OffsetDateTime -> org.hibernate.type.descriptor.java.OffsetDateTimeJavaDescriptor@4008262a (was org.hibernate.type.descriptor.java.OffsetDateTimeJavaDescriptor@4008262a)
21:22:59.804 [Test worker] DEBUG org.hibernate.type.descriptor.java.JavaTypeDescriptorRegistry - JavaTypeDescriptorRegistry entry replaced : class java.time.OffsetTime -> org.hibernate.type.descriptor.java.OffsetTimeJavaDescriptor@69cda209 (was org.hibernate.type.descriptor.java.OffsetTimeJavaDescriptor@69cda209)
21:22:59.804 [Test worker] DEBUG org.hibernate.type.descriptor.java.JavaTypeDescriptorRegistry - JavaTypeDescriptorRegistry entry replaced : class java.time.ZonedDateTime -> org.hibernate.type.descriptor.java.ZonedDateTimeJavaDescriptor@f630e24 (was org.hibernate.type.descriptor.java.ZonedDateTimeJavaDescriptor@f630e24)
21:22:59.804 [Test worker] DEBUG org.hibernate.type.BasicTypeRegistry - Adding type registration Duration -> org.hibernate.type.DurationType@1f6d6ec5
21:22:59.804 [Test worker] DEBUG org.hibernate.type.BasicTypeRegistry - Adding type registration java.time.Duration -> org.hibernate.type.DurationType@1f6d6ec5
21:22:59.804 [Test worker] DEBUG org.hibernate.type.BasicTypeRegistry - Adding type registration Instant -> org.hibernate.type.InstantType@799b3880
21:22:59.804 [Test worker] DEBUG org.hibernate.type.BasicTypeRegistry - Adding type registration java.time.Instant -> org.hibernate.type.InstantType@799b3880
21:22:59.804 [Test worker] DEBUG org.hibernate.type.BasicTypeRegistry - Adding type registration LocalDateTime -> org.hibernate.type.LocalDateTimeType@3c9b7dcd
21:22:59.804 [Test worker] DEBUG org.hibernate.type.BasicTypeRegistry - Adding type registration java.time.LocalDateTime -> org.hibernate.type.LocalDateTimeType@3c9b7dcd
21:22:59.804 [Test worker] DEBUG org.hibernate.type.BasicTypeRegistry - Adding type registration LocalDate -> org.hibernate.type.LocalDateType@73b9d317
21:22:59.804 [Test worker] DEBUG org.hibernate.type.BasicTypeRegistry - Adding type registration java.time.LocalDate -> org.hibernate.type.LocalDateType@73b9d317
21:22:59.804 [Test worker] DEBUG org.hibernate.type.BasicTypeRegistry - Adding type registration LocalTime -> org.hibernate.type.LocalTimeType@3e938176
21:22:59.804 [Test worker] DEBUG org.hibernate.type.BasicTypeRegistry - Adding type registration java.time.LocalTime -> org.hibernate.type.LocalTimeType@3e938176
21:22:59.804 [Test worker] DEBUG org.hibernate.type.BasicTypeRegistry - Adding type registration OffsetDateTime -> org.hibernate.type.OffsetDateTimeType@1006f6a5
21:22:59.804 [Test worker] DEBUG org.hibernate.type.BasicTypeRegistry - Adding type registration java.time.OffsetDateTime -> org.hibernate.type.OffsetDateTimeType@1006f6a5
21:22:59.804 [Test worker] DEBUG org.hibernate.type.BasicTypeRegistry - Adding type registration OffsetTime -> org.hibernate.type.OffsetTimeType@5ebf30b8
21:22:59.804 [Test worker] DEBUG org.hibernate.type.BasicTypeRegistry - Adding type registration java.time.OffsetTime -> org.hibernate.type.OffsetTimeType@5ebf30b8
21:22:59.804 [Test worker] DEBUG org.hibernate.type.BasicTypeRegistry - Adding type registration ZonedDateTime -> org.hibernate.type.ZonedDateTimeType@5ecdce3a
21:22:59.804 [Test worker] DEBUG org.hibernate.type.BasicTypeRegistry - Adding type registration java.time.ZonedDateTime -> org.hibernate.type.ZonedDateTimeType@5ecdce3a
21:22:59.804 [Test worker] DEBUG org.hibernate.type.spi.TypeConfiguration$Scope - Scoping TypeConfiguration [org.hibernate.type.spi.TypeConfiguration@16859e27] to MetadataBuildingContext [org.hibernate.boot.internal.MetadataBuildingContextRootImpl@3fe2a856]
21:22:59.804 [Test worker] DEBUG org.hibernate.cfg.AnnotationBinder - Binding entity from annotated class: domain.Angajat
21:22:59.804 [Test worker] DEBUG org.hibernate.cfg.Ejb3Column - Binding column: Ejb3DiscriminatorColumn{logicalColumnName'DTYPE', discriminatorTypeName='string'}
21:22:59.804 [Test worker] DEBUG org.hibernate.cfg.annotations.EntityBinder - Import with entity name Angajat
21:22:59.804 [Test worker] DEBUG org.hibernate.cfg.annotations.EntityBinder - Bind entity domain.Angajat on table angajati
21:22:59.820 [Test worker] DEBUG org.hibernate.cfg.Ejb3Column - Binding column: Ejb3Column{table=org.hibernate.mapping.Table(angajati), mappingColumn=id, insertable=true, updatable=true, unique=false}
21:22:59.820 [Test worker] DEBUG org.hibernate.boot.internal.ClassLoaderAccessImpl - Not known whether passed class name [domain.Angajat] is safe
21:22:59.820 [Test worker] DEBUG org.hibernate.boot.internal.ClassLoaderAccessImpl - No temp ClassLoader provided; using live ClassLoader for loading potentially unsafe class : domain.Angajat
21:22:59.820 [Test worker] DEBUG org.hibernate.cfg.annotations.PropertyBinder - MetadataSourceProcessor property id with lazy=false
21:22:59.820 [Test worker] DEBUG org.hibernate.cfg.AbstractPropertyHolder - Attempting to locate auto-apply AttributeConverter for property [domain.Angajat:id]
21:22:59.820 [Test worker] DEBUG org.hibernate.cfg.annotations.SimpleValueBinder - building SimpleValue for id
21:22:59.820 [Test worker] DEBUG org.hibernate.cfg.annotations.PropertyBinder - Building property id
21:22:59.820 [Test worker] DEBUG org.hibernate.cfg.BinderHelper - #makeIdGenerator(org.hibernate.mapping.SimpleValue([org.hibernate.mapping.Column(id)]), id, identity, , ...)
21:22:59.820 [Test worker] DEBUG org.hibernate.cfg.Ejb3Column - Binding column: Ejb3JoinColumn{logicalColumnName='null', referencedColumn='null', mappedBy='angajat'}
21:22:59.820 [Test worker] DEBUG org.hibernate.cfg.Ejb3Column - Binding column: Ejb3Column{table=org.hibernate.mapping.Table(angajati), mappingColumn=concedii, insertable=true, updatable=true, unique=false}
21:22:59.820 [Test worker] DEBUG org.hibernate.cfg.Ejb3Column - Binding column: Ejb3Column{table=org.hibernate.mapping.Table(angajati), mappingColumn=null, insertable=true, updatable=true, unique=false}
21:22:59.820 [Test worker] DEBUG org.hibernate.cfg.Ejb3Column - Binding column: Ejb3Column{table=org.hibernate.mapping.Table(angajati), mappingColumn=element, insertable=true, updatable=true, unique=false}
21:22:59.820 [Test worker] DEBUG org.hibernate.cfg.Ejb3Column - Binding column: Ejb3Column{table=org.hibernate.mapping.Table(angajati), mappingColumn=concedii_KEY, insertable=true, updatable=true, unique=false}
21:22:59.820 [Test worker] DEBUG org.hibernate.cfg.Ejb3Column - Binding column: Ejb3JoinColumn{logicalColumnName='concedii_KEY', referencedColumn='null', mappedBy='null'}
21:22:59.820 [Test worker] DEBUG org.hibernate.cfg.Ejb3Column - Binding column: Ejb3JoinColumn{logicalColumnName='null', referencedColumn='null', mappedBy='angajat'}
21:22:59.820 [Test worker] DEBUG org.hibernate.cfg.Ejb3Column - Binding column: Ejb3JoinColumn{logicalColumnName='null', referencedColumn='null', mappedBy='angajat'}
21:22:59.820 [Test worker] DEBUG org.hibernate.cfg.annotations.CollectionBinder - Collection role: domain.Angajat.concedii
21:22:59.820 [Test worker] DEBUG org.hibernate.cfg.annotations.PropertyBinder - Building property concedii
21:22:59.820 [Test worker] DEBUG org.hibernate.cfg.Ejb3Column - Binding column: Ejb3Column{table=org.hibernate.mapping.Table(angajati), mappingColumn=data_angajare, insertable=true, updatable=true, unique=false}
21:22:59.820 [Test worker] DEBUG org.hibernate.cfg.annotations.PropertyBinder - MetadataSourceProcessor property dataAngajare with lazy=false
21:22:59.820 [Test worker] DEBUG org.hibernate.cfg.AbstractPropertyHolder - Attempting to locate auto-apply AttributeConverter for property [domain.Angajat:dataAngajare]
21:22:59.820 [Test worker] DEBUG org.hibernate.cfg.annotations.SimpleValueBinder - building SimpleValue for dataAngajare
21:22:59.820 [Test worker] DEBUG org.hibernate.cfg.annotations.PropertyBinder - Building property dataAngajare
21:22:59.820 [Test worker] DEBUG org.hibernate.cfg.Ejb3Column - Binding column: Ejb3Column{table=org.hibernate.mapping.Table(angajati), mappingColumn=null, insertable=true, updatable=true, unique=false}
21:22:59.820 [Test worker] DEBUG org.hibernate.cfg.Ejb3Column - Binding column: Ejb3Column{table=org.hibernate.mapping.Table(angajati), mappingColumn=element, insertable=true, updatable=true, unique=false}
21:22:59.820 [Test worker] DEBUG org.hibernate.cfg.Ejb3Column - Binding column: Ejb3Column{table=org.hibernate.mapping.Table(angajati), mappingColumn=departamente_KEY, insertable=true, updatable=true, unique=false}
21:22:59.820 [Test worker] DEBUG org.hibernate.cfg.Ejb3Column - Binding column: Ejb3JoinColumn{logicalColumnName='departamente_KEY', referencedColumn='null', mappedBy='null'}
21:22:59.820 [Test worker] DEBUG org.hibernate.cfg.Ejb3Column - Binding column: Ejb3JoinColumn{logicalColumnName='id_angajat', referencedColumn='', mappedBy=''}
21:22:59.820 [Test worker] DEBUG org.hibernate.cfg.Ejb3Column - Binding column: Ejb3JoinColumn{logicalColumnName='id_departament', referencedColumn='', mappedBy=''}
21:22:59.820 [Test worker] DEBUG org.hibernate.cfg.annotations.CollectionBinder - Collection role: domain.Angajat.departamente
21:22:59.820 [Test worker] DEBUG org.hibernate.cfg.annotations.PropertyBinder - Building property departamente
21:22:59.820 [Test worker] DEBUG org.hibernate.cfg.Ejb3Column - Binding column: Ejb3JoinColumn{logicalColumnName='null', referencedColumn='null', mappedBy='null'}
21:22:59.820 [Test worker] DEBUG org.hibernate.cfg.Ejb3Column - Binding column: Ejb3Column{table=org.hibernate.mapping.Table(angajati), mappingColumn=functie, insertable=true, updatable=true, unique=false}
21:22:59.820 [Test worker] DEBUG org.hibernate.cfg.annotations.PropertyBinder - Building property functie
21:22:59.820 [Test worker] DEBUG org.hibernate.cfg.Ejb3Column - Binding column: Ejb3Column{table=org.hibernate.mapping.Table(angajati), mappingColumn=id_superior, insertable=true, updatable=true, unique=false}
21:22:59.820 [Test worker] DEBUG org.hibernate.cfg.annotations.PropertyBinder - MetadataSourceProcessor property idSuperior with lazy=false
21:22:59.820 [Test worker] DEBUG org.hibernate.cfg.AbstractPropertyHolder - Attempting to locate auto-apply AttributeConverter for property [domain.Angajat:idSuperior]
21:22:59.820 [Test worker] DEBUG org.hibernate.cfg.annotations.SimpleValueBinder - building SimpleValue for idSuperior
21:22:59.820 [Test worker] DEBUG org.hibernate.cfg.annotations.PropertyBinder - Building property idSuperior
21:22:59.820 [Test worker] DEBUG org.hibernate.cfg.Ejb3Column - Binding column: Ejb3Column{table=org.hibernate.mapping.Table(angajati), mappingColumn=null, insertable=true, updatable=true, unique=false}
21:22:59.820 [Test worker] DEBUG org.hibernate.cfg.Ejb3Column - Binding column: Ejb3Column{table=org.hibernate.mapping.Table(angajati), mappingColumn=element, insertable=true, updatable=true, unique=false}
21:22:59.820 [Test worker] DEBUG org.hibernate.cfg.Ejb3Column - Binding column: Ejb3Column{table=org.hibernate.mapping.Table(angajati), mappingColumn=proiecte_KEY, insertable=true, updatable=true, unique=false}
21:22:59.820 [Test worker] DEBUG org.hibernate.cfg.Ejb3Column - Binding column: Ejb3JoinColumn{logicalColumnName='proiecte_KEY', referencedColumn='null', mappedBy='null'}
21:22:59.820 [Test worker] DEBUG org.hibernate.cfg.Ejb3Column - Binding column: Ejb3JoinColumn{logicalColumnName='id_angajat', referencedColumn='', mappedBy=''}
21:22:59.820 [Test worker] DEBUG org.hibernate.cfg.Ejb3Column - Binding column: Ejb3JoinColumn{logicalColumnName='id_proiect', referencedColumn='', mappedBy=''}
21:22:59.820 [Test worker] DEBUG org.hibernate.cfg.annotations.CollectionBinder - Collection role: domain.Angajat.proiecte
21:22:59.820 [Test worker] DEBUG org.hibernate.cfg.annotations.PropertyBinder - Building property proiecte
21:22:59.820 [Test worker] DEBUG org.hibernate.cfg.AnnotationBinder - Binding entity from annotated class: domain.Concediu
21:22:59.820 [Test worker] DEBUG org.hibernate.cfg.Ejb3Column - Binding column: Ejb3DiscriminatorColumn{logicalColumnName'DTYPE', discriminatorTypeName='string'}
21:22:59.820 [Test worker] DEBUG org.hibernate.cfg.annotations.EntityBinder - Import with entity name Concediu
21:22:59.820 [Test worker] DEBUG org.hibernate.cfg.annotations.EntityBinder - Bind entity domain.Concediu on table concedii
21:22:59.820 [Test worker] DEBUG org.hibernate.cfg.Ejb3Column - Binding column: Ejb3Column{table=org.hibernate.mapping.Table(concedii), mappingColumn=id, insertable=true, updatable=true, unique=false}
21:22:59.820 [Test worker] DEBUG org.hibernate.boot.internal.ClassLoaderAccessImpl - Not known whether passed class name [domain.Concediu] is safe
21:22:59.820 [Test worker] DEBUG org.hibernate.boot.internal.ClassLoaderAccessImpl - No temp ClassLoader provided; using live ClassLoader for loading potentially unsafe class : domain.Concediu
21:22:59.820 [Test worker] DEBUG org.hibernate.cfg.annotations.PropertyBinder - MetadataSourceProcessor property id with lazy=false
21:22:59.820 [Test worker] DEBUG org.hibernate.cfg.AbstractPropertyHolder - Attempting to locate auto-apply AttributeConverter for property [domain.Concediu:id]
21:22:59.820 [Test worker] DEBUG org.hibernate.cfg.annotations.SimpleValueBinder - building SimpleValue for id
21:22:59.820 [Test worker] DEBUG org.hibernate.cfg.annotations.PropertyBinder - Building property id
21:22:59.820 [Test worker] DEBUG org.hibernate.cfg.BinderHelper - #makeIdGenerator(org.hibernate.mapping.SimpleValue([org.hibernate.mapping.Column(id)]), id, identity, , ...)
21:22:59.820 [Test worker] DEBUG org.hibernate.cfg.Ejb3Column - Binding column: Ejb3JoinColumn{logicalColumnName='id_angajat', referencedColumn='', mappedBy=''}
21:22:59.820 [Test worker] DEBUG org.hibernate.cfg.Ejb3Column - Binding column: Ejb3Column{table=org.hibernate.mapping.Table(concedii), mappingColumn=angajat, insertable=true, updatable=true, unique=false}
21:22:59.820 [Test worker] DEBUG org.hibernate.cfg.annotations.PropertyBinder - Building property angajat
21:22:59.820 [Test worker] DEBUG org.hibernate.cfg.Ejb3Column - Binding column: Ejb3Column{table=org.hibernate.mapping.Table(concedii), mappingColumn=data_inceput, insertable=true, updatable=true, unique=false}
21:22:59.820 [Test worker] DEBUG org.hibernate.cfg.annotations.PropertyBinder - MetadataSourceProcessor property dataInceput with lazy=false
21:22:59.820 [Test worker] DEBUG org.hibernate.cfg.AbstractPropertyHolder - Attempting to locate auto-apply AttributeConverter for property [domain.Concediu:dataInceput]
21:22:59.820 [Test worker] DEBUG org.hibernate.cfg.annotations.SimpleValueBinder - building SimpleValue for dataInceput
21:22:59.820 [Test worker] DEBUG org.hibernate.cfg.annotations.PropertyBinder - Building property dataInceput
21:22:59.820 [Test worker] DEBUG org.hibernate.cfg.Ejb3Column - Binding column: Ejb3Column{table=org.hibernate.mapping.Table(concedii), mappingColumn=data_sfarsit, insertable=true, updatable=true, unique=false}
21:22:59.820 [Test worker] DEBUG org.hibernate.cfg.annotations.PropertyBinder - MetadataSourceProcessor property dataSfarsit with lazy=false
21:22:59.820 [Test worker] DEBUG org.hibernate.cfg.AbstractPropertyHolder - Attempting to locate auto-apply AttributeConverter for property [domain.Concediu:dataSfarsit]
21:22:59.820 [Test worker] DEBUG org.hibernate.cfg.annotations.SimpleValueBinder - building SimpleValue for dataSfarsit
21:22:59.820 [Test worker] DEBUG org.hibernate.cfg.annotations.PropertyBinder - Building property dataSfarsit
21:22:59.820 [Test worker] DEBUG org.hibernate.cfg.AnnotationBinder - Binding entity from annotated class: domain.Departament
21:22:59.820 [Test worker] DEBUG org.hibernate.cfg.Ejb3Column - Binding column: Ejb3DiscriminatorColumn{logicalColumnName'DTYPE', discriminatorTypeName='string'}
21:22:59.820 [Test worker] DEBUG org.hibernate.cfg.annotations.EntityBinder - Import with entity name Departament
21:22:59.820 [Test worker] DEBUG org.hibernate.cfg.annotations.EntityBinder - Bind entity domain.Departament on table departamente
21:22:59.820 [Test worker] DEBUG org.hibernate.cfg.Ejb3Column - Binding column: Ejb3Column{table=org.hibernate.mapping.Table(departamente), mappingColumn=id, insertable=true, updatable=true, unique=false}
21:22:59.820 [Test worker] DEBUG org.hibernate.boot.internal.ClassLoaderAccessImpl - Not known whether passed class name [domain.Departament] is safe
21:22:59.820 [Test worker] DEBUG org.hibernate.boot.internal.ClassLoaderAccessImpl - No temp ClassLoader provided; using live ClassLoader for loading potentially unsafe class : domain.Departament
21:22:59.820 [Test worker] DEBUG org.hibernate.cfg.annotations.PropertyBinder - MetadataSourceProcessor property id with lazy=false
21:22:59.820 [Test worker] DEBUG org.hibernate.cfg.AbstractPropertyHolder - Attempting to locate auto-apply AttributeConverter for property [domain.Departament:id]
21:22:59.820 [Test worker] DEBUG org.hibernate.cfg.annotations.SimpleValueBinder - building SimpleValue for id
21:22:59.820 [Test worker] DEBUG org.hibernate.cfg.annotations.PropertyBinder - Building property id
21:22:59.820 [Test worker] DEBUG org.hibernate.cfg.BinderHelper - #makeIdGenerator(org.hibernate.mapping.SimpleValue([org.hibernate.mapping.Column(id)]), id, identity, , ...)
21:22:59.820 [Test worker] DEBUG org.hibernate.cfg.Ejb3Column - Binding column: Ejb3Column{table=org.hibernate.mapping.Table(departamente), mappingColumn=id_director, insertable=true, updatable=true, unique=false}
21:22:59.820 [Test worker] DEBUG org.hibernate.cfg.annotations.PropertyBinder - MetadataSourceProcessor property idDirector with lazy=false
21:22:59.820 [Test worker] DEBUG org.hibernate.cfg.AbstractPropertyHolder - Attempting to locate auto-apply AttributeConverter for property [domain.Departament:idDirector]
21:22:59.820 [Test worker] DEBUG org.hibernate.cfg.annotations.SimpleValueBinder - building SimpleValue for idDirector
21:22:59.820 [Test worker] DEBUG org.hibernate.cfg.annotations.PropertyBinder - Building property idDirector
21:22:59.820 [Test worker] DEBUG org.hibernate.cfg.AnnotationBinder - Binding entity from annotated class: domain.Functie
21:22:59.820 [Test worker] DEBUG org.hibernate.cfg.Ejb3Column - Binding column: Ejb3DiscriminatorColumn{logicalColumnName'DTYPE', discriminatorTypeName='string'}
21:22:59.820 [Test worker] DEBUG org.hibernate.cfg.annotations.EntityBinder - Import with entity name Functie
21:22:59.820 [Test worker] DEBUG org.hibernate.cfg.annotations.EntityBinder - Bind entity domain.Functie on table functii
21:22:59.820 [Test worker] DEBUG org.hibernate.cfg.Ejb3Column - Binding column: Ejb3Column{table=org.hibernate.mapping.Table(functii), mappingColumn=id, insertable=true, updatable=true, unique=false}
21:22:59.820 [Test worker] DEBUG org.hibernate.boot.internal.ClassLoaderAccessImpl - Not known whether passed class name [domain.Functie] is safe
21:22:59.820 [Test worker] DEBUG org.hibernate.boot.internal.ClassLoaderAccessImpl - No temp ClassLoader provided; using live ClassLoader for loading potentially unsafe class : domain.Functie
21:22:59.820 [Test worker] DEBUG org.hibernate.cfg.annotations.PropertyBinder - MetadataSourceProcessor property id with lazy=false
21:22:59.820 [Test worker] DEBUG org.hibernate.cfg.AbstractPropertyHolder - Attempting to locate auto-apply AttributeConverter for property [domain.Functie:id]
21:22:59.820 [Test worker] DEBUG org.hibernate.cfg.annotations.SimpleValueBinder - building SimpleValue for id
21:22:59.820 [Test worker] DEBUG org.hibernate.cfg.annotations.PropertyBinder - Building property id
21:22:59.820 [Test worker] DEBUG org.hibernate.cfg.BinderHelper - #makeIdGenerator(org.hibernate.mapping.SimpleValue([org.hibernate.mapping.Column(id)]), id, identity, , ...)
21:22:59.820 [Test worker] DEBUG org.hibernate.cfg.Ejb3Column - Binding column: Ejb3Column{table=org.hibernate.mapping.Table(functii), mappingColumn=salar_de_baza, insertable=true, updatable=true, unique=false}
21:22:59.820 [Test worker] DEBUG org.hibernate.cfg.annotations.PropertyBinder - MetadataSourceProcessor property salarDeBaza with lazy=false
21:22:59.820 [Test worker] DEBUG org.hibernate.cfg.AbstractPropertyHolder - Attempting to locate auto-apply AttributeConverter for property [domain.Functie:salarDeBaza]
21:22:59.820 [Test worker] DEBUG org.hibernate.cfg.annotations.SimpleValueBinder - building SimpleValue for salarDeBaza
21:22:59.820 [Test worker] DEBUG org.hibernate.cfg.annotations.PropertyBinder - Building property salarDeBaza
21:22:59.820 [Test worker] DEBUG org.hibernate.cfg.AnnotationBinder - Binding entity from annotated class: domain.Proiect
21:22:59.820 [Test worker] DEBUG org.hibernate.cfg.Ejb3Column - Binding column: Ejb3DiscriminatorColumn{logicalColumnName'DTYPE', discriminatorTypeName='string'}
21:22:59.820 [Test worker] DEBUG org.hibernate.cfg.annotations.EntityBinder - Import with entity name Proiect
21:22:59.820 [Test worker] DEBUG org.hibernate.cfg.annotations.EntityBinder - Bind entity domain.Proiect on table proiecte
21:22:59.820 [Test worker] DEBUG org.hibernate.cfg.Ejb3Column - Binding column: Ejb3Column{table=org.hibernate.mapping.Table(proiecte), mappingColumn=id, insertable=true, updatable=true, unique=false}
21:22:59.820 [Test worker] DEBUG org.hibernate.boot.internal.ClassLoaderAccessImpl - Not known whether passed class name [domain.Proiect] is safe
21:22:59.820 [Test worker] DEBUG org.hibernate.boot.internal.ClassLoaderAccessImpl - No temp ClassLoader provided; using live ClassLoader for loading potentially unsafe class : domain.Proiect
21:22:59.820 [Test worker] DEBUG org.hibernate.cfg.annotations.PropertyBinder - MetadataSourceProcessor property id with lazy=false
21:22:59.820 [Test worker] DEBUG org.hibernate.cfg.AbstractPropertyHolder - Attempting to locate auto-apply AttributeConverter for property [domain.Proiect:id]
21:22:59.820 [Test worker] DEBUG org.hibernate.cfg.annotations.SimpleValueBinder - building SimpleValue for id
21:22:59.820 [Test worker] DEBUG org.hibernate.cfg.annotations.PropertyBinder - Building property id
21:22:59.820 [Test worker] DEBUG org.hibernate.cfg.BinderHelper - #makeIdGenerator(org.hibernate.mapping.SimpleValue([org.hibernate.mapping.Column(id)]), id, identity, , ...)
21:22:59.820 [Test worker] DEBUG org.hibernate.cfg.Ejb3Column - Binding column: Ejb3Column{table=org.hibernate.mapping.Table(proiecte), mappingColumn=data_inceput, insertable=true, updatable=true, unique=false}
21:22:59.820 [Test worker] DEBUG org.hibernate.cfg.annotations.PropertyBinder - MetadataSourceProcessor property dataInceput with lazy=false
21:22:59.820 [Test worker] DEBUG org.hibernate.cfg.AbstractPropertyHolder - Attempting to locate auto-apply AttributeConverter for property [domain.Proiect:dataInceput]
21:22:59.820 [Test worker] DEBUG org.hibernate.cfg.annotations.SimpleValueBinder - building SimpleValue for dataInceput
21:22:59.820 [Test worker] DEBUG org.hibernate.cfg.annotations.PropertyBinder - Building property dataInceput
21:22:59.820 [Test worker] DEBUG org.hibernate.cfg.Ejb3Column - Binding column: Ejb3Column{table=org.hibernate.mapping.Table(proiecte), mappingColumn=deadline, insertable=true, updatable=true, unique=false}
21:22:59.820 [Test worker] DEBUG org.hibernate.cfg.annotations.PropertyBinder - MetadataSourceProcessor property deadline with lazy=false
21:22:59.820 [Test worker] DEBUG org.hibernate.cfg.AbstractPropertyHolder - Attempting to locate auto-apply AttributeConverter for property [domain.Proiect:deadline]
21:22:59.820 [Test worker] DEBUG org.hibernate.cfg.annotations.SimpleValueBinder - building SimpleValue for deadline
21:22:59.820 [Test worker] DEBUG org.hibernate.cfg.annotations.PropertyBinder - Building property deadline
21:22:59.820 [Test worker] DEBUG org.hibernate.cfg.annotations.SimpleValueBinder - Starting fillSimpleValue for id
21:22:59.820 [Test worker] DEBUG org.hibernate.cfg.annotations.SimpleValueBinder - Starting fillSimpleValue for dataAngajare
21:22:59.820 [Test worker] DEBUG org.hibernate.cfg.annotations.SimpleValueBinder - Starting fillSimpleValue for idSuperior
21:22:59.820 [Test worker] DEBUG org.hibernate.cfg.annotations.SimpleValueBinder - Starting fillSimpleValue for id
21:22:59.820 [Test worker] DEBUG org.hibernate.cfg.annotations.SimpleValueBinder - Starting fillSimpleValue for dataInceput
21:22:59.820 [Test worker] DEBUG org.hibernate.cfg.annotations.SimpleValueBinder - Starting fillSimpleValue for dataSfarsit
21:22:59.820 [Test worker] DEBUG org.hibernate.cfg.annotations.SimpleValueBinder - Starting fillSimpleValue for id
21:22:59.820 [Test worker] DEBUG org.hibernate.cfg.annotations.SimpleValueBinder - Starting fillSimpleValue for idDirector
21:22:59.820 [Test worker] DEBUG org.hibernate.cfg.annotations.SimpleValueBinder - Starting fillSimpleValue for id
21:22:59.820 [Test worker] DEBUG org.hibernate.cfg.annotations.SimpleValueBinder - Starting fillSimpleValue for salarDeBaza
21:22:59.820 [Test worker] DEBUG org.hibernate.cfg.annotations.SimpleValueBinder - Starting fillSimpleValue for id
21:22:59.820 [Test worker] DEBUG org.hibernate.cfg.annotations.SimpleValueBinder - Starting fillSimpleValue for dataInceput
21:22:59.820 [Test worker] DEBUG org.hibernate.cfg.annotations.SimpleValueBinder - Starting fillSimpleValue for deadline
21:22:59.820 [Test worker] DEBUG org.hibernate.mapping.PrimaryKey - Forcing column [id] to be non-null as it is part of the primary key for table [angajati]
21:22:59.820 [Test worker] DEBUG org.hibernate.mapping.PrimaryKey - Forcing column [id] to be non-null as it is part of the primary key for table [concedii]
21:22:59.820 [Test worker] DEBUG org.hibernate.mapping.PrimaryKey - Forcing column [id] to be non-null as it is part of the primary key for table [departamente]
21:22:59.820 [Test worker] DEBUG org.hibernate.mapping.PrimaryKey - Forcing column [id] to be non-null as it is part of the primary key for table [functii]
21:22:59.820 [Test worker] DEBUG org.hibernate.mapping.PrimaryKey - Forcing column [id] to be non-null as it is part of the primary key for table [proiecte]
21:22:59.820 [Test worker] DEBUG org.hibernate.cfg.CollectionSecondPass - Second pass for collection: domain.Angajat.proiecte
21:22:59.820 [Test worker] DEBUG org.hibernate.cfg.annotations.CollectionBinder - Binding as ManyToMany: domain.Angajat.proiecte
21:22:59.820 [Test worker] DEBUG org.hibernate.mapping.PrimaryKey - Forcing column [id_angajat] to be non-null as it is part of the primary key for table [angajati_proiecte]
21:22:59.820 [Test worker] DEBUG org.hibernate.mapping.PrimaryKey - Forcing column [id_proiect] to be non-null as it is part of the primary key for table [angajati_proiecte]
21:22:59.820 [Test worker] DEBUG org.hibernate.cfg.CollectionSecondPass - Mapped collection key: id_angajat, element: id_proiect
21:22:59.820 [Test worker] DEBUG org.hibernate.cfg.CollectionSecondPass - Second pass for collection: domain.Angajat.departamente
21:22:59.820 [Test worker] DEBUG org.hibernate.cfg.annotations.CollectionBinder - Binding as ManyToMany: domain.Angajat.departamente
21:22:59.820 [Test worker] DEBUG org.hibernate.mapping.PrimaryKey - Forcing column [id_angajat] to be non-null as it is part of the primary key for table [angajati_departamente]
21:22:59.820 [Test worker] DEBUG org.hibernate.mapping.PrimaryKey - Forcing column [id_departament] to be non-null as it is part of the primary key for table [angajati_departamente]
21:22:59.820 [Test worker] DEBUG org.hibernate.cfg.CollectionSecondPass - Mapped collection key: id_angajat, element: id_departament
21:22:59.820 [Test worker] DEBUG org.hibernate.cfg.CollectionSecondPass - Second pass for collection: domain.Angajat.concedii
21:22:59.820 [Test worker] DEBUG org.hibernate.cfg.annotations.CollectionBinder - Binding a OneToMany: domain.Angajat.concedii through a foreign key
21:22:59.820 [Test worker] DEBUG org.hibernate.cfg.annotations.CollectionBinder - Mapping collection: domain.Angajat.concedii -> concedii
21:22:59.820 [Test worker] DEBUG org.hibernate.cfg.annotations.TableBinder - Retrieving property domain.Concediu.angajat
21:22:59.820 [Test worker] DEBUG org.hibernate.cfg.CollectionSecondPass - Mapped collection key: id_angajat, one-to-many: domain.Concediu
21:22:59.820 [Test worker] DEBUG org.hibernate.boot.internal.InFlightMetadataCollectorImpl - Resolving reference to class: domain.Functie
21:22:59.820 [Test worker] DEBUG org.hibernate.boot.internal.InFlightMetadataCollectorImpl - Resolving reference to class: domain.Departament
21:22:59.820 [Test worker] DEBUG org.hibernate.boot.internal.InFlightMetadataCollectorImpl - Resolving reference to class: domain.Angajat
21:22:59.820 [Test worker] DEBUG org.hibernate.boot.internal.InFlightMetadataCollectorImpl - Resolving reference to class: domain.Proiect
21:22:59.820 [Test worker] DEBUG org.hibernate.boot.internal.InFlightMetadataCollectorImpl - Resolving reference to class: domain.Angajat
21:22:59.820 [Test worker] DEBUG org.hibernate.boot.internal.InFlightMetadataCollectorImpl - Resolving reference to class: domain.Angajat
21:22:59.820 [Test worker] DEBUG org.hibernate.boot.internal.InFlightMetadataCollectorImpl - Resolving reference to class: domain.Functie
21:22:59.820 [Test worker] DEBUG org.hibernate.boot.internal.InFlightMetadataCollectorImpl - Resolving reference to class: domain.Departament
21:22:59.820 [Test worker] DEBUG org.hibernate.boot.internal.InFlightMetadataCollectorImpl - Resolving reference to class: domain.Angajat
21:22:59.820 [Test worker] DEBUG org.hibernate.boot.internal.InFlightMetadataCollectorImpl - Resolving reference to class: domain.Proiect
21:22:59.820 [Test worker] DEBUG org.hibernate.boot.internal.InFlightMetadataCollectorImpl - Resolving reference to class: domain.Angajat
21:22:59.820 [Test worker] DEBUG org.hibernate.boot.internal.InFlightMetadataCollectorImpl - Resolving reference to class: domain.Angajat
21:22:59.820 [Test worker] DEBUG org.hibernate.internal.SessionFactoryImpl - Building session factory
21:22:59.820 [Test worker] DEBUG org.hibernate.cfg.Settings - SessionFactory name : null
21:22:59.820 [Test worker] DEBUG org.hibernate.cfg.Settings - Automatic flush during beforeCompletion(): enabled
21:22:59.820 [Test worker] DEBUG org.hibernate.cfg.Settings - Automatic session close at end of transaction: disabled
21:22:59.820 [Test worker] DEBUG org.hibernate.cfg.Settings - Statistics: disabled
21:22:59.820 [Test worker] DEBUG org.hibernate.cfg.Settings - Deleted entity synthetic identifier rollback: disabled
21:22:59.820 [Test worker] DEBUG org.hibernate.cfg.Settings - Default entity-mode: pojo
21:22:59.820 [Test worker] DEBUG org.hibernate.cfg.Settings - Check Nullability in Core (should be disabled when Bean Validation is on): enabled
21:22:59.820 [Test worker] DEBUG org.hibernate.cfg.Settings - Allow initialization of lazy state outside session : enabled
21:22:59.820 [Test worker] DEBUG org.hibernate.cfg.Settings - Using BatchFetchStyle : LEGACY
21:22:59.820 [Test worker] DEBUG org.hibernate.cfg.Settings - Default batch fetch size: -1
21:22:59.820 [Test worker] DEBUG org.hibernate.cfg.Settings - Maximum outer join fetch depth: null
21:22:59.820 [Test worker] DEBUG org.hibernate.cfg.Settings - Default null ordering: NONE
21:22:59.820 [Test worker] DEBUG org.hibernate.cfg.Settings - Order SQL updates by primary key: disabled
21:22:59.820 [Test worker] DEBUG org.hibernate.cfg.Settings - Order SQL inserts for batching: disabled
21:22:59.820 [Test worker] DEBUG org.hibernate.cfg.Settings - multi-tenancy strategy : NONE
21:22:59.820 [Test worker] DEBUG org.hibernate.cfg.Settings - JTA Track by Thread: enabled
21:22:59.820 [Test worker] DEBUG org.hibernate.cfg.Settings - Query language substitutions: {}
21:22:59.820 [Test worker] DEBUG org.hibernate.cfg.Settings - Named query checking : enabled
21:22:59.820 [Test worker] DEBUG org.hibernate.cfg.Settings - Second-level cache: disabled
21:22:59.820 [Test worker] DEBUG org.hibernate.cfg.Settings - Second-level query cache: disabled
21:22:59.820 [Test worker] DEBUG org.hibernate.cfg.Settings - Second-level query cache factory: null
21:22:59.820 [Test worker] DEBUG org.hibernate.cfg.Settings - Second-level cache region prefix: null
21:22:59.820 [Test worker] DEBUG org.hibernate.cfg.Settings - Optimize second-level cache for minimal puts: disabled
21:22:59.820 [Test worker] DEBUG org.hibernate.cfg.Settings - Structured second-level cache entries: disabled
21:22:59.820 [Test worker] DEBUG org.hibernate.cfg.Settings - Second-level cache direct-reference entries: disabled
21:22:59.820 [Test worker] DEBUG org.hibernate.cfg.Settings - Automatic eviction of collection cache: disabled
21:22:59.820 [Test worker] DEBUG org.hibernate.cfg.Settings - JDBC batch size: 0
21:22:59.820 [Test worker] DEBUG org.hibernate.cfg.Settings - JDBC batch updates for versioned data: enabled
21:22:59.820 [Test worker] DEBUG org.hibernate.cfg.Settings - Scrollable result sets: disabled
21:22:59.820 [Test worker] DEBUG org.hibernate.cfg.Settings - Wrap result sets: disabled
21:22:59.820 [Test worker] DEBUG org.hibernate.cfg.Settings - JDBC3 getGeneratedKeys(): enabled
21:22:59.820 [Test worker] DEBUG org.hibernate.cfg.Settings - JDBC result set fetch size: null
21:22:59.820 [Test worker] DEBUG org.hibernate.cfg.Settings - Connection release mode: AFTER_TRANSACTION
21:22:59.820 [Test worker] DEBUG org.hibernate.cfg.Settings - Generate SQL with comments: disabled
21:22:59.820 [Test worker] DEBUG org.hibernate.cfg.Settings - JPA compliance - query : disabled
21:22:59.820 [Test worker] DEBUG org.hibernate.cfg.Settings - JPA compliance - closed-handling : disabled
21:22:59.820 [Test worker] DEBUG org.hibernate.cfg.Settings - JPA compliance - lists : disabled
21:22:59.820 [Test worker] DEBUG org.hibernate.cfg.Settings - JPA compliance - transactions : disabled
21:22:59.820 [Test worker] DEBUG org.hibernate.internal.SessionFactoryImpl - Session factory constructed with filter configurations : {}
21:22:59.820 [Test worker] DEBUG org.hibernate.internal.SessionFactoryImpl - Instantiating session factory with properties: {sun.desktop=windows, awt.toolkit=sun.awt.windows.WToolkit, dialect=utils.SQLiteDialect, java.specification.version=11, sun.cpu.isalist=amd64, sun.jnu.encoding=Cp1250, hibernate.dialect=utils.SQLiteDialect, org.gradle.test.worker=3, java.class.path=C:\\Users\\Dan\\.gradle\\caches\\6.8\\workerMain\\gradle-worker.jar;D:\\Facultate\\Projects\\OrganizareCompanie\\build\\classes\\java\\test;D:\\Facultate\\Projects\\OrganizareCompanie\\build\\resources\\test;D:\\Facultate\\Projects\\OrganizareCompanie\\build\\classes\\java\\main;D:\\Facultate\\Projects\\OrganizareCompanie\\build\\resources\\main;C:\\Users\\Dan\\.gradle\\caches\\modules-2\\files-2.1\\org.springframework.boot\\spring-boot-starter-web\\2.4.3\\4f5554ea183af87e52d8c31bb82aada0d74c40b0\\spring-boot-starter-web-2.4.3.jar;C:\\Users\\Dan\\.gradle\\caches\\modules-2\\files-2.1\\org.xerial\\sqlite-jdbc\\3.34.0\\fd29bb0124e3f79c80b2753162a6a3873c240bcf\\sqlite-jdbc-3.34.0.jar;C:\\Users\\Dan\\.gradle\\caches\\modules-2\\files-2.1\\org.hibernate\\hibernate-java8\\5.1.0.Final\\2bb534acab4f8485a821f0e4d6a2c8df617ee86a\\hibernate-java8-5.1.0.Final.jar;C:\\Users\\Dan\\.gradle\\caches\\modules-2\\files-2.1\\org.hibernate\\hibernate-core\\5.4.29.Final\\74b7c9ad3cb57ae4fd0187480a76f137a7fc3f38\\hibernate-core-5.4.29.Final.jar;C:\\Users\\Dan\\.gradle\\caches\\modules-2\\files-2.1\\org.junit.platform\\junit-platform-engine\\1.7.0\\eadb73c5074a4ac71061defd00fc176152a4d12c\\junit-platform-engine-1.7.0.jar;C:\\Users\\Dan\\.gradle\\caches\\modules-2\\files-2.1\\org.junit.platform\\junit-platform-commons\\1.7.0\\84e309fbf21d857aac079a3c1fffd84284e1114d\\junit-platform-commons-1.7.0.jar;C:\\Users\\Dan\\.gradle\\caches\\modules-2\\files-2.1\\org.junit.jupiter\\junit-jupiter-engine\\5.7.0\\d9044d6b45e2232ddd53fa56c15333e43d1749fd\\junit-jupiter-engine-5.7.0.jar;C:\\Users\\Dan\\.gradle\\caches\\modules-2\\files-2.1\\org.junit.jupiter\\junit-jupiter-api\\5.7.0\\b25f3815c4c1860a73041e733a14a0379d00c4d5\\junit-jupiter-api-5.7.0.jar;C:\\Users\\Dan\\.gradle\\caches\\modules-2\\files-2.1\\org.springframework.boot\\spring-boot-starter-json\\2.4.3\\7b26abb0a0379a00b58a2a50e010b29cf4f16b80\\spring-boot-starter-json-2.4.3.jar;C:\\Users\\Dan\\.gradle\\caches\\modules-2\\files-2.1\\org.springframework.boot\\spring-boot-starter\\2.4.3\\fd8bc0fb5f5aaefb4d6c8b77eb61563aab840c11\\spring-boot-starter-2.4.3.jar;C:\\Users\\Dan\\.gradle\\caches\\modules-2\\files-2.1\\org.springframework.boot\\spring-boot-starter-tomcat\\2.4.3\\4ba28aae05a259625e7e92f8e7338c5e1d22de35\\spring-boot-starter-tomcat-2.4.3.jar;C:\\Users\\Dan\\.gradle\\caches\\modules-2\\files-2.1\\org.springframework\\spring-webmvc\\5.3.4\\8dd52fbe8eafcc7c80998087ec6635baf7a98c20\\spring-webmvc-5.3.4.jar;C:\\Users\\Dan\\.gradle\\caches\\modules-2\\files-2.1\\org.springframework\\spring-web\\5.3.4\\d93829e24a50ed22e781f2302680a210cac5ee84\\spring-web-5.3.4.jar;C:\\Users\\Dan\\.gradle\\caches\\modules-2\\files-2.1\\org.hibernate.common\\hibernate-commons-annotations\\5.1.2.Final\\e59ffdbc6ad09eeb33507b39ffcf287679a498c8\\hibernate-commons-annotations-5.1.2.Final.jar;C:\\Users\\Dan\\.gradle\\caches\\modules-2\\files-2.1\\org.jboss.logging\\jboss-logging\\3.4.1.Final\\40fd4d696c55793e996d1ff3c475833f836c2498\\jboss-logging-3.4.1.Final.jar;C:\\Users\\Dan\\.gradle\\caches\\modules-2\\files-2.1\\javax.persistence\\javax.persistence-api\\2.2\\25665ac8c0b62f50e6488173233239120fc52c96\\javax.persistence-api-2.2.jar;C:\\Users\\Dan\\.gradle\\caches\\modules-2\\files-2.1\\org.javassist\\javassist\\3.27.0-GA\\f63e6aa899e15eca8fdaa402a79af4c417252213\\javassist-3.27.0-GA.jar;C:\\Users\\Dan\\.gradle\\caches\\modules-2\\files-2.1\\net.bytebuddy\\byte-buddy\\1.10.21\\5abe8e141cac9d50a721a22d9c188b3bf19ad0aa\\byte-buddy-1.10.21.jar;C:\\Users\\Dan\\.gradle\\caches\\modules-2\\files-2.1\\antlr\\antlr\\2.7.7\\83cd2cd674a217ade95a4bb83a8a14f351f48bd0\\antlr-2.7.7.jar;C:\\Users\\Dan\\.gradle\\caches\\modules-2\\files-2.1\\org.jboss.spec.javax.transaction\\jboss-transaction-api_1.2_spec\\1.1.1.Final\\a8485cab9484dda36e9a8c319e76b5cc18797b58\\jboss-transaction-api_1.2_spec-1.1.1.Final.jar;C:\\Users\\Dan\\.gradle\\caches\\modules-2\\files-2.1\\org.jboss\\jandex\\2.2.3.Final\\d3865101f0666b63586683bd811d754517f331ab\\jandex-2.2.3.Final.jar;C:\\Users\\Dan\\.gradle\\caches\\modules-2\\files-2.1\\com.fasterxml\\classmate\\1.5.1\\3fe0bed568c62df5e89f4f174c101eab25345b6c\\classmate-1.5.1.jar;C:\\Users\\Dan\\.gradle\\caches\\modules-2\\files-2.1\\org.glassfish.jaxb\\jaxb-runtime\\2.3.1\\dd6dda9da676a54c5b36ca2806ff95ee017d8738\\jaxb-runtime-2.3.1.jar;C:\\Users\\Dan\\.gradle\\caches\\modules-2\\files-2.1\\javax.xml.bind\\jaxb-api\\2.3.1\\8531ad5ac454cc2deb9d4d32c40c4d7451939b5d\\jaxb-api-2.3.1.jar;C:\\Users\\Dan\\.gradle\\caches\\modules-2\\files-2.1\\javax.activation\\javax.activation-api\\1.2.0\\85262acf3ca9816f9537ca47d5adeabaead7cb16\\javax.activation-api-1.2.0.jar;C:\\Users\\Dan\\.gradle\\caches\\modules-2\\files-2.1\\org.dom4j\\dom4j\\2.1.3\\a75914155a9f5808963170ec20653668a2ffd2fd\\dom4j-2.1.3.jar;C:\\Users\\Dan\\.gradle\\caches\\modules-2\\files-2.1\\org.apiguardian\\apiguardian-api\\1.1.0\\fc9dff4bb36d627bdc553de77e1f17efd790876c\\apiguardian-api-1.1.0.jar;C:\\Users\\Dan\\.gradle\\caches\\modules-2\\files-2.1\\org.opentest4j\\opentest4j\\1.2.0\\28c11eb91f9b6d8e200631d46e20a7f407f2a046\\opentest4j-1.2.0.jar;C:\\Users\\Dan\\.gradle\\caches\\modules-2\\files-2.1\\org.springframework.boot\\spring-boot-autoconfigure\\2.4.3\\2f8e1e682e55f70c8ea557982c7adb1256f41bcf\\spring-boot-autoconfigure-2.4.3.jar;C:\\Users\\Dan\\.gradle\\caches\\modules-2\\files-2.1\\org.springframework.boot\\spring-boot\\2.4.3\\de2bd17a8eb9bc3dfa629aa06f2e9fe3bf603c85\\spring-boot-2.4.3.jar;C:\\Users\\Dan\\.gradle\\caches\\modules-2\\files-2.1\\org.springframework.boot\\spring-boot-starter-logging\\2.4.3\\64687abc2255d18cd6592cbb20fa3bee3379cec8\\spring-boot-starter-logging-2.4.3.jar;C:\\Users\\Dan\\.gradle\\caches\\modules-2\\files-2.1\\jakarta.annotation\\jakarta.annotation-api\\1.3.5\\59eb84ee0d616332ff44aba065f3888cf002cd2d\\jakarta.annotation-api-1.3.5.jar;C:\\Users\\Dan\\.gradle\\caches\\modules-2\\files-2.1\\org.springframework\\spring-context\\5.3.4\\fbeadeb0e4d272599a938ec345e99e5f9a76e919\\spring-context-5.3.4.jar;C:\\Users\\Dan\\.gradle\\caches\\modules-2\\files-2.1\\org.springframework\\spring-aop\\5.3.4\\b7180a6427ab524bc1cbd31bf38dd2182632515f\\spring-aop-5.3.4.jar;C:\\Users\\Dan\\.gradle\\caches\\modules-2\\files-2.1\\org.springframework\\spring-beans\\5.3.4\\ac6c5ea0ba82f555405f74104cf378f8071c6d25\\spring-beans-5.3.4.jar;C:\\Users\\Dan\\.gradle\\caches\\modules-2\\files-2.1\\org.springframework\\spring-expression\\5.3.4\\42b71fa955e43a86471509aef14cefe756fc3794\\spring-expression-5.3.4.jar;C:\\Users\\Dan\\.gradle\\caches\\modules-2\\files-2.1\\org.springframework\\spring-core\\5.3.4\\46c1f8abd9e02a292c42a257350f365cec152b5d\\spring-core-5.3.4.jar;C:\\Users\\Dan\\.gradle\\caches\\modules-2\\files-2.1\\org.yaml\\snakeyaml\\1.27\\359d62567480b07a679dc643f82fc926b100eed5\\snakeyaml-1.27.jar;C:\\Users\\Dan\\.gradle\\caches\\modules-2\\files-2.1\\com.fasterxml.jackson.datatype\\jackson-datatype-jdk8\\2.11.4\\e1540dea3c6c681ea4e335a960f730861ee3bedb\\jackson-datatype-jdk8-2.11.4.jar;C:\\Users\\Dan\\.gradle\\caches\\modules-2\\files-2.1\\com.fasterxml.jackson.datatype\\jackson-datatype-jsr310\\2.11.4\\ce6fc76bba06623720e5a9308386b6ae74753f4d\\jackson-datatype-jsr310-2.11.4.jar;C:\\Users\\Dan\\.gradle\\caches\\modules-2\\files-2.1\\com.fasterxml.jackson.module\\jackson-module-parameter-names\\2.11.4\\432e050d79f2282a66c320375d628f1b0842cb12\\jackson-module-parameter-names-2.11.4.jar;C:\\Users\\Dan\\.gradle\\caches\\modules-2\\files-2.1\\com.fasterxml.jackson.core\\jackson-databind\\2.11.4\\5d9f3d441f99d721b957e3497f0a6465c764fad4\\jackson-databind-2.11.4.jar;C:\\Users\\Dan\\.gradle\\caches\\modules-2\\files-2.1\\org.apache.tomcat.embed\\tomcat-embed-websocket\\9.0.43\\78232648dde1a5fd5093f0a3999e593d208e2eab\\tomcat-embed-websocket-9.0.43.jar;C:\\Users\\Dan\\.gradle\\caches\\modules-2\\files-2.1\\org.apache.tomcat.embed\\tomcat-embed-core\\9.0.43\\1d102277426bdd5b12f048731a91665bb69347d1\\tomcat-embed-core-9.0.43.jar;C:\\Users\\Dan\\.gradle\\caches\\modules-2\\files-2.1\\org.glassfish\\jakarta.el\\3.0.3\\dab46ee1ee23f7197c13d7c40fce14817c9017df\\jakarta.el-3.0.3.jar;C:\\Users\\Dan\\.gradle\\caches\\modules-2\\files-2.1\\org.glassfish.jaxb\\txw2\\2.3.1\\a09d2c48d3285f206fafbffe0e50619284e92126\\txw2-2.3.1.jar;C:\\Users\\Dan\\.gradle\\caches\\modules-2\\files-2.1\\com.sun.istack\\istack-commons-runtime\\3.0.7\\c197c86ceec7318b1284bffb49b54226ca774003\\istack-commons-runtime-3.0.7.jar;C:\\Users\\Dan\\.gradle\\caches\\modules-2\\files-2.1\\org.jvnet.staxex\\stax-ex\\1.8\\8cc35f73da321c29973191f2cf143d29d26a1df7\\stax-ex-1.8.jar;C:\\Users\\Dan\\.gradle\\caches\\modules-2\\files-2.1\\com.sun.xml.fastinfoset\\FastInfoset\\1.2.15\\bb7b7ec0379982b97c62cd17465cb6d9155f68e8\\FastInfoset-1.2.15.jar;C:\\Users\\Dan\\.gradle\\caches\\modules-2\\files-2.1\\ch.qos.logback\\logback-classic\\1.2.3\\7c4f3c474fb2c041d8028740440937705ebb473a\\logback-classic-1.2.3.jar;C:\\Users\\Dan\\.gradle\\caches\\modules-2\\files-2.1\\org.apache.logging.log4j\\log4j-to-slf4j\\2.13.3\\966f6fd1af4959d6b12bfa880121d4a2b164f857\\log4j-to-slf4j-2.13.3.jar;C:\\Users\\Dan\\.gradle\\caches\\modules-2\\files-2.1\\org.slf4j\\jul-to-slf4j\\1.7.30\\d58bebff8cbf70ff52b59208586095f467656c30\\jul-to-slf4j-1.7.30.jar;C:\\Users\\Dan\\.gradle\\caches\\modules-2\\files-2.1\\org.springframework\\spring-jcl\\5.3.4\\ca012eb4e9e57f767aa9d5e51fe9a09b28140808\\spring-jcl-5.3.4.jar;C:\\Users\\Dan\\.gradle\\caches\\modules-2\\files-2.1\\com.fasterxml.jackson.core\\jackson-annotations\\2.11.4\\2c3f5c079330f3a01726686a078979420f547ae4\\jackson-annotations-2.11.4.jar;C:\\Users\\Dan\\.gradle\\caches\\modules-2\\files-2.1\\com.fasterxml.jackson.core\\jackson-core\\2.11.4\\593f7b18bab07a76767f181e2a2336135ce82cc4\\jackson-core-2.11.4.jar;C:\\Users\\Dan\\.gradle\\caches\\modules-2\\files-2.1\\ch.qos.logback\\logback-core\\1.2.3\\864344400c3d4d92dfeb0a305dc87d953677c03c\\logback-core-1.2.3.jar;C:\\Users\\Dan\\.gradle\\caches\\modules-2\\files-2.1\\org.slf4j\\slf4j-api\\1.7.30\\b5a4b6d16ab13e34a88fae84c35cd5d68cac922c\\slf4j-api-1.7.30.jar;C:\\Users\\Dan\\.gradle\\caches\\modules-2\\files-2.1\\org.apache.logging.log4j\\log4j-api\\2.13.3\\ec1508160b93d274b1add34419b897bae84c6ca9\\log4j-api-2.13.3.jar, java.vm.vendor=Oracle Corporation, sun.arch.data.model=64, user.variant=, java.vendor.url=http://java.oracle.com/, user.timezone=Europe/Athens, os.name=Windows 10, java.vm.specification.version=11, user.country=US, sun.java.launcher=SUN_STANDARD, sun.boot.library.path=C:\Program Files\Java\jdk-11.0.6\bin, sun.java.command=worker.org.gradle.process.internal.worker.GradleWorkerMain 'Gradle Test Executor 3', jdk.debug=release, sun.cpu.endian=little, user.home=C:\Users\Dan, user.language=en, java.specification.vendor=Oracle Corporation, org.gradle.native=false, java.version.date=2020-01-14, java.home=C:\Program Files\Java\jdk-11.0.6, file.separator=\, java.vm.compressedOopsMode=32-bit, line.separator=
, java.specification.name=Java Platform API Specification, java.vm.specification.vendor=Oracle Corporation, java.awt.graphicsenv=sun.awt.Win32GraphicsEnvironment, hibernate.hbm2ddl.auto=update, user.script=, sun.management.compiler=HotSpot 64-Bit Tiered Compilers, java.runtime.version=11.0.6+8-LTS, user.name=Dan, path.separator=;, hibernate.connection.username=****, os.version=10.0, hibernate.enable_lazy_load_no_trans=true, java.runtime.name=Java(TM) SE Runtime Environment, hibernate.connection.url=jdbc:sqlite:D:\Facultate\Projects\OrganizareCompanie\database, file.encoding=windows-1250, java.vm.name=Java HotSpot(TM) 64-Bit Server VM, hibernate.show_sql=true, java.vendor.version=18.9, hibernate.current_session_context_class=thread, hibernate.connection.driver_class=org.sqlite.JDBC, java.vendor.url.bug=http://bugreport.java.com/bugreport/, java.io.tmpdir=C:\Users\Dan\AppData\Local\Temp\, java.version=11.0.6, user.dir=D:\Facultate\Projects\OrganizareCompanie, os.arch=amd64, java.vm.specification.name=Java Virtual Machine Specification, java.awt.printerjob=sun.awt.windows.WPrinterJob, hibernate.connection.password=****, sun.os.patch.level=, connection.driver_class=org.sqlite.JDBC, hibernate.boot.CfgXmlAccessService.key=org.hibernate.boot.cfgxml.spi.LoadedConfig@1ac9a002, java.library.path=C:\Program Files\Java\jdk-11.0.6\bin;C:\WINDOWS\Sun\Java\bin;C:\WINDOWS\system32;C:\WINDOWS;;C:\Python38\Scripts\;C:\Python38\;D:\Facultate\Scripts\;D:\Facultate\;C:\Users\Dan\Desktop\Facultate 2018-2019\Semestrul I\Fundamentele programarii\Python\Scripts\;C:\Users\Dan\Desktop\Facultate 2018-2019\Semestrul I\Fundamentele programarii\Python\;C:\Users\Dan\Desktop\Facultate 2018-2019\Semestrul I\Fundamentele programarii\Scripts\;C:\Users\Dan\Desktop\Facultate 2018-2019\Semestrul I\Fundamentele programarii\;C:\WINDOWS\system32;C:\WINDOWS;C:\WINDOWS\System32\Wbem;C:\WINDOWS\System32\WindowsPowerShell\v1.0\;C:\WINDOWS\System32\OpenSSH\;D:\Facultate\PuTTY\;C:\Program Files\dotnet\;C:\Program Files\Microsoft SQL Server\Client SDK\ODBC\170\Tools\Binn\;C:\Users\Dan\Proto\bin;D:\Facultate\NodeJS\;C:\ProgramData\chocolatey\bin;C:\Program Files\Git\cmd;C:\Program Files\Java\jdk-10.0.2\bin;C:\Program Files (x86)\GnuWin32\bin;C:\MinGW\bin;C:\Program Files\Java\jdk-11.0.6\bin;C:\WINDOWS\system32;C:\WINDOWS;C:\WINDOWS\System32\Wbem;C:\WINDOWS\System32\WindowsPowerShell\v1.0\;C:\WINDOWS\System32\OpenSSH\;C:\Program Files\Intel\WiFi\bin\;C:\Program Files\Common Files\Intel\WirelessCommon\;D:\Facultate\Python\Scripts\;D:\Facultate\Python\;C:\Users\Dan\AppData\Local\Microsoft\WindowsApps;C:\Users\Dan\AppData\Local\GitHubDesktop\bin;C:\Users\Dan\AppData\Roaming\npm;D:\Facultate\Microsoft VS Code\bin;C:\Users\Dan\AppData\Local\Microsoft\WindowsApps;C:\Users\Dan\Documents\driver;;., java.vendor=Oracle Corporation, java.vm.info=mixed mode, java.vm.version=11.0.6+8-LTS, hibernate.bytecode.use_reflection_optimizer=false, sun.io.unicode.encoding=UnicodeLittle, hibernate.connection.pool_size=1, connection.url=jdbc:sqlite:D:\Facultate\Projects\OrganizareCompanie\database, java.class.version=55.0}
21:22:59.820 [Test worker] DEBUG org.hibernate.secure.spi.JaccIntegrator - Skipping JACC integration as it was not enabled
21:22:59.820 [Test worker] DEBUG org.hibernate.internal.SessionFactoryImpl - Instantiated session factory
21:22:59.820 [Test worker] DEBUG org.hibernate.type.spi.TypeConfiguration$Scope - Scoping TypeConfiguration [org.hibernate.type.spi.TypeConfiguration@16859e27] to SessionFactoryImpl [org.hibernate.internal.SessionFactoryImpl@6a3b7887]
21:22:59.820 [Test worker] DEBUG org.hibernate.boot.internal.ClassLoaderAccessImpl - Not known whether passed class name [domain.Functie] is safe
21:22:59.820 [Test worker] DEBUG org.hibernate.boot.internal.ClassLoaderAccessImpl - No temp ClassLoader provided; using live ClassLoader for loading potentially unsafe class : domain.Functie
21:22:59.835 [Test worker] DEBUG org.hibernate.boot.internal.ClassLoaderAccessImpl - Not known whether passed class name [domain.Departament] is safe
21:22:59.835 [Test worker] DEBUG org.hibernate.boot.internal.ClassLoaderAccessImpl - No temp ClassLoader provided; using live ClassLoader for loading potentially unsafe class : domain.Departament
21:22:59.835 [Test worker] DEBUG org.hibernate.boot.internal.ClassLoaderAccessImpl - Not known whether passed class name [domain.Angajat] is safe
21:22:59.835 [Test worker] DEBUG org.hibernate.boot.internal.ClassLoaderAccessImpl - No temp ClassLoader provided; using live ClassLoader for loading potentially unsafe class : domain.Angajat
21:22:59.851 [Test worker] DEBUG org.hibernate.boot.internal.ClassLoaderAccessImpl - Not known whether passed class name [domain.Proiect] is safe
21:22:59.851 [Test worker] DEBUG org.hibernate.boot.internal.ClassLoaderAccessImpl - No temp ClassLoader provided; using live ClassLoader for loading potentially unsafe class : domain.Proiect
21:22:59.851 [Test worker] DEBUG org.hibernate.boot.internal.ClassLoaderAccessImpl - Not known whether passed class name [domain.Concediu] is safe
21:22:59.851 [Test worker] DEBUG org.hibernate.boot.internal.ClassLoaderAccessImpl - No temp ClassLoader provided; using live ClassLoader for loading potentially unsafe class : domain.Concediu
21:22:59.851 [Test worker] DEBUG org.hibernate.persister.collection.AbstractCollectionPersister - Static SQL for collection: domain.Angajat.proiecte
21:22:59.851 [Test worker] DEBUG org.hibernate.persister.collection.AbstractCollectionPersister -  Row insert: insert into angajati_proiecte (id_angajat, id_proiect) values (?, ?)
21:22:59.851 [Test worker] DEBUG org.hibernate.persister.collection.AbstractCollectionPersister -  Row update: update angajati_proiecte set id_proiect=? where id_angajat=? and id_proiect=?
21:22:59.851 [Test worker] DEBUG org.hibernate.persister.collection.AbstractCollectionPersister -  Row delete: delete from angajati_proiecte where id_angajat=? and id_proiect=?
21:22:59.851 [Test worker] DEBUG org.hibernate.persister.collection.AbstractCollectionPersister -  One-shot delete: delete from angajati_proiecte where id_angajat=?
21:22:59.851 [Test worker] DEBUG org.hibernate.persister.collection.AbstractCollectionPersister - Static SQL for collection: domain.Angajat.concedii
21:22:59.851 [Test worker] DEBUG org.hibernate.persister.collection.AbstractCollectionPersister -  Row insert: update concedii set id_angajat=? where id=?
21:22:59.851 [Test worker] DEBUG org.hibernate.persister.collection.AbstractCollectionPersister -  Row update: update concedii set  where id=?
21:22:59.851 [Test worker] DEBUG org.hibernate.persister.collection.AbstractCollectionPersister -  Row delete: update concedii set id_angajat=null where id_angajat=? and id=?
21:22:59.851 [Test worker] DEBUG org.hibernate.persister.collection.AbstractCollectionPersister -  One-shot delete: update concedii set id_angajat=null where id_angajat=?
21:22:59.851 [Test worker] DEBUG org.hibernate.persister.collection.AbstractCollectionPersister - Static SQL for collection: domain.Angajat.departamente
21:22:59.851 [Test worker] DEBUG org.hibernate.persister.collection.AbstractCollectionPersister -  Row insert: insert into angajati_departamente (id_angajat, id_departament) values (?, ?)
21:22:59.851 [Test worker] DEBUG org.hibernate.persister.collection.AbstractCollectionPersister -  Row update: update angajati_departamente set id_departament=? where id_angajat=? and id_departament=?
21:22:59.851 [Test worker] DEBUG org.hibernate.persister.collection.AbstractCollectionPersister -  Row delete: delete from angajati_departamente where id_angajat=? and id_departament=?
21:22:59.851 [Test worker] DEBUG org.hibernate.persister.collection.AbstractCollectionPersister -  One-shot delete: delete from angajati_departamente where id_angajat=?
21:22:59.851 [Test worker] DEBUG org.hibernate.persister.entity.AbstractEntityPersister - Static SQL for entity: domain.Functie
21:22:59.851 [Test worker] DEBUG org.hibernate.persister.entity.AbstractEntityPersister -  Version select: select id from functii where id =?
21:22:59.851 [Test worker] DEBUG org.hibernate.persister.entity.AbstractEntityPersister -  Snapshot select: select functie_.id, functie_.salar_de_baza as salar_de2_5_ from functii functie_ where functie_.id=?
21:22:59.851 [Test worker] DEBUG org.hibernate.persister.entity.AbstractEntityPersister -  Insert 0: insert into functii (salar_de_baza, id) values (?, ?)
21:22:59.851 [Test worker] DEBUG org.hibernate.persister.entity.AbstractEntityPersister -  Update 0: update functii set salar_de_baza=? where id=?
21:22:59.851 [Test worker] DEBUG org.hibernate.persister.entity.AbstractEntityPersister -  Delete 0: delete from functii where id=?
21:22:59.851 [Test worker] DEBUG org.hibernate.persister.entity.AbstractEntityPersister -  Identity insert: insert into functii (salar_de_baza) values (?)
21:22:59.851 [Test worker] DEBUG org.hibernate.loader.plan.build.internal.spaces.QuerySpacesImpl - Adding QuerySpace : uid = <gen:0> -> org.hibernate.loader.plan.build.internal.spaces.EntityQuerySpaceImpl@6023c7e6]
21:22:59.851 [Test worker] DEBUG org.hibernate.persister.walking.spi.MetamodelGraphWalker - Visiting attribute path : salarDeBaza
21:22:59.851 [Test worker] DEBUG org.hibernate.loader.plan.build.internal.FetchStyleLoadPlanBuildingAssociationVisitationStrategy - Building LoadPlan...
21:22:59.851 [Test worker] DEBUG org.hibernate.loader.plan.exec.internal.LoadQueryJoinAndFetchProcessor - processing queryspace <gen:0>
21:22:59.851 [Test worker] DEBUG org.hibernate.loader.plan.build.spi.LoadPlanTreePrinter - LoadPlan(entity=domain.Functie)
    - Returns
       - EntityReturnImpl(entity=domain.Functie, querySpaceUid=<gen:0>, path=domain.Functie)
    - QuerySpaces
       - EntityQuerySpaceImpl(uid=<gen:0>, entity=domain.Functie)
          - SQL table alias mapping - functie0_
          - alias suffix - 0_
          - suffixed key columns - {id1_5_0_}

21:22:59.851 [Test worker] DEBUG org.hibernate.loader.entity.plan.EntityLoader - Static select for entity domain.Functie [NONE]: select functie0_.id as id1_5_0_, functie0_.salar_de_baza as salar_de2_5_0_ from functii functie0_ where functie0_.id=?
21:22:59.851 [Test worker] DEBUG org.hibernate.persister.entity.AbstractEntityPersister - Static SQL for entity: domain.Departament
21:22:59.851 [Test worker] DEBUG org.hibernate.persister.entity.AbstractEntityPersister -  Version select: select id from departamente where id =?
21:22:59.851 [Test worker] DEBUG org.hibernate.persister.entity.AbstractEntityPersister -  Snapshot select: select departamen_.id, departamen_.id_director as id_direc2_4_ from departamente departamen_ where departamen_.id=?
21:22:59.866 [Test worker] DEBUG org.hibernate.persister.entity.AbstractEntityPersister -  Insert 0: insert into departamente (id_director, id) values (?, ?)
21:22:59.866 [Test worker] DEBUG org.hibernate.persister.entity.AbstractEntityPersister -  Update 0: update departamente set id_director=? where id=?
21:22:59.866 [Test worker] DEBUG org.hibernate.persister.entity.AbstractEntityPersister -  Delete 0: delete from departamente where id=?
21:22:59.866 [Test worker] DEBUG org.hibernate.persister.entity.AbstractEntityPersister -  Identity insert: insert into departamente (id_director) values (?)
21:22:59.866 [Test worker] DEBUG org.hibernate.loader.plan.build.internal.spaces.QuerySpacesImpl - Adding QuerySpace : uid = <gen:0> -> org.hibernate.loader.plan.build.internal.spaces.EntityQuerySpaceImpl@17a3c99f]
21:22:59.866 [Test worker] DEBUG org.hibernate.persister.walking.spi.MetamodelGraphWalker - Visiting attribute path : idDirector
21:22:59.866 [Test worker] DEBUG org.hibernate.loader.plan.build.internal.FetchStyleLoadPlanBuildingAssociationVisitationStrategy - Building LoadPlan...
21:22:59.866 [Test worker] DEBUG org.hibernate.loader.plan.exec.internal.LoadQueryJoinAndFetchProcessor - processing queryspace <gen:0>
21:22:59.866 [Test worker] DEBUG org.hibernate.loader.plan.build.spi.LoadPlanTreePrinter - LoadPlan(entity=domain.Departament)
    - Returns
       - EntityReturnImpl(entity=domain.Departament, querySpaceUid=<gen:0>, path=domain.Departament)
    - QuerySpaces
       - EntityQuerySpaceImpl(uid=<gen:0>, entity=domain.Departament)
          - SQL table alias mapping - departamen0_
          - alias suffix - 0_
          - suffixed key columns - {id1_4_0_}

21:22:59.866 [Test worker] DEBUG org.hibernate.loader.entity.plan.EntityLoader - Static select for entity domain.Departament [NONE]: select departamen0_.id as id1_4_0_, departamen0_.id_director as id_direc2_4_0_ from departamente departamen0_ where departamen0_.id=?
21:22:59.866 [Test worker] DEBUG org.hibernate.persister.entity.AbstractEntityPersister - Static SQL for entity: domain.Angajat
21:22:59.866 [Test worker] DEBUG org.hibernate.persister.entity.AbstractEntityPersister -  Version select: select id from angajati where id =?
21:22:59.866 [Test worker] DEBUG org.hibernate.persister.entity.AbstractEntityPersister -  Snapshot select: select angajat_.id, angajat_.data_angajare as data_ang2_0_, angajat_.functie_id as functie_4_0_, angajat_.id_superior as id_super3_0_ from angajati angajat_ where angajat_.id=?
21:22:59.866 [Test worker] DEBUG org.hibernate.persister.entity.AbstractEntityPersister -  Insert 0: insert into angajati (data_angajare, functie_id, id_superior, id) values (?, ?, ?, ?)
21:22:59.866 [Test worker] DEBUG org.hibernate.persister.entity.AbstractEntityPersister -  Update 0: update angajati set data_angajare=?, functie_id=?, id_superior=? where id=?
21:22:59.866 [Test worker] DEBUG org.hibernate.persister.entity.AbstractEntityPersister -  Delete 0: delete from angajati where id=?
21:22:59.866 [Test worker] DEBUG org.hibernate.persister.entity.AbstractEntityPersister -  Identity insert: insert into angajati (data_angajare, functie_id, id_superior) values (?, ?, ?)
21:22:59.866 [Test worker] DEBUG org.hibernate.loader.plan.build.internal.spaces.QuerySpacesImpl - Adding QuerySpace : uid = <gen:0> -> org.hibernate.loader.plan.build.internal.spaces.EntityQuerySpaceImpl@25c11061]
21:22:59.866 [Test worker] DEBUG org.hibernate.persister.walking.spi.MetamodelGraphWalker - Visiting attribute path : concedii
21:22:59.866 [Test worker] DEBUG org.hibernate.loader.plan.build.internal.spaces.QuerySpacesImpl - Adding QuerySpace : uid = <gen:1> -> org.hibernate.loader.plan.build.internal.spaces.CollectionQuerySpaceImpl@2fdac164]
21:22:59.866 [Test worker] DEBUG org.hibernate.loader.plan.build.internal.spaces.QuerySpacesImpl - Adding QuerySpace : uid = <gen:2> -> org.hibernate.loader.plan.build.internal.spaces.EntityQuerySpaceImpl@6b3db7cb]
21:22:59.866 [Test worker] DEBUG org.hibernate.persister.walking.spi.MetamodelGraphWalker - Visiting attribute path : dataAngajare
21:22:59.866 [Test worker] DEBUG org.hibernate.persister.walking.spi.MetamodelGraphWalker - Visiting attribute path : departamente
21:22:59.866 [Test worker] DEBUG org.hibernate.loader.plan.build.internal.spaces.QuerySpacesImpl - Adding QuerySpace : uid = <gen:3> -> org.hibernate.loader.plan.build.internal.spaces.CollectionQuerySpaceImpl@4652e0d5]
21:22:59.866 [Test worker] DEBUG org.hibernate.loader.plan.build.internal.spaces.QuerySpacesImpl - Adding QuerySpace : uid = <gen:4> -> org.hibernate.loader.plan.build.internal.spaces.EntityQuerySpaceImpl@f07ff1]
21:22:59.866 [Test worker] DEBUG org.hibernate.persister.walking.spi.MetamodelGraphWalker - Visiting attribute path : functie
21:22:59.866 [Test worker] DEBUG org.hibernate.loader.plan.build.internal.spaces.QuerySpacesImpl - Adding QuerySpace : uid = <gen:5> -> org.hibernate.loader.plan.build.internal.spaces.EntityQuerySpaceImpl@79585f6a]
21:22:59.866 [Test worker] DEBUG org.hibernate.persister.walking.spi.MetamodelGraphWalker - Visiting attribute path : functie.salarDeBaza
21:22:59.866 [Test worker] DEBUG org.hibernate.persister.walking.spi.MetamodelGraphWalker - Visiting attribute path : idSuperior
21:22:59.866 [Test worker] DEBUG org.hibernate.persister.walking.spi.MetamodelGraphWalker - Visiting attribute path : proiecte
21:22:59.866 [Test worker] DEBUG org.hibernate.loader.plan.build.internal.spaces.QuerySpacesImpl - Adding QuerySpace : uid = <gen:6> -> org.hibernate.loader.plan.build.internal.spaces.CollectionQuerySpaceImpl@2ed83f13]
21:22:59.866 [Test worker] DEBUG org.hibernate.loader.plan.build.internal.spaces.QuerySpacesImpl - Adding QuerySpace : uid = <gen:7> -> org.hibernate.loader.plan.build.internal.spaces.EntityQuerySpaceImpl@2dd4d2ce]
21:22:59.866 [Test worker] DEBUG org.hibernate.loader.plan.build.internal.FetchStyleLoadPlanBuildingAssociationVisitationStrategy - Building LoadPlan...
21:22:59.866 [Test worker] DEBUG org.hibernate.loader.plan.exec.internal.LoadQueryJoinAndFetchProcessor - processing queryspace <gen:0>
21:22:59.866 [Test worker] DEBUG org.hibernate.loader.plan.build.spi.LoadPlanTreePrinter - LoadPlan(entity=domain.Angajat)
    - Returns
       - EntityReturnImpl(entity=domain.Angajat, querySpaceUid=<gen:0>, path=domain.Angajat)
          - CollectionAttributeFetchImpl(collection=domain.Angajat.concedii, querySpaceUid=<gen:1>, path=domain.Angajat.concedii)
             - (collection element) CollectionFetchableElementEntityGraph(entity=domain.Concediu, querySpaceUid=<gen:2>, path=domain.Angajat.concedii.<elements>)
          - CollectionAttributeFetchImpl(collection=domain.Angajat.departamente, querySpaceUid=<gen:3>, path=domain.Angajat.departamente)
             - (collection element) CollectionFetchableElementEntityGraph(entity=domain.Departament, querySpaceUid=<gen:4>, path=domain.Angajat.departamente.<elements>)
          - EntityAttributeFetchImpl(entity=domain.Functie, querySpaceUid=<gen:5>, path=domain.Angajat.functie)
          - CollectionAttributeFetchImpl(collection=domain.Angajat.proiecte, querySpaceUid=<gen:6>, path=domain.Angajat.proiecte)
             - (collection element) CollectionFetchableElementEntityGraph(entity=domain.Proiect, querySpaceUid=<gen:7>, path=domain.Angajat.proiecte.<elements>)
    - QuerySpaces
       - EntityQuerySpaceImpl(uid=<gen:0>, entity=domain.Angajat)
          - SQL table alias mapping - angajat0_
          - alias suffix - 0_
          - suffixed key columns - {id1_0_0_}
          - JOIN (JoinDefinedByMetadata(functie)) : <gen:0> -> <gen:5>
             - EntityQuerySpaceImpl(uid=<gen:5>, entity=domain.Functie)
                - SQL table alias mapping - functie1_
                - alias suffix - 1_
                - suffixed key columns - {id1_5_1_}

21:22:59.866 [Test worker] DEBUG org.hibernate.loader.entity.plan.EntityLoader - Static select for entity domain.Angajat [NONE]: select angajat0_.id as id1_0_0_, angajat0_.data_angajare as data_ang2_0_0_, angajat0_.functie_id as functie_4_0_0_, angajat0_.id_superior as id_super3_0_0_, functie1_.id as id1_5_1_, functie1_.salar_de_baza as salar_de2_5_1_ from angajati angajat0_ left outer join functii functie1_ on angajat0_.functie_id=functie1_.id where angajat0_.id=?
21:22:59.866 [Test worker] DEBUG org.hibernate.persister.entity.AbstractEntityPersister - Static SQL for entity: domain.Proiect
21:22:59.866 [Test worker] DEBUG org.hibernate.persister.entity.AbstractEntityPersister -  Version select: select id from proiecte where id =?
21:22:59.866 [Test worker] DEBUG org.hibernate.persister.entity.AbstractEntityPersister -  Snapshot select: select proiect_.id, proiect_.data_inceput as data_inc2_6_, proiect_.deadline as deadline3_6_ from proiecte proiect_ where proiect_.id=?
21:22:59.866 [Test worker] DEBUG org.hibernate.persister.entity.AbstractEntityPersister -  Insert 0: insert into proiecte (data_inceput, deadline, id) values (?, ?, ?)
21:22:59.866 [Test worker] DEBUG org.hibernate.persister.entity.AbstractEntityPersister -  Update 0: update proiecte set data_inceput=?, deadline=? where id=?
21:22:59.866 [Test worker] DEBUG org.hibernate.persister.entity.AbstractEntityPersister -  Delete 0: delete from proiecte where id=?
21:22:59.866 [Test worker] DEBUG org.hibernate.persister.entity.AbstractEntityPersister -  Identity insert: insert into proiecte (data_inceput, deadline) values (?, ?)
21:22:59.866 [Test worker] DEBUG org.hibernate.loader.plan.build.internal.spaces.QuerySpacesImpl - Adding QuerySpace : uid = <gen:0> -> org.hibernate.loader.plan.build.internal.spaces.EntityQuerySpaceImpl@164c6b11]
21:22:59.866 [Test worker] DEBUG org.hibernate.persister.walking.spi.MetamodelGraphWalker - Visiting attribute path : dataInceput
21:22:59.866 [Test worker] DEBUG org.hibernate.persister.walking.spi.MetamodelGraphWalker - Visiting attribute path : deadline
21:22:59.866 [Test worker] DEBUG org.hibernate.loader.plan.build.internal.FetchStyleLoadPlanBuildingAssociationVisitationStrategy - Building LoadPlan...
21:22:59.866 [Test worker] DEBUG org.hibernate.loader.plan.exec.internal.LoadQueryJoinAndFetchProcessor - processing queryspace <gen:0>
21:22:59.866 [Test worker] DEBUG org.hibernate.loader.plan.build.spi.LoadPlanTreePrinter - LoadPlan(entity=domain.Proiect)
    - Returns
       - EntityReturnImpl(entity=domain.Proiect, querySpaceUid=<gen:0>, path=domain.Proiect)
    - QuerySpaces
       - EntityQuerySpaceImpl(uid=<gen:0>, entity=domain.Proiect)
          - SQL table alias mapping - proiect0_
          - alias suffix - 0_
          - suffixed key columns - {id1_6_0_}

21:22:59.866 [Test worker] DEBUG org.hibernate.loader.entity.plan.EntityLoader - Static select for entity domain.Proiect [NONE]: select proiect0_.id as id1_6_0_, proiect0_.data_inceput as data_inc2_6_0_, proiect0_.deadline as deadline3_6_0_ from proiecte proiect0_ where proiect0_.id=?
21:22:59.866 [Test worker] DEBUG org.hibernate.persister.entity.AbstractEntityPersister - Static SQL for entity: domain.Concediu
21:22:59.866 [Test worker] DEBUG org.hibernate.persister.entity.AbstractEntityPersister -  Version select: select id from concedii where id =?
21:22:59.866 [Test worker] DEBUG org.hibernate.persister.entity.AbstractEntityPersister -  Snapshot select: select concediu_.id, concediu_.id_angajat as id_angaj4_3_, concediu_.data_inceput as data_inc2_3_, concediu_.data_sfarsit as data_sfa3_3_ from concedii concediu_ where concediu_.id=?
21:22:59.866 [Test worker] DEBUG org.hibernate.persister.entity.AbstractEntityPersister -  Insert 0: insert into concedii (id_angajat, data_inceput, data_sfarsit, id) values (?, ?, ?, ?)
21:22:59.866 [Test worker] DEBUG org.hibernate.persister.entity.AbstractEntityPersister -  Update 0: update concedii set id_angajat=?, data_inceput=?, data_sfarsit=? where id=?
21:22:59.866 [Test worker] DEBUG org.hibernate.persister.entity.AbstractEntityPersister -  Delete 0: delete from concedii where id=?
21:22:59.866 [Test worker] DEBUG org.hibernate.persister.entity.AbstractEntityPersister -  Identity insert: insert into concedii (id_angajat, data_inceput, data_sfarsit) values (?, ?, ?)
21:22:59.866 [Test worker] DEBUG org.hibernate.loader.plan.build.internal.spaces.QuerySpacesImpl - Adding QuerySpace : uid = <gen:0> -> org.hibernate.loader.plan.build.internal.spaces.EntityQuerySpaceImpl@6fabc411]
21:22:59.866 [Test worker] DEBUG org.hibernate.persister.walking.spi.MetamodelGraphWalker - Visiting attribute path : angajat
21:22:59.866 [Test worker] DEBUG org.hibernate.loader.plan.build.internal.spaces.QuerySpacesImpl - Adding QuerySpace : uid = <gen:1> -> org.hibernate.loader.plan.build.internal.spaces.EntityQuerySpaceImpl@1103d2e6]
21:22:59.866 [Test worker] DEBUG org.hibernate.persister.walking.spi.MetamodelGraphWalker - Visiting attribute path : dataInceput
21:22:59.866 [Test worker] DEBUG org.hibernate.persister.walking.spi.MetamodelGraphWalker - Visiting attribute path : dataSfarsit
21:22:59.866 [Test worker] DEBUG org.hibernate.loader.plan.build.internal.FetchStyleLoadPlanBuildingAssociationVisitationStrategy - Building LoadPlan...
21:22:59.866 [Test worker] DEBUG org.hibernate.loader.plan.exec.internal.LoadQueryJoinAndFetchProcessor - processing queryspace <gen:0>
21:22:59.866 [Test worker] DEBUG org.hibernate.loader.plan.build.spi.LoadPlanTreePrinter - LoadPlan(entity=domain.Concediu)
    - Returns
       - EntityReturnImpl(entity=domain.Concediu, querySpaceUid=<gen:0>, path=domain.Concediu)
          - EntityAttributeFetchImpl(entity=domain.Angajat, querySpaceUid=<gen:1>, path=domain.Concediu.angajat)
    - QuerySpaces
       - EntityQuerySpaceImpl(uid=<gen:0>, entity=domain.Concediu)
          - SQL table alias mapping - concediu0_
          - alias suffix - 0_
          - suffixed key columns - {id1_3_0_}

21:22:59.866 [Test worker] DEBUG org.hibernate.loader.entity.plan.EntityLoader - Static select for entity domain.Concediu [NONE]: select concediu0_.id as id1_3_0_, concediu0_.id_angajat as id_angaj4_3_0_, concediu0_.data_inceput as data_inc2_3_0_, concediu0_.data_sfarsit as data_sfa3_3_0_ from concedii concediu0_ where concediu0_.id=?
21:22:59.866 [Test worker] DEBUG org.hibernate.loader.plan.build.internal.spaces.QuerySpacesImpl - Adding QuerySpace : uid = <gen:0> -> org.hibernate.loader.plan.build.internal.spaces.CollectionQuerySpaceImpl@33d8b2f4]
21:22:59.866 [Test worker] DEBUG org.hibernate.loader.plan.build.internal.spaces.QuerySpacesImpl - Adding QuerySpace : uid = <gen:1> -> org.hibernate.loader.plan.build.internal.spaces.EntityQuerySpaceImpl@26263d2]
21:22:59.866 [Test worker] DEBUG org.hibernate.persister.walking.spi.MetamodelGraphWalker - Visiting attribute path : dataInceput
21:22:59.866 [Test worker] DEBUG org.hibernate.persister.walking.spi.MetamodelGraphWalker - Visiting attribute path : deadline
21:22:59.866 [Test worker] DEBUG org.hibernate.loader.plan.build.internal.FetchStyleLoadPlanBuildingAssociationVisitationStrategy - Building LoadPlan...
21:22:59.866 [Test worker] DEBUG org.hibernate.loader.plan.exec.internal.LoadQueryJoinAndFetchProcessor - processing queryspace <gen:0>
21:22:59.866 [Test worker] DEBUG org.hibernate.loader.plan.build.spi.LoadPlanTreePrinter - LoadPlan(collection=domain.Angajat.proiecte)
    - Returns
       - CollectionReturnImpl(collection=domain.Angajat.proiecte, querySpaceUid=<gen:0>, path=[domain.Angajat.proiecte])
          - (collection element) CollectionFetchableElementEntityGraph(entity=domain.Proiect, querySpaceUid=<gen:1>, path=[domain.Angajat.proiecte].<elements>)
    - QuerySpaces
       - CollectionQuerySpaceImpl(uid=<gen:0>, collection=domain.Angajat.proiecte)
          - SQL table alias mapping - proiecte0_
          - alias suffix - 0_
          - suffixed key columns - {id_angaj1_2_0_}
          - entity-element alias suffix - 1_
          - 1_entity-element suffixed key columns - id1_6_1_
          - JOIN (JoinDefinedByMetadata(elements)) : <gen:0> -> <gen:1>
             - EntityQuerySpaceImpl(uid=<gen:1>, entity=domain.Proiect)
                - SQL table alias mapping - proiect1_
                - alias suffix - 1_
                - suffixed key columns - {id1_6_1_}

21:22:59.866 [Test worker] DEBUG org.hibernate.loader.collection.plan.CollectionLoader - Static select for collection domain.Angajat.proiecte: select proiecte0_.id_angajat as id_angaj1_2_0_, proiecte0_.id_proiect as id_proie2_2_0_, proiect1_.id as id1_6_1_, proiect1_.data_inceput as data_inc2_6_1_, proiect1_.deadline as deadline3_6_1_ from angajati_proiecte proiecte0_ inner join proiecte proiect1_ on proiecte0_.id_proiect=proiect1_.id where proiecte0_.id_angajat=?
21:22:59.866 [Test worker] DEBUG org.hibernate.loader.plan.build.internal.spaces.QuerySpacesImpl - Adding QuerySpace : uid = <gen:0> -> org.hibernate.loader.plan.build.internal.spaces.CollectionQuerySpaceImpl@e9b8e7e]
21:22:59.866 [Test worker] DEBUG org.hibernate.loader.plan.build.internal.spaces.QuerySpacesImpl - Adding QuerySpace : uid = <gen:1> -> org.hibernate.loader.plan.build.internal.spaces.EntityQuerySpaceImpl@1f76008c]
21:22:59.866 [Test worker] DEBUG org.hibernate.persister.walking.spi.MetamodelGraphWalker - Visiting attribute path : angajat
21:22:59.866 [Test worker] DEBUG org.hibernate.persister.walking.spi.MetamodelGraphWalker - Property path deemed to be circular : angajat
21:22:59.866 [Test worker] DEBUG org.hibernate.persister.walking.spi.MetamodelGraphWalker - Visiting attribute path : dataInceput
21:22:59.866 [Test worker] DEBUG org.hibernate.persister.walking.spi.MetamodelGraphWalker - Visiting attribute path : dataSfarsit
21:22:59.866 [Test worker] DEBUG org.hibernate.loader.plan.build.internal.FetchStyleLoadPlanBuildingAssociationVisitationStrategy - Building LoadPlan...
21:22:59.866 [Test worker] DEBUG org.hibernate.loader.plan.exec.internal.LoadQueryJoinAndFetchProcessor - processing queryspace <gen:0>
21:22:59.866 [Test worker] DEBUG org.hibernate.loader.plan.build.spi.LoadPlanTreePrinter - LoadPlan(collection=domain.Angajat.concedii)
    - Returns
       - CollectionReturnImpl(collection=domain.Angajat.concedii, querySpaceUid=<gen:0>, path=[domain.Angajat.concedii])
          - (collection element) CollectionFetchableElementEntityGraph(entity=domain.Concediu, querySpaceUid=<gen:1>, path=[domain.Angajat.concedii].<elements>)
    - QuerySpaces
       - CollectionQuerySpaceImpl(uid=<gen:0>, collection=domain.Angajat.concedii)
          - SQL table alias mapping - concedii0_
          - alias suffix - 0_
          - suffixed key columns - {id_angaj4_3_0_}
          - entity-element alias suffix - 1_
          - 1_entity-element suffixed key columns - id1_3_1_
          - JOIN (JoinDefinedByMetadata(elements)) : <gen:0> -> <gen:1>
             - EntityQuerySpaceImpl(uid=<gen:1>, entity=domain.Concediu)
                - SQL table alias mapping - concedii0_
                - alias suffix - 1_
                - suffixed key columns - {id1_3_1_}

21:22:59.866 [Test worker] DEBUG org.hibernate.loader.collection.plan.CollectionLoader - Static select for collection domain.Angajat.concedii: select concedii0_.id_angajat as id_angaj4_3_0_, concedii0_.id as id1_3_0_, concedii0_.id as id1_3_1_, concedii0_.id_angajat as id_angaj4_3_1_, concedii0_.data_inceput as data_inc2_3_1_, concedii0_.data_sfarsit as data_sfa3_3_1_ from concedii concedii0_ where concedii0_.id_angajat=?
21:22:59.866 [Test worker] DEBUG org.hibernate.loader.plan.build.internal.spaces.QuerySpacesImpl - Adding QuerySpace : uid = <gen:0> -> org.hibernate.loader.plan.build.internal.spaces.CollectionQuerySpaceImpl@194424a4]
21:22:59.866 [Test worker] DEBUG org.hibernate.loader.plan.build.internal.spaces.QuerySpacesImpl - Adding QuerySpace : uid = <gen:1> -> org.hibernate.loader.plan.build.internal.spaces.EntityQuerySpaceImpl@36193560]
21:22:59.866 [Test worker] DEBUG org.hibernate.persister.walking.spi.MetamodelGraphWalker - Visiting attribute path : idDirector
21:22:59.866 [Test worker] DEBUG org.hibernate.loader.plan.build.internal.FetchStyleLoadPlanBuildingAssociationVisitationStrategy - Building LoadPlan...
21:22:59.866 [Test worker] DEBUG org.hibernate.loader.plan.exec.internal.LoadQueryJoinAndFetchProcessor - processing queryspace <gen:0>
21:22:59.866 [Test worker] DEBUG org.hibernate.loader.plan.build.spi.LoadPlanTreePrinter - LoadPlan(collection=domain.Angajat.departamente)
    - Returns
       - CollectionReturnImpl(collection=domain.Angajat.departamente, querySpaceUid=<gen:0>, path=[domain.Angajat.departamente])
          - (collection element) CollectionFetchableElementEntityGraph(entity=domain.Departament, querySpaceUid=<gen:1>, path=[domain.Angajat.departamente].<elements>)
    - QuerySpaces
       - CollectionQuerySpaceImpl(uid=<gen:0>, collection=domain.Angajat.departamente)
          - SQL table alias mapping - departamen0_
          - alias suffix - 0_
          - suffixed key columns - {id_angaj1_1_0_}
          - entity-element alias suffix - 1_
          - 1_entity-element suffixed key columns - id1_4_1_
          - JOIN (JoinDefinedByMetadata(elements)) : <gen:0> -> <gen:1>
             - EntityQuerySpaceImpl(uid=<gen:1>, entity=domain.Departament)
                - SQL table alias mapping - departamen1_
                - alias suffix - 1_
                - suffixed key columns - {id1_4_1_}

21:22:59.866 [Test worker] DEBUG org.hibernate.loader.collection.plan.CollectionLoader - Static select for collection domain.Angajat.departamente: select departamen0_.id_angajat as id_angaj1_1_0_, departamen0_.id_departament as id_depar2_1_0_, departamen1_.id as id1_4_1_, departamen1_.id_director as id_direc2_4_1_ from angajati_departamente departamen0_ inner join departamente departamen1_ on departamen0_.id_departament=departamen1_.id where departamen0_.id_angajat=?
21:22:59.866 [Test worker] INFO org.hibernate.orm.connections.access - HHH10001501: Connection obtained from JdbcConnectionAccess [org.hibernate.engine.jdbc.env.internal.JdbcEnvironmentInitiator$ConnectionProviderJdbcConnectionAccess@3d53d70] for (non-JTA) DDL execution was not in auto-commit mode; the Connection 'local transaction' will be committed and the Connection will be set into auto-commit mode.
21:22:59.866 [Test worker] DEBUG org.hibernate.mapping.Table - No alter strings for table : angajati
21:22:59.866 [Test worker] DEBUG org.hibernate.mapping.Table - No alter strings for table : angajati_departamente
21:22:59.866 [Test worker] DEBUG org.hibernate.mapping.Table - No alter strings for table : angajati_proiecte
21:22:59.866 [Test worker] DEBUG org.hibernate.mapping.Table - No alter strings for table : concedii
21:22:59.866 [Test worker] DEBUG org.hibernate.mapping.Table - No alter strings for table : departamente
21:22:59.866 [Test worker] DEBUG org.hibernate.mapping.Table - No alter strings for table : functii
21:22:59.866 [Test worker] DEBUG org.hibernate.mapping.Table - No alter strings for table : proiecte
21:22:59.866 [Test worker] DEBUG org.hibernate.query.spi.NamedQueryRepository - Checking 0 named HQL queries
21:22:59.866 [Test worker] DEBUG org.hibernate.query.spi.NamedQueryRepository - Checking 0 named SQL queries
21:22:59.866 [Test worker] DEBUG org.hibernate.internal.SessionFactoryRegistry - Registering SessionFactory: 0a332a9d-c9ed-44f7-bb3a-8d944da7e289 (<unnamed>)
21:22:59.866 [Test worker] DEBUG org.hibernate.internal.SessionFactoryRegistry - Not binding SessionFactory to JNDI, no JNDI name configured
21:22:59.866 [Test worker] DEBUG org.hibernate.stat.internal.StatisticsInitiator - Statistics initialized [enabled=false]
21:22:59.866 [Test worker] DEBUG org.hibernate.engine.transaction.internal.TransactionImpl - On TransactionImpl creation, JpaCompliance#isJpaTransactionComplianceEnabled == false
21:22:59.866 [Test worker] DEBUG org.hibernate.engine.transaction.internal.TransactionImpl - begin
21:22:59.866 [Test worker] DEBUG org.hibernate.hql.internal.QueryTranslatorFactoryInitiator - QueryTranslatorFactory: org.hibernate.hql.internal.ast.ASTQueryTranslatorFactory@1ec4c28e
21:22:59.866 [Test worker] DEBUG org.hibernate.hql.internal.ast.QueryTranslatorImpl - parse() - HQL: select a from domain.Angajat a where id=:id
21:22:59.866 [Test worker] DEBUG org.hibernate.hql.internal.ast.ErrorTracker - throwQueryException() : no errors
21:22:59.866 [Test worker] DEBUG org.hibernate.hql.internal.ast.QueryTranslatorImpl - --- HQL AST ---
 \-[QUERY] Node: 'query'
    +-[SELECT_FROM] Node: 'SELECT_FROM'
    |  +-[FROM] Node: 'from'
    |  |  \-[RANGE] Node: 'RANGE'
    |  |     +-[DOT] Node: '.'
    |  |     |  +-[IDENT] Node: 'domain'
    |  |     |  \-[IDENT] Node: 'Angajat'
    |  |     \-[ALIAS] Node: 'a'
    |  \-[SELECT] Node: 'select'
    |     \-[IDENT] Node: 'a'
    \-[WHERE] Node: 'where'
       \-[EQ] Node: '='
          +-[IDENT] Node: 'id'
          \-[COLON] Node: ':'
             \-[IDENT] Node: 'id'

21:22:59.866 [Test worker] DEBUG org.hibernate.hql.internal.antlr.HqlSqlBaseWalker - select << begin [level=1, statement=select]
21:22:59.866 [Test worker] DEBUG org.hibernate.hql.internal.ast.tree.FromElement - FromClause{level=1} : domain.Angajat (a) -> angajat0_
21:22:59.866 [Test worker] DEBUG org.hibernate.hql.internal.ast.tree.FromReferenceNode - Resolved : a -> angajat0_.id
21:22:59.866 [Test worker] DEBUG org.hibernate.hql.internal.ast.tree.FromReferenceNode - Resolved : {synthetic-alias} -> {synthetic-alias}
21:22:59.866 [Test worker] DEBUG org.hibernate.hql.internal.ast.tree.DotNode - getDataType() : id -> org.hibernate.type.IntegerType@14f541d2
21:22:59.866 [Test worker] DEBUG org.hibernate.hql.internal.ast.tree.FromReferenceNode - Resolved : {synthetic-alias}.id -> angajat0_.id
21:22:59.866 [Test worker] DEBUG org.hibernate.hql.internal.antlr.HqlSqlBaseWalker - select : finishing up [level=1, statement=select]
21:22:59.866 [Test worker] DEBUG org.hibernate.hql.internal.ast.HqlSqlWalker - processQuery() :  ( SELECT ( {select clause} angajat0_.id ) ( FromClause{level=1} angajati angajat0_ ) ( where ( = ( angajat0_.id {synthetic-alias} id ) ? ) ) )
21:22:59.866 [Test worker] DEBUG org.hibernate.hql.internal.ast.util.JoinProcessor - Tables referenced from query nodes:
 \-QueryNode
    +-SelectClause
    | referencedTables(entity Angajat): [angajati]
    |  +-IdentNode
    |  | persister: SingleTableEntityPersister(domain.Angajat)
    |  | originalText: a
    |  \-SqlFragment
    +-FromClause
    |  \-FromElement
    \-SqlNode
       \-BinaryLogicOperatorNode
          +-DotNode
          | persister: SingleTableEntityPersister(domain.Angajat)
          | path: {synthetic-alias}.id
          |  +-IdentNode
          |  | persister: SingleTableEntityPersister(domain.Angajat)
          |  | originalText: {synthetic-alias}
          |  \-IdentNode
          |    persister: null
          |    originalText: id
          \-ParameterNode

21:22:59.866 [Test worker] DEBUG org.hibernate.hql.internal.ast.util.JoinProcessor - Using FROM fragment [angajati angajat0_]
21:22:59.866 [Test worker] DEBUG org.hibernate.hql.internal.antlr.HqlSqlBaseWalker - select >> end [level=1, statement=select]
21:22:59.866 [Test worker] DEBUG org.hibernate.hql.internal.ast.QueryTranslatorImpl - --- SQL AST ---
 \-[SELECT] QueryNode: 'SELECT'  querySpaces (angajati)
    +-[SELECT_CLAUSE] SelectClause: '{select clause}'
    |  +-[ALIAS_REF] IdentNode: 'angajat0_.id as id1_0_' {alias=a, className=domain.Angajat, tableAlias=angajat0_}
    |  \-[SQL_TOKEN] SqlFragment: 'angajat0_.data_angajare as data_ang2_0_, angajat0_.functie_id as functie_4_0_, angajat0_.id_superior as id_super3_0_'
    +-[FROM] FromClause: 'from' FromClause{level=1, fromElementCounter=1, fromElements=1, fromElementByClassAlias=[a], fromElementByTableAlias=[angajat0_], fromElementsByPath=[], collectionJoinFromElementsByPath=[], impliedElements=[]}
    |  \-[FROM_FRAGMENT] FromElement: 'angajati angajat0_' FromElement{explicit,not a collection join,not a fetch join,fetch non-lazy properties,classAlias=a,role=null,tableName=angajati,tableAlias=angajat0_,origin=null,columns={,className=domain.Angajat}}
    \-[WHERE] SqlNode: 'where'
       \-[EQ] BinaryLogicOperatorNode: '='
          +-[DOT] DotNode: 'angajat0_.id' {propertyName=id,dereferenceType=PRIMITIVE,getPropertyPath=id,path={synthetic-alias}.id,tableAlias=angajat0_,className=domain.Angajat,classAlias=a}
          |  +-[IDENT] IdentNode: '{synthetic-alias}' {originalText={synthetic-alias}}
          |  \-[IDENT] IdentNode: 'id' {originalText=id}
          \-[NAMED_PARAM] ParameterNode: '?' {name=id, expectedType=org.hibernate.type.IntegerType@14f541d2}

21:22:59.866 [Test worker] DEBUG org.hibernate.hql.internal.ast.ErrorTracker - throwQueryException() : no errors
21:22:59.866 [Test worker] DEBUG org.hibernate.hql.internal.ast.QueryTranslatorImpl - HQL: select a from domain.Angajat a where id=:id
21:22:59.866 [Test worker] DEBUG org.hibernate.hql.internal.ast.QueryTranslatorImpl - SQL: select angajat0_.id as id1_0_, angajat0_.data_angajare as data_ang2_0_, angajat0_.functie_id as functie_4_0_, angajat0_.id_superior as id_super3_0_ from angajati angajat0_ where angajat0_.id=?
21:22:59.866 [Test worker] DEBUG org.hibernate.hql.internal.ast.ErrorTracker - throwQueryException() : no errors
21:22:59.866 [Test worker] DEBUG org.hibernate.SQL - select angajat0_.id as id1_0_, angajat0_.data_angajare as data_ang2_0_, angajat0_.functie_id as functie_4_0_, angajat0_.id_superior as id_super3_0_ from angajati angajat0_ where angajat0_.id=?
Hibernate: select angajat0_.id as id1_0_, angajat0_.data_angajare as data_ang2_0_, angajat0_.functie_id as functie_4_0_, angajat0_.id_superior as id_super3_0_ from angajati angajat0_ where angajat0_.id=?
21:22:59.882 [Test worker] DEBUG org.hibernate.loader.Loader - Result set row: 0
21:22:59.882 [Test worker] DEBUG org.hibernate.loader.Loader - Result row: EntityKey[domain.Angajat#1]
21:22:59.882 [Test worker] DEBUG org.hibernate.engine.internal.TwoPhaseLoad - Resolving attributes for [domain.Angajat#1]
21:22:59.882 [Test worker] DEBUG org.hibernate.engine.internal.TwoPhaseLoad - Processing attribute `concedii` : value = NOT NULL COLLECTION
21:22:59.882 [Test worker] DEBUG org.hibernate.engine.internal.TwoPhaseLoad - Attribute (`concedii`)  - enhanced for lazy-loading? - false
21:22:59.882 [Test worker] DEBUG org.hibernate.engine.internal.TwoPhaseLoad - Processing attribute `dataAngajare` : value = 2021-06-01
21:22:59.882 [Test worker] DEBUG org.hibernate.engine.internal.TwoPhaseLoad - Attribute (`dataAngajare`)  - enhanced for lazy-loading? - false
21:22:59.882 [Test worker] DEBUG org.hibernate.engine.internal.TwoPhaseLoad - Processing attribute `departamente` : value = NOT NULL COLLECTION
21:22:59.882 [Test worker] DEBUG org.hibernate.engine.internal.TwoPhaseLoad - Attribute (`departamente`)  - enhanced for lazy-loading? - false
21:22:59.882 [Test worker] DEBUG org.hibernate.engine.internal.TwoPhaseLoad - Processing attribute `functie` : value = 1
21:22:59.882 [Test worker] DEBUG org.hibernate.engine.internal.TwoPhaseLoad - Attribute (`functie`)  - enhanced for lazy-loading? - false
21:22:59.882 [Test worker] DEBUG org.hibernate.SQL - select functie0_.id as id1_5_0_, functie0_.salar_de_baza as salar_de2_5_0_ from functii functie0_ where functie0_.id=?
Hibernate: select functie0_.id as id1_5_0_, functie0_.salar_de_baza as salar_de2_5_0_ from functii functie0_ where functie0_.id=?
21:22:59.882 [Test worker] DEBUG org.hibernate.loader.plan.exec.process.internal.EntityReferenceInitializerImpl - On call to EntityIdentifierReaderImpl#resolve, EntityKey was already known; should only happen on root returns with an optional identifier specified
21:22:59.882 [Test worker] DEBUG org.hibernate.engine.internal.TwoPhaseLoad - Resolving attributes for [domain.Functie#1]
21:22:59.882 [Test worker] DEBUG org.hibernate.engine.internal.TwoPhaseLoad - Processing attribute `salarDeBaza` : value = 2000.0
21:22:59.882 [Test worker] DEBUG org.hibernate.engine.internal.TwoPhaseLoad - Attribute (`salarDeBaza`)  - enhanced for lazy-loading? - false
21:22:59.882 [Test worker] DEBUG org.hibernate.engine.internal.TwoPhaseLoad - Done materializing entity [domain.Functie#1]
21:22:59.882 [Test worker] DEBUG org.hibernate.loader.entity.plan.AbstractLoadPlanBasedEntityLoader - Done entity load : domain.Functie#1
21:22:59.882 [Test worker] DEBUG org.hibernate.engine.internal.TwoPhaseLoad - Processing attribute `idSuperior` : value = 1
21:22:59.882 [Test worker] DEBUG org.hibernate.engine.internal.TwoPhaseLoad - Attribute (`idSuperior`)  - enhanced for lazy-loading? - false
21:22:59.882 [Test worker] DEBUG org.hibernate.engine.internal.TwoPhaseLoad - Processing attribute `proiecte` : value = NOT NULL COLLECTION
21:22:59.882 [Test worker] DEBUG org.hibernate.engine.internal.TwoPhaseLoad - Attribute (`proiecte`)  - enhanced for lazy-loading? - false
21:22:59.882 [Test worker] DEBUG org.hibernate.engine.internal.TwoPhaseLoad - Done materializing entity [domain.Angajat#1]
21:22:59.882 [Test worker] DEBUG org.hibernate.engine.transaction.internal.TransactionImpl - committing
21:22:59.882 [Test worker] DEBUG org.hibernate.event.internal.AbstractFlushingEventListener - Processing flush-time cascades
21:22:59.882 [Test worker] DEBUG org.hibernate.event.internal.AbstractFlushingEventListener - Dirty checking collections
21:22:59.882 [Test worker] DEBUG org.hibernate.engine.internal.Collections - Collection found: [domain.Angajat.concedii#1], was: [domain.Angajat.concedii#1] (uninitialized)
21:22:59.882 [Test worker] DEBUG org.hibernate.engine.internal.Collections - Collection found: [domain.Angajat.departamente#1], was: [domain.Angajat.departamente#1] (uninitialized)
21:22:59.882 [Test worker] DEBUG org.hibernate.engine.internal.Collections - Collection found: [domain.Angajat.proiecte#1], was: [domain.Angajat.proiecte#1] (uninitialized)
21:22:59.882 [Test worker] DEBUG org.hibernate.event.internal.AbstractFlushingEventListener - Flushed: 0 insertions, 0 updates, 0 deletions to 2 objects
21:22:59.882 [Test worker] DEBUG org.hibernate.event.internal.AbstractFlushingEventListener - Flushed: 0 (re)creations, 0 updates, 0 removals to 3 collections
21:22:59.882 [Test worker] DEBUG org.hibernate.internal.util.EntityPrinter - Listing entities:
21:22:59.882 [Test worker] DEBUG org.hibernate.internal.util.EntityPrinter - domain.Functie{salarDeBaza=2000.0, id=1}
21:22:59.882 [Test worker] DEBUG org.hibernate.internal.util.EntityPrinter - domain.Angajat{proiecte=<uninitialized>, functie=domain.Functie#1, idSuperior=1, departamente=<uninitialized>, id=1, dataAngajare=2021-06-01, concedii=<uninitialized>}
21:22:59.882 [Test worker] DEBUG org.hibernate.resource.jdbc.internal.LogicalConnectionManagedImpl - Initiating JDBC connection release from afterTransaction
21:22:59.882 [Test worker] DEBUG org.hibernate.resource.jdbc.internal.LogicalConnectionManagedImpl - Initiating JDBC connection release from afterTransaction
21:22:59.882 [Test worker] DEBUG org.hibernate.stat.internal.StatisticsInitiator - Statistics initialized [enabled=false]
21:22:59.882 [Test worker] DEBUG org.hibernate.engine.transaction.internal.TransactionImpl - On TransactionImpl creation, JpaCompliance#isJpaTransactionComplianceEnabled == false
21:22:59.882 [Test worker] DEBUG org.hibernate.engine.transaction.internal.TransactionImpl - begin
21:22:59.882 [Test worker] DEBUG org.hibernate.hql.internal.QueryTranslatorFactoryInitiator - QueryTranslatorFactory: org.hibernate.hql.internal.ast.ASTQueryTranslatorFactory@1ec4c28e
21:22:59.882 [Test worker] DEBUG org.hibernate.hql.internal.ast.QueryTranslatorImpl - parse() - HQL: select a from domain.Angajat a where id=:id
21:22:59.882 [Test worker] DEBUG org.hibernate.hql.internal.ast.ErrorTracker - throwQueryException() : no errors
21:22:59.882 [Test worker] DEBUG org.hibernate.hql.internal.ast.QueryTranslatorImpl - --- HQL AST ---
 \-[QUERY] Node: 'query'
    +-[SELECT_FROM] Node: 'SELECT_FROM'
    |  +-[FROM] Node: 'from'
    |  |  \-[RANGE] Node: 'RANGE'
    |  |     +-[DOT] Node: '.'
    |  |     |  +-[IDENT] Node: 'domain'
    |  |     |  \-[IDENT] Node: 'Angajat'
    |  |     \-[ALIAS] Node: 'a'
    |  \-[SELECT] Node: 'select'
    |     \-[IDENT] Node: 'a'
    \-[WHERE] Node: 'where'
       \-[EQ] Node: '='
          +-[IDENT] Node: 'id'
          \-[COLON] Node: ':'
             \-[IDENT] Node: 'id'

21:22:59.882 [Test worker] DEBUG org.hibernate.hql.internal.antlr.HqlSqlBaseWalker - select << begin [level=1, statement=select]
21:22:59.882 [Test worker] DEBUG org.hibernate.hql.internal.ast.tree.FromElement - FromClause{level=1} : domain.Angajat (a) -> angajat0_
21:22:59.882 [Test worker] DEBUG org.hibernate.hql.internal.ast.tree.FromReferenceNode - Resolved : a -> angajat0_.id
21:22:59.882 [Test worker] DEBUG org.hibernate.hql.internal.ast.tree.FromReferenceNode - Resolved : {synthetic-alias} -> {synthetic-alias}
21:22:59.882 [Test worker] DEBUG org.hibernate.hql.internal.ast.tree.DotNode - getDataType() : id -> org.hibernate.type.IntegerType@14f541d2
21:22:59.882 [Test worker] DEBUG org.hibernate.hql.internal.ast.tree.FromReferenceNode - Resolved : {synthetic-alias}.id -> angajat0_.id
21:22:59.882 [Test worker] DEBUG org.hibernate.hql.internal.antlr.HqlSqlBaseWalker - select : finishing up [level=1, statement=select]
21:22:59.882 [Test worker] DEBUG org.hibernate.hql.internal.ast.HqlSqlWalker - processQuery() :  ( SELECT ( {select clause} angajat0_.id ) ( FromClause{level=1} angajati angajat0_ ) ( where ( = ( angajat0_.id {synthetic-alias} id ) ? ) ) )
21:22:59.882 [Test worker] DEBUG org.hibernate.hql.internal.ast.util.JoinProcessor - Tables referenced from query nodes:
 \-QueryNode
    +-SelectClause
    | referencedTables(entity Angajat): [angajati]
    |  +-IdentNode
    |  | persister: SingleTableEntityPersister(domain.Angajat)
    |  | originalText: a
    |  \-SqlFragment
    +-FromClause
    |  \-FromElement
    \-SqlNode
       \-BinaryLogicOperatorNode
          +-DotNode
          | persister: SingleTableEntityPersister(domain.Angajat)
          | path: {synthetic-alias}.id
          |  +-IdentNode
          |  | persister: SingleTableEntityPersister(domain.Angajat)
          |  | originalText: {synthetic-alias}
          |  \-IdentNode
          |    persister: null
          |    originalText: id
          \-ParameterNode

21:22:59.882 [Test worker] DEBUG org.hibernate.hql.internal.ast.util.JoinProcessor - Using FROM fragment [angajati angajat0_]
21:22:59.882 [Test worker] DEBUG org.hibernate.hql.internal.antlr.HqlSqlBaseWalker - select >> end [level=1, statement=select]
21:22:59.882 [Test worker] DEBUG org.hibernate.hql.internal.ast.QueryTranslatorImpl - --- SQL AST ---
 \-[SELECT] QueryNode: 'SELECT'  querySpaces (angajati)
    +-[SELECT_CLAUSE] SelectClause: '{select clause}'
    |  +-[ALIAS_REF] IdentNode: 'angajat0_.id as id1_0_' {alias=a, className=domain.Angajat, tableAlias=angajat0_}
    |  \-[SQL_TOKEN] SqlFragment: 'angajat0_.data_angajare as data_ang2_0_, angajat0_.functie_id as functie_4_0_, angajat0_.id_superior as id_super3_0_'
    +-[FROM] FromClause: 'from' FromClause{level=1, fromElementCounter=1, fromElements=1, fromElementByClassAlias=[a], fromElementByTableAlias=[angajat0_], fromElementsByPath=[], collectionJoinFromElementsByPath=[], impliedElements=[]}
    |  \-[FROM_FRAGMENT] FromElement: 'angajati angajat0_' FromElement{explicit,not a collection join,not a fetch join,fetch non-lazy properties,classAlias=a,role=null,tableName=angajati,tableAlias=angajat0_,origin=null,columns={,className=domain.Angajat}}
    \-[WHERE] SqlNode: 'where'
       \-[EQ] BinaryLogicOperatorNode: '='
          +-[DOT] DotNode: 'angajat0_.id' {propertyName=id,dereferenceType=PRIMITIVE,getPropertyPath=id,path={synthetic-alias}.id,tableAlias=angajat0_,className=domain.Angajat,classAlias=a}
          |  +-[IDENT] IdentNode: '{synthetic-alias}' {originalText={synthetic-alias}}
          |  \-[IDENT] IdentNode: 'id' {originalText=id}
          \-[NAMED_PARAM] ParameterNode: '?' {name=id, expectedType=org.hibernate.type.IntegerType@14f541d2}

21:22:59.882 [Test worker] DEBUG org.hibernate.hql.internal.ast.ErrorTracker - throwQueryException() : no errors
21:22:59.882 [Test worker] DEBUG org.hibernate.hql.internal.ast.QueryTranslatorImpl - HQL: select a from domain.Angajat a where id=:id
21:22:59.882 [Test worker] DEBUG org.hibernate.hql.internal.ast.QueryTranslatorImpl - SQL: select angajat0_.id as id1_0_, angajat0_.data_angajare as data_ang2_0_, angajat0_.functie_id as functie_4_0_, angajat0_.id_superior as id_super3_0_ from angajati angajat0_ where angajat0_.id=?
21:22:59.882 [Test worker] DEBUG org.hibernate.hql.internal.ast.ErrorTracker - throwQueryException() : no errors
21:22:59.882 [Test worker] DEBUG org.hibernate.SQL - select angajat0_.id as id1_0_, angajat0_.data_angajare as data_ang2_0_, angajat0_.functie_id as functie_4_0_, angajat0_.id_superior as id_super3_0_ from angajati angajat0_ where angajat0_.id=?
Hibernate: select angajat0_.id as id1_0_, angajat0_.data_angajare as data_ang2_0_, angajat0_.functie_id as functie_4_0_, angajat0_.id_superior as id_super3_0_ from angajati angajat0_ where angajat0_.id=?
21:22:59.882 [Test worker] DEBUG org.hibernate.loader.Loader - Result set row: 0
21:22:59.882 [Test worker] DEBUG org.hibernate.loader.Loader - Result row: EntityKey[domain.Angajat#1]
21:22:59.882 [Test worker] DEBUG org.hibernate.engine.internal.TwoPhaseLoad - Resolving attributes for [domain.Angajat#1]
21:22:59.882 [Test worker] DEBUG org.hibernate.engine.internal.TwoPhaseLoad - Processing attribute `concedii` : value = NOT NULL COLLECTION
21:22:59.882 [Test worker] DEBUG org.hibernate.engine.internal.TwoPhaseLoad - Attribute (`concedii`)  - enhanced for lazy-loading? - false
21:22:59.882 [Test worker] DEBUG org.hibernate.engine.internal.TwoPhaseLoad - Processing attribute `dataAngajare` : value = 2021-06-01
21:22:59.882 [Test worker] DEBUG org.hibernate.engine.internal.TwoPhaseLoad - Attribute (`dataAngajare`)  - enhanced for lazy-loading? - false
21:22:59.882 [Test worker] DEBUG org.hibernate.engine.internal.TwoPhaseLoad - Processing attribute `departamente` : value = NOT NULL COLLECTION
21:22:59.882 [Test worker] DEBUG org.hibernate.engine.internal.TwoPhaseLoad - Attribute (`departamente`)  - enhanced for lazy-loading? - false
21:22:59.882 [Test worker] DEBUG org.hibernate.engine.internal.TwoPhaseLoad - Processing attribute `functie` : value = 1
21:22:59.882 [Test worker] DEBUG org.hibernate.engine.internal.TwoPhaseLoad - Attribute (`functie`)  - enhanced for lazy-loading? - false
21:22:59.882 [Test worker] DEBUG org.hibernate.SQL - select functie0_.id as id1_5_0_, functie0_.salar_de_baza as salar_de2_5_0_ from functii functie0_ where functie0_.id=?
Hibernate: select functie0_.id as id1_5_0_, functie0_.salar_de_baza as salar_de2_5_0_ from functii functie0_ where functie0_.id=?
21:22:59.882 [Test worker] DEBUG org.hibernate.loader.plan.exec.process.internal.EntityReferenceInitializerImpl - On call to EntityIdentifierReaderImpl#resolve, EntityKey was already known; should only happen on root returns with an optional identifier specified
21:22:59.882 [Test worker] DEBUG org.hibernate.engine.internal.TwoPhaseLoad - Resolving attributes for [domain.Functie#1]
21:22:59.882 [Test worker] DEBUG org.hibernate.engine.internal.TwoPhaseLoad - Processing attribute `salarDeBaza` : value = 2000.0
21:22:59.882 [Test worker] DEBUG org.hibernate.engine.internal.TwoPhaseLoad - Attribute (`salarDeBaza`)  - enhanced for lazy-loading? - false
21:22:59.882 [Test worker] DEBUG org.hibernate.engine.internal.TwoPhaseLoad - Done materializing entity [domain.Functie#1]
21:22:59.882 [Test worker] DEBUG org.hibernate.loader.entity.plan.AbstractLoadPlanBasedEntityLoader - Done entity load : domain.Functie#1
21:22:59.882 [Test worker] DEBUG org.hibernate.engine.internal.TwoPhaseLoad - Processing attribute `idSuperior` : value = 1
21:22:59.882 [Test worker] DEBUG org.hibernate.engine.internal.TwoPhaseLoad - Attribute (`idSuperior`)  - enhanced for lazy-loading? - false
21:22:59.882 [Test worker] DEBUG org.hibernate.engine.internal.TwoPhaseLoad - Processing attribute `proiecte` : value = NOT NULL COLLECTION
21:22:59.882 [Test worker] DEBUG org.hibernate.engine.internal.TwoPhaseLoad - Attribute (`proiecte`)  - enhanced for lazy-loading? - false
21:22:59.882 [Test worker] DEBUG org.hibernate.engine.internal.TwoPhaseLoad - Done materializing entity [domain.Angajat#1]
21:22:59.882 [Test worker] DEBUG org.hibernate.engine.transaction.internal.TransactionImpl - committing
21:22:59.882 [Test worker] DEBUG org.hibernate.event.internal.AbstractFlushingEventListener - Processing flush-time cascades
21:22:59.882 [Test worker] DEBUG org.hibernate.event.internal.AbstractFlushingEventListener - Dirty checking collections
21:22:59.882 [Test worker] DEBUG org.hibernate.engine.internal.Collections - Collection found: [domain.Angajat.concedii#1], was: [domain.Angajat.concedii#1] (uninitialized)
21:22:59.882 [Test worker] DEBUG org.hibernate.engine.internal.Collections - Collection found: [domain.Angajat.departamente#1], was: [domain.Angajat.departamente#1] (uninitialized)
21:22:59.882 [Test worker] DEBUG org.hibernate.engine.internal.Collections - Collection found: [domain.Angajat.proiecte#1], was: [domain.Angajat.proiecte#1] (uninitialized)
21:22:59.882 [Test worker] DEBUG org.hibernate.event.internal.AbstractFlushingEventListener - Flushed: 0 insertions, 0 updates, 0 deletions to 2 objects
21:22:59.882 [Test worker] DEBUG org.hibernate.event.internal.AbstractFlushingEventListener - Flushed: 0 (re)creations, 0 updates, 0 removals to 3 collections
21:22:59.882 [Test worker] DEBUG org.hibernate.internal.util.EntityPrinter - Listing entities:
21:22:59.882 [Test worker] DEBUG org.hibernate.internal.util.EntityPrinter - domain.Functie{salarDeBaza=2000.0, id=1}
21:22:59.882 [Test worker] DEBUG org.hibernate.internal.util.EntityPrinter - domain.Angajat{proiecte=<uninitialized>, functie=domain.Functie#1, idSuperior=1, departamente=<uninitialized>, id=1, dataAngajare=2021-06-01, concedii=<uninitialized>}
21:22:59.882 [Test worker] DEBUG org.hibernate.resource.jdbc.internal.LogicalConnectionManagedImpl - Initiating JDBC connection release from afterTransaction
21:22:59.882 [Test worker] DEBUG org.hibernate.resource.jdbc.internal.LogicalConnectionManagedImpl - Initiating JDBC connection release from afterTransaction
21:22:59.882 [Test worker] DEBUG org.hibernate.engine.transaction.internal.TransactionImpl - On TransactionImpl creation, JpaCompliance#isJpaTransactionComplianceEnabled == false
21:22:59.882 [Test worker] DEBUG org.hibernate.engine.transaction.internal.TransactionImpl - begin
21:22:59.898 [Test worker] DEBUG org.hibernate.engine.transaction.internal.TransactionImpl - committing
21:22:59.898 [Test worker] DEBUG org.hibernate.event.internal.AbstractFlushingEventListener - Processing flush-time cascades
21:22:59.898 [Test worker] DEBUG org.hibernate.event.internal.AbstractFlushingEventListener - Dirty checking collections
21:22:59.898 [Test worker] DEBUG org.hibernate.engine.internal.Collections - Collection found: [domain.Angajat.departamente#1], was: [domain.Angajat.departamente#1] (uninitialized)
21:22:59.898 [Test worker] DEBUG org.hibernate.engine.internal.Collections - Collection found: [domain.Angajat.proiecte#1], was: [domain.Angajat.proiecte#1] (uninitialized)
21:22:59.898 [Test worker] DEBUG org.hibernate.event.internal.AbstractFlushingEventListener - Flushed: 0 insertions, 1 updates, 0 deletions to 1 objects
21:22:59.898 [Test worker] DEBUG org.hibernate.event.internal.AbstractFlushingEventListener - Flushed: 0 (re)creations, 0 updates, 1 removals to 2 collections
21:22:59.898 [Test worker] DEBUG org.hibernate.internal.util.EntityPrinter - Listing entities:
21:22:59.898 [Test worker] DEBUG org.hibernate.internal.util.EntityPrinter - domain.Angajat{proiecte=<uninitialized>, functie=domain.Functie#1, idSuperior=1, departamente=<uninitialized>, id=1, dataAngajare=2021-06-01, concedii=null}
21:22:59.898 [Test worker] DEBUG org.hibernate.SQL - update angajati set data_angajare=?, functie_id=?, id_superior=? where id=?
Hibernate: update angajati set data_angajare=?, functie_id=?, id_superior=? where id=?
21:22:59.898 [Test worker] DEBUG org.hibernate.resource.jdbc.internal.LogicalConnectionManagedImpl - Initiating JDBC connection release from afterTransaction
21:22:59.898 [Test worker] DEBUG org.hibernate.resource.jdbc.internal.LogicalConnectionManagedImpl - Initiating JDBC connection release from afterTransaction
21:22:59.898 [Test worker] DEBUG org.hibernate.engine.transaction.internal.TransactionImpl - On TransactionImpl creation, JpaCompliance#isJpaTransactionComplianceEnabled == false
21:22:59.898 [Test worker] DEBUG org.hibernate.engine.transaction.internal.TransactionImpl - begin
21:22:59.898 [Test worker] DEBUG org.hibernate.SQL - select angajat0_.id as id1_0_, angajat0_.data_angajare as data_ang2_0_, angajat0_.functie_id as functie_4_0_, angajat0_.id_superior as id_super3_0_ from angajati angajat0_ where angajat0_.id=?
Hibernate: select angajat0_.id as id1_0_, angajat0_.data_angajare as data_ang2_0_, angajat0_.functie_id as functie_4_0_, angajat0_.id_superior as id_super3_0_ from angajati angajat0_ where angajat0_.id=?
21:22:59.898 [Test worker] DEBUG org.hibernate.loader.Loader - Result set row: 0
21:22:59.898 [Test worker] DEBUG org.hibernate.loader.Loader - Result row: EntityKey[domain.Angajat#1]
21:22:59.898 [Test worker] DEBUG org.hibernate.engine.internal.TwoPhaseLoad - Resolving attributes for [domain.Angajat#1]
21:22:59.898 [Test worker] DEBUG org.hibernate.engine.internal.TwoPhaseLoad - Processing attribute `concedii` : value = NOT NULL COLLECTION
21:22:59.898 [Test worker] DEBUG org.hibernate.engine.internal.TwoPhaseLoad - Attribute (`concedii`)  - enhanced for lazy-loading? - false
21:22:59.898 [Test worker] DEBUG org.hibernate.engine.internal.TwoPhaseLoad - Processing attribute `dataAngajare` : value = 2021-06-01
21:22:59.898 [Test worker] DEBUG org.hibernate.engine.internal.TwoPhaseLoad - Attribute (`dataAngajare`)  - enhanced for lazy-loading? - false
21:22:59.898 [Test worker] DEBUG org.hibernate.engine.internal.TwoPhaseLoad - Processing attribute `departamente` : value = NOT NULL COLLECTION
21:22:59.898 [Test worker] DEBUG org.hibernate.engine.internal.TwoPhaseLoad - Attribute (`departamente`)  - enhanced for lazy-loading? - false
21:22:59.898 [Test worker] DEBUG org.hibernate.engine.internal.TwoPhaseLoad - Processing attribute `functie` : value = 1
21:22:59.898 [Test worker] DEBUG org.hibernate.engine.internal.TwoPhaseLoad - Attribute (`functie`)  - enhanced for lazy-loading? - false
21:22:59.898 [Test worker] DEBUG org.hibernate.SQL - select functie0_.id as id1_5_0_, functie0_.salar_de_baza as salar_de2_5_0_ from functii functie0_ where functie0_.id=?
Hibernate: select functie0_.id as id1_5_0_, functie0_.salar_de_baza as salar_de2_5_0_ from functii functie0_ where functie0_.id=?
21:22:59.898 [Test worker] DEBUG org.hibernate.loader.plan.exec.process.internal.EntityReferenceInitializerImpl - On call to EntityIdentifierReaderImpl#resolve, EntityKey was already known; should only happen on root returns with an optional identifier specified
21:22:59.898 [Test worker] DEBUG org.hibernate.engine.internal.TwoPhaseLoad - Resolving attributes for [domain.Functie#1]
21:22:59.898 [Test worker] DEBUG org.hibernate.engine.internal.TwoPhaseLoad - Processing attribute `salarDeBaza` : value = 2000.0
21:22:59.898 [Test worker] DEBUG org.hibernate.engine.internal.TwoPhaseLoad - Attribute (`salarDeBaza`)  - enhanced for lazy-loading? - false
21:22:59.898 [Test worker] DEBUG org.hibernate.engine.internal.TwoPhaseLoad - Done materializing entity [domain.Functie#1]
21:22:59.898 [Test worker] DEBUG org.hibernate.loader.entity.plan.AbstractLoadPlanBasedEntityLoader - Done entity load : domain.Functie#1
21:22:59.898 [Test worker] DEBUG org.hibernate.engine.internal.TwoPhaseLoad - Processing attribute `idSuperior` : value = 1
21:22:59.898 [Test worker] DEBUG org.hibernate.engine.internal.TwoPhaseLoad - Attribute (`idSuperior`)  - enhanced for lazy-loading? - false
21:22:59.898 [Test worker] DEBUG org.hibernate.engine.internal.TwoPhaseLoad - Processing attribute `proiecte` : value = NOT NULL COLLECTION
21:22:59.898 [Test worker] DEBUG org.hibernate.engine.internal.TwoPhaseLoad - Attribute (`proiecte`)  - enhanced for lazy-loading? - false
21:22:59.898 [Test worker] DEBUG org.hibernate.engine.internal.TwoPhaseLoad - Done materializing entity [domain.Angajat#1]
21:22:59.898 [Test worker] DEBUG org.hibernate.engine.transaction.internal.TransactionImpl - committing
21:22:59.898 [Test worker] DEBUG org.hibernate.event.internal.AbstractFlushingEventListener - Processing flush-time cascades
21:22:59.898 [Test worker] DEBUG org.hibernate.event.internal.AbstractFlushingEventListener - Dirty checking collections
21:22:59.898 [Test worker] DEBUG org.hibernate.engine.internal.Collections - Collection found: [domain.Angajat.concedii#1], was: [domain.Angajat.concedii#1] (uninitialized)
21:22:59.898 [Test worker] DEBUG org.hibernate.engine.internal.Collections - Collection found: [domain.Angajat.departamente#1], was: [domain.Angajat.departamente#1] (uninitialized)
21:22:59.898 [Test worker] DEBUG org.hibernate.engine.internal.Collections - Collection found: [domain.Angajat.proiecte#1], was: [domain.Angajat.proiecte#1] (uninitialized)
21:22:59.898 [Test worker] DEBUG org.hibernate.event.internal.AbstractFlushingEventListener - Flushed: 0 insertions, 0 updates, 0 deletions to 2 objects
21:22:59.898 [Test worker] DEBUG org.hibernate.event.internal.AbstractFlushingEventListener - Flushed: 0 (re)creations, 0 updates, 0 removals to 3 collections
21:22:59.898 [Test worker] DEBUG org.hibernate.internal.util.EntityPrinter - Listing entities:
21:22:59.898 [Test worker] DEBUG org.hibernate.internal.util.EntityPrinter - domain.Functie{salarDeBaza=2000.0, id=1}
21:22:59.898 [Test worker] DEBUG org.hibernate.internal.util.EntityPrinter - domain.Angajat{proiecte=<uninitialized>, functie=domain.Functie#1, idSuperior=1, departamente=<uninitialized>, id=1, dataAngajare=2021-06-01, concedii=<uninitialized>}
21:22:59.898 [Test worker] DEBUG org.hibernate.resource.jdbc.internal.LogicalConnectionManagedImpl - Initiating JDBC connection release from afterTransaction
21:22:59.898 [Test worker] DEBUG org.hibernate.resource.jdbc.internal.LogicalConnectionManagedImpl - Initiating JDBC connection release from afterTransaction
21:22:59.913 [Test worker] DEBUG org.hibernate.integrator.internal.IntegratorServiceImpl - Adding Integrator [org.hibernate.cfg.beanvalidation.BeanValidationIntegrator].
21:22:59.913 [Test worker] DEBUG org.hibernate.integrator.internal.IntegratorServiceImpl - Adding Integrator [org.hibernate.secure.spi.JaccIntegrator].
21:22:59.913 [Test worker] DEBUG org.hibernate.integrator.internal.IntegratorServiceImpl - Adding Integrator [org.hibernate.cache.internal.CollectionCacheInvalidator].
21:22:59.913 [Test worker] DEBUG org.hibernate.boot.jaxb.internal.stax.LocalXmlResourceResolver - Interpreting public/system identifier : [-//Hibernate/Hibernate Configuration DTD 3.0//EN] - [http://hibernate.org/dtd/hibernate-configuration-3.0.dtd]
21:22:59.945 [Test worker] DEBUG org.hibernate.boot.cfgxml.internal.JaxbCfgProcessor - cfg.xml document did not define namespaces; wrapping in custom event reader to introduce namespace information
21:22:59.960 [Test worker] DEBUG org.hibernate.service.spi.ServiceBinding - Overriding existing service binding [org.hibernate.secure.spi.JaccService]
21:22:59.960 [Test worker] DEBUG org.hibernate.cache.internal.RegionFactoryInitiator - Cannot default RegionFactory based on registered strategies as `[]` RegionFactory strategies were registered
21:22:59.960 [Test worker] DEBUG org.hibernate.cache.internal.RegionFactoryInitiator - Cache region factory : org.hibernate.cache.internal.NoCachingRegionFactory
21:22:59.960 [Test worker] DEBUG org.hibernate.type.BasicTypeRegistry - Adding type registration boolean -> org.hibernate.type.BooleanType@121b529f
21:22:59.960 [Test worker] DEBUG org.hibernate.type.BasicTypeRegistry - Adding type registration boolean -> org.hibernate.type.BooleanType@121b529f
21:22:59.960 [Test worker] DEBUG org.hibernate.type.BasicTypeRegistry - Adding type registration java.lang.Boolean -> org.hibernate.type.BooleanType@121b529f
21:22:59.960 [Test worker] DEBUG org.hibernate.type.BasicTypeRegistry - Adding type registration numeric_boolean -> org.hibernate.type.NumericBooleanType@7dc81433
21:22:59.960 [Test worker] DEBUG org.hibernate.type.BasicTypeRegistry - Adding type registration true_false -> org.hibernate.type.TrueFalseType@60c371da
21:22:59.960 [Test worker] DEBUG org.hibernate.type.BasicTypeRegistry - Adding type registration yes_no -> org.hibernate.type.YesNoType@51ef89fc
21:22:59.960 [Test worker] DEBUG org.hibernate.type.BasicTypeRegistry - Adding type registration byte -> org.hibernate.type.ByteType@1502feca
21:22:59.960 [Test worker] DEBUG org.hibernate.type.BasicTypeRegistry - Adding type registration byte -> org.hibernate.type.ByteType@1502feca
21:22:59.960 [Test worker] DEBUG org.hibernate.type.BasicTypeRegistry - Adding type registration java.lang.Byte -> org.hibernate.type.ByteType@1502feca
21:22:59.960 [Test worker] DEBUG org.hibernate.type.BasicTypeRegistry - Adding type registration character -> org.hibernate.type.CharacterType@5aca38b4
21:22:59.960 [Test worker] DEBUG org.hibernate.type.BasicTypeRegistry - Adding type registration char -> org.hibernate.type.CharacterType@5aca38b4
21:22:59.960 [Test worker] DEBUG org.hibernate.type.BasicTypeRegistry - Adding type registration java.lang.Character -> org.hibernate.type.CharacterType@5aca38b4
21:22:59.960 [Test worker] DEBUG org.hibernate.type.BasicTypeRegistry - Adding type registration short -> org.hibernate.type.ShortType@212db0b9
21:22:59.960 [Test worker] DEBUG org.hibernate.type.BasicTypeRegistry - Adding type registration short -> org.hibernate.type.ShortType@212db0b9
21:22:59.960 [Test worker] DEBUG org.hibernate.type.BasicTypeRegistry - Adding type registration java.lang.Short -> org.hibernate.type.ShortType@212db0b9
21:22:59.960 [Test worker] DEBUG org.hibernate.type.BasicTypeRegistry - Adding type registration integer -> org.hibernate.type.IntegerType@14f541d2
21:22:59.960 [Test worker] DEBUG org.hibernate.type.BasicTypeRegistry - Adding type registration int -> org.hibernate.type.IntegerType@14f541d2
21:22:59.960 [Test worker] DEBUG org.hibernate.type.BasicTypeRegistry - Adding type registration java.lang.Integer -> org.hibernate.type.IntegerType@14f541d2
21:22:59.960 [Test worker] DEBUG org.hibernate.type.BasicTypeRegistry - Adding type registration long -> org.hibernate.type.LongType@357c5fef
21:22:59.960 [Test worker] DEBUG org.hibernate.type.BasicTypeRegistry - Adding type registration long -> org.hibernate.type.LongType@357c5fef
21:22:59.960 [Test worker] DEBUG org.hibernate.type.BasicTypeRegistry - Adding type registration java.lang.Long -> org.hibernate.type.LongType@357c5fef
21:22:59.960 [Test worker] DEBUG org.hibernate.type.BasicTypeRegistry - Adding type registration float -> org.hibernate.type.FloatType@68835e55
21:22:59.960 [Test worker] DEBUG org.hibernate.type.BasicTypeRegistry - Adding type registration float -> org.hibernate.type.FloatType@68835e55
21:22:59.960 [Test worker] DEBUG org.hibernate.type.BasicTypeRegistry - Adding type registration java.lang.Float -> org.hibernate.type.FloatType@68835e55
21:22:59.960 [Test worker] DEBUG org.hibernate.type.BasicTypeRegistry - Adding type registration double -> org.hibernate.type.DoubleType@1db8c4bf
21:22:59.960 [Test worker] DEBUG org.hibernate.type.BasicTypeRegistry - Adding type registration double -> org.hibernate.type.DoubleType@1db8c4bf
21:22:59.960 [Test worker] DEBUG org.hibernate.type.BasicTypeRegistry - Adding type registration java.lang.Double -> org.hibernate.type.DoubleType@1db8c4bf
21:22:59.960 [Test worker] DEBUG org.hibernate.type.BasicTypeRegistry - Adding type registration big_decimal -> org.hibernate.type.BigDecimalType@2bd9f5a7
21:22:59.960 [Test worker] DEBUG org.hibernate.type.BasicTypeRegistry - Adding type registration java.math.BigDecimal -> org.hibernate.type.BigDecimalType@2bd9f5a7
21:22:59.960 [Test worker] DEBUG org.hibernate.type.BasicTypeRegistry - Adding type registration big_integer -> org.hibernate.type.BigIntegerType@67766712
21:22:59.960 [Test worker] DEBUG org.hibernate.type.BasicTypeRegistry - Adding type registration java.math.BigInteger -> org.hibernate.type.BigIntegerType@67766712
21:22:59.960 [Test worker] DEBUG org.hibernate.type.BasicTypeRegistry - Adding type registration string -> org.hibernate.type.StringType@5abe721f
21:22:59.960 [Test worker] DEBUG org.hibernate.type.BasicTypeRegistry - Adding type registration java.lang.String -> org.hibernate.type.StringType@5abe721f
21:22:59.960 [Test worker] DEBUG org.hibernate.type.BasicTypeRegistry - Adding type registration nstring -> org.hibernate.type.StringNVarcharType@5ca83c4b
21:22:59.960 [Test worker] DEBUG org.hibernate.type.BasicTypeRegistry - Adding type registration ncharacter -> org.hibernate.type.CharacterNCharType@181579aa
21:22:59.960 [Test worker] DEBUG org.hibernate.type.BasicTypeRegistry - Adding type registration url -> org.hibernate.type.UrlType@2d95e7ff
21:22:59.960 [Test worker] DEBUG org.hibernate.type.BasicTypeRegistry - Adding type registration java.net.URL -> org.hibernate.type.UrlType@2d95e7ff
21:22:59.960 [Test worker] DEBUG org.hibernate.type.BasicTypeRegistry - Adding type registration Duration -> org.hibernate.type.DurationType@1f6d6ec5
21:22:59.960 [Test worker] DEBUG org.hibernate.type.BasicTypeRegistry - Adding type registration java.time.Duration -> org.hibernate.type.DurationType@1f6d6ec5
21:22:59.960 [Test worker] DEBUG org.hibernate.type.BasicTypeRegistry - Adding type registration Instant -> org.hibernate.type.InstantType@799b3880
21:22:59.960 [Test worker] DEBUG org.hibernate.type.BasicTypeRegistry - Adding type registration java.time.Instant -> org.hibernate.type.InstantType@799b3880
21:22:59.960 [Test worker] DEBUG org.hibernate.type.BasicTypeRegistry - Adding type registration LocalDateTime -> org.hibernate.type.LocalDateTimeType@3c9b7dcd
21:22:59.960 [Test worker] DEBUG org.hibernate.type.BasicTypeRegistry - Adding type registration java.time.LocalDateTime -> org.hibernate.type.LocalDateTimeType@3c9b7dcd
21:22:59.960 [Test worker] DEBUG org.hibernate.type.BasicTypeRegistry - Adding type registration LocalDate -> org.hibernate.type.LocalDateType@73b9d317
21:22:59.960 [Test worker] DEBUG org.hibernate.type.BasicTypeRegistry - Adding type registration java.time.LocalDate -> org.hibernate.type.LocalDateType@73b9d317
21:22:59.960 [Test worker] DEBUG org.hibernate.type.BasicTypeRegistry - Adding type registration LocalTime -> org.hibernate.type.LocalTimeType@3e938176
21:22:59.960 [Test worker] DEBUG org.hibernate.type.BasicTypeRegistry - Adding type registration java.time.LocalTime -> org.hibernate.type.LocalTimeType@3e938176
21:22:59.960 [Test worker] DEBUG org.hibernate.type.BasicTypeRegistry - Adding type registration OffsetDateTime -> org.hibernate.type.OffsetDateTimeType@1006f6a5
21:22:59.960 [Test worker] DEBUG org.hibernate.type.BasicTypeRegistry - Adding type registration java.time.OffsetDateTime -> org.hibernate.type.OffsetDateTimeType@1006f6a5
21:22:59.960 [Test worker] DEBUG org.hibernate.type.BasicTypeRegistry - Adding type registration OffsetTime -> org.hibernate.type.OffsetTimeType@5ebf30b8
21:22:59.960 [Test worker] DEBUG org.hibernate.type.BasicTypeRegistry - Adding type registration java.time.OffsetTime -> org.hibernate.type.OffsetTimeType@5ebf30b8
21:22:59.960 [Test worker] DEBUG org.hibernate.type.BasicTypeRegistry - Adding type registration ZonedDateTime -> org.hibernate.type.ZonedDateTimeType@5ecdce3a
21:22:59.960 [Test worker] DEBUG org.hibernate.type.BasicTypeRegistry - Adding type registration java.time.ZonedDateTime -> org.hibernate.type.ZonedDateTimeType@5ecdce3a
21:22:59.960 [Test worker] DEBUG org.hibernate.type.BasicTypeRegistry - Adding type registration date -> org.hibernate.type.DateType@34878a9c
21:22:59.960 [Test worker] DEBUG org.hibernate.type.BasicTypeRegistry - Adding type registration java.sql.Date -> org.hibernate.type.DateType@34878a9c
21:22:59.960 [Test worker] DEBUG org.hibernate.type.BasicTypeRegistry - Adding type registration time -> org.hibernate.type.TimeType@4be75fc9
21:22:59.960 [Test worker] DEBUG org.hibernate.type.BasicTypeRegistry - Adding type registration java.sql.Time -> org.hibernate.type.TimeType@4be75fc9
21:22:59.960 [Test worker] DEBUG org.hibernate.type.BasicTypeRegistry - Adding type registration timestamp -> org.hibernate.type.TimestampType@cd6dcfb
21:22:59.960 [Test worker] DEBUG org.hibernate.type.BasicTypeRegistry - Adding type registration java.sql.Timestamp -> org.hibernate.type.TimestampType@cd6dcfb
21:22:59.960 [Test worker] DEBUG org.hibernate.type.BasicTypeRegistry - Adding type registration java.util.Date -> org.hibernate.type.TimestampType@cd6dcfb
21:22:59.960 [Test worker] DEBUG org.hibernate.type.BasicTypeRegistry - Adding type registration dbtimestamp -> org.hibernate.type.DbTimestampType@6f70db50
21:22:59.960 [Test worker] DEBUG org.hibernate.type.BasicTypeRegistry - Adding type registration calendar -> org.hibernate.type.CalendarType@232580e4
21:22:59.960 [Test worker] DEBUG org.hibernate.type.BasicTypeRegistry - Adding type registration java.util.Calendar -> org.hibernate.type.CalendarType@232580e4
21:22:59.960 [Test worker] DEBUG org.hibernate.type.BasicTypeRegistry - Adding type registration java.util.GregorianCalendar -> org.hibernate.type.CalendarType@232580e4
21:22:59.960 [Test worker] DEBUG org.hibernate.type.BasicTypeRegistry - Adding type registration calendar_date -> org.hibernate.type.CalendarDateType@2d226c99
21:22:59.960 [Test worker] DEBUG org.hibernate.type.BasicTypeRegistry - Adding type registration calendar_time -> org.hibernate.type.CalendarTimeType@5f0ca092
21:22:59.960 [Test worker] DEBUG org.hibernate.type.BasicTypeRegistry - Adding type registration locale -> org.hibernate.type.LocaleType@2e7d6fc7
21:22:59.960 [Test worker] DEBUG org.hibernate.type.BasicTypeRegistry - Adding type registration java.util.Locale -> org.hibernate.type.LocaleType@2e7d6fc7
21:22:59.960 [Test worker] DEBUG org.hibernate.type.BasicTypeRegistry - Adding type registration currency -> org.hibernate.type.CurrencyType@298b5abb
21:22:59.960 [Test worker] DEBUG org.hibernate.type.BasicTypeRegistry - Adding type registration java.util.Currency -> org.hibernate.type.CurrencyType@298b5abb
21:22:59.960 [Test worker] DEBUG org.hibernate.type.BasicTypeRegistry - Adding type registration timezone -> org.hibernate.type.TimeZoneType@6a7223ce
21:22:59.960 [Test worker] DEBUG org.hibernate.type.BasicTypeRegistry - Adding type registration java.util.TimeZone -> org.hibernate.type.TimeZoneType@6a7223ce
21:22:59.960 [Test worker] DEBUG org.hibernate.type.BasicTypeRegistry - Adding type registration class -> org.hibernate.type.ClassType@17c86e61
21:22:59.960 [Test worker] DEBUG org.hibernate.type.BasicTypeRegistry - Adding type registration java.lang.Class -> org.hibernate.type.ClassType@17c86e61
21:22:59.960 [Test worker] DEBUG org.hibernate.type.BasicTypeRegistry - Adding type registration uuid-binary -> org.hibernate.type.UUIDBinaryType@165a29f7
21:22:59.960 [Test worker] DEBUG org.hibernate.type.BasicTypeRegistry - Adding type registration java.util.UUID -> org.hibernate.type.UUIDBinaryType@165a29f7
21:22:59.960 [Test worker] DEBUG org.hibernate.type.BasicTypeRegistry - Adding type registration uuid-char -> org.hibernate.type.UUIDCharType@57061eb5
21:22:59.960 [Test worker] DEBUG org.hibernate.type.BasicTypeRegistry - Adding type registration binary -> org.hibernate.type.BinaryType@377a3a57
21:22:59.960 [Test worker] DEBUG org.hibernate.type.BasicTypeRegistry - Adding type registration byte[] -> org.hibernate.type.BinaryType@377a3a57
21:22:59.960 [Test worker] DEBUG org.hibernate.type.BasicTypeRegistry - Adding type registration [B -> org.hibernate.type.BinaryType@377a3a57
21:22:59.960 [Test worker] DEBUG org.hibernate.type.BasicTypeRegistry - Adding type registration wrapper-binary -> org.hibernate.type.WrapperBinaryType@15236686
21:22:59.960 [Test worker] DEBUG org.hibernate.type.BasicTypeRegistry - Adding type registration Byte[] -> org.hibernate.type.WrapperBinaryType@15236686
21:22:59.960 [Test worker] DEBUG org.hibernate.type.BasicTypeRegistry - Adding type registration [Ljava.lang.Byte; -> org.hibernate.type.WrapperBinaryType@15236686
21:22:59.960 [Test worker] DEBUG org.hibernate.type.BasicTypeRegistry - Adding type registration row_version -> org.hibernate.type.RowVersionType@480544d3
21:22:59.960 [Test worker] DEBUG org.hibernate.type.BasicTypeRegistry - Adding type registration image -> org.hibernate.type.ImageType@a74733d
21:22:59.960 [Test worker] DEBUG org.hibernate.type.BasicTypeRegistry - Adding type registration characters -> org.hibernate.type.CharArrayType@10b707f8
21:22:59.960 [Test worker] DEBUG org.hibernate.type.BasicTypeRegistry - Adding type registration char[] -> org.hibernate.type.CharArrayType@10b707f8
21:22:59.960 [Test worker] DEBUG org.hibernate.type.BasicTypeRegistry - Adding type registration [C -> org.hibernate.type.CharArrayType@10b707f8
21:22:59.960 [Test worker] DEBUG org.hibernate.type.BasicTypeRegistry - Adding type registration wrapper-characters -> org.hibernate.type.CharacterArrayType@7586a107
21:22:59.960 [Test worker] DEBUG org.hibernate.type.BasicTypeRegistry - Adding type registration [Ljava.lang.Character; -> org.hibernate.type.CharacterArrayType@7586a107
21:22:59.960 [Test worker] DEBUG org.hibernate.type.BasicTypeRegistry - Adding type registration Character[] -> org.hibernate.type.CharacterArrayType@7586a107
21:22:59.960 [Test worker] DEBUG org.hibernate.type.BasicTypeRegistry - Adding type registration text -> org.hibernate.type.TextType@28e7117
21:22:59.960 [Test worker] DEBUG org.hibernate.type.BasicTypeRegistry - Adding type registration ntext -> org.hibernate.type.NTextType@4fe7c4b8
21:22:59.960 [Test worker] DEBUG org.hibernate.type.BasicTypeRegistry - Adding type registration blob -> org.hibernate.type.BlobType@69ff7971
21:22:59.960 [Test worker] DEBUG org.hibernate.type.BasicTypeRegistry - Adding type registration java.sql.Blob -> org.hibernate.type.BlobType@69ff7971
21:22:59.960 [Test worker] DEBUG org.hibernate.type.BasicTypeRegistry - Adding type registration materialized_blob -> org.hibernate.type.MaterializedBlobType@29a6bbfa
21:22:59.960 [Test worker] DEBUG org.hibernate.type.BasicTypeRegistry - Adding type registration clob -> org.hibernate.type.ClobType@6243fc09
21:22:59.960 [Test worker] DEBUG org.hibernate.type.BasicTypeRegistry - Adding type registration java.sql.Clob -> org.hibernate.type.ClobType@6243fc09
21:22:59.960 [Test worker] DEBUG org.hibernate.type.BasicTypeRegistry - Adding type registration nclob -> org.hibernate.type.NClobType@7a0e9fb4
21:22:59.960 [Test worker] DEBUG org.hibernate.type.BasicTypeRegistry - Adding type registration java.sql.NClob -> org.hibernate.type.NClobType@7a0e9fb4
21:22:59.960 [Test worker] DEBUG org.hibernate.type.BasicTypeRegistry - Adding type registration materialized_clob -> org.hibernate.type.MaterializedClobType@5568af29
21:22:59.960 [Test worker] DEBUG org.hibernate.type.BasicTypeRegistry - Adding type registration materialized_nclob -> org.hibernate.type.MaterializedNClobType@43589365
21:22:59.960 [Test worker] DEBUG org.hibernate.type.BasicTypeRegistry - Adding type registration serializable -> org.hibernate.type.SerializableType@49b714f8
21:22:59.960 [Test worker] DEBUG org.hibernate.type.BasicTypeRegistry - Adding type registration object -> org.hibernate.type.ObjectType@4b6f241f
21:22:59.960 [Test worker] DEBUG org.hibernate.type.BasicTypeRegistry - Adding type registration java.lang.Object -> org.hibernate.type.ObjectType@4b6f241f
21:22:59.960 [Test worker] DEBUG org.hibernate.type.BasicTypeRegistry - Adding type registration imm_date -> org.hibernate.type.AdaptedImmutableType@6a772fd5
21:22:59.960 [Test worker] DEBUG org.hibernate.type.BasicTypeRegistry - Adding type registration imm_time -> org.hibernate.type.AdaptedImmutableType@221bfef7
21:22:59.960 [Test worker] DEBUG org.hibernate.type.BasicTypeRegistry - Adding type registration imm_timestamp -> org.hibernate.type.AdaptedImmutableType@531179bb
21:22:59.960 [Test worker] DEBUG org.hibernate.type.BasicTypeRegistry - Adding type registration imm_dbtimestamp -> org.hibernate.type.AdaptedImmutableType@4ed0ecee
21:22:59.960 [Test worker] DEBUG org.hibernate.type.BasicTypeRegistry - Adding type registration imm_calendar -> org.hibernate.type.AdaptedImmutableType@1d0a7b66
21:22:59.960 [Test worker] DEBUG org.hibernate.type.BasicTypeRegistry - Adding type registration imm_calendar_date -> org.hibernate.type.AdaptedImmutableType@609bd276
21:22:59.960 [Test worker] DEBUG org.hibernate.type.BasicTypeRegistry - Adding type registration imm_binary -> org.hibernate.type.AdaptedImmutableType@389fa37f
21:22:59.960 [Test worker] DEBUG org.hibernate.type.BasicTypeRegistry - Adding type registration imm_serializable -> org.hibernate.type.AdaptedImmutableType@71619f1e
21:22:59.960 [Test worker] DEBUG org.hibernate.id.factory.internal.DefaultIdentifierGeneratorFactory - Registering IdentifierGenerator strategy [uuid2] -> [org.hibernate.id.UUIDGenerator]
21:22:59.960 [Test worker] DEBUG org.hibernate.id.factory.internal.DefaultIdentifierGeneratorFactory - Registering IdentifierGenerator strategy [guid] -> [org.hibernate.id.GUIDGenerator]
21:22:59.960 [Test worker] DEBUG org.hibernate.id.factory.internal.DefaultIdentifierGeneratorFactory - Registering IdentifierGenerator strategy [uuid] -> [org.hibernate.id.UUIDHexGenerator]
21:22:59.960 [Test worker] DEBUG org.hibernate.id.factory.internal.DefaultIdentifierGeneratorFactory - Registering IdentifierGenerator strategy [uuid.hex] -> [org.hibernate.id.UUIDHexGenerator]
21:22:59.960 [Test worker] DEBUG org.hibernate.id.factory.internal.DefaultIdentifierGeneratorFactory - Registering IdentifierGenerator strategy [assigned] -> [org.hibernate.id.Assigned]
21:22:59.960 [Test worker] DEBUG org.hibernate.id.factory.internal.DefaultIdentifierGeneratorFactory - Registering IdentifierGenerator strategy [identity] -> [org.hibernate.id.IdentityGenerator]
21:22:59.960 [Test worker] DEBUG org.hibernate.id.factory.internal.DefaultIdentifierGeneratorFactory - Registering IdentifierGenerator strategy [select] -> [org.hibernate.id.SelectGenerator]
21:22:59.960 [Test worker] DEBUG org.hibernate.id.factory.internal.DefaultIdentifierGeneratorFactory - Registering IdentifierGenerator strategy [sequence] -> [org.hibernate.id.enhanced.SequenceStyleGenerator]
21:22:59.960 [Test worker] DEBUG org.hibernate.id.factory.internal.DefaultIdentifierGeneratorFactory - Registering IdentifierGenerator strategy [seqhilo] -> [org.hibernate.id.SequenceHiLoGenerator]
21:22:59.960 [Test worker] DEBUG org.hibernate.id.factory.internal.DefaultIdentifierGeneratorFactory - Registering IdentifierGenerator strategy [increment] -> [org.hibernate.id.IncrementGenerator]
21:22:59.960 [Test worker] DEBUG org.hibernate.id.factory.internal.DefaultIdentifierGeneratorFactory - Registering IdentifierGenerator strategy [foreign] -> [org.hibernate.id.ForeignGenerator]
21:22:59.960 [Test worker] DEBUG org.hibernate.id.factory.internal.DefaultIdentifierGeneratorFactory - Registering IdentifierGenerator strategy [sequence-identity] -> [org.hibernate.id.SequenceIdentityGenerator]
21:22:59.960 [Test worker] DEBUG org.hibernate.id.factory.internal.DefaultIdentifierGeneratorFactory - Registering IdentifierGenerator strategy [enhanced-sequence] -> [org.hibernate.id.enhanced.SequenceStyleGenerator]
21:22:59.960 [Test worker] DEBUG org.hibernate.id.factory.internal.DefaultIdentifierGeneratorFactory - Registering IdentifierGenerator strategy [enhanced-table] -> [org.hibernate.id.enhanced.TableGenerator]
21:22:59.960 [Test worker] WARN org.hibernate.orm.connections.pooling - HHH10001002: Using Hibernate built-in connection pool (not for production use!)
21:22:59.960 [Test worker] INFO org.hibernate.orm.connections.pooling - HHH10001005: using driver [org.sqlite.JDBC] at URL [jdbc:sqlite:D:\Facultate\Projects\OrganizareCompanie\database]
21:22:59.960 [Test worker] INFO org.hibernate.orm.connections.pooling - HHH10001001: Connection properties: {password=root, user=root}
21:22:59.960 [Test worker] INFO org.hibernate.orm.connections.pooling - HHH10001003: Autocommit mode: false
21:22:59.960 [Test worker] DEBUG org.hibernate.engine.jdbc.connections.internal.DriverManagerConnectionProviderImpl - Initializing Connection pool with 1 Connections
21:22:59.960 [Test worker] INFO org.hibernate.engine.jdbc.connections.internal.DriverManagerConnectionProviderImpl - HHH000115: Hibernate connection pool size: 1 (min=1)
21:22:59.976 [Test worker] DEBUG org.hibernate.engine.jdbc.env.internal.JdbcEnvironmentInitiator - Database ->
       name : SQLite
    version : 3.34.0
      major : 3
      minor : 34
21:22:59.976 [Test worker] DEBUG org.hibernate.engine.jdbc.env.internal.JdbcEnvironmentInitiator - Driver ->
       name : SQLite JDBC
    version : 3.34.0
      major : 3
      minor : 34
21:22:59.976 [Test worker] DEBUG org.hibernate.engine.jdbc.env.internal.JdbcEnvironmentInitiator - JDBC version : 2.1
21:22:59.976 [Test worker] INFO org.hibernate.dialect.Dialect - HHH000400: Using dialect: utils.SQLiteDialect
21:22:59.976 [Test worker] DEBUG org.hibernate.engine.jdbc.env.spi.IdentifierHelperBuilder - JDBC driver metadata reported database stores quoted identifiers in neither upper, lower nor mixed case
21:22:59.976 [Test worker] DEBUG org.hibernate.engine.jdbc.env.spi.IdentifierHelperBuilder - IdentifierCaseStrategy for both quoted and unquoted identifiers was set to the same strategy [MIXED]; that will likely lead to problems in schema update and validation if using quoted identifiers
21:22:59.976 [Test worker] DEBUG org.hibernate.engine.jdbc.env.internal.LobCreatorBuilderImpl - HHH000423: Disabling contextual LOB creation as JDBC driver reported JDBC version [2] less than 4
21:22:59.976 [Test worker] DEBUG org.hibernate.boot.model.relational.Namespace - Created database namespace [logicalName=Name{catalog=null, schema=null}, physicalName=Name{catalog=null, schema=null}]
21:22:59.976 [Test worker] DEBUG org.hibernate.type.descriptor.java.JavaTypeDescriptorRegistry - JavaTypeDescriptorRegistry entry replaced : class java.time.Duration -> org.hibernate.type.descriptor.java.DurationJavaDescriptor@484b819 (was org.hibernate.type.descriptor.java.DurationJavaDescriptor@484b819)
21:22:59.976 [Test worker] DEBUG org.hibernate.type.descriptor.java.JavaTypeDescriptorRegistry - JavaTypeDescriptorRegistry entry replaced : class java.time.Instant -> org.hibernate.type.descriptor.java.InstantJavaDescriptor@7a6a60d2 (was org.hibernate.type.descriptor.java.InstantJavaDescriptor@7a6a60d2)
21:22:59.976 [Test worker] DEBUG org.hibernate.type.descriptor.java.JavaTypeDescriptorRegistry - JavaTypeDescriptorRegistry entry replaced : class java.time.LocalDate -> org.hibernate.type.descriptor.java.LocalDateJavaDescriptor@7ac3817d (was org.hibernate.type.descriptor.java.LocalDateJavaDescriptor@7ac3817d)
21:22:59.976 [Test worker] DEBUG org.hibernate.type.descriptor.java.JavaTypeDescriptorRegistry - JavaTypeDescriptorRegistry entry replaced : class java.time.LocalDateTime -> org.hibernate.type.descriptor.java.LocalDateTimeJavaDescriptor@616d0e6e (was org.hibernate.type.descriptor.java.LocalDateTimeJavaDescriptor@616d0e6e)
21:22:59.976 [Test worker] DEBUG org.hibernate.type.descriptor.java.JavaTypeDescriptorRegistry - JavaTypeDescriptorRegistry entry replaced : class java.time.OffsetDateTime -> org.hibernate.type.descriptor.java.OffsetDateTimeJavaDescriptor@4008262a (was org.hibernate.type.descriptor.java.OffsetDateTimeJavaDescriptor@4008262a)
21:22:59.976 [Test worker] DEBUG org.hibernate.type.descriptor.java.JavaTypeDescriptorRegistry - JavaTypeDescriptorRegistry entry replaced : class java.time.OffsetTime -> org.hibernate.type.descriptor.java.OffsetTimeJavaDescriptor@69cda209 (was org.hibernate.type.descriptor.java.OffsetTimeJavaDescriptor@69cda209)
21:22:59.976 [Test worker] DEBUG org.hibernate.type.descriptor.java.JavaTypeDescriptorRegistry - JavaTypeDescriptorRegistry entry replaced : class java.time.ZonedDateTime -> org.hibernate.type.descriptor.java.ZonedDateTimeJavaDescriptor@f630e24 (was org.hibernate.type.descriptor.java.ZonedDateTimeJavaDescriptor@f630e24)
21:22:59.976 [Test worker] DEBUG org.hibernate.type.BasicTypeRegistry - Adding type registration Duration -> org.hibernate.type.DurationType@1f6d6ec5
21:22:59.976 [Test worker] DEBUG org.hibernate.type.BasicTypeRegistry - Adding type registration java.time.Duration -> org.hibernate.type.DurationType@1f6d6ec5
21:22:59.976 [Test worker] DEBUG org.hibernate.type.BasicTypeRegistry - Adding type registration Instant -> org.hibernate.type.InstantType@799b3880
21:22:59.976 [Test worker] DEBUG org.hibernate.type.BasicTypeRegistry - Adding type registration java.time.Instant -> org.hibernate.type.InstantType@799b3880
21:22:59.976 [Test worker] DEBUG org.hibernate.type.BasicTypeRegistry - Adding type registration LocalDateTime -> org.hibernate.type.LocalDateTimeType@3c9b7dcd
21:22:59.976 [Test worker] DEBUG org.hibernate.type.BasicTypeRegistry - Adding type registration java.time.LocalDateTime -> org.hibernate.type.LocalDateTimeType@3c9b7dcd
21:22:59.976 [Test worker] DEBUG org.hibernate.type.BasicTypeRegistry - Adding type registration LocalDate -> org.hibernate.type.LocalDateType@73b9d317
21:22:59.976 [Test worker] DEBUG org.hibernate.type.BasicTypeRegistry - Adding type registration java.time.LocalDate -> org.hibernate.type.LocalDateType@73b9d317
21:22:59.976 [Test worker] DEBUG org.hibernate.type.BasicTypeRegistry - Adding type registration LocalTime -> org.hibernate.type.LocalTimeType@3e938176
21:22:59.976 [Test worker] DEBUG org.hibernate.type.BasicTypeRegistry - Adding type registration java.time.LocalTime -> org.hibernate.type.LocalTimeType@3e938176
21:22:59.976 [Test worker] DEBUG org.hibernate.type.BasicTypeRegistry - Adding type registration OffsetDateTime -> org.hibernate.type.OffsetDateTimeType@1006f6a5
21:22:59.976 [Test worker] DEBUG org.hibernate.type.BasicTypeRegistry - Adding type registration java.time.OffsetDateTime -> org.hibernate.type.OffsetDateTimeType@1006f6a5
21:22:59.976 [Test worker] DEBUG org.hibernate.type.BasicTypeRegistry - Adding type registration OffsetTime -> org.hibernate.type.OffsetTimeType@5ebf30b8
21:22:59.976 [Test worker] DEBUG org.hibernate.type.BasicTypeRegistry - Adding type registration java.time.OffsetTime -> org.hibernate.type.OffsetTimeType@5ebf30b8
21:22:59.976 [Test worker] DEBUG org.hibernate.type.BasicTypeRegistry - Adding type registration ZonedDateTime -> org.hibernate.type.ZonedDateTimeType@5ecdce3a
21:22:59.976 [Test worker] DEBUG org.hibernate.type.BasicTypeRegistry - Adding type registration java.time.ZonedDateTime -> org.hibernate.type.ZonedDateTimeType@5ecdce3a
21:22:59.976 [Test worker] DEBUG org.hibernate.type.spi.TypeConfiguration$Scope - Scoping TypeConfiguration [org.hibernate.type.spi.TypeConfiguration@7ef73156] to MetadataBuildingContext [org.hibernate.boot.internal.MetadataBuildingContextRootImpl@1ddffbe3]
21:22:59.976 [Test worker] DEBUG org.hibernate.cfg.AnnotationBinder - Binding entity from annotated class: domain.Angajat
21:22:59.976 [Test worker] DEBUG org.hibernate.cfg.Ejb3Column - Binding column: Ejb3DiscriminatorColumn{logicalColumnName'DTYPE', discriminatorTypeName='string'}
21:22:59.976 [Test worker] DEBUG org.hibernate.cfg.annotations.EntityBinder - Import with entity name Angajat
21:22:59.976 [Test worker] DEBUG org.hibernate.cfg.annotations.EntityBinder - Bind entity domain.Angajat on table angajati
21:22:59.976 [Test worker] DEBUG org.hibernate.cfg.Ejb3Column - Binding column: Ejb3Column{table=org.hibernate.mapping.Table(angajati), mappingColumn=id, insertable=true, updatable=true, unique=false}
21:22:59.976 [Test worker] DEBUG org.hibernate.boot.internal.ClassLoaderAccessImpl - Not known whether passed class name [domain.Angajat] is safe
21:22:59.976 [Test worker] DEBUG org.hibernate.boot.internal.ClassLoaderAccessImpl - No temp ClassLoader provided; using live ClassLoader for loading potentially unsafe class : domain.Angajat
21:22:59.976 [Test worker] DEBUG org.hibernate.cfg.annotations.PropertyBinder - MetadataSourceProcessor property id with lazy=false
21:22:59.976 [Test worker] DEBUG org.hibernate.cfg.AbstractPropertyHolder - Attempting to locate auto-apply AttributeConverter for property [domain.Angajat:id]
21:22:59.976 [Test worker] DEBUG org.hibernate.cfg.annotations.SimpleValueBinder - building SimpleValue for id
21:22:59.976 [Test worker] DEBUG org.hibernate.cfg.annotations.PropertyBinder - Building property id
21:22:59.976 [Test worker] DEBUG org.hibernate.cfg.BinderHelper - #makeIdGenerator(org.hibernate.mapping.SimpleValue([org.hibernate.mapping.Column(id)]), id, identity, , ...)
21:22:59.976 [Test worker] DEBUG org.hibernate.cfg.Ejb3Column - Binding column: Ejb3JoinColumn{logicalColumnName='null', referencedColumn='null', mappedBy='angajat'}
21:22:59.976 [Test worker] DEBUG org.hibernate.cfg.Ejb3Column - Binding column: Ejb3Column{table=org.hibernate.mapping.Table(angajati), mappingColumn=concedii, insertable=true, updatable=true, unique=false}
21:22:59.976 [Test worker] DEBUG org.hibernate.cfg.Ejb3Column - Binding column: Ejb3Column{table=org.hibernate.mapping.Table(angajati), mappingColumn=null, insertable=true, updatable=true, unique=false}
21:22:59.976 [Test worker] DEBUG org.hibernate.cfg.Ejb3Column - Binding column: Ejb3Column{table=org.hibernate.mapping.Table(angajati), mappingColumn=element, insertable=true, updatable=true, unique=false}
21:22:59.976 [Test worker] DEBUG org.hibernate.cfg.Ejb3Column - Binding column: Ejb3Column{table=org.hibernate.mapping.Table(angajati), mappingColumn=concedii_KEY, insertable=true, updatable=true, unique=false}
21:22:59.976 [Test worker] DEBUG org.hibernate.cfg.Ejb3Column - Binding column: Ejb3JoinColumn{logicalColumnName='concedii_KEY', referencedColumn='null', mappedBy='null'}
21:22:59.976 [Test worker] DEBUG org.hibernate.cfg.Ejb3Column - Binding column: Ejb3JoinColumn{logicalColumnName='null', referencedColumn='null', mappedBy='angajat'}
21:22:59.976 [Test worker] DEBUG org.hibernate.cfg.Ejb3Column - Binding column: Ejb3JoinColumn{logicalColumnName='null', referencedColumn='null', mappedBy='angajat'}
21:22:59.976 [Test worker] DEBUG org.hibernate.cfg.annotations.CollectionBinder - Collection role: domain.Angajat.concedii
21:22:59.976 [Test worker] DEBUG org.hibernate.cfg.annotations.PropertyBinder - Building property concedii
21:22:59.976 [Test worker] DEBUG org.hibernate.cfg.Ejb3Column - Binding column: Ejb3Column{table=org.hibernate.mapping.Table(angajati), mappingColumn=data_angajare, insertable=true, updatable=true, unique=false}
21:22:59.976 [Test worker] DEBUG org.hibernate.cfg.annotations.PropertyBinder - MetadataSourceProcessor property dataAngajare with lazy=false
21:22:59.976 [Test worker] DEBUG org.hibernate.cfg.AbstractPropertyHolder - Attempting to locate auto-apply AttributeConverter for property [domain.Angajat:dataAngajare]
21:22:59.976 [Test worker] DEBUG org.hibernate.cfg.annotations.SimpleValueBinder - building SimpleValue for dataAngajare
21:22:59.976 [Test worker] DEBUG org.hibernate.cfg.annotations.PropertyBinder - Building property dataAngajare
21:22:59.976 [Test worker] DEBUG org.hibernate.cfg.Ejb3Column - Binding column: Ejb3Column{table=org.hibernate.mapping.Table(angajati), mappingColumn=null, insertable=true, updatable=true, unique=false}
21:22:59.976 [Test worker] DEBUG org.hibernate.cfg.Ejb3Column - Binding column: Ejb3Column{table=org.hibernate.mapping.Table(angajati), mappingColumn=element, insertable=true, updatable=true, unique=false}
21:22:59.976 [Test worker] DEBUG org.hibernate.cfg.Ejb3Column - Binding column: Ejb3Column{table=org.hibernate.mapping.Table(angajati), mappingColumn=departamente_KEY, insertable=true, updatable=true, unique=false}
21:22:59.976 [Test worker] DEBUG org.hibernate.cfg.Ejb3Column - Binding column: Ejb3JoinColumn{logicalColumnName='departamente_KEY', referencedColumn='null', mappedBy='null'}
21:22:59.976 [Test worker] DEBUG org.hibernate.cfg.Ejb3Column - Binding column: Ejb3JoinColumn{logicalColumnName='id_angajat', referencedColumn='', mappedBy=''}
21:22:59.976 [Test worker] DEBUG org.hibernate.cfg.Ejb3Column - Binding column: Ejb3JoinColumn{logicalColumnName='id_departament', referencedColumn='', mappedBy=''}
21:22:59.976 [Test worker] DEBUG org.hibernate.cfg.annotations.CollectionBinder - Collection role: domain.Angajat.departamente
21:22:59.976 [Test worker] DEBUG org.hibernate.cfg.annotations.PropertyBinder - Building property departamente
21:22:59.976 [Test worker] DEBUG org.hibernate.cfg.Ejb3Column - Binding column: Ejb3JoinColumn{logicalColumnName='null', referencedColumn='null', mappedBy='null'}
21:22:59.976 [Test worker] DEBUG org.hibernate.cfg.Ejb3Column - Binding column: Ejb3Column{table=org.hibernate.mapping.Table(angajati), mappingColumn=functie, insertable=true, updatable=true, unique=false}
21:22:59.976 [Test worker] DEBUG org.hibernate.cfg.annotations.PropertyBinder - Building property functie
21:22:59.976 [Test worker] DEBUG org.hibernate.cfg.Ejb3Column - Binding column: Ejb3Column{table=org.hibernate.mapping.Table(angajati), mappingColumn=id_superior, insertable=true, updatable=true, unique=false}
21:22:59.976 [Test worker] DEBUG org.hibernate.cfg.annotations.PropertyBinder - MetadataSourceProcessor property idSuperior with lazy=false
21:22:59.976 [Test worker] DEBUG org.hibernate.cfg.AbstractPropertyHolder - Attempting to locate auto-apply AttributeConverter for property [domain.Angajat:idSuperior]
21:22:59.976 [Test worker] DEBUG org.hibernate.cfg.annotations.SimpleValueBinder - building SimpleValue for idSuperior
21:22:59.976 [Test worker] DEBUG org.hibernate.cfg.annotations.PropertyBinder - Building property idSuperior
21:22:59.976 [Test worker] DEBUG org.hibernate.cfg.Ejb3Column - Binding column: Ejb3Column{table=org.hibernate.mapping.Table(angajati), mappingColumn=null, insertable=true, updatable=true, unique=false}
21:22:59.976 [Test worker] DEBUG org.hibernate.cfg.Ejb3Column - Binding column: Ejb3Column{table=org.hibernate.mapping.Table(angajati), mappingColumn=element, insertable=true, updatable=true, unique=false}
21:22:59.976 [Test worker] DEBUG org.hibernate.cfg.Ejb3Column - Binding column: Ejb3Column{table=org.hibernate.mapping.Table(angajati), mappingColumn=proiecte_KEY, insertable=true, updatable=true, unique=false}
21:22:59.976 [Test worker] DEBUG org.hibernate.cfg.Ejb3Column - Binding column: Ejb3JoinColumn{logicalColumnName='proiecte_KEY', referencedColumn='null', mappedBy='null'}
21:22:59.976 [Test worker] DEBUG org.hibernate.cfg.Ejb3Column - Binding column: Ejb3JoinColumn{logicalColumnName='id_angajat', referencedColumn='', mappedBy=''}
21:22:59.976 [Test worker] DEBUG org.hibernate.cfg.Ejb3Column - Binding column: Ejb3JoinColumn{logicalColumnName='id_proiect', referencedColumn='', mappedBy=''}
21:22:59.976 [Test worker] DEBUG org.hibernate.cfg.annotations.CollectionBinder - Collection role: domain.Angajat.proiecte
21:22:59.976 [Test worker] DEBUG org.hibernate.cfg.annotations.PropertyBinder - Building property proiecte
21:22:59.976 [Test worker] DEBUG org.hibernate.cfg.AnnotationBinder - Binding entity from annotated class: domain.Concediu
21:22:59.976 [Test worker] DEBUG org.hibernate.cfg.Ejb3Column - Binding column: Ejb3DiscriminatorColumn{logicalColumnName'DTYPE', discriminatorTypeName='string'}
21:22:59.976 [Test worker] DEBUG org.hibernate.cfg.annotations.EntityBinder - Import with entity name Concediu
21:22:59.976 [Test worker] DEBUG org.hibernate.cfg.annotations.EntityBinder - Bind entity domain.Concediu on table concedii
21:22:59.976 [Test worker] DEBUG org.hibernate.cfg.Ejb3Column - Binding column: Ejb3Column{table=org.hibernate.mapping.Table(concedii), mappingColumn=id, insertable=true, updatable=true, unique=false}
21:22:59.976 [Test worker] DEBUG org.hibernate.boot.internal.ClassLoaderAccessImpl - Not known whether passed class name [domain.Concediu] is safe
21:22:59.976 [Test worker] DEBUG org.hibernate.boot.internal.ClassLoaderAccessImpl - No temp ClassLoader provided; using live ClassLoader for loading potentially unsafe class : domain.Concediu
21:22:59.976 [Test worker] DEBUG org.hibernate.cfg.annotations.PropertyBinder - MetadataSourceProcessor property id with lazy=false
21:22:59.976 [Test worker] DEBUG org.hibernate.cfg.AbstractPropertyHolder - Attempting to locate auto-apply AttributeConverter for property [domain.Concediu:id]
21:22:59.976 [Test worker] DEBUG org.hibernate.cfg.annotations.SimpleValueBinder - building SimpleValue for id
21:22:59.976 [Test worker] DEBUG org.hibernate.cfg.annotations.PropertyBinder - Building property id
21:22:59.976 [Test worker] DEBUG org.hibernate.cfg.BinderHelper - #makeIdGenerator(org.hibernate.mapping.SimpleValue([org.hibernate.mapping.Column(id)]), id, identity, , ...)
21:22:59.976 [Test worker] DEBUG org.hibernate.cfg.Ejb3Column - Binding column: Ejb3JoinColumn{logicalColumnName='id_angajat', referencedColumn='', mappedBy=''}
21:22:59.976 [Test worker] DEBUG org.hibernate.cfg.Ejb3Column - Binding column: Ejb3Column{table=org.hibernate.mapping.Table(concedii), mappingColumn=angajat, insertable=true, updatable=true, unique=false}
21:22:59.976 [Test worker] DEBUG org.hibernate.cfg.annotations.PropertyBinder - Building property angajat
21:22:59.976 [Test worker] DEBUG org.hibernate.cfg.Ejb3Column - Binding column: Ejb3Column{table=org.hibernate.mapping.Table(concedii), mappingColumn=data_inceput, insertable=true, updatable=true, unique=false}
21:22:59.976 [Test worker] DEBUG org.hibernate.cfg.annotations.PropertyBinder - MetadataSourceProcessor property dataInceput with lazy=false
21:22:59.976 [Test worker] DEBUG org.hibernate.cfg.AbstractPropertyHolder - Attempting to locate auto-apply AttributeConverter for property [domain.Concediu:dataInceput]
21:22:59.976 [Test worker] DEBUG org.hibernate.cfg.annotations.SimpleValueBinder - building SimpleValue for dataInceput
21:22:59.976 [Test worker] DEBUG org.hibernate.cfg.annotations.PropertyBinder - Building property dataInceput
21:22:59.976 [Test worker] DEBUG org.hibernate.cfg.Ejb3Column - Binding column: Ejb3Column{table=org.hibernate.mapping.Table(concedii), mappingColumn=data_sfarsit, insertable=true, updatable=true, unique=false}
21:22:59.976 [Test worker] DEBUG org.hibernate.cfg.annotations.PropertyBinder - MetadataSourceProcessor property dataSfarsit with lazy=false
21:22:59.976 [Test worker] DEBUG org.hibernate.cfg.AbstractPropertyHolder - Attempting to locate auto-apply AttributeConverter for property [domain.Concediu:dataSfarsit]
21:22:59.976 [Test worker] DEBUG org.hibernate.cfg.annotations.SimpleValueBinder - building SimpleValue for dataSfarsit
21:22:59.976 [Test worker] DEBUG org.hibernate.cfg.annotations.PropertyBinder - Building property dataSfarsit
21:22:59.976 [Test worker] DEBUG org.hibernate.cfg.AnnotationBinder - Binding entity from annotated class: domain.Departament
21:22:59.976 [Test worker] DEBUG org.hibernate.cfg.Ejb3Column - Binding column: Ejb3DiscriminatorColumn{logicalColumnName'DTYPE', discriminatorTypeName='string'}
21:22:59.976 [Test worker] DEBUG org.hibernate.cfg.annotations.EntityBinder - Import with entity name Departament
21:22:59.976 [Test worker] DEBUG org.hibernate.cfg.annotations.EntityBinder - Bind entity domain.Departament on table departamente
21:22:59.976 [Test worker] DEBUG org.hibernate.cfg.Ejb3Column - Binding column: Ejb3Column{table=org.hibernate.mapping.Table(departamente), mappingColumn=id, insertable=true, updatable=true, unique=false}
21:22:59.976 [Test worker] DEBUG org.hibernate.boot.internal.ClassLoaderAccessImpl - Not known whether passed class name [domain.Departament] is safe
21:22:59.976 [Test worker] DEBUG org.hibernate.boot.internal.ClassLoaderAccessImpl - No temp ClassLoader provided; using live ClassLoader for loading potentially unsafe class : domain.Departament
21:22:59.976 [Test worker] DEBUG org.hibernate.cfg.annotations.PropertyBinder - MetadataSourceProcessor property id with lazy=false
21:22:59.976 [Test worker] DEBUG org.hibernate.cfg.AbstractPropertyHolder - Attempting to locate auto-apply AttributeConverter for property [domain.Departament:id]
21:22:59.976 [Test worker] DEBUG org.hibernate.cfg.annotations.SimpleValueBinder - building SimpleValue for id
21:22:59.976 [Test worker] DEBUG org.hibernate.cfg.annotations.PropertyBinder - Building property id
21:22:59.976 [Test worker] DEBUG org.hibernate.cfg.BinderHelper - #makeIdGenerator(org.hibernate.mapping.SimpleValue([org.hibernate.mapping.Column(id)]), id, identity, , ...)
21:22:59.976 [Test worker] DEBUG org.hibernate.cfg.Ejb3Column - Binding column: Ejb3Column{table=org.hibernate.mapping.Table(departamente), mappingColumn=id_director, insertable=true, updatable=true, unique=false}
21:22:59.976 [Test worker] DEBUG org.hibernate.cfg.annotations.PropertyBinder - MetadataSourceProcessor property idDirector with lazy=false
21:22:59.976 [Test worker] DEBUG org.hibernate.cfg.AbstractPropertyHolder - Attempting to locate auto-apply AttributeConverter for property [domain.Departament:idDirector]
21:22:59.976 [Test worker] DEBUG org.hibernate.cfg.annotations.SimpleValueBinder - building SimpleValue for idDirector
21:22:59.976 [Test worker] DEBUG org.hibernate.cfg.annotations.PropertyBinder - Building property idDirector
21:22:59.976 [Test worker] DEBUG org.hibernate.cfg.AnnotationBinder - Binding entity from annotated class: domain.Functie
21:22:59.976 [Test worker] DEBUG org.hibernate.cfg.Ejb3Column - Binding column: Ejb3DiscriminatorColumn{logicalColumnName'DTYPE', discriminatorTypeName='string'}
21:22:59.976 [Test worker] DEBUG org.hibernate.cfg.annotations.EntityBinder - Import with entity name Functie
21:22:59.976 [Test worker] DEBUG org.hibernate.cfg.annotations.EntityBinder - Bind entity domain.Functie on table functii
21:22:59.976 [Test worker] DEBUG org.hibernate.cfg.Ejb3Column - Binding column: Ejb3Column{table=org.hibernate.mapping.Table(functii), mappingColumn=id, insertable=true, updatable=true, unique=false}
21:22:59.976 [Test worker] DEBUG org.hibernate.boot.internal.ClassLoaderAccessImpl - Not known whether passed class name [domain.Functie] is safe
21:22:59.976 [Test worker] DEBUG org.hibernate.boot.internal.ClassLoaderAccessImpl - No temp ClassLoader provided; using live ClassLoader for loading potentially unsafe class : domain.Functie
21:22:59.976 [Test worker] DEBUG org.hibernate.cfg.annotations.PropertyBinder - MetadataSourceProcessor property id with lazy=false
21:22:59.976 [Test worker] DEBUG org.hibernate.cfg.AbstractPropertyHolder - Attempting to locate auto-apply AttributeConverter for property [domain.Functie:id]
21:22:59.976 [Test worker] DEBUG org.hibernate.cfg.annotations.SimpleValueBinder - building SimpleValue for id
21:22:59.976 [Test worker] DEBUG org.hibernate.cfg.annotations.PropertyBinder - Building property id
21:22:59.976 [Test worker] DEBUG org.hibernate.cfg.BinderHelper - #makeIdGenerator(org.hibernate.mapping.SimpleValue([org.hibernate.mapping.Column(id)]), id, identity, , ...)
21:22:59.976 [Test worker] DEBUG org.hibernate.cfg.Ejb3Column - Binding column: Ejb3Column{table=org.hibernate.mapping.Table(functii), mappingColumn=salar_de_baza, insertable=true, updatable=true, unique=false}
21:22:59.976 [Test worker] DEBUG org.hibernate.cfg.annotations.PropertyBinder - MetadataSourceProcessor property salarDeBaza with lazy=false
21:22:59.976 [Test worker] DEBUG org.hibernate.cfg.AbstractPropertyHolder - Attempting to locate auto-apply AttributeConverter for property [domain.Functie:salarDeBaza]
21:22:59.976 [Test worker] DEBUG org.hibernate.cfg.annotations.SimpleValueBinder - building SimpleValue for salarDeBaza
21:22:59.976 [Test worker] DEBUG org.hibernate.cfg.annotations.PropertyBinder - Building property salarDeBaza
21:22:59.976 [Test worker] DEBUG org.hibernate.cfg.AnnotationBinder - Binding entity from annotated class: domain.Proiect
21:22:59.976 [Test worker] DEBUG org.hibernate.cfg.Ejb3Column - Binding column: Ejb3DiscriminatorColumn{logicalColumnName'DTYPE', discriminatorTypeName='string'}
21:22:59.976 [Test worker] DEBUG org.hibernate.cfg.annotations.EntityBinder - Import with entity name Proiect
21:22:59.976 [Test worker] DEBUG org.hibernate.cfg.annotations.EntityBinder - Bind entity domain.Proiect on table proiecte
21:22:59.976 [Test worker] DEBUG org.hibernate.cfg.Ejb3Column - Binding column: Ejb3Column{table=org.hibernate.mapping.Table(proiecte), mappingColumn=id, insertable=true, updatable=true, unique=false}
21:22:59.976 [Test worker] DEBUG org.hibernate.boot.internal.ClassLoaderAccessImpl - Not known whether passed class name [domain.Proiect] is safe
21:22:59.976 [Test worker] DEBUG org.hibernate.boot.internal.ClassLoaderAccessImpl - No temp ClassLoader provided; using live ClassLoader for loading potentially unsafe class : domain.Proiect
21:22:59.976 [Test worker] DEBUG org.hibernate.cfg.annotations.PropertyBinder - MetadataSourceProcessor property id with lazy=false
21:22:59.976 [Test worker] DEBUG org.hibernate.cfg.AbstractPropertyHolder - Attempting to locate auto-apply AttributeConverter for property [domain.Proiect:id]
21:22:59.976 [Test worker] DEBUG org.hibernate.cfg.annotations.SimpleValueBinder - building SimpleValue for id
21:22:59.976 [Test worker] DEBUG org.hibernate.cfg.annotations.PropertyBinder - Building property id
21:22:59.976 [Test worker] DEBUG org.hibernate.cfg.BinderHelper - #makeIdGenerator(org.hibernate.mapping.SimpleValue([org.hibernate.mapping.Column(id)]), id, identity, , ...)
21:22:59.976 [Test worker] DEBUG org.hibernate.cfg.Ejb3Column - Binding column: Ejb3Column{table=org.hibernate.mapping.Table(proiecte), mappingColumn=data_inceput, insertable=true, updatable=true, unique=false}
21:22:59.976 [Test worker] DEBUG org.hibernate.cfg.annotations.PropertyBinder - MetadataSourceProcessor property dataInceput with lazy=false
21:22:59.976 [Test worker] DEBUG org.hibernate.cfg.AbstractPropertyHolder - Attempting to locate auto-apply AttributeConverter for property [domain.Proiect:dataInceput]
21:22:59.976 [Test worker] DEBUG org.hibernate.cfg.annotations.SimpleValueBinder - building SimpleValue for dataInceput
21:22:59.976 [Test worker] DEBUG org.hibernate.cfg.annotations.PropertyBinder - Building property dataInceput
21:22:59.976 [Test worker] DEBUG org.hibernate.cfg.Ejb3Column - Binding column: Ejb3Column{table=org.hibernate.mapping.Table(proiecte), mappingColumn=deadline, insertable=true, updatable=true, unique=false}
21:22:59.976 [Test worker] DEBUG org.hibernate.cfg.annotations.PropertyBinder - MetadataSourceProcessor property deadline with lazy=false
21:22:59.976 [Test worker] DEBUG org.hibernate.cfg.AbstractPropertyHolder - Attempting to locate auto-apply AttributeConverter for property [domain.Proiect:deadline]
21:22:59.976 [Test worker] DEBUG org.hibernate.cfg.annotations.SimpleValueBinder - building SimpleValue for deadline
21:22:59.976 [Test worker] DEBUG org.hibernate.cfg.annotations.PropertyBinder - Building property deadline
21:22:59.976 [Test worker] DEBUG org.hibernate.cfg.annotations.SimpleValueBinder - Starting fillSimpleValue for id
21:22:59.976 [Test worker] DEBUG org.hibernate.cfg.annotations.SimpleValueBinder - Starting fillSimpleValue for dataAngajare
21:22:59.976 [Test worker] DEBUG org.hibernate.cfg.annotations.SimpleValueBinder - Starting fillSimpleValue for idSuperior
21:22:59.976 [Test worker] DEBUG org.hibernate.cfg.annotations.SimpleValueBinder - Starting fillSimpleValue for id
21:22:59.976 [Test worker] DEBUG org.hibernate.cfg.annotations.SimpleValueBinder - Starting fillSimpleValue for dataInceput
21:22:59.976 [Test worker] DEBUG org.hibernate.cfg.annotations.SimpleValueBinder - Starting fillSimpleValue for dataSfarsit
21:22:59.976 [Test worker] DEBUG org.hibernate.cfg.annotations.SimpleValueBinder - Starting fillSimpleValue for id
21:22:59.976 [Test worker] DEBUG org.hibernate.cfg.annotations.SimpleValueBinder - Starting fillSimpleValue for idDirector
21:22:59.976 [Test worker] DEBUG org.hibernate.cfg.annotations.SimpleValueBinder - Starting fillSimpleValue for id
21:22:59.976 [Test worker] DEBUG org.hibernate.cfg.annotations.SimpleValueBinder - Starting fillSimpleValue for salarDeBaza
21:22:59.976 [Test worker] DEBUG org.hibernate.cfg.annotations.SimpleValueBinder - Starting fillSimpleValue for id
21:22:59.976 [Test worker] DEBUG org.hibernate.cfg.annotations.SimpleValueBinder - Starting fillSimpleValue for dataInceput
21:22:59.976 [Test worker] DEBUG org.hibernate.cfg.annotations.SimpleValueBinder - Starting fillSimpleValue for deadline
21:22:59.976 [Test worker] DEBUG org.hibernate.mapping.PrimaryKey - Forcing column [id] to be non-null as it is part of the primary key for table [angajati]
21:22:59.976 [Test worker] DEBUG org.hibernate.mapping.PrimaryKey - Forcing column [id] to be non-null as it is part of the primary key for table [concedii]
21:22:59.976 [Test worker] DEBUG org.hibernate.mapping.PrimaryKey - Forcing column [id] to be non-null as it is part of the primary key for table [departamente]
21:22:59.976 [Test worker] DEBUG org.hibernate.mapping.PrimaryKey - Forcing column [id] to be non-null as it is part of the primary key for table [functii]
21:22:59.976 [Test worker] DEBUG org.hibernate.mapping.PrimaryKey - Forcing column [id] to be non-null as it is part of the primary key for table [proiecte]
21:22:59.976 [Test worker] DEBUG org.hibernate.cfg.CollectionSecondPass - Second pass for collection: domain.Angajat.proiecte
21:22:59.976 [Test worker] DEBUG org.hibernate.cfg.annotations.CollectionBinder - Binding as ManyToMany: domain.Angajat.proiecte
21:22:59.976 [Test worker] DEBUG org.hibernate.mapping.PrimaryKey - Forcing column [id_angajat] to be non-null as it is part of the primary key for table [angajati_proiecte]
21:22:59.976 [Test worker] DEBUG org.hibernate.mapping.PrimaryKey - Forcing column [id_proiect] to be non-null as it is part of the primary key for table [angajati_proiecte]
21:22:59.976 [Test worker] DEBUG org.hibernate.cfg.CollectionSecondPass - Mapped collection key: id_angajat, element: id_proiect
21:22:59.976 [Test worker] DEBUG org.hibernate.cfg.CollectionSecondPass - Second pass for collection: domain.Angajat.departamente
21:22:59.976 [Test worker] DEBUG org.hibernate.cfg.annotations.CollectionBinder - Binding as ManyToMany: domain.Angajat.departamente
21:22:59.976 [Test worker] DEBUG org.hibernate.mapping.PrimaryKey - Forcing column [id_angajat] to be non-null as it is part of the primary key for table [angajati_departamente]
21:22:59.976 [Test worker] DEBUG org.hibernate.mapping.PrimaryKey - Forcing column [id_departament] to be non-null as it is part of the primary key for table [angajati_departamente]
21:22:59.976 [Test worker] DEBUG org.hibernate.cfg.CollectionSecondPass - Mapped collection key: id_angajat, element: id_departament
21:22:59.976 [Test worker] DEBUG org.hibernate.cfg.CollectionSecondPass - Second pass for collection: domain.Angajat.concedii
21:22:59.976 [Test worker] DEBUG org.hibernate.cfg.annotations.CollectionBinder - Binding a OneToMany: domain.Angajat.concedii through a foreign key
21:22:59.976 [Test worker] DEBUG org.hibernate.cfg.annotations.CollectionBinder - Mapping collection: domain.Angajat.concedii -> concedii
21:22:59.976 [Test worker] DEBUG org.hibernate.cfg.annotations.TableBinder - Retrieving property domain.Concediu.angajat
21:22:59.976 [Test worker] DEBUG org.hibernate.cfg.CollectionSecondPass - Mapped collection key: id_angajat, one-to-many: domain.Concediu
21:22:59.976 [Test worker] DEBUG org.hibernate.boot.internal.InFlightMetadataCollectorImpl - Resolving reference to class: domain.Functie
21:22:59.976 [Test worker] DEBUG org.hibernate.boot.internal.InFlightMetadataCollectorImpl - Resolving reference to class: domain.Departament
21:22:59.976 [Test worker] DEBUG org.hibernate.boot.internal.InFlightMetadataCollectorImpl - Resolving reference to class: domain.Angajat
21:22:59.976 [Test worker] DEBUG org.hibernate.boot.internal.InFlightMetadataCollectorImpl - Resolving reference to class: domain.Proiect
21:22:59.976 [Test worker] DEBUG org.hibernate.boot.internal.InFlightMetadataCollectorImpl - Resolving reference to class: domain.Angajat
21:22:59.976 [Test worker] DEBUG org.hibernate.boot.internal.InFlightMetadataCollectorImpl - Resolving reference to class: domain.Angajat
21:22:59.991 [Test worker] DEBUG org.hibernate.boot.internal.InFlightMetadataCollectorImpl - Resolving reference to class: domain.Functie
21:22:59.991 [Test worker] DEBUG org.hibernate.boot.internal.InFlightMetadataCollectorImpl - Resolving reference to class: domain.Departament
21:22:59.991 [Test worker] DEBUG org.hibernate.boot.internal.InFlightMetadataCollectorImpl - Resolving reference to class: domain.Angajat
21:22:59.991 [Test worker] DEBUG org.hibernate.boot.internal.InFlightMetadataCollectorImpl - Resolving reference to class: domain.Proiect
21:22:59.991 [Test worker] DEBUG org.hibernate.boot.internal.InFlightMetadataCollectorImpl - Resolving reference to class: domain.Angajat
21:22:59.991 [Test worker] DEBUG org.hibernate.boot.internal.InFlightMetadataCollectorImpl - Resolving reference to class: domain.Angajat
21:22:59.991 [Test worker] DEBUG org.hibernate.internal.SessionFactoryImpl - Building session factory
21:22:59.991 [Test worker] DEBUG org.hibernate.cfg.Settings - SessionFactory name : null
21:22:59.991 [Test worker] DEBUG org.hibernate.cfg.Settings - Automatic flush during beforeCompletion(): enabled
21:22:59.991 [Test worker] DEBUG org.hibernate.cfg.Settings - Automatic session close at end of transaction: disabled
21:22:59.991 [Test worker] DEBUG org.hibernate.cfg.Settings - Statistics: disabled
21:22:59.991 [Test worker] DEBUG org.hibernate.cfg.Settings - Deleted entity synthetic identifier rollback: disabled
21:22:59.991 [Test worker] DEBUG org.hibernate.cfg.Settings - Default entity-mode: pojo
21:22:59.991 [Test worker] DEBUG org.hibernate.cfg.Settings - Check Nullability in Core (should be disabled when Bean Validation is on): enabled
21:22:59.991 [Test worker] DEBUG org.hibernate.cfg.Settings - Allow initialization of lazy state outside session : enabled
21:22:59.991 [Test worker] DEBUG org.hibernate.cfg.Settings - Using BatchFetchStyle : LEGACY
21:22:59.991 [Test worker] DEBUG org.hibernate.cfg.Settings - Default batch fetch size: -1
21:22:59.991 [Test worker] DEBUG org.hibernate.cfg.Settings - Maximum outer join fetch depth: null
21:22:59.991 [Test worker] DEBUG org.hibernate.cfg.Settings - Default null ordering: NONE
21:22:59.991 [Test worker] DEBUG org.hibernate.cfg.Settings - Order SQL updates by primary key: disabled
21:22:59.991 [Test worker] DEBUG org.hibernate.cfg.Settings - Order SQL inserts for batching: disabled
21:22:59.991 [Test worker] DEBUG org.hibernate.cfg.Settings - multi-tenancy strategy : NONE
21:22:59.991 [Test worker] DEBUG org.hibernate.cfg.Settings - JTA Track by Thread: enabled
21:22:59.991 [Test worker] DEBUG org.hibernate.cfg.Settings - Query language substitutions: {}
21:22:59.991 [Test worker] DEBUG org.hibernate.cfg.Settings - Named query checking : enabled
21:22:59.991 [Test worker] DEBUG org.hibernate.cfg.Settings - Second-level cache: disabled
21:22:59.991 [Test worker] DEBUG org.hibernate.cfg.Settings - Second-level query cache: disabled
21:22:59.991 [Test worker] DEBUG org.hibernate.cfg.Settings - Second-level query cache factory: null
21:22:59.991 [Test worker] DEBUG org.hibernate.cfg.Settings - Second-level cache region prefix: null
21:22:59.991 [Test worker] DEBUG org.hibernate.cfg.Settings - Optimize second-level cache for minimal puts: disabled
21:22:59.991 [Test worker] DEBUG org.hibernate.cfg.Settings - Structured second-level cache entries: disabled
21:22:59.991 [Test worker] DEBUG org.hibernate.cfg.Settings - Second-level cache direct-reference entries: disabled
21:22:59.991 [Test worker] DEBUG org.hibernate.cfg.Settings - Automatic eviction of collection cache: disabled
21:22:59.991 [Test worker] DEBUG org.hibernate.cfg.Settings - JDBC batch size: 0
21:22:59.991 [Test worker] DEBUG org.hibernate.cfg.Settings - JDBC batch updates for versioned data: enabled
21:22:59.991 [Test worker] DEBUG org.hibernate.cfg.Settings - Scrollable result sets: disabled
21:22:59.991 [Test worker] DEBUG org.hibernate.cfg.Settings - Wrap result sets: disabled
21:22:59.991 [Test worker] DEBUG org.hibernate.cfg.Settings - JDBC3 getGeneratedKeys(): enabled
21:22:59.991 [Test worker] DEBUG org.hibernate.cfg.Settings - JDBC result set fetch size: null
21:22:59.991 [Test worker] DEBUG org.hibernate.cfg.Settings - Connection release mode: AFTER_TRANSACTION
21:22:59.991 [Test worker] DEBUG org.hibernate.cfg.Settings - Generate SQL with comments: disabled
21:22:59.991 [Test worker] DEBUG org.hibernate.cfg.Settings - JPA compliance - query : disabled
21:22:59.991 [Test worker] DEBUG org.hibernate.cfg.Settings - JPA compliance - closed-handling : disabled
21:22:59.991 [Test worker] DEBUG org.hibernate.cfg.Settings - JPA compliance - lists : disabled
21:22:59.991 [Test worker] DEBUG org.hibernate.cfg.Settings - JPA compliance - transactions : disabled
21:22:59.991 [Test worker] DEBUG org.hibernate.internal.SessionFactoryImpl - Session factory constructed with filter configurations : {}
21:22:59.991 [Test worker] DEBUG org.hibernate.internal.SessionFactoryImpl - Instantiating session factory with properties: {sun.desktop=windows, awt.toolkit=sun.awt.windows.WToolkit, dialect=utils.SQLiteDialect, java.specification.version=11, sun.cpu.isalist=amd64, sun.jnu.encoding=Cp1250, hibernate.dialect=utils.SQLiteDialect, org.gradle.test.worker=3, java.class.path=C:\\Users\\Dan\\.gradle\\caches\\6.8\\workerMain\\gradle-worker.jar;D:\\Facultate\\Projects\\OrganizareCompanie\\build\\classes\\java\\test;D:\\Facultate\\Projects\\OrganizareCompanie\\build\\resources\\test;D:\\Facultate\\Projects\\OrganizareCompanie\\build\\classes\\java\\main;D:\\Facultate\\Projects\\OrganizareCompanie\\build\\resources\\main;C:\\Users\\Dan\\.gradle\\caches\\modules-2\\files-2.1\\org.springframework.boot\\spring-boot-starter-web\\2.4.3\\4f5554ea183af87e52d8c31bb82aada0d74c40b0\\spring-boot-starter-web-2.4.3.jar;C:\\Users\\Dan\\.gradle\\caches\\modules-2\\files-2.1\\org.xerial\\sqlite-jdbc\\3.34.0\\fd29bb0124e3f79c80b2753162a6a3873c240bcf\\sqlite-jdbc-3.34.0.jar;C:\\Users\\Dan\\.gradle\\caches\\modules-2\\files-2.1\\org.hibernate\\hibernate-java8\\5.1.0.Final\\2bb534acab4f8485a821f0e4d6a2c8df617ee86a\\hibernate-java8-5.1.0.Final.jar;C:\\Users\\Dan\\.gradle\\caches\\modules-2\\files-2.1\\org.hibernate\\hibernate-core\\5.4.29.Final\\74b7c9ad3cb57ae4fd0187480a76f137a7fc3f38\\hibernate-core-5.4.29.Final.jar;C:\\Users\\Dan\\.gradle\\caches\\modules-2\\files-2.1\\org.junit.platform\\junit-platform-engine\\1.7.0\\eadb73c5074a4ac71061defd00fc176152a4d12c\\junit-platform-engine-1.7.0.jar;C:\\Users\\Dan\\.gradle\\caches\\modules-2\\files-2.1\\org.junit.platform\\junit-platform-commons\\1.7.0\\84e309fbf21d857aac079a3c1fffd84284e1114d\\junit-platform-commons-1.7.0.jar;C:\\Users\\Dan\\.gradle\\caches\\modules-2\\files-2.1\\org.junit.jupiter\\junit-jupiter-engine\\5.7.0\\d9044d6b45e2232ddd53fa56c15333e43d1749fd\\junit-jupiter-engine-5.7.0.jar;C:\\Users\\Dan\\.gradle\\caches\\modules-2\\files-2.1\\org.junit.jupiter\\junit-jupiter-api\\5.7.0\\b25f3815c4c1860a73041e733a14a0379d00c4d5\\junit-jupiter-api-5.7.0.jar;C:\\Users\\Dan\\.gradle\\caches\\modules-2\\files-2.1\\org.springframework.boot\\spring-boot-starter-json\\2.4.3\\7b26abb0a0379a00b58a2a50e010b29cf4f16b80\\spring-boot-starter-json-2.4.3.jar;C:\\Users\\Dan\\.gradle\\caches\\modules-2\\files-2.1\\org.springframework.boot\\spring-boot-starter\\2.4.3\\fd8bc0fb5f5aaefb4d6c8b77eb61563aab840c11\\spring-boot-starter-2.4.3.jar;C:\\Users\\Dan\\.gradle\\caches\\modules-2\\files-2.1\\org.springframework.boot\\spring-boot-starter-tomcat\\2.4.3\\4ba28aae05a259625e7e92f8e7338c5e1d22de35\\spring-boot-starter-tomcat-2.4.3.jar;C:\\Users\\Dan\\.gradle\\caches\\modules-2\\files-2.1\\org.springframework\\spring-webmvc\\5.3.4\\8dd52fbe8eafcc7c80998087ec6635baf7a98c20\\spring-webmvc-5.3.4.jar;C:\\Users\\Dan\\.gradle\\caches\\modules-2\\files-2.1\\org.springframework\\spring-web\\5.3.4\\d93829e24a50ed22e781f2302680a210cac5ee84\\spring-web-5.3.4.jar;C:\\Users\\Dan\\.gradle\\caches\\modules-2\\files-2.1\\org.hibernate.common\\hibernate-commons-annotations\\5.1.2.Final\\e59ffdbc6ad09eeb33507b39ffcf287679a498c8\\hibernate-commons-annotations-5.1.2.Final.jar;C:\\Users\\Dan\\.gradle\\caches\\modules-2\\files-2.1\\org.jboss.logging\\jboss-logging\\3.4.1.Final\\40fd4d696c55793e996d1ff3c475833f836c2498\\jboss-logging-3.4.1.Final.jar;C:\\Users\\Dan\\.gradle\\caches\\modules-2\\files-2.1\\javax.persistence\\javax.persistence-api\\2.2\\25665ac8c0b62f50e6488173233239120fc52c96\\javax.persistence-api-2.2.jar;C:\\Users\\Dan\\.gradle\\caches\\modules-2\\files-2.1\\org.javassist\\javassist\\3.27.0-GA\\f63e6aa899e15eca8fdaa402a79af4c417252213\\javassist-3.27.0-GA.jar;C:\\Users\\Dan\\.gradle\\caches\\modules-2\\files-2.1\\net.bytebuddy\\byte-buddy\\1.10.21\\5abe8e141cac9d50a721a22d9c188b3bf19ad0aa\\byte-buddy-1.10.21.jar;C:\\Users\\Dan\\.gradle\\caches\\modules-2\\files-2.1\\antlr\\antlr\\2.7.7\\83cd2cd674a217ade95a4bb83a8a14f351f48bd0\\antlr-2.7.7.jar;C:\\Users\\Dan\\.gradle\\caches\\modules-2\\files-2.1\\org.jboss.spec.javax.transaction\\jboss-transaction-api_1.2_spec\\1.1.1.Final\\a8485cab9484dda36e9a8c319e76b5cc18797b58\\jboss-transaction-api_1.2_spec-1.1.1.Final.jar;C:\\Users\\Dan\\.gradle\\caches\\modules-2\\files-2.1\\org.jboss\\jandex\\2.2.3.Final\\d3865101f0666b63586683bd811d754517f331ab\\jandex-2.2.3.Final.jar;C:\\Users\\Dan\\.gradle\\caches\\modules-2\\files-2.1\\com.fasterxml\\classmate\\1.5.1\\3fe0bed568c62df5e89f4f174c101eab25345b6c\\classmate-1.5.1.jar;C:\\Users\\Dan\\.gradle\\caches\\modules-2\\files-2.1\\org.glassfish.jaxb\\jaxb-runtime\\2.3.1\\dd6dda9da676a54c5b36ca2806ff95ee017d8738\\jaxb-runtime-2.3.1.jar;C:\\Users\\Dan\\.gradle\\caches\\modules-2\\files-2.1\\javax.xml.bind\\jaxb-api\\2.3.1\\8531ad5ac454cc2deb9d4d32c40c4d7451939b5d\\jaxb-api-2.3.1.jar;C:\\Users\\Dan\\.gradle\\caches\\modules-2\\files-2.1\\javax.activation\\javax.activation-api\\1.2.0\\85262acf3ca9816f9537ca47d5adeabaead7cb16\\javax.activation-api-1.2.0.jar;C:\\Users\\Dan\\.gradle\\caches\\modules-2\\files-2.1\\org.dom4j\\dom4j\\2.1.3\\a75914155a9f5808963170ec20653668a2ffd2fd\\dom4j-2.1.3.jar;C:\\Users\\Dan\\.gradle\\caches\\modules-2\\files-2.1\\org.apiguardian\\apiguardian-api\\1.1.0\\fc9dff4bb36d627bdc553de77e1f17efd790876c\\apiguardian-api-1.1.0.jar;C:\\Users\\Dan\\.gradle\\caches\\modules-2\\files-2.1\\org.opentest4j\\opentest4j\\1.2.0\\28c11eb91f9b6d8e200631d46e20a7f407f2a046\\opentest4j-1.2.0.jar;C:\\Users\\Dan\\.gradle\\caches\\modules-2\\files-2.1\\org.springframework.boot\\spring-boot-autoconfigure\\2.4.3\\2f8e1e682e55f70c8ea557982c7adb1256f41bcf\\spring-boot-autoconfigure-2.4.3.jar;C:\\Users\\Dan\\.gradle\\caches\\modules-2\\files-2.1\\org.springframework.boot\\spring-boot\\2.4.3\\de2bd17a8eb9bc3dfa629aa06f2e9fe3bf603c85\\spring-boot-2.4.3.jar;C:\\Users\\Dan\\.gradle\\caches\\modules-2\\files-2.1\\org.springframework.boot\\spring-boot-starter-logging\\2.4.3\\64687abc2255d18cd6592cbb20fa3bee3379cec8\\spring-boot-starter-logging-2.4.3.jar;C:\\Users\\Dan\\.gradle\\caches\\modules-2\\files-2.1\\jakarta.annotation\\jakarta.annotation-api\\1.3.5\\59eb84ee0d616332ff44aba065f3888cf002cd2d\\jakarta.annotation-api-1.3.5.jar;C:\\Users\\Dan\\.gradle\\caches\\modules-2\\files-2.1\\org.springframework\\spring-context\\5.3.4\\fbeadeb0e4d272599a938ec345e99e5f9a76e919\\spring-context-5.3.4.jar;C:\\Users\\Dan\\.gradle\\caches\\modules-2\\files-2.1\\org.springframework\\spring-aop\\5.3.4\\b7180a6427ab524bc1cbd31bf38dd2182632515f\\spring-aop-5.3.4.jar;C:\\Users\\Dan\\.gradle\\caches\\modules-2\\files-2.1\\org.springframework\\spring-beans\\5.3.4\\ac6c5ea0ba82f555405f74104cf378f8071c6d25\\spring-beans-5.3.4.jar;C:\\Users\\Dan\\.gradle\\caches\\modules-2\\files-2.1\\org.springframework\\spring-expression\\5.3.4\\42b71fa955e43a86471509aef14cefe756fc3794\\spring-expression-5.3.4.jar;C:\\Users\\Dan\\.gradle\\caches\\modules-2\\files-2.1\\org.springframework\\spring-core\\5.3.4\\46c1f8abd9e02a292c42a257350f365cec152b5d\\spring-core-5.3.4.jar;C:\\Users\\Dan\\.gradle\\caches\\modules-2\\files-2.1\\org.yaml\\snakeyaml\\1.27\\359d62567480b07a679dc643f82fc926b100eed5\\snakeyaml-1.27.jar;C:\\Users\\Dan\\.gradle\\caches\\modules-2\\files-2.1\\com.fasterxml.jackson.datatype\\jackson-datatype-jdk8\\2.11.4\\e1540dea3c6c681ea4e335a960f730861ee3bedb\\jackson-datatype-jdk8-2.11.4.jar;C:\\Users\\Dan\\.gradle\\caches\\modules-2\\files-2.1\\com.fasterxml.jackson.datatype\\jackson-datatype-jsr310\\2.11.4\\ce6fc76bba06623720e5a9308386b6ae74753f4d\\jackson-datatype-jsr310-2.11.4.jar;C:\\Users\\Dan\\.gradle\\caches\\modules-2\\files-2.1\\com.fasterxml.jackson.module\\jackson-module-parameter-names\\2.11.4\\432e050d79f2282a66c320375d628f1b0842cb12\\jackson-module-parameter-names-2.11.4.jar;C:\\Users\\Dan\\.gradle\\caches\\modules-2\\files-2.1\\com.fasterxml.jackson.core\\jackson-databind\\2.11.4\\5d9f3d441f99d721b957e3497f0a6465c764fad4\\jackson-databind-2.11.4.jar;C:\\Users\\Dan\\.gradle\\caches\\modules-2\\files-2.1\\org.apache.tomcat.embed\\tomcat-embed-websocket\\9.0.43\\78232648dde1a5fd5093f0a3999e593d208e2eab\\tomcat-embed-websocket-9.0.43.jar;C:\\Users\\Dan\\.gradle\\caches\\modules-2\\files-2.1\\org.apache.tomcat.embed\\tomcat-embed-core\\9.0.43\\1d102277426bdd5b12f048731a91665bb69347d1\\tomcat-embed-core-9.0.43.jar;C:\\Users\\Dan\\.gradle\\caches\\modules-2\\files-2.1\\org.glassfish\\jakarta.el\\3.0.3\\dab46ee1ee23f7197c13d7c40fce14817c9017df\\jakarta.el-3.0.3.jar;C:\\Users\\Dan\\.gradle\\caches\\modules-2\\files-2.1\\org.glassfish.jaxb\\txw2\\2.3.1\\a09d2c48d3285f206fafbffe0e50619284e92126\\txw2-2.3.1.jar;C:\\Users\\Dan\\.gradle\\caches\\modules-2\\files-2.1\\com.sun.istack\\istack-commons-runtime\\3.0.7\\c197c86ceec7318b1284bffb49b54226ca774003\\istack-commons-runtime-3.0.7.jar;C:\\Users\\Dan\\.gradle\\caches\\modules-2\\files-2.1\\org.jvnet.staxex\\stax-ex\\1.8\\8cc35f73da321c29973191f2cf143d29d26a1df7\\stax-ex-1.8.jar;C:\\Users\\Dan\\.gradle\\caches\\modules-2\\files-2.1\\com.sun.xml.fastinfoset\\FastInfoset\\1.2.15\\bb7b7ec0379982b97c62cd17465cb6d9155f68e8\\FastInfoset-1.2.15.jar;C:\\Users\\Dan\\.gradle\\caches\\modules-2\\files-2.1\\ch.qos.logback\\logback-classic\\1.2.3\\7c4f3c474fb2c041d8028740440937705ebb473a\\logback-classic-1.2.3.jar;C:\\Users\\Dan\\.gradle\\caches\\modules-2\\files-2.1\\org.apache.logging.log4j\\log4j-to-slf4j\\2.13.3\\966f6fd1af4959d6b12bfa880121d4a2b164f857\\log4j-to-slf4j-2.13.3.jar;C:\\Users\\Dan\\.gradle\\caches\\modules-2\\files-2.1\\org.slf4j\\jul-to-slf4j\\1.7.30\\d58bebff8cbf70ff52b59208586095f467656c30\\jul-to-slf4j-1.7.30.jar;C:\\Users\\Dan\\.gradle\\caches\\modules-2\\files-2.1\\org.springframework\\spring-jcl\\5.3.4\\ca012eb4e9e57f767aa9d5e51fe9a09b28140808\\spring-jcl-5.3.4.jar;C:\\Users\\Dan\\.gradle\\caches\\modules-2\\files-2.1\\com.fasterxml.jackson.core\\jackson-annotations\\2.11.4\\2c3f5c079330f3a01726686a078979420f547ae4\\jackson-annotations-2.11.4.jar;C:\\Users\\Dan\\.gradle\\caches\\modules-2\\files-2.1\\com.fasterxml.jackson.core\\jackson-core\\2.11.4\\593f7b18bab07a76767f181e2a2336135ce82cc4\\jackson-core-2.11.4.jar;C:\\Users\\Dan\\.gradle\\caches\\modules-2\\files-2.1\\ch.qos.logback\\logback-core\\1.2.3\\864344400c3d4d92dfeb0a305dc87d953677c03c\\logback-core-1.2.3.jar;C:\\Users\\Dan\\.gradle\\caches\\modules-2\\files-2.1\\org.slf4j\\slf4j-api\\1.7.30\\b5a4b6d16ab13e34a88fae84c35cd5d68cac922c\\slf4j-api-1.7.30.jar;C:\\Users\\Dan\\.gradle\\caches\\modules-2\\files-2.1\\org.apache.logging.log4j\\log4j-api\\2.13.3\\ec1508160b93d274b1add34419b897bae84c6ca9\\log4j-api-2.13.3.jar, java.vm.vendor=Oracle Corporation, sun.arch.data.model=64, user.variant=, java.vendor.url=http://java.oracle.com/, user.timezone=Europe/Athens, os.name=Windows 10, java.vm.specification.version=11, user.country=US, sun.java.launcher=SUN_STANDARD, sun.boot.library.path=C:\Program Files\Java\jdk-11.0.6\bin, sun.java.command=worker.org.gradle.process.internal.worker.GradleWorkerMain 'Gradle Test Executor 3', jdk.debug=release, sun.cpu.endian=little, user.home=C:\Users\Dan, user.language=en, java.specification.vendor=Oracle Corporation, org.gradle.native=false, java.version.date=2020-01-14, java.home=C:\Program Files\Java\jdk-11.0.6, file.separator=\, java.vm.compressedOopsMode=32-bit, line.separator=
, java.specification.name=Java Platform API Specification, java.vm.specification.vendor=Oracle Corporation, java.awt.graphicsenv=sun.awt.Win32GraphicsEnvironment, hibernate.hbm2ddl.auto=update, user.script=, sun.management.compiler=HotSpot 64-Bit Tiered Compilers, java.runtime.version=11.0.6+8-LTS, user.name=Dan, path.separator=;, hibernate.connection.username=****, os.version=10.0, hibernate.enable_lazy_load_no_trans=true, java.runtime.name=Java(TM) SE Runtime Environment, hibernate.connection.url=jdbc:sqlite:D:\Facultate\Projects\OrganizareCompanie\database, file.encoding=windows-1250, java.vm.name=Java HotSpot(TM) 64-Bit Server VM, hibernate.show_sql=true, java.vendor.version=18.9, hibernate.current_session_context_class=thread, hibernate.connection.driver_class=org.sqlite.JDBC, java.vendor.url.bug=http://bugreport.java.com/bugreport/, java.io.tmpdir=C:\Users\Dan\AppData\Local\Temp\, java.version=11.0.6, user.dir=D:\Facultate\Projects\OrganizareCompanie, os.arch=amd64, java.vm.specification.name=Java Virtual Machine Specification, java.awt.printerjob=sun.awt.windows.WPrinterJob, hibernate.connection.password=****, sun.os.patch.level=, connection.driver_class=org.sqlite.JDBC, hibernate.boot.CfgXmlAccessService.key=org.hibernate.boot.cfgxml.spi.LoadedConfig@69d64004, java.library.path=C:\Program Files\Java\jdk-11.0.6\bin;C:\WINDOWS\Sun\Java\bin;C:\WINDOWS\system32;C:\WINDOWS;;C:\Python38\Scripts\;C:\Python38\;D:\Facultate\Scripts\;D:\Facultate\;C:\Users\Dan\Desktop\Facultate 2018-2019\Semestrul I\Fundamentele programarii\Python\Scripts\;C:\Users\Dan\Desktop\Facultate 2018-2019\Semestrul I\Fundamentele programarii\Python\;C:\Users\Dan\Desktop\Facultate 2018-2019\Semestrul I\Fundamentele programarii\Scripts\;C:\Users\Dan\Desktop\Facultate 2018-2019\Semestrul I\Fundamentele programarii\;C:\WINDOWS\system32;C:\WINDOWS;C:\WINDOWS\System32\Wbem;C:\WINDOWS\System32\WindowsPowerShell\v1.0\;C:\WINDOWS\System32\OpenSSH\;D:\Facultate\PuTTY\;C:\Program Files\dotnet\;C:\Program Files\Microsoft SQL Server\Client SDK\ODBC\170\Tools\Binn\;C:\Users\Dan\Proto\bin;D:\Facultate\NodeJS\;C:\ProgramData\chocolatey\bin;C:\Program Files\Git\cmd;C:\Program Files\Java\jdk-10.0.2\bin;C:\Program Files (x86)\GnuWin32\bin;C:\MinGW\bin;C:\Program Files\Java\jdk-11.0.6\bin;C:\WINDOWS\system32;C:\WINDOWS;C:\WINDOWS\System32\Wbem;C:\WINDOWS\System32\WindowsPowerShell\v1.0\;C:\WINDOWS\System32\OpenSSH\;C:\Program Files\Intel\WiFi\bin\;C:\Program Files\Common Files\Intel\WirelessCommon\;D:\Facultate\Python\Scripts\;D:\Facultate\Python\;C:\Users\Dan\AppData\Local\Microsoft\WindowsApps;C:\Users\Dan\AppData\Local\GitHubDesktop\bin;C:\Users\Dan\AppData\Roaming\npm;D:\Facultate\Microsoft VS Code\bin;C:\Users\Dan\AppData\Local\Microsoft\WindowsApps;C:\Users\Dan\Documents\driver;;., java.vendor=Oracle Corporation, java.vm.info=mixed mode, java.vm.version=11.0.6+8-LTS, hibernate.bytecode.use_reflection_optimizer=false, sun.io.unicode.encoding=UnicodeLittle, hibernate.connection.pool_size=1, connection.url=jdbc:sqlite:D:\Facultate\Projects\OrganizareCompanie\database, java.class.version=55.0}
21:22:59.991 [Test worker] DEBUG org.hibernate.secure.spi.JaccIntegrator - Skipping JACC integration as it was not enabled
21:22:59.991 [Test worker] DEBUG org.hibernate.internal.SessionFactoryImpl - Instantiated session factory
21:22:59.991 [Test worker] DEBUG org.hibernate.type.spi.TypeConfiguration$Scope - Scoping TypeConfiguration [org.hibernate.type.spi.TypeConfiguration@7ef73156] to SessionFactoryImpl [org.hibernate.internal.SessionFactoryImpl@78fed39]
21:22:59.991 [Test worker] DEBUG org.hibernate.boot.internal.ClassLoaderAccessImpl - Not known whether passed class name [domain.Functie] is safe
21:22:59.991 [Test worker] DEBUG org.hibernate.boot.internal.ClassLoaderAccessImpl - No temp ClassLoader provided; using live ClassLoader for loading potentially unsafe class : domain.Functie
21:22:59.991 [Test worker] DEBUG org.hibernate.boot.internal.ClassLoaderAccessImpl - Not known whether passed class name [domain.Departament] is safe
21:22:59.991 [Test worker] DEBUG org.hibernate.boot.internal.ClassLoaderAccessImpl - No temp ClassLoader provided; using live ClassLoader for loading potentially unsafe class : domain.Departament
21:23:00.007 [Test worker] DEBUG org.hibernate.boot.internal.ClassLoaderAccessImpl - Not known whether passed class name [domain.Angajat] is safe
21:23:00.007 [Test worker] DEBUG org.hibernate.boot.internal.ClassLoaderAccessImpl - No temp ClassLoader provided; using live ClassLoader for loading potentially unsafe class : domain.Angajat
21:23:00.007 [Test worker] DEBUG org.hibernate.boot.internal.ClassLoaderAccessImpl - Not known whether passed class name [domain.Proiect] is safe
21:23:00.007 [Test worker] DEBUG org.hibernate.boot.internal.ClassLoaderAccessImpl - No temp ClassLoader provided; using live ClassLoader for loading potentially unsafe class : domain.Proiect
21:23:00.007 [Test worker] DEBUG org.hibernate.boot.internal.ClassLoaderAccessImpl - Not known whether passed class name [domain.Concediu] is safe
21:23:00.007 [Test worker] DEBUG org.hibernate.boot.internal.ClassLoaderAccessImpl - No temp ClassLoader provided; using live ClassLoader for loading potentially unsafe class : domain.Concediu
21:23:00.023 [Test worker] DEBUG org.hibernate.persister.collection.AbstractCollectionPersister - Static SQL for collection: domain.Angajat.proiecte
21:23:00.023 [Test worker] DEBUG org.hibernate.persister.collection.AbstractCollectionPersister -  Row insert: insert into angajati_proiecte (id_angajat, id_proiect) values (?, ?)
21:23:00.023 [Test worker] DEBUG org.hibernate.persister.collection.AbstractCollectionPersister -  Row update: update angajati_proiecte set id_proiect=? where id_angajat=? and id_proiect=?
21:23:00.023 [Test worker] DEBUG org.hibernate.persister.collection.AbstractCollectionPersister -  Row delete: delete from angajati_proiecte where id_angajat=? and id_proiect=?
21:23:00.023 [Test worker] DEBUG org.hibernate.persister.collection.AbstractCollectionPersister -  One-shot delete: delete from angajati_proiecte where id_angajat=?
21:23:00.023 [Test worker] DEBUG org.hibernate.persister.collection.AbstractCollectionPersister - Static SQL for collection: domain.Angajat.concedii
21:23:00.023 [Test worker] DEBUG org.hibernate.persister.collection.AbstractCollectionPersister -  Row insert: update concedii set id_angajat=? where id=?
21:23:00.023 [Test worker] DEBUG org.hibernate.persister.collection.AbstractCollectionPersister -  Row update: update concedii set  where id=?
21:23:00.023 [Test worker] DEBUG org.hibernate.persister.collection.AbstractCollectionPersister -  Row delete: update concedii set id_angajat=null where id_angajat=? and id=?
21:23:00.023 [Test worker] DEBUG org.hibernate.persister.collection.AbstractCollectionPersister -  One-shot delete: update concedii set id_angajat=null where id_angajat=?
21:23:00.023 [Test worker] DEBUG org.hibernate.persister.collection.AbstractCollectionPersister - Static SQL for collection: domain.Angajat.departamente
21:23:00.023 [Test worker] DEBUG org.hibernate.persister.collection.AbstractCollectionPersister -  Row insert: insert into angajati_departamente (id_angajat, id_departament) values (?, ?)
21:23:00.023 [Test worker] DEBUG org.hibernate.persister.collection.AbstractCollectionPersister -  Row update: update angajati_departamente set id_departament=? where id_angajat=? and id_departament=?
21:23:00.023 [Test worker] DEBUG org.hibernate.persister.collection.AbstractCollectionPersister -  Row delete: delete from angajati_departamente where id_angajat=? and id_departament=?
21:23:00.023 [Test worker] DEBUG org.hibernate.persister.collection.AbstractCollectionPersister -  One-shot delete: delete from angajati_departamente where id_angajat=?
21:23:00.023 [Test worker] DEBUG org.hibernate.persister.entity.AbstractEntityPersister - Static SQL for entity: domain.Functie
21:23:00.023 [Test worker] DEBUG org.hibernate.persister.entity.AbstractEntityPersister -  Version select: select id from functii where id =?
21:23:00.023 [Test worker] DEBUG org.hibernate.persister.entity.AbstractEntityPersister -  Snapshot select: select functie_.id, functie_.salar_de_baza as salar_de2_5_ from functii functie_ where functie_.id=?
21:23:00.023 [Test worker] DEBUG org.hibernate.persister.entity.AbstractEntityPersister -  Insert 0: insert into functii (salar_de_baza, id) values (?, ?)
21:23:00.023 [Test worker] DEBUG org.hibernate.persister.entity.AbstractEntityPersister -  Update 0: update functii set salar_de_baza=? where id=?
21:23:00.023 [Test worker] DEBUG org.hibernate.persister.entity.AbstractEntityPersister -  Delete 0: delete from functii where id=?
21:23:00.023 [Test worker] DEBUG org.hibernate.persister.entity.AbstractEntityPersister -  Identity insert: insert into functii (salar_de_baza) values (?)
21:23:00.023 [Test worker] DEBUG org.hibernate.loader.plan.build.internal.spaces.QuerySpacesImpl - Adding QuerySpace : uid = <gen:0> -> org.hibernate.loader.plan.build.internal.spaces.EntityQuerySpaceImpl@3ef3e9d9]
21:23:00.023 [Test worker] DEBUG org.hibernate.persister.walking.spi.MetamodelGraphWalker - Visiting attribute path : salarDeBaza
21:23:00.023 [Test worker] DEBUG org.hibernate.loader.plan.build.internal.FetchStyleLoadPlanBuildingAssociationVisitationStrategy - Building LoadPlan...
21:23:00.023 [Test worker] DEBUG org.hibernate.loader.plan.exec.internal.LoadQueryJoinAndFetchProcessor - processing queryspace <gen:0>
21:23:00.023 [Test worker] DEBUG org.hibernate.loader.plan.build.spi.LoadPlanTreePrinter - LoadPlan(entity=domain.Functie)
    - Returns
       - EntityReturnImpl(entity=domain.Functie, querySpaceUid=<gen:0>, path=domain.Functie)
    - QuerySpaces
       - EntityQuerySpaceImpl(uid=<gen:0>, entity=domain.Functie)
          - SQL table alias mapping - functie0_
          - alias suffix - 0_
          - suffixed key columns - {id1_5_0_}

21:23:00.023 [Test worker] DEBUG org.hibernate.loader.entity.plan.EntityLoader - Static select for entity domain.Functie [NONE]: select functie0_.id as id1_5_0_, functie0_.salar_de_baza as salar_de2_5_0_ from functii functie0_ where functie0_.id=?
21:23:00.023 [Test worker] DEBUG org.hibernate.persister.entity.AbstractEntityPersister - Static SQL for entity: domain.Departament
21:23:00.023 [Test worker] DEBUG org.hibernate.persister.entity.AbstractEntityPersister -  Version select: select id from departamente where id =?
21:23:00.023 [Test worker] DEBUG org.hibernate.persister.entity.AbstractEntityPersister -  Snapshot select: select departamen_.id, departamen_.id_director as id_direc2_4_ from departamente departamen_ where departamen_.id=?
21:23:00.023 [Test worker] DEBUG org.hibernate.persister.entity.AbstractEntityPersister -  Insert 0: insert into departamente (id_director, id) values (?, ?)
21:23:00.023 [Test worker] DEBUG org.hibernate.persister.entity.AbstractEntityPersister -  Update 0: update departamente set id_director=? where id=?
21:23:00.023 [Test worker] DEBUG org.hibernate.persister.entity.AbstractEntityPersister -  Delete 0: delete from departamente where id=?
21:23:00.023 [Test worker] DEBUG org.hibernate.persister.entity.AbstractEntityPersister -  Identity insert: insert into departamente (id_director) values (?)
21:23:00.023 [Test worker] DEBUG org.hibernate.loader.plan.build.internal.spaces.QuerySpacesImpl - Adding QuerySpace : uid = <gen:0> -> org.hibernate.loader.plan.build.internal.spaces.EntityQuerySpaceImpl@652eec3a]
21:23:00.023 [Test worker] DEBUG org.hibernate.persister.walking.spi.MetamodelGraphWalker - Visiting attribute path : idDirector
21:23:00.023 [Test worker] DEBUG org.hibernate.loader.plan.build.internal.FetchStyleLoadPlanBuildingAssociationVisitationStrategy - Building LoadPlan...
21:23:00.023 [Test worker] DEBUG org.hibernate.loader.plan.exec.internal.LoadQueryJoinAndFetchProcessor - processing queryspace <gen:0>
21:23:00.023 [Test worker] DEBUG org.hibernate.loader.plan.build.spi.LoadPlanTreePrinter - LoadPlan(entity=domain.Departament)
    - Returns
       - EntityReturnImpl(entity=domain.Departament, querySpaceUid=<gen:0>, path=domain.Departament)
    - QuerySpaces
       - EntityQuerySpaceImpl(uid=<gen:0>, entity=domain.Departament)
          - SQL table alias mapping - departamen0_
          - alias suffix - 0_
          - suffixed key columns - {id1_4_0_}

21:23:00.023 [Test worker] DEBUG org.hibernate.loader.entity.plan.EntityLoader - Static select for entity domain.Departament [NONE]: select departamen0_.id as id1_4_0_, departamen0_.id_director as id_direc2_4_0_ from departamente departamen0_ where departamen0_.id=?
21:23:00.023 [Test worker] DEBUG org.hibernate.persister.entity.AbstractEntityPersister - Static SQL for entity: domain.Angajat
21:23:00.023 [Test worker] DEBUG org.hibernate.persister.entity.AbstractEntityPersister -  Version select: select id from angajati where id =?
21:23:00.023 [Test worker] DEBUG org.hibernate.persister.entity.AbstractEntityPersister -  Snapshot select: select angajat_.id, angajat_.data_angajare as data_ang2_0_, angajat_.functie_id as functie_4_0_, angajat_.id_superior as id_super3_0_ from angajati angajat_ where angajat_.id=?
21:23:00.023 [Test worker] DEBUG org.hibernate.persister.entity.AbstractEntityPersister -  Insert 0: insert into angajati (data_angajare, functie_id, id_superior, id) values (?, ?, ?, ?)
21:23:00.023 [Test worker] DEBUG org.hibernate.persister.entity.AbstractEntityPersister -  Update 0: update angajati set data_angajare=?, functie_id=?, id_superior=? where id=?
21:23:00.023 [Test worker] DEBUG org.hibernate.persister.entity.AbstractEntityPersister -  Delete 0: delete from angajati where id=?
21:23:00.023 [Test worker] DEBUG org.hibernate.persister.entity.AbstractEntityPersister -  Identity insert: insert into angajati (data_angajare, functie_id, id_superior) values (?, ?, ?)
21:23:00.023 [Test worker] DEBUG org.hibernate.loader.plan.build.internal.spaces.QuerySpacesImpl - Adding QuerySpace : uid = <gen:0> -> org.hibernate.loader.plan.build.internal.spaces.EntityQuerySpaceImpl@9c76a40]
21:23:00.023 [Test worker] DEBUG org.hibernate.persister.walking.spi.MetamodelGraphWalker - Visiting attribute path : concedii
21:23:00.023 [Test worker] DEBUG org.hibernate.loader.plan.build.internal.spaces.QuerySpacesImpl - Adding QuerySpace : uid = <gen:1> -> org.hibernate.loader.plan.build.internal.spaces.CollectionQuerySpaceImpl@6becaf6f]
21:23:00.023 [Test worker] DEBUG org.hibernate.loader.plan.build.internal.spaces.QuerySpacesImpl - Adding QuerySpace : uid = <gen:2> -> org.hibernate.loader.plan.build.internal.spaces.EntityQuerySpaceImpl@1cdd1fca]
21:23:00.023 [Test worker] DEBUG org.hibernate.persister.walking.spi.MetamodelGraphWalker - Visiting attribute path : dataAngajare
21:23:00.023 [Test worker] DEBUG org.hibernate.persister.walking.spi.MetamodelGraphWalker - Visiting attribute path : departamente
21:23:00.023 [Test worker] DEBUG org.hibernate.loader.plan.build.internal.spaces.QuerySpacesImpl - Adding QuerySpace : uid = <gen:3> -> org.hibernate.loader.plan.build.internal.spaces.CollectionQuerySpaceImpl@2e7ae37b]
21:23:00.023 [Test worker] DEBUG org.hibernate.loader.plan.build.internal.spaces.QuerySpacesImpl - Adding QuerySpace : uid = <gen:4> -> org.hibernate.loader.plan.build.internal.spaces.EntityQuerySpaceImpl@5926e650]
21:23:00.023 [Test worker] DEBUG org.hibernate.persister.walking.spi.MetamodelGraphWalker - Visiting attribute path : functie
21:23:00.023 [Test worker] DEBUG org.hibernate.loader.plan.build.internal.spaces.QuerySpacesImpl - Adding QuerySpace : uid = <gen:5> -> org.hibernate.loader.plan.build.internal.spaces.EntityQuerySpaceImpl@573fbdcc]
21:23:00.023 [Test worker] DEBUG org.hibernate.persister.walking.spi.MetamodelGraphWalker - Visiting attribute path : functie.salarDeBaza
21:23:00.023 [Test worker] DEBUG org.hibernate.persister.walking.spi.MetamodelGraphWalker - Visiting attribute path : idSuperior
21:23:00.023 [Test worker] DEBUG org.hibernate.persister.walking.spi.MetamodelGraphWalker - Visiting attribute path : proiecte
21:23:00.023 [Test worker] DEBUG org.hibernate.loader.plan.build.internal.spaces.QuerySpacesImpl - Adding QuerySpace : uid = <gen:6> -> org.hibernate.loader.plan.build.internal.spaces.CollectionQuerySpaceImpl@5a709593]
21:23:00.023 [Test worker] DEBUG org.hibernate.loader.plan.build.internal.spaces.QuerySpacesImpl - Adding QuerySpace : uid = <gen:7> -> org.hibernate.loader.plan.build.internal.spaces.EntityQuerySpaceImpl@348aeceb]
21:23:00.023 [Test worker] DEBUG org.hibernate.loader.plan.build.internal.FetchStyleLoadPlanBuildingAssociationVisitationStrategy - Building LoadPlan...
21:23:00.023 [Test worker] DEBUG org.hibernate.loader.plan.exec.internal.LoadQueryJoinAndFetchProcessor - processing queryspace <gen:0>
21:23:00.023 [Test worker] DEBUG org.hibernate.loader.plan.build.spi.LoadPlanTreePrinter - LoadPlan(entity=domain.Angajat)
    - Returns
       - EntityReturnImpl(entity=domain.Angajat, querySpaceUid=<gen:0>, path=domain.Angajat)
          - CollectionAttributeFetchImpl(collection=domain.Angajat.concedii, querySpaceUid=<gen:1>, path=domain.Angajat.concedii)
             - (collection element) CollectionFetchableElementEntityGraph(entity=domain.Concediu, querySpaceUid=<gen:2>, path=domain.Angajat.concedii.<elements>)
          - CollectionAttributeFetchImpl(collection=domain.Angajat.departamente, querySpaceUid=<gen:3>, path=domain.Angajat.departamente)
             - (collection element) CollectionFetchableElementEntityGraph(entity=domain.Departament, querySpaceUid=<gen:4>, path=domain.Angajat.departamente.<elements>)
          - EntityAttributeFetchImpl(entity=domain.Functie, querySpaceUid=<gen:5>, path=domain.Angajat.functie)
          - CollectionAttributeFetchImpl(collection=domain.Angajat.proiecte, querySpaceUid=<gen:6>, path=domain.Angajat.proiecte)
             - (collection element) CollectionFetchableElementEntityGraph(entity=domain.Proiect, querySpaceUid=<gen:7>, path=domain.Angajat.proiecte.<elements>)
    - QuerySpaces
       - EntityQuerySpaceImpl(uid=<gen:0>, entity=domain.Angajat)
          - SQL table alias mapping - angajat0_
          - alias suffix - 0_
          - suffixed key columns - {id1_0_0_}
          - JOIN (JoinDefinedByMetadata(functie)) : <gen:0> -> <gen:5>
             - EntityQuerySpaceImpl(uid=<gen:5>, entity=domain.Functie)
                - SQL table alias mapping - functie1_
                - alias suffix - 1_
                - suffixed key columns - {id1_5_1_}

21:23:00.023 [Test worker] DEBUG org.hibernate.loader.entity.plan.EntityLoader - Static select for entity domain.Angajat [NONE]: select angajat0_.id as id1_0_0_, angajat0_.data_angajare as data_ang2_0_0_, angajat0_.functie_id as functie_4_0_0_, angajat0_.id_superior as id_super3_0_0_, functie1_.id as id1_5_1_, functie1_.salar_de_baza as salar_de2_5_1_ from angajati angajat0_ left outer join functii functie1_ on angajat0_.functie_id=functie1_.id where angajat0_.id=?
21:23:00.023 [Test worker] DEBUG org.hibernate.persister.entity.AbstractEntityPersister - Static SQL for entity: domain.Proiect
21:23:00.023 [Test worker] DEBUG org.hibernate.persister.entity.AbstractEntityPersister -  Version select: select id from proiecte where id =?
21:23:00.023 [Test worker] DEBUG org.hibernate.persister.entity.AbstractEntityPersister -  Snapshot select: select proiect_.id, proiect_.data_inceput as data_inc2_6_, proiect_.deadline as deadline3_6_ from proiecte proiect_ where proiect_.id=?
21:23:00.023 [Test worker] DEBUG org.hibernate.persister.entity.AbstractEntityPersister -  Insert 0: insert into proiecte (data_inceput, deadline, id) values (?, ?, ?)
21:23:00.023 [Test worker] DEBUG org.hibernate.persister.entity.AbstractEntityPersister -  Update 0: update proiecte set data_inceput=?, deadline=? where id=?
21:23:00.023 [Test worker] DEBUG org.hibernate.persister.entity.AbstractEntityPersister -  Delete 0: delete from proiecte where id=?
21:23:00.023 [Test worker] DEBUG org.hibernate.persister.entity.AbstractEntityPersister -  Identity insert: insert into proiecte (data_inceput, deadline) values (?, ?)
21:23:00.023 [Test worker] DEBUG org.hibernate.loader.plan.build.internal.spaces.QuerySpacesImpl - Adding QuerySpace : uid = <gen:0> -> org.hibernate.loader.plan.build.internal.spaces.EntityQuerySpaceImpl@1ef1f66b]
21:23:00.023 [Test worker] DEBUG org.hibernate.persister.walking.spi.MetamodelGraphWalker - Visiting attribute path : dataInceput
21:23:00.023 [Test worker] DEBUG org.hibernate.persister.walking.spi.MetamodelGraphWalker - Visiting attribute path : deadline
21:23:00.023 [Test worker] DEBUG org.hibernate.loader.plan.build.internal.FetchStyleLoadPlanBuildingAssociationVisitationStrategy - Building LoadPlan...
21:23:00.023 [Test worker] DEBUG org.hibernate.loader.plan.exec.internal.LoadQueryJoinAndFetchProcessor - processing queryspace <gen:0>
21:23:00.023 [Test worker] DEBUG org.hibernate.loader.plan.build.spi.LoadPlanTreePrinter - LoadPlan(entity=domain.Proiect)
    - Returns
       - EntityReturnImpl(entity=domain.Proiect, querySpaceUid=<gen:0>, path=domain.Proiect)
    - QuerySpaces
       - EntityQuerySpaceImpl(uid=<gen:0>, entity=domain.Proiect)
          - SQL table alias mapping - proiect0_
          - alias suffix - 0_
          - suffixed key columns - {id1_6_0_}

21:23:00.023 [Test worker] DEBUG org.hibernate.loader.entity.plan.EntityLoader - Static select for entity domain.Proiect [NONE]: select proiect0_.id as id1_6_0_, proiect0_.data_inceput as data_inc2_6_0_, proiect0_.deadline as deadline3_6_0_ from proiecte proiect0_ where proiect0_.id=?
21:23:00.023 [Test worker] DEBUG org.hibernate.persister.entity.AbstractEntityPersister - Static SQL for entity: domain.Concediu
21:23:00.023 [Test worker] DEBUG org.hibernate.persister.entity.AbstractEntityPersister -  Version select: select id from concedii where id =?
21:23:00.023 [Test worker] DEBUG org.hibernate.persister.entity.AbstractEntityPersister -  Snapshot select: select concediu_.id, concediu_.id_angajat as id_angaj4_3_, concediu_.data_inceput as data_inc2_3_, concediu_.data_sfarsit as data_sfa3_3_ from concedii concediu_ where concediu_.id=?
21:23:00.023 [Test worker] DEBUG org.hibernate.persister.entity.AbstractEntityPersister -  Insert 0: insert into concedii (id_angajat, data_inceput, data_sfarsit, id) values (?, ?, ?, ?)
21:23:00.023 [Test worker] DEBUG org.hibernate.persister.entity.AbstractEntityPersister -  Update 0: update concedii set id_angajat=?, data_inceput=?, data_sfarsit=? where id=?
21:23:00.023 [Test worker] DEBUG org.hibernate.persister.entity.AbstractEntityPersister -  Delete 0: delete from concedii where id=?
21:23:00.023 [Test worker] DEBUG org.hibernate.persister.entity.AbstractEntityPersister -  Identity insert: insert into concedii (id_angajat, data_inceput, data_sfarsit) values (?, ?, ?)
21:23:00.023 [Test worker] DEBUG org.hibernate.loader.plan.build.internal.spaces.QuerySpacesImpl - Adding QuerySpace : uid = <gen:0> -> org.hibernate.loader.plan.build.internal.spaces.EntityQuerySpaceImpl@2523a54a]
21:23:00.023 [Test worker] DEBUG org.hibernate.persister.walking.spi.MetamodelGraphWalker - Visiting attribute path : angajat
21:23:00.023 [Test worker] DEBUG org.hibernate.loader.plan.build.internal.spaces.QuerySpacesImpl - Adding QuerySpace : uid = <gen:1> -> org.hibernate.loader.plan.build.internal.spaces.EntityQuerySpaceImpl@57fe0cb1]
21:23:00.023 [Test worker] DEBUG org.hibernate.persister.walking.spi.MetamodelGraphWalker - Visiting attribute path : dataInceput
21:23:00.023 [Test worker] DEBUG org.hibernate.persister.walking.spi.MetamodelGraphWalker - Visiting attribute path : dataSfarsit
21:23:00.023 [Test worker] DEBUG org.hibernate.loader.plan.build.internal.FetchStyleLoadPlanBuildingAssociationVisitationStrategy - Building LoadPlan...
21:23:00.038 [Test worker] DEBUG org.hibernate.loader.plan.exec.internal.LoadQueryJoinAndFetchProcessor - processing queryspace <gen:0>
21:23:00.038 [Test worker] DEBUG org.hibernate.loader.plan.build.spi.LoadPlanTreePrinter - LoadPlan(entity=domain.Concediu)
    - Returns
       - EntityReturnImpl(entity=domain.Concediu, querySpaceUid=<gen:0>, path=domain.Concediu)
          - EntityAttributeFetchImpl(entity=domain.Angajat, querySpaceUid=<gen:1>, path=domain.Concediu.angajat)
    - QuerySpaces
       - EntityQuerySpaceImpl(uid=<gen:0>, entity=domain.Concediu)
          - SQL table alias mapping - concediu0_
          - alias suffix - 0_
          - suffixed key columns - {id1_3_0_}

21:23:00.038 [Test worker] DEBUG org.hibernate.loader.entity.plan.EntityLoader - Static select for entity domain.Concediu [NONE]: select concediu0_.id as id1_3_0_, concediu0_.id_angajat as id_angaj4_3_0_, concediu0_.data_inceput as data_inc2_3_0_, concediu0_.data_sfarsit as data_sfa3_3_0_ from concedii concediu0_ where concediu0_.id=?
21:23:00.038 [Test worker] DEBUG org.hibernate.loader.plan.build.internal.spaces.QuerySpacesImpl - Adding QuerySpace : uid = <gen:0> -> org.hibernate.loader.plan.build.internal.spaces.CollectionQuerySpaceImpl@27729115]
21:23:00.038 [Test worker] DEBUG org.hibernate.loader.plan.build.internal.spaces.QuerySpacesImpl - Adding QuerySpace : uid = <gen:1> -> org.hibernate.loader.plan.build.internal.spaces.EntityQuerySpaceImpl@1f437944]
21:23:00.038 [Test worker] DEBUG org.hibernate.persister.walking.spi.MetamodelGraphWalker - Visiting attribute path : dataInceput
21:23:00.038 [Test worker] DEBUG org.hibernate.persister.walking.spi.MetamodelGraphWalker - Visiting attribute path : deadline
21:23:00.038 [Test worker] DEBUG org.hibernate.loader.plan.build.internal.FetchStyleLoadPlanBuildingAssociationVisitationStrategy - Building LoadPlan...
21:23:00.038 [Test worker] DEBUG org.hibernate.loader.plan.exec.internal.LoadQueryJoinAndFetchProcessor - processing queryspace <gen:0>
21:23:00.038 [Test worker] DEBUG org.hibernate.loader.plan.build.spi.LoadPlanTreePrinter - LoadPlan(collection=domain.Angajat.proiecte)
    - Returns
       - CollectionReturnImpl(collection=domain.Angajat.proiecte, querySpaceUid=<gen:0>, path=[domain.Angajat.proiecte])
          - (collection element) CollectionFetchableElementEntityGraph(entity=domain.Proiect, querySpaceUid=<gen:1>, path=[domain.Angajat.proiecte].<elements>)
    - QuerySpaces
       - CollectionQuerySpaceImpl(uid=<gen:0>, collection=domain.Angajat.proiecte)
          - SQL table alias mapping - proiecte0_
          - alias suffix - 0_
          - suffixed key columns - {id_angaj1_2_0_}
          - entity-element alias suffix - 1_
          - 1_entity-element suffixed key columns - id1_6_1_
          - JOIN (JoinDefinedByMetadata(elements)) : <gen:0> -> <gen:1>
             - EntityQuerySpaceImpl(uid=<gen:1>, entity=domain.Proiect)
                - SQL table alias mapping - proiect1_
                - alias suffix - 1_
                - suffixed key columns - {id1_6_1_}

21:23:00.038 [Test worker] DEBUG org.hibernate.loader.collection.plan.CollectionLoader - Static select for collection domain.Angajat.proiecte: select proiecte0_.id_angajat as id_angaj1_2_0_, proiecte0_.id_proiect as id_proie2_2_0_, proiect1_.id as id1_6_1_, proiect1_.data_inceput as data_inc2_6_1_, proiect1_.deadline as deadline3_6_1_ from angajati_proiecte proiecte0_ inner join proiecte proiect1_ on proiecte0_.id_proiect=proiect1_.id where proiecte0_.id_angajat=?
21:23:00.038 [Test worker] DEBUG org.hibernate.loader.plan.build.internal.spaces.QuerySpacesImpl - Adding QuerySpace : uid = <gen:0> -> org.hibernate.loader.plan.build.internal.spaces.CollectionQuerySpaceImpl@22f73a93]
21:23:00.038 [Test worker] DEBUG org.hibernate.loader.plan.build.internal.spaces.QuerySpacesImpl - Adding QuerySpace : uid = <gen:1> -> org.hibernate.loader.plan.build.internal.spaces.EntityQuerySpaceImpl@26fafed0]
21:23:00.038 [Test worker] DEBUG org.hibernate.persister.walking.spi.MetamodelGraphWalker - Visiting attribute path : angajat
21:23:00.038 [Test worker] DEBUG org.hibernate.persister.walking.spi.MetamodelGraphWalker - Property path deemed to be circular : angajat
21:23:00.038 [Test worker] DEBUG org.hibernate.persister.walking.spi.MetamodelGraphWalker - Visiting attribute path : dataInceput
21:23:00.038 [Test worker] DEBUG org.hibernate.persister.walking.spi.MetamodelGraphWalker - Visiting attribute path : dataSfarsit
21:23:00.038 [Test worker] DEBUG org.hibernate.loader.plan.build.internal.FetchStyleLoadPlanBuildingAssociationVisitationStrategy - Building LoadPlan...
21:23:00.038 [Test worker] DEBUG org.hibernate.loader.plan.exec.internal.LoadQueryJoinAndFetchProcessor - processing queryspace <gen:0>
21:23:00.038 [Test worker] DEBUG org.hibernate.loader.plan.build.spi.LoadPlanTreePrinter - LoadPlan(collection=domain.Angajat.concedii)
    - Returns
       - CollectionReturnImpl(collection=domain.Angajat.concedii, querySpaceUid=<gen:0>, path=[domain.Angajat.concedii])
          - (collection element) CollectionFetchableElementEntityGraph(entity=domain.Concediu, querySpaceUid=<gen:1>, path=[domain.Angajat.concedii].<elements>)
    - QuerySpaces
       - CollectionQuerySpaceImpl(uid=<gen:0>, collection=domain.Angajat.concedii)
          - SQL table alias mapping - concedii0_
          - alias suffix - 0_
          - suffixed key columns - {id_angaj4_3_0_}
          - entity-element alias suffix - 1_
          - 1_entity-element suffixed key columns - id1_3_1_
          - JOIN (JoinDefinedByMetadata(elements)) : <gen:0> -> <gen:1>
             - EntityQuerySpaceImpl(uid=<gen:1>, entity=domain.Concediu)
                - SQL table alias mapping - concedii0_
                - alias suffix - 1_
                - suffixed key columns - {id1_3_1_}

21:23:00.038 [Test worker] DEBUG org.hibernate.loader.collection.plan.CollectionLoader - Static select for collection domain.Angajat.concedii: select concedii0_.id_angajat as id_angaj4_3_0_, concedii0_.id as id1_3_0_, concedii0_.id as id1_3_1_, concedii0_.id_angajat as id_angaj4_3_1_, concedii0_.data_inceput as data_inc2_3_1_, concedii0_.data_sfarsit as data_sfa3_3_1_ from concedii concedii0_ where concedii0_.id_angajat=?
21:23:00.038 [Test worker] DEBUG org.hibernate.loader.plan.build.internal.spaces.QuerySpacesImpl - Adding QuerySpace : uid = <gen:0> -> org.hibernate.loader.plan.build.internal.spaces.CollectionQuerySpaceImpl@7a7635ba]
21:23:00.038 [Test worker] DEBUG org.hibernate.loader.plan.build.internal.spaces.QuerySpacesImpl - Adding QuerySpace : uid = <gen:1> -> org.hibernate.loader.plan.build.internal.spaces.EntityQuerySpaceImpl@b8b485a]
21:23:00.038 [Test worker] DEBUG org.hibernate.persister.walking.spi.MetamodelGraphWalker - Visiting attribute path : idDirector
21:23:00.038 [Test worker] DEBUG org.hibernate.loader.plan.build.internal.FetchStyleLoadPlanBuildingAssociationVisitationStrategy - Building LoadPlan...
21:23:00.038 [Test worker] DEBUG org.hibernate.loader.plan.exec.internal.LoadQueryJoinAndFetchProcessor - processing queryspace <gen:0>
21:23:00.038 [Test worker] DEBUG org.hibernate.loader.plan.build.spi.LoadPlanTreePrinter - LoadPlan(collection=domain.Angajat.departamente)
    - Returns
       - CollectionReturnImpl(collection=domain.Angajat.departamente, querySpaceUid=<gen:0>, path=[domain.Angajat.departamente])
          - (collection element) CollectionFetchableElementEntityGraph(entity=domain.Departament, querySpaceUid=<gen:1>, path=[domain.Angajat.departamente].<elements>)
    - QuerySpaces
       - CollectionQuerySpaceImpl(uid=<gen:0>, collection=domain.Angajat.departamente)
          - SQL table alias mapping - departamen0_
          - alias suffix - 0_
          - suffixed key columns - {id_angaj1_1_0_}
          - entity-element alias suffix - 1_
          - 1_entity-element suffixed key columns - id1_4_1_
          - JOIN (JoinDefinedByMetadata(elements)) : <gen:0> -> <gen:1>
             - EntityQuerySpaceImpl(uid=<gen:1>, entity=domain.Departament)
                - SQL table alias mapping - departamen1_
                - alias suffix - 1_
                - suffixed key columns - {id1_4_1_}

21:23:00.038 [Test worker] DEBUG org.hibernate.loader.collection.plan.CollectionLoader - Static select for collection domain.Angajat.departamente: select departamen0_.id_angajat as id_angaj1_1_0_, departamen0_.id_departament as id_depar2_1_0_, departamen1_.id as id1_4_1_, departamen1_.id_director as id_direc2_4_1_ from angajati_departamente departamen0_ inner join departamente departamen1_ on departamen0_.id_departament=departamen1_.id where departamen0_.id_angajat=?
21:23:00.038 [Test worker] INFO org.hibernate.orm.connections.access - HHH10001501: Connection obtained from JdbcConnectionAccess [org.hibernate.engine.jdbc.env.internal.JdbcEnvironmentInitiator$ConnectionProviderJdbcConnectionAccess@2bb99816] for (non-JTA) DDL execution was not in auto-commit mode; the Connection 'local transaction' will be committed and the Connection will be set into auto-commit mode.
21:23:00.038 [Test worker] DEBUG org.hibernate.mapping.Table - No alter strings for table : angajati
21:23:00.038 [Test worker] DEBUG org.hibernate.mapping.Table - No alter strings for table : angajati_departamente
21:23:00.038 [Test worker] DEBUG org.hibernate.mapping.Table - No alter strings for table : angajati_proiecte
21:23:00.038 [Test worker] DEBUG org.hibernate.mapping.Table - No alter strings for table : concedii
21:23:00.038 [Test worker] DEBUG org.hibernate.mapping.Table - No alter strings for table : departamente
21:23:00.038 [Test worker] DEBUG org.hibernate.mapping.Table - No alter strings for table : functii
21:23:00.038 [Test worker] DEBUG org.hibernate.mapping.Table - No alter strings for table : proiecte
21:23:00.038 [Test worker] DEBUG org.hibernate.query.spi.NamedQueryRepository - Checking 0 named HQL queries
21:23:00.038 [Test worker] DEBUG org.hibernate.query.spi.NamedQueryRepository - Checking 0 named SQL queries
21:23:00.038 [Test worker] DEBUG org.hibernate.internal.SessionFactoryRegistry - Registering SessionFactory: ee1dd241-5191-47e7-b58a-27bb50e013a3 (<unnamed>)
21:23:00.038 [Test worker] DEBUG org.hibernate.internal.SessionFactoryRegistry - Not binding SessionFactory to JNDI, no JNDI name configured
21:23:00.038 [Test worker] DEBUG org.hibernate.integrator.internal.IntegratorServiceImpl - Adding Integrator [org.hibernate.cfg.beanvalidation.BeanValidationIntegrator].
21:23:00.038 [Test worker] DEBUG org.hibernate.integrator.internal.IntegratorServiceImpl - Adding Integrator [org.hibernate.secure.spi.JaccIntegrator].
21:23:00.038 [Test worker] DEBUG org.hibernate.integrator.internal.IntegratorServiceImpl - Adding Integrator [org.hibernate.cache.internal.CollectionCacheInvalidator].
21:23:00.038 [Test worker] DEBUG org.hibernate.boot.jaxb.internal.stax.LocalXmlResourceResolver - Interpreting public/system identifier : [-//Hibernate/Hibernate Configuration DTD 3.0//EN] - [http://hibernate.org/dtd/hibernate-configuration-3.0.dtd]
21:23:00.085 [Test worker] DEBUG org.hibernate.boot.cfgxml.internal.JaxbCfgProcessor - cfg.xml document did not define namespaces; wrapping in custom event reader to introduce namespace information
21:23:00.101 [Test worker] DEBUG org.hibernate.service.spi.ServiceBinding - Overriding existing service binding [org.hibernate.secure.spi.JaccService]
21:23:00.101 [Test worker] DEBUG org.hibernate.cache.internal.RegionFactoryInitiator - Cannot default RegionFactory based on registered strategies as `[]` RegionFactory strategies were registered
21:23:00.101 [Test worker] DEBUG org.hibernate.cache.internal.RegionFactoryInitiator - Cache region factory : org.hibernate.cache.internal.NoCachingRegionFactory
21:23:00.101 [Test worker] DEBUG org.hibernate.type.BasicTypeRegistry - Adding type registration boolean -> org.hibernate.type.BooleanType@121b529f
21:23:00.101 [Test worker] DEBUG org.hibernate.type.BasicTypeRegistry - Adding type registration boolean -> org.hibernate.type.BooleanType@121b529f
21:23:00.101 [Test worker] DEBUG org.hibernate.type.BasicTypeRegistry - Adding type registration java.lang.Boolean -> org.hibernate.type.BooleanType@121b529f
21:23:00.101 [Test worker] DEBUG org.hibernate.type.BasicTypeRegistry - Adding type registration numeric_boolean -> org.hibernate.type.NumericBooleanType@7dc81433
21:23:00.101 [Test worker] DEBUG org.hibernate.type.BasicTypeRegistry - Adding type registration true_false -> org.hibernate.type.TrueFalseType@60c371da
21:23:00.101 [Test worker] DEBUG org.hibernate.type.BasicTypeRegistry - Adding type registration yes_no -> org.hibernate.type.YesNoType@51ef89fc
21:23:00.101 [Test worker] DEBUG org.hibernate.type.BasicTypeRegistry - Adding type registration byte -> org.hibernate.type.ByteType@1502feca
21:23:00.101 [Test worker] DEBUG org.hibernate.type.BasicTypeRegistry - Adding type registration byte -> org.hibernate.type.ByteType@1502feca
21:23:00.101 [Test worker] DEBUG org.hibernate.type.BasicTypeRegistry - Adding type registration java.lang.Byte -> org.hibernate.type.ByteType@1502feca
21:23:00.101 [Test worker] DEBUG org.hibernate.type.BasicTypeRegistry - Adding type registration character -> org.hibernate.type.CharacterType@5aca38b4
21:23:00.101 [Test worker] DEBUG org.hibernate.type.BasicTypeRegistry - Adding type registration char -> org.hibernate.type.CharacterType@5aca38b4
21:23:00.101 [Test worker] DEBUG org.hibernate.type.BasicTypeRegistry - Adding type registration java.lang.Character -> org.hibernate.type.CharacterType@5aca38b4
21:23:00.101 [Test worker] DEBUG org.hibernate.type.BasicTypeRegistry - Adding type registration short -> org.hibernate.type.ShortType@212db0b9
21:23:00.101 [Test worker] DEBUG org.hibernate.type.BasicTypeRegistry - Adding type registration short -> org.hibernate.type.ShortType@212db0b9
21:23:00.101 [Test worker] DEBUG org.hibernate.type.BasicTypeRegistry - Adding type registration java.lang.Short -> org.hibernate.type.ShortType@212db0b9
21:23:00.101 [Test worker] DEBUG org.hibernate.type.BasicTypeRegistry - Adding type registration integer -> org.hibernate.type.IntegerType@14f541d2
21:23:00.101 [Test worker] DEBUG org.hibernate.type.BasicTypeRegistry - Adding type registration int -> org.hibernate.type.IntegerType@14f541d2
21:23:00.101 [Test worker] DEBUG org.hibernate.type.BasicTypeRegistry - Adding type registration java.lang.Integer -> org.hibernate.type.IntegerType@14f541d2
21:23:00.101 [Test worker] DEBUG org.hibernate.type.BasicTypeRegistry - Adding type registration long -> org.hibernate.type.LongType@357c5fef
21:23:00.101 [Test worker] DEBUG org.hibernate.type.BasicTypeRegistry - Adding type registration long -> org.hibernate.type.LongType@357c5fef
21:23:00.101 [Test worker] DEBUG org.hibernate.type.BasicTypeRegistry - Adding type registration java.lang.Long -> org.hibernate.type.LongType@357c5fef
21:23:00.101 [Test worker] DEBUG org.hibernate.type.BasicTypeRegistry - Adding type registration float -> org.hibernate.type.FloatType@68835e55
21:23:00.101 [Test worker] DEBUG org.hibernate.type.BasicTypeRegistry - Adding type registration float -> org.hibernate.type.FloatType@68835e55
21:23:00.101 [Test worker] DEBUG org.hibernate.type.BasicTypeRegistry - Adding type registration java.lang.Float -> org.hibernate.type.FloatType@68835e55
21:23:00.101 [Test worker] DEBUG org.hibernate.type.BasicTypeRegistry - Adding type registration double -> org.hibernate.type.DoubleType@1db8c4bf
21:23:00.101 [Test worker] DEBUG org.hibernate.type.BasicTypeRegistry - Adding type registration double -> org.hibernate.type.DoubleType@1db8c4bf
21:23:00.101 [Test worker] DEBUG org.hibernate.type.BasicTypeRegistry - Adding type registration java.lang.Double -> org.hibernate.type.DoubleType@1db8c4bf
21:23:00.101 [Test worker] DEBUG org.hibernate.type.BasicTypeRegistry - Adding type registration big_decimal -> org.hibernate.type.BigDecimalType@2bd9f5a7
21:23:00.101 [Test worker] DEBUG org.hibernate.type.BasicTypeRegistry - Adding type registration java.math.BigDecimal -> org.hibernate.type.BigDecimalType@2bd9f5a7
21:23:00.101 [Test worker] DEBUG org.hibernate.type.BasicTypeRegistry - Adding type registration big_integer -> org.hibernate.type.BigIntegerType@67766712
21:23:00.101 [Test worker] DEBUG org.hibernate.type.BasicTypeRegistry - Adding type registration java.math.BigInteger -> org.hibernate.type.BigIntegerType@67766712
21:23:00.101 [Test worker] DEBUG org.hibernate.type.BasicTypeRegistry - Adding type registration string -> org.hibernate.type.StringType@5abe721f
21:23:00.101 [Test worker] DEBUG org.hibernate.type.BasicTypeRegistry - Adding type registration java.lang.String -> org.hibernate.type.StringType@5abe721f
21:23:00.101 [Test worker] DEBUG org.hibernate.type.BasicTypeRegistry - Adding type registration nstring -> org.hibernate.type.StringNVarcharType@5ca83c4b
21:23:00.101 [Test worker] DEBUG org.hibernate.type.BasicTypeRegistry - Adding type registration ncharacter -> org.hibernate.type.CharacterNCharType@181579aa
21:23:00.101 [Test worker] DEBUG org.hibernate.type.BasicTypeRegistry - Adding type registration url -> org.hibernate.type.UrlType@2d95e7ff
21:23:00.101 [Test worker] DEBUG org.hibernate.type.BasicTypeRegistry - Adding type registration java.net.URL -> org.hibernate.type.UrlType@2d95e7ff
21:23:00.101 [Test worker] DEBUG org.hibernate.type.BasicTypeRegistry - Adding type registration Duration -> org.hibernate.type.DurationType@1f6d6ec5
21:23:00.101 [Test worker] DEBUG org.hibernate.type.BasicTypeRegistry - Adding type registration java.time.Duration -> org.hibernate.type.DurationType@1f6d6ec5
21:23:00.101 [Test worker] DEBUG org.hibernate.type.BasicTypeRegistry - Adding type registration Instant -> org.hibernate.type.InstantType@799b3880
21:23:00.101 [Test worker] DEBUG org.hibernate.type.BasicTypeRegistry - Adding type registration java.time.Instant -> org.hibernate.type.InstantType@799b3880
21:23:00.101 [Test worker] DEBUG org.hibernate.type.BasicTypeRegistry - Adding type registration LocalDateTime -> org.hibernate.type.LocalDateTimeType@3c9b7dcd
21:23:00.101 [Test worker] DEBUG org.hibernate.type.BasicTypeRegistry - Adding type registration java.time.LocalDateTime -> org.hibernate.type.LocalDateTimeType@3c9b7dcd
21:23:00.101 [Test worker] DEBUG org.hibernate.type.BasicTypeRegistry - Adding type registration LocalDate -> org.hibernate.type.LocalDateType@73b9d317
21:23:00.101 [Test worker] DEBUG org.hibernate.type.BasicTypeRegistry - Adding type registration java.time.LocalDate -> org.hibernate.type.LocalDateType@73b9d317
21:23:00.101 [Test worker] DEBUG org.hibernate.type.BasicTypeRegistry - Adding type registration LocalTime -> org.hibernate.type.LocalTimeType@3e938176
21:23:00.101 [Test worker] DEBUG org.hibernate.type.BasicTypeRegistry - Adding type registration java.time.LocalTime -> org.hibernate.type.LocalTimeType@3e938176
21:23:00.101 [Test worker] DEBUG org.hibernate.type.BasicTypeRegistry - Adding type registration OffsetDateTime -> org.hibernate.type.OffsetDateTimeType@1006f6a5
21:23:00.101 [Test worker] DEBUG org.hibernate.type.BasicTypeRegistry - Adding type registration java.time.OffsetDateTime -> org.hibernate.type.OffsetDateTimeType@1006f6a5
21:23:00.101 [Test worker] DEBUG org.hibernate.type.BasicTypeRegistry - Adding type registration OffsetTime -> org.hibernate.type.OffsetTimeType@5ebf30b8
21:23:00.101 [Test worker] DEBUG org.hibernate.type.BasicTypeRegistry - Adding type registration java.time.OffsetTime -> org.hibernate.type.OffsetTimeType@5ebf30b8
21:23:00.101 [Test worker] DEBUG org.hibernate.type.BasicTypeRegistry - Adding type registration ZonedDateTime -> org.hibernate.type.ZonedDateTimeType@5ecdce3a
21:23:00.101 [Test worker] DEBUG org.hibernate.type.BasicTypeRegistry - Adding type registration java.time.ZonedDateTime -> org.hibernate.type.ZonedDateTimeType@5ecdce3a
21:23:00.101 [Test worker] DEBUG org.hibernate.type.BasicTypeRegistry - Adding type registration date -> org.hibernate.type.DateType@34878a9c
21:23:00.101 [Test worker] DEBUG org.hibernate.type.BasicTypeRegistry - Adding type registration java.sql.Date -> org.hibernate.type.DateType@34878a9c
21:23:00.101 [Test worker] DEBUG org.hibernate.type.BasicTypeRegistry - Adding type registration time -> org.hibernate.type.TimeType@4be75fc9
21:23:00.101 [Test worker] DEBUG org.hibernate.type.BasicTypeRegistry - Adding type registration java.sql.Time -> org.hibernate.type.TimeType@4be75fc9
21:23:00.101 [Test worker] DEBUG org.hibernate.type.BasicTypeRegistry - Adding type registration timestamp -> org.hibernate.type.TimestampType@cd6dcfb
21:23:00.101 [Test worker] DEBUG org.hibernate.type.BasicTypeRegistry - Adding type registration java.sql.Timestamp -> org.hibernate.type.TimestampType@cd6dcfb
21:23:00.101 [Test worker] DEBUG org.hibernate.type.BasicTypeRegistry - Adding type registration java.util.Date -> org.hibernate.type.TimestampType@cd6dcfb
21:23:00.101 [Test worker] DEBUG org.hibernate.type.BasicTypeRegistry - Adding type registration dbtimestamp -> org.hibernate.type.DbTimestampType@6f70db50
21:23:00.101 [Test worker] DEBUG org.hibernate.type.BasicTypeRegistry - Adding type registration calendar -> org.hibernate.type.CalendarType@232580e4
21:23:00.101 [Test worker] DEBUG org.hibernate.type.BasicTypeRegistry - Adding type registration java.util.Calendar -> org.hibernate.type.CalendarType@232580e4
21:23:00.101 [Test worker] DEBUG org.hibernate.type.BasicTypeRegistry - Adding type registration java.util.GregorianCalendar -> org.hibernate.type.CalendarType@232580e4
21:23:00.101 [Test worker] DEBUG org.hibernate.type.BasicTypeRegistry - Adding type registration calendar_date -> org.hibernate.type.CalendarDateType@2d226c99
21:23:00.101 [Test worker] DEBUG org.hibernate.type.BasicTypeRegistry - Adding type registration calendar_time -> org.hibernate.type.CalendarTimeType@5f0ca092
21:23:00.101 [Test worker] DEBUG org.hibernate.type.BasicTypeRegistry - Adding type registration locale -> org.hibernate.type.LocaleType@2e7d6fc7
21:23:00.101 [Test worker] DEBUG org.hibernate.type.BasicTypeRegistry - Adding type registration java.util.Locale -> org.hibernate.type.LocaleType@2e7d6fc7
21:23:00.101 [Test worker] DEBUG org.hibernate.type.BasicTypeRegistry - Adding type registration currency -> org.hibernate.type.CurrencyType@298b5abb
21:23:00.101 [Test worker] DEBUG org.hibernate.type.BasicTypeRegistry - Adding type registration java.util.Currency -> org.hibernate.type.CurrencyType@298b5abb
21:23:00.101 [Test worker] DEBUG org.hibernate.type.BasicTypeRegistry - Adding type registration timezone -> org.hibernate.type.TimeZoneType@6a7223ce
21:23:00.101 [Test worker] DEBUG org.hibernate.type.BasicTypeRegistry - Adding type registration java.util.TimeZone -> org.hibernate.type.TimeZoneType@6a7223ce
21:23:00.101 [Test worker] DEBUG org.hibernate.type.BasicTypeRegistry - Adding type registration class -> org.hibernate.type.ClassType@17c86e61
21:23:00.101 [Test worker] DEBUG org.hibernate.type.BasicTypeRegistry - Adding type registration java.lang.Class -> org.hibernate.type.ClassType@17c86e61
21:23:00.101 [Test worker] DEBUG org.hibernate.type.BasicTypeRegistry - Adding type registration uuid-binary -> org.hibernate.type.UUIDBinaryType@165a29f7
21:23:00.101 [Test worker] DEBUG org.hibernate.type.BasicTypeRegistry - Adding type registration java.util.UUID -> org.hibernate.type.UUIDBinaryType@165a29f7
21:23:00.101 [Test worker] DEBUG org.hibernate.type.BasicTypeRegistry - Adding type registration uuid-char -> org.hibernate.type.UUIDCharType@57061eb5
21:23:00.101 [Test worker] DEBUG org.hibernate.type.BasicTypeRegistry - Adding type registration binary -> org.hibernate.type.BinaryType@377a3a57
21:23:00.101 [Test worker] DEBUG org.hibernate.type.BasicTypeRegistry - Adding type registration byte[] -> org.hibernate.type.BinaryType@377a3a57
21:23:00.101 [Test worker] DEBUG org.hibernate.type.BasicTypeRegistry - Adding type registration [B -> org.hibernate.type.BinaryType@377a3a57
21:23:00.101 [Test worker] DEBUG org.hibernate.type.BasicTypeRegistry - Adding type registration wrapper-binary -> org.hibernate.type.WrapperBinaryType@15236686
21:23:00.101 [Test worker] DEBUG org.hibernate.type.BasicTypeRegistry - Adding type registration Byte[] -> org.hibernate.type.WrapperBinaryType@15236686
21:23:00.101 [Test worker] DEBUG org.hibernate.type.BasicTypeRegistry - Adding type registration [Ljava.lang.Byte; -> org.hibernate.type.WrapperBinaryType@15236686
21:23:00.101 [Test worker] DEBUG org.hibernate.type.BasicTypeRegistry - Adding type registration row_version -> org.hibernate.type.RowVersionType@480544d3
21:23:00.101 [Test worker] DEBUG org.hibernate.type.BasicTypeRegistry - Adding type registration image -> org.hibernate.type.ImageType@a74733d
21:23:00.101 [Test worker] DEBUG org.hibernate.type.BasicTypeRegistry - Adding type registration characters -> org.hibernate.type.CharArrayType@10b707f8
21:23:00.101 [Test worker] DEBUG org.hibernate.type.BasicTypeRegistry - Adding type registration char[] -> org.hibernate.type.CharArrayType@10b707f8
21:23:00.101 [Test worker] DEBUG org.hibernate.type.BasicTypeRegistry - Adding type registration [C -> org.hibernate.type.CharArrayType@10b707f8
21:23:00.101 [Test worker] DEBUG org.hibernate.type.BasicTypeRegistry - Adding type registration wrapper-characters -> org.hibernate.type.CharacterArrayType@7586a107
21:23:00.101 [Test worker] DEBUG org.hibernate.type.BasicTypeRegistry - Adding type registration [Ljava.lang.Character; -> org.hibernate.type.CharacterArrayType@7586a107
21:23:00.101 [Test worker] DEBUG org.hibernate.type.BasicTypeRegistry - Adding type registration Character[] -> org.hibernate.type.CharacterArrayType@7586a107
21:23:00.101 [Test worker] DEBUG org.hibernate.type.BasicTypeRegistry - Adding type registration text -> org.hibernate.type.TextType@28e7117
21:23:00.101 [Test worker] DEBUG org.hibernate.type.BasicTypeRegistry - Adding type registration ntext -> org.hibernate.type.NTextType@4fe7c4b8
21:23:00.101 [Test worker] DEBUG org.hibernate.type.BasicTypeRegistry - Adding type registration blob -> org.hibernate.type.BlobType@69ff7971
21:23:00.101 [Test worker] DEBUG org.hibernate.type.BasicTypeRegistry - Adding type registration java.sql.Blob -> org.hibernate.type.BlobType@69ff7971
21:23:00.101 [Test worker] DEBUG org.hibernate.type.BasicTypeRegistry - Adding type registration materialized_blob -> org.hibernate.type.MaterializedBlobType@29a6bbfa
21:23:00.101 [Test worker] DEBUG org.hibernate.type.BasicTypeRegistry - Adding type registration clob -> org.hibernate.type.ClobType@6243fc09
21:23:00.101 [Test worker] DEBUG org.hibernate.type.BasicTypeRegistry - Adding type registration java.sql.Clob -> org.hibernate.type.ClobType@6243fc09
21:23:00.101 [Test worker] DEBUG org.hibernate.type.BasicTypeRegistry - Adding type registration nclob -> org.hibernate.type.NClobType@7a0e9fb4
21:23:00.101 [Test worker] DEBUG org.hibernate.type.BasicTypeRegistry - Adding type registration java.sql.NClob -> org.hibernate.type.NClobType@7a0e9fb4
21:23:00.101 [Test worker] DEBUG org.hibernate.type.BasicTypeRegistry - Adding type registration materialized_clob -> org.hibernate.type.MaterializedClobType@5568af29
21:23:00.101 [Test worker] DEBUG org.hibernate.type.BasicTypeRegistry - Adding type registration materialized_nclob -> org.hibernate.type.MaterializedNClobType@43589365
21:23:00.101 [Test worker] DEBUG org.hibernate.type.BasicTypeRegistry - Adding type registration serializable -> org.hibernate.type.SerializableType@49b714f8
21:23:00.101 [Test worker] DEBUG org.hibernate.type.BasicTypeRegistry - Adding type registration object -> org.hibernate.type.ObjectType@4b6f241f
21:23:00.101 [Test worker] DEBUG org.hibernate.type.BasicTypeRegistry - Adding type registration java.lang.Object -> org.hibernate.type.ObjectType@4b6f241f
21:23:00.101 [Test worker] DEBUG org.hibernate.type.BasicTypeRegistry - Adding type registration imm_date -> org.hibernate.type.AdaptedImmutableType@2b229032
21:23:00.101 [Test worker] DEBUG org.hibernate.type.BasicTypeRegistry - Adding type registration imm_time -> org.hibernate.type.AdaptedImmutableType@1c30ac42
21:23:00.101 [Test worker] DEBUG org.hibernate.type.BasicTypeRegistry - Adding type registration imm_timestamp -> org.hibernate.type.AdaptedImmutableType@247912f0
21:23:00.101 [Test worker] DEBUG org.hibernate.type.BasicTypeRegistry - Adding type registration imm_dbtimestamp -> org.hibernate.type.AdaptedImmutableType@1029468a
21:23:00.101 [Test worker] DEBUG org.hibernate.type.BasicTypeRegistry - Adding type registration imm_calendar -> org.hibernate.type.AdaptedImmutableType@2f35e7bd
21:23:00.101 [Test worker] DEBUG org.hibernate.type.BasicTypeRegistry - Adding type registration imm_calendar_date -> org.hibernate.type.AdaptedImmutableType@367e1ca5
21:23:00.101 [Test worker] DEBUG org.hibernate.type.BasicTypeRegistry - Adding type registration imm_binary -> org.hibernate.type.AdaptedImmutableType@5afc7608
21:23:00.101 [Test worker] DEBUG org.hibernate.type.BasicTypeRegistry - Adding type registration imm_serializable -> org.hibernate.type.AdaptedImmutableType@bb66cb
21:23:00.101 [Test worker] DEBUG org.hibernate.id.factory.internal.DefaultIdentifierGeneratorFactory - Registering IdentifierGenerator strategy [uuid2] -> [org.hibernate.id.UUIDGenerator]
21:23:00.101 [Test worker] DEBUG org.hibernate.id.factory.internal.DefaultIdentifierGeneratorFactory - Registering IdentifierGenerator strategy [guid] -> [org.hibernate.id.GUIDGenerator]
21:23:00.101 [Test worker] DEBUG org.hibernate.id.factory.internal.DefaultIdentifierGeneratorFactory - Registering IdentifierGenerator strategy [uuid] -> [org.hibernate.id.UUIDHexGenerator]
21:23:00.101 [Test worker] DEBUG org.hibernate.id.factory.internal.DefaultIdentifierGeneratorFactory - Registering IdentifierGenerator strategy [uuid.hex] -> [org.hibernate.id.UUIDHexGenerator]
21:23:00.101 [Test worker] DEBUG org.hibernate.id.factory.internal.DefaultIdentifierGeneratorFactory - Registering IdentifierGenerator strategy [assigned] -> [org.hibernate.id.Assigned]
21:23:00.101 [Test worker] DEBUG org.hibernate.id.factory.internal.DefaultIdentifierGeneratorFactory - Registering IdentifierGenerator strategy [identity] -> [org.hibernate.id.IdentityGenerator]
21:23:00.101 [Test worker] DEBUG org.hibernate.id.factory.internal.DefaultIdentifierGeneratorFactory - Registering IdentifierGenerator strategy [select] -> [org.hibernate.id.SelectGenerator]
21:23:00.101 [Test worker] DEBUG org.hibernate.id.factory.internal.DefaultIdentifierGeneratorFactory - Registering IdentifierGenerator strategy [sequence] -> [org.hibernate.id.enhanced.SequenceStyleGenerator]
21:23:00.101 [Test worker] DEBUG org.hibernate.id.factory.internal.DefaultIdentifierGeneratorFactory - Registering IdentifierGenerator strategy [seqhilo] -> [org.hibernate.id.SequenceHiLoGenerator]
21:23:00.101 [Test worker] DEBUG org.hibernate.id.factory.internal.DefaultIdentifierGeneratorFactory - Registering IdentifierGenerator strategy [increment] -> [org.hibernate.id.IncrementGenerator]
21:23:00.101 [Test worker] DEBUG org.hibernate.id.factory.internal.DefaultIdentifierGeneratorFactory - Registering IdentifierGenerator strategy [foreign] -> [org.hibernate.id.ForeignGenerator]
21:23:00.101 [Test worker] DEBUG org.hibernate.id.factory.internal.DefaultIdentifierGeneratorFactory - Registering IdentifierGenerator strategy [sequence-identity] -> [org.hibernate.id.SequenceIdentityGenerator]
21:23:00.101 [Test worker] DEBUG org.hibernate.id.factory.internal.DefaultIdentifierGeneratorFactory - Registering IdentifierGenerator strategy [enhanced-sequence] -> [org.hibernate.id.enhanced.SequenceStyleGenerator]
21:23:00.101 [Test worker] DEBUG org.hibernate.id.factory.internal.DefaultIdentifierGeneratorFactory - Registering IdentifierGenerator strategy [enhanced-table] -> [org.hibernate.id.enhanced.TableGenerator]
21:23:00.101 [Test worker] WARN org.hibernate.orm.connections.pooling - HHH10001002: Using Hibernate built-in connection pool (not for production use!)
21:23:00.101 [Test worker] INFO org.hibernate.orm.connections.pooling - HHH10001005: using driver [org.sqlite.JDBC] at URL [jdbc:sqlite:D:\Facultate\Projects\OrganizareCompanie\database]
21:23:00.101 [Test worker] INFO org.hibernate.orm.connections.pooling - HHH10001001: Connection properties: {password=root, user=root}
21:23:00.101 [Test worker] INFO org.hibernate.orm.connections.pooling - HHH10001003: Autocommit mode: false
21:23:00.101 [Test worker] DEBUG org.hibernate.engine.jdbc.connections.internal.DriverManagerConnectionProviderImpl - Initializing Connection pool with 1 Connections
21:23:00.101 [Test worker] INFO org.hibernate.engine.jdbc.connections.internal.DriverManagerConnectionProviderImpl - HHH000115: Hibernate connection pool size: 1 (min=1)
21:23:00.101 [Test worker] DEBUG org.hibernate.engine.jdbc.env.internal.JdbcEnvironmentInitiator - Database ->
       name : SQLite
    version : 3.34.0
      major : 3
      minor : 34
21:23:00.101 [Test worker] DEBUG org.hibernate.engine.jdbc.env.internal.JdbcEnvironmentInitiator - Driver ->
       name : SQLite JDBC
    version : 3.34.0
      major : 3
      minor : 34
21:23:00.101 [Test worker] DEBUG org.hibernate.engine.jdbc.env.internal.JdbcEnvironmentInitiator - JDBC version : 2.1
21:23:00.101 [Test worker] INFO org.hibernate.dialect.Dialect - HHH000400: Using dialect: utils.SQLiteDialect
21:23:00.101 [Test worker] DEBUG org.hibernate.engine.jdbc.env.spi.IdentifierHelperBuilder - JDBC driver metadata reported database stores quoted identifiers in neither upper, lower nor mixed case
21:23:00.101 [Test worker] DEBUG org.hibernate.engine.jdbc.env.spi.IdentifierHelperBuilder - IdentifierCaseStrategy for both quoted and unquoted identifiers was set to the same strategy [MIXED]; that will likely lead to problems in schema update and validation if using quoted identifiers
21:23:00.101 [Test worker] DEBUG org.hibernate.engine.jdbc.env.internal.LobCreatorBuilderImpl - HHH000423: Disabling contextual LOB creation as JDBC driver reported JDBC version [2] less than 4
21:23:00.101 [Test worker] DEBUG org.hibernate.boot.model.relational.Namespace - Created database namespace [logicalName=Name{catalog=null, schema=null}, physicalName=Name{catalog=null, schema=null}]
21:23:00.101 [Test worker] DEBUG org.hibernate.type.descriptor.java.JavaTypeDescriptorRegistry - JavaTypeDescriptorRegistry entry replaced : class java.time.Duration -> org.hibernate.type.descriptor.java.DurationJavaDescriptor@484b819 (was org.hibernate.type.descriptor.java.DurationJavaDescriptor@484b819)
21:23:00.101 [Test worker] DEBUG org.hibernate.type.descriptor.java.JavaTypeDescriptorRegistry - JavaTypeDescriptorRegistry entry replaced : class java.time.Instant -> org.hibernate.type.descriptor.java.InstantJavaDescriptor@7a6a60d2 (was org.hibernate.type.descriptor.java.InstantJavaDescriptor@7a6a60d2)
21:23:00.101 [Test worker] DEBUG org.hibernate.type.descriptor.java.JavaTypeDescriptorRegistry - JavaTypeDescriptorRegistry entry replaced : class java.time.LocalDate -> org.hibernate.type.descriptor.java.LocalDateJavaDescriptor@7ac3817d (was org.hibernate.type.descriptor.java.LocalDateJavaDescriptor@7ac3817d)
21:23:00.101 [Test worker] DEBUG org.hibernate.type.descriptor.java.JavaTypeDescriptorRegistry - JavaTypeDescriptorRegistry entry replaced : class java.time.LocalDateTime -> org.hibernate.type.descriptor.java.LocalDateTimeJavaDescriptor@616d0e6e (was org.hibernate.type.descriptor.java.LocalDateTimeJavaDescriptor@616d0e6e)
21:23:00.101 [Test worker] DEBUG org.hibernate.type.descriptor.java.JavaTypeDescriptorRegistry - JavaTypeDescriptorRegistry entry replaced : class java.time.OffsetDateTime -> org.hibernate.type.descriptor.java.OffsetDateTimeJavaDescriptor@4008262a (was org.hibernate.type.descriptor.java.OffsetDateTimeJavaDescriptor@4008262a)
21:23:00.101 [Test worker] DEBUG org.hibernate.type.descriptor.java.JavaTypeDescriptorRegistry - JavaTypeDescriptorRegistry entry replaced : class java.time.OffsetTime -> org.hibernate.type.descriptor.java.OffsetTimeJavaDescriptor@69cda209 (was org.hibernate.type.descriptor.java.OffsetTimeJavaDescriptor@69cda209)
21:23:00.101 [Test worker] DEBUG org.hibernate.type.descriptor.java.JavaTypeDescriptorRegistry - JavaTypeDescriptorRegistry entry replaced : class java.time.ZonedDateTime -> org.hibernate.type.descriptor.java.ZonedDateTimeJavaDescriptor@f630e24 (was org.hibernate.type.descriptor.java.ZonedDateTimeJavaDescriptor@f630e24)
21:23:00.101 [Test worker] DEBUG org.hibernate.type.BasicTypeRegistry - Adding type registration Duration -> org.hibernate.type.DurationType@1f6d6ec5
21:23:00.101 [Test worker] DEBUG org.hibernate.type.BasicTypeRegistry - Adding type registration java.time.Duration -> org.hibernate.type.DurationType@1f6d6ec5
21:23:00.101 [Test worker] DEBUG org.hibernate.type.BasicTypeRegistry - Adding type registration Instant -> org.hibernate.type.InstantType@799b3880
21:23:00.101 [Test worker] DEBUG org.hibernate.type.BasicTypeRegistry - Adding type registration java.time.Instant -> org.hibernate.type.InstantType@799b3880
21:23:00.101 [Test worker] DEBUG org.hibernate.type.BasicTypeRegistry - Adding type registration LocalDateTime -> org.hibernate.type.LocalDateTimeType@3c9b7dcd
21:23:00.101 [Test worker] DEBUG org.hibernate.type.BasicTypeRegistry - Adding type registration java.time.LocalDateTime -> org.hibernate.type.LocalDateTimeType@3c9b7dcd
21:23:00.101 [Test worker] DEBUG org.hibernate.type.BasicTypeRegistry - Adding type registration LocalDate -> org.hibernate.type.LocalDateType@73b9d317
21:23:00.101 [Test worker] DEBUG org.hibernate.type.BasicTypeRegistry - Adding type registration java.time.LocalDate -> org.hibernate.type.LocalDateType@73b9d317
21:23:00.101 [Test worker] DEBUG org.hibernate.type.BasicTypeRegistry - Adding type registration LocalTime -> org.hibernate.type.LocalTimeType@3e938176
21:23:00.101 [Test worker] DEBUG org.hibernate.type.BasicTypeRegistry - Adding type registration java.time.LocalTime -> org.hibernate.type.LocalTimeType@3e938176
21:23:00.101 [Test worker] DEBUG org.hibernate.type.BasicTypeRegistry - Adding type registration OffsetDateTime -> org.hibernate.type.OffsetDateTimeType@1006f6a5
21:23:00.101 [Test worker] DEBUG org.hibernate.type.BasicTypeRegistry - Adding type registration java.time.OffsetDateTime -> org.hibernate.type.OffsetDateTimeType@1006f6a5
21:23:00.101 [Test worker] DEBUG org.hibernate.type.BasicTypeRegistry - Adding type registration OffsetTime -> org.hibernate.type.OffsetTimeType@5ebf30b8
21:23:00.101 [Test worker] DEBUG org.hibernate.type.BasicTypeRegistry - Adding type registration java.time.OffsetTime -> org.hibernate.type.OffsetTimeType@5ebf30b8
21:23:00.101 [Test worker] DEBUG org.hibernate.type.BasicTypeRegistry - Adding type registration ZonedDateTime -> org.hibernate.type.ZonedDateTimeType@5ecdce3a
21:23:00.101 [Test worker] DEBUG org.hibernate.type.BasicTypeRegistry - Adding type registration java.time.ZonedDateTime -> org.hibernate.type.ZonedDateTimeType@5ecdce3a
21:23:00.101 [Test worker] DEBUG org.hibernate.type.spi.TypeConfiguration$Scope - Scoping TypeConfiguration [org.hibernate.type.spi.TypeConfiguration@1bccf0f9] to MetadataBuildingContext [org.hibernate.boot.internal.MetadataBuildingContextRootImpl@7a17dc9b]
21:23:00.101 [Test worker] DEBUG org.hibernate.cfg.AnnotationBinder - Binding entity from annotated class: domain.Angajat
21:23:00.101 [Test worker] DEBUG org.hibernate.cfg.Ejb3Column - Binding column: Ejb3DiscriminatorColumn{logicalColumnName'DTYPE', discriminatorTypeName='string'}
21:23:00.101 [Test worker] DEBUG org.hibernate.cfg.annotations.EntityBinder - Import with entity name Angajat
21:23:00.101 [Test worker] DEBUG org.hibernate.cfg.annotations.EntityBinder - Bind entity domain.Angajat on table angajati
21:23:00.101 [Test worker] DEBUG org.hibernate.cfg.Ejb3Column - Binding column: Ejb3Column{table=org.hibernate.mapping.Table(angajati), mappingColumn=id, insertable=true, updatable=true, unique=false}
21:23:00.101 [Test worker] DEBUG org.hibernate.boot.internal.ClassLoaderAccessImpl - Not known whether passed class name [domain.Angajat] is safe
21:23:00.101 [Test worker] DEBUG org.hibernate.boot.internal.ClassLoaderAccessImpl - No temp ClassLoader provided; using live ClassLoader for loading potentially unsafe class : domain.Angajat
21:23:00.101 [Test worker] DEBUG org.hibernate.cfg.annotations.PropertyBinder - MetadataSourceProcessor property id with lazy=false
21:23:00.101 [Test worker] DEBUG org.hibernate.cfg.AbstractPropertyHolder - Attempting to locate auto-apply AttributeConverter for property [domain.Angajat:id]
21:23:00.101 [Test worker] DEBUG org.hibernate.cfg.annotations.SimpleValueBinder - building SimpleValue for id
21:23:00.101 [Test worker] DEBUG org.hibernate.cfg.annotations.PropertyBinder - Building property id
21:23:00.101 [Test worker] DEBUG org.hibernate.cfg.BinderHelper - #makeIdGenerator(org.hibernate.mapping.SimpleValue([org.hibernate.mapping.Column(id)]), id, identity, , ...)
21:23:00.101 [Test worker] DEBUG org.hibernate.cfg.Ejb3Column - Binding column: Ejb3JoinColumn{logicalColumnName='null', referencedColumn='null', mappedBy='angajat'}
21:23:00.101 [Test worker] DEBUG org.hibernate.cfg.Ejb3Column - Binding column: Ejb3Column{table=org.hibernate.mapping.Table(angajati), mappingColumn=concedii, insertable=true, updatable=true, unique=false}
21:23:00.101 [Test worker] DEBUG org.hibernate.cfg.Ejb3Column - Binding column: Ejb3Column{table=org.hibernate.mapping.Table(angajati), mappingColumn=null, insertable=true, updatable=true, unique=false}
21:23:00.101 [Test worker] DEBUG org.hibernate.cfg.Ejb3Column - Binding column: Ejb3Column{table=org.hibernate.mapping.Table(angajati), mappingColumn=element, insertable=true, updatable=true, unique=false}
21:23:00.101 [Test worker] DEBUG org.hibernate.cfg.Ejb3Column - Binding column: Ejb3Column{table=org.hibernate.mapping.Table(angajati), mappingColumn=concedii_KEY, insertable=true, updatable=true, unique=false}
21:23:00.101 [Test worker] DEBUG org.hibernate.cfg.Ejb3Column - Binding column: Ejb3JoinColumn{logicalColumnName='concedii_KEY', referencedColumn='null', mappedBy='null'}
21:23:00.101 [Test worker] DEBUG org.hibernate.cfg.Ejb3Column - Binding column: Ejb3JoinColumn{logicalColumnName='null', referencedColumn='null', mappedBy='angajat'}
21:23:00.101 [Test worker] DEBUG org.hibernate.cfg.Ejb3Column - Binding column: Ejb3JoinColumn{logicalColumnName='null', referencedColumn='null', mappedBy='angajat'}
21:23:00.101 [Test worker] DEBUG org.hibernate.cfg.annotations.CollectionBinder - Collection role: domain.Angajat.concedii
21:23:00.101 [Test worker] DEBUG org.hibernate.cfg.annotations.PropertyBinder - Building property concedii
21:23:00.101 [Test worker] DEBUG org.hibernate.cfg.Ejb3Column - Binding column: Ejb3Column{table=org.hibernate.mapping.Table(angajati), mappingColumn=data_angajare, insertable=true, updatable=true, unique=false}
21:23:00.101 [Test worker] DEBUG org.hibernate.cfg.annotations.PropertyBinder - MetadataSourceProcessor property dataAngajare with lazy=false
21:23:00.101 [Test worker] DEBUG org.hibernate.cfg.AbstractPropertyHolder - Attempting to locate auto-apply AttributeConverter for property [domain.Angajat:dataAngajare]
21:23:00.101 [Test worker] DEBUG org.hibernate.cfg.annotations.SimpleValueBinder - building SimpleValue for dataAngajare
21:23:00.101 [Test worker] DEBUG org.hibernate.cfg.annotations.PropertyBinder - Building property dataAngajare
21:23:00.101 [Test worker] DEBUG org.hibernate.cfg.Ejb3Column - Binding column: Ejb3Column{table=org.hibernate.mapping.Table(angajati), mappingColumn=null, insertable=true, updatable=true, unique=false}
21:23:00.101 [Test worker] DEBUG org.hibernate.cfg.Ejb3Column - Binding column: Ejb3Column{table=org.hibernate.mapping.Table(angajati), mappingColumn=element, insertable=true, updatable=true, unique=false}
21:23:00.101 [Test worker] DEBUG org.hibernate.cfg.Ejb3Column - Binding column: Ejb3Column{table=org.hibernate.mapping.Table(angajati), mappingColumn=departamente_KEY, insertable=true, updatable=true, unique=false}
21:23:00.101 [Test worker] DEBUG org.hibernate.cfg.Ejb3Column - Binding column: Ejb3JoinColumn{logicalColumnName='departamente_KEY', referencedColumn='null', mappedBy='null'}
21:23:00.101 [Test worker] DEBUG org.hibernate.cfg.Ejb3Column - Binding column: Ejb3JoinColumn{logicalColumnName='id_angajat', referencedColumn='', mappedBy=''}
21:23:00.101 [Test worker] DEBUG org.hibernate.cfg.Ejb3Column - Binding column: Ejb3JoinColumn{logicalColumnName='id_departament', referencedColumn='', mappedBy=''}
21:23:00.101 [Test worker] DEBUG org.hibernate.cfg.annotations.CollectionBinder - Collection role: domain.Angajat.departamente
21:23:00.101 [Test worker] DEBUG org.hibernate.cfg.annotations.PropertyBinder - Building property departamente
21:23:00.101 [Test worker] DEBUG org.hibernate.cfg.Ejb3Column - Binding column: Ejb3JoinColumn{logicalColumnName='null', referencedColumn='null', mappedBy='null'}
21:23:00.101 [Test worker] DEBUG org.hibernate.cfg.Ejb3Column - Binding column: Ejb3Column{table=org.hibernate.mapping.Table(angajati), mappingColumn=functie, insertable=true, updatable=true, unique=false}
21:23:00.101 [Test worker] DEBUG org.hibernate.cfg.annotations.PropertyBinder - Building property functie
21:23:00.101 [Test worker] DEBUG org.hibernate.cfg.Ejb3Column - Binding column: Ejb3Column{table=org.hibernate.mapping.Table(angajati), mappingColumn=id_superior, insertable=true, updatable=true, unique=false}
21:23:00.101 [Test worker] DEBUG org.hibernate.cfg.annotations.PropertyBinder - MetadataSourceProcessor property idSuperior with lazy=false
21:23:00.101 [Test worker] DEBUG org.hibernate.cfg.AbstractPropertyHolder - Attempting to locate auto-apply AttributeConverter for property [domain.Angajat:idSuperior]
21:23:00.101 [Test worker] DEBUG org.hibernate.cfg.annotations.SimpleValueBinder - building SimpleValue for idSuperior
21:23:00.101 [Test worker] DEBUG org.hibernate.cfg.annotations.PropertyBinder - Building property idSuperior
21:23:00.101 [Test worker] DEBUG org.hibernate.cfg.Ejb3Column - Binding column: Ejb3Column{table=org.hibernate.mapping.Table(angajati), mappingColumn=null, insertable=true, updatable=true, unique=false}
21:23:00.101 [Test worker] DEBUG org.hibernate.cfg.Ejb3Column - Binding column: Ejb3Column{table=org.hibernate.mapping.Table(angajati), mappingColumn=element, insertable=true, updatable=true, unique=false}
21:23:00.101 [Test worker] DEBUG org.hibernate.cfg.Ejb3Column - Binding column: Ejb3Column{table=org.hibernate.mapping.Table(angajati), mappingColumn=proiecte_KEY, insertable=true, updatable=true, unique=false}
21:23:00.101 [Test worker] DEBUG org.hibernate.cfg.Ejb3Column - Binding column: Ejb3JoinColumn{logicalColumnName='proiecte_KEY', referencedColumn='null', mappedBy='null'}
21:23:00.101 [Test worker] DEBUG org.hibernate.cfg.Ejb3Column - Binding column: Ejb3JoinColumn{logicalColumnName='id_angajat', referencedColumn='', mappedBy=''}
21:23:00.101 [Test worker] DEBUG org.hibernate.cfg.Ejb3Column - Binding column: Ejb3JoinColumn{logicalColumnName='id_proiect', referencedColumn='', mappedBy=''}
21:23:00.101 [Test worker] DEBUG org.hibernate.cfg.annotations.CollectionBinder - Collection role: domain.Angajat.proiecte
21:23:00.101 [Test worker] DEBUG org.hibernate.cfg.annotations.PropertyBinder - Building property proiecte
21:23:00.101 [Test worker] DEBUG org.hibernate.cfg.AnnotationBinder - Binding entity from annotated class: domain.Concediu
21:23:00.101 [Test worker] DEBUG org.hibernate.cfg.Ejb3Column - Binding column: Ejb3DiscriminatorColumn{logicalColumnName'DTYPE', discriminatorTypeName='string'}
21:23:00.101 [Test worker] DEBUG org.hibernate.cfg.annotations.EntityBinder - Import with entity name Concediu
21:23:00.101 [Test worker] DEBUG org.hibernate.cfg.annotations.EntityBinder - Bind entity domain.Concediu on table concedii
21:23:00.101 [Test worker] DEBUG org.hibernate.cfg.Ejb3Column - Binding column: Ejb3Column{table=org.hibernate.mapping.Table(concedii), mappingColumn=id, insertable=true, updatable=true, unique=false}
21:23:00.101 [Test worker] DEBUG org.hibernate.boot.internal.ClassLoaderAccessImpl - Not known whether passed class name [domain.Concediu] is safe
21:23:00.101 [Test worker] DEBUG org.hibernate.boot.internal.ClassLoaderAccessImpl - No temp ClassLoader provided; using live ClassLoader for loading potentially unsafe class : domain.Concediu
21:23:00.101 [Test worker] DEBUG org.hibernate.cfg.annotations.PropertyBinder - MetadataSourceProcessor property id with lazy=false
21:23:00.101 [Test worker] DEBUG org.hibernate.cfg.AbstractPropertyHolder - Attempting to locate auto-apply AttributeConverter for property [domain.Concediu:id]
21:23:00.101 [Test worker] DEBUG org.hibernate.cfg.annotations.SimpleValueBinder - building SimpleValue for id
21:23:00.101 [Test worker] DEBUG org.hibernate.cfg.annotations.PropertyBinder - Building property id
21:23:00.101 [Test worker] DEBUG org.hibernate.cfg.BinderHelper - #makeIdGenerator(org.hibernate.mapping.SimpleValue([org.hibernate.mapping.Column(id)]), id, identity, , ...)
21:23:00.101 [Test worker] DEBUG org.hibernate.cfg.Ejb3Column - Binding column: Ejb3JoinColumn{logicalColumnName='id_angajat', referencedColumn='', mappedBy=''}
21:23:00.101 [Test worker] DEBUG org.hibernate.cfg.Ejb3Column - Binding column: Ejb3Column{table=org.hibernate.mapping.Table(concedii), mappingColumn=angajat, insertable=true, updatable=true, unique=false}
21:23:00.101 [Test worker] DEBUG org.hibernate.cfg.annotations.PropertyBinder - Building property angajat
21:23:00.101 [Test worker] DEBUG org.hibernate.cfg.Ejb3Column - Binding column: Ejb3Column{table=org.hibernate.mapping.Table(concedii), mappingColumn=data_inceput, insertable=true, updatable=true, unique=false}
21:23:00.101 [Test worker] DEBUG org.hibernate.cfg.annotations.PropertyBinder - MetadataSourceProcessor property dataInceput with lazy=false
21:23:00.101 [Test worker] DEBUG org.hibernate.cfg.AbstractPropertyHolder - Attempting to locate auto-apply AttributeConverter for property [domain.Concediu:dataInceput]
21:23:00.101 [Test worker] DEBUG org.hibernate.cfg.annotations.SimpleValueBinder - building SimpleValue for dataInceput
21:23:00.101 [Test worker] DEBUG org.hibernate.cfg.annotations.PropertyBinder - Building property dataInceput
21:23:00.101 [Test worker] DEBUG org.hibernate.cfg.Ejb3Column - Binding column: Ejb3Column{table=org.hibernate.mapping.Table(concedii), mappingColumn=data_sfarsit, insertable=true, updatable=true, unique=false}
21:23:00.101 [Test worker] DEBUG org.hibernate.cfg.annotations.PropertyBinder - MetadataSourceProcessor property dataSfarsit with lazy=false
21:23:00.101 [Test worker] DEBUG org.hibernate.cfg.AbstractPropertyHolder - Attempting to locate auto-apply AttributeConverter for property [domain.Concediu:dataSfarsit]
21:23:00.101 [Test worker] DEBUG org.hibernate.cfg.annotations.SimpleValueBinder - building SimpleValue for dataSfarsit
21:23:00.101 [Test worker] DEBUG org.hibernate.cfg.annotations.PropertyBinder - Building property dataSfarsit
21:23:00.101 [Test worker] DEBUG org.hibernate.cfg.AnnotationBinder - Binding entity from annotated class: domain.Departament
21:23:00.101 [Test worker] DEBUG org.hibernate.cfg.Ejb3Column - Binding column: Ejb3DiscriminatorColumn{logicalColumnName'DTYPE', discriminatorTypeName='string'}
21:23:00.101 [Test worker] DEBUG org.hibernate.cfg.annotations.EntityBinder - Import with entity name Departament
21:23:00.101 [Test worker] DEBUG org.hibernate.cfg.annotations.EntityBinder - Bind entity domain.Departament on table departamente
21:23:00.101 [Test worker] DEBUG org.hibernate.cfg.Ejb3Column - Binding column: Ejb3Column{table=org.hibernate.mapping.Table(departamente), mappingColumn=id, insertable=true, updatable=true, unique=false}
21:23:00.101 [Test worker] DEBUG org.hibernate.boot.internal.ClassLoaderAccessImpl - Not known whether passed class name [domain.Departament] is safe
21:23:00.101 [Test worker] DEBUG org.hibernate.boot.internal.ClassLoaderAccessImpl - No temp ClassLoader provided; using live ClassLoader for loading potentially unsafe class : domain.Departament
21:23:00.101 [Test worker] DEBUG org.hibernate.cfg.annotations.PropertyBinder - MetadataSourceProcessor property id with lazy=false
21:23:00.101 [Test worker] DEBUG org.hibernate.cfg.AbstractPropertyHolder - Attempting to locate auto-apply AttributeConverter for property [domain.Departament:id]
21:23:00.101 [Test worker] DEBUG org.hibernate.cfg.annotations.SimpleValueBinder - building SimpleValue for id
21:23:00.101 [Test worker] DEBUG org.hibernate.cfg.annotations.PropertyBinder - Building property id
21:23:00.101 [Test worker] DEBUG org.hibernate.cfg.BinderHelper - #makeIdGenerator(org.hibernate.mapping.SimpleValue([org.hibernate.mapping.Column(id)]), id, identity, , ...)
21:23:00.101 [Test worker] DEBUG org.hibernate.cfg.Ejb3Column - Binding column: Ejb3Column{table=org.hibernate.mapping.Table(departamente), mappingColumn=id_director, insertable=true, updatable=true, unique=false}
21:23:00.101 [Test worker] DEBUG org.hibernate.cfg.annotations.PropertyBinder - MetadataSourceProcessor property idDirector with lazy=false
21:23:00.101 [Test worker] DEBUG org.hibernate.cfg.AbstractPropertyHolder - Attempting to locate auto-apply AttributeConverter for property [domain.Departament:idDirector]
21:23:00.101 [Test worker] DEBUG org.hibernate.cfg.annotations.SimpleValueBinder - building SimpleValue for idDirector
21:23:00.101 [Test worker] DEBUG org.hibernate.cfg.annotations.PropertyBinder - Building property idDirector
21:23:00.101 [Test worker] DEBUG org.hibernate.cfg.AnnotationBinder - Binding entity from annotated class: domain.Functie
21:23:00.101 [Test worker] DEBUG org.hibernate.cfg.Ejb3Column - Binding column: Ejb3DiscriminatorColumn{logicalColumnName'DTYPE', discriminatorTypeName='string'}
21:23:00.101 [Test worker] DEBUG org.hibernate.cfg.annotations.EntityBinder - Import with entity name Functie
21:23:00.101 [Test worker] DEBUG org.hibernate.cfg.annotations.EntityBinder - Bind entity domain.Functie on table functii
21:23:00.101 [Test worker] DEBUG org.hibernate.cfg.Ejb3Column - Binding column: Ejb3Column{table=org.hibernate.mapping.Table(functii), mappingColumn=id, insertable=true, updatable=true, unique=false}
21:23:00.101 [Test worker] DEBUG org.hibernate.boot.internal.ClassLoaderAccessImpl - Not known whether passed class name [domain.Functie] is safe
21:23:00.101 [Test worker] DEBUG org.hibernate.boot.internal.ClassLoaderAccessImpl - No temp ClassLoader provided; using live ClassLoader for loading potentially unsafe class : domain.Functie
21:23:00.116 [Test worker] DEBUG org.hibernate.cfg.annotations.PropertyBinder - MetadataSourceProcessor property id with lazy=false
21:23:00.116 [Test worker] DEBUG org.hibernate.cfg.AbstractPropertyHolder - Attempting to locate auto-apply AttributeConverter for property [domain.Functie:id]
21:23:00.116 [Test worker] DEBUG org.hibernate.cfg.annotations.SimpleValueBinder - building SimpleValue for id
21:23:00.116 [Test worker] DEBUG org.hibernate.cfg.annotations.PropertyBinder - Building property id
21:23:00.116 [Test worker] DEBUG org.hibernate.cfg.BinderHelper - #makeIdGenerator(org.hibernate.mapping.SimpleValue([org.hibernate.mapping.Column(id)]), id, identity, , ...)
21:23:00.116 [Test worker] DEBUG org.hibernate.cfg.Ejb3Column - Binding column: Ejb3Column{table=org.hibernate.mapping.Table(functii), mappingColumn=salar_de_baza, insertable=true, updatable=true, unique=false}
21:23:00.116 [Test worker] DEBUG org.hibernate.cfg.annotations.PropertyBinder - MetadataSourceProcessor property salarDeBaza with lazy=false
21:23:00.116 [Test worker] DEBUG org.hibernate.cfg.AbstractPropertyHolder - Attempting to locate auto-apply AttributeConverter for property [domain.Functie:salarDeBaza]
21:23:00.116 [Test worker] DEBUG org.hibernate.cfg.annotations.SimpleValueBinder - building SimpleValue for salarDeBaza
21:23:00.116 [Test worker] DEBUG org.hibernate.cfg.annotations.PropertyBinder - Building property salarDeBaza
21:23:00.116 [Test worker] DEBUG org.hibernate.cfg.AnnotationBinder - Binding entity from annotated class: domain.Proiect
21:23:00.116 [Test worker] DEBUG org.hibernate.cfg.Ejb3Column - Binding column: Ejb3DiscriminatorColumn{logicalColumnName'DTYPE', discriminatorTypeName='string'}
21:23:00.116 [Test worker] DEBUG org.hibernate.cfg.annotations.EntityBinder - Import with entity name Proiect
21:23:00.116 [Test worker] DEBUG org.hibernate.cfg.annotations.EntityBinder - Bind entity domain.Proiect on table proiecte
21:23:00.116 [Test worker] DEBUG org.hibernate.cfg.Ejb3Column - Binding column: Ejb3Column{table=org.hibernate.mapping.Table(proiecte), mappingColumn=id, insertable=true, updatable=true, unique=false}
21:23:00.116 [Test worker] DEBUG org.hibernate.boot.internal.ClassLoaderAccessImpl - Not known whether passed class name [domain.Proiect] is safe
21:23:00.116 [Test worker] DEBUG org.hibernate.boot.internal.ClassLoaderAccessImpl - No temp ClassLoader provided; using live ClassLoader for loading potentially unsafe class : domain.Proiect
21:23:00.116 [Test worker] DEBUG org.hibernate.cfg.annotations.PropertyBinder - MetadataSourceProcessor property id with lazy=false
21:23:00.116 [Test worker] DEBUG org.hibernate.cfg.AbstractPropertyHolder - Attempting to locate auto-apply AttributeConverter for property [domain.Proiect:id]
21:23:00.116 [Test worker] DEBUG org.hibernate.cfg.annotations.SimpleValueBinder - building SimpleValue for id
21:23:00.116 [Test worker] DEBUG org.hibernate.cfg.annotations.PropertyBinder - Building property id
21:23:00.116 [Test worker] DEBUG org.hibernate.cfg.BinderHelper - #makeIdGenerator(org.hibernate.mapping.SimpleValue([org.hibernate.mapping.Column(id)]), id, identity, , ...)
21:23:00.116 [Test worker] DEBUG org.hibernate.cfg.Ejb3Column - Binding column: Ejb3Column{table=org.hibernate.mapping.Table(proiecte), mappingColumn=data_inceput, insertable=true, updatable=true, unique=false}
21:23:00.116 [Test worker] DEBUG org.hibernate.cfg.annotations.PropertyBinder - MetadataSourceProcessor property dataInceput with lazy=false
21:23:00.116 [Test worker] DEBUG org.hibernate.cfg.AbstractPropertyHolder - Attempting to locate auto-apply AttributeConverter for property [domain.Proiect:dataInceput]
21:23:00.116 [Test worker] DEBUG org.hibernate.cfg.annotations.SimpleValueBinder - building SimpleValue for dataInceput
21:23:00.116 [Test worker] DEBUG org.hibernate.cfg.annotations.PropertyBinder - Building property dataInceput
21:23:00.116 [Test worker] DEBUG org.hibernate.cfg.Ejb3Column - Binding column: Ejb3Column{table=org.hibernate.mapping.Table(proiecte), mappingColumn=deadline, insertable=true, updatable=true, unique=false}
21:23:00.116 [Test worker] DEBUG org.hibernate.cfg.annotations.PropertyBinder - MetadataSourceProcessor property deadline with lazy=false
21:23:00.116 [Test worker] DEBUG org.hibernate.cfg.AbstractPropertyHolder - Attempting to locate auto-apply AttributeConverter for property [domain.Proiect:deadline]
21:23:00.116 [Test worker] DEBUG org.hibernate.cfg.annotations.SimpleValueBinder - building SimpleValue for deadline
21:23:00.116 [Test worker] DEBUG org.hibernate.cfg.annotations.PropertyBinder - Building property deadline
21:23:00.116 [Test worker] DEBUG org.hibernate.cfg.annotations.SimpleValueBinder - Starting fillSimpleValue for id
21:23:00.116 [Test worker] DEBUG org.hibernate.cfg.annotations.SimpleValueBinder - Starting fillSimpleValue for dataAngajare
21:23:00.116 [Test worker] DEBUG org.hibernate.cfg.annotations.SimpleValueBinder - Starting fillSimpleValue for idSuperior
21:23:00.116 [Test worker] DEBUG org.hibernate.cfg.annotations.SimpleValueBinder - Starting fillSimpleValue for id
21:23:00.116 [Test worker] DEBUG org.hibernate.cfg.annotations.SimpleValueBinder - Starting fillSimpleValue for dataInceput
21:23:00.116 [Test worker] DEBUG org.hibernate.cfg.annotations.SimpleValueBinder - Starting fillSimpleValue for dataSfarsit
21:23:00.116 [Test worker] DEBUG org.hibernate.cfg.annotations.SimpleValueBinder - Starting fillSimpleValue for id
21:23:00.116 [Test worker] DEBUG org.hibernate.cfg.annotations.SimpleValueBinder - Starting fillSimpleValue for idDirector
21:23:00.116 [Test worker] DEBUG org.hibernate.cfg.annotations.SimpleValueBinder - Starting fillSimpleValue for id
21:23:00.116 [Test worker] DEBUG org.hibernate.cfg.annotations.SimpleValueBinder - Starting fillSimpleValue for salarDeBaza
21:23:00.116 [Test worker] DEBUG org.hibernate.cfg.annotations.SimpleValueBinder - Starting fillSimpleValue for id
21:23:00.116 [Test worker] DEBUG org.hibernate.cfg.annotations.SimpleValueBinder - Starting fillSimpleValue for dataInceput
21:23:00.116 [Test worker] DEBUG org.hibernate.cfg.annotations.SimpleValueBinder - Starting fillSimpleValue for deadline
21:23:00.116 [Test worker] DEBUG org.hibernate.mapping.PrimaryKey - Forcing column [id] to be non-null as it is part of the primary key for table [angajati]
21:23:00.116 [Test worker] DEBUG org.hibernate.mapping.PrimaryKey - Forcing column [id] to be non-null as it is part of the primary key for table [concedii]
21:23:00.116 [Test worker] DEBUG org.hibernate.mapping.PrimaryKey - Forcing column [id] to be non-null as it is part of the primary key for table [departamente]
21:23:00.116 [Test worker] DEBUG org.hibernate.mapping.PrimaryKey - Forcing column [id] to be non-null as it is part of the primary key for table [functii]
21:23:00.116 [Test worker] DEBUG org.hibernate.mapping.PrimaryKey - Forcing column [id] to be non-null as it is part of the primary key for table [proiecte]
21:23:00.116 [Test worker] DEBUG org.hibernate.cfg.CollectionSecondPass - Second pass for collection: domain.Angajat.proiecte
21:23:00.116 [Test worker] DEBUG org.hibernate.cfg.annotations.CollectionBinder - Binding as ManyToMany: domain.Angajat.proiecte
21:23:00.116 [Test worker] DEBUG org.hibernate.mapping.PrimaryKey - Forcing column [id_angajat] to be non-null as it is part of the primary key for table [angajati_proiecte]
21:23:00.116 [Test worker] DEBUG org.hibernate.mapping.PrimaryKey - Forcing column [id_proiect] to be non-null as it is part of the primary key for table [angajati_proiecte]
21:23:00.116 [Test worker] DEBUG org.hibernate.cfg.CollectionSecondPass - Mapped collection key: id_angajat, element: id_proiect
21:23:00.116 [Test worker] DEBUG org.hibernate.cfg.CollectionSecondPass - Second pass for collection: domain.Angajat.departamente
21:23:00.116 [Test worker] DEBUG org.hibernate.cfg.annotations.CollectionBinder - Binding as ManyToMany: domain.Angajat.departamente
21:23:00.116 [Test worker] DEBUG org.hibernate.mapping.PrimaryKey - Forcing column [id_angajat] to be non-null as it is part of the primary key for table [angajati_departamente]
21:23:00.116 [Test worker] DEBUG org.hibernate.mapping.PrimaryKey - Forcing column [id_departament] to be non-null as it is part of the primary key for table [angajati_departamente]
21:23:00.116 [Test worker] DEBUG org.hibernate.cfg.CollectionSecondPass - Mapped collection key: id_angajat, element: id_departament
21:23:00.116 [Test worker] DEBUG org.hibernate.cfg.CollectionSecondPass - Second pass for collection: domain.Angajat.concedii
21:23:00.116 [Test worker] DEBUG org.hibernate.cfg.annotations.CollectionBinder - Binding a OneToMany: domain.Angajat.concedii through a foreign key
21:23:00.116 [Test worker] DEBUG org.hibernate.cfg.annotations.CollectionBinder - Mapping collection: domain.Angajat.concedii -> concedii
21:23:00.116 [Test worker] DEBUG org.hibernate.cfg.annotations.TableBinder - Retrieving property domain.Concediu.angajat
21:23:00.116 [Test worker] DEBUG org.hibernate.cfg.CollectionSecondPass - Mapped collection key: id_angajat, one-to-many: domain.Concediu
21:23:00.116 [Test worker] DEBUG org.hibernate.boot.internal.InFlightMetadataCollectorImpl - Resolving reference to class: domain.Functie
21:23:00.116 [Test worker] DEBUG org.hibernate.boot.internal.InFlightMetadataCollectorImpl - Resolving reference to class: domain.Departament
21:23:00.116 [Test worker] DEBUG org.hibernate.boot.internal.InFlightMetadataCollectorImpl - Resolving reference to class: domain.Angajat
21:23:00.116 [Test worker] DEBUG org.hibernate.boot.internal.InFlightMetadataCollectorImpl - Resolving reference to class: domain.Proiect
21:23:00.116 [Test worker] DEBUG org.hibernate.boot.internal.InFlightMetadataCollectorImpl - Resolving reference to class: domain.Angajat
21:23:00.116 [Test worker] DEBUG org.hibernate.boot.internal.InFlightMetadataCollectorImpl - Resolving reference to class: domain.Angajat
21:23:00.116 [Test worker] DEBUG org.hibernate.boot.internal.InFlightMetadataCollectorImpl - Resolving reference to class: domain.Functie
21:23:00.116 [Test worker] DEBUG org.hibernate.boot.internal.InFlightMetadataCollectorImpl - Resolving reference to class: domain.Departament
21:23:00.116 [Test worker] DEBUG org.hibernate.boot.internal.InFlightMetadataCollectorImpl - Resolving reference to class: domain.Angajat
21:23:00.116 [Test worker] DEBUG org.hibernate.boot.internal.InFlightMetadataCollectorImpl - Resolving reference to class: domain.Proiect
21:23:00.116 [Test worker] DEBUG org.hibernate.boot.internal.InFlightMetadataCollectorImpl - Resolving reference to class: domain.Angajat
21:23:00.116 [Test worker] DEBUG org.hibernate.boot.internal.InFlightMetadataCollectorImpl - Resolving reference to class: domain.Angajat
21:23:00.116 [Test worker] DEBUG org.hibernate.internal.SessionFactoryImpl - Building session factory
21:23:00.116 [Test worker] DEBUG org.hibernate.cfg.Settings - SessionFactory name : null
21:23:00.116 [Test worker] DEBUG org.hibernate.cfg.Settings - Automatic flush during beforeCompletion(): enabled
21:23:00.116 [Test worker] DEBUG org.hibernate.cfg.Settings - Automatic session close at end of transaction: disabled
21:23:00.116 [Test worker] DEBUG org.hibernate.cfg.Settings - Statistics: disabled
21:23:00.116 [Test worker] DEBUG org.hibernate.cfg.Settings - Deleted entity synthetic identifier rollback: disabled
21:23:00.116 [Test worker] DEBUG org.hibernate.cfg.Settings - Default entity-mode: pojo
21:23:00.116 [Test worker] DEBUG org.hibernate.cfg.Settings - Check Nullability in Core (should be disabled when Bean Validation is on): enabled
21:23:00.116 [Test worker] DEBUG org.hibernate.cfg.Settings - Allow initialization of lazy state outside session : enabled
21:23:00.116 [Test worker] DEBUG org.hibernate.cfg.Settings - Using BatchFetchStyle : LEGACY
21:23:00.116 [Test worker] DEBUG org.hibernate.cfg.Settings - Default batch fetch size: -1
21:23:00.116 [Test worker] DEBUG org.hibernate.cfg.Settings - Maximum outer join fetch depth: null
21:23:00.116 [Test worker] DEBUG org.hibernate.cfg.Settings - Default null ordering: NONE
21:23:00.116 [Test worker] DEBUG org.hibernate.cfg.Settings - Order SQL updates by primary key: disabled
21:23:00.116 [Test worker] DEBUG org.hibernate.cfg.Settings - Order SQL inserts for batching: disabled
21:23:00.116 [Test worker] DEBUG org.hibernate.cfg.Settings - multi-tenancy strategy : NONE
21:23:00.116 [Test worker] DEBUG org.hibernate.cfg.Settings - JTA Track by Thread: enabled
21:23:00.116 [Test worker] DEBUG org.hibernate.cfg.Settings - Query language substitutions: {}
21:23:00.116 [Test worker] DEBUG org.hibernate.cfg.Settings - Named query checking : enabled
21:23:00.116 [Test worker] DEBUG org.hibernate.cfg.Settings - Second-level cache: disabled
21:23:00.116 [Test worker] DEBUG org.hibernate.cfg.Settings - Second-level query cache: disabled
21:23:00.116 [Test worker] DEBUG org.hibernate.cfg.Settings - Second-level query cache factory: null
21:23:00.116 [Test worker] DEBUG org.hibernate.cfg.Settings - Second-level cache region prefix: null
21:23:00.116 [Test worker] DEBUG org.hibernate.cfg.Settings - Optimize second-level cache for minimal puts: disabled
21:23:00.116 [Test worker] DEBUG org.hibernate.cfg.Settings - Structured second-level cache entries: disabled
21:23:00.116 [Test worker] DEBUG org.hibernate.cfg.Settings - Second-level cache direct-reference entries: disabled
21:23:00.116 [Test worker] DEBUG org.hibernate.cfg.Settings - Automatic eviction of collection cache: disabled
21:23:00.116 [Test worker] DEBUG org.hibernate.cfg.Settings - JDBC batch size: 0
21:23:00.116 [Test worker] DEBUG org.hibernate.cfg.Settings - JDBC batch updates for versioned data: enabled
21:23:00.116 [Test worker] DEBUG org.hibernate.cfg.Settings - Scrollable result sets: disabled
21:23:00.116 [Test worker] DEBUG org.hibernate.cfg.Settings - Wrap result sets: disabled
21:23:00.116 [Test worker] DEBUG org.hibernate.cfg.Settings - JDBC3 getGeneratedKeys(): enabled
21:23:00.116 [Test worker] DEBUG org.hibernate.cfg.Settings - JDBC result set fetch size: null
21:23:00.116 [Test worker] DEBUG org.hibernate.cfg.Settings - Connection release mode: AFTER_TRANSACTION
21:23:00.116 [Test worker] DEBUG org.hibernate.cfg.Settings - Generate SQL with comments: disabled
21:23:00.116 [Test worker] DEBUG org.hibernate.cfg.Settings - JPA compliance - query : disabled
21:23:00.116 [Test worker] DEBUG org.hibernate.cfg.Settings - JPA compliance - closed-handling : disabled
21:23:00.116 [Test worker] DEBUG org.hibernate.cfg.Settings - JPA compliance - lists : disabled
21:23:00.116 [Test worker] DEBUG org.hibernate.cfg.Settings - JPA compliance - transactions : disabled
21:23:00.116 [Test worker] DEBUG org.hibernate.internal.SessionFactoryImpl - Session factory constructed with filter configurations : {}
21:23:00.116 [Test worker] DEBUG org.hibernate.internal.SessionFactoryImpl - Instantiating session factory with properties: {sun.desktop=windows, awt.toolkit=sun.awt.windows.WToolkit, dialect=utils.SQLiteDialect, java.specification.version=11, sun.cpu.isalist=amd64, sun.jnu.encoding=Cp1250, hibernate.dialect=utils.SQLiteDialect, org.gradle.test.worker=3, java.class.path=C:\\Users\\Dan\\.gradle\\caches\\6.8\\workerMain\\gradle-worker.jar;D:\\Facultate\\Projects\\OrganizareCompanie\\build\\classes\\java\\test;D:\\Facultate\\Projects\\OrganizareCompanie\\build\\resources\\test;D:\\Facultate\\Projects\\OrganizareCompanie\\build\\classes\\java\\main;D:\\Facultate\\Projects\\OrganizareCompanie\\build\\resources\\main;C:\\Users\\Dan\\.gradle\\caches\\modules-2\\files-2.1\\org.springframework.boot\\spring-boot-starter-web\\2.4.3\\4f5554ea183af87e52d8c31bb82aada0d74c40b0\\spring-boot-starter-web-2.4.3.jar;C:\\Users\\Dan\\.gradle\\caches\\modules-2\\files-2.1\\org.xerial\\sqlite-jdbc\\3.34.0\\fd29bb0124e3f79c80b2753162a6a3873c240bcf\\sqlite-jdbc-3.34.0.jar;C:\\Users\\Dan\\.gradle\\caches\\modules-2\\files-2.1\\org.hibernate\\hibernate-java8\\5.1.0.Final\\2bb534acab4f8485a821f0e4d6a2c8df617ee86a\\hibernate-java8-5.1.0.Final.jar;C:\\Users\\Dan\\.gradle\\caches\\modules-2\\files-2.1\\org.hibernate\\hibernate-core\\5.4.29.Final\\74b7c9ad3cb57ae4fd0187480a76f137a7fc3f38\\hibernate-core-5.4.29.Final.jar;C:\\Users\\Dan\\.gradle\\caches\\modules-2\\files-2.1\\org.junit.platform\\junit-platform-engine\\1.7.0\\eadb73c5074a4ac71061defd00fc176152a4d12c\\junit-platform-engine-1.7.0.jar;C:\\Users\\Dan\\.gradle\\caches\\modules-2\\files-2.1\\org.junit.platform\\junit-platform-commons\\1.7.0\\84e309fbf21d857aac079a3c1fffd84284e1114d\\junit-platform-commons-1.7.0.jar;C:\\Users\\Dan\\.gradle\\caches\\modules-2\\files-2.1\\org.junit.jupiter\\junit-jupiter-engine\\5.7.0\\d9044d6b45e2232ddd53fa56c15333e43d1749fd\\junit-jupiter-engine-5.7.0.jar;C:\\Users\\Dan\\.gradle\\caches\\modules-2\\files-2.1\\org.junit.jupiter\\junit-jupiter-api\\5.7.0\\b25f3815c4c1860a73041e733a14a0379d00c4d5\\junit-jupiter-api-5.7.0.jar;C:\\Users\\Dan\\.gradle\\caches\\modules-2\\files-2.1\\org.springframework.boot\\spring-boot-starter-json\\2.4.3\\7b26abb0a0379a00b58a2a50e010b29cf4f16b80\\spring-boot-starter-json-2.4.3.jar;C:\\Users\\Dan\\.gradle\\caches\\modules-2\\files-2.1\\org.springframework.boot\\spring-boot-starter\\2.4.3\\fd8bc0fb5f5aaefb4d6c8b77eb61563aab840c11\\spring-boot-starter-2.4.3.jar;C:\\Users\\Dan\\.gradle\\caches\\modules-2\\files-2.1\\org.springframework.boot\\spring-boot-starter-tomcat\\2.4.3\\4ba28aae05a259625e7e92f8e7338c5e1d22de35\\spring-boot-starter-tomcat-2.4.3.jar;C:\\Users\\Dan\\.gradle\\caches\\modules-2\\files-2.1\\org.springframework\\spring-webmvc\\5.3.4\\8dd52fbe8eafcc7c80998087ec6635baf7a98c20\\spring-webmvc-5.3.4.jar;C:\\Users\\Dan\\.gradle\\caches\\modules-2\\files-2.1\\org.springframework\\spring-web\\5.3.4\\d93829e24a50ed22e781f2302680a210cac5ee84\\spring-web-5.3.4.jar;C:\\Users\\Dan\\.gradle\\caches\\modules-2\\files-2.1\\org.hibernate.common\\hibernate-commons-annotations\\5.1.2.Final\\e59ffdbc6ad09eeb33507b39ffcf287679a498c8\\hibernate-commons-annotations-5.1.2.Final.jar;C:\\Users\\Dan\\.gradle\\caches\\modules-2\\files-2.1\\org.jboss.logging\\jboss-logging\\3.4.1.Final\\40fd4d696c55793e996d1ff3c475833f836c2498\\jboss-logging-3.4.1.Final.jar;C:\\Users\\Dan\\.gradle\\caches\\modules-2\\files-2.1\\javax.persistence\\javax.persistence-api\\2.2\\25665ac8c0b62f50e6488173233239120fc52c96\\javax.persistence-api-2.2.jar;C:\\Users\\Dan\\.gradle\\caches\\modules-2\\files-2.1\\org.javassist\\javassist\\3.27.0-GA\\f63e6aa899e15eca8fdaa402a79af4c417252213\\javassist-3.27.0-GA.jar;C:\\Users\\Dan\\.gradle\\caches\\modules-2\\files-2.1\\net.bytebuddy\\byte-buddy\\1.10.21\\5abe8e141cac9d50a721a22d9c188b3bf19ad0aa\\byte-buddy-1.10.21.jar;C:\\Users\\Dan\\.gradle\\caches\\modules-2\\files-2.1\\antlr\\antlr\\2.7.7\\83cd2cd674a217ade95a4bb83a8a14f351f48bd0\\antlr-2.7.7.jar;C:\\Users\\Dan\\.gradle\\caches\\modules-2\\files-2.1\\org.jboss.spec.javax.transaction\\jboss-transaction-api_1.2_spec\\1.1.1.Final\\a8485cab9484dda36e9a8c319e76b5cc18797b58\\jboss-transaction-api_1.2_spec-1.1.1.Final.jar;C:\\Users\\Dan\\.gradle\\caches\\modules-2\\files-2.1\\org.jboss\\jandex\\2.2.3.Final\\d3865101f0666b63586683bd811d754517f331ab\\jandex-2.2.3.Final.jar;C:\\Users\\Dan\\.gradle\\caches\\modules-2\\files-2.1\\com.fasterxml\\classmate\\1.5.1\\3fe0bed568c62df5e89f4f174c101eab25345b6c\\classmate-1.5.1.jar;C:\\Users\\Dan\\.gradle\\caches\\modules-2\\files-2.1\\org.glassfish.jaxb\\jaxb-runtime\\2.3.1\\dd6dda9da676a54c5b36ca2806ff95ee017d8738\\jaxb-runtime-2.3.1.jar;C:\\Users\\Dan\\.gradle\\caches\\modules-2\\files-2.1\\javax.xml.bind\\jaxb-api\\2.3.1\\8531ad5ac454cc2deb9d4d32c40c4d7451939b5d\\jaxb-api-2.3.1.jar;C:\\Users\\Dan\\.gradle\\caches\\modules-2\\files-2.1\\javax.activation\\javax.activation-api\\1.2.0\\85262acf3ca9816f9537ca47d5adeabaead7cb16\\javax.activation-api-1.2.0.jar;C:\\Users\\Dan\\.gradle\\caches\\modules-2\\files-2.1\\org.dom4j\\dom4j\\2.1.3\\a75914155a9f5808963170ec20653668a2ffd2fd\\dom4j-2.1.3.jar;C:\\Users\\Dan\\.gradle\\caches\\modules-2\\files-2.1\\org.apiguardian\\apiguardian-api\\1.1.0\\fc9dff4bb36d627bdc553de77e1f17efd790876c\\apiguardian-api-1.1.0.jar;C:\\Users\\Dan\\.gradle\\caches\\modules-2\\files-2.1\\org.opentest4j\\opentest4j\\1.2.0\\28c11eb91f9b6d8e200631d46e20a7f407f2a046\\opentest4j-1.2.0.jar;C:\\Users\\Dan\\.gradle\\caches\\modules-2\\files-2.1\\org.springframework.boot\\spring-boot-autoconfigure\\2.4.3\\2f8e1e682e55f70c8ea557982c7adb1256f41bcf\\spring-boot-autoconfigure-2.4.3.jar;C:\\Users\\Dan\\.gradle\\caches\\modules-2\\files-2.1\\org.springframework.boot\\spring-boot\\2.4.3\\de2bd17a8eb9bc3dfa629aa06f2e9fe3bf603c85\\spring-boot-2.4.3.jar;C:\\Users\\Dan\\.gradle\\caches\\modules-2\\files-2.1\\org.springframework.boot\\spring-boot-starter-logging\\2.4.3\\64687abc2255d18cd6592cbb20fa3bee3379cec8\\spring-boot-starter-logging-2.4.3.jar;C:\\Users\\Dan\\.gradle\\caches\\modules-2\\files-2.1\\jakarta.annotation\\jakarta.annotation-api\\1.3.5\\59eb84ee0d616332ff44aba065f3888cf002cd2d\\jakarta.annotation-api-1.3.5.jar;C:\\Users\\Dan\\.gradle\\caches\\modules-2\\files-2.1\\org.springframework\\spring-context\\5.3.4\\fbeadeb0e4d272599a938ec345e99e5f9a76e919\\spring-context-5.3.4.jar;C:\\Users\\Dan\\.gradle\\caches\\modules-2\\files-2.1\\org.springframework\\spring-aop\\5.3.4\\b7180a6427ab524bc1cbd31bf38dd2182632515f\\spring-aop-5.3.4.jar;C:\\Users\\Dan\\.gradle\\caches\\modules-2\\files-2.1\\org.springframework\\spring-beans\\5.3.4\\ac6c5ea0ba82f555405f74104cf378f8071c6d25\\spring-beans-5.3.4.jar;C:\\Users\\Dan\\.gradle\\caches\\modules-2\\files-2.1\\org.springframework\\spring-expression\\5.3.4\\42b71fa955e43a86471509aef14cefe756fc3794\\spring-expression-5.3.4.jar;C:\\Users\\Dan\\.gradle\\caches\\modules-2\\files-2.1\\org.springframework\\spring-core\\5.3.4\\46c1f8abd9e02a292c42a257350f365cec152b5d\\spring-core-5.3.4.jar;C:\\Users\\Dan\\.gradle\\caches\\modules-2\\files-2.1\\org.yaml\\snakeyaml\\1.27\\359d62567480b07a679dc643f82fc926b100eed5\\snakeyaml-1.27.jar;C:\\Users\\Dan\\.gradle\\caches\\modules-2\\files-2.1\\com.fasterxml.jackson.datatype\\jackson-datatype-jdk8\\2.11.4\\e1540dea3c6c681ea4e335a960f730861ee3bedb\\jackson-datatype-jdk8-2.11.4.jar;C:\\Users\\Dan\\.gradle\\caches\\modules-2\\files-2.1\\com.fasterxml.jackson.datatype\\jackson-datatype-jsr310\\2.11.4\\ce6fc76bba06623720e5a9308386b6ae74753f4d\\jackson-datatype-jsr310-2.11.4.jar;C:\\Users\\Dan\\.gradle\\caches\\modules-2\\files-2.1\\com.fasterxml.jackson.module\\jackson-module-parameter-names\\2.11.4\\432e050d79f2282a66c320375d628f1b0842cb12\\jackson-module-parameter-names-2.11.4.jar;C:\\Users\\Dan\\.gradle\\caches\\modules-2\\files-2.1\\com.fasterxml.jackson.core\\jackson-databind\\2.11.4\\5d9f3d441f99d721b957e3497f0a6465c764fad4\\jackson-databind-2.11.4.jar;C:\\Users\\Dan\\.gradle\\caches\\modules-2\\files-2.1\\org.apache.tomcat.embed\\tomcat-embed-websocket\\9.0.43\\78232648dde1a5fd5093f0a3999e593d208e2eab\\tomcat-embed-websocket-9.0.43.jar;C:\\Users\\Dan\\.gradle\\caches\\modules-2\\files-2.1\\org.apache.tomcat.embed\\tomcat-embed-core\\9.0.43\\1d102277426bdd5b12f048731a91665bb69347d1\\tomcat-embed-core-9.0.43.jar;C:\\Users\\Dan\\.gradle\\caches\\modules-2\\files-2.1\\org.glassfish\\jakarta.el\\3.0.3\\dab46ee1ee23f7197c13d7c40fce14817c9017df\\jakarta.el-3.0.3.jar;C:\\Users\\Dan\\.gradle\\caches\\modules-2\\files-2.1\\org.glassfish.jaxb\\txw2\\2.3.1\\a09d2c48d3285f206fafbffe0e50619284e92126\\txw2-2.3.1.jar;C:\\Users\\Dan\\.gradle\\caches\\modules-2\\files-2.1\\com.sun.istack\\istack-commons-runtime\\3.0.7\\c197c86ceec7318b1284bffb49b54226ca774003\\istack-commons-runtime-3.0.7.jar;C:\\Users\\Dan\\.gradle\\caches\\modules-2\\files-2.1\\org.jvnet.staxex\\stax-ex\\1.8\\8cc35f73da321c29973191f2cf143d29d26a1df7\\stax-ex-1.8.jar;C:\\Users\\Dan\\.gradle\\caches\\modules-2\\files-2.1\\com.sun.xml.fastinfoset\\FastInfoset\\1.2.15\\bb7b7ec0379982b97c62cd17465cb6d9155f68e8\\FastInfoset-1.2.15.jar;C:\\Users\\Dan\\.gradle\\caches\\modules-2\\files-2.1\\ch.qos.logback\\logback-classic\\1.2.3\\7c4f3c474fb2c041d8028740440937705ebb473a\\logback-classic-1.2.3.jar;C:\\Users\\Dan\\.gradle\\caches\\modules-2\\files-2.1\\org.apache.logging.log4j\\log4j-to-slf4j\\2.13.3\\966f6fd1af4959d6b12bfa880121d4a2b164f857\\log4j-to-slf4j-2.13.3.jar;C:\\Users\\Dan\\.gradle\\caches\\modules-2\\files-2.1\\org.slf4j\\jul-to-slf4j\\1.7.30\\d58bebff8cbf70ff52b59208586095f467656c30\\jul-to-slf4j-1.7.30.jar;C:\\Users\\Dan\\.gradle\\caches\\modules-2\\files-2.1\\org.springframework\\spring-jcl\\5.3.4\\ca012eb4e9e57f767aa9d5e51fe9a09b28140808\\spring-jcl-5.3.4.jar;C:\\Users\\Dan\\.gradle\\caches\\modules-2\\files-2.1\\com.fasterxml.jackson.core\\jackson-annotations\\2.11.4\\2c3f5c079330f3a01726686a078979420f547ae4\\jackson-annotations-2.11.4.jar;C:\\Users\\Dan\\.gradle\\caches\\modules-2\\files-2.1\\com.fasterxml.jackson.core\\jackson-core\\2.11.4\\593f7b18bab07a76767f181e2a2336135ce82cc4\\jackson-core-2.11.4.jar;C:\\Users\\Dan\\.gradle\\caches\\modules-2\\files-2.1\\ch.qos.logback\\logback-core\\1.2.3\\864344400c3d4d92dfeb0a305dc87d953677c03c\\logback-core-1.2.3.jar;C:\\Users\\Dan\\.gradle\\caches\\modules-2\\files-2.1\\org.slf4j\\slf4j-api\\1.7.30\\b5a4b6d16ab13e34a88fae84c35cd5d68cac922c\\slf4j-api-1.7.30.jar;C:\\Users\\Dan\\.gradle\\caches\\modules-2\\files-2.1\\org.apache.logging.log4j\\log4j-api\\2.13.3\\ec1508160b93d274b1add34419b897bae84c6ca9\\log4j-api-2.13.3.jar, java.vm.vendor=Oracle Corporation, sun.arch.data.model=64, user.variant=, java.vendor.url=http://java.oracle.com/, user.timezone=Europe/Athens, os.name=Windows 10, java.vm.specification.version=11, user.country=US, sun.java.launcher=SUN_STANDARD, sun.boot.library.path=C:\Program Files\Java\jdk-11.0.6\bin, sun.java.command=worker.org.gradle.process.internal.worker.GradleWorkerMain 'Gradle Test Executor 3', jdk.debug=release, sun.cpu.endian=little, user.home=C:\Users\Dan, user.language=en, java.specification.vendor=Oracle Corporation, org.gradle.native=false, java.version.date=2020-01-14, java.home=C:\Program Files\Java\jdk-11.0.6, file.separator=\, java.vm.compressedOopsMode=32-bit, line.separator=
, java.specification.name=Java Platform API Specification, java.vm.specification.vendor=Oracle Corporation, java.awt.graphicsenv=sun.awt.Win32GraphicsEnvironment, hibernate.hbm2ddl.auto=update, user.script=, sun.management.compiler=HotSpot 64-Bit Tiered Compilers, java.runtime.version=11.0.6+8-LTS, user.name=Dan, path.separator=;, hibernate.connection.username=****, os.version=10.0, hibernate.enable_lazy_load_no_trans=true, java.runtime.name=Java(TM) SE Runtime Environment, hibernate.connection.url=jdbc:sqlite:D:\Facultate\Projects\OrganizareCompanie\database, file.encoding=windows-1250, java.vm.name=Java HotSpot(TM) 64-Bit Server VM, hibernate.show_sql=true, java.vendor.version=18.9, hibernate.current_session_context_class=thread, hibernate.connection.driver_class=org.sqlite.JDBC, java.vendor.url.bug=http://bugreport.java.com/bugreport/, java.io.tmpdir=C:\Users\Dan\AppData\Local\Temp\, java.version=11.0.6, user.dir=D:\Facultate\Projects\OrganizareCompanie, os.arch=amd64, java.vm.specification.name=Java Virtual Machine Specification, java.awt.printerjob=sun.awt.windows.WPrinterJob, hibernate.connection.password=****, sun.os.patch.level=, connection.driver_class=org.sqlite.JDBC, hibernate.boot.CfgXmlAccessService.key=org.hibernate.boot.cfgxml.spi.LoadedConfig@2d713ffe, java.library.path=C:\Program Files\Java\jdk-11.0.6\bin;C:\WINDOWS\Sun\Java\bin;C:\WINDOWS\system32;C:\WINDOWS;;C:\Python38\Scripts\;C:\Python38\;D:\Facultate\Scripts\;D:\Facultate\;C:\Users\Dan\Desktop\Facultate 2018-2019\Semestrul I\Fundamentele programarii\Python\Scripts\;C:\Users\Dan\Desktop\Facultate 2018-2019\Semestrul I\Fundamentele programarii\Python\;C:\Users\Dan\Desktop\Facultate 2018-2019\Semestrul I\Fundamentele programarii\Scripts\;C:\Users\Dan\Desktop\Facultate 2018-2019\Semestrul I\Fundamentele programarii\;C:\WINDOWS\system32;C:\WINDOWS;C:\WINDOWS\System32\Wbem;C:\WINDOWS\System32\WindowsPowerShell\v1.0\;C:\WINDOWS\System32\OpenSSH\;D:\Facultate\PuTTY\;C:\Program Files\dotnet\;C:\Program Files\Microsoft SQL Server\Client SDK\ODBC\170\Tools\Binn\;C:\Users\Dan\Proto\bin;D:\Facultate\NodeJS\;C:\ProgramData\chocolatey\bin;C:\Program Files\Git\cmd;C:\Program Files\Java\jdk-10.0.2\bin;C:\Program Files (x86)\GnuWin32\bin;C:\MinGW\bin;C:\Program Files\Java\jdk-11.0.6\bin;C:\WINDOWS\system32;C:\WINDOWS;C:\WINDOWS\System32\Wbem;C:\WINDOWS\System32\WindowsPowerShell\v1.0\;C:\WINDOWS\System32\OpenSSH\;C:\Program Files\Intel\WiFi\bin\;C:\Program Files\Common Files\Intel\WirelessCommon\;D:\Facultate\Python\Scripts\;D:\Facultate\Python\;C:\Users\Dan\AppData\Local\Microsoft\WindowsApps;C:\Users\Dan\AppData\Local\GitHubDesktop\bin;C:\Users\Dan\AppData\Roaming\npm;D:\Facultate\Microsoft VS Code\bin;C:\Users\Dan\AppData\Local\Microsoft\WindowsApps;C:\Users\Dan\Documents\driver;;., java.vendor=Oracle Corporation, java.vm.info=mixed mode, java.vm.version=11.0.6+8-LTS, hibernate.bytecode.use_reflection_optimizer=false, sun.io.unicode.encoding=UnicodeLittle, hibernate.connection.pool_size=1, connection.url=jdbc:sqlite:D:\Facultate\Projects\OrganizareCompanie\database, java.class.version=55.0}
21:23:00.116 [Test worker] DEBUG org.hibernate.secure.spi.JaccIntegrator - Skipping JACC integration as it was not enabled
21:23:00.116 [Test worker] DEBUG org.hibernate.internal.SessionFactoryImpl - Instantiated session factory
21:23:00.116 [Test worker] DEBUG org.hibernate.type.spi.TypeConfiguration$Scope - Scoping TypeConfiguration [org.hibernate.type.spi.TypeConfiguration@1bccf0f9] to SessionFactoryImpl [org.hibernate.internal.SessionFactoryImpl@2841fa2b]
21:23:00.116 [Test worker] DEBUG org.hibernate.boot.internal.ClassLoaderAccessImpl - Not known whether passed class name [domain.Functie] is safe
21:23:00.116 [Test worker] DEBUG org.hibernate.boot.internal.ClassLoaderAccessImpl - No temp ClassLoader provided; using live ClassLoader for loading potentially unsafe class : domain.Functie
21:23:00.116 [Test worker] DEBUG org.hibernate.boot.internal.ClassLoaderAccessImpl - Not known whether passed class name [domain.Departament] is safe
21:23:00.116 [Test worker] DEBUG org.hibernate.boot.internal.ClassLoaderAccessImpl - No temp ClassLoader provided; using live ClassLoader for loading potentially unsafe class : domain.Departament
21:23:00.116 [Test worker] DEBUG org.hibernate.boot.internal.ClassLoaderAccessImpl - Not known whether passed class name [domain.Angajat] is safe
21:23:00.116 [Test worker] DEBUG org.hibernate.boot.internal.ClassLoaderAccessImpl - No temp ClassLoader provided; using live ClassLoader for loading potentially unsafe class : domain.Angajat
21:23:00.132 [Test worker] DEBUG org.hibernate.boot.internal.ClassLoaderAccessImpl - Not known whether passed class name [domain.Proiect] is safe
21:23:00.132 [Test worker] DEBUG org.hibernate.boot.internal.ClassLoaderAccessImpl - No temp ClassLoader provided; using live ClassLoader for loading potentially unsafe class : domain.Proiect
21:23:00.132 [Test worker] DEBUG org.hibernate.boot.internal.ClassLoaderAccessImpl - Not known whether passed class name [domain.Concediu] is safe
21:23:00.132 [Test worker] DEBUG org.hibernate.boot.internal.ClassLoaderAccessImpl - No temp ClassLoader provided; using live ClassLoader for loading potentially unsafe class : domain.Concediu
21:23:00.148 [Test worker] DEBUG org.hibernate.persister.collection.AbstractCollectionPersister - Static SQL for collection: domain.Angajat.proiecte
21:23:00.148 [Test worker] DEBUG org.hibernate.persister.collection.AbstractCollectionPersister -  Row insert: insert into angajati_proiecte (id_angajat, id_proiect) values (?, ?)
21:23:00.148 [Test worker] DEBUG org.hibernate.persister.collection.AbstractCollectionPersister -  Row update: update angajati_proiecte set id_proiect=? where id_angajat=? and id_proiect=?
21:23:00.148 [Test worker] DEBUG org.hibernate.persister.collection.AbstractCollectionPersister -  Row delete: delete from angajati_proiecte where id_angajat=? and id_proiect=?
21:23:00.148 [Test worker] DEBUG org.hibernate.persister.collection.AbstractCollectionPersister -  One-shot delete: delete from angajati_proiecte where id_angajat=?
21:23:00.148 [Test worker] DEBUG org.hibernate.persister.collection.AbstractCollectionPersister - Static SQL for collection: domain.Angajat.concedii
21:23:00.148 [Test worker] DEBUG org.hibernate.persister.collection.AbstractCollectionPersister -  Row insert: update concedii set id_angajat=? where id=?
21:23:00.148 [Test worker] DEBUG org.hibernate.persister.collection.AbstractCollectionPersister -  Row update: update concedii set  where id=?
21:23:00.148 [Test worker] DEBUG org.hibernate.persister.collection.AbstractCollectionPersister -  Row delete: update concedii set id_angajat=null where id_angajat=? and id=?
21:23:00.148 [Test worker] DEBUG org.hibernate.persister.collection.AbstractCollectionPersister -  One-shot delete: update concedii set id_angajat=null where id_angajat=?
21:23:00.148 [Test worker] DEBUG org.hibernate.persister.collection.AbstractCollectionPersister - Static SQL for collection: domain.Angajat.departamente
21:23:00.148 [Test worker] DEBUG org.hibernate.persister.collection.AbstractCollectionPersister -  Row insert: insert into angajati_departamente (id_angajat, id_departament) values (?, ?)
21:23:00.148 [Test worker] DEBUG org.hibernate.persister.collection.AbstractCollectionPersister -  Row update: update angajati_departamente set id_departament=? where id_angajat=? and id_departament=?
21:23:00.148 [Test worker] DEBUG org.hibernate.persister.collection.AbstractCollectionPersister -  Row delete: delete from angajati_departamente where id_angajat=? and id_departament=?
21:23:00.148 [Test worker] DEBUG org.hibernate.persister.collection.AbstractCollectionPersister -  One-shot delete: delete from angajati_departamente where id_angajat=?
21:23:00.148 [Test worker] DEBUG org.hibernate.persister.entity.AbstractEntityPersister - Static SQL for entity: domain.Functie
21:23:00.148 [Test worker] DEBUG org.hibernate.persister.entity.AbstractEntityPersister -  Version select: select id from functii where id =?
21:23:00.148 [Test worker] DEBUG org.hibernate.persister.entity.AbstractEntityPersister -  Snapshot select: select functie_.id, functie_.salar_de_baza as salar_de2_5_ from functii functie_ where functie_.id=?
21:23:00.148 [Test worker] DEBUG org.hibernate.persister.entity.AbstractEntityPersister -  Insert 0: insert into functii (salar_de_baza, id) values (?, ?)
21:23:00.148 [Test worker] DEBUG org.hibernate.persister.entity.AbstractEntityPersister -  Update 0: update functii set salar_de_baza=? where id=?
21:23:00.148 [Test worker] DEBUG org.hibernate.persister.entity.AbstractEntityPersister -  Delete 0: delete from functii where id=?
21:23:00.148 [Test worker] DEBUG org.hibernate.persister.entity.AbstractEntityPersister -  Identity insert: insert into functii (salar_de_baza) values (?)
21:23:00.148 [Test worker] DEBUG org.hibernate.loader.plan.build.internal.spaces.QuerySpacesImpl - Adding QuerySpace : uid = <gen:0> -> org.hibernate.loader.plan.build.internal.spaces.EntityQuerySpaceImpl@5e49ef3f]
21:23:00.148 [Test worker] DEBUG org.hibernate.persister.walking.spi.MetamodelGraphWalker - Visiting attribute path : salarDeBaza
21:23:00.148 [Test worker] DEBUG org.hibernate.loader.plan.build.internal.FetchStyleLoadPlanBuildingAssociationVisitationStrategy - Building LoadPlan...
21:23:00.148 [Test worker] DEBUG org.hibernate.loader.plan.exec.internal.LoadQueryJoinAndFetchProcessor - processing queryspace <gen:0>
21:23:00.148 [Test worker] DEBUG org.hibernate.loader.plan.build.spi.LoadPlanTreePrinter - LoadPlan(entity=domain.Functie)
    - Returns
       - EntityReturnImpl(entity=domain.Functie, querySpaceUid=<gen:0>, path=domain.Functie)
    - QuerySpaces
       - EntityQuerySpaceImpl(uid=<gen:0>, entity=domain.Functie)
          - SQL table alias mapping - functie0_
          - alias suffix - 0_
          - suffixed key columns - {id1_5_0_}

21:23:00.148 [Test worker] DEBUG org.hibernate.loader.entity.plan.EntityLoader - Static select for entity domain.Functie [NONE]: select functie0_.id as id1_5_0_, functie0_.salar_de_baza as salar_de2_5_0_ from functii functie0_ where functie0_.id=?
21:23:00.148 [Test worker] DEBUG org.hibernate.persister.entity.AbstractEntityPersister - Static SQL for entity: domain.Departament
21:23:00.148 [Test worker] DEBUG org.hibernate.persister.entity.AbstractEntityPersister -  Version select: select id from departamente where id =?
21:23:00.148 [Test worker] DEBUG org.hibernate.persister.entity.AbstractEntityPersister -  Snapshot select: select departamen_.id, departamen_.id_director as id_direc2_4_ from departamente departamen_ where departamen_.id=?
21:23:00.148 [Test worker] DEBUG org.hibernate.persister.entity.AbstractEntityPersister -  Insert 0: insert into departamente (id_director, id) values (?, ?)
21:23:00.148 [Test worker] DEBUG org.hibernate.persister.entity.AbstractEntityPersister -  Update 0: update departamente set id_director=? where id=?
21:23:00.148 [Test worker] DEBUG org.hibernate.persister.entity.AbstractEntityPersister -  Delete 0: delete from departamente where id=?
21:23:00.148 [Test worker] DEBUG org.hibernate.persister.entity.AbstractEntityPersister -  Identity insert: insert into departamente (id_director) values (?)
21:23:00.148 [Test worker] DEBUG org.hibernate.loader.plan.build.internal.spaces.QuerySpacesImpl - Adding QuerySpace : uid = <gen:0> -> org.hibernate.loader.plan.build.internal.spaces.EntityQuerySpaceImpl@1f1a9e5f]
21:23:00.148 [Test worker] DEBUG org.hibernate.persister.walking.spi.MetamodelGraphWalker - Visiting attribute path : idDirector
21:23:00.148 [Test worker] DEBUG org.hibernate.loader.plan.build.internal.FetchStyleLoadPlanBuildingAssociationVisitationStrategy - Building LoadPlan...
21:23:00.148 [Test worker] DEBUG org.hibernate.loader.plan.exec.internal.LoadQueryJoinAndFetchProcessor - processing queryspace <gen:0>
21:23:00.148 [Test worker] DEBUG org.hibernate.loader.plan.build.spi.LoadPlanTreePrinter - LoadPlan(entity=domain.Departament)
    - Returns
       - EntityReturnImpl(entity=domain.Departament, querySpaceUid=<gen:0>, path=domain.Departament)
    - QuerySpaces
       - EntityQuerySpaceImpl(uid=<gen:0>, entity=domain.Departament)
          - SQL table alias mapping - departamen0_
          - alias suffix - 0_
          - suffixed key columns - {id1_4_0_}

21:23:00.148 [Test worker] DEBUG org.hibernate.loader.entity.plan.EntityLoader - Static select for entity domain.Departament [NONE]: select departamen0_.id as id1_4_0_, departamen0_.id_director as id_direc2_4_0_ from departamente departamen0_ where departamen0_.id=?
21:23:00.148 [Test worker] DEBUG org.hibernate.persister.entity.AbstractEntityPersister - Static SQL for entity: domain.Angajat
21:23:00.148 [Test worker] DEBUG org.hibernate.persister.entity.AbstractEntityPersister -  Version select: select id from angajati where id =?
21:23:00.148 [Test worker] DEBUG org.hibernate.persister.entity.AbstractEntityPersister -  Snapshot select: select angajat_.id, angajat_.data_angajare as data_ang2_0_, angajat_.functie_id as functie_4_0_, angajat_.id_superior as id_super3_0_ from angajati angajat_ where angajat_.id=?
21:23:00.148 [Test worker] DEBUG org.hibernate.persister.entity.AbstractEntityPersister -  Insert 0: insert into angajati (data_angajare, functie_id, id_superior, id) values (?, ?, ?, ?)
21:23:00.148 [Test worker] DEBUG org.hibernate.persister.entity.AbstractEntityPersister -  Update 0: update angajati set data_angajare=?, functie_id=?, id_superior=? where id=?
21:23:00.148 [Test worker] DEBUG org.hibernate.persister.entity.AbstractEntityPersister -  Delete 0: delete from angajati where id=?
21:23:00.148 [Test worker] DEBUG org.hibernate.persister.entity.AbstractEntityPersister -  Identity insert: insert into angajati (data_angajare, functie_id, id_superior) values (?, ?, ?)
21:23:00.148 [Test worker] DEBUG org.hibernate.loader.plan.build.internal.spaces.QuerySpacesImpl - Adding QuerySpace : uid = <gen:0> -> org.hibernate.loader.plan.build.internal.spaces.EntityQuerySpaceImpl@5982641c]
21:23:00.148 [Test worker] DEBUG org.hibernate.persister.walking.spi.MetamodelGraphWalker - Visiting attribute path : concedii
21:23:00.148 [Test worker] DEBUG org.hibernate.loader.plan.build.internal.spaces.QuerySpacesImpl - Adding QuerySpace : uid = <gen:1> -> org.hibernate.loader.plan.build.internal.spaces.CollectionQuerySpaceImpl@5e57bedb]
21:23:00.148 [Test worker] DEBUG org.hibernate.loader.plan.build.internal.spaces.QuerySpacesImpl - Adding QuerySpace : uid = <gen:2> -> org.hibernate.loader.plan.build.internal.spaces.EntityQuerySpaceImpl@cf71d7b]
21:23:00.148 [Test worker] DEBUG org.hibernate.persister.walking.spi.MetamodelGraphWalker - Visiting attribute path : dataAngajare
21:23:00.148 [Test worker] DEBUG org.hibernate.persister.walking.spi.MetamodelGraphWalker - Visiting attribute path : departamente
21:23:00.148 [Test worker] DEBUG org.hibernate.loader.plan.build.internal.spaces.QuerySpacesImpl - Adding QuerySpace : uid = <gen:3> -> org.hibernate.loader.plan.build.internal.spaces.CollectionQuerySpaceImpl@461f2a7d]
21:23:00.148 [Test worker] DEBUG org.hibernate.loader.plan.build.internal.spaces.QuerySpacesImpl - Adding QuerySpace : uid = <gen:4> -> org.hibernate.loader.plan.build.internal.spaces.EntityQuerySpaceImpl@724d86a0]
21:23:00.148 [Test worker] DEBUG org.hibernate.persister.walking.spi.MetamodelGraphWalker - Visiting attribute path : functie
21:23:00.148 [Test worker] DEBUG org.hibernate.loader.plan.build.internal.spaces.QuerySpacesImpl - Adding QuerySpace : uid = <gen:5> -> org.hibernate.loader.plan.build.internal.spaces.EntityQuerySpaceImpl@118f4f54]
21:23:00.148 [Test worker] DEBUG org.hibernate.persister.walking.spi.MetamodelGraphWalker - Visiting attribute path : functie.salarDeBaza
21:23:00.148 [Test worker] DEBUG org.hibernate.persister.walking.spi.MetamodelGraphWalker - Visiting attribute path : idSuperior
21:23:00.148 [Test worker] DEBUG org.hibernate.persister.walking.spi.MetamodelGraphWalker - Visiting attribute path : proiecte
21:23:00.148 [Test worker] DEBUG org.hibernate.loader.plan.build.internal.spaces.QuerySpacesImpl - Adding QuerySpace : uid = <gen:6> -> org.hibernate.loader.plan.build.internal.spaces.CollectionQuerySpaceImpl@1ad41ed0]
21:23:00.148 [Test worker] DEBUG org.hibernate.loader.plan.build.internal.spaces.QuerySpacesImpl - Adding QuerySpace : uid = <gen:7> -> org.hibernate.loader.plan.build.internal.spaces.EntityQuerySpaceImpl@4b2e3ac]
21:23:00.148 [Test worker] DEBUG org.hibernate.loader.plan.build.internal.FetchStyleLoadPlanBuildingAssociationVisitationStrategy - Building LoadPlan...
21:23:00.148 [Test worker] DEBUG org.hibernate.loader.plan.exec.internal.LoadQueryJoinAndFetchProcessor - processing queryspace <gen:0>
21:23:00.148 [Test worker] DEBUG org.hibernate.loader.plan.build.spi.LoadPlanTreePrinter - LoadPlan(entity=domain.Angajat)
    - Returns
       - EntityReturnImpl(entity=domain.Angajat, querySpaceUid=<gen:0>, path=domain.Angajat)
          - CollectionAttributeFetchImpl(collection=domain.Angajat.concedii, querySpaceUid=<gen:1>, path=domain.Angajat.concedii)
             - (collection element) CollectionFetchableElementEntityGraph(entity=domain.Concediu, querySpaceUid=<gen:2>, path=domain.Angajat.concedii.<elements>)
          - CollectionAttributeFetchImpl(collection=domain.Angajat.departamente, querySpaceUid=<gen:3>, path=domain.Angajat.departamente)
             - (collection element) CollectionFetchableElementEntityGraph(entity=domain.Departament, querySpaceUid=<gen:4>, path=domain.Angajat.departamente.<elements>)
          - EntityAttributeFetchImpl(entity=domain.Functie, querySpaceUid=<gen:5>, path=domain.Angajat.functie)
          - CollectionAttributeFetchImpl(collection=domain.Angajat.proiecte, querySpaceUid=<gen:6>, path=domain.Angajat.proiecte)
             - (collection element) CollectionFetchableElementEntityGraph(entity=domain.Proiect, querySpaceUid=<gen:7>, path=domain.Angajat.proiecte.<elements>)
    - QuerySpaces
       - EntityQuerySpaceImpl(uid=<gen:0>, entity=domain.Angajat)
          - SQL table alias mapping - angajat0_
          - alias suffix - 0_
          - suffixed key columns - {id1_0_0_}
          - JOIN (JoinDefinedByMetadata(functie)) : <gen:0> -> <gen:5>
             - EntityQuerySpaceImpl(uid=<gen:5>, entity=domain.Functie)
                - SQL table alias mapping - functie1_
                - alias suffix - 1_
                - suffixed key columns - {id1_5_1_}

21:23:00.148 [Test worker] DEBUG org.hibernate.loader.entity.plan.EntityLoader - Static select for entity domain.Angajat [NONE]: select angajat0_.id as id1_0_0_, angajat0_.data_angajare as data_ang2_0_0_, angajat0_.functie_id as functie_4_0_0_, angajat0_.id_superior as id_super3_0_0_, functie1_.id as id1_5_1_, functie1_.salar_de_baza as salar_de2_5_1_ from angajati angajat0_ left outer join functii functie1_ on angajat0_.functie_id=functie1_.id where angajat0_.id=?
21:23:00.148 [Test worker] DEBUG org.hibernate.persister.entity.AbstractEntityPersister - Static SQL for entity: domain.Proiect
21:23:00.148 [Test worker] DEBUG org.hibernate.persister.entity.AbstractEntityPersister -  Version select: select id from proiecte where id =?
21:23:00.148 [Test worker] DEBUG org.hibernate.persister.entity.AbstractEntityPersister -  Snapshot select: select proiect_.id, proiect_.data_inceput as data_inc2_6_, proiect_.deadline as deadline3_6_ from proiecte proiect_ where proiect_.id=?
21:23:00.148 [Test worker] DEBUG org.hibernate.persister.entity.AbstractEntityPersister -  Insert 0: insert into proiecte (data_inceput, deadline, id) values (?, ?, ?)
21:23:00.148 [Test worker] DEBUG org.hibernate.persister.entity.AbstractEntityPersister -  Update 0: update proiecte set data_inceput=?, deadline=? where id=?
21:23:00.148 [Test worker] DEBUG org.hibernate.persister.entity.AbstractEntityPersister -  Delete 0: delete from proiecte where id=?
21:23:00.148 [Test worker] DEBUG org.hibernate.persister.entity.AbstractEntityPersister -  Identity insert: insert into proiecte (data_inceput, deadline) values (?, ?)
21:23:00.148 [Test worker] DEBUG org.hibernate.loader.plan.build.internal.spaces.QuerySpacesImpl - Adding QuerySpace : uid = <gen:0> -> org.hibernate.loader.plan.build.internal.spaces.EntityQuerySpaceImpl@6f2cf981]
21:23:00.148 [Test worker] DEBUG org.hibernate.persister.walking.spi.MetamodelGraphWalker - Visiting attribute path : dataInceput
21:23:00.148 [Test worker] DEBUG org.hibernate.persister.walking.spi.MetamodelGraphWalker - Visiting attribute path : deadline
21:23:00.148 [Test worker] DEBUG org.hibernate.loader.plan.build.internal.FetchStyleLoadPlanBuildingAssociationVisitationStrategy - Building LoadPlan...
21:23:00.148 [Test worker] DEBUG org.hibernate.loader.plan.exec.internal.LoadQueryJoinAndFetchProcessor - processing queryspace <gen:0>
21:23:00.148 [Test worker] DEBUG org.hibernate.loader.plan.build.spi.LoadPlanTreePrinter - LoadPlan(entity=domain.Proiect)
    - Returns
       - EntityReturnImpl(entity=domain.Proiect, querySpaceUid=<gen:0>, path=domain.Proiect)
    - QuerySpaces
       - EntityQuerySpaceImpl(uid=<gen:0>, entity=domain.Proiect)
          - SQL table alias mapping - proiect0_
          - alias suffix - 0_
          - suffixed key columns - {id1_6_0_}

21:23:00.148 [Test worker] DEBUG org.hibernate.loader.entity.plan.EntityLoader - Static select for entity domain.Proiect [NONE]: select proiect0_.id as id1_6_0_, proiect0_.data_inceput as data_inc2_6_0_, proiect0_.deadline as deadline3_6_0_ from proiecte proiect0_ where proiect0_.id=?
21:23:00.148 [Test worker] DEBUG org.hibernate.persister.entity.AbstractEntityPersister - Static SQL for entity: domain.Concediu
21:23:00.148 [Test worker] DEBUG org.hibernate.persister.entity.AbstractEntityPersister -  Version select: select id from concedii where id =?
21:23:00.148 [Test worker] DEBUG org.hibernate.persister.entity.AbstractEntityPersister -  Snapshot select: select concediu_.id, concediu_.id_angajat as id_angaj4_3_, concediu_.data_inceput as data_inc2_3_, concediu_.data_sfarsit as data_sfa3_3_ from concedii concediu_ where concediu_.id=?
21:23:00.148 [Test worker] DEBUG org.hibernate.persister.entity.AbstractEntityPersister -  Insert 0: insert into concedii (id_angajat, data_inceput, data_sfarsit, id) values (?, ?, ?, ?)
21:23:00.148 [Test worker] DEBUG org.hibernate.persister.entity.AbstractEntityPersister -  Update 0: update concedii set id_angajat=?, data_inceput=?, data_sfarsit=? where id=?
21:23:00.148 [Test worker] DEBUG org.hibernate.persister.entity.AbstractEntityPersister -  Delete 0: delete from concedii where id=?
21:23:00.148 [Test worker] DEBUG org.hibernate.persister.entity.AbstractEntityPersister -  Identity insert: insert into concedii (id_angajat, data_inceput, data_sfarsit) values (?, ?, ?)
21:23:00.148 [Test worker] DEBUG org.hibernate.loader.plan.build.internal.spaces.QuerySpacesImpl - Adding QuerySpace : uid = <gen:0> -> org.hibernate.loader.plan.build.internal.spaces.EntityQuerySpaceImpl@4cac0b7b]
21:23:00.148 [Test worker] DEBUG org.hibernate.persister.walking.spi.MetamodelGraphWalker - Visiting attribute path : angajat
21:23:00.148 [Test worker] DEBUG org.hibernate.loader.plan.build.internal.spaces.QuerySpacesImpl - Adding QuerySpace : uid = <gen:1> -> org.hibernate.loader.plan.build.internal.spaces.EntityQuerySpaceImpl@57782443]
21:23:00.148 [Test worker] DEBUG org.hibernate.persister.walking.spi.MetamodelGraphWalker - Visiting attribute path : dataInceput
21:23:00.148 [Test worker] DEBUG org.hibernate.persister.walking.spi.MetamodelGraphWalker - Visiting attribute path : dataSfarsit
21:23:00.148 [Test worker] DEBUG org.hibernate.loader.plan.build.internal.FetchStyleLoadPlanBuildingAssociationVisitationStrategy - Building LoadPlan...
21:23:00.148 [Test worker] DEBUG org.hibernate.loader.plan.exec.internal.LoadQueryJoinAndFetchProcessor - processing queryspace <gen:0>
21:23:00.148 [Test worker] DEBUG org.hibernate.loader.plan.build.spi.LoadPlanTreePrinter - LoadPlan(entity=domain.Concediu)
    - Returns
       - EntityReturnImpl(entity=domain.Concediu, querySpaceUid=<gen:0>, path=domain.Concediu)
          - EntityAttributeFetchImpl(entity=domain.Angajat, querySpaceUid=<gen:1>, path=domain.Concediu.angajat)
    - QuerySpaces
       - EntityQuerySpaceImpl(uid=<gen:0>, entity=domain.Concediu)
          - SQL table alias mapping - concediu0_
          - alias suffix - 0_
          - suffixed key columns - {id1_3_0_}

21:23:00.148 [Test worker] DEBUG org.hibernate.loader.entity.plan.EntityLoader - Static select for entity domain.Concediu [NONE]: select concediu0_.id as id1_3_0_, concediu0_.id_angajat as id_angaj4_3_0_, concediu0_.data_inceput as data_inc2_3_0_, concediu0_.data_sfarsit as data_sfa3_3_0_ from concedii concediu0_ where concediu0_.id=?
21:23:00.148 [Test worker] DEBUG org.hibernate.loader.plan.build.internal.spaces.QuerySpacesImpl - Adding QuerySpace : uid = <gen:0> -> org.hibernate.loader.plan.build.internal.spaces.CollectionQuerySpaceImpl@450f47e]
21:23:00.148 [Test worker] DEBUG org.hibernate.loader.plan.build.internal.spaces.QuerySpacesImpl - Adding QuerySpace : uid = <gen:1> -> org.hibernate.loader.plan.build.internal.spaces.EntityQuerySpaceImpl@280bc05c]
21:23:00.148 [Test worker] DEBUG org.hibernate.persister.walking.spi.MetamodelGraphWalker - Visiting attribute path : dataInceput
21:23:00.148 [Test worker] DEBUG org.hibernate.persister.walking.spi.MetamodelGraphWalker - Visiting attribute path : deadline
21:23:00.148 [Test worker] DEBUG org.hibernate.loader.plan.build.internal.FetchStyleLoadPlanBuildingAssociationVisitationStrategy - Building LoadPlan...
21:23:00.148 [Test worker] DEBUG org.hibernate.loader.plan.exec.internal.LoadQueryJoinAndFetchProcessor - processing queryspace <gen:0>
21:23:00.148 [Test worker] DEBUG org.hibernate.loader.plan.build.spi.LoadPlanTreePrinter - LoadPlan(collection=domain.Angajat.proiecte)
    - Returns
       - CollectionReturnImpl(collection=domain.Angajat.proiecte, querySpaceUid=<gen:0>, path=[domain.Angajat.proiecte])
          - (collection element) CollectionFetchableElementEntityGraph(entity=domain.Proiect, querySpaceUid=<gen:1>, path=[domain.Angajat.proiecte].<elements>)
    - QuerySpaces
       - CollectionQuerySpaceImpl(uid=<gen:0>, collection=domain.Angajat.proiecte)
          - SQL table alias mapping - proiecte0_
          - alias suffix - 0_
          - suffixed key columns - {id_angaj1_2_0_}
          - entity-element alias suffix - 1_
          - 1_entity-element suffixed key columns - id1_6_1_
          - JOIN (JoinDefinedByMetadata(elements)) : <gen:0> -> <gen:1>
             - EntityQuerySpaceImpl(uid=<gen:1>, entity=domain.Proiect)
                - SQL table alias mapping - proiect1_
                - alias suffix - 1_
                - suffixed key columns - {id1_6_1_}

21:23:00.148 [Test worker] DEBUG org.hibernate.loader.collection.plan.CollectionLoader - Static select for collection domain.Angajat.proiecte: select proiecte0_.id_angajat as id_angaj1_2_0_, proiecte0_.id_proiect as id_proie2_2_0_, proiect1_.id as id1_6_1_, proiect1_.data_inceput as data_inc2_6_1_, proiect1_.deadline as deadline3_6_1_ from angajati_proiecte proiecte0_ inner join proiecte proiect1_ on proiecte0_.id_proiect=proiect1_.id where proiecte0_.id_angajat=?
21:23:00.148 [Test worker] DEBUG org.hibernate.loader.plan.build.internal.spaces.QuerySpacesImpl - Adding QuerySpace : uid = <gen:0> -> org.hibernate.loader.plan.build.internal.spaces.CollectionQuerySpaceImpl@638f1676]
21:23:00.148 [Test worker] DEBUG org.hibernate.loader.plan.build.internal.spaces.QuerySpacesImpl - Adding QuerySpace : uid = <gen:1> -> org.hibernate.loader.plan.build.internal.spaces.EntityQuerySpaceImpl@15f0337b]
21:23:00.148 [Test worker] DEBUG org.hibernate.persister.walking.spi.MetamodelGraphWalker - Visiting attribute path : angajat
21:23:00.148 [Test worker] DEBUG org.hibernate.persister.walking.spi.MetamodelGraphWalker - Property path deemed to be circular : angajat
21:23:00.148 [Test worker] DEBUG org.hibernate.persister.walking.spi.MetamodelGraphWalker - Visiting attribute path : dataInceput
21:23:00.148 [Test worker] DEBUG org.hibernate.persister.walking.spi.MetamodelGraphWalker - Visiting attribute path : dataSfarsit
21:23:00.148 [Test worker] DEBUG org.hibernate.loader.plan.build.internal.FetchStyleLoadPlanBuildingAssociationVisitationStrategy - Building LoadPlan...
21:23:00.148 [Test worker] DEBUG org.hibernate.loader.plan.exec.internal.LoadQueryJoinAndFetchProcessor - processing queryspace <gen:0>
21:23:00.148 [Test worker] DEBUG org.hibernate.loader.plan.build.spi.LoadPlanTreePrinter - LoadPlan(collection=domain.Angajat.concedii)
    - Returns
       - CollectionReturnImpl(collection=domain.Angajat.concedii, querySpaceUid=<gen:0>, path=[domain.Angajat.concedii])
          - (collection element) CollectionFetchableElementEntityGraph(entity=domain.Concediu, querySpaceUid=<gen:1>, path=[domain.Angajat.concedii].<elements>)
    - QuerySpaces
       - CollectionQuerySpaceImpl(uid=<gen:0>, collection=domain.Angajat.concedii)
          - SQL table alias mapping - concedii0_
          - alias suffix - 0_
          - suffixed key columns - {id_angaj4_3_0_}
          - entity-element alias suffix - 1_
          - 1_entity-element suffixed key columns - id1_3_1_
          - JOIN (JoinDefinedByMetadata(elements)) : <gen:0> -> <gen:1>
             - EntityQuerySpaceImpl(uid=<gen:1>, entity=domain.Concediu)
                - SQL table alias mapping - concedii0_
                - alias suffix - 1_
                - suffixed key columns - {id1_3_1_}

21:23:00.148 [Test worker] DEBUG org.hibernate.loader.collection.plan.CollectionLoader - Static select for collection domain.Angajat.concedii: select concedii0_.id_angajat as id_angaj4_3_0_, concedii0_.id as id1_3_0_, concedii0_.id as id1_3_1_, concedii0_.id_angajat as id_angaj4_3_1_, concedii0_.data_inceput as data_inc2_3_1_, concedii0_.data_sfarsit as data_sfa3_3_1_ from concedii concedii0_ where concedii0_.id_angajat=?
21:23:00.148 [Test worker] DEBUG org.hibernate.loader.plan.build.internal.spaces.QuerySpacesImpl - Adding QuerySpace : uid = <gen:0> -> org.hibernate.loader.plan.build.internal.spaces.CollectionQuerySpaceImpl@7b2b817d]
21:23:00.148 [Test worker] DEBUG org.hibernate.loader.plan.build.internal.spaces.QuerySpacesImpl - Adding QuerySpace : uid = <gen:1> -> org.hibernate.loader.plan.build.internal.spaces.EntityQuerySpaceImpl@6fd41e88]
21:23:00.148 [Test worker] DEBUG org.hibernate.persister.walking.spi.MetamodelGraphWalker - Visiting attribute path : idDirector
21:23:00.148 [Test worker] DEBUG org.hibernate.loader.plan.build.internal.FetchStyleLoadPlanBuildingAssociationVisitationStrategy - Building LoadPlan...
21:23:00.148 [Test worker] DEBUG org.hibernate.loader.plan.exec.internal.LoadQueryJoinAndFetchProcessor - processing queryspace <gen:0>
21:23:00.148 [Test worker] DEBUG org.hibernate.loader.plan.build.spi.LoadPlanTreePrinter - LoadPlan(collection=domain.Angajat.departamente)
    - Returns
       - CollectionReturnImpl(collection=domain.Angajat.departamente, querySpaceUid=<gen:0>, path=[domain.Angajat.departamente])
          - (collection element) CollectionFetchableElementEntityGraph(entity=domain.Departament, querySpaceUid=<gen:1>, path=[domain.Angajat.departamente].<elements>)
    - QuerySpaces
       - CollectionQuerySpaceImpl(uid=<gen:0>, collection=domain.Angajat.departamente)
          - SQL table alias mapping - departamen0_
          - alias suffix - 0_
          - suffixed key columns - {id_angaj1_1_0_}
          - entity-element alias suffix - 1_
          - 1_entity-element suffixed key columns - id1_4_1_
          - JOIN (JoinDefinedByMetadata(elements)) : <gen:0> -> <gen:1>
             - EntityQuerySpaceImpl(uid=<gen:1>, entity=domain.Departament)
                - SQL table alias mapping - departamen1_
                - alias suffix - 1_
                - suffixed key columns - {id1_4_1_}

21:23:00.148 [Test worker] DEBUG org.hibernate.loader.collection.plan.CollectionLoader - Static select for collection domain.Angajat.departamente: select departamen0_.id_angajat as id_angaj1_1_0_, departamen0_.id_departament as id_depar2_1_0_, departamen1_.id as id1_4_1_, departamen1_.id_director as id_direc2_4_1_ from angajati_departamente departamen0_ inner join departamente departamen1_ on departamen0_.id_departament=departamen1_.id where departamen0_.id_angajat=?
21:23:00.148 [Test worker] INFO org.hibernate.orm.connections.access - HHH10001501: Connection obtained from JdbcConnectionAccess [org.hibernate.engine.jdbc.env.internal.JdbcEnvironmentInitiator$ConnectionProviderJdbcConnectionAccess@6103d484] for (non-JTA) DDL execution was not in auto-commit mode; the Connection 'local transaction' will be committed and the Connection will be set into auto-commit mode.
21:23:00.148 [Test worker] DEBUG org.hibernate.mapping.Table - No alter strings for table : angajati
21:23:00.148 [Test worker] DEBUG org.hibernate.mapping.Table - No alter strings for table : angajati_departamente
21:23:00.148 [Test worker] DEBUG org.hibernate.mapping.Table - No alter strings for table : angajati_proiecte
21:23:00.148 [Test worker] DEBUG org.hibernate.mapping.Table - No alter strings for table : concedii
21:23:00.148 [Test worker] DEBUG org.hibernate.mapping.Table - No alter strings for table : departamente
21:23:00.148 [Test worker] DEBUG org.hibernate.mapping.Table - No alter strings for table : functii
21:23:00.148 [Test worker] DEBUG org.hibernate.mapping.Table - No alter strings for table : proiecte
21:23:00.148 [Test worker] DEBUG org.hibernate.query.spi.NamedQueryRepository - Checking 0 named HQL queries
21:23:00.148 [Test worker] DEBUG org.hibernate.query.spi.NamedQueryRepository - Checking 0 named SQL queries
21:23:00.148 [Test worker] DEBUG org.hibernate.internal.SessionFactoryRegistry - Registering SessionFactory: 07e2d1d1-06aa-4aac-bd83-1c1063d6148e (<unnamed>)
21:23:00.148 [Test worker] DEBUG org.hibernate.internal.SessionFactoryRegistry - Not binding SessionFactory to JNDI, no JNDI name configured
21:23:00.163 [Test worker] DEBUG org.hibernate.integrator.internal.IntegratorServiceImpl - Adding Integrator [org.hibernate.cfg.beanvalidation.BeanValidationIntegrator].
21:23:00.163 [Test worker] DEBUG org.hibernate.integrator.internal.IntegratorServiceImpl - Adding Integrator [org.hibernate.secure.spi.JaccIntegrator].
21:23:00.163 [Test worker] DEBUG org.hibernate.integrator.internal.IntegratorServiceImpl - Adding Integrator [org.hibernate.cache.internal.CollectionCacheInvalidator].
21:23:00.163 [Test worker] DEBUG org.hibernate.boot.jaxb.internal.stax.LocalXmlResourceResolver - Interpreting public/system identifier : [-//Hibernate/Hibernate Configuration DTD 3.0//EN] - [http://hibernate.org/dtd/hibernate-configuration-3.0.dtd]
21:23:00.195 [Test worker] DEBUG org.hibernate.boot.cfgxml.internal.JaxbCfgProcessor - cfg.xml document did not define namespaces; wrapping in custom event reader to introduce namespace information
21:23:00.210 [Test worker] DEBUG org.hibernate.service.spi.ServiceBinding - Overriding existing service binding [org.hibernate.secure.spi.JaccService]
21:23:00.210 [Test worker] DEBUG org.hibernate.cache.internal.RegionFactoryInitiator - Cannot default RegionFactory based on registered strategies as `[]` RegionFactory strategies were registered
21:23:00.210 [Test worker] DEBUG org.hibernate.cache.internal.RegionFactoryInitiator - Cache region factory : org.hibernate.cache.internal.NoCachingRegionFactory
21:23:00.210 [Test worker] DEBUG org.hibernate.type.BasicTypeRegistry - Adding type registration boolean -> org.hibernate.type.BooleanType@121b529f
21:23:00.210 [Test worker] DEBUG org.hibernate.type.BasicTypeRegistry - Adding type registration boolean -> org.hibernate.type.BooleanType@121b529f
21:23:00.210 [Test worker] DEBUG org.hibernate.type.BasicTypeRegistry - Adding type registration java.lang.Boolean -> org.hibernate.type.BooleanType@121b529f
21:23:00.210 [Test worker] DEBUG org.hibernate.type.BasicTypeRegistry - Adding type registration numeric_boolean -> org.hibernate.type.NumericBooleanType@7dc81433
21:23:00.210 [Test worker] DEBUG org.hibernate.type.BasicTypeRegistry - Adding type registration true_false -> org.hibernate.type.TrueFalseType@60c371da
21:23:00.210 [Test worker] DEBUG org.hibernate.type.BasicTypeRegistry - Adding type registration yes_no -> org.hibernate.type.YesNoType@51ef89fc
21:23:00.210 [Test worker] DEBUG org.hibernate.type.BasicTypeRegistry - Adding type registration byte -> org.hibernate.type.ByteType@1502feca
21:23:00.210 [Test worker] DEBUG org.hibernate.type.BasicTypeRegistry - Adding type registration byte -> org.hibernate.type.ByteType@1502feca
21:23:00.210 [Test worker] DEBUG org.hibernate.type.BasicTypeRegistry - Adding type registration java.lang.Byte -> org.hibernate.type.ByteType@1502feca
21:23:00.210 [Test worker] DEBUG org.hibernate.type.BasicTypeRegistry - Adding type registration character -> org.hibernate.type.CharacterType@5aca38b4
21:23:00.210 [Test worker] DEBUG org.hibernate.type.BasicTypeRegistry - Adding type registration char -> org.hibernate.type.CharacterType@5aca38b4
21:23:00.210 [Test worker] DEBUG org.hibernate.type.BasicTypeRegistry - Adding type registration java.lang.Character -> org.hibernate.type.CharacterType@5aca38b4
21:23:00.210 [Test worker] DEBUG org.hibernate.type.BasicTypeRegistry - Adding type registration short -> org.hibernate.type.ShortType@212db0b9
21:23:00.210 [Test worker] DEBUG org.hibernate.type.BasicTypeRegistry - Adding type registration short -> org.hibernate.type.ShortType@212db0b9
21:23:00.210 [Test worker] DEBUG org.hibernate.type.BasicTypeRegistry - Adding type registration java.lang.Short -> org.hibernate.type.ShortType@212db0b9
21:23:00.210 [Test worker] DEBUG org.hibernate.type.BasicTypeRegistry - Adding type registration integer -> org.hibernate.type.IntegerType@14f541d2
21:23:00.210 [Test worker] DEBUG org.hibernate.type.BasicTypeRegistry - Adding type registration int -> org.hibernate.type.IntegerType@14f541d2
21:23:00.210 [Test worker] DEBUG org.hibernate.type.BasicTypeRegistry - Adding type registration java.lang.Integer -> org.hibernate.type.IntegerType@14f541d2
21:23:00.210 [Test worker] DEBUG org.hibernate.type.BasicTypeRegistry - Adding type registration long -> org.hibernate.type.LongType@357c5fef
21:23:00.210 [Test worker] DEBUG org.hibernate.type.BasicTypeRegistry - Adding type registration long -> org.hibernate.type.LongType@357c5fef
21:23:00.210 [Test worker] DEBUG org.hibernate.type.BasicTypeRegistry - Adding type registration java.lang.Long -> org.hibernate.type.LongType@357c5fef
21:23:00.210 [Test worker] DEBUG org.hibernate.type.BasicTypeRegistry - Adding type registration float -> org.hibernate.type.FloatType@68835e55
21:23:00.210 [Test worker] DEBUG org.hibernate.type.BasicTypeRegistry - Adding type registration float -> org.hibernate.type.FloatType@68835e55
21:23:00.210 [Test worker] DEBUG org.hibernate.type.BasicTypeRegistry - Adding type registration java.lang.Float -> org.hibernate.type.FloatType@68835e55
21:23:00.210 [Test worker] DEBUG org.hibernate.type.BasicTypeRegistry - Adding type registration double -> org.hibernate.type.DoubleType@1db8c4bf
21:23:00.210 [Test worker] DEBUG org.hibernate.type.BasicTypeRegistry - Adding type registration double -> org.hibernate.type.DoubleType@1db8c4bf
21:23:00.210 [Test worker] DEBUG org.hibernate.type.BasicTypeRegistry - Adding type registration java.lang.Double -> org.hibernate.type.DoubleType@1db8c4bf
21:23:00.210 [Test worker] DEBUG org.hibernate.type.BasicTypeRegistry - Adding type registration big_decimal -> org.hibernate.type.BigDecimalType@2bd9f5a7
21:23:00.210 [Test worker] DEBUG org.hibernate.type.BasicTypeRegistry - Adding type registration java.math.BigDecimal -> org.hibernate.type.BigDecimalType@2bd9f5a7
21:23:00.210 [Test worker] DEBUG org.hibernate.type.BasicTypeRegistry - Adding type registration big_integer -> org.hibernate.type.BigIntegerType@67766712
21:23:00.210 [Test worker] DEBUG org.hibernate.type.BasicTypeRegistry - Adding type registration java.math.BigInteger -> org.hibernate.type.BigIntegerType@67766712
21:23:00.210 [Test worker] DEBUG org.hibernate.type.BasicTypeRegistry - Adding type registration string -> org.hibernate.type.StringType@5abe721f
21:23:00.210 [Test worker] DEBUG org.hibernate.type.BasicTypeRegistry - Adding type registration java.lang.String -> org.hibernate.type.StringType@5abe721f
21:23:00.210 [Test worker] DEBUG org.hibernate.type.BasicTypeRegistry - Adding type registration nstring -> org.hibernate.type.StringNVarcharType@5ca83c4b
21:23:00.210 [Test worker] DEBUG org.hibernate.type.BasicTypeRegistry - Adding type registration ncharacter -> org.hibernate.type.CharacterNCharType@181579aa
21:23:00.210 [Test worker] DEBUG org.hibernate.type.BasicTypeRegistry - Adding type registration url -> org.hibernate.type.UrlType@2d95e7ff
21:23:00.210 [Test worker] DEBUG org.hibernate.type.BasicTypeRegistry - Adding type registration java.net.URL -> org.hibernate.type.UrlType@2d95e7ff
21:23:00.210 [Test worker] DEBUG org.hibernate.type.BasicTypeRegistry - Adding type registration Duration -> org.hibernate.type.DurationType@1f6d6ec5
21:23:00.210 [Test worker] DEBUG org.hibernate.type.BasicTypeRegistry - Adding type registration java.time.Duration -> org.hibernate.type.DurationType@1f6d6ec5
21:23:00.210 [Test worker] DEBUG org.hibernate.type.BasicTypeRegistry - Adding type registration Instant -> org.hibernate.type.InstantType@799b3880
21:23:00.210 [Test worker] DEBUG org.hibernate.type.BasicTypeRegistry - Adding type registration java.time.Instant -> org.hibernate.type.InstantType@799b3880
21:23:00.210 [Test worker] DEBUG org.hibernate.type.BasicTypeRegistry - Adding type registration LocalDateTime -> org.hibernate.type.LocalDateTimeType@3c9b7dcd
21:23:00.210 [Test worker] DEBUG org.hibernate.type.BasicTypeRegistry - Adding type registration java.time.LocalDateTime -> org.hibernate.type.LocalDateTimeType@3c9b7dcd
21:23:00.210 [Test worker] DEBUG org.hibernate.type.BasicTypeRegistry - Adding type registration LocalDate -> org.hibernate.type.LocalDateType@73b9d317
21:23:00.210 [Test worker] DEBUG org.hibernate.type.BasicTypeRegistry - Adding type registration java.time.LocalDate -> org.hibernate.type.LocalDateType@73b9d317
21:23:00.210 [Test worker] DEBUG org.hibernate.type.BasicTypeRegistry - Adding type registration LocalTime -> org.hibernate.type.LocalTimeType@3e938176
21:23:00.210 [Test worker] DEBUG org.hibernate.type.BasicTypeRegistry - Adding type registration java.time.LocalTime -> org.hibernate.type.LocalTimeType@3e938176
21:23:00.210 [Test worker] DEBUG org.hibernate.type.BasicTypeRegistry - Adding type registration OffsetDateTime -> org.hibernate.type.OffsetDateTimeType@1006f6a5
21:23:00.210 [Test worker] DEBUG org.hibernate.type.BasicTypeRegistry - Adding type registration java.time.OffsetDateTime -> org.hibernate.type.OffsetDateTimeType@1006f6a5
21:23:00.210 [Test worker] DEBUG org.hibernate.type.BasicTypeRegistry - Adding type registration OffsetTime -> org.hibernate.type.OffsetTimeType@5ebf30b8
21:23:00.210 [Test worker] DEBUG org.hibernate.type.BasicTypeRegistry - Adding type registration java.time.OffsetTime -> org.hibernate.type.OffsetTimeType@5ebf30b8
21:23:00.210 [Test worker] DEBUG org.hibernate.type.BasicTypeRegistry - Adding type registration ZonedDateTime -> org.hibernate.type.ZonedDateTimeType@5ecdce3a
21:23:00.210 [Test worker] DEBUG org.hibernate.type.BasicTypeRegistry - Adding type registration java.time.ZonedDateTime -> org.hibernate.type.ZonedDateTimeType@5ecdce3a
21:23:00.210 [Test worker] DEBUG org.hibernate.type.BasicTypeRegistry - Adding type registration date -> org.hibernate.type.DateType@34878a9c
21:23:00.210 [Test worker] DEBUG org.hibernate.type.BasicTypeRegistry - Adding type registration java.sql.Date -> org.hibernate.type.DateType@34878a9c
21:23:00.210 [Test worker] DEBUG org.hibernate.type.BasicTypeRegistry - Adding type registration time -> org.hibernate.type.TimeType@4be75fc9
21:23:00.210 [Test worker] DEBUG org.hibernate.type.BasicTypeRegistry - Adding type registration java.sql.Time -> org.hibernate.type.TimeType@4be75fc9
21:23:00.210 [Test worker] DEBUG org.hibernate.type.BasicTypeRegistry - Adding type registration timestamp -> org.hibernate.type.TimestampType@cd6dcfb
21:23:00.210 [Test worker] DEBUG org.hibernate.type.BasicTypeRegistry - Adding type registration java.sql.Timestamp -> org.hibernate.type.TimestampType@cd6dcfb
21:23:00.210 [Test worker] DEBUG org.hibernate.type.BasicTypeRegistry - Adding type registration java.util.Date -> org.hibernate.type.TimestampType@cd6dcfb
21:23:00.210 [Test worker] DEBUG org.hibernate.type.BasicTypeRegistry - Adding type registration dbtimestamp -> org.hibernate.type.DbTimestampType@6f70db50
21:23:00.210 [Test worker] DEBUG org.hibernate.type.BasicTypeRegistry - Adding type registration calendar -> org.hibernate.type.CalendarType@232580e4
21:23:00.210 [Test worker] DEBUG org.hibernate.type.BasicTypeRegistry - Adding type registration java.util.Calendar -> org.hibernate.type.CalendarType@232580e4
21:23:00.210 [Test worker] DEBUG org.hibernate.type.BasicTypeRegistry - Adding type registration java.util.GregorianCalendar -> org.hibernate.type.CalendarType@232580e4
21:23:00.210 [Test worker] DEBUG org.hibernate.type.BasicTypeRegistry - Adding type registration calendar_date -> org.hibernate.type.CalendarDateType@2d226c99
21:23:00.210 [Test worker] DEBUG org.hibernate.type.BasicTypeRegistry - Adding type registration calendar_time -> org.hibernate.type.CalendarTimeType@5f0ca092
21:23:00.210 [Test worker] DEBUG org.hibernate.type.BasicTypeRegistry - Adding type registration locale -> org.hibernate.type.LocaleType@2e7d6fc7
21:23:00.210 [Test worker] DEBUG org.hibernate.type.BasicTypeRegistry - Adding type registration java.util.Locale -> org.hibernate.type.LocaleType@2e7d6fc7
21:23:00.210 [Test worker] DEBUG org.hibernate.type.BasicTypeRegistry - Adding type registration currency -> org.hibernate.type.CurrencyType@298b5abb
21:23:00.210 [Test worker] DEBUG org.hibernate.type.BasicTypeRegistry - Adding type registration java.util.Currency -> org.hibernate.type.CurrencyType@298b5abb
21:23:00.210 [Test worker] DEBUG org.hibernate.type.BasicTypeRegistry - Adding type registration timezone -> org.hibernate.type.TimeZoneType@6a7223ce
21:23:00.210 [Test worker] DEBUG org.hibernate.type.BasicTypeRegistry - Adding type registration java.util.TimeZone -> org.hibernate.type.TimeZoneType@6a7223ce
21:23:00.210 [Test worker] DEBUG org.hibernate.type.BasicTypeRegistry - Adding type registration class -> org.hibernate.type.ClassType@17c86e61
21:23:00.210 [Test worker] DEBUG org.hibernate.type.BasicTypeRegistry - Adding type registration java.lang.Class -> org.hibernate.type.ClassType@17c86e61
21:23:00.210 [Test worker] DEBUG org.hibernate.type.BasicTypeRegistry - Adding type registration uuid-binary -> org.hibernate.type.UUIDBinaryType@165a29f7
21:23:00.210 [Test worker] DEBUG org.hibernate.type.BasicTypeRegistry - Adding type registration java.util.UUID -> org.hibernate.type.UUIDBinaryType@165a29f7
21:23:00.210 [Test worker] DEBUG org.hibernate.type.BasicTypeRegistry - Adding type registration uuid-char -> org.hibernate.type.UUIDCharType@57061eb5
21:23:00.210 [Test worker] DEBUG org.hibernate.type.BasicTypeRegistry - Adding type registration binary -> org.hibernate.type.BinaryType@377a3a57
21:23:00.210 [Test worker] DEBUG org.hibernate.type.BasicTypeRegistry - Adding type registration byte[] -> org.hibernate.type.BinaryType@377a3a57
21:23:00.210 [Test worker] DEBUG org.hibernate.type.BasicTypeRegistry - Adding type registration [B -> org.hibernate.type.BinaryType@377a3a57
21:23:00.210 [Test worker] DEBUG org.hibernate.type.BasicTypeRegistry - Adding type registration wrapper-binary -> org.hibernate.type.WrapperBinaryType@15236686
21:23:00.210 [Test worker] DEBUG org.hibernate.type.BasicTypeRegistry - Adding type registration Byte[] -> org.hibernate.type.WrapperBinaryType@15236686
21:23:00.210 [Test worker] DEBUG org.hibernate.type.BasicTypeRegistry - Adding type registration [Ljava.lang.Byte; -> org.hibernate.type.WrapperBinaryType@15236686
21:23:00.210 [Test worker] DEBUG org.hibernate.type.BasicTypeRegistry - Adding type registration row_version -> org.hibernate.type.RowVersionType@480544d3
21:23:00.210 [Test worker] DEBUG org.hibernate.type.BasicTypeRegistry - Adding type registration image -> org.hibernate.type.ImageType@a74733d
21:23:00.210 [Test worker] DEBUG org.hibernate.type.BasicTypeRegistry - Adding type registration characters -> org.hibernate.type.CharArrayType@10b707f8
21:23:00.210 [Test worker] DEBUG org.hibernate.type.BasicTypeRegistry - Adding type registration char[] -> org.hibernate.type.CharArrayType@10b707f8
21:23:00.210 [Test worker] DEBUG org.hibernate.type.BasicTypeRegistry - Adding type registration [C -> org.hibernate.type.CharArrayType@10b707f8
21:23:00.210 [Test worker] DEBUG org.hibernate.type.BasicTypeRegistry - Adding type registration wrapper-characters -> org.hibernate.type.CharacterArrayType@7586a107
21:23:00.210 [Test worker] DEBUG org.hibernate.type.BasicTypeRegistry - Adding type registration [Ljava.lang.Character; -> org.hibernate.type.CharacterArrayType@7586a107
21:23:00.210 [Test worker] DEBUG org.hibernate.type.BasicTypeRegistry - Adding type registration Character[] -> org.hibernate.type.CharacterArrayType@7586a107
21:23:00.210 [Test worker] DEBUG org.hibernate.type.BasicTypeRegistry - Adding type registration text -> org.hibernate.type.TextType@28e7117
21:23:00.210 [Test worker] DEBUG org.hibernate.type.BasicTypeRegistry - Adding type registration ntext -> org.hibernate.type.NTextType@4fe7c4b8
21:23:00.210 [Test worker] DEBUG org.hibernate.type.BasicTypeRegistry - Adding type registration blob -> org.hibernate.type.BlobType@69ff7971
21:23:00.210 [Test worker] DEBUG org.hibernate.type.BasicTypeRegistry - Adding type registration java.sql.Blob -> org.hibernate.type.BlobType@69ff7971
21:23:00.210 [Test worker] DEBUG org.hibernate.type.BasicTypeRegistry - Adding type registration materialized_blob -> org.hibernate.type.MaterializedBlobType@29a6bbfa
21:23:00.210 [Test worker] DEBUG org.hibernate.type.BasicTypeRegistry - Adding type registration clob -> org.hibernate.type.ClobType@6243fc09
21:23:00.210 [Test worker] DEBUG org.hibernate.type.BasicTypeRegistry - Adding type registration java.sql.Clob -> org.hibernate.type.ClobType@6243fc09
21:23:00.210 [Test worker] DEBUG org.hibernate.type.BasicTypeRegistry - Adding type registration nclob -> org.hibernate.type.NClobType@7a0e9fb4
21:23:00.210 [Test worker] DEBUG org.hibernate.type.BasicTypeRegistry - Adding type registration java.sql.NClob -> org.hibernate.type.NClobType@7a0e9fb4
21:23:00.210 [Test worker] DEBUG org.hibernate.type.BasicTypeRegistry - Adding type registration materialized_clob -> org.hibernate.type.MaterializedClobType@5568af29
21:23:00.210 [Test worker] DEBUG org.hibernate.type.BasicTypeRegistry - Adding type registration materialized_nclob -> org.hibernate.type.MaterializedNClobType@43589365
21:23:00.210 [Test worker] DEBUG org.hibernate.type.BasicTypeRegistry - Adding type registration serializable -> org.hibernate.type.SerializableType@49b714f8
21:23:00.210 [Test worker] DEBUG org.hibernate.type.BasicTypeRegistry - Adding type registration object -> org.hibernate.type.ObjectType@4b6f241f
21:23:00.210 [Test worker] DEBUG org.hibernate.type.BasicTypeRegistry - Adding type registration java.lang.Object -> org.hibernate.type.ObjectType@4b6f241f
21:23:00.210 [Test worker] DEBUG org.hibernate.type.BasicTypeRegistry - Adding type registration imm_date -> org.hibernate.type.AdaptedImmutableType@21d58964
21:23:00.210 [Test worker] DEBUG org.hibernate.type.BasicTypeRegistry - Adding type registration imm_time -> org.hibernate.type.AdaptedImmutableType@2a1de9fa
21:23:00.210 [Test worker] DEBUG org.hibernate.type.BasicTypeRegistry - Adding type registration imm_timestamp -> org.hibernate.type.AdaptedImmutableType@78f69cf0
21:23:00.210 [Test worker] DEBUG org.hibernate.type.BasicTypeRegistry - Adding type registration imm_dbtimestamp -> org.hibernate.type.AdaptedImmutableType@484073c9
21:23:00.210 [Test worker] DEBUG org.hibernate.type.BasicTypeRegistry - Adding type registration imm_calendar -> org.hibernate.type.AdaptedImmutableType@45d34d0c
21:23:00.210 [Test worker] DEBUG org.hibernate.type.BasicTypeRegistry - Adding type registration imm_calendar_date -> org.hibernate.type.AdaptedImmutableType@442e75
21:23:00.210 [Test worker] DEBUG org.hibernate.type.BasicTypeRegistry - Adding type registration imm_binary -> org.hibernate.type.AdaptedImmutableType@4c193391
21:23:00.210 [Test worker] DEBUG org.hibernate.type.BasicTypeRegistry - Adding type registration imm_serializable -> org.hibernate.type.AdaptedImmutableType@78ccfe0
21:23:00.210 [Test worker] DEBUG org.hibernate.id.factory.internal.DefaultIdentifierGeneratorFactory - Registering IdentifierGenerator strategy [uuid2] -> [org.hibernate.id.UUIDGenerator]
21:23:00.210 [Test worker] DEBUG org.hibernate.id.factory.internal.DefaultIdentifierGeneratorFactory - Registering IdentifierGenerator strategy [guid] -> [org.hibernate.id.GUIDGenerator]
21:23:00.210 [Test worker] DEBUG org.hibernate.id.factory.internal.DefaultIdentifierGeneratorFactory - Registering IdentifierGenerator strategy [uuid] -> [org.hibernate.id.UUIDHexGenerator]
21:23:00.210 [Test worker] DEBUG org.hibernate.id.factory.internal.DefaultIdentifierGeneratorFactory - Registering IdentifierGenerator strategy [uuid.hex] -> [org.hibernate.id.UUIDHexGenerator]
21:23:00.210 [Test worker] DEBUG org.hibernate.id.factory.internal.DefaultIdentifierGeneratorFactory - Registering IdentifierGenerator strategy [assigned] -> [org.hibernate.id.Assigned]
21:23:00.210 [Test worker] DEBUG org.hibernate.id.factory.internal.DefaultIdentifierGeneratorFactory - Registering IdentifierGenerator strategy [identity] -> [org.hibernate.id.IdentityGenerator]
21:23:00.210 [Test worker] DEBUG org.hibernate.id.factory.internal.DefaultIdentifierGeneratorFactory - Registering IdentifierGenerator strategy [select] -> [org.hibernate.id.SelectGenerator]
21:23:00.210 [Test worker] DEBUG org.hibernate.id.factory.internal.DefaultIdentifierGeneratorFactory - Registering IdentifierGenerator strategy [sequence] -> [org.hibernate.id.enhanced.SequenceStyleGenerator]
21:23:00.210 [Test worker] DEBUG org.hibernate.id.factory.internal.DefaultIdentifierGeneratorFactory - Registering IdentifierGenerator strategy [seqhilo] -> [org.hibernate.id.SequenceHiLoGenerator]
21:23:00.210 [Test worker] DEBUG org.hibernate.id.factory.internal.DefaultIdentifierGeneratorFactory - Registering IdentifierGenerator strategy [increment] -> [org.hibernate.id.IncrementGenerator]
21:23:00.210 [Test worker] DEBUG org.hibernate.id.factory.internal.DefaultIdentifierGeneratorFactory - Registering IdentifierGenerator strategy [foreign] -> [org.hibernate.id.ForeignGenerator]
21:23:00.210 [Test worker] DEBUG org.hibernate.id.factory.internal.DefaultIdentifierGeneratorFactory - Registering IdentifierGenerator strategy [sequence-identity] -> [org.hibernate.id.SequenceIdentityGenerator]
21:23:00.210 [Test worker] DEBUG org.hibernate.id.factory.internal.DefaultIdentifierGeneratorFactory - Registering IdentifierGenerator strategy [enhanced-sequence] -> [org.hibernate.id.enhanced.SequenceStyleGenerator]
21:23:00.210 [Test worker] DEBUG org.hibernate.id.factory.internal.DefaultIdentifierGeneratorFactory - Registering IdentifierGenerator strategy [enhanced-table] -> [org.hibernate.id.enhanced.TableGenerator]
21:23:00.210 [Test worker] WARN org.hibernate.orm.connections.pooling - HHH10001002: Using Hibernate built-in connection pool (not for production use!)
21:23:00.210 [Test worker] INFO org.hibernate.orm.connections.pooling - HHH10001005: using driver [org.sqlite.JDBC] at URL [jdbc:sqlite:D:\Facultate\Projects\OrganizareCompanie\database]
21:23:00.210 [Test worker] INFO org.hibernate.orm.connections.pooling - HHH10001001: Connection properties: {password=root, user=root}
21:23:00.210 [Test worker] INFO org.hibernate.orm.connections.pooling - HHH10001003: Autocommit mode: false
21:23:00.210 [Test worker] DEBUG org.hibernate.engine.jdbc.connections.internal.DriverManagerConnectionProviderImpl - Initializing Connection pool with 1 Connections
21:23:00.210 [Test worker] INFO org.hibernate.engine.jdbc.connections.internal.DriverManagerConnectionProviderImpl - HHH000115: Hibernate connection pool size: 1 (min=1)
21:23:00.210 [Test worker] DEBUG org.hibernate.engine.jdbc.env.internal.JdbcEnvironmentInitiator - Database ->
       name : SQLite
    version : 3.34.0
      major : 3
      minor : 34
21:23:00.210 [Test worker] DEBUG org.hibernate.engine.jdbc.env.internal.JdbcEnvironmentInitiator - Driver ->
       name : SQLite JDBC
    version : 3.34.0
      major : 3
      minor : 34
21:23:00.210 [Test worker] DEBUG org.hibernate.engine.jdbc.env.internal.JdbcEnvironmentInitiator - JDBC version : 2.1
21:23:00.210 [Test worker] INFO org.hibernate.dialect.Dialect - HHH000400: Using dialect: utils.SQLiteDialect
21:23:00.210 [Test worker] DEBUG org.hibernate.engine.jdbc.env.spi.IdentifierHelperBuilder - JDBC driver metadata reported database stores quoted identifiers in neither upper, lower nor mixed case
21:23:00.210 [Test worker] DEBUG org.hibernate.engine.jdbc.env.spi.IdentifierHelperBuilder - IdentifierCaseStrategy for both quoted and unquoted identifiers was set to the same strategy [MIXED]; that will likely lead to problems in schema update and validation if using quoted identifiers
21:23:00.210 [Test worker] DEBUG org.hibernate.engine.jdbc.env.internal.LobCreatorBuilderImpl - HHH000423: Disabling contextual LOB creation as JDBC driver reported JDBC version [2] less than 4
21:23:00.210 [Test worker] DEBUG org.hibernate.boot.model.relational.Namespace - Created database namespace [logicalName=Name{catalog=null, schema=null}, physicalName=Name{catalog=null, schema=null}]
21:23:00.210 [Test worker] DEBUG org.hibernate.type.descriptor.java.JavaTypeDescriptorRegistry - JavaTypeDescriptorRegistry entry replaced : class java.time.Duration -> org.hibernate.type.descriptor.java.DurationJavaDescriptor@484b819 (was org.hibernate.type.descriptor.java.DurationJavaDescriptor@484b819)
21:23:00.210 [Test worker] DEBUG org.hibernate.type.descriptor.java.JavaTypeDescriptorRegistry - JavaTypeDescriptorRegistry entry replaced : class java.time.Instant -> org.hibernate.type.descriptor.java.InstantJavaDescriptor@7a6a60d2 (was org.hibernate.type.descriptor.java.InstantJavaDescriptor@7a6a60d2)
21:23:00.210 [Test worker] DEBUG org.hibernate.type.descriptor.java.JavaTypeDescriptorRegistry - JavaTypeDescriptorRegistry entry replaced : class java.time.LocalDate -> org.hibernate.type.descriptor.java.LocalDateJavaDescriptor@7ac3817d (was org.hibernate.type.descriptor.java.LocalDateJavaDescriptor@7ac3817d)
21:23:00.210 [Test worker] DEBUG org.hibernate.type.descriptor.java.JavaTypeDescriptorRegistry - JavaTypeDescriptorRegistry entry replaced : class java.time.LocalDateTime -> org.hibernate.type.descriptor.java.LocalDateTimeJavaDescriptor@616d0e6e (was org.hibernate.type.descriptor.java.LocalDateTimeJavaDescriptor@616d0e6e)
21:23:00.210 [Test worker] DEBUG org.hibernate.type.descriptor.java.JavaTypeDescriptorRegistry - JavaTypeDescriptorRegistry entry replaced : class java.time.OffsetDateTime -> org.hibernate.type.descriptor.java.OffsetDateTimeJavaDescriptor@4008262a (was org.hibernate.type.descriptor.java.OffsetDateTimeJavaDescriptor@4008262a)
21:23:00.210 [Test worker] DEBUG org.hibernate.type.descriptor.java.JavaTypeDescriptorRegistry - JavaTypeDescriptorRegistry entry replaced : class java.time.OffsetTime -> org.hibernate.type.descriptor.java.OffsetTimeJavaDescriptor@69cda209 (was org.hibernate.type.descriptor.java.OffsetTimeJavaDescriptor@69cda209)
21:23:00.210 [Test worker] DEBUG org.hibernate.type.descriptor.java.JavaTypeDescriptorRegistry - JavaTypeDescriptorRegistry entry replaced : class java.time.ZonedDateTime -> org.hibernate.type.descriptor.java.ZonedDateTimeJavaDescriptor@f630e24 (was org.hibernate.type.descriptor.java.ZonedDateTimeJavaDescriptor@f630e24)
21:23:00.210 [Test worker] DEBUG org.hibernate.type.BasicTypeRegistry - Adding type registration Duration -> org.hibernate.type.DurationType@1f6d6ec5
21:23:00.210 [Test worker] DEBUG org.hibernate.type.BasicTypeRegistry - Adding type registration java.time.Duration -> org.hibernate.type.DurationType@1f6d6ec5
21:23:00.210 [Test worker] DEBUG org.hibernate.type.BasicTypeRegistry - Adding type registration Instant -> org.hibernate.type.InstantType@799b3880
21:23:00.210 [Test worker] DEBUG org.hibernate.type.BasicTypeRegistry - Adding type registration java.time.Instant -> org.hibernate.type.InstantType@799b3880
21:23:00.210 [Test worker] DEBUG org.hibernate.type.BasicTypeRegistry - Adding type registration LocalDateTime -> org.hibernate.type.LocalDateTimeType@3c9b7dcd
21:23:00.210 [Test worker] DEBUG org.hibernate.type.BasicTypeRegistry - Adding type registration java.time.LocalDateTime -> org.hibernate.type.LocalDateTimeType@3c9b7dcd
21:23:00.210 [Test worker] DEBUG org.hibernate.type.BasicTypeRegistry - Adding type registration LocalDate -> org.hibernate.type.LocalDateType@73b9d317
21:23:00.210 [Test worker] DEBUG org.hibernate.type.BasicTypeRegistry - Adding type registration java.time.LocalDate -> org.hibernate.type.LocalDateType@73b9d317
21:23:00.210 [Test worker] DEBUG org.hibernate.type.BasicTypeRegistry - Adding type registration LocalTime -> org.hibernate.type.LocalTimeType@3e938176
21:23:00.210 [Test worker] DEBUG org.hibernate.type.BasicTypeRegistry - Adding type registration java.time.LocalTime -> org.hibernate.type.LocalTimeType@3e938176
21:23:00.210 [Test worker] DEBUG org.hibernate.type.BasicTypeRegistry - Adding type registration OffsetDateTime -> org.hibernate.type.OffsetDateTimeType@1006f6a5
21:23:00.210 [Test worker] DEBUG org.hibernate.type.BasicTypeRegistry - Adding type registration java.time.OffsetDateTime -> org.hibernate.type.OffsetDateTimeType@1006f6a5
21:23:00.210 [Test worker] DEBUG org.hibernate.type.BasicTypeRegistry - Adding type registration OffsetTime -> org.hibernate.type.OffsetTimeType@5ebf30b8
21:23:00.210 [Test worker] DEBUG org.hibernate.type.BasicTypeRegistry - Adding type registration java.time.OffsetTime -> org.hibernate.type.OffsetTimeType@5ebf30b8
21:23:00.210 [Test worker] DEBUG org.hibernate.type.BasicTypeRegistry - Adding type registration ZonedDateTime -> org.hibernate.type.ZonedDateTimeType@5ecdce3a
21:23:00.210 [Test worker] DEBUG org.hibernate.type.BasicTypeRegistry - Adding type registration java.time.ZonedDateTime -> org.hibernate.type.ZonedDateTimeType@5ecdce3a
21:23:00.210 [Test worker] DEBUG org.hibernate.type.spi.TypeConfiguration$Scope - Scoping TypeConfiguration [org.hibernate.type.spi.TypeConfiguration@767d05ac] to MetadataBuildingContext [org.hibernate.boot.internal.MetadataBuildingContextRootImpl@7d62a4d8]
21:23:00.210 [Test worker] DEBUG org.hibernate.cfg.AnnotationBinder - Binding entity from annotated class: domain.Angajat
21:23:00.210 [Test worker] DEBUG org.hibernate.cfg.Ejb3Column - Binding column: Ejb3DiscriminatorColumn{logicalColumnName'DTYPE', discriminatorTypeName='string'}
21:23:00.210 [Test worker] DEBUG org.hibernate.cfg.annotations.EntityBinder - Import with entity name Angajat
21:23:00.210 [Test worker] DEBUG org.hibernate.cfg.annotations.EntityBinder - Bind entity domain.Angajat on table angajati
21:23:00.210 [Test worker] DEBUG org.hibernate.cfg.Ejb3Column - Binding column: Ejb3Column{table=org.hibernate.mapping.Table(angajati), mappingColumn=id, insertable=true, updatable=true, unique=false}
21:23:00.210 [Test worker] DEBUG org.hibernate.boot.internal.ClassLoaderAccessImpl - Not known whether passed class name [domain.Angajat] is safe
21:23:00.210 [Test worker] DEBUG org.hibernate.boot.internal.ClassLoaderAccessImpl - No temp ClassLoader provided; using live ClassLoader for loading potentially unsafe class : domain.Angajat
21:23:00.210 [Test worker] DEBUG org.hibernate.cfg.annotations.PropertyBinder - MetadataSourceProcessor property id with lazy=false
21:23:00.210 [Test worker] DEBUG org.hibernate.cfg.AbstractPropertyHolder - Attempting to locate auto-apply AttributeConverter for property [domain.Angajat:id]
21:23:00.210 [Test worker] DEBUG org.hibernate.cfg.annotations.SimpleValueBinder - building SimpleValue for id
21:23:00.210 [Test worker] DEBUG org.hibernate.cfg.annotations.PropertyBinder - Building property id
21:23:00.226 [Test worker] DEBUG org.hibernate.cfg.BinderHelper - #makeIdGenerator(org.hibernate.mapping.SimpleValue([org.hibernate.mapping.Column(id)]), id, identity, , ...)
21:23:00.226 [Test worker] DEBUG org.hibernate.cfg.Ejb3Column - Binding column: Ejb3JoinColumn{logicalColumnName='null', referencedColumn='null', mappedBy='angajat'}
21:23:00.226 [Test worker] DEBUG org.hibernate.cfg.Ejb3Column - Binding column: Ejb3Column{table=org.hibernate.mapping.Table(angajati), mappingColumn=concedii, insertable=true, updatable=true, unique=false}
21:23:00.226 [Test worker] DEBUG org.hibernate.cfg.Ejb3Column - Binding column: Ejb3Column{table=org.hibernate.mapping.Table(angajati), mappingColumn=null, insertable=true, updatable=true, unique=false}
21:23:00.226 [Test worker] DEBUG org.hibernate.cfg.Ejb3Column - Binding column: Ejb3Column{table=org.hibernate.mapping.Table(angajati), mappingColumn=element, insertable=true, updatable=true, unique=false}
21:23:00.226 [Test worker] DEBUG org.hibernate.cfg.Ejb3Column - Binding column: Ejb3Column{table=org.hibernate.mapping.Table(angajati), mappingColumn=concedii_KEY, insertable=true, updatable=true, unique=false}
21:23:00.226 [Test worker] DEBUG org.hibernate.cfg.Ejb3Column - Binding column: Ejb3JoinColumn{logicalColumnName='concedii_KEY', referencedColumn='null', mappedBy='null'}
21:23:00.226 [Test worker] DEBUG org.hibernate.cfg.Ejb3Column - Binding column: Ejb3JoinColumn{logicalColumnName='null', referencedColumn='null', mappedBy='angajat'}
21:23:00.226 [Test worker] DEBUG org.hibernate.cfg.Ejb3Column - Binding column: Ejb3JoinColumn{logicalColumnName='null', referencedColumn='null', mappedBy='angajat'}
21:23:00.226 [Test worker] DEBUG org.hibernate.cfg.annotations.CollectionBinder - Collection role: domain.Angajat.concedii
21:23:00.226 [Test worker] DEBUG org.hibernate.cfg.annotations.PropertyBinder - Building property concedii
21:23:00.226 [Test worker] DEBUG org.hibernate.cfg.Ejb3Column - Binding column: Ejb3Column{table=org.hibernate.mapping.Table(angajati), mappingColumn=data_angajare, insertable=true, updatable=true, unique=false}
21:23:00.226 [Test worker] DEBUG org.hibernate.cfg.annotations.PropertyBinder - MetadataSourceProcessor property dataAngajare with lazy=false
21:23:00.226 [Test worker] DEBUG org.hibernate.cfg.AbstractPropertyHolder - Attempting to locate auto-apply AttributeConverter for property [domain.Angajat:dataAngajare]
21:23:00.226 [Test worker] DEBUG org.hibernate.cfg.annotations.SimpleValueBinder - building SimpleValue for dataAngajare
21:23:00.226 [Test worker] DEBUG org.hibernate.cfg.annotations.PropertyBinder - Building property dataAngajare
21:23:00.226 [Test worker] DEBUG org.hibernate.cfg.Ejb3Column - Binding column: Ejb3Column{table=org.hibernate.mapping.Table(angajati), mappingColumn=null, insertable=true, updatable=true, unique=false}
21:23:00.226 [Test worker] DEBUG org.hibernate.cfg.Ejb3Column - Binding column: Ejb3Column{table=org.hibernate.mapping.Table(angajati), mappingColumn=element, insertable=true, updatable=true, unique=false}
21:23:00.226 [Test worker] DEBUG org.hibernate.cfg.Ejb3Column - Binding column: Ejb3Column{table=org.hibernate.mapping.Table(angajati), mappingColumn=departamente_KEY, insertable=true, updatable=true, unique=false}
21:23:00.226 [Test worker] DEBUG org.hibernate.cfg.Ejb3Column - Binding column: Ejb3JoinColumn{logicalColumnName='departamente_KEY', referencedColumn='null', mappedBy='null'}
21:23:00.226 [Test worker] DEBUG org.hibernate.cfg.Ejb3Column - Binding column: Ejb3JoinColumn{logicalColumnName='id_angajat', referencedColumn='', mappedBy=''}
21:23:00.226 [Test worker] DEBUG org.hibernate.cfg.Ejb3Column - Binding column: Ejb3JoinColumn{logicalColumnName='id_departament', referencedColumn='', mappedBy=''}
21:23:00.226 [Test worker] DEBUG org.hibernate.cfg.annotations.CollectionBinder - Collection role: domain.Angajat.departamente
21:23:00.226 [Test worker] DEBUG org.hibernate.cfg.annotations.PropertyBinder - Building property departamente
21:23:00.226 [Test worker] DEBUG org.hibernate.cfg.Ejb3Column - Binding column: Ejb3JoinColumn{logicalColumnName='null', referencedColumn='null', mappedBy='null'}
21:23:00.226 [Test worker] DEBUG org.hibernate.cfg.Ejb3Column - Binding column: Ejb3Column{table=org.hibernate.mapping.Table(angajati), mappingColumn=functie, insertable=true, updatable=true, unique=false}
21:23:00.226 [Test worker] DEBUG org.hibernate.cfg.annotations.PropertyBinder - Building property functie
21:23:00.226 [Test worker] DEBUG org.hibernate.cfg.Ejb3Column - Binding column: Ejb3Column{table=org.hibernate.mapping.Table(angajati), mappingColumn=id_superior, insertable=true, updatable=true, unique=false}
21:23:00.226 [Test worker] DEBUG org.hibernate.cfg.annotations.PropertyBinder - MetadataSourceProcessor property idSuperior with lazy=false
21:23:00.226 [Test worker] DEBUG org.hibernate.cfg.AbstractPropertyHolder - Attempting to locate auto-apply AttributeConverter for property [domain.Angajat:idSuperior]
21:23:00.226 [Test worker] DEBUG org.hibernate.cfg.annotations.SimpleValueBinder - building SimpleValue for idSuperior
21:23:00.226 [Test worker] DEBUG org.hibernate.cfg.annotations.PropertyBinder - Building property idSuperior
21:23:00.226 [Test worker] DEBUG org.hibernate.cfg.Ejb3Column - Binding column: Ejb3Column{table=org.hibernate.mapping.Table(angajati), mappingColumn=null, insertable=true, updatable=true, unique=false}
21:23:00.226 [Test worker] DEBUG org.hibernate.cfg.Ejb3Column - Binding column: Ejb3Column{table=org.hibernate.mapping.Table(angajati), mappingColumn=element, insertable=true, updatable=true, unique=false}
21:23:00.226 [Test worker] DEBUG org.hibernate.cfg.Ejb3Column - Binding column: Ejb3Column{table=org.hibernate.mapping.Table(angajati), mappingColumn=proiecte_KEY, insertable=true, updatable=true, unique=false}
21:23:00.226 [Test worker] DEBUG org.hibernate.cfg.Ejb3Column - Binding column: Ejb3JoinColumn{logicalColumnName='proiecte_KEY', referencedColumn='null', mappedBy='null'}
21:23:00.226 [Test worker] DEBUG org.hibernate.cfg.Ejb3Column - Binding column: Ejb3JoinColumn{logicalColumnName='id_angajat', referencedColumn='', mappedBy=''}
21:23:00.226 [Test worker] DEBUG org.hibernate.cfg.Ejb3Column - Binding column: Ejb3JoinColumn{logicalColumnName='id_proiect', referencedColumn='', mappedBy=''}
21:23:00.226 [Test worker] DEBUG org.hibernate.cfg.annotations.CollectionBinder - Collection role: domain.Angajat.proiecte
21:23:00.226 [Test worker] DEBUG org.hibernate.cfg.annotations.PropertyBinder - Building property proiecte
21:23:00.226 [Test worker] DEBUG org.hibernate.cfg.AnnotationBinder - Binding entity from annotated class: domain.Concediu
21:23:00.226 [Test worker] DEBUG org.hibernate.cfg.Ejb3Column - Binding column: Ejb3DiscriminatorColumn{logicalColumnName'DTYPE', discriminatorTypeName='string'}
21:23:00.226 [Test worker] DEBUG org.hibernate.cfg.annotations.EntityBinder - Import with entity name Concediu
21:23:00.226 [Test worker] DEBUG org.hibernate.cfg.annotations.EntityBinder - Bind entity domain.Concediu on table concedii
21:23:00.226 [Test worker] DEBUG org.hibernate.cfg.Ejb3Column - Binding column: Ejb3Column{table=org.hibernate.mapping.Table(concedii), mappingColumn=id, insertable=true, updatable=true, unique=false}
21:23:00.226 [Test worker] DEBUG org.hibernate.boot.internal.ClassLoaderAccessImpl - Not known whether passed class name [domain.Concediu] is safe
21:23:00.226 [Test worker] DEBUG org.hibernate.boot.internal.ClassLoaderAccessImpl - No temp ClassLoader provided; using live ClassLoader for loading potentially unsafe class : domain.Concediu
21:23:00.226 [Test worker] DEBUG org.hibernate.cfg.annotations.PropertyBinder - MetadataSourceProcessor property id with lazy=false
21:23:00.226 [Test worker] DEBUG org.hibernate.cfg.AbstractPropertyHolder - Attempting to locate auto-apply AttributeConverter for property [domain.Concediu:id]
21:23:00.226 [Test worker] DEBUG org.hibernate.cfg.annotations.SimpleValueBinder - building SimpleValue for id
21:23:00.226 [Test worker] DEBUG org.hibernate.cfg.annotations.PropertyBinder - Building property id
21:23:00.226 [Test worker] DEBUG org.hibernate.cfg.BinderHelper - #makeIdGenerator(org.hibernate.mapping.SimpleValue([org.hibernate.mapping.Column(id)]), id, identity, , ...)
21:23:00.226 [Test worker] DEBUG org.hibernate.cfg.Ejb3Column - Binding column: Ejb3JoinColumn{logicalColumnName='id_angajat', referencedColumn='', mappedBy=''}
21:23:00.226 [Test worker] DEBUG org.hibernate.cfg.Ejb3Column - Binding column: Ejb3Column{table=org.hibernate.mapping.Table(concedii), mappingColumn=angajat, insertable=true, updatable=true, unique=false}
21:23:00.226 [Test worker] DEBUG org.hibernate.cfg.annotations.PropertyBinder - Building property angajat
21:23:00.226 [Test worker] DEBUG org.hibernate.cfg.Ejb3Column - Binding column: Ejb3Column{table=org.hibernate.mapping.Table(concedii), mappingColumn=data_inceput, insertable=true, updatable=true, unique=false}
21:23:00.226 [Test worker] DEBUG org.hibernate.cfg.annotations.PropertyBinder - MetadataSourceProcessor property dataInceput with lazy=false
21:23:00.226 [Test worker] DEBUG org.hibernate.cfg.AbstractPropertyHolder - Attempting to locate auto-apply AttributeConverter for property [domain.Concediu:dataInceput]
21:23:00.226 [Test worker] DEBUG org.hibernate.cfg.annotations.SimpleValueBinder - building SimpleValue for dataInceput
21:23:00.226 [Test worker] DEBUG org.hibernate.cfg.annotations.PropertyBinder - Building property dataInceput
21:23:00.226 [Test worker] DEBUG org.hibernate.cfg.Ejb3Column - Binding column: Ejb3Column{table=org.hibernate.mapping.Table(concedii), mappingColumn=data_sfarsit, insertable=true, updatable=true, unique=false}
21:23:00.226 [Test worker] DEBUG org.hibernate.cfg.annotations.PropertyBinder - MetadataSourceProcessor property dataSfarsit with lazy=false
21:23:00.226 [Test worker] DEBUG org.hibernate.cfg.AbstractPropertyHolder - Attempting to locate auto-apply AttributeConverter for property [domain.Concediu:dataSfarsit]
21:23:00.226 [Test worker] DEBUG org.hibernate.cfg.annotations.SimpleValueBinder - building SimpleValue for dataSfarsit
21:23:00.226 [Test worker] DEBUG org.hibernate.cfg.annotations.PropertyBinder - Building property dataSfarsit
21:23:00.226 [Test worker] DEBUG org.hibernate.cfg.AnnotationBinder - Binding entity from annotated class: domain.Departament
21:23:00.226 [Test worker] DEBUG org.hibernate.cfg.Ejb3Column - Binding column: Ejb3DiscriminatorColumn{logicalColumnName'DTYPE', discriminatorTypeName='string'}
21:23:00.226 [Test worker] DEBUG org.hibernate.cfg.annotations.EntityBinder - Import with entity name Departament
21:23:00.226 [Test worker] DEBUG org.hibernate.cfg.annotations.EntityBinder - Bind entity domain.Departament on table departamente
21:23:00.226 [Test worker] DEBUG org.hibernate.cfg.Ejb3Column - Binding column: Ejb3Column{table=org.hibernate.mapping.Table(departamente), mappingColumn=id, insertable=true, updatable=true, unique=false}
21:23:00.226 [Test worker] DEBUG org.hibernate.boot.internal.ClassLoaderAccessImpl - Not known whether passed class name [domain.Departament] is safe
21:23:00.226 [Test worker] DEBUG org.hibernate.boot.internal.ClassLoaderAccessImpl - No temp ClassLoader provided; using live ClassLoader for loading potentially unsafe class : domain.Departament
21:23:00.226 [Test worker] DEBUG org.hibernate.cfg.annotations.PropertyBinder - MetadataSourceProcessor property id with lazy=false
21:23:00.226 [Test worker] DEBUG org.hibernate.cfg.AbstractPropertyHolder - Attempting to locate auto-apply AttributeConverter for property [domain.Departament:id]
21:23:00.226 [Test worker] DEBUG org.hibernate.cfg.annotations.SimpleValueBinder - building SimpleValue for id
21:23:00.226 [Test worker] DEBUG org.hibernate.cfg.annotations.PropertyBinder - Building property id
21:23:00.226 [Test worker] DEBUG org.hibernate.cfg.BinderHelper - #makeIdGenerator(org.hibernate.mapping.SimpleValue([org.hibernate.mapping.Column(id)]), id, identity, , ...)
21:23:00.226 [Test worker] DEBUG org.hibernate.cfg.Ejb3Column - Binding column: Ejb3Column{table=org.hibernate.mapping.Table(departamente), mappingColumn=id_director, insertable=true, updatable=true, unique=false}
21:23:00.226 [Test worker] DEBUG org.hibernate.cfg.annotations.PropertyBinder - MetadataSourceProcessor property idDirector with lazy=false
21:23:00.226 [Test worker] DEBUG org.hibernate.cfg.AbstractPropertyHolder - Attempting to locate auto-apply AttributeConverter for property [domain.Departament:idDirector]
21:23:00.226 [Test worker] DEBUG org.hibernate.cfg.annotations.SimpleValueBinder - building SimpleValue for idDirector
21:23:00.226 [Test worker] DEBUG org.hibernate.cfg.annotations.PropertyBinder - Building property idDirector
21:23:00.226 [Test worker] DEBUG org.hibernate.cfg.AnnotationBinder - Binding entity from annotated class: domain.Functie
21:23:00.226 [Test worker] DEBUG org.hibernate.cfg.Ejb3Column - Binding column: Ejb3DiscriminatorColumn{logicalColumnName'DTYPE', discriminatorTypeName='string'}
21:23:00.226 [Test worker] DEBUG org.hibernate.cfg.annotations.EntityBinder - Import with entity name Functie
21:23:00.226 [Test worker] DEBUG org.hibernate.cfg.annotations.EntityBinder - Bind entity domain.Functie on table functii
21:23:00.226 [Test worker] DEBUG org.hibernate.cfg.Ejb3Column - Binding column: Ejb3Column{table=org.hibernate.mapping.Table(functii), mappingColumn=id, insertable=true, updatable=true, unique=false}
21:23:00.226 [Test worker] DEBUG org.hibernate.boot.internal.ClassLoaderAccessImpl - Not known whether passed class name [domain.Functie] is safe
21:23:00.226 [Test worker] DEBUG org.hibernate.boot.internal.ClassLoaderAccessImpl - No temp ClassLoader provided; using live ClassLoader for loading potentially unsafe class : domain.Functie
21:23:00.226 [Test worker] DEBUG org.hibernate.cfg.annotations.PropertyBinder - MetadataSourceProcessor property id with lazy=false
21:23:00.226 [Test worker] DEBUG org.hibernate.cfg.AbstractPropertyHolder - Attempting to locate auto-apply AttributeConverter for property [domain.Functie:id]
21:23:00.226 [Test worker] DEBUG org.hibernate.cfg.annotations.SimpleValueBinder - building SimpleValue for id
21:23:00.226 [Test worker] DEBUG org.hibernate.cfg.annotations.PropertyBinder - Building property id
21:23:00.226 [Test worker] DEBUG org.hibernate.cfg.BinderHelper - #makeIdGenerator(org.hibernate.mapping.SimpleValue([org.hibernate.mapping.Column(id)]), id, identity, , ...)
21:23:00.226 [Test worker] DEBUG org.hibernate.cfg.Ejb3Column - Binding column: Ejb3Column{table=org.hibernate.mapping.Table(functii), mappingColumn=salar_de_baza, insertable=true, updatable=true, unique=false}
21:23:00.226 [Test worker] DEBUG org.hibernate.cfg.annotations.PropertyBinder - MetadataSourceProcessor property salarDeBaza with lazy=false
21:23:00.226 [Test worker] DEBUG org.hibernate.cfg.AbstractPropertyHolder - Attempting to locate auto-apply AttributeConverter for property [domain.Functie:salarDeBaza]
21:23:00.226 [Test worker] DEBUG org.hibernate.cfg.annotations.SimpleValueBinder - building SimpleValue for salarDeBaza
21:23:00.226 [Test worker] DEBUG org.hibernate.cfg.annotations.PropertyBinder - Building property salarDeBaza
21:23:00.226 [Test worker] DEBUG org.hibernate.cfg.AnnotationBinder - Binding entity from annotated class: domain.Proiect
21:23:00.226 [Test worker] DEBUG org.hibernate.cfg.Ejb3Column - Binding column: Ejb3DiscriminatorColumn{logicalColumnName'DTYPE', discriminatorTypeName='string'}
21:23:00.226 [Test worker] DEBUG org.hibernate.cfg.annotations.EntityBinder - Import with entity name Proiect
21:23:00.226 [Test worker] DEBUG org.hibernate.cfg.annotations.EntityBinder - Bind entity domain.Proiect on table proiecte
21:23:00.226 [Test worker] DEBUG org.hibernate.cfg.Ejb3Column - Binding column: Ejb3Column{table=org.hibernate.mapping.Table(proiecte), mappingColumn=id, insertable=true, updatable=true, unique=false}
21:23:00.226 [Test worker] DEBUG org.hibernate.boot.internal.ClassLoaderAccessImpl - Not known whether passed class name [domain.Proiect] is safe
21:23:00.226 [Test worker] DEBUG org.hibernate.boot.internal.ClassLoaderAccessImpl - No temp ClassLoader provided; using live ClassLoader for loading potentially unsafe class : domain.Proiect
21:23:00.226 [Test worker] DEBUG org.hibernate.cfg.annotations.PropertyBinder - MetadataSourceProcessor property id with lazy=false
21:23:00.226 [Test worker] DEBUG org.hibernate.cfg.AbstractPropertyHolder - Attempting to locate auto-apply AttributeConverter for property [domain.Proiect:id]
21:23:00.226 [Test worker] DEBUG org.hibernate.cfg.annotations.SimpleValueBinder - building SimpleValue for id
21:23:00.226 [Test worker] DEBUG org.hibernate.cfg.annotations.PropertyBinder - Building property id
21:23:00.226 [Test worker] DEBUG org.hibernate.cfg.BinderHelper - #makeIdGenerator(org.hibernate.mapping.SimpleValue([org.hibernate.mapping.Column(id)]), id, identity, , ...)
21:23:00.226 [Test worker] DEBUG org.hibernate.cfg.Ejb3Column - Binding column: Ejb3Column{table=org.hibernate.mapping.Table(proiecte), mappingColumn=data_inceput, insertable=true, updatable=true, unique=false}
21:23:00.226 [Test worker] DEBUG org.hibernate.cfg.annotations.PropertyBinder - MetadataSourceProcessor property dataInceput with lazy=false
21:23:00.226 [Test worker] DEBUG org.hibernate.cfg.AbstractPropertyHolder - Attempting to locate auto-apply AttributeConverter for property [domain.Proiect:dataInceput]
21:23:00.226 [Test worker] DEBUG org.hibernate.cfg.annotations.SimpleValueBinder - building SimpleValue for dataInceput
21:23:00.226 [Test worker] DEBUG org.hibernate.cfg.annotations.PropertyBinder - Building property dataInceput
21:23:00.226 [Test worker] DEBUG org.hibernate.cfg.Ejb3Column - Binding column: Ejb3Column{table=org.hibernate.mapping.Table(proiecte), mappingColumn=deadline, insertable=true, updatable=true, unique=false}
21:23:00.226 [Test worker] DEBUG org.hibernate.cfg.annotations.PropertyBinder - MetadataSourceProcessor property deadline with lazy=false
21:23:00.226 [Test worker] DEBUG org.hibernate.cfg.AbstractPropertyHolder - Attempting to locate auto-apply AttributeConverter for property [domain.Proiect:deadline]
21:23:00.226 [Test worker] DEBUG org.hibernate.cfg.annotations.SimpleValueBinder - building SimpleValue for deadline
21:23:00.226 [Test worker] DEBUG org.hibernate.cfg.annotations.PropertyBinder - Building property deadline
21:23:00.226 [Test worker] DEBUG org.hibernate.cfg.annotations.SimpleValueBinder - Starting fillSimpleValue for id
21:23:00.226 [Test worker] DEBUG org.hibernate.cfg.annotations.SimpleValueBinder - Starting fillSimpleValue for dataAngajare
21:23:00.226 [Test worker] DEBUG org.hibernate.cfg.annotations.SimpleValueBinder - Starting fillSimpleValue for idSuperior
21:23:00.226 [Test worker] DEBUG org.hibernate.cfg.annotations.SimpleValueBinder - Starting fillSimpleValue for id
21:23:00.226 [Test worker] DEBUG org.hibernate.cfg.annotations.SimpleValueBinder - Starting fillSimpleValue for dataInceput
21:23:00.226 [Test worker] DEBUG org.hibernate.cfg.annotations.SimpleValueBinder - Starting fillSimpleValue for dataSfarsit
21:23:00.226 [Test worker] DEBUG org.hibernate.cfg.annotations.SimpleValueBinder - Starting fillSimpleValue for id
21:23:00.226 [Test worker] DEBUG org.hibernate.cfg.annotations.SimpleValueBinder - Starting fillSimpleValue for idDirector
21:23:00.226 [Test worker] DEBUG org.hibernate.cfg.annotations.SimpleValueBinder - Starting fillSimpleValue for id
21:23:00.226 [Test worker] DEBUG org.hibernate.cfg.annotations.SimpleValueBinder - Starting fillSimpleValue for salarDeBaza
21:23:00.226 [Test worker] DEBUG org.hibernate.cfg.annotations.SimpleValueBinder - Starting fillSimpleValue for id
21:23:00.226 [Test worker] DEBUG org.hibernate.cfg.annotations.SimpleValueBinder - Starting fillSimpleValue for dataInceput
21:23:00.226 [Test worker] DEBUG org.hibernate.cfg.annotations.SimpleValueBinder - Starting fillSimpleValue for deadline
21:23:00.226 [Test worker] DEBUG org.hibernate.mapping.PrimaryKey - Forcing column [id] to be non-null as it is part of the primary key for table [angajati]
21:23:00.226 [Test worker] DEBUG org.hibernate.mapping.PrimaryKey - Forcing column [id] to be non-null as it is part of the primary key for table [concedii]
21:23:00.226 [Test worker] DEBUG org.hibernate.mapping.PrimaryKey - Forcing column [id] to be non-null as it is part of the primary key for table [departamente]
21:23:00.226 [Test worker] DEBUG org.hibernate.mapping.PrimaryKey - Forcing column [id] to be non-null as it is part of the primary key for table [functii]
21:23:00.226 [Test worker] DEBUG org.hibernate.mapping.PrimaryKey - Forcing column [id] to be non-null as it is part of the primary key for table [proiecte]
21:23:00.226 [Test worker] DEBUG org.hibernate.cfg.CollectionSecondPass - Second pass for collection: domain.Angajat.proiecte
21:23:00.226 [Test worker] DEBUG org.hibernate.cfg.annotations.CollectionBinder - Binding as ManyToMany: domain.Angajat.proiecte
21:23:00.226 [Test worker] DEBUG org.hibernate.mapping.PrimaryKey - Forcing column [id_angajat] to be non-null as it is part of the primary key for table [angajati_proiecte]
21:23:00.226 [Test worker] DEBUG org.hibernate.mapping.PrimaryKey - Forcing column [id_proiect] to be non-null as it is part of the primary key for table [angajati_proiecte]
21:23:00.226 [Test worker] DEBUG org.hibernate.cfg.CollectionSecondPass - Mapped collection key: id_angajat, element: id_proiect
21:23:00.226 [Test worker] DEBUG org.hibernate.cfg.CollectionSecondPass - Second pass for collection: domain.Angajat.departamente
21:23:00.226 [Test worker] DEBUG org.hibernate.cfg.annotations.CollectionBinder - Binding as ManyToMany: domain.Angajat.departamente
21:23:00.226 [Test worker] DEBUG org.hibernate.mapping.PrimaryKey - Forcing column [id_angajat] to be non-null as it is part of the primary key for table [angajati_departamente]
21:23:00.226 [Test worker] DEBUG org.hibernate.mapping.PrimaryKey - Forcing column [id_departament] to be non-null as it is part of the primary key for table [angajati_departamente]
21:23:00.226 [Test worker] DEBUG org.hibernate.cfg.CollectionSecondPass - Mapped collection key: id_angajat, element: id_departament
21:23:00.226 [Test worker] DEBUG org.hibernate.cfg.CollectionSecondPass - Second pass for collection: domain.Angajat.concedii
21:23:00.226 [Test worker] DEBUG org.hibernate.cfg.annotations.CollectionBinder - Binding a OneToMany: domain.Angajat.concedii through a foreign key
21:23:00.226 [Test worker] DEBUG org.hibernate.cfg.annotations.CollectionBinder - Mapping collection: domain.Angajat.concedii -> concedii
21:23:00.226 [Test worker] DEBUG org.hibernate.cfg.annotations.TableBinder - Retrieving property domain.Concediu.angajat
21:23:00.226 [Test worker] DEBUG org.hibernate.cfg.CollectionSecondPass - Mapped collection key: id_angajat, one-to-many: domain.Concediu
21:23:00.226 [Test worker] DEBUG org.hibernate.boot.internal.InFlightMetadataCollectorImpl - Resolving reference to class: domain.Functie
21:23:00.226 [Test worker] DEBUG org.hibernate.boot.internal.InFlightMetadataCollectorImpl - Resolving reference to class: domain.Departament
21:23:00.226 [Test worker] DEBUG org.hibernate.boot.internal.InFlightMetadataCollectorImpl - Resolving reference to class: domain.Angajat
21:23:00.226 [Test worker] DEBUG org.hibernate.boot.internal.InFlightMetadataCollectorImpl - Resolving reference to class: domain.Proiect
21:23:00.226 [Test worker] DEBUG org.hibernate.boot.internal.InFlightMetadataCollectorImpl - Resolving reference to class: domain.Angajat
21:23:00.226 [Test worker] DEBUG org.hibernate.boot.internal.InFlightMetadataCollectorImpl - Resolving reference to class: domain.Angajat
21:23:00.226 [Test worker] DEBUG org.hibernate.boot.internal.InFlightMetadataCollectorImpl - Resolving reference to class: domain.Functie
21:23:00.226 [Test worker] DEBUG org.hibernate.boot.internal.InFlightMetadataCollectorImpl - Resolving reference to class: domain.Departament
21:23:00.226 [Test worker] DEBUG org.hibernate.boot.internal.InFlightMetadataCollectorImpl - Resolving reference to class: domain.Angajat
21:23:00.226 [Test worker] DEBUG org.hibernate.boot.internal.InFlightMetadataCollectorImpl - Resolving reference to class: domain.Proiect
21:23:00.226 [Test worker] DEBUG org.hibernate.boot.internal.InFlightMetadataCollectorImpl - Resolving reference to class: domain.Angajat
21:23:00.226 [Test worker] DEBUG org.hibernate.boot.internal.InFlightMetadataCollectorImpl - Resolving reference to class: domain.Angajat
21:23:00.226 [Test worker] DEBUG org.hibernate.internal.SessionFactoryImpl - Building session factory
21:23:00.226 [Test worker] DEBUG org.hibernate.cfg.Settings - SessionFactory name : null
21:23:00.226 [Test worker] DEBUG org.hibernate.cfg.Settings - Automatic flush during beforeCompletion(): enabled
21:23:00.226 [Test worker] DEBUG org.hibernate.cfg.Settings - Automatic session close at end of transaction: disabled
21:23:00.226 [Test worker] DEBUG org.hibernate.cfg.Settings - Statistics: disabled
21:23:00.226 [Test worker] DEBUG org.hibernate.cfg.Settings - Deleted entity synthetic identifier rollback: disabled
21:23:00.226 [Test worker] DEBUG org.hibernate.cfg.Settings - Default entity-mode: pojo
21:23:00.226 [Test worker] DEBUG org.hibernate.cfg.Settings - Check Nullability in Core (should be disabled when Bean Validation is on): enabled
21:23:00.226 [Test worker] DEBUG org.hibernate.cfg.Settings - Allow initialization of lazy state outside session : enabled
21:23:00.226 [Test worker] DEBUG org.hibernate.cfg.Settings - Using BatchFetchStyle : LEGACY
21:23:00.226 [Test worker] DEBUG org.hibernate.cfg.Settings - Default batch fetch size: -1
21:23:00.226 [Test worker] DEBUG org.hibernate.cfg.Settings - Maximum outer join fetch depth: null
21:23:00.226 [Test worker] DEBUG org.hibernate.cfg.Settings - Default null ordering: NONE
21:23:00.226 [Test worker] DEBUG org.hibernate.cfg.Settings - Order SQL updates by primary key: disabled
21:23:00.226 [Test worker] DEBUG org.hibernate.cfg.Settings - Order SQL inserts for batching: disabled
21:23:00.226 [Test worker] DEBUG org.hibernate.cfg.Settings - multi-tenancy strategy : NONE
21:23:00.226 [Test worker] DEBUG org.hibernate.cfg.Settings - JTA Track by Thread: enabled
21:23:00.226 [Test worker] DEBUG org.hibernate.cfg.Settings - Query language substitutions: {}
21:23:00.226 [Test worker] DEBUG org.hibernate.cfg.Settings - Named query checking : enabled
21:23:00.226 [Test worker] DEBUG org.hibernate.cfg.Settings - Second-level cache: disabled
21:23:00.226 [Test worker] DEBUG org.hibernate.cfg.Settings - Second-level query cache: disabled
21:23:00.226 [Test worker] DEBUG org.hibernate.cfg.Settings - Second-level query cache factory: null
21:23:00.226 [Test worker] DEBUG org.hibernate.cfg.Settings - Second-level cache region prefix: null
21:23:00.226 [Test worker] DEBUG org.hibernate.cfg.Settings - Optimize second-level cache for minimal puts: disabled
21:23:00.226 [Test worker] DEBUG org.hibernate.cfg.Settings - Structured second-level cache entries: disabled
21:23:00.226 [Test worker] DEBUG org.hibernate.cfg.Settings - Second-level cache direct-reference entries: disabled
21:23:00.226 [Test worker] DEBUG org.hibernate.cfg.Settings - Automatic eviction of collection cache: disabled
21:23:00.226 [Test worker] DEBUG org.hibernate.cfg.Settings - JDBC batch size: 0
21:23:00.226 [Test worker] DEBUG org.hibernate.cfg.Settings - JDBC batch updates for versioned data: enabled
21:23:00.226 [Test worker] DEBUG org.hibernate.cfg.Settings - Scrollable result sets: disabled
21:23:00.226 [Test worker] DEBUG org.hibernate.cfg.Settings - Wrap result sets: disabled
21:23:00.226 [Test worker] DEBUG org.hibernate.cfg.Settings - JDBC3 getGeneratedKeys(): enabled
21:23:00.226 [Test worker] DEBUG org.hibernate.cfg.Settings - JDBC result set fetch size: null
21:23:00.226 [Test worker] DEBUG org.hibernate.cfg.Settings - Connection release mode: AFTER_TRANSACTION
21:23:00.226 [Test worker] DEBUG org.hibernate.cfg.Settings - Generate SQL with comments: disabled
21:23:00.226 [Test worker] DEBUG org.hibernate.cfg.Settings - JPA compliance - query : disabled
21:23:00.226 [Test worker] DEBUG org.hibernate.cfg.Settings - JPA compliance - closed-handling : disabled
21:23:00.226 [Test worker] DEBUG org.hibernate.cfg.Settings - JPA compliance - lists : disabled
21:23:00.226 [Test worker] DEBUG org.hibernate.cfg.Settings - JPA compliance - transactions : disabled
21:23:00.226 [Test worker] DEBUG org.hibernate.internal.SessionFactoryImpl - Session factory constructed with filter configurations : {}
21:23:00.226 [Test worker] DEBUG org.hibernate.internal.SessionFactoryImpl - Instantiating session factory with properties: {sun.desktop=windows, awt.toolkit=sun.awt.windows.WToolkit, dialect=utils.SQLiteDialect, java.specification.version=11, sun.cpu.isalist=amd64, sun.jnu.encoding=Cp1250, hibernate.dialect=utils.SQLiteDialect, org.gradle.test.worker=3, java.class.path=C:\\Users\\Dan\\.gradle\\caches\\6.8\\workerMain\\gradle-worker.jar;D:\\Facultate\\Projects\\OrganizareCompanie\\build\\classes\\java\\test;D:\\Facultate\\Projects\\OrganizareCompanie\\build\\resources\\test;D:\\Facultate\\Projects\\OrganizareCompanie\\build\\classes\\java\\main;D:\\Facultate\\Projects\\OrganizareCompanie\\build\\resources\\main;C:\\Users\\Dan\\.gradle\\caches\\modules-2\\files-2.1\\org.springframework.boot\\spring-boot-starter-web\\2.4.3\\4f5554ea183af87e52d8c31bb82aada0d74c40b0\\spring-boot-starter-web-2.4.3.jar;C:\\Users\\Dan\\.gradle\\caches\\modules-2\\files-2.1\\org.xerial\\sqlite-jdbc\\3.34.0\\fd29bb0124e3f79c80b2753162a6a3873c240bcf\\sqlite-jdbc-3.34.0.jar;C:\\Users\\Dan\\.gradle\\caches\\modules-2\\files-2.1\\org.hibernate\\hibernate-java8\\5.1.0.Final\\2bb534acab4f8485a821f0e4d6a2c8df617ee86a\\hibernate-java8-5.1.0.Final.jar;C:\\Users\\Dan\\.gradle\\caches\\modules-2\\files-2.1\\org.hibernate\\hibernate-core\\5.4.29.Final\\74b7c9ad3cb57ae4fd0187480a76f137a7fc3f38\\hibernate-core-5.4.29.Final.jar;C:\\Users\\Dan\\.gradle\\caches\\modules-2\\files-2.1\\org.junit.platform\\junit-platform-engine\\1.7.0\\eadb73c5074a4ac71061defd00fc176152a4d12c\\junit-platform-engine-1.7.0.jar;C:\\Users\\Dan\\.gradle\\caches\\modules-2\\files-2.1\\org.junit.platform\\junit-platform-commons\\1.7.0\\84e309fbf21d857aac079a3c1fffd84284e1114d\\junit-platform-commons-1.7.0.jar;C:\\Users\\Dan\\.gradle\\caches\\modules-2\\files-2.1\\org.junit.jupiter\\junit-jupiter-engine\\5.7.0\\d9044d6b45e2232ddd53fa56c15333e43d1749fd\\junit-jupiter-engine-5.7.0.jar;C:\\Users\\Dan\\.gradle\\caches\\modules-2\\files-2.1\\org.junit.jupiter\\junit-jupiter-api\\5.7.0\\b25f3815c4c1860a73041e733a14a0379d00c4d5\\junit-jupiter-api-5.7.0.jar;C:\\Users\\Dan\\.gradle\\caches\\modules-2\\files-2.1\\org.springframework.boot\\spring-boot-starter-json\\2.4.3\\7b26abb0a0379a00b58a2a50e010b29cf4f16b80\\spring-boot-starter-json-2.4.3.jar;C:\\Users\\Dan\\.gradle\\caches\\modules-2\\files-2.1\\org.springframework.boot\\spring-boot-starter\\2.4.3\\fd8bc0fb5f5aaefb4d6c8b77eb61563aab840c11\\spring-boot-starter-2.4.3.jar;C:\\Users\\Dan\\.gradle\\caches\\modules-2\\files-2.1\\org.springframework.boot\\spring-boot-starter-tomcat\\2.4.3\\4ba28aae05a259625e7e92f8e7338c5e1d22de35\\spring-boot-starter-tomcat-2.4.3.jar;C:\\Users\\Dan\\.gradle\\caches\\modules-2\\files-2.1\\org.springframework\\spring-webmvc\\5.3.4\\8dd52fbe8eafcc7c80998087ec6635baf7a98c20\\spring-webmvc-5.3.4.jar;C:\\Users\\Dan\\.gradle\\caches\\modules-2\\files-2.1\\org.springframework\\spring-web\\5.3.4\\d93829e24a50ed22e781f2302680a210cac5ee84\\spring-web-5.3.4.jar;C:\\Users\\Dan\\.gradle\\caches\\modules-2\\files-2.1\\org.hibernate.common\\hibernate-commons-annotations\\5.1.2.Final\\e59ffdbc6ad09eeb33507b39ffcf287679a498c8\\hibernate-commons-annotations-5.1.2.Final.jar;C:\\Users\\Dan\\.gradle\\caches\\modules-2\\files-2.1\\org.jboss.logging\\jboss-logging\\3.4.1.Final\\40fd4d696c55793e996d1ff3c475833f836c2498\\jboss-logging-3.4.1.Final.jar;C:\\Users\\Dan\\.gradle\\caches\\modules-2\\files-2.1\\javax.persistence\\javax.persistence-api\\2.2\\25665ac8c0b62f50e6488173233239120fc52c96\\javax.persistence-api-2.2.jar;C:\\Users\\Dan\\.gradle\\caches\\modules-2\\files-2.1\\org.javassist\\javassist\\3.27.0-GA\\f63e6aa899e15eca8fdaa402a79af4c417252213\\javassist-3.27.0-GA.jar;C:\\Users\\Dan\\.gradle\\caches\\modules-2\\files-2.1\\net.bytebuddy\\byte-buddy\\1.10.21\\5abe8e141cac9d50a721a22d9c188b3bf19ad0aa\\byte-buddy-1.10.21.jar;C:\\Users\\Dan\\.gradle\\caches\\modules-2\\files-2.1\\antlr\\antlr\\2.7.7\\83cd2cd674a217ade95a4bb83a8a14f351f48bd0\\antlr-2.7.7.jar;C:\\Users\\Dan\\.gradle\\caches\\modules-2\\files-2.1\\org.jboss.spec.javax.transaction\\jboss-transaction-api_1.2_spec\\1.1.1.Final\\a8485cab9484dda36e9a8c319e76b5cc18797b58\\jboss-transaction-api_1.2_spec-1.1.1.Final.jar;C:\\Users\\Dan\\.gradle\\caches\\modules-2\\files-2.1\\org.jboss\\jandex\\2.2.3.Final\\d3865101f0666b63586683bd811d754517f331ab\\jandex-2.2.3.Final.jar;C:\\Users\\Dan\\.gradle\\caches\\modules-2\\files-2.1\\com.fasterxml\\classmate\\1.5.1\\3fe0bed568c62df5e89f4f174c101eab25345b6c\\classmate-1.5.1.jar;C:\\Users\\Dan\\.gradle\\caches\\modules-2\\files-2.1\\org.glassfish.jaxb\\jaxb-runtime\\2.3.1\\dd6dda9da676a54c5b36ca2806ff95ee017d8738\\jaxb-runtime-2.3.1.jar;C:\\Users\\Dan\\.gradle\\caches\\modules-2\\files-2.1\\javax.xml.bind\\jaxb-api\\2.3.1\\8531ad5ac454cc2deb9d4d32c40c4d7451939b5d\\jaxb-api-2.3.1.jar;C:\\Users\\Dan\\.gradle\\caches\\modules-2\\files-2.1\\javax.activation\\javax.activation-api\\1.2.0\\85262acf3ca9816f9537ca47d5adeabaead7cb16\\javax.activation-api-1.2.0.jar;C:\\Users\\Dan\\.gradle\\caches\\modules-2\\files-2.1\\org.dom4j\\dom4j\\2.1.3\\a75914155a9f5808963170ec20653668a2ffd2fd\\dom4j-2.1.3.jar;C:\\Users\\Dan\\.gradle\\caches\\modules-2\\files-2.1\\org.apiguardian\\apiguardian-api\\1.1.0\\fc9dff4bb36d627bdc553de77e1f17efd790876c\\apiguardian-api-1.1.0.jar;C:\\Users\\Dan\\.gradle\\caches\\modules-2\\files-2.1\\org.opentest4j\\opentest4j\\1.2.0\\28c11eb91f9b6d8e200631d46e20a7f407f2a046\\opentest4j-1.2.0.jar;C:\\Users\\Dan\\.gradle\\caches\\modules-2\\files-2.1\\org.springframework.boot\\spring-boot-autoconfigure\\2.4.3\\2f8e1e682e55f70c8ea557982c7adb1256f41bcf\\spring-boot-autoconfigure-2.4.3.jar;C:\\Users\\Dan\\.gradle\\caches\\modules-2\\files-2.1\\org.springframework.boot\\spring-boot\\2.4.3\\de2bd17a8eb9bc3dfa629aa06f2e9fe3bf603c85\\spring-boot-2.4.3.jar;C:\\Users\\Dan\\.gradle\\caches\\modules-2\\files-2.1\\org.springframework.boot\\spring-boot-starter-logging\\2.4.3\\64687abc2255d18cd6592cbb20fa3bee3379cec8\\spring-boot-starter-logging-2.4.3.jar;C:\\Users\\Dan\\.gradle\\caches\\modules-2\\files-2.1\\jakarta.annotation\\jakarta.annotation-api\\1.3.5\\59eb84ee0d616332ff44aba065f3888cf002cd2d\\jakarta.annotation-api-1.3.5.jar;C:\\Users\\Dan\\.gradle\\caches\\modules-2\\files-2.1\\org.springframework\\spring-context\\5.3.4\\fbeadeb0e4d272599a938ec345e99e5f9a76e919\\spring-context-5.3.4.jar;C:\\Users\\Dan\\.gradle\\caches\\modules-2\\files-2.1\\org.springframework\\spring-aop\\5.3.4\\b7180a6427ab524bc1cbd31bf38dd2182632515f\\spring-aop-5.3.4.jar;C:\\Users\\Dan\\.gradle\\caches\\modules-2\\files-2.1\\org.springframework\\spring-beans\\5.3.4\\ac6c5ea0ba82f555405f74104cf378f8071c6d25\\spring-beans-5.3.4.jar;C:\\Users\\Dan\\.gradle\\caches\\modules-2\\files-2.1\\org.springframework\\spring-expression\\5.3.4\\42b71fa955e43a86471509aef14cefe756fc3794\\spring-expression-5.3.4.jar;C:\\Users\\Dan\\.gradle\\caches\\modules-2\\files-2.1\\org.springframework\\spring-core\\5.3.4\\46c1f8abd9e02a292c42a257350f365cec152b5d\\spring-core-5.3.4.jar;C:\\Users\\Dan\\.gradle\\caches\\modules-2\\files-2.1\\org.yaml\\snakeyaml\\1.27\\359d62567480b07a679dc643f82fc926b100eed5\\snakeyaml-1.27.jar;C:\\Users\\Dan\\.gradle\\caches\\modules-2\\files-2.1\\com.fasterxml.jackson.datatype\\jackson-datatype-jdk8\\2.11.4\\e1540dea3c6c681ea4e335a960f730861ee3bedb\\jackson-datatype-jdk8-2.11.4.jar;C:\\Users\\Dan\\.gradle\\caches\\modules-2\\files-2.1\\com.fasterxml.jackson.datatype\\jackson-datatype-jsr310\\2.11.4\\ce6fc76bba06623720e5a9308386b6ae74753f4d\\jackson-datatype-jsr310-2.11.4.jar;C:\\Users\\Dan\\.gradle\\caches\\modules-2\\files-2.1\\com.fasterxml.jackson.module\\jackson-module-parameter-names\\2.11.4\\432e050d79f2282a66c320375d628f1b0842cb12\\jackson-module-parameter-names-2.11.4.jar;C:\\Users\\Dan\\.gradle\\caches\\modules-2\\files-2.1\\com.fasterxml.jackson.core\\jackson-databind\\2.11.4\\5d9f3d441f99d721b957e3497f0a6465c764fad4\\jackson-databind-2.11.4.jar;C:\\Users\\Dan\\.gradle\\caches\\modules-2\\files-2.1\\org.apache.tomcat.embed\\tomcat-embed-websocket\\9.0.43\\78232648dde1a5fd5093f0a3999e593d208e2eab\\tomcat-embed-websocket-9.0.43.jar;C:\\Users\\Dan\\.gradle\\caches\\modules-2\\files-2.1\\org.apache.tomcat.embed\\tomcat-embed-core\\9.0.43\\1d102277426bdd5b12f048731a91665bb69347d1\\tomcat-embed-core-9.0.43.jar;C:\\Users\\Dan\\.gradle\\caches\\modules-2\\files-2.1\\org.glassfish\\jakarta.el\\3.0.3\\dab46ee1ee23f7197c13d7c40fce14817c9017df\\jakarta.el-3.0.3.jar;C:\\Users\\Dan\\.gradle\\caches\\modules-2\\files-2.1\\org.glassfish.jaxb\\txw2\\2.3.1\\a09d2c48d3285f206fafbffe0e50619284e92126\\txw2-2.3.1.jar;C:\\Users\\Dan\\.gradle\\caches\\modules-2\\files-2.1\\com.sun.istack\\istack-commons-runtime\\3.0.7\\c197c86ceec7318b1284bffb49b54226ca774003\\istack-commons-runtime-3.0.7.jar;C:\\Users\\Dan\\.gradle\\caches\\modules-2\\files-2.1\\org.jvnet.staxex\\stax-ex\\1.8\\8cc35f73da321c29973191f2cf143d29d26a1df7\\stax-ex-1.8.jar;C:\\Users\\Dan\\.gradle\\caches\\modules-2\\files-2.1\\com.sun.xml.fastinfoset\\FastInfoset\\1.2.15\\bb7b7ec0379982b97c62cd17465cb6d9155f68e8\\FastInfoset-1.2.15.jar;C:\\Users\\Dan\\.gradle\\caches\\modules-2\\files-2.1\\ch.qos.logback\\logback-classic\\1.2.3\\7c4f3c474fb2c041d8028740440937705ebb473a\\logback-classic-1.2.3.jar;C:\\Users\\Dan\\.gradle\\caches\\modules-2\\files-2.1\\org.apache.logging.log4j\\log4j-to-slf4j\\2.13.3\\966f6fd1af4959d6b12bfa880121d4a2b164f857\\log4j-to-slf4j-2.13.3.jar;C:\\Users\\Dan\\.gradle\\caches\\modules-2\\files-2.1\\org.slf4j\\jul-to-slf4j\\1.7.30\\d58bebff8cbf70ff52b59208586095f467656c30\\jul-to-slf4j-1.7.30.jar;C:\\Users\\Dan\\.gradle\\caches\\modules-2\\files-2.1\\org.springframework\\spring-jcl\\5.3.4\\ca012eb4e9e57f767aa9d5e51fe9a09b28140808\\spring-jcl-5.3.4.jar;C:\\Users\\Dan\\.gradle\\caches\\modules-2\\files-2.1\\com.fasterxml.jackson.core\\jackson-annotations\\2.11.4\\2c3f5c079330f3a01726686a078979420f547ae4\\jackson-annotations-2.11.4.jar;C:\\Users\\Dan\\.gradle\\caches\\modules-2\\files-2.1\\com.fasterxml.jackson.core\\jackson-core\\2.11.4\\593f7b18bab07a76767f181e2a2336135ce82cc4\\jackson-core-2.11.4.jar;C:\\Users\\Dan\\.gradle\\caches\\modules-2\\files-2.1\\ch.qos.logback\\logback-core\\1.2.3\\864344400c3d4d92dfeb0a305dc87d953677c03c\\logback-core-1.2.3.jar;C:\\Users\\Dan\\.gradle\\caches\\modules-2\\files-2.1\\org.slf4j\\slf4j-api\\1.7.30\\b5a4b6d16ab13e34a88fae84c35cd5d68cac922c\\slf4j-api-1.7.30.jar;C:\\Users\\Dan\\.gradle\\caches\\modules-2\\files-2.1\\org.apache.logging.log4j\\log4j-api\\2.13.3\\ec1508160b93d274b1add34419b897bae84c6ca9\\log4j-api-2.13.3.jar, java.vm.vendor=Oracle Corporation, sun.arch.data.model=64, user.variant=, java.vendor.url=http://java.oracle.com/, user.timezone=Europe/Athens, os.name=Windows 10, java.vm.specification.version=11, user.country=US, sun.java.launcher=SUN_STANDARD, sun.boot.library.path=C:\Program Files\Java\jdk-11.0.6\bin, sun.java.command=worker.org.gradle.process.internal.worker.GradleWorkerMain 'Gradle Test Executor 3', jdk.debug=release, sun.cpu.endian=little, user.home=C:\Users\Dan, user.language=en, java.specification.vendor=Oracle Corporation, org.gradle.native=false, java.version.date=2020-01-14, java.home=C:\Program Files\Java\jdk-11.0.6, file.separator=\, java.vm.compressedOopsMode=32-bit, line.separator=
, java.specification.name=Java Platform API Specification, java.vm.specification.vendor=Oracle Corporation, java.awt.graphicsenv=sun.awt.Win32GraphicsEnvironment, hibernate.hbm2ddl.auto=update, user.script=, sun.management.compiler=HotSpot 64-Bit Tiered Compilers, java.runtime.version=11.0.6+8-LTS, user.name=Dan, path.separator=;, hibernate.connection.username=****, os.version=10.0, hibernate.enable_lazy_load_no_trans=true, java.runtime.name=Java(TM) SE Runtime Environment, hibernate.connection.url=jdbc:sqlite:D:\Facultate\Projects\OrganizareCompanie\database, file.encoding=windows-1250, java.vm.name=Java HotSpot(TM) 64-Bit Server VM, hibernate.show_sql=true, java.vendor.version=18.9, hibernate.current_session_context_class=thread, hibernate.connection.driver_class=org.sqlite.JDBC, java.vendor.url.bug=http://bugreport.java.com/bugreport/, java.io.tmpdir=C:\Users\Dan\AppData\Local\Temp\, java.version=11.0.6, user.dir=D:\Facultate\Projects\OrganizareCompanie, os.arch=amd64, java.vm.specification.name=Java Virtual Machine Specification, java.awt.printerjob=sun.awt.windows.WPrinterJob, hibernate.connection.password=****, sun.os.patch.level=, connection.driver_class=org.sqlite.JDBC, hibernate.boot.CfgXmlAccessService.key=org.hibernate.boot.cfgxml.spi.LoadedConfig@ac34829, java.library.path=C:\Program Files\Java\jdk-11.0.6\bin;C:\WINDOWS\Sun\Java\bin;C:\WINDOWS\system32;C:\WINDOWS;;C:\Python38\Scripts\;C:\Python38\;D:\Facultate\Scripts\;D:\Facultate\;C:\Users\Dan\Desktop\Facultate 2018-2019\Semestrul I\Fundamentele programarii\Python\Scripts\;C:\Users\Dan\Desktop\Facultate 2018-2019\Semestrul I\Fundamentele programarii\Python\;C:\Users\Dan\Desktop\Facultate 2018-2019\Semestrul I\Fundamentele programarii\Scripts\;C:\Users\Dan\Desktop\Facultate 2018-2019\Semestrul I\Fundamentele programarii\;C:\WINDOWS\system32;C:\WINDOWS;C:\WINDOWS\System32\Wbem;C:\WINDOWS\System32\WindowsPowerShell\v1.0\;C:\WINDOWS\System32\OpenSSH\;D:\Facultate\PuTTY\;C:\Program Files\dotnet\;C:\Program Files\Microsoft SQL Server\Client SDK\ODBC\170\Tools\Binn\;C:\Users\Dan\Proto\bin;D:\Facultate\NodeJS\;C:\ProgramData\chocolatey\bin;C:\Program Files\Git\cmd;C:\Program Files\Java\jdk-10.0.2\bin;C:\Program Files (x86)\GnuWin32\bin;C:\MinGW\bin;C:\Program Files\Java\jdk-11.0.6\bin;C:\WINDOWS\system32;C:\WINDOWS;C:\WINDOWS\System32\Wbem;C:\WINDOWS\System32\WindowsPowerShell\v1.0\;C:\WINDOWS\System32\OpenSSH\;C:\Program Files\Intel\WiFi\bin\;C:\Program Files\Common Files\Intel\WirelessCommon\;D:\Facultate\Python\Scripts\;D:\Facultate\Python\;C:\Users\Dan\AppData\Local\Microsoft\WindowsApps;C:\Users\Dan\AppData\Local\GitHubDesktop\bin;C:\Users\Dan\AppData\Roaming\npm;D:\Facultate\Microsoft VS Code\bin;C:\Users\Dan\AppData\Local\Microsoft\WindowsApps;C:\Users\Dan\Documents\driver;;., java.vendor=Oracle Corporation, java.vm.info=mixed mode, java.vm.version=11.0.6+8-LTS, hibernate.bytecode.use_reflection_optimizer=false, sun.io.unicode.encoding=UnicodeLittle, hibernate.connection.pool_size=1, connection.url=jdbc:sqlite:D:\Facultate\Projects\OrganizareCompanie\database, java.class.version=55.0}
21:23:00.226 [Test worker] DEBUG org.hibernate.secure.spi.JaccIntegrator - Skipping JACC integration as it was not enabled
21:23:00.226 [Test worker] DEBUG org.hibernate.internal.SessionFactoryImpl - Instantiated session factory
21:23:00.226 [Test worker] DEBUG org.hibernate.type.spi.TypeConfiguration$Scope - Scoping TypeConfiguration [org.hibernate.type.spi.TypeConfiguration@767d05ac] to SessionFactoryImpl [org.hibernate.internal.SessionFactoryImpl@124deaa0]
21:23:00.226 [Test worker] DEBUG org.hibernate.boot.internal.ClassLoaderAccessImpl - Not known whether passed class name [domain.Functie] is safe
21:23:00.226 [Test worker] DEBUG org.hibernate.boot.internal.ClassLoaderAccessImpl - No temp ClassLoader provided; using live ClassLoader for loading potentially unsafe class : domain.Functie
21:23:00.226 [Test worker] DEBUG org.hibernate.boot.internal.ClassLoaderAccessImpl - Not known whether passed class name [domain.Departament] is safe
21:23:00.226 [Test worker] DEBUG org.hibernate.boot.internal.ClassLoaderAccessImpl - No temp ClassLoader provided; using live ClassLoader for loading potentially unsafe class : domain.Departament
21:23:00.241 [Test worker] DEBUG org.hibernate.boot.internal.ClassLoaderAccessImpl - Not known whether passed class name [domain.Angajat] is safe
21:23:00.241 [Test worker] DEBUG org.hibernate.boot.internal.ClassLoaderAccessImpl - No temp ClassLoader provided; using live ClassLoader for loading potentially unsafe class : domain.Angajat
21:23:00.241 [Test worker] DEBUG org.hibernate.boot.internal.ClassLoaderAccessImpl - Not known whether passed class name [domain.Proiect] is safe
21:23:00.241 [Test worker] DEBUG org.hibernate.boot.internal.ClassLoaderAccessImpl - No temp ClassLoader provided; using live ClassLoader for loading potentially unsafe class : domain.Proiect
21:23:00.241 [Test worker] DEBUG org.hibernate.boot.internal.ClassLoaderAccessImpl - Not known whether passed class name [domain.Concediu] is safe
21:23:00.241 [Test worker] DEBUG org.hibernate.boot.internal.ClassLoaderAccessImpl - No temp ClassLoader provided; using live ClassLoader for loading potentially unsafe class : domain.Concediu
21:23:00.257 [Test worker] DEBUG org.hibernate.persister.collection.AbstractCollectionPersister - Static SQL for collection: domain.Angajat.proiecte
21:23:00.257 [Test worker] DEBUG org.hibernate.persister.collection.AbstractCollectionPersister -  Row insert: insert into angajati_proiecte (id_angajat, id_proiect) values (?, ?)
21:23:00.257 [Test worker] DEBUG org.hibernate.persister.collection.AbstractCollectionPersister -  Row update: update angajati_proiecte set id_proiect=? where id_angajat=? and id_proiect=?
21:23:00.257 [Test worker] DEBUG org.hibernate.persister.collection.AbstractCollectionPersister -  Row delete: delete from angajati_proiecte where id_angajat=? and id_proiect=?
21:23:00.257 [Test worker] DEBUG org.hibernate.persister.collection.AbstractCollectionPersister -  One-shot delete: delete from angajati_proiecte where id_angajat=?
21:23:00.257 [Test worker] DEBUG org.hibernate.persister.collection.AbstractCollectionPersister - Static SQL for collection: domain.Angajat.concedii
21:23:00.257 [Test worker] DEBUG org.hibernate.persister.collection.AbstractCollectionPersister -  Row insert: update concedii set id_angajat=? where id=?
21:23:00.257 [Test worker] DEBUG org.hibernate.persister.collection.AbstractCollectionPersister -  Row update: update concedii set  where id=?
21:23:00.257 [Test worker] DEBUG org.hibernate.persister.collection.AbstractCollectionPersister -  Row delete: update concedii set id_angajat=null where id_angajat=? and id=?
21:23:00.257 [Test worker] DEBUG org.hibernate.persister.collection.AbstractCollectionPersister -  One-shot delete: update concedii set id_angajat=null where id_angajat=?
21:23:00.257 [Test worker] DEBUG org.hibernate.persister.collection.AbstractCollectionPersister - Static SQL for collection: domain.Angajat.departamente
21:23:00.257 [Test worker] DEBUG org.hibernate.persister.collection.AbstractCollectionPersister -  Row insert: insert into angajati_departamente (id_angajat, id_departament) values (?, ?)
21:23:00.257 [Test worker] DEBUG org.hibernate.persister.collection.AbstractCollectionPersister -  Row update: update angajati_departamente set id_departament=? where id_angajat=? and id_departament=?
21:23:00.257 [Test worker] DEBUG org.hibernate.persister.collection.AbstractCollectionPersister -  Row delete: delete from angajati_departamente where id_angajat=? and id_departament=?
21:23:00.257 [Test worker] DEBUG org.hibernate.persister.collection.AbstractCollectionPersister -  One-shot delete: delete from angajati_departamente where id_angajat=?
21:23:00.257 [Test worker] DEBUG org.hibernate.persister.entity.AbstractEntityPersister - Static SQL for entity: domain.Functie
21:23:00.257 [Test worker] DEBUG org.hibernate.persister.entity.AbstractEntityPersister -  Version select: select id from functii where id =?
21:23:00.257 [Test worker] DEBUG org.hibernate.persister.entity.AbstractEntityPersister -  Snapshot select: select functie_.id, functie_.salar_de_baza as salar_de2_5_ from functii functie_ where functie_.id=?
21:23:00.257 [Test worker] DEBUG org.hibernate.persister.entity.AbstractEntityPersister -  Insert 0: insert into functii (salar_de_baza, id) values (?, ?)
21:23:00.257 [Test worker] DEBUG org.hibernate.persister.entity.AbstractEntityPersister -  Update 0: update functii set salar_de_baza=? where id=?
21:23:00.257 [Test worker] DEBUG org.hibernate.persister.entity.AbstractEntityPersister -  Delete 0: delete from functii where id=?
21:23:00.257 [Test worker] DEBUG org.hibernate.persister.entity.AbstractEntityPersister -  Identity insert: insert into functii (salar_de_baza) values (?)
21:23:00.257 [Test worker] DEBUG org.hibernate.loader.plan.build.internal.spaces.QuerySpacesImpl - Adding QuerySpace : uid = <gen:0> -> org.hibernate.loader.plan.build.internal.spaces.EntityQuerySpaceImpl@61e51293]
21:23:00.257 [Test worker] DEBUG org.hibernate.persister.walking.spi.MetamodelGraphWalker - Visiting attribute path : salarDeBaza
21:23:00.257 [Test worker] DEBUG org.hibernate.loader.plan.build.internal.FetchStyleLoadPlanBuildingAssociationVisitationStrategy - Building LoadPlan...
21:23:00.257 [Test worker] DEBUG org.hibernate.loader.plan.exec.internal.LoadQueryJoinAndFetchProcessor - processing queryspace <gen:0>
21:23:00.257 [Test worker] DEBUG org.hibernate.loader.plan.build.spi.LoadPlanTreePrinter - LoadPlan(entity=domain.Functie)
    - Returns
       - EntityReturnImpl(entity=domain.Functie, querySpaceUid=<gen:0>, path=domain.Functie)
    - QuerySpaces
       - EntityQuerySpaceImpl(uid=<gen:0>, entity=domain.Functie)
          - SQL table alias mapping - functie0_
          - alias suffix - 0_
          - suffixed key columns - {id1_5_0_}

21:23:00.257 [Test worker] DEBUG org.hibernate.loader.entity.plan.EntityLoader - Static select for entity domain.Functie [NONE]: select functie0_.id as id1_5_0_, functie0_.salar_de_baza as salar_de2_5_0_ from functii functie0_ where functie0_.id=?
21:23:00.257 [Test worker] DEBUG org.hibernate.persister.entity.AbstractEntityPersister - Static SQL for entity: domain.Departament
21:23:00.257 [Test worker] DEBUG org.hibernate.persister.entity.AbstractEntityPersister -  Version select: select id from departamente where id =?
21:23:00.257 [Test worker] DEBUG org.hibernate.persister.entity.AbstractEntityPersister -  Snapshot select: select departamen_.id, departamen_.id_director as id_direc2_4_ from departamente departamen_ where departamen_.id=?
21:23:00.257 [Test worker] DEBUG org.hibernate.persister.entity.AbstractEntityPersister -  Insert 0: insert into departamente (id_director, id) values (?, ?)
21:23:00.257 [Test worker] DEBUG org.hibernate.persister.entity.AbstractEntityPersister -  Update 0: update departamente set id_director=? where id=?
21:23:00.257 [Test worker] DEBUG org.hibernate.persister.entity.AbstractEntityPersister -  Delete 0: delete from departamente where id=?
21:23:00.257 [Test worker] DEBUG org.hibernate.persister.entity.AbstractEntityPersister -  Identity insert: insert into departamente (id_director) values (?)
21:23:00.257 [Test worker] DEBUG org.hibernate.loader.plan.build.internal.spaces.QuerySpacesImpl - Adding QuerySpace : uid = <gen:0> -> org.hibernate.loader.plan.build.internal.spaces.EntityQuerySpaceImpl@4443738d]
21:23:00.257 [Test worker] DEBUG org.hibernate.persister.walking.spi.MetamodelGraphWalker - Visiting attribute path : idDirector
21:23:00.257 [Test worker] DEBUG org.hibernate.loader.plan.build.internal.FetchStyleLoadPlanBuildingAssociationVisitationStrategy - Building LoadPlan...
21:23:00.257 [Test worker] DEBUG org.hibernate.loader.plan.exec.internal.LoadQueryJoinAndFetchProcessor - processing queryspace <gen:0>
21:23:00.257 [Test worker] DEBUG org.hibernate.loader.plan.build.spi.LoadPlanTreePrinter - LoadPlan(entity=domain.Departament)
    - Returns
       - EntityReturnImpl(entity=domain.Departament, querySpaceUid=<gen:0>, path=domain.Departament)
    - QuerySpaces
       - EntityQuerySpaceImpl(uid=<gen:0>, entity=domain.Departament)
          - SQL table alias mapping - departamen0_
          - alias suffix - 0_
          - suffixed key columns - {id1_4_0_}

21:23:00.257 [Test worker] DEBUG org.hibernate.loader.entity.plan.EntityLoader - Static select for entity domain.Departament [NONE]: select departamen0_.id as id1_4_0_, departamen0_.id_director as id_direc2_4_0_ from departamente departamen0_ where departamen0_.id=?
21:23:00.257 [Test worker] DEBUG org.hibernate.persister.entity.AbstractEntityPersister - Static SQL for entity: domain.Angajat
21:23:00.257 [Test worker] DEBUG org.hibernate.persister.entity.AbstractEntityPersister -  Version select: select id from angajati where id =?
21:23:00.257 [Test worker] DEBUG org.hibernate.persister.entity.AbstractEntityPersister -  Snapshot select: select angajat_.id, angajat_.data_angajare as data_ang2_0_, angajat_.functie_id as functie_4_0_, angajat_.id_superior as id_super3_0_ from angajati angajat_ where angajat_.id=?
21:23:00.257 [Test worker] DEBUG org.hibernate.persister.entity.AbstractEntityPersister -  Insert 0: insert into angajati (data_angajare, functie_id, id_superior, id) values (?, ?, ?, ?)
21:23:00.257 [Test worker] DEBUG org.hibernate.persister.entity.AbstractEntityPersister -  Update 0: update angajati set data_angajare=?, functie_id=?, id_superior=? where id=?
21:23:00.257 [Test worker] DEBUG org.hibernate.persister.entity.AbstractEntityPersister -  Delete 0: delete from angajati where id=?
21:23:00.257 [Test worker] DEBUG org.hibernate.persister.entity.AbstractEntityPersister -  Identity insert: insert into angajati (data_angajare, functie_id, id_superior) values (?, ?, ?)
21:23:00.257 [Test worker] DEBUG org.hibernate.loader.plan.build.internal.spaces.QuerySpacesImpl - Adding QuerySpace : uid = <gen:0> -> org.hibernate.loader.plan.build.internal.spaces.EntityQuerySpaceImpl@21c9c2ba]
21:23:00.257 [Test worker] DEBUG org.hibernate.persister.walking.spi.MetamodelGraphWalker - Visiting attribute path : concedii
21:23:00.257 [Test worker] DEBUG org.hibernate.loader.plan.build.internal.spaces.QuerySpacesImpl - Adding QuerySpace : uid = <gen:1> -> org.hibernate.loader.plan.build.internal.spaces.CollectionQuerySpaceImpl@4a783c6]
21:23:00.257 [Test worker] DEBUG org.hibernate.loader.plan.build.internal.spaces.QuerySpacesImpl - Adding QuerySpace : uid = <gen:2> -> org.hibernate.loader.plan.build.internal.spaces.EntityQuerySpaceImpl@65121b33]
21:23:00.257 [Test worker] DEBUG org.hibernate.persister.walking.spi.MetamodelGraphWalker - Visiting attribute path : dataAngajare
21:23:00.257 [Test worker] DEBUG org.hibernate.persister.walking.spi.MetamodelGraphWalker - Visiting attribute path : departamente
21:23:00.257 [Test worker] DEBUG org.hibernate.loader.plan.build.internal.spaces.QuerySpacesImpl - Adding QuerySpace : uid = <gen:3> -> org.hibernate.loader.plan.build.internal.spaces.CollectionQuerySpaceImpl@aa1d939]
21:23:00.257 [Test worker] DEBUG org.hibernate.loader.plan.build.internal.spaces.QuerySpacesImpl - Adding QuerySpace : uid = <gen:4> -> org.hibernate.loader.plan.build.internal.spaces.EntityQuerySpaceImpl@6b067225]
21:23:00.257 [Test worker] DEBUG org.hibernate.persister.walking.spi.MetamodelGraphWalker - Visiting attribute path : functie
21:23:00.257 [Test worker] DEBUG org.hibernate.loader.plan.build.internal.spaces.QuerySpacesImpl - Adding QuerySpace : uid = <gen:5> -> org.hibernate.loader.plan.build.internal.spaces.EntityQuerySpaceImpl@53077530]
21:23:00.257 [Test worker] DEBUG org.hibernate.persister.walking.spi.MetamodelGraphWalker - Visiting attribute path : functie.salarDeBaza
21:23:00.257 [Test worker] DEBUG org.hibernate.persister.walking.spi.MetamodelGraphWalker - Visiting attribute path : idSuperior
21:23:00.257 [Test worker] DEBUG org.hibernate.persister.walking.spi.MetamodelGraphWalker - Visiting attribute path : proiecte
21:23:00.257 [Test worker] DEBUG org.hibernate.loader.plan.build.internal.spaces.QuerySpacesImpl - Adding QuerySpace : uid = <gen:6> -> org.hibernate.loader.plan.build.internal.spaces.CollectionQuerySpaceImpl@22555a0f]
21:23:00.257 [Test worker] DEBUG org.hibernate.loader.plan.build.internal.spaces.QuerySpacesImpl - Adding QuerySpace : uid = <gen:7> -> org.hibernate.loader.plan.build.internal.spaces.EntityQuerySpaceImpl@7a9a933a]
21:23:00.257 [Test worker] DEBUG org.hibernate.loader.plan.build.internal.FetchStyleLoadPlanBuildingAssociationVisitationStrategy - Building LoadPlan...
21:23:00.257 [Test worker] DEBUG org.hibernate.loader.plan.exec.internal.LoadQueryJoinAndFetchProcessor - processing queryspace <gen:0>
21:23:00.257 [Test worker] DEBUG org.hibernate.loader.plan.build.spi.LoadPlanTreePrinter - LoadPlan(entity=domain.Angajat)
    - Returns
       - EntityReturnImpl(entity=domain.Angajat, querySpaceUid=<gen:0>, path=domain.Angajat)
          - CollectionAttributeFetchImpl(collection=domain.Angajat.concedii, querySpaceUid=<gen:1>, path=domain.Angajat.concedii)
             - (collection element) CollectionFetchableElementEntityGraph(entity=domain.Concediu, querySpaceUid=<gen:2>, path=domain.Angajat.concedii.<elements>)
          - CollectionAttributeFetchImpl(collection=domain.Angajat.departamente, querySpaceUid=<gen:3>, path=domain.Angajat.departamente)
             - (collection element) CollectionFetchableElementEntityGraph(entity=domain.Departament, querySpaceUid=<gen:4>, path=domain.Angajat.departamente.<elements>)
          - EntityAttributeFetchImpl(entity=domain.Functie, querySpaceUid=<gen:5>, path=domain.Angajat.functie)
          - CollectionAttributeFetchImpl(collection=domain.Angajat.proiecte, querySpaceUid=<gen:6>, path=domain.Angajat.proiecte)
             - (collection element) CollectionFetchableElementEntityGraph(entity=domain.Proiect, querySpaceUid=<gen:7>, path=domain.Angajat.proiecte.<elements>)
    - QuerySpaces
       - EntityQuerySpaceImpl(uid=<gen:0>, entity=domain.Angajat)
          - SQL table alias mapping - angajat0_
          - alias suffix - 0_
          - suffixed key columns - {id1_0_0_}
          - JOIN (JoinDefinedByMetadata(functie)) : <gen:0> -> <gen:5>
             - EntityQuerySpaceImpl(uid=<gen:5>, entity=domain.Functie)
                - SQL table alias mapping - functie1_
                - alias suffix - 1_
                - suffixed key columns - {id1_5_1_}

21:23:00.257 [Test worker] DEBUG org.hibernate.loader.entity.plan.EntityLoader - Static select for entity domain.Angajat [NONE]: select angajat0_.id as id1_0_0_, angajat0_.data_angajare as data_ang2_0_0_, angajat0_.functie_id as functie_4_0_0_, angajat0_.id_superior as id_super3_0_0_, functie1_.id as id1_5_1_, functie1_.salar_de_baza as salar_de2_5_1_ from angajati angajat0_ left outer join functii functie1_ on angajat0_.functie_id=functie1_.id where angajat0_.id=?
21:23:00.257 [Test worker] DEBUG org.hibernate.persister.entity.AbstractEntityPersister - Static SQL for entity: domain.Proiect
21:23:00.257 [Test worker] DEBUG org.hibernate.persister.entity.AbstractEntityPersister -  Version select: select id from proiecte where id =?
21:23:00.257 [Test worker] DEBUG org.hibernate.persister.entity.AbstractEntityPersister -  Snapshot select: select proiect_.id, proiect_.data_inceput as data_inc2_6_, proiect_.deadline as deadline3_6_ from proiecte proiect_ where proiect_.id=?
21:23:00.257 [Test worker] DEBUG org.hibernate.persister.entity.AbstractEntityPersister -  Insert 0: insert into proiecte (data_inceput, deadline, id) values (?, ?, ?)
21:23:00.257 [Test worker] DEBUG org.hibernate.persister.entity.AbstractEntityPersister -  Update 0: update proiecte set data_inceput=?, deadline=? where id=?
21:23:00.257 [Test worker] DEBUG org.hibernate.persister.entity.AbstractEntityPersister -  Delete 0: delete from proiecte where id=?
21:23:00.257 [Test worker] DEBUG org.hibernate.persister.entity.AbstractEntityPersister -  Identity insert: insert into proiecte (data_inceput, deadline) values (?, ?)
21:23:00.257 [Test worker] DEBUG org.hibernate.loader.plan.build.internal.spaces.QuerySpacesImpl - Adding QuerySpace : uid = <gen:0> -> org.hibernate.loader.plan.build.internal.spaces.EntityQuerySpaceImpl@12dcc7ac]
21:23:00.257 [Test worker] DEBUG org.hibernate.persister.walking.spi.MetamodelGraphWalker - Visiting attribute path : dataInceput
21:23:00.257 [Test worker] DEBUG org.hibernate.persister.walking.spi.MetamodelGraphWalker - Visiting attribute path : deadline
21:23:00.257 [Test worker] DEBUG org.hibernate.loader.plan.build.internal.FetchStyleLoadPlanBuildingAssociationVisitationStrategy - Building LoadPlan...
21:23:00.257 [Test worker] DEBUG org.hibernate.loader.plan.exec.internal.LoadQueryJoinAndFetchProcessor - processing queryspace <gen:0>
21:23:00.257 [Test worker] DEBUG org.hibernate.loader.plan.build.spi.LoadPlanTreePrinter - LoadPlan(entity=domain.Proiect)
    - Returns
       - EntityReturnImpl(entity=domain.Proiect, querySpaceUid=<gen:0>, path=domain.Proiect)
    - QuerySpaces
       - EntityQuerySpaceImpl(uid=<gen:0>, entity=domain.Proiect)
          - SQL table alias mapping - proiect0_
          - alias suffix - 0_
          - suffixed key columns - {id1_6_0_}

21:23:00.257 [Test worker] DEBUG org.hibernate.loader.entity.plan.EntityLoader - Static select for entity domain.Proiect [NONE]: select proiect0_.id as id1_6_0_, proiect0_.data_inceput as data_inc2_6_0_, proiect0_.deadline as deadline3_6_0_ from proiecte proiect0_ where proiect0_.id=?
21:23:00.257 [Test worker] DEBUG org.hibernate.persister.entity.AbstractEntityPersister - Static SQL for entity: domain.Concediu
21:23:00.257 [Test worker] DEBUG org.hibernate.persister.entity.AbstractEntityPersister -  Version select: select id from concedii where id =?
21:23:00.257 [Test worker] DEBUG org.hibernate.persister.entity.AbstractEntityPersister -  Snapshot select: select concediu_.id, concediu_.id_angajat as id_angaj4_3_, concediu_.data_inceput as data_inc2_3_, concediu_.data_sfarsit as data_sfa3_3_ from concedii concediu_ where concediu_.id=?
21:23:00.257 [Test worker] DEBUG org.hibernate.persister.entity.AbstractEntityPersister -  Insert 0: insert into concedii (id_angajat, data_inceput, data_sfarsit, id) values (?, ?, ?, ?)
21:23:00.257 [Test worker] DEBUG org.hibernate.persister.entity.AbstractEntityPersister -  Update 0: update concedii set id_angajat=?, data_inceput=?, data_sfarsit=? where id=?
21:23:00.257 [Test worker] DEBUG org.hibernate.persister.entity.AbstractEntityPersister -  Delete 0: delete from concedii where id=?
21:23:00.257 [Test worker] DEBUG org.hibernate.persister.entity.AbstractEntityPersister -  Identity insert: insert into concedii (id_angajat, data_inceput, data_sfarsit) values (?, ?, ?)
21:23:00.257 [Test worker] DEBUG org.hibernate.loader.plan.build.internal.spaces.QuerySpacesImpl - Adding QuerySpace : uid = <gen:0> -> org.hibernate.loader.plan.build.internal.spaces.EntityQuerySpaceImpl@75385cbb]
21:23:00.257 [Test worker] DEBUG org.hibernate.persister.walking.spi.MetamodelGraphWalker - Visiting attribute path : angajat
21:23:00.257 [Test worker] DEBUG org.hibernate.loader.plan.build.internal.spaces.QuerySpacesImpl - Adding QuerySpace : uid = <gen:1> -> org.hibernate.loader.plan.build.internal.spaces.EntityQuerySpaceImpl@2f004f1c]
21:23:00.257 [Test worker] DEBUG org.hibernate.persister.walking.spi.MetamodelGraphWalker - Visiting attribute path : dataInceput
21:23:00.257 [Test worker] DEBUG org.hibernate.persister.walking.spi.MetamodelGraphWalker - Visiting attribute path : dataSfarsit
21:23:00.257 [Test worker] DEBUG org.hibernate.loader.plan.build.internal.FetchStyleLoadPlanBuildingAssociationVisitationStrategy - Building LoadPlan...
21:23:00.257 [Test worker] DEBUG org.hibernate.loader.plan.exec.internal.LoadQueryJoinAndFetchProcessor - processing queryspace <gen:0>
21:23:00.257 [Test worker] DEBUG org.hibernate.loader.plan.build.spi.LoadPlanTreePrinter - LoadPlan(entity=domain.Concediu)
    - Returns
       - EntityReturnImpl(entity=domain.Concediu, querySpaceUid=<gen:0>, path=domain.Concediu)
          - EntityAttributeFetchImpl(entity=domain.Angajat, querySpaceUid=<gen:1>, path=domain.Concediu.angajat)
    - QuerySpaces
       - EntityQuerySpaceImpl(uid=<gen:0>, entity=domain.Concediu)
          - SQL table alias mapping - concediu0_
          - alias suffix - 0_
          - suffixed key columns - {id1_3_0_}

21:23:00.257 [Test worker] DEBUG org.hibernate.loader.entity.plan.EntityLoader - Static select for entity domain.Concediu [NONE]: select concediu0_.id as id1_3_0_, concediu0_.id_angajat as id_angaj4_3_0_, concediu0_.data_inceput as data_inc2_3_0_, concediu0_.data_sfarsit as data_sfa3_3_0_ from concedii concediu0_ where concediu0_.id=?
21:23:00.257 [Test worker] DEBUG org.hibernate.loader.plan.build.internal.spaces.QuerySpacesImpl - Adding QuerySpace : uid = <gen:0> -> org.hibernate.loader.plan.build.internal.spaces.CollectionQuerySpaceImpl@7d46aab8]
21:23:00.257 [Test worker] DEBUG org.hibernate.loader.plan.build.internal.spaces.QuerySpacesImpl - Adding QuerySpace : uid = <gen:1> -> org.hibernate.loader.plan.build.internal.spaces.EntityQuerySpaceImpl@4aacec2f]
21:23:00.257 [Test worker] DEBUG org.hibernate.persister.walking.spi.MetamodelGraphWalker - Visiting attribute path : dataInceput
21:23:00.257 [Test worker] DEBUG org.hibernate.persister.walking.spi.MetamodelGraphWalker - Visiting attribute path : deadline
21:23:00.257 [Test worker] DEBUG org.hibernate.loader.plan.build.internal.FetchStyleLoadPlanBuildingAssociationVisitationStrategy - Building LoadPlan...
21:23:00.257 [Test worker] DEBUG org.hibernate.loader.plan.exec.internal.LoadQueryJoinAndFetchProcessor - processing queryspace <gen:0>
21:23:00.257 [Test worker] DEBUG org.hibernate.loader.plan.build.spi.LoadPlanTreePrinter - LoadPlan(collection=domain.Angajat.proiecte)
    - Returns
       - CollectionReturnImpl(collection=domain.Angajat.proiecte, querySpaceUid=<gen:0>, path=[domain.Angajat.proiecte])
          - (collection element) CollectionFetchableElementEntityGraph(entity=domain.Proiect, querySpaceUid=<gen:1>, path=[domain.Angajat.proiecte].<elements>)
    - QuerySpaces
       - CollectionQuerySpaceImpl(uid=<gen:0>, collection=domain.Angajat.proiecte)
          - SQL table alias mapping - proiecte0_
          - alias suffix - 0_
          - suffixed key columns - {id_angaj1_2_0_}
          - entity-element alias suffix - 1_
          - 1_entity-element suffixed key columns - id1_6_1_
          - JOIN (JoinDefinedByMetadata(elements)) : <gen:0> -> <gen:1>
             - EntityQuerySpaceImpl(uid=<gen:1>, entity=domain.Proiect)
                - SQL table alias mapping - proiect1_
                - alias suffix - 1_
                - suffixed key columns - {id1_6_1_}

21:23:00.257 [Test worker] DEBUG org.hibernate.loader.collection.plan.CollectionLoader - Static select for collection domain.Angajat.proiecte: select proiecte0_.id_angajat as id_angaj1_2_0_, proiecte0_.id_proiect as id_proie2_2_0_, proiect1_.id as id1_6_1_, proiect1_.data_inceput as data_inc2_6_1_, proiect1_.deadline as deadline3_6_1_ from angajati_proiecte proiecte0_ inner join proiecte proiect1_ on proiecte0_.id_proiect=proiect1_.id where proiecte0_.id_angajat=?
21:23:00.257 [Test worker] DEBUG org.hibernate.loader.plan.build.internal.spaces.QuerySpacesImpl - Adding QuerySpace : uid = <gen:0> -> org.hibernate.loader.plan.build.internal.spaces.CollectionQuerySpaceImpl@5c57f2fe]
21:23:00.257 [Test worker] DEBUG org.hibernate.loader.plan.build.internal.spaces.QuerySpacesImpl - Adding QuerySpace : uid = <gen:1> -> org.hibernate.loader.plan.build.internal.spaces.EntityQuerySpaceImpl@7137b0cf]
21:23:00.257 [Test worker] DEBUG org.hibernate.persister.walking.spi.MetamodelGraphWalker - Visiting attribute path : angajat
21:23:00.257 [Test worker] DEBUG org.hibernate.persister.walking.spi.MetamodelGraphWalker - Property path deemed to be circular : angajat
21:23:00.257 [Test worker] DEBUG org.hibernate.persister.walking.spi.MetamodelGraphWalker - Visiting attribute path : dataInceput
21:23:00.257 [Test worker] DEBUG org.hibernate.persister.walking.spi.MetamodelGraphWalker - Visiting attribute path : dataSfarsit
21:23:00.257 [Test worker] DEBUG org.hibernate.loader.plan.build.internal.FetchStyleLoadPlanBuildingAssociationVisitationStrategy - Building LoadPlan...
21:23:00.257 [Test worker] DEBUG org.hibernate.loader.plan.exec.internal.LoadQueryJoinAndFetchProcessor - processing queryspace <gen:0>
21:23:00.257 [Test worker] DEBUG org.hibernate.loader.plan.build.spi.LoadPlanTreePrinter - LoadPlan(collection=domain.Angajat.concedii)
    - Returns
       - CollectionReturnImpl(collection=domain.Angajat.concedii, querySpaceUid=<gen:0>, path=[domain.Angajat.concedii])
          - (collection element) CollectionFetchableElementEntityGraph(entity=domain.Concediu, querySpaceUid=<gen:1>, path=[domain.Angajat.concedii].<elements>)
    - QuerySpaces
       - CollectionQuerySpaceImpl(uid=<gen:0>, collection=domain.Angajat.concedii)
          - SQL table alias mapping - concedii0_
          - alias suffix - 0_
          - suffixed key columns - {id_angaj4_3_0_}
          - entity-element alias suffix - 1_
          - 1_entity-element suffixed key columns - id1_3_1_
          - JOIN (JoinDefinedByMetadata(elements)) : <gen:0> -> <gen:1>
             - EntityQuerySpaceImpl(uid=<gen:1>, entity=domain.Concediu)
                - SQL table alias mapping - concedii0_
                - alias suffix - 1_
                - suffixed key columns - {id1_3_1_}

21:23:00.257 [Test worker] DEBUG org.hibernate.loader.collection.plan.CollectionLoader - Static select for collection domain.Angajat.concedii: select concedii0_.id_angajat as id_angaj4_3_0_, concedii0_.id as id1_3_0_, concedii0_.id as id1_3_1_, concedii0_.id_angajat as id_angaj4_3_1_, concedii0_.data_inceput as data_inc2_3_1_, concedii0_.data_sfarsit as data_sfa3_3_1_ from concedii concedii0_ where concedii0_.id_angajat=?
21:23:00.257 [Test worker] DEBUG org.hibernate.loader.plan.build.internal.spaces.QuerySpacesImpl - Adding QuerySpace : uid = <gen:0> -> org.hibernate.loader.plan.build.internal.spaces.CollectionQuerySpaceImpl@11c6331b]
21:23:00.257 [Test worker] DEBUG org.hibernate.loader.plan.build.internal.spaces.QuerySpacesImpl - Adding QuerySpace : uid = <gen:1> -> org.hibernate.loader.plan.build.internal.spaces.EntityQuerySpaceImpl@5dbb5824]
21:23:00.257 [Test worker] DEBUG org.hibernate.persister.walking.spi.MetamodelGraphWalker - Visiting attribute path : idDirector
21:23:00.257 [Test worker] DEBUG org.hibernate.loader.plan.build.internal.FetchStyleLoadPlanBuildingAssociationVisitationStrategy - Building LoadPlan...
21:23:00.257 [Test worker] DEBUG org.hibernate.loader.plan.exec.internal.LoadQueryJoinAndFetchProcessor - processing queryspace <gen:0>
21:23:00.257 [Test worker] DEBUG org.hibernate.loader.plan.build.spi.LoadPlanTreePrinter - LoadPlan(collection=domain.Angajat.departamente)
    - Returns
       - CollectionReturnImpl(collection=domain.Angajat.departamente, querySpaceUid=<gen:0>, path=[domain.Angajat.departamente])
          - (collection element) CollectionFetchableElementEntityGraph(entity=domain.Departament, querySpaceUid=<gen:1>, path=[domain.Angajat.departamente].<elements>)
    - QuerySpaces
       - CollectionQuerySpaceImpl(uid=<gen:0>, collection=domain.Angajat.departamente)
          - SQL table alias mapping - departamen0_
          - alias suffix - 0_
          - suffixed key columns - {id_angaj1_1_0_}
          - entity-element alias suffix - 1_
          - 1_entity-element suffixed key columns - id1_4_1_
          - JOIN (JoinDefinedByMetadata(elements)) : <gen:0> -> <gen:1>
             - EntityQuerySpaceImpl(uid=<gen:1>, entity=domain.Departament)
                - SQL table alias mapping - departamen1_
                - alias suffix - 1_
                - suffixed key columns - {id1_4_1_}

21:23:00.257 [Test worker] DEBUG org.hibernate.loader.collection.plan.CollectionLoader - Static select for collection domain.Angajat.departamente: select departamen0_.id_angajat as id_angaj1_1_0_, departamen0_.id_departament as id_depar2_1_0_, departamen1_.id as id1_4_1_, departamen1_.id_director as id_direc2_4_1_ from angajati_departamente departamen0_ inner join departamente departamen1_ on departamen0_.id_departament=departamen1_.id where departamen0_.id_angajat=?
21:23:00.257 [Test worker] INFO org.hibernate.orm.connections.access - HHH10001501: Connection obtained from JdbcConnectionAccess [org.hibernate.engine.jdbc.env.internal.JdbcEnvironmentInitiator$ConnectionProviderJdbcConnectionAccess@18c0eb5f] for (non-JTA) DDL execution was not in auto-commit mode; the Connection 'local transaction' will be committed and the Connection will be set into auto-commit mode.
21:23:00.257 [Test worker] DEBUG org.hibernate.mapping.Table - No alter strings for table : angajati
21:23:00.257 [Test worker] DEBUG org.hibernate.mapping.Table - No alter strings for table : angajati_departamente
21:23:00.257 [Test worker] DEBUG org.hibernate.mapping.Table - No alter strings for table : angajati_proiecte
21:23:00.257 [Test worker] DEBUG org.hibernate.mapping.Table - No alter strings for table : concedii
21:23:00.257 [Test worker] DEBUG org.hibernate.mapping.Table - No alter strings for table : departamente
21:23:00.257 [Test worker] DEBUG org.hibernate.mapping.Table - No alter strings for table : functii
21:23:00.257 [Test worker] DEBUG org.hibernate.mapping.Table - No alter strings for table : proiecte
21:23:00.257 [Test worker] DEBUG org.hibernate.query.spi.NamedQueryRepository - Checking 0 named HQL queries
21:23:00.257 [Test worker] DEBUG org.hibernate.query.spi.NamedQueryRepository - Checking 0 named SQL queries
21:23:00.257 [Test worker] DEBUG org.hibernate.internal.SessionFactoryRegistry - Registering SessionFactory: 53305608-b522-4a4f-b7c5-451800c76851 (<unnamed>)
21:23:00.257 [Test worker] DEBUG org.hibernate.internal.SessionFactoryRegistry - Not binding SessionFactory to JNDI, no JNDI name configured
21:23:00.257 [Test worker] DEBUG org.hibernate.integrator.internal.IntegratorServiceImpl - Adding Integrator [org.hibernate.cfg.beanvalidation.BeanValidationIntegrator].
21:23:00.257 [Test worker] DEBUG org.hibernate.integrator.internal.IntegratorServiceImpl - Adding Integrator [org.hibernate.secure.spi.JaccIntegrator].
21:23:00.257 [Test worker] DEBUG org.hibernate.integrator.internal.IntegratorServiceImpl - Adding Integrator [org.hibernate.cache.internal.CollectionCacheInvalidator].
21:23:00.273 [Test worker] DEBUG org.hibernate.boot.jaxb.internal.stax.LocalXmlResourceResolver - Interpreting public/system identifier : [-//Hibernate/Hibernate Configuration DTD 3.0//EN] - [http://hibernate.org/dtd/hibernate-configuration-3.0.dtd]
21:23:00.304 [Test worker] DEBUG org.hibernate.boot.cfgxml.internal.JaxbCfgProcessor - cfg.xml document did not define namespaces; wrapping in custom event reader to introduce namespace information
21:23:00.304 [Test worker] DEBUG org.hibernate.service.spi.ServiceBinding - Overriding existing service binding [org.hibernate.secure.spi.JaccService]
21:23:00.304 [Test worker] DEBUG org.hibernate.cache.internal.RegionFactoryInitiator - Cannot default RegionFactory based on registered strategies as `[]` RegionFactory strategies were registered
21:23:00.304 [Test worker] DEBUG org.hibernate.cache.internal.RegionFactoryInitiator - Cache region factory : org.hibernate.cache.internal.NoCachingRegionFactory
21:23:00.304 [Test worker] DEBUG org.hibernate.type.BasicTypeRegistry - Adding type registration boolean -> org.hibernate.type.BooleanType@121b529f
21:23:00.304 [Test worker] DEBUG org.hibernate.type.BasicTypeRegistry - Adding type registration boolean -> org.hibernate.type.BooleanType@121b529f
21:23:00.304 [Test worker] DEBUG org.hibernate.type.BasicTypeRegistry - Adding type registration java.lang.Boolean -> org.hibernate.type.BooleanType@121b529f
21:23:00.304 [Test worker] DEBUG org.hibernate.type.BasicTypeRegistry - Adding type registration numeric_boolean -> org.hibernate.type.NumericBooleanType@7dc81433
21:23:00.304 [Test worker] DEBUG org.hibernate.type.BasicTypeRegistry - Adding type registration true_false -> org.hibernate.type.TrueFalseType@60c371da
21:23:00.304 [Test worker] DEBUG org.hibernate.type.BasicTypeRegistry - Adding type registration yes_no -> org.hibernate.type.YesNoType@51ef89fc
21:23:00.304 [Test worker] DEBUG org.hibernate.type.BasicTypeRegistry - Adding type registration byte -> org.hibernate.type.ByteType@1502feca
21:23:00.304 [Test worker] DEBUG org.hibernate.type.BasicTypeRegistry - Adding type registration byte -> org.hibernate.type.ByteType@1502feca
21:23:00.304 [Test worker] DEBUG org.hibernate.type.BasicTypeRegistry - Adding type registration java.lang.Byte -> org.hibernate.type.ByteType@1502feca
21:23:00.304 [Test worker] DEBUG org.hibernate.type.BasicTypeRegistry - Adding type registration character -> org.hibernate.type.CharacterType@5aca38b4
21:23:00.304 [Test worker] DEBUG org.hibernate.type.BasicTypeRegistry - Adding type registration char -> org.hibernate.type.CharacterType@5aca38b4
21:23:00.304 [Test worker] DEBUG org.hibernate.type.BasicTypeRegistry - Adding type registration java.lang.Character -> org.hibernate.type.CharacterType@5aca38b4
21:23:00.304 [Test worker] DEBUG org.hibernate.type.BasicTypeRegistry - Adding type registration short -> org.hibernate.type.ShortType@212db0b9
21:23:00.304 [Test worker] DEBUG org.hibernate.type.BasicTypeRegistry - Adding type registration short -> org.hibernate.type.ShortType@212db0b9
21:23:00.304 [Test worker] DEBUG org.hibernate.type.BasicTypeRegistry - Adding type registration java.lang.Short -> org.hibernate.type.ShortType@212db0b9
21:23:00.304 [Test worker] DEBUG org.hibernate.type.BasicTypeRegistry - Adding type registration integer -> org.hibernate.type.IntegerType@14f541d2
21:23:00.304 [Test worker] DEBUG org.hibernate.type.BasicTypeRegistry - Adding type registration int -> org.hibernate.type.IntegerType@14f541d2
21:23:00.304 [Test worker] DEBUG org.hibernate.type.BasicTypeRegistry - Adding type registration java.lang.Integer -> org.hibernate.type.IntegerType@14f541d2
21:23:00.304 [Test worker] DEBUG org.hibernate.type.BasicTypeRegistry - Adding type registration long -> org.hibernate.type.LongType@357c5fef
21:23:00.304 [Test worker] DEBUG org.hibernate.type.BasicTypeRegistry - Adding type registration long -> org.hibernate.type.LongType@357c5fef
21:23:00.304 [Test worker] DEBUG org.hibernate.type.BasicTypeRegistry - Adding type registration java.lang.Long -> org.hibernate.type.LongType@357c5fef
21:23:00.304 [Test worker] DEBUG org.hibernate.type.BasicTypeRegistry - Adding type registration float -> org.hibernate.type.FloatType@68835e55
21:23:00.304 [Test worker] DEBUG org.hibernate.type.BasicTypeRegistry - Adding type registration float -> org.hibernate.type.FloatType@68835e55
21:23:00.304 [Test worker] DEBUG org.hibernate.type.BasicTypeRegistry - Adding type registration java.lang.Float -> org.hibernate.type.FloatType@68835e55
21:23:00.304 [Test worker] DEBUG org.hibernate.type.BasicTypeRegistry - Adding type registration double -> org.hibernate.type.DoubleType@1db8c4bf
21:23:00.304 [Test worker] DEBUG org.hibernate.type.BasicTypeRegistry - Adding type registration double -> org.hibernate.type.DoubleType@1db8c4bf
21:23:00.304 [Test worker] DEBUG org.hibernate.type.BasicTypeRegistry - Adding type registration java.lang.Double -> org.hibernate.type.DoubleType@1db8c4bf
21:23:00.304 [Test worker] DEBUG org.hibernate.type.BasicTypeRegistry - Adding type registration big_decimal -> org.hibernate.type.BigDecimalType@2bd9f5a7
21:23:00.304 [Test worker] DEBUG org.hibernate.type.BasicTypeRegistry - Adding type registration java.math.BigDecimal -> org.hibernate.type.BigDecimalType@2bd9f5a7
21:23:00.304 [Test worker] DEBUG org.hibernate.type.BasicTypeRegistry - Adding type registration big_integer -> org.hibernate.type.BigIntegerType@67766712
21:23:00.304 [Test worker] DEBUG org.hibernate.type.BasicTypeRegistry - Adding type registration java.math.BigInteger -> org.hibernate.type.BigIntegerType@67766712
21:23:00.304 [Test worker] DEBUG org.hibernate.type.BasicTypeRegistry - Adding type registration string -> org.hibernate.type.StringType@5abe721f
21:23:00.304 [Test worker] DEBUG org.hibernate.type.BasicTypeRegistry - Adding type registration java.lang.String -> org.hibernate.type.StringType@5abe721f
21:23:00.304 [Test worker] DEBUG org.hibernate.type.BasicTypeRegistry - Adding type registration nstring -> org.hibernate.type.StringNVarcharType@5ca83c4b
21:23:00.304 [Test worker] DEBUG org.hibernate.type.BasicTypeRegistry - Adding type registration ncharacter -> org.hibernate.type.CharacterNCharType@181579aa
21:23:00.304 [Test worker] DEBUG org.hibernate.type.BasicTypeRegistry - Adding type registration url -> org.hibernate.type.UrlType@2d95e7ff
21:23:00.304 [Test worker] DEBUG org.hibernate.type.BasicTypeRegistry - Adding type registration java.net.URL -> org.hibernate.type.UrlType@2d95e7ff
21:23:00.304 [Test worker] DEBUG org.hibernate.type.BasicTypeRegistry - Adding type registration Duration -> org.hibernate.type.DurationType@1f6d6ec5
21:23:00.304 [Test worker] DEBUG org.hibernate.type.BasicTypeRegistry - Adding type registration java.time.Duration -> org.hibernate.type.DurationType@1f6d6ec5
21:23:00.304 [Test worker] DEBUG org.hibernate.type.BasicTypeRegistry - Adding type registration Instant -> org.hibernate.type.InstantType@799b3880
21:23:00.304 [Test worker] DEBUG org.hibernate.type.BasicTypeRegistry - Adding type registration java.time.Instant -> org.hibernate.type.InstantType@799b3880
21:23:00.304 [Test worker] DEBUG org.hibernate.type.BasicTypeRegistry - Adding type registration LocalDateTime -> org.hibernate.type.LocalDateTimeType@3c9b7dcd
21:23:00.304 [Test worker] DEBUG org.hibernate.type.BasicTypeRegistry - Adding type registration java.time.LocalDateTime -> org.hibernate.type.LocalDateTimeType@3c9b7dcd
21:23:00.304 [Test worker] DEBUG org.hibernate.type.BasicTypeRegistry - Adding type registration LocalDate -> org.hibernate.type.LocalDateType@73b9d317
21:23:00.304 [Test worker] DEBUG org.hibernate.type.BasicTypeRegistry - Adding type registration java.time.LocalDate -> org.hibernate.type.LocalDateType@73b9d317
21:23:00.304 [Test worker] DEBUG org.hibernate.type.BasicTypeRegistry - Adding type registration LocalTime -> org.hibernate.type.LocalTimeType@3e938176
21:23:00.304 [Test worker] DEBUG org.hibernate.type.BasicTypeRegistry - Adding type registration java.time.LocalTime -> org.hibernate.type.LocalTimeType@3e938176
21:23:00.304 [Test worker] DEBUG org.hibernate.type.BasicTypeRegistry - Adding type registration OffsetDateTime -> org.hibernate.type.OffsetDateTimeType@1006f6a5
21:23:00.304 [Test worker] DEBUG org.hibernate.type.BasicTypeRegistry - Adding type registration java.time.OffsetDateTime -> org.hibernate.type.OffsetDateTimeType@1006f6a5
21:23:00.304 [Test worker] DEBUG org.hibernate.type.BasicTypeRegistry - Adding type registration OffsetTime -> org.hibernate.type.OffsetTimeType@5ebf30b8
21:23:00.304 [Test worker] DEBUG org.hibernate.type.BasicTypeRegistry - Adding type registration java.time.OffsetTime -> org.hibernate.type.OffsetTimeType@5ebf30b8
21:23:00.304 [Test worker] DEBUG org.hibernate.type.BasicTypeRegistry - Adding type registration ZonedDateTime -> org.hibernate.type.ZonedDateTimeType@5ecdce3a
21:23:00.304 [Test worker] DEBUG org.hibernate.type.BasicTypeRegistry - Adding type registration java.time.ZonedDateTime -> org.hibernate.type.ZonedDateTimeType@5ecdce3a
21:23:00.304 [Test worker] DEBUG org.hibernate.type.BasicTypeRegistry - Adding type registration date -> org.hibernate.type.DateType@34878a9c
21:23:00.304 [Test worker] DEBUG org.hibernate.type.BasicTypeRegistry - Adding type registration java.sql.Date -> org.hibernate.type.DateType@34878a9c
21:23:00.304 [Test worker] DEBUG org.hibernate.type.BasicTypeRegistry - Adding type registration time -> org.hibernate.type.TimeType@4be75fc9
21:23:00.304 [Test worker] DEBUG org.hibernate.type.BasicTypeRegistry - Adding type registration java.sql.Time -> org.hibernate.type.TimeType@4be75fc9
21:23:00.304 [Test worker] DEBUG org.hibernate.type.BasicTypeRegistry - Adding type registration timestamp -> org.hibernate.type.TimestampType@cd6dcfb
21:23:00.304 [Test worker] DEBUG org.hibernate.type.BasicTypeRegistry - Adding type registration java.sql.Timestamp -> org.hibernate.type.TimestampType@cd6dcfb
21:23:00.304 [Test worker] DEBUG org.hibernate.type.BasicTypeRegistry - Adding type registration java.util.Date -> org.hibernate.type.TimestampType@cd6dcfb
21:23:00.304 [Test worker] DEBUG org.hibernate.type.BasicTypeRegistry - Adding type registration dbtimestamp -> org.hibernate.type.DbTimestampType@6f70db50
21:23:00.304 [Test worker] DEBUG org.hibernate.type.BasicTypeRegistry - Adding type registration calendar -> org.hibernate.type.CalendarType@232580e4
21:23:00.304 [Test worker] DEBUG org.hibernate.type.BasicTypeRegistry - Adding type registration java.util.Calendar -> org.hibernate.type.CalendarType@232580e4
21:23:00.304 [Test worker] DEBUG org.hibernate.type.BasicTypeRegistry - Adding type registration java.util.GregorianCalendar -> org.hibernate.type.CalendarType@232580e4
21:23:00.304 [Test worker] DEBUG org.hibernate.type.BasicTypeRegistry - Adding type registration calendar_date -> org.hibernate.type.CalendarDateType@2d226c99
21:23:00.304 [Test worker] DEBUG org.hibernate.type.BasicTypeRegistry - Adding type registration calendar_time -> org.hibernate.type.CalendarTimeType@5f0ca092
21:23:00.304 [Test worker] DEBUG org.hibernate.type.BasicTypeRegistry - Adding type registration locale -> org.hibernate.type.LocaleType@2e7d6fc7
21:23:00.304 [Test worker] DEBUG org.hibernate.type.BasicTypeRegistry - Adding type registration java.util.Locale -> org.hibernate.type.LocaleType@2e7d6fc7
21:23:00.304 [Test worker] DEBUG org.hibernate.type.BasicTypeRegistry - Adding type registration currency -> org.hibernate.type.CurrencyType@298b5abb
21:23:00.304 [Test worker] DEBUG org.hibernate.type.BasicTypeRegistry - Adding type registration java.util.Currency -> org.hibernate.type.CurrencyType@298b5abb
21:23:00.304 [Test worker] DEBUG org.hibernate.type.BasicTypeRegistry - Adding type registration timezone -> org.hibernate.type.TimeZoneType@6a7223ce
21:23:00.304 [Test worker] DEBUG org.hibernate.type.BasicTypeRegistry - Adding type registration java.util.TimeZone -> org.hibernate.type.TimeZoneType@6a7223ce
21:23:00.304 [Test worker] DEBUG org.hibernate.type.BasicTypeRegistry - Adding type registration class -> org.hibernate.type.ClassType@17c86e61
21:23:00.304 [Test worker] DEBUG org.hibernate.type.BasicTypeRegistry - Adding type registration java.lang.Class -> org.hibernate.type.ClassType@17c86e61
21:23:00.304 [Test worker] DEBUG org.hibernate.type.BasicTypeRegistry - Adding type registration uuid-binary -> org.hibernate.type.UUIDBinaryType@165a29f7
21:23:00.304 [Test worker] DEBUG org.hibernate.type.BasicTypeRegistry - Adding type registration java.util.UUID -> org.hibernate.type.UUIDBinaryType@165a29f7
21:23:00.304 [Test worker] DEBUG org.hibernate.type.BasicTypeRegistry - Adding type registration uuid-char -> org.hibernate.type.UUIDCharType@57061eb5
21:23:00.304 [Test worker] DEBUG org.hibernate.type.BasicTypeRegistry - Adding type registration binary -> org.hibernate.type.BinaryType@377a3a57
21:23:00.304 [Test worker] DEBUG org.hibernate.type.BasicTypeRegistry - Adding type registration byte[] -> org.hibernate.type.BinaryType@377a3a57
21:23:00.304 [Test worker] DEBUG org.hibernate.type.BasicTypeRegistry - Adding type registration [B -> org.hibernate.type.BinaryType@377a3a57
21:23:00.304 [Test worker] DEBUG org.hibernate.type.BasicTypeRegistry - Adding type registration wrapper-binary -> org.hibernate.type.WrapperBinaryType@15236686
21:23:00.304 [Test worker] DEBUG org.hibernate.type.BasicTypeRegistry - Adding type registration Byte[] -> org.hibernate.type.WrapperBinaryType@15236686
21:23:00.304 [Test worker] DEBUG org.hibernate.type.BasicTypeRegistry - Adding type registration [Ljava.lang.Byte; -> org.hibernate.type.WrapperBinaryType@15236686
21:23:00.304 [Test worker] DEBUG org.hibernate.type.BasicTypeRegistry - Adding type registration row_version -> org.hibernate.type.RowVersionType@480544d3
21:23:00.304 [Test worker] DEBUG org.hibernate.type.BasicTypeRegistry - Adding type registration image -> org.hibernate.type.ImageType@a74733d
21:23:00.304 [Test worker] DEBUG org.hibernate.type.BasicTypeRegistry - Adding type registration characters -> org.hibernate.type.CharArrayType@10b707f8
21:23:00.304 [Test worker] DEBUG org.hibernate.type.BasicTypeRegistry - Adding type registration char[] -> org.hibernate.type.CharArrayType@10b707f8
21:23:00.304 [Test worker] DEBUG org.hibernate.type.BasicTypeRegistry - Adding type registration [C -> org.hibernate.type.CharArrayType@10b707f8
21:23:00.304 [Test worker] DEBUG org.hibernate.type.BasicTypeRegistry - Adding type registration wrapper-characters -> org.hibernate.type.CharacterArrayType@7586a107
21:23:00.304 [Test worker] DEBUG org.hibernate.type.BasicTypeRegistry - Adding type registration [Ljava.lang.Character; -> org.hibernate.type.CharacterArrayType@7586a107
21:23:00.304 [Test worker] DEBUG org.hibernate.type.BasicTypeRegistry - Adding type registration Character[] -> org.hibernate.type.CharacterArrayType@7586a107
21:23:00.304 [Test worker] DEBUG org.hibernate.type.BasicTypeRegistry - Adding type registration text -> org.hibernate.type.TextType@28e7117
21:23:00.304 [Test worker] DEBUG org.hibernate.type.BasicTypeRegistry - Adding type registration ntext -> org.hibernate.type.NTextType@4fe7c4b8
21:23:00.304 [Test worker] DEBUG org.hibernate.type.BasicTypeRegistry - Adding type registration blob -> org.hibernate.type.BlobType@69ff7971
21:23:00.304 [Test worker] DEBUG org.hibernate.type.BasicTypeRegistry - Adding type registration java.sql.Blob -> org.hibernate.type.BlobType@69ff7971
21:23:00.304 [Test worker] DEBUG org.hibernate.type.BasicTypeRegistry - Adding type registration materialized_blob -> org.hibernate.type.MaterializedBlobType@29a6bbfa
21:23:00.304 [Test worker] DEBUG org.hibernate.type.BasicTypeRegistry - Adding type registration clob -> org.hibernate.type.ClobType@6243fc09
21:23:00.304 [Test worker] DEBUG org.hibernate.type.BasicTypeRegistry - Adding type registration java.sql.Clob -> org.hibernate.type.ClobType@6243fc09
21:23:00.304 [Test worker] DEBUG org.hibernate.type.BasicTypeRegistry - Adding type registration nclob -> org.hibernate.type.NClobType@7a0e9fb4
21:23:00.304 [Test worker] DEBUG org.hibernate.type.BasicTypeRegistry - Adding type registration java.sql.NClob -> org.hibernate.type.NClobType@7a0e9fb4
21:23:00.304 [Test worker] DEBUG org.hibernate.type.BasicTypeRegistry - Adding type registration materialized_clob -> org.hibernate.type.MaterializedClobType@5568af29
21:23:00.304 [Test worker] DEBUG org.hibernate.type.BasicTypeRegistry - Adding type registration materialized_nclob -> org.hibernate.type.MaterializedNClobType@43589365
21:23:00.304 [Test worker] DEBUG org.hibernate.type.BasicTypeRegistry - Adding type registration serializable -> org.hibernate.type.SerializableType@49b714f8
21:23:00.304 [Test worker] DEBUG org.hibernate.type.BasicTypeRegistry - Adding type registration object -> org.hibernate.type.ObjectType@4b6f241f
21:23:00.304 [Test worker] DEBUG org.hibernate.type.BasicTypeRegistry - Adding type registration java.lang.Object -> org.hibernate.type.ObjectType@4b6f241f
21:23:00.304 [Test worker] DEBUG org.hibernate.type.BasicTypeRegistry - Adding type registration imm_date -> org.hibernate.type.AdaptedImmutableType@344a5946
21:23:00.304 [Test worker] DEBUG org.hibernate.type.BasicTypeRegistry - Adding type registration imm_time -> org.hibernate.type.AdaptedImmutableType@47289a70
21:23:00.304 [Test worker] DEBUG org.hibernate.type.BasicTypeRegistry - Adding type registration imm_timestamp -> org.hibernate.type.AdaptedImmutableType@454bbd97
21:23:00.304 [Test worker] DEBUG org.hibernate.type.BasicTypeRegistry - Adding type registration imm_dbtimestamp -> org.hibernate.type.AdaptedImmutableType@52cbeb4a
21:23:00.304 [Test worker] DEBUG org.hibernate.type.BasicTypeRegistry - Adding type registration imm_calendar -> org.hibernate.type.AdaptedImmutableType@34ad183c
21:23:00.304 [Test worker] DEBUG org.hibernate.type.BasicTypeRegistry - Adding type registration imm_calendar_date -> org.hibernate.type.AdaptedImmutableType@3755ffc3
21:23:00.304 [Test worker] DEBUG org.hibernate.type.BasicTypeRegistry - Adding type registration imm_binary -> org.hibernate.type.AdaptedImmutableType@2f6a5bbb
21:23:00.304 [Test worker] DEBUG org.hibernate.type.BasicTypeRegistry - Adding type registration imm_serializable -> org.hibernate.type.AdaptedImmutableType@227664a7
21:23:00.320 [Test worker] DEBUG org.hibernate.id.factory.internal.DefaultIdentifierGeneratorFactory - Registering IdentifierGenerator strategy [uuid2] -> [org.hibernate.id.UUIDGenerator]
21:23:00.320 [Test worker] DEBUG org.hibernate.id.factory.internal.DefaultIdentifierGeneratorFactory - Registering IdentifierGenerator strategy [guid] -> [org.hibernate.id.GUIDGenerator]
21:23:00.320 [Test worker] DEBUG org.hibernate.id.factory.internal.DefaultIdentifierGeneratorFactory - Registering IdentifierGenerator strategy [uuid] -> [org.hibernate.id.UUIDHexGenerator]
21:23:00.320 [Test worker] DEBUG org.hibernate.id.factory.internal.DefaultIdentifierGeneratorFactory - Registering IdentifierGenerator strategy [uuid.hex] -> [org.hibernate.id.UUIDHexGenerator]
21:23:00.320 [Test worker] DEBUG org.hibernate.id.factory.internal.DefaultIdentifierGeneratorFactory - Registering IdentifierGenerator strategy [assigned] -> [org.hibernate.id.Assigned]
21:23:00.320 [Test worker] DEBUG org.hibernate.id.factory.internal.DefaultIdentifierGeneratorFactory - Registering IdentifierGenerator strategy [identity] -> [org.hibernate.id.IdentityGenerator]
21:23:00.320 [Test worker] DEBUG org.hibernate.id.factory.internal.DefaultIdentifierGeneratorFactory - Registering IdentifierGenerator strategy [select] -> [org.hibernate.id.SelectGenerator]
21:23:00.320 [Test worker] DEBUG org.hibernate.id.factory.internal.DefaultIdentifierGeneratorFactory - Registering IdentifierGenerator strategy [sequence] -> [org.hibernate.id.enhanced.SequenceStyleGenerator]
21:23:00.320 [Test worker] DEBUG org.hibernate.id.factory.internal.DefaultIdentifierGeneratorFactory - Registering IdentifierGenerator strategy [seqhilo] -> [org.hibernate.id.SequenceHiLoGenerator]
21:23:00.320 [Test worker] DEBUG org.hibernate.id.factory.internal.DefaultIdentifierGeneratorFactory - Registering IdentifierGenerator strategy [increment] -> [org.hibernate.id.IncrementGenerator]
21:23:00.320 [Test worker] DEBUG org.hibernate.id.factory.internal.DefaultIdentifierGeneratorFactory - Registering IdentifierGenerator strategy [foreign] -> [org.hibernate.id.ForeignGenerator]
21:23:00.320 [Test worker] DEBUG org.hibernate.id.factory.internal.DefaultIdentifierGeneratorFactory - Registering IdentifierGenerator strategy [sequence-identity] -> [org.hibernate.id.SequenceIdentityGenerator]
21:23:00.320 [Test worker] DEBUG org.hibernate.id.factory.internal.DefaultIdentifierGeneratorFactory - Registering IdentifierGenerator strategy [enhanced-sequence] -> [org.hibernate.id.enhanced.SequenceStyleGenerator]
21:23:00.320 [Test worker] DEBUG org.hibernate.id.factory.internal.DefaultIdentifierGeneratorFactory - Registering IdentifierGenerator strategy [enhanced-table] -> [org.hibernate.id.enhanced.TableGenerator]
21:23:00.320 [Test worker] WARN org.hibernate.orm.connections.pooling - HHH10001002: Using Hibernate built-in connection pool (not for production use!)
21:23:00.320 [Test worker] INFO org.hibernate.orm.connections.pooling - HHH10001005: using driver [org.sqlite.JDBC] at URL [jdbc:sqlite:D:\Facultate\Projects\OrganizareCompanie\database]
21:23:00.320 [Test worker] INFO org.hibernate.orm.connections.pooling - HHH10001001: Connection properties: {password=root, user=root}
21:23:00.320 [Test worker] INFO org.hibernate.orm.connections.pooling - HHH10001003: Autocommit mode: false
21:23:00.320 [Test worker] DEBUG org.hibernate.engine.jdbc.connections.internal.DriverManagerConnectionProviderImpl - Initializing Connection pool with 1 Connections
21:23:00.320 [Test worker] INFO org.hibernate.engine.jdbc.connections.internal.DriverManagerConnectionProviderImpl - HHH000115: Hibernate connection pool size: 1 (min=1)
21:23:00.320 [Test worker] DEBUG org.hibernate.engine.jdbc.env.internal.JdbcEnvironmentInitiator - Database ->
       name : SQLite
    version : 3.34.0
      major : 3
      minor : 34
21:23:00.320 [Test worker] DEBUG org.hibernate.engine.jdbc.env.internal.JdbcEnvironmentInitiator - Driver ->
       name : SQLite JDBC
    version : 3.34.0
      major : 3
      minor : 34
21:23:00.320 [Test worker] DEBUG org.hibernate.engine.jdbc.env.internal.JdbcEnvironmentInitiator - JDBC version : 2.1
21:23:00.320 [Test worker] INFO org.hibernate.dialect.Dialect - HHH000400: Using dialect: utils.SQLiteDialect
21:23:00.320 [Test worker] DEBUG org.hibernate.engine.jdbc.env.spi.IdentifierHelperBuilder - JDBC driver metadata reported database stores quoted identifiers in neither upper, lower nor mixed case
21:23:00.320 [Test worker] DEBUG org.hibernate.engine.jdbc.env.spi.IdentifierHelperBuilder - IdentifierCaseStrategy for both quoted and unquoted identifiers was set to the same strategy [MIXED]; that will likely lead to problems in schema update and validation if using quoted identifiers
21:23:00.320 [Test worker] DEBUG org.hibernate.engine.jdbc.env.internal.LobCreatorBuilderImpl - HHH000423: Disabling contextual LOB creation as JDBC driver reported JDBC version [2] less than 4
21:23:00.320 [Test worker] DEBUG org.hibernate.boot.model.relational.Namespace - Created database namespace [logicalName=Name{catalog=null, schema=null}, physicalName=Name{catalog=null, schema=null}]
21:23:00.320 [Test worker] DEBUG org.hibernate.type.descriptor.java.JavaTypeDescriptorRegistry - JavaTypeDescriptorRegistry entry replaced : class java.time.Duration -> org.hibernate.type.descriptor.java.DurationJavaDescriptor@484b819 (was org.hibernate.type.descriptor.java.DurationJavaDescriptor@484b819)
21:23:00.320 [Test worker] DEBUG org.hibernate.type.descriptor.java.JavaTypeDescriptorRegistry - JavaTypeDescriptorRegistry entry replaced : class java.time.Instant -> org.hibernate.type.descriptor.java.InstantJavaDescriptor@7a6a60d2 (was org.hibernate.type.descriptor.java.InstantJavaDescriptor@7a6a60d2)
21:23:00.320 [Test worker] DEBUG org.hibernate.type.descriptor.java.JavaTypeDescriptorRegistry - JavaTypeDescriptorRegistry entry replaced : class java.time.LocalDate -> org.hibernate.type.descriptor.java.LocalDateJavaDescriptor@7ac3817d (was org.hibernate.type.descriptor.java.LocalDateJavaDescriptor@7ac3817d)
21:23:00.320 [Test worker] DEBUG org.hibernate.type.descriptor.java.JavaTypeDescriptorRegistry - JavaTypeDescriptorRegistry entry replaced : class java.time.LocalDateTime -> org.hibernate.type.descriptor.java.LocalDateTimeJavaDescriptor@616d0e6e (was org.hibernate.type.descriptor.java.LocalDateTimeJavaDescriptor@616d0e6e)
21:23:00.320 [Test worker] DEBUG org.hibernate.type.descriptor.java.JavaTypeDescriptorRegistry - JavaTypeDescriptorRegistry entry replaced : class java.time.OffsetDateTime -> org.hibernate.type.descriptor.java.OffsetDateTimeJavaDescriptor@4008262a (was org.hibernate.type.descriptor.java.OffsetDateTimeJavaDescriptor@4008262a)
21:23:00.320 [Test worker] DEBUG org.hibernate.type.descriptor.java.JavaTypeDescriptorRegistry - JavaTypeDescriptorRegistry entry replaced : class java.time.OffsetTime -> org.hibernate.type.descriptor.java.OffsetTimeJavaDescriptor@69cda209 (was org.hibernate.type.descriptor.java.OffsetTimeJavaDescriptor@69cda209)
21:23:00.320 [Test worker] DEBUG org.hibernate.type.descriptor.java.JavaTypeDescriptorRegistry - JavaTypeDescriptorRegistry entry replaced : class java.time.ZonedDateTime -> org.hibernate.type.descriptor.java.ZonedDateTimeJavaDescriptor@f630e24 (was org.hibernate.type.descriptor.java.ZonedDateTimeJavaDescriptor@f630e24)
21:23:00.320 [Test worker] DEBUG org.hibernate.type.BasicTypeRegistry - Adding type registration Duration -> org.hibernate.type.DurationType@1f6d6ec5
21:23:00.320 [Test worker] DEBUG org.hibernate.type.BasicTypeRegistry - Adding type registration java.time.Duration -> org.hibernate.type.DurationType@1f6d6ec5
21:23:00.320 [Test worker] DEBUG org.hibernate.type.BasicTypeRegistry - Adding type registration Instant -> org.hibernate.type.InstantType@799b3880
21:23:00.320 [Test worker] DEBUG org.hibernate.type.BasicTypeRegistry - Adding type registration java.time.Instant -> org.hibernate.type.InstantType@799b3880
21:23:00.320 [Test worker] DEBUG org.hibernate.type.BasicTypeRegistry - Adding type registration LocalDateTime -> org.hibernate.type.LocalDateTimeType@3c9b7dcd
21:23:00.320 [Test worker] DEBUG org.hibernate.type.BasicTypeRegistry - Adding type registration java.time.LocalDateTime -> org.hibernate.type.LocalDateTimeType@3c9b7dcd
21:23:00.320 [Test worker] DEBUG org.hibernate.type.BasicTypeRegistry - Adding type registration LocalDate -> org.hibernate.type.LocalDateType@73b9d317
21:23:00.320 [Test worker] DEBUG org.hibernate.type.BasicTypeRegistry - Adding type registration java.time.LocalDate -> org.hibernate.type.LocalDateType@73b9d317
21:23:00.320 [Test worker] DEBUG org.hibernate.type.BasicTypeRegistry - Adding type registration LocalTime -> org.hibernate.type.LocalTimeType@3e938176
21:23:00.320 [Test worker] DEBUG org.hibernate.type.BasicTypeRegistry - Adding type registration java.time.LocalTime -> org.hibernate.type.LocalTimeType@3e938176
21:23:00.320 [Test worker] DEBUG org.hibernate.type.BasicTypeRegistry - Adding type registration OffsetDateTime -> org.hibernate.type.OffsetDateTimeType@1006f6a5
21:23:00.320 [Test worker] DEBUG org.hibernate.type.BasicTypeRegistry - Adding type registration java.time.OffsetDateTime -> org.hibernate.type.OffsetDateTimeType@1006f6a5
21:23:00.320 [Test worker] DEBUG org.hibernate.type.BasicTypeRegistry - Adding type registration OffsetTime -> org.hibernate.type.OffsetTimeType@5ebf30b8
21:23:00.320 [Test worker] DEBUG org.hibernate.type.BasicTypeRegistry - Adding type registration java.time.OffsetTime -> org.hibernate.type.OffsetTimeType@5ebf30b8
21:23:00.320 [Test worker] DEBUG org.hibernate.type.BasicTypeRegistry - Adding type registration ZonedDateTime -> org.hibernate.type.ZonedDateTimeType@5ecdce3a
21:23:00.320 [Test worker] DEBUG org.hibernate.type.BasicTypeRegistry - Adding type registration java.time.ZonedDateTime -> org.hibernate.type.ZonedDateTimeType@5ecdce3a
21:23:00.320 [Test worker] DEBUG org.hibernate.type.spi.TypeConfiguration$Scope - Scoping TypeConfiguration [org.hibernate.type.spi.TypeConfiguration@1b1448a0] to MetadataBuildingContext [org.hibernate.boot.internal.MetadataBuildingContextRootImpl@234233a]
21:23:00.320 [Test worker] DEBUG org.hibernate.cfg.AnnotationBinder - Binding entity from annotated class: domain.Angajat
21:23:00.320 [Test worker] DEBUG org.hibernate.cfg.Ejb3Column - Binding column: Ejb3DiscriminatorColumn{logicalColumnName'DTYPE', discriminatorTypeName='string'}
21:23:00.320 [Test worker] DEBUG org.hibernate.cfg.annotations.EntityBinder - Import with entity name Angajat
21:23:00.320 [Test worker] DEBUG org.hibernate.cfg.annotations.EntityBinder - Bind entity domain.Angajat on table angajati
21:23:00.320 [Test worker] DEBUG org.hibernate.cfg.Ejb3Column - Binding column: Ejb3Column{table=org.hibernate.mapping.Table(angajati), mappingColumn=id, insertable=true, updatable=true, unique=false}
21:23:00.320 [Test worker] DEBUG org.hibernate.boot.internal.ClassLoaderAccessImpl - Not known whether passed class name [domain.Angajat] is safe
21:23:00.320 [Test worker] DEBUG org.hibernate.boot.internal.ClassLoaderAccessImpl - No temp ClassLoader provided; using live ClassLoader for loading potentially unsafe class : domain.Angajat
21:23:00.320 [Test worker] DEBUG org.hibernate.cfg.annotations.PropertyBinder - MetadataSourceProcessor property id with lazy=false
21:23:00.320 [Test worker] DEBUG org.hibernate.cfg.AbstractPropertyHolder - Attempting to locate auto-apply AttributeConverter for property [domain.Angajat:id]
21:23:00.320 [Test worker] DEBUG org.hibernate.cfg.annotations.SimpleValueBinder - building SimpleValue for id
21:23:00.320 [Test worker] DEBUG org.hibernate.cfg.annotations.PropertyBinder - Building property id
21:23:00.320 [Test worker] DEBUG org.hibernate.cfg.BinderHelper - #makeIdGenerator(org.hibernate.mapping.SimpleValue([org.hibernate.mapping.Column(id)]), id, identity, , ...)
21:23:00.320 [Test worker] DEBUG org.hibernate.cfg.Ejb3Column - Binding column: Ejb3JoinColumn{logicalColumnName='null', referencedColumn='null', mappedBy='angajat'}
21:23:00.320 [Test worker] DEBUG org.hibernate.cfg.Ejb3Column - Binding column: Ejb3Column{table=org.hibernate.mapping.Table(angajati), mappingColumn=concedii, insertable=true, updatable=true, unique=false}
21:23:00.320 [Test worker] DEBUG org.hibernate.cfg.Ejb3Column - Binding column: Ejb3Column{table=org.hibernate.mapping.Table(angajati), mappingColumn=null, insertable=true, updatable=true, unique=false}
21:23:00.320 [Test worker] DEBUG org.hibernate.cfg.Ejb3Column - Binding column: Ejb3Column{table=org.hibernate.mapping.Table(angajati), mappingColumn=element, insertable=true, updatable=true, unique=false}
21:23:00.320 [Test worker] DEBUG org.hibernate.cfg.Ejb3Column - Binding column: Ejb3Column{table=org.hibernate.mapping.Table(angajati), mappingColumn=concedii_KEY, insertable=true, updatable=true, unique=false}
21:23:00.320 [Test worker] DEBUG org.hibernate.cfg.Ejb3Column - Binding column: Ejb3JoinColumn{logicalColumnName='concedii_KEY', referencedColumn='null', mappedBy='null'}
21:23:00.320 [Test worker] DEBUG org.hibernate.cfg.Ejb3Column - Binding column: Ejb3JoinColumn{logicalColumnName='null', referencedColumn='null', mappedBy='angajat'}
21:23:00.320 [Test worker] DEBUG org.hibernate.cfg.Ejb3Column - Binding column: Ejb3JoinColumn{logicalColumnName='null', referencedColumn='null', mappedBy='angajat'}
21:23:00.320 [Test worker] DEBUG org.hibernate.cfg.annotations.CollectionBinder - Collection role: domain.Angajat.concedii
21:23:00.320 [Test worker] DEBUG org.hibernate.cfg.annotations.PropertyBinder - Building property concedii
21:23:00.320 [Test worker] DEBUG org.hibernate.cfg.Ejb3Column - Binding column: Ejb3Column{table=org.hibernate.mapping.Table(angajati), mappingColumn=data_angajare, insertable=true, updatable=true, unique=false}
21:23:00.320 [Test worker] DEBUG org.hibernate.cfg.annotations.PropertyBinder - MetadataSourceProcessor property dataAngajare with lazy=false
21:23:00.320 [Test worker] DEBUG org.hibernate.cfg.AbstractPropertyHolder - Attempting to locate auto-apply AttributeConverter for property [domain.Angajat:dataAngajare]
21:23:00.320 [Test worker] DEBUG org.hibernate.cfg.annotations.SimpleValueBinder - building SimpleValue for dataAngajare
21:23:00.320 [Test worker] DEBUG org.hibernate.cfg.annotations.PropertyBinder - Building property dataAngajare
21:23:00.320 [Test worker] DEBUG org.hibernate.cfg.Ejb3Column - Binding column: Ejb3Column{table=org.hibernate.mapping.Table(angajati), mappingColumn=null, insertable=true, updatable=true, unique=false}
21:23:00.320 [Test worker] DEBUG org.hibernate.cfg.Ejb3Column - Binding column: Ejb3Column{table=org.hibernate.mapping.Table(angajati), mappingColumn=element, insertable=true, updatable=true, unique=false}
21:23:00.320 [Test worker] DEBUG org.hibernate.cfg.Ejb3Column - Binding column: Ejb3Column{table=org.hibernate.mapping.Table(angajati), mappingColumn=departamente_KEY, insertable=true, updatable=true, unique=false}
21:23:00.320 [Test worker] DEBUG org.hibernate.cfg.Ejb3Column - Binding column: Ejb3JoinColumn{logicalColumnName='departamente_KEY', referencedColumn='null', mappedBy='null'}
21:23:00.320 [Test worker] DEBUG org.hibernate.cfg.Ejb3Column - Binding column: Ejb3JoinColumn{logicalColumnName='id_angajat', referencedColumn='', mappedBy=''}
21:23:00.320 [Test worker] DEBUG org.hibernate.cfg.Ejb3Column - Binding column: Ejb3JoinColumn{logicalColumnName='id_departament', referencedColumn='', mappedBy=''}
21:23:00.320 [Test worker] DEBUG org.hibernate.cfg.annotations.CollectionBinder - Collection role: domain.Angajat.departamente
21:23:00.320 [Test worker] DEBUG org.hibernate.cfg.annotations.PropertyBinder - Building property departamente
21:23:00.320 [Test worker] DEBUG org.hibernate.cfg.Ejb3Column - Binding column: Ejb3JoinColumn{logicalColumnName='null', referencedColumn='null', mappedBy='null'}
21:23:00.320 [Test worker] DEBUG org.hibernate.cfg.Ejb3Column - Binding column: Ejb3Column{table=org.hibernate.mapping.Table(angajati), mappingColumn=functie, insertable=true, updatable=true, unique=false}
21:23:00.320 [Test worker] DEBUG org.hibernate.cfg.annotations.PropertyBinder - Building property functie
21:23:00.320 [Test worker] DEBUG org.hibernate.cfg.Ejb3Column - Binding column: Ejb3Column{table=org.hibernate.mapping.Table(angajati), mappingColumn=id_superior, insertable=true, updatable=true, unique=false}
21:23:00.320 [Test worker] DEBUG org.hibernate.cfg.annotations.PropertyBinder - MetadataSourceProcessor property idSuperior with lazy=false
21:23:00.320 [Test worker] DEBUG org.hibernate.cfg.AbstractPropertyHolder - Attempting to locate auto-apply AttributeConverter for property [domain.Angajat:idSuperior]
21:23:00.320 [Test worker] DEBUG org.hibernate.cfg.annotations.SimpleValueBinder - building SimpleValue for idSuperior
21:23:00.320 [Test worker] DEBUG org.hibernate.cfg.annotations.PropertyBinder - Building property idSuperior
21:23:00.320 [Test worker] DEBUG org.hibernate.cfg.Ejb3Column - Binding column: Ejb3Column{table=org.hibernate.mapping.Table(angajati), mappingColumn=null, insertable=true, updatable=true, unique=false}
21:23:00.320 [Test worker] DEBUG org.hibernate.cfg.Ejb3Column - Binding column: Ejb3Column{table=org.hibernate.mapping.Table(angajati), mappingColumn=element, insertable=true, updatable=true, unique=false}
21:23:00.320 [Test worker] DEBUG org.hibernate.cfg.Ejb3Column - Binding column: Ejb3Column{table=org.hibernate.mapping.Table(angajati), mappingColumn=proiecte_KEY, insertable=true, updatable=true, unique=false}
21:23:00.320 [Test worker] DEBUG org.hibernate.cfg.Ejb3Column - Binding column: Ejb3JoinColumn{logicalColumnName='proiecte_KEY', referencedColumn='null', mappedBy='null'}
21:23:00.320 [Test worker] DEBUG org.hibernate.cfg.Ejb3Column - Binding column: Ejb3JoinColumn{logicalColumnName='id_angajat', referencedColumn='', mappedBy=''}
21:23:00.320 [Test worker] DEBUG org.hibernate.cfg.Ejb3Column - Binding column: Ejb3JoinColumn{logicalColumnName='id_proiect', referencedColumn='', mappedBy=''}
21:23:00.320 [Test worker] DEBUG org.hibernate.cfg.annotations.CollectionBinder - Collection role: domain.Angajat.proiecte
21:23:00.320 [Test worker] DEBUG org.hibernate.cfg.annotations.PropertyBinder - Building property proiecte
21:23:00.320 [Test worker] DEBUG org.hibernate.cfg.AnnotationBinder - Binding entity from annotated class: domain.Concediu
21:23:00.320 [Test worker] DEBUG org.hibernate.cfg.Ejb3Column - Binding column: Ejb3DiscriminatorColumn{logicalColumnName'DTYPE', discriminatorTypeName='string'}
21:23:00.320 [Test worker] DEBUG org.hibernate.cfg.annotations.EntityBinder - Import with entity name Concediu
21:23:00.320 [Test worker] DEBUG org.hibernate.cfg.annotations.EntityBinder - Bind entity domain.Concediu on table concedii
21:23:00.320 [Test worker] DEBUG org.hibernate.cfg.Ejb3Column - Binding column: Ejb3Column{table=org.hibernate.mapping.Table(concedii), mappingColumn=id, insertable=true, updatable=true, unique=false}
21:23:00.320 [Test worker] DEBUG org.hibernate.boot.internal.ClassLoaderAccessImpl - Not known whether passed class name [domain.Concediu] is safe
21:23:00.320 [Test worker] DEBUG org.hibernate.boot.internal.ClassLoaderAccessImpl - No temp ClassLoader provided; using live ClassLoader for loading potentially unsafe class : domain.Concediu
21:23:00.320 [Test worker] DEBUG org.hibernate.cfg.annotations.PropertyBinder - MetadataSourceProcessor property id with lazy=false
21:23:00.320 [Test worker] DEBUG org.hibernate.cfg.AbstractPropertyHolder - Attempting to locate auto-apply AttributeConverter for property [domain.Concediu:id]
21:23:00.320 [Test worker] DEBUG org.hibernate.cfg.annotations.SimpleValueBinder - building SimpleValue for id
21:23:00.320 [Test worker] DEBUG org.hibernate.cfg.annotations.PropertyBinder - Building property id
21:23:00.320 [Test worker] DEBUG org.hibernate.cfg.BinderHelper - #makeIdGenerator(org.hibernate.mapping.SimpleValue([org.hibernate.mapping.Column(id)]), id, identity, , ...)
21:23:00.320 [Test worker] DEBUG org.hibernate.cfg.Ejb3Column - Binding column: Ejb3JoinColumn{logicalColumnName='id_angajat', referencedColumn='', mappedBy=''}
21:23:00.320 [Test worker] DEBUG org.hibernate.cfg.Ejb3Column - Binding column: Ejb3Column{table=org.hibernate.mapping.Table(concedii), mappingColumn=angajat, insertable=true, updatable=true, unique=false}
21:23:00.320 [Test worker] DEBUG org.hibernate.cfg.annotations.PropertyBinder - Building property angajat
21:23:00.320 [Test worker] DEBUG org.hibernate.cfg.Ejb3Column - Binding column: Ejb3Column{table=org.hibernate.mapping.Table(concedii), mappingColumn=data_inceput, insertable=true, updatable=true, unique=false}
21:23:00.320 [Test worker] DEBUG org.hibernate.cfg.annotations.PropertyBinder - MetadataSourceProcessor property dataInceput with lazy=false
21:23:00.320 [Test worker] DEBUG org.hibernate.cfg.AbstractPropertyHolder - Attempting to locate auto-apply AttributeConverter for property [domain.Concediu:dataInceput]
21:23:00.320 [Test worker] DEBUG org.hibernate.cfg.annotations.SimpleValueBinder - building SimpleValue for dataInceput
21:23:00.320 [Test worker] DEBUG org.hibernate.cfg.annotations.PropertyBinder - Building property dataInceput
21:23:00.320 [Test worker] DEBUG org.hibernate.cfg.Ejb3Column - Binding column: Ejb3Column{table=org.hibernate.mapping.Table(concedii), mappingColumn=data_sfarsit, insertable=true, updatable=true, unique=false}
21:23:00.320 [Test worker] DEBUG org.hibernate.cfg.annotations.PropertyBinder - MetadataSourceProcessor property dataSfarsit with lazy=false
21:23:00.320 [Test worker] DEBUG org.hibernate.cfg.AbstractPropertyHolder - Attempting to locate auto-apply AttributeConverter for property [domain.Concediu:dataSfarsit]
21:23:00.320 [Test worker] DEBUG org.hibernate.cfg.annotations.SimpleValueBinder - building SimpleValue for dataSfarsit
21:23:00.320 [Test worker] DEBUG org.hibernate.cfg.annotations.PropertyBinder - Building property dataSfarsit
21:23:00.320 [Test worker] DEBUG org.hibernate.cfg.AnnotationBinder - Binding entity from annotated class: domain.Departament
21:23:00.320 [Test worker] DEBUG org.hibernate.cfg.Ejb3Column - Binding column: Ejb3DiscriminatorColumn{logicalColumnName'DTYPE', discriminatorTypeName='string'}
21:23:00.320 [Test worker] DEBUG org.hibernate.cfg.annotations.EntityBinder - Import with entity name Departament
21:23:00.320 [Test worker] DEBUG org.hibernate.cfg.annotations.EntityBinder - Bind entity domain.Departament on table departamente
21:23:00.320 [Test worker] DEBUG org.hibernate.cfg.Ejb3Column - Binding column: Ejb3Column{table=org.hibernate.mapping.Table(departamente), mappingColumn=id, insertable=true, updatable=true, unique=false}
21:23:00.320 [Test worker] DEBUG org.hibernate.boot.internal.ClassLoaderAccessImpl - Not known whether passed class name [domain.Departament] is safe
21:23:00.320 [Test worker] DEBUG org.hibernate.boot.internal.ClassLoaderAccessImpl - No temp ClassLoader provided; using live ClassLoader for loading potentially unsafe class : domain.Departament
21:23:00.320 [Test worker] DEBUG org.hibernate.cfg.annotations.PropertyBinder - MetadataSourceProcessor property id with lazy=false
21:23:00.320 [Test worker] DEBUG org.hibernate.cfg.AbstractPropertyHolder - Attempting to locate auto-apply AttributeConverter for property [domain.Departament:id]
21:23:00.320 [Test worker] DEBUG org.hibernate.cfg.annotations.SimpleValueBinder - building SimpleValue for id
21:23:00.320 [Test worker] DEBUG org.hibernate.cfg.annotations.PropertyBinder - Building property id
21:23:00.320 [Test worker] DEBUG org.hibernate.cfg.BinderHelper - #makeIdGenerator(org.hibernate.mapping.SimpleValue([org.hibernate.mapping.Column(id)]), id, identity, , ...)
21:23:00.320 [Test worker] DEBUG org.hibernate.cfg.Ejb3Column - Binding column: Ejb3Column{table=org.hibernate.mapping.Table(departamente), mappingColumn=id_director, insertable=true, updatable=true, unique=false}
21:23:00.320 [Test worker] DEBUG org.hibernate.cfg.annotations.PropertyBinder - MetadataSourceProcessor property idDirector with lazy=false
21:23:00.320 [Test worker] DEBUG org.hibernate.cfg.AbstractPropertyHolder - Attempting to locate auto-apply AttributeConverter for property [domain.Departament:idDirector]
21:23:00.320 [Test worker] DEBUG org.hibernate.cfg.annotations.SimpleValueBinder - building SimpleValue for idDirector
21:23:00.320 [Test worker] DEBUG org.hibernate.cfg.annotations.PropertyBinder - Building property idDirector
21:23:00.320 [Test worker] DEBUG org.hibernate.cfg.AnnotationBinder - Binding entity from annotated class: domain.Functie
21:23:00.320 [Test worker] DEBUG org.hibernate.cfg.Ejb3Column - Binding column: Ejb3DiscriminatorColumn{logicalColumnName'DTYPE', discriminatorTypeName='string'}
21:23:00.320 [Test worker] DEBUG org.hibernate.cfg.annotations.EntityBinder - Import with entity name Functie
21:23:00.320 [Test worker] DEBUG org.hibernate.cfg.annotations.EntityBinder - Bind entity domain.Functie on table functii
21:23:00.320 [Test worker] DEBUG org.hibernate.cfg.Ejb3Column - Binding column: Ejb3Column{table=org.hibernate.mapping.Table(functii), mappingColumn=id, insertable=true, updatable=true, unique=false}
21:23:00.320 [Test worker] DEBUG org.hibernate.boot.internal.ClassLoaderAccessImpl - Not known whether passed class name [domain.Functie] is safe
21:23:00.320 [Test worker] DEBUG org.hibernate.boot.internal.ClassLoaderAccessImpl - No temp ClassLoader provided; using live ClassLoader for loading potentially unsafe class : domain.Functie
21:23:00.320 [Test worker] DEBUG org.hibernate.cfg.annotations.PropertyBinder - MetadataSourceProcessor property id with lazy=false
21:23:00.320 [Test worker] DEBUG org.hibernate.cfg.AbstractPropertyHolder - Attempting to locate auto-apply AttributeConverter for property [domain.Functie:id]
21:23:00.320 [Test worker] DEBUG org.hibernate.cfg.annotations.SimpleValueBinder - building SimpleValue for id
21:23:00.320 [Test worker] DEBUG org.hibernate.cfg.annotations.PropertyBinder - Building property id
21:23:00.320 [Test worker] DEBUG org.hibernate.cfg.BinderHelper - #makeIdGenerator(org.hibernate.mapping.SimpleValue([org.hibernate.mapping.Column(id)]), id, identity, , ...)
21:23:00.320 [Test worker] DEBUG org.hibernate.cfg.Ejb3Column - Binding column: Ejb3Column{table=org.hibernate.mapping.Table(functii), mappingColumn=salar_de_baza, insertable=true, updatable=true, unique=false}
21:23:00.320 [Test worker] DEBUG org.hibernate.cfg.annotations.PropertyBinder - MetadataSourceProcessor property salarDeBaza with lazy=false
21:23:00.320 [Test worker] DEBUG org.hibernate.cfg.AbstractPropertyHolder - Attempting to locate auto-apply AttributeConverter for property [domain.Functie:salarDeBaza]
21:23:00.320 [Test worker] DEBUG org.hibernate.cfg.annotations.SimpleValueBinder - building SimpleValue for salarDeBaza
21:23:00.320 [Test worker] DEBUG org.hibernate.cfg.annotations.PropertyBinder - Building property salarDeBaza
21:23:00.320 [Test worker] DEBUG org.hibernate.cfg.AnnotationBinder - Binding entity from annotated class: domain.Proiect
21:23:00.320 [Test worker] DEBUG org.hibernate.cfg.Ejb3Column - Binding column: Ejb3DiscriminatorColumn{logicalColumnName'DTYPE', discriminatorTypeName='string'}
21:23:00.320 [Test worker] DEBUG org.hibernate.cfg.annotations.EntityBinder - Import with entity name Proiect
21:23:00.320 [Test worker] DEBUG org.hibernate.cfg.annotations.EntityBinder - Bind entity domain.Proiect on table proiecte
21:23:00.320 [Test worker] DEBUG org.hibernate.cfg.Ejb3Column - Binding column: Ejb3Column{table=org.hibernate.mapping.Table(proiecte), mappingColumn=id, insertable=true, updatable=true, unique=false}
21:23:00.320 [Test worker] DEBUG org.hibernate.boot.internal.ClassLoaderAccessImpl - Not known whether passed class name [domain.Proiect] is safe
21:23:00.320 [Test worker] DEBUG org.hibernate.boot.internal.ClassLoaderAccessImpl - No temp ClassLoader provided; using live ClassLoader for loading potentially unsafe class : domain.Proiect
21:23:00.320 [Test worker] DEBUG org.hibernate.cfg.annotations.PropertyBinder - MetadataSourceProcessor property id with lazy=false
21:23:00.320 [Test worker] DEBUG org.hibernate.cfg.AbstractPropertyHolder - Attempting to locate auto-apply AttributeConverter for property [domain.Proiect:id]
21:23:00.320 [Test worker] DEBUG org.hibernate.cfg.annotations.SimpleValueBinder - building SimpleValue for id
21:23:00.320 [Test worker] DEBUG org.hibernate.cfg.annotations.PropertyBinder - Building property id
21:23:00.320 [Test worker] DEBUG org.hibernate.cfg.BinderHelper - #makeIdGenerator(org.hibernate.mapping.SimpleValue([org.hibernate.mapping.Column(id)]), id, identity, , ...)
21:23:00.320 [Test worker] DEBUG org.hibernate.cfg.Ejb3Column - Binding column: Ejb3Column{table=org.hibernate.mapping.Table(proiecte), mappingColumn=data_inceput, insertable=true, updatable=true, unique=false}
21:23:00.320 [Test worker] DEBUG org.hibernate.cfg.annotations.PropertyBinder - MetadataSourceProcessor property dataInceput with lazy=false
21:23:00.320 [Test worker] DEBUG org.hibernate.cfg.AbstractPropertyHolder - Attempting to locate auto-apply AttributeConverter for property [domain.Proiect:dataInceput]
21:23:00.320 [Test worker] DEBUG org.hibernate.cfg.annotations.SimpleValueBinder - building SimpleValue for dataInceput
21:23:00.320 [Test worker] DEBUG org.hibernate.cfg.annotations.PropertyBinder - Building property dataInceput
21:23:00.320 [Test worker] DEBUG org.hibernate.cfg.Ejb3Column - Binding column: Ejb3Column{table=org.hibernate.mapping.Table(proiecte), mappingColumn=deadline, insertable=true, updatable=true, unique=false}
21:23:00.320 [Test worker] DEBUG org.hibernate.cfg.annotations.PropertyBinder - MetadataSourceProcessor property deadline with lazy=false
21:23:00.320 [Test worker] DEBUG org.hibernate.cfg.AbstractPropertyHolder - Attempting to locate auto-apply AttributeConverter for property [domain.Proiect:deadline]
21:23:00.320 [Test worker] DEBUG org.hibernate.cfg.annotations.SimpleValueBinder - building SimpleValue for deadline
21:23:00.320 [Test worker] DEBUG org.hibernate.cfg.annotations.PropertyBinder - Building property deadline
21:23:00.320 [Test worker] DEBUG org.hibernate.cfg.annotations.SimpleValueBinder - Starting fillSimpleValue for id
21:23:00.320 [Test worker] DEBUG org.hibernate.cfg.annotations.SimpleValueBinder - Starting fillSimpleValue for dataAngajare
21:23:00.320 [Test worker] DEBUG org.hibernate.cfg.annotations.SimpleValueBinder - Starting fillSimpleValue for idSuperior
21:23:00.320 [Test worker] DEBUG org.hibernate.cfg.annotations.SimpleValueBinder - Starting fillSimpleValue for id
21:23:00.320 [Test worker] DEBUG org.hibernate.cfg.annotations.SimpleValueBinder - Starting fillSimpleValue for dataInceput
21:23:00.320 [Test worker] DEBUG org.hibernate.cfg.annotations.SimpleValueBinder - Starting fillSimpleValue for dataSfarsit
21:23:00.320 [Test worker] DEBUG org.hibernate.cfg.annotations.SimpleValueBinder - Starting fillSimpleValue for id
21:23:00.320 [Test worker] DEBUG org.hibernate.cfg.annotations.SimpleValueBinder - Starting fillSimpleValue for idDirector
21:23:00.320 [Test worker] DEBUG org.hibernate.cfg.annotations.SimpleValueBinder - Starting fillSimpleValue for id
21:23:00.320 [Test worker] DEBUG org.hibernate.cfg.annotations.SimpleValueBinder - Starting fillSimpleValue for salarDeBaza
21:23:00.320 [Test worker] DEBUG org.hibernate.cfg.annotations.SimpleValueBinder - Starting fillSimpleValue for id
21:23:00.320 [Test worker] DEBUG org.hibernate.cfg.annotations.SimpleValueBinder - Starting fillSimpleValue for dataInceput
21:23:00.320 [Test worker] DEBUG org.hibernate.cfg.annotations.SimpleValueBinder - Starting fillSimpleValue for deadline
21:23:00.320 [Test worker] DEBUG org.hibernate.mapping.PrimaryKey - Forcing column [id] to be non-null as it is part of the primary key for table [angajati]
21:23:00.320 [Test worker] DEBUG org.hibernate.mapping.PrimaryKey - Forcing column [id] to be non-null as it is part of the primary key for table [concedii]
21:23:00.320 [Test worker] DEBUG org.hibernate.mapping.PrimaryKey - Forcing column [id] to be non-null as it is part of the primary key for table [departamente]
21:23:00.320 [Test worker] DEBUG org.hibernate.mapping.PrimaryKey - Forcing column [id] to be non-null as it is part of the primary key for table [functii]
21:23:00.320 [Test worker] DEBUG org.hibernate.mapping.PrimaryKey - Forcing column [id] to be non-null as it is part of the primary key for table [proiecte]
21:23:00.320 [Test worker] DEBUG org.hibernate.cfg.CollectionSecondPass - Second pass for collection: domain.Angajat.proiecte
21:23:00.320 [Test worker] DEBUG org.hibernate.cfg.annotations.CollectionBinder - Binding as ManyToMany: domain.Angajat.proiecte
21:23:00.320 [Test worker] DEBUG org.hibernate.mapping.PrimaryKey - Forcing column [id_angajat] to be non-null as it is part of the primary key for table [angajati_proiecte]
21:23:00.320 [Test worker] DEBUG org.hibernate.mapping.PrimaryKey - Forcing column [id_proiect] to be non-null as it is part of the primary key for table [angajati_proiecte]
21:23:00.320 [Test worker] DEBUG org.hibernate.cfg.CollectionSecondPass - Mapped collection key: id_angajat, element: id_proiect
21:23:00.320 [Test worker] DEBUG org.hibernate.cfg.CollectionSecondPass - Second pass for collection: domain.Angajat.departamente
21:23:00.320 [Test worker] DEBUG org.hibernate.cfg.annotations.CollectionBinder - Binding as ManyToMany: domain.Angajat.departamente
21:23:00.320 [Test worker] DEBUG org.hibernate.mapping.PrimaryKey - Forcing column [id_angajat] to be non-null as it is part of the primary key for table [angajati_departamente]
21:23:00.320 [Test worker] DEBUG org.hibernate.mapping.PrimaryKey - Forcing column [id_departament] to be non-null as it is part of the primary key for table [angajati_departamente]
21:23:00.320 [Test worker] DEBUG org.hibernate.cfg.CollectionSecondPass - Mapped collection key: id_angajat, element: id_departament
21:23:00.320 [Test worker] DEBUG org.hibernate.cfg.CollectionSecondPass - Second pass for collection: domain.Angajat.concedii
21:23:00.320 [Test worker] DEBUG org.hibernate.cfg.annotations.CollectionBinder - Binding a OneToMany: domain.Angajat.concedii through a foreign key
21:23:00.320 [Test worker] DEBUG org.hibernate.cfg.annotations.CollectionBinder - Mapping collection: domain.Angajat.concedii -> concedii
21:23:00.320 [Test worker] DEBUG org.hibernate.cfg.annotations.TableBinder - Retrieving property domain.Concediu.angajat
21:23:00.320 [Test worker] DEBUG org.hibernate.cfg.CollectionSecondPass - Mapped collection key: id_angajat, one-to-many: domain.Concediu
21:23:00.320 [Test worker] DEBUG org.hibernate.boot.internal.InFlightMetadataCollectorImpl - Resolving reference to class: domain.Functie
21:23:00.320 [Test worker] DEBUG org.hibernate.boot.internal.InFlightMetadataCollectorImpl - Resolving reference to class: domain.Departament
21:23:00.320 [Test worker] DEBUG org.hibernate.boot.internal.InFlightMetadataCollectorImpl - Resolving reference to class: domain.Angajat
21:23:00.335 [Test worker] DEBUG org.hibernate.boot.internal.InFlightMetadataCollectorImpl - Resolving reference to class: domain.Proiect
21:23:00.335 [Test worker] DEBUG org.hibernate.boot.internal.InFlightMetadataCollectorImpl - Resolving reference to class: domain.Angajat
21:23:00.335 [Test worker] DEBUG org.hibernate.boot.internal.InFlightMetadataCollectorImpl - Resolving reference to class: domain.Angajat
21:23:00.335 [Test worker] DEBUG org.hibernate.boot.internal.InFlightMetadataCollectorImpl - Resolving reference to class: domain.Functie
21:23:00.335 [Test worker] DEBUG org.hibernate.boot.internal.InFlightMetadataCollectorImpl - Resolving reference to class: domain.Departament
21:23:00.335 [Test worker] DEBUG org.hibernate.boot.internal.InFlightMetadataCollectorImpl - Resolving reference to class: domain.Angajat
21:23:00.335 [Test worker] DEBUG org.hibernate.boot.internal.InFlightMetadataCollectorImpl - Resolving reference to class: domain.Proiect
21:23:00.335 [Test worker] DEBUG org.hibernate.boot.internal.InFlightMetadataCollectorImpl - Resolving reference to class: domain.Angajat
21:23:00.335 [Test worker] DEBUG org.hibernate.boot.internal.InFlightMetadataCollectorImpl - Resolving reference to class: domain.Angajat
21:23:00.335 [Test worker] DEBUG org.hibernate.internal.SessionFactoryImpl - Building session factory
21:23:00.335 [Test worker] DEBUG org.hibernate.cfg.Settings - SessionFactory name : null
21:23:00.335 [Test worker] DEBUG org.hibernate.cfg.Settings - Automatic flush during beforeCompletion(): enabled
21:23:00.335 [Test worker] DEBUG org.hibernate.cfg.Settings - Automatic session close at end of transaction: disabled
21:23:00.335 [Test worker] DEBUG org.hibernate.cfg.Settings - Statistics: disabled
21:23:00.335 [Test worker] DEBUG org.hibernate.cfg.Settings - Deleted entity synthetic identifier rollback: disabled
21:23:00.335 [Test worker] DEBUG org.hibernate.cfg.Settings - Default entity-mode: pojo
21:23:00.335 [Test worker] DEBUG org.hibernate.cfg.Settings - Check Nullability in Core (should be disabled when Bean Validation is on): enabled
21:23:00.335 [Test worker] DEBUG org.hibernate.cfg.Settings - Allow initialization of lazy state outside session : enabled
21:23:00.335 [Test worker] DEBUG org.hibernate.cfg.Settings - Using BatchFetchStyle : LEGACY
21:23:00.335 [Test worker] DEBUG org.hibernate.cfg.Settings - Default batch fetch size: -1
21:23:00.335 [Test worker] DEBUG org.hibernate.cfg.Settings - Maximum outer join fetch depth: null
21:23:00.335 [Test worker] DEBUG org.hibernate.cfg.Settings - Default null ordering: NONE
21:23:00.335 [Test worker] DEBUG org.hibernate.cfg.Settings - Order SQL updates by primary key: disabled
21:23:00.335 [Test worker] DEBUG org.hibernate.cfg.Settings - Order SQL inserts for batching: disabled
21:23:00.335 [Test worker] DEBUG org.hibernate.cfg.Settings - multi-tenancy strategy : NONE
21:23:00.335 [Test worker] DEBUG org.hibernate.cfg.Settings - JTA Track by Thread: enabled
21:23:00.335 [Test worker] DEBUG org.hibernate.cfg.Settings - Query language substitutions: {}
21:23:00.335 [Test worker] DEBUG org.hibernate.cfg.Settings - Named query checking : enabled
21:23:00.335 [Test worker] DEBUG org.hibernate.cfg.Settings - Second-level cache: disabled
21:23:00.335 [Test worker] DEBUG org.hibernate.cfg.Settings - Second-level query cache: disabled
21:23:00.335 [Test worker] DEBUG org.hibernate.cfg.Settings - Second-level query cache factory: null
21:23:00.335 [Test worker] DEBUG org.hibernate.cfg.Settings - Second-level cache region prefix: null
21:23:00.335 [Test worker] DEBUG org.hibernate.cfg.Settings - Optimize second-level cache for minimal puts: disabled
21:23:00.335 [Test worker] DEBUG org.hibernate.cfg.Settings - Structured second-level cache entries: disabled
21:23:00.335 [Test worker] DEBUG org.hibernate.cfg.Settings - Second-level cache direct-reference entries: disabled
21:23:00.335 [Test worker] DEBUG org.hibernate.cfg.Settings - Automatic eviction of collection cache: disabled
21:23:00.335 [Test worker] DEBUG org.hibernate.cfg.Settings - JDBC batch size: 0
21:23:00.335 [Test worker] DEBUG org.hibernate.cfg.Settings - JDBC batch updates for versioned data: enabled
21:23:00.335 [Test worker] DEBUG org.hibernate.cfg.Settings - Scrollable result sets: disabled
21:23:00.335 [Test worker] DEBUG org.hibernate.cfg.Settings - Wrap result sets: disabled
21:23:00.335 [Test worker] DEBUG org.hibernate.cfg.Settings - JDBC3 getGeneratedKeys(): enabled
21:23:00.335 [Test worker] DEBUG org.hibernate.cfg.Settings - JDBC result set fetch size: null
21:23:00.335 [Test worker] DEBUG org.hibernate.cfg.Settings - Connection release mode: AFTER_TRANSACTION
21:23:00.335 [Test worker] DEBUG org.hibernate.cfg.Settings - Generate SQL with comments: disabled
21:23:00.335 [Test worker] DEBUG org.hibernate.cfg.Settings - JPA compliance - query : disabled
21:23:00.335 [Test worker] DEBUG org.hibernate.cfg.Settings - JPA compliance - closed-handling : disabled
21:23:00.335 [Test worker] DEBUG org.hibernate.cfg.Settings - JPA compliance - lists : disabled
21:23:00.335 [Test worker] DEBUG org.hibernate.cfg.Settings - JPA compliance - transactions : disabled
21:23:00.335 [Test worker] DEBUG org.hibernate.internal.SessionFactoryImpl - Session factory constructed with filter configurations : {}
21:23:00.335 [Test worker] DEBUG org.hibernate.internal.SessionFactoryImpl - Instantiating session factory with properties: {sun.desktop=windows, awt.toolkit=sun.awt.windows.WToolkit, dialect=utils.SQLiteDialect, java.specification.version=11, sun.cpu.isalist=amd64, sun.jnu.encoding=Cp1250, hibernate.dialect=utils.SQLiteDialect, org.gradle.test.worker=3, java.class.path=C:\\Users\\Dan\\.gradle\\caches\\6.8\\workerMain\\gradle-worker.jar;D:\\Facultate\\Projects\\OrganizareCompanie\\build\\classes\\java\\test;D:\\Facultate\\Projects\\OrganizareCompanie\\build\\resources\\test;D:\\Facultate\\Projects\\OrganizareCompanie\\build\\classes\\java\\main;D:\\Facultate\\Projects\\OrganizareCompanie\\build\\resources\\main;C:\\Users\\Dan\\.gradle\\caches\\modules-2\\files-2.1\\org.springframework.boot\\spring-boot-starter-web\\2.4.3\\4f5554ea183af87e52d8c31bb82aada0d74c40b0\\spring-boot-starter-web-2.4.3.jar;C:\\Users\\Dan\\.gradle\\caches\\modules-2\\files-2.1\\org.xerial\\sqlite-jdbc\\3.34.0\\fd29bb0124e3f79c80b2753162a6a3873c240bcf\\sqlite-jdbc-3.34.0.jar;C:\\Users\\Dan\\.gradle\\caches\\modules-2\\files-2.1\\org.hibernate\\hibernate-java8\\5.1.0.Final\\2bb534acab4f8485a821f0e4d6a2c8df617ee86a\\hibernate-java8-5.1.0.Final.jar;C:\\Users\\Dan\\.gradle\\caches\\modules-2\\files-2.1\\org.hibernate\\hibernate-core\\5.4.29.Final\\74b7c9ad3cb57ae4fd0187480a76f137a7fc3f38\\hibernate-core-5.4.29.Final.jar;C:\\Users\\Dan\\.gradle\\caches\\modules-2\\files-2.1\\org.junit.platform\\junit-platform-engine\\1.7.0\\eadb73c5074a4ac71061defd00fc176152a4d12c\\junit-platform-engine-1.7.0.jar;C:\\Users\\Dan\\.gradle\\caches\\modules-2\\files-2.1\\org.junit.platform\\junit-platform-commons\\1.7.0\\84e309fbf21d857aac079a3c1fffd84284e1114d\\junit-platform-commons-1.7.0.jar;C:\\Users\\Dan\\.gradle\\caches\\modules-2\\files-2.1\\org.junit.jupiter\\junit-jupiter-engine\\5.7.0\\d9044d6b45e2232ddd53fa56c15333e43d1749fd\\junit-jupiter-engine-5.7.0.jar;C:\\Users\\Dan\\.gradle\\caches\\modules-2\\files-2.1\\org.junit.jupiter\\junit-jupiter-api\\5.7.0\\b25f3815c4c1860a73041e733a14a0379d00c4d5\\junit-jupiter-api-5.7.0.jar;C:\\Users\\Dan\\.gradle\\caches\\modules-2\\files-2.1\\org.springframework.boot\\spring-boot-starter-json\\2.4.3\\7b26abb0a0379a00b58a2a50e010b29cf4f16b80\\spring-boot-starter-json-2.4.3.jar;C:\\Users\\Dan\\.gradle\\caches\\modules-2\\files-2.1\\org.springframework.boot\\spring-boot-starter\\2.4.3\\fd8bc0fb5f5aaefb4d6c8b77eb61563aab840c11\\spring-boot-starter-2.4.3.jar;C:\\Users\\Dan\\.gradle\\caches\\modules-2\\files-2.1\\org.springframework.boot\\spring-boot-starter-tomcat\\2.4.3\\4ba28aae05a259625e7e92f8e7338c5e1d22de35\\spring-boot-starter-tomcat-2.4.3.jar;C:\\Users\\Dan\\.gradle\\caches\\modules-2\\files-2.1\\org.springframework\\spring-webmvc\\5.3.4\\8dd52fbe8eafcc7c80998087ec6635baf7a98c20\\spring-webmvc-5.3.4.jar;C:\\Users\\Dan\\.gradle\\caches\\modules-2\\files-2.1\\org.springframework\\spring-web\\5.3.4\\d93829e24a50ed22e781f2302680a210cac5ee84\\spring-web-5.3.4.jar;C:\\Users\\Dan\\.gradle\\caches\\modules-2\\files-2.1\\org.hibernate.common\\hibernate-commons-annotations\\5.1.2.Final\\e59ffdbc6ad09eeb33507b39ffcf287679a498c8\\hibernate-commons-annotations-5.1.2.Final.jar;C:\\Users\\Dan\\.gradle\\caches\\modules-2\\files-2.1\\org.jboss.logging\\jboss-logging\\3.4.1.Final\\40fd4d696c55793e996d1ff3c475833f836c2498\\jboss-logging-3.4.1.Final.jar;C:\\Users\\Dan\\.gradle\\caches\\modules-2\\files-2.1\\javax.persistence\\javax.persistence-api\\2.2\\25665ac8c0b62f50e6488173233239120fc52c96\\javax.persistence-api-2.2.jar;C:\\Users\\Dan\\.gradle\\caches\\modules-2\\files-2.1\\org.javassist\\javassist\\3.27.0-GA\\f63e6aa899e15eca8fdaa402a79af4c417252213\\javassist-3.27.0-GA.jar;C:\\Users\\Dan\\.gradle\\caches\\modules-2\\files-2.1\\net.bytebuddy\\byte-buddy\\1.10.21\\5abe8e141cac9d50a721a22d9c188b3bf19ad0aa\\byte-buddy-1.10.21.jar;C:\\Users\\Dan\\.gradle\\caches\\modules-2\\files-2.1\\antlr\\antlr\\2.7.7\\83cd2cd674a217ade95a4bb83a8a14f351f48bd0\\antlr-2.7.7.jar;C:\\Users\\Dan\\.gradle\\caches\\modules-2\\files-2.1\\org.jboss.spec.javax.transaction\\jboss-transaction-api_1.2_spec\\1.1.1.Final\\a8485cab9484dda36e9a8c319e76b5cc18797b58\\jboss-transaction-api_1.2_spec-1.1.1.Final.jar;C:\\Users\\Dan\\.gradle\\caches\\modules-2\\files-2.1\\org.jboss\\jandex\\2.2.3.Final\\d3865101f0666b63586683bd811d754517f331ab\\jandex-2.2.3.Final.jar;C:\\Users\\Dan\\.gradle\\caches\\modules-2\\files-2.1\\com.fasterxml\\classmate\\1.5.1\\3fe0bed568c62df5e89f4f174c101eab25345b6c\\classmate-1.5.1.jar;C:\\Users\\Dan\\.gradle\\caches\\modules-2\\files-2.1\\org.glassfish.jaxb\\jaxb-runtime\\2.3.1\\dd6dda9da676a54c5b36ca2806ff95ee017d8738\\jaxb-runtime-2.3.1.jar;C:\\Users\\Dan\\.gradle\\caches\\modules-2\\files-2.1\\javax.xml.bind\\jaxb-api\\2.3.1\\8531ad5ac454cc2deb9d4d32c40c4d7451939b5d\\jaxb-api-2.3.1.jar;C:\\Users\\Dan\\.gradle\\caches\\modules-2\\files-2.1\\javax.activation\\javax.activation-api\\1.2.0\\85262acf3ca9816f9537ca47d5adeabaead7cb16\\javax.activation-api-1.2.0.jar;C:\\Users\\Dan\\.gradle\\caches\\modules-2\\files-2.1\\org.dom4j\\dom4j\\2.1.3\\a75914155a9f5808963170ec20653668a2ffd2fd\\dom4j-2.1.3.jar;C:\\Users\\Dan\\.gradle\\caches\\modules-2\\files-2.1\\org.apiguardian\\apiguardian-api\\1.1.0\\fc9dff4bb36d627bdc553de77e1f17efd790876c\\apiguardian-api-1.1.0.jar;C:\\Users\\Dan\\.gradle\\caches\\modules-2\\files-2.1\\org.opentest4j\\opentest4j\\1.2.0\\28c11eb91f9b6d8e200631d46e20a7f407f2a046\\opentest4j-1.2.0.jar;C:\\Users\\Dan\\.gradle\\caches\\modules-2\\files-2.1\\org.springframework.boot\\spring-boot-autoconfigure\\2.4.3\\2f8e1e682e55f70c8ea557982c7adb1256f41bcf\\spring-boot-autoconfigure-2.4.3.jar;C:\\Users\\Dan\\.gradle\\caches\\modules-2\\files-2.1\\org.springframework.boot\\spring-boot\\2.4.3\\de2bd17a8eb9bc3dfa629aa06f2e9fe3bf603c85\\spring-boot-2.4.3.jar;C:\\Users\\Dan\\.gradle\\caches\\modules-2\\files-2.1\\org.springframework.boot\\spring-boot-starter-logging\\2.4.3\\64687abc2255d18cd6592cbb20fa3bee3379cec8\\spring-boot-starter-logging-2.4.3.jar;C:\\Users\\Dan\\.gradle\\caches\\modules-2\\files-2.1\\jakarta.annotation\\jakarta.annotation-api\\1.3.5\\59eb84ee0d616332ff44aba065f3888cf002cd2d\\jakarta.annotation-api-1.3.5.jar;C:\\Users\\Dan\\.gradle\\caches\\modules-2\\files-2.1\\org.springframework\\spring-context\\5.3.4\\fbeadeb0e4d272599a938ec345e99e5f9a76e919\\spring-context-5.3.4.jar;C:\\Users\\Dan\\.gradle\\caches\\modules-2\\files-2.1\\org.springframework\\spring-aop\\5.3.4\\b7180a6427ab524bc1cbd31bf38dd2182632515f\\spring-aop-5.3.4.jar;C:\\Users\\Dan\\.gradle\\caches\\modules-2\\files-2.1\\org.springframework\\spring-beans\\5.3.4\\ac6c5ea0ba82f555405f74104cf378f8071c6d25\\spring-beans-5.3.4.jar;C:\\Users\\Dan\\.gradle\\caches\\modules-2\\files-2.1\\org.springframework\\spring-expression\\5.3.4\\42b71fa955e43a86471509aef14cefe756fc3794\\spring-expression-5.3.4.jar;C:\\Users\\Dan\\.gradle\\caches\\modules-2\\files-2.1\\org.springframework\\spring-core\\5.3.4\\46c1f8abd9e02a292c42a257350f365cec152b5d\\spring-core-5.3.4.jar;C:\\Users\\Dan\\.gradle\\caches\\modules-2\\files-2.1\\org.yaml\\snakeyaml\\1.27\\359d62567480b07a679dc643f82fc926b100eed5\\snakeyaml-1.27.jar;C:\\Users\\Dan\\.gradle\\caches\\modules-2\\files-2.1\\com.fasterxml.jackson.datatype\\jackson-datatype-jdk8\\2.11.4\\e1540dea3c6c681ea4e335a960f730861ee3bedb\\jackson-datatype-jdk8-2.11.4.jar;C:\\Users\\Dan\\.gradle\\caches\\modules-2\\files-2.1\\com.fasterxml.jackson.datatype\\jackson-datatype-jsr310\\2.11.4\\ce6fc76bba06623720e5a9308386b6ae74753f4d\\jackson-datatype-jsr310-2.11.4.jar;C:\\Users\\Dan\\.gradle\\caches\\modules-2\\files-2.1\\com.fasterxml.jackson.module\\jackson-module-parameter-names\\2.11.4\\432e050d79f2282a66c320375d628f1b0842cb12\\jackson-module-parameter-names-2.11.4.jar;C:\\Users\\Dan\\.gradle\\caches\\modules-2\\files-2.1\\com.fasterxml.jackson.core\\jackson-databind\\2.11.4\\5d9f3d441f99d721b957e3497f0a6465c764fad4\\jackson-databind-2.11.4.jar;C:\\Users\\Dan\\.gradle\\caches\\modules-2\\files-2.1\\org.apache.tomcat.embed\\tomcat-embed-websocket\\9.0.43\\78232648dde1a5fd5093f0a3999e593d208e2eab\\tomcat-embed-websocket-9.0.43.jar;C:\\Users\\Dan\\.gradle\\caches\\modules-2\\files-2.1\\org.apache.tomcat.embed\\tomcat-embed-core\\9.0.43\\1d102277426bdd5b12f048731a91665bb69347d1\\tomcat-embed-core-9.0.43.jar;C:\\Users\\Dan\\.gradle\\caches\\modules-2\\files-2.1\\org.glassfish\\jakarta.el\\3.0.3\\dab46ee1ee23f7197c13d7c40fce14817c9017df\\jakarta.el-3.0.3.jar;C:\\Users\\Dan\\.gradle\\caches\\modules-2\\files-2.1\\org.glassfish.jaxb\\txw2\\2.3.1\\a09d2c48d3285f206fafbffe0e50619284e92126\\txw2-2.3.1.jar;C:\\Users\\Dan\\.gradle\\caches\\modules-2\\files-2.1\\com.sun.istack\\istack-commons-runtime\\3.0.7\\c197c86ceec7318b1284bffb49b54226ca774003\\istack-commons-runtime-3.0.7.jar;C:\\Users\\Dan\\.gradle\\caches\\modules-2\\files-2.1\\org.jvnet.staxex\\stax-ex\\1.8\\8cc35f73da321c29973191f2cf143d29d26a1df7\\stax-ex-1.8.jar;C:\\Users\\Dan\\.gradle\\caches\\modules-2\\files-2.1\\com.sun.xml.fastinfoset\\FastInfoset\\1.2.15\\bb7b7ec0379982b97c62cd17465cb6d9155f68e8\\FastInfoset-1.2.15.jar;C:\\Users\\Dan\\.gradle\\caches\\modules-2\\files-2.1\\ch.qos.logback\\logback-classic\\1.2.3\\7c4f3c474fb2c041d8028740440937705ebb473a\\logback-classic-1.2.3.jar;C:\\Users\\Dan\\.gradle\\caches\\modules-2\\files-2.1\\org.apache.logging.log4j\\log4j-to-slf4j\\2.13.3\\966f6fd1af4959d6b12bfa880121d4a2b164f857\\log4j-to-slf4j-2.13.3.jar;C:\\Users\\Dan\\.gradle\\caches\\modules-2\\files-2.1\\org.slf4j\\jul-to-slf4j\\1.7.30\\d58bebff8cbf70ff52b59208586095f467656c30\\jul-to-slf4j-1.7.30.jar;C:\\Users\\Dan\\.gradle\\caches\\modules-2\\files-2.1\\org.springframework\\spring-jcl\\5.3.4\\ca012eb4e9e57f767aa9d5e51fe9a09b28140808\\spring-jcl-5.3.4.jar;C:\\Users\\Dan\\.gradle\\caches\\modules-2\\files-2.1\\com.fasterxml.jackson.core\\jackson-annotations\\2.11.4\\2c3f5c079330f3a01726686a078979420f547ae4\\jackson-annotations-2.11.4.jar;C:\\Users\\Dan\\.gradle\\caches\\modules-2\\files-2.1\\com.fasterxml.jackson.core\\jackson-core\\2.11.4\\593f7b18bab07a76767f181e2a2336135ce82cc4\\jackson-core-2.11.4.jar;C:\\Users\\Dan\\.gradle\\caches\\modules-2\\files-2.1\\ch.qos.logback\\logback-core\\1.2.3\\864344400c3d4d92dfeb0a305dc87d953677c03c\\logback-core-1.2.3.jar;C:\\Users\\Dan\\.gradle\\caches\\modules-2\\files-2.1\\org.slf4j\\slf4j-api\\1.7.30\\b5a4b6d16ab13e34a88fae84c35cd5d68cac922c\\slf4j-api-1.7.30.jar;C:\\Users\\Dan\\.gradle\\caches\\modules-2\\files-2.1\\org.apache.logging.log4j\\log4j-api\\2.13.3\\ec1508160b93d274b1add34419b897bae84c6ca9\\log4j-api-2.13.3.jar, java.vm.vendor=Oracle Corporation, sun.arch.data.model=64, user.variant=, java.vendor.url=http://java.oracle.com/, user.timezone=Europe/Athens, os.name=Windows 10, java.vm.specification.version=11, user.country=US, sun.java.launcher=SUN_STANDARD, sun.boot.library.path=C:\Program Files\Java\jdk-11.0.6\bin, sun.java.command=worker.org.gradle.process.internal.worker.GradleWorkerMain 'Gradle Test Executor 3', jdk.debug=release, sun.cpu.endian=little, user.home=C:\Users\Dan, user.language=en, java.specification.vendor=Oracle Corporation, org.gradle.native=false, java.version.date=2020-01-14, java.home=C:\Program Files\Java\jdk-11.0.6, file.separator=\, java.vm.compressedOopsMode=32-bit, line.separator=
, java.specification.name=Java Platform API Specification, java.vm.specification.vendor=Oracle Corporation, java.awt.graphicsenv=sun.awt.Win32GraphicsEnvironment, hibernate.hbm2ddl.auto=update, user.script=, sun.management.compiler=HotSpot 64-Bit Tiered Compilers, java.runtime.version=11.0.6+8-LTS, user.name=Dan, path.separator=;, hibernate.connection.username=****, os.version=10.0, hibernate.enable_lazy_load_no_trans=true, java.runtime.name=Java(TM) SE Runtime Environment, hibernate.connection.url=jdbc:sqlite:D:\Facultate\Projects\OrganizareCompanie\database, file.encoding=windows-1250, java.vm.name=Java HotSpot(TM) 64-Bit Server VM, hibernate.show_sql=true, java.vendor.version=18.9, hibernate.current_session_context_class=thread, hibernate.connection.driver_class=org.sqlite.JDBC, java.vendor.url.bug=http://bugreport.java.com/bugreport/, java.io.tmpdir=C:\Users\Dan\AppData\Local\Temp\, java.version=11.0.6, user.dir=D:\Facultate\Projects\OrganizareCompanie, os.arch=amd64, java.vm.specification.name=Java Virtual Machine Specification, java.awt.printerjob=sun.awt.windows.WPrinterJob, hibernate.connection.password=****, sun.os.patch.level=, connection.driver_class=org.sqlite.JDBC, hibernate.boot.CfgXmlAccessService.key=org.hibernate.boot.cfgxml.spi.LoadedConfig@7028d698, java.library.path=C:\Program Files\Java\jdk-11.0.6\bin;C:\WINDOWS\Sun\Java\bin;C:\WINDOWS\system32;C:\WINDOWS;;C:\Python38\Scripts\;C:\Python38\;D:\Facultate\Scripts\;D:\Facultate\;C:\Users\Dan\Desktop\Facultate 2018-2019\Semestrul I\Fundamentele programarii\Python\Scripts\;C:\Users\Dan\Desktop\Facultate 2018-2019\Semestrul I\Fundamentele programarii\Python\;C:\Users\Dan\Desktop\Facultate 2018-2019\Semestrul I\Fundamentele programarii\Scripts\;C:\Users\Dan\Desktop\Facultate 2018-2019\Semestrul I\Fundamentele programarii\;C:\WINDOWS\system32;C:\WINDOWS;C:\WINDOWS\System32\Wbem;C:\WINDOWS\System32\WindowsPowerShell\v1.0\;C:\WINDOWS\System32\OpenSSH\;D:\Facultate\PuTTY\;C:\Program Files\dotnet\;C:\Program Files\Microsoft SQL Server\Client SDK\ODBC\170\Tools\Binn\;C:\Users\Dan\Proto\bin;D:\Facultate\NodeJS\;C:\ProgramData\chocolatey\bin;C:\Program Files\Git\cmd;C:\Program Files\Java\jdk-10.0.2\bin;C:\Program Files (x86)\GnuWin32\bin;C:\MinGW\bin;C:\Program Files\Java\jdk-11.0.6\bin;C:\WINDOWS\system32;C:\WINDOWS;C:\WINDOWS\System32\Wbem;C:\WINDOWS\System32\WindowsPowerShell\v1.0\;C:\WINDOWS\System32\OpenSSH\;C:\Program Files\Intel\WiFi\bin\;C:\Program Files\Common Files\Intel\WirelessCommon\;D:\Facultate\Python\Scripts\;D:\Facultate\Python\;C:\Users\Dan\AppData\Local\Microsoft\WindowsApps;C:\Users\Dan\AppData\Local\GitHubDesktop\bin;C:\Users\Dan\AppData\Roaming\npm;D:\Facultate\Microsoft VS Code\bin;C:\Users\Dan\AppData\Local\Microsoft\WindowsApps;C:\Users\Dan\Documents\driver;;., java.vendor=Oracle Corporation, java.vm.info=mixed mode, java.vm.version=11.0.6+8-LTS, hibernate.bytecode.use_reflection_optimizer=false, sun.io.unicode.encoding=UnicodeLittle, hibernate.connection.pool_size=1, connection.url=jdbc:sqlite:D:\Facultate\Projects\OrganizareCompanie\database, java.class.version=55.0}
21:23:00.335 [Test worker] DEBUG org.hibernate.secure.spi.JaccIntegrator - Skipping JACC integration as it was not enabled
21:23:00.335 [Test worker] DEBUG org.hibernate.internal.SessionFactoryImpl - Instantiated session factory
21:23:00.335 [Test worker] DEBUG org.hibernate.type.spi.TypeConfiguration$Scope - Scoping TypeConfiguration [org.hibernate.type.spi.TypeConfiguration@1b1448a0] to SessionFactoryImpl [org.hibernate.internal.SessionFactoryImpl@7f9d5e24]
21:23:00.335 [Test worker] DEBUG org.hibernate.boot.internal.ClassLoaderAccessImpl - Not known whether passed class name [domain.Functie] is safe
21:23:00.335 [Test worker] DEBUG org.hibernate.boot.internal.ClassLoaderAccessImpl - No temp ClassLoader provided; using live ClassLoader for loading potentially unsafe class : domain.Functie
21:23:00.335 [Test worker] DEBUG org.hibernate.boot.internal.ClassLoaderAccessImpl - Not known whether passed class name [domain.Departament] is safe
21:23:00.335 [Test worker] DEBUG org.hibernate.boot.internal.ClassLoaderAccessImpl - No temp ClassLoader provided; using live ClassLoader for loading potentially unsafe class : domain.Departament
21:23:00.351 [Test worker] DEBUG org.hibernate.boot.internal.ClassLoaderAccessImpl - Not known whether passed class name [domain.Angajat] is safe
21:23:00.351 [Test worker] DEBUG org.hibernate.boot.internal.ClassLoaderAccessImpl - No temp ClassLoader provided; using live ClassLoader for loading potentially unsafe class : domain.Angajat
21:23:00.351 [Test worker] DEBUG org.hibernate.boot.internal.ClassLoaderAccessImpl - Not known whether passed class name [domain.Proiect] is safe
21:23:00.351 [Test worker] DEBUG org.hibernate.boot.internal.ClassLoaderAccessImpl - No temp ClassLoader provided; using live ClassLoader for loading potentially unsafe class : domain.Proiect
21:23:00.351 [Test worker] DEBUG org.hibernate.boot.internal.ClassLoaderAccessImpl - Not known whether passed class name [domain.Concediu] is safe
21:23:00.351 [Test worker] DEBUG org.hibernate.boot.internal.ClassLoaderAccessImpl - No temp ClassLoader provided; using live ClassLoader for loading potentially unsafe class : domain.Concediu
21:23:00.366 [Test worker] DEBUG org.hibernate.persister.collection.AbstractCollectionPersister - Static SQL for collection: domain.Angajat.proiecte
21:23:00.366 [Test worker] DEBUG org.hibernate.persister.collection.AbstractCollectionPersister -  Row insert: insert into angajati_proiecte (id_angajat, id_proiect) values (?, ?)
21:23:00.366 [Test worker] DEBUG org.hibernate.persister.collection.AbstractCollectionPersister -  Row update: update angajati_proiecte set id_proiect=? where id_angajat=? and id_proiect=?
21:23:00.366 [Test worker] DEBUG org.hibernate.persister.collection.AbstractCollectionPersister -  Row delete: delete from angajati_proiecte where id_angajat=? and id_proiect=?
21:23:00.366 [Test worker] DEBUG org.hibernate.persister.collection.AbstractCollectionPersister -  One-shot delete: delete from angajati_proiecte where id_angajat=?
21:23:00.366 [Test worker] DEBUG org.hibernate.persister.collection.AbstractCollectionPersister - Static SQL for collection: domain.Angajat.concedii
21:23:00.366 [Test worker] DEBUG org.hibernate.persister.collection.AbstractCollectionPersister -  Row insert: update concedii set id_angajat=? where id=?
21:23:00.366 [Test worker] DEBUG org.hibernate.persister.collection.AbstractCollectionPersister -  Row update: update concedii set  where id=?
21:23:00.366 [Test worker] DEBUG org.hibernate.persister.collection.AbstractCollectionPersister -  Row delete: update concedii set id_angajat=null where id_angajat=? and id=?
21:23:00.366 [Test worker] DEBUG org.hibernate.persister.collection.AbstractCollectionPersister -  One-shot delete: update concedii set id_angajat=null where id_angajat=?
21:23:00.366 [Test worker] DEBUG org.hibernate.persister.collection.AbstractCollectionPersister - Static SQL for collection: domain.Angajat.departamente
21:23:00.366 [Test worker] DEBUG org.hibernate.persister.collection.AbstractCollectionPersister -  Row insert: insert into angajati_departamente (id_angajat, id_departament) values (?, ?)
21:23:00.366 [Test worker] DEBUG org.hibernate.persister.collection.AbstractCollectionPersister -  Row update: update angajati_departamente set id_departament=? where id_angajat=? and id_departament=?
21:23:00.366 [Test worker] DEBUG org.hibernate.persister.collection.AbstractCollectionPersister -  Row delete: delete from angajati_departamente where id_angajat=? and id_departament=?
21:23:00.366 [Test worker] DEBUG org.hibernate.persister.collection.AbstractCollectionPersister -  One-shot delete: delete from angajati_departamente where id_angajat=?
21:23:00.366 [Test worker] DEBUG org.hibernate.persister.entity.AbstractEntityPersister - Static SQL for entity: domain.Functie
21:23:00.366 [Test worker] DEBUG org.hibernate.persister.entity.AbstractEntityPersister -  Version select: select id from functii where id =?
21:23:00.366 [Test worker] DEBUG org.hibernate.persister.entity.AbstractEntityPersister -  Snapshot select: select functie_.id, functie_.salar_de_baza as salar_de2_5_ from functii functie_ where functie_.id=?
21:23:00.366 [Test worker] DEBUG org.hibernate.persister.entity.AbstractEntityPersister -  Insert 0: insert into functii (salar_de_baza, id) values (?, ?)
21:23:00.366 [Test worker] DEBUG org.hibernate.persister.entity.AbstractEntityPersister -  Update 0: update functii set salar_de_baza=? where id=?
21:23:00.366 [Test worker] DEBUG org.hibernate.persister.entity.AbstractEntityPersister -  Delete 0: delete from functii where id=?
21:23:00.366 [Test worker] DEBUG org.hibernate.persister.entity.AbstractEntityPersister -  Identity insert: insert into functii (salar_de_baza) values (?)
21:23:00.366 [Test worker] DEBUG org.hibernate.loader.plan.build.internal.spaces.QuerySpacesImpl - Adding QuerySpace : uid = <gen:0> -> org.hibernate.loader.plan.build.internal.spaces.EntityQuerySpaceImpl@ce23e95]
21:23:00.366 [Test worker] DEBUG org.hibernate.persister.walking.spi.MetamodelGraphWalker - Visiting attribute path : salarDeBaza
21:23:00.366 [Test worker] DEBUG org.hibernate.loader.plan.build.internal.FetchStyleLoadPlanBuildingAssociationVisitationStrategy - Building LoadPlan...
21:23:00.366 [Test worker] DEBUG org.hibernate.loader.plan.exec.internal.LoadQueryJoinAndFetchProcessor - processing queryspace <gen:0>
21:23:00.366 [Test worker] DEBUG org.hibernate.loader.plan.build.spi.LoadPlanTreePrinter - LoadPlan(entity=domain.Functie)
    - Returns
       - EntityReturnImpl(entity=domain.Functie, querySpaceUid=<gen:0>, path=domain.Functie)
    - QuerySpaces
       - EntityQuerySpaceImpl(uid=<gen:0>, entity=domain.Functie)
          - SQL table alias mapping - functie0_
          - alias suffix - 0_
          - suffixed key columns - {id1_5_0_}

21:23:00.366 [Test worker] DEBUG org.hibernate.loader.entity.plan.EntityLoader - Static select for entity domain.Functie [NONE]: select functie0_.id as id1_5_0_, functie0_.salar_de_baza as salar_de2_5_0_ from functii functie0_ where functie0_.id=?
21:23:00.366 [Test worker] DEBUG org.hibernate.persister.entity.AbstractEntityPersister - Static SQL for entity: domain.Departament
21:23:00.366 [Test worker] DEBUG org.hibernate.persister.entity.AbstractEntityPersister -  Version select: select id from departamente where id =?
21:23:00.366 [Test worker] DEBUG org.hibernate.persister.entity.AbstractEntityPersister -  Snapshot select: select departamen_.id, departamen_.id_director as id_direc2_4_ from departamente departamen_ where departamen_.id=?
21:23:00.366 [Test worker] DEBUG org.hibernate.persister.entity.AbstractEntityPersister -  Insert 0: insert into departamente (id_director, id) values (?, ?)
21:23:00.366 [Test worker] DEBUG org.hibernate.persister.entity.AbstractEntityPersister -  Update 0: update departamente set id_director=? where id=?
21:23:00.366 [Test worker] DEBUG org.hibernate.persister.entity.AbstractEntityPersister -  Delete 0: delete from departamente where id=?
21:23:00.366 [Test worker] DEBUG org.hibernate.persister.entity.AbstractEntityPersister -  Identity insert: insert into departamente (id_director) values (?)
21:23:00.366 [Test worker] DEBUG org.hibernate.loader.plan.build.internal.spaces.QuerySpacesImpl - Adding QuerySpace : uid = <gen:0> -> org.hibernate.loader.plan.build.internal.spaces.EntityQuerySpaceImpl@2c0ab411]
21:23:00.366 [Test worker] DEBUG org.hibernate.persister.walking.spi.MetamodelGraphWalker - Visiting attribute path : idDirector
21:23:00.366 [Test worker] DEBUG org.hibernate.loader.plan.build.internal.FetchStyleLoadPlanBuildingAssociationVisitationStrategy - Building LoadPlan...
21:23:00.366 [Test worker] DEBUG org.hibernate.loader.plan.exec.internal.LoadQueryJoinAndFetchProcessor - processing queryspace <gen:0>
21:23:00.366 [Test worker] DEBUG org.hibernate.loader.plan.build.spi.LoadPlanTreePrinter - LoadPlan(entity=domain.Departament)
    - Returns
       - EntityReturnImpl(entity=domain.Departament, querySpaceUid=<gen:0>, path=domain.Departament)
    - QuerySpaces
       - EntityQuerySpaceImpl(uid=<gen:0>, entity=domain.Departament)
          - SQL table alias mapping - departamen0_
          - alias suffix - 0_
          - suffixed key columns - {id1_4_0_}

21:23:00.366 [Test worker] DEBUG org.hibernate.loader.entity.plan.EntityLoader - Static select for entity domain.Departament [NONE]: select departamen0_.id as id1_4_0_, departamen0_.id_director as id_direc2_4_0_ from departamente departamen0_ where departamen0_.id=?
21:23:00.366 [Test worker] DEBUG org.hibernate.persister.entity.AbstractEntityPersister - Static SQL for entity: domain.Angajat
21:23:00.366 [Test worker] DEBUG org.hibernate.persister.entity.AbstractEntityPersister -  Version select: select id from angajati where id =?
21:23:00.366 [Test worker] DEBUG org.hibernate.persister.entity.AbstractEntityPersister -  Snapshot select: select angajat_.id, angajat_.data_angajare as data_ang2_0_, angajat_.functie_id as functie_4_0_, angajat_.id_superior as id_super3_0_ from angajati angajat_ where angajat_.id=?
21:23:00.366 [Test worker] DEBUG org.hibernate.persister.entity.AbstractEntityPersister -  Insert 0: insert into angajati (data_angajare, functie_id, id_superior, id) values (?, ?, ?, ?)
21:23:00.366 [Test worker] DEBUG org.hibernate.persister.entity.AbstractEntityPersister -  Update 0: update angajati set data_angajare=?, functie_id=?, id_superior=? where id=?
21:23:00.366 [Test worker] DEBUG org.hibernate.persister.entity.AbstractEntityPersister -  Delete 0: delete from angajati where id=?
21:23:00.366 [Test worker] DEBUG org.hibernate.persister.entity.AbstractEntityPersister -  Identity insert: insert into angajati (data_angajare, functie_id, id_superior) values (?, ?, ?)
21:23:00.366 [Test worker] DEBUG org.hibernate.loader.plan.build.internal.spaces.QuerySpacesImpl - Adding QuerySpace : uid = <gen:0> -> org.hibernate.loader.plan.build.internal.spaces.EntityQuerySpaceImpl@34efbfb7]
21:23:00.366 [Test worker] DEBUG org.hibernate.persister.walking.spi.MetamodelGraphWalker - Visiting attribute path : concedii
21:23:00.366 [Test worker] DEBUG org.hibernate.loader.plan.build.internal.spaces.QuerySpacesImpl - Adding QuerySpace : uid = <gen:1> -> org.hibernate.loader.plan.build.internal.spaces.CollectionQuerySpaceImpl@4cf8a855]
21:23:00.366 [Test worker] DEBUG org.hibernate.loader.plan.build.internal.spaces.QuerySpacesImpl - Adding QuerySpace : uid = <gen:2> -> org.hibernate.loader.plan.build.internal.spaces.EntityQuerySpaceImpl@44c0fb38]
21:23:00.366 [Test worker] DEBUG org.hibernate.persister.walking.spi.MetamodelGraphWalker - Visiting attribute path : dataAngajare
21:23:00.366 [Test worker] DEBUG org.hibernate.persister.walking.spi.MetamodelGraphWalker - Visiting attribute path : departamente
21:23:00.366 [Test worker] DEBUG org.hibernate.loader.plan.build.internal.spaces.QuerySpacesImpl - Adding QuerySpace : uid = <gen:3> -> org.hibernate.loader.plan.build.internal.spaces.CollectionQuerySpaceImpl@d9bf610]
21:23:00.366 [Test worker] DEBUG org.hibernate.loader.plan.build.internal.spaces.QuerySpacesImpl - Adding QuerySpace : uid = <gen:4> -> org.hibernate.loader.plan.build.internal.spaces.EntityQuerySpaceImpl@611a4abe]
21:23:00.366 [Test worker] DEBUG org.hibernate.persister.walking.spi.MetamodelGraphWalker - Visiting attribute path : functie
21:23:00.366 [Test worker] DEBUG org.hibernate.loader.plan.build.internal.spaces.QuerySpacesImpl - Adding QuerySpace : uid = <gen:5> -> org.hibernate.loader.plan.build.internal.spaces.EntityQuerySpaceImpl@68a9fcc8]
21:23:00.366 [Test worker] DEBUG org.hibernate.persister.walking.spi.MetamodelGraphWalker - Visiting attribute path : functie.salarDeBaza
21:23:00.366 [Test worker] DEBUG org.hibernate.persister.walking.spi.MetamodelGraphWalker - Visiting attribute path : idSuperior
21:23:00.366 [Test worker] DEBUG org.hibernate.persister.walking.spi.MetamodelGraphWalker - Visiting attribute path : proiecte
21:23:00.366 [Test worker] DEBUG org.hibernate.loader.plan.build.internal.spaces.QuerySpacesImpl - Adding QuerySpace : uid = <gen:6> -> org.hibernate.loader.plan.build.internal.spaces.CollectionQuerySpaceImpl@790a9bd6]
21:23:00.366 [Test worker] DEBUG org.hibernate.loader.plan.build.internal.spaces.QuerySpacesImpl - Adding QuerySpace : uid = <gen:7> -> org.hibernate.loader.plan.build.internal.spaces.EntityQuerySpaceImpl@4af671f3]
21:23:00.366 [Test worker] DEBUG org.hibernate.loader.plan.build.internal.FetchStyleLoadPlanBuildingAssociationVisitationStrategy - Building LoadPlan...
21:23:00.366 [Test worker] DEBUG org.hibernate.loader.plan.exec.internal.LoadQueryJoinAndFetchProcessor - processing queryspace <gen:0>
21:23:00.366 [Test worker] DEBUG org.hibernate.loader.plan.build.spi.LoadPlanTreePrinter - LoadPlan(entity=domain.Angajat)
    - Returns
       - EntityReturnImpl(entity=domain.Angajat, querySpaceUid=<gen:0>, path=domain.Angajat)
          - CollectionAttributeFetchImpl(collection=domain.Angajat.concedii, querySpaceUid=<gen:1>, path=domain.Angajat.concedii)
             - (collection element) CollectionFetchableElementEntityGraph(entity=domain.Concediu, querySpaceUid=<gen:2>, path=domain.Angajat.concedii.<elements>)
          - CollectionAttributeFetchImpl(collection=domain.Angajat.departamente, querySpaceUid=<gen:3>, path=domain.Angajat.departamente)
             - (collection element) CollectionFetchableElementEntityGraph(entity=domain.Departament, querySpaceUid=<gen:4>, path=domain.Angajat.departamente.<elements>)
          - EntityAttributeFetchImpl(entity=domain.Functie, querySpaceUid=<gen:5>, path=domain.Angajat.functie)
          - CollectionAttributeFetchImpl(collection=domain.Angajat.proiecte, querySpaceUid=<gen:6>, path=domain.Angajat.proiecte)
             - (collection element) CollectionFetchableElementEntityGraph(entity=domain.Proiect, querySpaceUid=<gen:7>, path=domain.Angajat.proiecte.<elements>)
    - QuerySpaces
       - EntityQuerySpaceImpl(uid=<gen:0>, entity=domain.Angajat)
          - SQL table alias mapping - angajat0_
          - alias suffix - 0_
          - suffixed key columns - {id1_0_0_}
          - JOIN (JoinDefinedByMetadata(functie)) : <gen:0> -> <gen:5>
             - EntityQuerySpaceImpl(uid=<gen:5>, entity=domain.Functie)
                - SQL table alias mapping - functie1_
                - alias suffix - 1_
                - suffixed key columns - {id1_5_1_}

21:23:00.366 [Test worker] DEBUG org.hibernate.loader.entity.plan.EntityLoader - Static select for entity domain.Angajat [NONE]: select angajat0_.id as id1_0_0_, angajat0_.data_angajare as data_ang2_0_0_, angajat0_.functie_id as functie_4_0_0_, angajat0_.id_superior as id_super3_0_0_, functie1_.id as id1_5_1_, functie1_.salar_de_baza as salar_de2_5_1_ from angajati angajat0_ left outer join functii functie1_ on angajat0_.functie_id=functie1_.id where angajat0_.id=?
21:23:00.366 [Test worker] DEBUG org.hibernate.persister.entity.AbstractEntityPersister - Static SQL for entity: domain.Proiect
21:23:00.366 [Test worker] DEBUG org.hibernate.persister.entity.AbstractEntityPersister -  Version select: select id from proiecte where id =?
21:23:00.366 [Test worker] DEBUG org.hibernate.persister.entity.AbstractEntityPersister -  Snapshot select: select proiect_.id, proiect_.data_inceput as data_inc2_6_, proiect_.deadline as deadline3_6_ from proiecte proiect_ where proiect_.id=?
21:23:00.366 [Test worker] DEBUG org.hibernate.persister.entity.AbstractEntityPersister -  Insert 0: insert into proiecte (data_inceput, deadline, id) values (?, ?, ?)
21:23:00.366 [Test worker] DEBUG org.hibernate.persister.entity.AbstractEntityPersister -  Update 0: update proiecte set data_inceput=?, deadline=? where id=?
21:23:00.366 [Test worker] DEBUG org.hibernate.persister.entity.AbstractEntityPersister -  Delete 0: delete from proiecte where id=?
21:23:00.366 [Test worker] DEBUG org.hibernate.persister.entity.AbstractEntityPersister -  Identity insert: insert into proiecte (data_inceput, deadline) values (?, ?)
21:23:00.366 [Test worker] DEBUG org.hibernate.loader.plan.build.internal.spaces.QuerySpacesImpl - Adding QuerySpace : uid = <gen:0> -> org.hibernate.loader.plan.build.internal.spaces.EntityQuerySpaceImpl@6d9e8bd9]
21:23:00.366 [Test worker] DEBUG org.hibernate.persister.walking.spi.MetamodelGraphWalker - Visiting attribute path : dataInceput
21:23:00.366 [Test worker] DEBUG org.hibernate.persister.walking.spi.MetamodelGraphWalker - Visiting attribute path : deadline
21:23:00.366 [Test worker] DEBUG org.hibernate.loader.plan.build.internal.FetchStyleLoadPlanBuildingAssociationVisitationStrategy - Building LoadPlan...
21:23:00.366 [Test worker] DEBUG org.hibernate.loader.plan.exec.internal.LoadQueryJoinAndFetchProcessor - processing queryspace <gen:0>
21:23:00.366 [Test worker] DEBUG org.hibernate.loader.plan.build.spi.LoadPlanTreePrinter - LoadPlan(entity=domain.Proiect)
    - Returns
       - EntityReturnImpl(entity=domain.Proiect, querySpaceUid=<gen:0>, path=domain.Proiect)
    - QuerySpaces
       - EntityQuerySpaceImpl(uid=<gen:0>, entity=domain.Proiect)
          - SQL table alias mapping - proiect0_
          - alias suffix - 0_
          - suffixed key columns - {id1_6_0_}

21:23:00.366 [Test worker] DEBUG org.hibernate.loader.entity.plan.EntityLoader - Static select for entity domain.Proiect [NONE]: select proiect0_.id as id1_6_0_, proiect0_.data_inceput as data_inc2_6_0_, proiect0_.deadline as deadline3_6_0_ from proiecte proiect0_ where proiect0_.id=?
21:23:00.366 [Test worker] DEBUG org.hibernate.persister.entity.AbstractEntityPersister - Static SQL for entity: domain.Concediu
21:23:00.366 [Test worker] DEBUG org.hibernate.persister.entity.AbstractEntityPersister -  Version select: select id from concedii where id =?
21:23:00.366 [Test worker] DEBUG org.hibernate.persister.entity.AbstractEntityPersister -  Snapshot select: select concediu_.id, concediu_.id_angajat as id_angaj4_3_, concediu_.data_inceput as data_inc2_3_, concediu_.data_sfarsit as data_sfa3_3_ from concedii concediu_ where concediu_.id=?
21:23:00.366 [Test worker] DEBUG org.hibernate.persister.entity.AbstractEntityPersister -  Insert 0: insert into concedii (id_angajat, data_inceput, data_sfarsit, id) values (?, ?, ?, ?)
21:23:00.366 [Test worker] DEBUG org.hibernate.persister.entity.AbstractEntityPersister -  Update 0: update concedii set id_angajat=?, data_inceput=?, data_sfarsit=? where id=?
21:23:00.366 [Test worker] DEBUG org.hibernate.persister.entity.AbstractEntityPersister -  Delete 0: delete from concedii where id=?
21:23:00.366 [Test worker] DEBUG org.hibernate.persister.entity.AbstractEntityPersister -  Identity insert: insert into concedii (id_angajat, data_inceput, data_sfarsit) values (?, ?, ?)
21:23:00.366 [Test worker] DEBUG org.hibernate.loader.plan.build.internal.spaces.QuerySpacesImpl - Adding QuerySpace : uid = <gen:0> -> org.hibernate.loader.plan.build.internal.spaces.EntityQuerySpaceImpl@753fbc62]
21:23:00.366 [Test worker] DEBUG org.hibernate.persister.walking.spi.MetamodelGraphWalker - Visiting attribute path : angajat
21:23:00.366 [Test worker] DEBUG org.hibernate.loader.plan.build.internal.spaces.QuerySpacesImpl - Adding QuerySpace : uid = <gen:1> -> org.hibernate.loader.plan.build.internal.spaces.EntityQuerySpaceImpl@15e6b0d2]
21:23:00.366 [Test worker] DEBUG org.hibernate.persister.walking.spi.MetamodelGraphWalker - Visiting attribute path : dataInceput
21:23:00.366 [Test worker] DEBUG org.hibernate.persister.walking.spi.MetamodelGraphWalker - Visiting attribute path : dataSfarsit
21:23:00.366 [Test worker] DEBUG org.hibernate.loader.plan.build.internal.FetchStyleLoadPlanBuildingAssociationVisitationStrategy - Building LoadPlan...
21:23:00.366 [Test worker] DEBUG org.hibernate.loader.plan.exec.internal.LoadQueryJoinAndFetchProcessor - processing queryspace <gen:0>
21:23:00.366 [Test worker] DEBUG org.hibernate.loader.plan.build.spi.LoadPlanTreePrinter - LoadPlan(entity=domain.Concediu)
    - Returns
       - EntityReturnImpl(entity=domain.Concediu, querySpaceUid=<gen:0>, path=domain.Concediu)
          - EntityAttributeFetchImpl(entity=domain.Angajat, querySpaceUid=<gen:1>, path=domain.Concediu.angajat)
    - QuerySpaces
       - EntityQuerySpaceImpl(uid=<gen:0>, entity=domain.Concediu)
          - SQL table alias mapping - concediu0_
          - alias suffix - 0_
          - suffixed key columns - {id1_3_0_}

21:23:00.366 [Test worker] DEBUG org.hibernate.loader.entity.plan.EntityLoader - Static select for entity domain.Concediu [NONE]: select concediu0_.id as id1_3_0_, concediu0_.id_angajat as id_angaj4_3_0_, concediu0_.data_inceput as data_inc2_3_0_, concediu0_.data_sfarsit as data_sfa3_3_0_ from concedii concediu0_ where concediu0_.id=?
21:23:00.366 [Test worker] DEBUG org.hibernate.loader.plan.build.internal.spaces.QuerySpacesImpl - Adding QuerySpace : uid = <gen:0> -> org.hibernate.loader.plan.build.internal.spaces.CollectionQuerySpaceImpl@7f8e5009]
21:23:00.366 [Test worker] DEBUG org.hibernate.loader.plan.build.internal.spaces.QuerySpacesImpl - Adding QuerySpace : uid = <gen:1> -> org.hibernate.loader.plan.build.internal.spaces.EntityQuerySpaceImpl@775a3f36]
21:23:00.366 [Test worker] DEBUG org.hibernate.persister.walking.spi.MetamodelGraphWalker - Visiting attribute path : dataInceput
21:23:00.366 [Test worker] DEBUG org.hibernate.persister.walking.spi.MetamodelGraphWalker - Visiting attribute path : deadline
21:23:00.366 [Test worker] DEBUG org.hibernate.loader.plan.build.internal.FetchStyleLoadPlanBuildingAssociationVisitationStrategy - Building LoadPlan...
21:23:00.366 [Test worker] DEBUG org.hibernate.loader.plan.exec.internal.LoadQueryJoinAndFetchProcessor - processing queryspace <gen:0>
21:23:00.366 [Test worker] DEBUG org.hibernate.loader.plan.build.spi.LoadPlanTreePrinter - LoadPlan(collection=domain.Angajat.proiecte)
    - Returns
       - CollectionReturnImpl(collection=domain.Angajat.proiecte, querySpaceUid=<gen:0>, path=[domain.Angajat.proiecte])
          - (collection element) CollectionFetchableElementEntityGraph(entity=domain.Proiect, querySpaceUid=<gen:1>, path=[domain.Angajat.proiecte].<elements>)
    - QuerySpaces
       - CollectionQuerySpaceImpl(uid=<gen:0>, collection=domain.Angajat.proiecte)
          - SQL table alias mapping - proiecte0_
          - alias suffix - 0_
          - suffixed key columns - {id_angaj1_2_0_}
          - entity-element alias suffix - 1_
          - 1_entity-element suffixed key columns - id1_6_1_
          - JOIN (JoinDefinedByMetadata(elements)) : <gen:0> -> <gen:1>
             - EntityQuerySpaceImpl(uid=<gen:1>, entity=domain.Proiect)
                - SQL table alias mapping - proiect1_
                - alias suffix - 1_
                - suffixed key columns - {id1_6_1_}

21:23:00.366 [Test worker] DEBUG org.hibernate.loader.collection.plan.CollectionLoader - Static select for collection domain.Angajat.proiecte: select proiecte0_.id_angajat as id_angaj1_2_0_, proiecte0_.id_proiect as id_proie2_2_0_, proiect1_.id as id1_6_1_, proiect1_.data_inceput as data_inc2_6_1_, proiect1_.deadline as deadline3_6_1_ from angajati_proiecte proiecte0_ inner join proiecte proiect1_ on proiecte0_.id_proiect=proiect1_.id where proiecte0_.id_angajat=?
21:23:00.366 [Test worker] DEBUG org.hibernate.loader.plan.build.internal.spaces.QuerySpacesImpl - Adding QuerySpace : uid = <gen:0> -> org.hibernate.loader.plan.build.internal.spaces.CollectionQuerySpaceImpl@2fc58033]
21:23:00.366 [Test worker] DEBUG org.hibernate.loader.plan.build.internal.spaces.QuerySpacesImpl - Adding QuerySpace : uid = <gen:1> -> org.hibernate.loader.plan.build.internal.spaces.EntityQuerySpaceImpl@940a972]
21:23:00.366 [Test worker] DEBUG org.hibernate.persister.walking.spi.MetamodelGraphWalker - Visiting attribute path : angajat
21:23:00.366 [Test worker] DEBUG org.hibernate.persister.walking.spi.MetamodelGraphWalker - Property path deemed to be circular : angajat
21:23:00.366 [Test worker] DEBUG org.hibernate.persister.walking.spi.MetamodelGraphWalker - Visiting attribute path : dataInceput
21:23:00.366 [Test worker] DEBUG org.hibernate.persister.walking.spi.MetamodelGraphWalker - Visiting attribute path : dataSfarsit
21:23:00.366 [Test worker] DEBUG org.hibernate.loader.plan.build.internal.FetchStyleLoadPlanBuildingAssociationVisitationStrategy - Building LoadPlan...
21:23:00.366 [Test worker] DEBUG org.hibernate.loader.plan.exec.internal.LoadQueryJoinAndFetchProcessor - processing queryspace <gen:0>
21:23:00.366 [Test worker] DEBUG org.hibernate.loader.plan.build.spi.LoadPlanTreePrinter - LoadPlan(collection=domain.Angajat.concedii)
    - Returns
       - CollectionReturnImpl(collection=domain.Angajat.concedii, querySpaceUid=<gen:0>, path=[domain.Angajat.concedii])
          - (collection element) CollectionFetchableElementEntityGraph(entity=domain.Concediu, querySpaceUid=<gen:1>, path=[domain.Angajat.concedii].<elements>)
    - QuerySpaces
       - CollectionQuerySpaceImpl(uid=<gen:0>, collection=domain.Angajat.concedii)
          - SQL table alias mapping - concedii0_
          - alias suffix - 0_
          - suffixed key columns - {id_angaj4_3_0_}
          - entity-element alias suffix - 1_
          - 1_entity-element suffixed key columns - id1_3_1_
          - JOIN (JoinDefinedByMetadata(elements)) : <gen:0> -> <gen:1>
             - EntityQuerySpaceImpl(uid=<gen:1>, entity=domain.Concediu)
                - SQL table alias mapping - concedii0_
                - alias suffix - 1_
                - suffixed key columns - {id1_3_1_}

21:23:00.366 [Test worker] DEBUG org.hibernate.loader.collection.plan.CollectionLoader - Static select for collection domain.Angajat.concedii: select concedii0_.id_angajat as id_angaj4_3_0_, concedii0_.id as id1_3_0_, concedii0_.id as id1_3_1_, concedii0_.id_angajat as id_angaj4_3_1_, concedii0_.data_inceput as data_inc2_3_1_, concedii0_.data_sfarsit as data_sfa3_3_1_ from concedii concedii0_ where concedii0_.id_angajat=?
21:23:00.366 [Test worker] DEBUG org.hibernate.loader.plan.build.internal.spaces.QuerySpacesImpl - Adding QuerySpace : uid = <gen:0> -> org.hibernate.loader.plan.build.internal.spaces.CollectionQuerySpaceImpl@28e0f35b]
21:23:00.366 [Test worker] DEBUG org.hibernate.loader.plan.build.internal.spaces.QuerySpacesImpl - Adding QuerySpace : uid = <gen:1> -> org.hibernate.loader.plan.build.internal.spaces.EntityQuerySpaceImpl@24e7d40c]
21:23:00.366 [Test worker] DEBUG org.hibernate.persister.walking.spi.MetamodelGraphWalker - Visiting attribute path : idDirector
21:23:00.366 [Test worker] DEBUG org.hibernate.loader.plan.build.internal.FetchStyleLoadPlanBuildingAssociationVisitationStrategy - Building LoadPlan...
21:23:00.366 [Test worker] DEBUG org.hibernate.loader.plan.exec.internal.LoadQueryJoinAndFetchProcessor - processing queryspace <gen:0>
21:23:00.366 [Test worker] DEBUG org.hibernate.loader.plan.build.spi.LoadPlanTreePrinter - LoadPlan(collection=domain.Angajat.departamente)
    - Returns
       - CollectionReturnImpl(collection=domain.Angajat.departamente, querySpaceUid=<gen:0>, path=[domain.Angajat.departamente])
          - (collection element) CollectionFetchableElementEntityGraph(entity=domain.Departament, querySpaceUid=<gen:1>, path=[domain.Angajat.departamente].<elements>)
    - QuerySpaces
       - CollectionQuerySpaceImpl(uid=<gen:0>, collection=domain.Angajat.departamente)
          - SQL table alias mapping - departamen0_
          - alias suffix - 0_
          - suffixed key columns - {id_angaj1_1_0_}
          - entity-element alias suffix - 1_
          - 1_entity-element suffixed key columns - id1_4_1_
          - JOIN (JoinDefinedByMetadata(elements)) : <gen:0> -> <gen:1>
             - EntityQuerySpaceImpl(uid=<gen:1>, entity=domain.Departament)
                - SQL table alias mapping - departamen1_
                - alias suffix - 1_
                - suffixed key columns - {id1_4_1_}

21:23:00.366 [Test worker] DEBUG org.hibernate.loader.collection.plan.CollectionLoader - Static select for collection domain.Angajat.departamente: select departamen0_.id_angajat as id_angaj1_1_0_, departamen0_.id_departament as id_depar2_1_0_, departamen1_.id as id1_4_1_, departamen1_.id_director as id_direc2_4_1_ from angajati_departamente departamen0_ inner join departamente departamen1_ on departamen0_.id_departament=departamen1_.id where departamen0_.id_angajat=?
21:23:00.366 [Test worker] INFO org.hibernate.orm.connections.access - HHH10001501: Connection obtained from JdbcConnectionAccess [org.hibernate.engine.jdbc.env.internal.JdbcEnvironmentInitiator$ConnectionProviderJdbcConnectionAccess@571ef909] for (non-JTA) DDL execution was not in auto-commit mode; the Connection 'local transaction' will be committed and the Connection will be set into auto-commit mode.
21:23:00.366 [Test worker] DEBUG org.hibernate.mapping.Table - No alter strings for table : angajati
21:23:00.366 [Test worker] DEBUG org.hibernate.mapping.Table - No alter strings for table : angajati_departamente
21:23:00.366 [Test worker] DEBUG org.hibernate.mapping.Table - No alter strings for table : angajati_proiecte
21:23:00.366 [Test worker] DEBUG org.hibernate.mapping.Table - No alter strings for table : concedii
21:23:00.366 [Test worker] DEBUG org.hibernate.mapping.Table - No alter strings for table : departamente
21:23:00.366 [Test worker] DEBUG org.hibernate.mapping.Table - No alter strings for table : functii
21:23:00.366 [Test worker] DEBUG org.hibernate.mapping.Table - No alter strings for table : proiecte
21:23:00.366 [Test worker] DEBUG org.hibernate.query.spi.NamedQueryRepository - Checking 0 named HQL queries
21:23:00.366 [Test worker] DEBUG org.hibernate.query.spi.NamedQueryRepository - Checking 0 named SQL queries
21:23:00.366 [Test worker] DEBUG org.hibernate.internal.SessionFactoryRegistry - Registering SessionFactory: a366727e-ccbf-4260-8e85-43bf42cd5119 (<unnamed>)
21:23:00.366 [Test worker] DEBUG org.hibernate.internal.SessionFactoryRegistry - Not binding SessionFactory to JNDI, no JNDI name configured
21:23:00.366 [Test worker] DEBUG org.hibernate.integrator.internal.IntegratorServiceImpl - Adding Integrator [org.hibernate.cfg.beanvalidation.BeanValidationIntegrator].
21:23:00.366 [Test worker] DEBUG org.hibernate.integrator.internal.IntegratorServiceImpl - Adding Integrator [org.hibernate.secure.spi.JaccIntegrator].
21:23:00.366 [Test worker] DEBUG org.hibernate.integrator.internal.IntegratorServiceImpl - Adding Integrator [org.hibernate.cache.internal.CollectionCacheInvalidator].
21:23:00.366 [Test worker] DEBUG org.hibernate.boot.jaxb.internal.stax.LocalXmlResourceResolver - Interpreting public/system identifier : [-//Hibernate/Hibernate Configuration DTD 3.0//EN] - [http://hibernate.org/dtd/hibernate-configuration-3.0.dtd]
21:23:00.413 [Test worker] DEBUG org.hibernate.boot.cfgxml.internal.JaxbCfgProcessor - cfg.xml document did not define namespaces; wrapping in custom event reader to introduce namespace information
21:23:00.413 [Test worker] DEBUG org.hibernate.service.spi.ServiceBinding - Overriding existing service binding [org.hibernate.secure.spi.JaccService]
21:23:00.413 [Test worker] DEBUG org.hibernate.cache.internal.RegionFactoryInitiator - Cannot default RegionFactory based on registered strategies as `[]` RegionFactory strategies were registered
21:23:00.413 [Test worker] DEBUG org.hibernate.cache.internal.RegionFactoryInitiator - Cache region factory : org.hibernate.cache.internal.NoCachingRegionFactory
21:23:00.413 [Test worker] DEBUG org.hibernate.type.BasicTypeRegistry - Adding type registration boolean -> org.hibernate.type.BooleanType@121b529f
21:23:00.413 [Test worker] DEBUG org.hibernate.type.BasicTypeRegistry - Adding type registration boolean -> org.hibernate.type.BooleanType@121b529f
21:23:00.413 [Test worker] DEBUG org.hibernate.type.BasicTypeRegistry - Adding type registration java.lang.Boolean -> org.hibernate.type.BooleanType@121b529f
21:23:00.413 [Test worker] DEBUG org.hibernate.type.BasicTypeRegistry - Adding type registration numeric_boolean -> org.hibernate.type.NumericBooleanType@7dc81433
21:23:00.413 [Test worker] DEBUG org.hibernate.type.BasicTypeRegistry - Adding type registration true_false -> org.hibernate.type.TrueFalseType@60c371da
21:23:00.413 [Test worker] DEBUG org.hibernate.type.BasicTypeRegistry - Adding type registration yes_no -> org.hibernate.type.YesNoType@51ef89fc
21:23:00.413 [Test worker] DEBUG org.hibernate.type.BasicTypeRegistry - Adding type registration byte -> org.hibernate.type.ByteType@1502feca
21:23:00.413 [Test worker] DEBUG org.hibernate.type.BasicTypeRegistry - Adding type registration byte -> org.hibernate.type.ByteType@1502feca
21:23:00.413 [Test worker] DEBUG org.hibernate.type.BasicTypeRegistry - Adding type registration java.lang.Byte -> org.hibernate.type.ByteType@1502feca
21:23:00.413 [Test worker] DEBUG org.hibernate.type.BasicTypeRegistry - Adding type registration character -> org.hibernate.type.CharacterType@5aca38b4
21:23:00.413 [Test worker] DEBUG org.hibernate.type.BasicTypeRegistry - Adding type registration char -> org.hibernate.type.CharacterType@5aca38b4
21:23:00.413 [Test worker] DEBUG org.hibernate.type.BasicTypeRegistry - Adding type registration java.lang.Character -> org.hibernate.type.CharacterType@5aca38b4
21:23:00.413 [Test worker] DEBUG org.hibernate.type.BasicTypeRegistry - Adding type registration short -> org.hibernate.type.ShortType@212db0b9
21:23:00.413 [Test worker] DEBUG org.hibernate.type.BasicTypeRegistry - Adding type registration short -> org.hibernate.type.ShortType@212db0b9
21:23:00.413 [Test worker] DEBUG org.hibernate.type.BasicTypeRegistry - Adding type registration java.lang.Short -> org.hibernate.type.ShortType@212db0b9
21:23:00.413 [Test worker] DEBUG org.hibernate.type.BasicTypeRegistry - Adding type registration integer -> org.hibernate.type.IntegerType@14f541d2
21:23:00.413 [Test worker] DEBUG org.hibernate.type.BasicTypeRegistry - Adding type registration int -> org.hibernate.type.IntegerType@14f541d2
21:23:00.413 [Test worker] DEBUG org.hibernate.type.BasicTypeRegistry - Adding type registration java.lang.Integer -> org.hibernate.type.IntegerType@14f541d2
21:23:00.413 [Test worker] DEBUG org.hibernate.type.BasicTypeRegistry - Adding type registration long -> org.hibernate.type.LongType@357c5fef
21:23:00.413 [Test worker] DEBUG org.hibernate.type.BasicTypeRegistry - Adding type registration long -> org.hibernate.type.LongType@357c5fef
21:23:00.413 [Test worker] DEBUG org.hibernate.type.BasicTypeRegistry - Adding type registration java.lang.Long -> org.hibernate.type.LongType@357c5fef
21:23:00.413 [Test worker] DEBUG org.hibernate.type.BasicTypeRegistry - Adding type registration float -> org.hibernate.type.FloatType@68835e55
21:23:00.413 [Test worker] DEBUG org.hibernate.type.BasicTypeRegistry - Adding type registration float -> org.hibernate.type.FloatType@68835e55
21:23:00.413 [Test worker] DEBUG org.hibernate.type.BasicTypeRegistry - Adding type registration java.lang.Float -> org.hibernate.type.FloatType@68835e55
21:23:00.413 [Test worker] DEBUG org.hibernate.type.BasicTypeRegistry - Adding type registration double -> org.hibernate.type.DoubleType@1db8c4bf
21:23:00.413 [Test worker] DEBUG org.hibernate.type.BasicTypeRegistry - Adding type registration double -> org.hibernate.type.DoubleType@1db8c4bf
21:23:00.413 [Test worker] DEBUG org.hibernate.type.BasicTypeRegistry - Adding type registration java.lang.Double -> org.hibernate.type.DoubleType@1db8c4bf
21:23:00.413 [Test worker] DEBUG org.hibernate.type.BasicTypeRegistry - Adding type registration big_decimal -> org.hibernate.type.BigDecimalType@2bd9f5a7
21:23:00.413 [Test worker] DEBUG org.hibernate.type.BasicTypeRegistry - Adding type registration java.math.BigDecimal -> org.hibernate.type.BigDecimalType@2bd9f5a7
21:23:00.413 [Test worker] DEBUG org.hibernate.type.BasicTypeRegistry - Adding type registration big_integer -> org.hibernate.type.BigIntegerType@67766712
21:23:00.413 [Test worker] DEBUG org.hibernate.type.BasicTypeRegistry - Adding type registration java.math.BigInteger -> org.hibernate.type.BigIntegerType@67766712
21:23:00.413 [Test worker] DEBUG org.hibernate.type.BasicTypeRegistry - Adding type registration string -> org.hibernate.type.StringType@5abe721f
21:23:00.413 [Test worker] DEBUG org.hibernate.type.BasicTypeRegistry - Adding type registration java.lang.String -> org.hibernate.type.StringType@5abe721f
21:23:00.413 [Test worker] DEBUG org.hibernate.type.BasicTypeRegistry - Adding type registration nstring -> org.hibernate.type.StringNVarcharType@5ca83c4b
21:23:00.413 [Test worker] DEBUG org.hibernate.type.BasicTypeRegistry - Adding type registration ncharacter -> org.hibernate.type.CharacterNCharType@181579aa
21:23:00.413 [Test worker] DEBUG org.hibernate.type.BasicTypeRegistry - Adding type registration url -> org.hibernate.type.UrlType@2d95e7ff
21:23:00.413 [Test worker] DEBUG org.hibernate.type.BasicTypeRegistry - Adding type registration java.net.URL -> org.hibernate.type.UrlType@2d95e7ff
21:23:00.413 [Test worker] DEBUG org.hibernate.type.BasicTypeRegistry - Adding type registration Duration -> org.hibernate.type.DurationType@1f6d6ec5
21:23:00.413 [Test worker] DEBUG org.hibernate.type.BasicTypeRegistry - Adding type registration java.time.Duration -> org.hibernate.type.DurationType@1f6d6ec5
21:23:00.413 [Test worker] DEBUG org.hibernate.type.BasicTypeRegistry - Adding type registration Instant -> org.hibernate.type.InstantType@799b3880
21:23:00.413 [Test worker] DEBUG org.hibernate.type.BasicTypeRegistry - Adding type registration java.time.Instant -> org.hibernate.type.InstantType@799b3880
21:23:00.413 [Test worker] DEBUG org.hibernate.type.BasicTypeRegistry - Adding type registration LocalDateTime -> org.hibernate.type.LocalDateTimeType@3c9b7dcd
21:23:00.413 [Test worker] DEBUG org.hibernate.type.BasicTypeRegistry - Adding type registration java.time.LocalDateTime -> org.hibernate.type.LocalDateTimeType@3c9b7dcd
21:23:00.413 [Test worker] DEBUG org.hibernate.type.BasicTypeRegistry - Adding type registration LocalDate -> org.hibernate.type.LocalDateType@73b9d317
21:23:00.413 [Test worker] DEBUG org.hibernate.type.BasicTypeRegistry - Adding type registration java.time.LocalDate -> org.hibernate.type.LocalDateType@73b9d317
21:23:00.413 [Test worker] DEBUG org.hibernate.type.BasicTypeRegistry - Adding type registration LocalTime -> org.hibernate.type.LocalTimeType@3e938176
21:23:00.413 [Test worker] DEBUG org.hibernate.type.BasicTypeRegistry - Adding type registration java.time.LocalTime -> org.hibernate.type.LocalTimeType@3e938176
21:23:00.413 [Test worker] DEBUG org.hibernate.type.BasicTypeRegistry - Adding type registration OffsetDateTime -> org.hibernate.type.OffsetDateTimeType@1006f6a5
21:23:00.413 [Test worker] DEBUG org.hibernate.type.BasicTypeRegistry - Adding type registration java.time.OffsetDateTime -> org.hibernate.type.OffsetDateTimeType@1006f6a5
21:23:00.413 [Test worker] DEBUG org.hibernate.type.BasicTypeRegistry - Adding type registration OffsetTime -> org.hibernate.type.OffsetTimeType@5ebf30b8
21:23:00.413 [Test worker] DEBUG org.hibernate.type.BasicTypeRegistry - Adding type registration java.time.OffsetTime -> org.hibernate.type.OffsetTimeType@5ebf30b8
21:23:00.413 [Test worker] DEBUG org.hibernate.type.BasicTypeRegistry - Adding type registration ZonedDateTime -> org.hibernate.type.ZonedDateTimeType@5ecdce3a
21:23:00.413 [Test worker] DEBUG org.hibernate.type.BasicTypeRegistry - Adding type registration java.time.ZonedDateTime -> org.hibernate.type.ZonedDateTimeType@5ecdce3a
21:23:00.413 [Test worker] DEBUG org.hibernate.type.BasicTypeRegistry - Adding type registration date -> org.hibernate.type.DateType@34878a9c
21:23:00.413 [Test worker] DEBUG org.hibernate.type.BasicTypeRegistry - Adding type registration java.sql.Date -> org.hibernate.type.DateType@34878a9c
21:23:00.413 [Test worker] DEBUG org.hibernate.type.BasicTypeRegistry - Adding type registration time -> org.hibernate.type.TimeType@4be75fc9
21:23:00.413 [Test worker] DEBUG org.hibernate.type.BasicTypeRegistry - Adding type registration java.sql.Time -> org.hibernate.type.TimeType@4be75fc9
21:23:00.413 [Test worker] DEBUG org.hibernate.type.BasicTypeRegistry - Adding type registration timestamp -> org.hibernate.type.TimestampType@cd6dcfb
21:23:00.413 [Test worker] DEBUG org.hibernate.type.BasicTypeRegistry - Adding type registration java.sql.Timestamp -> org.hibernate.type.TimestampType@cd6dcfb
21:23:00.413 [Test worker] DEBUG org.hibernate.type.BasicTypeRegistry - Adding type registration java.util.Date -> org.hibernate.type.TimestampType@cd6dcfb
21:23:00.413 [Test worker] DEBUG org.hibernate.type.BasicTypeRegistry - Adding type registration dbtimestamp -> org.hibernate.type.DbTimestampType@6f70db50
21:23:00.413 [Test worker] DEBUG org.hibernate.type.BasicTypeRegistry - Adding type registration calendar -> org.hibernate.type.CalendarType@232580e4
21:23:00.413 [Test worker] DEBUG org.hibernate.type.BasicTypeRegistry - Adding type registration java.util.Calendar -> org.hibernate.type.CalendarType@232580e4
21:23:00.413 [Test worker] DEBUG org.hibernate.type.BasicTypeRegistry - Adding type registration java.util.GregorianCalendar -> org.hibernate.type.CalendarType@232580e4
21:23:00.413 [Test worker] DEBUG org.hibernate.type.BasicTypeRegistry - Adding type registration calendar_date -> org.hibernate.type.CalendarDateType@2d226c99
21:23:00.413 [Test worker] DEBUG org.hibernate.type.BasicTypeRegistry - Adding type registration calendar_time -> org.hibernate.type.CalendarTimeType@5f0ca092
21:23:00.413 [Test worker] DEBUG org.hibernate.type.BasicTypeRegistry - Adding type registration locale -> org.hibernate.type.LocaleType@2e7d6fc7
21:23:00.413 [Test worker] DEBUG org.hibernate.type.BasicTypeRegistry - Adding type registration java.util.Locale -> org.hibernate.type.LocaleType@2e7d6fc7
21:23:00.413 [Test worker] DEBUG org.hibernate.type.BasicTypeRegistry - Adding type registration currency -> org.hibernate.type.CurrencyType@298b5abb
21:23:00.413 [Test worker] DEBUG org.hibernate.type.BasicTypeRegistry - Adding type registration java.util.Currency -> org.hibernate.type.CurrencyType@298b5abb
21:23:00.413 [Test worker] DEBUG org.hibernate.type.BasicTypeRegistry - Adding type registration timezone -> org.hibernate.type.TimeZoneType@6a7223ce
21:23:00.413 [Test worker] DEBUG org.hibernate.type.BasicTypeRegistry - Adding type registration java.util.TimeZone -> org.hibernate.type.TimeZoneType@6a7223ce
21:23:00.413 [Test worker] DEBUG org.hibernate.type.BasicTypeRegistry - Adding type registration class -> org.hibernate.type.ClassType@17c86e61
21:23:00.413 [Test worker] DEBUG org.hibernate.type.BasicTypeRegistry - Adding type registration java.lang.Class -> org.hibernate.type.ClassType@17c86e61
21:23:00.413 [Test worker] DEBUG org.hibernate.type.BasicTypeRegistry - Adding type registration uuid-binary -> org.hibernate.type.UUIDBinaryType@165a29f7
21:23:00.413 [Test worker] DEBUG org.hibernate.type.BasicTypeRegistry - Adding type registration java.util.UUID -> org.hibernate.type.UUIDBinaryType@165a29f7
21:23:00.413 [Test worker] DEBUG org.hibernate.type.BasicTypeRegistry - Adding type registration uuid-char -> org.hibernate.type.UUIDCharType@57061eb5
21:23:00.413 [Test worker] DEBUG org.hibernate.type.BasicTypeRegistry - Adding type registration binary -> org.hibernate.type.BinaryType@377a3a57
21:23:00.413 [Test worker] DEBUG org.hibernate.type.BasicTypeRegistry - Adding type registration byte[] -> org.hibernate.type.BinaryType@377a3a57
21:23:00.413 [Test worker] DEBUG org.hibernate.type.BasicTypeRegistry - Adding type registration [B -> org.hibernate.type.BinaryType@377a3a57
21:23:00.413 [Test worker] DEBUG org.hibernate.type.BasicTypeRegistry - Adding type registration wrapper-binary -> org.hibernate.type.WrapperBinaryType@15236686
21:23:00.413 [Test worker] DEBUG org.hibernate.type.BasicTypeRegistry - Adding type registration Byte[] -> org.hibernate.type.WrapperBinaryType@15236686
21:23:00.413 [Test worker] DEBUG org.hibernate.type.BasicTypeRegistry - Adding type registration [Ljava.lang.Byte; -> org.hibernate.type.WrapperBinaryType@15236686
21:23:00.413 [Test worker] DEBUG org.hibernate.type.BasicTypeRegistry - Adding type registration row_version -> org.hibernate.type.RowVersionType@480544d3
21:23:00.413 [Test worker] DEBUG org.hibernate.type.BasicTypeRegistry - Adding type registration image -> org.hibernate.type.ImageType@a74733d
21:23:00.413 [Test worker] DEBUG org.hibernate.type.BasicTypeRegistry - Adding type registration characters -> org.hibernate.type.CharArrayType@10b707f8
21:23:00.413 [Test worker] DEBUG org.hibernate.type.BasicTypeRegistry - Adding type registration char[] -> org.hibernate.type.CharArrayType@10b707f8
21:23:00.413 [Test worker] DEBUG org.hibernate.type.BasicTypeRegistry - Adding type registration [C -> org.hibernate.type.CharArrayType@10b707f8
21:23:00.413 [Test worker] DEBUG org.hibernate.type.BasicTypeRegistry - Adding type registration wrapper-characters -> org.hibernate.type.CharacterArrayType@7586a107
21:23:00.413 [Test worker] DEBUG org.hibernate.type.BasicTypeRegistry - Adding type registration [Ljava.lang.Character; -> org.hibernate.type.CharacterArrayType@7586a107
21:23:00.413 [Test worker] DEBUG org.hibernate.type.BasicTypeRegistry - Adding type registration Character[] -> org.hibernate.type.CharacterArrayType@7586a107
21:23:00.413 [Test worker] DEBUG org.hibernate.type.BasicTypeRegistry - Adding type registration text -> org.hibernate.type.TextType@28e7117
21:23:00.413 [Test worker] DEBUG org.hibernate.type.BasicTypeRegistry - Adding type registration ntext -> org.hibernate.type.NTextType@4fe7c4b8
21:23:00.413 [Test worker] DEBUG org.hibernate.type.BasicTypeRegistry - Adding type registration blob -> org.hibernate.type.BlobType@69ff7971
21:23:00.413 [Test worker] DEBUG org.hibernate.type.BasicTypeRegistry - Adding type registration java.sql.Blob -> org.hibernate.type.BlobType@69ff7971
21:23:00.413 [Test worker] DEBUG org.hibernate.type.BasicTypeRegistry - Adding type registration materialized_blob -> org.hibernate.type.MaterializedBlobType@29a6bbfa
21:23:00.413 [Test worker] DEBUG org.hibernate.type.BasicTypeRegistry - Adding type registration clob -> org.hibernate.type.ClobType@6243fc09
21:23:00.413 [Test worker] DEBUG org.hibernate.type.BasicTypeRegistry - Adding type registration java.sql.Clob -> org.hibernate.type.ClobType@6243fc09
21:23:00.413 [Test worker] DEBUG org.hibernate.type.BasicTypeRegistry - Adding type registration nclob -> org.hibernate.type.NClobType@7a0e9fb4
21:23:00.413 [Test worker] DEBUG org.hibernate.type.BasicTypeRegistry - Adding type registration java.sql.NClob -> org.hibernate.type.NClobType@7a0e9fb4
21:23:00.413 [Test worker] DEBUG org.hibernate.type.BasicTypeRegistry - Adding type registration materialized_clob -> org.hibernate.type.MaterializedClobType@5568af29
21:23:00.413 [Test worker] DEBUG org.hibernate.type.BasicTypeRegistry - Adding type registration materialized_nclob -> org.hibernate.type.MaterializedNClobType@43589365
21:23:00.413 [Test worker] DEBUG org.hibernate.type.BasicTypeRegistry - Adding type registration serializable -> org.hibernate.type.SerializableType@49b714f8
21:23:00.413 [Test worker] DEBUG org.hibernate.type.BasicTypeRegistry - Adding type registration object -> org.hibernate.type.ObjectType@4b6f241f
21:23:00.413 [Test worker] DEBUG org.hibernate.type.BasicTypeRegistry - Adding type registration java.lang.Object -> org.hibernate.type.ObjectType@4b6f241f
21:23:00.413 [Test worker] DEBUG org.hibernate.type.BasicTypeRegistry - Adding type registration imm_date -> org.hibernate.type.AdaptedImmutableType@6ce5db3e
21:23:00.413 [Test worker] DEBUG org.hibernate.type.BasicTypeRegistry - Adding type registration imm_time -> org.hibernate.type.AdaptedImmutableType@4dddb965
21:23:00.413 [Test worker] DEBUG org.hibernate.type.BasicTypeRegistry - Adding type registration imm_timestamp -> org.hibernate.type.AdaptedImmutableType@1d68277a
21:23:00.413 [Test worker] DEBUG org.hibernate.type.BasicTypeRegistry - Adding type registration imm_dbtimestamp -> org.hibernate.type.AdaptedImmutableType@7ef50952
21:23:00.413 [Test worker] DEBUG org.hibernate.type.BasicTypeRegistry - Adding type registration imm_calendar -> org.hibernate.type.AdaptedImmutableType@3c8b1199
21:23:00.413 [Test worker] DEBUG org.hibernate.type.BasicTypeRegistry - Adding type registration imm_calendar_date -> org.hibernate.type.AdaptedImmutableType@1cbd91fc
21:23:00.413 [Test worker] DEBUG org.hibernate.type.BasicTypeRegistry - Adding type registration imm_binary -> org.hibernate.type.AdaptedImmutableType@403236e6
21:23:00.413 [Test worker] DEBUG org.hibernate.type.BasicTypeRegistry - Adding type registration imm_serializable -> org.hibernate.type.AdaptedImmutableType@165b082b
21:23:00.413 [Test worker] DEBUG org.hibernate.id.factory.internal.DefaultIdentifierGeneratorFactory - Registering IdentifierGenerator strategy [uuid2] -> [org.hibernate.id.UUIDGenerator]
21:23:00.413 [Test worker] DEBUG org.hibernate.id.factory.internal.DefaultIdentifierGeneratorFactory - Registering IdentifierGenerator strategy [guid] -> [org.hibernate.id.GUIDGenerator]
21:23:00.413 [Test worker] DEBUG org.hibernate.id.factory.internal.DefaultIdentifierGeneratorFactory - Registering IdentifierGenerator strategy [uuid] -> [org.hibernate.id.UUIDHexGenerator]
21:23:00.413 [Test worker] DEBUG org.hibernate.id.factory.internal.DefaultIdentifierGeneratorFactory - Registering IdentifierGenerator strategy [uuid.hex] -> [org.hibernate.id.UUIDHexGenerator]
21:23:00.413 [Test worker] DEBUG org.hibernate.id.factory.internal.DefaultIdentifierGeneratorFactory - Registering IdentifierGenerator strategy [assigned] -> [org.hibernate.id.Assigned]
21:23:00.413 [Test worker] DEBUG org.hibernate.id.factory.internal.DefaultIdentifierGeneratorFactory - Registering IdentifierGenerator strategy [identity] -> [org.hibernate.id.IdentityGenerator]
21:23:00.413 [Test worker] DEBUG org.hibernate.id.factory.internal.DefaultIdentifierGeneratorFactory - Registering IdentifierGenerator strategy [select] -> [org.hibernate.id.SelectGenerator]
21:23:00.413 [Test worker] DEBUG org.hibernate.id.factory.internal.DefaultIdentifierGeneratorFactory - Registering IdentifierGenerator strategy [sequence] -> [org.hibernate.id.enhanced.SequenceStyleGenerator]
21:23:00.413 [Test worker] DEBUG org.hibernate.id.factory.internal.DefaultIdentifierGeneratorFactory - Registering IdentifierGenerator strategy [seqhilo] -> [org.hibernate.id.SequenceHiLoGenerator]
21:23:00.413 [Test worker] DEBUG org.hibernate.id.factory.internal.DefaultIdentifierGeneratorFactory - Registering IdentifierGenerator strategy [increment] -> [org.hibernate.id.IncrementGenerator]
21:23:00.413 [Test worker] DEBUG org.hibernate.id.factory.internal.DefaultIdentifierGeneratorFactory - Registering IdentifierGenerator strategy [foreign] -> [org.hibernate.id.ForeignGenerator]
21:23:00.413 [Test worker] DEBUG org.hibernate.id.factory.internal.DefaultIdentifierGeneratorFactory - Registering IdentifierGenerator strategy [sequence-identity] -> [org.hibernate.id.SequenceIdentityGenerator]
21:23:00.413 [Test worker] DEBUG org.hibernate.id.factory.internal.DefaultIdentifierGeneratorFactory - Registering IdentifierGenerator strategy [enhanced-sequence] -> [org.hibernate.id.enhanced.SequenceStyleGenerator]
21:23:00.413 [Test worker] DEBUG org.hibernate.id.factory.internal.DefaultIdentifierGeneratorFactory - Registering IdentifierGenerator strategy [enhanced-table] -> [org.hibernate.id.enhanced.TableGenerator]
21:23:00.413 [Test worker] WARN org.hibernate.orm.connections.pooling - HHH10001002: Using Hibernate built-in connection pool (not for production use!)
21:23:00.413 [Test worker] INFO org.hibernate.orm.connections.pooling - HHH10001005: using driver [org.sqlite.JDBC] at URL [jdbc:sqlite:D:\Facultate\Projects\OrganizareCompanie\database]
21:23:00.413 [Test worker] INFO org.hibernate.orm.connections.pooling - HHH10001001: Connection properties: {password=root, user=root}
21:23:00.413 [Test worker] INFO org.hibernate.orm.connections.pooling - HHH10001003: Autocommit mode: false
21:23:00.413 [Test worker] DEBUG org.hibernate.engine.jdbc.connections.internal.DriverManagerConnectionProviderImpl - Initializing Connection pool with 1 Connections
21:23:00.413 [Test worker] INFO org.hibernate.engine.jdbc.connections.internal.DriverManagerConnectionProviderImpl - HHH000115: Hibernate connection pool size: 1 (min=1)
21:23:00.413 [Test worker] DEBUG org.hibernate.engine.jdbc.env.internal.JdbcEnvironmentInitiator - Database ->
       name : SQLite
    version : 3.34.0
      major : 3
      minor : 34
21:23:00.413 [Test worker] DEBUG org.hibernate.engine.jdbc.env.internal.JdbcEnvironmentInitiator - Driver ->
       name : SQLite JDBC
    version : 3.34.0
      major : 3
      minor : 34
21:23:00.413 [Test worker] DEBUG org.hibernate.engine.jdbc.env.internal.JdbcEnvironmentInitiator - JDBC version : 2.1
21:23:00.413 [Test worker] INFO org.hibernate.dialect.Dialect - HHH000400: Using dialect: utils.SQLiteDialect
21:23:00.413 [Test worker] DEBUG org.hibernate.engine.jdbc.env.spi.IdentifierHelperBuilder - JDBC driver metadata reported database stores quoted identifiers in neither upper, lower nor mixed case
21:23:00.413 [Test worker] DEBUG org.hibernate.engine.jdbc.env.spi.IdentifierHelperBuilder - IdentifierCaseStrategy for both quoted and unquoted identifiers was set to the same strategy [MIXED]; that will likely lead to problems in schema update and validation if using quoted identifiers
21:23:00.413 [Test worker] DEBUG org.hibernate.engine.jdbc.env.internal.LobCreatorBuilderImpl - HHH000423: Disabling contextual LOB creation as JDBC driver reported JDBC version [2] less than 4
21:23:00.413 [Test worker] DEBUG org.hibernate.boot.model.relational.Namespace - Created database namespace [logicalName=Name{catalog=null, schema=null}, physicalName=Name{catalog=null, schema=null}]
21:23:00.429 [Test worker] DEBUG org.hibernate.type.descriptor.java.JavaTypeDescriptorRegistry - JavaTypeDescriptorRegistry entry replaced : class java.time.Duration -> org.hibernate.type.descriptor.java.DurationJavaDescriptor@484b819 (was org.hibernate.type.descriptor.java.DurationJavaDescriptor@484b819)
21:23:00.429 [Test worker] DEBUG org.hibernate.type.descriptor.java.JavaTypeDescriptorRegistry - JavaTypeDescriptorRegistry entry replaced : class java.time.Instant -> org.hibernate.type.descriptor.java.InstantJavaDescriptor@7a6a60d2 (was org.hibernate.type.descriptor.java.InstantJavaDescriptor@7a6a60d2)
21:23:00.429 [Test worker] DEBUG org.hibernate.type.descriptor.java.JavaTypeDescriptorRegistry - JavaTypeDescriptorRegistry entry replaced : class java.time.LocalDate -> org.hibernate.type.descriptor.java.LocalDateJavaDescriptor@7ac3817d (was org.hibernate.type.descriptor.java.LocalDateJavaDescriptor@7ac3817d)
21:23:00.429 [Test worker] DEBUG org.hibernate.type.descriptor.java.JavaTypeDescriptorRegistry - JavaTypeDescriptorRegistry entry replaced : class java.time.LocalDateTime -> org.hibernate.type.descriptor.java.LocalDateTimeJavaDescriptor@616d0e6e (was org.hibernate.type.descriptor.java.LocalDateTimeJavaDescriptor@616d0e6e)
21:23:00.429 [Test worker] DEBUG org.hibernate.type.descriptor.java.JavaTypeDescriptorRegistry - JavaTypeDescriptorRegistry entry replaced : class java.time.OffsetDateTime -> org.hibernate.type.descriptor.java.OffsetDateTimeJavaDescriptor@4008262a (was org.hibernate.type.descriptor.java.OffsetDateTimeJavaDescriptor@4008262a)
21:23:00.429 [Test worker] DEBUG org.hibernate.type.descriptor.java.JavaTypeDescriptorRegistry - JavaTypeDescriptorRegistry entry replaced : class java.time.OffsetTime -> org.hibernate.type.descriptor.java.OffsetTimeJavaDescriptor@69cda209 (was org.hibernate.type.descriptor.java.OffsetTimeJavaDescriptor@69cda209)
21:23:00.429 [Test worker] DEBUG org.hibernate.type.descriptor.java.JavaTypeDescriptorRegistry - JavaTypeDescriptorRegistry entry replaced : class java.time.ZonedDateTime -> org.hibernate.type.descriptor.java.ZonedDateTimeJavaDescriptor@f630e24 (was org.hibernate.type.descriptor.java.ZonedDateTimeJavaDescriptor@f630e24)
21:23:00.429 [Test worker] DEBUG org.hibernate.type.BasicTypeRegistry - Adding type registration Duration -> org.hibernate.type.DurationType@1f6d6ec5
21:23:00.429 [Test worker] DEBUG org.hibernate.type.BasicTypeRegistry - Adding type registration java.time.Duration -> org.hibernate.type.DurationType@1f6d6ec5
21:23:00.429 [Test worker] DEBUG org.hibernate.type.BasicTypeRegistry - Adding type registration Instant -> org.hibernate.type.InstantType@799b3880
21:23:00.429 [Test worker] DEBUG org.hibernate.type.BasicTypeRegistry - Adding type registration java.time.Instant -> org.hibernate.type.InstantType@799b3880
21:23:00.429 [Test worker] DEBUG org.hibernate.type.BasicTypeRegistry - Adding type registration LocalDateTime -> org.hibernate.type.LocalDateTimeType@3c9b7dcd
21:23:00.429 [Test worker] DEBUG org.hibernate.type.BasicTypeRegistry - Adding type registration java.time.LocalDateTime -> org.hibernate.type.LocalDateTimeType@3c9b7dcd
21:23:00.429 [Test worker] DEBUG org.hibernate.type.BasicTypeRegistry - Adding type registration LocalDate -> org.hibernate.type.LocalDateType@73b9d317
21:23:00.429 [Test worker] DEBUG org.hibernate.type.BasicTypeRegistry - Adding type registration java.time.LocalDate -> org.hibernate.type.LocalDateType@73b9d317
21:23:00.429 [Test worker] DEBUG org.hibernate.type.BasicTypeRegistry - Adding type registration LocalTime -> org.hibernate.type.LocalTimeType@3e938176
21:23:00.429 [Test worker] DEBUG org.hibernate.type.BasicTypeRegistry - Adding type registration java.time.LocalTime -> org.hibernate.type.LocalTimeType@3e938176
21:23:00.429 [Test worker] DEBUG org.hibernate.type.BasicTypeRegistry - Adding type registration OffsetDateTime -> org.hibernate.type.OffsetDateTimeType@1006f6a5
21:23:00.429 [Test worker] DEBUG org.hibernate.type.BasicTypeRegistry - Adding type registration java.time.OffsetDateTime -> org.hibernate.type.OffsetDateTimeType@1006f6a5
21:23:00.429 [Test worker] DEBUG org.hibernate.type.BasicTypeRegistry - Adding type registration OffsetTime -> org.hibernate.type.OffsetTimeType@5ebf30b8
21:23:00.429 [Test worker] DEBUG org.hibernate.type.BasicTypeRegistry - Adding type registration java.time.OffsetTime -> org.hibernate.type.OffsetTimeType@5ebf30b8
21:23:00.429 [Test worker] DEBUG org.hibernate.type.BasicTypeRegistry - Adding type registration ZonedDateTime -> org.hibernate.type.ZonedDateTimeType@5ecdce3a
21:23:00.429 [Test worker] DEBUG org.hibernate.type.BasicTypeRegistry - Adding type registration java.time.ZonedDateTime -> org.hibernate.type.ZonedDateTimeType@5ecdce3a
21:23:00.429 [Test worker] DEBUG org.hibernate.type.spi.TypeConfiguration$Scope - Scoping TypeConfiguration [org.hibernate.type.spi.TypeConfiguration@3baffef8] to MetadataBuildingContext [org.hibernate.boot.internal.MetadataBuildingContextRootImpl@2720b7bd]
21:23:00.429 [Test worker] DEBUG org.hibernate.cfg.AnnotationBinder - Binding entity from annotated class: domain.Angajat
21:23:00.429 [Test worker] DEBUG org.hibernate.cfg.Ejb3Column - Binding column: Ejb3DiscriminatorColumn{logicalColumnName'DTYPE', discriminatorTypeName='string'}
21:23:00.429 [Test worker] DEBUG org.hibernate.cfg.annotations.EntityBinder - Import with entity name Angajat
21:23:00.429 [Test worker] DEBUG org.hibernate.cfg.annotations.EntityBinder - Bind entity domain.Angajat on table angajati
21:23:00.429 [Test worker] DEBUG org.hibernate.cfg.Ejb3Column - Binding column: Ejb3Column{table=org.hibernate.mapping.Table(angajati), mappingColumn=id, insertable=true, updatable=true, unique=false}
21:23:00.429 [Test worker] DEBUG org.hibernate.boot.internal.ClassLoaderAccessImpl - Not known whether passed class name [domain.Angajat] is safe
21:23:00.429 [Test worker] DEBUG org.hibernate.boot.internal.ClassLoaderAccessImpl - No temp ClassLoader provided; using live ClassLoader for loading potentially unsafe class : domain.Angajat
21:23:00.429 [Test worker] DEBUG org.hibernate.cfg.annotations.PropertyBinder - MetadataSourceProcessor property id with lazy=false
21:23:00.429 [Test worker] DEBUG org.hibernate.cfg.AbstractPropertyHolder - Attempting to locate auto-apply AttributeConverter for property [domain.Angajat:id]
21:23:00.429 [Test worker] DEBUG org.hibernate.cfg.annotations.SimpleValueBinder - building SimpleValue for id
21:23:00.429 [Test worker] DEBUG org.hibernate.cfg.annotations.PropertyBinder - Building property id
21:23:00.429 [Test worker] DEBUG org.hibernate.cfg.BinderHelper - #makeIdGenerator(org.hibernate.mapping.SimpleValue([org.hibernate.mapping.Column(id)]), id, identity, , ...)
21:23:00.429 [Test worker] DEBUG org.hibernate.cfg.Ejb3Column - Binding column: Ejb3JoinColumn{logicalColumnName='null', referencedColumn='null', mappedBy='angajat'}
21:23:00.429 [Test worker] DEBUG org.hibernate.cfg.Ejb3Column - Binding column: Ejb3Column{table=org.hibernate.mapping.Table(angajati), mappingColumn=concedii, insertable=true, updatable=true, unique=false}
21:23:00.429 [Test worker] DEBUG org.hibernate.cfg.Ejb3Column - Binding column: Ejb3Column{table=org.hibernate.mapping.Table(angajati), mappingColumn=null, insertable=true, updatable=true, unique=false}
21:23:00.429 [Test worker] DEBUG org.hibernate.cfg.Ejb3Column - Binding column: Ejb3Column{table=org.hibernate.mapping.Table(angajati), mappingColumn=element, insertable=true, updatable=true, unique=false}
21:23:00.429 [Test worker] DEBUG org.hibernate.cfg.Ejb3Column - Binding column: Ejb3Column{table=org.hibernate.mapping.Table(angajati), mappingColumn=concedii_KEY, insertable=true, updatable=true, unique=false}
21:23:00.429 [Test worker] DEBUG org.hibernate.cfg.Ejb3Column - Binding column: Ejb3JoinColumn{logicalColumnName='concedii_KEY', referencedColumn='null', mappedBy='null'}
21:23:00.429 [Test worker] DEBUG org.hibernate.cfg.Ejb3Column - Binding column: Ejb3JoinColumn{logicalColumnName='null', referencedColumn='null', mappedBy='angajat'}
21:23:00.429 [Test worker] DEBUG org.hibernate.cfg.Ejb3Column - Binding column: Ejb3JoinColumn{logicalColumnName='null', referencedColumn='null', mappedBy='angajat'}
21:23:00.429 [Test worker] DEBUG org.hibernate.cfg.annotations.CollectionBinder - Collection role: domain.Angajat.concedii
21:23:00.429 [Test worker] DEBUG org.hibernate.cfg.annotations.PropertyBinder - Building property concedii
21:23:00.429 [Test worker] DEBUG org.hibernate.cfg.Ejb3Column - Binding column: Ejb3Column{table=org.hibernate.mapping.Table(angajati), mappingColumn=data_angajare, insertable=true, updatable=true, unique=false}
21:23:00.429 [Test worker] DEBUG org.hibernate.cfg.annotations.PropertyBinder - MetadataSourceProcessor property dataAngajare with lazy=false
21:23:00.429 [Test worker] DEBUG org.hibernate.cfg.AbstractPropertyHolder - Attempting to locate auto-apply AttributeConverter for property [domain.Angajat:dataAngajare]
21:23:00.429 [Test worker] DEBUG org.hibernate.cfg.annotations.SimpleValueBinder - building SimpleValue for dataAngajare
21:23:00.429 [Test worker] DEBUG org.hibernate.cfg.annotations.PropertyBinder - Building property dataAngajare
21:23:00.429 [Test worker] DEBUG org.hibernate.cfg.Ejb3Column - Binding column: Ejb3Column{table=org.hibernate.mapping.Table(angajati), mappingColumn=null, insertable=true, updatable=true, unique=false}
21:23:00.429 [Test worker] DEBUG org.hibernate.cfg.Ejb3Column - Binding column: Ejb3Column{table=org.hibernate.mapping.Table(angajati), mappingColumn=element, insertable=true, updatable=true, unique=false}
21:23:00.429 [Test worker] DEBUG org.hibernate.cfg.Ejb3Column - Binding column: Ejb3Column{table=org.hibernate.mapping.Table(angajati), mappingColumn=departamente_KEY, insertable=true, updatable=true, unique=false}
21:23:00.429 [Test worker] DEBUG org.hibernate.cfg.Ejb3Column - Binding column: Ejb3JoinColumn{logicalColumnName='departamente_KEY', referencedColumn='null', mappedBy='null'}
21:23:00.429 [Test worker] DEBUG org.hibernate.cfg.Ejb3Column - Binding column: Ejb3JoinColumn{logicalColumnName='id_angajat', referencedColumn='', mappedBy=''}
21:23:00.429 [Test worker] DEBUG org.hibernate.cfg.Ejb3Column - Binding column: Ejb3JoinColumn{logicalColumnName='id_departament', referencedColumn='', mappedBy=''}
21:23:00.429 [Test worker] DEBUG org.hibernate.cfg.annotations.CollectionBinder - Collection role: domain.Angajat.departamente
21:23:00.429 [Test worker] DEBUG org.hibernate.cfg.annotations.PropertyBinder - Building property departamente
21:23:00.429 [Test worker] DEBUG org.hibernate.cfg.Ejb3Column - Binding column: Ejb3JoinColumn{logicalColumnName='null', referencedColumn='null', mappedBy='null'}
21:23:00.429 [Test worker] DEBUG org.hibernate.cfg.Ejb3Column - Binding column: Ejb3Column{table=org.hibernate.mapping.Table(angajati), mappingColumn=functie, insertable=true, updatable=true, unique=false}
21:23:00.429 [Test worker] DEBUG org.hibernate.cfg.annotations.PropertyBinder - Building property functie
21:23:00.429 [Test worker] DEBUG org.hibernate.cfg.Ejb3Column - Binding column: Ejb3Column{table=org.hibernate.mapping.Table(angajati), mappingColumn=id_superior, insertable=true, updatable=true, unique=false}
21:23:00.429 [Test worker] DEBUG org.hibernate.cfg.annotations.PropertyBinder - MetadataSourceProcessor property idSuperior with lazy=false
21:23:00.429 [Test worker] DEBUG org.hibernate.cfg.AbstractPropertyHolder - Attempting to locate auto-apply AttributeConverter for property [domain.Angajat:idSuperior]
21:23:00.429 [Test worker] DEBUG org.hibernate.cfg.annotations.SimpleValueBinder - building SimpleValue for idSuperior
21:23:00.429 [Test worker] DEBUG org.hibernate.cfg.annotations.PropertyBinder - Building property idSuperior
21:23:00.429 [Test worker] DEBUG org.hibernate.cfg.Ejb3Column - Binding column: Ejb3Column{table=org.hibernate.mapping.Table(angajati), mappingColumn=null, insertable=true, updatable=true, unique=false}
21:23:00.429 [Test worker] DEBUG org.hibernate.cfg.Ejb3Column - Binding column: Ejb3Column{table=org.hibernate.mapping.Table(angajati), mappingColumn=element, insertable=true, updatable=true, unique=false}
21:23:00.429 [Test worker] DEBUG org.hibernate.cfg.Ejb3Column - Binding column: Ejb3Column{table=org.hibernate.mapping.Table(angajati), mappingColumn=proiecte_KEY, insertable=true, updatable=true, unique=false}
21:23:00.429 [Test worker] DEBUG org.hibernate.cfg.Ejb3Column - Binding column: Ejb3JoinColumn{logicalColumnName='proiecte_KEY', referencedColumn='null', mappedBy='null'}
21:23:00.429 [Test worker] DEBUG org.hibernate.cfg.Ejb3Column - Binding column: Ejb3JoinColumn{logicalColumnName='id_angajat', referencedColumn='', mappedBy=''}
21:23:00.429 [Test worker] DEBUG org.hibernate.cfg.Ejb3Column - Binding column: Ejb3JoinColumn{logicalColumnName='id_proiect', referencedColumn='', mappedBy=''}
21:23:00.429 [Test worker] DEBUG org.hibernate.cfg.annotations.CollectionBinder - Collection role: domain.Angajat.proiecte
21:23:00.429 [Test worker] DEBUG org.hibernate.cfg.annotations.PropertyBinder - Building property proiecte
21:23:00.429 [Test worker] DEBUG org.hibernate.cfg.AnnotationBinder - Binding entity from annotated class: domain.Concediu
21:23:00.429 [Test worker] DEBUG org.hibernate.cfg.Ejb3Column - Binding column: Ejb3DiscriminatorColumn{logicalColumnName'DTYPE', discriminatorTypeName='string'}
21:23:00.429 [Test worker] DEBUG org.hibernate.cfg.annotations.EntityBinder - Import with entity name Concediu
21:23:00.429 [Test worker] DEBUG org.hibernate.cfg.annotations.EntityBinder - Bind entity domain.Concediu on table concedii
21:23:00.429 [Test worker] DEBUG org.hibernate.cfg.Ejb3Column - Binding column: Ejb3Column{table=org.hibernate.mapping.Table(concedii), mappingColumn=id, insertable=true, updatable=true, unique=false}
21:23:00.429 [Test worker] DEBUG org.hibernate.boot.internal.ClassLoaderAccessImpl - Not known whether passed class name [domain.Concediu] is safe
21:23:00.429 [Test worker] DEBUG org.hibernate.boot.internal.ClassLoaderAccessImpl - No temp ClassLoader provided; using live ClassLoader for loading potentially unsafe class : domain.Concediu
21:23:00.429 [Test worker] DEBUG org.hibernate.cfg.annotations.PropertyBinder - MetadataSourceProcessor property id with lazy=false
21:23:00.429 [Test worker] DEBUG org.hibernate.cfg.AbstractPropertyHolder - Attempting to locate auto-apply AttributeConverter for property [domain.Concediu:id]
21:23:00.429 [Test worker] DEBUG org.hibernate.cfg.annotations.SimpleValueBinder - building SimpleValue for id
21:23:00.429 [Test worker] DEBUG org.hibernate.cfg.annotations.PropertyBinder - Building property id
21:23:00.429 [Test worker] DEBUG org.hibernate.cfg.BinderHelper - #makeIdGenerator(org.hibernate.mapping.SimpleValue([org.hibernate.mapping.Column(id)]), id, identity, , ...)
21:23:00.429 [Test worker] DEBUG org.hibernate.cfg.Ejb3Column - Binding column: Ejb3JoinColumn{logicalColumnName='id_angajat', referencedColumn='', mappedBy=''}
21:23:00.429 [Test worker] DEBUG org.hibernate.cfg.Ejb3Column - Binding column: Ejb3Column{table=org.hibernate.mapping.Table(concedii), mappingColumn=angajat, insertable=true, updatable=true, unique=false}
21:23:00.429 [Test worker] DEBUG org.hibernate.cfg.annotations.PropertyBinder - Building property angajat
21:23:00.429 [Test worker] DEBUG org.hibernate.cfg.Ejb3Column - Binding column: Ejb3Column{table=org.hibernate.mapping.Table(concedii), mappingColumn=data_inceput, insertable=true, updatable=true, unique=false}
21:23:00.429 [Test worker] DEBUG org.hibernate.cfg.annotations.PropertyBinder - MetadataSourceProcessor property dataInceput with lazy=false
21:23:00.429 [Test worker] DEBUG org.hibernate.cfg.AbstractPropertyHolder - Attempting to locate auto-apply AttributeConverter for property [domain.Concediu:dataInceput]
21:23:00.429 [Test worker] DEBUG org.hibernate.cfg.annotations.SimpleValueBinder - building SimpleValue for dataInceput
21:23:00.429 [Test worker] DEBUG org.hibernate.cfg.annotations.PropertyBinder - Building property dataInceput
21:23:00.429 [Test worker] DEBUG org.hibernate.cfg.Ejb3Column - Binding column: Ejb3Column{table=org.hibernate.mapping.Table(concedii), mappingColumn=data_sfarsit, insertable=true, updatable=true, unique=false}
21:23:00.429 [Test worker] DEBUG org.hibernate.cfg.annotations.PropertyBinder - MetadataSourceProcessor property dataSfarsit with lazy=false
21:23:00.429 [Test worker] DEBUG org.hibernate.cfg.AbstractPropertyHolder - Attempting to locate auto-apply AttributeConverter for property [domain.Concediu:dataSfarsit]
21:23:00.429 [Test worker] DEBUG org.hibernate.cfg.annotations.SimpleValueBinder - building SimpleValue for dataSfarsit
21:23:00.429 [Test worker] DEBUG org.hibernate.cfg.annotations.PropertyBinder - Building property dataSfarsit
21:23:00.429 [Test worker] DEBUG org.hibernate.cfg.AnnotationBinder - Binding entity from annotated class: domain.Departament
21:23:00.429 [Test worker] DEBUG org.hibernate.cfg.Ejb3Column - Binding column: Ejb3DiscriminatorColumn{logicalColumnName'DTYPE', discriminatorTypeName='string'}
21:23:00.429 [Test worker] DEBUG org.hibernate.cfg.annotations.EntityBinder - Import with entity name Departament
21:23:00.429 [Test worker] DEBUG org.hibernate.cfg.annotations.EntityBinder - Bind entity domain.Departament on table departamente
21:23:00.429 [Test worker] DEBUG org.hibernate.cfg.Ejb3Column - Binding column: Ejb3Column{table=org.hibernate.mapping.Table(departamente), mappingColumn=id, insertable=true, updatable=true, unique=false}
21:23:00.429 [Test worker] DEBUG org.hibernate.boot.internal.ClassLoaderAccessImpl - Not known whether passed class name [domain.Departament] is safe
21:23:00.429 [Test worker] DEBUG org.hibernate.boot.internal.ClassLoaderAccessImpl - No temp ClassLoader provided; using live ClassLoader for loading potentially unsafe class : domain.Departament
21:23:00.429 [Test worker] DEBUG org.hibernate.cfg.annotations.PropertyBinder - MetadataSourceProcessor property id with lazy=false
21:23:00.429 [Test worker] DEBUG org.hibernate.cfg.AbstractPropertyHolder - Attempting to locate auto-apply AttributeConverter for property [domain.Departament:id]
21:23:00.429 [Test worker] DEBUG org.hibernate.cfg.annotations.SimpleValueBinder - building SimpleValue for id
21:23:00.429 [Test worker] DEBUG org.hibernate.cfg.annotations.PropertyBinder - Building property id
21:23:00.429 [Test worker] DEBUG org.hibernate.cfg.BinderHelper - #makeIdGenerator(org.hibernate.mapping.SimpleValue([org.hibernate.mapping.Column(id)]), id, identity, , ...)
21:23:00.429 [Test worker] DEBUG org.hibernate.cfg.Ejb3Column - Binding column: Ejb3Column{table=org.hibernate.mapping.Table(departamente), mappingColumn=id_director, insertable=true, updatable=true, unique=false}
21:23:00.429 [Test worker] DEBUG org.hibernate.cfg.annotations.PropertyBinder - MetadataSourceProcessor property idDirector with lazy=false
21:23:00.429 [Test worker] DEBUG org.hibernate.cfg.AbstractPropertyHolder - Attempting to locate auto-apply AttributeConverter for property [domain.Departament:idDirector]
21:23:00.429 [Test worker] DEBUG org.hibernate.cfg.annotations.SimpleValueBinder - building SimpleValue for idDirector
21:23:00.429 [Test worker] DEBUG org.hibernate.cfg.annotations.PropertyBinder - Building property idDirector
21:23:00.429 [Test worker] DEBUG org.hibernate.cfg.AnnotationBinder - Binding entity from annotated class: domain.Functie
21:23:00.429 [Test worker] DEBUG org.hibernate.cfg.Ejb3Column - Binding column: Ejb3DiscriminatorColumn{logicalColumnName'DTYPE', discriminatorTypeName='string'}
21:23:00.429 [Test worker] DEBUG org.hibernate.cfg.annotations.EntityBinder - Import with entity name Functie
21:23:00.429 [Test worker] DEBUG org.hibernate.cfg.annotations.EntityBinder - Bind entity domain.Functie on table functii
21:23:00.429 [Test worker] DEBUG org.hibernate.cfg.Ejb3Column - Binding column: Ejb3Column{table=org.hibernate.mapping.Table(functii), mappingColumn=id, insertable=true, updatable=true, unique=false}
21:23:00.429 [Test worker] DEBUG org.hibernate.boot.internal.ClassLoaderAccessImpl - Not known whether passed class name [domain.Functie] is safe
21:23:00.429 [Test worker] DEBUG org.hibernate.boot.internal.ClassLoaderAccessImpl - No temp ClassLoader provided; using live ClassLoader for loading potentially unsafe class : domain.Functie
21:23:00.429 [Test worker] DEBUG org.hibernate.cfg.annotations.PropertyBinder - MetadataSourceProcessor property id with lazy=false
21:23:00.429 [Test worker] DEBUG org.hibernate.cfg.AbstractPropertyHolder - Attempting to locate auto-apply AttributeConverter for property [domain.Functie:id]
21:23:00.429 [Test worker] DEBUG org.hibernate.cfg.annotations.SimpleValueBinder - building SimpleValue for id
21:23:00.429 [Test worker] DEBUG org.hibernate.cfg.annotations.PropertyBinder - Building property id
21:23:00.429 [Test worker] DEBUG org.hibernate.cfg.BinderHelper - #makeIdGenerator(org.hibernate.mapping.SimpleValue([org.hibernate.mapping.Column(id)]), id, identity, , ...)
21:23:00.429 [Test worker] DEBUG org.hibernate.cfg.Ejb3Column - Binding column: Ejb3Column{table=org.hibernate.mapping.Table(functii), mappingColumn=salar_de_baza, insertable=true, updatable=true, unique=false}
21:23:00.429 [Test worker] DEBUG org.hibernate.cfg.annotations.PropertyBinder - MetadataSourceProcessor property salarDeBaza with lazy=false
21:23:00.429 [Test worker] DEBUG org.hibernate.cfg.AbstractPropertyHolder - Attempting to locate auto-apply AttributeConverter for property [domain.Functie:salarDeBaza]
21:23:00.429 [Test worker] DEBUG org.hibernate.cfg.annotations.SimpleValueBinder - building SimpleValue for salarDeBaza
21:23:00.429 [Test worker] DEBUG org.hibernate.cfg.annotations.PropertyBinder - Building property salarDeBaza
21:23:00.429 [Test worker] DEBUG org.hibernate.cfg.AnnotationBinder - Binding entity from annotated class: domain.Proiect
21:23:00.429 [Test worker] DEBUG org.hibernate.cfg.Ejb3Column - Binding column: Ejb3DiscriminatorColumn{logicalColumnName'DTYPE', discriminatorTypeName='string'}
21:23:00.429 [Test worker] DEBUG org.hibernate.cfg.annotations.EntityBinder - Import with entity name Proiect
21:23:00.429 [Test worker] DEBUG org.hibernate.cfg.annotations.EntityBinder - Bind entity domain.Proiect on table proiecte
21:23:00.429 [Test worker] DEBUG org.hibernate.cfg.Ejb3Column - Binding column: Ejb3Column{table=org.hibernate.mapping.Table(proiecte), mappingColumn=id, insertable=true, updatable=true, unique=false}
21:23:00.429 [Test worker] DEBUG org.hibernate.boot.internal.ClassLoaderAccessImpl - Not known whether passed class name [domain.Proiect] is safe
21:23:00.429 [Test worker] DEBUG org.hibernate.boot.internal.ClassLoaderAccessImpl - No temp ClassLoader provided; using live ClassLoader for loading potentially unsafe class : domain.Proiect
21:23:00.429 [Test worker] DEBUG org.hibernate.cfg.annotations.PropertyBinder - MetadataSourceProcessor property id with lazy=false
21:23:00.429 [Test worker] DEBUG org.hibernate.cfg.AbstractPropertyHolder - Attempting to locate auto-apply AttributeConverter for property [domain.Proiect:id]
21:23:00.429 [Test worker] DEBUG org.hibernate.cfg.annotations.SimpleValueBinder - building SimpleValue for id
21:23:00.429 [Test worker] DEBUG org.hibernate.cfg.annotations.PropertyBinder - Building property id
21:23:00.429 [Test worker] DEBUG org.hibernate.cfg.BinderHelper - #makeIdGenerator(org.hibernate.mapping.SimpleValue([org.hibernate.mapping.Column(id)]), id, identity, , ...)
21:23:00.429 [Test worker] DEBUG org.hibernate.cfg.Ejb3Column - Binding column: Ejb3Column{table=org.hibernate.mapping.Table(proiecte), mappingColumn=data_inceput, insertable=true, updatable=true, unique=false}
21:23:00.429 [Test worker] DEBUG org.hibernate.cfg.annotations.PropertyBinder - MetadataSourceProcessor property dataInceput with lazy=false
21:23:00.429 [Test worker] DEBUG org.hibernate.cfg.AbstractPropertyHolder - Attempting to locate auto-apply AttributeConverter for property [domain.Proiect:dataInceput]
21:23:00.429 [Test worker] DEBUG org.hibernate.cfg.annotations.SimpleValueBinder - building SimpleValue for dataInceput
21:23:00.429 [Test worker] DEBUG org.hibernate.cfg.annotations.PropertyBinder - Building property dataInceput
21:23:00.429 [Test worker] DEBUG org.hibernate.cfg.Ejb3Column - Binding column: Ejb3Column{table=org.hibernate.mapping.Table(proiecte), mappingColumn=deadline, insertable=true, updatable=true, unique=false}
21:23:00.429 [Test worker] DEBUG org.hibernate.cfg.annotations.PropertyBinder - MetadataSourceProcessor property deadline with lazy=false
21:23:00.429 [Test worker] DEBUG org.hibernate.cfg.AbstractPropertyHolder - Attempting to locate auto-apply AttributeConverter for property [domain.Proiect:deadline]
21:23:00.429 [Test worker] DEBUG org.hibernate.cfg.annotations.SimpleValueBinder - building SimpleValue for deadline
21:23:00.429 [Test worker] DEBUG org.hibernate.cfg.annotations.PropertyBinder - Building property deadline
21:23:00.429 [Test worker] DEBUG org.hibernate.cfg.annotations.SimpleValueBinder - Starting fillSimpleValue for id
21:23:00.429 [Test worker] DEBUG org.hibernate.cfg.annotations.SimpleValueBinder - Starting fillSimpleValue for dataAngajare
21:23:00.429 [Test worker] DEBUG org.hibernate.cfg.annotations.SimpleValueBinder - Starting fillSimpleValue for idSuperior
21:23:00.429 [Test worker] DEBUG org.hibernate.cfg.annotations.SimpleValueBinder - Starting fillSimpleValue for id
21:23:00.429 [Test worker] DEBUG org.hibernate.cfg.annotations.SimpleValueBinder - Starting fillSimpleValue for dataInceput
21:23:00.429 [Test worker] DEBUG org.hibernate.cfg.annotations.SimpleValueBinder - Starting fillSimpleValue for dataSfarsit
21:23:00.429 [Test worker] DEBUG org.hibernate.cfg.annotations.SimpleValueBinder - Starting fillSimpleValue for id
21:23:00.429 [Test worker] DEBUG org.hibernate.cfg.annotations.SimpleValueBinder - Starting fillSimpleValue for idDirector
21:23:00.429 [Test worker] DEBUG org.hibernate.cfg.annotations.SimpleValueBinder - Starting fillSimpleValue for id
21:23:00.429 [Test worker] DEBUG org.hibernate.cfg.annotations.SimpleValueBinder - Starting fillSimpleValue for salarDeBaza
21:23:00.429 [Test worker] DEBUG org.hibernate.cfg.annotations.SimpleValueBinder - Starting fillSimpleValue for id
21:23:00.429 [Test worker] DEBUG org.hibernate.cfg.annotations.SimpleValueBinder - Starting fillSimpleValue for dataInceput
21:23:00.429 [Test worker] DEBUG org.hibernate.cfg.annotations.SimpleValueBinder - Starting fillSimpleValue for deadline
21:23:00.429 [Test worker] DEBUG org.hibernate.mapping.PrimaryKey - Forcing column [id] to be non-null as it is part of the primary key for table [angajati]
21:23:00.429 [Test worker] DEBUG org.hibernate.mapping.PrimaryKey - Forcing column [id] to be non-null as it is part of the primary key for table [concedii]
21:23:00.429 [Test worker] DEBUG org.hibernate.mapping.PrimaryKey - Forcing column [id] to be non-null as it is part of the primary key for table [departamente]
21:23:00.429 [Test worker] DEBUG org.hibernate.mapping.PrimaryKey - Forcing column [id] to be non-null as it is part of the primary key for table [functii]
21:23:00.429 [Test worker] DEBUG org.hibernate.mapping.PrimaryKey - Forcing column [id] to be non-null as it is part of the primary key for table [proiecte]
21:23:00.429 [Test worker] DEBUG org.hibernate.cfg.CollectionSecondPass - Second pass for collection: domain.Angajat.proiecte
21:23:00.429 [Test worker] DEBUG org.hibernate.cfg.annotations.CollectionBinder - Binding as ManyToMany: domain.Angajat.proiecte
21:23:00.429 [Test worker] DEBUG org.hibernate.mapping.PrimaryKey - Forcing column [id_angajat] to be non-null as it is part of the primary key for table [angajati_proiecte]
21:23:00.429 [Test worker] DEBUG org.hibernate.mapping.PrimaryKey - Forcing column [id_proiect] to be non-null as it is part of the primary key for table [angajati_proiecte]
21:23:00.429 [Test worker] DEBUG org.hibernate.cfg.CollectionSecondPass - Mapped collection key: id_angajat, element: id_proiect
21:23:00.429 [Test worker] DEBUG org.hibernate.cfg.CollectionSecondPass - Second pass for collection: domain.Angajat.departamente
21:23:00.429 [Test worker] DEBUG org.hibernate.cfg.annotations.CollectionBinder - Binding as ManyToMany: domain.Angajat.departamente
21:23:00.429 [Test worker] DEBUG org.hibernate.mapping.PrimaryKey - Forcing column [id_angajat] to be non-null as it is part of the primary key for table [angajati_departamente]
21:23:00.429 [Test worker] DEBUG org.hibernate.mapping.PrimaryKey - Forcing column [id_departament] to be non-null as it is part of the primary key for table [angajati_departamente]
21:23:00.429 [Test worker] DEBUG org.hibernate.cfg.CollectionSecondPass - Mapped collection key: id_angajat, element: id_departament
21:23:00.429 [Test worker] DEBUG org.hibernate.cfg.CollectionSecondPass - Second pass for collection: domain.Angajat.concedii
21:23:00.429 [Test worker] DEBUG org.hibernate.cfg.annotations.CollectionBinder - Binding a OneToMany: domain.Angajat.concedii through a foreign key
21:23:00.429 [Test worker] DEBUG org.hibernate.cfg.annotations.CollectionBinder - Mapping collection: domain.Angajat.concedii -> concedii
21:23:00.429 [Test worker] DEBUG org.hibernate.cfg.annotations.TableBinder - Retrieving property domain.Concediu.angajat
21:23:00.429 [Test worker] DEBUG org.hibernate.cfg.CollectionSecondPass - Mapped collection key: id_angajat, one-to-many: domain.Concediu
21:23:00.429 [Test worker] DEBUG org.hibernate.boot.internal.InFlightMetadataCollectorImpl - Resolving reference to class: domain.Functie
21:23:00.429 [Test worker] DEBUG org.hibernate.boot.internal.InFlightMetadataCollectorImpl - Resolving reference to class: domain.Departament
21:23:00.429 [Test worker] DEBUG org.hibernate.boot.internal.InFlightMetadataCollectorImpl - Resolving reference to class: domain.Angajat
21:23:00.429 [Test worker] DEBUG org.hibernate.boot.internal.InFlightMetadataCollectorImpl - Resolving reference to class: domain.Proiect
21:23:00.429 [Test worker] DEBUG org.hibernate.boot.internal.InFlightMetadataCollectorImpl - Resolving reference to class: domain.Angajat
21:23:00.429 [Test worker] DEBUG org.hibernate.boot.internal.InFlightMetadataCollectorImpl - Resolving reference to class: domain.Angajat
21:23:00.429 [Test worker] DEBUG org.hibernate.boot.internal.InFlightMetadataCollectorImpl - Resolving reference to class: domain.Functie
21:23:00.429 [Test worker] DEBUG org.hibernate.boot.internal.InFlightMetadataCollectorImpl - Resolving reference to class: domain.Departament
21:23:00.429 [Test worker] DEBUG org.hibernate.boot.internal.InFlightMetadataCollectorImpl - Resolving reference to class: domain.Angajat
21:23:00.429 [Test worker] DEBUG org.hibernate.boot.internal.InFlightMetadataCollectorImpl - Resolving reference to class: domain.Proiect
21:23:00.429 [Test worker] DEBUG org.hibernate.boot.internal.InFlightMetadataCollectorImpl - Resolving reference to class: domain.Angajat
21:23:00.429 [Test worker] DEBUG org.hibernate.boot.internal.InFlightMetadataCollectorImpl - Resolving reference to class: domain.Angajat
21:23:00.429 [Test worker] DEBUG org.hibernate.internal.SessionFactoryImpl - Building session factory
21:23:00.429 [Test worker] DEBUG org.hibernate.cfg.Settings - SessionFactory name : null
21:23:00.429 [Test worker] DEBUG org.hibernate.cfg.Settings - Automatic flush during beforeCompletion(): enabled
21:23:00.429 [Test worker] DEBUG org.hibernate.cfg.Settings - Automatic session close at end of transaction: disabled
21:23:00.429 [Test worker] DEBUG org.hibernate.cfg.Settings - Statistics: disabled
21:23:00.429 [Test worker] DEBUG org.hibernate.cfg.Settings - Deleted entity synthetic identifier rollback: disabled
21:23:00.429 [Test worker] DEBUG org.hibernate.cfg.Settings - Default entity-mode: pojo
21:23:00.429 [Test worker] DEBUG org.hibernate.cfg.Settings - Check Nullability in Core (should be disabled when Bean Validation is on): enabled
21:23:00.429 [Test worker] DEBUG org.hibernate.cfg.Settings - Allow initialization of lazy state outside session : enabled
21:23:00.429 [Test worker] DEBUG org.hibernate.cfg.Settings - Using BatchFetchStyle : LEGACY
21:23:00.429 [Test worker] DEBUG org.hibernate.cfg.Settings - Default batch fetch size: -1
21:23:00.429 [Test worker] DEBUG org.hibernate.cfg.Settings - Maximum outer join fetch depth: null
21:23:00.429 [Test worker] DEBUG org.hibernate.cfg.Settings - Default null ordering: NONE
21:23:00.429 [Test worker] DEBUG org.hibernate.cfg.Settings - Order SQL updates by primary key: disabled
21:23:00.429 [Test worker] DEBUG org.hibernate.cfg.Settings - Order SQL inserts for batching: disabled
21:23:00.429 [Test worker] DEBUG org.hibernate.cfg.Settings - multi-tenancy strategy : NONE
21:23:00.429 [Test worker] DEBUG org.hibernate.cfg.Settings - JTA Track by Thread: enabled
21:23:00.429 [Test worker] DEBUG org.hibernate.cfg.Settings - Query language substitutions: {}
21:23:00.429 [Test worker] DEBUG org.hibernate.cfg.Settings - Named query checking : enabled
21:23:00.429 [Test worker] DEBUG org.hibernate.cfg.Settings - Second-level cache: disabled
21:23:00.429 [Test worker] DEBUG org.hibernate.cfg.Settings - Second-level query cache: disabled
21:23:00.429 [Test worker] DEBUG org.hibernate.cfg.Settings - Second-level query cache factory: null
21:23:00.429 [Test worker] DEBUG org.hibernate.cfg.Settings - Second-level cache region prefix: null
21:23:00.429 [Test worker] DEBUG org.hibernate.cfg.Settings - Optimize second-level cache for minimal puts: disabled
21:23:00.429 [Test worker] DEBUG org.hibernate.cfg.Settings - Structured second-level cache entries: disabled
21:23:00.429 [Test worker] DEBUG org.hibernate.cfg.Settings - Second-level cache direct-reference entries: disabled
21:23:00.429 [Test worker] DEBUG org.hibernate.cfg.Settings - Automatic eviction of collection cache: disabled
21:23:00.429 [Test worker] DEBUG org.hibernate.cfg.Settings - JDBC batch size: 0
21:23:00.429 [Test worker] DEBUG org.hibernate.cfg.Settings - JDBC batch updates for versioned data: enabled
21:23:00.429 [Test worker] DEBUG org.hibernate.cfg.Settings - Scrollable result sets: disabled
21:23:00.429 [Test worker] DEBUG org.hibernate.cfg.Settings - Wrap result sets: disabled
21:23:00.429 [Test worker] DEBUG org.hibernate.cfg.Settings - JDBC3 getGeneratedKeys(): enabled
21:23:00.429 [Test worker] DEBUG org.hibernate.cfg.Settings - JDBC result set fetch size: null
21:23:00.429 [Test worker] DEBUG org.hibernate.cfg.Settings - Connection release mode: AFTER_TRANSACTION
21:23:00.429 [Test worker] DEBUG org.hibernate.cfg.Settings - Generate SQL with comments: disabled
21:23:00.429 [Test worker] DEBUG org.hibernate.cfg.Settings - JPA compliance - query : disabled
21:23:00.429 [Test worker] DEBUG org.hibernate.cfg.Settings - JPA compliance - closed-handling : disabled
21:23:00.429 [Test worker] DEBUG org.hibernate.cfg.Settings - JPA compliance - lists : disabled
21:23:00.429 [Test worker] DEBUG org.hibernate.cfg.Settings - JPA compliance - transactions : disabled
21:23:00.429 [Test worker] DEBUG org.hibernate.internal.SessionFactoryImpl - Session factory constructed with filter configurations : {}
21:23:00.429 [Test worker] DEBUG org.hibernate.internal.SessionFactoryImpl - Instantiating session factory with properties: {sun.desktop=windows, awt.toolkit=sun.awt.windows.WToolkit, dialect=utils.SQLiteDialect, java.specification.version=11, sun.cpu.isalist=amd64, sun.jnu.encoding=Cp1250, hibernate.dialect=utils.SQLiteDialect, org.gradle.test.worker=3, java.class.path=C:\\Users\\Dan\\.gradle\\caches\\6.8\\workerMain\\gradle-worker.jar;D:\\Facultate\\Projects\\OrganizareCompanie\\build\\classes\\java\\test;D:\\Facultate\\Projects\\OrganizareCompanie\\build\\resources\\test;D:\\Facultate\\Projects\\OrganizareCompanie\\build\\classes\\java\\main;D:\\Facultate\\Projects\\OrganizareCompanie\\build\\resources\\main;C:\\Users\\Dan\\.gradle\\caches\\modules-2\\files-2.1\\org.springframework.boot\\spring-boot-starter-web\\2.4.3\\4f5554ea183af87e52d8c31bb82aada0d74c40b0\\spring-boot-starter-web-2.4.3.jar;C:\\Users\\Dan\\.gradle\\caches\\modules-2\\files-2.1\\org.xerial\\sqlite-jdbc\\3.34.0\\fd29bb0124e3f79c80b2753162a6a3873c240bcf\\sqlite-jdbc-3.34.0.jar;C:\\Users\\Dan\\.gradle\\caches\\modules-2\\files-2.1\\org.hibernate\\hibernate-java8\\5.1.0.Final\\2bb534acab4f8485a821f0e4d6a2c8df617ee86a\\hibernate-java8-5.1.0.Final.jar;C:\\Users\\Dan\\.gradle\\caches\\modules-2\\files-2.1\\org.hibernate\\hibernate-core\\5.4.29.Final\\74b7c9ad3cb57ae4fd0187480a76f137a7fc3f38\\hibernate-core-5.4.29.Final.jar;C:\\Users\\Dan\\.gradle\\caches\\modules-2\\files-2.1\\org.junit.platform\\junit-platform-engine\\1.7.0\\eadb73c5074a4ac71061defd00fc176152a4d12c\\junit-platform-engine-1.7.0.jar;C:\\Users\\Dan\\.gradle\\caches\\modules-2\\files-2.1\\org.junit.platform\\junit-platform-commons\\1.7.0\\84e309fbf21d857aac079a3c1fffd84284e1114d\\junit-platform-commons-1.7.0.jar;C:\\Users\\Dan\\.gradle\\caches\\modules-2\\files-2.1\\org.junit.jupiter\\junit-jupiter-engine\\5.7.0\\d9044d6b45e2232ddd53fa56c15333e43d1749fd\\junit-jupiter-engine-5.7.0.jar;C:\\Users\\Dan\\.gradle\\caches\\modules-2\\files-2.1\\org.junit.jupiter\\junit-jupiter-api\\5.7.0\\b25f3815c4c1860a73041e733a14a0379d00c4d5\\junit-jupiter-api-5.7.0.jar;C:\\Users\\Dan\\.gradle\\caches\\modules-2\\files-2.1\\org.springframework.boot\\spring-boot-starter-json\\2.4.3\\7b26abb0a0379a00b58a2a50e010b29cf4f16b80\\spring-boot-starter-json-2.4.3.jar;C:\\Users\\Dan\\.gradle\\caches\\modules-2\\files-2.1\\org.springframework.boot\\spring-boot-starter\\2.4.3\\fd8bc0fb5f5aaefb4d6c8b77eb61563aab840c11\\spring-boot-starter-2.4.3.jar;C:\\Users\\Dan\\.gradle\\caches\\modules-2\\files-2.1\\org.springframework.boot\\spring-boot-starter-tomcat\\2.4.3\\4ba28aae05a259625e7e92f8e7338c5e1d22de35\\spring-boot-starter-tomcat-2.4.3.jar;C:\\Users\\Dan\\.gradle\\caches\\modules-2\\files-2.1\\org.springframework\\spring-webmvc\\5.3.4\\8dd52fbe8eafcc7c80998087ec6635baf7a98c20\\spring-webmvc-5.3.4.jar;C:\\Users\\Dan\\.gradle\\caches\\modules-2\\files-2.1\\org.springframework\\spring-web\\5.3.4\\d93829e24a50ed22e781f2302680a210cac5ee84\\spring-web-5.3.4.jar;C:\\Users\\Dan\\.gradle\\caches\\modules-2\\files-2.1\\org.hibernate.common\\hibernate-commons-annotations\\5.1.2.Final\\e59ffdbc6ad09eeb33507b39ffcf287679a498c8\\hibernate-commons-annotations-5.1.2.Final.jar;C:\\Users\\Dan\\.gradle\\caches\\modules-2\\files-2.1\\org.jboss.logging\\jboss-logging\\3.4.1.Final\\40fd4d696c55793e996d1ff3c475833f836c2498\\jboss-logging-3.4.1.Final.jar;C:\\Users\\Dan\\.gradle\\caches\\modules-2\\files-2.1\\javax.persistence\\javax.persistence-api\\2.2\\25665ac8c0b62f50e6488173233239120fc52c96\\javax.persistence-api-2.2.jar;C:\\Users\\Dan\\.gradle\\caches\\modules-2\\files-2.1\\org.javassist\\javassist\\3.27.0-GA\\f63e6aa899e15eca8fdaa402a79af4c417252213\\javassist-3.27.0-GA.jar;C:\\Users\\Dan\\.gradle\\caches\\modules-2\\files-2.1\\net.bytebuddy\\byte-buddy\\1.10.21\\5abe8e141cac9d50a721a22d9c188b3bf19ad0aa\\byte-buddy-1.10.21.jar;C:\\Users\\Dan\\.gradle\\caches\\modules-2\\files-2.1\\antlr\\antlr\\2.7.7\\83cd2cd674a217ade95a4bb83a8a14f351f48bd0\\antlr-2.7.7.jar;C:\\Users\\Dan\\.gradle\\caches\\modules-2\\files-2.1\\org.jboss.spec.javax.transaction\\jboss-transaction-api_1.2_spec\\1.1.1.Final\\a8485cab9484dda36e9a8c319e76b5cc18797b58\\jboss-transaction-api_1.2_spec-1.1.1.Final.jar;C:\\Users\\Dan\\.gradle\\caches\\modules-2\\files-2.1\\org.jboss\\jandex\\2.2.3.Final\\d3865101f0666b63586683bd811d754517f331ab\\jandex-2.2.3.Final.jar;C:\\Users\\Dan\\.gradle\\caches\\modules-2\\files-2.1\\com.fasterxml\\classmate\\1.5.1\\3fe0bed568c62df5e89f4f174c101eab25345b6c\\classmate-1.5.1.jar;C:\\Users\\Dan\\.gradle\\caches\\modules-2\\files-2.1\\org.glassfish.jaxb\\jaxb-runtime\\2.3.1\\dd6dda9da676a54c5b36ca2806ff95ee017d8738\\jaxb-runtime-2.3.1.jar;C:\\Users\\Dan\\.gradle\\caches\\modules-2\\files-2.1\\javax.xml.bind\\jaxb-api\\2.3.1\\8531ad5ac454cc2deb9d4d32c40c4d7451939b5d\\jaxb-api-2.3.1.jar;C:\\Users\\Dan\\.gradle\\caches\\modules-2\\files-2.1\\javax.activation\\javax.activation-api\\1.2.0\\85262acf3ca9816f9537ca47d5adeabaead7cb16\\javax.activation-api-1.2.0.jar;C:\\Users\\Dan\\.gradle\\caches\\modules-2\\files-2.1\\org.dom4j\\dom4j\\2.1.3\\a75914155a9f5808963170ec20653668a2ffd2fd\\dom4j-2.1.3.jar;C:\\Users\\Dan\\.gradle\\caches\\modules-2\\files-2.1\\org.apiguardian\\apiguardian-api\\1.1.0\\fc9dff4bb36d627bdc553de77e1f17efd790876c\\apiguardian-api-1.1.0.jar;C:\\Users\\Dan\\.gradle\\caches\\modules-2\\files-2.1\\org.opentest4j\\opentest4j\\1.2.0\\28c11eb91f9b6d8e200631d46e20a7f407f2a046\\opentest4j-1.2.0.jar;C:\\Users\\Dan\\.gradle\\caches\\modules-2\\files-2.1\\org.springframework.boot\\spring-boot-autoconfigure\\2.4.3\\2f8e1e682e55f70c8ea557982c7adb1256f41bcf\\spring-boot-autoconfigure-2.4.3.jar;C:\\Users\\Dan\\.gradle\\caches\\modules-2\\files-2.1\\org.springframework.boot\\spring-boot\\2.4.3\\de2bd17a8eb9bc3dfa629aa06f2e9fe3bf603c85\\spring-boot-2.4.3.jar;C:\\Users\\Dan\\.gradle\\caches\\modules-2\\files-2.1\\org.springframework.boot\\spring-boot-starter-logging\\2.4.3\\64687abc2255d18cd6592cbb20fa3bee3379cec8\\spring-boot-starter-logging-2.4.3.jar;C:\\Users\\Dan\\.gradle\\caches\\modules-2\\files-2.1\\jakarta.annotation\\jakarta.annotation-api\\1.3.5\\59eb84ee0d616332ff44aba065f3888cf002cd2d\\jakarta.annotation-api-1.3.5.jar;C:\\Users\\Dan\\.gradle\\caches\\modules-2\\files-2.1\\org.springframework\\spring-context\\5.3.4\\fbeadeb0e4d272599a938ec345e99e5f9a76e919\\spring-context-5.3.4.jar;C:\\Users\\Dan\\.gradle\\caches\\modules-2\\files-2.1\\org.springframework\\spring-aop\\5.3.4\\b7180a6427ab524bc1cbd31bf38dd2182632515f\\spring-aop-5.3.4.jar;C:\\Users\\Dan\\.gradle\\caches\\modules-2\\files-2.1\\org.springframework\\spring-beans\\5.3.4\\ac6c5ea0ba82f555405f74104cf378f8071c6d25\\spring-beans-5.3.4.jar;C:\\Users\\Dan\\.gradle\\caches\\modules-2\\files-2.1\\org.springframework\\spring-expression\\5.3.4\\42b71fa955e43a86471509aef14cefe756fc3794\\spring-expression-5.3.4.jar;C:\\Users\\Dan\\.gradle\\caches\\modules-2\\files-2.1\\org.springframework\\spring-core\\5.3.4\\46c1f8abd9e02a292c42a257350f365cec152b5d\\spring-core-5.3.4.jar;C:\\Users\\Dan\\.gradle\\caches\\modules-2\\files-2.1\\org.yaml\\snakeyaml\\1.27\\359d62567480b07a679dc643f82fc926b100eed5\\snakeyaml-1.27.jar;C:\\Users\\Dan\\.gradle\\caches\\modules-2\\files-2.1\\com.fasterxml.jackson.datatype\\jackson-datatype-jdk8\\2.11.4\\e1540dea3c6c681ea4e335a960f730861ee3bedb\\jackson-datatype-jdk8-2.11.4.jar;C:\\Users\\Dan\\.gradle\\caches\\modules-2\\files-2.1\\com.fasterxml.jackson.datatype\\jackson-datatype-jsr310\\2.11.4\\ce6fc76bba06623720e5a9308386b6ae74753f4d\\jackson-datatype-jsr310-2.11.4.jar;C:\\Users\\Dan\\.gradle\\caches\\modules-2\\files-2.1\\com.fasterxml.jackson.module\\jackson-module-parameter-names\\2.11.4\\432e050d79f2282a66c320375d628f1b0842cb12\\jackson-module-parameter-names-2.11.4.jar;C:\\Users\\Dan\\.gradle\\caches\\modules-2\\files-2.1\\com.fasterxml.jackson.core\\jackson-databind\\2.11.4\\5d9f3d441f99d721b957e3497f0a6465c764fad4\\jackson-databind-2.11.4.jar;C:\\Users\\Dan\\.gradle\\caches\\modules-2\\files-2.1\\org.apache.tomcat.embed\\tomcat-embed-websocket\\9.0.43\\78232648dde1a5fd5093f0a3999e593d208e2eab\\tomcat-embed-websocket-9.0.43.jar;C:\\Users\\Dan\\.gradle\\caches\\modules-2\\files-2.1\\org.apache.tomcat.embed\\tomcat-embed-core\\9.0.43\\1d102277426bdd5b12f048731a91665bb69347d1\\tomcat-embed-core-9.0.43.jar;C:\\Users\\Dan\\.gradle\\caches\\modules-2\\files-2.1\\org.glassfish\\jakarta.el\\3.0.3\\dab46ee1ee23f7197c13d7c40fce14817c9017df\\jakarta.el-3.0.3.jar;C:\\Users\\Dan\\.gradle\\caches\\modules-2\\files-2.1\\org.glassfish.jaxb\\txw2\\2.3.1\\a09d2c48d3285f206fafbffe0e50619284e92126\\txw2-2.3.1.jar;C:\\Users\\Dan\\.gradle\\caches\\modules-2\\files-2.1\\com.sun.istack\\istack-commons-runtime\\3.0.7\\c197c86ceec7318b1284bffb49b54226ca774003\\istack-commons-runtime-3.0.7.jar;C:\\Users\\Dan\\.gradle\\caches\\modules-2\\files-2.1\\org.jvnet.staxex\\stax-ex\\1.8\\8cc35f73da321c29973191f2cf143d29d26a1df7\\stax-ex-1.8.jar;C:\\Users\\Dan\\.gradle\\caches\\modules-2\\files-2.1\\com.sun.xml.fastinfoset\\FastInfoset\\1.2.15\\bb7b7ec0379982b97c62cd17465cb6d9155f68e8\\FastInfoset-1.2.15.jar;C:\\Users\\Dan\\.gradle\\caches\\modules-2\\files-2.1\\ch.qos.logback\\logback-classic\\1.2.3\\7c4f3c474fb2c041d8028740440937705ebb473a\\logback-classic-1.2.3.jar;C:\\Users\\Dan\\.gradle\\caches\\modules-2\\files-2.1\\org.apache.logging.log4j\\log4j-to-slf4j\\2.13.3\\966f6fd1af4959d6b12bfa880121d4a2b164f857\\log4j-to-slf4j-2.13.3.jar;C:\\Users\\Dan\\.gradle\\caches\\modules-2\\files-2.1\\org.slf4j\\jul-to-slf4j\\1.7.30\\d58bebff8cbf70ff52b59208586095f467656c30\\jul-to-slf4j-1.7.30.jar;C:\\Users\\Dan\\.gradle\\caches\\modules-2\\files-2.1\\org.springframework\\spring-jcl\\5.3.4\\ca012eb4e9e57f767aa9d5e51fe9a09b28140808\\spring-jcl-5.3.4.jar;C:\\Users\\Dan\\.gradle\\caches\\modules-2\\files-2.1\\com.fasterxml.jackson.core\\jackson-annotations\\2.11.4\\2c3f5c079330f3a01726686a078979420f547ae4\\jackson-annotations-2.11.4.jar;C:\\Users\\Dan\\.gradle\\caches\\modules-2\\files-2.1\\com.fasterxml.jackson.core\\jackson-core\\2.11.4\\593f7b18bab07a76767f181e2a2336135ce82cc4\\jackson-core-2.11.4.jar;C:\\Users\\Dan\\.gradle\\caches\\modules-2\\files-2.1\\ch.qos.logback\\logback-core\\1.2.3\\864344400c3d4d92dfeb0a305dc87d953677c03c\\logback-core-1.2.3.jar;C:\\Users\\Dan\\.gradle\\caches\\modules-2\\files-2.1\\org.slf4j\\slf4j-api\\1.7.30\\b5a4b6d16ab13e34a88fae84c35cd5d68cac922c\\slf4j-api-1.7.30.jar;C:\\Users\\Dan\\.gradle\\caches\\modules-2\\files-2.1\\org.apache.logging.log4j\\log4j-api\\2.13.3\\ec1508160b93d274b1add34419b897bae84c6ca9\\log4j-api-2.13.3.jar, java.vm.vendor=Oracle Corporation, sun.arch.data.model=64, user.variant=, java.vendor.url=http://java.oracle.com/, user.timezone=Europe/Athens, os.name=Windows 10, java.vm.specification.version=11, user.country=US, sun.java.launcher=SUN_STANDARD, sun.boot.library.path=C:\Program Files\Java\jdk-11.0.6\bin, sun.java.command=worker.org.gradle.process.internal.worker.GradleWorkerMain 'Gradle Test Executor 3', jdk.debug=release, sun.cpu.endian=little, user.home=C:\Users\Dan, user.language=en, java.specification.vendor=Oracle Corporation, org.gradle.native=false, java.version.date=2020-01-14, java.home=C:\Program Files\Java\jdk-11.0.6, file.separator=\, java.vm.compressedOopsMode=32-bit, line.separator=
, java.specification.name=Java Platform API Specification, java.vm.specification.vendor=Oracle Corporation, java.awt.graphicsenv=sun.awt.Win32GraphicsEnvironment, hibernate.hbm2ddl.auto=update, user.script=, sun.management.compiler=HotSpot 64-Bit Tiered Compilers, java.runtime.version=11.0.6+8-LTS, user.name=Dan, path.separator=;, hibernate.connection.username=****, os.version=10.0, hibernate.enable_lazy_load_no_trans=true, java.runtime.name=Java(TM) SE Runtime Environment, hibernate.connection.url=jdbc:sqlite:D:\Facultate\Projects\OrganizareCompanie\database, file.encoding=windows-1250, java.vm.name=Java HotSpot(TM) 64-Bit Server VM, hibernate.show_sql=true, java.vendor.version=18.9, hibernate.current_session_context_class=thread, hibernate.connection.driver_class=org.sqlite.JDBC, java.vendor.url.bug=http://bugreport.java.com/bugreport/, java.io.tmpdir=C:\Users\Dan\AppData\Local\Temp\, java.version=11.0.6, user.dir=D:\Facultate\Projects\OrganizareCompanie, os.arch=amd64, java.vm.specification.name=Java Virtual Machine Specification, java.awt.printerjob=sun.awt.windows.WPrinterJob, hibernate.connection.password=****, sun.os.patch.level=, connection.driver_class=org.sqlite.JDBC, hibernate.boot.CfgXmlAccessService.key=org.hibernate.boot.cfgxml.spi.LoadedConfig@527f7d19, java.library.path=C:\Program Files\Java\jdk-11.0.6\bin;C:\WINDOWS\Sun\Java\bin;C:\WINDOWS\system32;C:\WINDOWS;;C:\Python38\Scripts\;C:\Python38\;D:\Facultate\Scripts\;D:\Facultate\;C:\Users\Dan\Desktop\Facultate 2018-2019\Semestrul I\Fundamentele programarii\Python\Scripts\;C:\Users\Dan\Desktop\Facultate 2018-2019\Semestrul I\Fundamentele programarii\Python\;C:\Users\Dan\Desktop\Facultate 2018-2019\Semestrul I\Fundamentele programarii\Scripts\;C:\Users\Dan\Desktop\Facultate 2018-2019\Semestrul I\Fundamentele programarii\;C:\WINDOWS\system32;C:\WINDOWS;C:\WINDOWS\System32\Wbem;C:\WINDOWS\System32\WindowsPowerShell\v1.0\;C:\WINDOWS\System32\OpenSSH\;D:\Facultate\PuTTY\;C:\Program Files\dotnet\;C:\Program Files\Microsoft SQL Server\Client SDK\ODBC\170\Tools\Binn\;C:\Users\Dan\Proto\bin;D:\Facultate\NodeJS\;C:\ProgramData\chocolatey\bin;C:\Program Files\Git\cmd;C:\Program Files\Java\jdk-10.0.2\bin;C:\Program Files (x86)\GnuWin32\bin;C:\MinGW\bin;C:\Program Files\Java\jdk-11.0.6\bin;C:\WINDOWS\system32;C:\WINDOWS;C:\WINDOWS\System32\Wbem;C:\WINDOWS\System32\WindowsPowerShell\v1.0\;C:\WINDOWS\System32\OpenSSH\;C:\Program Files\Intel\WiFi\bin\;C:\Program Files\Common Files\Intel\WirelessCommon\;D:\Facultate\Python\Scripts\;D:\Facultate\Python\;C:\Users\Dan\AppData\Local\Microsoft\WindowsApps;C:\Users\Dan\AppData\Local\GitHubDesktop\bin;C:\Users\Dan\AppData\Roaming\npm;D:\Facultate\Microsoft VS Code\bin;C:\Users\Dan\AppData\Local\Microsoft\WindowsApps;C:\Users\Dan\Documents\driver;;., java.vendor=Oracle Corporation, java.vm.info=mixed mode, java.vm.version=11.0.6+8-LTS, hibernate.bytecode.use_reflection_optimizer=false, sun.io.unicode.encoding=UnicodeLittle, hibernate.connection.pool_size=1, connection.url=jdbc:sqlite:D:\Facultate\Projects\OrganizareCompanie\database, java.class.version=55.0}
21:23:00.429 [Test worker] DEBUG org.hibernate.secure.spi.JaccIntegrator - Skipping JACC integration as it was not enabled
21:23:00.429 [Test worker] DEBUG org.hibernate.internal.SessionFactoryImpl - Instantiated session factory
21:23:00.429 [Test worker] DEBUG org.hibernate.type.spi.TypeConfiguration$Scope - Scoping TypeConfiguration [org.hibernate.type.spi.TypeConfiguration@3baffef8] to SessionFactoryImpl [org.hibernate.internal.SessionFactoryImpl@38b21ff0]
21:23:00.429 [Test worker] DEBUG org.hibernate.boot.internal.ClassLoaderAccessImpl - Not known whether passed class name [domain.Functie] is safe
21:23:00.429 [Test worker] DEBUG org.hibernate.boot.internal.ClassLoaderAccessImpl - No temp ClassLoader provided; using live ClassLoader for loading potentially unsafe class : domain.Functie
21:23:00.444 [Test worker] DEBUG org.hibernate.boot.internal.ClassLoaderAccessImpl - Not known whether passed class name [domain.Departament] is safe
21:23:00.444 [Test worker] DEBUG org.hibernate.boot.internal.ClassLoaderAccessImpl - No temp ClassLoader provided; using live ClassLoader for loading potentially unsafe class : domain.Departament
21:23:00.444 [Test worker] DEBUG org.hibernate.boot.internal.ClassLoaderAccessImpl - Not known whether passed class name [domain.Angajat] is safe
21:23:00.444 [Test worker] DEBUG org.hibernate.boot.internal.ClassLoaderAccessImpl - No temp ClassLoader provided; using live ClassLoader for loading potentially unsafe class : domain.Angajat
21:23:00.444 [Test worker] DEBUG org.hibernate.boot.internal.ClassLoaderAccessImpl - Not known whether passed class name [domain.Proiect] is safe
21:23:00.444 [Test worker] DEBUG org.hibernate.boot.internal.ClassLoaderAccessImpl - No temp ClassLoader provided; using live ClassLoader for loading potentially unsafe class : domain.Proiect
21:23:00.444 [Test worker] DEBUG org.hibernate.boot.internal.ClassLoaderAccessImpl - Not known whether passed class name [domain.Concediu] is safe
21:23:00.444 [Test worker] DEBUG org.hibernate.boot.internal.ClassLoaderAccessImpl - No temp ClassLoader provided; using live ClassLoader for loading potentially unsafe class : domain.Concediu
21:23:00.444 [Test worker] DEBUG org.hibernate.persister.collection.AbstractCollectionPersister - Static SQL for collection: domain.Angajat.proiecte
21:23:00.444 [Test worker] DEBUG org.hibernate.persister.collection.AbstractCollectionPersister -  Row insert: insert into angajati_proiecte (id_angajat, id_proiect) values (?, ?)
21:23:00.444 [Test worker] DEBUG org.hibernate.persister.collection.AbstractCollectionPersister -  Row update: update angajati_proiecte set id_proiect=? where id_angajat=? and id_proiect=?
21:23:00.444 [Test worker] DEBUG org.hibernate.persister.collection.AbstractCollectionPersister -  Row delete: delete from angajati_proiecte where id_angajat=? and id_proiect=?
21:23:00.444 [Test worker] DEBUG org.hibernate.persister.collection.AbstractCollectionPersister -  One-shot delete: delete from angajati_proiecte where id_angajat=?
21:23:00.444 [Test worker] DEBUG org.hibernate.persister.collection.AbstractCollectionPersister - Static SQL for collection: domain.Angajat.concedii
21:23:00.444 [Test worker] DEBUG org.hibernate.persister.collection.AbstractCollectionPersister -  Row insert: update concedii set id_angajat=? where id=?
21:23:00.444 [Test worker] DEBUG org.hibernate.persister.collection.AbstractCollectionPersister -  Row update: update concedii set  where id=?
21:23:00.444 [Test worker] DEBUG org.hibernate.persister.collection.AbstractCollectionPersister -  Row delete: update concedii set id_angajat=null where id_angajat=? and id=?
21:23:00.444 [Test worker] DEBUG org.hibernate.persister.collection.AbstractCollectionPersister -  One-shot delete: update concedii set id_angajat=null where id_angajat=?
21:23:00.444 [Test worker] DEBUG org.hibernate.persister.collection.AbstractCollectionPersister - Static SQL for collection: domain.Angajat.departamente
21:23:00.444 [Test worker] DEBUG org.hibernate.persister.collection.AbstractCollectionPersister -  Row insert: insert into angajati_departamente (id_angajat, id_departament) values (?, ?)
21:23:00.444 [Test worker] DEBUG org.hibernate.persister.collection.AbstractCollectionPersister -  Row update: update angajati_departamente set id_departament=? where id_angajat=? and id_departament=?
21:23:00.444 [Test worker] DEBUG org.hibernate.persister.collection.AbstractCollectionPersister -  Row delete: delete from angajati_departamente where id_angajat=? and id_departament=?
21:23:00.444 [Test worker] DEBUG org.hibernate.persister.collection.AbstractCollectionPersister -  One-shot delete: delete from angajati_departamente where id_angajat=?
21:23:00.444 [Test worker] DEBUG org.hibernate.persister.entity.AbstractEntityPersister - Static SQL for entity: domain.Functie
21:23:00.444 [Test worker] DEBUG org.hibernate.persister.entity.AbstractEntityPersister -  Version select: select id from functii where id =?
21:23:00.444 [Test worker] DEBUG org.hibernate.persister.entity.AbstractEntityPersister -  Snapshot select: select functie_.id, functie_.salar_de_baza as salar_de2_5_ from functii functie_ where functie_.id=?
21:23:00.444 [Test worker] DEBUG org.hibernate.persister.entity.AbstractEntityPersister -  Insert 0: insert into functii (salar_de_baza, id) values (?, ?)
21:23:00.444 [Test worker] DEBUG org.hibernate.persister.entity.AbstractEntityPersister -  Update 0: update functii set salar_de_baza=? where id=?
21:23:00.444 [Test worker] DEBUG org.hibernate.persister.entity.AbstractEntityPersister -  Delete 0: delete from functii where id=?
21:23:00.444 [Test worker] DEBUG org.hibernate.persister.entity.AbstractEntityPersister -  Identity insert: insert into functii (salar_de_baza) values (?)
21:23:00.444 [Test worker] DEBUG org.hibernate.loader.plan.build.internal.spaces.QuerySpacesImpl - Adding QuerySpace : uid = <gen:0> -> org.hibernate.loader.plan.build.internal.spaces.EntityQuerySpaceImpl@6e0e22f]
21:23:00.444 [Test worker] DEBUG org.hibernate.persister.walking.spi.MetamodelGraphWalker - Visiting attribute path : salarDeBaza
21:23:00.444 [Test worker] DEBUG org.hibernate.loader.plan.build.internal.FetchStyleLoadPlanBuildingAssociationVisitationStrategy - Building LoadPlan...
21:23:00.444 [Test worker] DEBUG org.hibernate.loader.plan.exec.internal.LoadQueryJoinAndFetchProcessor - processing queryspace <gen:0>
21:23:00.444 [Test worker] DEBUG org.hibernate.loader.plan.build.spi.LoadPlanTreePrinter - LoadPlan(entity=domain.Functie)
    - Returns
       - EntityReturnImpl(entity=domain.Functie, querySpaceUid=<gen:0>, path=domain.Functie)
    - QuerySpaces
       - EntityQuerySpaceImpl(uid=<gen:0>, entity=domain.Functie)
          - SQL table alias mapping - functie0_
          - alias suffix - 0_
          - suffixed key columns - {id1_5_0_}

21:23:00.444 [Test worker] DEBUG org.hibernate.loader.entity.plan.EntityLoader - Static select for entity domain.Functie [NONE]: select functie0_.id as id1_5_0_, functie0_.salar_de_baza as salar_de2_5_0_ from functii functie0_ where functie0_.id=?
21:23:00.444 [Test worker] DEBUG org.hibernate.persister.entity.AbstractEntityPersister - Static SQL for entity: domain.Departament
21:23:00.444 [Test worker] DEBUG org.hibernate.persister.entity.AbstractEntityPersister -  Version select: select id from departamente where id =?
21:23:00.444 [Test worker] DEBUG org.hibernate.persister.entity.AbstractEntityPersister -  Snapshot select: select departamen_.id, departamen_.id_director as id_direc2_4_ from departamente departamen_ where departamen_.id=?
21:23:00.444 [Test worker] DEBUG org.hibernate.persister.entity.AbstractEntityPersister -  Insert 0: insert into departamente (id_director, id) values (?, ?)
21:23:00.444 [Test worker] DEBUG org.hibernate.persister.entity.AbstractEntityPersister -  Update 0: update departamente set id_director=? where id=?
21:23:00.444 [Test worker] DEBUG org.hibernate.persister.entity.AbstractEntityPersister -  Delete 0: delete from departamente where id=?
21:23:00.444 [Test worker] DEBUG org.hibernate.persister.entity.AbstractEntityPersister -  Identity insert: insert into departamente (id_director) values (?)
21:23:00.444 [Test worker] DEBUG org.hibernate.loader.plan.build.internal.spaces.QuerySpacesImpl - Adding QuerySpace : uid = <gen:0> -> org.hibernate.loader.plan.build.internal.spaces.EntityQuerySpaceImpl@47cd10cc]
21:23:00.444 [Test worker] DEBUG org.hibernate.persister.walking.spi.MetamodelGraphWalker - Visiting attribute path : idDirector
21:23:00.444 [Test worker] DEBUG org.hibernate.loader.plan.build.internal.FetchStyleLoadPlanBuildingAssociationVisitationStrategy - Building LoadPlan...
21:23:00.444 [Test worker] DEBUG org.hibernate.loader.plan.exec.internal.LoadQueryJoinAndFetchProcessor - processing queryspace <gen:0>
21:23:00.444 [Test worker] DEBUG org.hibernate.loader.plan.build.spi.LoadPlanTreePrinter - LoadPlan(entity=domain.Departament)
    - Returns
       - EntityReturnImpl(entity=domain.Departament, querySpaceUid=<gen:0>, path=domain.Departament)
    - QuerySpaces
       - EntityQuerySpaceImpl(uid=<gen:0>, entity=domain.Departament)
          - SQL table alias mapping - departamen0_
          - alias suffix - 0_
          - suffixed key columns - {id1_4_0_}

21:23:00.444 [Test worker] DEBUG org.hibernate.loader.entity.plan.EntityLoader - Static select for entity domain.Departament [NONE]: select departamen0_.id as id1_4_0_, departamen0_.id_director as id_direc2_4_0_ from departamente departamen0_ where departamen0_.id=?
21:23:00.444 [Test worker] DEBUG org.hibernate.persister.entity.AbstractEntityPersister - Static SQL for entity: domain.Angajat
21:23:00.444 [Test worker] DEBUG org.hibernate.persister.entity.AbstractEntityPersister -  Version select: select id from angajati where id =?
21:23:00.444 [Test worker] DEBUG org.hibernate.persister.entity.AbstractEntityPersister -  Snapshot select: select angajat_.id, angajat_.data_angajare as data_ang2_0_, angajat_.functie_id as functie_4_0_, angajat_.id_superior as id_super3_0_ from angajati angajat_ where angajat_.id=?
21:23:00.444 [Test worker] DEBUG org.hibernate.persister.entity.AbstractEntityPersister -  Insert 0: insert into angajati (data_angajare, functie_id, id_superior, id) values (?, ?, ?, ?)
21:23:00.444 [Test worker] DEBUG org.hibernate.persister.entity.AbstractEntityPersister -  Update 0: update angajati set data_angajare=?, functie_id=?, id_superior=? where id=?
21:23:00.444 [Test worker] DEBUG org.hibernate.persister.entity.AbstractEntityPersister -  Delete 0: delete from angajati where id=?
21:23:00.444 [Test worker] DEBUG org.hibernate.persister.entity.AbstractEntityPersister -  Identity insert: insert into angajati (data_angajare, functie_id, id_superior) values (?, ?, ?)
21:23:00.444 [Test worker] DEBUG org.hibernate.loader.plan.build.internal.spaces.QuerySpacesImpl - Adding QuerySpace : uid = <gen:0> -> org.hibernate.loader.plan.build.internal.spaces.EntityQuerySpaceImpl@6e561efb]
21:23:00.444 [Test worker] DEBUG org.hibernate.persister.walking.spi.MetamodelGraphWalker - Visiting attribute path : concedii
21:23:00.444 [Test worker] DEBUG org.hibernate.loader.plan.build.internal.spaces.QuerySpacesImpl - Adding QuerySpace : uid = <gen:1> -> org.hibernate.loader.plan.build.internal.spaces.CollectionQuerySpaceImpl@b5dcc79]
21:23:00.444 [Test worker] DEBUG org.hibernate.loader.plan.build.internal.spaces.QuerySpacesImpl - Adding QuerySpace : uid = <gen:2> -> org.hibernate.loader.plan.build.internal.spaces.EntityQuerySpaceImpl@57e28680]
21:23:00.444 [Test worker] DEBUG org.hibernate.persister.walking.spi.MetamodelGraphWalker - Visiting attribute path : dataAngajare
21:23:00.444 [Test worker] DEBUG org.hibernate.persister.walking.spi.MetamodelGraphWalker - Visiting attribute path : departamente
21:23:00.444 [Test worker] DEBUG org.hibernate.loader.plan.build.internal.spaces.QuerySpacesImpl - Adding QuerySpace : uid = <gen:3> -> org.hibernate.loader.plan.build.internal.spaces.CollectionQuerySpaceImpl@99deb41]
21:23:00.444 [Test worker] DEBUG org.hibernate.loader.plan.build.internal.spaces.QuerySpacesImpl - Adding QuerySpace : uid = <gen:4> -> org.hibernate.loader.plan.build.internal.spaces.EntityQuerySpaceImpl@62d52ac3]
21:23:00.444 [Test worker] DEBUG org.hibernate.persister.walking.spi.MetamodelGraphWalker - Visiting attribute path : functie
21:23:00.444 [Test worker] DEBUG org.hibernate.loader.plan.build.internal.spaces.QuerySpacesImpl - Adding QuerySpace : uid = <gen:5> -> org.hibernate.loader.plan.build.internal.spaces.EntityQuerySpaceImpl@78e0ce4]
21:23:00.444 [Test worker] DEBUG org.hibernate.persister.walking.spi.MetamodelGraphWalker - Visiting attribute path : functie.salarDeBaza
21:23:00.444 [Test worker] DEBUG org.hibernate.persister.walking.spi.MetamodelGraphWalker - Visiting attribute path : idSuperior
21:23:00.444 [Test worker] DEBUG org.hibernate.persister.walking.spi.MetamodelGraphWalker - Visiting attribute path : proiecte
21:23:00.444 [Test worker] DEBUG org.hibernate.loader.plan.build.internal.spaces.QuerySpacesImpl - Adding QuerySpace : uid = <gen:6> -> org.hibernate.loader.plan.build.internal.spaces.CollectionQuerySpaceImpl@22ba7032]
21:23:00.444 [Test worker] DEBUG org.hibernate.loader.plan.build.internal.spaces.QuerySpacesImpl - Adding QuerySpace : uid = <gen:7> -> org.hibernate.loader.plan.build.internal.spaces.EntityQuerySpaceImpl@6972d594]
21:23:00.444 [Test worker] DEBUG org.hibernate.loader.plan.build.internal.FetchStyleLoadPlanBuildingAssociationVisitationStrategy - Building LoadPlan...
21:23:00.444 [Test worker] DEBUG org.hibernate.loader.plan.exec.internal.LoadQueryJoinAndFetchProcessor - processing queryspace <gen:0>
21:23:00.444 [Test worker] DEBUG org.hibernate.loader.plan.build.spi.LoadPlanTreePrinter - LoadPlan(entity=domain.Angajat)
    - Returns
       - EntityReturnImpl(entity=domain.Angajat, querySpaceUid=<gen:0>, path=domain.Angajat)
          - CollectionAttributeFetchImpl(collection=domain.Angajat.concedii, querySpaceUid=<gen:1>, path=domain.Angajat.concedii)
             - (collection element) CollectionFetchableElementEntityGraph(entity=domain.Concediu, querySpaceUid=<gen:2>, path=domain.Angajat.concedii.<elements>)
          - CollectionAttributeFetchImpl(collection=domain.Angajat.departamente, querySpaceUid=<gen:3>, path=domain.Angajat.departamente)
             - (collection element) CollectionFetchableElementEntityGraph(entity=domain.Departament, querySpaceUid=<gen:4>, path=domain.Angajat.departamente.<elements>)
          - EntityAttributeFetchImpl(entity=domain.Functie, querySpaceUid=<gen:5>, path=domain.Angajat.functie)
          - CollectionAttributeFetchImpl(collection=domain.Angajat.proiecte, querySpaceUid=<gen:6>, path=domain.Angajat.proiecte)
             - (collection element) CollectionFetchableElementEntityGraph(entity=domain.Proiect, querySpaceUid=<gen:7>, path=domain.Angajat.proiecte.<elements>)
    - QuerySpaces
       - EntityQuerySpaceImpl(uid=<gen:0>, entity=domain.Angajat)
          - SQL table alias mapping - angajat0_
          - alias suffix - 0_
          - suffixed key columns - {id1_0_0_}
          - JOIN (JoinDefinedByMetadata(functie)) : <gen:0> -> <gen:5>
             - EntityQuerySpaceImpl(uid=<gen:5>, entity=domain.Functie)
                - SQL table alias mapping - functie1_
                - alias suffix - 1_
                - suffixed key columns - {id1_5_1_}

21:23:00.444 [Test worker] DEBUG org.hibernate.loader.entity.plan.EntityLoader - Static select for entity domain.Angajat [NONE]: select angajat0_.id as id1_0_0_, angajat0_.data_angajare as data_ang2_0_0_, angajat0_.functie_id as functie_4_0_0_, angajat0_.id_superior as id_super3_0_0_, functie1_.id as id1_5_1_, functie1_.salar_de_baza as salar_de2_5_1_ from angajati angajat0_ left outer join functii functie1_ on angajat0_.functie_id=functie1_.id where angajat0_.id=?
21:23:00.444 [Test worker] DEBUG org.hibernate.persister.entity.AbstractEntityPersister - Static SQL for entity: domain.Proiect
21:23:00.444 [Test worker] DEBUG org.hibernate.persister.entity.AbstractEntityPersister -  Version select: select id from proiecte where id =?
21:23:00.444 [Test worker] DEBUG org.hibernate.persister.entity.AbstractEntityPersister -  Snapshot select: select proiect_.id, proiect_.data_inceput as data_inc2_6_, proiect_.deadline as deadline3_6_ from proiecte proiect_ where proiect_.id=?
21:23:00.444 [Test worker] DEBUG org.hibernate.persister.entity.AbstractEntityPersister -  Insert 0: insert into proiecte (data_inceput, deadline, id) values (?, ?, ?)
21:23:00.444 [Test worker] DEBUG org.hibernate.persister.entity.AbstractEntityPersister -  Update 0: update proiecte set data_inceput=?, deadline=? where id=?
21:23:00.444 [Test worker] DEBUG org.hibernate.persister.entity.AbstractEntityPersister -  Delete 0: delete from proiecte where id=?
21:23:00.444 [Test worker] DEBUG org.hibernate.persister.entity.AbstractEntityPersister -  Identity insert: insert into proiecte (data_inceput, deadline) values (?, ?)
21:23:00.444 [Test worker] DEBUG org.hibernate.loader.plan.build.internal.spaces.QuerySpacesImpl - Adding QuerySpace : uid = <gen:0> -> org.hibernate.loader.plan.build.internal.spaces.EntityQuerySpaceImpl@1e6c0d72]
21:23:00.444 [Test worker] DEBUG org.hibernate.persister.walking.spi.MetamodelGraphWalker - Visiting attribute path : dataInceput
21:23:00.444 [Test worker] DEBUG org.hibernate.persister.walking.spi.MetamodelGraphWalker - Visiting attribute path : deadline
21:23:00.444 [Test worker] DEBUG org.hibernate.loader.plan.build.internal.FetchStyleLoadPlanBuildingAssociationVisitationStrategy - Building LoadPlan...
21:23:00.444 [Test worker] DEBUG org.hibernate.loader.plan.exec.internal.LoadQueryJoinAndFetchProcessor - processing queryspace <gen:0>
21:23:00.444 [Test worker] DEBUG org.hibernate.loader.plan.build.spi.LoadPlanTreePrinter - LoadPlan(entity=domain.Proiect)
    - Returns
       - EntityReturnImpl(entity=domain.Proiect, querySpaceUid=<gen:0>, path=domain.Proiect)
    - QuerySpaces
       - EntityQuerySpaceImpl(uid=<gen:0>, entity=domain.Proiect)
          - SQL table alias mapping - proiect0_
          - alias suffix - 0_
          - suffixed key columns - {id1_6_0_}

21:23:00.444 [Test worker] DEBUG org.hibernate.loader.entity.plan.EntityLoader - Static select for entity domain.Proiect [NONE]: select proiect0_.id as id1_6_0_, proiect0_.data_inceput as data_inc2_6_0_, proiect0_.deadline as deadline3_6_0_ from proiecte proiect0_ where proiect0_.id=?
21:23:00.444 [Test worker] DEBUG org.hibernate.persister.entity.AbstractEntityPersister - Static SQL for entity: domain.Concediu
21:23:00.444 [Test worker] DEBUG org.hibernate.persister.entity.AbstractEntityPersister -  Version select: select id from concedii where id =?
21:23:00.444 [Test worker] DEBUG org.hibernate.persister.entity.AbstractEntityPersister -  Snapshot select: select concediu_.id, concediu_.id_angajat as id_angaj4_3_, concediu_.data_inceput as data_inc2_3_, concediu_.data_sfarsit as data_sfa3_3_ from concedii concediu_ where concediu_.id=?
21:23:00.444 [Test worker] DEBUG org.hibernate.persister.entity.AbstractEntityPersister -  Insert 0: insert into concedii (id_angajat, data_inceput, data_sfarsit, id) values (?, ?, ?, ?)
21:23:00.444 [Test worker] DEBUG org.hibernate.persister.entity.AbstractEntityPersister -  Update 0: update concedii set id_angajat=?, data_inceput=?, data_sfarsit=? where id=?
21:23:00.444 [Test worker] DEBUG org.hibernate.persister.entity.AbstractEntityPersister -  Delete 0: delete from concedii where id=?
21:23:00.444 [Test worker] DEBUG org.hibernate.persister.entity.AbstractEntityPersister -  Identity insert: insert into concedii (id_angajat, data_inceput, data_sfarsit) values (?, ?, ?)
21:23:00.444 [Test worker] DEBUG org.hibernate.loader.plan.build.internal.spaces.QuerySpacesImpl - Adding QuerySpace : uid = <gen:0> -> org.hibernate.loader.plan.build.internal.spaces.EntityQuerySpaceImpl@71437aab]
21:23:00.444 [Test worker] DEBUG org.hibernate.persister.walking.spi.MetamodelGraphWalker - Visiting attribute path : angajat
21:23:00.444 [Test worker] DEBUG org.hibernate.loader.plan.build.internal.spaces.QuerySpacesImpl - Adding QuerySpace : uid = <gen:1> -> org.hibernate.loader.plan.build.internal.spaces.EntityQuerySpaceImpl@709b4451]
21:23:00.444 [Test worker] DEBUG org.hibernate.persister.walking.spi.MetamodelGraphWalker - Visiting attribute path : dataInceput
21:23:00.444 [Test worker] DEBUG org.hibernate.persister.walking.spi.MetamodelGraphWalker - Visiting attribute path : dataSfarsit
21:23:00.444 [Test worker] DEBUG org.hibernate.loader.plan.build.internal.FetchStyleLoadPlanBuildingAssociationVisitationStrategy - Building LoadPlan...
21:23:00.444 [Test worker] DEBUG org.hibernate.loader.plan.exec.internal.LoadQueryJoinAndFetchProcessor - processing queryspace <gen:0>
21:23:00.444 [Test worker] DEBUG org.hibernate.loader.plan.build.spi.LoadPlanTreePrinter - LoadPlan(entity=domain.Concediu)
    - Returns
       - EntityReturnImpl(entity=domain.Concediu, querySpaceUid=<gen:0>, path=domain.Concediu)
          - EntityAttributeFetchImpl(entity=domain.Angajat, querySpaceUid=<gen:1>, path=domain.Concediu.angajat)
    - QuerySpaces
       - EntityQuerySpaceImpl(uid=<gen:0>, entity=domain.Concediu)
          - SQL table alias mapping - concediu0_
          - alias suffix - 0_
          - suffixed key columns - {id1_3_0_}

21:23:00.444 [Test worker] DEBUG org.hibernate.loader.entity.plan.EntityLoader - Static select for entity domain.Concediu [NONE]: select concediu0_.id as id1_3_0_, concediu0_.id_angajat as id_angaj4_3_0_, concediu0_.data_inceput as data_inc2_3_0_, concediu0_.data_sfarsit as data_sfa3_3_0_ from concedii concediu0_ where concediu0_.id=?
21:23:00.444 [Test worker] DEBUG org.hibernate.loader.plan.build.internal.spaces.QuerySpacesImpl - Adding QuerySpace : uid = <gen:0> -> org.hibernate.loader.plan.build.internal.spaces.CollectionQuerySpaceImpl@3dd4295b]
21:23:00.444 [Test worker] DEBUG org.hibernate.loader.plan.build.internal.spaces.QuerySpacesImpl - Adding QuerySpace : uid = <gen:1> -> org.hibernate.loader.plan.build.internal.spaces.EntityQuerySpaceImpl@57289a68]
21:23:00.460 [Test worker] DEBUG org.hibernate.persister.walking.spi.MetamodelGraphWalker - Visiting attribute path : dataInceput
21:23:00.460 [Test worker] DEBUG org.hibernate.persister.walking.spi.MetamodelGraphWalker - Visiting attribute path : deadline
21:23:00.460 [Test worker] DEBUG org.hibernate.loader.plan.build.internal.FetchStyleLoadPlanBuildingAssociationVisitationStrategy - Building LoadPlan...
21:23:00.460 [Test worker] DEBUG org.hibernate.loader.plan.exec.internal.LoadQueryJoinAndFetchProcessor - processing queryspace <gen:0>
21:23:00.460 [Test worker] DEBUG org.hibernate.loader.plan.build.spi.LoadPlanTreePrinter - LoadPlan(collection=domain.Angajat.proiecte)
    - Returns
       - CollectionReturnImpl(collection=domain.Angajat.proiecte, querySpaceUid=<gen:0>, path=[domain.Angajat.proiecte])
          - (collection element) CollectionFetchableElementEntityGraph(entity=domain.Proiect, querySpaceUid=<gen:1>, path=[domain.Angajat.proiecte].<elements>)
    - QuerySpaces
       - CollectionQuerySpaceImpl(uid=<gen:0>, collection=domain.Angajat.proiecte)
          - SQL table alias mapping - proiecte0_
          - alias suffix - 0_
          - suffixed key columns - {id_angaj1_2_0_}
          - entity-element alias suffix - 1_
          - 1_entity-element suffixed key columns - id1_6_1_
          - JOIN (JoinDefinedByMetadata(elements)) : <gen:0> -> <gen:1>
             - EntityQuerySpaceImpl(uid=<gen:1>, entity=domain.Proiect)
                - SQL table alias mapping - proiect1_
                - alias suffix - 1_
                - suffixed key columns - {id1_6_1_}

21:23:00.460 [Test worker] DEBUG org.hibernate.loader.collection.plan.CollectionLoader - Static select for collection domain.Angajat.proiecte: select proiecte0_.id_angajat as id_angaj1_2_0_, proiecte0_.id_proiect as id_proie2_2_0_, proiect1_.id as id1_6_1_, proiect1_.data_inceput as data_inc2_6_1_, proiect1_.deadline as deadline3_6_1_ from angajati_proiecte proiecte0_ inner join proiecte proiect1_ on proiecte0_.id_proiect=proiect1_.id where proiecte0_.id_angajat=?
21:23:00.460 [Test worker] DEBUG org.hibernate.loader.plan.build.internal.spaces.QuerySpacesImpl - Adding QuerySpace : uid = <gen:0> -> org.hibernate.loader.plan.build.internal.spaces.CollectionQuerySpaceImpl@79384955]
21:23:00.460 [Test worker] DEBUG org.hibernate.loader.plan.build.internal.spaces.QuerySpacesImpl - Adding QuerySpace : uid = <gen:1> -> org.hibernate.loader.plan.build.internal.spaces.EntityQuerySpaceImpl@6ad067c0]
21:23:00.460 [Test worker] DEBUG org.hibernate.persister.walking.spi.MetamodelGraphWalker - Visiting attribute path : angajat
21:23:00.460 [Test worker] DEBUG org.hibernate.persister.walking.spi.MetamodelGraphWalker - Property path deemed to be circular : angajat
21:23:00.460 [Test worker] DEBUG org.hibernate.persister.walking.spi.MetamodelGraphWalker - Visiting attribute path : dataInceput
21:23:00.460 [Test worker] DEBUG org.hibernate.persister.walking.spi.MetamodelGraphWalker - Visiting attribute path : dataSfarsit
21:23:00.460 [Test worker] DEBUG org.hibernate.loader.plan.build.internal.FetchStyleLoadPlanBuildingAssociationVisitationStrategy - Building LoadPlan...
21:23:00.460 [Test worker] DEBUG org.hibernate.loader.plan.exec.internal.LoadQueryJoinAndFetchProcessor - processing queryspace <gen:0>
21:23:00.460 [Test worker] DEBUG org.hibernate.loader.plan.build.spi.LoadPlanTreePrinter - LoadPlan(collection=domain.Angajat.concedii)
    - Returns
       - CollectionReturnImpl(collection=domain.Angajat.concedii, querySpaceUid=<gen:0>, path=[domain.Angajat.concedii])
          - (collection element) CollectionFetchableElementEntityGraph(entity=domain.Concediu, querySpaceUid=<gen:1>, path=[domain.Angajat.concedii].<elements>)
    - QuerySpaces
       - CollectionQuerySpaceImpl(uid=<gen:0>, collection=domain.Angajat.concedii)
          - SQL table alias mapping - concedii0_
          - alias suffix - 0_
          - suffixed key columns - {id_angaj4_3_0_}
          - entity-element alias suffix - 1_
          - 1_entity-element suffixed key columns - id1_3_1_
          - JOIN (JoinDefinedByMetadata(elements)) : <gen:0> -> <gen:1>
             - EntityQuerySpaceImpl(uid=<gen:1>, entity=domain.Concediu)
                - SQL table alias mapping - concedii0_
                - alias suffix - 1_
                - suffixed key columns - {id1_3_1_}

21:23:00.460 [Test worker] DEBUG org.hibernate.loader.collection.plan.CollectionLoader - Static select for collection domain.Angajat.concedii: select concedii0_.id_angajat as id_angaj4_3_0_, concedii0_.id as id1_3_0_, concedii0_.id as id1_3_1_, concedii0_.id_angajat as id_angaj4_3_1_, concedii0_.data_inceput as data_inc2_3_1_, concedii0_.data_sfarsit as data_sfa3_3_1_ from concedii concedii0_ where concedii0_.id_angajat=?
21:23:00.460 [Test worker] DEBUG org.hibernate.loader.plan.build.internal.spaces.QuerySpacesImpl - Adding QuerySpace : uid = <gen:0> -> org.hibernate.loader.plan.build.internal.spaces.CollectionQuerySpaceImpl@60d8b371]
21:23:00.460 [Test worker] DEBUG org.hibernate.loader.plan.build.internal.spaces.QuerySpacesImpl - Adding QuerySpace : uid = <gen:1> -> org.hibernate.loader.plan.build.internal.spaces.EntityQuerySpaceImpl@9df26cd]
21:23:00.460 [Test worker] DEBUG org.hibernate.persister.walking.spi.MetamodelGraphWalker - Visiting attribute path : idDirector
21:23:00.460 [Test worker] DEBUG org.hibernate.loader.plan.build.internal.FetchStyleLoadPlanBuildingAssociationVisitationStrategy - Building LoadPlan...
21:23:00.460 [Test worker] DEBUG org.hibernate.loader.plan.exec.internal.LoadQueryJoinAndFetchProcessor - processing queryspace <gen:0>
21:23:00.460 [Test worker] DEBUG org.hibernate.loader.plan.build.spi.LoadPlanTreePrinter - LoadPlan(collection=domain.Angajat.departamente)
    - Returns
       - CollectionReturnImpl(collection=domain.Angajat.departamente, querySpaceUid=<gen:0>, path=[domain.Angajat.departamente])
          - (collection element) CollectionFetchableElementEntityGraph(entity=domain.Departament, querySpaceUid=<gen:1>, path=[domain.Angajat.departamente].<elements>)
    - QuerySpaces
       - CollectionQuerySpaceImpl(uid=<gen:0>, collection=domain.Angajat.departamente)
          - SQL table alias mapping - departamen0_
          - alias suffix - 0_
          - suffixed key columns - {id_angaj1_1_0_}
          - entity-element alias suffix - 1_
          - 1_entity-element suffixed key columns - id1_4_1_
          - JOIN (JoinDefinedByMetadata(elements)) : <gen:0> -> <gen:1>
             - EntityQuerySpaceImpl(uid=<gen:1>, entity=domain.Departament)
                - SQL table alias mapping - departamen1_
                - alias suffix - 1_
                - suffixed key columns - {id1_4_1_}

21:23:00.460 [Test worker] DEBUG org.hibernate.loader.collection.plan.CollectionLoader - Static select for collection domain.Angajat.departamente: select departamen0_.id_angajat as id_angaj1_1_0_, departamen0_.id_departament as id_depar2_1_0_, departamen1_.id as id1_4_1_, departamen1_.id_director as id_direc2_4_1_ from angajati_departamente departamen0_ inner join departamente departamen1_ on departamen0_.id_departament=departamen1_.id where departamen0_.id_angajat=?
21:23:00.460 [Test worker] INFO org.hibernate.orm.connections.access - HHH10001501: Connection obtained from JdbcConnectionAccess [org.hibernate.engine.jdbc.env.internal.JdbcEnvironmentInitiator$ConnectionProviderJdbcConnectionAccess@15fe0d53] for (non-JTA) DDL execution was not in auto-commit mode; the Connection 'local transaction' will be committed and the Connection will be set into auto-commit mode.
21:23:00.460 [Test worker] DEBUG org.hibernate.mapping.Table - No alter strings for table : angajati
21:23:00.460 [Test worker] DEBUG org.hibernate.mapping.Table - No alter strings for table : angajati_departamente
21:23:00.460 [Test worker] DEBUG org.hibernate.mapping.Table - No alter strings for table : angajati_proiecte
21:23:00.460 [Test worker] DEBUG org.hibernate.mapping.Table - No alter strings for table : concedii
21:23:00.460 [Test worker] DEBUG org.hibernate.mapping.Table - No alter strings for table : departamente
21:23:00.460 [Test worker] DEBUG org.hibernate.mapping.Table - No alter strings for table : functii
21:23:00.460 [Test worker] DEBUG org.hibernate.mapping.Table - No alter strings for table : proiecte
21:23:00.460 [Test worker] DEBUG org.hibernate.query.spi.NamedQueryRepository - Checking 0 named HQL queries
21:23:00.460 [Test worker] DEBUG org.hibernate.query.spi.NamedQueryRepository - Checking 0 named SQL queries
21:23:00.460 [Test worker] DEBUG org.hibernate.internal.SessionFactoryRegistry - Registering SessionFactory: 6b7b1fc4-43c0-4f93-bbb2-63053fe2ff49 (<unnamed>)
21:23:00.460 [Test worker] DEBUG org.hibernate.internal.SessionFactoryRegistry - Not binding SessionFactory to JNDI, no JNDI name configured
21:23:00.460 [Test worker] DEBUG org.hibernate.integrator.internal.IntegratorServiceImpl - Adding Integrator [org.hibernate.cfg.beanvalidation.BeanValidationIntegrator].
21:23:00.460 [Test worker] DEBUG org.hibernate.integrator.internal.IntegratorServiceImpl - Adding Integrator [org.hibernate.secure.spi.JaccIntegrator].
21:23:00.460 [Test worker] DEBUG org.hibernate.integrator.internal.IntegratorServiceImpl - Adding Integrator [org.hibernate.cache.internal.CollectionCacheInvalidator].
21:23:00.460 [Test worker] DEBUG org.hibernate.boot.jaxb.internal.stax.LocalXmlResourceResolver - Interpreting public/system identifier : [-//Hibernate/Hibernate Configuration DTD 3.0//EN] - [http://hibernate.org/dtd/hibernate-configuration-3.0.dtd]
21:23:00.491 [Test worker] DEBUG org.hibernate.boot.cfgxml.internal.JaxbCfgProcessor - cfg.xml document did not define namespaces; wrapping in custom event reader to introduce namespace information
21:23:00.507 [Test worker] DEBUG org.hibernate.service.spi.ServiceBinding - Overriding existing service binding [org.hibernate.secure.spi.JaccService]
21:23:00.507 [Test worker] DEBUG org.hibernate.cache.internal.RegionFactoryInitiator - Cannot default RegionFactory based on registered strategies as `[]` RegionFactory strategies were registered
21:23:00.507 [Test worker] DEBUG org.hibernate.cache.internal.RegionFactoryInitiator - Cache region factory : org.hibernate.cache.internal.NoCachingRegionFactory
21:23:00.507 [Test worker] DEBUG org.hibernate.type.BasicTypeRegistry - Adding type registration boolean -> org.hibernate.type.BooleanType@121b529f
21:23:00.507 [Test worker] DEBUG org.hibernate.type.BasicTypeRegistry - Adding type registration boolean -> org.hibernate.type.BooleanType@121b529f
21:23:00.507 [Test worker] DEBUG org.hibernate.type.BasicTypeRegistry - Adding type registration java.lang.Boolean -> org.hibernate.type.BooleanType@121b529f
21:23:00.507 [Test worker] DEBUG org.hibernate.type.BasicTypeRegistry - Adding type registration numeric_boolean -> org.hibernate.type.NumericBooleanType@7dc81433
21:23:00.507 [Test worker] DEBUG org.hibernate.type.BasicTypeRegistry - Adding type registration true_false -> org.hibernate.type.TrueFalseType@60c371da
21:23:00.507 [Test worker] DEBUG org.hibernate.type.BasicTypeRegistry - Adding type registration yes_no -> org.hibernate.type.YesNoType@51ef89fc
21:23:00.507 [Test worker] DEBUG org.hibernate.type.BasicTypeRegistry - Adding type registration byte -> org.hibernate.type.ByteType@1502feca
21:23:00.507 [Test worker] DEBUG org.hibernate.type.BasicTypeRegistry - Adding type registration byte -> org.hibernate.type.ByteType@1502feca
21:23:00.507 [Test worker] DEBUG org.hibernate.type.BasicTypeRegistry - Adding type registration java.lang.Byte -> org.hibernate.type.ByteType@1502feca
21:23:00.507 [Test worker] DEBUG org.hibernate.type.BasicTypeRegistry - Adding type registration character -> org.hibernate.type.CharacterType@5aca38b4
21:23:00.507 [Test worker] DEBUG org.hibernate.type.BasicTypeRegistry - Adding type registration char -> org.hibernate.type.CharacterType@5aca38b4
21:23:00.507 [Test worker] DEBUG org.hibernate.type.BasicTypeRegistry - Adding type registration java.lang.Character -> org.hibernate.type.CharacterType@5aca38b4
21:23:00.507 [Test worker] DEBUG org.hibernate.type.BasicTypeRegistry - Adding type registration short -> org.hibernate.type.ShortType@212db0b9
21:23:00.507 [Test worker] DEBUG org.hibernate.type.BasicTypeRegistry - Adding type registration short -> org.hibernate.type.ShortType@212db0b9
21:23:00.507 [Test worker] DEBUG org.hibernate.type.BasicTypeRegistry - Adding type registration java.lang.Short -> org.hibernate.type.ShortType@212db0b9
21:23:00.507 [Test worker] DEBUG org.hibernate.type.BasicTypeRegistry - Adding type registration integer -> org.hibernate.type.IntegerType@14f541d2
21:23:00.507 [Test worker] DEBUG org.hibernate.type.BasicTypeRegistry - Adding type registration int -> org.hibernate.type.IntegerType@14f541d2
21:23:00.507 [Test worker] DEBUG org.hibernate.type.BasicTypeRegistry - Adding type registration java.lang.Integer -> org.hibernate.type.IntegerType@14f541d2
21:23:00.507 [Test worker] DEBUG org.hibernate.type.BasicTypeRegistry - Adding type registration long -> org.hibernate.type.LongType@357c5fef
21:23:00.507 [Test worker] DEBUG org.hibernate.type.BasicTypeRegistry - Adding type registration long -> org.hibernate.type.LongType@357c5fef
21:23:00.507 [Test worker] DEBUG org.hibernate.type.BasicTypeRegistry - Adding type registration java.lang.Long -> org.hibernate.type.LongType@357c5fef
21:23:00.507 [Test worker] DEBUG org.hibernate.type.BasicTypeRegistry - Adding type registration float -> org.hibernate.type.FloatType@68835e55
21:23:00.507 [Test worker] DEBUG org.hibernate.type.BasicTypeRegistry - Adding type registration float -> org.hibernate.type.FloatType@68835e55
21:23:00.507 [Test worker] DEBUG org.hibernate.type.BasicTypeRegistry - Adding type registration java.lang.Float -> org.hibernate.type.FloatType@68835e55
21:23:00.507 [Test worker] DEBUG org.hibernate.type.BasicTypeRegistry - Adding type registration double -> org.hibernate.type.DoubleType@1db8c4bf
21:23:00.507 [Test worker] DEBUG org.hibernate.type.BasicTypeRegistry - Adding type registration double -> org.hibernate.type.DoubleType@1db8c4bf
21:23:00.507 [Test worker] DEBUG org.hibernate.type.BasicTypeRegistry - Adding type registration java.lang.Double -> org.hibernate.type.DoubleType@1db8c4bf
21:23:00.507 [Test worker] DEBUG org.hibernate.type.BasicTypeRegistry - Adding type registration big_decimal -> org.hibernate.type.BigDecimalType@2bd9f5a7
21:23:00.507 [Test worker] DEBUG org.hibernate.type.BasicTypeRegistry - Adding type registration java.math.BigDecimal -> org.hibernate.type.BigDecimalType@2bd9f5a7
21:23:00.507 [Test worker] DEBUG org.hibernate.type.BasicTypeRegistry - Adding type registration big_integer -> org.hibernate.type.BigIntegerType@67766712
21:23:00.507 [Test worker] DEBUG org.hibernate.type.BasicTypeRegistry - Adding type registration java.math.BigInteger -> org.hibernate.type.BigIntegerType@67766712
21:23:00.507 [Test worker] DEBUG org.hibernate.type.BasicTypeRegistry - Adding type registration string -> org.hibernate.type.StringType@5abe721f
21:23:00.507 [Test worker] DEBUG org.hibernate.type.BasicTypeRegistry - Adding type registration java.lang.String -> org.hibernate.type.StringType@5abe721f
21:23:00.507 [Test worker] DEBUG org.hibernate.type.BasicTypeRegistry - Adding type registration nstring -> org.hibernate.type.StringNVarcharType@5ca83c4b
21:23:00.507 [Test worker] DEBUG org.hibernate.type.BasicTypeRegistry - Adding type registration ncharacter -> org.hibernate.type.CharacterNCharType@181579aa
21:23:00.507 [Test worker] DEBUG org.hibernate.type.BasicTypeRegistry - Adding type registration url -> org.hibernate.type.UrlType@2d95e7ff
21:23:00.507 [Test worker] DEBUG org.hibernate.type.BasicTypeRegistry - Adding type registration java.net.URL -> org.hibernate.type.UrlType@2d95e7ff
21:23:00.507 [Test worker] DEBUG org.hibernate.type.BasicTypeRegistry - Adding type registration Duration -> org.hibernate.type.DurationType@1f6d6ec5
21:23:00.507 [Test worker] DEBUG org.hibernate.type.BasicTypeRegistry - Adding type registration java.time.Duration -> org.hibernate.type.DurationType@1f6d6ec5
21:23:00.507 [Test worker] DEBUG org.hibernate.type.BasicTypeRegistry - Adding type registration Instant -> org.hibernate.type.InstantType@799b3880
21:23:00.507 [Test worker] DEBUG org.hibernate.type.BasicTypeRegistry - Adding type registration java.time.Instant -> org.hibernate.type.InstantType@799b3880
21:23:00.507 [Test worker] DEBUG org.hibernate.type.BasicTypeRegistry - Adding type registration LocalDateTime -> org.hibernate.type.LocalDateTimeType@3c9b7dcd
21:23:00.507 [Test worker] DEBUG org.hibernate.type.BasicTypeRegistry - Adding type registration java.time.LocalDateTime -> org.hibernate.type.LocalDateTimeType@3c9b7dcd
21:23:00.507 [Test worker] DEBUG org.hibernate.type.BasicTypeRegistry - Adding type registration LocalDate -> org.hibernate.type.LocalDateType@73b9d317
21:23:00.507 [Test worker] DEBUG org.hibernate.type.BasicTypeRegistry - Adding type registration java.time.LocalDate -> org.hibernate.type.LocalDateType@73b9d317
21:23:00.507 [Test worker] DEBUG org.hibernate.type.BasicTypeRegistry - Adding type registration LocalTime -> org.hibernate.type.LocalTimeType@3e938176
21:23:00.507 [Test worker] DEBUG org.hibernate.type.BasicTypeRegistry - Adding type registration java.time.LocalTime -> org.hibernate.type.LocalTimeType@3e938176
21:23:00.507 [Test worker] DEBUG org.hibernate.type.BasicTypeRegistry - Adding type registration OffsetDateTime -> org.hibernate.type.OffsetDateTimeType@1006f6a5
21:23:00.507 [Test worker] DEBUG org.hibernate.type.BasicTypeRegistry - Adding type registration java.time.OffsetDateTime -> org.hibernate.type.OffsetDateTimeType@1006f6a5
21:23:00.507 [Test worker] DEBUG org.hibernate.type.BasicTypeRegistry - Adding type registration OffsetTime -> org.hibernate.type.OffsetTimeType@5ebf30b8
21:23:00.507 [Test worker] DEBUG org.hibernate.type.BasicTypeRegistry - Adding type registration java.time.OffsetTime -> org.hibernate.type.OffsetTimeType@5ebf30b8
21:23:00.507 [Test worker] DEBUG org.hibernate.type.BasicTypeRegistry - Adding type registration ZonedDateTime -> org.hibernate.type.ZonedDateTimeType@5ecdce3a
21:23:00.507 [Test worker] DEBUG org.hibernate.type.BasicTypeRegistry - Adding type registration java.time.ZonedDateTime -> org.hibernate.type.ZonedDateTimeType@5ecdce3a
21:23:00.507 [Test worker] DEBUG org.hibernate.type.BasicTypeRegistry - Adding type registration date -> org.hibernate.type.DateType@34878a9c
21:23:00.507 [Test worker] DEBUG org.hibernate.type.BasicTypeRegistry - Adding type registration java.sql.Date -> org.hibernate.type.DateType@34878a9c
21:23:00.507 [Test worker] DEBUG org.hibernate.type.BasicTypeRegistry - Adding type registration time -> org.hibernate.type.TimeType@4be75fc9
21:23:00.507 [Test worker] DEBUG org.hibernate.type.BasicTypeRegistry - Adding type registration java.sql.Time -> org.hibernate.type.TimeType@4be75fc9
21:23:00.507 [Test worker] DEBUG org.hibernate.type.BasicTypeRegistry - Adding type registration timestamp -> org.hibernate.type.TimestampType@cd6dcfb
21:23:00.507 [Test worker] DEBUG org.hibernate.type.BasicTypeRegistry - Adding type registration java.sql.Timestamp -> org.hibernate.type.TimestampType@cd6dcfb
21:23:00.507 [Test worker] DEBUG org.hibernate.type.BasicTypeRegistry - Adding type registration java.util.Date -> org.hibernate.type.TimestampType@cd6dcfb
21:23:00.507 [Test worker] DEBUG org.hibernate.type.BasicTypeRegistry - Adding type registration dbtimestamp -> org.hibernate.type.DbTimestampType@6f70db50
21:23:00.507 [Test worker] DEBUG org.hibernate.type.BasicTypeRegistry - Adding type registration calendar -> org.hibernate.type.CalendarType@232580e4
21:23:00.507 [Test worker] DEBUG org.hibernate.type.BasicTypeRegistry - Adding type registration java.util.Calendar -> org.hibernate.type.CalendarType@232580e4
21:23:00.507 [Test worker] DEBUG org.hibernate.type.BasicTypeRegistry - Adding type registration java.util.GregorianCalendar -> org.hibernate.type.CalendarType@232580e4
21:23:00.507 [Test worker] DEBUG org.hibernate.type.BasicTypeRegistry - Adding type registration calendar_date -> org.hibernate.type.CalendarDateType@2d226c99
21:23:00.507 [Test worker] DEBUG org.hibernate.type.BasicTypeRegistry - Adding type registration calendar_time -> org.hibernate.type.CalendarTimeType@5f0ca092
21:23:00.507 [Test worker] DEBUG org.hibernate.type.BasicTypeRegistry - Adding type registration locale -> org.hibernate.type.LocaleType@2e7d6fc7
21:23:00.507 [Test worker] DEBUG org.hibernate.type.BasicTypeRegistry - Adding type registration java.util.Locale -> org.hibernate.type.LocaleType@2e7d6fc7
21:23:00.507 [Test worker] DEBUG org.hibernate.type.BasicTypeRegistry - Adding type registration currency -> org.hibernate.type.CurrencyType@298b5abb
21:23:00.507 [Test worker] DEBUG org.hibernate.type.BasicTypeRegistry - Adding type registration java.util.Currency -> org.hibernate.type.CurrencyType@298b5abb
21:23:00.507 [Test worker] DEBUG org.hibernate.type.BasicTypeRegistry - Adding type registration timezone -> org.hibernate.type.TimeZoneType@6a7223ce
21:23:00.507 [Test worker] DEBUG org.hibernate.type.BasicTypeRegistry - Adding type registration java.util.TimeZone -> org.hibernate.type.TimeZoneType@6a7223ce
21:23:00.507 [Test worker] DEBUG org.hibernate.type.BasicTypeRegistry - Adding type registration class -> org.hibernate.type.ClassType@17c86e61
21:23:00.507 [Test worker] DEBUG org.hibernate.type.BasicTypeRegistry - Adding type registration java.lang.Class -> org.hibernate.type.ClassType@17c86e61
21:23:00.507 [Test worker] DEBUG org.hibernate.type.BasicTypeRegistry - Adding type registration uuid-binary -> org.hibernate.type.UUIDBinaryType@165a29f7
21:23:00.507 [Test worker] DEBUG org.hibernate.type.BasicTypeRegistry - Adding type registration java.util.UUID -> org.hibernate.type.UUIDBinaryType@165a29f7
21:23:00.507 [Test worker] DEBUG org.hibernate.type.BasicTypeRegistry - Adding type registration uuid-char -> org.hibernate.type.UUIDCharType@57061eb5
21:23:00.507 [Test worker] DEBUG org.hibernate.type.BasicTypeRegistry - Adding type registration binary -> org.hibernate.type.BinaryType@377a3a57
21:23:00.507 [Test worker] DEBUG org.hibernate.type.BasicTypeRegistry - Adding type registration byte[] -> org.hibernate.type.BinaryType@377a3a57
21:23:00.507 [Test worker] DEBUG org.hibernate.type.BasicTypeRegistry - Adding type registration [B -> org.hibernate.type.BinaryType@377a3a57
21:23:00.507 [Test worker] DEBUG org.hibernate.type.BasicTypeRegistry - Adding type registration wrapper-binary -> org.hibernate.type.WrapperBinaryType@15236686
21:23:00.507 [Test worker] DEBUG org.hibernate.type.BasicTypeRegistry - Adding type registration Byte[] -> org.hibernate.type.WrapperBinaryType@15236686
21:23:00.507 [Test worker] DEBUG org.hibernate.type.BasicTypeRegistry - Adding type registration [Ljava.lang.Byte; -> org.hibernate.type.WrapperBinaryType@15236686
21:23:00.507 [Test worker] DEBUG org.hibernate.type.BasicTypeRegistry - Adding type registration row_version -> org.hibernate.type.RowVersionType@480544d3
21:23:00.507 [Test worker] DEBUG org.hibernate.type.BasicTypeRegistry - Adding type registration image -> org.hibernate.type.ImageType@a74733d
21:23:00.507 [Test worker] DEBUG org.hibernate.type.BasicTypeRegistry - Adding type registration characters -> org.hibernate.type.CharArrayType@10b707f8
21:23:00.507 [Test worker] DEBUG org.hibernate.type.BasicTypeRegistry - Adding type registration char[] -> org.hibernate.type.CharArrayType@10b707f8
21:23:00.507 [Test worker] DEBUG org.hibernate.type.BasicTypeRegistry - Adding type registration [C -> org.hibernate.type.CharArrayType@10b707f8
21:23:00.507 [Test worker] DEBUG org.hibernate.type.BasicTypeRegistry - Adding type registration wrapper-characters -> org.hibernate.type.CharacterArrayType@7586a107
21:23:00.507 [Test worker] DEBUG org.hibernate.type.BasicTypeRegistry - Adding type registration [Ljava.lang.Character; -> org.hibernate.type.CharacterArrayType@7586a107
21:23:00.507 [Test worker] DEBUG org.hibernate.type.BasicTypeRegistry - Adding type registration Character[] -> org.hibernate.type.CharacterArrayType@7586a107
21:23:00.507 [Test worker] DEBUG org.hibernate.type.BasicTypeRegistry - Adding type registration text -> org.hibernate.type.TextType@28e7117
21:23:00.507 [Test worker] DEBUG org.hibernate.type.BasicTypeRegistry - Adding type registration ntext -> org.hibernate.type.NTextType@4fe7c4b8
21:23:00.507 [Test worker] DEBUG org.hibernate.type.BasicTypeRegistry - Adding type registration blob -> org.hibernate.type.BlobType@69ff7971
21:23:00.507 [Test worker] DEBUG org.hibernate.type.BasicTypeRegistry - Adding type registration java.sql.Blob -> org.hibernate.type.BlobType@69ff7971
21:23:00.507 [Test worker] DEBUG org.hibernate.type.BasicTypeRegistry - Adding type registration materialized_blob -> org.hibernate.type.MaterializedBlobType@29a6bbfa
21:23:00.507 [Test worker] DEBUG org.hibernate.type.BasicTypeRegistry - Adding type registration clob -> org.hibernate.type.ClobType@6243fc09
21:23:00.507 [Test worker] DEBUG org.hibernate.type.BasicTypeRegistry - Adding type registration java.sql.Clob -> org.hibernate.type.ClobType@6243fc09
21:23:00.507 [Test worker] DEBUG org.hibernate.type.BasicTypeRegistry - Adding type registration nclob -> org.hibernate.type.NClobType@7a0e9fb4
21:23:00.507 [Test worker] DEBUG org.hibernate.type.BasicTypeRegistry - Adding type registration java.sql.NClob -> org.hibernate.type.NClobType@7a0e9fb4
21:23:00.507 [Test worker] DEBUG org.hibernate.type.BasicTypeRegistry - Adding type registration materialized_clob -> org.hibernate.type.MaterializedClobType@5568af29
21:23:00.507 [Test worker] DEBUG org.hibernate.type.BasicTypeRegistry - Adding type registration materialized_nclob -> org.hibernate.type.MaterializedNClobType@43589365
21:23:00.507 [Test worker] DEBUG org.hibernate.type.BasicTypeRegistry - Adding type registration serializable -> org.hibernate.type.SerializableType@49b714f8
21:23:00.507 [Test worker] DEBUG org.hibernate.type.BasicTypeRegistry - Adding type registration object -> org.hibernate.type.ObjectType@4b6f241f
21:23:00.507 [Test worker] DEBUG org.hibernate.type.BasicTypeRegistry - Adding type registration java.lang.Object -> org.hibernate.type.ObjectType@4b6f241f
21:23:00.507 [Test worker] DEBUG org.hibernate.type.BasicTypeRegistry - Adding type registration imm_date -> org.hibernate.type.AdaptedImmutableType@4feffbfc
21:23:00.507 [Test worker] DEBUG org.hibernate.type.BasicTypeRegistry - Adding type registration imm_time -> org.hibernate.type.AdaptedImmutableType@2658a11c
21:23:00.507 [Test worker] DEBUG org.hibernate.type.BasicTypeRegistry - Adding type registration imm_timestamp -> org.hibernate.type.AdaptedImmutableType@6fbb11aa
21:23:00.507 [Test worker] DEBUG org.hibernate.type.BasicTypeRegistry - Adding type registration imm_dbtimestamp -> org.hibernate.type.AdaptedImmutableType@912653d
21:23:00.507 [Test worker] DEBUG org.hibernate.type.BasicTypeRegistry - Adding type registration imm_calendar -> org.hibernate.type.AdaptedImmutableType@39124ff8
21:23:00.507 [Test worker] DEBUG org.hibernate.type.BasicTypeRegistry - Adding type registration imm_calendar_date -> org.hibernate.type.AdaptedImmutableType@5a215987
21:23:00.507 [Test worker] DEBUG org.hibernate.type.BasicTypeRegistry - Adding type registration imm_binary -> org.hibernate.type.AdaptedImmutableType@6da02528
21:23:00.507 [Test worker] DEBUG org.hibernate.type.BasicTypeRegistry - Adding type registration imm_serializable -> org.hibernate.type.AdaptedImmutableType@77018e2c
21:23:00.507 [Test worker] DEBUG org.hibernate.id.factory.internal.DefaultIdentifierGeneratorFactory - Registering IdentifierGenerator strategy [uuid2] -> [org.hibernate.id.UUIDGenerator]
21:23:00.507 [Test worker] DEBUG org.hibernate.id.factory.internal.DefaultIdentifierGeneratorFactory - Registering IdentifierGenerator strategy [guid] -> [org.hibernate.id.GUIDGenerator]
21:23:00.507 [Test worker] DEBUG org.hibernate.id.factory.internal.DefaultIdentifierGeneratorFactory - Registering IdentifierGenerator strategy [uuid] -> [org.hibernate.id.UUIDHexGenerator]
21:23:00.507 [Test worker] DEBUG org.hibernate.id.factory.internal.DefaultIdentifierGeneratorFactory - Registering IdentifierGenerator strategy [uuid.hex] -> [org.hibernate.id.UUIDHexGenerator]
21:23:00.507 [Test worker] DEBUG org.hibernate.id.factory.internal.DefaultIdentifierGeneratorFactory - Registering IdentifierGenerator strategy [assigned] -> [org.hibernate.id.Assigned]
21:23:00.507 [Test worker] DEBUG org.hibernate.id.factory.internal.DefaultIdentifierGeneratorFactory - Registering IdentifierGenerator strategy [identity] -> [org.hibernate.id.IdentityGenerator]
21:23:00.507 [Test worker] DEBUG org.hibernate.id.factory.internal.DefaultIdentifierGeneratorFactory - Registering IdentifierGenerator strategy [select] -> [org.hibernate.id.SelectGenerator]
21:23:00.507 [Test worker] DEBUG org.hibernate.id.factory.internal.DefaultIdentifierGeneratorFactory - Registering IdentifierGenerator strategy [sequence] -> [org.hibernate.id.enhanced.SequenceStyleGenerator]
21:23:00.507 [Test worker] DEBUG org.hibernate.id.factory.internal.DefaultIdentifierGeneratorFactory - Registering IdentifierGenerator strategy [seqhilo] -> [org.hibernate.id.SequenceHiLoGenerator]
21:23:00.507 [Test worker] DEBUG org.hibernate.id.factory.internal.DefaultIdentifierGeneratorFactory - Registering IdentifierGenerator strategy [increment] -> [org.hibernate.id.IncrementGenerator]
21:23:00.507 [Test worker] DEBUG org.hibernate.id.factory.internal.DefaultIdentifierGeneratorFactory - Registering IdentifierGenerator strategy [foreign] -> [org.hibernate.id.ForeignGenerator]
21:23:00.507 [Test worker] DEBUG org.hibernate.id.factory.internal.DefaultIdentifierGeneratorFactory - Registering IdentifierGenerator strategy [sequence-identity] -> [org.hibernate.id.SequenceIdentityGenerator]
21:23:00.507 [Test worker] DEBUG org.hibernate.id.factory.internal.DefaultIdentifierGeneratorFactory - Registering IdentifierGenerator strategy [enhanced-sequence] -> [org.hibernate.id.enhanced.SequenceStyleGenerator]
21:23:00.507 [Test worker] DEBUG org.hibernate.id.factory.internal.DefaultIdentifierGeneratorFactory - Registering IdentifierGenerator strategy [enhanced-table] -> [org.hibernate.id.enhanced.TableGenerator]
21:23:00.507 [Test worker] WARN org.hibernate.orm.connections.pooling - HHH10001002: Using Hibernate built-in connection pool (not for production use!)
21:23:00.507 [Test worker] INFO org.hibernate.orm.connections.pooling - HHH10001005: using driver [org.sqlite.JDBC] at URL [jdbc:sqlite:D:\Facultate\Projects\OrganizareCompanie\database]
21:23:00.507 [Test worker] INFO org.hibernate.orm.connections.pooling - HHH10001001: Connection properties: {password=root, user=root}
21:23:00.507 [Test worker] INFO org.hibernate.orm.connections.pooling - HHH10001003: Autocommit mode: false
21:23:00.507 [Test worker] DEBUG org.hibernate.engine.jdbc.connections.internal.DriverManagerConnectionProviderImpl - Initializing Connection pool with 1 Connections
21:23:00.507 [Test worker] INFO org.hibernate.engine.jdbc.connections.internal.DriverManagerConnectionProviderImpl - HHH000115: Hibernate connection pool size: 1 (min=1)
21:23:00.507 [Test worker] DEBUG org.hibernate.engine.jdbc.env.internal.JdbcEnvironmentInitiator - Database ->
       name : SQLite
    version : 3.34.0
      major : 3
      minor : 34
21:23:00.507 [Test worker] DEBUG org.hibernate.engine.jdbc.env.internal.JdbcEnvironmentInitiator - Driver ->
       name : SQLite JDBC
    version : 3.34.0
      major : 3
      minor : 34
21:23:00.507 [Test worker] DEBUG org.hibernate.engine.jdbc.env.internal.JdbcEnvironmentInitiator - JDBC version : 2.1
21:23:00.507 [Test worker] INFO org.hibernate.dialect.Dialect - HHH000400: Using dialect: utils.SQLiteDialect
21:23:00.507 [Test worker] DEBUG org.hibernate.engine.jdbc.env.spi.IdentifierHelperBuilder - JDBC driver metadata reported database stores quoted identifiers in neither upper, lower nor mixed case
21:23:00.507 [Test worker] DEBUG org.hibernate.engine.jdbc.env.spi.IdentifierHelperBuilder - IdentifierCaseStrategy for both quoted and unquoted identifiers was set to the same strategy [MIXED]; that will likely lead to problems in schema update and validation if using quoted identifiers
21:23:00.507 [Test worker] DEBUG org.hibernate.engine.jdbc.env.internal.LobCreatorBuilderImpl - HHH000423: Disabling contextual LOB creation as JDBC driver reported JDBC version [2] less than 4
21:23:00.507 [Test worker] DEBUG org.hibernate.boot.model.relational.Namespace - Created database namespace [logicalName=Name{catalog=null, schema=null}, physicalName=Name{catalog=null, schema=null}]
21:23:00.507 [Test worker] DEBUG org.hibernate.type.descriptor.java.JavaTypeDescriptorRegistry - JavaTypeDescriptorRegistry entry replaced : class java.time.Duration -> org.hibernate.type.descriptor.java.DurationJavaDescriptor@484b819 (was org.hibernate.type.descriptor.java.DurationJavaDescriptor@484b819)
21:23:00.507 [Test worker] DEBUG org.hibernate.type.descriptor.java.JavaTypeDescriptorRegistry - JavaTypeDescriptorRegistry entry replaced : class java.time.Instant -> org.hibernate.type.descriptor.java.InstantJavaDescriptor@7a6a60d2 (was org.hibernate.type.descriptor.java.InstantJavaDescriptor@7a6a60d2)
21:23:00.507 [Test worker] DEBUG org.hibernate.type.descriptor.java.JavaTypeDescriptorRegistry - JavaTypeDescriptorRegistry entry replaced : class java.time.LocalDate -> org.hibernate.type.descriptor.java.LocalDateJavaDescriptor@7ac3817d (was org.hibernate.type.descriptor.java.LocalDateJavaDescriptor@7ac3817d)
21:23:00.507 [Test worker] DEBUG org.hibernate.type.descriptor.java.JavaTypeDescriptorRegistry - JavaTypeDescriptorRegistry entry replaced : class java.time.LocalDateTime -> org.hibernate.type.descriptor.java.LocalDateTimeJavaDescriptor@616d0e6e (was org.hibernate.type.descriptor.java.LocalDateTimeJavaDescriptor@616d0e6e)
21:23:00.507 [Test worker] DEBUG org.hibernate.type.descriptor.java.JavaTypeDescriptorRegistry - JavaTypeDescriptorRegistry entry replaced : class java.time.OffsetDateTime -> org.hibernate.type.descriptor.java.OffsetDateTimeJavaDescriptor@4008262a (was org.hibernate.type.descriptor.java.OffsetDateTimeJavaDescriptor@4008262a)
21:23:00.507 [Test worker] DEBUG org.hibernate.type.descriptor.java.JavaTypeDescriptorRegistry - JavaTypeDescriptorRegistry entry replaced : class java.time.OffsetTime -> org.hibernate.type.descriptor.java.OffsetTimeJavaDescriptor@69cda209 (was org.hibernate.type.descriptor.java.OffsetTimeJavaDescriptor@69cda209)
21:23:00.507 [Test worker] DEBUG org.hibernate.type.descriptor.java.JavaTypeDescriptorRegistry - JavaTypeDescriptorRegistry entry replaced : class java.time.ZonedDateTime -> org.hibernate.type.descriptor.java.ZonedDateTimeJavaDescriptor@f630e24 (was org.hibernate.type.descriptor.java.ZonedDateTimeJavaDescriptor@f630e24)
21:23:00.507 [Test worker] DEBUG org.hibernate.type.BasicTypeRegistry - Adding type registration Duration -> org.hibernate.type.DurationType@1f6d6ec5
21:23:00.507 [Test worker] DEBUG org.hibernate.type.BasicTypeRegistry - Adding type registration java.time.Duration -> org.hibernate.type.DurationType@1f6d6ec5
21:23:00.507 [Test worker] DEBUG org.hibernate.type.BasicTypeRegistry - Adding type registration Instant -> org.hibernate.type.InstantType@799b3880
21:23:00.507 [Test worker] DEBUG org.hibernate.type.BasicTypeRegistry - Adding type registration java.time.Instant -> org.hibernate.type.InstantType@799b3880
21:23:00.507 [Test worker] DEBUG org.hibernate.type.BasicTypeRegistry - Adding type registration LocalDateTime -> org.hibernate.type.LocalDateTimeType@3c9b7dcd
21:23:00.507 [Test worker] DEBUG org.hibernate.type.BasicTypeRegistry - Adding type registration java.time.LocalDateTime -> org.hibernate.type.LocalDateTimeType@3c9b7dcd
21:23:00.507 [Test worker] DEBUG org.hibernate.type.BasicTypeRegistry - Adding type registration LocalDate -> org.hibernate.type.LocalDateType@73b9d317
21:23:00.507 [Test worker] DEBUG org.hibernate.type.BasicTypeRegistry - Adding type registration java.time.LocalDate -> org.hibernate.type.LocalDateType@73b9d317
21:23:00.507 [Test worker] DEBUG org.hibernate.type.BasicTypeRegistry - Adding type registration LocalTime -> org.hibernate.type.LocalTimeType@3e938176
21:23:00.507 [Test worker] DEBUG org.hibernate.type.BasicTypeRegistry - Adding type registration java.time.LocalTime -> org.hibernate.type.LocalTimeType@3e938176
21:23:00.507 [Test worker] DEBUG org.hibernate.type.BasicTypeRegistry - Adding type registration OffsetDateTime -> org.hibernate.type.OffsetDateTimeType@1006f6a5
21:23:00.507 [Test worker] DEBUG org.hibernate.type.BasicTypeRegistry - Adding type registration java.time.OffsetDateTime -> org.hibernate.type.OffsetDateTimeType@1006f6a5
21:23:00.507 [Test worker] DEBUG org.hibernate.type.BasicTypeRegistry - Adding type registration OffsetTime -> org.hibernate.type.OffsetTimeType@5ebf30b8
21:23:00.507 [Test worker] DEBUG org.hibernate.type.BasicTypeRegistry - Adding type registration java.time.OffsetTime -> org.hibernate.type.OffsetTimeType@5ebf30b8
21:23:00.507 [Test worker] DEBUG org.hibernate.type.BasicTypeRegistry - Adding type registration ZonedDateTime -> org.hibernate.type.ZonedDateTimeType@5ecdce3a
21:23:00.507 [Test worker] DEBUG org.hibernate.type.BasicTypeRegistry - Adding type registration java.time.ZonedDateTime -> org.hibernate.type.ZonedDateTimeType@5ecdce3a
21:23:00.507 [Test worker] DEBUG org.hibernate.type.spi.TypeConfiguration$Scope - Scoping TypeConfiguration [org.hibernate.type.spi.TypeConfiguration@16adf2c4] to MetadataBuildingContext [org.hibernate.boot.internal.MetadataBuildingContextRootImpl@2fcc14bf]
21:23:00.507 [Test worker] DEBUG org.hibernate.cfg.AnnotationBinder - Binding entity from annotated class: domain.Angajat
21:23:00.507 [Test worker] DEBUG org.hibernate.cfg.Ejb3Column - Binding column: Ejb3DiscriminatorColumn{logicalColumnName'DTYPE', discriminatorTypeName='string'}
21:23:00.507 [Test worker] DEBUG org.hibernate.cfg.annotations.EntityBinder - Import with entity name Angajat
21:23:00.507 [Test worker] DEBUG org.hibernate.cfg.annotations.EntityBinder - Bind entity domain.Angajat on table angajati
21:23:00.507 [Test worker] DEBUG org.hibernate.cfg.Ejb3Column - Binding column: Ejb3Column{table=org.hibernate.mapping.Table(angajati), mappingColumn=id, insertable=true, updatable=true, unique=false}
21:23:00.507 [Test worker] DEBUG org.hibernate.boot.internal.ClassLoaderAccessImpl - Not known whether passed class name [domain.Angajat] is safe
21:23:00.507 [Test worker] DEBUG org.hibernate.boot.internal.ClassLoaderAccessImpl - No temp ClassLoader provided; using live ClassLoader for loading potentially unsafe class : domain.Angajat
21:23:00.507 [Test worker] DEBUG org.hibernate.cfg.annotations.PropertyBinder - MetadataSourceProcessor property id with lazy=false
21:23:00.507 [Test worker] DEBUG org.hibernate.cfg.AbstractPropertyHolder - Attempting to locate auto-apply AttributeConverter for property [domain.Angajat:id]
21:23:00.507 [Test worker] DEBUG org.hibernate.cfg.annotations.SimpleValueBinder - building SimpleValue for id
21:23:00.507 [Test worker] DEBUG org.hibernate.cfg.annotations.PropertyBinder - Building property id
21:23:00.507 [Test worker] DEBUG org.hibernate.cfg.BinderHelper - #makeIdGenerator(org.hibernate.mapping.SimpleValue([org.hibernate.mapping.Column(id)]), id, identity, , ...)
21:23:00.507 [Test worker] DEBUG org.hibernate.cfg.Ejb3Column - Binding column: Ejb3JoinColumn{logicalColumnName='null', referencedColumn='null', mappedBy='angajat'}
21:23:00.507 [Test worker] DEBUG org.hibernate.cfg.Ejb3Column - Binding column: Ejb3Column{table=org.hibernate.mapping.Table(angajati), mappingColumn=concedii, insertable=true, updatable=true, unique=false}
21:23:00.507 [Test worker] DEBUG org.hibernate.cfg.Ejb3Column - Binding column: Ejb3Column{table=org.hibernate.mapping.Table(angajati), mappingColumn=null, insertable=true, updatable=true, unique=false}
21:23:00.507 [Test worker] DEBUG org.hibernate.cfg.Ejb3Column - Binding column: Ejb3Column{table=org.hibernate.mapping.Table(angajati), mappingColumn=element, insertable=true, updatable=true, unique=false}
21:23:00.507 [Test worker] DEBUG org.hibernate.cfg.Ejb3Column - Binding column: Ejb3Column{table=org.hibernate.mapping.Table(angajati), mappingColumn=concedii_KEY, insertable=true, updatable=true, unique=false}
21:23:00.507 [Test worker] DEBUG org.hibernate.cfg.Ejb3Column - Binding column: Ejb3JoinColumn{logicalColumnName='concedii_KEY', referencedColumn='null', mappedBy='null'}
21:23:00.507 [Test worker] DEBUG org.hibernate.cfg.Ejb3Column - Binding column: Ejb3JoinColumn{logicalColumnName='null', referencedColumn='null', mappedBy='angajat'}
21:23:00.507 [Test worker] DEBUG org.hibernate.cfg.Ejb3Column - Binding column: Ejb3JoinColumn{logicalColumnName='null', referencedColumn='null', mappedBy='angajat'}
21:23:00.507 [Test worker] DEBUG org.hibernate.cfg.annotations.CollectionBinder - Collection role: domain.Angajat.concedii
21:23:00.507 [Test worker] DEBUG org.hibernate.cfg.annotations.PropertyBinder - Building property concedii
21:23:00.507 [Test worker] DEBUG org.hibernate.cfg.Ejb3Column - Binding column: Ejb3Column{table=org.hibernate.mapping.Table(angajati), mappingColumn=data_angajare, insertable=true, updatable=true, unique=false}
21:23:00.507 [Test worker] DEBUG org.hibernate.cfg.annotations.PropertyBinder - MetadataSourceProcessor property dataAngajare with lazy=false
21:23:00.507 [Test worker] DEBUG org.hibernate.cfg.AbstractPropertyHolder - Attempting to locate auto-apply AttributeConverter for property [domain.Angajat:dataAngajare]
21:23:00.507 [Test worker] DEBUG org.hibernate.cfg.annotations.SimpleValueBinder - building SimpleValue for dataAngajare
21:23:00.507 [Test worker] DEBUG org.hibernate.cfg.annotations.PropertyBinder - Building property dataAngajare
21:23:00.507 [Test worker] DEBUG org.hibernate.cfg.Ejb3Column - Binding column: Ejb3Column{table=org.hibernate.mapping.Table(angajati), mappingColumn=null, insertable=true, updatable=true, unique=false}
21:23:00.507 [Test worker] DEBUG org.hibernate.cfg.Ejb3Column - Binding column: Ejb3Column{table=org.hibernate.mapping.Table(angajati), mappingColumn=element, insertable=true, updatable=true, unique=false}
21:23:00.507 [Test worker] DEBUG org.hibernate.cfg.Ejb3Column - Binding column: Ejb3Column{table=org.hibernate.mapping.Table(angajati), mappingColumn=departamente_KEY, insertable=true, updatable=true, unique=false}
21:23:00.507 [Test worker] DEBUG org.hibernate.cfg.Ejb3Column - Binding column: Ejb3JoinColumn{logicalColumnName='departamente_KEY', referencedColumn='null', mappedBy='null'}
21:23:00.507 [Test worker] DEBUG org.hibernate.cfg.Ejb3Column - Binding column: Ejb3JoinColumn{logicalColumnName='id_angajat', referencedColumn='', mappedBy=''}
21:23:00.507 [Test worker] DEBUG org.hibernate.cfg.Ejb3Column - Binding column: Ejb3JoinColumn{logicalColumnName='id_departament', referencedColumn='', mappedBy=''}
21:23:00.507 [Test worker] DEBUG org.hibernate.cfg.annotations.CollectionBinder - Collection role: domain.Angajat.departamente
21:23:00.507 [Test worker] DEBUG org.hibernate.cfg.annotations.PropertyBinder - Building property departamente
21:23:00.507 [Test worker] DEBUG org.hibernate.cfg.Ejb3Column - Binding column: Ejb3JoinColumn{logicalColumnName='null', referencedColumn='null', mappedBy='null'}
21:23:00.507 [Test worker] DEBUG org.hibernate.cfg.Ejb3Column - Binding column: Ejb3Column{table=org.hibernate.mapping.Table(angajati), mappingColumn=functie, insertable=true, updatable=true, unique=false}
21:23:00.507 [Test worker] DEBUG org.hibernate.cfg.annotations.PropertyBinder - Building property functie
21:23:00.507 [Test worker] DEBUG org.hibernate.cfg.Ejb3Column - Binding column: Ejb3Column{table=org.hibernate.mapping.Table(angajati), mappingColumn=id_superior, insertable=true, updatable=true, unique=false}
21:23:00.507 [Test worker] DEBUG org.hibernate.cfg.annotations.PropertyBinder - MetadataSourceProcessor property idSuperior with lazy=false
21:23:00.507 [Test worker] DEBUG org.hibernate.cfg.AbstractPropertyHolder - Attempting to locate auto-apply AttributeConverter for property [domain.Angajat:idSuperior]
21:23:00.507 [Test worker] DEBUG org.hibernate.cfg.annotations.SimpleValueBinder - building SimpleValue for idSuperior
21:23:00.507 [Test worker] DEBUG org.hibernate.cfg.annotations.PropertyBinder - Building property idSuperior
21:23:00.507 [Test worker] DEBUG org.hibernate.cfg.Ejb3Column - Binding column: Ejb3Column{table=org.hibernate.mapping.Table(angajati), mappingColumn=null, insertable=true, updatable=true, unique=false}
21:23:00.507 [Test worker] DEBUG org.hibernate.cfg.Ejb3Column - Binding column: Ejb3Column{table=org.hibernate.mapping.Table(angajati), mappingColumn=element, insertable=true, updatable=true, unique=false}
21:23:00.507 [Test worker] DEBUG org.hibernate.cfg.Ejb3Column - Binding column: Ejb3Column{table=org.hibernate.mapping.Table(angajati), mappingColumn=proiecte_KEY, insertable=true, updatable=true, unique=false}
21:23:00.507 [Test worker] DEBUG org.hibernate.cfg.Ejb3Column - Binding column: Ejb3JoinColumn{logicalColumnName='proiecte_KEY', referencedColumn='null', mappedBy='null'}
21:23:00.507 [Test worker] DEBUG org.hibernate.cfg.Ejb3Column - Binding column: Ejb3JoinColumn{logicalColumnName='id_angajat', referencedColumn='', mappedBy=''}
21:23:00.507 [Test worker] DEBUG org.hibernate.cfg.Ejb3Column - Binding column: Ejb3JoinColumn{logicalColumnName='id_proiect', referencedColumn='', mappedBy=''}
21:23:00.507 [Test worker] DEBUG org.hibernate.cfg.annotations.CollectionBinder - Collection role: domain.Angajat.proiecte
21:23:00.507 [Test worker] DEBUG org.hibernate.cfg.annotations.PropertyBinder - Building property proiecte
21:23:00.507 [Test worker] DEBUG org.hibernate.cfg.AnnotationBinder - Binding entity from annotated class: domain.Concediu
21:23:00.507 [Test worker] DEBUG org.hibernate.cfg.Ejb3Column - Binding column: Ejb3DiscriminatorColumn{logicalColumnName'DTYPE', discriminatorTypeName='string'}
21:23:00.507 [Test worker] DEBUG org.hibernate.cfg.annotations.EntityBinder - Import with entity name Concediu
21:23:00.507 [Test worker] DEBUG org.hibernate.cfg.annotations.EntityBinder - Bind entity domain.Concediu on table concedii
21:23:00.507 [Test worker] DEBUG org.hibernate.cfg.Ejb3Column - Binding column: Ejb3Column{table=org.hibernate.mapping.Table(concedii), mappingColumn=id, insertable=true, updatable=true, unique=false}
21:23:00.507 [Test worker] DEBUG org.hibernate.boot.internal.ClassLoaderAccessImpl - Not known whether passed class name [domain.Concediu] is safe
21:23:00.507 [Test worker] DEBUG org.hibernate.boot.internal.ClassLoaderAccessImpl - No temp ClassLoader provided; using live ClassLoader for loading potentially unsafe class : domain.Concediu
21:23:00.507 [Test worker] DEBUG org.hibernate.cfg.annotations.PropertyBinder - MetadataSourceProcessor property id with lazy=false
21:23:00.507 [Test worker] DEBUG org.hibernate.cfg.AbstractPropertyHolder - Attempting to locate auto-apply AttributeConverter for property [domain.Concediu:id]
21:23:00.507 [Test worker] DEBUG org.hibernate.cfg.annotations.SimpleValueBinder - building SimpleValue for id
21:23:00.507 [Test worker] DEBUG org.hibernate.cfg.annotations.PropertyBinder - Building property id
21:23:00.507 [Test worker] DEBUG org.hibernate.cfg.BinderHelper - #makeIdGenerator(org.hibernate.mapping.SimpleValue([org.hibernate.mapping.Column(id)]), id, identity, , ...)
21:23:00.507 [Test worker] DEBUG org.hibernate.cfg.Ejb3Column - Binding column: Ejb3JoinColumn{logicalColumnName='id_angajat', referencedColumn='', mappedBy=''}
21:23:00.507 [Test worker] DEBUG org.hibernate.cfg.Ejb3Column - Binding column: Ejb3Column{table=org.hibernate.mapping.Table(concedii), mappingColumn=angajat, insertable=true, updatable=true, unique=false}
21:23:00.507 [Test worker] DEBUG org.hibernate.cfg.annotations.PropertyBinder - Building property angajat
21:23:00.507 [Test worker] DEBUG org.hibernate.cfg.Ejb3Column - Binding column: Ejb3Column{table=org.hibernate.mapping.Table(concedii), mappingColumn=data_inceput, insertable=true, updatable=true, unique=false}
21:23:00.507 [Test worker] DEBUG org.hibernate.cfg.annotations.PropertyBinder - MetadataSourceProcessor property dataInceput with lazy=false
21:23:00.507 [Test worker] DEBUG org.hibernate.cfg.AbstractPropertyHolder - Attempting to locate auto-apply AttributeConverter for property [domain.Concediu:dataInceput]
21:23:00.507 [Test worker] DEBUG org.hibernate.cfg.annotations.SimpleValueBinder - building SimpleValue for dataInceput
21:23:00.507 [Test worker] DEBUG org.hibernate.cfg.annotations.PropertyBinder - Building property dataInceput
21:23:00.507 [Test worker] DEBUG org.hibernate.cfg.Ejb3Column - Binding column: Ejb3Column{table=org.hibernate.mapping.Table(concedii), mappingColumn=data_sfarsit, insertable=true, updatable=true, unique=false}
21:23:00.507 [Test worker] DEBUG org.hibernate.cfg.annotations.PropertyBinder - MetadataSourceProcessor property dataSfarsit with lazy=false
21:23:00.507 [Test worker] DEBUG org.hibernate.cfg.AbstractPropertyHolder - Attempting to locate auto-apply AttributeConverter for property [domain.Concediu:dataSfarsit]
21:23:00.507 [Test worker] DEBUG org.hibernate.cfg.annotations.SimpleValueBinder - building SimpleValue for dataSfarsit
21:23:00.507 [Test worker] DEBUG org.hibernate.cfg.annotations.PropertyBinder - Building property dataSfarsit
21:23:00.507 [Test worker] DEBUG org.hibernate.cfg.AnnotationBinder - Binding entity from annotated class: domain.Departament
21:23:00.507 [Test worker] DEBUG org.hibernate.cfg.Ejb3Column - Binding column: Ejb3DiscriminatorColumn{logicalColumnName'DTYPE', discriminatorTypeName='string'}
21:23:00.507 [Test worker] DEBUG org.hibernate.cfg.annotations.EntityBinder - Import with entity name Departament
21:23:00.507 [Test worker] DEBUG org.hibernate.cfg.annotations.EntityBinder - Bind entity domain.Departament on table departamente
21:23:00.507 [Test worker] DEBUG org.hibernate.cfg.Ejb3Column - Binding column: Ejb3Column{table=org.hibernate.mapping.Table(departamente), mappingColumn=id, insertable=true, updatable=true, unique=false}
21:23:00.507 [Test worker] DEBUG org.hibernate.boot.internal.ClassLoaderAccessImpl - Not known whether passed class name [domain.Departament] is safe
21:23:00.507 [Test worker] DEBUG org.hibernate.boot.internal.ClassLoaderAccessImpl - No temp ClassLoader provided; using live ClassLoader for loading potentially unsafe class : domain.Departament
21:23:00.507 [Test worker] DEBUG org.hibernate.cfg.annotations.PropertyBinder - MetadataSourceProcessor property id with lazy=false
21:23:00.507 [Test worker] DEBUG org.hibernate.cfg.AbstractPropertyHolder - Attempting to locate auto-apply AttributeConverter for property [domain.Departament:id]
21:23:00.507 [Test worker] DEBUG org.hibernate.cfg.annotations.SimpleValueBinder - building SimpleValue for id
21:23:00.507 [Test worker] DEBUG org.hibernate.cfg.annotations.PropertyBinder - Building property id
21:23:00.507 [Test worker] DEBUG org.hibernate.cfg.BinderHelper - #makeIdGenerator(org.hibernate.mapping.SimpleValue([org.hibernate.mapping.Column(id)]), id, identity, , ...)
21:23:00.507 [Test worker] DEBUG org.hibernate.cfg.Ejb3Column - Binding column: Ejb3Column{table=org.hibernate.mapping.Table(departamente), mappingColumn=id_director, insertable=true, updatable=true, unique=false}
21:23:00.507 [Test worker] DEBUG org.hibernate.cfg.annotations.PropertyBinder - MetadataSourceProcessor property idDirector with lazy=false
21:23:00.507 [Test worker] DEBUG org.hibernate.cfg.AbstractPropertyHolder - Attempting to locate auto-apply AttributeConverter for property [domain.Departament:idDirector]
21:23:00.507 [Test worker] DEBUG org.hibernate.cfg.annotations.SimpleValueBinder - building SimpleValue for idDirector
21:23:00.507 [Test worker] DEBUG org.hibernate.cfg.annotations.PropertyBinder - Building property idDirector
21:23:00.507 [Test worker] DEBUG org.hibernate.cfg.AnnotationBinder - Binding entity from annotated class: domain.Functie
21:23:00.507 [Test worker] DEBUG org.hibernate.cfg.Ejb3Column - Binding column: Ejb3DiscriminatorColumn{logicalColumnName'DTYPE', discriminatorTypeName='string'}
21:23:00.507 [Test worker] DEBUG org.hibernate.cfg.annotations.EntityBinder - Import with entity name Functie
21:23:00.507 [Test worker] DEBUG org.hibernate.cfg.annotations.EntityBinder - Bind entity domain.Functie on table functii
21:23:00.507 [Test worker] DEBUG org.hibernate.cfg.Ejb3Column - Binding column: Ejb3Column{table=org.hibernate.mapping.Table(functii), mappingColumn=id, insertable=true, updatable=true, unique=false}
21:23:00.507 [Test worker] DEBUG org.hibernate.boot.internal.ClassLoaderAccessImpl - Not known whether passed class name [domain.Functie] is safe
21:23:00.507 [Test worker] DEBUG org.hibernate.boot.internal.ClassLoaderAccessImpl - No temp ClassLoader provided; using live ClassLoader for loading potentially unsafe class : domain.Functie
21:23:00.507 [Test worker] DEBUG org.hibernate.cfg.annotations.PropertyBinder - MetadataSourceProcessor property id with lazy=false
21:23:00.507 [Test worker] DEBUG org.hibernate.cfg.AbstractPropertyHolder - Attempting to locate auto-apply AttributeConverter for property [domain.Functie:id]
21:23:00.507 [Test worker] DEBUG org.hibernate.cfg.annotations.SimpleValueBinder - building SimpleValue for id
21:23:00.507 [Test worker] DEBUG org.hibernate.cfg.annotations.PropertyBinder - Building property id
21:23:00.507 [Test worker] DEBUG org.hibernate.cfg.BinderHelper - #makeIdGenerator(org.hibernate.mapping.SimpleValue([org.hibernate.mapping.Column(id)]), id, identity, , ...)
21:23:00.507 [Test worker] DEBUG org.hibernate.cfg.Ejb3Column - Binding column: Ejb3Column{table=org.hibernate.mapping.Table(functii), mappingColumn=salar_de_baza, insertable=true, updatable=true, unique=false}
21:23:00.507 [Test worker] DEBUG org.hibernate.cfg.annotations.PropertyBinder - MetadataSourceProcessor property salarDeBaza with lazy=false
21:23:00.507 [Test worker] DEBUG org.hibernate.cfg.AbstractPropertyHolder - Attempting to locate auto-apply AttributeConverter for property [domain.Functie:salarDeBaza]
21:23:00.507 [Test worker] DEBUG org.hibernate.cfg.annotations.SimpleValueBinder - building SimpleValue for salarDeBaza
21:23:00.507 [Test worker] DEBUG org.hibernate.cfg.annotations.PropertyBinder - Building property salarDeBaza
21:23:00.507 [Test worker] DEBUG org.hibernate.cfg.AnnotationBinder - Binding entity from annotated class: domain.Proiect
21:23:00.507 [Test worker] DEBUG org.hibernate.cfg.Ejb3Column - Binding column: Ejb3DiscriminatorColumn{logicalColumnName'DTYPE', discriminatorTypeName='string'}
21:23:00.507 [Test worker] DEBUG org.hibernate.cfg.annotations.EntityBinder - Import with entity name Proiect
21:23:00.507 [Test worker] DEBUG org.hibernate.cfg.annotations.EntityBinder - Bind entity domain.Proiect on table proiecte
21:23:00.507 [Test worker] DEBUG org.hibernate.cfg.Ejb3Column - Binding column: Ejb3Column{table=org.hibernate.mapping.Table(proiecte), mappingColumn=id, insertable=true, updatable=true, unique=false}
21:23:00.507 [Test worker] DEBUG org.hibernate.boot.internal.ClassLoaderAccessImpl - Not known whether passed class name [domain.Proiect] is safe
21:23:00.507 [Test worker] DEBUG org.hibernate.boot.internal.ClassLoaderAccessImpl - No temp ClassLoader provided; using live ClassLoader for loading potentially unsafe class : domain.Proiect
21:23:00.507 [Test worker] DEBUG org.hibernate.cfg.annotations.PropertyBinder - MetadataSourceProcessor property id with lazy=false
21:23:00.507 [Test worker] DEBUG org.hibernate.cfg.AbstractPropertyHolder - Attempting to locate auto-apply AttributeConverter for property [domain.Proiect:id]
21:23:00.507 [Test worker] DEBUG org.hibernate.cfg.annotations.SimpleValueBinder - building SimpleValue for id
21:23:00.507 [Test worker] DEBUG org.hibernate.cfg.annotations.PropertyBinder - Building property id
21:23:00.507 [Test worker] DEBUG org.hibernate.cfg.BinderHelper - #makeIdGenerator(org.hibernate.mapping.SimpleValue([org.hibernate.mapping.Column(id)]), id, identity, , ...)
21:23:00.507 [Test worker] DEBUG org.hibernate.cfg.Ejb3Column - Binding column: Ejb3Column{table=org.hibernate.mapping.Table(proiecte), mappingColumn=data_inceput, insertable=true, updatable=true, unique=false}
21:23:00.507 [Test worker] DEBUG org.hibernate.cfg.annotations.PropertyBinder - MetadataSourceProcessor property dataInceput with lazy=false
21:23:00.507 [Test worker] DEBUG org.hibernate.cfg.AbstractPropertyHolder - Attempting to locate auto-apply AttributeConverter for property [domain.Proiect:dataInceput]
21:23:00.507 [Test worker] DEBUG org.hibernate.cfg.annotations.SimpleValueBinder - building SimpleValue for dataInceput
21:23:00.507 [Test worker] DEBUG org.hibernate.cfg.annotations.PropertyBinder - Building property dataInceput
21:23:00.507 [Test worker] DEBUG org.hibernate.cfg.Ejb3Column - Binding column: Ejb3Column{table=org.hibernate.mapping.Table(proiecte), mappingColumn=deadline, insertable=true, updatable=true, unique=false}
21:23:00.507 [Test worker] DEBUG org.hibernate.cfg.annotations.PropertyBinder - MetadataSourceProcessor property deadline with lazy=false
21:23:00.507 [Test worker] DEBUG org.hibernate.cfg.AbstractPropertyHolder - Attempting to locate auto-apply AttributeConverter for property [domain.Proiect:deadline]
21:23:00.507 [Test worker] DEBUG org.hibernate.cfg.annotations.SimpleValueBinder - building SimpleValue for deadline
21:23:00.507 [Test worker] DEBUG org.hibernate.cfg.annotations.PropertyBinder - Building property deadline
21:23:00.507 [Test worker] DEBUG org.hibernate.cfg.annotations.SimpleValueBinder - Starting fillSimpleValue for id
21:23:00.507 [Test worker] DEBUG org.hibernate.cfg.annotations.SimpleValueBinder - Starting fillSimpleValue for dataAngajare
21:23:00.507 [Test worker] DEBUG org.hibernate.cfg.annotations.SimpleValueBinder - Starting fillSimpleValue for idSuperior
21:23:00.507 [Test worker] DEBUG org.hibernate.cfg.annotations.SimpleValueBinder - Starting fillSimpleValue for id
21:23:00.507 [Test worker] DEBUG org.hibernate.cfg.annotations.SimpleValueBinder - Starting fillSimpleValue for dataInceput
21:23:00.507 [Test worker] DEBUG org.hibernate.cfg.annotations.SimpleValueBinder - Starting fillSimpleValue for dataSfarsit
21:23:00.507 [Test worker] DEBUG org.hibernate.cfg.annotations.SimpleValueBinder - Starting fillSimpleValue for id
21:23:00.507 [Test worker] DEBUG org.hibernate.cfg.annotations.SimpleValueBinder - Starting fillSimpleValue for idDirector
21:23:00.507 [Test worker] DEBUG org.hibernate.cfg.annotations.SimpleValueBinder - Starting fillSimpleValue for id
21:23:00.507 [Test worker] DEBUG org.hibernate.cfg.annotations.SimpleValueBinder - Starting fillSimpleValue for salarDeBaza
21:23:00.507 [Test worker] DEBUG org.hibernate.cfg.annotations.SimpleValueBinder - Starting fillSimpleValue for id
21:23:00.507 [Test worker] DEBUG org.hibernate.cfg.annotations.SimpleValueBinder - Starting fillSimpleValue for dataInceput
21:23:00.507 [Test worker] DEBUG org.hibernate.cfg.annotations.SimpleValueBinder - Starting fillSimpleValue for deadline
21:23:00.507 [Test worker] DEBUG org.hibernate.mapping.PrimaryKey - Forcing column [id] to be non-null as it is part of the primary key for table [angajati]
21:23:00.507 [Test worker] DEBUG org.hibernate.mapping.PrimaryKey - Forcing column [id] to be non-null as it is part of the primary key for table [concedii]
21:23:00.507 [Test worker] DEBUG org.hibernate.mapping.PrimaryKey - Forcing column [id] to be non-null as it is part of the primary key for table [departamente]
21:23:00.507 [Test worker] DEBUG org.hibernate.mapping.PrimaryKey - Forcing column [id] to be non-null as it is part of the primary key for table [functii]
21:23:00.507 [Test worker] DEBUG org.hibernate.mapping.PrimaryKey - Forcing column [id] to be non-null as it is part of the primary key for table [proiecte]
21:23:00.507 [Test worker] DEBUG org.hibernate.cfg.CollectionSecondPass - Second pass for collection: domain.Angajat.proiecte
21:23:00.507 [Test worker] DEBUG org.hibernate.cfg.annotations.CollectionBinder - Binding as ManyToMany: domain.Angajat.proiecte
21:23:00.507 [Test worker] DEBUG org.hibernate.mapping.PrimaryKey - Forcing column [id_angajat] to be non-null as it is part of the primary key for table [angajati_proiecte]
21:23:00.507 [Test worker] DEBUG org.hibernate.mapping.PrimaryKey - Forcing column [id_proiect] to be non-null as it is part of the primary key for table [angajati_proiecte]
21:23:00.507 [Test worker] DEBUG org.hibernate.cfg.CollectionSecondPass - Mapped collection key: id_angajat, element: id_proiect
21:23:00.507 [Test worker] DEBUG org.hibernate.cfg.CollectionSecondPass - Second pass for collection: domain.Angajat.departamente
21:23:00.507 [Test worker] DEBUG org.hibernate.cfg.annotations.CollectionBinder - Binding as ManyToMany: domain.Angajat.departamente
21:23:00.507 [Test worker] DEBUG org.hibernate.mapping.PrimaryKey - Forcing column [id_angajat] to be non-null as it is part of the primary key for table [angajati_departamente]
21:23:00.507 [Test worker] DEBUG org.hibernate.mapping.PrimaryKey - Forcing column [id_departament] to be non-null as it is part of the primary key for table [angajati_departamente]
21:23:00.507 [Test worker] DEBUG org.hibernate.cfg.CollectionSecondPass - Mapped collection key: id_angajat, element: id_departament
21:23:00.507 [Test worker] DEBUG org.hibernate.cfg.CollectionSecondPass - Second pass for collection: domain.Angajat.concedii
21:23:00.507 [Test worker] DEBUG org.hibernate.cfg.annotations.CollectionBinder - Binding a OneToMany: domain.Angajat.concedii through a foreign key
21:23:00.507 [Test worker] DEBUG org.hibernate.cfg.annotations.CollectionBinder - Mapping collection: domain.Angajat.concedii -> concedii
21:23:00.507 [Test worker] DEBUG org.hibernate.cfg.annotations.TableBinder - Retrieving property domain.Concediu.angajat
21:23:00.507 [Test worker] DEBUG org.hibernate.cfg.CollectionSecondPass - Mapped collection key: id_angajat, one-to-many: domain.Concediu
21:23:00.507 [Test worker] DEBUG org.hibernate.boot.internal.InFlightMetadataCollectorImpl - Resolving reference to class: domain.Functie
21:23:00.507 [Test worker] DEBUG org.hibernate.boot.internal.InFlightMetadataCollectorImpl - Resolving reference to class: domain.Departament
21:23:00.507 [Test worker] DEBUG org.hibernate.boot.internal.InFlightMetadataCollectorImpl - Resolving reference to class: domain.Angajat
21:23:00.507 [Test worker] DEBUG org.hibernate.boot.internal.InFlightMetadataCollectorImpl - Resolving reference to class: domain.Proiect
21:23:00.523 [Test worker] DEBUG org.hibernate.boot.internal.InFlightMetadataCollectorImpl - Resolving reference to class: domain.Angajat
21:23:00.523 [Test worker] DEBUG org.hibernate.boot.internal.InFlightMetadataCollectorImpl - Resolving reference to class: domain.Angajat
21:23:00.523 [Test worker] DEBUG org.hibernate.boot.internal.InFlightMetadataCollectorImpl - Resolving reference to class: domain.Functie
21:23:00.523 [Test worker] DEBUG org.hibernate.boot.internal.InFlightMetadataCollectorImpl - Resolving reference to class: domain.Departament
21:23:00.523 [Test worker] DEBUG org.hibernate.boot.internal.InFlightMetadataCollectorImpl - Resolving reference to class: domain.Angajat
21:23:00.523 [Test worker] DEBUG org.hibernate.boot.internal.InFlightMetadataCollectorImpl - Resolving reference to class: domain.Proiect
21:23:00.523 [Test worker] DEBUG org.hibernate.boot.internal.InFlightMetadataCollectorImpl - Resolving reference to class: domain.Angajat
21:23:00.523 [Test worker] DEBUG org.hibernate.boot.internal.InFlightMetadataCollectorImpl - Resolving reference to class: domain.Angajat
21:23:00.523 [Test worker] DEBUG org.hibernate.internal.SessionFactoryImpl - Building session factory
21:23:00.523 [Test worker] DEBUG org.hibernate.cfg.Settings - SessionFactory name : null
21:23:00.523 [Test worker] DEBUG org.hibernate.cfg.Settings - Automatic flush during beforeCompletion(): enabled
21:23:00.523 [Test worker] DEBUG org.hibernate.cfg.Settings - Automatic session close at end of transaction: disabled
21:23:00.523 [Test worker] DEBUG org.hibernate.cfg.Settings - Statistics: disabled
21:23:00.523 [Test worker] DEBUG org.hibernate.cfg.Settings - Deleted entity synthetic identifier rollback: disabled
21:23:00.523 [Test worker] DEBUG org.hibernate.cfg.Settings - Default entity-mode: pojo
21:23:00.523 [Test worker] DEBUG org.hibernate.cfg.Settings - Check Nullability in Core (should be disabled when Bean Validation is on): enabled
21:23:00.523 [Test worker] DEBUG org.hibernate.cfg.Settings - Allow initialization of lazy state outside session : enabled
21:23:00.523 [Test worker] DEBUG org.hibernate.cfg.Settings - Using BatchFetchStyle : LEGACY
21:23:00.523 [Test worker] DEBUG org.hibernate.cfg.Settings - Default batch fetch size: -1
21:23:00.523 [Test worker] DEBUG org.hibernate.cfg.Settings - Maximum outer join fetch depth: null
21:23:00.523 [Test worker] DEBUG org.hibernate.cfg.Settings - Default null ordering: NONE
21:23:00.523 [Test worker] DEBUG org.hibernate.cfg.Settings - Order SQL updates by primary key: disabled
21:23:00.523 [Test worker] DEBUG org.hibernate.cfg.Settings - Order SQL inserts for batching: disabled
21:23:00.523 [Test worker] DEBUG org.hibernate.cfg.Settings - multi-tenancy strategy : NONE
21:23:00.523 [Test worker] DEBUG org.hibernate.cfg.Settings - JTA Track by Thread: enabled
21:23:00.523 [Test worker] DEBUG org.hibernate.cfg.Settings - Query language substitutions: {}
21:23:00.523 [Test worker] DEBUG org.hibernate.cfg.Settings - Named query checking : enabled
21:23:00.523 [Test worker] DEBUG org.hibernate.cfg.Settings - Second-level cache: disabled
21:23:00.523 [Test worker] DEBUG org.hibernate.cfg.Settings - Second-level query cache: disabled
21:23:00.523 [Test worker] DEBUG org.hibernate.cfg.Settings - Second-level query cache factory: null
21:23:00.523 [Test worker] DEBUG org.hibernate.cfg.Settings - Second-level cache region prefix: null
21:23:00.523 [Test worker] DEBUG org.hibernate.cfg.Settings - Optimize second-level cache for minimal puts: disabled
21:23:00.523 [Test worker] DEBUG org.hibernate.cfg.Settings - Structured second-level cache entries: disabled
21:23:00.523 [Test worker] DEBUG org.hibernate.cfg.Settings - Second-level cache direct-reference entries: disabled
21:23:00.523 [Test worker] DEBUG org.hibernate.cfg.Settings - Automatic eviction of collection cache: disabled
21:23:00.523 [Test worker] DEBUG org.hibernate.cfg.Settings - JDBC batch size: 0
21:23:00.523 [Test worker] DEBUG org.hibernate.cfg.Settings - JDBC batch updates for versioned data: enabled
21:23:00.523 [Test worker] DEBUG org.hibernate.cfg.Settings - Scrollable result sets: disabled
21:23:00.523 [Test worker] DEBUG org.hibernate.cfg.Settings - Wrap result sets: disabled
21:23:00.523 [Test worker] DEBUG org.hibernate.cfg.Settings - JDBC3 getGeneratedKeys(): enabled
21:23:00.523 [Test worker] DEBUG org.hibernate.cfg.Settings - JDBC result set fetch size: null
21:23:00.523 [Test worker] DEBUG org.hibernate.cfg.Settings - Connection release mode: AFTER_TRANSACTION
21:23:00.523 [Test worker] DEBUG org.hibernate.cfg.Settings - Generate SQL with comments: disabled
21:23:00.523 [Test worker] DEBUG org.hibernate.cfg.Settings - JPA compliance - query : disabled
21:23:00.523 [Test worker] DEBUG org.hibernate.cfg.Settings - JPA compliance - closed-handling : disabled
21:23:00.523 [Test worker] DEBUG org.hibernate.cfg.Settings - JPA compliance - lists : disabled
21:23:00.523 [Test worker] DEBUG org.hibernate.cfg.Settings - JPA compliance - transactions : disabled
21:23:00.523 [Test worker] DEBUG org.hibernate.internal.SessionFactoryImpl - Session factory constructed with filter configurations : {}
21:23:00.523 [Test worker] DEBUG org.hibernate.internal.SessionFactoryImpl - Instantiating session factory with properties: {sun.desktop=windows, awt.toolkit=sun.awt.windows.WToolkit, dialect=utils.SQLiteDialect, java.specification.version=11, sun.cpu.isalist=amd64, sun.jnu.encoding=Cp1250, hibernate.dialect=utils.SQLiteDialect, org.gradle.test.worker=3, java.class.path=C:\\Users\\Dan\\.gradle\\caches\\6.8\\workerMain\\gradle-worker.jar;D:\\Facultate\\Projects\\OrganizareCompanie\\build\\classes\\java\\test;D:\\Facultate\\Projects\\OrganizareCompanie\\build\\resources\\test;D:\\Facultate\\Projects\\OrganizareCompanie\\build\\classes\\java\\main;D:\\Facultate\\Projects\\OrganizareCompanie\\build\\resources\\main;C:\\Users\\Dan\\.gradle\\caches\\modules-2\\files-2.1\\org.springframework.boot\\spring-boot-starter-web\\2.4.3\\4f5554ea183af87e52d8c31bb82aada0d74c40b0\\spring-boot-starter-web-2.4.3.jar;C:\\Users\\Dan\\.gradle\\caches\\modules-2\\files-2.1\\org.xerial\\sqlite-jdbc\\3.34.0\\fd29bb0124e3f79c80b2753162a6a3873c240bcf\\sqlite-jdbc-3.34.0.jar;C:\\Users\\Dan\\.gradle\\caches\\modules-2\\files-2.1\\org.hibernate\\hibernate-java8\\5.1.0.Final\\2bb534acab4f8485a821f0e4d6a2c8df617ee86a\\hibernate-java8-5.1.0.Final.jar;C:\\Users\\Dan\\.gradle\\caches\\modules-2\\files-2.1\\org.hibernate\\hibernate-core\\5.4.29.Final\\74b7c9ad3cb57ae4fd0187480a76f137a7fc3f38\\hibernate-core-5.4.29.Final.jar;C:\\Users\\Dan\\.gradle\\caches\\modules-2\\files-2.1\\org.junit.platform\\junit-platform-engine\\1.7.0\\eadb73c5074a4ac71061defd00fc176152a4d12c\\junit-platform-engine-1.7.0.jar;C:\\Users\\Dan\\.gradle\\caches\\modules-2\\files-2.1\\org.junit.platform\\junit-platform-commons\\1.7.0\\84e309fbf21d857aac079a3c1fffd84284e1114d\\junit-platform-commons-1.7.0.jar;C:\\Users\\Dan\\.gradle\\caches\\modules-2\\files-2.1\\org.junit.jupiter\\junit-jupiter-engine\\5.7.0\\d9044d6b45e2232ddd53fa56c15333e43d1749fd\\junit-jupiter-engine-5.7.0.jar;C:\\Users\\Dan\\.gradle\\caches\\modules-2\\files-2.1\\org.junit.jupiter\\junit-jupiter-api\\5.7.0\\b25f3815c4c1860a73041e733a14a0379d00c4d5\\junit-jupiter-api-5.7.0.jar;C:\\Users\\Dan\\.gradle\\caches\\modules-2\\files-2.1\\org.springframework.boot\\spring-boot-starter-json\\2.4.3\\7b26abb0a0379a00b58a2a50e010b29cf4f16b80\\spring-boot-starter-json-2.4.3.jar;C:\\Users\\Dan\\.gradle\\caches\\modules-2\\files-2.1\\org.springframework.boot\\spring-boot-starter\\2.4.3\\fd8bc0fb5f5aaefb4d6c8b77eb61563aab840c11\\spring-boot-starter-2.4.3.jar;C:\\Users\\Dan\\.gradle\\caches\\modules-2\\files-2.1\\org.springframework.boot\\spring-boot-starter-tomcat\\2.4.3\\4ba28aae05a259625e7e92f8e7338c5e1d22de35\\spring-boot-starter-tomcat-2.4.3.jar;C:\\Users\\Dan\\.gradle\\caches\\modules-2\\files-2.1\\org.springframework\\spring-webmvc\\5.3.4\\8dd52fbe8eafcc7c80998087ec6635baf7a98c20\\spring-webmvc-5.3.4.jar;C:\\Users\\Dan\\.gradle\\caches\\modules-2\\files-2.1\\org.springframework\\spring-web\\5.3.4\\d93829e24a50ed22e781f2302680a210cac5ee84\\spring-web-5.3.4.jar;C:\\Users\\Dan\\.gradle\\caches\\modules-2\\files-2.1\\org.hibernate.common\\hibernate-commons-annotations\\5.1.2.Final\\e59ffdbc6ad09eeb33507b39ffcf287679a498c8\\hibernate-commons-annotations-5.1.2.Final.jar;C:\\Users\\Dan\\.gradle\\caches\\modules-2\\files-2.1\\org.jboss.logging\\jboss-logging\\3.4.1.Final\\40fd4d696c55793e996d1ff3c475833f836c2498\\jboss-logging-3.4.1.Final.jar;C:\\Users\\Dan\\.gradle\\caches\\modules-2\\files-2.1\\javax.persistence\\javax.persistence-api\\2.2\\25665ac8c0b62f50e6488173233239120fc52c96\\javax.persistence-api-2.2.jar;C:\\Users\\Dan\\.gradle\\caches\\modules-2\\files-2.1\\org.javassist\\javassist\\3.27.0-GA\\f63e6aa899e15eca8fdaa402a79af4c417252213\\javassist-3.27.0-GA.jar;C:\\Users\\Dan\\.gradle\\caches\\modules-2\\files-2.1\\net.bytebuddy\\byte-buddy\\1.10.21\\5abe8e141cac9d50a721a22d9c188b3bf19ad0aa\\byte-buddy-1.10.21.jar;C:\\Users\\Dan\\.gradle\\caches\\modules-2\\files-2.1\\antlr\\antlr\\2.7.7\\83cd2cd674a217ade95a4bb83a8a14f351f48bd0\\antlr-2.7.7.jar;C:\\Users\\Dan\\.gradle\\caches\\modules-2\\files-2.1\\org.jboss.spec.javax.transaction\\jboss-transaction-api_1.2_spec\\1.1.1.Final\\a8485cab9484dda36e9a8c319e76b5cc18797b58\\jboss-transaction-api_1.2_spec-1.1.1.Final.jar;C:\\Users\\Dan\\.gradle\\caches\\modules-2\\files-2.1\\org.jboss\\jandex\\2.2.3.Final\\d3865101f0666b63586683bd811d754517f331ab\\jandex-2.2.3.Final.jar;C:\\Users\\Dan\\.gradle\\caches\\modules-2\\files-2.1\\com.fasterxml\\classmate\\1.5.1\\3fe0bed568c62df5e89f4f174c101eab25345b6c\\classmate-1.5.1.jar;C:\\Users\\Dan\\.gradle\\caches\\modules-2\\files-2.1\\org.glassfish.jaxb\\jaxb-runtime\\2.3.1\\dd6dda9da676a54c5b36ca2806ff95ee017d8738\\jaxb-runtime-2.3.1.jar;C:\\Users\\Dan\\.gradle\\caches\\modules-2\\files-2.1\\javax.xml.bind\\jaxb-api\\2.3.1\\8531ad5ac454cc2deb9d4d32c40c4d7451939b5d\\jaxb-api-2.3.1.jar;C:\\Users\\Dan\\.gradle\\caches\\modules-2\\files-2.1\\javax.activation\\javax.activation-api\\1.2.0\\85262acf3ca9816f9537ca47d5adeabaead7cb16\\javax.activation-api-1.2.0.jar;C:\\Users\\Dan\\.gradle\\caches\\modules-2\\files-2.1\\org.dom4j\\dom4j\\2.1.3\\a75914155a9f5808963170ec20653668a2ffd2fd\\dom4j-2.1.3.jar;C:\\Users\\Dan\\.gradle\\caches\\modules-2\\files-2.1\\org.apiguardian\\apiguardian-api\\1.1.0\\fc9dff4bb36d627bdc553de77e1f17efd790876c\\apiguardian-api-1.1.0.jar;C:\\Users\\Dan\\.gradle\\caches\\modules-2\\files-2.1\\org.opentest4j\\opentest4j\\1.2.0\\28c11eb91f9b6d8e200631d46e20a7f407f2a046\\opentest4j-1.2.0.jar;C:\\Users\\Dan\\.gradle\\caches\\modules-2\\files-2.1\\org.springframework.boot\\spring-boot-autoconfigure\\2.4.3\\2f8e1e682e55f70c8ea557982c7adb1256f41bcf\\spring-boot-autoconfigure-2.4.3.jar;C:\\Users\\Dan\\.gradle\\caches\\modules-2\\files-2.1\\org.springframework.boot\\spring-boot\\2.4.3\\de2bd17a8eb9bc3dfa629aa06f2e9fe3bf603c85\\spring-boot-2.4.3.jar;C:\\Users\\Dan\\.gradle\\caches\\modules-2\\files-2.1\\org.springframework.boot\\spring-boot-starter-logging\\2.4.3\\64687abc2255d18cd6592cbb20fa3bee3379cec8\\spring-boot-starter-logging-2.4.3.jar;C:\\Users\\Dan\\.gradle\\caches\\modules-2\\files-2.1\\jakarta.annotation\\jakarta.annotation-api\\1.3.5\\59eb84ee0d616332ff44aba065f3888cf002cd2d\\jakarta.annotation-api-1.3.5.jar;C:\\Users\\Dan\\.gradle\\caches\\modules-2\\files-2.1\\org.springframework\\spring-context\\5.3.4\\fbeadeb0e4d272599a938ec345e99e5f9a76e919\\spring-context-5.3.4.jar;C:\\Users\\Dan\\.gradle\\caches\\modules-2\\files-2.1\\org.springframework\\spring-aop\\5.3.4\\b7180a6427ab524bc1cbd31bf38dd2182632515f\\spring-aop-5.3.4.jar;C:\\Users\\Dan\\.gradle\\caches\\modules-2\\files-2.1\\org.springframework\\spring-beans\\5.3.4\\ac6c5ea0ba82f555405f74104cf378f8071c6d25\\spring-beans-5.3.4.jar;C:\\Users\\Dan\\.gradle\\caches\\modules-2\\files-2.1\\org.springframework\\spring-expression\\5.3.4\\42b71fa955e43a86471509aef14cefe756fc3794\\spring-expression-5.3.4.jar;C:\\Users\\Dan\\.gradle\\caches\\modules-2\\files-2.1\\org.springframework\\spring-core\\5.3.4\\46c1f8abd9e02a292c42a257350f365cec152b5d\\spring-core-5.3.4.jar;C:\\Users\\Dan\\.gradle\\caches\\modules-2\\files-2.1\\org.yaml\\snakeyaml\\1.27\\359d62567480b07a679dc643f82fc926b100eed5\\snakeyaml-1.27.jar;C:\\Users\\Dan\\.gradle\\caches\\modules-2\\files-2.1\\com.fasterxml.jackson.datatype\\jackson-datatype-jdk8\\2.11.4\\e1540dea3c6c681ea4e335a960f730861ee3bedb\\jackson-datatype-jdk8-2.11.4.jar;C:\\Users\\Dan\\.gradle\\caches\\modules-2\\files-2.1\\com.fasterxml.jackson.datatype\\jackson-datatype-jsr310\\2.11.4\\ce6fc76bba06623720e5a9308386b6ae74753f4d\\jackson-datatype-jsr310-2.11.4.jar;C:\\Users\\Dan\\.gradle\\caches\\modules-2\\files-2.1\\com.fasterxml.jackson.module\\jackson-module-parameter-names\\2.11.4\\432e050d79f2282a66c320375d628f1b0842cb12\\jackson-module-parameter-names-2.11.4.jar;C:\\Users\\Dan\\.gradle\\caches\\modules-2\\files-2.1\\com.fasterxml.jackson.core\\jackson-databind\\2.11.4\\5d9f3d441f99d721b957e3497f0a6465c764fad4\\jackson-databind-2.11.4.jar;C:\\Users\\Dan\\.gradle\\caches\\modules-2\\files-2.1\\org.apache.tomcat.embed\\tomcat-embed-websocket\\9.0.43\\78232648dde1a5fd5093f0a3999e593d208e2eab\\tomcat-embed-websocket-9.0.43.jar;C:\\Users\\Dan\\.gradle\\caches\\modules-2\\files-2.1\\org.apache.tomcat.embed\\tomcat-embed-core\\9.0.43\\1d102277426bdd5b12f048731a91665bb69347d1\\tomcat-embed-core-9.0.43.jar;C:\\Users\\Dan\\.gradle\\caches\\modules-2\\files-2.1\\org.glassfish\\jakarta.el\\3.0.3\\dab46ee1ee23f7197c13d7c40fce14817c9017df\\jakarta.el-3.0.3.jar;C:\\Users\\Dan\\.gradle\\caches\\modules-2\\files-2.1\\org.glassfish.jaxb\\txw2\\2.3.1\\a09d2c48d3285f206fafbffe0e50619284e92126\\txw2-2.3.1.jar;C:\\Users\\Dan\\.gradle\\caches\\modules-2\\files-2.1\\com.sun.istack\\istack-commons-runtime\\3.0.7\\c197c86ceec7318b1284bffb49b54226ca774003\\istack-commons-runtime-3.0.7.jar;C:\\Users\\Dan\\.gradle\\caches\\modules-2\\files-2.1\\org.jvnet.staxex\\stax-ex\\1.8\\8cc35f73da321c29973191f2cf143d29d26a1df7\\stax-ex-1.8.jar;C:\\Users\\Dan\\.gradle\\caches\\modules-2\\files-2.1\\com.sun.xml.fastinfoset\\FastInfoset\\1.2.15\\bb7b7ec0379982b97c62cd17465cb6d9155f68e8\\FastInfoset-1.2.15.jar;C:\\Users\\Dan\\.gradle\\caches\\modules-2\\files-2.1\\ch.qos.logback\\logback-classic\\1.2.3\\7c4f3c474fb2c041d8028740440937705ebb473a\\logback-classic-1.2.3.jar;C:\\Users\\Dan\\.gradle\\caches\\modules-2\\files-2.1\\org.apache.logging.log4j\\log4j-to-slf4j\\2.13.3\\966f6fd1af4959d6b12bfa880121d4a2b164f857\\log4j-to-slf4j-2.13.3.jar;C:\\Users\\Dan\\.gradle\\caches\\modules-2\\files-2.1\\org.slf4j\\jul-to-slf4j\\1.7.30\\d58bebff8cbf70ff52b59208586095f467656c30\\jul-to-slf4j-1.7.30.jar;C:\\Users\\Dan\\.gradle\\caches\\modules-2\\files-2.1\\org.springframework\\spring-jcl\\5.3.4\\ca012eb4e9e57f767aa9d5e51fe9a09b28140808\\spring-jcl-5.3.4.jar;C:\\Users\\Dan\\.gradle\\caches\\modules-2\\files-2.1\\com.fasterxml.jackson.core\\jackson-annotations\\2.11.4\\2c3f5c079330f3a01726686a078979420f547ae4\\jackson-annotations-2.11.4.jar;C:\\Users\\Dan\\.gradle\\caches\\modules-2\\files-2.1\\com.fasterxml.jackson.core\\jackson-core\\2.11.4\\593f7b18bab07a76767f181e2a2336135ce82cc4\\jackson-core-2.11.4.jar;C:\\Users\\Dan\\.gradle\\caches\\modules-2\\files-2.1\\ch.qos.logback\\logback-core\\1.2.3\\864344400c3d4d92dfeb0a305dc87d953677c03c\\logback-core-1.2.3.jar;C:\\Users\\Dan\\.gradle\\caches\\modules-2\\files-2.1\\org.slf4j\\slf4j-api\\1.7.30\\b5a4b6d16ab13e34a88fae84c35cd5d68cac922c\\slf4j-api-1.7.30.jar;C:\\Users\\Dan\\.gradle\\caches\\modules-2\\files-2.1\\org.apache.logging.log4j\\log4j-api\\2.13.3\\ec1508160b93d274b1add34419b897bae84c6ca9\\log4j-api-2.13.3.jar, java.vm.vendor=Oracle Corporation, sun.arch.data.model=64, user.variant=, java.vendor.url=http://java.oracle.com/, user.timezone=Europe/Athens, os.name=Windows 10, java.vm.specification.version=11, user.country=US, sun.java.launcher=SUN_STANDARD, sun.boot.library.path=C:\Program Files\Java\jdk-11.0.6\bin, sun.java.command=worker.org.gradle.process.internal.worker.GradleWorkerMain 'Gradle Test Executor 3', jdk.debug=release, sun.cpu.endian=little, user.home=C:\Users\Dan, user.language=en, java.specification.vendor=Oracle Corporation, org.gradle.native=false, java.version.date=2020-01-14, java.home=C:\Program Files\Java\jdk-11.0.6, file.separator=\, java.vm.compressedOopsMode=32-bit, line.separator=
, java.specification.name=Java Platform API Specification, java.vm.specification.vendor=Oracle Corporation, java.awt.graphicsenv=sun.awt.Win32GraphicsEnvironment, hibernate.hbm2ddl.auto=update, user.script=, sun.management.compiler=HotSpot 64-Bit Tiered Compilers, java.runtime.version=11.0.6+8-LTS, user.name=Dan, path.separator=;, hibernate.connection.username=****, os.version=10.0, hibernate.enable_lazy_load_no_trans=true, java.runtime.name=Java(TM) SE Runtime Environment, hibernate.connection.url=jdbc:sqlite:D:\Facultate\Projects\OrganizareCompanie\database, file.encoding=windows-1250, java.vm.name=Java HotSpot(TM) 64-Bit Server VM, hibernate.show_sql=true, java.vendor.version=18.9, hibernate.current_session_context_class=thread, hibernate.connection.driver_class=org.sqlite.JDBC, java.vendor.url.bug=http://bugreport.java.com/bugreport/, java.io.tmpdir=C:\Users\Dan\AppData\Local\Temp\, java.version=11.0.6, user.dir=D:\Facultate\Projects\OrganizareCompanie, os.arch=amd64, java.vm.specification.name=Java Virtual Machine Specification, java.awt.printerjob=sun.awt.windows.WPrinterJob, hibernate.connection.password=****, sun.os.patch.level=, connection.driver_class=org.sqlite.JDBC, hibernate.boot.CfgXmlAccessService.key=org.hibernate.boot.cfgxml.spi.LoadedConfig@1aa7eac1, java.library.path=C:\Program Files\Java\jdk-11.0.6\bin;C:\WINDOWS\Sun\Java\bin;C:\WINDOWS\system32;C:\WINDOWS;;C:\Python38\Scripts\;C:\Python38\;D:\Facultate\Scripts\;D:\Facultate\;C:\Users\Dan\Desktop\Facultate 2018-2019\Semestrul I\Fundamentele programarii\Python\Scripts\;C:\Users\Dan\Desktop\Facultate 2018-2019\Semestrul I\Fundamentele programarii\Python\;C:\Users\Dan\Desktop\Facultate 2018-2019\Semestrul I\Fundamentele programarii\Scripts\;C:\Users\Dan\Desktop\Facultate 2018-2019\Semestrul I\Fundamentele programarii\;C:\WINDOWS\system32;C:\WINDOWS;C:\WINDOWS\System32\Wbem;C:\WINDOWS\System32\WindowsPowerShell\v1.0\;C:\WINDOWS\System32\OpenSSH\;D:\Facultate\PuTTY\;C:\Program Files\dotnet\;C:\Program Files\Microsoft SQL Server\Client SDK\ODBC\170\Tools\Binn\;C:\Users\Dan\Proto\bin;D:\Facultate\NodeJS\;C:\ProgramData\chocolatey\bin;C:\Program Files\Git\cmd;C:\Program Files\Java\jdk-10.0.2\bin;C:\Program Files (x86)\GnuWin32\bin;C:\MinGW\bin;C:\Program Files\Java\jdk-11.0.6\bin;C:\WINDOWS\system32;C:\WINDOWS;C:\WINDOWS\System32\Wbem;C:\WINDOWS\System32\WindowsPowerShell\v1.0\;C:\WINDOWS\System32\OpenSSH\;C:\Program Files\Intel\WiFi\bin\;C:\Program Files\Common Files\Intel\WirelessCommon\;D:\Facultate\Python\Scripts\;D:\Facultate\Python\;C:\Users\Dan\AppData\Local\Microsoft\WindowsApps;C:\Users\Dan\AppData\Local\GitHubDesktop\bin;C:\Users\Dan\AppData\Roaming\npm;D:\Facultate\Microsoft VS Code\bin;C:\Users\Dan\AppData\Local\Microsoft\WindowsApps;C:\Users\Dan\Documents\driver;;., java.vendor=Oracle Corporation, java.vm.info=mixed mode, java.vm.version=11.0.6+8-LTS, hibernate.bytecode.use_reflection_optimizer=false, sun.io.unicode.encoding=UnicodeLittle, hibernate.connection.pool_size=1, connection.url=jdbc:sqlite:D:\Facultate\Projects\OrganizareCompanie\database, java.class.version=55.0}
21:23:00.523 [Test worker] DEBUG org.hibernate.secure.spi.JaccIntegrator - Skipping JACC integration as it was not enabled
21:23:00.523 [Test worker] DEBUG org.hibernate.internal.SessionFactoryImpl - Instantiated session factory
21:23:00.523 [Test worker] DEBUG org.hibernate.type.spi.TypeConfiguration$Scope - Scoping TypeConfiguration [org.hibernate.type.spi.TypeConfiguration@16adf2c4] to SessionFactoryImpl [org.hibernate.internal.SessionFactoryImpl@519a6099]
21:23:00.523 [Test worker] DEBUG org.hibernate.boot.internal.ClassLoaderAccessImpl - Not known whether passed class name [domain.Functie] is safe
21:23:00.523 [Test worker] DEBUG org.hibernate.boot.internal.ClassLoaderAccessImpl - No temp ClassLoader provided; using live ClassLoader for loading potentially unsafe class : domain.Functie
21:23:00.523 [Test worker] DEBUG org.hibernate.boot.internal.ClassLoaderAccessImpl - Not known whether passed class name [domain.Departament] is safe
21:23:00.523 [Test worker] DEBUG org.hibernate.boot.internal.ClassLoaderAccessImpl - No temp ClassLoader provided; using live ClassLoader for loading potentially unsafe class : domain.Departament
21:23:00.523 [Test worker] DEBUG org.hibernate.boot.internal.ClassLoaderAccessImpl - Not known whether passed class name [domain.Angajat] is safe
21:23:00.523 [Test worker] DEBUG org.hibernate.boot.internal.ClassLoaderAccessImpl - No temp ClassLoader provided; using live ClassLoader for loading potentially unsafe class : domain.Angajat
21:23:00.538 [Test worker] DEBUG org.hibernate.boot.internal.ClassLoaderAccessImpl - Not known whether passed class name [domain.Proiect] is safe
21:23:00.538 [Test worker] DEBUG org.hibernate.boot.internal.ClassLoaderAccessImpl - No temp ClassLoader provided; using live ClassLoader for loading potentially unsafe class : domain.Proiect
21:23:00.538 [Test worker] DEBUG org.hibernate.boot.internal.ClassLoaderAccessImpl - Not known whether passed class name [domain.Concediu] is safe
21:23:00.538 [Test worker] DEBUG org.hibernate.boot.internal.ClassLoaderAccessImpl - No temp ClassLoader provided; using live ClassLoader for loading potentially unsafe class : domain.Concediu
21:23:00.538 [Test worker] DEBUG org.hibernate.persister.collection.AbstractCollectionPersister - Static SQL for collection: domain.Angajat.proiecte
21:23:00.538 [Test worker] DEBUG org.hibernate.persister.collection.AbstractCollectionPersister -  Row insert: insert into angajati_proiecte (id_angajat, id_proiect) values (?, ?)
21:23:00.538 [Test worker] DEBUG org.hibernate.persister.collection.AbstractCollectionPersister -  Row update: update angajati_proiecte set id_proiect=? where id_angajat=? and id_proiect=?
21:23:00.538 [Test worker] DEBUG org.hibernate.persister.collection.AbstractCollectionPersister -  Row delete: delete from angajati_proiecte where id_angajat=? and id_proiect=?
21:23:00.538 [Test worker] DEBUG org.hibernate.persister.collection.AbstractCollectionPersister -  One-shot delete: delete from angajati_proiecte where id_angajat=?
21:23:00.538 [Test worker] DEBUG org.hibernate.persister.collection.AbstractCollectionPersister - Static SQL for collection: domain.Angajat.concedii
21:23:00.538 [Test worker] DEBUG org.hibernate.persister.collection.AbstractCollectionPersister -  Row insert: update concedii set id_angajat=? where id=?
21:23:00.538 [Test worker] DEBUG org.hibernate.persister.collection.AbstractCollectionPersister -  Row update: update concedii set  where id=?
21:23:00.538 [Test worker] DEBUG org.hibernate.persister.collection.AbstractCollectionPersister -  Row delete: update concedii set id_angajat=null where id_angajat=? and id=?
21:23:00.538 [Test worker] DEBUG org.hibernate.persister.collection.AbstractCollectionPersister -  One-shot delete: update concedii set id_angajat=null where id_angajat=?
21:23:00.538 [Test worker] DEBUG org.hibernate.persister.collection.AbstractCollectionPersister - Static SQL for collection: domain.Angajat.departamente
21:23:00.538 [Test worker] DEBUG org.hibernate.persister.collection.AbstractCollectionPersister -  Row insert: insert into angajati_departamente (id_angajat, id_departament) values (?, ?)
21:23:00.538 [Test worker] DEBUG org.hibernate.persister.collection.AbstractCollectionPersister -  Row update: update angajati_departamente set id_departament=? where id_angajat=? and id_departament=?
21:23:00.538 [Test worker] DEBUG org.hibernate.persister.collection.AbstractCollectionPersister -  Row delete: delete from angajati_departamente where id_angajat=? and id_departament=?
21:23:00.538 [Test worker] DEBUG org.hibernate.persister.collection.AbstractCollectionPersister -  One-shot delete: delete from angajati_departamente where id_angajat=?
21:23:00.538 [Test worker] DEBUG org.hibernate.persister.entity.AbstractEntityPersister - Static SQL for entity: domain.Functie
21:23:00.538 [Test worker] DEBUG org.hibernate.persister.entity.AbstractEntityPersister -  Version select: select id from functii where id =?
21:23:00.538 [Test worker] DEBUG org.hibernate.persister.entity.AbstractEntityPersister -  Snapshot select: select functie_.id, functie_.salar_de_baza as salar_de2_5_ from functii functie_ where functie_.id=?
21:23:00.538 [Test worker] DEBUG org.hibernate.persister.entity.AbstractEntityPersister -  Insert 0: insert into functii (salar_de_baza, id) values (?, ?)
21:23:00.538 [Test worker] DEBUG org.hibernate.persister.entity.AbstractEntityPersister -  Update 0: update functii set salar_de_baza=? where id=?
21:23:00.538 [Test worker] DEBUG org.hibernate.persister.entity.AbstractEntityPersister -  Delete 0: delete from functii where id=?
21:23:00.538 [Test worker] DEBUG org.hibernate.persister.entity.AbstractEntityPersister -  Identity insert: insert into functii (salar_de_baza) values (?)
21:23:00.538 [Test worker] DEBUG org.hibernate.loader.plan.build.internal.spaces.QuerySpacesImpl - Adding QuerySpace : uid = <gen:0> -> org.hibernate.loader.plan.build.internal.spaces.EntityQuerySpaceImpl@6e8e2e85]
21:23:00.538 [Test worker] DEBUG org.hibernate.persister.walking.spi.MetamodelGraphWalker - Visiting attribute path : salarDeBaza
21:23:00.538 [Test worker] DEBUG org.hibernate.loader.plan.build.internal.FetchStyleLoadPlanBuildingAssociationVisitationStrategy - Building LoadPlan...
21:23:00.538 [Test worker] DEBUG org.hibernate.loader.plan.exec.internal.LoadQueryJoinAndFetchProcessor - processing queryspace <gen:0>
21:23:00.538 [Test worker] DEBUG org.hibernate.loader.plan.build.spi.LoadPlanTreePrinter - LoadPlan(entity=domain.Functie)
    - Returns
       - EntityReturnImpl(entity=domain.Functie, querySpaceUid=<gen:0>, path=domain.Functie)
    - QuerySpaces
       - EntityQuerySpaceImpl(uid=<gen:0>, entity=domain.Functie)
          - SQL table alias mapping - functie0_
          - alias suffix - 0_
          - suffixed key columns - {id1_5_0_}

21:23:00.538 [Test worker] DEBUG org.hibernate.loader.entity.plan.EntityLoader - Static select for entity domain.Functie [NONE]: select functie0_.id as id1_5_0_, functie0_.salar_de_baza as salar_de2_5_0_ from functii functie0_ where functie0_.id=?
21:23:00.538 [Test worker] DEBUG org.hibernate.persister.entity.AbstractEntityPersister - Static SQL for entity: domain.Departament
21:23:00.538 [Test worker] DEBUG org.hibernate.persister.entity.AbstractEntityPersister -  Version select: select id from departamente where id =?
21:23:00.538 [Test worker] DEBUG org.hibernate.persister.entity.AbstractEntityPersister -  Snapshot select: select departamen_.id, departamen_.id_director as id_direc2_4_ from departamente departamen_ where departamen_.id=?
21:23:00.538 [Test worker] DEBUG org.hibernate.persister.entity.AbstractEntityPersister -  Insert 0: insert into departamente (id_director, id) values (?, ?)
21:23:00.538 [Test worker] DEBUG org.hibernate.persister.entity.AbstractEntityPersister -  Update 0: update departamente set id_director=? where id=?
21:23:00.538 [Test worker] DEBUG org.hibernate.persister.entity.AbstractEntityPersister -  Delete 0: delete from departamente where id=?
21:23:00.538 [Test worker] DEBUG org.hibernate.persister.entity.AbstractEntityPersister -  Identity insert: insert into departamente (id_director) values (?)
21:23:00.538 [Test worker] DEBUG org.hibernate.loader.plan.build.internal.spaces.QuerySpacesImpl - Adding QuerySpace : uid = <gen:0> -> org.hibernate.loader.plan.build.internal.spaces.EntityQuerySpaceImpl@8282089]
21:23:00.538 [Test worker] DEBUG org.hibernate.persister.walking.spi.MetamodelGraphWalker - Visiting attribute path : idDirector
21:23:00.538 [Test worker] DEBUG org.hibernate.loader.plan.build.internal.FetchStyleLoadPlanBuildingAssociationVisitationStrategy - Building LoadPlan...
21:23:00.538 [Test worker] DEBUG org.hibernate.loader.plan.exec.internal.LoadQueryJoinAndFetchProcessor - processing queryspace <gen:0>
21:23:00.538 [Test worker] DEBUG org.hibernate.loader.plan.build.spi.LoadPlanTreePrinter - LoadPlan(entity=domain.Departament)
    - Returns
       - EntityReturnImpl(entity=domain.Departament, querySpaceUid=<gen:0>, path=domain.Departament)
    - QuerySpaces
       - EntityQuerySpaceImpl(uid=<gen:0>, entity=domain.Departament)
          - SQL table alias mapping - departamen0_
          - alias suffix - 0_
          - suffixed key columns - {id1_4_0_}

21:23:00.538 [Test worker] DEBUG org.hibernate.loader.entity.plan.EntityLoader - Static select for entity domain.Departament [NONE]: select departamen0_.id as id1_4_0_, departamen0_.id_director as id_direc2_4_0_ from departamente departamen0_ where departamen0_.id=?
21:23:00.538 [Test worker] DEBUG org.hibernate.persister.entity.AbstractEntityPersister - Static SQL for entity: domain.Angajat
21:23:00.538 [Test worker] DEBUG org.hibernate.persister.entity.AbstractEntityPersister -  Version select: select id from angajati where id =?
21:23:00.538 [Test worker] DEBUG org.hibernate.persister.entity.AbstractEntityPersister -  Snapshot select: select angajat_.id, angajat_.data_angajare as data_ang2_0_, angajat_.functie_id as functie_4_0_, angajat_.id_superior as id_super3_0_ from angajati angajat_ where angajat_.id=?
21:23:00.538 [Test worker] DEBUG org.hibernate.persister.entity.AbstractEntityPersister -  Insert 0: insert into angajati (data_angajare, functie_id, id_superior, id) values (?, ?, ?, ?)
21:23:00.538 [Test worker] DEBUG org.hibernate.persister.entity.AbstractEntityPersister -  Update 0: update angajati set data_angajare=?, functie_id=?, id_superior=? where id=?
21:23:00.538 [Test worker] DEBUG org.hibernate.persister.entity.AbstractEntityPersister -  Delete 0: delete from angajati where id=?
21:23:00.538 [Test worker] DEBUG org.hibernate.persister.entity.AbstractEntityPersister -  Identity insert: insert into angajati (data_angajare, functie_id, id_superior) values (?, ?, ?)
21:23:00.538 [Test worker] DEBUG org.hibernate.loader.plan.build.internal.spaces.QuerySpacesImpl - Adding QuerySpace : uid = <gen:0> -> org.hibernate.loader.plan.build.internal.spaces.EntityQuerySpaceImpl@7504ec8d]
21:23:00.538 [Test worker] DEBUG org.hibernate.persister.walking.spi.MetamodelGraphWalker - Visiting attribute path : concedii
21:23:00.538 [Test worker] DEBUG org.hibernate.loader.plan.build.internal.spaces.QuerySpacesImpl - Adding QuerySpace : uid = <gen:1> -> org.hibernate.loader.plan.build.internal.spaces.CollectionQuerySpaceImpl@768f2e87]
21:23:00.538 [Test worker] DEBUG org.hibernate.loader.plan.build.internal.spaces.QuerySpacesImpl - Adding QuerySpace : uid = <gen:2> -> org.hibernate.loader.plan.build.internal.spaces.EntityQuerySpaceImpl@14663609]
21:23:00.538 [Test worker] DEBUG org.hibernate.persister.walking.spi.MetamodelGraphWalker - Visiting attribute path : dataAngajare
21:23:00.538 [Test worker] DEBUG org.hibernate.persister.walking.spi.MetamodelGraphWalker - Visiting attribute path : departamente
21:23:00.538 [Test worker] DEBUG org.hibernate.loader.plan.build.internal.spaces.QuerySpacesImpl - Adding QuerySpace : uid = <gen:3> -> org.hibernate.loader.plan.build.internal.spaces.CollectionQuerySpaceImpl@4654c08c]
21:23:00.538 [Test worker] DEBUG org.hibernate.loader.plan.build.internal.spaces.QuerySpacesImpl - Adding QuerySpace : uid = <gen:4> -> org.hibernate.loader.plan.build.internal.spaces.EntityQuerySpaceImpl@2a3e7be8]
21:23:00.538 [Test worker] DEBUG org.hibernate.persister.walking.spi.MetamodelGraphWalker - Visiting attribute path : functie
21:23:00.538 [Test worker] DEBUG org.hibernate.loader.plan.build.internal.spaces.QuerySpacesImpl - Adding QuerySpace : uid = <gen:5> -> org.hibernate.loader.plan.build.internal.spaces.EntityQuerySpaceImpl@25ca933e]
21:23:00.538 [Test worker] DEBUG org.hibernate.persister.walking.spi.MetamodelGraphWalker - Visiting attribute path : functie.salarDeBaza
21:23:00.538 [Test worker] DEBUG org.hibernate.persister.walking.spi.MetamodelGraphWalker - Visiting attribute path : idSuperior
21:23:00.538 [Test worker] DEBUG org.hibernate.persister.walking.spi.MetamodelGraphWalker - Visiting attribute path : proiecte
21:23:00.538 [Test worker] DEBUG org.hibernate.loader.plan.build.internal.spaces.QuerySpacesImpl - Adding QuerySpace : uid = <gen:6> -> org.hibernate.loader.plan.build.internal.spaces.CollectionQuerySpaceImpl@6089dfcb]
21:23:00.538 [Test worker] DEBUG org.hibernate.loader.plan.build.internal.spaces.QuerySpacesImpl - Adding QuerySpace : uid = <gen:7> -> org.hibernate.loader.plan.build.internal.spaces.EntityQuerySpaceImpl@39b11909]
21:23:00.538 [Test worker] DEBUG org.hibernate.loader.plan.build.internal.FetchStyleLoadPlanBuildingAssociationVisitationStrategy - Building LoadPlan...
21:23:00.538 [Test worker] DEBUG org.hibernate.loader.plan.exec.internal.LoadQueryJoinAndFetchProcessor - processing queryspace <gen:0>
21:23:00.538 [Test worker] DEBUG org.hibernate.loader.plan.build.spi.LoadPlanTreePrinter - LoadPlan(entity=domain.Angajat)
    - Returns
       - EntityReturnImpl(entity=domain.Angajat, querySpaceUid=<gen:0>, path=domain.Angajat)
          - CollectionAttributeFetchImpl(collection=domain.Angajat.concedii, querySpaceUid=<gen:1>, path=domain.Angajat.concedii)
             - (collection element) CollectionFetchableElementEntityGraph(entity=domain.Concediu, querySpaceUid=<gen:2>, path=domain.Angajat.concedii.<elements>)
          - CollectionAttributeFetchImpl(collection=domain.Angajat.departamente, querySpaceUid=<gen:3>, path=domain.Angajat.departamente)
             - (collection element) CollectionFetchableElementEntityGraph(entity=domain.Departament, querySpaceUid=<gen:4>, path=domain.Angajat.departamente.<elements>)
          - EntityAttributeFetchImpl(entity=domain.Functie, querySpaceUid=<gen:5>, path=domain.Angajat.functie)
          - CollectionAttributeFetchImpl(collection=domain.Angajat.proiecte, querySpaceUid=<gen:6>, path=domain.Angajat.proiecte)
             - (collection element) CollectionFetchableElementEntityGraph(entity=domain.Proiect, querySpaceUid=<gen:7>, path=domain.Angajat.proiecte.<elements>)
    - QuerySpaces
       - EntityQuerySpaceImpl(uid=<gen:0>, entity=domain.Angajat)
          - SQL table alias mapping - angajat0_
          - alias suffix - 0_
          - suffixed key columns - {id1_0_0_}
          - JOIN (JoinDefinedByMetadata(functie)) : <gen:0> -> <gen:5>
             - EntityQuerySpaceImpl(uid=<gen:5>, entity=domain.Functie)
                - SQL table alias mapping - functie1_
                - alias suffix - 1_
                - suffixed key columns - {id1_5_1_}

21:23:00.538 [Test worker] DEBUG org.hibernate.loader.entity.plan.EntityLoader - Static select for entity domain.Angajat [NONE]: select angajat0_.id as id1_0_0_, angajat0_.data_angajare as data_ang2_0_0_, angajat0_.functie_id as functie_4_0_0_, angajat0_.id_superior as id_super3_0_0_, functie1_.id as id1_5_1_, functie1_.salar_de_baza as salar_de2_5_1_ from angajati angajat0_ left outer join functii functie1_ on angajat0_.functie_id=functie1_.id where angajat0_.id=?
21:23:00.538 [Test worker] DEBUG org.hibernate.persister.entity.AbstractEntityPersister - Static SQL for entity: domain.Proiect
21:23:00.538 [Test worker] DEBUG org.hibernate.persister.entity.AbstractEntityPersister -  Version select: select id from proiecte where id =?
21:23:00.538 [Test worker] DEBUG org.hibernate.persister.entity.AbstractEntityPersister -  Snapshot select: select proiect_.id, proiect_.data_inceput as data_inc2_6_, proiect_.deadline as deadline3_6_ from proiecte proiect_ where proiect_.id=?
21:23:00.538 [Test worker] DEBUG org.hibernate.persister.entity.AbstractEntityPersister -  Insert 0: insert into proiecte (data_inceput, deadline, id) values (?, ?, ?)
21:23:00.538 [Test worker] DEBUG org.hibernate.persister.entity.AbstractEntityPersister -  Update 0: update proiecte set data_inceput=?, deadline=? where id=?
21:23:00.538 [Test worker] DEBUG org.hibernate.persister.entity.AbstractEntityPersister -  Delete 0: delete from proiecte where id=?
21:23:00.538 [Test worker] DEBUG org.hibernate.persister.entity.AbstractEntityPersister -  Identity insert: insert into proiecte (data_inceput, deadline) values (?, ?)
21:23:00.538 [Test worker] DEBUG org.hibernate.loader.plan.build.internal.spaces.QuerySpacesImpl - Adding QuerySpace : uid = <gen:0> -> org.hibernate.loader.plan.build.internal.spaces.EntityQuerySpaceImpl@48932e62]
21:23:00.538 [Test worker] DEBUG org.hibernate.persister.walking.spi.MetamodelGraphWalker - Visiting attribute path : dataInceput
21:23:00.538 [Test worker] DEBUG org.hibernate.persister.walking.spi.MetamodelGraphWalker - Visiting attribute path : deadline
21:23:00.538 [Test worker] DEBUG org.hibernate.loader.plan.build.internal.FetchStyleLoadPlanBuildingAssociationVisitationStrategy - Building LoadPlan...
21:23:00.538 [Test worker] DEBUG org.hibernate.loader.plan.exec.internal.LoadQueryJoinAndFetchProcessor - processing queryspace <gen:0>
21:23:00.538 [Test worker] DEBUG org.hibernate.loader.plan.build.spi.LoadPlanTreePrinter - LoadPlan(entity=domain.Proiect)
    - Returns
       - EntityReturnImpl(entity=domain.Proiect, querySpaceUid=<gen:0>, path=domain.Proiect)
    - QuerySpaces
       - EntityQuerySpaceImpl(uid=<gen:0>, entity=domain.Proiect)
          - SQL table alias mapping - proiect0_
          - alias suffix - 0_
          - suffixed key columns - {id1_6_0_}

21:23:00.538 [Test worker] DEBUG org.hibernate.loader.entity.plan.EntityLoader - Static select for entity domain.Proiect [NONE]: select proiect0_.id as id1_6_0_, proiect0_.data_inceput as data_inc2_6_0_, proiect0_.deadline as deadline3_6_0_ from proiecte proiect0_ where proiect0_.id=?
21:23:00.538 [Test worker] DEBUG org.hibernate.persister.entity.AbstractEntityPersister - Static SQL for entity: domain.Concediu
21:23:00.538 [Test worker] DEBUG org.hibernate.persister.entity.AbstractEntityPersister -  Version select: select id from concedii where id =?
21:23:00.538 [Test worker] DEBUG org.hibernate.persister.entity.AbstractEntityPersister -  Snapshot select: select concediu_.id, concediu_.id_angajat as id_angaj4_3_, concediu_.data_inceput as data_inc2_3_, concediu_.data_sfarsit as data_sfa3_3_ from concedii concediu_ where concediu_.id=?
21:23:00.538 [Test worker] DEBUG org.hibernate.persister.entity.AbstractEntityPersister -  Insert 0: insert into concedii (id_angajat, data_inceput, data_sfarsit, id) values (?, ?, ?, ?)
21:23:00.538 [Test worker] DEBUG org.hibernate.persister.entity.AbstractEntityPersister -  Update 0: update concedii set id_angajat=?, data_inceput=?, data_sfarsit=? where id=?
21:23:00.538 [Test worker] DEBUG org.hibernate.persister.entity.AbstractEntityPersister -  Delete 0: delete from concedii where id=?
21:23:00.538 [Test worker] DEBUG org.hibernate.persister.entity.AbstractEntityPersister -  Identity insert: insert into concedii (id_angajat, data_inceput, data_sfarsit) values (?, ?, ?)
21:23:00.538 [Test worker] DEBUG org.hibernate.loader.plan.build.internal.spaces.QuerySpacesImpl - Adding QuerySpace : uid = <gen:0> -> org.hibernate.loader.plan.build.internal.spaces.EntityQuerySpaceImpl@2f452e40]
21:23:00.538 [Test worker] DEBUG org.hibernate.persister.walking.spi.MetamodelGraphWalker - Visiting attribute path : angajat
21:23:00.538 [Test worker] DEBUG org.hibernate.loader.plan.build.internal.spaces.QuerySpacesImpl - Adding QuerySpace : uid = <gen:1> -> org.hibernate.loader.plan.build.internal.spaces.EntityQuerySpaceImpl@4fbcce7d]
21:23:00.538 [Test worker] DEBUG org.hibernate.persister.walking.spi.MetamodelGraphWalker - Visiting attribute path : dataInceput
21:23:00.538 [Test worker] DEBUG org.hibernate.persister.walking.spi.MetamodelGraphWalker - Visiting attribute path : dataSfarsit
21:23:00.538 [Test worker] DEBUG org.hibernate.loader.plan.build.internal.FetchStyleLoadPlanBuildingAssociationVisitationStrategy - Building LoadPlan...
21:23:00.538 [Test worker] DEBUG org.hibernate.loader.plan.exec.internal.LoadQueryJoinAndFetchProcessor - processing queryspace <gen:0>
21:23:00.538 [Test worker] DEBUG org.hibernate.loader.plan.build.spi.LoadPlanTreePrinter - LoadPlan(entity=domain.Concediu)
    - Returns
       - EntityReturnImpl(entity=domain.Concediu, querySpaceUid=<gen:0>, path=domain.Concediu)
          - EntityAttributeFetchImpl(entity=domain.Angajat, querySpaceUid=<gen:1>, path=domain.Concediu.angajat)
    - QuerySpaces
       - EntityQuerySpaceImpl(uid=<gen:0>, entity=domain.Concediu)
          - SQL table alias mapping - concediu0_
          - alias suffix - 0_
          - suffixed key columns - {id1_3_0_}

21:23:00.538 [Test worker] DEBUG org.hibernate.loader.entity.plan.EntityLoader - Static select for entity domain.Concediu [NONE]: select concediu0_.id as id1_3_0_, concediu0_.id_angajat as id_angaj4_3_0_, concediu0_.data_inceput as data_inc2_3_0_, concediu0_.data_sfarsit as data_sfa3_3_0_ from concedii concediu0_ where concediu0_.id=?
21:23:00.538 [Test worker] DEBUG org.hibernate.loader.plan.build.internal.spaces.QuerySpacesImpl - Adding QuerySpace : uid = <gen:0> -> org.hibernate.loader.plan.build.internal.spaces.CollectionQuerySpaceImpl@28369c93]
21:23:00.538 [Test worker] DEBUG org.hibernate.loader.plan.build.internal.spaces.QuerySpacesImpl - Adding QuerySpace : uid = <gen:1> -> org.hibernate.loader.plan.build.internal.spaces.EntityQuerySpaceImpl@2e8780fb]
21:23:00.538 [Test worker] DEBUG org.hibernate.persister.walking.spi.MetamodelGraphWalker - Visiting attribute path : dataInceput
21:23:00.538 [Test worker] DEBUG org.hibernate.persister.walking.spi.MetamodelGraphWalker - Visiting attribute path : deadline
21:23:00.538 [Test worker] DEBUG org.hibernate.loader.plan.build.internal.FetchStyleLoadPlanBuildingAssociationVisitationStrategy - Building LoadPlan...
21:23:00.538 [Test worker] DEBUG org.hibernate.loader.plan.exec.internal.LoadQueryJoinAndFetchProcessor - processing queryspace <gen:0>
21:23:00.538 [Test worker] DEBUG org.hibernate.loader.plan.build.spi.LoadPlanTreePrinter - LoadPlan(collection=domain.Angajat.proiecte)
    - Returns
       - CollectionReturnImpl(collection=domain.Angajat.proiecte, querySpaceUid=<gen:0>, path=[domain.Angajat.proiecte])
          - (collection element) CollectionFetchableElementEntityGraph(entity=domain.Proiect, querySpaceUid=<gen:1>, path=[domain.Angajat.proiecte].<elements>)
    - QuerySpaces
       - CollectionQuerySpaceImpl(uid=<gen:0>, collection=domain.Angajat.proiecte)
          - SQL table alias mapping - proiecte0_
          - alias suffix - 0_
          - suffixed key columns - {id_angaj1_2_0_}
          - entity-element alias suffix - 1_
          - 1_entity-element suffixed key columns - id1_6_1_
          - JOIN (JoinDefinedByMetadata(elements)) : <gen:0> -> <gen:1>
             - EntityQuerySpaceImpl(uid=<gen:1>, entity=domain.Proiect)
                - SQL table alias mapping - proiect1_
                - alias suffix - 1_
                - suffixed key columns - {id1_6_1_}

21:23:00.538 [Test worker] DEBUG org.hibernate.loader.collection.plan.CollectionLoader - Static select for collection domain.Angajat.proiecte: select proiecte0_.id_angajat as id_angaj1_2_0_, proiecte0_.id_proiect as id_proie2_2_0_, proiect1_.id as id1_6_1_, proiect1_.data_inceput as data_inc2_6_1_, proiect1_.deadline as deadline3_6_1_ from angajati_proiecte proiecte0_ inner join proiecte proiect1_ on proiecte0_.id_proiect=proiect1_.id where proiecte0_.id_angajat=?
21:23:00.538 [Test worker] DEBUG org.hibernate.loader.plan.build.internal.spaces.QuerySpacesImpl - Adding QuerySpace : uid = <gen:0> -> org.hibernate.loader.plan.build.internal.spaces.CollectionQuerySpaceImpl@6d4b2eb8]
21:23:00.538 [Test worker] DEBUG org.hibernate.loader.plan.build.internal.spaces.QuerySpacesImpl - Adding QuerySpace : uid = <gen:1> -> org.hibernate.loader.plan.build.internal.spaces.EntityQuerySpaceImpl@7f59fbb2]
21:23:00.538 [Test worker] DEBUG org.hibernate.persister.walking.spi.MetamodelGraphWalker - Visiting attribute path : angajat
21:23:00.538 [Test worker] DEBUG org.hibernate.persister.walking.spi.MetamodelGraphWalker - Property path deemed to be circular : angajat
21:23:00.538 [Test worker] DEBUG org.hibernate.persister.walking.spi.MetamodelGraphWalker - Visiting attribute path : dataInceput
21:23:00.538 [Test worker] DEBUG org.hibernate.persister.walking.spi.MetamodelGraphWalker - Visiting attribute path : dataSfarsit
21:23:00.538 [Test worker] DEBUG org.hibernate.loader.plan.build.internal.FetchStyleLoadPlanBuildingAssociationVisitationStrategy - Building LoadPlan...
21:23:00.538 [Test worker] DEBUG org.hibernate.loader.plan.exec.internal.LoadQueryJoinAndFetchProcessor - processing queryspace <gen:0>
21:23:00.554 [Test worker] DEBUG org.hibernate.loader.plan.build.spi.LoadPlanTreePrinter - LoadPlan(collection=domain.Angajat.concedii)
    - Returns
       - CollectionReturnImpl(collection=domain.Angajat.concedii, querySpaceUid=<gen:0>, path=[domain.Angajat.concedii])
          - (collection element) CollectionFetchableElementEntityGraph(entity=domain.Concediu, querySpaceUid=<gen:1>, path=[domain.Angajat.concedii].<elements>)
    - QuerySpaces
       - CollectionQuerySpaceImpl(uid=<gen:0>, collection=domain.Angajat.concedii)
          - SQL table alias mapping - concedii0_
          - alias suffix - 0_
          - suffixed key columns - {id_angaj4_3_0_}
          - entity-element alias suffix - 1_
          - 1_entity-element suffixed key columns - id1_3_1_
          - JOIN (JoinDefinedByMetadata(elements)) : <gen:0> -> <gen:1>
             - EntityQuerySpaceImpl(uid=<gen:1>, entity=domain.Concediu)
                - SQL table alias mapping - concedii0_
                - alias suffix - 1_
                - suffixed key columns - {id1_3_1_}

21:23:00.554 [Test worker] DEBUG org.hibernate.loader.collection.plan.CollectionLoader - Static select for collection domain.Angajat.concedii: select concedii0_.id_angajat as id_angaj4_3_0_, concedii0_.id as id1_3_0_, concedii0_.id as id1_3_1_, concedii0_.id_angajat as id_angaj4_3_1_, concedii0_.data_inceput as data_inc2_3_1_, concedii0_.data_sfarsit as data_sfa3_3_1_ from concedii concedii0_ where concedii0_.id_angajat=?
21:23:00.554 [Test worker] DEBUG org.hibernate.loader.plan.build.internal.spaces.QuerySpacesImpl - Adding QuerySpace : uid = <gen:0> -> org.hibernate.loader.plan.build.internal.spaces.CollectionQuerySpaceImpl@5539915f]
21:23:00.554 [Test worker] DEBUG org.hibernate.loader.plan.build.internal.spaces.QuerySpacesImpl - Adding QuerySpace : uid = <gen:1> -> org.hibernate.loader.plan.build.internal.spaces.EntityQuerySpaceImpl@658d6421]
21:23:00.554 [Test worker] DEBUG org.hibernate.persister.walking.spi.MetamodelGraphWalker - Visiting attribute path : idDirector
21:23:00.554 [Test worker] DEBUG org.hibernate.loader.plan.build.internal.FetchStyleLoadPlanBuildingAssociationVisitationStrategy - Building LoadPlan...
21:23:00.554 [Test worker] DEBUG org.hibernate.loader.plan.exec.internal.LoadQueryJoinAndFetchProcessor - processing queryspace <gen:0>
21:23:00.554 [Test worker] DEBUG org.hibernate.loader.plan.build.spi.LoadPlanTreePrinter - LoadPlan(collection=domain.Angajat.departamente)
    - Returns
       - CollectionReturnImpl(collection=domain.Angajat.departamente, querySpaceUid=<gen:0>, path=[domain.Angajat.departamente])
          - (collection element) CollectionFetchableElementEntityGraph(entity=domain.Departament, querySpaceUid=<gen:1>, path=[domain.Angajat.departamente].<elements>)
    - QuerySpaces
       - CollectionQuerySpaceImpl(uid=<gen:0>, collection=domain.Angajat.departamente)
          - SQL table alias mapping - departamen0_
          - alias suffix - 0_
          - suffixed key columns - {id_angaj1_1_0_}
          - entity-element alias suffix - 1_
          - 1_entity-element suffixed key columns - id1_4_1_
          - JOIN (JoinDefinedByMetadata(elements)) : <gen:0> -> <gen:1>
             - EntityQuerySpaceImpl(uid=<gen:1>, entity=domain.Departament)
                - SQL table alias mapping - departamen1_
                - alias suffix - 1_
                - suffixed key columns - {id1_4_1_}

21:23:00.554 [Test worker] DEBUG org.hibernate.loader.collection.plan.CollectionLoader - Static select for collection domain.Angajat.departamente: select departamen0_.id_angajat as id_angaj1_1_0_, departamen0_.id_departament as id_depar2_1_0_, departamen1_.id as id1_4_1_, departamen1_.id_director as id_direc2_4_1_ from angajati_departamente departamen0_ inner join departamente departamen1_ on departamen0_.id_departament=departamen1_.id where departamen0_.id_angajat=?
21:23:00.554 [Test worker] INFO org.hibernate.orm.connections.access - HHH10001501: Connection obtained from JdbcConnectionAccess [org.hibernate.engine.jdbc.env.internal.JdbcEnvironmentInitiator$ConnectionProviderJdbcConnectionAccess@1df90985] for (non-JTA) DDL execution was not in auto-commit mode; the Connection 'local transaction' will be committed and the Connection will be set into auto-commit mode.
21:23:00.554 [Test worker] DEBUG org.hibernate.mapping.Table - No alter strings for table : angajati
21:23:00.554 [Test worker] DEBUG org.hibernate.mapping.Table - No alter strings for table : angajati_departamente
21:23:00.554 [Test worker] DEBUG org.hibernate.mapping.Table - No alter strings for table : angajati_proiecte
21:23:00.554 [Test worker] DEBUG org.hibernate.mapping.Table - No alter strings for table : concedii
21:23:00.554 [Test worker] DEBUG org.hibernate.mapping.Table - No alter strings for table : departamente
21:23:00.554 [Test worker] DEBUG org.hibernate.mapping.Table - No alter strings for table : functii
21:23:00.554 [Test worker] DEBUG org.hibernate.mapping.Table - No alter strings for table : proiecte
21:23:00.554 [Test worker] DEBUG org.hibernate.query.spi.NamedQueryRepository - Checking 0 named HQL queries
21:23:00.554 [Test worker] DEBUG org.hibernate.query.spi.NamedQueryRepository - Checking 0 named SQL queries
21:23:00.554 [Test worker] DEBUG org.hibernate.internal.SessionFactoryRegistry - Registering SessionFactory: e9c7b1fa-112e-4911-9766-3e83a611d023 (<unnamed>)
21:23:00.554 [Test worker] DEBUG org.hibernate.internal.SessionFactoryRegistry - Not binding SessionFactory to JNDI, no JNDI name configured
21:23:00.554 [Test worker] DEBUG org.hibernate.stat.internal.StatisticsInitiator - Statistics initialized [enabled=false]
21:23:00.554 [Test worker] DEBUG org.hibernate.engine.transaction.internal.TransactionImpl - On TransactionImpl creation, JpaCompliance#isJpaTransactionComplianceEnabled == false
21:23:00.554 [Test worker] DEBUG org.hibernate.engine.transaction.internal.TransactionImpl - begin
21:23:00.554 [Test worker] DEBUG org.hibernate.hql.internal.QueryTranslatorFactoryInitiator - QueryTranslatorFactory: org.hibernate.hql.internal.ast.ASTQueryTranslatorFactory@1ec4c28e
21:23:00.554 [Test worker] DEBUG org.hibernate.hql.internal.ast.QueryTranslatorImpl - parse() - HQL: select a from domain.Proiect a where id=:id
21:23:00.554 [Test worker] DEBUG org.hibernate.hql.internal.ast.ErrorTracker - throwQueryException() : no errors
21:23:00.554 [Test worker] DEBUG org.hibernate.hql.internal.ast.QueryTranslatorImpl - --- HQL AST ---
 \-[QUERY] Node: 'query'
    +-[SELECT_FROM] Node: 'SELECT_FROM'
    |  +-[FROM] Node: 'from'
    |  |  \-[RANGE] Node: 'RANGE'
    |  |     +-[DOT] Node: '.'
    |  |     |  +-[IDENT] Node: 'domain'
    |  |     |  \-[IDENT] Node: 'Proiect'
    |  |     \-[ALIAS] Node: 'a'
    |  \-[SELECT] Node: 'select'
    |     \-[IDENT] Node: 'a'
    \-[WHERE] Node: 'where'
       \-[EQ] Node: '='
          +-[IDENT] Node: 'id'
          \-[COLON] Node: ':'
             \-[IDENT] Node: 'id'

21:23:00.554 [Test worker] DEBUG org.hibernate.hql.internal.antlr.HqlSqlBaseWalker - select << begin [level=1, statement=select]
21:23:00.554 [Test worker] DEBUG org.hibernate.hql.internal.ast.tree.FromElement - FromClause{level=1} : domain.Proiect (a) -> proiect0_
21:23:00.554 [Test worker] DEBUG org.hibernate.hql.internal.ast.tree.FromReferenceNode - Resolved : a -> proiect0_.id
21:23:00.554 [Test worker] DEBUG org.hibernate.hql.internal.ast.tree.FromReferenceNode - Resolved : {synthetic-alias} -> {synthetic-alias}
21:23:00.554 [Test worker] DEBUG org.hibernate.hql.internal.ast.tree.DotNode - getDataType() : id -> org.hibernate.type.IntegerType@14f541d2
21:23:00.554 [Test worker] DEBUG org.hibernate.hql.internal.ast.tree.FromReferenceNode - Resolved : {synthetic-alias}.id -> proiect0_.id
21:23:00.554 [Test worker] DEBUG org.hibernate.hql.internal.antlr.HqlSqlBaseWalker - select : finishing up [level=1, statement=select]
21:23:00.554 [Test worker] DEBUG org.hibernate.hql.internal.ast.HqlSqlWalker - processQuery() :  ( SELECT ( {select clause} proiect0_.id ) ( FromClause{level=1} proiecte proiect0_ ) ( where ( = ( proiect0_.id {synthetic-alias} id ) ? ) ) )
21:23:00.554 [Test worker] DEBUG org.hibernate.hql.internal.ast.util.JoinProcessor - Tables referenced from query nodes:
 \-QueryNode
    +-SelectClause
    | referencedTables(entity Proiect): [proiecte]
    |  +-IdentNode
    |  | persister: SingleTableEntityPersister(domain.Proiect)
    |  | originalText: a
    |  \-SqlFragment
    +-FromClause
    |  \-FromElement
    \-SqlNode
       \-BinaryLogicOperatorNode
          +-DotNode
          | persister: SingleTableEntityPersister(domain.Proiect)
          | path: {synthetic-alias}.id
          |  +-IdentNode
          |  | persister: SingleTableEntityPersister(domain.Proiect)
          |  | originalText: {synthetic-alias}
          |  \-IdentNode
          |    persister: null
          |    originalText: id
          \-ParameterNode

21:23:00.554 [Test worker] DEBUG org.hibernate.hql.internal.ast.util.JoinProcessor - Using FROM fragment [proiecte proiect0_]
21:23:00.554 [Test worker] DEBUG org.hibernate.hql.internal.antlr.HqlSqlBaseWalker - select >> end [level=1, statement=select]
21:23:00.554 [Test worker] DEBUG org.hibernate.hql.internal.ast.QueryTranslatorImpl - --- SQL AST ---
 \-[SELECT] QueryNode: 'SELECT'  querySpaces (proiecte)
    +-[SELECT_CLAUSE] SelectClause: '{select clause}'
    |  +-[ALIAS_REF] IdentNode: 'proiect0_.id as id1_6_' {alias=a, className=domain.Proiect, tableAlias=proiect0_}
    |  \-[SQL_TOKEN] SqlFragment: 'proiect0_.data_inceput as data_inc2_6_, proiect0_.deadline as deadline3_6_'
    +-[FROM] FromClause: 'from' FromClause{level=1, fromElementCounter=1, fromElements=1, fromElementByClassAlias=[a], fromElementByTableAlias=[proiect0_], fromElementsByPath=[], collectionJoinFromElementsByPath=[], impliedElements=[]}
    |  \-[FROM_FRAGMENT] FromElement: 'proiecte proiect0_' FromElement{explicit,not a collection join,not a fetch join,fetch non-lazy properties,classAlias=a,role=null,tableName=proiecte,tableAlias=proiect0_,origin=null,columns={,className=domain.Proiect}}
    \-[WHERE] SqlNode: 'where'
       \-[EQ] BinaryLogicOperatorNode: '='
          +-[DOT] DotNode: 'proiect0_.id' {propertyName=id,dereferenceType=PRIMITIVE,getPropertyPath=id,path={synthetic-alias}.id,tableAlias=proiect0_,className=domain.Proiect,classAlias=a}
          |  +-[IDENT] IdentNode: '{synthetic-alias}' {originalText={synthetic-alias}}
          |  \-[IDENT] IdentNode: 'id' {originalText=id}
          \-[NAMED_PARAM] ParameterNode: '?' {name=id, expectedType=org.hibernate.type.IntegerType@14f541d2}

21:23:00.554 [Test worker] DEBUG org.hibernate.hql.internal.ast.ErrorTracker - throwQueryException() : no errors
21:23:00.554 [Test worker] DEBUG org.hibernate.hql.internal.ast.QueryTranslatorImpl - HQL: select a from domain.Proiect a where id=:id
21:23:00.554 [Test worker] DEBUG org.hibernate.hql.internal.ast.QueryTranslatorImpl - SQL: select proiect0_.id as id1_6_, proiect0_.data_inceput as data_inc2_6_, proiect0_.deadline as deadline3_6_ from proiecte proiect0_ where proiect0_.id=?
21:23:00.554 [Test worker] DEBUG org.hibernate.hql.internal.ast.ErrorTracker - throwQueryException() : no errors
21:23:00.554 [Test worker] DEBUG org.hibernate.SQL - select proiect0_.id as id1_6_, proiect0_.data_inceput as data_inc2_6_, proiect0_.deadline as deadline3_6_ from proiecte proiect0_ where proiect0_.id=?
Hibernate: select proiect0_.id as id1_6_, proiect0_.data_inceput as data_inc2_6_, proiect0_.deadline as deadline3_6_ from proiecte proiect0_ where proiect0_.id=?
21:23:00.554 [Test worker] DEBUG org.hibernate.loader.Loader - Result set row: 0
21:23:00.554 [Test worker] DEBUG org.hibernate.loader.Loader - Result row: EntityKey[domain.Proiect#1]
21:23:00.554 [Test worker] DEBUG org.hibernate.engine.internal.TwoPhaseLoad - Resolving attributes for [domain.Proiect#1]
21:23:00.554 [Test worker] DEBUG org.hibernate.engine.internal.TwoPhaseLoad - Processing attribute `dataInceput` : value = 2021-07-20
21:23:00.554 [Test worker] DEBUG org.hibernate.engine.internal.TwoPhaseLoad - Attribute (`dataInceput`)  - enhanced for lazy-loading? - false
21:23:00.554 [Test worker] DEBUG org.hibernate.engine.internal.TwoPhaseLoad - Processing attribute `deadline` : value = 2021-07-30
21:23:00.554 [Test worker] DEBUG org.hibernate.engine.internal.TwoPhaseLoad - Attribute (`deadline`)  - enhanced for lazy-loading? - false
21:23:00.554 [Test worker] DEBUG org.hibernate.engine.internal.TwoPhaseLoad - Done materializing entity [domain.Proiect#1]
21:23:00.554 [Test worker] DEBUG org.hibernate.engine.transaction.internal.TransactionImpl - committing
21:23:00.554 [Test worker] DEBUG org.hibernate.event.internal.AbstractFlushingEventListener - Processing flush-time cascades
21:23:00.554 [Test worker] DEBUG org.hibernate.event.internal.AbstractFlushingEventListener - Dirty checking collections
21:23:00.554 [Test worker] DEBUG org.hibernate.event.internal.AbstractFlushingEventListener - Flushed: 0 insertions, 0 updates, 0 deletions to 1 objects
21:23:00.554 [Test worker] DEBUG org.hibernate.event.internal.AbstractFlushingEventListener - Flushed: 0 (re)creations, 0 updates, 0 removals to 0 collections
21:23:00.554 [Test worker] DEBUG org.hibernate.internal.util.EntityPrinter - Listing entities:
21:23:00.554 [Test worker] DEBUG org.hibernate.internal.util.EntityPrinter - domain.Proiect{dataInceput=2021-07-20, id=1, deadline=2021-07-30}
21:23:00.554 [Test worker] DEBUG org.hibernate.resource.jdbc.internal.LogicalConnectionManagedImpl - Initiating JDBC connection release from afterTransaction
21:23:00.554 [Test worker] DEBUG org.hibernate.resource.jdbc.internal.LogicalConnectionManagedImpl - Initiating JDBC connection release from afterTransaction
21:23:00.554 [Test worker] DEBUG org.hibernate.stat.internal.StatisticsInitiator - Statistics initialized [enabled=false]
21:23:00.554 [Test worker] DEBUG org.hibernate.engine.transaction.internal.TransactionImpl - On TransactionImpl creation, JpaCompliance#isJpaTransactionComplianceEnabled == false
21:23:00.554 [Test worker] DEBUG org.hibernate.engine.transaction.internal.TransactionImpl - begin
21:23:00.554 [Test worker] DEBUG org.hibernate.hql.internal.QueryTranslatorFactoryInitiator - QueryTranslatorFactory: org.hibernate.hql.internal.ast.ASTQueryTranslatorFactory@1ec4c28e
21:23:00.554 [Test worker] DEBUG org.hibernate.hql.internal.ast.QueryTranslatorImpl - parse() - HQL: select a from domain.Departament a
21:23:00.554 [Test worker] DEBUG org.hibernate.hql.internal.ast.ErrorTracker - throwQueryException() : no errors
21:23:00.554 [Test worker] DEBUG org.hibernate.hql.internal.ast.QueryTranslatorImpl - --- HQL AST ---
 \-[QUERY] Node: 'query'
    \-[SELECT_FROM] Node: 'SELECT_FROM'
       +-[FROM] Node: 'from'
       |  \-[RANGE] Node: 'RANGE'
       |     +-[DOT] Node: '.'
       |     |  +-[IDENT] Node: 'domain'
       |     |  \-[IDENT] Node: 'Departament'
       |     \-[ALIAS] Node: 'a'
       \-[SELECT] Node: 'select'
          \-[IDENT] Node: 'a'

21:23:00.554 [Test worker] DEBUG org.hibernate.hql.internal.antlr.HqlSqlBaseWalker - select << begin [level=1, statement=select]
21:23:00.554 [Test worker] DEBUG org.hibernate.hql.internal.ast.tree.FromElement - FromClause{level=1} : domain.Departament (a) -> departamen0_
21:23:00.554 [Test worker] DEBUG org.hibernate.hql.internal.ast.tree.FromReferenceNode - Resolved : a -> departamen0_.id
21:23:00.554 [Test worker] DEBUG org.hibernate.hql.internal.antlr.HqlSqlBaseWalker - select : finishing up [level=1, statement=select]
21:23:00.554 [Test worker] DEBUG org.hibernate.hql.internal.ast.HqlSqlWalker - processQuery() :  ( SELECT ( {select clause} departamen0_.id ) ( FromClause{level=1} departamente departamen0_ ) )
21:23:00.554 [Test worker] DEBUG org.hibernate.hql.internal.ast.util.JoinProcessor - Tables referenced from query nodes:
 \-QueryNode
    +-SelectClause
    | referencedTables(entity Departament): [departamente]
    |  +-IdentNode
    |  | persister: SingleTableEntityPersister(domain.Departament)
    |  | originalText: a
    |  \-SqlFragment
    \-FromClause
       \-FromElement

21:23:00.554 [Test worker] DEBUG org.hibernate.hql.internal.ast.util.JoinProcessor - Using FROM fragment [departamente departamen0_]
21:23:00.554 [Test worker] DEBUG org.hibernate.hql.internal.antlr.HqlSqlBaseWalker - select >> end [level=1, statement=select]
21:23:00.554 [Test worker] DEBUG org.hibernate.hql.internal.ast.QueryTranslatorImpl - --- SQL AST ---
 \-[SELECT] QueryNode: 'SELECT'  querySpaces (departamente)
    +-[SELECT_CLAUSE] SelectClause: '{select clause}'
    |  +-[ALIAS_REF] IdentNode: 'departamen0_.id as id1_4_' {alias=a, className=domain.Departament, tableAlias=departamen0_}
    |  \-[SQL_TOKEN] SqlFragment: 'departamen0_.id_director as id_direc2_4_'
    \-[FROM] FromClause: 'from' FromClause{level=1, fromElementCounter=1, fromElements=1, fromElementByClassAlias=[a], fromElementByTableAlias=[departamen0_], fromElementsByPath=[], collectionJoinFromElementsByPath=[], impliedElements=[]}
       \-[FROM_FRAGMENT] FromElement: 'departamente departamen0_' FromElement{explicit,not a collection join,not a fetch join,fetch non-lazy properties,classAlias=a,role=null,tableName=departamente,tableAlias=departamen0_,origin=null,columns={,className=domain.Departament}}

21:23:00.554 [Test worker] DEBUG org.hibernate.hql.internal.ast.ErrorTracker - throwQueryException() : no errors
21:23:00.554 [Test worker] DEBUG org.hibernate.hql.internal.ast.QueryTranslatorImpl - HQL: select a from domain.Departament a
21:23:00.554 [Test worker] DEBUG org.hibernate.hql.internal.ast.QueryTranslatorImpl - SQL: select departamen0_.id as id1_4_, departamen0_.id_director as id_direc2_4_ from departamente departamen0_
21:23:00.554 [Test worker] DEBUG org.hibernate.hql.internal.ast.ErrorTracker - throwQueryException() : no errors
21:23:00.554 [Test worker] DEBUG org.hibernate.SQL - select departamen0_.id as id1_4_, departamen0_.id_director as id_direc2_4_ from departamente departamen0_
Hibernate: select departamen0_.id as id1_4_, departamen0_.id_director as id_direc2_4_ from departamente departamen0_
21:23:00.554 [Test worker] DEBUG org.hibernate.loader.Loader - Result set row: 0
21:23:00.554 [Test worker] DEBUG org.hibernate.loader.Loader - Result row: EntityKey[domain.Departament#1]
21:23:00.554 [Test worker] DEBUG org.hibernate.loader.Loader - Result set row: 1
21:23:00.554 [Test worker] DEBUG org.hibernate.loader.Loader - Result row: EntityKey[domain.Departament#2]
21:23:00.554 [Test worker] DEBUG org.hibernate.engine.internal.TwoPhaseLoad - Resolving attributes for [domain.Departament#1]
21:23:00.554 [Test worker] DEBUG org.hibernate.engine.internal.TwoPhaseLoad - Processing attribute `idDirector` : value = 1
21:23:00.554 [Test worker] DEBUG org.hibernate.engine.internal.TwoPhaseLoad - Attribute (`idDirector`)  - enhanced for lazy-loading? - false
21:23:00.554 [Test worker] DEBUG org.hibernate.engine.internal.TwoPhaseLoad - Done materializing entity [domain.Departament#1]
21:23:00.554 [Test worker] DEBUG org.hibernate.engine.internal.TwoPhaseLoad - Resolving attributes for [domain.Departament#2]
21:23:00.554 [Test worker] DEBUG org.hibernate.engine.internal.TwoPhaseLoad - Processing attribute `idDirector` : value = 2
21:23:00.554 [Test worker] DEBUG org.hibernate.engine.internal.TwoPhaseLoad - Attribute (`idDirector`)  - enhanced for lazy-loading? - false
21:23:00.554 [Test worker] DEBUG org.hibernate.engine.internal.TwoPhaseLoad - Done materializing entity [domain.Departament#2]
21:23:00.554 [Test worker] DEBUG org.hibernate.engine.transaction.internal.TransactionImpl - committing
21:23:00.554 [Test worker] DEBUG org.hibernate.event.internal.AbstractFlushingEventListener - Processing flush-time cascades
21:23:00.554 [Test worker] DEBUG org.hibernate.event.internal.AbstractFlushingEventListener - Dirty checking collections
21:23:00.569 [Test worker] DEBUG org.hibernate.event.internal.AbstractFlushingEventListener - Flushed: 0 insertions, 0 updates, 0 deletions to 2 objects
21:23:00.569 [Test worker] DEBUG org.hibernate.event.internal.AbstractFlushingEventListener - Flushed: 0 (re)creations, 0 updates, 0 removals to 0 collections
21:23:00.569 [Test worker] DEBUG org.hibernate.internal.util.EntityPrinter - Listing entities:
21:23:00.569 [Test worker] DEBUG org.hibernate.internal.util.EntityPrinter - domain.Departament{idDirector=2, id=2}
21:23:00.569 [Test worker] DEBUG org.hibernate.internal.util.EntityPrinter - domain.Departament{idDirector=1, id=1}
21:23:00.569 [Test worker] DEBUG org.hibernate.resource.jdbc.internal.LogicalConnectionManagedImpl - Initiating JDBC connection release from afterTransaction
21:23:00.569 [Test worker] DEBUG org.hibernate.resource.jdbc.internal.LogicalConnectionManagedImpl - Initiating JDBC connection release from afterTransaction
21:23:00.569 [Test worker] DEBUG org.hibernate.stat.internal.StatisticsInitiator - Statistics initialized [enabled=false]
21:23:00.569 [Test worker] DEBUG org.hibernate.engine.transaction.internal.TransactionImpl - On TransactionImpl creation, JpaCompliance#isJpaTransactionComplianceEnabled == false
21:23:00.569 [Test worker] DEBUG org.hibernate.engine.transaction.internal.TransactionImpl - begin
21:23:00.569 [Test worker] DEBUG org.hibernate.hql.internal.QueryTranslatorFactoryInitiator - QueryTranslatorFactory: org.hibernate.hql.internal.ast.ASTQueryTranslatorFactory@1ec4c28e
21:23:00.569 [Test worker] DEBUG org.hibernate.hql.internal.ast.QueryTranslatorImpl - parse() - HQL: select a from domain.Angajat a
21:23:00.569 [Test worker] DEBUG org.hibernate.hql.internal.ast.ErrorTracker - throwQueryException() : no errors
21:23:00.569 [Test worker] DEBUG org.hibernate.hql.internal.ast.QueryTranslatorImpl - --- HQL AST ---
 \-[QUERY] Node: 'query'
    \-[SELECT_FROM] Node: 'SELECT_FROM'
       +-[FROM] Node: 'from'
       |  \-[RANGE] Node: 'RANGE'
       |     +-[DOT] Node: '.'
       |     |  +-[IDENT] Node: 'domain'
       |     |  \-[IDENT] Node: 'Angajat'
       |     \-[ALIAS] Node: 'a'
       \-[SELECT] Node: 'select'
          \-[IDENT] Node: 'a'

21:23:00.569 [Test worker] DEBUG org.hibernate.hql.internal.antlr.HqlSqlBaseWalker - select << begin [level=1, statement=select]
21:23:00.569 [Test worker] DEBUG org.hibernate.hql.internal.ast.tree.FromElement - FromClause{level=1} : domain.Angajat (a) -> angajat0_
21:23:00.569 [Test worker] DEBUG org.hibernate.hql.internal.ast.tree.FromReferenceNode - Resolved : a -> angajat0_.id
21:23:00.569 [Test worker] DEBUG org.hibernate.hql.internal.antlr.HqlSqlBaseWalker - select : finishing up [level=1, statement=select]
21:23:00.569 [Test worker] DEBUG org.hibernate.hql.internal.ast.HqlSqlWalker - processQuery() :  ( SELECT ( {select clause} angajat0_.id ) ( FromClause{level=1} angajati angajat0_ ) )
21:23:00.569 [Test worker] DEBUG org.hibernate.hql.internal.ast.util.JoinProcessor - Tables referenced from query nodes:
 \-QueryNode
    +-SelectClause
    | referencedTables(entity Angajat): [angajati]
    |  +-IdentNode
    |  | persister: SingleTableEntityPersister(domain.Angajat)
    |  | originalText: a
    |  \-SqlFragment
    \-FromClause
       \-FromElement

21:23:00.569 [Test worker] DEBUG org.hibernate.hql.internal.ast.util.JoinProcessor - Using FROM fragment [angajati angajat0_]
21:23:00.569 [Test worker] DEBUG org.hibernate.hql.internal.antlr.HqlSqlBaseWalker - select >> end [level=1, statement=select]
21:23:00.569 [Test worker] DEBUG org.hibernate.hql.internal.ast.QueryTranslatorImpl - --- SQL AST ---
 \-[SELECT] QueryNode: 'SELECT'  querySpaces (angajati)
    +-[SELECT_CLAUSE] SelectClause: '{select clause}'
    |  +-[ALIAS_REF] IdentNode: 'angajat0_.id as id1_0_' {alias=a, className=domain.Angajat, tableAlias=angajat0_}
    |  \-[SQL_TOKEN] SqlFragment: 'angajat0_.data_angajare as data_ang2_0_, angajat0_.functie_id as functie_4_0_, angajat0_.id_superior as id_super3_0_'
    \-[FROM] FromClause: 'from' FromClause{level=1, fromElementCounter=1, fromElements=1, fromElementByClassAlias=[a], fromElementByTableAlias=[angajat0_], fromElementsByPath=[], collectionJoinFromElementsByPath=[], impliedElements=[]}
       \-[FROM_FRAGMENT] FromElement: 'angajati angajat0_' FromElement{explicit,not a collection join,not a fetch join,fetch non-lazy properties,classAlias=a,role=null,tableName=angajati,tableAlias=angajat0_,origin=null,columns={,className=domain.Angajat}}

21:23:00.569 [Test worker] DEBUG org.hibernate.hql.internal.ast.ErrorTracker - throwQueryException() : no errors
21:23:00.569 [Test worker] DEBUG org.hibernate.hql.internal.ast.QueryTranslatorImpl - HQL: select a from domain.Angajat a
21:23:00.569 [Test worker] DEBUG org.hibernate.hql.internal.ast.QueryTranslatorImpl - SQL: select angajat0_.id as id1_0_, angajat0_.data_angajare as data_ang2_0_, angajat0_.functie_id as functie_4_0_, angajat0_.id_superior as id_super3_0_ from angajati angajat0_
21:23:00.569 [Test worker] DEBUG org.hibernate.hql.internal.ast.ErrorTracker - throwQueryException() : no errors
21:23:00.569 [Test worker] DEBUG org.hibernate.SQL - select angajat0_.id as id1_0_, angajat0_.data_angajare as data_ang2_0_, angajat0_.functie_id as functie_4_0_, angajat0_.id_superior as id_super3_0_ from angajati angajat0_
Hibernate: select angajat0_.id as id1_0_, angajat0_.data_angajare as data_ang2_0_, angajat0_.functie_id as functie_4_0_, angajat0_.id_superior as id_super3_0_ from angajati angajat0_
21:23:00.569 [Test worker] DEBUG org.hibernate.loader.Loader - Result set row: 0
21:23:00.569 [Test worker] DEBUG org.hibernate.loader.Loader - Result row: EntityKey[domain.Angajat#1]
21:23:00.569 [Test worker] DEBUG org.hibernate.loader.Loader - Result set row: 1
21:23:00.569 [Test worker] DEBUG org.hibernate.loader.Loader - Result row: EntityKey[domain.Angajat#2]
21:23:00.569 [Test worker] DEBUG org.hibernate.engine.internal.TwoPhaseLoad - Resolving attributes for [domain.Angajat#1]
21:23:00.569 [Test worker] DEBUG org.hibernate.engine.internal.TwoPhaseLoad - Processing attribute `concedii` : value = NOT NULL COLLECTION
21:23:00.569 [Test worker] DEBUG org.hibernate.engine.internal.TwoPhaseLoad - Attribute (`concedii`)  - enhanced for lazy-loading? - false
21:23:00.569 [Test worker] DEBUG org.hibernate.engine.internal.TwoPhaseLoad - Processing attribute `dataAngajare` : value = 2021-06-01
21:23:00.569 [Test worker] DEBUG org.hibernate.engine.internal.TwoPhaseLoad - Attribute (`dataAngajare`)  - enhanced for lazy-loading? - false
21:23:00.569 [Test worker] DEBUG org.hibernate.engine.internal.TwoPhaseLoad - Processing attribute `departamente` : value = NOT NULL COLLECTION
21:23:00.569 [Test worker] DEBUG org.hibernate.engine.internal.TwoPhaseLoad - Attribute (`departamente`)  - enhanced for lazy-loading? - false
21:23:00.569 [Test worker] DEBUG org.hibernate.engine.internal.TwoPhaseLoad - Processing attribute `functie` : value = 1
21:23:00.569 [Test worker] DEBUG org.hibernate.engine.internal.TwoPhaseLoad - Attribute (`functie`)  - enhanced for lazy-loading? - false
21:23:00.569 [Test worker] DEBUG org.hibernate.SQL - select functie0_.id as id1_5_0_, functie0_.salar_de_baza as salar_de2_5_0_ from functii functie0_ where functie0_.id=?
Hibernate: select functie0_.id as id1_5_0_, functie0_.salar_de_baza as salar_de2_5_0_ from functii functie0_ where functie0_.id=?
21:23:00.569 [Test worker] DEBUG org.hibernate.loader.plan.exec.process.internal.EntityReferenceInitializerImpl - On call to EntityIdentifierReaderImpl#resolve, EntityKey was already known; should only happen on root returns with an optional identifier specified
21:23:00.569 [Test worker] DEBUG org.hibernate.engine.internal.TwoPhaseLoad - Resolving attributes for [domain.Functie#1]
21:23:00.569 [Test worker] DEBUG org.hibernate.engine.internal.TwoPhaseLoad - Processing attribute `salarDeBaza` : value = 2000.0
21:23:00.569 [Test worker] DEBUG org.hibernate.engine.internal.TwoPhaseLoad - Attribute (`salarDeBaza`)  - enhanced for lazy-loading? - false
21:23:00.569 [Test worker] DEBUG org.hibernate.engine.internal.TwoPhaseLoad - Done materializing entity [domain.Functie#1]
21:23:00.569 [Test worker] DEBUG org.hibernate.loader.entity.plan.AbstractLoadPlanBasedEntityLoader - Done entity load : domain.Functie#1
21:23:00.569 [Test worker] DEBUG org.hibernate.engine.internal.TwoPhaseLoad - Processing attribute `idSuperior` : value = 1
21:23:00.569 [Test worker] DEBUG org.hibernate.engine.internal.TwoPhaseLoad - Attribute (`idSuperior`)  - enhanced for lazy-loading? - false
21:23:00.569 [Test worker] DEBUG org.hibernate.engine.internal.TwoPhaseLoad - Processing attribute `proiecte` : value = NOT NULL COLLECTION
21:23:00.569 [Test worker] DEBUG org.hibernate.engine.internal.TwoPhaseLoad - Attribute (`proiecte`)  - enhanced for lazy-loading? - false
21:23:00.569 [Test worker] DEBUG org.hibernate.engine.internal.TwoPhaseLoad - Done materializing entity [domain.Angajat#1]
21:23:00.569 [Test worker] DEBUG org.hibernate.engine.internal.TwoPhaseLoad - Resolving attributes for [domain.Angajat#2]
21:23:00.569 [Test worker] DEBUG org.hibernate.engine.internal.TwoPhaseLoad - Processing attribute `concedii` : value = NOT NULL COLLECTION
21:23:00.569 [Test worker] DEBUG org.hibernate.engine.internal.TwoPhaseLoad - Attribute (`concedii`)  - enhanced for lazy-loading? - false
21:23:00.569 [Test worker] DEBUG org.hibernate.engine.internal.TwoPhaseLoad - Processing attribute `dataAngajare` : value = 2021-07-19
21:23:00.569 [Test worker] DEBUG org.hibernate.engine.internal.TwoPhaseLoad - Attribute (`dataAngajare`)  - enhanced for lazy-loading? - false
21:23:00.569 [Test worker] DEBUG org.hibernate.engine.internal.TwoPhaseLoad - Processing attribute `departamente` : value = NOT NULL COLLECTION
21:23:00.569 [Test worker] DEBUG org.hibernate.engine.internal.TwoPhaseLoad - Attribute (`departamente`)  - enhanced for lazy-loading? - false
21:23:00.569 [Test worker] DEBUG org.hibernate.engine.internal.TwoPhaseLoad - Processing attribute `functie` : value = 1
21:23:00.569 [Test worker] DEBUG org.hibernate.engine.internal.TwoPhaseLoad - Attribute (`functie`)  - enhanced for lazy-loading? - false
21:23:00.569 [Test worker] DEBUG org.hibernate.engine.internal.TwoPhaseLoad - Processing attribute `idSuperior` : value = 2
21:23:00.569 [Test worker] DEBUG org.hibernate.engine.internal.TwoPhaseLoad - Attribute (`idSuperior`)  - enhanced for lazy-loading? - false
21:23:00.569 [Test worker] DEBUG org.hibernate.engine.internal.TwoPhaseLoad - Processing attribute `proiecte` : value = NOT NULL COLLECTION
21:23:00.569 [Test worker] DEBUG org.hibernate.engine.internal.TwoPhaseLoad - Attribute (`proiecte`)  - enhanced for lazy-loading? - false
21:23:00.569 [Test worker] DEBUG org.hibernate.engine.internal.TwoPhaseLoad - Done materializing entity [domain.Angajat#2]
21:23:00.569 [Test worker] DEBUG org.hibernate.engine.transaction.internal.TransactionImpl - committing
21:23:00.569 [Test worker] DEBUG org.hibernate.event.internal.AbstractFlushingEventListener - Processing flush-time cascades
21:23:00.569 [Test worker] DEBUG org.hibernate.event.internal.AbstractFlushingEventListener - Dirty checking collections
21:23:00.569 [Test worker] DEBUG org.hibernate.engine.internal.Collections - Collection found: [domain.Angajat.concedii#1], was: [domain.Angajat.concedii#1] (uninitialized)
21:23:00.569 [Test worker] DEBUG org.hibernate.engine.internal.Collections - Collection found: [domain.Angajat.departamente#1], was: [domain.Angajat.departamente#1] (uninitialized)
21:23:00.569 [Test worker] DEBUG org.hibernate.engine.internal.Collections - Collection found: [domain.Angajat.proiecte#1], was: [domain.Angajat.proiecte#1] (uninitialized)
21:23:00.569 [Test worker] DEBUG org.hibernate.engine.internal.Collections - Collection found: [domain.Angajat.concedii#2], was: [domain.Angajat.concedii#2] (uninitialized)
21:23:00.569 [Test worker] DEBUG org.hibernate.engine.internal.Collections - Collection found: [domain.Angajat.departamente#2], was: [domain.Angajat.departamente#2] (uninitialized)
21:23:00.569 [Test worker] DEBUG org.hibernate.engine.internal.Collections - Collection found: [domain.Angajat.proiecte#2], was: [domain.Angajat.proiecte#2] (uninitialized)
21:23:00.569 [Test worker] DEBUG org.hibernate.event.internal.AbstractFlushingEventListener - Flushed: 0 insertions, 0 updates, 0 deletions to 3 objects
21:23:00.569 [Test worker] DEBUG org.hibernate.event.internal.AbstractFlushingEventListener - Flushed: 0 (re)creations, 0 updates, 0 removals to 6 collections
21:23:00.569 [Test worker] DEBUG org.hibernate.internal.util.EntityPrinter - Listing entities:
21:23:00.569 [Test worker] DEBUG org.hibernate.internal.util.EntityPrinter - domain.Functie{salarDeBaza=2000.0, id=1}
21:23:00.569 [Test worker] DEBUG org.hibernate.internal.util.EntityPrinter - domain.Angajat{proiecte=<uninitialized>, functie=domain.Functie#1, idSuperior=1, departamente=<uninitialized>, id=1, dataAngajare=2021-06-01, concedii=<uninitialized>}
21:23:00.569 [Test worker] DEBUG org.hibernate.internal.util.EntityPrinter - domain.Angajat{proiecte=<uninitialized>, functie=domain.Functie#1, idSuperior=2, departamente=<uninitialized>, id=2, dataAngajare=2021-07-19, concedii=<uninitialized>}
21:23:00.569 [Test worker] DEBUG org.hibernate.resource.jdbc.internal.LogicalConnectionManagedImpl - Initiating JDBC connection release from afterTransaction
21:23:00.569 [Test worker] DEBUG org.hibernate.resource.jdbc.internal.LogicalConnectionManagedImpl - Initiating JDBC connection release from afterTransaction
21:23:00.569 [Test worker] DEBUG org.hibernate.internal.SessionFactoryRegistry - Lookup: uid=a366727e-ccbf-4260-8e85-43bf42cd5119
21:23:00.569 [Test worker] DEBUG org.hibernate.engine.transaction.internal.TransactionImpl - On TransactionImpl creation, JpaCompliance#isJpaTransactionComplianceEnabled == false
21:23:00.569 [Test worker] DEBUG org.hibernate.engine.transaction.internal.TransactionImpl - begin
21:23:00.569 [Test worker] DEBUG org.hibernate.loader.collection.plan.AbstractLoadPlanBasedCollectionInitializer - Loading collection: [domain.Angajat.departamente#1]
21:23:00.569 [Test worker] DEBUG org.hibernate.SQL - select departamen0_.id_angajat as id_angaj1_1_0_, departamen0_.id_departament as id_depar2_1_0_, departamen1_.id as id1_4_1_, departamen1_.id_director as id_direc2_4_1_ from angajati_departamente departamen0_ inner join departamente departamen1_ on departamen0_.id_departament=departamen1_.id where departamen0_.id_angajat=?
Hibernate: select departamen0_.id_angajat as id_angaj1_1_0_, departamen0_.id_departament as id_depar2_1_0_, departamen1_.id as id1_4_1_, departamen1_.id_director as id_direc2_4_1_ from angajati_departamente departamen0_ inner join departamente departamen1_ on departamen0_.id_departament=departamen1_.id where departamen0_.id_angajat=?
21:23:00.569 [Test worker] DEBUG org.hibernate.loader.plan.exec.process.internal.ResultSetProcessorImpl - Preparing collection initializer : [domain.Angajat.departamente#1]
21:23:00.569 [Test worker] DEBUG org.hibernate.loader.plan.exec.process.internal.CollectionReferenceInitializerImpl - Found row of collection: [domain.Angajat.departamente#1]
21:23:00.569 [Test worker] DEBUG org.hibernate.engine.internal.TwoPhaseLoad - Resolving attributes for [domain.Departament#1]
21:23:00.569 [Test worker] DEBUG org.hibernate.engine.internal.TwoPhaseLoad - Processing attribute `idDirector` : value = 1
21:23:00.569 [Test worker] DEBUG org.hibernate.engine.internal.TwoPhaseLoad - Attribute (`idDirector`)  - enhanced for lazy-loading? - false
21:23:00.569 [Test worker] DEBUG org.hibernate.engine.internal.TwoPhaseLoad - Done materializing entity [domain.Departament#1]
21:23:00.569 [Test worker] DEBUG org.hibernate.engine.loading.internal.CollectionLoadContext - 1 collections were found in result set for role: domain.Angajat.departamente
21:23:00.569 [Test worker] DEBUG org.hibernate.engine.loading.internal.CollectionLoadContext - Collection fully initialized: [domain.Angajat.departamente#1]
21:23:00.569 [Test worker] DEBUG org.hibernate.engine.loading.internal.CollectionLoadContext - 1 collections initialized for role: domain.Angajat.departamente
21:23:00.569 [Test worker] DEBUG org.hibernate.loader.collection.plan.AbstractLoadPlanBasedCollectionInitializer - Done loading collection
21:23:00.569 [Test worker] DEBUG org.hibernate.engine.transaction.internal.TransactionImpl - committing
21:23:00.569 [Test worker] DEBUG org.hibernate.resource.jdbc.internal.LogicalConnectionManagedImpl - Initiating JDBC connection release from afterTransaction
21:23:00.569 [Test worker] DEBUG org.hibernate.resource.jdbc.internal.LogicalConnectionManagedImpl - Initiating JDBC connection release from afterTransaction
21:23:00.569 [Test worker] DEBUG org.hibernate.internal.SessionFactoryRegistry - Lookup: uid=a366727e-ccbf-4260-8e85-43bf42cd5119
21:23:00.569 [Test worker] DEBUG org.hibernate.engine.transaction.internal.TransactionImpl - On TransactionImpl creation, JpaCompliance#isJpaTransactionComplianceEnabled == false
21:23:00.569 [Test worker] DEBUG org.hibernate.engine.transaction.internal.TransactionImpl - begin
21:23:00.569 [Test worker] DEBUG org.hibernate.loader.collection.plan.AbstractLoadPlanBasedCollectionInitializer - Loading collection: [domain.Angajat.proiecte#1]
21:23:00.569 [Test worker] DEBUG org.hibernate.SQL - select proiecte0_.id_angajat as id_angaj1_2_0_, proiecte0_.id_proiect as id_proie2_2_0_, proiect1_.id as id1_6_1_, proiect1_.data_inceput as data_inc2_6_1_, proiect1_.deadline as deadline3_6_1_ from angajati_proiecte proiecte0_ inner join proiecte proiect1_ on proiecte0_.id_proiect=proiect1_.id where proiecte0_.id_angajat=?
Hibernate: select proiecte0_.id_angajat as id_angaj1_2_0_, proiecte0_.id_proiect as id_proie2_2_0_, proiect1_.id as id1_6_1_, proiect1_.data_inceput as data_inc2_6_1_, proiect1_.deadline as deadline3_6_1_ from angajati_proiecte proiecte0_ inner join proiecte proiect1_ on proiecte0_.id_proiect=proiect1_.id where proiecte0_.id_angajat=?
21:23:00.569 [Test worker] DEBUG org.hibernate.loader.plan.exec.process.internal.ResultSetProcessorImpl - Preparing collection initializer : [domain.Angajat.proiecte#1]
21:23:00.569 [Test worker] DEBUG org.hibernate.loader.plan.exec.process.internal.CollectionReferenceInitializerImpl - Found row of collection: [domain.Angajat.proiecte#1]
21:23:00.569 [Test worker] DEBUG org.hibernate.engine.internal.TwoPhaseLoad - Resolving attributes for [domain.Proiect#2]
21:23:00.569 [Test worker] DEBUG org.hibernate.engine.internal.TwoPhaseLoad - Processing attribute `dataInceput` : value = 2021-06-15
21:23:00.569 [Test worker] DEBUG org.hibernate.engine.internal.TwoPhaseLoad - Attribute (`dataInceput`)  - enhanced for lazy-loading? - false
21:23:00.569 [Test worker] DEBUG org.hibernate.engine.internal.TwoPhaseLoad - Processing attribute `deadline` : value = 2021-06-30
21:23:00.569 [Test worker] DEBUG org.hibernate.engine.internal.TwoPhaseLoad - Attribute (`deadline`)  - enhanced for lazy-loading? - false
21:23:00.569 [Test worker] DEBUG org.hibernate.engine.internal.TwoPhaseLoad - Done materializing entity [domain.Proiect#2]
21:23:00.569 [Test worker] DEBUG org.hibernate.engine.loading.internal.CollectionLoadContext - 1 collections were found in result set for role: domain.Angajat.proiecte
21:23:00.569 [Test worker] DEBUG org.hibernate.engine.loading.internal.CollectionLoadContext - Collection fully initialized: [domain.Angajat.proiecte#1]
21:23:00.569 [Test worker] DEBUG org.hibernate.engine.loading.internal.CollectionLoadContext - 1 collections initialized for role: domain.Angajat.proiecte
21:23:00.569 [Test worker] DEBUG org.hibernate.loader.collection.plan.AbstractLoadPlanBasedCollectionInitializer - Done loading collection
21:23:00.569 [Test worker] DEBUG org.hibernate.engine.transaction.internal.TransactionImpl - committing
21:23:00.569 [Test worker] DEBUG org.hibernate.resource.jdbc.internal.LogicalConnectionManagedImpl - Initiating JDBC connection release from afterTransaction
21:23:00.569 [Test worker] DEBUG org.hibernate.resource.jdbc.internal.LogicalConnectionManagedImpl - Initiating JDBC connection release from afterTransaction
21:23:00.569 [Test worker] DEBUG org.hibernate.internal.SessionFactoryRegistry - Lookup: uid=a366727e-ccbf-4260-8e85-43bf42cd5119
21:23:00.569 [Test worker] DEBUG org.hibernate.engine.transaction.internal.TransactionImpl - On TransactionImpl creation, JpaCompliance#isJpaTransactionComplianceEnabled == false
21:23:00.569 [Test worker] DEBUG org.hibernate.engine.transaction.internal.TransactionImpl - begin
21:23:00.569 [Test worker] DEBUG org.hibernate.loader.collection.plan.AbstractLoadPlanBasedCollectionInitializer - Loading collection: [domain.Angajat.departamente#2]
21:23:00.569 [Test worker] DEBUG org.hibernate.SQL - select departamen0_.id_angajat as id_angaj1_1_0_, departamen0_.id_departament as id_depar2_1_0_, departamen1_.id as id1_4_1_, departamen1_.id_director as id_direc2_4_1_ from angajati_departamente departamen0_ inner join departamente departamen1_ on departamen0_.id_departament=departamen1_.id where departamen0_.id_angajat=?
Hibernate: select departamen0_.id_angajat as id_angaj1_1_0_, departamen0_.id_departament as id_depar2_1_0_, departamen1_.id as id1_4_1_, departamen1_.id_director as id_direc2_4_1_ from angajati_departamente departamen0_ inner join departamente departamen1_ on departamen0_.id_departament=departamen1_.id where departamen0_.id_angajat=?
21:23:00.569 [Test worker] DEBUG org.hibernate.loader.plan.exec.process.internal.ResultSetProcessorImpl - Preparing collection initializer : [domain.Angajat.departamente#2]
21:23:00.569 [Test worker] DEBUG org.hibernate.loader.plan.exec.process.internal.CollectionReferenceInitializerImpl - Found row of collection: [domain.Angajat.departamente#2]
21:23:00.569 [Test worker] DEBUG org.hibernate.engine.internal.TwoPhaseLoad - Resolving attributes for [domain.Departament#2]
21:23:00.569 [Test worker] DEBUG org.hibernate.engine.internal.TwoPhaseLoad - Processing attribute `idDirector` : value = 2
21:23:00.569 [Test worker] DEBUG org.hibernate.engine.internal.TwoPhaseLoad - Attribute (`idDirector`)  - enhanced for lazy-loading? - false
21:23:00.569 [Test worker] DEBUG org.hibernate.engine.internal.TwoPhaseLoad - Done materializing entity [domain.Departament#2]
21:23:00.569 [Test worker] DEBUG org.hibernate.engine.loading.internal.CollectionLoadContext - 1 collections were found in result set for role: domain.Angajat.departamente
21:23:00.569 [Test worker] DEBUG org.hibernate.engine.loading.internal.CollectionLoadContext - Collection fully initialized: [domain.Angajat.departamente#2]
21:23:00.569 [Test worker] DEBUG org.hibernate.engine.loading.internal.CollectionLoadContext - 1 collections initialized for role: domain.Angajat.departamente
21:23:00.569 [Test worker] DEBUG org.hibernate.loader.collection.plan.AbstractLoadPlanBasedCollectionInitializer - Done loading collection
21:23:00.569 [Test worker] DEBUG org.hibernate.engine.transaction.internal.TransactionImpl - committing
21:23:00.569 [Test worker] DEBUG org.hibernate.resource.jdbc.internal.LogicalConnectionManagedImpl - Initiating JDBC connection release from afterTransaction
21:23:00.569 [Test worker] DEBUG org.hibernate.resource.jdbc.internal.LogicalConnectionManagedImpl - Initiating JDBC connection release from afterTransaction
21:23:00.569 [Test worker] DEBUG org.hibernate.engine.transaction.internal.TransactionImpl - On TransactionImpl creation, JpaCompliance#isJpaTransactionComplianceEnabled == false
21:23:00.569 [Test worker] DEBUG org.hibernate.engine.transaction.internal.TransactionImpl - begin
21:23:00.569 [Test worker] DEBUG org.hibernate.SQL - select angajat0_.id as id1_0_, angajat0_.data_angajare as data_ang2_0_, angajat0_.functie_id as functie_4_0_, angajat0_.id_superior as id_super3_0_ from angajati angajat0_
Hibernate: select angajat0_.id as id1_0_, angajat0_.data_angajare as data_ang2_0_, angajat0_.functie_id as functie_4_0_, angajat0_.id_superior as id_super3_0_ from angajati angajat0_
21:23:00.569 [Test worker] DEBUG org.hibernate.loader.Loader - Result set row: 0
21:23:00.569 [Test worker] DEBUG org.hibernate.loader.Loader - Result row: EntityKey[domain.Angajat#1]
21:23:00.569 [Test worker] DEBUG org.hibernate.loader.Loader - Result set row: 1
21:23:00.569 [Test worker] DEBUG org.hibernate.loader.Loader - Result row: EntityKey[domain.Angajat#2]
21:23:00.569 [Test worker] DEBUG org.hibernate.engine.internal.TwoPhaseLoad - Resolving attributes for [domain.Angajat#1]
21:23:00.569 [Test worker] DEBUG org.hibernate.engine.internal.TwoPhaseLoad - Processing attribute `concedii` : value = NOT NULL COLLECTION
21:23:00.569 [Test worker] DEBUG org.hibernate.engine.internal.TwoPhaseLoad - Attribute (`concedii`)  - enhanced for lazy-loading? - false
21:23:00.569 [Test worker] DEBUG org.hibernate.engine.internal.TwoPhaseLoad - Processing attribute `dataAngajare` : value = 2021-06-01
21:23:00.569 [Test worker] DEBUG org.hibernate.engine.internal.TwoPhaseLoad - Attribute (`dataAngajare`)  - enhanced for lazy-loading? - false
21:23:00.569 [Test worker] DEBUG org.hibernate.engine.internal.TwoPhaseLoad - Processing attribute `departamente` : value = NOT NULL COLLECTION
21:23:00.569 [Test worker] DEBUG org.hibernate.engine.internal.TwoPhaseLoad - Attribute (`departamente`)  - enhanced for lazy-loading? - false
21:23:00.569 [Test worker] DEBUG org.hibernate.engine.internal.TwoPhaseLoad - Processing attribute `functie` : value = 1
21:23:00.569 [Test worker] DEBUG org.hibernate.engine.internal.TwoPhaseLoad - Attribute (`functie`)  - enhanced for lazy-loading? - false
21:23:00.569 [Test worker] DEBUG org.hibernate.SQL - select functie0_.id as id1_5_0_, functie0_.salar_de_baza as salar_de2_5_0_ from functii functie0_ where functie0_.id=?
Hibernate: select functie0_.id as id1_5_0_, functie0_.salar_de_baza as salar_de2_5_0_ from functii functie0_ where functie0_.id=?
21:23:00.569 [Test worker] DEBUG org.hibernate.loader.plan.exec.process.internal.EntityReferenceInitializerImpl - On call to EntityIdentifierReaderImpl#resolve, EntityKey was already known; should only happen on root returns with an optional identifier specified
21:23:00.569 [Test worker] DEBUG org.hibernate.engine.internal.TwoPhaseLoad - Resolving attributes for [domain.Functie#1]
21:23:00.569 [Test worker] DEBUG org.hibernate.engine.internal.TwoPhaseLoad - Processing attribute `salarDeBaza` : value = 2000.0
21:23:00.569 [Test worker] DEBUG org.hibernate.engine.internal.TwoPhaseLoad - Attribute (`salarDeBaza`)  - enhanced for lazy-loading? - false
21:23:00.569 [Test worker] DEBUG org.hibernate.engine.internal.TwoPhaseLoad - Done materializing entity [domain.Functie#1]
21:23:00.569 [Test worker] DEBUG org.hibernate.loader.entity.plan.AbstractLoadPlanBasedEntityLoader - Done entity load : domain.Functie#1
21:23:00.569 [Test worker] DEBUG org.hibernate.engine.internal.TwoPhaseLoad - Processing attribute `idSuperior` : value = 1
21:23:00.569 [Test worker] DEBUG org.hibernate.engine.internal.TwoPhaseLoad - Attribute (`idSuperior`)  - enhanced for lazy-loading? - false
21:23:00.569 [Test worker] DEBUG org.hibernate.engine.internal.TwoPhaseLoad - Processing attribute `proiecte` : value = NOT NULL COLLECTION
21:23:00.569 [Test worker] DEBUG org.hibernate.engine.internal.TwoPhaseLoad - Attribute (`proiecte`)  - enhanced for lazy-loading? - false
21:23:00.569 [Test worker] DEBUG org.hibernate.engine.internal.TwoPhaseLoad - Done materializing entity [domain.Angajat#1]
21:23:00.569 [Test worker] DEBUG org.hibernate.engine.internal.TwoPhaseLoad - Resolving attributes for [domain.Angajat#2]
21:23:00.569 [Test worker] DEBUG org.hibernate.engine.internal.TwoPhaseLoad - Processing attribute `concedii` : value = NOT NULL COLLECTION
21:23:00.569 [Test worker] DEBUG org.hibernate.engine.internal.TwoPhaseLoad - Attribute (`concedii`)  - enhanced for lazy-loading? - false
21:23:00.569 [Test worker] DEBUG org.hibernate.engine.internal.TwoPhaseLoad - Processing attribute `dataAngajare` : value = 2021-07-19
21:23:00.569 [Test worker] DEBUG org.hibernate.engine.internal.TwoPhaseLoad - Attribute (`dataAngajare`)  - enhanced for lazy-loading? - false
21:23:00.569 [Test worker] DEBUG org.hibernate.engine.internal.TwoPhaseLoad - Processing attribute `departamente` : value = NOT NULL COLLECTION
21:23:00.569 [Test worker] DEBUG org.hibernate.engine.internal.TwoPhaseLoad - Attribute (`departamente`)  - enhanced for lazy-loading? - false
21:23:00.569 [Test worker] DEBUG org.hibernate.engine.internal.TwoPhaseLoad - Processing attribute `functie` : value = 1
21:23:00.569 [Test worker] DEBUG org.hibernate.engine.internal.TwoPhaseLoad - Attribute (`functie`)  - enhanced for lazy-loading? - false
21:23:00.569 [Test worker] DEBUG org.hibernate.engine.internal.TwoPhaseLoad - Processing attribute `idSuperior` : value = 2
21:23:00.569 [Test worker] DEBUG org.hibernate.engine.internal.TwoPhaseLoad - Attribute (`idSuperior`)  - enhanced for lazy-loading? - false
21:23:00.569 [Test worker] DEBUG org.hibernate.engine.internal.TwoPhaseLoad - Processing attribute `proiecte` : value = NOT NULL COLLECTION
21:23:00.569 [Test worker] DEBUG org.hibernate.engine.internal.TwoPhaseLoad - Attribute (`proiecte`)  - enhanced for lazy-loading? - false
21:23:00.569 [Test worker] DEBUG org.hibernate.engine.internal.TwoPhaseLoad - Done materializing entity [domain.Angajat#2]
21:23:00.569 [Test worker] DEBUG org.hibernate.engine.transaction.internal.TransactionImpl - committing
21:23:00.569 [Test worker] DEBUG org.hibernate.event.internal.AbstractFlushingEventListener - Processing flush-time cascades
21:23:00.569 [Test worker] DEBUG org.hibernate.event.internal.AbstractFlushingEventListener - Dirty checking collections
21:23:00.569 [Test worker] DEBUG org.hibernate.engine.internal.Collections - Collection found: [domain.Angajat.concedii#1], was: [domain.Angajat.concedii#1] (uninitialized)
21:23:00.569 [Test worker] DEBUG org.hibernate.engine.internal.Collections - Collection found: [domain.Angajat.departamente#1], was: [domain.Angajat.departamente#1] (uninitialized)
21:23:00.569 [Test worker] DEBUG org.hibernate.engine.internal.Collections - Collection found: [domain.Angajat.proiecte#1], was: [domain.Angajat.proiecte#1] (uninitialized)
21:23:00.569 [Test worker] DEBUG org.hibernate.engine.internal.Collections - Collection found: [domain.Angajat.concedii#2], was: [domain.Angajat.concedii#2] (uninitialized)
21:23:00.569 [Test worker] DEBUG org.hibernate.engine.internal.Collections - Collection found: [domain.Angajat.departamente#2], was: [domain.Angajat.departamente#2] (uninitialized)
21:23:00.569 [Test worker] DEBUG org.hibernate.engine.internal.Collections - Collection found: [domain.Angajat.proiecte#2], was: [domain.Angajat.proiecte#2] (uninitialized)
21:23:00.569 [Test worker] DEBUG org.hibernate.event.internal.AbstractFlushingEventListener - Flushed: 0 insertions, 0 updates, 0 deletions to 3 objects
21:23:00.569 [Test worker] DEBUG org.hibernate.event.internal.AbstractFlushingEventListener - Flushed: 0 (re)creations, 0 updates, 0 removals to 6 collections
21:23:00.569 [Test worker] DEBUG org.hibernate.internal.util.EntityPrinter - Listing entities:
21:23:00.569 [Test worker] DEBUG org.hibernate.internal.util.EntityPrinter - domain.Functie{salarDeBaza=2000.0, id=1}
21:23:00.569 [Test worker] DEBUG org.hibernate.internal.util.EntityPrinter - domain.Angajat{proiecte=<uninitialized>, functie=domain.Functie#1, idSuperior=1, departamente=<uninitialized>, id=1, dataAngajare=2021-06-01, concedii=<uninitialized>}
21:23:00.569 [Test worker] DEBUG org.hibernate.internal.util.EntityPrinter - domain.Angajat{proiecte=<uninitialized>, functie=domain.Functie#1, idSuperior=2, departamente=<uninitialized>, id=2, dataAngajare=2021-07-19, concedii=<uninitialized>}
21:23:00.569 [Test worker] DEBUG org.hibernate.resource.jdbc.internal.LogicalConnectionManagedImpl - Initiating JDBC connection release from afterTransaction
21:23:00.569 [Test worker] DEBUG org.hibernate.resource.jdbc.internal.LogicalConnectionManagedImpl - Initiating JDBC connection release from afterTransaction
21:23:00.569 [Test worker] DEBUG org.hibernate.internal.SessionFactoryRegistry - Lookup: uid=a366727e-ccbf-4260-8e85-43bf42cd5119
21:23:00.569 [Test worker] DEBUG org.hibernate.engine.transaction.internal.TransactionImpl - On TransactionImpl creation, JpaCompliance#isJpaTransactionComplianceEnabled == false
21:23:00.569 [Test worker] DEBUG org.hibernate.engine.transaction.internal.TransactionImpl - begin
21:23:00.569 [Test worker] DEBUG org.hibernate.loader.collection.plan.AbstractLoadPlanBasedCollectionInitializer - Loading collection: [domain.Angajat.departamente#1]
21:23:00.569 [Test worker] DEBUG org.hibernate.SQL - select departamen0_.id_angajat as id_angaj1_1_0_, departamen0_.id_departament as id_depar2_1_0_, departamen1_.id as id1_4_1_, departamen1_.id_director as id_direc2_4_1_ from angajati_departamente departamen0_ inner join departamente departamen1_ on departamen0_.id_departament=departamen1_.id where departamen0_.id_angajat=?
Hibernate: select departamen0_.id_angajat as id_angaj1_1_0_, departamen0_.id_departament as id_depar2_1_0_, departamen1_.id as id1_4_1_, departamen1_.id_director as id_direc2_4_1_ from angajati_departamente departamen0_ inner join departamente departamen1_ on departamen0_.id_departament=departamen1_.id where departamen0_.id_angajat=?
21:23:00.569 [Test worker] DEBUG org.hibernate.loader.plan.exec.process.internal.ResultSetProcessorImpl - Preparing collection initializer : [domain.Angajat.departamente#1]
21:23:00.569 [Test worker] DEBUG org.hibernate.loader.plan.exec.process.internal.CollectionReferenceInitializerImpl - Found row of collection: [domain.Angajat.departamente#1]
21:23:00.569 [Test worker] DEBUG org.hibernate.engine.internal.TwoPhaseLoad - Resolving attributes for [domain.Departament#1]
21:23:00.569 [Test worker] DEBUG org.hibernate.engine.internal.TwoPhaseLoad - Processing attribute `idDirector` : value = 1
21:23:00.569 [Test worker] DEBUG org.hibernate.engine.internal.TwoPhaseLoad - Attribute (`idDirector`)  - enhanced for lazy-loading? - false
21:23:00.569 [Test worker] DEBUG org.hibernate.engine.internal.TwoPhaseLoad - Done materializing entity [domain.Departament#1]
21:23:00.569 [Test worker] DEBUG org.hibernate.engine.loading.internal.CollectionLoadContext - 1 collections were found in result set for role: domain.Angajat.departamente
21:23:00.569 [Test worker] DEBUG org.hibernate.engine.loading.internal.CollectionLoadContext - Collection fully initialized: [domain.Angajat.departamente#1]
21:23:00.569 [Test worker] DEBUG org.hibernate.engine.loading.internal.CollectionLoadContext - 1 collections initialized for role: domain.Angajat.departamente
21:23:00.569 [Test worker] DEBUG org.hibernate.loader.collection.plan.AbstractLoadPlanBasedCollectionInitializer - Done loading collection
21:23:00.569 [Test worker] DEBUG org.hibernate.engine.transaction.internal.TransactionImpl - committing
21:23:00.569 [Test worker] DEBUG org.hibernate.resource.jdbc.internal.LogicalConnectionManagedImpl - Initiating JDBC connection release from afterTransaction
21:23:00.569 [Test worker] DEBUG org.hibernate.resource.jdbc.internal.LogicalConnectionManagedImpl - Initiating JDBC connection release from afterTransaction
21:23:00.569 [Test worker] DEBUG org.hibernate.internal.SessionFactoryRegistry - Lookup: uid=a366727e-ccbf-4260-8e85-43bf42cd5119
21:23:00.569 [Test worker] DEBUG org.hibernate.engine.transaction.internal.TransactionImpl - On TransactionImpl creation, JpaCompliance#isJpaTransactionComplianceEnabled == false
21:23:00.569 [Test worker] DEBUG org.hibernate.engine.transaction.internal.TransactionImpl - begin
21:23:00.569 [Test worker] DEBUG org.hibernate.loader.collection.plan.AbstractLoadPlanBasedCollectionInitializer - Loading collection: [domain.Angajat.departamente#2]
21:23:00.569 [Test worker] DEBUG org.hibernate.SQL - select departamen0_.id_angajat as id_angaj1_1_0_, departamen0_.id_departament as id_depar2_1_0_, departamen1_.id as id1_4_1_, departamen1_.id_director as id_direc2_4_1_ from angajati_departamente departamen0_ inner join departamente departamen1_ on departamen0_.id_departament=departamen1_.id where departamen0_.id_angajat=?
Hibernate: select departamen0_.id_angajat as id_angaj1_1_0_, departamen0_.id_departament as id_depar2_1_0_, departamen1_.id as id1_4_1_, departamen1_.id_director as id_direc2_4_1_ from angajati_departamente departamen0_ inner join departamente departamen1_ on departamen0_.id_departament=departamen1_.id where departamen0_.id_angajat=?
21:23:00.569 [Test worker] DEBUG org.hibernate.loader.plan.exec.process.internal.ResultSetProcessorImpl - Preparing collection initializer : [domain.Angajat.departamente#2]
21:23:00.569 [Test worker] DEBUG org.hibernate.loader.plan.exec.process.internal.CollectionReferenceInitializerImpl - Found row of collection: [domain.Angajat.departamente#2]
21:23:00.569 [Test worker] DEBUG org.hibernate.engine.internal.TwoPhaseLoad - Resolving attributes for [domain.Departament#2]
21:23:00.569 [Test worker] DEBUG org.hibernate.engine.internal.TwoPhaseLoad - Processing attribute `idDirector` : value = 2
21:23:00.569 [Test worker] DEBUG org.hibernate.engine.internal.TwoPhaseLoad - Attribute (`idDirector`)  - enhanced for lazy-loading? - false
21:23:00.569 [Test worker] DEBUG org.hibernate.engine.internal.TwoPhaseLoad - Done materializing entity [domain.Departament#2]
21:23:00.569 [Test worker] DEBUG org.hibernate.engine.loading.internal.CollectionLoadContext - 1 collections were found in result set for role: domain.Angajat.departamente
21:23:00.569 [Test worker] DEBUG org.hibernate.engine.loading.internal.CollectionLoadContext - Collection fully initialized: [domain.Angajat.departamente#2]
21:23:00.569 [Test worker] DEBUG org.hibernate.engine.loading.internal.CollectionLoadContext - 1 collections initialized for role: domain.Angajat.departamente
21:23:00.569 [Test worker] DEBUG org.hibernate.loader.collection.plan.AbstractLoadPlanBasedCollectionInitializer - Done loading collection
21:23:00.569 [Test worker] DEBUG org.hibernate.engine.transaction.internal.TransactionImpl - committing
21:23:00.569 [Test worker] DEBUG org.hibernate.resource.jdbc.internal.LogicalConnectionManagedImpl - Initiating JDBC connection release from afterTransaction
21:23:00.569 [Test worker] DEBUG org.hibernate.resource.jdbc.internal.LogicalConnectionManagedImpl - Initiating JDBC connection release from afterTransaction
21:23:00.569 [Test worker] DEBUG org.hibernate.internal.SessionFactoryRegistry - Lookup: uid=a366727e-ccbf-4260-8e85-43bf42cd5119
21:23:00.585 [Test worker] DEBUG org.hibernate.engine.transaction.internal.TransactionImpl - On TransactionImpl creation, JpaCompliance#isJpaTransactionComplianceEnabled == false
21:23:00.585 [Test worker] DEBUG org.hibernate.engine.transaction.internal.TransactionImpl - begin
21:23:00.585 [Test worker] DEBUG org.hibernate.loader.collection.plan.AbstractLoadPlanBasedCollectionInitializer - Loading collection: [domain.Angajat.proiecte#2]
21:23:00.585 [Test worker] DEBUG org.hibernate.SQL - select proiecte0_.id_angajat as id_angaj1_2_0_, proiecte0_.id_proiect as id_proie2_2_0_, proiect1_.id as id1_6_1_, proiect1_.data_inceput as data_inc2_6_1_, proiect1_.deadline as deadline3_6_1_ from angajati_proiecte proiecte0_ inner join proiecte proiect1_ on proiecte0_.id_proiect=proiect1_.id where proiecte0_.id_angajat=?
Hibernate: select proiecte0_.id_angajat as id_angaj1_2_0_, proiecte0_.id_proiect as id_proie2_2_0_, proiect1_.id as id1_6_1_, proiect1_.data_inceput as data_inc2_6_1_, proiect1_.deadline as deadline3_6_1_ from angajati_proiecte proiecte0_ inner join proiecte proiect1_ on proiecte0_.id_proiect=proiect1_.id where proiecte0_.id_angajat=?
21:23:00.585 [Test worker] DEBUG org.hibernate.loader.plan.exec.process.internal.ResultSetProcessorImpl - Preparing collection initializer : [domain.Angajat.proiecte#2]
21:23:00.585 [Test worker] DEBUG org.hibernate.loader.plan.exec.process.internal.CollectionReferenceInitializerImpl - Found row of collection: [domain.Angajat.proiecte#2]
21:23:00.585 [Test worker] DEBUG org.hibernate.loader.plan.exec.process.internal.CollectionReferenceInitializerImpl - Found row of collection: [domain.Angajat.proiecte#2]
21:23:00.585 [Test worker] DEBUG org.hibernate.loader.plan.exec.process.internal.CollectionReferenceInitializerImpl - Found row of collection: [domain.Angajat.proiecte#2]
21:23:00.585 [Test worker] DEBUG org.hibernate.engine.internal.TwoPhaseLoad - Resolving attributes for [domain.Proiect#1]
21:23:00.585 [Test worker] DEBUG org.hibernate.engine.internal.TwoPhaseLoad - Processing attribute `dataInceput` : value = 2021-07-20
21:23:00.585 [Test worker] DEBUG org.hibernate.engine.internal.TwoPhaseLoad - Attribute (`dataInceput`)  - enhanced for lazy-loading? - false
21:23:00.585 [Test worker] DEBUG org.hibernate.engine.internal.TwoPhaseLoad - Processing attribute `deadline` : value = 2021-07-30
21:23:00.585 [Test worker] DEBUG org.hibernate.engine.internal.TwoPhaseLoad - Attribute (`deadline`)  - enhanced for lazy-loading? - false
21:23:00.585 [Test worker] DEBUG org.hibernate.engine.internal.TwoPhaseLoad - Done materializing entity [domain.Proiect#1]
21:23:00.585 [Test worker] DEBUG org.hibernate.engine.internal.TwoPhaseLoad - Resolving attributes for [domain.Proiect#3]
21:23:00.585 [Test worker] DEBUG org.hibernate.engine.internal.TwoPhaseLoad - Processing attribute `dataInceput` : value = 2021-06-15
21:23:00.585 [Test worker] DEBUG org.hibernate.engine.internal.TwoPhaseLoad - Attribute (`dataInceput`)  - enhanced for lazy-loading? - false
21:23:00.585 [Test worker] DEBUG org.hibernate.engine.internal.TwoPhaseLoad - Processing attribute `deadline` : value = 2021-06-30
21:23:00.585 [Test worker] DEBUG org.hibernate.engine.internal.TwoPhaseLoad - Attribute (`deadline`)  - enhanced for lazy-loading? - false
21:23:00.585 [Test worker] DEBUG org.hibernate.engine.internal.TwoPhaseLoad - Done materializing entity [domain.Proiect#3]
21:23:00.585 [Test worker] DEBUG org.hibernate.engine.internal.TwoPhaseLoad - Resolving attributes for [domain.Proiect#4]
21:23:00.585 [Test worker] DEBUG org.hibernate.engine.internal.TwoPhaseLoad - Processing attribute `dataInceput` : value = 2021-06-15
21:23:00.585 [Test worker] DEBUG org.hibernate.engine.internal.TwoPhaseLoad - Attribute (`dataInceput`)  - enhanced for lazy-loading? - false
21:23:00.585 [Test worker] DEBUG org.hibernate.engine.internal.TwoPhaseLoad - Processing attribute `deadline` : value = 2021-06-30
21:23:00.585 [Test worker] DEBUG org.hibernate.engine.internal.TwoPhaseLoad - Attribute (`deadline`)  - enhanced for lazy-loading? - false
21:23:00.585 [Test worker] DEBUG org.hibernate.engine.internal.TwoPhaseLoad - Done materializing entity [domain.Proiect#4]
21:23:00.585 [Test worker] DEBUG org.hibernate.engine.loading.internal.CollectionLoadContext - 1 collections were found in result set for role: domain.Angajat.proiecte
21:23:00.585 [Test worker] DEBUG org.hibernate.engine.loading.internal.CollectionLoadContext - Collection fully initialized: [domain.Angajat.proiecte#2]
21:23:00.585 [Test worker] DEBUG org.hibernate.engine.loading.internal.CollectionLoadContext - 1 collections initialized for role: domain.Angajat.proiecte
21:23:00.585 [Test worker] DEBUG org.hibernate.loader.collection.plan.AbstractLoadPlanBasedCollectionInitializer - Done loading collection
21:23:00.585 [Test worker] DEBUG org.hibernate.engine.transaction.internal.TransactionImpl - committing
21:23:00.585 [Test worker] DEBUG org.hibernate.resource.jdbc.internal.LogicalConnectionManagedImpl - Initiating JDBC connection release from afterTransaction
21:23:00.585 [Test worker] DEBUG org.hibernate.resource.jdbc.internal.LogicalConnectionManagedImpl - Initiating JDBC connection release from afterTransaction
21:23:00.585 [Test worker] DEBUG org.hibernate.integrator.internal.IntegratorServiceImpl - Adding Integrator [org.hibernate.cfg.beanvalidation.BeanValidationIntegrator].
21:23:00.585 [Test worker] DEBUG org.hibernate.integrator.internal.IntegratorServiceImpl - Adding Integrator [org.hibernate.secure.spi.JaccIntegrator].
21:23:00.585 [Test worker] DEBUG org.hibernate.integrator.internal.IntegratorServiceImpl - Adding Integrator [org.hibernate.cache.internal.CollectionCacheInvalidator].
21:23:00.585 [Test worker] DEBUG org.hibernate.boot.jaxb.internal.stax.LocalXmlResourceResolver - Interpreting public/system identifier : [-//Hibernate/Hibernate Configuration DTD 3.0//EN] - [http://hibernate.org/dtd/hibernate-configuration-3.0.dtd]
21:23:00.616 [Test worker] DEBUG org.hibernate.boot.cfgxml.internal.JaxbCfgProcessor - cfg.xml document did not define namespaces; wrapping in custom event reader to introduce namespace information
21:23:00.632 [Test worker] DEBUG org.hibernate.service.spi.ServiceBinding - Overriding existing service binding [org.hibernate.secure.spi.JaccService]
21:23:00.632 [Test worker] DEBUG org.hibernate.cache.internal.RegionFactoryInitiator - Cannot default RegionFactory based on registered strategies as `[]` RegionFactory strategies were registered
21:23:00.632 [Test worker] DEBUG org.hibernate.cache.internal.RegionFactoryInitiator - Cache region factory : org.hibernate.cache.internal.NoCachingRegionFactory
21:23:00.632 [Test worker] DEBUG org.hibernate.type.BasicTypeRegistry - Adding type registration boolean -> org.hibernate.type.BooleanType@121b529f
21:23:00.632 [Test worker] DEBUG org.hibernate.type.BasicTypeRegistry - Adding type registration boolean -> org.hibernate.type.BooleanType@121b529f
21:23:00.632 [Test worker] DEBUG org.hibernate.type.BasicTypeRegistry - Adding type registration java.lang.Boolean -> org.hibernate.type.BooleanType@121b529f
21:23:00.632 [Test worker] DEBUG org.hibernate.type.BasicTypeRegistry - Adding type registration numeric_boolean -> org.hibernate.type.NumericBooleanType@7dc81433
21:23:00.632 [Test worker] DEBUG org.hibernate.type.BasicTypeRegistry - Adding type registration true_false -> org.hibernate.type.TrueFalseType@60c371da
21:23:00.632 [Test worker] DEBUG org.hibernate.type.BasicTypeRegistry - Adding type registration yes_no -> org.hibernate.type.YesNoType@51ef89fc
21:23:00.632 [Test worker] DEBUG org.hibernate.type.BasicTypeRegistry - Adding type registration byte -> org.hibernate.type.ByteType@1502feca
21:23:00.632 [Test worker] DEBUG org.hibernate.type.BasicTypeRegistry - Adding type registration byte -> org.hibernate.type.ByteType@1502feca
21:23:00.632 [Test worker] DEBUG org.hibernate.type.BasicTypeRegistry - Adding type registration java.lang.Byte -> org.hibernate.type.ByteType@1502feca
21:23:00.632 [Test worker] DEBUG org.hibernate.type.BasicTypeRegistry - Adding type registration character -> org.hibernate.type.CharacterType@5aca38b4
21:23:00.632 [Test worker] DEBUG org.hibernate.type.BasicTypeRegistry - Adding type registration char -> org.hibernate.type.CharacterType@5aca38b4
21:23:00.632 [Test worker] DEBUG org.hibernate.type.BasicTypeRegistry - Adding type registration java.lang.Character -> org.hibernate.type.CharacterType@5aca38b4
21:23:00.632 [Test worker] DEBUG org.hibernate.type.BasicTypeRegistry - Adding type registration short -> org.hibernate.type.ShortType@212db0b9
21:23:00.632 [Test worker] DEBUG org.hibernate.type.BasicTypeRegistry - Adding type registration short -> org.hibernate.type.ShortType@212db0b9
21:23:00.632 [Test worker] DEBUG org.hibernate.type.BasicTypeRegistry - Adding type registration java.lang.Short -> org.hibernate.type.ShortType@212db0b9
21:23:00.632 [Test worker] DEBUG org.hibernate.type.BasicTypeRegistry - Adding type registration integer -> org.hibernate.type.IntegerType@14f541d2
21:23:00.632 [Test worker] DEBUG org.hibernate.type.BasicTypeRegistry - Adding type registration int -> org.hibernate.type.IntegerType@14f541d2
21:23:00.632 [Test worker] DEBUG org.hibernate.type.BasicTypeRegistry - Adding type registration java.lang.Integer -> org.hibernate.type.IntegerType@14f541d2
21:23:00.632 [Test worker] DEBUG org.hibernate.type.BasicTypeRegistry - Adding type registration long -> org.hibernate.type.LongType@357c5fef
21:23:00.632 [Test worker] DEBUG org.hibernate.type.BasicTypeRegistry - Adding type registration long -> org.hibernate.type.LongType@357c5fef
21:23:00.632 [Test worker] DEBUG org.hibernate.type.BasicTypeRegistry - Adding type registration java.lang.Long -> org.hibernate.type.LongType@357c5fef
21:23:00.632 [Test worker] DEBUG org.hibernate.type.BasicTypeRegistry - Adding type registration float -> org.hibernate.type.FloatType@68835e55
21:23:00.632 [Test worker] DEBUG org.hibernate.type.BasicTypeRegistry - Adding type registration float -> org.hibernate.type.FloatType@68835e55
21:23:00.632 [Test worker] DEBUG org.hibernate.type.BasicTypeRegistry - Adding type registration java.lang.Float -> org.hibernate.type.FloatType@68835e55
21:23:00.632 [Test worker] DEBUG org.hibernate.type.BasicTypeRegistry - Adding type registration double -> org.hibernate.type.DoubleType@1db8c4bf
21:23:00.632 [Test worker] DEBUG org.hibernate.type.BasicTypeRegistry - Adding type registration double -> org.hibernate.type.DoubleType@1db8c4bf
21:23:00.632 [Test worker] DEBUG org.hibernate.type.BasicTypeRegistry - Adding type registration java.lang.Double -> org.hibernate.type.DoubleType@1db8c4bf
21:23:00.632 [Test worker] DEBUG org.hibernate.type.BasicTypeRegistry - Adding type registration big_decimal -> org.hibernate.type.BigDecimalType@2bd9f5a7
21:23:00.632 [Test worker] DEBUG org.hibernate.type.BasicTypeRegistry - Adding type registration java.math.BigDecimal -> org.hibernate.type.BigDecimalType@2bd9f5a7
21:23:00.632 [Test worker] DEBUG org.hibernate.type.BasicTypeRegistry - Adding type registration big_integer -> org.hibernate.type.BigIntegerType@67766712
21:23:00.632 [Test worker] DEBUG org.hibernate.type.BasicTypeRegistry - Adding type registration java.math.BigInteger -> org.hibernate.type.BigIntegerType@67766712
21:23:00.632 [Test worker] DEBUG org.hibernate.type.BasicTypeRegistry - Adding type registration string -> org.hibernate.type.StringType@5abe721f
21:23:00.632 [Test worker] DEBUG org.hibernate.type.BasicTypeRegistry - Adding type registration java.lang.String -> org.hibernate.type.StringType@5abe721f
21:23:00.632 [Test worker] DEBUG org.hibernate.type.BasicTypeRegistry - Adding type registration nstring -> org.hibernate.type.StringNVarcharType@5ca83c4b
21:23:00.632 [Test worker] DEBUG org.hibernate.type.BasicTypeRegistry - Adding type registration ncharacter -> org.hibernate.type.CharacterNCharType@181579aa
21:23:00.632 [Test worker] DEBUG org.hibernate.type.BasicTypeRegistry - Adding type registration url -> org.hibernate.type.UrlType@2d95e7ff
21:23:00.632 [Test worker] DEBUG org.hibernate.type.BasicTypeRegistry - Adding type registration java.net.URL -> org.hibernate.type.UrlType@2d95e7ff
21:23:00.632 [Test worker] DEBUG org.hibernate.type.BasicTypeRegistry - Adding type registration Duration -> org.hibernate.type.DurationType@1f6d6ec5
21:23:00.632 [Test worker] DEBUG org.hibernate.type.BasicTypeRegistry - Adding type registration java.time.Duration -> org.hibernate.type.DurationType@1f6d6ec5
21:23:00.632 [Test worker] DEBUG org.hibernate.type.BasicTypeRegistry - Adding type registration Instant -> org.hibernate.type.InstantType@799b3880
21:23:00.632 [Test worker] DEBUG org.hibernate.type.BasicTypeRegistry - Adding type registration java.time.Instant -> org.hibernate.type.InstantType@799b3880
21:23:00.632 [Test worker] DEBUG org.hibernate.type.BasicTypeRegistry - Adding type registration LocalDateTime -> org.hibernate.type.LocalDateTimeType@3c9b7dcd
21:23:00.632 [Test worker] DEBUG org.hibernate.type.BasicTypeRegistry - Adding type registration java.time.LocalDateTime -> org.hibernate.type.LocalDateTimeType@3c9b7dcd
21:23:00.632 [Test worker] DEBUG org.hibernate.type.BasicTypeRegistry - Adding type registration LocalDate -> org.hibernate.type.LocalDateType@73b9d317
21:23:00.632 [Test worker] DEBUG org.hibernate.type.BasicTypeRegistry - Adding type registration java.time.LocalDate -> org.hibernate.type.LocalDateType@73b9d317
21:23:00.632 [Test worker] DEBUG org.hibernate.type.BasicTypeRegistry - Adding type registration LocalTime -> org.hibernate.type.LocalTimeType@3e938176
21:23:00.632 [Test worker] DEBUG org.hibernate.type.BasicTypeRegistry - Adding type registration java.time.LocalTime -> org.hibernate.type.LocalTimeType@3e938176
21:23:00.632 [Test worker] DEBUG org.hibernate.type.BasicTypeRegistry - Adding type registration OffsetDateTime -> org.hibernate.type.OffsetDateTimeType@1006f6a5
21:23:00.632 [Test worker] DEBUG org.hibernate.type.BasicTypeRegistry - Adding type registration java.time.OffsetDateTime -> org.hibernate.type.OffsetDateTimeType@1006f6a5
21:23:00.632 [Test worker] DEBUG org.hibernate.type.BasicTypeRegistry - Adding type registration OffsetTime -> org.hibernate.type.OffsetTimeType@5ebf30b8
21:23:00.632 [Test worker] DEBUG org.hibernate.type.BasicTypeRegistry - Adding type registration java.time.OffsetTime -> org.hibernate.type.OffsetTimeType@5ebf30b8
21:23:00.632 [Test worker] DEBUG org.hibernate.type.BasicTypeRegistry - Adding type registration ZonedDateTime -> org.hibernate.type.ZonedDateTimeType@5ecdce3a
21:23:00.632 [Test worker] DEBUG org.hibernate.type.BasicTypeRegistry - Adding type registration java.time.ZonedDateTime -> org.hibernate.type.ZonedDateTimeType@5ecdce3a
21:23:00.632 [Test worker] DEBUG org.hibernate.type.BasicTypeRegistry - Adding type registration date -> org.hibernate.type.DateType@34878a9c
21:23:00.632 [Test worker] DEBUG org.hibernate.type.BasicTypeRegistry - Adding type registration java.sql.Date -> org.hibernate.type.DateType@34878a9c
21:23:00.632 [Test worker] DEBUG org.hibernate.type.BasicTypeRegistry - Adding type registration time -> org.hibernate.type.TimeType@4be75fc9
21:23:00.632 [Test worker] DEBUG org.hibernate.type.BasicTypeRegistry - Adding type registration java.sql.Time -> org.hibernate.type.TimeType@4be75fc9
21:23:00.632 [Test worker] DEBUG org.hibernate.type.BasicTypeRegistry - Adding type registration timestamp -> org.hibernate.type.TimestampType@cd6dcfb
21:23:00.632 [Test worker] DEBUG org.hibernate.type.BasicTypeRegistry - Adding type registration java.sql.Timestamp -> org.hibernate.type.TimestampType@cd6dcfb
21:23:00.632 [Test worker] DEBUG org.hibernate.type.BasicTypeRegistry - Adding type registration java.util.Date -> org.hibernate.type.TimestampType@cd6dcfb
21:23:00.632 [Test worker] DEBUG org.hibernate.type.BasicTypeRegistry - Adding type registration dbtimestamp -> org.hibernate.type.DbTimestampType@6f70db50
21:23:00.632 [Test worker] DEBUG org.hibernate.type.BasicTypeRegistry - Adding type registration calendar -> org.hibernate.type.CalendarType@232580e4
21:23:00.632 [Test worker] DEBUG org.hibernate.type.BasicTypeRegistry - Adding type registration java.util.Calendar -> org.hibernate.type.CalendarType@232580e4
21:23:00.632 [Test worker] DEBUG org.hibernate.type.BasicTypeRegistry - Adding type registration java.util.GregorianCalendar -> org.hibernate.type.CalendarType@232580e4
21:23:00.632 [Test worker] DEBUG org.hibernate.type.BasicTypeRegistry - Adding type registration calendar_date -> org.hibernate.type.CalendarDateType@2d226c99
21:23:00.632 [Test worker] DEBUG org.hibernate.type.BasicTypeRegistry - Adding type registration calendar_time -> org.hibernate.type.CalendarTimeType@5f0ca092
21:23:00.632 [Test worker] DEBUG org.hibernate.type.BasicTypeRegistry - Adding type registration locale -> org.hibernate.type.LocaleType@2e7d6fc7
21:23:00.632 [Test worker] DEBUG org.hibernate.type.BasicTypeRegistry - Adding type registration java.util.Locale -> org.hibernate.type.LocaleType@2e7d6fc7
21:23:00.632 [Test worker] DEBUG org.hibernate.type.BasicTypeRegistry - Adding type registration currency -> org.hibernate.type.CurrencyType@298b5abb
21:23:00.632 [Test worker] DEBUG org.hibernate.type.BasicTypeRegistry - Adding type registration java.util.Currency -> org.hibernate.type.CurrencyType@298b5abb
21:23:00.632 [Test worker] DEBUG org.hibernate.type.BasicTypeRegistry - Adding type registration timezone -> org.hibernate.type.TimeZoneType@6a7223ce
21:23:00.632 [Test worker] DEBUG org.hibernate.type.BasicTypeRegistry - Adding type registration java.util.TimeZone -> org.hibernate.type.TimeZoneType@6a7223ce
21:23:00.632 [Test worker] DEBUG org.hibernate.type.BasicTypeRegistry - Adding type registration class -> org.hibernate.type.ClassType@17c86e61
21:23:00.632 [Test worker] DEBUG org.hibernate.type.BasicTypeRegistry - Adding type registration java.lang.Class -> org.hibernate.type.ClassType@17c86e61
21:23:00.632 [Test worker] DEBUG org.hibernate.type.BasicTypeRegistry - Adding type registration uuid-binary -> org.hibernate.type.UUIDBinaryType@165a29f7
21:23:00.632 [Test worker] DEBUG org.hibernate.type.BasicTypeRegistry - Adding type registration java.util.UUID -> org.hibernate.type.UUIDBinaryType@165a29f7
21:23:00.632 [Test worker] DEBUG org.hibernate.type.BasicTypeRegistry - Adding type registration uuid-char -> org.hibernate.type.UUIDCharType@57061eb5
21:23:00.632 [Test worker] DEBUG org.hibernate.type.BasicTypeRegistry - Adding type registration binary -> org.hibernate.type.BinaryType@377a3a57
21:23:00.632 [Test worker] DEBUG org.hibernate.type.BasicTypeRegistry - Adding type registration byte[] -> org.hibernate.type.BinaryType@377a3a57
21:23:00.632 [Test worker] DEBUG org.hibernate.type.BasicTypeRegistry - Adding type registration [B -> org.hibernate.type.BinaryType@377a3a57
21:23:00.632 [Test worker] DEBUG org.hibernate.type.BasicTypeRegistry - Adding type registration wrapper-binary -> org.hibernate.type.WrapperBinaryType@15236686
21:23:00.632 [Test worker] DEBUG org.hibernate.type.BasicTypeRegistry - Adding type registration Byte[] -> org.hibernate.type.WrapperBinaryType@15236686
21:23:00.632 [Test worker] DEBUG org.hibernate.type.BasicTypeRegistry - Adding type registration [Ljava.lang.Byte; -> org.hibernate.type.WrapperBinaryType@15236686
21:23:00.632 [Test worker] DEBUG org.hibernate.type.BasicTypeRegistry - Adding type registration row_version -> org.hibernate.type.RowVersionType@480544d3
21:23:00.632 [Test worker] DEBUG org.hibernate.type.BasicTypeRegistry - Adding type registration image -> org.hibernate.type.ImageType@a74733d
21:23:00.632 [Test worker] DEBUG org.hibernate.type.BasicTypeRegistry - Adding type registration characters -> org.hibernate.type.CharArrayType@10b707f8
21:23:00.632 [Test worker] DEBUG org.hibernate.type.BasicTypeRegistry - Adding type registration char[] -> org.hibernate.type.CharArrayType@10b707f8
21:23:00.632 [Test worker] DEBUG org.hibernate.type.BasicTypeRegistry - Adding type registration [C -> org.hibernate.type.CharArrayType@10b707f8
21:23:00.632 [Test worker] DEBUG org.hibernate.type.BasicTypeRegistry - Adding type registration wrapper-characters -> org.hibernate.type.CharacterArrayType@7586a107
21:23:00.632 [Test worker] DEBUG org.hibernate.type.BasicTypeRegistry - Adding type registration [Ljava.lang.Character; -> org.hibernate.type.CharacterArrayType@7586a107
21:23:00.632 [Test worker] DEBUG org.hibernate.type.BasicTypeRegistry - Adding type registration Character[] -> org.hibernate.type.CharacterArrayType@7586a107
21:23:00.632 [Test worker] DEBUG org.hibernate.type.BasicTypeRegistry - Adding type registration text -> org.hibernate.type.TextType@28e7117
21:23:00.632 [Test worker] DEBUG org.hibernate.type.BasicTypeRegistry - Adding type registration ntext -> org.hibernate.type.NTextType@4fe7c4b8
21:23:00.632 [Test worker] DEBUG org.hibernate.type.BasicTypeRegistry - Adding type registration blob -> org.hibernate.type.BlobType@69ff7971
21:23:00.632 [Test worker] DEBUG org.hibernate.type.BasicTypeRegistry - Adding type registration java.sql.Blob -> org.hibernate.type.BlobType@69ff7971
21:23:00.632 [Test worker] DEBUG org.hibernate.type.BasicTypeRegistry - Adding type registration materialized_blob -> org.hibernate.type.MaterializedBlobType@29a6bbfa
21:23:00.632 [Test worker] DEBUG org.hibernate.type.BasicTypeRegistry - Adding type registration clob -> org.hibernate.type.ClobType@6243fc09
21:23:00.632 [Test worker] DEBUG org.hibernate.type.BasicTypeRegistry - Adding type registration java.sql.Clob -> org.hibernate.type.ClobType@6243fc09
21:23:00.632 [Test worker] DEBUG org.hibernate.type.BasicTypeRegistry - Adding type registration nclob -> org.hibernate.type.NClobType@7a0e9fb4
21:23:00.632 [Test worker] DEBUG org.hibernate.type.BasicTypeRegistry - Adding type registration java.sql.NClob -> org.hibernate.type.NClobType@7a0e9fb4
21:23:00.632 [Test worker] DEBUG org.hibernate.type.BasicTypeRegistry - Adding type registration materialized_clob -> org.hibernate.type.MaterializedClobType@5568af29
21:23:00.632 [Test worker] DEBUG org.hibernate.type.BasicTypeRegistry - Adding type registration materialized_nclob -> org.hibernate.type.MaterializedNClobType@43589365
21:23:00.632 [Test worker] DEBUG org.hibernate.type.BasicTypeRegistry - Adding type registration serializable -> org.hibernate.type.SerializableType@49b714f8
21:23:00.632 [Test worker] DEBUG org.hibernate.type.BasicTypeRegistry - Adding type registration object -> org.hibernate.type.ObjectType@4b6f241f
21:23:00.632 [Test worker] DEBUG org.hibernate.type.BasicTypeRegistry - Adding type registration java.lang.Object -> org.hibernate.type.ObjectType@4b6f241f
21:23:00.632 [Test worker] DEBUG org.hibernate.type.BasicTypeRegistry - Adding type registration imm_date -> org.hibernate.type.AdaptedImmutableType@6d084014
21:23:00.632 [Test worker] DEBUG org.hibernate.type.BasicTypeRegistry - Adding type registration imm_time -> org.hibernate.type.AdaptedImmutableType@14415e2f
21:23:00.632 [Test worker] DEBUG org.hibernate.type.BasicTypeRegistry - Adding type registration imm_timestamp -> org.hibernate.type.AdaptedImmutableType@25fe9a5d
21:23:00.632 [Test worker] DEBUG org.hibernate.type.BasicTypeRegistry - Adding type registration imm_dbtimestamp -> org.hibernate.type.AdaptedImmutableType@5649352a
21:23:00.632 [Test worker] DEBUG org.hibernate.type.BasicTypeRegistry - Adding type registration imm_calendar -> org.hibernate.type.AdaptedImmutableType@796ec717
21:23:00.632 [Test worker] DEBUG org.hibernate.type.BasicTypeRegistry - Adding type registration imm_calendar_date -> org.hibernate.type.AdaptedImmutableType@67c04e33
21:23:00.632 [Test worker] DEBUG org.hibernate.type.BasicTypeRegistry - Adding type registration imm_binary -> org.hibernate.type.AdaptedImmutableType@363d0ce4
21:23:00.632 [Test worker] DEBUG org.hibernate.type.BasicTypeRegistry - Adding type registration imm_serializable -> org.hibernate.type.AdaptedImmutableType@29428f6c
21:23:00.632 [Test worker] DEBUG org.hibernate.id.factory.internal.DefaultIdentifierGeneratorFactory - Registering IdentifierGenerator strategy [uuid2] -> [org.hibernate.id.UUIDGenerator]
21:23:00.632 [Test worker] DEBUG org.hibernate.id.factory.internal.DefaultIdentifierGeneratorFactory - Registering IdentifierGenerator strategy [guid] -> [org.hibernate.id.GUIDGenerator]
21:23:00.632 [Test worker] DEBUG org.hibernate.id.factory.internal.DefaultIdentifierGeneratorFactory - Registering IdentifierGenerator strategy [uuid] -> [org.hibernate.id.UUIDHexGenerator]
21:23:00.632 [Test worker] DEBUG org.hibernate.id.factory.internal.DefaultIdentifierGeneratorFactory - Registering IdentifierGenerator strategy [uuid.hex] -> [org.hibernate.id.UUIDHexGenerator]
21:23:00.632 [Test worker] DEBUG org.hibernate.id.factory.internal.DefaultIdentifierGeneratorFactory - Registering IdentifierGenerator strategy [assigned] -> [org.hibernate.id.Assigned]
21:23:00.632 [Test worker] DEBUG org.hibernate.id.factory.internal.DefaultIdentifierGeneratorFactory - Registering IdentifierGenerator strategy [identity] -> [org.hibernate.id.IdentityGenerator]
21:23:00.632 [Test worker] DEBUG org.hibernate.id.factory.internal.DefaultIdentifierGeneratorFactory - Registering IdentifierGenerator strategy [select] -> [org.hibernate.id.SelectGenerator]
21:23:00.632 [Test worker] DEBUG org.hibernate.id.factory.internal.DefaultIdentifierGeneratorFactory - Registering IdentifierGenerator strategy [sequence] -> [org.hibernate.id.enhanced.SequenceStyleGenerator]
21:23:00.632 [Test worker] DEBUG org.hibernate.id.factory.internal.DefaultIdentifierGeneratorFactory - Registering IdentifierGenerator strategy [seqhilo] -> [org.hibernate.id.SequenceHiLoGenerator]
21:23:00.632 [Test worker] DEBUG org.hibernate.id.factory.internal.DefaultIdentifierGeneratorFactory - Registering IdentifierGenerator strategy [increment] -> [org.hibernate.id.IncrementGenerator]
21:23:00.632 [Test worker] DEBUG org.hibernate.id.factory.internal.DefaultIdentifierGeneratorFactory - Registering IdentifierGenerator strategy [foreign] -> [org.hibernate.id.ForeignGenerator]
21:23:00.632 [Test worker] DEBUG org.hibernate.id.factory.internal.DefaultIdentifierGeneratorFactory - Registering IdentifierGenerator strategy [sequence-identity] -> [org.hibernate.id.SequenceIdentityGenerator]
21:23:00.632 [Test worker] DEBUG org.hibernate.id.factory.internal.DefaultIdentifierGeneratorFactory - Registering IdentifierGenerator strategy [enhanced-sequence] -> [org.hibernate.id.enhanced.SequenceStyleGenerator]
21:23:00.632 [Test worker] DEBUG org.hibernate.id.factory.internal.DefaultIdentifierGeneratorFactory - Registering IdentifierGenerator strategy [enhanced-table] -> [org.hibernate.id.enhanced.TableGenerator]
21:23:00.632 [Test worker] WARN org.hibernate.orm.connections.pooling - HHH10001002: Using Hibernate built-in connection pool (not for production use!)
21:23:00.632 [Test worker] INFO org.hibernate.orm.connections.pooling - HHH10001005: using driver [org.sqlite.JDBC] at URL [jdbc:sqlite:D:\Facultate\Projects\OrganizareCompanie\database]
21:23:00.632 [Test worker] INFO org.hibernate.orm.connections.pooling - HHH10001001: Connection properties: {password=root, user=root}
21:23:00.632 [Test worker] INFO org.hibernate.orm.connections.pooling - HHH10001003: Autocommit mode: false
21:23:00.632 [Test worker] DEBUG org.hibernate.engine.jdbc.connections.internal.DriverManagerConnectionProviderImpl - Initializing Connection pool with 1 Connections
21:23:00.632 [Test worker] INFO org.hibernate.engine.jdbc.connections.internal.DriverManagerConnectionProviderImpl - HHH000115: Hibernate connection pool size: 1 (min=1)
21:23:00.632 [Test worker] DEBUG org.hibernate.engine.jdbc.env.internal.JdbcEnvironmentInitiator - Database ->
       name : SQLite
    version : 3.34.0
      major : 3
      minor : 34
21:23:00.632 [Test worker] DEBUG org.hibernate.engine.jdbc.env.internal.JdbcEnvironmentInitiator - Driver ->
       name : SQLite JDBC
    version : 3.34.0
      major : 3
      minor : 34
21:23:00.632 [Test worker] DEBUG org.hibernate.engine.jdbc.env.internal.JdbcEnvironmentInitiator - JDBC version : 2.1
21:23:00.632 [Test worker] INFO org.hibernate.dialect.Dialect - HHH000400: Using dialect: utils.SQLiteDialect
21:23:00.632 [Test worker] DEBUG org.hibernate.engine.jdbc.env.spi.IdentifierHelperBuilder - JDBC driver metadata reported database stores quoted identifiers in neither upper, lower nor mixed case
21:23:00.632 [Test worker] DEBUG org.hibernate.engine.jdbc.env.spi.IdentifierHelperBuilder - IdentifierCaseStrategy for both quoted and unquoted identifiers was set to the same strategy [MIXED]; that will likely lead to problems in schema update and validation if using quoted identifiers
21:23:00.632 [Test worker] DEBUG org.hibernate.engine.jdbc.env.internal.LobCreatorBuilderImpl - HHH000423: Disabling contextual LOB creation as JDBC driver reported JDBC version [2] less than 4
21:23:00.632 [Test worker] DEBUG org.hibernate.boot.model.relational.Namespace - Created database namespace [logicalName=Name{catalog=null, schema=null}, physicalName=Name{catalog=null, schema=null}]
21:23:00.632 [Test worker] DEBUG org.hibernate.type.descriptor.java.JavaTypeDescriptorRegistry - JavaTypeDescriptorRegistry entry replaced : class java.time.Duration -> org.hibernate.type.descriptor.java.DurationJavaDescriptor@484b819 (was org.hibernate.type.descriptor.java.DurationJavaDescriptor@484b819)
21:23:00.632 [Test worker] DEBUG org.hibernate.type.descriptor.java.JavaTypeDescriptorRegistry - JavaTypeDescriptorRegistry entry replaced : class java.time.Instant -> org.hibernate.type.descriptor.java.InstantJavaDescriptor@7a6a60d2 (was org.hibernate.type.descriptor.java.InstantJavaDescriptor@7a6a60d2)
21:23:00.632 [Test worker] DEBUG org.hibernate.type.descriptor.java.JavaTypeDescriptorRegistry - JavaTypeDescriptorRegistry entry replaced : class java.time.LocalDate -> org.hibernate.type.descriptor.java.LocalDateJavaDescriptor@7ac3817d (was org.hibernate.type.descriptor.java.LocalDateJavaDescriptor@7ac3817d)
21:23:00.632 [Test worker] DEBUG org.hibernate.type.descriptor.java.JavaTypeDescriptorRegistry - JavaTypeDescriptorRegistry entry replaced : class java.time.LocalDateTime -> org.hibernate.type.descriptor.java.LocalDateTimeJavaDescriptor@616d0e6e (was org.hibernate.type.descriptor.java.LocalDateTimeJavaDescriptor@616d0e6e)
21:23:00.632 [Test worker] DEBUG org.hibernate.type.descriptor.java.JavaTypeDescriptorRegistry - JavaTypeDescriptorRegistry entry replaced : class java.time.OffsetDateTime -> org.hibernate.type.descriptor.java.OffsetDateTimeJavaDescriptor@4008262a (was org.hibernate.type.descriptor.java.OffsetDateTimeJavaDescriptor@4008262a)
21:23:00.632 [Test worker] DEBUG org.hibernate.type.descriptor.java.JavaTypeDescriptorRegistry - JavaTypeDescriptorRegistry entry replaced : class java.time.OffsetTime -> org.hibernate.type.descriptor.java.OffsetTimeJavaDescriptor@69cda209 (was org.hibernate.type.descriptor.java.OffsetTimeJavaDescriptor@69cda209)
21:23:00.632 [Test worker] DEBUG org.hibernate.type.descriptor.java.JavaTypeDescriptorRegistry - JavaTypeDescriptorRegistry entry replaced : class java.time.ZonedDateTime -> org.hibernate.type.descriptor.java.ZonedDateTimeJavaDescriptor@f630e24 (was org.hibernate.type.descriptor.java.ZonedDateTimeJavaDescriptor@f630e24)
21:23:00.632 [Test worker] DEBUG org.hibernate.type.BasicTypeRegistry - Adding type registration Duration -> org.hibernate.type.DurationType@1f6d6ec5
21:23:00.632 [Test worker] DEBUG org.hibernate.type.BasicTypeRegistry - Adding type registration java.time.Duration -> org.hibernate.type.DurationType@1f6d6ec5
21:23:00.632 [Test worker] DEBUG org.hibernate.type.BasicTypeRegistry - Adding type registration Instant -> org.hibernate.type.InstantType@799b3880
21:23:00.632 [Test worker] DEBUG org.hibernate.type.BasicTypeRegistry - Adding type registration java.time.Instant -> org.hibernate.type.InstantType@799b3880
21:23:00.632 [Test worker] DEBUG org.hibernate.type.BasicTypeRegistry - Adding type registration LocalDateTime -> org.hibernate.type.LocalDateTimeType@3c9b7dcd
21:23:00.632 [Test worker] DEBUG org.hibernate.type.BasicTypeRegistry - Adding type registration java.time.LocalDateTime -> org.hibernate.type.LocalDateTimeType@3c9b7dcd
21:23:00.632 [Test worker] DEBUG org.hibernate.type.BasicTypeRegistry - Adding type registration LocalDate -> org.hibernate.type.LocalDateType@73b9d317
21:23:00.632 [Test worker] DEBUG org.hibernate.type.BasicTypeRegistry - Adding type registration java.time.LocalDate -> org.hibernate.type.LocalDateType@73b9d317
21:23:00.632 [Test worker] DEBUG org.hibernate.type.BasicTypeRegistry - Adding type registration LocalTime -> org.hibernate.type.LocalTimeType@3e938176
21:23:00.632 [Test worker] DEBUG org.hibernate.type.BasicTypeRegistry - Adding type registration java.time.LocalTime -> org.hibernate.type.LocalTimeType@3e938176
21:23:00.632 [Test worker] DEBUG org.hibernate.type.BasicTypeRegistry - Adding type registration OffsetDateTime -> org.hibernate.type.OffsetDateTimeType@1006f6a5
21:23:00.632 [Test worker] DEBUG org.hibernate.type.BasicTypeRegistry - Adding type registration java.time.OffsetDateTime -> org.hibernate.type.OffsetDateTimeType@1006f6a5
21:23:00.632 [Test worker] DEBUG org.hibernate.type.BasicTypeRegistry - Adding type registration OffsetTime -> org.hibernate.type.OffsetTimeType@5ebf30b8
21:23:00.632 [Test worker] DEBUG org.hibernate.type.BasicTypeRegistry - Adding type registration java.time.OffsetTime -> org.hibernate.type.OffsetTimeType@5ebf30b8
21:23:00.632 [Test worker] DEBUG org.hibernate.type.BasicTypeRegistry - Adding type registration ZonedDateTime -> org.hibernate.type.ZonedDateTimeType@5ecdce3a
21:23:00.632 [Test worker] DEBUG org.hibernate.type.BasicTypeRegistry - Adding type registration java.time.ZonedDateTime -> org.hibernate.type.ZonedDateTimeType@5ecdce3a
21:23:00.632 [Test worker] DEBUG org.hibernate.type.spi.TypeConfiguration$Scope - Scoping TypeConfiguration [org.hibernate.type.spi.TypeConfiguration@577ca7e3] to MetadataBuildingContext [org.hibernate.boot.internal.MetadataBuildingContextRootImpl@332433bd]
21:23:00.632 [Test worker] DEBUG org.hibernate.cfg.AnnotationBinder - Binding entity from annotated class: domain.Angajat
21:23:00.632 [Test worker] DEBUG org.hibernate.cfg.Ejb3Column - Binding column: Ejb3DiscriminatorColumn{logicalColumnName'DTYPE', discriminatorTypeName='string'}
21:23:00.632 [Test worker] DEBUG org.hibernate.cfg.annotations.EntityBinder - Import with entity name Angajat
21:23:00.632 [Test worker] DEBUG org.hibernate.cfg.annotations.EntityBinder - Bind entity domain.Angajat on table angajati
21:23:00.632 [Test worker] DEBUG org.hibernate.cfg.Ejb3Column - Binding column: Ejb3Column{table=org.hibernate.mapping.Table(angajati), mappingColumn=id, insertable=true, updatable=true, unique=false}
21:23:00.632 [Test worker] DEBUG org.hibernate.boot.internal.ClassLoaderAccessImpl - Not known whether passed class name [domain.Angajat] is safe
21:23:00.632 [Test worker] DEBUG org.hibernate.boot.internal.ClassLoaderAccessImpl - No temp ClassLoader provided; using live ClassLoader for loading potentially unsafe class : domain.Angajat
21:23:00.632 [Test worker] DEBUG org.hibernate.cfg.annotations.PropertyBinder - MetadataSourceProcessor property id with lazy=false
21:23:00.632 [Test worker] DEBUG org.hibernate.cfg.AbstractPropertyHolder - Attempting to locate auto-apply AttributeConverter for property [domain.Angajat:id]
21:23:00.632 [Test worker] DEBUG org.hibernate.cfg.annotations.SimpleValueBinder - building SimpleValue for id
21:23:00.632 [Test worker] DEBUG org.hibernate.cfg.annotations.PropertyBinder - Building property id
21:23:00.632 [Test worker] DEBUG org.hibernate.cfg.BinderHelper - #makeIdGenerator(org.hibernate.mapping.SimpleValue([org.hibernate.mapping.Column(id)]), id, identity, , ...)
21:23:00.632 [Test worker] DEBUG org.hibernate.cfg.Ejb3Column - Binding column: Ejb3JoinColumn{logicalColumnName='null', referencedColumn='null', mappedBy='angajat'}
21:23:00.632 [Test worker] DEBUG org.hibernate.cfg.Ejb3Column - Binding column: Ejb3Column{table=org.hibernate.mapping.Table(angajati), mappingColumn=concedii, insertable=true, updatable=true, unique=false}
21:23:00.632 [Test worker] DEBUG org.hibernate.cfg.Ejb3Column - Binding column: Ejb3Column{table=org.hibernate.mapping.Table(angajati), mappingColumn=null, insertable=true, updatable=true, unique=false}
21:23:00.632 [Test worker] DEBUG org.hibernate.cfg.Ejb3Column - Binding column: Ejb3Column{table=org.hibernate.mapping.Table(angajati), mappingColumn=element, insertable=true, updatable=true, unique=false}
21:23:00.632 [Test worker] DEBUG org.hibernate.cfg.Ejb3Column - Binding column: Ejb3Column{table=org.hibernate.mapping.Table(angajati), mappingColumn=concedii_KEY, insertable=true, updatable=true, unique=false}
21:23:00.632 [Test worker] DEBUG org.hibernate.cfg.Ejb3Column - Binding column: Ejb3JoinColumn{logicalColumnName='concedii_KEY', referencedColumn='null', mappedBy='null'}
21:23:00.632 [Test worker] DEBUG org.hibernate.cfg.Ejb3Column - Binding column: Ejb3JoinColumn{logicalColumnName='null', referencedColumn='null', mappedBy='angajat'}
21:23:00.632 [Test worker] DEBUG org.hibernate.cfg.Ejb3Column - Binding column: Ejb3JoinColumn{logicalColumnName='null', referencedColumn='null', mappedBy='angajat'}
21:23:00.632 [Test worker] DEBUG org.hibernate.cfg.annotations.CollectionBinder - Collection role: domain.Angajat.concedii
21:23:00.632 [Test worker] DEBUG org.hibernate.cfg.annotations.PropertyBinder - Building property concedii
21:23:00.632 [Test worker] DEBUG org.hibernate.cfg.Ejb3Column - Binding column: Ejb3Column{table=org.hibernate.mapping.Table(angajati), mappingColumn=data_angajare, insertable=true, updatable=true, unique=false}
21:23:00.632 [Test worker] DEBUG org.hibernate.cfg.annotations.PropertyBinder - MetadataSourceProcessor property dataAngajare with lazy=false
21:23:00.632 [Test worker] DEBUG org.hibernate.cfg.AbstractPropertyHolder - Attempting to locate auto-apply AttributeConverter for property [domain.Angajat:dataAngajare]
21:23:00.632 [Test worker] DEBUG org.hibernate.cfg.annotations.SimpleValueBinder - building SimpleValue for dataAngajare
21:23:00.632 [Test worker] DEBUG org.hibernate.cfg.annotations.PropertyBinder - Building property dataAngajare
21:23:00.632 [Test worker] DEBUG org.hibernate.cfg.Ejb3Column - Binding column: Ejb3Column{table=org.hibernate.mapping.Table(angajati), mappingColumn=null, insertable=true, updatable=true, unique=false}
21:23:00.632 [Test worker] DEBUG org.hibernate.cfg.Ejb3Column - Binding column: Ejb3Column{table=org.hibernate.mapping.Table(angajati), mappingColumn=element, insertable=true, updatable=true, unique=false}
21:23:00.632 [Test worker] DEBUG org.hibernate.cfg.Ejb3Column - Binding column: Ejb3Column{table=org.hibernate.mapping.Table(angajati), mappingColumn=departamente_KEY, insertable=true, updatable=true, unique=false}
21:23:00.632 [Test worker] DEBUG org.hibernate.cfg.Ejb3Column - Binding column: Ejb3JoinColumn{logicalColumnName='departamente_KEY', referencedColumn='null', mappedBy='null'}
21:23:00.632 [Test worker] DEBUG org.hibernate.cfg.Ejb3Column - Binding column: Ejb3JoinColumn{logicalColumnName='id_angajat', referencedColumn='', mappedBy=''}
21:23:00.632 [Test worker] DEBUG org.hibernate.cfg.Ejb3Column - Binding column: Ejb3JoinColumn{logicalColumnName='id_departament', referencedColumn='', mappedBy=''}
21:23:00.632 [Test worker] DEBUG org.hibernate.cfg.annotations.CollectionBinder - Collection role: domain.Angajat.departamente
21:23:00.632 [Test worker] DEBUG org.hibernate.cfg.annotations.PropertyBinder - Building property departamente
21:23:00.632 [Test worker] DEBUG org.hibernate.cfg.Ejb3Column - Binding column: Ejb3JoinColumn{logicalColumnName='null', referencedColumn='null', mappedBy='null'}
21:23:00.632 [Test worker] DEBUG org.hibernate.cfg.Ejb3Column - Binding column: Ejb3Column{table=org.hibernate.mapping.Table(angajati), mappingColumn=functie, insertable=true, updatable=true, unique=false}
21:23:00.632 [Test worker] DEBUG org.hibernate.cfg.annotations.PropertyBinder - Building property functie
21:23:00.632 [Test worker] DEBUG org.hibernate.cfg.Ejb3Column - Binding column: Ejb3Column{table=org.hibernate.mapping.Table(angajati), mappingColumn=id_superior, insertable=true, updatable=true, unique=false}
21:23:00.632 [Test worker] DEBUG org.hibernate.cfg.annotations.PropertyBinder - MetadataSourceProcessor property idSuperior with lazy=false
21:23:00.632 [Test worker] DEBUG org.hibernate.cfg.AbstractPropertyHolder - Attempting to locate auto-apply AttributeConverter for property [domain.Angajat:idSuperior]
21:23:00.632 [Test worker] DEBUG org.hibernate.cfg.annotations.SimpleValueBinder - building SimpleValue for idSuperior
21:23:00.632 [Test worker] DEBUG org.hibernate.cfg.annotations.PropertyBinder - Building property idSuperior
21:23:00.632 [Test worker] DEBUG org.hibernate.cfg.Ejb3Column - Binding column: Ejb3Column{table=org.hibernate.mapping.Table(angajati), mappingColumn=null, insertable=true, updatable=true, unique=false}
21:23:00.632 [Test worker] DEBUG org.hibernate.cfg.Ejb3Column - Binding column: Ejb3Column{table=org.hibernate.mapping.Table(angajati), mappingColumn=element, insertable=true, updatable=true, unique=false}
21:23:00.632 [Test worker] DEBUG org.hibernate.cfg.Ejb3Column - Binding column: Ejb3Column{table=org.hibernate.mapping.Table(angajati), mappingColumn=proiecte_KEY, insertable=true, updatable=true, unique=false}
21:23:00.632 [Test worker] DEBUG org.hibernate.cfg.Ejb3Column - Binding column: Ejb3JoinColumn{logicalColumnName='proiecte_KEY', referencedColumn='null', mappedBy='null'}
21:23:00.632 [Test worker] DEBUG org.hibernate.cfg.Ejb3Column - Binding column: Ejb3JoinColumn{logicalColumnName='id_angajat', referencedColumn='', mappedBy=''}
21:23:00.632 [Test worker] DEBUG org.hibernate.cfg.Ejb3Column - Binding column: Ejb3JoinColumn{logicalColumnName='id_proiect', referencedColumn='', mappedBy=''}
21:23:00.632 [Test worker] DEBUG org.hibernate.cfg.annotations.CollectionBinder - Collection role: domain.Angajat.proiecte
21:23:00.632 [Test worker] DEBUG org.hibernate.cfg.annotations.PropertyBinder - Building property proiecte
21:23:00.632 [Test worker] DEBUG org.hibernate.cfg.AnnotationBinder - Binding entity from annotated class: domain.Concediu
21:23:00.632 [Test worker] DEBUG org.hibernate.cfg.Ejb3Column - Binding column: Ejb3DiscriminatorColumn{logicalColumnName'DTYPE', discriminatorTypeName='string'}
21:23:00.632 [Test worker] DEBUG org.hibernate.cfg.annotations.EntityBinder - Import with entity name Concediu
21:23:00.632 [Test worker] DEBUG org.hibernate.cfg.annotations.EntityBinder - Bind entity domain.Concediu on table concedii
21:23:00.632 [Test worker] DEBUG org.hibernate.cfg.Ejb3Column - Binding column: Ejb3Column{table=org.hibernate.mapping.Table(concedii), mappingColumn=id, insertable=true, updatable=true, unique=false}
21:23:00.632 [Test worker] DEBUG org.hibernate.boot.internal.ClassLoaderAccessImpl - Not known whether passed class name [domain.Concediu] is safe
21:23:00.632 [Test worker] DEBUG org.hibernate.boot.internal.ClassLoaderAccessImpl - No temp ClassLoader provided; using live ClassLoader for loading potentially unsafe class : domain.Concediu
21:23:00.632 [Test worker] DEBUG org.hibernate.cfg.annotations.PropertyBinder - MetadataSourceProcessor property id with lazy=false
21:23:00.632 [Test worker] DEBUG org.hibernate.cfg.AbstractPropertyHolder - Attempting to locate auto-apply AttributeConverter for property [domain.Concediu:id]
21:23:00.632 [Test worker] DEBUG org.hibernate.cfg.annotations.SimpleValueBinder - building SimpleValue for id
21:23:00.648 [Test worker] DEBUG org.hibernate.cfg.annotations.PropertyBinder - Building property id
21:23:00.648 [Test worker] DEBUG org.hibernate.cfg.BinderHelper - #makeIdGenerator(org.hibernate.mapping.SimpleValue([org.hibernate.mapping.Column(id)]), id, identity, , ...)
21:23:00.648 [Test worker] DEBUG org.hibernate.cfg.Ejb3Column - Binding column: Ejb3JoinColumn{logicalColumnName='id_angajat', referencedColumn='', mappedBy=''}
21:23:00.648 [Test worker] DEBUG org.hibernate.cfg.Ejb3Column - Binding column: Ejb3Column{table=org.hibernate.mapping.Table(concedii), mappingColumn=angajat, insertable=true, updatable=true, unique=false}
21:23:00.648 [Test worker] DEBUG org.hibernate.cfg.annotations.PropertyBinder - Building property angajat
21:23:00.648 [Test worker] DEBUG org.hibernate.cfg.Ejb3Column - Binding column: Ejb3Column{table=org.hibernate.mapping.Table(concedii), mappingColumn=data_inceput, insertable=true, updatable=true, unique=false}
21:23:00.648 [Test worker] DEBUG org.hibernate.cfg.annotations.PropertyBinder - MetadataSourceProcessor property dataInceput with lazy=false
21:23:00.648 [Test worker] DEBUG org.hibernate.cfg.AbstractPropertyHolder - Attempting to locate auto-apply AttributeConverter for property [domain.Concediu:dataInceput]
21:23:00.648 [Test worker] DEBUG org.hibernate.cfg.annotations.SimpleValueBinder - building SimpleValue for dataInceput
21:23:00.648 [Test worker] DEBUG org.hibernate.cfg.annotations.PropertyBinder - Building property dataInceput
21:23:00.648 [Test worker] DEBUG org.hibernate.cfg.Ejb3Column - Binding column: Ejb3Column{table=org.hibernate.mapping.Table(concedii), mappingColumn=data_sfarsit, insertable=true, updatable=true, unique=false}
21:23:00.648 [Test worker] DEBUG org.hibernate.cfg.annotations.PropertyBinder - MetadataSourceProcessor property dataSfarsit with lazy=false
21:23:00.648 [Test worker] DEBUG org.hibernate.cfg.AbstractPropertyHolder - Attempting to locate auto-apply AttributeConverter for property [domain.Concediu:dataSfarsit]
21:23:00.648 [Test worker] DEBUG org.hibernate.cfg.annotations.SimpleValueBinder - building SimpleValue for dataSfarsit
21:23:00.648 [Test worker] DEBUG org.hibernate.cfg.annotations.PropertyBinder - Building property dataSfarsit
21:23:00.648 [Test worker] DEBUG org.hibernate.cfg.AnnotationBinder - Binding entity from annotated class: domain.Departament
21:23:00.648 [Test worker] DEBUG org.hibernate.cfg.Ejb3Column - Binding column: Ejb3DiscriminatorColumn{logicalColumnName'DTYPE', discriminatorTypeName='string'}
21:23:00.648 [Test worker] DEBUG org.hibernate.cfg.annotations.EntityBinder - Import with entity name Departament
21:23:00.648 [Test worker] DEBUG org.hibernate.cfg.annotations.EntityBinder - Bind entity domain.Departament on table departamente
21:23:00.648 [Test worker] DEBUG org.hibernate.cfg.Ejb3Column - Binding column: Ejb3Column{table=org.hibernate.mapping.Table(departamente), mappingColumn=id, insertable=true, updatable=true, unique=false}
21:23:00.648 [Test worker] DEBUG org.hibernate.boot.internal.ClassLoaderAccessImpl - Not known whether passed class name [domain.Departament] is safe
21:23:00.648 [Test worker] DEBUG org.hibernate.boot.internal.ClassLoaderAccessImpl - No temp ClassLoader provided; using live ClassLoader for loading potentially unsafe class : domain.Departament
21:23:00.648 [Test worker] DEBUG org.hibernate.cfg.annotations.PropertyBinder - MetadataSourceProcessor property id with lazy=false
21:23:00.648 [Test worker] DEBUG org.hibernate.cfg.AbstractPropertyHolder - Attempting to locate auto-apply AttributeConverter for property [domain.Departament:id]
21:23:00.648 [Test worker] DEBUG org.hibernate.cfg.annotations.SimpleValueBinder - building SimpleValue for id
21:23:00.648 [Test worker] DEBUG org.hibernate.cfg.annotations.PropertyBinder - Building property id
21:23:00.648 [Test worker] DEBUG org.hibernate.cfg.BinderHelper - #makeIdGenerator(org.hibernate.mapping.SimpleValue([org.hibernate.mapping.Column(id)]), id, identity, , ...)
21:23:00.648 [Test worker] DEBUG org.hibernate.cfg.Ejb3Column - Binding column: Ejb3Column{table=org.hibernate.mapping.Table(departamente), mappingColumn=id_director, insertable=true, updatable=true, unique=false}
21:23:00.648 [Test worker] DEBUG org.hibernate.cfg.annotations.PropertyBinder - MetadataSourceProcessor property idDirector with lazy=false
21:23:00.648 [Test worker] DEBUG org.hibernate.cfg.AbstractPropertyHolder - Attempting to locate auto-apply AttributeConverter for property [domain.Departament:idDirector]
21:23:00.648 [Test worker] DEBUG org.hibernate.cfg.annotations.SimpleValueBinder - building SimpleValue for idDirector
21:23:00.648 [Test worker] DEBUG org.hibernate.cfg.annotations.PropertyBinder - Building property idDirector
21:23:00.648 [Test worker] DEBUG org.hibernate.cfg.AnnotationBinder - Binding entity from annotated class: domain.Functie
21:23:00.648 [Test worker] DEBUG org.hibernate.cfg.Ejb3Column - Binding column: Ejb3DiscriminatorColumn{logicalColumnName'DTYPE', discriminatorTypeName='string'}
21:23:00.648 [Test worker] DEBUG org.hibernate.cfg.annotations.EntityBinder - Import with entity name Functie
21:23:00.648 [Test worker] DEBUG org.hibernate.cfg.annotations.EntityBinder - Bind entity domain.Functie on table functii
21:23:00.648 [Test worker] DEBUG org.hibernate.cfg.Ejb3Column - Binding column: Ejb3Column{table=org.hibernate.mapping.Table(functii), mappingColumn=id, insertable=true, updatable=true, unique=false}
21:23:00.648 [Test worker] DEBUG org.hibernate.boot.internal.ClassLoaderAccessImpl - Not known whether passed class name [domain.Functie] is safe
21:23:00.648 [Test worker] DEBUG org.hibernate.boot.internal.ClassLoaderAccessImpl - No temp ClassLoader provided; using live ClassLoader for loading potentially unsafe class : domain.Functie
21:23:00.648 [Test worker] DEBUG org.hibernate.cfg.annotations.PropertyBinder - MetadataSourceProcessor property id with lazy=false
21:23:00.648 [Test worker] DEBUG org.hibernate.cfg.AbstractPropertyHolder - Attempting to locate auto-apply AttributeConverter for property [domain.Functie:id]
21:23:00.648 [Test worker] DEBUG org.hibernate.cfg.annotations.SimpleValueBinder - building SimpleValue for id
21:23:00.648 [Test worker] DEBUG org.hibernate.cfg.annotations.PropertyBinder - Building property id
21:23:00.648 [Test worker] DEBUG org.hibernate.cfg.BinderHelper - #makeIdGenerator(org.hibernate.mapping.SimpleValue([org.hibernate.mapping.Column(id)]), id, identity, , ...)
21:23:00.648 [Test worker] DEBUG org.hibernate.cfg.Ejb3Column - Binding column: Ejb3Column{table=org.hibernate.mapping.Table(functii), mappingColumn=salar_de_baza, insertable=true, updatable=true, unique=false}
21:23:00.648 [Test worker] DEBUG org.hibernate.cfg.annotations.PropertyBinder - MetadataSourceProcessor property salarDeBaza with lazy=false
21:23:00.648 [Test worker] DEBUG org.hibernate.cfg.AbstractPropertyHolder - Attempting to locate auto-apply AttributeConverter for property [domain.Functie:salarDeBaza]
21:23:00.648 [Test worker] DEBUG org.hibernate.cfg.annotations.SimpleValueBinder - building SimpleValue for salarDeBaza
21:23:00.648 [Test worker] DEBUG org.hibernate.cfg.annotations.PropertyBinder - Building property salarDeBaza
21:23:00.648 [Test worker] DEBUG org.hibernate.cfg.AnnotationBinder - Binding entity from annotated class: domain.Proiect
21:23:00.648 [Test worker] DEBUG org.hibernate.cfg.Ejb3Column - Binding column: Ejb3DiscriminatorColumn{logicalColumnName'DTYPE', discriminatorTypeName='string'}
21:23:00.648 [Test worker] DEBUG org.hibernate.cfg.annotations.EntityBinder - Import with entity name Proiect
21:23:00.648 [Test worker] DEBUG org.hibernate.cfg.annotations.EntityBinder - Bind entity domain.Proiect on table proiecte
21:23:00.648 [Test worker] DEBUG org.hibernate.cfg.Ejb3Column - Binding column: Ejb3Column{table=org.hibernate.mapping.Table(proiecte), mappingColumn=id, insertable=true, updatable=true, unique=false}
21:23:00.648 [Test worker] DEBUG org.hibernate.boot.internal.ClassLoaderAccessImpl - Not known whether passed class name [domain.Proiect] is safe
21:23:00.648 [Test worker] DEBUG org.hibernate.boot.internal.ClassLoaderAccessImpl - No temp ClassLoader provided; using live ClassLoader for loading potentially unsafe class : domain.Proiect
21:23:00.648 [Test worker] DEBUG org.hibernate.cfg.annotations.PropertyBinder - MetadataSourceProcessor property id with lazy=false
21:23:00.648 [Test worker] DEBUG org.hibernate.cfg.AbstractPropertyHolder - Attempting to locate auto-apply AttributeConverter for property [domain.Proiect:id]
21:23:00.648 [Test worker] DEBUG org.hibernate.cfg.annotations.SimpleValueBinder - building SimpleValue for id
21:23:00.648 [Test worker] DEBUG org.hibernate.cfg.annotations.PropertyBinder - Building property id
21:23:00.648 [Test worker] DEBUG org.hibernate.cfg.BinderHelper - #makeIdGenerator(org.hibernate.mapping.SimpleValue([org.hibernate.mapping.Column(id)]), id, identity, , ...)
21:23:00.648 [Test worker] DEBUG org.hibernate.cfg.Ejb3Column - Binding column: Ejb3Column{table=org.hibernate.mapping.Table(proiecte), mappingColumn=data_inceput, insertable=true, updatable=true, unique=false}
21:23:00.648 [Test worker] DEBUG org.hibernate.cfg.annotations.PropertyBinder - MetadataSourceProcessor property dataInceput with lazy=false
21:23:00.648 [Test worker] DEBUG org.hibernate.cfg.AbstractPropertyHolder - Attempting to locate auto-apply AttributeConverter for property [domain.Proiect:dataInceput]
21:23:00.648 [Test worker] DEBUG org.hibernate.cfg.annotations.SimpleValueBinder - building SimpleValue for dataInceput
21:23:00.648 [Test worker] DEBUG org.hibernate.cfg.annotations.PropertyBinder - Building property dataInceput
21:23:00.648 [Test worker] DEBUG org.hibernate.cfg.Ejb3Column - Binding column: Ejb3Column{table=org.hibernate.mapping.Table(proiecte), mappingColumn=deadline, insertable=true, updatable=true, unique=false}
21:23:00.648 [Test worker] DEBUG org.hibernate.cfg.annotations.PropertyBinder - MetadataSourceProcessor property deadline with lazy=false
21:23:00.648 [Test worker] DEBUG org.hibernate.cfg.AbstractPropertyHolder - Attempting to locate auto-apply AttributeConverter for property [domain.Proiect:deadline]
21:23:00.648 [Test worker] DEBUG org.hibernate.cfg.annotations.SimpleValueBinder - building SimpleValue for deadline
21:23:00.648 [Test worker] DEBUG org.hibernate.cfg.annotations.PropertyBinder - Building property deadline
21:23:00.648 [Test worker] DEBUG org.hibernate.cfg.annotations.SimpleValueBinder - Starting fillSimpleValue for id
21:23:00.648 [Test worker] DEBUG org.hibernate.cfg.annotations.SimpleValueBinder - Starting fillSimpleValue for dataAngajare
21:23:00.648 [Test worker] DEBUG org.hibernate.cfg.annotations.SimpleValueBinder - Starting fillSimpleValue for idSuperior
21:23:00.648 [Test worker] DEBUG org.hibernate.cfg.annotations.SimpleValueBinder - Starting fillSimpleValue for id
21:23:00.648 [Test worker] DEBUG org.hibernate.cfg.annotations.SimpleValueBinder - Starting fillSimpleValue for dataInceput
21:23:00.648 [Test worker] DEBUG org.hibernate.cfg.annotations.SimpleValueBinder - Starting fillSimpleValue for dataSfarsit
21:23:00.648 [Test worker] DEBUG org.hibernate.cfg.annotations.SimpleValueBinder - Starting fillSimpleValue for id
21:23:00.648 [Test worker] DEBUG org.hibernate.cfg.annotations.SimpleValueBinder - Starting fillSimpleValue for idDirector
21:23:00.648 [Test worker] DEBUG org.hibernate.cfg.annotations.SimpleValueBinder - Starting fillSimpleValue for id
21:23:00.648 [Test worker] DEBUG org.hibernate.cfg.annotations.SimpleValueBinder - Starting fillSimpleValue for salarDeBaza
21:23:00.648 [Test worker] DEBUG org.hibernate.cfg.annotations.SimpleValueBinder - Starting fillSimpleValue for id
21:23:00.648 [Test worker] DEBUG org.hibernate.cfg.annotations.SimpleValueBinder - Starting fillSimpleValue for dataInceput
21:23:00.648 [Test worker] DEBUG org.hibernate.cfg.annotations.SimpleValueBinder - Starting fillSimpleValue for deadline
21:23:00.648 [Test worker] DEBUG org.hibernate.mapping.PrimaryKey - Forcing column [id] to be non-null as it is part of the primary key for table [angajati]
21:23:00.648 [Test worker] DEBUG org.hibernate.mapping.PrimaryKey - Forcing column [id] to be non-null as it is part of the primary key for table [concedii]
21:23:00.648 [Test worker] DEBUG org.hibernate.mapping.PrimaryKey - Forcing column [id] to be non-null as it is part of the primary key for table [departamente]
21:23:00.648 [Test worker] DEBUG org.hibernate.mapping.PrimaryKey - Forcing column [id] to be non-null as it is part of the primary key for table [functii]
21:23:00.648 [Test worker] DEBUG org.hibernate.mapping.PrimaryKey - Forcing column [id] to be non-null as it is part of the primary key for table [proiecte]
21:23:00.648 [Test worker] DEBUG org.hibernate.cfg.CollectionSecondPass - Second pass for collection: domain.Angajat.proiecte
21:23:00.648 [Test worker] DEBUG org.hibernate.cfg.annotations.CollectionBinder - Binding as ManyToMany: domain.Angajat.proiecte
21:23:00.648 [Test worker] DEBUG org.hibernate.mapping.PrimaryKey - Forcing column [id_angajat] to be non-null as it is part of the primary key for table [angajati_proiecte]
21:23:00.648 [Test worker] DEBUG org.hibernate.mapping.PrimaryKey - Forcing column [id_proiect] to be non-null as it is part of the primary key for table [angajati_proiecte]
21:23:00.648 [Test worker] DEBUG org.hibernate.cfg.CollectionSecondPass - Mapped collection key: id_angajat, element: id_proiect
21:23:00.648 [Test worker] DEBUG org.hibernate.cfg.CollectionSecondPass - Second pass for collection: domain.Angajat.departamente
21:23:00.648 [Test worker] DEBUG org.hibernate.cfg.annotations.CollectionBinder - Binding as ManyToMany: domain.Angajat.departamente
21:23:00.648 [Test worker] DEBUG org.hibernate.mapping.PrimaryKey - Forcing column [id_angajat] to be non-null as it is part of the primary key for table [angajati_departamente]
21:23:00.648 [Test worker] DEBUG org.hibernate.mapping.PrimaryKey - Forcing column [id_departament] to be non-null as it is part of the primary key for table [angajati_departamente]
21:23:00.648 [Test worker] DEBUG org.hibernate.cfg.CollectionSecondPass - Mapped collection key: id_angajat, element: id_departament
21:23:00.648 [Test worker] DEBUG org.hibernate.cfg.CollectionSecondPass - Second pass for collection: domain.Angajat.concedii
21:23:00.648 [Test worker] DEBUG org.hibernate.cfg.annotations.CollectionBinder - Binding a OneToMany: domain.Angajat.concedii through a foreign key
21:23:00.648 [Test worker] DEBUG org.hibernate.cfg.annotations.CollectionBinder - Mapping collection: domain.Angajat.concedii -> concedii
21:23:00.648 [Test worker] DEBUG org.hibernate.cfg.annotations.TableBinder - Retrieving property domain.Concediu.angajat
21:23:00.648 [Test worker] DEBUG org.hibernate.cfg.CollectionSecondPass - Mapped collection key: id_angajat, one-to-many: domain.Concediu
21:23:00.648 [Test worker] DEBUG org.hibernate.boot.internal.InFlightMetadataCollectorImpl - Resolving reference to class: domain.Functie
21:23:00.648 [Test worker] DEBUG org.hibernate.boot.internal.InFlightMetadataCollectorImpl - Resolving reference to class: domain.Departament
21:23:00.648 [Test worker] DEBUG org.hibernate.boot.internal.InFlightMetadataCollectorImpl - Resolving reference to class: domain.Angajat
21:23:00.648 [Test worker] DEBUG org.hibernate.boot.internal.InFlightMetadataCollectorImpl - Resolving reference to class: domain.Proiect
21:23:00.648 [Test worker] DEBUG org.hibernate.boot.internal.InFlightMetadataCollectorImpl - Resolving reference to class: domain.Angajat
21:23:00.648 [Test worker] DEBUG org.hibernate.boot.internal.InFlightMetadataCollectorImpl - Resolving reference to class: domain.Angajat
21:23:00.648 [Test worker] DEBUG org.hibernate.boot.internal.InFlightMetadataCollectorImpl - Resolving reference to class: domain.Functie
21:23:00.648 [Test worker] DEBUG org.hibernate.boot.internal.InFlightMetadataCollectorImpl - Resolving reference to class: domain.Departament
21:23:00.648 [Test worker] DEBUG org.hibernate.boot.internal.InFlightMetadataCollectorImpl - Resolving reference to class: domain.Angajat
21:23:00.648 [Test worker] DEBUG org.hibernate.boot.internal.InFlightMetadataCollectorImpl - Resolving reference to class: domain.Proiect
21:23:00.648 [Test worker] DEBUG org.hibernate.boot.internal.InFlightMetadataCollectorImpl - Resolving reference to class: domain.Angajat
21:23:00.648 [Test worker] DEBUG org.hibernate.boot.internal.InFlightMetadataCollectorImpl - Resolving reference to class: domain.Angajat
21:23:00.663 [Test worker] DEBUG org.hibernate.internal.SessionFactoryImpl - Building session factory
21:23:00.663 [Test worker] DEBUG org.hibernate.cfg.Settings - SessionFactory name : null
21:23:00.663 [Test worker] DEBUG org.hibernate.cfg.Settings - Automatic flush during beforeCompletion(): enabled
21:23:00.663 [Test worker] DEBUG org.hibernate.cfg.Settings - Automatic session close at end of transaction: disabled
21:23:00.663 [Test worker] DEBUG org.hibernate.cfg.Settings - Statistics: disabled
21:23:00.663 [Test worker] DEBUG org.hibernate.cfg.Settings - Deleted entity synthetic identifier rollback: disabled
21:23:00.663 [Test worker] DEBUG org.hibernate.cfg.Settings - Default entity-mode: pojo
21:23:00.663 [Test worker] DEBUG org.hibernate.cfg.Settings - Check Nullability in Core (should be disabled when Bean Validation is on): enabled
21:23:00.663 [Test worker] DEBUG org.hibernate.cfg.Settings - Allow initialization of lazy state outside session : enabled
21:23:00.663 [Test worker] DEBUG org.hibernate.cfg.Settings - Using BatchFetchStyle : LEGACY
21:23:00.663 [Test worker] DEBUG org.hibernate.cfg.Settings - Default batch fetch size: -1
21:23:00.663 [Test worker] DEBUG org.hibernate.cfg.Settings - Maximum outer join fetch depth: null
21:23:00.663 [Test worker] DEBUG org.hibernate.cfg.Settings - Default null ordering: NONE
21:23:00.663 [Test worker] DEBUG org.hibernate.cfg.Settings - Order SQL updates by primary key: disabled
21:23:00.663 [Test worker] DEBUG org.hibernate.cfg.Settings - Order SQL inserts for batching: disabled
21:23:00.663 [Test worker] DEBUG org.hibernate.cfg.Settings - multi-tenancy strategy : NONE
21:23:00.663 [Test worker] DEBUG org.hibernate.cfg.Settings - JTA Track by Thread: enabled
21:23:00.663 [Test worker] DEBUG org.hibernate.cfg.Settings - Query language substitutions: {}
21:23:00.663 [Test worker] DEBUG org.hibernate.cfg.Settings - Named query checking : enabled
21:23:00.663 [Test worker] DEBUG org.hibernate.cfg.Settings - Second-level cache: disabled
21:23:00.663 [Test worker] DEBUG org.hibernate.cfg.Settings - Second-level query cache: disabled
21:23:00.663 [Test worker] DEBUG org.hibernate.cfg.Settings - Second-level query cache factory: null
21:23:00.663 [Test worker] DEBUG org.hibernate.cfg.Settings - Second-level cache region prefix: null
21:23:00.663 [Test worker] DEBUG org.hibernate.cfg.Settings - Optimize second-level cache for minimal puts: disabled
21:23:00.663 [Test worker] DEBUG org.hibernate.cfg.Settings - Structured second-level cache entries: disabled
21:23:00.663 [Test worker] DEBUG org.hibernate.cfg.Settings - Second-level cache direct-reference entries: disabled
21:23:00.663 [Test worker] DEBUG org.hibernate.cfg.Settings - Automatic eviction of collection cache: disabled
21:23:00.663 [Test worker] DEBUG org.hibernate.cfg.Settings - JDBC batch size: 0
21:23:00.663 [Test worker] DEBUG org.hibernate.cfg.Settings - JDBC batch updates for versioned data: enabled
21:23:00.663 [Test worker] DEBUG org.hibernate.cfg.Settings - Scrollable result sets: disabled
21:23:00.663 [Test worker] DEBUG org.hibernate.cfg.Settings - Wrap result sets: disabled
21:23:00.663 [Test worker] DEBUG org.hibernate.cfg.Settings - JDBC3 getGeneratedKeys(): enabled
21:23:00.663 [Test worker] DEBUG org.hibernate.cfg.Settings - JDBC result set fetch size: null
21:23:00.663 [Test worker] DEBUG org.hibernate.cfg.Settings - Connection release mode: AFTER_TRANSACTION
21:23:00.663 [Test worker] DEBUG org.hibernate.cfg.Settings - Generate SQL with comments: disabled
21:23:00.663 [Test worker] DEBUG org.hibernate.cfg.Settings - JPA compliance - query : disabled
21:23:00.663 [Test worker] DEBUG org.hibernate.cfg.Settings - JPA compliance - closed-handling : disabled
21:23:00.663 [Test worker] DEBUG org.hibernate.cfg.Settings - JPA compliance - lists : disabled
21:23:00.663 [Test worker] DEBUG org.hibernate.cfg.Settings - JPA compliance - transactions : disabled
21:23:00.663 [Test worker] DEBUG org.hibernate.internal.SessionFactoryImpl - Session factory constructed with filter configurations : {}
21:23:00.663 [Test worker] DEBUG org.hibernate.internal.SessionFactoryImpl - Instantiating session factory with properties: {sun.desktop=windows, awt.toolkit=sun.awt.windows.WToolkit, dialect=utils.SQLiteDialect, java.specification.version=11, sun.cpu.isalist=amd64, sun.jnu.encoding=Cp1250, hibernate.dialect=utils.SQLiteDialect, org.gradle.test.worker=3, java.class.path=C:\\Users\\Dan\\.gradle\\caches\\6.8\\workerMain\\gradle-worker.jar;D:\\Facultate\\Projects\\OrganizareCompanie\\build\\classes\\java\\test;D:\\Facultate\\Projects\\OrganizareCompanie\\build\\resources\\test;D:\\Facultate\\Projects\\OrganizareCompanie\\build\\classes\\java\\main;D:\\Facultate\\Projects\\OrganizareCompanie\\build\\resources\\main;C:\\Users\\Dan\\.gradle\\caches\\modules-2\\files-2.1\\org.springframework.boot\\spring-boot-starter-web\\2.4.3\\4f5554ea183af87e52d8c31bb82aada0d74c40b0\\spring-boot-starter-web-2.4.3.jar;C:\\Users\\Dan\\.gradle\\caches\\modules-2\\files-2.1\\org.xerial\\sqlite-jdbc\\3.34.0\\fd29bb0124e3f79c80b2753162a6a3873c240bcf\\sqlite-jdbc-3.34.0.jar;C:\\Users\\Dan\\.gradle\\caches\\modules-2\\files-2.1\\org.hibernate\\hibernate-java8\\5.1.0.Final\\2bb534acab4f8485a821f0e4d6a2c8df617ee86a\\hibernate-java8-5.1.0.Final.jar;C:\\Users\\Dan\\.gradle\\caches\\modules-2\\files-2.1\\org.hibernate\\hibernate-core\\5.4.29.Final\\74b7c9ad3cb57ae4fd0187480a76f137a7fc3f38\\hibernate-core-5.4.29.Final.jar;C:\\Users\\Dan\\.gradle\\caches\\modules-2\\files-2.1\\org.junit.platform\\junit-platform-engine\\1.7.0\\eadb73c5074a4ac71061defd00fc176152a4d12c\\junit-platform-engine-1.7.0.jar;C:\\Users\\Dan\\.gradle\\caches\\modules-2\\files-2.1\\org.junit.platform\\junit-platform-commons\\1.7.0\\84e309fbf21d857aac079a3c1fffd84284e1114d\\junit-platform-commons-1.7.0.jar;C:\\Users\\Dan\\.gradle\\caches\\modules-2\\files-2.1\\org.junit.jupiter\\junit-jupiter-engine\\5.7.0\\d9044d6b45e2232ddd53fa56c15333e43d1749fd\\junit-jupiter-engine-5.7.0.jar;C:\\Users\\Dan\\.gradle\\caches\\modules-2\\files-2.1\\org.junit.jupiter\\junit-jupiter-api\\5.7.0\\b25f3815c4c1860a73041e733a14a0379d00c4d5\\junit-jupiter-api-5.7.0.jar;C:\\Users\\Dan\\.gradle\\caches\\modules-2\\files-2.1\\org.springframework.boot\\spring-boot-starter-json\\2.4.3\\7b26abb0a0379a00b58a2a50e010b29cf4f16b80\\spring-boot-starter-json-2.4.3.jar;C:\\Users\\Dan\\.gradle\\caches\\modules-2\\files-2.1\\org.springframework.boot\\spring-boot-starter\\2.4.3\\fd8bc0fb5f5aaefb4d6c8b77eb61563aab840c11\\spring-boot-starter-2.4.3.jar;C:\\Users\\Dan\\.gradle\\caches\\modules-2\\files-2.1\\org.springframework.boot\\spring-boot-starter-tomcat\\2.4.3\\4ba28aae05a259625e7e92f8e7338c5e1d22de35\\spring-boot-starter-tomcat-2.4.3.jar;C:\\Users\\Dan\\.gradle\\caches\\modules-2\\files-2.1\\org.springframework\\spring-webmvc\\5.3.4\\8dd52fbe8eafcc7c80998087ec6635baf7a98c20\\spring-webmvc-5.3.4.jar;C:\\Users\\Dan\\.gradle\\caches\\modules-2\\files-2.1\\org.springframework\\spring-web\\5.3.4\\d93829e24a50ed22e781f2302680a210cac5ee84\\spring-web-5.3.4.jar;C:\\Users\\Dan\\.gradle\\caches\\modules-2\\files-2.1\\org.hibernate.common\\hibernate-commons-annotations\\5.1.2.Final\\e59ffdbc6ad09eeb33507b39ffcf287679a498c8\\hibernate-commons-annotations-5.1.2.Final.jar;C:\\Users\\Dan\\.gradle\\caches\\modules-2\\files-2.1\\org.jboss.logging\\jboss-logging\\3.4.1.Final\\40fd4d696c55793e996d1ff3c475833f836c2498\\jboss-logging-3.4.1.Final.jar;C:\\Users\\Dan\\.gradle\\caches\\modules-2\\files-2.1\\javax.persistence\\javax.persistence-api\\2.2\\25665ac8c0b62f50e6488173233239120fc52c96\\javax.persistence-api-2.2.jar;C:\\Users\\Dan\\.gradle\\caches\\modules-2\\files-2.1\\org.javassist\\javassist\\3.27.0-GA\\f63e6aa899e15eca8fdaa402a79af4c417252213\\javassist-3.27.0-GA.jar;C:\\Users\\Dan\\.gradle\\caches\\modules-2\\files-2.1\\net.bytebuddy\\byte-buddy\\1.10.21\\5abe8e141cac9d50a721a22d9c188b3bf19ad0aa\\byte-buddy-1.10.21.jar;C:\\Users\\Dan\\.gradle\\caches\\modules-2\\files-2.1\\antlr\\antlr\\2.7.7\\83cd2cd674a217ade95a4bb83a8a14f351f48bd0\\antlr-2.7.7.jar;C:\\Users\\Dan\\.gradle\\caches\\modules-2\\files-2.1\\org.jboss.spec.javax.transaction\\jboss-transaction-api_1.2_spec\\1.1.1.Final\\a8485cab9484dda36e9a8c319e76b5cc18797b58\\jboss-transaction-api_1.2_spec-1.1.1.Final.jar;C:\\Users\\Dan\\.gradle\\caches\\modules-2\\files-2.1\\org.jboss\\jandex\\2.2.3.Final\\d3865101f0666b63586683bd811d754517f331ab\\jandex-2.2.3.Final.jar;C:\\Users\\Dan\\.gradle\\caches\\modules-2\\files-2.1\\com.fasterxml\\classmate\\1.5.1\\3fe0bed568c62df5e89f4f174c101eab25345b6c\\classmate-1.5.1.jar;C:\\Users\\Dan\\.gradle\\caches\\modules-2\\files-2.1\\org.glassfish.jaxb\\jaxb-runtime\\2.3.1\\dd6dda9da676a54c5b36ca2806ff95ee017d8738\\jaxb-runtime-2.3.1.jar;C:\\Users\\Dan\\.gradle\\caches\\modules-2\\files-2.1\\javax.xml.bind\\jaxb-api\\2.3.1\\8531ad5ac454cc2deb9d4d32c40c4d7451939b5d\\jaxb-api-2.3.1.jar;C:\\Users\\Dan\\.gradle\\caches\\modules-2\\files-2.1\\javax.activation\\javax.activation-api\\1.2.0\\85262acf3ca9816f9537ca47d5adeabaead7cb16\\javax.activation-api-1.2.0.jar;C:\\Users\\Dan\\.gradle\\caches\\modules-2\\files-2.1\\org.dom4j\\dom4j\\2.1.3\\a75914155a9f5808963170ec20653668a2ffd2fd\\dom4j-2.1.3.jar;C:\\Users\\Dan\\.gradle\\caches\\modules-2\\files-2.1\\org.apiguardian\\apiguardian-api\\1.1.0\\fc9dff4bb36d627bdc553de77e1f17efd790876c\\apiguardian-api-1.1.0.jar;C:\\Users\\Dan\\.gradle\\caches\\modules-2\\files-2.1\\org.opentest4j\\opentest4j\\1.2.0\\28c11eb91f9b6d8e200631d46e20a7f407f2a046\\opentest4j-1.2.0.jar;C:\\Users\\Dan\\.gradle\\caches\\modules-2\\files-2.1\\org.springframework.boot\\spring-boot-autoconfigure\\2.4.3\\2f8e1e682e55f70c8ea557982c7adb1256f41bcf\\spring-boot-autoconfigure-2.4.3.jar;C:\\Users\\Dan\\.gradle\\caches\\modules-2\\files-2.1\\org.springframework.boot\\spring-boot\\2.4.3\\de2bd17a8eb9bc3dfa629aa06f2e9fe3bf603c85\\spring-boot-2.4.3.jar;C:\\Users\\Dan\\.gradle\\caches\\modules-2\\files-2.1\\org.springframework.boot\\spring-boot-starter-logging\\2.4.3\\64687abc2255d18cd6592cbb20fa3bee3379cec8\\spring-boot-starter-logging-2.4.3.jar;C:\\Users\\Dan\\.gradle\\caches\\modules-2\\files-2.1\\jakarta.annotation\\jakarta.annotation-api\\1.3.5\\59eb84ee0d616332ff44aba065f3888cf002cd2d\\jakarta.annotation-api-1.3.5.jar;C:\\Users\\Dan\\.gradle\\caches\\modules-2\\files-2.1\\org.springframework\\spring-context\\5.3.4\\fbeadeb0e4d272599a938ec345e99e5f9a76e919\\spring-context-5.3.4.jar;C:\\Users\\Dan\\.gradle\\caches\\modules-2\\files-2.1\\org.springframework\\spring-aop\\5.3.4\\b7180a6427ab524bc1cbd31bf38dd2182632515f\\spring-aop-5.3.4.jar;C:\\Users\\Dan\\.gradle\\caches\\modules-2\\files-2.1\\org.springframework\\spring-beans\\5.3.4\\ac6c5ea0ba82f555405f74104cf378f8071c6d25\\spring-beans-5.3.4.jar;C:\\Users\\Dan\\.gradle\\caches\\modules-2\\files-2.1\\org.springframework\\spring-expression\\5.3.4\\42b71fa955e43a86471509aef14cefe756fc3794\\spring-expression-5.3.4.jar;C:\\Users\\Dan\\.gradle\\caches\\modules-2\\files-2.1\\org.springframework\\spring-core\\5.3.4\\46c1f8abd9e02a292c42a257350f365cec152b5d\\spring-core-5.3.4.jar;C:\\Users\\Dan\\.gradle\\caches\\modules-2\\files-2.1\\org.yaml\\snakeyaml\\1.27\\359d62567480b07a679dc643f82fc926b100eed5\\snakeyaml-1.27.jar;C:\\Users\\Dan\\.gradle\\caches\\modules-2\\files-2.1\\com.fasterxml.jackson.datatype\\jackson-datatype-jdk8\\2.11.4\\e1540dea3c6c681ea4e335a960f730861ee3bedb\\jackson-datatype-jdk8-2.11.4.jar;C:\\Users\\Dan\\.gradle\\caches\\modules-2\\files-2.1\\com.fasterxml.jackson.datatype\\jackson-datatype-jsr310\\2.11.4\\ce6fc76bba06623720e5a9308386b6ae74753f4d\\jackson-datatype-jsr310-2.11.4.jar;C:\\Users\\Dan\\.gradle\\caches\\modules-2\\files-2.1\\com.fasterxml.jackson.module\\jackson-module-parameter-names\\2.11.4\\432e050d79f2282a66c320375d628f1b0842cb12\\jackson-module-parameter-names-2.11.4.jar;C:\\Users\\Dan\\.gradle\\caches\\modules-2\\files-2.1\\com.fasterxml.jackson.core\\jackson-databind\\2.11.4\\5d9f3d441f99d721b957e3497f0a6465c764fad4\\jackson-databind-2.11.4.jar;C:\\Users\\Dan\\.gradle\\caches\\modules-2\\files-2.1\\org.apache.tomcat.embed\\tomcat-embed-websocket\\9.0.43\\78232648dde1a5fd5093f0a3999e593d208e2eab\\tomcat-embed-websocket-9.0.43.jar;C:\\Users\\Dan\\.gradle\\caches\\modules-2\\files-2.1\\org.apache.tomcat.embed\\tomcat-embed-core\\9.0.43\\1d102277426bdd5b12f048731a91665bb69347d1\\tomcat-embed-core-9.0.43.jar;C:\\Users\\Dan\\.gradle\\caches\\modules-2\\files-2.1\\org.glassfish\\jakarta.el\\3.0.3\\dab46ee1ee23f7197c13d7c40fce14817c9017df\\jakarta.el-3.0.3.jar;C:\\Users\\Dan\\.gradle\\caches\\modules-2\\files-2.1\\org.glassfish.jaxb\\txw2\\2.3.1\\a09d2c48d3285f206fafbffe0e50619284e92126\\txw2-2.3.1.jar;C:\\Users\\Dan\\.gradle\\caches\\modules-2\\files-2.1\\com.sun.istack\\istack-commons-runtime\\3.0.7\\c197c86ceec7318b1284bffb49b54226ca774003\\istack-commons-runtime-3.0.7.jar;C:\\Users\\Dan\\.gradle\\caches\\modules-2\\files-2.1\\org.jvnet.staxex\\stax-ex\\1.8\\8cc35f73da321c29973191f2cf143d29d26a1df7\\stax-ex-1.8.jar;C:\\Users\\Dan\\.gradle\\caches\\modules-2\\files-2.1\\com.sun.xml.fastinfoset\\FastInfoset\\1.2.15\\bb7b7ec0379982b97c62cd17465cb6d9155f68e8\\FastInfoset-1.2.15.jar;C:\\Users\\Dan\\.gradle\\caches\\modules-2\\files-2.1\\ch.qos.logback\\logback-classic\\1.2.3\\7c4f3c474fb2c041d8028740440937705ebb473a\\logback-classic-1.2.3.jar;C:\\Users\\Dan\\.gradle\\caches\\modules-2\\files-2.1\\org.apache.logging.log4j\\log4j-to-slf4j\\2.13.3\\966f6fd1af4959d6b12bfa880121d4a2b164f857\\log4j-to-slf4j-2.13.3.jar;C:\\Users\\Dan\\.gradle\\caches\\modules-2\\files-2.1\\org.slf4j\\jul-to-slf4j\\1.7.30\\d58bebff8cbf70ff52b59208586095f467656c30\\jul-to-slf4j-1.7.30.jar;C:\\Users\\Dan\\.gradle\\caches\\modules-2\\files-2.1\\org.springframework\\spring-jcl\\5.3.4\\ca012eb4e9e57f767aa9d5e51fe9a09b28140808\\spring-jcl-5.3.4.jar;C:\\Users\\Dan\\.gradle\\caches\\modules-2\\files-2.1\\com.fasterxml.jackson.core\\jackson-annotations\\2.11.4\\2c3f5c079330f3a01726686a078979420f547ae4\\jackson-annotations-2.11.4.jar;C:\\Users\\Dan\\.gradle\\caches\\modules-2\\files-2.1\\com.fasterxml.jackson.core\\jackson-core\\2.11.4\\593f7b18bab07a76767f181e2a2336135ce82cc4\\jackson-core-2.11.4.jar;C:\\Users\\Dan\\.gradle\\caches\\modules-2\\files-2.1\\ch.qos.logback\\logback-core\\1.2.3\\864344400c3d4d92dfeb0a305dc87d953677c03c\\logback-core-1.2.3.jar;C:\\Users\\Dan\\.gradle\\caches\\modules-2\\files-2.1\\org.slf4j\\slf4j-api\\1.7.30\\b5a4b6d16ab13e34a88fae84c35cd5d68cac922c\\slf4j-api-1.7.30.jar;C:\\Users\\Dan\\.gradle\\caches\\modules-2\\files-2.1\\org.apache.logging.log4j\\log4j-api\\2.13.3\\ec1508160b93d274b1add34419b897bae84c6ca9\\log4j-api-2.13.3.jar, java.vm.vendor=Oracle Corporation, sun.arch.data.model=64, user.variant=, java.vendor.url=http://java.oracle.com/, user.timezone=Europe/Athens, os.name=Windows 10, java.vm.specification.version=11, user.country=US, sun.java.launcher=SUN_STANDARD, sun.boot.library.path=C:\Program Files\Java\jdk-11.0.6\bin, sun.java.command=worker.org.gradle.process.internal.worker.GradleWorkerMain 'Gradle Test Executor 3', jdk.debug=release, sun.cpu.endian=little, user.home=C:\Users\Dan, user.language=en, java.specification.vendor=Oracle Corporation, org.gradle.native=false, java.version.date=2020-01-14, java.home=C:\Program Files\Java\jdk-11.0.6, file.separator=\, java.vm.compressedOopsMode=32-bit, line.separator=
, java.specification.name=Java Platform API Specification, java.vm.specification.vendor=Oracle Corporation, java.awt.graphicsenv=sun.awt.Win32GraphicsEnvironment, hibernate.hbm2ddl.auto=update, user.script=, sun.management.compiler=HotSpot 64-Bit Tiered Compilers, java.runtime.version=11.0.6+8-LTS, user.name=Dan, path.separator=;, hibernate.connection.username=****, os.version=10.0, hibernate.enable_lazy_load_no_trans=true, java.runtime.name=Java(TM) SE Runtime Environment, hibernate.connection.url=jdbc:sqlite:D:\Facultate\Projects\OrganizareCompanie\database, file.encoding=windows-1250, java.vm.name=Java HotSpot(TM) 64-Bit Server VM, hibernate.show_sql=true, java.vendor.version=18.9, hibernate.current_session_context_class=thread, hibernate.connection.driver_class=org.sqlite.JDBC, java.vendor.url.bug=http://bugreport.java.com/bugreport/, java.io.tmpdir=C:\Users\Dan\AppData\Local\Temp\, java.version=11.0.6, user.dir=D:\Facultate\Projects\OrganizareCompanie, os.arch=amd64, java.vm.specification.name=Java Virtual Machine Specification, java.awt.printerjob=sun.awt.windows.WPrinterJob, hibernate.connection.password=****, sun.os.patch.level=, connection.driver_class=org.sqlite.JDBC, hibernate.boot.CfgXmlAccessService.key=org.hibernate.boot.cfgxml.spi.LoadedConfig@11e6bcf9, java.library.path=C:\Program Files\Java\jdk-11.0.6\bin;C:\WINDOWS\Sun\Java\bin;C:\WINDOWS\system32;C:\WINDOWS;;C:\Python38\Scripts\;C:\Python38\;D:\Facultate\Scripts\;D:\Facultate\;C:\Users\Dan\Desktop\Facultate 2018-2019\Semestrul I\Fundamentele programarii\Python\Scripts\;C:\Users\Dan\Desktop\Facultate 2018-2019\Semestrul I\Fundamentele programarii\Python\;C:\Users\Dan\Desktop\Facultate 2018-2019\Semestrul I\Fundamentele programarii\Scripts\;C:\Users\Dan\Desktop\Facultate 2018-2019\Semestrul I\Fundamentele programarii\;C:\WINDOWS\system32;C:\WINDOWS;C:\WINDOWS\System32\Wbem;C:\WINDOWS\System32\WindowsPowerShell\v1.0\;C:\WINDOWS\System32\OpenSSH\;D:\Facultate\PuTTY\;C:\Program Files\dotnet\;C:\Program Files\Microsoft SQL Server\Client SDK\ODBC\170\Tools\Binn\;C:\Users\Dan\Proto\bin;D:\Facultate\NodeJS\;C:\ProgramData\chocolatey\bin;C:\Program Files\Git\cmd;C:\Program Files\Java\jdk-10.0.2\bin;C:\Program Files (x86)\GnuWin32\bin;C:\MinGW\bin;C:\Program Files\Java\jdk-11.0.6\bin;C:\WINDOWS\system32;C:\WINDOWS;C:\WINDOWS\System32\Wbem;C:\WINDOWS\System32\WindowsPowerShell\v1.0\;C:\WINDOWS\System32\OpenSSH\;C:\Program Files\Intel\WiFi\bin\;C:\Program Files\Common Files\Intel\WirelessCommon\;D:\Facultate\Python\Scripts\;D:\Facultate\Python\;C:\Users\Dan\AppData\Local\Microsoft\WindowsApps;C:\Users\Dan\AppData\Local\GitHubDesktop\bin;C:\Users\Dan\AppData\Roaming\npm;D:\Facultate\Microsoft VS Code\bin;C:\Users\Dan\AppData\Local\Microsoft\WindowsApps;C:\Users\Dan\Documents\driver;;., java.vendor=Oracle Corporation, java.vm.info=mixed mode, java.vm.version=11.0.6+8-LTS, hibernate.bytecode.use_reflection_optimizer=false, sun.io.unicode.encoding=UnicodeLittle, hibernate.connection.pool_size=1, connection.url=jdbc:sqlite:D:\Facultate\Projects\OrganizareCompanie\database, java.class.version=55.0}
21:23:00.663 [Test worker] DEBUG org.hibernate.secure.spi.JaccIntegrator - Skipping JACC integration as it was not enabled
21:23:00.663 [Test worker] DEBUG org.hibernate.internal.SessionFactoryImpl - Instantiated session factory
21:23:00.663 [Test worker] DEBUG org.hibernate.type.spi.TypeConfiguration$Scope - Scoping TypeConfiguration [org.hibernate.type.spi.TypeConfiguration@577ca7e3] to SessionFactoryImpl [org.hibernate.internal.SessionFactoryImpl@188e9d5d]
21:23:00.663 [Test worker] DEBUG org.hibernate.boot.internal.ClassLoaderAccessImpl - Not known whether passed class name [domain.Functie] is safe
21:23:00.663 [Test worker] DEBUG org.hibernate.boot.internal.ClassLoaderAccessImpl - No temp ClassLoader provided; using live ClassLoader for loading potentially unsafe class : domain.Functie
21:23:00.663 [Test worker] DEBUG org.hibernate.boot.internal.ClassLoaderAccessImpl - Not known whether passed class name [domain.Departament] is safe
21:23:00.663 [Test worker] DEBUG org.hibernate.boot.internal.ClassLoaderAccessImpl - No temp ClassLoader provided; using live ClassLoader for loading potentially unsafe class : domain.Departament
21:23:00.663 [Test worker] DEBUG org.hibernate.boot.internal.ClassLoaderAccessImpl - Not known whether passed class name [domain.Angajat] is safe
21:23:00.663 [Test worker] DEBUG org.hibernate.boot.internal.ClassLoaderAccessImpl - No temp ClassLoader provided; using live ClassLoader for loading potentially unsafe class : domain.Angajat
21:23:00.663 [Test worker] DEBUG org.hibernate.boot.internal.ClassLoaderAccessImpl - Not known whether passed class name [domain.Proiect] is safe
21:23:00.663 [Test worker] DEBUG org.hibernate.boot.internal.ClassLoaderAccessImpl - No temp ClassLoader provided; using live ClassLoader for loading potentially unsafe class : domain.Proiect
21:23:00.679 [Test worker] DEBUG org.hibernate.boot.internal.ClassLoaderAccessImpl - Not known whether passed class name [domain.Concediu] is safe
21:23:00.679 [Test worker] DEBUG org.hibernate.boot.internal.ClassLoaderAccessImpl - No temp ClassLoader provided; using live ClassLoader for loading potentially unsafe class : domain.Concediu
21:23:00.679 [Test worker] DEBUG org.hibernate.persister.collection.AbstractCollectionPersister - Static SQL for collection: domain.Angajat.proiecte
21:23:00.679 [Test worker] DEBUG org.hibernate.persister.collection.AbstractCollectionPersister -  Row insert: insert into angajati_proiecte (id_angajat, id_proiect) values (?, ?)
21:23:00.679 [Test worker] DEBUG org.hibernate.persister.collection.AbstractCollectionPersister -  Row update: update angajati_proiecte set id_proiect=? where id_angajat=? and id_proiect=?
21:23:00.679 [Test worker] DEBUG org.hibernate.persister.collection.AbstractCollectionPersister -  Row delete: delete from angajati_proiecte where id_angajat=? and id_proiect=?
21:23:00.679 [Test worker] DEBUG org.hibernate.persister.collection.AbstractCollectionPersister -  One-shot delete: delete from angajati_proiecte where id_angajat=?
21:23:00.679 [Test worker] DEBUG org.hibernate.persister.collection.AbstractCollectionPersister - Static SQL for collection: domain.Angajat.concedii
21:23:00.679 [Test worker] DEBUG org.hibernate.persister.collection.AbstractCollectionPersister -  Row insert: update concedii set id_angajat=? where id=?
21:23:00.679 [Test worker] DEBUG org.hibernate.persister.collection.AbstractCollectionPersister -  Row update: update concedii set  where id=?
21:23:00.679 [Test worker] DEBUG org.hibernate.persister.collection.AbstractCollectionPersister -  Row delete: update concedii set id_angajat=null where id_angajat=? and id=?
21:23:00.679 [Test worker] DEBUG org.hibernate.persister.collection.AbstractCollectionPersister -  One-shot delete: update concedii set id_angajat=null where id_angajat=?
21:23:00.679 [Test worker] DEBUG org.hibernate.persister.collection.AbstractCollectionPersister - Static SQL for collection: domain.Angajat.departamente
21:23:00.679 [Test worker] DEBUG org.hibernate.persister.collection.AbstractCollectionPersister -  Row insert: insert into angajati_departamente (id_angajat, id_departament) values (?, ?)
21:23:00.679 [Test worker] DEBUG org.hibernate.persister.collection.AbstractCollectionPersister -  Row update: update angajati_departamente set id_departament=? where id_angajat=? and id_departament=?
21:23:00.679 [Test worker] DEBUG org.hibernate.persister.collection.AbstractCollectionPersister -  Row delete: delete from angajati_departamente where id_angajat=? and id_departament=?
21:23:00.679 [Test worker] DEBUG org.hibernate.persister.collection.AbstractCollectionPersister -  One-shot delete: delete from angajati_departamente where id_angajat=?
21:23:00.679 [Test worker] DEBUG org.hibernate.persister.entity.AbstractEntityPersister - Static SQL for entity: domain.Functie
21:23:00.679 [Test worker] DEBUG org.hibernate.persister.entity.AbstractEntityPersister -  Version select: select id from functii where id =?
21:23:00.679 [Test worker] DEBUG org.hibernate.persister.entity.AbstractEntityPersister -  Snapshot select: select functie_.id, functie_.salar_de_baza as salar_de2_5_ from functii functie_ where functie_.id=?
21:23:00.679 [Test worker] DEBUG org.hibernate.persister.entity.AbstractEntityPersister -  Insert 0: insert into functii (salar_de_baza, id) values (?, ?)
21:23:00.679 [Test worker] DEBUG org.hibernate.persister.entity.AbstractEntityPersister -  Update 0: update functii set salar_de_baza=? where id=?
21:23:00.679 [Test worker] DEBUG org.hibernate.persister.entity.AbstractEntityPersister -  Delete 0: delete from functii where id=?
21:23:00.679 [Test worker] DEBUG org.hibernate.persister.entity.AbstractEntityPersister -  Identity insert: insert into functii (salar_de_baza) values (?)
21:23:00.679 [Test worker] DEBUG org.hibernate.loader.plan.build.internal.spaces.QuerySpacesImpl - Adding QuerySpace : uid = <gen:0> -> org.hibernate.loader.plan.build.internal.spaces.EntityQuerySpaceImpl@76200cae]
21:23:00.679 [Test worker] DEBUG org.hibernate.persister.walking.spi.MetamodelGraphWalker - Visiting attribute path : salarDeBaza
21:23:00.679 [Test worker] DEBUG org.hibernate.loader.plan.build.internal.FetchStyleLoadPlanBuildingAssociationVisitationStrategy - Building LoadPlan...
21:23:00.679 [Test worker] DEBUG org.hibernate.loader.plan.exec.internal.LoadQueryJoinAndFetchProcessor - processing queryspace <gen:0>
21:23:00.679 [Test worker] DEBUG org.hibernate.loader.plan.build.spi.LoadPlanTreePrinter - LoadPlan(entity=domain.Functie)
    - Returns
       - EntityReturnImpl(entity=domain.Functie, querySpaceUid=<gen:0>, path=domain.Functie)
    - QuerySpaces
       - EntityQuerySpaceImpl(uid=<gen:0>, entity=domain.Functie)
          - SQL table alias mapping - functie0_
          - alias suffix - 0_
          - suffixed key columns - {id1_5_0_}

21:23:00.679 [Test worker] DEBUG org.hibernate.loader.entity.plan.EntityLoader - Static select for entity domain.Functie [NONE]: select functie0_.id as id1_5_0_, functie0_.salar_de_baza as salar_de2_5_0_ from functii functie0_ where functie0_.id=?
21:23:00.679 [Test worker] DEBUG org.hibernate.persister.entity.AbstractEntityPersister - Static SQL for entity: domain.Departament
21:23:00.679 [Test worker] DEBUG org.hibernate.persister.entity.AbstractEntityPersister -  Version select: select id from departamente where id =?
21:23:00.679 [Test worker] DEBUG org.hibernate.persister.entity.AbstractEntityPersister -  Snapshot select: select departamen_.id, departamen_.id_director as id_direc2_4_ from departamente departamen_ where departamen_.id=?
21:23:00.679 [Test worker] DEBUG org.hibernate.persister.entity.AbstractEntityPersister -  Insert 0: insert into departamente (id_director, id) values (?, ?)
21:23:00.679 [Test worker] DEBUG org.hibernate.persister.entity.AbstractEntityPersister -  Update 0: update departamente set id_director=? where id=?
21:23:00.679 [Test worker] DEBUG org.hibernate.persister.entity.AbstractEntityPersister -  Delete 0: delete from departamente where id=?
21:23:00.679 [Test worker] DEBUG org.hibernate.persister.entity.AbstractEntityPersister -  Identity insert: insert into departamente (id_director) values (?)
21:23:00.679 [Test worker] DEBUG org.hibernate.loader.plan.build.internal.spaces.QuerySpacesImpl - Adding QuerySpace : uid = <gen:0> -> org.hibernate.loader.plan.build.internal.spaces.EntityQuerySpaceImpl@18b76bfd]
21:23:00.679 [Test worker] DEBUG org.hibernate.persister.walking.spi.MetamodelGraphWalker - Visiting attribute path : idDirector
21:23:00.679 [Test worker] DEBUG org.hibernate.loader.plan.build.internal.FetchStyleLoadPlanBuildingAssociationVisitationStrategy - Building LoadPlan...
21:23:00.679 [Test worker] DEBUG org.hibernate.loader.plan.exec.internal.LoadQueryJoinAndFetchProcessor - processing queryspace <gen:0>
21:23:00.679 [Test worker] DEBUG org.hibernate.loader.plan.build.spi.LoadPlanTreePrinter - LoadPlan(entity=domain.Departament)
    - Returns
       - EntityReturnImpl(entity=domain.Departament, querySpaceUid=<gen:0>, path=domain.Departament)
    - QuerySpaces
       - EntityQuerySpaceImpl(uid=<gen:0>, entity=domain.Departament)
          - SQL table alias mapping - departamen0_
          - alias suffix - 0_
          - suffixed key columns - {id1_4_0_}

21:23:00.679 [Test worker] DEBUG org.hibernate.loader.entity.plan.EntityLoader - Static select for entity domain.Departament [NONE]: select departamen0_.id as id1_4_0_, departamen0_.id_director as id_direc2_4_0_ from departamente departamen0_ where departamen0_.id=?
21:23:00.679 [Test worker] DEBUG org.hibernate.persister.entity.AbstractEntityPersister - Static SQL for entity: domain.Angajat
21:23:00.679 [Test worker] DEBUG org.hibernate.persister.entity.AbstractEntityPersister -  Version select: select id from angajati where id =?
21:23:00.679 [Test worker] DEBUG org.hibernate.persister.entity.AbstractEntityPersister -  Snapshot select: select angajat_.id, angajat_.data_angajare as data_ang2_0_, angajat_.functie_id as functie_4_0_, angajat_.id_superior as id_super3_0_ from angajati angajat_ where angajat_.id=?
21:23:00.679 [Test worker] DEBUG org.hibernate.persister.entity.AbstractEntityPersister -  Insert 0: insert into angajati (data_angajare, functie_id, id_superior, id) values (?, ?, ?, ?)
21:23:00.679 [Test worker] DEBUG org.hibernate.persister.entity.AbstractEntityPersister -  Update 0: update angajati set data_angajare=?, functie_id=?, id_superior=? where id=?
21:23:00.679 [Test worker] DEBUG org.hibernate.persister.entity.AbstractEntityPersister -  Delete 0: delete from angajati where id=?
21:23:00.679 [Test worker] DEBUG org.hibernate.persister.entity.AbstractEntityPersister -  Identity insert: insert into angajati (data_angajare, functie_id, id_superior) values (?, ?, ?)
21:23:00.679 [Test worker] DEBUG org.hibernate.loader.plan.build.internal.spaces.QuerySpacesImpl - Adding QuerySpace : uid = <gen:0> -> org.hibernate.loader.plan.build.internal.spaces.EntityQuerySpaceImpl@52772bfb]
21:23:00.679 [Test worker] DEBUG org.hibernate.persister.walking.spi.MetamodelGraphWalker - Visiting attribute path : concedii
21:23:00.679 [Test worker] DEBUG org.hibernate.loader.plan.build.internal.spaces.QuerySpacesImpl - Adding QuerySpace : uid = <gen:1> -> org.hibernate.loader.plan.build.internal.spaces.CollectionQuerySpaceImpl@4da10e91]
21:23:00.679 [Test worker] DEBUG org.hibernate.loader.plan.build.internal.spaces.QuerySpacesImpl - Adding QuerySpace : uid = <gen:2> -> org.hibernate.loader.plan.build.internal.spaces.EntityQuerySpaceImpl@49d4f80a]
21:23:00.679 [Test worker] DEBUG org.hibernate.persister.walking.spi.MetamodelGraphWalker - Visiting attribute path : dataAngajare
21:23:00.679 [Test worker] DEBUG org.hibernate.persister.walking.spi.MetamodelGraphWalker - Visiting attribute path : departamente
21:23:00.679 [Test worker] DEBUG org.hibernate.loader.plan.build.internal.spaces.QuerySpacesImpl - Adding QuerySpace : uid = <gen:3> -> org.hibernate.loader.plan.build.internal.spaces.CollectionQuerySpaceImpl@22973a38]
21:23:00.679 [Test worker] DEBUG org.hibernate.loader.plan.build.internal.spaces.QuerySpacesImpl - Adding QuerySpace : uid = <gen:4> -> org.hibernate.loader.plan.build.internal.spaces.EntityQuerySpaceImpl@1f81ed20]
21:23:00.679 [Test worker] DEBUG org.hibernate.persister.walking.spi.MetamodelGraphWalker - Visiting attribute path : functie
21:23:00.679 [Test worker] DEBUG org.hibernate.loader.plan.build.internal.spaces.QuerySpacesImpl - Adding QuerySpace : uid = <gen:5> -> org.hibernate.loader.plan.build.internal.spaces.EntityQuerySpaceImpl@5a91bdc7]
21:23:00.679 [Test worker] DEBUG org.hibernate.persister.walking.spi.MetamodelGraphWalker - Visiting attribute path : functie.salarDeBaza
21:23:00.679 [Test worker] DEBUG org.hibernate.persister.walking.spi.MetamodelGraphWalker - Visiting attribute path : idSuperior
21:23:00.679 [Test worker] DEBUG org.hibernate.persister.walking.spi.MetamodelGraphWalker - Visiting attribute path : proiecte
21:23:00.679 [Test worker] DEBUG org.hibernate.loader.plan.build.internal.spaces.QuerySpacesImpl - Adding QuerySpace : uid = <gen:6> -> org.hibernate.loader.plan.build.internal.spaces.CollectionQuerySpaceImpl@2fb6b068]
21:23:00.679 [Test worker] DEBUG org.hibernate.loader.plan.build.internal.spaces.QuerySpacesImpl - Adding QuerySpace : uid = <gen:7> -> org.hibernate.loader.plan.build.internal.spaces.EntityQuerySpaceImpl@3f4ea053]
21:23:00.679 [Test worker] DEBUG org.hibernate.loader.plan.build.internal.FetchStyleLoadPlanBuildingAssociationVisitationStrategy - Building LoadPlan...
21:23:00.679 [Test worker] DEBUG org.hibernate.loader.plan.exec.internal.LoadQueryJoinAndFetchProcessor - processing queryspace <gen:0>
21:23:00.679 [Test worker] DEBUG org.hibernate.loader.plan.build.spi.LoadPlanTreePrinter - LoadPlan(entity=domain.Angajat)
    - Returns
       - EntityReturnImpl(entity=domain.Angajat, querySpaceUid=<gen:0>, path=domain.Angajat)
          - CollectionAttributeFetchImpl(collection=domain.Angajat.concedii, querySpaceUid=<gen:1>, path=domain.Angajat.concedii)
             - (collection element) CollectionFetchableElementEntityGraph(entity=domain.Concediu, querySpaceUid=<gen:2>, path=domain.Angajat.concedii.<elements>)
          - CollectionAttributeFetchImpl(collection=domain.Angajat.departamente, querySpaceUid=<gen:3>, path=domain.Angajat.departamente)
             - (collection element) CollectionFetchableElementEntityGraph(entity=domain.Departament, querySpaceUid=<gen:4>, path=domain.Angajat.departamente.<elements>)
          - EntityAttributeFetchImpl(entity=domain.Functie, querySpaceUid=<gen:5>, path=domain.Angajat.functie)
          - CollectionAttributeFetchImpl(collection=domain.Angajat.proiecte, querySpaceUid=<gen:6>, path=domain.Angajat.proiecte)
             - (collection element) CollectionFetchableElementEntityGraph(entity=domain.Proiect, querySpaceUid=<gen:7>, path=domain.Angajat.proiecte.<elements>)
    - QuerySpaces
       - EntityQuerySpaceImpl(uid=<gen:0>, entity=domain.Angajat)
          - SQL table alias mapping - angajat0_
          - alias suffix - 0_
          - suffixed key columns - {id1_0_0_}
          - JOIN (JoinDefinedByMetadata(functie)) : <gen:0> -> <gen:5>
             - EntityQuerySpaceImpl(uid=<gen:5>, entity=domain.Functie)
                - SQL table alias mapping - functie1_
                - alias suffix - 1_
                - suffixed key columns - {id1_5_1_}

21:23:00.679 [Test worker] DEBUG org.hibernate.loader.entity.plan.EntityLoader - Static select for entity domain.Angajat [NONE]: select angajat0_.id as id1_0_0_, angajat0_.data_angajare as data_ang2_0_0_, angajat0_.functie_id as functie_4_0_0_, angajat0_.id_superior as id_super3_0_0_, functie1_.id as id1_5_1_, functie1_.salar_de_baza as salar_de2_5_1_ from angajati angajat0_ left outer join functii functie1_ on angajat0_.functie_id=functie1_.id where angajat0_.id=?
21:23:00.679 [Test worker] DEBUG org.hibernate.persister.entity.AbstractEntityPersister - Static SQL for entity: domain.Proiect
21:23:00.679 [Test worker] DEBUG org.hibernate.persister.entity.AbstractEntityPersister -  Version select: select id from proiecte where id =?
21:23:00.679 [Test worker] DEBUG org.hibernate.persister.entity.AbstractEntityPersister -  Snapshot select: select proiect_.id, proiect_.data_inceput as data_inc2_6_, proiect_.deadline as deadline3_6_ from proiecte proiect_ where proiect_.id=?
21:23:00.679 [Test worker] DEBUG org.hibernate.persister.entity.AbstractEntityPersister -  Insert 0: insert into proiecte (data_inceput, deadline, id) values (?, ?, ?)
21:23:00.679 [Test worker] DEBUG org.hibernate.persister.entity.AbstractEntityPersister -  Update 0: update proiecte set data_inceput=?, deadline=? where id=?
21:23:00.679 [Test worker] DEBUG org.hibernate.persister.entity.AbstractEntityPersister -  Delete 0: delete from proiecte where id=?
21:23:00.679 [Test worker] DEBUG org.hibernate.persister.entity.AbstractEntityPersister -  Identity insert: insert into proiecte (data_inceput, deadline) values (?, ?)
21:23:00.679 [Test worker] DEBUG org.hibernate.loader.plan.build.internal.spaces.QuerySpacesImpl - Adding QuerySpace : uid = <gen:0> -> org.hibernate.loader.plan.build.internal.spaces.EntityQuerySpaceImpl@68664df8]
21:23:00.679 [Test worker] DEBUG org.hibernate.persister.walking.spi.MetamodelGraphWalker - Visiting attribute path : dataInceput
21:23:00.679 [Test worker] DEBUG org.hibernate.persister.walking.spi.MetamodelGraphWalker - Visiting attribute path : deadline
21:23:00.679 [Test worker] DEBUG org.hibernate.loader.plan.build.internal.FetchStyleLoadPlanBuildingAssociationVisitationStrategy - Building LoadPlan...
21:23:00.679 [Test worker] DEBUG org.hibernate.loader.plan.exec.internal.LoadQueryJoinAndFetchProcessor - processing queryspace <gen:0>
21:23:00.679 [Test worker] DEBUG org.hibernate.loader.plan.build.spi.LoadPlanTreePrinter - LoadPlan(entity=domain.Proiect)
    - Returns
       - EntityReturnImpl(entity=domain.Proiect, querySpaceUid=<gen:0>, path=domain.Proiect)
    - QuerySpaces
       - EntityQuerySpaceImpl(uid=<gen:0>, entity=domain.Proiect)
          - SQL table alias mapping - proiect0_
          - alias suffix - 0_
          - suffixed key columns - {id1_6_0_}

21:23:00.679 [Test worker] DEBUG org.hibernate.loader.entity.plan.EntityLoader - Static select for entity domain.Proiect [NONE]: select proiect0_.id as id1_6_0_, proiect0_.data_inceput as data_inc2_6_0_, proiect0_.deadline as deadline3_6_0_ from proiecte proiect0_ where proiect0_.id=?
21:23:00.679 [Test worker] DEBUG org.hibernate.persister.entity.AbstractEntityPersister - Static SQL for entity: domain.Concediu
21:23:00.679 [Test worker] DEBUG org.hibernate.persister.entity.AbstractEntityPersister -  Version select: select id from concedii where id =?
21:23:00.679 [Test worker] DEBUG org.hibernate.persister.entity.AbstractEntityPersister -  Snapshot select: select concediu_.id, concediu_.id_angajat as id_angaj4_3_, concediu_.data_inceput as data_inc2_3_, concediu_.data_sfarsit as data_sfa3_3_ from concedii concediu_ where concediu_.id=?
21:23:00.679 [Test worker] DEBUG org.hibernate.persister.entity.AbstractEntityPersister -  Insert 0: insert into concedii (id_angajat, data_inceput, data_sfarsit, id) values (?, ?, ?, ?)
21:23:00.679 [Test worker] DEBUG org.hibernate.persister.entity.AbstractEntityPersister -  Update 0: update concedii set id_angajat=?, data_inceput=?, data_sfarsit=? where id=?
21:23:00.679 [Test worker] DEBUG org.hibernate.persister.entity.AbstractEntityPersister -  Delete 0: delete from concedii where id=?
21:23:00.679 [Test worker] DEBUG org.hibernate.persister.entity.AbstractEntityPersister -  Identity insert: insert into concedii (id_angajat, data_inceput, data_sfarsit) values (?, ?, ?)
21:23:00.679 [Test worker] DEBUG org.hibernate.loader.plan.build.internal.spaces.QuerySpacesImpl - Adding QuerySpace : uid = <gen:0> -> org.hibernate.loader.plan.build.internal.spaces.EntityQuerySpaceImpl@1e9f0d6f]
21:23:00.679 [Test worker] DEBUG org.hibernate.persister.walking.spi.MetamodelGraphWalker - Visiting attribute path : angajat
21:23:00.679 [Test worker] DEBUG org.hibernate.loader.plan.build.internal.spaces.QuerySpacesImpl - Adding QuerySpace : uid = <gen:1> -> org.hibernate.loader.plan.build.internal.spaces.EntityQuerySpaceImpl@ecae421]
21:23:00.679 [Test worker] DEBUG org.hibernate.persister.walking.spi.MetamodelGraphWalker - Visiting attribute path : dataInceput
21:23:00.679 [Test worker] DEBUG org.hibernate.persister.walking.spi.MetamodelGraphWalker - Visiting attribute path : dataSfarsit
21:23:00.679 [Test worker] DEBUG org.hibernate.loader.plan.build.internal.FetchStyleLoadPlanBuildingAssociationVisitationStrategy - Building LoadPlan...
21:23:00.679 [Test worker] DEBUG org.hibernate.loader.plan.exec.internal.LoadQueryJoinAndFetchProcessor - processing queryspace <gen:0>
21:23:00.679 [Test worker] DEBUG org.hibernate.loader.plan.build.spi.LoadPlanTreePrinter - LoadPlan(entity=domain.Concediu)
    - Returns
       - EntityReturnImpl(entity=domain.Concediu, querySpaceUid=<gen:0>, path=domain.Concediu)
          - EntityAttributeFetchImpl(entity=domain.Angajat, querySpaceUid=<gen:1>, path=domain.Concediu.angajat)
    - QuerySpaces
       - EntityQuerySpaceImpl(uid=<gen:0>, entity=domain.Concediu)
          - SQL table alias mapping - concediu0_
          - alias suffix - 0_
          - suffixed key columns - {id1_3_0_}

21:23:00.679 [Test worker] DEBUG org.hibernate.loader.entity.plan.EntityLoader - Static select for entity domain.Concediu [NONE]: select concediu0_.id as id1_3_0_, concediu0_.id_angajat as id_angaj4_3_0_, concediu0_.data_inceput as data_inc2_3_0_, concediu0_.data_sfarsit as data_sfa3_3_0_ from concedii concediu0_ where concediu0_.id=?
21:23:00.679 [Test worker] DEBUG org.hibernate.loader.plan.build.internal.spaces.QuerySpacesImpl - Adding QuerySpace : uid = <gen:0> -> org.hibernate.loader.plan.build.internal.spaces.CollectionQuerySpaceImpl@cbbd659]
21:23:00.679 [Test worker] DEBUG org.hibernate.loader.plan.build.internal.spaces.QuerySpacesImpl - Adding QuerySpace : uid = <gen:1> -> org.hibernate.loader.plan.build.internal.spaces.EntityQuerySpaceImpl@6aa946d4]
21:23:00.679 [Test worker] DEBUG org.hibernate.persister.walking.spi.MetamodelGraphWalker - Visiting attribute path : dataInceput
21:23:00.679 [Test worker] DEBUG org.hibernate.persister.walking.spi.MetamodelGraphWalker - Visiting attribute path : deadline
21:23:00.679 [Test worker] DEBUG org.hibernate.loader.plan.build.internal.FetchStyleLoadPlanBuildingAssociationVisitationStrategy - Building LoadPlan...
21:23:00.679 [Test worker] DEBUG org.hibernate.loader.plan.exec.internal.LoadQueryJoinAndFetchProcessor - processing queryspace <gen:0>
21:23:00.679 [Test worker] DEBUG org.hibernate.loader.plan.build.spi.LoadPlanTreePrinter - LoadPlan(collection=domain.Angajat.proiecte)
    - Returns
       - CollectionReturnImpl(collection=domain.Angajat.proiecte, querySpaceUid=<gen:0>, path=[domain.Angajat.proiecte])
          - (collection element) CollectionFetchableElementEntityGraph(entity=domain.Proiect, querySpaceUid=<gen:1>, path=[domain.Angajat.proiecte].<elements>)
    - QuerySpaces
       - CollectionQuerySpaceImpl(uid=<gen:0>, collection=domain.Angajat.proiecte)
          - SQL table alias mapping - proiecte0_
          - alias suffix - 0_
          - suffixed key columns - {id_angaj1_2_0_}
          - entity-element alias suffix - 1_
          - 1_entity-element suffixed key columns - id1_6_1_
          - JOIN (JoinDefinedByMetadata(elements)) : <gen:0> -> <gen:1>
             - EntityQuerySpaceImpl(uid=<gen:1>, entity=domain.Proiect)
                - SQL table alias mapping - proiect1_
                - alias suffix - 1_
                - suffixed key columns - {id1_6_1_}

21:23:00.679 [Test worker] DEBUG org.hibernate.loader.collection.plan.CollectionLoader - Static select for collection domain.Angajat.proiecte: select proiecte0_.id_angajat as id_angaj1_2_0_, proiecte0_.id_proiect as id_proie2_2_0_, proiect1_.id as id1_6_1_, proiect1_.data_inceput as data_inc2_6_1_, proiect1_.deadline as deadline3_6_1_ from angajati_proiecte proiecte0_ inner join proiecte proiect1_ on proiecte0_.id_proiect=proiect1_.id where proiecte0_.id_angajat=?
21:23:00.679 [Test worker] DEBUG org.hibernate.loader.plan.build.internal.spaces.QuerySpacesImpl - Adding QuerySpace : uid = <gen:0> -> org.hibernate.loader.plan.build.internal.spaces.CollectionQuerySpaceImpl@7e905d28]
21:23:00.679 [Test worker] DEBUG org.hibernate.loader.plan.build.internal.spaces.QuerySpacesImpl - Adding QuerySpace : uid = <gen:1> -> org.hibernate.loader.plan.build.internal.spaces.EntityQuerySpaceImpl@5e2f2bc8]
21:23:00.679 [Test worker] DEBUG org.hibernate.persister.walking.spi.MetamodelGraphWalker - Visiting attribute path : angajat
21:23:00.679 [Test worker] DEBUG org.hibernate.persister.walking.spi.MetamodelGraphWalker - Property path deemed to be circular : angajat
21:23:00.679 [Test worker] DEBUG org.hibernate.persister.walking.spi.MetamodelGraphWalker - Visiting attribute path : dataInceput
21:23:00.679 [Test worker] DEBUG org.hibernate.persister.walking.spi.MetamodelGraphWalker - Visiting attribute path : dataSfarsit
21:23:00.679 [Test worker] DEBUG org.hibernate.loader.plan.build.internal.FetchStyleLoadPlanBuildingAssociationVisitationStrategy - Building LoadPlan...
21:23:00.679 [Test worker] DEBUG org.hibernate.loader.plan.exec.internal.LoadQueryJoinAndFetchProcessor - processing queryspace <gen:0>
21:23:00.679 [Test worker] DEBUG org.hibernate.loader.plan.build.spi.LoadPlanTreePrinter - LoadPlan(collection=domain.Angajat.concedii)
    - Returns
       - CollectionReturnImpl(collection=domain.Angajat.concedii, querySpaceUid=<gen:0>, path=[domain.Angajat.concedii])
          - (collection element) CollectionFetchableElementEntityGraph(entity=domain.Concediu, querySpaceUid=<gen:1>, path=[domain.Angajat.concedii].<elements>)
    - QuerySpaces
       - CollectionQuerySpaceImpl(uid=<gen:0>, collection=domain.Angajat.concedii)
          - SQL table alias mapping - concedii0_
          - alias suffix - 0_
          - suffixed key columns - {id_angaj4_3_0_}
          - entity-element alias suffix - 1_
          - 1_entity-element suffixed key columns - id1_3_1_
          - JOIN (JoinDefinedByMetadata(elements)) : <gen:0> -> <gen:1>
             - EntityQuerySpaceImpl(uid=<gen:1>, entity=domain.Concediu)
                - SQL table alias mapping - concedii0_
                - alias suffix - 1_
                - suffixed key columns - {id1_3_1_}

21:23:00.679 [Test worker] DEBUG org.hibernate.loader.collection.plan.CollectionLoader - Static select for collection domain.Angajat.concedii: select concedii0_.id_angajat as id_angaj4_3_0_, concedii0_.id as id1_3_0_, concedii0_.id as id1_3_1_, concedii0_.id_angajat as id_angaj4_3_1_, concedii0_.data_inceput as data_inc2_3_1_, concedii0_.data_sfarsit as data_sfa3_3_1_ from concedii concedii0_ where concedii0_.id_angajat=?
21:23:00.679 [Test worker] DEBUG org.hibernate.loader.plan.build.internal.spaces.QuerySpacesImpl - Adding QuerySpace : uid = <gen:0> -> org.hibernate.loader.plan.build.internal.spaces.CollectionQuerySpaceImpl@6b9aaa9b]
21:23:00.679 [Test worker] DEBUG org.hibernate.loader.plan.build.internal.spaces.QuerySpacesImpl - Adding QuerySpace : uid = <gen:1> -> org.hibernate.loader.plan.build.internal.spaces.EntityQuerySpaceImpl@4cccbd4b]
21:23:00.679 [Test worker] DEBUG org.hibernate.persister.walking.spi.MetamodelGraphWalker - Visiting attribute path : idDirector
21:23:00.679 [Test worker] DEBUG org.hibernate.loader.plan.build.internal.FetchStyleLoadPlanBuildingAssociationVisitationStrategy - Building LoadPlan...
21:23:00.679 [Test worker] DEBUG org.hibernate.loader.plan.exec.internal.LoadQueryJoinAndFetchProcessor - processing queryspace <gen:0>
21:23:00.679 [Test worker] DEBUG org.hibernate.loader.plan.build.spi.LoadPlanTreePrinter - LoadPlan(collection=domain.Angajat.departamente)
    - Returns
       - CollectionReturnImpl(collection=domain.Angajat.departamente, querySpaceUid=<gen:0>, path=[domain.Angajat.departamente])
          - (collection element) CollectionFetchableElementEntityGraph(entity=domain.Departament, querySpaceUid=<gen:1>, path=[domain.Angajat.departamente].<elements>)
    - QuerySpaces
       - CollectionQuerySpaceImpl(uid=<gen:0>, collection=domain.Angajat.departamente)
          - SQL table alias mapping - departamen0_
          - alias suffix - 0_
          - suffixed key columns - {id_angaj1_1_0_}
          - entity-element alias suffix - 1_
          - 1_entity-element suffixed key columns - id1_4_1_
          - JOIN (JoinDefinedByMetadata(elements)) : <gen:0> -> <gen:1>
             - EntityQuerySpaceImpl(uid=<gen:1>, entity=domain.Departament)
                - SQL table alias mapping - departamen1_
                - alias suffix - 1_
                - suffixed key columns - {id1_4_1_}

21:23:00.679 [Test worker] DEBUG org.hibernate.loader.collection.plan.CollectionLoader - Static select for collection domain.Angajat.departamente: select departamen0_.id_angajat as id_angaj1_1_0_, departamen0_.id_departament as id_depar2_1_0_, departamen1_.id as id1_4_1_, departamen1_.id_director as id_direc2_4_1_ from angajati_departamente departamen0_ inner join departamente departamen1_ on departamen0_.id_departament=departamen1_.id where departamen0_.id_angajat=?
21:23:00.679 [Test worker] INFO org.hibernate.orm.connections.access - HHH10001501: Connection obtained from JdbcConnectionAccess [org.hibernate.engine.jdbc.env.internal.JdbcEnvironmentInitiator$ConnectionProviderJdbcConnectionAccess@232ea0ff] for (non-JTA) DDL execution was not in auto-commit mode; the Connection 'local transaction' will be committed and the Connection will be set into auto-commit mode.
21:23:00.679 [Test worker] DEBUG org.hibernate.mapping.Table - No alter strings for table : angajati
21:23:00.679 [Test worker] DEBUG org.hibernate.mapping.Table - No alter strings for table : angajati_departamente
21:23:00.679 [Test worker] DEBUG org.hibernate.mapping.Table - No alter strings for table : angajati_proiecte
21:23:00.679 [Test worker] DEBUG org.hibernate.mapping.Table - No alter strings for table : concedii
21:23:00.679 [Test worker] DEBUG org.hibernate.mapping.Table - No alter strings for table : departamente
21:23:00.679 [Test worker] DEBUG org.hibernate.mapping.Table - No alter strings for table : functii
21:23:00.679 [Test worker] DEBUG org.hibernate.mapping.Table - No alter strings for table : proiecte
21:23:00.679 [Test worker] DEBUG org.hibernate.query.spi.NamedQueryRepository - Checking 0 named HQL queries
21:23:00.679 [Test worker] DEBUG org.hibernate.query.spi.NamedQueryRepository - Checking 0 named SQL queries
21:23:00.679 [Test worker] DEBUG org.hibernate.internal.SessionFactoryRegistry - Registering SessionFactory: f76966d3-877a-4e72-9876-07f0862f03e4 (<unnamed>)
21:23:00.679 [Test worker] DEBUG org.hibernate.internal.SessionFactoryRegistry - Not binding SessionFactory to JNDI, no JNDI name configured
21:23:00.679 [Test worker] DEBUG org.hibernate.integrator.internal.IntegratorServiceImpl - Adding Integrator [org.hibernate.cfg.beanvalidation.BeanValidationIntegrator].
21:23:00.679 [Test worker] DEBUG org.hibernate.integrator.internal.IntegratorServiceImpl - Adding Integrator [org.hibernate.secure.spi.JaccIntegrator].
21:23:00.679 [Test worker] DEBUG org.hibernate.integrator.internal.IntegratorServiceImpl - Adding Integrator [org.hibernate.cache.internal.CollectionCacheInvalidator].
21:23:00.679 [Test worker] DEBUG org.hibernate.boot.jaxb.internal.stax.LocalXmlResourceResolver - Interpreting public/system identifier : [-//Hibernate/Hibernate Configuration DTD 3.0//EN] - [http://hibernate.org/dtd/hibernate-configuration-3.0.dtd]
21:23:00.710 [Test worker] DEBUG org.hibernate.boot.cfgxml.internal.JaxbCfgProcessor - cfg.xml document did not define namespaces; wrapping in custom event reader to introduce namespace information
21:23:00.726 [Test worker] DEBUG org.hibernate.service.spi.ServiceBinding - Overriding existing service binding [org.hibernate.secure.spi.JaccService]
21:23:00.726 [Test worker] DEBUG org.hibernate.cache.internal.RegionFactoryInitiator - Cannot default RegionFactory based on registered strategies as `[]` RegionFactory strategies were registered
21:23:00.726 [Test worker] DEBUG org.hibernate.cache.internal.RegionFactoryInitiator - Cache region factory : org.hibernate.cache.internal.NoCachingRegionFactory
21:23:00.726 [Test worker] DEBUG org.hibernate.type.BasicTypeRegistry - Adding type registration boolean -> org.hibernate.type.BooleanType@121b529f
21:23:00.726 [Test worker] DEBUG org.hibernate.type.BasicTypeRegistry - Adding type registration boolean -> org.hibernate.type.BooleanType@121b529f
21:23:00.726 [Test worker] DEBUG org.hibernate.type.BasicTypeRegistry - Adding type registration java.lang.Boolean -> org.hibernate.type.BooleanType@121b529f
21:23:00.726 [Test worker] DEBUG org.hibernate.type.BasicTypeRegistry - Adding type registration numeric_boolean -> org.hibernate.type.NumericBooleanType@7dc81433
21:23:00.726 [Test worker] DEBUG org.hibernate.type.BasicTypeRegistry - Adding type registration true_false -> org.hibernate.type.TrueFalseType@60c371da
21:23:00.726 [Test worker] DEBUG org.hibernate.type.BasicTypeRegistry - Adding type registration yes_no -> org.hibernate.type.YesNoType@51ef89fc
21:23:00.726 [Test worker] DEBUG org.hibernate.type.BasicTypeRegistry - Adding type registration byte -> org.hibernate.type.ByteType@1502feca
21:23:00.726 [Test worker] DEBUG org.hibernate.type.BasicTypeRegistry - Adding type registration byte -> org.hibernate.type.ByteType@1502feca
21:23:00.726 [Test worker] DEBUG org.hibernate.type.BasicTypeRegistry - Adding type registration java.lang.Byte -> org.hibernate.type.ByteType@1502feca
21:23:00.726 [Test worker] DEBUG org.hibernate.type.BasicTypeRegistry - Adding type registration character -> org.hibernate.type.CharacterType@5aca38b4
21:23:00.726 [Test worker] DEBUG org.hibernate.type.BasicTypeRegistry - Adding type registration char -> org.hibernate.type.CharacterType@5aca38b4
21:23:00.726 [Test worker] DEBUG org.hibernate.type.BasicTypeRegistry - Adding type registration java.lang.Character -> org.hibernate.type.CharacterType@5aca38b4
21:23:00.726 [Test worker] DEBUG org.hibernate.type.BasicTypeRegistry - Adding type registration short -> org.hibernate.type.ShortType@212db0b9
21:23:00.726 [Test worker] DEBUG org.hibernate.type.BasicTypeRegistry - Adding type registration short -> org.hibernate.type.ShortType@212db0b9
21:23:00.726 [Test worker] DEBUG org.hibernate.type.BasicTypeRegistry - Adding type registration java.lang.Short -> org.hibernate.type.ShortType@212db0b9
21:23:00.726 [Test worker] DEBUG org.hibernate.type.BasicTypeRegistry - Adding type registration integer -> org.hibernate.type.IntegerType@14f541d2
21:23:00.726 [Test worker] DEBUG org.hibernate.type.BasicTypeRegistry - Adding type registration int -> org.hibernate.type.IntegerType@14f541d2
21:23:00.726 [Test worker] DEBUG org.hibernate.type.BasicTypeRegistry - Adding type registration java.lang.Integer -> org.hibernate.type.IntegerType@14f541d2
21:23:00.726 [Test worker] DEBUG org.hibernate.type.BasicTypeRegistry - Adding type registration long -> org.hibernate.type.LongType@357c5fef
21:23:00.726 [Test worker] DEBUG org.hibernate.type.BasicTypeRegistry - Adding type registration long -> org.hibernate.type.LongType@357c5fef
21:23:00.726 [Test worker] DEBUG org.hibernate.type.BasicTypeRegistry - Adding type registration java.lang.Long -> org.hibernate.type.LongType@357c5fef
21:23:00.726 [Test worker] DEBUG org.hibernate.type.BasicTypeRegistry - Adding type registration float -> org.hibernate.type.FloatType@68835e55
21:23:00.726 [Test worker] DEBUG org.hibernate.type.BasicTypeRegistry - Adding type registration float -> org.hibernate.type.FloatType@68835e55
21:23:00.726 [Test worker] DEBUG org.hibernate.type.BasicTypeRegistry - Adding type registration java.lang.Float -> org.hibernate.type.FloatType@68835e55
21:23:00.726 [Test worker] DEBUG org.hibernate.type.BasicTypeRegistry - Adding type registration double -> org.hibernate.type.DoubleType@1db8c4bf
21:23:00.726 [Test worker] DEBUG org.hibernate.type.BasicTypeRegistry - Adding type registration double -> org.hibernate.type.DoubleType@1db8c4bf
21:23:00.726 [Test worker] DEBUG org.hibernate.type.BasicTypeRegistry - Adding type registration java.lang.Double -> org.hibernate.type.DoubleType@1db8c4bf
21:23:00.726 [Test worker] DEBUG org.hibernate.type.BasicTypeRegistry - Adding type registration big_decimal -> org.hibernate.type.BigDecimalType@2bd9f5a7
21:23:00.726 [Test worker] DEBUG org.hibernate.type.BasicTypeRegistry - Adding type registration java.math.BigDecimal -> org.hibernate.type.BigDecimalType@2bd9f5a7
21:23:00.726 [Test worker] DEBUG org.hibernate.type.BasicTypeRegistry - Adding type registration big_integer -> org.hibernate.type.BigIntegerType@67766712
21:23:00.726 [Test worker] DEBUG org.hibernate.type.BasicTypeRegistry - Adding type registration java.math.BigInteger -> org.hibernate.type.BigIntegerType@67766712
21:23:00.726 [Test worker] DEBUG org.hibernate.type.BasicTypeRegistry - Adding type registration string -> org.hibernate.type.StringType@5abe721f
21:23:00.726 [Test worker] DEBUG org.hibernate.type.BasicTypeRegistry - Adding type registration java.lang.String -> org.hibernate.type.StringType@5abe721f
21:23:00.726 [Test worker] DEBUG org.hibernate.type.BasicTypeRegistry - Adding type registration nstring -> org.hibernate.type.StringNVarcharType@5ca83c4b
21:23:00.726 [Test worker] DEBUG org.hibernate.type.BasicTypeRegistry - Adding type registration ncharacter -> org.hibernate.type.CharacterNCharType@181579aa
21:23:00.726 [Test worker] DEBUG org.hibernate.type.BasicTypeRegistry - Adding type registration url -> org.hibernate.type.UrlType@2d95e7ff
21:23:00.726 [Test worker] DEBUG org.hibernate.type.BasicTypeRegistry - Adding type registration java.net.URL -> org.hibernate.type.UrlType@2d95e7ff
21:23:00.726 [Test worker] DEBUG org.hibernate.type.BasicTypeRegistry - Adding type registration Duration -> org.hibernate.type.DurationType@1f6d6ec5
21:23:00.726 [Test worker] DEBUG org.hibernate.type.BasicTypeRegistry - Adding type registration java.time.Duration -> org.hibernate.type.DurationType@1f6d6ec5
21:23:00.726 [Test worker] DEBUG org.hibernate.type.BasicTypeRegistry - Adding type registration Instant -> org.hibernate.type.InstantType@799b3880
21:23:00.726 [Test worker] DEBUG org.hibernate.type.BasicTypeRegistry - Adding type registration java.time.Instant -> org.hibernate.type.InstantType@799b3880
21:23:00.726 [Test worker] DEBUG org.hibernate.type.BasicTypeRegistry - Adding type registration LocalDateTime -> org.hibernate.type.LocalDateTimeType@3c9b7dcd
21:23:00.726 [Test worker] DEBUG org.hibernate.type.BasicTypeRegistry - Adding type registration java.time.LocalDateTime -> org.hibernate.type.LocalDateTimeType@3c9b7dcd
21:23:00.726 [Test worker] DEBUG org.hibernate.type.BasicTypeRegistry - Adding type registration LocalDate -> org.hibernate.type.LocalDateType@73b9d317
21:23:00.726 [Test worker] DEBUG org.hibernate.type.BasicTypeRegistry - Adding type registration java.time.LocalDate -> org.hibernate.type.LocalDateType@73b9d317
21:23:00.726 [Test worker] DEBUG org.hibernate.type.BasicTypeRegistry - Adding type registration LocalTime -> org.hibernate.type.LocalTimeType@3e938176
21:23:00.726 [Test worker] DEBUG org.hibernate.type.BasicTypeRegistry - Adding type registration java.time.LocalTime -> org.hibernate.type.LocalTimeType@3e938176
21:23:00.726 [Test worker] DEBUG org.hibernate.type.BasicTypeRegistry - Adding type registration OffsetDateTime -> org.hibernate.type.OffsetDateTimeType@1006f6a5
21:23:00.726 [Test worker] DEBUG org.hibernate.type.BasicTypeRegistry - Adding type registration java.time.OffsetDateTime -> org.hibernate.type.OffsetDateTimeType@1006f6a5
21:23:00.726 [Test worker] DEBUG org.hibernate.type.BasicTypeRegistry - Adding type registration OffsetTime -> org.hibernate.type.OffsetTimeType@5ebf30b8
21:23:00.726 [Test worker] DEBUG org.hibernate.type.BasicTypeRegistry - Adding type registration java.time.OffsetTime -> org.hibernate.type.OffsetTimeType@5ebf30b8
21:23:00.726 [Test worker] DEBUG org.hibernate.type.BasicTypeRegistry - Adding type registration ZonedDateTime -> org.hibernate.type.ZonedDateTimeType@5ecdce3a
21:23:00.726 [Test worker] DEBUG org.hibernate.type.BasicTypeRegistry - Adding type registration java.time.ZonedDateTime -> org.hibernate.type.ZonedDateTimeType@5ecdce3a
21:23:00.726 [Test worker] DEBUG org.hibernate.type.BasicTypeRegistry - Adding type registration date -> org.hibernate.type.DateType@34878a9c
21:23:00.726 [Test worker] DEBUG org.hibernate.type.BasicTypeRegistry - Adding type registration java.sql.Date -> org.hibernate.type.DateType@34878a9c
21:23:00.726 [Test worker] DEBUG org.hibernate.type.BasicTypeRegistry - Adding type registration time -> org.hibernate.type.TimeType@4be75fc9
21:23:00.726 [Test worker] DEBUG org.hibernate.type.BasicTypeRegistry - Adding type registration java.sql.Time -> org.hibernate.type.TimeType@4be75fc9
21:23:00.726 [Test worker] DEBUG org.hibernate.type.BasicTypeRegistry - Adding type registration timestamp -> org.hibernate.type.TimestampType@cd6dcfb
21:23:00.726 [Test worker] DEBUG org.hibernate.type.BasicTypeRegistry - Adding type registration java.sql.Timestamp -> org.hibernate.type.TimestampType@cd6dcfb
21:23:00.726 [Test worker] DEBUG org.hibernate.type.BasicTypeRegistry - Adding type registration java.util.Date -> org.hibernate.type.TimestampType@cd6dcfb
21:23:00.726 [Test worker] DEBUG org.hibernate.type.BasicTypeRegistry - Adding type registration dbtimestamp -> org.hibernate.type.DbTimestampType@6f70db50
21:23:00.726 [Test worker] DEBUG org.hibernate.type.BasicTypeRegistry - Adding type registration calendar -> org.hibernate.type.CalendarType@232580e4
21:23:00.726 [Test worker] DEBUG org.hibernate.type.BasicTypeRegistry - Adding type registration java.util.Calendar -> org.hibernate.type.CalendarType@232580e4
21:23:00.726 [Test worker] DEBUG org.hibernate.type.BasicTypeRegistry - Adding type registration java.util.GregorianCalendar -> org.hibernate.type.CalendarType@232580e4
21:23:00.726 [Test worker] DEBUG org.hibernate.type.BasicTypeRegistry - Adding type registration calendar_date -> org.hibernate.type.CalendarDateType@2d226c99
21:23:00.726 [Test worker] DEBUG org.hibernate.type.BasicTypeRegistry - Adding type registration calendar_time -> org.hibernate.type.CalendarTimeType@5f0ca092
21:23:00.726 [Test worker] DEBUG org.hibernate.type.BasicTypeRegistry - Adding type registration locale -> org.hibernate.type.LocaleType@2e7d6fc7
21:23:00.726 [Test worker] DEBUG org.hibernate.type.BasicTypeRegistry - Adding type registration java.util.Locale -> org.hibernate.type.LocaleType@2e7d6fc7
21:23:00.726 [Test worker] DEBUG org.hibernate.type.BasicTypeRegistry - Adding type registration currency -> org.hibernate.type.CurrencyType@298b5abb
21:23:00.726 [Test worker] DEBUG org.hibernate.type.BasicTypeRegistry - Adding type registration java.util.Currency -> org.hibernate.type.CurrencyType@298b5abb
21:23:00.726 [Test worker] DEBUG org.hibernate.type.BasicTypeRegistry - Adding type registration timezone -> org.hibernate.type.TimeZoneType@6a7223ce
21:23:00.726 [Test worker] DEBUG org.hibernate.type.BasicTypeRegistry - Adding type registration java.util.TimeZone -> org.hibernate.type.TimeZoneType@6a7223ce
21:23:00.726 [Test worker] DEBUG org.hibernate.type.BasicTypeRegistry - Adding type registration class -> org.hibernate.type.ClassType@17c86e61
21:23:00.726 [Test worker] DEBUG org.hibernate.type.BasicTypeRegistry - Adding type registration java.lang.Class -> org.hibernate.type.ClassType@17c86e61
21:23:00.726 [Test worker] DEBUG org.hibernate.type.BasicTypeRegistry - Adding type registration uuid-binary -> org.hibernate.type.UUIDBinaryType@165a29f7
21:23:00.726 [Test worker] DEBUG org.hibernate.type.BasicTypeRegistry - Adding type registration java.util.UUID -> org.hibernate.type.UUIDBinaryType@165a29f7
21:23:00.726 [Test worker] DEBUG org.hibernate.type.BasicTypeRegistry - Adding type registration uuid-char -> org.hibernate.type.UUIDCharType@57061eb5
21:23:00.726 [Test worker] DEBUG org.hibernate.type.BasicTypeRegistry - Adding type registration binary -> org.hibernate.type.BinaryType@377a3a57
21:23:00.726 [Test worker] DEBUG org.hibernate.type.BasicTypeRegistry - Adding type registration byte[] -> org.hibernate.type.BinaryType@377a3a57
21:23:00.726 [Test worker] DEBUG org.hibernate.type.BasicTypeRegistry - Adding type registration [B -> org.hibernate.type.BinaryType@377a3a57
21:23:00.726 [Test worker] DEBUG org.hibernate.type.BasicTypeRegistry - Adding type registration wrapper-binary -> org.hibernate.type.WrapperBinaryType@15236686
21:23:00.726 [Test worker] DEBUG org.hibernate.type.BasicTypeRegistry - Adding type registration Byte[] -> org.hibernate.type.WrapperBinaryType@15236686
21:23:00.726 [Test worker] DEBUG org.hibernate.type.BasicTypeRegistry - Adding type registration [Ljava.lang.Byte; -> org.hibernate.type.WrapperBinaryType@15236686
21:23:00.726 [Test worker] DEBUG org.hibernate.type.BasicTypeRegistry - Adding type registration row_version -> org.hibernate.type.RowVersionType@480544d3
21:23:00.726 [Test worker] DEBUG org.hibernate.type.BasicTypeRegistry - Adding type registration image -> org.hibernate.type.ImageType@a74733d
21:23:00.726 [Test worker] DEBUG org.hibernate.type.BasicTypeRegistry - Adding type registration characters -> org.hibernate.type.CharArrayType@10b707f8
21:23:00.726 [Test worker] DEBUG org.hibernate.type.BasicTypeRegistry - Adding type registration char[] -> org.hibernate.type.CharArrayType@10b707f8
21:23:00.726 [Test worker] DEBUG org.hibernate.type.BasicTypeRegistry - Adding type registration [C -> org.hibernate.type.CharArrayType@10b707f8
21:23:00.726 [Test worker] DEBUG org.hibernate.type.BasicTypeRegistry - Adding type registration wrapper-characters -> org.hibernate.type.CharacterArrayType@7586a107
21:23:00.726 [Test worker] DEBUG org.hibernate.type.BasicTypeRegistry - Adding type registration [Ljava.lang.Character; -> org.hibernate.type.CharacterArrayType@7586a107
21:23:00.726 [Test worker] DEBUG org.hibernate.type.BasicTypeRegistry - Adding type registration Character[] -> org.hibernate.type.CharacterArrayType@7586a107
21:23:00.726 [Test worker] DEBUG org.hibernate.type.BasicTypeRegistry - Adding type registration text -> org.hibernate.type.TextType@28e7117
21:23:00.726 [Test worker] DEBUG org.hibernate.type.BasicTypeRegistry - Adding type registration ntext -> org.hibernate.type.NTextType@4fe7c4b8
21:23:00.726 [Test worker] DEBUG org.hibernate.type.BasicTypeRegistry - Adding type registration blob -> org.hibernate.type.BlobType@69ff7971
21:23:00.726 [Test worker] DEBUG org.hibernate.type.BasicTypeRegistry - Adding type registration java.sql.Blob -> org.hibernate.type.BlobType@69ff7971
21:23:00.726 [Test worker] DEBUG org.hibernate.type.BasicTypeRegistry - Adding type registration materialized_blob -> org.hibernate.type.MaterializedBlobType@29a6bbfa
21:23:00.726 [Test worker] DEBUG org.hibernate.type.BasicTypeRegistry - Adding type registration clob -> org.hibernate.type.ClobType@6243fc09
21:23:00.726 [Test worker] DEBUG org.hibernate.type.BasicTypeRegistry - Adding type registration java.sql.Clob -> org.hibernate.type.ClobType@6243fc09
21:23:00.726 [Test worker] DEBUG org.hibernate.type.BasicTypeRegistry - Adding type registration nclob -> org.hibernate.type.NClobType@7a0e9fb4
21:23:00.726 [Test worker] DEBUG org.hibernate.type.BasicTypeRegistry - Adding type registration java.sql.NClob -> org.hibernate.type.NClobType@7a0e9fb4
21:23:00.726 [Test worker] DEBUG org.hibernate.type.BasicTypeRegistry - Adding type registration materialized_clob -> org.hibernate.type.MaterializedClobType@5568af29
21:23:00.726 [Test worker] DEBUG org.hibernate.type.BasicTypeRegistry - Adding type registration materialized_nclob -> org.hibernate.type.MaterializedNClobType@43589365
21:23:00.726 [Test worker] DEBUG org.hibernate.type.BasicTypeRegistry - Adding type registration serializable -> org.hibernate.type.SerializableType@49b714f8
21:23:00.726 [Test worker] DEBUG org.hibernate.type.BasicTypeRegistry - Adding type registration object -> org.hibernate.type.ObjectType@4b6f241f
21:23:00.726 [Test worker] DEBUG org.hibernate.type.BasicTypeRegistry - Adding type registration java.lang.Object -> org.hibernate.type.ObjectType@4b6f241f
21:23:00.726 [Test worker] DEBUG org.hibernate.type.BasicTypeRegistry - Adding type registration imm_date -> org.hibernate.type.AdaptedImmutableType@7ece2ac
21:23:00.726 [Test worker] DEBUG org.hibernate.type.BasicTypeRegistry - Adding type registration imm_time -> org.hibernate.type.AdaptedImmutableType@34a2210f
21:23:00.726 [Test worker] DEBUG org.hibernate.type.BasicTypeRegistry - Adding type registration imm_timestamp -> org.hibernate.type.AdaptedImmutableType@62ee6b3b
21:23:00.726 [Test worker] DEBUG org.hibernate.type.BasicTypeRegistry - Adding type registration imm_dbtimestamp -> org.hibernate.type.AdaptedImmutableType@58b7f6f2
21:23:00.726 [Test worker] DEBUG org.hibernate.type.BasicTypeRegistry - Adding type registration imm_calendar -> org.hibernate.type.AdaptedImmutableType@382e96ca
21:23:00.726 [Test worker] DEBUG org.hibernate.type.BasicTypeRegistry - Adding type registration imm_calendar_date -> org.hibernate.type.AdaptedImmutableType@1da17299
21:23:00.726 [Test worker] DEBUG org.hibernate.type.BasicTypeRegistry - Adding type registration imm_binary -> org.hibernate.type.AdaptedImmutableType@c8765a5
21:23:00.726 [Test worker] DEBUG org.hibernate.type.BasicTypeRegistry - Adding type registration imm_serializable -> org.hibernate.type.AdaptedImmutableType@6be002a1
21:23:00.726 [Test worker] DEBUG org.hibernate.id.factory.internal.DefaultIdentifierGeneratorFactory - Registering IdentifierGenerator strategy [uuid2] -> [org.hibernate.id.UUIDGenerator]
21:23:00.726 [Test worker] DEBUG org.hibernate.id.factory.internal.DefaultIdentifierGeneratorFactory - Registering IdentifierGenerator strategy [guid] -> [org.hibernate.id.GUIDGenerator]
21:23:00.726 [Test worker] DEBUG org.hibernate.id.factory.internal.DefaultIdentifierGeneratorFactory - Registering IdentifierGenerator strategy [uuid] -> [org.hibernate.id.UUIDHexGenerator]
21:23:00.726 [Test worker] DEBUG org.hibernate.id.factory.internal.DefaultIdentifierGeneratorFactory - Registering IdentifierGenerator strategy [uuid.hex] -> [org.hibernate.id.UUIDHexGenerator]
21:23:00.726 [Test worker] DEBUG org.hibernate.id.factory.internal.DefaultIdentifierGeneratorFactory - Registering IdentifierGenerator strategy [assigned] -> [org.hibernate.id.Assigned]
21:23:00.726 [Test worker] DEBUG org.hibernate.id.factory.internal.DefaultIdentifierGeneratorFactory - Registering IdentifierGenerator strategy [identity] -> [org.hibernate.id.IdentityGenerator]
21:23:00.726 [Test worker] DEBUG org.hibernate.id.factory.internal.DefaultIdentifierGeneratorFactory - Registering IdentifierGenerator strategy [select] -> [org.hibernate.id.SelectGenerator]
21:23:00.726 [Test worker] DEBUG org.hibernate.id.factory.internal.DefaultIdentifierGeneratorFactory - Registering IdentifierGenerator strategy [sequence] -> [org.hibernate.id.enhanced.SequenceStyleGenerator]
21:23:00.726 [Test worker] DEBUG org.hibernate.id.factory.internal.DefaultIdentifierGeneratorFactory - Registering IdentifierGenerator strategy [seqhilo] -> [org.hibernate.id.SequenceHiLoGenerator]
21:23:00.726 [Test worker] DEBUG org.hibernate.id.factory.internal.DefaultIdentifierGeneratorFactory - Registering IdentifierGenerator strategy [increment] -> [org.hibernate.id.IncrementGenerator]
21:23:00.726 [Test worker] DEBUG org.hibernate.id.factory.internal.DefaultIdentifierGeneratorFactory - Registering IdentifierGenerator strategy [foreign] -> [org.hibernate.id.ForeignGenerator]
21:23:00.726 [Test worker] DEBUG org.hibernate.id.factory.internal.DefaultIdentifierGeneratorFactory - Registering IdentifierGenerator strategy [sequence-identity] -> [org.hibernate.id.SequenceIdentityGenerator]
21:23:00.726 [Test worker] DEBUG org.hibernate.id.factory.internal.DefaultIdentifierGeneratorFactory - Registering IdentifierGenerator strategy [enhanced-sequence] -> [org.hibernate.id.enhanced.SequenceStyleGenerator]
21:23:00.726 [Test worker] DEBUG org.hibernate.id.factory.internal.DefaultIdentifierGeneratorFactory - Registering IdentifierGenerator strategy [enhanced-table] -> [org.hibernate.id.enhanced.TableGenerator]
21:23:00.726 [Test worker] WARN org.hibernate.orm.connections.pooling - HHH10001002: Using Hibernate built-in connection pool (not for production use!)
21:23:00.726 [Test worker] INFO org.hibernate.orm.connections.pooling - HHH10001005: using driver [org.sqlite.JDBC] at URL [jdbc:sqlite:D:\Facultate\Projects\OrganizareCompanie\database]
21:23:00.726 [Test worker] INFO org.hibernate.orm.connections.pooling - HHH10001001: Connection properties: {password=root, user=root}
21:23:00.726 [Test worker] INFO org.hibernate.orm.connections.pooling - HHH10001003: Autocommit mode: false
21:23:00.726 [Test worker] DEBUG org.hibernate.engine.jdbc.connections.internal.DriverManagerConnectionProviderImpl - Initializing Connection pool with 1 Connections
21:23:00.726 [Test worker] INFO org.hibernate.engine.jdbc.connections.internal.DriverManagerConnectionProviderImpl - HHH000115: Hibernate connection pool size: 1 (min=1)
21:23:00.726 [Test worker] DEBUG org.hibernate.engine.jdbc.env.internal.JdbcEnvironmentInitiator - Database ->
       name : SQLite
    version : 3.34.0
      major : 3
      minor : 34
21:23:00.726 [Test worker] DEBUG org.hibernate.engine.jdbc.env.internal.JdbcEnvironmentInitiator - Driver ->
       name : SQLite JDBC
    version : 3.34.0
      major : 3
      minor : 34
21:23:00.726 [Test worker] DEBUG org.hibernate.engine.jdbc.env.internal.JdbcEnvironmentInitiator - JDBC version : 2.1
21:23:00.726 [Test worker] INFO org.hibernate.dialect.Dialect - HHH000400: Using dialect: utils.SQLiteDialect
21:23:00.726 [Test worker] DEBUG org.hibernate.engine.jdbc.env.spi.IdentifierHelperBuilder - JDBC driver metadata reported database stores quoted identifiers in neither upper, lower nor mixed case
21:23:00.726 [Test worker] DEBUG org.hibernate.engine.jdbc.env.spi.IdentifierHelperBuilder - IdentifierCaseStrategy for both quoted and unquoted identifiers was set to the same strategy [MIXED]; that will likely lead to problems in schema update and validation if using quoted identifiers
21:23:00.726 [Test worker] DEBUG org.hibernate.engine.jdbc.env.internal.LobCreatorBuilderImpl - HHH000423: Disabling contextual LOB creation as JDBC driver reported JDBC version [2] less than 4
21:23:00.726 [Test worker] DEBUG org.hibernate.boot.model.relational.Namespace - Created database namespace [logicalName=Name{catalog=null, schema=null}, physicalName=Name{catalog=null, schema=null}]
21:23:00.741 [Test worker] DEBUG org.hibernate.type.descriptor.java.JavaTypeDescriptorRegistry - JavaTypeDescriptorRegistry entry replaced : class java.time.Duration -> org.hibernate.type.descriptor.java.DurationJavaDescriptor@484b819 (was org.hibernate.type.descriptor.java.DurationJavaDescriptor@484b819)
21:23:00.741 [Test worker] DEBUG org.hibernate.type.descriptor.java.JavaTypeDescriptorRegistry - JavaTypeDescriptorRegistry entry replaced : class java.time.Instant -> org.hibernate.type.descriptor.java.InstantJavaDescriptor@7a6a60d2 (was org.hibernate.type.descriptor.java.InstantJavaDescriptor@7a6a60d2)
21:23:00.741 [Test worker] DEBUG org.hibernate.type.descriptor.java.JavaTypeDescriptorRegistry - JavaTypeDescriptorRegistry entry replaced : class java.time.LocalDate -> org.hibernate.type.descriptor.java.LocalDateJavaDescriptor@7ac3817d (was org.hibernate.type.descriptor.java.LocalDateJavaDescriptor@7ac3817d)
21:23:00.741 [Test worker] DEBUG org.hibernate.type.descriptor.java.JavaTypeDescriptorRegistry - JavaTypeDescriptorRegistry entry replaced : class java.time.LocalDateTime -> org.hibernate.type.descriptor.java.LocalDateTimeJavaDescriptor@616d0e6e (was org.hibernate.type.descriptor.java.LocalDateTimeJavaDescriptor@616d0e6e)
21:23:00.741 [Test worker] DEBUG org.hibernate.type.descriptor.java.JavaTypeDescriptorRegistry - JavaTypeDescriptorRegistry entry replaced : class java.time.OffsetDateTime -> org.hibernate.type.descriptor.java.OffsetDateTimeJavaDescriptor@4008262a (was org.hibernate.type.descriptor.java.OffsetDateTimeJavaDescriptor@4008262a)
21:23:00.741 [Test worker] DEBUG org.hibernate.type.descriptor.java.JavaTypeDescriptorRegistry - JavaTypeDescriptorRegistry entry replaced : class java.time.OffsetTime -> org.hibernate.type.descriptor.java.OffsetTimeJavaDescriptor@69cda209 (was org.hibernate.type.descriptor.java.OffsetTimeJavaDescriptor@69cda209)
21:23:00.741 [Test worker] DEBUG org.hibernate.type.descriptor.java.JavaTypeDescriptorRegistry - JavaTypeDescriptorRegistry entry replaced : class java.time.ZonedDateTime -> org.hibernate.type.descriptor.java.ZonedDateTimeJavaDescriptor@f630e24 (was org.hibernate.type.descriptor.java.ZonedDateTimeJavaDescriptor@f630e24)
21:23:00.741 [Test worker] DEBUG org.hibernate.type.BasicTypeRegistry - Adding type registration Duration -> org.hibernate.type.DurationType@1f6d6ec5
21:23:00.741 [Test worker] DEBUG org.hibernate.type.BasicTypeRegistry - Adding type registration java.time.Duration -> org.hibernate.type.DurationType@1f6d6ec5
21:23:00.741 [Test worker] DEBUG org.hibernate.type.BasicTypeRegistry - Adding type registration Instant -> org.hibernate.type.InstantType@799b3880
21:23:00.741 [Test worker] DEBUG org.hibernate.type.BasicTypeRegistry - Adding type registration java.time.Instant -> org.hibernate.type.InstantType@799b3880
21:23:00.741 [Test worker] DEBUG org.hibernate.type.BasicTypeRegistry - Adding type registration LocalDateTime -> org.hibernate.type.LocalDateTimeType@3c9b7dcd
21:23:00.741 [Test worker] DEBUG org.hibernate.type.BasicTypeRegistry - Adding type registration java.time.LocalDateTime -> org.hibernate.type.LocalDateTimeType@3c9b7dcd
21:23:00.741 [Test worker] DEBUG org.hibernate.type.BasicTypeRegistry - Adding type registration LocalDate -> org.hibernate.type.LocalDateType@73b9d317
21:23:00.741 [Test worker] DEBUG org.hibernate.type.BasicTypeRegistry - Adding type registration java.time.LocalDate -> org.hibernate.type.LocalDateType@73b9d317
21:23:00.741 [Test worker] DEBUG org.hibernate.type.BasicTypeRegistry - Adding type registration LocalTime -> org.hibernate.type.LocalTimeType@3e938176
21:23:00.741 [Test worker] DEBUG org.hibernate.type.BasicTypeRegistry - Adding type registration java.time.LocalTime -> org.hibernate.type.LocalTimeType@3e938176
21:23:00.741 [Test worker] DEBUG org.hibernate.type.BasicTypeRegistry - Adding type registration OffsetDateTime -> org.hibernate.type.OffsetDateTimeType@1006f6a5
21:23:00.741 [Test worker] DEBUG org.hibernate.type.BasicTypeRegistry - Adding type registration java.time.OffsetDateTime -> org.hibernate.type.OffsetDateTimeType@1006f6a5
21:23:00.741 [Test worker] DEBUG org.hibernate.type.BasicTypeRegistry - Adding type registration OffsetTime -> org.hibernate.type.OffsetTimeType@5ebf30b8
21:23:00.741 [Test worker] DEBUG org.hibernate.type.BasicTypeRegistry - Adding type registration java.time.OffsetTime -> org.hibernate.type.OffsetTimeType@5ebf30b8
21:23:00.741 [Test worker] DEBUG org.hibernate.type.BasicTypeRegistry - Adding type registration ZonedDateTime -> org.hibernate.type.ZonedDateTimeType@5ecdce3a
21:23:00.741 [Test worker] DEBUG org.hibernate.type.BasicTypeRegistry - Adding type registration java.time.ZonedDateTime -> org.hibernate.type.ZonedDateTimeType@5ecdce3a
21:23:00.741 [Test worker] DEBUG org.hibernate.type.spi.TypeConfiguration$Scope - Scoping TypeConfiguration [org.hibernate.type.spi.TypeConfiguration@47574171] to MetadataBuildingContext [org.hibernate.boot.internal.MetadataBuildingContextRootImpl@313fc2a1]
21:23:00.741 [Test worker] DEBUG org.hibernate.cfg.AnnotationBinder - Binding entity from annotated class: domain.Angajat
21:23:00.741 [Test worker] DEBUG org.hibernate.cfg.Ejb3Column - Binding column: Ejb3DiscriminatorColumn{logicalColumnName'DTYPE', discriminatorTypeName='string'}
21:23:00.741 [Test worker] DEBUG org.hibernate.cfg.annotations.EntityBinder - Import with entity name Angajat
21:23:00.741 [Test worker] DEBUG org.hibernate.cfg.annotations.EntityBinder - Bind entity domain.Angajat on table angajati
21:23:00.741 [Test worker] DEBUG org.hibernate.cfg.Ejb3Column - Binding column: Ejb3Column{table=org.hibernate.mapping.Table(angajati), mappingColumn=id, insertable=true, updatable=true, unique=false}
21:23:00.741 [Test worker] DEBUG org.hibernate.boot.internal.ClassLoaderAccessImpl - Not known whether passed class name [domain.Angajat] is safe
21:23:00.741 [Test worker] DEBUG org.hibernate.boot.internal.ClassLoaderAccessImpl - No temp ClassLoader provided; using live ClassLoader for loading potentially unsafe class : domain.Angajat
21:23:00.741 [Test worker] DEBUG org.hibernate.cfg.annotations.PropertyBinder - MetadataSourceProcessor property id with lazy=false
21:23:00.741 [Test worker] DEBUG org.hibernate.cfg.AbstractPropertyHolder - Attempting to locate auto-apply AttributeConverter for property [domain.Angajat:id]
21:23:00.741 [Test worker] DEBUG org.hibernate.cfg.annotations.SimpleValueBinder - building SimpleValue for id
21:23:00.741 [Test worker] DEBUG org.hibernate.cfg.annotations.PropertyBinder - Building property id
21:23:00.741 [Test worker] DEBUG org.hibernate.cfg.BinderHelper - #makeIdGenerator(org.hibernate.mapping.SimpleValue([org.hibernate.mapping.Column(id)]), id, identity, , ...)
21:23:00.741 [Test worker] DEBUG org.hibernate.cfg.Ejb3Column - Binding column: Ejb3JoinColumn{logicalColumnName='null', referencedColumn='null', mappedBy='angajat'}
21:23:00.741 [Test worker] DEBUG org.hibernate.cfg.Ejb3Column - Binding column: Ejb3Column{table=org.hibernate.mapping.Table(angajati), mappingColumn=concedii, insertable=true, updatable=true, unique=false}
21:23:00.741 [Test worker] DEBUG org.hibernate.cfg.Ejb3Column - Binding column: Ejb3Column{table=org.hibernate.mapping.Table(angajati), mappingColumn=null, insertable=true, updatable=true, unique=false}
21:23:00.741 [Test worker] DEBUG org.hibernate.cfg.Ejb3Column - Binding column: Ejb3Column{table=org.hibernate.mapping.Table(angajati), mappingColumn=element, insertable=true, updatable=true, unique=false}
21:23:00.741 [Test worker] DEBUG org.hibernate.cfg.Ejb3Column - Binding column: Ejb3Column{table=org.hibernate.mapping.Table(angajati), mappingColumn=concedii_KEY, insertable=true, updatable=true, unique=false}
21:23:00.741 [Test worker] DEBUG org.hibernate.cfg.Ejb3Column - Binding column: Ejb3JoinColumn{logicalColumnName='concedii_KEY', referencedColumn='null', mappedBy='null'}
21:23:00.741 [Test worker] DEBUG org.hibernate.cfg.Ejb3Column - Binding column: Ejb3JoinColumn{logicalColumnName='null', referencedColumn='null', mappedBy='angajat'}
21:23:00.741 [Test worker] DEBUG org.hibernate.cfg.Ejb3Column - Binding column: Ejb3JoinColumn{logicalColumnName='null', referencedColumn='null', mappedBy='angajat'}
21:23:00.741 [Test worker] DEBUG org.hibernate.cfg.annotations.CollectionBinder - Collection role: domain.Angajat.concedii
21:23:00.741 [Test worker] DEBUG org.hibernate.cfg.annotations.PropertyBinder - Building property concedii
21:23:00.741 [Test worker] DEBUG org.hibernate.cfg.Ejb3Column - Binding column: Ejb3Column{table=org.hibernate.mapping.Table(angajati), mappingColumn=data_angajare, insertable=true, updatable=true, unique=false}
21:23:00.741 [Test worker] DEBUG org.hibernate.cfg.annotations.PropertyBinder - MetadataSourceProcessor property dataAngajare with lazy=false
21:23:00.741 [Test worker] DEBUG org.hibernate.cfg.AbstractPropertyHolder - Attempting to locate auto-apply AttributeConverter for property [domain.Angajat:dataAngajare]
21:23:00.741 [Test worker] DEBUG org.hibernate.cfg.annotations.SimpleValueBinder - building SimpleValue for dataAngajare
21:23:00.741 [Test worker] DEBUG org.hibernate.cfg.annotations.PropertyBinder - Building property dataAngajare
21:23:00.741 [Test worker] DEBUG org.hibernate.cfg.Ejb3Column - Binding column: Ejb3Column{table=org.hibernate.mapping.Table(angajati), mappingColumn=null, insertable=true, updatable=true, unique=false}
21:23:00.741 [Test worker] DEBUG org.hibernate.cfg.Ejb3Column - Binding column: Ejb3Column{table=org.hibernate.mapping.Table(angajati), mappingColumn=element, insertable=true, updatable=true, unique=false}
21:23:00.741 [Test worker] DEBUG org.hibernate.cfg.Ejb3Column - Binding column: Ejb3Column{table=org.hibernate.mapping.Table(angajati), mappingColumn=departamente_KEY, insertable=true, updatable=true, unique=false}
21:23:00.741 [Test worker] DEBUG org.hibernate.cfg.Ejb3Column - Binding column: Ejb3JoinColumn{logicalColumnName='departamente_KEY', referencedColumn='null', mappedBy='null'}
21:23:00.741 [Test worker] DEBUG org.hibernate.cfg.Ejb3Column - Binding column: Ejb3JoinColumn{logicalColumnName='id_angajat', referencedColumn='', mappedBy=''}
21:23:00.741 [Test worker] DEBUG org.hibernate.cfg.Ejb3Column - Binding column: Ejb3JoinColumn{logicalColumnName='id_departament', referencedColumn='', mappedBy=''}
21:23:00.741 [Test worker] DEBUG org.hibernate.cfg.annotations.CollectionBinder - Collection role: domain.Angajat.departamente
21:23:00.741 [Test worker] DEBUG org.hibernate.cfg.annotations.PropertyBinder - Building property departamente
21:23:00.741 [Test worker] DEBUG org.hibernate.cfg.Ejb3Column - Binding column: Ejb3JoinColumn{logicalColumnName='null', referencedColumn='null', mappedBy='null'}
21:23:00.741 [Test worker] DEBUG org.hibernate.cfg.Ejb3Column - Binding column: Ejb3Column{table=org.hibernate.mapping.Table(angajati), mappingColumn=functie, insertable=true, updatable=true, unique=false}
21:23:00.741 [Test worker] DEBUG org.hibernate.cfg.annotations.PropertyBinder - Building property functie
21:23:00.741 [Test worker] DEBUG org.hibernate.cfg.Ejb3Column - Binding column: Ejb3Column{table=org.hibernate.mapping.Table(angajati), mappingColumn=id_superior, insertable=true, updatable=true, unique=false}
21:23:00.741 [Test worker] DEBUG org.hibernate.cfg.annotations.PropertyBinder - MetadataSourceProcessor property idSuperior with lazy=false
21:23:00.741 [Test worker] DEBUG org.hibernate.cfg.AbstractPropertyHolder - Attempting to locate auto-apply AttributeConverter for property [domain.Angajat:idSuperior]
21:23:00.741 [Test worker] DEBUG org.hibernate.cfg.annotations.SimpleValueBinder - building SimpleValue for idSuperior
21:23:00.741 [Test worker] DEBUG org.hibernate.cfg.annotations.PropertyBinder - Building property idSuperior
21:23:00.741 [Test worker] DEBUG org.hibernate.cfg.Ejb3Column - Binding column: Ejb3Column{table=org.hibernate.mapping.Table(angajati), mappingColumn=null, insertable=true, updatable=true, unique=false}
21:23:00.741 [Test worker] DEBUG org.hibernate.cfg.Ejb3Column - Binding column: Ejb3Column{table=org.hibernate.mapping.Table(angajati), mappingColumn=element, insertable=true, updatable=true, unique=false}
21:23:00.741 [Test worker] DEBUG org.hibernate.cfg.Ejb3Column - Binding column: Ejb3Column{table=org.hibernate.mapping.Table(angajati), mappingColumn=proiecte_KEY, insertable=true, updatable=true, unique=false}
21:23:00.741 [Test worker] DEBUG org.hibernate.cfg.Ejb3Column - Binding column: Ejb3JoinColumn{logicalColumnName='proiecte_KEY', referencedColumn='null', mappedBy='null'}
21:23:00.741 [Test worker] DEBUG org.hibernate.cfg.Ejb3Column - Binding column: Ejb3JoinColumn{logicalColumnName='id_angajat', referencedColumn='', mappedBy=''}
21:23:00.741 [Test worker] DEBUG org.hibernate.cfg.Ejb3Column - Binding column: Ejb3JoinColumn{logicalColumnName='id_proiect', referencedColumn='', mappedBy=''}
21:23:00.741 [Test worker] DEBUG org.hibernate.cfg.annotations.CollectionBinder - Collection role: domain.Angajat.proiecte
21:23:00.741 [Test worker] DEBUG org.hibernate.cfg.annotations.PropertyBinder - Building property proiecte
21:23:00.741 [Test worker] DEBUG org.hibernate.cfg.AnnotationBinder - Binding entity from annotated class: domain.Concediu
21:23:00.741 [Test worker] DEBUG org.hibernate.cfg.Ejb3Column - Binding column: Ejb3DiscriminatorColumn{logicalColumnName'DTYPE', discriminatorTypeName='string'}
21:23:00.741 [Test worker] DEBUG org.hibernate.cfg.annotations.EntityBinder - Import with entity name Concediu
21:23:00.741 [Test worker] DEBUG org.hibernate.cfg.annotations.EntityBinder - Bind entity domain.Concediu on table concedii
21:23:00.741 [Test worker] DEBUG org.hibernate.cfg.Ejb3Column - Binding column: Ejb3Column{table=org.hibernate.mapping.Table(concedii), mappingColumn=id, insertable=true, updatable=true, unique=false}
21:23:00.741 [Test worker] DEBUG org.hibernate.boot.internal.ClassLoaderAccessImpl - Not known whether passed class name [domain.Concediu] is safe
21:23:00.741 [Test worker] DEBUG org.hibernate.boot.internal.ClassLoaderAccessImpl - No temp ClassLoader provided; using live ClassLoader for loading potentially unsafe class : domain.Concediu
21:23:00.741 [Test worker] DEBUG org.hibernate.cfg.annotations.PropertyBinder - MetadataSourceProcessor property id with lazy=false
21:23:00.741 [Test worker] DEBUG org.hibernate.cfg.AbstractPropertyHolder - Attempting to locate auto-apply AttributeConverter for property [domain.Concediu:id]
21:23:00.741 [Test worker] DEBUG org.hibernate.cfg.annotations.SimpleValueBinder - building SimpleValue for id
21:23:00.741 [Test worker] DEBUG org.hibernate.cfg.annotations.PropertyBinder - Building property id
21:23:00.741 [Test worker] DEBUG org.hibernate.cfg.BinderHelper - #makeIdGenerator(org.hibernate.mapping.SimpleValue([org.hibernate.mapping.Column(id)]), id, identity, , ...)
21:23:00.741 [Test worker] DEBUG org.hibernate.cfg.Ejb3Column - Binding column: Ejb3JoinColumn{logicalColumnName='id_angajat', referencedColumn='', mappedBy=''}
21:23:00.741 [Test worker] DEBUG org.hibernate.cfg.Ejb3Column - Binding column: Ejb3Column{table=org.hibernate.mapping.Table(concedii), mappingColumn=angajat, insertable=true, updatable=true, unique=false}
21:23:00.741 [Test worker] DEBUG org.hibernate.cfg.annotations.PropertyBinder - Building property angajat
21:23:00.741 [Test worker] DEBUG org.hibernate.cfg.Ejb3Column - Binding column: Ejb3Column{table=org.hibernate.mapping.Table(concedii), mappingColumn=data_inceput, insertable=true, updatable=true, unique=false}
21:23:00.741 [Test worker] DEBUG org.hibernate.cfg.annotations.PropertyBinder - MetadataSourceProcessor property dataInceput with lazy=false
21:23:00.741 [Test worker] DEBUG org.hibernate.cfg.AbstractPropertyHolder - Attempting to locate auto-apply AttributeConverter for property [domain.Concediu:dataInceput]
21:23:00.741 [Test worker] DEBUG org.hibernate.cfg.annotations.SimpleValueBinder - building SimpleValue for dataInceput
21:23:00.741 [Test worker] DEBUG org.hibernate.cfg.annotations.PropertyBinder - Building property dataInceput
21:23:00.741 [Test worker] DEBUG org.hibernate.cfg.Ejb3Column - Binding column: Ejb3Column{table=org.hibernate.mapping.Table(concedii), mappingColumn=data_sfarsit, insertable=true, updatable=true, unique=false}
21:23:00.741 [Test worker] DEBUG org.hibernate.cfg.annotations.PropertyBinder - MetadataSourceProcessor property dataSfarsit with lazy=false
21:23:00.741 [Test worker] DEBUG org.hibernate.cfg.AbstractPropertyHolder - Attempting to locate auto-apply AttributeConverter for property [domain.Concediu:dataSfarsit]
21:23:00.741 [Test worker] DEBUG org.hibernate.cfg.annotations.SimpleValueBinder - building SimpleValue for dataSfarsit
21:23:00.741 [Test worker] DEBUG org.hibernate.cfg.annotations.PropertyBinder - Building property dataSfarsit
21:23:00.741 [Test worker] DEBUG org.hibernate.cfg.AnnotationBinder - Binding entity from annotated class: domain.Departament
21:23:00.741 [Test worker] DEBUG org.hibernate.cfg.Ejb3Column - Binding column: Ejb3DiscriminatorColumn{logicalColumnName'DTYPE', discriminatorTypeName='string'}
21:23:00.741 [Test worker] DEBUG org.hibernate.cfg.annotations.EntityBinder - Import with entity name Departament
21:23:00.741 [Test worker] DEBUG org.hibernate.cfg.annotations.EntityBinder - Bind entity domain.Departament on table departamente
21:23:00.741 [Test worker] DEBUG org.hibernate.cfg.Ejb3Column - Binding column: Ejb3Column{table=org.hibernate.mapping.Table(departamente), mappingColumn=id, insertable=true, updatable=true, unique=false}
21:23:00.741 [Test worker] DEBUG org.hibernate.boot.internal.ClassLoaderAccessImpl - Not known whether passed class name [domain.Departament] is safe
21:23:00.741 [Test worker] DEBUG org.hibernate.boot.internal.ClassLoaderAccessImpl - No temp ClassLoader provided; using live ClassLoader for loading potentially unsafe class : domain.Departament
21:23:00.741 [Test worker] DEBUG org.hibernate.cfg.annotations.PropertyBinder - MetadataSourceProcessor property id with lazy=false
21:23:00.741 [Test worker] DEBUG org.hibernate.cfg.AbstractPropertyHolder - Attempting to locate auto-apply AttributeConverter for property [domain.Departament:id]
21:23:00.741 [Test worker] DEBUG org.hibernate.cfg.annotations.SimpleValueBinder - building SimpleValue for id
21:23:00.741 [Test worker] DEBUG org.hibernate.cfg.annotations.PropertyBinder - Building property id
21:23:00.741 [Test worker] DEBUG org.hibernate.cfg.BinderHelper - #makeIdGenerator(org.hibernate.mapping.SimpleValue([org.hibernate.mapping.Column(id)]), id, identity, , ...)
21:23:00.741 [Test worker] DEBUG org.hibernate.cfg.Ejb3Column - Binding column: Ejb3Column{table=org.hibernate.mapping.Table(departamente), mappingColumn=id_director, insertable=true, updatable=true, unique=false}
21:23:00.741 [Test worker] DEBUG org.hibernate.cfg.annotations.PropertyBinder - MetadataSourceProcessor property idDirector with lazy=false
21:23:00.741 [Test worker] DEBUG org.hibernate.cfg.AbstractPropertyHolder - Attempting to locate auto-apply AttributeConverter for property [domain.Departament:idDirector]
21:23:00.741 [Test worker] DEBUG org.hibernate.cfg.annotations.SimpleValueBinder - building SimpleValue for idDirector
21:23:00.741 [Test worker] DEBUG org.hibernate.cfg.annotations.PropertyBinder - Building property idDirector
21:23:00.741 [Test worker] DEBUG org.hibernate.cfg.AnnotationBinder - Binding entity from annotated class: domain.Functie
21:23:00.741 [Test worker] DEBUG org.hibernate.cfg.Ejb3Column - Binding column: Ejb3DiscriminatorColumn{logicalColumnName'DTYPE', discriminatorTypeName='string'}
21:23:00.741 [Test worker] DEBUG org.hibernate.cfg.annotations.EntityBinder - Import with entity name Functie
21:23:00.741 [Test worker] DEBUG org.hibernate.cfg.annotations.EntityBinder - Bind entity domain.Functie on table functii
21:23:00.741 [Test worker] DEBUG org.hibernate.cfg.Ejb3Column - Binding column: Ejb3Column{table=org.hibernate.mapping.Table(functii), mappingColumn=id, insertable=true, updatable=true, unique=false}
21:23:00.741 [Test worker] DEBUG org.hibernate.boot.internal.ClassLoaderAccessImpl - Not known whether passed class name [domain.Functie] is safe
21:23:00.741 [Test worker] DEBUG org.hibernate.boot.internal.ClassLoaderAccessImpl - No temp ClassLoader provided; using live ClassLoader for loading potentially unsafe class : domain.Functie
21:23:00.741 [Test worker] DEBUG org.hibernate.cfg.annotations.PropertyBinder - MetadataSourceProcessor property id with lazy=false
21:23:00.741 [Test worker] DEBUG org.hibernate.cfg.AbstractPropertyHolder - Attempting to locate auto-apply AttributeConverter for property [domain.Functie:id]
21:23:00.741 [Test worker] DEBUG org.hibernate.cfg.annotations.SimpleValueBinder - building SimpleValue for id
21:23:00.741 [Test worker] DEBUG org.hibernate.cfg.annotations.PropertyBinder - Building property id
21:23:00.741 [Test worker] DEBUG org.hibernate.cfg.BinderHelper - #makeIdGenerator(org.hibernate.mapping.SimpleValue([org.hibernate.mapping.Column(id)]), id, identity, , ...)
21:23:00.741 [Test worker] DEBUG org.hibernate.cfg.Ejb3Column - Binding column: Ejb3Column{table=org.hibernate.mapping.Table(functii), mappingColumn=salar_de_baza, insertable=true, updatable=true, unique=false}
21:23:00.741 [Test worker] DEBUG org.hibernate.cfg.annotations.PropertyBinder - MetadataSourceProcessor property salarDeBaza with lazy=false
21:23:00.741 [Test worker] DEBUG org.hibernate.cfg.AbstractPropertyHolder - Attempting to locate auto-apply AttributeConverter for property [domain.Functie:salarDeBaza]
21:23:00.741 [Test worker] DEBUG org.hibernate.cfg.annotations.SimpleValueBinder - building SimpleValue for salarDeBaza
21:23:00.741 [Test worker] DEBUG org.hibernate.cfg.annotations.PropertyBinder - Building property salarDeBaza
21:23:00.741 [Test worker] DEBUG org.hibernate.cfg.AnnotationBinder - Binding entity from annotated class: domain.Proiect
21:23:00.741 [Test worker] DEBUG org.hibernate.cfg.Ejb3Column - Binding column: Ejb3DiscriminatorColumn{logicalColumnName'DTYPE', discriminatorTypeName='string'}
21:23:00.741 [Test worker] DEBUG org.hibernate.cfg.annotations.EntityBinder - Import with entity name Proiect
21:23:00.741 [Test worker] DEBUG org.hibernate.cfg.annotations.EntityBinder - Bind entity domain.Proiect on table proiecte
21:23:00.741 [Test worker] DEBUG org.hibernate.cfg.Ejb3Column - Binding column: Ejb3Column{table=org.hibernate.mapping.Table(proiecte), mappingColumn=id, insertable=true, updatable=true, unique=false}
21:23:00.741 [Test worker] DEBUG org.hibernate.boot.internal.ClassLoaderAccessImpl - Not known whether passed class name [domain.Proiect] is safe
21:23:00.741 [Test worker] DEBUG org.hibernate.boot.internal.ClassLoaderAccessImpl - No temp ClassLoader provided; using live ClassLoader for loading potentially unsafe class : domain.Proiect
21:23:00.741 [Test worker] DEBUG org.hibernate.cfg.annotations.PropertyBinder - MetadataSourceProcessor property id with lazy=false
21:23:00.741 [Test worker] DEBUG org.hibernate.cfg.AbstractPropertyHolder - Attempting to locate auto-apply AttributeConverter for property [domain.Proiect:id]
21:23:00.741 [Test worker] DEBUG org.hibernate.cfg.annotations.SimpleValueBinder - building SimpleValue for id
21:23:00.741 [Test worker] DEBUG org.hibernate.cfg.annotations.PropertyBinder - Building property id
21:23:00.741 [Test worker] DEBUG org.hibernate.cfg.BinderHelper - #makeIdGenerator(org.hibernate.mapping.SimpleValue([org.hibernate.mapping.Column(id)]), id, identity, , ...)
21:23:00.741 [Test worker] DEBUG org.hibernate.cfg.Ejb3Column - Binding column: Ejb3Column{table=org.hibernate.mapping.Table(proiecte), mappingColumn=data_inceput, insertable=true, updatable=true, unique=false}
21:23:00.741 [Test worker] DEBUG org.hibernate.cfg.annotations.PropertyBinder - MetadataSourceProcessor property dataInceput with lazy=false
21:23:00.741 [Test worker] DEBUG org.hibernate.cfg.AbstractPropertyHolder - Attempting to locate auto-apply AttributeConverter for property [domain.Proiect:dataInceput]
21:23:00.741 [Test worker] DEBUG org.hibernate.cfg.annotations.SimpleValueBinder - building SimpleValue for dataInceput
21:23:00.741 [Test worker] DEBUG org.hibernate.cfg.annotations.PropertyBinder - Building property dataInceput
21:23:00.741 [Test worker] DEBUG org.hibernate.cfg.Ejb3Column - Binding column: Ejb3Column{table=org.hibernate.mapping.Table(proiecte), mappingColumn=deadline, insertable=true, updatable=true, unique=false}
21:23:00.741 [Test worker] DEBUG org.hibernate.cfg.annotations.PropertyBinder - MetadataSourceProcessor property deadline with lazy=false
21:23:00.741 [Test worker] DEBUG org.hibernate.cfg.AbstractPropertyHolder - Attempting to locate auto-apply AttributeConverter for property [domain.Proiect:deadline]
21:23:00.741 [Test worker] DEBUG org.hibernate.cfg.annotations.SimpleValueBinder - building SimpleValue for deadline
21:23:00.741 [Test worker] DEBUG org.hibernate.cfg.annotations.PropertyBinder - Building property deadline
21:23:00.741 [Test worker] DEBUG org.hibernate.cfg.annotations.SimpleValueBinder - Starting fillSimpleValue for id
21:23:00.741 [Test worker] DEBUG org.hibernate.cfg.annotations.SimpleValueBinder - Starting fillSimpleValue for dataAngajare
21:23:00.741 [Test worker] DEBUG org.hibernate.cfg.annotations.SimpleValueBinder - Starting fillSimpleValue for idSuperior
21:23:00.741 [Test worker] DEBUG org.hibernate.cfg.annotations.SimpleValueBinder - Starting fillSimpleValue for id
21:23:00.741 [Test worker] DEBUG org.hibernate.cfg.annotations.SimpleValueBinder - Starting fillSimpleValue for dataInceput
21:23:00.741 [Test worker] DEBUG org.hibernate.cfg.annotations.SimpleValueBinder - Starting fillSimpleValue for dataSfarsit
21:23:00.741 [Test worker] DEBUG org.hibernate.cfg.annotations.SimpleValueBinder - Starting fillSimpleValue for id
21:23:00.741 [Test worker] DEBUG org.hibernate.cfg.annotations.SimpleValueBinder - Starting fillSimpleValue for idDirector
21:23:00.741 [Test worker] DEBUG org.hibernate.cfg.annotations.SimpleValueBinder - Starting fillSimpleValue for id
21:23:00.741 [Test worker] DEBUG org.hibernate.cfg.annotations.SimpleValueBinder - Starting fillSimpleValue for salarDeBaza
21:23:00.741 [Test worker] DEBUG org.hibernate.cfg.annotations.SimpleValueBinder - Starting fillSimpleValue for id
21:23:00.741 [Test worker] DEBUG org.hibernate.cfg.annotations.SimpleValueBinder - Starting fillSimpleValue for dataInceput
21:23:00.741 [Test worker] DEBUG org.hibernate.cfg.annotations.SimpleValueBinder - Starting fillSimpleValue for deadline
21:23:00.741 [Test worker] DEBUG org.hibernate.mapping.PrimaryKey - Forcing column [id] to be non-null as it is part of the primary key for table [angajati]
21:23:00.741 [Test worker] DEBUG org.hibernate.mapping.PrimaryKey - Forcing column [id] to be non-null as it is part of the primary key for table [concedii]
21:23:00.741 [Test worker] DEBUG org.hibernate.mapping.PrimaryKey - Forcing column [id] to be non-null as it is part of the primary key for table [departamente]
21:23:00.741 [Test worker] DEBUG org.hibernate.mapping.PrimaryKey - Forcing column [id] to be non-null as it is part of the primary key for table [functii]
21:23:00.741 [Test worker] DEBUG org.hibernate.mapping.PrimaryKey - Forcing column [id] to be non-null as it is part of the primary key for table [proiecte]
21:23:00.741 [Test worker] DEBUG org.hibernate.cfg.CollectionSecondPass - Second pass for collection: domain.Angajat.proiecte
21:23:00.741 [Test worker] DEBUG org.hibernate.cfg.annotations.CollectionBinder - Binding as ManyToMany: domain.Angajat.proiecte
21:23:00.741 [Test worker] DEBUG org.hibernate.mapping.PrimaryKey - Forcing column [id_angajat] to be non-null as it is part of the primary key for table [angajati_proiecte]
21:23:00.741 [Test worker] DEBUG org.hibernate.mapping.PrimaryKey - Forcing column [id_proiect] to be non-null as it is part of the primary key for table [angajati_proiecte]
21:23:00.741 [Test worker] DEBUG org.hibernate.cfg.CollectionSecondPass - Mapped collection key: id_angajat, element: id_proiect
21:23:00.741 [Test worker] DEBUG org.hibernate.cfg.CollectionSecondPass - Second pass for collection: domain.Angajat.departamente
21:23:00.741 [Test worker] DEBUG org.hibernate.cfg.annotations.CollectionBinder - Binding as ManyToMany: domain.Angajat.departamente
21:23:00.741 [Test worker] DEBUG org.hibernate.mapping.PrimaryKey - Forcing column [id_angajat] to be non-null as it is part of the primary key for table [angajati_departamente]
21:23:00.741 [Test worker] DEBUG org.hibernate.mapping.PrimaryKey - Forcing column [id_departament] to be non-null as it is part of the primary key for table [angajati_departamente]
21:23:00.741 [Test worker] DEBUG org.hibernate.cfg.CollectionSecondPass - Mapped collection key: id_angajat, element: id_departament
21:23:00.741 [Test worker] DEBUG org.hibernate.cfg.CollectionSecondPass - Second pass for collection: domain.Angajat.concedii
21:23:00.741 [Test worker] DEBUG org.hibernate.cfg.annotations.CollectionBinder - Binding a OneToMany: domain.Angajat.concedii through a foreign key
21:23:00.741 [Test worker] DEBUG org.hibernate.cfg.annotations.CollectionBinder - Mapping collection: domain.Angajat.concedii -> concedii
21:23:00.741 [Test worker] DEBUG org.hibernate.cfg.annotations.TableBinder - Retrieving property domain.Concediu.angajat
21:23:00.741 [Test worker] DEBUG org.hibernate.cfg.CollectionSecondPass - Mapped collection key: id_angajat, one-to-many: domain.Concediu
21:23:00.741 [Test worker] DEBUG org.hibernate.boot.internal.InFlightMetadataCollectorImpl - Resolving reference to class: domain.Functie
21:23:00.741 [Test worker] DEBUG org.hibernate.boot.internal.InFlightMetadataCollectorImpl - Resolving reference to class: domain.Departament
21:23:00.741 [Test worker] DEBUG org.hibernate.boot.internal.InFlightMetadataCollectorImpl - Resolving reference to class: domain.Angajat
21:23:00.741 [Test worker] DEBUG org.hibernate.boot.internal.InFlightMetadataCollectorImpl - Resolving reference to class: domain.Proiect
21:23:00.741 [Test worker] DEBUG org.hibernate.boot.internal.InFlightMetadataCollectorImpl - Resolving reference to class: domain.Angajat
21:23:00.741 [Test worker] DEBUG org.hibernate.boot.internal.InFlightMetadataCollectorImpl - Resolving reference to class: domain.Angajat
21:23:00.741 [Test worker] DEBUG org.hibernate.boot.internal.InFlightMetadataCollectorImpl - Resolving reference to class: domain.Functie
21:23:00.741 [Test worker] DEBUG org.hibernate.boot.internal.InFlightMetadataCollectorImpl - Resolving reference to class: domain.Departament
21:23:00.741 [Test worker] DEBUG org.hibernate.boot.internal.InFlightMetadataCollectorImpl - Resolving reference to class: domain.Angajat
21:23:00.741 [Test worker] DEBUG org.hibernate.boot.internal.InFlightMetadataCollectorImpl - Resolving reference to class: domain.Proiect
21:23:00.741 [Test worker] DEBUG org.hibernate.boot.internal.InFlightMetadataCollectorImpl - Resolving reference to class: domain.Angajat
21:23:00.741 [Test worker] DEBUG org.hibernate.boot.internal.InFlightMetadataCollectorImpl - Resolving reference to class: domain.Angajat
21:23:00.741 [Test worker] DEBUG org.hibernate.internal.SessionFactoryImpl - Building session factory
21:23:00.741 [Test worker] DEBUG org.hibernate.cfg.Settings - SessionFactory name : null
21:23:00.741 [Test worker] DEBUG org.hibernate.cfg.Settings - Automatic flush during beforeCompletion(): enabled
21:23:00.741 [Test worker] DEBUG org.hibernate.cfg.Settings - Automatic session close at end of transaction: disabled
21:23:00.741 [Test worker] DEBUG org.hibernate.cfg.Settings - Statistics: disabled
21:23:00.741 [Test worker] DEBUG org.hibernate.cfg.Settings - Deleted entity synthetic identifier rollback: disabled
21:23:00.741 [Test worker] DEBUG org.hibernate.cfg.Settings - Default entity-mode: pojo
21:23:00.741 [Test worker] DEBUG org.hibernate.cfg.Settings - Check Nullability in Core (should be disabled when Bean Validation is on): enabled
21:23:00.741 [Test worker] DEBUG org.hibernate.cfg.Settings - Allow initialization of lazy state outside session : enabled
21:23:00.741 [Test worker] DEBUG org.hibernate.cfg.Settings - Using BatchFetchStyle : LEGACY
21:23:00.741 [Test worker] DEBUG org.hibernate.cfg.Settings - Default batch fetch size: -1
21:23:00.741 [Test worker] DEBUG org.hibernate.cfg.Settings - Maximum outer join fetch depth: null
21:23:00.741 [Test worker] DEBUG org.hibernate.cfg.Settings - Default null ordering: NONE
21:23:00.741 [Test worker] DEBUG org.hibernate.cfg.Settings - Order SQL updates by primary key: disabled
21:23:00.741 [Test worker] DEBUG org.hibernate.cfg.Settings - Order SQL inserts for batching: disabled
21:23:00.741 [Test worker] DEBUG org.hibernate.cfg.Settings - multi-tenancy strategy : NONE
21:23:00.741 [Test worker] DEBUG org.hibernate.cfg.Settings - JTA Track by Thread: enabled
21:23:00.741 [Test worker] DEBUG org.hibernate.cfg.Settings - Query language substitutions: {}
21:23:00.741 [Test worker] DEBUG org.hibernate.cfg.Settings - Named query checking : enabled
21:23:00.741 [Test worker] DEBUG org.hibernate.cfg.Settings - Second-level cache: disabled
21:23:00.741 [Test worker] DEBUG org.hibernate.cfg.Settings - Second-level query cache: disabled
21:23:00.741 [Test worker] DEBUG org.hibernate.cfg.Settings - Second-level query cache factory: null
21:23:00.741 [Test worker] DEBUG org.hibernate.cfg.Settings - Second-level cache region prefix: null
21:23:00.741 [Test worker] DEBUG org.hibernate.cfg.Settings - Optimize second-level cache for minimal puts: disabled
21:23:00.741 [Test worker] DEBUG org.hibernate.cfg.Settings - Structured second-level cache entries: disabled
21:23:00.741 [Test worker] DEBUG org.hibernate.cfg.Settings - Second-level cache direct-reference entries: disabled
21:23:00.741 [Test worker] DEBUG org.hibernate.cfg.Settings - Automatic eviction of collection cache: disabled
21:23:00.741 [Test worker] DEBUG org.hibernate.cfg.Settings - JDBC batch size: 0
21:23:00.741 [Test worker] DEBUG org.hibernate.cfg.Settings - JDBC batch updates for versioned data: enabled
21:23:00.741 [Test worker] DEBUG org.hibernate.cfg.Settings - Scrollable result sets: disabled
21:23:00.741 [Test worker] DEBUG org.hibernate.cfg.Settings - Wrap result sets: disabled
21:23:00.741 [Test worker] DEBUG org.hibernate.cfg.Settings - JDBC3 getGeneratedKeys(): enabled
21:23:00.741 [Test worker] DEBUG org.hibernate.cfg.Settings - JDBC result set fetch size: null
21:23:00.741 [Test worker] DEBUG org.hibernate.cfg.Settings - Connection release mode: AFTER_TRANSACTION
21:23:00.741 [Test worker] DEBUG org.hibernate.cfg.Settings - Generate SQL with comments: disabled
21:23:00.741 [Test worker] DEBUG org.hibernate.cfg.Settings - JPA compliance - query : disabled
21:23:00.741 [Test worker] DEBUG org.hibernate.cfg.Settings - JPA compliance - closed-handling : disabled
21:23:00.741 [Test worker] DEBUG org.hibernate.cfg.Settings - JPA compliance - lists : disabled
21:23:00.741 [Test worker] DEBUG org.hibernate.cfg.Settings - JPA compliance - transactions : disabled
21:23:00.741 [Test worker] DEBUG org.hibernate.internal.SessionFactoryImpl - Session factory constructed with filter configurations : {}
21:23:00.741 [Test worker] DEBUG org.hibernate.internal.SessionFactoryImpl - Instantiating session factory with properties: {sun.desktop=windows, awt.toolkit=sun.awt.windows.WToolkit, dialect=utils.SQLiteDialect, java.specification.version=11, sun.cpu.isalist=amd64, sun.jnu.encoding=Cp1250, hibernate.dialect=utils.SQLiteDialect, org.gradle.test.worker=3, java.class.path=C:\\Users\\Dan\\.gradle\\caches\\6.8\\workerMain\\gradle-worker.jar;D:\\Facultate\\Projects\\OrganizareCompanie\\build\\classes\\java\\test;D:\\Facultate\\Projects\\OrganizareCompanie\\build\\resources\\test;D:\\Facultate\\Projects\\OrganizareCompanie\\build\\classes\\java\\main;D:\\Facultate\\Projects\\OrganizareCompanie\\build\\resources\\main;C:\\Users\\Dan\\.gradle\\caches\\modules-2\\files-2.1\\org.springframework.boot\\spring-boot-starter-web\\2.4.3\\4f5554ea183af87e52d8c31bb82aada0d74c40b0\\spring-boot-starter-web-2.4.3.jar;C:\\Users\\Dan\\.gradle\\caches\\modules-2\\files-2.1\\org.xerial\\sqlite-jdbc\\3.34.0\\fd29bb0124e3f79c80b2753162a6a3873c240bcf\\sqlite-jdbc-3.34.0.jar;C:\\Users\\Dan\\.gradle\\caches\\modules-2\\files-2.1\\org.hibernate\\hibernate-java8\\5.1.0.Final\\2bb534acab4f8485a821f0e4d6a2c8df617ee86a\\hibernate-java8-5.1.0.Final.jar;C:\\Users\\Dan\\.gradle\\caches\\modules-2\\files-2.1\\org.hibernate\\hibernate-core\\5.4.29.Final\\74b7c9ad3cb57ae4fd0187480a76f137a7fc3f38\\hibernate-core-5.4.29.Final.jar;C:\\Users\\Dan\\.gradle\\caches\\modules-2\\files-2.1\\org.junit.platform\\junit-platform-engine\\1.7.0\\eadb73c5074a4ac71061defd00fc176152a4d12c\\junit-platform-engine-1.7.0.jar;C:\\Users\\Dan\\.gradle\\caches\\modules-2\\files-2.1\\org.junit.platform\\junit-platform-commons\\1.7.0\\84e309fbf21d857aac079a3c1fffd84284e1114d\\junit-platform-commons-1.7.0.jar;C:\\Users\\Dan\\.gradle\\caches\\modules-2\\files-2.1\\org.junit.jupiter\\junit-jupiter-engine\\5.7.0\\d9044d6b45e2232ddd53fa56c15333e43d1749fd\\junit-jupiter-engine-5.7.0.jar;C:\\Users\\Dan\\.gradle\\caches\\modules-2\\files-2.1\\org.junit.jupiter\\junit-jupiter-api\\5.7.0\\b25f3815c4c1860a73041e733a14a0379d00c4d5\\junit-jupiter-api-5.7.0.jar;C:\\Users\\Dan\\.gradle\\caches\\modules-2\\files-2.1\\org.springframework.boot\\spring-boot-starter-json\\2.4.3\\7b26abb0a0379a00b58a2a50e010b29cf4f16b80\\spring-boot-starter-json-2.4.3.jar;C:\\Users\\Dan\\.gradle\\caches\\modules-2\\files-2.1\\org.springframework.boot\\spring-boot-starter\\2.4.3\\fd8bc0fb5f5aaefb4d6c8b77eb61563aab840c11\\spring-boot-starter-2.4.3.jar;C:\\Users\\Dan\\.gradle\\caches\\modules-2\\files-2.1\\org.springframework.boot\\spring-boot-starter-tomcat\\2.4.3\\4ba28aae05a259625e7e92f8e7338c5e1d22de35\\spring-boot-starter-tomcat-2.4.3.jar;C:\\Users\\Dan\\.gradle\\caches\\modules-2\\files-2.1\\org.springframework\\spring-webmvc\\5.3.4\\8dd52fbe8eafcc7c80998087ec6635baf7a98c20\\spring-webmvc-5.3.4.jar;C:\\Users\\Dan\\.gradle\\caches\\modules-2\\files-2.1\\org.springframework\\spring-web\\5.3.4\\d93829e24a50ed22e781f2302680a210cac5ee84\\spring-web-5.3.4.jar;C:\\Users\\Dan\\.gradle\\caches\\modules-2\\files-2.1\\org.hibernate.common\\hibernate-commons-annotations\\5.1.2.Final\\e59ffdbc6ad09eeb33507b39ffcf287679a498c8\\hibernate-commons-annotations-5.1.2.Final.jar;C:\\Users\\Dan\\.gradle\\caches\\modules-2\\files-2.1\\org.jboss.logging\\jboss-logging\\3.4.1.Final\\40fd4d696c55793e996d1ff3c475833f836c2498\\jboss-logging-3.4.1.Final.jar;C:\\Users\\Dan\\.gradle\\caches\\modules-2\\files-2.1\\javax.persistence\\javax.persistence-api\\2.2\\25665ac8c0b62f50e6488173233239120fc52c96\\javax.persistence-api-2.2.jar;C:\\Users\\Dan\\.gradle\\caches\\modules-2\\files-2.1\\org.javassist\\javassist\\3.27.0-GA\\f63e6aa899e15eca8fdaa402a79af4c417252213\\javassist-3.27.0-GA.jar;C:\\Users\\Dan\\.gradle\\caches\\modules-2\\files-2.1\\net.bytebuddy\\byte-buddy\\1.10.21\\5abe8e141cac9d50a721a22d9c188b3bf19ad0aa\\byte-buddy-1.10.21.jar;C:\\Users\\Dan\\.gradle\\caches\\modules-2\\files-2.1\\antlr\\antlr\\2.7.7\\83cd2cd674a217ade95a4bb83a8a14f351f48bd0\\antlr-2.7.7.jar;C:\\Users\\Dan\\.gradle\\caches\\modules-2\\files-2.1\\org.jboss.spec.javax.transaction\\jboss-transaction-api_1.2_spec\\1.1.1.Final\\a8485cab9484dda36e9a8c319e76b5cc18797b58\\jboss-transaction-api_1.2_spec-1.1.1.Final.jar;C:\\Users\\Dan\\.gradle\\caches\\modules-2\\files-2.1\\org.jboss\\jandex\\2.2.3.Final\\d3865101f0666b63586683bd811d754517f331ab\\jandex-2.2.3.Final.jar;C:\\Users\\Dan\\.gradle\\caches\\modules-2\\files-2.1\\com.fasterxml\\classmate\\1.5.1\\3fe0bed568c62df5e89f4f174c101eab25345b6c\\classmate-1.5.1.jar;C:\\Users\\Dan\\.gradle\\caches\\modules-2\\files-2.1\\org.glassfish.jaxb\\jaxb-runtime\\2.3.1\\dd6dda9da676a54c5b36ca2806ff95ee017d8738\\jaxb-runtime-2.3.1.jar;C:\\Users\\Dan\\.gradle\\caches\\modules-2\\files-2.1\\javax.xml.bind\\jaxb-api\\2.3.1\\8531ad5ac454cc2deb9d4d32c40c4d7451939b5d\\jaxb-api-2.3.1.jar;C:\\Users\\Dan\\.gradle\\caches\\modules-2\\files-2.1\\javax.activation\\javax.activation-api\\1.2.0\\85262acf3ca9816f9537ca47d5adeabaead7cb16\\javax.activation-api-1.2.0.jar;C:\\Users\\Dan\\.gradle\\caches\\modules-2\\files-2.1\\org.dom4j\\dom4j\\2.1.3\\a75914155a9f5808963170ec20653668a2ffd2fd\\dom4j-2.1.3.jar;C:\\Users\\Dan\\.gradle\\caches\\modules-2\\files-2.1\\org.apiguardian\\apiguardian-api\\1.1.0\\fc9dff4bb36d627bdc553de77e1f17efd790876c\\apiguardian-api-1.1.0.jar;C:\\Users\\Dan\\.gradle\\caches\\modules-2\\files-2.1\\org.opentest4j\\opentest4j\\1.2.0\\28c11eb91f9b6d8e200631d46e20a7f407f2a046\\opentest4j-1.2.0.jar;C:\\Users\\Dan\\.gradle\\caches\\modules-2\\files-2.1\\org.springframework.boot\\spring-boot-autoconfigure\\2.4.3\\2f8e1e682e55f70c8ea557982c7adb1256f41bcf\\spring-boot-autoconfigure-2.4.3.jar;C:\\Users\\Dan\\.gradle\\caches\\modules-2\\files-2.1\\org.springframework.boot\\spring-boot\\2.4.3\\de2bd17a8eb9bc3dfa629aa06f2e9fe3bf603c85\\spring-boot-2.4.3.jar;C:\\Users\\Dan\\.gradle\\caches\\modules-2\\files-2.1\\org.springframework.boot\\spring-boot-starter-logging\\2.4.3\\64687abc2255d18cd6592cbb20fa3bee3379cec8\\spring-boot-starter-logging-2.4.3.jar;C:\\Users\\Dan\\.gradle\\caches\\modules-2\\files-2.1\\jakarta.annotation\\jakarta.annotation-api\\1.3.5\\59eb84ee0d616332ff44aba065f3888cf002cd2d\\jakarta.annotation-api-1.3.5.jar;C:\\Users\\Dan\\.gradle\\caches\\modules-2\\files-2.1\\org.springframework\\spring-context\\5.3.4\\fbeadeb0e4d272599a938ec345e99e5f9a76e919\\spring-context-5.3.4.jar;C:\\Users\\Dan\\.gradle\\caches\\modules-2\\files-2.1\\org.springframework\\spring-aop\\5.3.4\\b7180a6427ab524bc1cbd31bf38dd2182632515f\\spring-aop-5.3.4.jar;C:\\Users\\Dan\\.gradle\\caches\\modules-2\\files-2.1\\org.springframework\\spring-beans\\5.3.4\\ac6c5ea0ba82f555405f74104cf378f8071c6d25\\spring-beans-5.3.4.jar;C:\\Users\\Dan\\.gradle\\caches\\modules-2\\files-2.1\\org.springframework\\spring-expression\\5.3.4\\42b71fa955e43a86471509aef14cefe756fc3794\\spring-expression-5.3.4.jar;C:\\Users\\Dan\\.gradle\\caches\\modules-2\\files-2.1\\org.springframework\\spring-core\\5.3.4\\46c1f8abd9e02a292c42a257350f365cec152b5d\\spring-core-5.3.4.jar;C:\\Users\\Dan\\.gradle\\caches\\modules-2\\files-2.1\\org.yaml\\snakeyaml\\1.27\\359d62567480b07a679dc643f82fc926b100eed5\\snakeyaml-1.27.jar;C:\\Users\\Dan\\.gradle\\caches\\modules-2\\files-2.1\\com.fasterxml.jackson.datatype\\jackson-datatype-jdk8\\2.11.4\\e1540dea3c6c681ea4e335a960f730861ee3bedb\\jackson-datatype-jdk8-2.11.4.jar;C:\\Users\\Dan\\.gradle\\caches\\modules-2\\files-2.1\\com.fasterxml.jackson.datatype\\jackson-datatype-jsr310\\2.11.4\\ce6fc76bba06623720e5a9308386b6ae74753f4d\\jackson-datatype-jsr310-2.11.4.jar;C:\\Users\\Dan\\.gradle\\caches\\modules-2\\files-2.1\\com.fasterxml.jackson.module\\jackson-module-parameter-names\\2.11.4\\432e050d79f2282a66c320375d628f1b0842cb12\\jackson-module-parameter-names-2.11.4.jar;C:\\Users\\Dan\\.gradle\\caches\\modules-2\\files-2.1\\com.fasterxml.jackson.core\\jackson-databind\\2.11.4\\5d9f3d441f99d721b957e3497f0a6465c764fad4\\jackson-databind-2.11.4.jar;C:\\Users\\Dan\\.gradle\\caches\\modules-2\\files-2.1\\org.apache.tomcat.embed\\tomcat-embed-websocket\\9.0.43\\78232648dde1a5fd5093f0a3999e593d208e2eab\\tomcat-embed-websocket-9.0.43.jar;C:\\Users\\Dan\\.gradle\\caches\\modules-2\\files-2.1\\org.apache.tomcat.embed\\tomcat-embed-core\\9.0.43\\1d102277426bdd5b12f048731a91665bb69347d1\\tomcat-embed-core-9.0.43.jar;C:\\Users\\Dan\\.gradle\\caches\\modules-2\\files-2.1\\org.glassfish\\jakarta.el\\3.0.3\\dab46ee1ee23f7197c13d7c40fce14817c9017df\\jakarta.el-3.0.3.jar;C:\\Users\\Dan\\.gradle\\caches\\modules-2\\files-2.1\\org.glassfish.jaxb\\txw2\\2.3.1\\a09d2c48d3285f206fafbffe0e50619284e92126\\txw2-2.3.1.jar;C:\\Users\\Dan\\.gradle\\caches\\modules-2\\files-2.1\\com.sun.istack\\istack-commons-runtime\\3.0.7\\c197c86ceec7318b1284bffb49b54226ca774003\\istack-commons-runtime-3.0.7.jar;C:\\Users\\Dan\\.gradle\\caches\\modules-2\\files-2.1\\org.jvnet.staxex\\stax-ex\\1.8\\8cc35f73da321c29973191f2cf143d29d26a1df7\\stax-ex-1.8.jar;C:\\Users\\Dan\\.gradle\\caches\\modules-2\\files-2.1\\com.sun.xml.fastinfoset\\FastInfoset\\1.2.15\\bb7b7ec0379982b97c62cd17465cb6d9155f68e8\\FastInfoset-1.2.15.jar;C:\\Users\\Dan\\.gradle\\caches\\modules-2\\files-2.1\\ch.qos.logback\\logback-classic\\1.2.3\\7c4f3c474fb2c041d8028740440937705ebb473a\\logback-classic-1.2.3.jar;C:\\Users\\Dan\\.gradle\\caches\\modules-2\\files-2.1\\org.apache.logging.log4j\\log4j-to-slf4j\\2.13.3\\966f6fd1af4959d6b12bfa880121d4a2b164f857\\log4j-to-slf4j-2.13.3.jar;C:\\Users\\Dan\\.gradle\\caches\\modules-2\\files-2.1\\org.slf4j\\jul-to-slf4j\\1.7.30\\d58bebff8cbf70ff52b59208586095f467656c30\\jul-to-slf4j-1.7.30.jar;C:\\Users\\Dan\\.gradle\\caches\\modules-2\\files-2.1\\org.springframework\\spring-jcl\\5.3.4\\ca012eb4e9e57f767aa9d5e51fe9a09b28140808\\spring-jcl-5.3.4.jar;C:\\Users\\Dan\\.gradle\\caches\\modules-2\\files-2.1\\com.fasterxml.jackson.core\\jackson-annotations\\2.11.4\\2c3f5c079330f3a01726686a078979420f547ae4\\jackson-annotations-2.11.4.jar;C:\\Users\\Dan\\.gradle\\caches\\modules-2\\files-2.1\\com.fasterxml.jackson.core\\jackson-core\\2.11.4\\593f7b18bab07a76767f181e2a2336135ce82cc4\\jackson-core-2.11.4.jar;C:\\Users\\Dan\\.gradle\\caches\\modules-2\\files-2.1\\ch.qos.logback\\logback-core\\1.2.3\\864344400c3d4d92dfeb0a305dc87d953677c03c\\logback-core-1.2.3.jar;C:\\Users\\Dan\\.gradle\\caches\\modules-2\\files-2.1\\org.slf4j\\slf4j-api\\1.7.30\\b5a4b6d16ab13e34a88fae84c35cd5d68cac922c\\slf4j-api-1.7.30.jar;C:\\Users\\Dan\\.gradle\\caches\\modules-2\\files-2.1\\org.apache.logging.log4j\\log4j-api\\2.13.3\\ec1508160b93d274b1add34419b897bae84c6ca9\\log4j-api-2.13.3.jar, java.vm.vendor=Oracle Corporation, sun.arch.data.model=64, user.variant=, java.vendor.url=http://java.oracle.com/, user.timezone=Europe/Athens, os.name=Windows 10, java.vm.specification.version=11, user.country=US, sun.java.launcher=SUN_STANDARD, sun.boot.library.path=C:\Program Files\Java\jdk-11.0.6\bin, sun.java.command=worker.org.gradle.process.internal.worker.GradleWorkerMain 'Gradle Test Executor 3', jdk.debug=release, sun.cpu.endian=little, user.home=C:\Users\Dan, user.language=en, java.specification.vendor=Oracle Corporation, org.gradle.native=false, java.version.date=2020-01-14, java.home=C:\Program Files\Java\jdk-11.0.6, file.separator=\, java.vm.compressedOopsMode=32-bit, line.separator=
, java.specification.name=Java Platform API Specification, java.vm.specification.vendor=Oracle Corporation, java.awt.graphicsenv=sun.awt.Win32GraphicsEnvironment, hibernate.hbm2ddl.auto=update, user.script=, sun.management.compiler=HotSpot 64-Bit Tiered Compilers, java.runtime.version=11.0.6+8-LTS, user.name=Dan, path.separator=;, hibernate.connection.username=****, os.version=10.0, hibernate.enable_lazy_load_no_trans=true, java.runtime.name=Java(TM) SE Runtime Environment, hibernate.connection.url=jdbc:sqlite:D:\Facultate\Projects\OrganizareCompanie\database, file.encoding=windows-1250, java.vm.name=Java HotSpot(TM) 64-Bit Server VM, hibernate.show_sql=true, java.vendor.version=18.9, hibernate.current_session_context_class=thread, hibernate.connection.driver_class=org.sqlite.JDBC, java.vendor.url.bug=http://bugreport.java.com/bugreport/, java.io.tmpdir=C:\Users\Dan\AppData\Local\Temp\, java.version=11.0.6, user.dir=D:\Facultate\Projects\OrganizareCompanie, os.arch=amd64, java.vm.specification.name=Java Virtual Machine Specification, java.awt.printerjob=sun.awt.windows.WPrinterJob, hibernate.connection.password=****, sun.os.patch.level=, connection.driver_class=org.sqlite.JDBC, hibernate.boot.CfgXmlAccessService.key=org.hibernate.boot.cfgxml.spi.LoadedConfig@41a05493, java.library.path=C:\Program Files\Java\jdk-11.0.6\bin;C:\WINDOWS\Sun\Java\bin;C:\WINDOWS\system32;C:\WINDOWS;;C:\Python38\Scripts\;C:\Python38\;D:\Facultate\Scripts\;D:\Facultate\;C:\Users\Dan\Desktop\Facultate 2018-2019\Semestrul I\Fundamentele programarii\Python\Scripts\;C:\Users\Dan\Desktop\Facultate 2018-2019\Semestrul I\Fundamentele programarii\Python\;C:\Users\Dan\Desktop\Facultate 2018-2019\Semestrul I\Fundamentele programarii\Scripts\;C:\Users\Dan\Desktop\Facultate 2018-2019\Semestrul I\Fundamentele programarii\;C:\WINDOWS\system32;C:\WINDOWS;C:\WINDOWS\System32\Wbem;C:\WINDOWS\System32\WindowsPowerShell\v1.0\;C:\WINDOWS\System32\OpenSSH\;D:\Facultate\PuTTY\;C:\Program Files\dotnet\;C:\Program Files\Microsoft SQL Server\Client SDK\ODBC\170\Tools\Binn\;C:\Users\Dan\Proto\bin;D:\Facultate\NodeJS\;C:\ProgramData\chocolatey\bin;C:\Program Files\Git\cmd;C:\Program Files\Java\jdk-10.0.2\bin;C:\Program Files (x86)\GnuWin32\bin;C:\MinGW\bin;C:\Program Files\Java\jdk-11.0.6\bin;C:\WINDOWS\system32;C:\WINDOWS;C:\WINDOWS\System32\Wbem;C:\WINDOWS\System32\WindowsPowerShell\v1.0\;C:\WINDOWS\System32\OpenSSH\;C:\Program Files\Intel\WiFi\bin\;C:\Program Files\Common Files\Intel\WirelessCommon\;D:\Facultate\Python\Scripts\;D:\Facultate\Python\;C:\Users\Dan\AppData\Local\Microsoft\WindowsApps;C:\Users\Dan\AppData\Local\GitHubDesktop\bin;C:\Users\Dan\AppData\Roaming\npm;D:\Facultate\Microsoft VS Code\bin;C:\Users\Dan\AppData\Local\Microsoft\WindowsApps;C:\Users\Dan\Documents\driver;;., java.vendor=Oracle Corporation, java.vm.info=mixed mode, java.vm.version=11.0.6+8-LTS, hibernate.bytecode.use_reflection_optimizer=false, sun.io.unicode.encoding=UnicodeLittle, hibernate.connection.pool_size=1, connection.url=jdbc:sqlite:D:\Facultate\Projects\OrganizareCompanie\database, java.class.version=55.0}
21:23:00.741 [Test worker] DEBUG org.hibernate.secure.spi.JaccIntegrator - Skipping JACC integration as it was not enabled
21:23:00.741 [Test worker] DEBUG org.hibernate.internal.SessionFactoryImpl - Instantiated session factory
21:23:00.741 [Test worker] DEBUG org.hibernate.type.spi.TypeConfiguration$Scope - Scoping TypeConfiguration [org.hibernate.type.spi.TypeConfiguration@47574171] to SessionFactoryImpl [org.hibernate.internal.SessionFactoryImpl@a002bd]
21:23:00.741 [Test worker] DEBUG org.hibernate.boot.internal.ClassLoaderAccessImpl - Not known whether passed class name [domain.Functie] is safe
21:23:00.741 [Test worker] DEBUG org.hibernate.boot.internal.ClassLoaderAccessImpl - No temp ClassLoader provided; using live ClassLoader for loading potentially unsafe class : domain.Functie
21:23:00.741 [Test worker] DEBUG org.hibernate.boot.internal.ClassLoaderAccessImpl - Not known whether passed class name [domain.Departament] is safe
21:23:00.741 [Test worker] DEBUG org.hibernate.boot.internal.ClassLoaderAccessImpl - No temp ClassLoader provided; using live ClassLoader for loading potentially unsafe class : domain.Departament
21:23:00.757 [Test worker] DEBUG org.hibernate.boot.internal.ClassLoaderAccessImpl - Not known whether passed class name [domain.Angajat] is safe
21:23:00.757 [Test worker] DEBUG org.hibernate.boot.internal.ClassLoaderAccessImpl - No temp ClassLoader provided; using live ClassLoader for loading potentially unsafe class : domain.Angajat
21:23:00.757 [Test worker] DEBUG org.hibernate.boot.internal.ClassLoaderAccessImpl - Not known whether passed class name [domain.Proiect] is safe
21:23:00.757 [Test worker] DEBUG org.hibernate.boot.internal.ClassLoaderAccessImpl - No temp ClassLoader provided; using live ClassLoader for loading potentially unsafe class : domain.Proiect
21:23:00.757 [Test worker] DEBUG org.hibernate.boot.internal.ClassLoaderAccessImpl - Not known whether passed class name [domain.Concediu] is safe
21:23:00.757 [Test worker] DEBUG org.hibernate.boot.internal.ClassLoaderAccessImpl - No temp ClassLoader provided; using live ClassLoader for loading potentially unsafe class : domain.Concediu
21:23:00.773 [Test worker] DEBUG org.hibernate.persister.collection.AbstractCollectionPersister - Static SQL for collection: domain.Angajat.proiecte
21:23:00.773 [Test worker] DEBUG org.hibernate.persister.collection.AbstractCollectionPersister -  Row insert: insert into angajati_proiecte (id_angajat, id_proiect) values (?, ?)
21:23:00.773 [Test worker] DEBUG org.hibernate.persister.collection.AbstractCollectionPersister -  Row update: update angajati_proiecte set id_proiect=? where id_angajat=? and id_proiect=?
21:23:00.773 [Test worker] DEBUG org.hibernate.persister.collection.AbstractCollectionPersister -  Row delete: delete from angajati_proiecte where id_angajat=? and id_proiect=?
21:23:00.773 [Test worker] DEBUG org.hibernate.persister.collection.AbstractCollectionPersister -  One-shot delete: delete from angajati_proiecte where id_angajat=?
21:23:00.773 [Test worker] DEBUG org.hibernate.persister.collection.AbstractCollectionPersister - Static SQL for collection: domain.Angajat.concedii
21:23:00.773 [Test worker] DEBUG org.hibernate.persister.collection.AbstractCollectionPersister -  Row insert: update concedii set id_angajat=? where id=?
21:23:00.773 [Test worker] DEBUG org.hibernate.persister.collection.AbstractCollectionPersister -  Row update: update concedii set  where id=?
21:23:00.773 [Test worker] DEBUG org.hibernate.persister.collection.AbstractCollectionPersister -  Row delete: update concedii set id_angajat=null where id_angajat=? and id=?
21:23:00.773 [Test worker] DEBUG org.hibernate.persister.collection.AbstractCollectionPersister -  One-shot delete: update concedii set id_angajat=null where id_angajat=?
21:23:00.773 [Test worker] DEBUG org.hibernate.persister.collection.AbstractCollectionPersister - Static SQL for collection: domain.Angajat.departamente
21:23:00.773 [Test worker] DEBUG org.hibernate.persister.collection.AbstractCollectionPersister -  Row insert: insert into angajati_departamente (id_angajat, id_departament) values (?, ?)
21:23:00.773 [Test worker] DEBUG org.hibernate.persister.collection.AbstractCollectionPersister -  Row update: update angajati_departamente set id_departament=? where id_angajat=? and id_departament=?
21:23:00.773 [Test worker] DEBUG org.hibernate.persister.collection.AbstractCollectionPersister -  Row delete: delete from angajati_departamente where id_angajat=? and id_departament=?
21:23:00.773 [Test worker] DEBUG org.hibernate.persister.collection.AbstractCollectionPersister -  One-shot delete: delete from angajati_departamente where id_angajat=?
21:23:00.773 [Test worker] DEBUG org.hibernate.persister.entity.AbstractEntityPersister - Static SQL for entity: domain.Functie
21:23:00.773 [Test worker] DEBUG org.hibernate.persister.entity.AbstractEntityPersister -  Version select: select id from functii where id =?
21:23:00.773 [Test worker] DEBUG org.hibernate.persister.entity.AbstractEntityPersister -  Snapshot select: select functie_.id, functie_.salar_de_baza as salar_de2_5_ from functii functie_ where functie_.id=?
21:23:00.773 [Test worker] DEBUG org.hibernate.persister.entity.AbstractEntityPersister -  Insert 0: insert into functii (salar_de_baza, id) values (?, ?)
21:23:00.773 [Test worker] DEBUG org.hibernate.persister.entity.AbstractEntityPersister -  Update 0: update functii set salar_de_baza=? where id=?
21:23:00.773 [Test worker] DEBUG org.hibernate.persister.entity.AbstractEntityPersister -  Delete 0: delete from functii where id=?
21:23:00.773 [Test worker] DEBUG org.hibernate.persister.entity.AbstractEntityPersister -  Identity insert: insert into functii (salar_de_baza) values (?)
21:23:00.773 [Test worker] DEBUG org.hibernate.loader.plan.build.internal.spaces.QuerySpacesImpl - Adding QuerySpace : uid = <gen:0> -> org.hibernate.loader.plan.build.internal.spaces.EntityQuerySpaceImpl@37ddbd32]
21:23:00.773 [Test worker] DEBUG org.hibernate.persister.walking.spi.MetamodelGraphWalker - Visiting attribute path : salarDeBaza
21:23:00.773 [Test worker] DEBUG org.hibernate.loader.plan.build.internal.FetchStyleLoadPlanBuildingAssociationVisitationStrategy - Building LoadPlan...
21:23:00.773 [Test worker] DEBUG org.hibernate.loader.plan.exec.internal.LoadQueryJoinAndFetchProcessor - processing queryspace <gen:0>
21:23:00.773 [Test worker] DEBUG org.hibernate.loader.plan.build.spi.LoadPlanTreePrinter - LoadPlan(entity=domain.Functie)
    - Returns
       - EntityReturnImpl(entity=domain.Functie, querySpaceUid=<gen:0>, path=domain.Functie)
    - QuerySpaces
       - EntityQuerySpaceImpl(uid=<gen:0>, entity=domain.Functie)
          - SQL table alias mapping - functie0_
          - alias suffix - 0_
          - suffixed key columns - {id1_5_0_}

21:23:00.773 [Test worker] DEBUG org.hibernate.loader.entity.plan.EntityLoader - Static select for entity domain.Functie [NONE]: select functie0_.id as id1_5_0_, functie0_.salar_de_baza as salar_de2_5_0_ from functii functie0_ where functie0_.id=?
21:23:00.773 [Test worker] DEBUG org.hibernate.persister.entity.AbstractEntityPersister - Static SQL for entity: domain.Departament
21:23:00.773 [Test worker] DEBUG org.hibernate.persister.entity.AbstractEntityPersister -  Version select: select id from departamente where id =?
21:23:00.773 [Test worker] DEBUG org.hibernate.persister.entity.AbstractEntityPersister -  Snapshot select: select departamen_.id, departamen_.id_director as id_direc2_4_ from departamente departamen_ where departamen_.id=?
21:23:00.773 [Test worker] DEBUG org.hibernate.persister.entity.AbstractEntityPersister -  Insert 0: insert into departamente (id_director, id) values (?, ?)
21:23:00.773 [Test worker] DEBUG org.hibernate.persister.entity.AbstractEntityPersister -  Update 0: update departamente set id_director=? where id=?
21:23:00.773 [Test worker] DEBUG org.hibernate.persister.entity.AbstractEntityPersister -  Delete 0: delete from departamente where id=?
21:23:00.773 [Test worker] DEBUG org.hibernate.persister.entity.AbstractEntityPersister -  Identity insert: insert into departamente (id_director) values (?)
21:23:00.773 [Test worker] DEBUG org.hibernate.loader.plan.build.internal.spaces.QuerySpacesImpl - Adding QuerySpace : uid = <gen:0> -> org.hibernate.loader.plan.build.internal.spaces.EntityQuerySpaceImpl@5d138309]
21:23:00.773 [Test worker] DEBUG org.hibernate.persister.walking.spi.MetamodelGraphWalker - Visiting attribute path : idDirector
21:23:00.773 [Test worker] DEBUG org.hibernate.loader.plan.build.internal.FetchStyleLoadPlanBuildingAssociationVisitationStrategy - Building LoadPlan...
21:23:00.773 [Test worker] DEBUG org.hibernate.loader.plan.exec.internal.LoadQueryJoinAndFetchProcessor - processing queryspace <gen:0>
21:23:00.773 [Test worker] DEBUG org.hibernate.loader.plan.build.spi.LoadPlanTreePrinter - LoadPlan(entity=domain.Departament)
    - Returns
       - EntityReturnImpl(entity=domain.Departament, querySpaceUid=<gen:0>, path=domain.Departament)
    - QuerySpaces
       - EntityQuerySpaceImpl(uid=<gen:0>, entity=domain.Departament)
          - SQL table alias mapping - departamen0_
          - alias suffix - 0_
          - suffixed key columns - {id1_4_0_}

21:23:00.773 [Test worker] DEBUG org.hibernate.loader.entity.plan.EntityLoader - Static select for entity domain.Departament [NONE]: select departamen0_.id as id1_4_0_, departamen0_.id_director as id_direc2_4_0_ from departamente departamen0_ where departamen0_.id=?
21:23:00.773 [Test worker] DEBUG org.hibernate.persister.entity.AbstractEntityPersister - Static SQL for entity: domain.Angajat
21:23:00.773 [Test worker] DEBUG org.hibernate.persister.entity.AbstractEntityPersister -  Version select: select id from angajati where id =?
21:23:00.773 [Test worker] DEBUG org.hibernate.persister.entity.AbstractEntityPersister -  Snapshot select: select angajat_.id, angajat_.data_angajare as data_ang2_0_, angajat_.functie_id as functie_4_0_, angajat_.id_superior as id_super3_0_ from angajati angajat_ where angajat_.id=?
21:23:00.773 [Test worker] DEBUG org.hibernate.persister.entity.AbstractEntityPersister -  Insert 0: insert into angajati (data_angajare, functie_id, id_superior, id) values (?, ?, ?, ?)
21:23:00.773 [Test worker] DEBUG org.hibernate.persister.entity.AbstractEntityPersister -  Update 0: update angajati set data_angajare=?, functie_id=?, id_superior=? where id=?
21:23:00.773 [Test worker] DEBUG org.hibernate.persister.entity.AbstractEntityPersister -  Delete 0: delete from angajati where id=?
21:23:00.773 [Test worker] DEBUG org.hibernate.persister.entity.AbstractEntityPersister -  Identity insert: insert into angajati (data_angajare, functie_id, id_superior) values (?, ?, ?)
21:23:00.773 [Test worker] DEBUG org.hibernate.loader.plan.build.internal.spaces.QuerySpacesImpl - Adding QuerySpace : uid = <gen:0> -> org.hibernate.loader.plan.build.internal.spaces.EntityQuerySpaceImpl@48672c4b]
21:23:00.773 [Test worker] DEBUG org.hibernate.persister.walking.spi.MetamodelGraphWalker - Visiting attribute path : concedii
21:23:00.773 [Test worker] DEBUG org.hibernate.loader.plan.build.internal.spaces.QuerySpacesImpl - Adding QuerySpace : uid = <gen:1> -> org.hibernate.loader.plan.build.internal.spaces.CollectionQuerySpaceImpl@5854b68e]
21:23:00.773 [Test worker] DEBUG org.hibernate.loader.plan.build.internal.spaces.QuerySpacesImpl - Adding QuerySpace : uid = <gen:2> -> org.hibernate.loader.plan.build.internal.spaces.EntityQuerySpaceImpl@3be131e]
21:23:00.773 [Test worker] DEBUG org.hibernate.persister.walking.spi.MetamodelGraphWalker - Visiting attribute path : dataAngajare
21:23:00.773 [Test worker] DEBUG org.hibernate.persister.walking.spi.MetamodelGraphWalker - Visiting attribute path : departamente
21:23:00.773 [Test worker] DEBUG org.hibernate.loader.plan.build.internal.spaces.QuerySpacesImpl - Adding QuerySpace : uid = <gen:3> -> org.hibernate.loader.plan.build.internal.spaces.CollectionQuerySpaceImpl@724a6256]
21:23:00.773 [Test worker] DEBUG org.hibernate.loader.plan.build.internal.spaces.QuerySpacesImpl - Adding QuerySpace : uid = <gen:4> -> org.hibernate.loader.plan.build.internal.spaces.EntityQuerySpaceImpl@1895c4ed]
21:23:00.773 [Test worker] DEBUG org.hibernate.persister.walking.spi.MetamodelGraphWalker - Visiting attribute path : functie
21:23:00.773 [Test worker] DEBUG org.hibernate.loader.plan.build.internal.spaces.QuerySpacesImpl - Adding QuerySpace : uid = <gen:5> -> org.hibernate.loader.plan.build.internal.spaces.EntityQuerySpaceImpl@6508e1b7]
21:23:00.773 [Test worker] DEBUG org.hibernate.persister.walking.spi.MetamodelGraphWalker - Visiting attribute path : functie.salarDeBaza
21:23:00.773 [Test worker] DEBUG org.hibernate.persister.walking.spi.MetamodelGraphWalker - Visiting attribute path : idSuperior
21:23:00.773 [Test worker] DEBUG org.hibernate.persister.walking.spi.MetamodelGraphWalker - Visiting attribute path : proiecte
21:23:00.773 [Test worker] DEBUG org.hibernate.loader.plan.build.internal.spaces.QuerySpacesImpl - Adding QuerySpace : uid = <gen:6> -> org.hibernate.loader.plan.build.internal.spaces.CollectionQuerySpaceImpl@3724b0b4]
21:23:00.773 [Test worker] DEBUG org.hibernate.loader.plan.build.internal.spaces.QuerySpacesImpl - Adding QuerySpace : uid = <gen:7> -> org.hibernate.loader.plan.build.internal.spaces.EntityQuerySpaceImpl@120a811]
21:23:00.773 [Test worker] DEBUG org.hibernate.loader.plan.build.internal.FetchStyleLoadPlanBuildingAssociationVisitationStrategy - Building LoadPlan...
21:23:00.773 [Test worker] DEBUG org.hibernate.loader.plan.exec.internal.LoadQueryJoinAndFetchProcessor - processing queryspace <gen:0>
21:23:00.773 [Test worker] DEBUG org.hibernate.loader.plan.build.spi.LoadPlanTreePrinter - LoadPlan(entity=domain.Angajat)
    - Returns
       - EntityReturnImpl(entity=domain.Angajat, querySpaceUid=<gen:0>, path=domain.Angajat)
          - CollectionAttributeFetchImpl(collection=domain.Angajat.concedii, querySpaceUid=<gen:1>, path=domain.Angajat.concedii)
             - (collection element) CollectionFetchableElementEntityGraph(entity=domain.Concediu, querySpaceUid=<gen:2>, path=domain.Angajat.concedii.<elements>)
          - CollectionAttributeFetchImpl(collection=domain.Angajat.departamente, querySpaceUid=<gen:3>, path=domain.Angajat.departamente)
             - (collection element) CollectionFetchableElementEntityGraph(entity=domain.Departament, querySpaceUid=<gen:4>, path=domain.Angajat.departamente.<elements>)
          - EntityAttributeFetchImpl(entity=domain.Functie, querySpaceUid=<gen:5>, path=domain.Angajat.functie)
          - CollectionAttributeFetchImpl(collection=domain.Angajat.proiecte, querySpaceUid=<gen:6>, path=domain.Angajat.proiecte)
             - (collection element) CollectionFetchableElementEntityGraph(entity=domain.Proiect, querySpaceUid=<gen:7>, path=domain.Angajat.proiecte.<elements>)
    - QuerySpaces
       - EntityQuerySpaceImpl(uid=<gen:0>, entity=domain.Angajat)
          - SQL table alias mapping - angajat0_
          - alias suffix - 0_
          - suffixed key columns - {id1_0_0_}
          - JOIN (JoinDefinedByMetadata(functie)) : <gen:0> -> <gen:5>
             - EntityQuerySpaceImpl(uid=<gen:5>, entity=domain.Functie)
                - SQL table alias mapping - functie1_
                - alias suffix - 1_
                - suffixed key columns - {id1_5_1_}

21:23:00.773 [Test worker] DEBUG org.hibernate.loader.entity.plan.EntityLoader - Static select for entity domain.Angajat [NONE]: select angajat0_.id as id1_0_0_, angajat0_.data_angajare as data_ang2_0_0_, angajat0_.functie_id as functie_4_0_0_, angajat0_.id_superior as id_super3_0_0_, functie1_.id as id1_5_1_, functie1_.salar_de_baza as salar_de2_5_1_ from angajati angajat0_ left outer join functii functie1_ on angajat0_.functie_id=functie1_.id where angajat0_.id=?
21:23:00.773 [Test worker] DEBUG org.hibernate.persister.entity.AbstractEntityPersister - Static SQL for entity: domain.Proiect
21:23:00.773 [Test worker] DEBUG org.hibernate.persister.entity.AbstractEntityPersister -  Version select: select id from proiecte where id =?
21:23:00.773 [Test worker] DEBUG org.hibernate.persister.entity.AbstractEntityPersister -  Snapshot select: select proiect_.id, proiect_.data_inceput as data_inc2_6_, proiect_.deadline as deadline3_6_ from proiecte proiect_ where proiect_.id=?
21:23:00.773 [Test worker] DEBUG org.hibernate.persister.entity.AbstractEntityPersister -  Insert 0: insert into proiecte (data_inceput, deadline, id) values (?, ?, ?)
21:23:00.773 [Test worker] DEBUG org.hibernate.persister.entity.AbstractEntityPersister -  Update 0: update proiecte set data_inceput=?, deadline=? where id=?
21:23:00.773 [Test worker] DEBUG org.hibernate.persister.entity.AbstractEntityPersister -  Delete 0: delete from proiecte where id=?
21:23:00.773 [Test worker] DEBUG org.hibernate.persister.entity.AbstractEntityPersister -  Identity insert: insert into proiecte (data_inceput, deadline) values (?, ?)
21:23:00.773 [Test worker] DEBUG org.hibernate.loader.plan.build.internal.spaces.QuerySpacesImpl - Adding QuerySpace : uid = <gen:0> -> org.hibernate.loader.plan.build.internal.spaces.EntityQuerySpaceImpl@2307e4db]
21:23:00.773 [Test worker] DEBUG org.hibernate.persister.walking.spi.MetamodelGraphWalker - Visiting attribute path : dataInceput
21:23:00.773 [Test worker] DEBUG org.hibernate.persister.walking.spi.MetamodelGraphWalker - Visiting attribute path : deadline
21:23:00.773 [Test worker] DEBUG org.hibernate.loader.plan.build.internal.FetchStyleLoadPlanBuildingAssociationVisitationStrategy - Building LoadPlan...
21:23:00.773 [Test worker] DEBUG org.hibernate.loader.plan.exec.internal.LoadQueryJoinAndFetchProcessor - processing queryspace <gen:0>
21:23:00.773 [Test worker] DEBUG org.hibernate.loader.plan.build.spi.LoadPlanTreePrinter - LoadPlan(entity=domain.Proiect)
    - Returns
       - EntityReturnImpl(entity=domain.Proiect, querySpaceUid=<gen:0>, path=domain.Proiect)
    - QuerySpaces
       - EntityQuerySpaceImpl(uid=<gen:0>, entity=domain.Proiect)
          - SQL table alias mapping - proiect0_
          - alias suffix - 0_
          - suffixed key columns - {id1_6_0_}

21:23:00.773 [Test worker] DEBUG org.hibernate.loader.entity.plan.EntityLoader - Static select for entity domain.Proiect [NONE]: select proiect0_.id as id1_6_0_, proiect0_.data_inceput as data_inc2_6_0_, proiect0_.deadline as deadline3_6_0_ from proiecte proiect0_ where proiect0_.id=?
21:23:00.773 [Test worker] DEBUG org.hibernate.persister.entity.AbstractEntityPersister - Static SQL for entity: domain.Concediu
21:23:00.773 [Test worker] DEBUG org.hibernate.persister.entity.AbstractEntityPersister -  Version select: select id from concedii where id =?
21:23:00.773 [Test worker] DEBUG org.hibernate.persister.entity.AbstractEntityPersister -  Snapshot select: select concediu_.id, concediu_.id_angajat as id_angaj4_3_, concediu_.data_inceput as data_inc2_3_, concediu_.data_sfarsit as data_sfa3_3_ from concedii concediu_ where concediu_.id=?
21:23:00.773 [Test worker] DEBUG org.hibernate.persister.entity.AbstractEntityPersister -  Insert 0: insert into concedii (id_angajat, data_inceput, data_sfarsit, id) values (?, ?, ?, ?)
21:23:00.773 [Test worker] DEBUG org.hibernate.persister.entity.AbstractEntityPersister -  Update 0: update concedii set id_angajat=?, data_inceput=?, data_sfarsit=? where id=?
21:23:00.773 [Test worker] DEBUG org.hibernate.persister.entity.AbstractEntityPersister -  Delete 0: delete from concedii where id=?
21:23:00.773 [Test worker] DEBUG org.hibernate.persister.entity.AbstractEntityPersister -  Identity insert: insert into concedii (id_angajat, data_inceput, data_sfarsit) values (?, ?, ?)
21:23:00.773 [Test worker] DEBUG org.hibernate.loader.plan.build.internal.spaces.QuerySpacesImpl - Adding QuerySpace : uid = <gen:0> -> org.hibernate.loader.plan.build.internal.spaces.EntityQuerySpaceImpl@4e51b018]
21:23:00.773 [Test worker] DEBUG org.hibernate.persister.walking.spi.MetamodelGraphWalker - Visiting attribute path : angajat
21:23:00.773 [Test worker] DEBUG org.hibernate.loader.plan.build.internal.spaces.QuerySpacesImpl - Adding QuerySpace : uid = <gen:1> -> org.hibernate.loader.plan.build.internal.spaces.EntityQuerySpaceImpl@5608fd52]
21:23:00.773 [Test worker] DEBUG org.hibernate.persister.walking.spi.MetamodelGraphWalker - Visiting attribute path : dataInceput
21:23:00.773 [Test worker] DEBUG org.hibernate.persister.walking.spi.MetamodelGraphWalker - Visiting attribute path : dataSfarsit
21:23:00.773 [Test worker] DEBUG org.hibernate.loader.plan.build.internal.FetchStyleLoadPlanBuildingAssociationVisitationStrategy - Building LoadPlan...
21:23:00.773 [Test worker] DEBUG org.hibernate.loader.plan.exec.internal.LoadQueryJoinAndFetchProcessor - processing queryspace <gen:0>
21:23:00.773 [Test worker] DEBUG org.hibernate.loader.plan.build.spi.LoadPlanTreePrinter - LoadPlan(entity=domain.Concediu)
    - Returns
       - EntityReturnImpl(entity=domain.Concediu, querySpaceUid=<gen:0>, path=domain.Concediu)
          - EntityAttributeFetchImpl(entity=domain.Angajat, querySpaceUid=<gen:1>, path=domain.Concediu.angajat)
    - QuerySpaces
       - EntityQuerySpaceImpl(uid=<gen:0>, entity=domain.Concediu)
          - SQL table alias mapping - concediu0_
          - alias suffix - 0_
          - suffixed key columns - {id1_3_0_}

21:23:00.773 [Test worker] DEBUG org.hibernate.loader.entity.plan.EntityLoader - Static select for entity domain.Concediu [NONE]: select concediu0_.id as id1_3_0_, concediu0_.id_angajat as id_angaj4_3_0_, concediu0_.data_inceput as data_inc2_3_0_, concediu0_.data_sfarsit as data_sfa3_3_0_ from concedii concediu0_ where concediu0_.id=?
21:23:00.773 [Test worker] DEBUG org.hibernate.loader.plan.build.internal.spaces.QuerySpacesImpl - Adding QuerySpace : uid = <gen:0> -> org.hibernate.loader.plan.build.internal.spaces.CollectionQuerySpaceImpl@1af7cea9]
21:23:00.773 [Test worker] DEBUG org.hibernate.loader.plan.build.internal.spaces.QuerySpacesImpl - Adding QuerySpace : uid = <gen:1> -> org.hibernate.loader.plan.build.internal.spaces.EntityQuerySpaceImpl@59656c9f]
21:23:00.773 [Test worker] DEBUG org.hibernate.persister.walking.spi.MetamodelGraphWalker - Visiting attribute path : dataInceput
21:23:00.773 [Test worker] DEBUG org.hibernate.persister.walking.spi.MetamodelGraphWalker - Visiting attribute path : deadline
21:23:00.773 [Test worker] DEBUG org.hibernate.loader.plan.build.internal.FetchStyleLoadPlanBuildingAssociationVisitationStrategy - Building LoadPlan...
21:23:00.773 [Test worker] DEBUG org.hibernate.loader.plan.exec.internal.LoadQueryJoinAndFetchProcessor - processing queryspace <gen:0>
21:23:00.773 [Test worker] DEBUG org.hibernate.loader.plan.build.spi.LoadPlanTreePrinter - LoadPlan(collection=domain.Angajat.proiecte)
    - Returns
       - CollectionReturnImpl(collection=domain.Angajat.proiecte, querySpaceUid=<gen:0>, path=[domain.Angajat.proiecte])
          - (collection element) CollectionFetchableElementEntityGraph(entity=domain.Proiect, querySpaceUid=<gen:1>, path=[domain.Angajat.proiecte].<elements>)
    - QuerySpaces
       - CollectionQuerySpaceImpl(uid=<gen:0>, collection=domain.Angajat.proiecte)
          - SQL table alias mapping - proiecte0_
          - alias suffix - 0_
          - suffixed key columns - {id_angaj1_2_0_}
          - entity-element alias suffix - 1_
          - 1_entity-element suffixed key columns - id1_6_1_
          - JOIN (JoinDefinedByMetadata(elements)) : <gen:0> -> <gen:1>
             - EntityQuerySpaceImpl(uid=<gen:1>, entity=domain.Proiect)
                - SQL table alias mapping - proiect1_
                - alias suffix - 1_
                - suffixed key columns - {id1_6_1_}

21:23:00.773 [Test worker] DEBUG org.hibernate.loader.collection.plan.CollectionLoader - Static select for collection domain.Angajat.proiecte: select proiecte0_.id_angajat as id_angaj1_2_0_, proiecte0_.id_proiect as id_proie2_2_0_, proiect1_.id as id1_6_1_, proiect1_.data_inceput as data_inc2_6_1_, proiect1_.deadline as deadline3_6_1_ from angajati_proiecte proiecte0_ inner join proiecte proiect1_ on proiecte0_.id_proiect=proiect1_.id where proiecte0_.id_angajat=?
21:23:00.773 [Test worker] DEBUG org.hibernate.loader.plan.build.internal.spaces.QuerySpacesImpl - Adding QuerySpace : uid = <gen:0> -> org.hibernate.loader.plan.build.internal.spaces.CollectionQuerySpaceImpl@92ff59f]
21:23:00.773 [Test worker] DEBUG org.hibernate.loader.plan.build.internal.spaces.QuerySpacesImpl - Adding QuerySpace : uid = <gen:1> -> org.hibernate.loader.plan.build.internal.spaces.EntityQuerySpaceImpl@7b5c71b1]
21:23:00.773 [Test worker] DEBUG org.hibernate.persister.walking.spi.MetamodelGraphWalker - Visiting attribute path : angajat
21:23:00.773 [Test worker] DEBUG org.hibernate.persister.walking.spi.MetamodelGraphWalker - Property path deemed to be circular : angajat
21:23:00.773 [Test worker] DEBUG org.hibernate.persister.walking.spi.MetamodelGraphWalker - Visiting attribute path : dataInceput
21:23:00.773 [Test worker] DEBUG org.hibernate.persister.walking.spi.MetamodelGraphWalker - Visiting attribute path : dataSfarsit
21:23:00.773 [Test worker] DEBUG org.hibernate.loader.plan.build.internal.FetchStyleLoadPlanBuildingAssociationVisitationStrategy - Building LoadPlan...
21:23:00.773 [Test worker] DEBUG org.hibernate.loader.plan.exec.internal.LoadQueryJoinAndFetchProcessor - processing queryspace <gen:0>
21:23:00.773 [Test worker] DEBUG org.hibernate.loader.plan.build.spi.LoadPlanTreePrinter - LoadPlan(collection=domain.Angajat.concedii)
    - Returns
       - CollectionReturnImpl(collection=domain.Angajat.concedii, querySpaceUid=<gen:0>, path=[domain.Angajat.concedii])
          - (collection element) CollectionFetchableElementEntityGraph(entity=domain.Concediu, querySpaceUid=<gen:1>, path=[domain.Angajat.concedii].<elements>)
    - QuerySpaces
       - CollectionQuerySpaceImpl(uid=<gen:0>, collection=domain.Angajat.concedii)
          - SQL table alias mapping - concedii0_
          - alias suffix - 0_
          - suffixed key columns - {id_angaj4_3_0_}
          - entity-element alias suffix - 1_
          - 1_entity-element suffixed key columns - id1_3_1_
          - JOIN (JoinDefinedByMetadata(elements)) : <gen:0> -> <gen:1>
             - EntityQuerySpaceImpl(uid=<gen:1>, entity=domain.Concediu)
                - SQL table alias mapping - concedii0_
                - alias suffix - 1_
                - suffixed key columns - {id1_3_1_}

21:23:00.773 [Test worker] DEBUG org.hibernate.loader.collection.plan.CollectionLoader - Static select for collection domain.Angajat.concedii: select concedii0_.id_angajat as id_angaj4_3_0_, concedii0_.id as id1_3_0_, concedii0_.id as id1_3_1_, concedii0_.id_angajat as id_angaj4_3_1_, concedii0_.data_inceput as data_inc2_3_1_, concedii0_.data_sfarsit as data_sfa3_3_1_ from concedii concedii0_ where concedii0_.id_angajat=?
21:23:00.773 [Test worker] DEBUG org.hibernate.loader.plan.build.internal.spaces.QuerySpacesImpl - Adding QuerySpace : uid = <gen:0> -> org.hibernate.loader.plan.build.internal.spaces.CollectionQuerySpaceImpl@9242b9]
21:23:00.773 [Test worker] DEBUG org.hibernate.loader.plan.build.internal.spaces.QuerySpacesImpl - Adding QuerySpace : uid = <gen:1> -> org.hibernate.loader.plan.build.internal.spaces.EntityQuerySpaceImpl@185b6ae3]
21:23:00.773 [Test worker] DEBUG org.hibernate.persister.walking.spi.MetamodelGraphWalker - Visiting attribute path : idDirector
21:23:00.773 [Test worker] DEBUG org.hibernate.loader.plan.build.internal.FetchStyleLoadPlanBuildingAssociationVisitationStrategy - Building LoadPlan...
21:23:00.773 [Test worker] DEBUG org.hibernate.loader.plan.exec.internal.LoadQueryJoinAndFetchProcessor - processing queryspace <gen:0>
21:23:00.773 [Test worker] DEBUG org.hibernate.loader.plan.build.spi.LoadPlanTreePrinter - LoadPlan(collection=domain.Angajat.departamente)
    - Returns
       - CollectionReturnImpl(collection=domain.Angajat.departamente, querySpaceUid=<gen:0>, path=[domain.Angajat.departamente])
          - (collection element) CollectionFetchableElementEntityGraph(entity=domain.Departament, querySpaceUid=<gen:1>, path=[domain.Angajat.departamente].<elements>)
    - QuerySpaces
       - CollectionQuerySpaceImpl(uid=<gen:0>, collection=domain.Angajat.departamente)
          - SQL table alias mapping - departamen0_
          - alias suffix - 0_
          - suffixed key columns - {id_angaj1_1_0_}
          - entity-element alias suffix - 1_
          - 1_entity-element suffixed key columns - id1_4_1_
          - JOIN (JoinDefinedByMetadata(elements)) : <gen:0> -> <gen:1>
             - EntityQuerySpaceImpl(uid=<gen:1>, entity=domain.Departament)
                - SQL table alias mapping - departamen1_
                - alias suffix - 1_
                - suffixed key columns - {id1_4_1_}

21:23:00.773 [Test worker] DEBUG org.hibernate.loader.collection.plan.CollectionLoader - Static select for collection domain.Angajat.departamente: select departamen0_.id_angajat as id_angaj1_1_0_, departamen0_.id_departament as id_depar2_1_0_, departamen1_.id as id1_4_1_, departamen1_.id_director as id_direc2_4_1_ from angajati_departamente departamen0_ inner join departamente departamen1_ on departamen0_.id_departament=departamen1_.id where departamen0_.id_angajat=?
21:23:00.773 [Test worker] INFO org.hibernate.orm.connections.access - HHH10001501: Connection obtained from JdbcConnectionAccess [org.hibernate.engine.jdbc.env.internal.JdbcEnvironmentInitiator$ConnectionProviderJdbcConnectionAccess@45f4ca41] for (non-JTA) DDL execution was not in auto-commit mode; the Connection 'local transaction' will be committed and the Connection will be set into auto-commit mode.
21:23:00.773 [Test worker] DEBUG org.hibernate.mapping.Table - No alter strings for table : angajati
21:23:00.773 [Test worker] DEBUG org.hibernate.mapping.Table - No alter strings for table : angajati_departamente
21:23:00.773 [Test worker] DEBUG org.hibernate.mapping.Table - No alter strings for table : angajati_proiecte
21:23:00.773 [Test worker] DEBUG org.hibernate.mapping.Table - No alter strings for table : concedii
21:23:00.773 [Test worker] DEBUG org.hibernate.mapping.Table - No alter strings for table : departamente
21:23:00.773 [Test worker] DEBUG org.hibernate.mapping.Table - No alter strings for table : functii
21:23:00.773 [Test worker] DEBUG org.hibernate.mapping.Table - No alter strings for table : proiecte
21:23:00.773 [Test worker] DEBUG org.hibernate.query.spi.NamedQueryRepository - Checking 0 named HQL queries
21:23:00.773 [Test worker] DEBUG org.hibernate.query.spi.NamedQueryRepository - Checking 0 named SQL queries
21:23:00.773 [Test worker] DEBUG org.hibernate.internal.SessionFactoryRegistry - Registering SessionFactory: 8cae703f-e032-4ca4-907b-8f42cfb30c64 (<unnamed>)
21:23:00.773 [Test worker] DEBUG org.hibernate.internal.SessionFactoryRegistry - Not binding SessionFactory to JNDI, no JNDI name configured
21:23:00.773 [Test worker] DEBUG org.hibernate.integrator.internal.IntegratorServiceImpl - Adding Integrator [org.hibernate.cfg.beanvalidation.BeanValidationIntegrator].
21:23:00.773 [Test worker] DEBUG org.hibernate.integrator.internal.IntegratorServiceImpl - Adding Integrator [org.hibernate.secure.spi.JaccIntegrator].
21:23:00.773 [Test worker] DEBUG org.hibernate.integrator.internal.IntegratorServiceImpl - Adding Integrator [org.hibernate.cache.internal.CollectionCacheInvalidator].
21:23:00.788 [Test worker] DEBUG org.hibernate.boot.jaxb.internal.stax.LocalXmlResourceResolver - Interpreting public/system identifier : [-//Hibernate/Hibernate Configuration DTD 3.0//EN] - [http://hibernate.org/dtd/hibernate-configuration-3.0.dtd]
21:23:00.804 [Test worker] DEBUG org.hibernate.boot.cfgxml.internal.JaxbCfgProcessor - cfg.xml document did not define namespaces; wrapping in custom event reader to introduce namespace information
21:23:00.819 [Test worker] DEBUG org.hibernate.service.spi.ServiceBinding - Overriding existing service binding [org.hibernate.secure.spi.JaccService]
21:23:00.819 [Test worker] DEBUG org.hibernate.cache.internal.RegionFactoryInitiator - Cannot default RegionFactory based on registered strategies as `[]` RegionFactory strategies were registered
21:23:00.819 [Test worker] DEBUG org.hibernate.cache.internal.RegionFactoryInitiator - Cache region factory : org.hibernate.cache.internal.NoCachingRegionFactory
21:23:00.819 [Test worker] DEBUG org.hibernate.type.BasicTypeRegistry - Adding type registration boolean -> org.hibernate.type.BooleanType@121b529f
21:23:00.819 [Test worker] DEBUG org.hibernate.type.BasicTypeRegistry - Adding type registration boolean -> org.hibernate.type.BooleanType@121b529f
21:23:00.819 [Test worker] DEBUG org.hibernate.type.BasicTypeRegistry - Adding type registration java.lang.Boolean -> org.hibernate.type.BooleanType@121b529f
21:23:00.819 [Test worker] DEBUG org.hibernate.type.BasicTypeRegistry - Adding type registration numeric_boolean -> org.hibernate.type.NumericBooleanType@7dc81433
21:23:00.819 [Test worker] DEBUG org.hibernate.type.BasicTypeRegistry - Adding type registration true_false -> org.hibernate.type.TrueFalseType@60c371da
21:23:00.819 [Test worker] DEBUG org.hibernate.type.BasicTypeRegistry - Adding type registration yes_no -> org.hibernate.type.YesNoType@51ef89fc
21:23:00.819 [Test worker] DEBUG org.hibernate.type.BasicTypeRegistry - Adding type registration byte -> org.hibernate.type.ByteType@1502feca
21:23:00.819 [Test worker] DEBUG org.hibernate.type.BasicTypeRegistry - Adding type registration byte -> org.hibernate.type.ByteType@1502feca
21:23:00.819 [Test worker] DEBUG org.hibernate.type.BasicTypeRegistry - Adding type registration java.lang.Byte -> org.hibernate.type.ByteType@1502feca
21:23:00.819 [Test worker] DEBUG org.hibernate.type.BasicTypeRegistry - Adding type registration character -> org.hibernate.type.CharacterType@5aca38b4
21:23:00.819 [Test worker] DEBUG org.hibernate.type.BasicTypeRegistry - Adding type registration char -> org.hibernate.type.CharacterType@5aca38b4
21:23:00.819 [Test worker] DEBUG org.hibernate.type.BasicTypeRegistry - Adding type registration java.lang.Character -> org.hibernate.type.CharacterType@5aca38b4
21:23:00.819 [Test worker] DEBUG org.hibernate.type.BasicTypeRegistry - Adding type registration short -> org.hibernate.type.ShortType@212db0b9
21:23:00.819 [Test worker] DEBUG org.hibernate.type.BasicTypeRegistry - Adding type registration short -> org.hibernate.type.ShortType@212db0b9
21:23:00.819 [Test worker] DEBUG org.hibernate.type.BasicTypeRegistry - Adding type registration java.lang.Short -> org.hibernate.type.ShortType@212db0b9
21:23:00.819 [Test worker] DEBUG org.hibernate.type.BasicTypeRegistry - Adding type registration integer -> org.hibernate.type.IntegerType@14f541d2
21:23:00.819 [Test worker] DEBUG org.hibernate.type.BasicTypeRegistry - Adding type registration int -> org.hibernate.type.IntegerType@14f541d2
21:23:00.819 [Test worker] DEBUG org.hibernate.type.BasicTypeRegistry - Adding type registration java.lang.Integer -> org.hibernate.type.IntegerType@14f541d2
21:23:00.819 [Test worker] DEBUG org.hibernate.type.BasicTypeRegistry - Adding type registration long -> org.hibernate.type.LongType@357c5fef
21:23:00.819 [Test worker] DEBUG org.hibernate.type.BasicTypeRegistry - Adding type registration long -> org.hibernate.type.LongType@357c5fef
21:23:00.819 [Test worker] DEBUG org.hibernate.type.BasicTypeRegistry - Adding type registration java.lang.Long -> org.hibernate.type.LongType@357c5fef
21:23:00.819 [Test worker] DEBUG org.hibernate.type.BasicTypeRegistry - Adding type registration float -> org.hibernate.type.FloatType@68835e55
21:23:00.819 [Test worker] DEBUG org.hibernate.type.BasicTypeRegistry - Adding type registration float -> org.hibernate.type.FloatType@68835e55
21:23:00.819 [Test worker] DEBUG org.hibernate.type.BasicTypeRegistry - Adding type registration java.lang.Float -> org.hibernate.type.FloatType@68835e55
21:23:00.819 [Test worker] DEBUG org.hibernate.type.BasicTypeRegistry - Adding type registration double -> org.hibernate.type.DoubleType@1db8c4bf
21:23:00.819 [Test worker] DEBUG org.hibernate.type.BasicTypeRegistry - Adding type registration double -> org.hibernate.type.DoubleType@1db8c4bf
21:23:00.819 [Test worker] DEBUG org.hibernate.type.BasicTypeRegistry - Adding type registration java.lang.Double -> org.hibernate.type.DoubleType@1db8c4bf
21:23:00.819 [Test worker] DEBUG org.hibernate.type.BasicTypeRegistry - Adding type registration big_decimal -> org.hibernate.type.BigDecimalType@2bd9f5a7
21:23:00.819 [Test worker] DEBUG org.hibernate.type.BasicTypeRegistry - Adding type registration java.math.BigDecimal -> org.hibernate.type.BigDecimalType@2bd9f5a7
21:23:00.819 [Test worker] DEBUG org.hibernate.type.BasicTypeRegistry - Adding type registration big_integer -> org.hibernate.type.BigIntegerType@67766712
21:23:00.819 [Test worker] DEBUG org.hibernate.type.BasicTypeRegistry - Adding type registration java.math.BigInteger -> org.hibernate.type.BigIntegerType@67766712
21:23:00.819 [Test worker] DEBUG org.hibernate.type.BasicTypeRegistry - Adding type registration string -> org.hibernate.type.StringType@5abe721f
21:23:00.819 [Test worker] DEBUG org.hibernate.type.BasicTypeRegistry - Adding type registration java.lang.String -> org.hibernate.type.StringType@5abe721f
21:23:00.819 [Test worker] DEBUG org.hibernate.type.BasicTypeRegistry - Adding type registration nstring -> org.hibernate.type.StringNVarcharType@5ca83c4b
21:23:00.819 [Test worker] DEBUG org.hibernate.type.BasicTypeRegistry - Adding type registration ncharacter -> org.hibernate.type.CharacterNCharType@181579aa
21:23:00.819 [Test worker] DEBUG org.hibernate.type.BasicTypeRegistry - Adding type registration url -> org.hibernate.type.UrlType@2d95e7ff
21:23:00.819 [Test worker] DEBUG org.hibernate.type.BasicTypeRegistry - Adding type registration java.net.URL -> org.hibernate.type.UrlType@2d95e7ff
21:23:00.819 [Test worker] DEBUG org.hibernate.type.BasicTypeRegistry - Adding type registration Duration -> org.hibernate.type.DurationType@1f6d6ec5
21:23:00.819 [Test worker] DEBUG org.hibernate.type.BasicTypeRegistry - Adding type registration java.time.Duration -> org.hibernate.type.DurationType@1f6d6ec5
21:23:00.819 [Test worker] DEBUG org.hibernate.type.BasicTypeRegistry - Adding type registration Instant -> org.hibernate.type.InstantType@799b3880
21:23:00.819 [Test worker] DEBUG org.hibernate.type.BasicTypeRegistry - Adding type registration java.time.Instant -> org.hibernate.type.InstantType@799b3880
21:23:00.819 [Test worker] DEBUG org.hibernate.type.BasicTypeRegistry - Adding type registration LocalDateTime -> org.hibernate.type.LocalDateTimeType@3c9b7dcd
21:23:00.819 [Test worker] DEBUG org.hibernate.type.BasicTypeRegistry - Adding type registration java.time.LocalDateTime -> org.hibernate.type.LocalDateTimeType@3c9b7dcd
21:23:00.819 [Test worker] DEBUG org.hibernate.type.BasicTypeRegistry - Adding type registration LocalDate -> org.hibernate.type.LocalDateType@73b9d317
21:23:00.819 [Test worker] DEBUG org.hibernate.type.BasicTypeRegistry - Adding type registration java.time.LocalDate -> org.hibernate.type.LocalDateType@73b9d317
21:23:00.819 [Test worker] DEBUG org.hibernate.type.BasicTypeRegistry - Adding type registration LocalTime -> org.hibernate.type.LocalTimeType@3e938176
21:23:00.819 [Test worker] DEBUG org.hibernate.type.BasicTypeRegistry - Adding type registration java.time.LocalTime -> org.hibernate.type.LocalTimeType@3e938176
21:23:00.819 [Test worker] DEBUG org.hibernate.type.BasicTypeRegistry - Adding type registration OffsetDateTime -> org.hibernate.type.OffsetDateTimeType@1006f6a5
21:23:00.819 [Test worker] DEBUG org.hibernate.type.BasicTypeRegistry - Adding type registration java.time.OffsetDateTime -> org.hibernate.type.OffsetDateTimeType@1006f6a5
21:23:00.819 [Test worker] DEBUG org.hibernate.type.BasicTypeRegistry - Adding type registration OffsetTime -> org.hibernate.type.OffsetTimeType@5ebf30b8
21:23:00.819 [Test worker] DEBUG org.hibernate.type.BasicTypeRegistry - Adding type registration java.time.OffsetTime -> org.hibernate.type.OffsetTimeType@5ebf30b8
21:23:00.819 [Test worker] DEBUG org.hibernate.type.BasicTypeRegistry - Adding type registration ZonedDateTime -> org.hibernate.type.ZonedDateTimeType@5ecdce3a
21:23:00.819 [Test worker] DEBUG org.hibernate.type.BasicTypeRegistry - Adding type registration java.time.ZonedDateTime -> org.hibernate.type.ZonedDateTimeType@5ecdce3a
21:23:00.819 [Test worker] DEBUG org.hibernate.type.BasicTypeRegistry - Adding type registration date -> org.hibernate.type.DateType@34878a9c
21:23:00.819 [Test worker] DEBUG org.hibernate.type.BasicTypeRegistry - Adding type registration java.sql.Date -> org.hibernate.type.DateType@34878a9c
21:23:00.819 [Test worker] DEBUG org.hibernate.type.BasicTypeRegistry - Adding type registration time -> org.hibernate.type.TimeType@4be75fc9
21:23:00.819 [Test worker] DEBUG org.hibernate.type.BasicTypeRegistry - Adding type registration java.sql.Time -> org.hibernate.type.TimeType@4be75fc9
21:23:00.819 [Test worker] DEBUG org.hibernate.type.BasicTypeRegistry - Adding type registration timestamp -> org.hibernate.type.TimestampType@cd6dcfb
21:23:00.819 [Test worker] DEBUG org.hibernate.type.BasicTypeRegistry - Adding type registration java.sql.Timestamp -> org.hibernate.type.TimestampType@cd6dcfb
21:23:00.819 [Test worker] DEBUG org.hibernate.type.BasicTypeRegistry - Adding type registration java.util.Date -> org.hibernate.type.TimestampType@cd6dcfb
21:23:00.819 [Test worker] DEBUG org.hibernate.type.BasicTypeRegistry - Adding type registration dbtimestamp -> org.hibernate.type.DbTimestampType@6f70db50
21:23:00.819 [Test worker] DEBUG org.hibernate.type.BasicTypeRegistry - Adding type registration calendar -> org.hibernate.type.CalendarType@232580e4
21:23:00.819 [Test worker] DEBUG org.hibernate.type.BasicTypeRegistry - Adding type registration java.util.Calendar -> org.hibernate.type.CalendarType@232580e4
21:23:00.819 [Test worker] DEBUG org.hibernate.type.BasicTypeRegistry - Adding type registration java.util.GregorianCalendar -> org.hibernate.type.CalendarType@232580e4
21:23:00.819 [Test worker] DEBUG org.hibernate.type.BasicTypeRegistry - Adding type registration calendar_date -> org.hibernate.type.CalendarDateType@2d226c99
21:23:00.819 [Test worker] DEBUG org.hibernate.type.BasicTypeRegistry - Adding type registration calendar_time -> org.hibernate.type.CalendarTimeType@5f0ca092
21:23:00.819 [Test worker] DEBUG org.hibernate.type.BasicTypeRegistry - Adding type registration locale -> org.hibernate.type.LocaleType@2e7d6fc7
21:23:00.819 [Test worker] DEBUG org.hibernate.type.BasicTypeRegistry - Adding type registration java.util.Locale -> org.hibernate.type.LocaleType@2e7d6fc7
21:23:00.819 [Test worker] DEBUG org.hibernate.type.BasicTypeRegistry - Adding type registration currency -> org.hibernate.type.CurrencyType@298b5abb
21:23:00.819 [Test worker] DEBUG org.hibernate.type.BasicTypeRegistry - Adding type registration java.util.Currency -> org.hibernate.type.CurrencyType@298b5abb
21:23:00.819 [Test worker] DEBUG org.hibernate.type.BasicTypeRegistry - Adding type registration timezone -> org.hibernate.type.TimeZoneType@6a7223ce
21:23:00.819 [Test worker] DEBUG org.hibernate.type.BasicTypeRegistry - Adding type registration java.util.TimeZone -> org.hibernate.type.TimeZoneType@6a7223ce
21:23:00.819 [Test worker] DEBUG org.hibernate.type.BasicTypeRegistry - Adding type registration class -> org.hibernate.type.ClassType@17c86e61
21:23:00.819 [Test worker] DEBUG org.hibernate.type.BasicTypeRegistry - Adding type registration java.lang.Class -> org.hibernate.type.ClassType@17c86e61
21:23:00.819 [Test worker] DEBUG org.hibernate.type.BasicTypeRegistry - Adding type registration uuid-binary -> org.hibernate.type.UUIDBinaryType@165a29f7
21:23:00.819 [Test worker] DEBUG org.hibernate.type.BasicTypeRegistry - Adding type registration java.util.UUID -> org.hibernate.type.UUIDBinaryType@165a29f7
21:23:00.819 [Test worker] DEBUG org.hibernate.type.BasicTypeRegistry - Adding type registration uuid-char -> org.hibernate.type.UUIDCharType@57061eb5
21:23:00.819 [Test worker] DEBUG org.hibernate.type.BasicTypeRegistry - Adding type registration binary -> org.hibernate.type.BinaryType@377a3a57
21:23:00.819 [Test worker] DEBUG org.hibernate.type.BasicTypeRegistry - Adding type registration byte[] -> org.hibernate.type.BinaryType@377a3a57
21:23:00.819 [Test worker] DEBUG org.hibernate.type.BasicTypeRegistry - Adding type registration [B -> org.hibernate.type.BinaryType@377a3a57
21:23:00.819 [Test worker] DEBUG org.hibernate.type.BasicTypeRegistry - Adding type registration wrapper-binary -> org.hibernate.type.WrapperBinaryType@15236686
21:23:00.819 [Test worker] DEBUG org.hibernate.type.BasicTypeRegistry - Adding type registration Byte[] -> org.hibernate.type.WrapperBinaryType@15236686
21:23:00.819 [Test worker] DEBUG org.hibernate.type.BasicTypeRegistry - Adding type registration [Ljava.lang.Byte; -> org.hibernate.type.WrapperBinaryType@15236686
21:23:00.819 [Test worker] DEBUG org.hibernate.type.BasicTypeRegistry - Adding type registration row_version -> org.hibernate.type.RowVersionType@480544d3
21:23:00.819 [Test worker] DEBUG org.hibernate.type.BasicTypeRegistry - Adding type registration image -> org.hibernate.type.ImageType@a74733d
21:23:00.819 [Test worker] DEBUG org.hibernate.type.BasicTypeRegistry - Adding type registration characters -> org.hibernate.type.CharArrayType@10b707f8
21:23:00.819 [Test worker] DEBUG org.hibernate.type.BasicTypeRegistry - Adding type registration char[] -> org.hibernate.type.CharArrayType@10b707f8
21:23:00.819 [Test worker] DEBUG org.hibernate.type.BasicTypeRegistry - Adding type registration [C -> org.hibernate.type.CharArrayType@10b707f8
21:23:00.819 [Test worker] DEBUG org.hibernate.type.BasicTypeRegistry - Adding type registration wrapper-characters -> org.hibernate.type.CharacterArrayType@7586a107
21:23:00.819 [Test worker] DEBUG org.hibernate.type.BasicTypeRegistry - Adding type registration [Ljava.lang.Character; -> org.hibernate.type.CharacterArrayType@7586a107
21:23:00.819 [Test worker] DEBUG org.hibernate.type.BasicTypeRegistry - Adding type registration Character[] -> org.hibernate.type.CharacterArrayType@7586a107
21:23:00.819 [Test worker] DEBUG org.hibernate.type.BasicTypeRegistry - Adding type registration text -> org.hibernate.type.TextType@28e7117
21:23:00.819 [Test worker] DEBUG org.hibernate.type.BasicTypeRegistry - Adding type registration ntext -> org.hibernate.type.NTextType@4fe7c4b8
21:23:00.819 [Test worker] DEBUG org.hibernate.type.BasicTypeRegistry - Adding type registration blob -> org.hibernate.type.BlobType@69ff7971
21:23:00.819 [Test worker] DEBUG org.hibernate.type.BasicTypeRegistry - Adding type registration java.sql.Blob -> org.hibernate.type.BlobType@69ff7971
21:23:00.819 [Test worker] DEBUG org.hibernate.type.BasicTypeRegistry - Adding type registration materialized_blob -> org.hibernate.type.MaterializedBlobType@29a6bbfa
21:23:00.819 [Test worker] DEBUG org.hibernate.type.BasicTypeRegistry - Adding type registration clob -> org.hibernate.type.ClobType@6243fc09
21:23:00.819 [Test worker] DEBUG org.hibernate.type.BasicTypeRegistry - Adding type registration java.sql.Clob -> org.hibernate.type.ClobType@6243fc09
21:23:00.819 [Test worker] DEBUG org.hibernate.type.BasicTypeRegistry - Adding type registration nclob -> org.hibernate.type.NClobType@7a0e9fb4
21:23:00.819 [Test worker] DEBUG org.hibernate.type.BasicTypeRegistry - Adding type registration java.sql.NClob -> org.hibernate.type.NClobType@7a0e9fb4
21:23:00.819 [Test worker] DEBUG org.hibernate.type.BasicTypeRegistry - Adding type registration materialized_clob -> org.hibernate.type.MaterializedClobType@5568af29
21:23:00.819 [Test worker] DEBUG org.hibernate.type.BasicTypeRegistry - Adding type registration materialized_nclob -> org.hibernate.type.MaterializedNClobType@43589365
21:23:00.819 [Test worker] DEBUG org.hibernate.type.BasicTypeRegistry - Adding type registration serializable -> org.hibernate.type.SerializableType@49b714f8
21:23:00.819 [Test worker] DEBUG org.hibernate.type.BasicTypeRegistry - Adding type registration object -> org.hibernate.type.ObjectType@4b6f241f
21:23:00.819 [Test worker] DEBUG org.hibernate.type.BasicTypeRegistry - Adding type registration java.lang.Object -> org.hibernate.type.ObjectType@4b6f241f
21:23:00.819 [Test worker] DEBUG org.hibernate.type.BasicTypeRegistry - Adding type registration imm_date -> org.hibernate.type.AdaptedImmutableType@5f2e527f
21:23:00.819 [Test worker] DEBUG org.hibernate.type.BasicTypeRegistry - Adding type registration imm_time -> org.hibernate.type.AdaptedImmutableType@173235a0
21:23:00.819 [Test worker] DEBUG org.hibernate.type.BasicTypeRegistry - Adding type registration imm_timestamp -> org.hibernate.type.AdaptedImmutableType@67ca105f
21:23:00.819 [Test worker] DEBUG org.hibernate.type.BasicTypeRegistry - Adding type registration imm_dbtimestamp -> org.hibernate.type.AdaptedImmutableType@4f4da3aa
21:23:00.819 [Test worker] DEBUG org.hibernate.type.BasicTypeRegistry - Adding type registration imm_calendar -> org.hibernate.type.AdaptedImmutableType@62ddad96
21:23:00.819 [Test worker] DEBUG org.hibernate.type.BasicTypeRegistry - Adding type registration imm_calendar_date -> org.hibernate.type.AdaptedImmutableType@64c41b58
21:23:00.819 [Test worker] DEBUG org.hibernate.type.BasicTypeRegistry - Adding type registration imm_binary -> org.hibernate.type.AdaptedImmutableType@53bbb777
21:23:00.819 [Test worker] DEBUG org.hibernate.type.BasicTypeRegistry - Adding type registration imm_serializable -> org.hibernate.type.AdaptedImmutableType@71491e59
21:23:00.819 [Test worker] DEBUG org.hibernate.id.factory.internal.DefaultIdentifierGeneratorFactory - Registering IdentifierGenerator strategy [uuid2] -> [org.hibernate.id.UUIDGenerator]
21:23:00.819 [Test worker] DEBUG org.hibernate.id.factory.internal.DefaultIdentifierGeneratorFactory - Registering IdentifierGenerator strategy [guid] -> [org.hibernate.id.GUIDGenerator]
21:23:00.819 [Test worker] DEBUG org.hibernate.id.factory.internal.DefaultIdentifierGeneratorFactory - Registering IdentifierGenerator strategy [uuid] -> [org.hibernate.id.UUIDHexGenerator]
21:23:00.819 [Test worker] DEBUG org.hibernate.id.factory.internal.DefaultIdentifierGeneratorFactory - Registering IdentifierGenerator strategy [uuid.hex] -> [org.hibernate.id.UUIDHexGenerator]
21:23:00.819 [Test worker] DEBUG org.hibernate.id.factory.internal.DefaultIdentifierGeneratorFactory - Registering IdentifierGenerator strategy [assigned] -> [org.hibernate.id.Assigned]
21:23:00.819 [Test worker] DEBUG org.hibernate.id.factory.internal.DefaultIdentifierGeneratorFactory - Registering IdentifierGenerator strategy [identity] -> [org.hibernate.id.IdentityGenerator]
21:23:00.819 [Test worker] DEBUG org.hibernate.id.factory.internal.DefaultIdentifierGeneratorFactory - Registering IdentifierGenerator strategy [select] -> [org.hibernate.id.SelectGenerator]
21:23:00.819 [Test worker] DEBUG org.hibernate.id.factory.internal.DefaultIdentifierGeneratorFactory - Registering IdentifierGenerator strategy [sequence] -> [org.hibernate.id.enhanced.SequenceStyleGenerator]
21:23:00.819 [Test worker] DEBUG org.hibernate.id.factory.internal.DefaultIdentifierGeneratorFactory - Registering IdentifierGenerator strategy [seqhilo] -> [org.hibernate.id.SequenceHiLoGenerator]
21:23:00.819 [Test worker] DEBUG org.hibernate.id.factory.internal.DefaultIdentifierGeneratorFactory - Registering IdentifierGenerator strategy [increment] -> [org.hibernate.id.IncrementGenerator]
21:23:00.819 [Test worker] DEBUG org.hibernate.id.factory.internal.DefaultIdentifierGeneratorFactory - Registering IdentifierGenerator strategy [foreign] -> [org.hibernate.id.ForeignGenerator]
21:23:00.819 [Test worker] DEBUG org.hibernate.id.factory.internal.DefaultIdentifierGeneratorFactory - Registering IdentifierGenerator strategy [sequence-identity] -> [org.hibernate.id.SequenceIdentityGenerator]
21:23:00.819 [Test worker] DEBUG org.hibernate.id.factory.internal.DefaultIdentifierGeneratorFactory - Registering IdentifierGenerator strategy [enhanced-sequence] -> [org.hibernate.id.enhanced.SequenceStyleGenerator]
21:23:00.819 [Test worker] DEBUG org.hibernate.id.factory.internal.DefaultIdentifierGeneratorFactory - Registering IdentifierGenerator strategy [enhanced-table] -> [org.hibernate.id.enhanced.TableGenerator]
21:23:00.819 [Test worker] WARN org.hibernate.orm.connections.pooling - HHH10001002: Using Hibernate built-in connection pool (not for production use!)
21:23:00.819 [Test worker] INFO org.hibernate.orm.connections.pooling - HHH10001005: using driver [org.sqlite.JDBC] at URL [jdbc:sqlite:D:\Facultate\Projects\OrganizareCompanie\database]
21:23:00.819 [Test worker] INFO org.hibernate.orm.connections.pooling - HHH10001001: Connection properties: {password=root, user=root}
21:23:00.819 [Test worker] INFO org.hibernate.orm.connections.pooling - HHH10001003: Autocommit mode: false
21:23:00.819 [Test worker] DEBUG org.hibernate.engine.jdbc.connections.internal.DriverManagerConnectionProviderImpl - Initializing Connection pool with 1 Connections
21:23:00.819 [Test worker] INFO org.hibernate.engine.jdbc.connections.internal.DriverManagerConnectionProviderImpl - HHH000115: Hibernate connection pool size: 1 (min=1)
21:23:00.835 [Test worker] DEBUG org.hibernate.engine.jdbc.env.internal.JdbcEnvironmentInitiator - Database ->
       name : SQLite
    version : 3.34.0
      major : 3
      minor : 34
21:23:00.835 [Test worker] DEBUG org.hibernate.engine.jdbc.env.internal.JdbcEnvironmentInitiator - Driver ->
       name : SQLite JDBC
    version : 3.34.0
      major : 3
      minor : 34
21:23:00.835 [Test worker] DEBUG org.hibernate.engine.jdbc.env.internal.JdbcEnvironmentInitiator - JDBC version : 2.1
21:23:00.835 [Test worker] INFO org.hibernate.dialect.Dialect - HHH000400: Using dialect: utils.SQLiteDialect
21:23:00.835 [Test worker] DEBUG org.hibernate.engine.jdbc.env.spi.IdentifierHelperBuilder - JDBC driver metadata reported database stores quoted identifiers in neither upper, lower nor mixed case
21:23:00.835 [Test worker] DEBUG org.hibernate.engine.jdbc.env.spi.IdentifierHelperBuilder - IdentifierCaseStrategy for both quoted and unquoted identifiers was set to the same strategy [MIXED]; that will likely lead to problems in schema update and validation if using quoted identifiers
21:23:00.835 [Test worker] DEBUG org.hibernate.engine.jdbc.env.internal.LobCreatorBuilderImpl - HHH000423: Disabling contextual LOB creation as JDBC driver reported JDBC version [2] less than 4
21:23:00.835 [Test worker] DEBUG org.hibernate.boot.model.relational.Namespace - Created database namespace [logicalName=Name{catalog=null, schema=null}, physicalName=Name{catalog=null, schema=null}]
21:23:00.835 [Test worker] DEBUG org.hibernate.type.descriptor.java.JavaTypeDescriptorRegistry - JavaTypeDescriptorRegistry entry replaced : class java.time.Duration -> org.hibernate.type.descriptor.java.DurationJavaDescriptor@484b819 (was org.hibernate.type.descriptor.java.DurationJavaDescriptor@484b819)
21:23:00.835 [Test worker] DEBUG org.hibernate.type.descriptor.java.JavaTypeDescriptorRegistry - JavaTypeDescriptorRegistry entry replaced : class java.time.Instant -> org.hibernate.type.descriptor.java.InstantJavaDescriptor@7a6a60d2 (was org.hibernate.type.descriptor.java.InstantJavaDescriptor@7a6a60d2)
21:23:00.835 [Test worker] DEBUG org.hibernate.type.descriptor.java.JavaTypeDescriptorRegistry - JavaTypeDescriptorRegistry entry replaced : class java.time.LocalDate -> org.hibernate.type.descriptor.java.LocalDateJavaDescriptor@7ac3817d (was org.hibernate.type.descriptor.java.LocalDateJavaDescriptor@7ac3817d)
21:23:00.835 [Test worker] DEBUG org.hibernate.type.descriptor.java.JavaTypeDescriptorRegistry - JavaTypeDescriptorRegistry entry replaced : class java.time.LocalDateTime -> org.hibernate.type.descriptor.java.LocalDateTimeJavaDescriptor@616d0e6e (was org.hibernate.type.descriptor.java.LocalDateTimeJavaDescriptor@616d0e6e)
21:23:00.835 [Test worker] DEBUG org.hibernate.type.descriptor.java.JavaTypeDescriptorRegistry - JavaTypeDescriptorRegistry entry replaced : class java.time.OffsetDateTime -> org.hibernate.type.descriptor.java.OffsetDateTimeJavaDescriptor@4008262a (was org.hibernate.type.descriptor.java.OffsetDateTimeJavaDescriptor@4008262a)
21:23:00.835 [Test worker] DEBUG org.hibernate.type.descriptor.java.JavaTypeDescriptorRegistry - JavaTypeDescriptorRegistry entry replaced : class java.time.OffsetTime -> org.hibernate.type.descriptor.java.OffsetTimeJavaDescriptor@69cda209 (was org.hibernate.type.descriptor.java.OffsetTimeJavaDescriptor@69cda209)
21:23:00.835 [Test worker] DEBUG org.hibernate.type.descriptor.java.JavaTypeDescriptorRegistry - JavaTypeDescriptorRegistry entry replaced : class java.time.ZonedDateTime -> org.hibernate.type.descriptor.java.ZonedDateTimeJavaDescriptor@f630e24 (was org.hibernate.type.descriptor.java.ZonedDateTimeJavaDescriptor@f630e24)
21:23:00.835 [Test worker] DEBUG org.hibernate.type.BasicTypeRegistry - Adding type registration Duration -> org.hibernate.type.DurationType@1f6d6ec5
21:23:00.835 [Test worker] DEBUG org.hibernate.type.BasicTypeRegistry - Adding type registration java.time.Duration -> org.hibernate.type.DurationType@1f6d6ec5
21:23:00.835 [Test worker] DEBUG org.hibernate.type.BasicTypeRegistry - Adding type registration Instant -> org.hibernate.type.InstantType@799b3880
21:23:00.835 [Test worker] DEBUG org.hibernate.type.BasicTypeRegistry - Adding type registration java.time.Instant -> org.hibernate.type.InstantType@799b3880
21:23:00.835 [Test worker] DEBUG org.hibernate.type.BasicTypeRegistry - Adding type registration LocalDateTime -> org.hibernate.type.LocalDateTimeType@3c9b7dcd
21:23:00.835 [Test worker] DEBUG org.hibernate.type.BasicTypeRegistry - Adding type registration java.time.LocalDateTime -> org.hibernate.type.LocalDateTimeType@3c9b7dcd
21:23:00.835 [Test worker] DEBUG org.hibernate.type.BasicTypeRegistry - Adding type registration LocalDate -> org.hibernate.type.LocalDateType@73b9d317
21:23:00.835 [Test worker] DEBUG org.hibernate.type.BasicTypeRegistry - Adding type registration java.time.LocalDate -> org.hibernate.type.LocalDateType@73b9d317
21:23:00.835 [Test worker] DEBUG org.hibernate.type.BasicTypeRegistry - Adding type registration LocalTime -> org.hibernate.type.LocalTimeType@3e938176
21:23:00.835 [Test worker] DEBUG org.hibernate.type.BasicTypeRegistry - Adding type registration java.time.LocalTime -> org.hibernate.type.LocalTimeType@3e938176
21:23:00.835 [Test worker] DEBUG org.hibernate.type.BasicTypeRegistry - Adding type registration OffsetDateTime -> org.hibernate.type.OffsetDateTimeType@1006f6a5
21:23:00.835 [Test worker] DEBUG org.hibernate.type.BasicTypeRegistry - Adding type registration java.time.OffsetDateTime -> org.hibernate.type.OffsetDateTimeType@1006f6a5
21:23:00.835 [Test worker] DEBUG org.hibernate.type.BasicTypeRegistry - Adding type registration OffsetTime -> org.hibernate.type.OffsetTimeType@5ebf30b8
21:23:00.835 [Test worker] DEBUG org.hibernate.type.BasicTypeRegistry - Adding type registration java.time.OffsetTime -> org.hibernate.type.OffsetTimeType@5ebf30b8
21:23:00.835 [Test worker] DEBUG org.hibernate.type.BasicTypeRegistry - Adding type registration ZonedDateTime -> org.hibernate.type.ZonedDateTimeType@5ecdce3a
21:23:00.835 [Test worker] DEBUG org.hibernate.type.BasicTypeRegistry - Adding type registration java.time.ZonedDateTime -> org.hibernate.type.ZonedDateTimeType@5ecdce3a
21:23:00.835 [Test worker] DEBUG org.hibernate.type.spi.TypeConfiguration$Scope - Scoping TypeConfiguration [org.hibernate.type.spi.TypeConfiguration@5e33a70d] to MetadataBuildingContext [org.hibernate.boot.internal.MetadataBuildingContextRootImpl@6c3ad13a]
21:23:00.835 [Test worker] DEBUG org.hibernate.cfg.AnnotationBinder - Binding entity from annotated class: domain.Angajat
21:23:00.835 [Test worker] DEBUG org.hibernate.cfg.Ejb3Column - Binding column: Ejb3DiscriminatorColumn{logicalColumnName'DTYPE', discriminatorTypeName='string'}
21:23:00.835 [Test worker] DEBUG org.hibernate.cfg.annotations.EntityBinder - Import with entity name Angajat
21:23:00.835 [Test worker] DEBUG org.hibernate.cfg.annotations.EntityBinder - Bind entity domain.Angajat on table angajati
21:23:00.835 [Test worker] DEBUG org.hibernate.cfg.Ejb3Column - Binding column: Ejb3Column{table=org.hibernate.mapping.Table(angajati), mappingColumn=id, insertable=true, updatable=true, unique=false}
21:23:00.835 [Test worker] DEBUG org.hibernate.boot.internal.ClassLoaderAccessImpl - Not known whether passed class name [domain.Angajat] is safe
21:23:00.835 [Test worker] DEBUG org.hibernate.boot.internal.ClassLoaderAccessImpl - No temp ClassLoader provided; using live ClassLoader for loading potentially unsafe class : domain.Angajat
21:23:00.835 [Test worker] DEBUG org.hibernate.cfg.annotations.PropertyBinder - MetadataSourceProcessor property id with lazy=false
21:23:00.835 [Test worker] DEBUG org.hibernate.cfg.AbstractPropertyHolder - Attempting to locate auto-apply AttributeConverter for property [domain.Angajat:id]
21:23:00.835 [Test worker] DEBUG org.hibernate.cfg.annotations.SimpleValueBinder - building SimpleValue for id
21:23:00.835 [Test worker] DEBUG org.hibernate.cfg.annotations.PropertyBinder - Building property id
21:23:00.835 [Test worker] DEBUG org.hibernate.cfg.BinderHelper - #makeIdGenerator(org.hibernate.mapping.SimpleValue([org.hibernate.mapping.Column(id)]), id, identity, , ...)
21:23:00.835 [Test worker] DEBUG org.hibernate.cfg.Ejb3Column - Binding column: Ejb3JoinColumn{logicalColumnName='null', referencedColumn='null', mappedBy='angajat'}
21:23:00.835 [Test worker] DEBUG org.hibernate.cfg.Ejb3Column - Binding column: Ejb3Column{table=org.hibernate.mapping.Table(angajati), mappingColumn=concedii, insertable=true, updatable=true, unique=false}
21:23:00.835 [Test worker] DEBUG org.hibernate.cfg.Ejb3Column - Binding column: Ejb3Column{table=org.hibernate.mapping.Table(angajati), mappingColumn=null, insertable=true, updatable=true, unique=false}
21:23:00.835 [Test worker] DEBUG org.hibernate.cfg.Ejb3Column - Binding column: Ejb3Column{table=org.hibernate.mapping.Table(angajati), mappingColumn=element, insertable=true, updatable=true, unique=false}
21:23:00.835 [Test worker] DEBUG org.hibernate.cfg.Ejb3Column - Binding column: Ejb3Column{table=org.hibernate.mapping.Table(angajati), mappingColumn=concedii_KEY, insertable=true, updatable=true, unique=false}
21:23:00.835 [Test worker] DEBUG org.hibernate.cfg.Ejb3Column - Binding column: Ejb3JoinColumn{logicalColumnName='concedii_KEY', referencedColumn='null', mappedBy='null'}
21:23:00.835 [Test worker] DEBUG org.hibernate.cfg.Ejb3Column - Binding column: Ejb3JoinColumn{logicalColumnName='null', referencedColumn='null', mappedBy='angajat'}
21:23:00.835 [Test worker] DEBUG org.hibernate.cfg.Ejb3Column - Binding column: Ejb3JoinColumn{logicalColumnName='null', referencedColumn='null', mappedBy='angajat'}
21:23:00.835 [Test worker] DEBUG org.hibernate.cfg.annotations.CollectionBinder - Collection role: domain.Angajat.concedii
21:23:00.835 [Test worker] DEBUG org.hibernate.cfg.annotations.PropertyBinder - Building property concedii
21:23:00.835 [Test worker] DEBUG org.hibernate.cfg.Ejb3Column - Binding column: Ejb3Column{table=org.hibernate.mapping.Table(angajati), mappingColumn=data_angajare, insertable=true, updatable=true, unique=false}
21:23:00.835 [Test worker] DEBUG org.hibernate.cfg.annotations.PropertyBinder - MetadataSourceProcessor property dataAngajare with lazy=false
21:23:00.835 [Test worker] DEBUG org.hibernate.cfg.AbstractPropertyHolder - Attempting to locate auto-apply AttributeConverter for property [domain.Angajat:dataAngajare]
21:23:00.835 [Test worker] DEBUG org.hibernate.cfg.annotations.SimpleValueBinder - building SimpleValue for dataAngajare
21:23:00.835 [Test worker] DEBUG org.hibernate.cfg.annotations.PropertyBinder - Building property dataAngajare
21:23:00.835 [Test worker] DEBUG org.hibernate.cfg.Ejb3Column - Binding column: Ejb3Column{table=org.hibernate.mapping.Table(angajati), mappingColumn=null, insertable=true, updatable=true, unique=false}
21:23:00.835 [Test worker] DEBUG org.hibernate.cfg.Ejb3Column - Binding column: Ejb3Column{table=org.hibernate.mapping.Table(angajati), mappingColumn=element, insertable=true, updatable=true, unique=false}
21:23:00.835 [Test worker] DEBUG org.hibernate.cfg.Ejb3Column - Binding column: Ejb3Column{table=org.hibernate.mapping.Table(angajati), mappingColumn=departamente_KEY, insertable=true, updatable=true, unique=false}
21:23:00.835 [Test worker] DEBUG org.hibernate.cfg.Ejb3Column - Binding column: Ejb3JoinColumn{logicalColumnName='departamente_KEY', referencedColumn='null', mappedBy='null'}
21:23:00.835 [Test worker] DEBUG org.hibernate.cfg.Ejb3Column - Binding column: Ejb3JoinColumn{logicalColumnName='id_angajat', referencedColumn='', mappedBy=''}
21:23:00.835 [Test worker] DEBUG org.hibernate.cfg.Ejb3Column - Binding column: Ejb3JoinColumn{logicalColumnName='id_departament', referencedColumn='', mappedBy=''}
21:23:00.835 [Test worker] DEBUG org.hibernate.cfg.annotations.CollectionBinder - Collection role: domain.Angajat.departamente
21:23:00.835 [Test worker] DEBUG org.hibernate.cfg.annotations.PropertyBinder - Building property departamente
21:23:00.835 [Test worker] DEBUG org.hibernate.cfg.Ejb3Column - Binding column: Ejb3JoinColumn{logicalColumnName='null', referencedColumn='null', mappedBy='null'}
21:23:00.835 [Test worker] DEBUG org.hibernate.cfg.Ejb3Column - Binding column: Ejb3Column{table=org.hibernate.mapping.Table(angajati), mappingColumn=functie, insertable=true, updatable=true, unique=false}
21:23:00.835 [Test worker] DEBUG org.hibernate.cfg.annotations.PropertyBinder - Building property functie
21:23:00.835 [Test worker] DEBUG org.hibernate.cfg.Ejb3Column - Binding column: Ejb3Column{table=org.hibernate.mapping.Table(angajati), mappingColumn=id_superior, insertable=true, updatable=true, unique=false}
21:23:00.835 [Test worker] DEBUG org.hibernate.cfg.annotations.PropertyBinder - MetadataSourceProcessor property idSuperior with lazy=false
21:23:00.835 [Test worker] DEBUG org.hibernate.cfg.AbstractPropertyHolder - Attempting to locate auto-apply AttributeConverter for property [domain.Angajat:idSuperior]
21:23:00.835 [Test worker] DEBUG org.hibernate.cfg.annotations.SimpleValueBinder - building SimpleValue for idSuperior
21:23:00.835 [Test worker] DEBUG org.hibernate.cfg.annotations.PropertyBinder - Building property idSuperior
21:23:00.835 [Test worker] DEBUG org.hibernate.cfg.Ejb3Column - Binding column: Ejb3Column{table=org.hibernate.mapping.Table(angajati), mappingColumn=null, insertable=true, updatable=true, unique=false}
21:23:00.835 [Test worker] DEBUG org.hibernate.cfg.Ejb3Column - Binding column: Ejb3Column{table=org.hibernate.mapping.Table(angajati), mappingColumn=element, insertable=true, updatable=true, unique=false}
21:23:00.835 [Test worker] DEBUG org.hibernate.cfg.Ejb3Column - Binding column: Ejb3Column{table=org.hibernate.mapping.Table(angajati), mappingColumn=proiecte_KEY, insertable=true, updatable=true, unique=false}
21:23:00.835 [Test worker] DEBUG org.hibernate.cfg.Ejb3Column - Binding column: Ejb3JoinColumn{logicalColumnName='proiecte_KEY', referencedColumn='null', mappedBy='null'}
21:23:00.835 [Test worker] DEBUG org.hibernate.cfg.Ejb3Column - Binding column: Ejb3JoinColumn{logicalColumnName='id_angajat', referencedColumn='', mappedBy=''}
21:23:00.835 [Test worker] DEBUG org.hibernate.cfg.Ejb3Column - Binding column: Ejb3JoinColumn{logicalColumnName='id_proiect', referencedColumn='', mappedBy=''}
21:23:00.835 [Test worker] DEBUG org.hibernate.cfg.annotations.CollectionBinder - Collection role: domain.Angajat.proiecte
21:23:00.835 [Test worker] DEBUG org.hibernate.cfg.annotations.PropertyBinder - Building property proiecte
21:23:00.835 [Test worker] DEBUG org.hibernate.cfg.AnnotationBinder - Binding entity from annotated class: domain.Concediu
21:23:00.835 [Test worker] DEBUG org.hibernate.cfg.Ejb3Column - Binding column: Ejb3DiscriminatorColumn{logicalColumnName'DTYPE', discriminatorTypeName='string'}
21:23:00.835 [Test worker] DEBUG org.hibernate.cfg.annotations.EntityBinder - Import with entity name Concediu
21:23:00.835 [Test worker] DEBUG org.hibernate.cfg.annotations.EntityBinder - Bind entity domain.Concediu on table concedii
21:23:00.835 [Test worker] DEBUG org.hibernate.cfg.Ejb3Column - Binding column: Ejb3Column{table=org.hibernate.mapping.Table(concedii), mappingColumn=id, insertable=true, updatable=true, unique=false}
21:23:00.835 [Test worker] DEBUG org.hibernate.boot.internal.ClassLoaderAccessImpl - Not known whether passed class name [domain.Concediu] is safe
21:23:00.835 [Test worker] DEBUG org.hibernate.boot.internal.ClassLoaderAccessImpl - No temp ClassLoader provided; using live ClassLoader for loading potentially unsafe class : domain.Concediu
21:23:00.835 [Test worker] DEBUG org.hibernate.cfg.annotations.PropertyBinder - MetadataSourceProcessor property id with lazy=false
21:23:00.835 [Test worker] DEBUG org.hibernate.cfg.AbstractPropertyHolder - Attempting to locate auto-apply AttributeConverter for property [domain.Concediu:id]
21:23:00.835 [Test worker] DEBUG org.hibernate.cfg.annotations.SimpleValueBinder - building SimpleValue for id
21:23:00.835 [Test worker] DEBUG org.hibernate.cfg.annotations.PropertyBinder - Building property id
21:23:00.835 [Test worker] DEBUG org.hibernate.cfg.BinderHelper - #makeIdGenerator(org.hibernate.mapping.SimpleValue([org.hibernate.mapping.Column(id)]), id, identity, , ...)
21:23:00.835 [Test worker] DEBUG org.hibernate.cfg.Ejb3Column - Binding column: Ejb3JoinColumn{logicalColumnName='id_angajat', referencedColumn='', mappedBy=''}
21:23:00.835 [Test worker] DEBUG org.hibernate.cfg.Ejb3Column - Binding column: Ejb3Column{table=org.hibernate.mapping.Table(concedii), mappingColumn=angajat, insertable=true, updatable=true, unique=false}
21:23:00.835 [Test worker] DEBUG org.hibernate.cfg.annotations.PropertyBinder - Building property angajat
21:23:00.835 [Test worker] DEBUG org.hibernate.cfg.Ejb3Column - Binding column: Ejb3Column{table=org.hibernate.mapping.Table(concedii), mappingColumn=data_inceput, insertable=true, updatable=true, unique=false}
21:23:00.835 [Test worker] DEBUG org.hibernate.cfg.annotations.PropertyBinder - MetadataSourceProcessor property dataInceput with lazy=false
21:23:00.835 [Test worker] DEBUG org.hibernate.cfg.AbstractPropertyHolder - Attempting to locate auto-apply AttributeConverter for property [domain.Concediu:dataInceput]
21:23:00.835 [Test worker] DEBUG org.hibernate.cfg.annotations.SimpleValueBinder - building SimpleValue for dataInceput
21:23:00.835 [Test worker] DEBUG org.hibernate.cfg.annotations.PropertyBinder - Building property dataInceput
21:23:00.835 [Test worker] DEBUG org.hibernate.cfg.Ejb3Column - Binding column: Ejb3Column{table=org.hibernate.mapping.Table(concedii), mappingColumn=data_sfarsit, insertable=true, updatable=true, unique=false}
21:23:00.835 [Test worker] DEBUG org.hibernate.cfg.annotations.PropertyBinder - MetadataSourceProcessor property dataSfarsit with lazy=false
21:23:00.835 [Test worker] DEBUG org.hibernate.cfg.AbstractPropertyHolder - Attempting to locate auto-apply AttributeConverter for property [domain.Concediu:dataSfarsit]
21:23:00.835 [Test worker] DEBUG org.hibernate.cfg.annotations.SimpleValueBinder - building SimpleValue for dataSfarsit
21:23:00.835 [Test worker] DEBUG org.hibernate.cfg.annotations.PropertyBinder - Building property dataSfarsit
21:23:00.835 [Test worker] DEBUG org.hibernate.cfg.AnnotationBinder - Binding entity from annotated class: domain.Departament
21:23:00.835 [Test worker] DEBUG org.hibernate.cfg.Ejb3Column - Binding column: Ejb3DiscriminatorColumn{logicalColumnName'DTYPE', discriminatorTypeName='string'}
21:23:00.835 [Test worker] DEBUG org.hibernate.cfg.annotations.EntityBinder - Import with entity name Departament
21:23:00.835 [Test worker] DEBUG org.hibernate.cfg.annotations.EntityBinder - Bind entity domain.Departament on table departamente
21:23:00.835 [Test worker] DEBUG org.hibernate.cfg.Ejb3Column - Binding column: Ejb3Column{table=org.hibernate.mapping.Table(departamente), mappingColumn=id, insertable=true, updatable=true, unique=false}
21:23:00.835 [Test worker] DEBUG org.hibernate.boot.internal.ClassLoaderAccessImpl - Not known whether passed class name [domain.Departament] is safe
21:23:00.835 [Test worker] DEBUG org.hibernate.boot.internal.ClassLoaderAccessImpl - No temp ClassLoader provided; using live ClassLoader for loading potentially unsafe class : domain.Departament
21:23:00.835 [Test worker] DEBUG org.hibernate.cfg.annotations.PropertyBinder - MetadataSourceProcessor property id with lazy=false
21:23:00.835 [Test worker] DEBUG org.hibernate.cfg.AbstractPropertyHolder - Attempting to locate auto-apply AttributeConverter for property [domain.Departament:id]
21:23:00.835 [Test worker] DEBUG org.hibernate.cfg.annotations.SimpleValueBinder - building SimpleValue for id
21:23:00.835 [Test worker] DEBUG org.hibernate.cfg.annotations.PropertyBinder - Building property id
21:23:00.835 [Test worker] DEBUG org.hibernate.cfg.BinderHelper - #makeIdGenerator(org.hibernate.mapping.SimpleValue([org.hibernate.mapping.Column(id)]), id, identity, , ...)
21:23:00.835 [Test worker] DEBUG org.hibernate.cfg.Ejb3Column - Binding column: Ejb3Column{table=org.hibernate.mapping.Table(departamente), mappingColumn=id_director, insertable=true, updatable=true, unique=false}
21:23:00.835 [Test worker] DEBUG org.hibernate.cfg.annotations.PropertyBinder - MetadataSourceProcessor property idDirector with lazy=false
21:23:00.835 [Test worker] DEBUG org.hibernate.cfg.AbstractPropertyHolder - Attempting to locate auto-apply AttributeConverter for property [domain.Departament:idDirector]
21:23:00.835 [Test worker] DEBUG org.hibernate.cfg.annotations.SimpleValueBinder - building SimpleValue for idDirector
21:23:00.835 [Test worker] DEBUG org.hibernate.cfg.annotations.PropertyBinder - Building property idDirector
21:23:00.835 [Test worker] DEBUG org.hibernate.cfg.AnnotationBinder - Binding entity from annotated class: domain.Functie
21:23:00.835 [Test worker] DEBUG org.hibernate.cfg.Ejb3Column - Binding column: Ejb3DiscriminatorColumn{logicalColumnName'DTYPE', discriminatorTypeName='string'}
21:23:00.835 [Test worker] DEBUG org.hibernate.cfg.annotations.EntityBinder - Import with entity name Functie
21:23:00.835 [Test worker] DEBUG org.hibernate.cfg.annotations.EntityBinder - Bind entity domain.Functie on table functii
21:23:00.835 [Test worker] DEBUG org.hibernate.cfg.Ejb3Column - Binding column: Ejb3Column{table=org.hibernate.mapping.Table(functii), mappingColumn=id, insertable=true, updatable=true, unique=false}
21:23:00.835 [Test worker] DEBUG org.hibernate.boot.internal.ClassLoaderAccessImpl - Not known whether passed class name [domain.Functie] is safe
21:23:00.835 [Test worker] DEBUG org.hibernate.boot.internal.ClassLoaderAccessImpl - No temp ClassLoader provided; using live ClassLoader for loading potentially unsafe class : domain.Functie
21:23:00.835 [Test worker] DEBUG org.hibernate.cfg.annotations.PropertyBinder - MetadataSourceProcessor property id with lazy=false
21:23:00.835 [Test worker] DEBUG org.hibernate.cfg.AbstractPropertyHolder - Attempting to locate auto-apply AttributeConverter for property [domain.Functie:id]
21:23:00.835 [Test worker] DEBUG org.hibernate.cfg.annotations.SimpleValueBinder - building SimpleValue for id
21:23:00.835 [Test worker] DEBUG org.hibernate.cfg.annotations.PropertyBinder - Building property id
21:23:00.835 [Test worker] DEBUG org.hibernate.cfg.BinderHelper - #makeIdGenerator(org.hibernate.mapping.SimpleValue([org.hibernate.mapping.Column(id)]), id, identity, , ...)
21:23:00.835 [Test worker] DEBUG org.hibernate.cfg.Ejb3Column - Binding column: Ejb3Column{table=org.hibernate.mapping.Table(functii), mappingColumn=salar_de_baza, insertable=true, updatable=true, unique=false}
21:23:00.835 [Test worker] DEBUG org.hibernate.cfg.annotations.PropertyBinder - MetadataSourceProcessor property salarDeBaza with lazy=false
21:23:00.835 [Test worker] DEBUG org.hibernate.cfg.AbstractPropertyHolder - Attempting to locate auto-apply AttributeConverter for property [domain.Functie:salarDeBaza]
21:23:00.835 [Test worker] DEBUG org.hibernate.cfg.annotations.SimpleValueBinder - building SimpleValue for salarDeBaza
21:23:00.835 [Test worker] DEBUG org.hibernate.cfg.annotations.PropertyBinder - Building property salarDeBaza
21:23:00.835 [Test worker] DEBUG org.hibernate.cfg.AnnotationBinder - Binding entity from annotated class: domain.Proiect
21:23:00.835 [Test worker] DEBUG org.hibernate.cfg.Ejb3Column - Binding column: Ejb3DiscriminatorColumn{logicalColumnName'DTYPE', discriminatorTypeName='string'}
21:23:00.835 [Test worker] DEBUG org.hibernate.cfg.annotations.EntityBinder - Import with entity name Proiect
21:23:00.835 [Test worker] DEBUG org.hibernate.cfg.annotations.EntityBinder - Bind entity domain.Proiect on table proiecte
21:23:00.835 [Test worker] DEBUG org.hibernate.cfg.Ejb3Column - Binding column: Ejb3Column{table=org.hibernate.mapping.Table(proiecte), mappingColumn=id, insertable=true, updatable=true, unique=false}
21:23:00.835 [Test worker] DEBUG org.hibernate.boot.internal.ClassLoaderAccessImpl - Not known whether passed class name [domain.Proiect] is safe
21:23:00.835 [Test worker] DEBUG org.hibernate.boot.internal.ClassLoaderAccessImpl - No temp ClassLoader provided; using live ClassLoader for loading potentially unsafe class : domain.Proiect
21:23:00.835 [Test worker] DEBUG org.hibernate.cfg.annotations.PropertyBinder - MetadataSourceProcessor property id with lazy=false
21:23:00.835 [Test worker] DEBUG org.hibernate.cfg.AbstractPropertyHolder - Attempting to locate auto-apply AttributeConverter for property [domain.Proiect:id]
21:23:00.835 [Test worker] DEBUG org.hibernate.cfg.annotations.SimpleValueBinder - building SimpleValue for id
21:23:00.835 [Test worker] DEBUG org.hibernate.cfg.annotations.PropertyBinder - Building property id
21:23:00.835 [Test worker] DEBUG org.hibernate.cfg.BinderHelper - #makeIdGenerator(org.hibernate.mapping.SimpleValue([org.hibernate.mapping.Column(id)]), id, identity, , ...)
21:23:00.835 [Test worker] DEBUG org.hibernate.cfg.Ejb3Column - Binding column: Ejb3Column{table=org.hibernate.mapping.Table(proiecte), mappingColumn=data_inceput, insertable=true, updatable=true, unique=false}
21:23:00.835 [Test worker] DEBUG org.hibernate.cfg.annotations.PropertyBinder - MetadataSourceProcessor property dataInceput with lazy=false
21:23:00.835 [Test worker] DEBUG org.hibernate.cfg.AbstractPropertyHolder - Attempting to locate auto-apply AttributeConverter for property [domain.Proiect:dataInceput]
21:23:00.835 [Test worker] DEBUG org.hibernate.cfg.annotations.SimpleValueBinder - building SimpleValue for dataInceput
21:23:00.835 [Test worker] DEBUG org.hibernate.cfg.annotations.PropertyBinder - Building property dataInceput
21:23:00.835 [Test worker] DEBUG org.hibernate.cfg.Ejb3Column - Binding column: Ejb3Column{table=org.hibernate.mapping.Table(proiecte), mappingColumn=deadline, insertable=true, updatable=true, unique=false}
21:23:00.835 [Test worker] DEBUG org.hibernate.cfg.annotations.PropertyBinder - MetadataSourceProcessor property deadline with lazy=false
21:23:00.835 [Test worker] DEBUG org.hibernate.cfg.AbstractPropertyHolder - Attempting to locate auto-apply AttributeConverter for property [domain.Proiect:deadline]
21:23:00.835 [Test worker] DEBUG org.hibernate.cfg.annotations.SimpleValueBinder - building SimpleValue for deadline
21:23:00.835 [Test worker] DEBUG org.hibernate.cfg.annotations.PropertyBinder - Building property deadline
21:23:00.835 [Test worker] DEBUG org.hibernate.cfg.annotations.SimpleValueBinder - Starting fillSimpleValue for id
21:23:00.835 [Test worker] DEBUG org.hibernate.cfg.annotations.SimpleValueBinder - Starting fillSimpleValue for dataAngajare
21:23:00.835 [Test worker] DEBUG org.hibernate.cfg.annotations.SimpleValueBinder - Starting fillSimpleValue for idSuperior
21:23:00.835 [Test worker] DEBUG org.hibernate.cfg.annotations.SimpleValueBinder - Starting fillSimpleValue for id
21:23:00.835 [Test worker] DEBUG org.hibernate.cfg.annotations.SimpleValueBinder - Starting fillSimpleValue for dataInceput
21:23:00.835 [Test worker] DEBUG org.hibernate.cfg.annotations.SimpleValueBinder - Starting fillSimpleValue for dataSfarsit
21:23:00.835 [Test worker] DEBUG org.hibernate.cfg.annotations.SimpleValueBinder - Starting fillSimpleValue for id
21:23:00.835 [Test worker] DEBUG org.hibernate.cfg.annotations.SimpleValueBinder - Starting fillSimpleValue for idDirector
21:23:00.835 [Test worker] DEBUG org.hibernate.cfg.annotations.SimpleValueBinder - Starting fillSimpleValue for id
21:23:00.835 [Test worker] DEBUG org.hibernate.cfg.annotations.SimpleValueBinder - Starting fillSimpleValue for salarDeBaza
21:23:00.835 [Test worker] DEBUG org.hibernate.cfg.annotations.SimpleValueBinder - Starting fillSimpleValue for id
21:23:00.835 [Test worker] DEBUG org.hibernate.cfg.annotations.SimpleValueBinder - Starting fillSimpleValue for dataInceput
21:23:00.835 [Test worker] DEBUG org.hibernate.cfg.annotations.SimpleValueBinder - Starting fillSimpleValue for deadline
21:23:00.835 [Test worker] DEBUG org.hibernate.mapping.PrimaryKey - Forcing column [id] to be non-null as it is part of the primary key for table [angajati]
21:23:00.835 [Test worker] DEBUG org.hibernate.mapping.PrimaryKey - Forcing column [id] to be non-null as it is part of the primary key for table [concedii]
21:23:00.835 [Test worker] DEBUG org.hibernate.mapping.PrimaryKey - Forcing column [id] to be non-null as it is part of the primary key for table [departamente]
21:23:00.835 [Test worker] DEBUG org.hibernate.mapping.PrimaryKey - Forcing column [id] to be non-null as it is part of the primary key for table [functii]
21:23:00.835 [Test worker] DEBUG org.hibernate.mapping.PrimaryKey - Forcing column [id] to be non-null as it is part of the primary key for table [proiecte]
21:23:00.835 [Test worker] DEBUG org.hibernate.cfg.CollectionSecondPass - Second pass for collection: domain.Angajat.proiecte
21:23:00.835 [Test worker] DEBUG org.hibernate.cfg.annotations.CollectionBinder - Binding as ManyToMany: domain.Angajat.proiecte
21:23:00.835 [Test worker] DEBUG org.hibernate.mapping.PrimaryKey - Forcing column [id_angajat] to be non-null as it is part of the primary key for table [angajati_proiecte]
21:23:00.835 [Test worker] DEBUG org.hibernate.mapping.PrimaryKey - Forcing column [id_proiect] to be non-null as it is part of the primary key for table [angajati_proiecte]
21:23:00.835 [Test worker] DEBUG org.hibernate.cfg.CollectionSecondPass - Mapped collection key: id_angajat, element: id_proiect
21:23:00.835 [Test worker] DEBUG org.hibernate.cfg.CollectionSecondPass - Second pass for collection: domain.Angajat.departamente
21:23:00.835 [Test worker] DEBUG org.hibernate.cfg.annotations.CollectionBinder - Binding as ManyToMany: domain.Angajat.departamente
21:23:00.835 [Test worker] DEBUG org.hibernate.mapping.PrimaryKey - Forcing column [id_angajat] to be non-null as it is part of the primary key for table [angajati_departamente]
21:23:00.835 [Test worker] DEBUG org.hibernate.mapping.PrimaryKey - Forcing column [id_departament] to be non-null as it is part of the primary key for table [angajati_departamente]
21:23:00.835 [Test worker] DEBUG org.hibernate.cfg.CollectionSecondPass - Mapped collection key: id_angajat, element: id_departament
21:23:00.835 [Test worker] DEBUG org.hibernate.cfg.CollectionSecondPass - Second pass for collection: domain.Angajat.concedii
21:23:00.835 [Test worker] DEBUG org.hibernate.cfg.annotations.CollectionBinder - Binding a OneToMany: domain.Angajat.concedii through a foreign key
21:23:00.835 [Test worker] DEBUG org.hibernate.cfg.annotations.CollectionBinder - Mapping collection: domain.Angajat.concedii -> concedii
21:23:00.835 [Test worker] DEBUG org.hibernate.cfg.annotations.TableBinder - Retrieving property domain.Concediu.angajat
21:23:00.835 [Test worker] DEBUG org.hibernate.cfg.CollectionSecondPass - Mapped collection key: id_angajat, one-to-many: domain.Concediu
21:23:00.835 [Test worker] DEBUG org.hibernate.boot.internal.InFlightMetadataCollectorImpl - Resolving reference to class: domain.Functie
21:23:00.835 [Test worker] DEBUG org.hibernate.boot.internal.InFlightMetadataCollectorImpl - Resolving reference to class: domain.Departament
21:23:00.835 [Test worker] DEBUG org.hibernate.boot.internal.InFlightMetadataCollectorImpl - Resolving reference to class: domain.Angajat
21:23:00.835 [Test worker] DEBUG org.hibernate.boot.internal.InFlightMetadataCollectorImpl - Resolving reference to class: domain.Proiect
21:23:00.835 [Test worker] DEBUG org.hibernate.boot.internal.InFlightMetadataCollectorImpl - Resolving reference to class: domain.Angajat
21:23:00.835 [Test worker] DEBUG org.hibernate.boot.internal.InFlightMetadataCollectorImpl - Resolving reference to class: domain.Angajat
21:23:00.835 [Test worker] DEBUG org.hibernate.boot.internal.InFlightMetadataCollectorImpl - Resolving reference to class: domain.Functie
21:23:00.835 [Test worker] DEBUG org.hibernate.boot.internal.InFlightMetadataCollectorImpl - Resolving reference to class: domain.Departament
21:23:00.835 [Test worker] DEBUG org.hibernate.boot.internal.InFlightMetadataCollectorImpl - Resolving reference to class: domain.Angajat
21:23:00.835 [Test worker] DEBUG org.hibernate.boot.internal.InFlightMetadataCollectorImpl - Resolving reference to class: domain.Proiect
21:23:00.835 [Test worker] DEBUG org.hibernate.boot.internal.InFlightMetadataCollectorImpl - Resolving reference to class: domain.Angajat
21:23:00.835 [Test worker] DEBUG org.hibernate.boot.internal.InFlightMetadataCollectorImpl - Resolving reference to class: domain.Angajat
21:23:00.851 [Test worker] DEBUG org.hibernate.internal.SessionFactoryImpl - Building session factory
21:23:00.851 [Test worker] DEBUG org.hibernate.cfg.Settings - SessionFactory name : null
21:23:00.851 [Test worker] DEBUG org.hibernate.cfg.Settings - Automatic flush during beforeCompletion(): enabled
21:23:00.851 [Test worker] DEBUG org.hibernate.cfg.Settings - Automatic session close at end of transaction: disabled
21:23:00.851 [Test worker] DEBUG org.hibernate.cfg.Settings - Statistics: disabled
21:23:00.851 [Test worker] DEBUG org.hibernate.cfg.Settings - Deleted entity synthetic identifier rollback: disabled
21:23:00.851 [Test worker] DEBUG org.hibernate.cfg.Settings - Default entity-mode: pojo
21:23:00.851 [Test worker] DEBUG org.hibernate.cfg.Settings - Check Nullability in Core (should be disabled when Bean Validation is on): enabled
21:23:00.851 [Test worker] DEBUG org.hibernate.cfg.Settings - Allow initialization of lazy state outside session : enabled
21:23:00.851 [Test worker] DEBUG org.hibernate.cfg.Settings - Using BatchFetchStyle : LEGACY
21:23:00.851 [Test worker] DEBUG org.hibernate.cfg.Settings - Default batch fetch size: -1
21:23:00.851 [Test worker] DEBUG org.hibernate.cfg.Settings - Maximum outer join fetch depth: null
21:23:00.851 [Test worker] DEBUG org.hibernate.cfg.Settings - Default null ordering: NONE
21:23:00.851 [Test worker] DEBUG org.hibernate.cfg.Settings - Order SQL updates by primary key: disabled
21:23:00.851 [Test worker] DEBUG org.hibernate.cfg.Settings - Order SQL inserts for batching: disabled
21:23:00.851 [Test worker] DEBUG org.hibernate.cfg.Settings - multi-tenancy strategy : NONE
21:23:00.851 [Test worker] DEBUG org.hibernate.cfg.Settings - JTA Track by Thread: enabled
21:23:00.851 [Test worker] DEBUG org.hibernate.cfg.Settings - Query language substitutions: {}
21:23:00.851 [Test worker] DEBUG org.hibernate.cfg.Settings - Named query checking : enabled
21:23:00.851 [Test worker] DEBUG org.hibernate.cfg.Settings - Second-level cache: disabled
21:23:00.851 [Test worker] DEBUG org.hibernate.cfg.Settings - Second-level query cache: disabled
21:23:00.851 [Test worker] DEBUG org.hibernate.cfg.Settings - Second-level query cache factory: null
21:23:00.851 [Test worker] DEBUG org.hibernate.cfg.Settings - Second-level cache region prefix: null
21:23:00.851 [Test worker] DEBUG org.hibernate.cfg.Settings - Optimize second-level cache for minimal puts: disabled
21:23:00.851 [Test worker] DEBUG org.hibernate.cfg.Settings - Structured second-level cache entries: disabled
21:23:00.851 [Test worker] DEBUG org.hibernate.cfg.Settings - Second-level cache direct-reference entries: disabled
21:23:00.851 [Test worker] DEBUG org.hibernate.cfg.Settings - Automatic eviction of collection cache: disabled
21:23:00.851 [Test worker] DEBUG org.hibernate.cfg.Settings - JDBC batch size: 0
21:23:00.851 [Test worker] DEBUG org.hibernate.cfg.Settings - JDBC batch updates for versioned data: enabled
21:23:00.851 [Test worker] DEBUG org.hibernate.cfg.Settings - Scrollable result sets: disabled
21:23:00.851 [Test worker] DEBUG org.hibernate.cfg.Settings - Wrap result sets: disabled
21:23:00.851 [Test worker] DEBUG org.hibernate.cfg.Settings - JDBC3 getGeneratedKeys(): enabled
21:23:00.851 [Test worker] DEBUG org.hibernate.cfg.Settings - JDBC result set fetch size: null
21:23:00.851 [Test worker] DEBUG org.hibernate.cfg.Settings - Connection release mode: AFTER_TRANSACTION
21:23:00.851 [Test worker] DEBUG org.hibernate.cfg.Settings - Generate SQL with comments: disabled
21:23:00.851 [Test worker] DEBUG org.hibernate.cfg.Settings - JPA compliance - query : disabled
21:23:00.851 [Test worker] DEBUG org.hibernate.cfg.Settings - JPA compliance - closed-handling : disabled
21:23:00.851 [Test worker] DEBUG org.hibernate.cfg.Settings - JPA compliance - lists : disabled
21:23:00.851 [Test worker] DEBUG org.hibernate.cfg.Settings - JPA compliance - transactions : disabled
21:23:00.851 [Test worker] DEBUG org.hibernate.internal.SessionFactoryImpl - Session factory constructed with filter configurations : {}
21:23:00.851 [Test worker] DEBUG org.hibernate.internal.SessionFactoryImpl - Instantiating session factory with properties: {sun.desktop=windows, awt.toolkit=sun.awt.windows.WToolkit, dialect=utils.SQLiteDialect, java.specification.version=11, sun.cpu.isalist=amd64, sun.jnu.encoding=Cp1250, hibernate.dialect=utils.SQLiteDialect, org.gradle.test.worker=3, java.class.path=C:\\Users\\Dan\\.gradle\\caches\\6.8\\workerMain\\gradle-worker.jar;D:\\Facultate\\Projects\\OrganizareCompanie\\build\\classes\\java\\test;D:\\Facultate\\Projects\\OrganizareCompanie\\build\\resources\\test;D:\\Facultate\\Projects\\OrganizareCompanie\\build\\classes\\java\\main;D:\\Facultate\\Projects\\OrganizareCompanie\\build\\resources\\main;C:\\Users\\Dan\\.gradle\\caches\\modules-2\\files-2.1\\org.springframework.boot\\spring-boot-starter-web\\2.4.3\\4f5554ea183af87e52d8c31bb82aada0d74c40b0\\spring-boot-starter-web-2.4.3.jar;C:\\Users\\Dan\\.gradle\\caches\\modules-2\\files-2.1\\org.xerial\\sqlite-jdbc\\3.34.0\\fd29bb0124e3f79c80b2753162a6a3873c240bcf\\sqlite-jdbc-3.34.0.jar;C:\\Users\\Dan\\.gradle\\caches\\modules-2\\files-2.1\\org.hibernate\\hibernate-java8\\5.1.0.Final\\2bb534acab4f8485a821f0e4d6a2c8df617ee86a\\hibernate-java8-5.1.0.Final.jar;C:\\Users\\Dan\\.gradle\\caches\\modules-2\\files-2.1\\org.hibernate\\hibernate-core\\5.4.29.Final\\74b7c9ad3cb57ae4fd0187480a76f137a7fc3f38\\hibernate-core-5.4.29.Final.jar;C:\\Users\\Dan\\.gradle\\caches\\modules-2\\files-2.1\\org.junit.platform\\junit-platform-engine\\1.7.0\\eadb73c5074a4ac71061defd00fc176152a4d12c\\junit-platform-engine-1.7.0.jar;C:\\Users\\Dan\\.gradle\\caches\\modules-2\\files-2.1\\org.junit.platform\\junit-platform-commons\\1.7.0\\84e309fbf21d857aac079a3c1fffd84284e1114d\\junit-platform-commons-1.7.0.jar;C:\\Users\\Dan\\.gradle\\caches\\modules-2\\files-2.1\\org.junit.jupiter\\junit-jupiter-engine\\5.7.0\\d9044d6b45e2232ddd53fa56c15333e43d1749fd\\junit-jupiter-engine-5.7.0.jar;C:\\Users\\Dan\\.gradle\\caches\\modules-2\\files-2.1\\org.junit.jupiter\\junit-jupiter-api\\5.7.0\\b25f3815c4c1860a73041e733a14a0379d00c4d5\\junit-jupiter-api-5.7.0.jar;C:\\Users\\Dan\\.gradle\\caches\\modules-2\\files-2.1\\org.springframework.boot\\spring-boot-starter-json\\2.4.3\\7b26abb0a0379a00b58a2a50e010b29cf4f16b80\\spring-boot-starter-json-2.4.3.jar;C:\\Users\\Dan\\.gradle\\caches\\modules-2\\files-2.1\\org.springframework.boot\\spring-boot-starter\\2.4.3\\fd8bc0fb5f5aaefb4d6c8b77eb61563aab840c11\\spring-boot-starter-2.4.3.jar;C:\\Users\\Dan\\.gradle\\caches\\modules-2\\files-2.1\\org.springframework.boot\\spring-boot-starter-tomcat\\2.4.3\\4ba28aae05a259625e7e92f8e7338c5e1d22de35\\spring-boot-starter-tomcat-2.4.3.jar;C:\\Users\\Dan\\.gradle\\caches\\modules-2\\files-2.1\\org.springframework\\spring-webmvc\\5.3.4\\8dd52fbe8eafcc7c80998087ec6635baf7a98c20\\spring-webmvc-5.3.4.jar;C:\\Users\\Dan\\.gradle\\caches\\modules-2\\files-2.1\\org.springframework\\spring-web\\5.3.4\\d93829e24a50ed22e781f2302680a210cac5ee84\\spring-web-5.3.4.jar;C:\\Users\\Dan\\.gradle\\caches\\modules-2\\files-2.1\\org.hibernate.common\\hibernate-commons-annotations\\5.1.2.Final\\e59ffdbc6ad09eeb33507b39ffcf287679a498c8\\hibernate-commons-annotations-5.1.2.Final.jar;C:\\Users\\Dan\\.gradle\\caches\\modules-2\\files-2.1\\org.jboss.logging\\jboss-logging\\3.4.1.Final\\40fd4d696c55793e996d1ff3c475833f836c2498\\jboss-logging-3.4.1.Final.jar;C:\\Users\\Dan\\.gradle\\caches\\modules-2\\files-2.1\\javax.persistence\\javax.persistence-api\\2.2\\25665ac8c0b62f50e6488173233239120fc52c96\\javax.persistence-api-2.2.jar;C:\\Users\\Dan\\.gradle\\caches\\modules-2\\files-2.1\\org.javassist\\javassist\\3.27.0-GA\\f63e6aa899e15eca8fdaa402a79af4c417252213\\javassist-3.27.0-GA.jar;C:\\Users\\Dan\\.gradle\\caches\\modules-2\\files-2.1\\net.bytebuddy\\byte-buddy\\1.10.21\\5abe8e141cac9d50a721a22d9c188b3bf19ad0aa\\byte-buddy-1.10.21.jar;C:\\Users\\Dan\\.gradle\\caches\\modules-2\\files-2.1\\antlr\\antlr\\2.7.7\\83cd2cd674a217ade95a4bb83a8a14f351f48bd0\\antlr-2.7.7.jar;C:\\Users\\Dan\\.gradle\\caches\\modules-2\\files-2.1\\org.jboss.spec.javax.transaction\\jboss-transaction-api_1.2_spec\\1.1.1.Final\\a8485cab9484dda36e9a8c319e76b5cc18797b58\\jboss-transaction-api_1.2_spec-1.1.1.Final.jar;C:\\Users\\Dan\\.gradle\\caches\\modules-2\\files-2.1\\org.jboss\\jandex\\2.2.3.Final\\d3865101f0666b63586683bd811d754517f331ab\\jandex-2.2.3.Final.jar;C:\\Users\\Dan\\.gradle\\caches\\modules-2\\files-2.1\\com.fasterxml\\classmate\\1.5.1\\3fe0bed568c62df5e89f4f174c101eab25345b6c\\classmate-1.5.1.jar;C:\\Users\\Dan\\.gradle\\caches\\modules-2\\files-2.1\\org.glassfish.jaxb\\jaxb-runtime\\2.3.1\\dd6dda9da676a54c5b36ca2806ff95ee017d8738\\jaxb-runtime-2.3.1.jar;C:\\Users\\Dan\\.gradle\\caches\\modules-2\\files-2.1\\javax.xml.bind\\jaxb-api\\2.3.1\\8531ad5ac454cc2deb9d4d32c40c4d7451939b5d\\jaxb-api-2.3.1.jar;C:\\Users\\Dan\\.gradle\\caches\\modules-2\\files-2.1\\javax.activation\\javax.activation-api\\1.2.0\\85262acf3ca9816f9537ca47d5adeabaead7cb16\\javax.activation-api-1.2.0.jar;C:\\Users\\Dan\\.gradle\\caches\\modules-2\\files-2.1\\org.dom4j\\dom4j\\2.1.3\\a75914155a9f5808963170ec20653668a2ffd2fd\\dom4j-2.1.3.jar;C:\\Users\\Dan\\.gradle\\caches\\modules-2\\files-2.1\\org.apiguardian\\apiguardian-api\\1.1.0\\fc9dff4bb36d627bdc553de77e1f17efd790876c\\apiguardian-api-1.1.0.jar;C:\\Users\\Dan\\.gradle\\caches\\modules-2\\files-2.1\\org.opentest4j\\opentest4j\\1.2.0\\28c11eb91f9b6d8e200631d46e20a7f407f2a046\\opentest4j-1.2.0.jar;C:\\Users\\Dan\\.gradle\\caches\\modules-2\\files-2.1\\org.springframework.boot\\spring-boot-autoconfigure\\2.4.3\\2f8e1e682e55f70c8ea557982c7adb1256f41bcf\\spring-boot-autoconfigure-2.4.3.jar;C:\\Users\\Dan\\.gradle\\caches\\modules-2\\files-2.1\\org.springframework.boot\\spring-boot\\2.4.3\\de2bd17a8eb9bc3dfa629aa06f2e9fe3bf603c85\\spring-boot-2.4.3.jar;C:\\Users\\Dan\\.gradle\\caches\\modules-2\\files-2.1\\org.springframework.boot\\spring-boot-starter-logging\\2.4.3\\64687abc2255d18cd6592cbb20fa3bee3379cec8\\spring-boot-starter-logging-2.4.3.jar;C:\\Users\\Dan\\.gradle\\caches\\modules-2\\files-2.1\\jakarta.annotation\\jakarta.annotation-api\\1.3.5\\59eb84ee0d616332ff44aba065f3888cf002cd2d\\jakarta.annotation-api-1.3.5.jar;C:\\Users\\Dan\\.gradle\\caches\\modules-2\\files-2.1\\org.springframework\\spring-context\\5.3.4\\fbeadeb0e4d272599a938ec345e99e5f9a76e919\\spring-context-5.3.4.jar;C:\\Users\\Dan\\.gradle\\caches\\modules-2\\files-2.1\\org.springframework\\spring-aop\\5.3.4\\b7180a6427ab524bc1cbd31bf38dd2182632515f\\spring-aop-5.3.4.jar;C:\\Users\\Dan\\.gradle\\caches\\modules-2\\files-2.1\\org.springframework\\spring-beans\\5.3.4\\ac6c5ea0ba82f555405f74104cf378f8071c6d25\\spring-beans-5.3.4.jar;C:\\Users\\Dan\\.gradle\\caches\\modules-2\\files-2.1\\org.springframework\\spring-expression\\5.3.4\\42b71fa955e43a86471509aef14cefe756fc3794\\spring-expression-5.3.4.jar;C:\\Users\\Dan\\.gradle\\caches\\modules-2\\files-2.1\\org.springframework\\spring-core\\5.3.4\\46c1f8abd9e02a292c42a257350f365cec152b5d\\spring-core-5.3.4.jar;C:\\Users\\Dan\\.gradle\\caches\\modules-2\\files-2.1\\org.yaml\\snakeyaml\\1.27\\359d62567480b07a679dc643f82fc926b100eed5\\snakeyaml-1.27.jar;C:\\Users\\Dan\\.gradle\\caches\\modules-2\\files-2.1\\com.fasterxml.jackson.datatype\\jackson-datatype-jdk8\\2.11.4\\e1540dea3c6c681ea4e335a960f730861ee3bedb\\jackson-datatype-jdk8-2.11.4.jar;C:\\Users\\Dan\\.gradle\\caches\\modules-2\\files-2.1\\com.fasterxml.jackson.datatype\\jackson-datatype-jsr310\\2.11.4\\ce6fc76bba06623720e5a9308386b6ae74753f4d\\jackson-datatype-jsr310-2.11.4.jar;C:\\Users\\Dan\\.gradle\\caches\\modules-2\\files-2.1\\com.fasterxml.jackson.module\\jackson-module-parameter-names\\2.11.4\\432e050d79f2282a66c320375d628f1b0842cb12\\jackson-module-parameter-names-2.11.4.jar;C:\\Users\\Dan\\.gradle\\caches\\modules-2\\files-2.1\\com.fasterxml.jackson.core\\jackson-databind\\2.11.4\\5d9f3d441f99d721b957e3497f0a6465c764fad4\\jackson-databind-2.11.4.jar;C:\\Users\\Dan\\.gradle\\caches\\modules-2\\files-2.1\\org.apache.tomcat.embed\\tomcat-embed-websocket\\9.0.43\\78232648dde1a5fd5093f0a3999e593d208e2eab\\tomcat-embed-websocket-9.0.43.jar;C:\\Users\\Dan\\.gradle\\caches\\modules-2\\files-2.1\\org.apache.tomcat.embed\\tomcat-embed-core\\9.0.43\\1d102277426bdd5b12f048731a91665bb69347d1\\tomcat-embed-core-9.0.43.jar;C:\\Users\\Dan\\.gradle\\caches\\modules-2\\files-2.1\\org.glassfish\\jakarta.el\\3.0.3\\dab46ee1ee23f7197c13d7c40fce14817c9017df\\jakarta.el-3.0.3.jar;C:\\Users\\Dan\\.gradle\\caches\\modules-2\\files-2.1\\org.glassfish.jaxb\\txw2\\2.3.1\\a09d2c48d3285f206fafbffe0e50619284e92126\\txw2-2.3.1.jar;C:\\Users\\Dan\\.gradle\\caches\\modules-2\\files-2.1\\com.sun.istack\\istack-commons-runtime\\3.0.7\\c197c86ceec7318b1284bffb49b54226ca774003\\istack-commons-runtime-3.0.7.jar;C:\\Users\\Dan\\.gradle\\caches\\modules-2\\files-2.1\\org.jvnet.staxex\\stax-ex\\1.8\\8cc35f73da321c29973191f2cf143d29d26a1df7\\stax-ex-1.8.jar;C:\\Users\\Dan\\.gradle\\caches\\modules-2\\files-2.1\\com.sun.xml.fastinfoset\\FastInfoset\\1.2.15\\bb7b7ec0379982b97c62cd17465cb6d9155f68e8\\FastInfoset-1.2.15.jar;C:\\Users\\Dan\\.gradle\\caches\\modules-2\\files-2.1\\ch.qos.logback\\logback-classic\\1.2.3\\7c4f3c474fb2c041d8028740440937705ebb473a\\logback-classic-1.2.3.jar;C:\\Users\\Dan\\.gradle\\caches\\modules-2\\files-2.1\\org.apache.logging.log4j\\log4j-to-slf4j\\2.13.3\\966f6fd1af4959d6b12bfa880121d4a2b164f857\\log4j-to-slf4j-2.13.3.jar;C:\\Users\\Dan\\.gradle\\caches\\modules-2\\files-2.1\\org.slf4j\\jul-to-slf4j\\1.7.30\\d58bebff8cbf70ff52b59208586095f467656c30\\jul-to-slf4j-1.7.30.jar;C:\\Users\\Dan\\.gradle\\caches\\modules-2\\files-2.1\\org.springframework\\spring-jcl\\5.3.4\\ca012eb4e9e57f767aa9d5e51fe9a09b28140808\\spring-jcl-5.3.4.jar;C:\\Users\\Dan\\.gradle\\caches\\modules-2\\files-2.1\\com.fasterxml.jackson.core\\jackson-annotations\\2.11.4\\2c3f5c079330f3a01726686a078979420f547ae4\\jackson-annotations-2.11.4.jar;C:\\Users\\Dan\\.gradle\\caches\\modules-2\\files-2.1\\com.fasterxml.jackson.core\\jackson-core\\2.11.4\\593f7b18bab07a76767f181e2a2336135ce82cc4\\jackson-core-2.11.4.jar;C:\\Users\\Dan\\.gradle\\caches\\modules-2\\files-2.1\\ch.qos.logback\\logback-core\\1.2.3\\864344400c3d4d92dfeb0a305dc87d953677c03c\\logback-core-1.2.3.jar;C:\\Users\\Dan\\.gradle\\caches\\modules-2\\files-2.1\\org.slf4j\\slf4j-api\\1.7.30\\b5a4b6d16ab13e34a88fae84c35cd5d68cac922c\\slf4j-api-1.7.30.jar;C:\\Users\\Dan\\.gradle\\caches\\modules-2\\files-2.1\\org.apache.logging.log4j\\log4j-api\\2.13.3\\ec1508160b93d274b1add34419b897bae84c6ca9\\log4j-api-2.13.3.jar, java.vm.vendor=Oracle Corporation, sun.arch.data.model=64, user.variant=, java.vendor.url=http://java.oracle.com/, user.timezone=Europe/Athens, os.name=Windows 10, java.vm.specification.version=11, user.country=US, sun.java.launcher=SUN_STANDARD, sun.boot.library.path=C:\Program Files\Java\jdk-11.0.6\bin, sun.java.command=worker.org.gradle.process.internal.worker.GradleWorkerMain 'Gradle Test Executor 3', jdk.debug=release, sun.cpu.endian=little, user.home=C:\Users\Dan, user.language=en, java.specification.vendor=Oracle Corporation, org.gradle.native=false, java.version.date=2020-01-14, java.home=C:\Program Files\Java\jdk-11.0.6, file.separator=\, java.vm.compressedOopsMode=32-bit, line.separator=
, java.specification.name=Java Platform API Specification, java.vm.specification.vendor=Oracle Corporation, java.awt.graphicsenv=sun.awt.Win32GraphicsEnvironment, hibernate.hbm2ddl.auto=update, user.script=, sun.management.compiler=HotSpot 64-Bit Tiered Compilers, java.runtime.version=11.0.6+8-LTS, user.name=Dan, path.separator=;, hibernate.connection.username=****, os.version=10.0, hibernate.enable_lazy_load_no_trans=true, java.runtime.name=Java(TM) SE Runtime Environment, hibernate.connection.url=jdbc:sqlite:D:\Facultate\Projects\OrganizareCompanie\database, file.encoding=windows-1250, java.vm.name=Java HotSpot(TM) 64-Bit Server VM, hibernate.show_sql=true, java.vendor.version=18.9, hibernate.current_session_context_class=thread, hibernate.connection.driver_class=org.sqlite.JDBC, java.vendor.url.bug=http://bugreport.java.com/bugreport/, java.io.tmpdir=C:\Users\Dan\AppData\Local\Temp\, java.version=11.0.6, user.dir=D:\Facultate\Projects\OrganizareCompanie, os.arch=amd64, java.vm.specification.name=Java Virtual Machine Specification, java.awt.printerjob=sun.awt.windows.WPrinterJob, hibernate.connection.password=****, sun.os.patch.level=, connection.driver_class=org.sqlite.JDBC, hibernate.boot.CfgXmlAccessService.key=org.hibernate.boot.cfgxml.spi.LoadedConfig@67e07ade, java.library.path=C:\Program Files\Java\jdk-11.0.6\bin;C:\WINDOWS\Sun\Java\bin;C:\WINDOWS\system32;C:\WINDOWS;;C:\Python38\Scripts\;C:\Python38\;D:\Facultate\Scripts\;D:\Facultate\;C:\Users\Dan\Desktop\Facultate 2018-2019\Semestrul I\Fundamentele programarii\Python\Scripts\;C:\Users\Dan\Desktop\Facultate 2018-2019\Semestrul I\Fundamentele programarii\Python\;C:\Users\Dan\Desktop\Facultate 2018-2019\Semestrul I\Fundamentele programarii\Scripts\;C:\Users\Dan\Desktop\Facultate 2018-2019\Semestrul I\Fundamentele programarii\;C:\WINDOWS\system32;C:\WINDOWS;C:\WINDOWS\System32\Wbem;C:\WINDOWS\System32\WindowsPowerShell\v1.0\;C:\WINDOWS\System32\OpenSSH\;D:\Facultate\PuTTY\;C:\Program Files\dotnet\;C:\Program Files\Microsoft SQL Server\Client SDK\ODBC\170\Tools\Binn\;C:\Users\Dan\Proto\bin;D:\Facultate\NodeJS\;C:\ProgramData\chocolatey\bin;C:\Program Files\Git\cmd;C:\Program Files\Java\jdk-10.0.2\bin;C:\Program Files (x86)\GnuWin32\bin;C:\MinGW\bin;C:\Program Files\Java\jdk-11.0.6\bin;C:\WINDOWS\system32;C:\WINDOWS;C:\WINDOWS\System32\Wbem;C:\WINDOWS\System32\WindowsPowerShell\v1.0\;C:\WINDOWS\System32\OpenSSH\;C:\Program Files\Intel\WiFi\bin\;C:\Program Files\Common Files\Intel\WirelessCommon\;D:\Facultate\Python\Scripts\;D:\Facultate\Python\;C:\Users\Dan\AppData\Local\Microsoft\WindowsApps;C:\Users\Dan\AppData\Local\GitHubDesktop\bin;C:\Users\Dan\AppData\Roaming\npm;D:\Facultate\Microsoft VS Code\bin;C:\Users\Dan\AppData\Local\Microsoft\WindowsApps;C:\Users\Dan\Documents\driver;;., java.vendor=Oracle Corporation, java.vm.info=mixed mode, java.vm.version=11.0.6+8-LTS, hibernate.bytecode.use_reflection_optimizer=false, sun.io.unicode.encoding=UnicodeLittle, hibernate.connection.pool_size=1, connection.url=jdbc:sqlite:D:\Facultate\Projects\OrganizareCompanie\database, java.class.version=55.0}
21:23:00.851 [Test worker] DEBUG org.hibernate.secure.spi.JaccIntegrator - Skipping JACC integration as it was not enabled
21:23:00.851 [Test worker] DEBUG org.hibernate.internal.SessionFactoryImpl - Instantiated session factory
21:23:00.851 [Test worker] DEBUG org.hibernate.type.spi.TypeConfiguration$Scope - Scoping TypeConfiguration [org.hibernate.type.spi.TypeConfiguration@5e33a70d] to SessionFactoryImpl [org.hibernate.internal.SessionFactoryImpl@af925b2]
21:23:00.851 [Test worker] DEBUG org.hibernate.boot.internal.ClassLoaderAccessImpl - Not known whether passed class name [domain.Functie] is safe
21:23:00.851 [Test worker] DEBUG org.hibernate.boot.internal.ClassLoaderAccessImpl - No temp ClassLoader provided; using live ClassLoader for loading potentially unsafe class : domain.Functie
21:23:00.851 [Test worker] DEBUG org.hibernate.boot.internal.ClassLoaderAccessImpl - Not known whether passed class name [domain.Departament] is safe
21:23:00.851 [Test worker] DEBUG org.hibernate.boot.internal.ClassLoaderAccessImpl - No temp ClassLoader provided; using live ClassLoader for loading potentially unsafe class : domain.Departament
21:23:00.851 [Test worker] DEBUG org.hibernate.boot.internal.ClassLoaderAccessImpl - Not known whether passed class name [domain.Angajat] is safe
21:23:00.851 [Test worker] DEBUG org.hibernate.boot.internal.ClassLoaderAccessImpl - No temp ClassLoader provided; using live ClassLoader for loading potentially unsafe class : domain.Angajat
21:23:00.866 [Test worker] DEBUG org.hibernate.boot.internal.ClassLoaderAccessImpl - Not known whether passed class name [domain.Proiect] is safe
21:23:00.866 [Test worker] DEBUG org.hibernate.boot.internal.ClassLoaderAccessImpl - No temp ClassLoader provided; using live ClassLoader for loading potentially unsafe class : domain.Proiect
21:23:00.866 [Test worker] DEBUG org.hibernate.boot.internal.ClassLoaderAccessImpl - Not known whether passed class name [domain.Concediu] is safe
21:23:00.866 [Test worker] DEBUG org.hibernate.boot.internal.ClassLoaderAccessImpl - No temp ClassLoader provided; using live ClassLoader for loading potentially unsafe class : domain.Concediu
21:23:00.866 [Test worker] DEBUG org.hibernate.persister.collection.AbstractCollectionPersister - Static SQL for collection: domain.Angajat.proiecte
21:23:00.866 [Test worker] DEBUG org.hibernate.persister.collection.AbstractCollectionPersister -  Row insert: insert into angajati_proiecte (id_angajat, id_proiect) values (?, ?)
21:23:00.866 [Test worker] DEBUG org.hibernate.persister.collection.AbstractCollectionPersister -  Row update: update angajati_proiecte set id_proiect=? where id_angajat=? and id_proiect=?
21:23:00.866 [Test worker] DEBUG org.hibernate.persister.collection.AbstractCollectionPersister -  Row delete: delete from angajati_proiecte where id_angajat=? and id_proiect=?
21:23:00.866 [Test worker] DEBUG org.hibernate.persister.collection.AbstractCollectionPersister -  One-shot delete: delete from angajati_proiecte where id_angajat=?
21:23:00.866 [Test worker] DEBUG org.hibernate.persister.collection.AbstractCollectionPersister - Static SQL for collection: domain.Angajat.concedii
21:23:00.866 [Test worker] DEBUG org.hibernate.persister.collection.AbstractCollectionPersister -  Row insert: update concedii set id_angajat=? where id=?
21:23:00.866 [Test worker] DEBUG org.hibernate.persister.collection.AbstractCollectionPersister -  Row update: update concedii set  where id=?
21:23:00.866 [Test worker] DEBUG org.hibernate.persister.collection.AbstractCollectionPersister -  Row delete: update concedii set id_angajat=null where id_angajat=? and id=?
21:23:00.866 [Test worker] DEBUG org.hibernate.persister.collection.AbstractCollectionPersister -  One-shot delete: update concedii set id_angajat=null where id_angajat=?
21:23:00.866 [Test worker] DEBUG org.hibernate.persister.collection.AbstractCollectionPersister - Static SQL for collection: domain.Angajat.departamente
21:23:00.866 [Test worker] DEBUG org.hibernate.persister.collection.AbstractCollectionPersister -  Row insert: insert into angajati_departamente (id_angajat, id_departament) values (?, ?)
21:23:00.866 [Test worker] DEBUG org.hibernate.persister.collection.AbstractCollectionPersister -  Row update: update angajati_departamente set id_departament=? where id_angajat=? and id_departament=?
21:23:00.866 [Test worker] DEBUG org.hibernate.persister.collection.AbstractCollectionPersister -  Row delete: delete from angajati_departamente where id_angajat=? and id_departament=?
21:23:00.866 [Test worker] DEBUG org.hibernate.persister.collection.AbstractCollectionPersister -  One-shot delete: delete from angajati_departamente where id_angajat=?
21:23:00.866 [Test worker] DEBUG org.hibernate.persister.entity.AbstractEntityPersister - Static SQL for entity: domain.Functie
21:23:00.866 [Test worker] DEBUG org.hibernate.persister.entity.AbstractEntityPersister -  Version select: select id from functii where id =?
21:23:00.866 [Test worker] DEBUG org.hibernate.persister.entity.AbstractEntityPersister -  Snapshot select: select functie_.id, functie_.salar_de_baza as salar_de2_5_ from functii functie_ where functie_.id=?
21:23:00.866 [Test worker] DEBUG org.hibernate.persister.entity.AbstractEntityPersister -  Insert 0: insert into functii (salar_de_baza, id) values (?, ?)
21:23:00.866 [Test worker] DEBUG org.hibernate.persister.entity.AbstractEntityPersister -  Update 0: update functii set salar_de_baza=? where id=?
21:23:00.866 [Test worker] DEBUG org.hibernate.persister.entity.AbstractEntityPersister -  Delete 0: delete from functii where id=?
21:23:00.866 [Test worker] DEBUG org.hibernate.persister.entity.AbstractEntityPersister -  Identity insert: insert into functii (salar_de_baza) values (?)
21:23:00.866 [Test worker] DEBUG org.hibernate.loader.plan.build.internal.spaces.QuerySpacesImpl - Adding QuerySpace : uid = <gen:0> -> org.hibernate.loader.plan.build.internal.spaces.EntityQuerySpaceImpl@705b354d]
21:23:00.866 [Test worker] DEBUG org.hibernate.persister.walking.spi.MetamodelGraphWalker - Visiting attribute path : salarDeBaza
21:23:00.866 [Test worker] DEBUG org.hibernate.loader.plan.build.internal.FetchStyleLoadPlanBuildingAssociationVisitationStrategy - Building LoadPlan...
21:23:00.866 [Test worker] DEBUG org.hibernate.loader.plan.exec.internal.LoadQueryJoinAndFetchProcessor - processing queryspace <gen:0>
21:23:00.866 [Test worker] DEBUG org.hibernate.loader.plan.build.spi.LoadPlanTreePrinter - LoadPlan(entity=domain.Functie)
    - Returns
       - EntityReturnImpl(entity=domain.Functie, querySpaceUid=<gen:0>, path=domain.Functie)
    - QuerySpaces
       - EntityQuerySpaceImpl(uid=<gen:0>, entity=domain.Functie)
          - SQL table alias mapping - functie0_
          - alias suffix - 0_
          - suffixed key columns - {id1_5_0_}

21:23:00.866 [Test worker] DEBUG org.hibernate.loader.entity.plan.EntityLoader - Static select for entity domain.Functie [NONE]: select functie0_.id as id1_5_0_, functie0_.salar_de_baza as salar_de2_5_0_ from functii functie0_ where functie0_.id=?
21:23:00.866 [Test worker] DEBUG org.hibernate.persister.entity.AbstractEntityPersister - Static SQL for entity: domain.Departament
21:23:00.866 [Test worker] DEBUG org.hibernate.persister.entity.AbstractEntityPersister -  Version select: select id from departamente where id =?
21:23:00.866 [Test worker] DEBUG org.hibernate.persister.entity.AbstractEntityPersister -  Snapshot select: select departamen_.id, departamen_.id_director as id_direc2_4_ from departamente departamen_ where departamen_.id=?
21:23:00.866 [Test worker] DEBUG org.hibernate.persister.entity.AbstractEntityPersister -  Insert 0: insert into departamente (id_director, id) values (?, ?)
21:23:00.866 [Test worker] DEBUG org.hibernate.persister.entity.AbstractEntityPersister -  Update 0: update departamente set id_director=? where id=?
21:23:00.866 [Test worker] DEBUG org.hibernate.persister.entity.AbstractEntityPersister -  Delete 0: delete from departamente where id=?
21:23:00.866 [Test worker] DEBUG org.hibernate.persister.entity.AbstractEntityPersister -  Identity insert: insert into departamente (id_director) values (?)
21:23:00.866 [Test worker] DEBUG org.hibernate.loader.plan.build.internal.spaces.QuerySpacesImpl - Adding QuerySpace : uid = <gen:0> -> org.hibernate.loader.plan.build.internal.spaces.EntityQuerySpaceImpl@6bf77b68]
21:23:00.866 [Test worker] DEBUG org.hibernate.persister.walking.spi.MetamodelGraphWalker - Visiting attribute path : idDirector
21:23:00.866 [Test worker] DEBUG org.hibernate.loader.plan.build.internal.FetchStyleLoadPlanBuildingAssociationVisitationStrategy - Building LoadPlan...
21:23:00.866 [Test worker] DEBUG org.hibernate.loader.plan.exec.internal.LoadQueryJoinAndFetchProcessor - processing queryspace <gen:0>
21:23:00.866 [Test worker] DEBUG org.hibernate.loader.plan.build.spi.LoadPlanTreePrinter - LoadPlan(entity=domain.Departament)
    - Returns
       - EntityReturnImpl(entity=domain.Departament, querySpaceUid=<gen:0>, path=domain.Departament)
    - QuerySpaces
       - EntityQuerySpaceImpl(uid=<gen:0>, entity=domain.Departament)
          - SQL table alias mapping - departamen0_
          - alias suffix - 0_
          - suffixed key columns - {id1_4_0_}

21:23:00.866 [Test worker] DEBUG org.hibernate.loader.entity.plan.EntityLoader - Static select for entity domain.Departament [NONE]: select departamen0_.id as id1_4_0_, departamen0_.id_director as id_direc2_4_0_ from departamente departamen0_ where departamen0_.id=?
21:23:00.866 [Test worker] DEBUG org.hibernate.persister.entity.AbstractEntityPersister - Static SQL for entity: domain.Angajat
21:23:00.866 [Test worker] DEBUG org.hibernate.persister.entity.AbstractEntityPersister -  Version select: select id from angajati where id =?
21:23:00.866 [Test worker] DEBUG org.hibernate.persister.entity.AbstractEntityPersister -  Snapshot select: select angajat_.id, angajat_.data_angajare as data_ang2_0_, angajat_.functie_id as functie_4_0_, angajat_.id_superior as id_super3_0_ from angajati angajat_ where angajat_.id=?
21:23:00.866 [Test worker] DEBUG org.hibernate.persister.entity.AbstractEntityPersister -  Insert 0: insert into angajati (data_angajare, functie_id, id_superior, id) values (?, ?, ?, ?)
21:23:00.866 [Test worker] DEBUG org.hibernate.persister.entity.AbstractEntityPersister -  Update 0: update angajati set data_angajare=?, functie_id=?, id_superior=? where id=?
21:23:00.866 [Test worker] DEBUG org.hibernate.persister.entity.AbstractEntityPersister -  Delete 0: delete from angajati where id=?
21:23:00.866 [Test worker] DEBUG org.hibernate.persister.entity.AbstractEntityPersister -  Identity insert: insert into angajati (data_angajare, functie_id, id_superior) values (?, ?, ?)
21:23:00.866 [Test worker] DEBUG org.hibernate.loader.plan.build.internal.spaces.QuerySpacesImpl - Adding QuerySpace : uid = <gen:0> -> org.hibernate.loader.plan.build.internal.spaces.EntityQuerySpaceImpl@3e9b067f]
21:23:00.866 [Test worker] DEBUG org.hibernate.persister.walking.spi.MetamodelGraphWalker - Visiting attribute path : concedii
21:23:00.866 [Test worker] DEBUG org.hibernate.loader.plan.build.internal.spaces.QuerySpacesImpl - Adding QuerySpace : uid = <gen:1> -> org.hibernate.loader.plan.build.internal.spaces.CollectionQuerySpaceImpl@280ad62a]
21:23:00.866 [Test worker] DEBUG org.hibernate.loader.plan.build.internal.spaces.QuerySpacesImpl - Adding QuerySpace : uid = <gen:2> -> org.hibernate.loader.plan.build.internal.spaces.EntityQuerySpaceImpl@2207443c]
21:23:00.866 [Test worker] DEBUG org.hibernate.persister.walking.spi.MetamodelGraphWalker - Visiting attribute path : dataAngajare
21:23:00.866 [Test worker] DEBUG org.hibernate.persister.walking.spi.MetamodelGraphWalker - Visiting attribute path : departamente
21:23:00.866 [Test worker] DEBUG org.hibernate.loader.plan.build.internal.spaces.QuerySpacesImpl - Adding QuerySpace : uid = <gen:3> -> org.hibernate.loader.plan.build.internal.spaces.CollectionQuerySpaceImpl@444916fd]
21:23:00.866 [Test worker] DEBUG org.hibernate.loader.plan.build.internal.spaces.QuerySpacesImpl - Adding QuerySpace : uid = <gen:4> -> org.hibernate.loader.plan.build.internal.spaces.EntityQuerySpaceImpl@a827d75]
21:23:00.866 [Test worker] DEBUG org.hibernate.persister.walking.spi.MetamodelGraphWalker - Visiting attribute path : functie
21:23:00.866 [Test worker] DEBUG org.hibernate.loader.plan.build.internal.spaces.QuerySpacesImpl - Adding QuerySpace : uid = <gen:5> -> org.hibernate.loader.plan.build.internal.spaces.EntityQuerySpaceImpl@74474189]
21:23:00.866 [Test worker] DEBUG org.hibernate.persister.walking.spi.MetamodelGraphWalker - Visiting attribute path : functie.salarDeBaza
21:23:00.866 [Test worker] DEBUG org.hibernate.persister.walking.spi.MetamodelGraphWalker - Visiting attribute path : idSuperior
21:23:00.866 [Test worker] DEBUG org.hibernate.persister.walking.spi.MetamodelGraphWalker - Visiting attribute path : proiecte
21:23:00.866 [Test worker] DEBUG org.hibernate.loader.plan.build.internal.spaces.QuerySpacesImpl - Adding QuerySpace : uid = <gen:6> -> org.hibernate.loader.plan.build.internal.spaces.CollectionQuerySpaceImpl@600bc015]
21:23:00.866 [Test worker] DEBUG org.hibernate.loader.plan.build.internal.spaces.QuerySpacesImpl - Adding QuerySpace : uid = <gen:7> -> org.hibernate.loader.plan.build.internal.spaces.EntityQuerySpaceImpl@797b60b4]
21:23:00.866 [Test worker] DEBUG org.hibernate.loader.plan.build.internal.FetchStyleLoadPlanBuildingAssociationVisitationStrategy - Building LoadPlan...
21:23:00.866 [Test worker] DEBUG org.hibernate.loader.plan.exec.internal.LoadQueryJoinAndFetchProcessor - processing queryspace <gen:0>
21:23:00.866 [Test worker] DEBUG org.hibernate.loader.plan.build.spi.LoadPlanTreePrinter - LoadPlan(entity=domain.Angajat)
    - Returns
       - EntityReturnImpl(entity=domain.Angajat, querySpaceUid=<gen:0>, path=domain.Angajat)
          - CollectionAttributeFetchImpl(collection=domain.Angajat.concedii, querySpaceUid=<gen:1>, path=domain.Angajat.concedii)
             - (collection element) CollectionFetchableElementEntityGraph(entity=domain.Concediu, querySpaceUid=<gen:2>, path=domain.Angajat.concedii.<elements>)
          - CollectionAttributeFetchImpl(collection=domain.Angajat.departamente, querySpaceUid=<gen:3>, path=domain.Angajat.departamente)
             - (collection element) CollectionFetchableElementEntityGraph(entity=domain.Departament, querySpaceUid=<gen:4>, path=domain.Angajat.departamente.<elements>)
          - EntityAttributeFetchImpl(entity=domain.Functie, querySpaceUid=<gen:5>, path=domain.Angajat.functie)
          - CollectionAttributeFetchImpl(collection=domain.Angajat.proiecte, querySpaceUid=<gen:6>, path=domain.Angajat.proiecte)
             - (collection element) CollectionFetchableElementEntityGraph(entity=domain.Proiect, querySpaceUid=<gen:7>, path=domain.Angajat.proiecte.<elements>)
    - QuerySpaces
       - EntityQuerySpaceImpl(uid=<gen:0>, entity=domain.Angajat)
          - SQL table alias mapping - angajat0_
          - alias suffix - 0_
          - suffixed key columns - {id1_0_0_}
          - JOIN (JoinDefinedByMetadata(functie)) : <gen:0> -> <gen:5>
             - EntityQuerySpaceImpl(uid=<gen:5>, entity=domain.Functie)
                - SQL table alias mapping - functie1_
                - alias suffix - 1_
                - suffixed key columns - {id1_5_1_}

21:23:00.866 [Test worker] DEBUG org.hibernate.loader.entity.plan.EntityLoader - Static select for entity domain.Angajat [NONE]: select angajat0_.id as id1_0_0_, angajat0_.data_angajare as data_ang2_0_0_, angajat0_.functie_id as functie_4_0_0_, angajat0_.id_superior as id_super3_0_0_, functie1_.id as id1_5_1_, functie1_.salar_de_baza as salar_de2_5_1_ from angajati angajat0_ left outer join functii functie1_ on angajat0_.functie_id=functie1_.id where angajat0_.id=?
21:23:00.866 [Test worker] DEBUG org.hibernate.persister.entity.AbstractEntityPersister - Static SQL for entity: domain.Proiect
21:23:00.866 [Test worker] DEBUG org.hibernate.persister.entity.AbstractEntityPersister -  Version select: select id from proiecte where id =?
21:23:00.866 [Test worker] DEBUG org.hibernate.persister.entity.AbstractEntityPersister -  Snapshot select: select proiect_.id, proiect_.data_inceput as data_inc2_6_, proiect_.deadline as deadline3_6_ from proiecte proiect_ where proiect_.id=?
21:23:00.866 [Test worker] DEBUG org.hibernate.persister.entity.AbstractEntityPersister -  Insert 0: insert into proiecte (data_inceput, deadline, id) values (?, ?, ?)
21:23:00.866 [Test worker] DEBUG org.hibernate.persister.entity.AbstractEntityPersister -  Update 0: update proiecte set data_inceput=?, deadline=? where id=?
21:23:00.866 [Test worker] DEBUG org.hibernate.persister.entity.AbstractEntityPersister -  Delete 0: delete from proiecte where id=?
21:23:00.866 [Test worker] DEBUG org.hibernate.persister.entity.AbstractEntityPersister -  Identity insert: insert into proiecte (data_inceput, deadline) values (?, ?)
21:23:00.866 [Test worker] DEBUG org.hibernate.loader.plan.build.internal.spaces.QuerySpacesImpl - Adding QuerySpace : uid = <gen:0> -> org.hibernate.loader.plan.build.internal.spaces.EntityQuerySpaceImpl@377e3d1b]
21:23:00.866 [Test worker] DEBUG org.hibernate.persister.walking.spi.MetamodelGraphWalker - Visiting attribute path : dataInceput
21:23:00.866 [Test worker] DEBUG org.hibernate.persister.walking.spi.MetamodelGraphWalker - Visiting attribute path : deadline
21:23:00.866 [Test worker] DEBUG org.hibernate.loader.plan.build.internal.FetchStyleLoadPlanBuildingAssociationVisitationStrategy - Building LoadPlan...
21:23:00.866 [Test worker] DEBUG org.hibernate.loader.plan.exec.internal.LoadQueryJoinAndFetchProcessor - processing queryspace <gen:0>
21:23:00.866 [Test worker] DEBUG org.hibernate.loader.plan.build.spi.LoadPlanTreePrinter - LoadPlan(entity=domain.Proiect)
    - Returns
       - EntityReturnImpl(entity=domain.Proiect, querySpaceUid=<gen:0>, path=domain.Proiect)
    - QuerySpaces
       - EntityQuerySpaceImpl(uid=<gen:0>, entity=domain.Proiect)
          - SQL table alias mapping - proiect0_
          - alias suffix - 0_
          - suffixed key columns - {id1_6_0_}

21:23:00.866 [Test worker] DEBUG org.hibernate.loader.entity.plan.EntityLoader - Static select for entity domain.Proiect [NONE]: select proiect0_.id as id1_6_0_, proiect0_.data_inceput as data_inc2_6_0_, proiect0_.deadline as deadline3_6_0_ from proiecte proiect0_ where proiect0_.id=?
21:23:00.866 [Test worker] DEBUG org.hibernate.persister.entity.AbstractEntityPersister - Static SQL for entity: domain.Concediu
21:23:00.866 [Test worker] DEBUG org.hibernate.persister.entity.AbstractEntityPersister -  Version select: select id from concedii where id =?
21:23:00.866 [Test worker] DEBUG org.hibernate.persister.entity.AbstractEntityPersister -  Snapshot select: select concediu_.id, concediu_.id_angajat as id_angaj4_3_, concediu_.data_inceput as data_inc2_3_, concediu_.data_sfarsit as data_sfa3_3_ from concedii concediu_ where concediu_.id=?
21:23:00.866 [Test worker] DEBUG org.hibernate.persister.entity.AbstractEntityPersister -  Insert 0: insert into concedii (id_angajat, data_inceput, data_sfarsit, id) values (?, ?, ?, ?)
21:23:00.866 [Test worker] DEBUG org.hibernate.persister.entity.AbstractEntityPersister -  Update 0: update concedii set id_angajat=?, data_inceput=?, data_sfarsit=? where id=?
21:23:00.866 [Test worker] DEBUG org.hibernate.persister.entity.AbstractEntityPersister -  Delete 0: delete from concedii where id=?
21:23:00.866 [Test worker] DEBUG org.hibernate.persister.entity.AbstractEntityPersister -  Identity insert: insert into concedii (id_angajat, data_inceput, data_sfarsit) values (?, ?, ?)
21:23:00.866 [Test worker] DEBUG org.hibernate.loader.plan.build.internal.spaces.QuerySpacesImpl - Adding QuerySpace : uid = <gen:0> -> org.hibernate.loader.plan.build.internal.spaces.EntityQuerySpaceImpl@2b7c5aac]
21:23:00.866 [Test worker] DEBUG org.hibernate.persister.walking.spi.MetamodelGraphWalker - Visiting attribute path : angajat
21:23:00.866 [Test worker] DEBUG org.hibernate.loader.plan.build.internal.spaces.QuerySpacesImpl - Adding QuerySpace : uid = <gen:1> -> org.hibernate.loader.plan.build.internal.spaces.EntityQuerySpaceImpl@4ff0936d]
21:23:00.866 [Test worker] DEBUG org.hibernate.persister.walking.spi.MetamodelGraphWalker - Visiting attribute path : dataInceput
21:23:00.866 [Test worker] DEBUG org.hibernate.persister.walking.spi.MetamodelGraphWalker - Visiting attribute path : dataSfarsit
21:23:00.866 [Test worker] DEBUG org.hibernate.loader.plan.build.internal.FetchStyleLoadPlanBuildingAssociationVisitationStrategy - Building LoadPlan...
21:23:00.866 [Test worker] DEBUG org.hibernate.loader.plan.exec.internal.LoadQueryJoinAndFetchProcessor - processing queryspace <gen:0>
21:23:00.866 [Test worker] DEBUG org.hibernate.loader.plan.build.spi.LoadPlanTreePrinter - LoadPlan(entity=domain.Concediu)
    - Returns
       - EntityReturnImpl(entity=domain.Concediu, querySpaceUid=<gen:0>, path=domain.Concediu)
          - EntityAttributeFetchImpl(entity=domain.Angajat, querySpaceUid=<gen:1>, path=domain.Concediu.angajat)
    - QuerySpaces
       - EntityQuerySpaceImpl(uid=<gen:0>, entity=domain.Concediu)
          - SQL table alias mapping - concediu0_
          - alias suffix - 0_
          - suffixed key columns - {id1_3_0_}

21:23:00.866 [Test worker] DEBUG org.hibernate.loader.entity.plan.EntityLoader - Static select for entity domain.Concediu [NONE]: select concediu0_.id as id1_3_0_, concediu0_.id_angajat as id_angaj4_3_0_, concediu0_.data_inceput as data_inc2_3_0_, concediu0_.data_sfarsit as data_sfa3_3_0_ from concedii concediu0_ where concediu0_.id=?
21:23:00.866 [Test worker] DEBUG org.hibernate.loader.plan.build.internal.spaces.QuerySpacesImpl - Adding QuerySpace : uid = <gen:0> -> org.hibernate.loader.plan.build.internal.spaces.CollectionQuerySpaceImpl@13bee380]
21:23:00.866 [Test worker] DEBUG org.hibernate.loader.plan.build.internal.spaces.QuerySpacesImpl - Adding QuerySpace : uid = <gen:1> -> org.hibernate.loader.plan.build.internal.spaces.EntityQuerySpaceImpl@5a5e6261]
21:23:00.866 [Test worker] DEBUG org.hibernate.persister.walking.spi.MetamodelGraphWalker - Visiting attribute path : dataInceput
21:23:00.866 [Test worker] DEBUG org.hibernate.persister.walking.spi.MetamodelGraphWalker - Visiting attribute path : deadline
21:23:00.866 [Test worker] DEBUG org.hibernate.loader.plan.build.internal.FetchStyleLoadPlanBuildingAssociationVisitationStrategy - Building LoadPlan...
21:23:00.866 [Test worker] DEBUG org.hibernate.loader.plan.exec.internal.LoadQueryJoinAndFetchProcessor - processing queryspace <gen:0>
21:23:00.866 [Test worker] DEBUG org.hibernate.loader.plan.build.spi.LoadPlanTreePrinter - LoadPlan(collection=domain.Angajat.proiecte)
    - Returns
       - CollectionReturnImpl(collection=domain.Angajat.proiecte, querySpaceUid=<gen:0>, path=[domain.Angajat.proiecte])
          - (collection element) CollectionFetchableElementEntityGraph(entity=domain.Proiect, querySpaceUid=<gen:1>, path=[domain.Angajat.proiecte].<elements>)
    - QuerySpaces
       - CollectionQuerySpaceImpl(uid=<gen:0>, collection=domain.Angajat.proiecte)
          - SQL table alias mapping - proiecte0_
          - alias suffix - 0_
          - suffixed key columns - {id_angaj1_2_0_}
          - entity-element alias suffix - 1_
          - 1_entity-element suffixed key columns - id1_6_1_
          - JOIN (JoinDefinedByMetadata(elements)) : <gen:0> -> <gen:1>
             - EntityQuerySpaceImpl(uid=<gen:1>, entity=domain.Proiect)
                - SQL table alias mapping - proiect1_
                - alias suffix - 1_
                - suffixed key columns - {id1_6_1_}

21:23:00.866 [Test worker] DEBUG org.hibernate.loader.collection.plan.CollectionLoader - Static select for collection domain.Angajat.proiecte: select proiecte0_.id_angajat as id_angaj1_2_0_, proiecte0_.id_proiect as id_proie2_2_0_, proiect1_.id as id1_6_1_, proiect1_.data_inceput as data_inc2_6_1_, proiect1_.deadline as deadline3_6_1_ from angajati_proiecte proiecte0_ inner join proiecte proiect1_ on proiecte0_.id_proiect=proiect1_.id where proiecte0_.id_angajat=?
21:23:00.866 [Test worker] DEBUG org.hibernate.loader.plan.build.internal.spaces.QuerySpacesImpl - Adding QuerySpace : uid = <gen:0> -> org.hibernate.loader.plan.build.internal.spaces.CollectionQuerySpaceImpl@7b9b4545]
21:23:00.866 [Test worker] DEBUG org.hibernate.loader.plan.build.internal.spaces.QuerySpacesImpl - Adding QuerySpace : uid = <gen:1> -> org.hibernate.loader.plan.build.internal.spaces.EntityQuerySpaceImpl@52ff6d3d]
21:23:00.866 [Test worker] DEBUG org.hibernate.persister.walking.spi.MetamodelGraphWalker - Visiting attribute path : angajat
21:23:00.866 [Test worker] DEBUG org.hibernate.persister.walking.spi.MetamodelGraphWalker - Property path deemed to be circular : angajat
21:23:00.866 [Test worker] DEBUG org.hibernate.persister.walking.spi.MetamodelGraphWalker - Visiting attribute path : dataInceput
21:23:00.866 [Test worker] DEBUG org.hibernate.persister.walking.spi.MetamodelGraphWalker - Visiting attribute path : dataSfarsit
21:23:00.866 [Test worker] DEBUG org.hibernate.loader.plan.build.internal.FetchStyleLoadPlanBuildingAssociationVisitationStrategy - Building LoadPlan...
21:23:00.866 [Test worker] DEBUG org.hibernate.loader.plan.exec.internal.LoadQueryJoinAndFetchProcessor - processing queryspace <gen:0>
21:23:00.866 [Test worker] DEBUG org.hibernate.loader.plan.build.spi.LoadPlanTreePrinter - LoadPlan(collection=domain.Angajat.concedii)
    - Returns
       - CollectionReturnImpl(collection=domain.Angajat.concedii, querySpaceUid=<gen:0>, path=[domain.Angajat.concedii])
          - (collection element) CollectionFetchableElementEntityGraph(entity=domain.Concediu, querySpaceUid=<gen:1>, path=[domain.Angajat.concedii].<elements>)
    - QuerySpaces
       - CollectionQuerySpaceImpl(uid=<gen:0>, collection=domain.Angajat.concedii)
          - SQL table alias mapping - concedii0_
          - alias suffix - 0_
          - suffixed key columns - {id_angaj4_3_0_}
          - entity-element alias suffix - 1_
          - 1_entity-element suffixed key columns - id1_3_1_
          - JOIN (JoinDefinedByMetadata(elements)) : <gen:0> -> <gen:1>
             - EntityQuerySpaceImpl(uid=<gen:1>, entity=domain.Concediu)
                - SQL table alias mapping - concedii0_
                - alias suffix - 1_
                - suffixed key columns - {id1_3_1_}

21:23:00.866 [Test worker] DEBUG org.hibernate.loader.collection.plan.CollectionLoader - Static select for collection domain.Angajat.concedii: select concedii0_.id_angajat as id_angaj4_3_0_, concedii0_.id as id1_3_0_, concedii0_.id as id1_3_1_, concedii0_.id_angajat as id_angaj4_3_1_, concedii0_.data_inceput as data_inc2_3_1_, concedii0_.data_sfarsit as data_sfa3_3_1_ from concedii concedii0_ where concedii0_.id_angajat=?
21:23:00.866 [Test worker] DEBUG org.hibernate.loader.plan.build.internal.spaces.QuerySpacesImpl - Adding QuerySpace : uid = <gen:0> -> org.hibernate.loader.plan.build.internal.spaces.CollectionQuerySpaceImpl@3c5007f3]
21:23:00.866 [Test worker] DEBUG org.hibernate.loader.plan.build.internal.spaces.QuerySpacesImpl - Adding QuerySpace : uid = <gen:1> -> org.hibernate.loader.plan.build.internal.spaces.EntityQuerySpaceImpl@156f03c1]
21:23:00.866 [Test worker] DEBUG org.hibernate.persister.walking.spi.MetamodelGraphWalker - Visiting attribute path : idDirector
21:23:00.866 [Test worker] DEBUG org.hibernate.loader.plan.build.internal.FetchStyleLoadPlanBuildingAssociationVisitationStrategy - Building LoadPlan...
21:23:00.866 [Test worker] DEBUG org.hibernate.loader.plan.exec.internal.LoadQueryJoinAndFetchProcessor - processing queryspace <gen:0>
21:23:00.866 [Test worker] DEBUG org.hibernate.loader.plan.build.spi.LoadPlanTreePrinter - LoadPlan(collection=domain.Angajat.departamente)
    - Returns
       - CollectionReturnImpl(collection=domain.Angajat.departamente, querySpaceUid=<gen:0>, path=[domain.Angajat.departamente])
          - (collection element) CollectionFetchableElementEntityGraph(entity=domain.Departament, querySpaceUid=<gen:1>, path=[domain.Angajat.departamente].<elements>)
    - QuerySpaces
       - CollectionQuerySpaceImpl(uid=<gen:0>, collection=domain.Angajat.departamente)
          - SQL table alias mapping - departamen0_
          - alias suffix - 0_
          - suffixed key columns - {id_angaj1_1_0_}
          - entity-element alias suffix - 1_
          - 1_entity-element suffixed key columns - id1_4_1_
          - JOIN (JoinDefinedByMetadata(elements)) : <gen:0> -> <gen:1>
             - EntityQuerySpaceImpl(uid=<gen:1>, entity=domain.Departament)
                - SQL table alias mapping - departamen1_
                - alias suffix - 1_
                - suffixed key columns - {id1_4_1_}

21:23:00.866 [Test worker] DEBUG org.hibernate.loader.collection.plan.CollectionLoader - Static select for collection domain.Angajat.departamente: select departamen0_.id_angajat as id_angaj1_1_0_, departamen0_.id_departament as id_depar2_1_0_, departamen1_.id as id1_4_1_, departamen1_.id_director as id_direc2_4_1_ from angajati_departamente departamen0_ inner join departamente departamen1_ on departamen0_.id_departament=departamen1_.id where departamen0_.id_angajat=?
21:23:00.866 [Test worker] INFO org.hibernate.orm.connections.access - HHH10001501: Connection obtained from JdbcConnectionAccess [org.hibernate.engine.jdbc.env.internal.JdbcEnvironmentInitiator$ConnectionProviderJdbcConnectionAccess@40539325] for (non-JTA) DDL execution was not in auto-commit mode; the Connection 'local transaction' will be committed and the Connection will be set into auto-commit mode.
21:23:00.882 [Test worker] DEBUG org.hibernate.mapping.Table - No alter strings for table : angajati
21:23:00.882 [Test worker] DEBUG org.hibernate.mapping.Table - No alter strings for table : angajati_departamente
21:23:00.882 [Test worker] DEBUG org.hibernate.mapping.Table - No alter strings for table : angajati_proiecte
21:23:00.882 [Test worker] DEBUG org.hibernate.mapping.Table - No alter strings for table : concedii
21:23:00.882 [Test worker] DEBUG org.hibernate.mapping.Table - No alter strings for table : departamente
21:23:00.882 [Test worker] DEBUG org.hibernate.mapping.Table - No alter strings for table : functii
21:23:00.882 [Test worker] DEBUG org.hibernate.mapping.Table - No alter strings for table : proiecte
21:23:00.882 [Test worker] DEBUG org.hibernate.query.spi.NamedQueryRepository - Checking 0 named HQL queries
21:23:00.882 [Test worker] DEBUG org.hibernate.query.spi.NamedQueryRepository - Checking 0 named SQL queries
21:23:00.882 [Test worker] DEBUG org.hibernate.internal.SessionFactoryRegistry - Registering SessionFactory: c5638714-52cc-49b0-b438-a2a183c6b3c2 (<unnamed>)
21:23:00.882 [Test worker] DEBUG org.hibernate.internal.SessionFactoryRegistry - Not binding SessionFactory to JNDI, no JNDI name configured
21:23:00.882 [Test worker] DEBUG org.hibernate.integrator.internal.IntegratorServiceImpl - Adding Integrator [org.hibernate.cfg.beanvalidation.BeanValidationIntegrator].
21:23:00.882 [Test worker] DEBUG org.hibernate.integrator.internal.IntegratorServiceImpl - Adding Integrator [org.hibernate.secure.spi.JaccIntegrator].
21:23:00.882 [Test worker] DEBUG org.hibernate.integrator.internal.IntegratorServiceImpl - Adding Integrator [org.hibernate.cache.internal.CollectionCacheInvalidator].
21:23:00.882 [Test worker] DEBUG org.hibernate.boot.jaxb.internal.stax.LocalXmlResourceResolver - Interpreting public/system identifier : [-//Hibernate/Hibernate Configuration DTD 3.0//EN] - [http://hibernate.org/dtd/hibernate-configuration-3.0.dtd]
21:23:00.913 [Test worker] DEBUG org.hibernate.boot.cfgxml.internal.JaxbCfgProcessor - cfg.xml document did not define namespaces; wrapping in custom event reader to introduce namespace information
21:23:00.913 [Test worker] DEBUG org.hibernate.service.spi.ServiceBinding - Overriding existing service binding [org.hibernate.secure.spi.JaccService]
21:23:00.913 [Test worker] DEBUG org.hibernate.cache.internal.RegionFactoryInitiator - Cannot default RegionFactory based on registered strategies as `[]` RegionFactory strategies were registered
21:23:00.913 [Test worker] DEBUG org.hibernate.cache.internal.RegionFactoryInitiator - Cache region factory : org.hibernate.cache.internal.NoCachingRegionFactory
21:23:00.913 [Test worker] DEBUG org.hibernate.type.BasicTypeRegistry - Adding type registration boolean -> org.hibernate.type.BooleanType@121b529f
21:23:00.913 [Test worker] DEBUG org.hibernate.type.BasicTypeRegistry - Adding type registration boolean -> org.hibernate.type.BooleanType@121b529f
21:23:00.913 [Test worker] DEBUG org.hibernate.type.BasicTypeRegistry - Adding type registration java.lang.Boolean -> org.hibernate.type.BooleanType@121b529f
21:23:00.913 [Test worker] DEBUG org.hibernate.type.BasicTypeRegistry - Adding type registration numeric_boolean -> org.hibernate.type.NumericBooleanType@7dc81433
21:23:00.913 [Test worker] DEBUG org.hibernate.type.BasicTypeRegistry - Adding type registration true_false -> org.hibernate.type.TrueFalseType@60c371da
21:23:00.913 [Test worker] DEBUG org.hibernate.type.BasicTypeRegistry - Adding type registration yes_no -> org.hibernate.type.YesNoType@51ef89fc
21:23:00.913 [Test worker] DEBUG org.hibernate.type.BasicTypeRegistry - Adding type registration byte -> org.hibernate.type.ByteType@1502feca
21:23:00.913 [Test worker] DEBUG org.hibernate.type.BasicTypeRegistry - Adding type registration byte -> org.hibernate.type.ByteType@1502feca
21:23:00.913 [Test worker] DEBUG org.hibernate.type.BasicTypeRegistry - Adding type registration java.lang.Byte -> org.hibernate.type.ByteType@1502feca
21:23:00.913 [Test worker] DEBUG org.hibernate.type.BasicTypeRegistry - Adding type registration character -> org.hibernate.type.CharacterType@5aca38b4
21:23:00.913 [Test worker] DEBUG org.hibernate.type.BasicTypeRegistry - Adding type registration char -> org.hibernate.type.CharacterType@5aca38b4
21:23:00.913 [Test worker] DEBUG org.hibernate.type.BasicTypeRegistry - Adding type registration java.lang.Character -> org.hibernate.type.CharacterType@5aca38b4
21:23:00.913 [Test worker] DEBUG org.hibernate.type.BasicTypeRegistry - Adding type registration short -> org.hibernate.type.ShortType@212db0b9
21:23:00.913 [Test worker] DEBUG org.hibernate.type.BasicTypeRegistry - Adding type registration short -> org.hibernate.type.ShortType@212db0b9
21:23:00.913 [Test worker] DEBUG org.hibernate.type.BasicTypeRegistry - Adding type registration java.lang.Short -> org.hibernate.type.ShortType@212db0b9
21:23:00.913 [Test worker] DEBUG org.hibernate.type.BasicTypeRegistry - Adding type registration integer -> org.hibernate.type.IntegerType@14f541d2
21:23:00.913 [Test worker] DEBUG org.hibernate.type.BasicTypeRegistry - Adding type registration int -> org.hibernate.type.IntegerType@14f541d2
21:23:00.913 [Test worker] DEBUG org.hibernate.type.BasicTypeRegistry - Adding type registration java.lang.Integer -> org.hibernate.type.IntegerType@14f541d2
21:23:00.913 [Test worker] DEBUG org.hibernate.type.BasicTypeRegistry - Adding type registration long -> org.hibernate.type.LongType@357c5fef
21:23:00.913 [Test worker] DEBUG org.hibernate.type.BasicTypeRegistry - Adding type registration long -> org.hibernate.type.LongType@357c5fef
21:23:00.913 [Test worker] DEBUG org.hibernate.type.BasicTypeRegistry - Adding type registration java.lang.Long -> org.hibernate.type.LongType@357c5fef
21:23:00.913 [Test worker] DEBUG org.hibernate.type.BasicTypeRegistry - Adding type registration float -> org.hibernate.type.FloatType@68835e55
21:23:00.913 [Test worker] DEBUG org.hibernate.type.BasicTypeRegistry - Adding type registration float -> org.hibernate.type.FloatType@68835e55
21:23:00.913 [Test worker] DEBUG org.hibernate.type.BasicTypeRegistry - Adding type registration java.lang.Float -> org.hibernate.type.FloatType@68835e55
21:23:00.913 [Test worker] DEBUG org.hibernate.type.BasicTypeRegistry - Adding type registration double -> org.hibernate.type.DoubleType@1db8c4bf
21:23:00.913 [Test worker] DEBUG org.hibernate.type.BasicTypeRegistry - Adding type registration double -> org.hibernate.type.DoubleType@1db8c4bf
21:23:00.913 [Test worker] DEBUG org.hibernate.type.BasicTypeRegistry - Adding type registration java.lang.Double -> org.hibernate.type.DoubleType@1db8c4bf
21:23:00.913 [Test worker] DEBUG org.hibernate.type.BasicTypeRegistry - Adding type registration big_decimal -> org.hibernate.type.BigDecimalType@2bd9f5a7
21:23:00.913 [Test worker] DEBUG org.hibernate.type.BasicTypeRegistry - Adding type registration java.math.BigDecimal -> org.hibernate.type.BigDecimalType@2bd9f5a7
21:23:00.913 [Test worker] DEBUG org.hibernate.type.BasicTypeRegistry - Adding type registration big_integer -> org.hibernate.type.BigIntegerType@67766712
21:23:00.913 [Test worker] DEBUG org.hibernate.type.BasicTypeRegistry - Adding type registration java.math.BigInteger -> org.hibernate.type.BigIntegerType@67766712
21:23:00.913 [Test worker] DEBUG org.hibernate.type.BasicTypeRegistry - Adding type registration string -> org.hibernate.type.StringType@5abe721f
21:23:00.913 [Test worker] DEBUG org.hibernate.type.BasicTypeRegistry - Adding type registration java.lang.String -> org.hibernate.type.StringType@5abe721f
21:23:00.913 [Test worker] DEBUG org.hibernate.type.BasicTypeRegistry - Adding type registration nstring -> org.hibernate.type.StringNVarcharType@5ca83c4b
21:23:00.913 [Test worker] DEBUG org.hibernate.type.BasicTypeRegistry - Adding type registration ncharacter -> org.hibernate.type.CharacterNCharType@181579aa
21:23:00.913 [Test worker] DEBUG org.hibernate.type.BasicTypeRegistry - Adding type registration url -> org.hibernate.type.UrlType@2d95e7ff
21:23:00.913 [Test worker] DEBUG org.hibernate.type.BasicTypeRegistry - Adding type registration java.net.URL -> org.hibernate.type.UrlType@2d95e7ff
21:23:00.913 [Test worker] DEBUG org.hibernate.type.BasicTypeRegistry - Adding type registration Duration -> org.hibernate.type.DurationType@1f6d6ec5
21:23:00.913 [Test worker] DEBUG org.hibernate.type.BasicTypeRegistry - Adding type registration java.time.Duration -> org.hibernate.type.DurationType@1f6d6ec5
21:23:00.913 [Test worker] DEBUG org.hibernate.type.BasicTypeRegistry - Adding type registration Instant -> org.hibernate.type.InstantType@799b3880
21:23:00.913 [Test worker] DEBUG org.hibernate.type.BasicTypeRegistry - Adding type registration java.time.Instant -> org.hibernate.type.InstantType@799b3880
21:23:00.913 [Test worker] DEBUG org.hibernate.type.BasicTypeRegistry - Adding type registration LocalDateTime -> org.hibernate.type.LocalDateTimeType@3c9b7dcd
21:23:00.913 [Test worker] DEBUG org.hibernate.type.BasicTypeRegistry - Adding type registration java.time.LocalDateTime -> org.hibernate.type.LocalDateTimeType@3c9b7dcd
21:23:00.913 [Test worker] DEBUG org.hibernate.type.BasicTypeRegistry - Adding type registration LocalDate -> org.hibernate.type.LocalDateType@73b9d317
21:23:00.913 [Test worker] DEBUG org.hibernate.type.BasicTypeRegistry - Adding type registration java.time.LocalDate -> org.hibernate.type.LocalDateType@73b9d317
21:23:00.913 [Test worker] DEBUG org.hibernate.type.BasicTypeRegistry - Adding type registration LocalTime -> org.hibernate.type.LocalTimeType@3e938176
21:23:00.913 [Test worker] DEBUG org.hibernate.type.BasicTypeRegistry - Adding type registration java.time.LocalTime -> org.hibernate.type.LocalTimeType@3e938176
21:23:00.913 [Test worker] DEBUG org.hibernate.type.BasicTypeRegistry - Adding type registration OffsetDateTime -> org.hibernate.type.OffsetDateTimeType@1006f6a5
21:23:00.913 [Test worker] DEBUG org.hibernate.type.BasicTypeRegistry - Adding type registration java.time.OffsetDateTime -> org.hibernate.type.OffsetDateTimeType@1006f6a5
21:23:00.913 [Test worker] DEBUG org.hibernate.type.BasicTypeRegistry - Adding type registration OffsetTime -> org.hibernate.type.OffsetTimeType@5ebf30b8
21:23:00.913 [Test worker] DEBUG org.hibernate.type.BasicTypeRegistry - Adding type registration java.time.OffsetTime -> org.hibernate.type.OffsetTimeType@5ebf30b8
21:23:00.913 [Test worker] DEBUG org.hibernate.type.BasicTypeRegistry - Adding type registration ZonedDateTime -> org.hibernate.type.ZonedDateTimeType@5ecdce3a
21:23:00.913 [Test worker] DEBUG org.hibernate.type.BasicTypeRegistry - Adding type registration java.time.ZonedDateTime -> org.hibernate.type.ZonedDateTimeType@5ecdce3a
21:23:00.913 [Test worker] DEBUG org.hibernate.type.BasicTypeRegistry - Adding type registration date -> org.hibernate.type.DateType@34878a9c
21:23:00.913 [Test worker] DEBUG org.hibernate.type.BasicTypeRegistry - Adding type registration java.sql.Date -> org.hibernate.type.DateType@34878a9c
21:23:00.913 [Test worker] DEBUG org.hibernate.type.BasicTypeRegistry - Adding type registration time -> org.hibernate.type.TimeType@4be75fc9
21:23:00.913 [Test worker] DEBUG org.hibernate.type.BasicTypeRegistry - Adding type registration java.sql.Time -> org.hibernate.type.TimeType@4be75fc9
21:23:00.913 [Test worker] DEBUG org.hibernate.type.BasicTypeRegistry - Adding type registration timestamp -> org.hibernate.type.TimestampType@cd6dcfb
21:23:00.913 [Test worker] DEBUG org.hibernate.type.BasicTypeRegistry - Adding type registration java.sql.Timestamp -> org.hibernate.type.TimestampType@cd6dcfb
21:23:00.913 [Test worker] DEBUG org.hibernate.type.BasicTypeRegistry - Adding type registration java.util.Date -> org.hibernate.type.TimestampType@cd6dcfb
21:23:00.913 [Test worker] DEBUG org.hibernate.type.BasicTypeRegistry - Adding type registration dbtimestamp -> org.hibernate.type.DbTimestampType@6f70db50
21:23:00.913 [Test worker] DEBUG org.hibernate.type.BasicTypeRegistry - Adding type registration calendar -> org.hibernate.type.CalendarType@232580e4
21:23:00.913 [Test worker] DEBUG org.hibernate.type.BasicTypeRegistry - Adding type registration java.util.Calendar -> org.hibernate.type.CalendarType@232580e4
21:23:00.913 [Test worker] DEBUG org.hibernate.type.BasicTypeRegistry - Adding type registration java.util.GregorianCalendar -> org.hibernate.type.CalendarType@232580e4
21:23:00.913 [Test worker] DEBUG org.hibernate.type.BasicTypeRegistry - Adding type registration calendar_date -> org.hibernate.type.CalendarDateType@2d226c99
21:23:00.913 [Test worker] DEBUG org.hibernate.type.BasicTypeRegistry - Adding type registration calendar_time -> org.hibernate.type.CalendarTimeType@5f0ca092
21:23:00.913 [Test worker] DEBUG org.hibernate.type.BasicTypeRegistry - Adding type registration locale -> org.hibernate.type.LocaleType@2e7d6fc7
21:23:00.913 [Test worker] DEBUG org.hibernate.type.BasicTypeRegistry - Adding type registration java.util.Locale -> org.hibernate.type.LocaleType@2e7d6fc7
21:23:00.913 [Test worker] DEBUG org.hibernate.type.BasicTypeRegistry - Adding type registration currency -> org.hibernate.type.CurrencyType@298b5abb
21:23:00.913 [Test worker] DEBUG org.hibernate.type.BasicTypeRegistry - Adding type registration java.util.Currency -> org.hibernate.type.CurrencyType@298b5abb
21:23:00.913 [Test worker] DEBUG org.hibernate.type.BasicTypeRegistry - Adding type registration timezone -> org.hibernate.type.TimeZoneType@6a7223ce
21:23:00.913 [Test worker] DEBUG org.hibernate.type.BasicTypeRegistry - Adding type registration java.util.TimeZone -> org.hibernate.type.TimeZoneType@6a7223ce
21:23:00.913 [Test worker] DEBUG org.hibernate.type.BasicTypeRegistry - Adding type registration class -> org.hibernate.type.ClassType@17c86e61
21:23:00.913 [Test worker] DEBUG org.hibernate.type.BasicTypeRegistry - Adding type registration java.lang.Class -> org.hibernate.type.ClassType@17c86e61
21:23:00.913 [Test worker] DEBUG org.hibernate.type.BasicTypeRegistry - Adding type registration uuid-binary -> org.hibernate.type.UUIDBinaryType@165a29f7
21:23:00.913 [Test worker] DEBUG org.hibernate.type.BasicTypeRegistry - Adding type registration java.util.UUID -> org.hibernate.type.UUIDBinaryType@165a29f7
21:23:00.913 [Test worker] DEBUG org.hibernate.type.BasicTypeRegistry - Adding type registration uuid-char -> org.hibernate.type.UUIDCharType@57061eb5
21:23:00.913 [Test worker] DEBUG org.hibernate.type.BasicTypeRegistry - Adding type registration binary -> org.hibernate.type.BinaryType@377a3a57
21:23:00.913 [Test worker] DEBUG org.hibernate.type.BasicTypeRegistry - Adding type registration byte[] -> org.hibernate.type.BinaryType@377a3a57
21:23:00.913 [Test worker] DEBUG org.hibernate.type.BasicTypeRegistry - Adding type registration [B -> org.hibernate.type.BinaryType@377a3a57
21:23:00.913 [Test worker] DEBUG org.hibernate.type.BasicTypeRegistry - Adding type registration wrapper-binary -> org.hibernate.type.WrapperBinaryType@15236686
21:23:00.913 [Test worker] DEBUG org.hibernate.type.BasicTypeRegistry - Adding type registration Byte[] -> org.hibernate.type.WrapperBinaryType@15236686
21:23:00.913 [Test worker] DEBUG org.hibernate.type.BasicTypeRegistry - Adding type registration [Ljava.lang.Byte; -> org.hibernate.type.WrapperBinaryType@15236686
21:23:00.913 [Test worker] DEBUG org.hibernate.type.BasicTypeRegistry - Adding type registration row_version -> org.hibernate.type.RowVersionType@480544d3
21:23:00.913 [Test worker] DEBUG org.hibernate.type.BasicTypeRegistry - Adding type registration image -> org.hibernate.type.ImageType@a74733d
21:23:00.913 [Test worker] DEBUG org.hibernate.type.BasicTypeRegistry - Adding type registration characters -> org.hibernate.type.CharArrayType@10b707f8
21:23:00.913 [Test worker] DEBUG org.hibernate.type.BasicTypeRegistry - Adding type registration char[] -> org.hibernate.type.CharArrayType@10b707f8
21:23:00.913 [Test worker] DEBUG org.hibernate.type.BasicTypeRegistry - Adding type registration [C -> org.hibernate.type.CharArrayType@10b707f8
21:23:00.913 [Test worker] DEBUG org.hibernate.type.BasicTypeRegistry - Adding type registration wrapper-characters -> org.hibernate.type.CharacterArrayType@7586a107
21:23:00.913 [Test worker] DEBUG org.hibernate.type.BasicTypeRegistry - Adding type registration [Ljava.lang.Character; -> org.hibernate.type.CharacterArrayType@7586a107
21:23:00.913 [Test worker] DEBUG org.hibernate.type.BasicTypeRegistry - Adding type registration Character[] -> org.hibernate.type.CharacterArrayType@7586a107
21:23:00.913 [Test worker] DEBUG org.hibernate.type.BasicTypeRegistry - Adding type registration text -> org.hibernate.type.TextType@28e7117
21:23:00.913 [Test worker] DEBUG org.hibernate.type.BasicTypeRegistry - Adding type registration ntext -> org.hibernate.type.NTextType@4fe7c4b8
21:23:00.913 [Test worker] DEBUG org.hibernate.type.BasicTypeRegistry - Adding type registration blob -> org.hibernate.type.BlobType@69ff7971
21:23:00.913 [Test worker] DEBUG org.hibernate.type.BasicTypeRegistry - Adding type registration java.sql.Blob -> org.hibernate.type.BlobType@69ff7971
21:23:00.913 [Test worker] DEBUG org.hibernate.type.BasicTypeRegistry - Adding type registration materialized_blob -> org.hibernate.type.MaterializedBlobType@29a6bbfa
21:23:00.913 [Test worker] DEBUG org.hibernate.type.BasicTypeRegistry - Adding type registration clob -> org.hibernate.type.ClobType@6243fc09
21:23:00.913 [Test worker] DEBUG org.hibernate.type.BasicTypeRegistry - Adding type registration java.sql.Clob -> org.hibernate.type.ClobType@6243fc09
21:23:00.913 [Test worker] DEBUG org.hibernate.type.BasicTypeRegistry - Adding type registration nclob -> org.hibernate.type.NClobType@7a0e9fb4
21:23:00.913 [Test worker] DEBUG org.hibernate.type.BasicTypeRegistry - Adding type registration java.sql.NClob -> org.hibernate.type.NClobType@7a0e9fb4
21:23:00.913 [Test worker] DEBUG org.hibernate.type.BasicTypeRegistry - Adding type registration materialized_clob -> org.hibernate.type.MaterializedClobType@5568af29
21:23:00.913 [Test worker] DEBUG org.hibernate.type.BasicTypeRegistry - Adding type registration materialized_nclob -> org.hibernate.type.MaterializedNClobType@43589365
21:23:00.913 [Test worker] DEBUG org.hibernate.type.BasicTypeRegistry - Adding type registration serializable -> org.hibernate.type.SerializableType@49b714f8
21:23:00.913 [Test worker] DEBUG org.hibernate.type.BasicTypeRegistry - Adding type registration object -> org.hibernate.type.ObjectType@4b6f241f
21:23:00.913 [Test worker] DEBUG org.hibernate.type.BasicTypeRegistry - Adding type registration java.lang.Object -> org.hibernate.type.ObjectType@4b6f241f
21:23:00.913 [Test worker] DEBUG org.hibernate.type.BasicTypeRegistry - Adding type registration imm_date -> org.hibernate.type.AdaptedImmutableType@4e6b7128
21:23:00.913 [Test worker] DEBUG org.hibernate.type.BasicTypeRegistry - Adding type registration imm_time -> org.hibernate.type.AdaptedImmutableType@4de6f40f
21:23:00.913 [Test worker] DEBUG org.hibernate.type.BasicTypeRegistry - Adding type registration imm_timestamp -> org.hibernate.type.AdaptedImmutableType@6dbebb8b
21:23:00.913 [Test worker] DEBUG org.hibernate.type.BasicTypeRegistry - Adding type registration imm_dbtimestamp -> org.hibernate.type.AdaptedImmutableType@1e433472
21:23:00.913 [Test worker] DEBUG org.hibernate.type.BasicTypeRegistry - Adding type registration imm_calendar -> org.hibernate.type.AdaptedImmutableType@b34f4a3
21:23:00.913 [Test worker] DEBUG org.hibernate.type.BasicTypeRegistry - Adding type registration imm_calendar_date -> org.hibernate.type.AdaptedImmutableType@71083f46
21:23:00.913 [Test worker] DEBUG org.hibernate.type.BasicTypeRegistry - Adding type registration imm_binary -> org.hibernate.type.AdaptedImmutableType@69f2b00f
21:23:00.913 [Test worker] DEBUG org.hibernate.type.BasicTypeRegistry - Adding type registration imm_serializable -> org.hibernate.type.AdaptedImmutableType@6e95e9e7
21:23:00.913 [Test worker] DEBUG org.hibernate.id.factory.internal.DefaultIdentifierGeneratorFactory - Registering IdentifierGenerator strategy [uuid2] -> [org.hibernate.id.UUIDGenerator]
21:23:00.913 [Test worker] DEBUG org.hibernate.id.factory.internal.DefaultIdentifierGeneratorFactory - Registering IdentifierGenerator strategy [guid] -> [org.hibernate.id.GUIDGenerator]
21:23:00.913 [Test worker] DEBUG org.hibernate.id.factory.internal.DefaultIdentifierGeneratorFactory - Registering IdentifierGenerator strategy [uuid] -> [org.hibernate.id.UUIDHexGenerator]
21:23:00.913 [Test worker] DEBUG org.hibernate.id.factory.internal.DefaultIdentifierGeneratorFactory - Registering IdentifierGenerator strategy [uuid.hex] -> [org.hibernate.id.UUIDHexGenerator]
21:23:00.913 [Test worker] DEBUG org.hibernate.id.factory.internal.DefaultIdentifierGeneratorFactory - Registering IdentifierGenerator strategy [assigned] -> [org.hibernate.id.Assigned]
21:23:00.913 [Test worker] DEBUG org.hibernate.id.factory.internal.DefaultIdentifierGeneratorFactory - Registering IdentifierGenerator strategy [identity] -> [org.hibernate.id.IdentityGenerator]
21:23:00.913 [Test worker] DEBUG org.hibernate.id.factory.internal.DefaultIdentifierGeneratorFactory - Registering IdentifierGenerator strategy [select] -> [org.hibernate.id.SelectGenerator]
21:23:00.913 [Test worker] DEBUG org.hibernate.id.factory.internal.DefaultIdentifierGeneratorFactory - Registering IdentifierGenerator strategy [sequence] -> [org.hibernate.id.enhanced.SequenceStyleGenerator]
21:23:00.913 [Test worker] DEBUG org.hibernate.id.factory.internal.DefaultIdentifierGeneratorFactory - Registering IdentifierGenerator strategy [seqhilo] -> [org.hibernate.id.SequenceHiLoGenerator]
21:23:00.913 [Test worker] DEBUG org.hibernate.id.factory.internal.DefaultIdentifierGeneratorFactory - Registering IdentifierGenerator strategy [increment] -> [org.hibernate.id.IncrementGenerator]
21:23:00.913 [Test worker] DEBUG org.hibernate.id.factory.internal.DefaultIdentifierGeneratorFactory - Registering IdentifierGenerator strategy [foreign] -> [org.hibernate.id.ForeignGenerator]
21:23:00.913 [Test worker] DEBUG org.hibernate.id.factory.internal.DefaultIdentifierGeneratorFactory - Registering IdentifierGenerator strategy [sequence-identity] -> [org.hibernate.id.SequenceIdentityGenerator]
21:23:00.913 [Test worker] DEBUG org.hibernate.id.factory.internal.DefaultIdentifierGeneratorFactory - Registering IdentifierGenerator strategy [enhanced-sequence] -> [org.hibernate.id.enhanced.SequenceStyleGenerator]
21:23:00.913 [Test worker] DEBUG org.hibernate.id.factory.internal.DefaultIdentifierGeneratorFactory - Registering IdentifierGenerator strategy [enhanced-table] -> [org.hibernate.id.enhanced.TableGenerator]
21:23:00.913 [Test worker] WARN org.hibernate.orm.connections.pooling - HHH10001002: Using Hibernate built-in connection pool (not for production use!)
21:23:00.913 [Test worker] INFO org.hibernate.orm.connections.pooling - HHH10001005: using driver [org.sqlite.JDBC] at URL [jdbc:sqlite:D:\Facultate\Projects\OrganizareCompanie\database]
21:23:00.913 [Test worker] INFO org.hibernate.orm.connections.pooling - HHH10001001: Connection properties: {password=root, user=root}
21:23:00.913 [Test worker] INFO org.hibernate.orm.connections.pooling - HHH10001003: Autocommit mode: false
21:23:00.913 [Test worker] DEBUG org.hibernate.engine.jdbc.connections.internal.DriverManagerConnectionProviderImpl - Initializing Connection pool with 1 Connections
21:23:00.913 [Test worker] INFO org.hibernate.engine.jdbc.connections.internal.DriverManagerConnectionProviderImpl - HHH000115: Hibernate connection pool size: 1 (min=1)
21:23:00.913 [Test worker] DEBUG org.hibernate.engine.jdbc.env.internal.JdbcEnvironmentInitiator - Database ->
       name : SQLite
    version : 3.34.0
      major : 3
      minor : 34
21:23:00.913 [Test worker] DEBUG org.hibernate.engine.jdbc.env.internal.JdbcEnvironmentInitiator - Driver ->
       name : SQLite JDBC
    version : 3.34.0
      major : 3
      minor : 34
21:23:00.913 [Test worker] DEBUG org.hibernate.engine.jdbc.env.internal.JdbcEnvironmentInitiator - JDBC version : 2.1
21:23:00.913 [Test worker] INFO org.hibernate.dialect.Dialect - HHH000400: Using dialect: utils.SQLiteDialect
21:23:00.929 [Test worker] DEBUG org.hibernate.engine.jdbc.env.spi.IdentifierHelperBuilder - JDBC driver metadata reported database stores quoted identifiers in neither upper, lower nor mixed case
21:23:00.929 [Test worker] DEBUG org.hibernate.engine.jdbc.env.spi.IdentifierHelperBuilder - IdentifierCaseStrategy for both quoted and unquoted identifiers was set to the same strategy [MIXED]; that will likely lead to problems in schema update and validation if using quoted identifiers
21:23:00.929 [Test worker] DEBUG org.hibernate.engine.jdbc.env.internal.LobCreatorBuilderImpl - HHH000423: Disabling contextual LOB creation as JDBC driver reported JDBC version [2] less than 4
21:23:00.929 [Test worker] DEBUG org.hibernate.boot.model.relational.Namespace - Created database namespace [logicalName=Name{catalog=null, schema=null}, physicalName=Name{catalog=null, schema=null}]
21:23:00.929 [Test worker] DEBUG org.hibernate.type.descriptor.java.JavaTypeDescriptorRegistry - JavaTypeDescriptorRegistry entry replaced : class java.time.Duration -> org.hibernate.type.descriptor.java.DurationJavaDescriptor@484b819 (was org.hibernate.type.descriptor.java.DurationJavaDescriptor@484b819)
21:23:00.929 [Test worker] DEBUG org.hibernate.type.descriptor.java.JavaTypeDescriptorRegistry - JavaTypeDescriptorRegistry entry replaced : class java.time.Instant -> org.hibernate.type.descriptor.java.InstantJavaDescriptor@7a6a60d2 (was org.hibernate.type.descriptor.java.InstantJavaDescriptor@7a6a60d2)
21:23:00.929 [Test worker] DEBUG org.hibernate.type.descriptor.java.JavaTypeDescriptorRegistry - JavaTypeDescriptorRegistry entry replaced : class java.time.LocalDate -> org.hibernate.type.descriptor.java.LocalDateJavaDescriptor@7ac3817d (was org.hibernate.type.descriptor.java.LocalDateJavaDescriptor@7ac3817d)
21:23:00.929 [Test worker] DEBUG org.hibernate.type.descriptor.java.JavaTypeDescriptorRegistry - JavaTypeDescriptorRegistry entry replaced : class java.time.LocalDateTime -> org.hibernate.type.descriptor.java.LocalDateTimeJavaDescriptor@616d0e6e (was org.hibernate.type.descriptor.java.LocalDateTimeJavaDescriptor@616d0e6e)
21:23:00.929 [Test worker] DEBUG org.hibernate.type.descriptor.java.JavaTypeDescriptorRegistry - JavaTypeDescriptorRegistry entry replaced : class java.time.OffsetDateTime -> org.hibernate.type.descriptor.java.OffsetDateTimeJavaDescriptor@4008262a (was org.hibernate.type.descriptor.java.OffsetDateTimeJavaDescriptor@4008262a)
21:23:00.929 [Test worker] DEBUG org.hibernate.type.descriptor.java.JavaTypeDescriptorRegistry - JavaTypeDescriptorRegistry entry replaced : class java.time.OffsetTime -> org.hibernate.type.descriptor.java.OffsetTimeJavaDescriptor@69cda209 (was org.hibernate.type.descriptor.java.OffsetTimeJavaDescriptor@69cda209)
21:23:00.929 [Test worker] DEBUG org.hibernate.type.descriptor.java.JavaTypeDescriptorRegistry - JavaTypeDescriptorRegistry entry replaced : class java.time.ZonedDateTime -> org.hibernate.type.descriptor.java.ZonedDateTimeJavaDescriptor@f630e24 (was org.hibernate.type.descriptor.java.ZonedDateTimeJavaDescriptor@f630e24)
21:23:00.929 [Test worker] DEBUG org.hibernate.type.BasicTypeRegistry - Adding type registration Duration -> org.hibernate.type.DurationType@1f6d6ec5
21:23:00.929 [Test worker] DEBUG org.hibernate.type.BasicTypeRegistry - Adding type registration java.time.Duration -> org.hibernate.type.DurationType@1f6d6ec5
21:23:00.929 [Test worker] DEBUG org.hibernate.type.BasicTypeRegistry - Adding type registration Instant -> org.hibernate.type.InstantType@799b3880
21:23:00.929 [Test worker] DEBUG org.hibernate.type.BasicTypeRegistry - Adding type registration java.time.Instant -> org.hibernate.type.InstantType@799b3880
21:23:00.929 [Test worker] DEBUG org.hibernate.type.BasicTypeRegistry - Adding type registration LocalDateTime -> org.hibernate.type.LocalDateTimeType@3c9b7dcd
21:23:00.929 [Test worker] DEBUG org.hibernate.type.BasicTypeRegistry - Adding type registration java.time.LocalDateTime -> org.hibernate.type.LocalDateTimeType@3c9b7dcd
21:23:00.929 [Test worker] DEBUG org.hibernate.type.BasicTypeRegistry - Adding type registration LocalDate -> org.hibernate.type.LocalDateType@73b9d317
21:23:00.929 [Test worker] DEBUG org.hibernate.type.BasicTypeRegistry - Adding type registration java.time.LocalDate -> org.hibernate.type.LocalDateType@73b9d317
21:23:00.929 [Test worker] DEBUG org.hibernate.type.BasicTypeRegistry - Adding type registration LocalTime -> org.hibernate.type.LocalTimeType@3e938176
21:23:00.929 [Test worker] DEBUG org.hibernate.type.BasicTypeRegistry - Adding type registration java.time.LocalTime -> org.hibernate.type.LocalTimeType@3e938176
21:23:00.929 [Test worker] DEBUG org.hibernate.type.BasicTypeRegistry - Adding type registration OffsetDateTime -> org.hibernate.type.OffsetDateTimeType@1006f6a5
21:23:00.929 [Test worker] DEBUG org.hibernate.type.BasicTypeRegistry - Adding type registration java.time.OffsetDateTime -> org.hibernate.type.OffsetDateTimeType@1006f6a5
21:23:00.929 [Test worker] DEBUG org.hibernate.type.BasicTypeRegistry - Adding type registration OffsetTime -> org.hibernate.type.OffsetTimeType@5ebf30b8
21:23:00.929 [Test worker] DEBUG org.hibernate.type.BasicTypeRegistry - Adding type registration java.time.OffsetTime -> org.hibernate.type.OffsetTimeType@5ebf30b8
21:23:00.929 [Test worker] DEBUG org.hibernate.type.BasicTypeRegistry - Adding type registration ZonedDateTime -> org.hibernate.type.ZonedDateTimeType@5ecdce3a
21:23:00.929 [Test worker] DEBUG org.hibernate.type.BasicTypeRegistry - Adding type registration java.time.ZonedDateTime -> org.hibernate.type.ZonedDateTimeType@5ecdce3a
21:23:00.929 [Test worker] DEBUG org.hibernate.type.spi.TypeConfiguration$Scope - Scoping TypeConfiguration [org.hibernate.type.spi.TypeConfiguration@2e515abf] to MetadataBuildingContext [org.hibernate.boot.internal.MetadataBuildingContextRootImpl@6807670d]
21:23:00.929 [Test worker] DEBUG org.hibernate.cfg.AnnotationBinder - Binding entity from annotated class: domain.Angajat
21:23:00.929 [Test worker] DEBUG org.hibernate.cfg.Ejb3Column - Binding column: Ejb3DiscriminatorColumn{logicalColumnName'DTYPE', discriminatorTypeName='string'}
21:23:00.929 [Test worker] DEBUG org.hibernate.cfg.annotations.EntityBinder - Import with entity name Angajat
21:23:00.929 [Test worker] DEBUG org.hibernate.cfg.annotations.EntityBinder - Bind entity domain.Angajat on table angajati
21:23:00.929 [Test worker] DEBUG org.hibernate.cfg.Ejb3Column - Binding column: Ejb3Column{table=org.hibernate.mapping.Table(angajati), mappingColumn=id, insertable=true, updatable=true, unique=false}
21:23:00.929 [Test worker] DEBUG org.hibernate.boot.internal.ClassLoaderAccessImpl - Not known whether passed class name [domain.Angajat] is safe
21:23:00.929 [Test worker] DEBUG org.hibernate.boot.internal.ClassLoaderAccessImpl - No temp ClassLoader provided; using live ClassLoader for loading potentially unsafe class : domain.Angajat
21:23:00.929 [Test worker] DEBUG org.hibernate.cfg.annotations.PropertyBinder - MetadataSourceProcessor property id with lazy=false
21:23:00.929 [Test worker] DEBUG org.hibernate.cfg.AbstractPropertyHolder - Attempting to locate auto-apply AttributeConverter for property [domain.Angajat:id]
21:23:00.929 [Test worker] DEBUG org.hibernate.cfg.annotations.SimpleValueBinder - building SimpleValue for id
21:23:00.929 [Test worker] DEBUG org.hibernate.cfg.annotations.PropertyBinder - Building property id
21:23:00.929 [Test worker] DEBUG org.hibernate.cfg.BinderHelper - #makeIdGenerator(org.hibernate.mapping.SimpleValue([org.hibernate.mapping.Column(id)]), id, identity, , ...)
21:23:00.929 [Test worker] DEBUG org.hibernate.cfg.Ejb3Column - Binding column: Ejb3JoinColumn{logicalColumnName='null', referencedColumn='null', mappedBy='angajat'}
21:23:00.929 [Test worker] DEBUG org.hibernate.cfg.Ejb3Column - Binding column: Ejb3Column{table=org.hibernate.mapping.Table(angajati), mappingColumn=concedii, insertable=true, updatable=true, unique=false}
21:23:00.929 [Test worker] DEBUG org.hibernate.cfg.Ejb3Column - Binding column: Ejb3Column{table=org.hibernate.mapping.Table(angajati), mappingColumn=null, insertable=true, updatable=true, unique=false}
21:23:00.929 [Test worker] DEBUG org.hibernate.cfg.Ejb3Column - Binding column: Ejb3Column{table=org.hibernate.mapping.Table(angajati), mappingColumn=element, insertable=true, updatable=true, unique=false}
21:23:00.929 [Test worker] DEBUG org.hibernate.cfg.Ejb3Column - Binding column: Ejb3Column{table=org.hibernate.mapping.Table(angajati), mappingColumn=concedii_KEY, insertable=true, updatable=true, unique=false}
21:23:00.929 [Test worker] DEBUG org.hibernate.cfg.Ejb3Column - Binding column: Ejb3JoinColumn{logicalColumnName='concedii_KEY', referencedColumn='null', mappedBy='null'}
21:23:00.929 [Test worker] DEBUG org.hibernate.cfg.Ejb3Column - Binding column: Ejb3JoinColumn{logicalColumnName='null', referencedColumn='null', mappedBy='angajat'}
21:23:00.929 [Test worker] DEBUG org.hibernate.cfg.Ejb3Column - Binding column: Ejb3JoinColumn{logicalColumnName='null', referencedColumn='null', mappedBy='angajat'}
21:23:00.929 [Test worker] DEBUG org.hibernate.cfg.annotations.CollectionBinder - Collection role: domain.Angajat.concedii
21:23:00.929 [Test worker] DEBUG org.hibernate.cfg.annotations.PropertyBinder - Building property concedii
21:23:00.929 [Test worker] DEBUG org.hibernate.cfg.Ejb3Column - Binding column: Ejb3Column{table=org.hibernate.mapping.Table(angajati), mappingColumn=data_angajare, insertable=true, updatable=true, unique=false}
21:23:00.929 [Test worker] DEBUG org.hibernate.cfg.annotations.PropertyBinder - MetadataSourceProcessor property dataAngajare with lazy=false
21:23:00.929 [Test worker] DEBUG org.hibernate.cfg.AbstractPropertyHolder - Attempting to locate auto-apply AttributeConverter for property [domain.Angajat:dataAngajare]
21:23:00.929 [Test worker] DEBUG org.hibernate.cfg.annotations.SimpleValueBinder - building SimpleValue for dataAngajare
21:23:00.929 [Test worker] DEBUG org.hibernate.cfg.annotations.PropertyBinder - Building property dataAngajare
21:23:00.929 [Test worker] DEBUG org.hibernate.cfg.Ejb3Column - Binding column: Ejb3Column{table=org.hibernate.mapping.Table(angajati), mappingColumn=null, insertable=true, updatable=true, unique=false}
21:23:00.929 [Test worker] DEBUG org.hibernate.cfg.Ejb3Column - Binding column: Ejb3Column{table=org.hibernate.mapping.Table(angajati), mappingColumn=element, insertable=true, updatable=true, unique=false}
21:23:00.929 [Test worker] DEBUG org.hibernate.cfg.Ejb3Column - Binding column: Ejb3Column{table=org.hibernate.mapping.Table(angajati), mappingColumn=departamente_KEY, insertable=true, updatable=true, unique=false}
21:23:00.929 [Test worker] DEBUG org.hibernate.cfg.Ejb3Column - Binding column: Ejb3JoinColumn{logicalColumnName='departamente_KEY', referencedColumn='null', mappedBy='null'}
21:23:00.929 [Test worker] DEBUG org.hibernate.cfg.Ejb3Column - Binding column: Ejb3JoinColumn{logicalColumnName='id_angajat', referencedColumn='', mappedBy=''}
21:23:00.929 [Test worker] DEBUG org.hibernate.cfg.Ejb3Column - Binding column: Ejb3JoinColumn{logicalColumnName='id_departament', referencedColumn='', mappedBy=''}
21:23:00.929 [Test worker] DEBUG org.hibernate.cfg.annotations.CollectionBinder - Collection role: domain.Angajat.departamente
21:23:00.929 [Test worker] DEBUG org.hibernate.cfg.annotations.PropertyBinder - Building property departamente
21:23:00.929 [Test worker] DEBUG org.hibernate.cfg.Ejb3Column - Binding column: Ejb3JoinColumn{logicalColumnName='null', referencedColumn='null', mappedBy='null'}
21:23:00.929 [Test worker] DEBUG org.hibernate.cfg.Ejb3Column - Binding column: Ejb3Column{table=org.hibernate.mapping.Table(angajati), mappingColumn=functie, insertable=true, updatable=true, unique=false}
21:23:00.929 [Test worker] DEBUG org.hibernate.cfg.annotations.PropertyBinder - Building property functie
21:23:00.929 [Test worker] DEBUG org.hibernate.cfg.Ejb3Column - Binding column: Ejb3Column{table=org.hibernate.mapping.Table(angajati), mappingColumn=id_superior, insertable=true, updatable=true, unique=false}
21:23:00.929 [Test worker] DEBUG org.hibernate.cfg.annotations.PropertyBinder - MetadataSourceProcessor property idSuperior with lazy=false
21:23:00.929 [Test worker] DEBUG org.hibernate.cfg.AbstractPropertyHolder - Attempting to locate auto-apply AttributeConverter for property [domain.Angajat:idSuperior]
21:23:00.929 [Test worker] DEBUG org.hibernate.cfg.annotations.SimpleValueBinder - building SimpleValue for idSuperior
21:23:00.929 [Test worker] DEBUG org.hibernate.cfg.annotations.PropertyBinder - Building property idSuperior
21:23:00.929 [Test worker] DEBUG org.hibernate.cfg.Ejb3Column - Binding column: Ejb3Column{table=org.hibernate.mapping.Table(angajati), mappingColumn=null, insertable=true, updatable=true, unique=false}
21:23:00.929 [Test worker] DEBUG org.hibernate.cfg.Ejb3Column - Binding column: Ejb3Column{table=org.hibernate.mapping.Table(angajati), mappingColumn=element, insertable=true, updatable=true, unique=false}
21:23:00.929 [Test worker] DEBUG org.hibernate.cfg.Ejb3Column - Binding column: Ejb3Column{table=org.hibernate.mapping.Table(angajati), mappingColumn=proiecte_KEY, insertable=true, updatable=true, unique=false}
21:23:00.929 [Test worker] DEBUG org.hibernate.cfg.Ejb3Column - Binding column: Ejb3JoinColumn{logicalColumnName='proiecte_KEY', referencedColumn='null', mappedBy='null'}
21:23:00.929 [Test worker] DEBUG org.hibernate.cfg.Ejb3Column - Binding column: Ejb3JoinColumn{logicalColumnName='id_angajat', referencedColumn='', mappedBy=''}
21:23:00.929 [Test worker] DEBUG org.hibernate.cfg.Ejb3Column - Binding column: Ejb3JoinColumn{logicalColumnName='id_proiect', referencedColumn='', mappedBy=''}
21:23:00.929 [Test worker] DEBUG org.hibernate.cfg.annotations.CollectionBinder - Collection role: domain.Angajat.proiecte
21:23:00.929 [Test worker] DEBUG org.hibernate.cfg.annotations.PropertyBinder - Building property proiecte
21:23:00.929 [Test worker] DEBUG org.hibernate.cfg.AnnotationBinder - Binding entity from annotated class: domain.Concediu
21:23:00.929 [Test worker] DEBUG org.hibernate.cfg.Ejb3Column - Binding column: Ejb3DiscriminatorColumn{logicalColumnName'DTYPE', discriminatorTypeName='string'}
21:23:00.929 [Test worker] DEBUG org.hibernate.cfg.annotations.EntityBinder - Import with entity name Concediu
21:23:00.929 [Test worker] DEBUG org.hibernate.cfg.annotations.EntityBinder - Bind entity domain.Concediu on table concedii
21:23:00.929 [Test worker] DEBUG org.hibernate.cfg.Ejb3Column - Binding column: Ejb3Column{table=org.hibernate.mapping.Table(concedii), mappingColumn=id, insertable=true, updatable=true, unique=false}
21:23:00.929 [Test worker] DEBUG org.hibernate.boot.internal.ClassLoaderAccessImpl - Not known whether passed class name [domain.Concediu] is safe
21:23:00.929 [Test worker] DEBUG org.hibernate.boot.internal.ClassLoaderAccessImpl - No temp ClassLoader provided; using live ClassLoader for loading potentially unsafe class : domain.Concediu
21:23:00.929 [Test worker] DEBUG org.hibernate.cfg.annotations.PropertyBinder - MetadataSourceProcessor property id with lazy=false
21:23:00.929 [Test worker] DEBUG org.hibernate.cfg.AbstractPropertyHolder - Attempting to locate auto-apply AttributeConverter for property [domain.Concediu:id]
21:23:00.929 [Test worker] DEBUG org.hibernate.cfg.annotations.SimpleValueBinder - building SimpleValue for id
21:23:00.929 [Test worker] DEBUG org.hibernate.cfg.annotations.PropertyBinder - Building property id
21:23:00.929 [Test worker] DEBUG org.hibernate.cfg.BinderHelper - #makeIdGenerator(org.hibernate.mapping.SimpleValue([org.hibernate.mapping.Column(id)]), id, identity, , ...)
21:23:00.929 [Test worker] DEBUG org.hibernate.cfg.Ejb3Column - Binding column: Ejb3JoinColumn{logicalColumnName='id_angajat', referencedColumn='', mappedBy=''}
21:23:00.929 [Test worker] DEBUG org.hibernate.cfg.Ejb3Column - Binding column: Ejb3Column{table=org.hibernate.mapping.Table(concedii), mappingColumn=angajat, insertable=true, updatable=true, unique=false}
21:23:00.929 [Test worker] DEBUG org.hibernate.cfg.annotations.PropertyBinder - Building property angajat
21:23:00.929 [Test worker] DEBUG org.hibernate.cfg.Ejb3Column - Binding column: Ejb3Column{table=org.hibernate.mapping.Table(concedii), mappingColumn=data_inceput, insertable=true, updatable=true, unique=false}
21:23:00.929 [Test worker] DEBUG org.hibernate.cfg.annotations.PropertyBinder - MetadataSourceProcessor property dataInceput with lazy=false
21:23:00.929 [Test worker] DEBUG org.hibernate.cfg.AbstractPropertyHolder - Attempting to locate auto-apply AttributeConverter for property [domain.Concediu:dataInceput]
21:23:00.929 [Test worker] DEBUG org.hibernate.cfg.annotations.SimpleValueBinder - building SimpleValue for dataInceput
21:23:00.929 [Test worker] DEBUG org.hibernate.cfg.annotations.PropertyBinder - Building property dataInceput
21:23:00.929 [Test worker] DEBUG org.hibernate.cfg.Ejb3Column - Binding column: Ejb3Column{table=org.hibernate.mapping.Table(concedii), mappingColumn=data_sfarsit, insertable=true, updatable=true, unique=false}
21:23:00.929 [Test worker] DEBUG org.hibernate.cfg.annotations.PropertyBinder - MetadataSourceProcessor property dataSfarsit with lazy=false
21:23:00.929 [Test worker] DEBUG org.hibernate.cfg.AbstractPropertyHolder - Attempting to locate auto-apply AttributeConverter for property [domain.Concediu:dataSfarsit]
21:23:00.929 [Test worker] DEBUG org.hibernate.cfg.annotations.SimpleValueBinder - building SimpleValue for dataSfarsit
21:23:00.929 [Test worker] DEBUG org.hibernate.cfg.annotations.PropertyBinder - Building property dataSfarsit
21:23:00.929 [Test worker] DEBUG org.hibernate.cfg.AnnotationBinder - Binding entity from annotated class: domain.Departament
21:23:00.929 [Test worker] DEBUG org.hibernate.cfg.Ejb3Column - Binding column: Ejb3DiscriminatorColumn{logicalColumnName'DTYPE', discriminatorTypeName='string'}
21:23:00.929 [Test worker] DEBUG org.hibernate.cfg.annotations.EntityBinder - Import with entity name Departament
21:23:00.929 [Test worker] DEBUG org.hibernate.cfg.annotations.EntityBinder - Bind entity domain.Departament on table departamente
21:23:00.929 [Test worker] DEBUG org.hibernate.cfg.Ejb3Column - Binding column: Ejb3Column{table=org.hibernate.mapping.Table(departamente), mappingColumn=id, insertable=true, updatable=true, unique=false}
21:23:00.929 [Test worker] DEBUG org.hibernate.boot.internal.ClassLoaderAccessImpl - Not known whether passed class name [domain.Departament] is safe
21:23:00.929 [Test worker] DEBUG org.hibernate.boot.internal.ClassLoaderAccessImpl - No temp ClassLoader provided; using live ClassLoader for loading potentially unsafe class : domain.Departament
21:23:00.929 [Test worker] DEBUG org.hibernate.cfg.annotations.PropertyBinder - MetadataSourceProcessor property id with lazy=false
21:23:00.929 [Test worker] DEBUG org.hibernate.cfg.AbstractPropertyHolder - Attempting to locate auto-apply AttributeConverter for property [domain.Departament:id]
21:23:00.929 [Test worker] DEBUG org.hibernate.cfg.annotations.SimpleValueBinder - building SimpleValue for id
21:23:00.929 [Test worker] DEBUG org.hibernate.cfg.annotations.PropertyBinder - Building property id
21:23:00.929 [Test worker] DEBUG org.hibernate.cfg.BinderHelper - #makeIdGenerator(org.hibernate.mapping.SimpleValue([org.hibernate.mapping.Column(id)]), id, identity, , ...)
21:23:00.929 [Test worker] DEBUG org.hibernate.cfg.Ejb3Column - Binding column: Ejb3Column{table=org.hibernate.mapping.Table(departamente), mappingColumn=id_director, insertable=true, updatable=true, unique=false}
21:23:00.929 [Test worker] DEBUG org.hibernate.cfg.annotations.PropertyBinder - MetadataSourceProcessor property idDirector with lazy=false
21:23:00.929 [Test worker] DEBUG org.hibernate.cfg.AbstractPropertyHolder - Attempting to locate auto-apply AttributeConverter for property [domain.Departament:idDirector]
21:23:00.929 [Test worker] DEBUG org.hibernate.cfg.annotations.SimpleValueBinder - building SimpleValue for idDirector
21:23:00.929 [Test worker] DEBUG org.hibernate.cfg.annotations.PropertyBinder - Building property idDirector
21:23:00.929 [Test worker] DEBUG org.hibernate.cfg.AnnotationBinder - Binding entity from annotated class: domain.Functie
21:23:00.929 [Test worker] DEBUG org.hibernate.cfg.Ejb3Column - Binding column: Ejb3DiscriminatorColumn{logicalColumnName'DTYPE', discriminatorTypeName='string'}
21:23:00.929 [Test worker] DEBUG org.hibernate.cfg.annotations.EntityBinder - Import with entity name Functie
21:23:00.929 [Test worker] DEBUG org.hibernate.cfg.annotations.EntityBinder - Bind entity domain.Functie on table functii
21:23:00.929 [Test worker] DEBUG org.hibernate.cfg.Ejb3Column - Binding column: Ejb3Column{table=org.hibernate.mapping.Table(functii), mappingColumn=id, insertable=true, updatable=true, unique=false}
21:23:00.929 [Test worker] DEBUG org.hibernate.boot.internal.ClassLoaderAccessImpl - Not known whether passed class name [domain.Functie] is safe
21:23:00.929 [Test worker] DEBUG org.hibernate.boot.internal.ClassLoaderAccessImpl - No temp ClassLoader provided; using live ClassLoader for loading potentially unsafe class : domain.Functie
21:23:00.929 [Test worker] DEBUG org.hibernate.cfg.annotations.PropertyBinder - MetadataSourceProcessor property id with lazy=false
21:23:00.929 [Test worker] DEBUG org.hibernate.cfg.AbstractPropertyHolder - Attempting to locate auto-apply AttributeConverter for property [domain.Functie:id]
21:23:00.929 [Test worker] DEBUG org.hibernate.cfg.annotations.SimpleValueBinder - building SimpleValue for id
21:23:00.929 [Test worker] DEBUG org.hibernate.cfg.annotations.PropertyBinder - Building property id
21:23:00.929 [Test worker] DEBUG org.hibernate.cfg.BinderHelper - #makeIdGenerator(org.hibernate.mapping.SimpleValue([org.hibernate.mapping.Column(id)]), id, identity, , ...)
21:23:00.929 [Test worker] DEBUG org.hibernate.cfg.Ejb3Column - Binding column: Ejb3Column{table=org.hibernate.mapping.Table(functii), mappingColumn=salar_de_baza, insertable=true, updatable=true, unique=false}
21:23:00.929 [Test worker] DEBUG org.hibernate.cfg.annotations.PropertyBinder - MetadataSourceProcessor property salarDeBaza with lazy=false
21:23:00.929 [Test worker] DEBUG org.hibernate.cfg.AbstractPropertyHolder - Attempting to locate auto-apply AttributeConverter for property [domain.Functie:salarDeBaza]
21:23:00.929 [Test worker] DEBUG org.hibernate.cfg.annotations.SimpleValueBinder - building SimpleValue for salarDeBaza
21:23:00.929 [Test worker] DEBUG org.hibernate.cfg.annotations.PropertyBinder - Building property salarDeBaza
21:23:00.929 [Test worker] DEBUG org.hibernate.cfg.AnnotationBinder - Binding entity from annotated class: domain.Proiect
21:23:00.929 [Test worker] DEBUG org.hibernate.cfg.Ejb3Column - Binding column: Ejb3DiscriminatorColumn{logicalColumnName'DTYPE', discriminatorTypeName='string'}
21:23:00.929 [Test worker] DEBUG org.hibernate.cfg.annotations.EntityBinder - Import with entity name Proiect
21:23:00.929 [Test worker] DEBUG org.hibernate.cfg.annotations.EntityBinder - Bind entity domain.Proiect on table proiecte
21:23:00.929 [Test worker] DEBUG org.hibernate.cfg.Ejb3Column - Binding column: Ejb3Column{table=org.hibernate.mapping.Table(proiecte), mappingColumn=id, insertable=true, updatable=true, unique=false}
21:23:00.929 [Test worker] DEBUG org.hibernate.boot.internal.ClassLoaderAccessImpl - Not known whether passed class name [domain.Proiect] is safe
21:23:00.929 [Test worker] DEBUG org.hibernate.boot.internal.ClassLoaderAccessImpl - No temp ClassLoader provided; using live ClassLoader for loading potentially unsafe class : domain.Proiect
21:23:00.929 [Test worker] DEBUG org.hibernate.cfg.annotations.PropertyBinder - MetadataSourceProcessor property id with lazy=false
21:23:00.929 [Test worker] DEBUG org.hibernate.cfg.AbstractPropertyHolder - Attempting to locate auto-apply AttributeConverter for property [domain.Proiect:id]
21:23:00.929 [Test worker] DEBUG org.hibernate.cfg.annotations.SimpleValueBinder - building SimpleValue for id
21:23:00.929 [Test worker] DEBUG org.hibernate.cfg.annotations.PropertyBinder - Building property id
21:23:00.929 [Test worker] DEBUG org.hibernate.cfg.BinderHelper - #makeIdGenerator(org.hibernate.mapping.SimpleValue([org.hibernate.mapping.Column(id)]), id, identity, , ...)
21:23:00.929 [Test worker] DEBUG org.hibernate.cfg.Ejb3Column - Binding column: Ejb3Column{table=org.hibernate.mapping.Table(proiecte), mappingColumn=data_inceput, insertable=true, updatable=true, unique=false}
21:23:00.929 [Test worker] DEBUG org.hibernate.cfg.annotations.PropertyBinder - MetadataSourceProcessor property dataInceput with lazy=false
21:23:00.929 [Test worker] DEBUG org.hibernate.cfg.AbstractPropertyHolder - Attempting to locate auto-apply AttributeConverter for property [domain.Proiect:dataInceput]
21:23:00.929 [Test worker] DEBUG org.hibernate.cfg.annotations.SimpleValueBinder - building SimpleValue for dataInceput
21:23:00.929 [Test worker] DEBUG org.hibernate.cfg.annotations.PropertyBinder - Building property dataInceput
21:23:00.929 [Test worker] DEBUG org.hibernate.cfg.Ejb3Column - Binding column: Ejb3Column{table=org.hibernate.mapping.Table(proiecte), mappingColumn=deadline, insertable=true, updatable=true, unique=false}
21:23:00.929 [Test worker] DEBUG org.hibernate.cfg.annotations.PropertyBinder - MetadataSourceProcessor property deadline with lazy=false
21:23:00.929 [Test worker] DEBUG org.hibernate.cfg.AbstractPropertyHolder - Attempting to locate auto-apply AttributeConverter for property [domain.Proiect:deadline]
21:23:00.929 [Test worker] DEBUG org.hibernate.cfg.annotations.SimpleValueBinder - building SimpleValue for deadline
21:23:00.929 [Test worker] DEBUG org.hibernate.cfg.annotations.PropertyBinder - Building property deadline
21:23:00.929 [Test worker] DEBUG org.hibernate.cfg.annotations.SimpleValueBinder - Starting fillSimpleValue for id
21:23:00.929 [Test worker] DEBUG org.hibernate.cfg.annotations.SimpleValueBinder - Starting fillSimpleValue for dataAngajare
21:23:00.929 [Test worker] DEBUG org.hibernate.cfg.annotations.SimpleValueBinder - Starting fillSimpleValue for idSuperior
21:23:00.929 [Test worker] DEBUG org.hibernate.cfg.annotations.SimpleValueBinder - Starting fillSimpleValue for id
21:23:00.929 [Test worker] DEBUG org.hibernate.cfg.annotations.SimpleValueBinder - Starting fillSimpleValue for dataInceput
21:23:00.929 [Test worker] DEBUG org.hibernate.cfg.annotations.SimpleValueBinder - Starting fillSimpleValue for dataSfarsit
21:23:00.929 [Test worker] DEBUG org.hibernate.cfg.annotations.SimpleValueBinder - Starting fillSimpleValue for id
21:23:00.929 [Test worker] DEBUG org.hibernate.cfg.annotations.SimpleValueBinder - Starting fillSimpleValue for idDirector
21:23:00.929 [Test worker] DEBUG org.hibernate.cfg.annotations.SimpleValueBinder - Starting fillSimpleValue for id
21:23:00.929 [Test worker] DEBUG org.hibernate.cfg.annotations.SimpleValueBinder - Starting fillSimpleValue for salarDeBaza
21:23:00.929 [Test worker] DEBUG org.hibernate.cfg.annotations.SimpleValueBinder - Starting fillSimpleValue for id
21:23:00.929 [Test worker] DEBUG org.hibernate.cfg.annotations.SimpleValueBinder - Starting fillSimpleValue for dataInceput
21:23:00.929 [Test worker] DEBUG org.hibernate.cfg.annotations.SimpleValueBinder - Starting fillSimpleValue for deadline
21:23:00.929 [Test worker] DEBUG org.hibernate.mapping.PrimaryKey - Forcing column [id] to be non-null as it is part of the primary key for table [angajati]
21:23:00.929 [Test worker] DEBUG org.hibernate.mapping.PrimaryKey - Forcing column [id] to be non-null as it is part of the primary key for table [concedii]
21:23:00.929 [Test worker] DEBUG org.hibernate.mapping.PrimaryKey - Forcing column [id] to be non-null as it is part of the primary key for table [departamente]
21:23:00.929 [Test worker] DEBUG org.hibernate.mapping.PrimaryKey - Forcing column [id] to be non-null as it is part of the primary key for table [functii]
21:23:00.929 [Test worker] DEBUG org.hibernate.mapping.PrimaryKey - Forcing column [id] to be non-null as it is part of the primary key for table [proiecte]
21:23:00.929 [Test worker] DEBUG org.hibernate.cfg.CollectionSecondPass - Second pass for collection: domain.Angajat.proiecte
21:23:00.929 [Test worker] DEBUG org.hibernate.cfg.annotations.CollectionBinder - Binding as ManyToMany: domain.Angajat.proiecte
21:23:00.929 [Test worker] DEBUG org.hibernate.mapping.PrimaryKey - Forcing column [id_angajat] to be non-null as it is part of the primary key for table [angajati_proiecte]
21:23:00.929 [Test worker] DEBUG org.hibernate.mapping.PrimaryKey - Forcing column [id_proiect] to be non-null as it is part of the primary key for table [angajati_proiecte]
21:23:00.929 [Test worker] DEBUG org.hibernate.cfg.CollectionSecondPass - Mapped collection key: id_angajat, element: id_proiect
21:23:00.929 [Test worker] DEBUG org.hibernate.cfg.CollectionSecondPass - Second pass for collection: domain.Angajat.departamente
21:23:00.929 [Test worker] DEBUG org.hibernate.cfg.annotations.CollectionBinder - Binding as ManyToMany: domain.Angajat.departamente
21:23:00.929 [Test worker] DEBUG org.hibernate.mapping.PrimaryKey - Forcing column [id_angajat] to be non-null as it is part of the primary key for table [angajati_departamente]
21:23:00.929 [Test worker] DEBUG org.hibernate.mapping.PrimaryKey - Forcing column [id_departament] to be non-null as it is part of the primary key for table [angajati_departamente]
21:23:00.929 [Test worker] DEBUG org.hibernate.cfg.CollectionSecondPass - Mapped collection key: id_angajat, element: id_departament
21:23:00.929 [Test worker] DEBUG org.hibernate.cfg.CollectionSecondPass - Second pass for collection: domain.Angajat.concedii
21:23:00.929 [Test worker] DEBUG org.hibernate.cfg.annotations.CollectionBinder - Binding a OneToMany: domain.Angajat.concedii through a foreign key
21:23:00.929 [Test worker] DEBUG org.hibernate.cfg.annotations.CollectionBinder - Mapping collection: domain.Angajat.concedii -> concedii
21:23:00.929 [Test worker] DEBUG org.hibernate.cfg.annotations.TableBinder - Retrieving property domain.Concediu.angajat
21:23:00.929 [Test worker] DEBUG org.hibernate.cfg.CollectionSecondPass - Mapped collection key: id_angajat, one-to-many: domain.Concediu
21:23:00.929 [Test worker] DEBUG org.hibernate.boot.internal.InFlightMetadataCollectorImpl - Resolving reference to class: domain.Functie
21:23:00.929 [Test worker] DEBUG org.hibernate.boot.internal.InFlightMetadataCollectorImpl - Resolving reference to class: domain.Departament
21:23:00.929 [Test worker] DEBUG org.hibernate.boot.internal.InFlightMetadataCollectorImpl - Resolving reference to class: domain.Angajat
21:23:00.929 [Test worker] DEBUG org.hibernate.boot.internal.InFlightMetadataCollectorImpl - Resolving reference to class: domain.Proiect
21:23:00.929 [Test worker] DEBUG org.hibernate.boot.internal.InFlightMetadataCollectorImpl - Resolving reference to class: domain.Angajat
21:23:00.929 [Test worker] DEBUG org.hibernate.boot.internal.InFlightMetadataCollectorImpl - Resolving reference to class: domain.Angajat
21:23:00.929 [Test worker] DEBUG org.hibernate.boot.internal.InFlightMetadataCollectorImpl - Resolving reference to class: domain.Functie
21:23:00.929 [Test worker] DEBUG org.hibernate.boot.internal.InFlightMetadataCollectorImpl - Resolving reference to class: domain.Departament
21:23:00.929 [Test worker] DEBUG org.hibernate.boot.internal.InFlightMetadataCollectorImpl - Resolving reference to class: domain.Angajat
21:23:00.929 [Test worker] DEBUG org.hibernate.boot.internal.InFlightMetadataCollectorImpl - Resolving reference to class: domain.Proiect
21:23:00.929 [Test worker] DEBUG org.hibernate.boot.internal.InFlightMetadataCollectorImpl - Resolving reference to class: domain.Angajat
21:23:00.929 [Test worker] DEBUG org.hibernate.boot.internal.InFlightMetadataCollectorImpl - Resolving reference to class: domain.Angajat
21:23:00.929 [Test worker] DEBUG org.hibernate.internal.SessionFactoryImpl - Building session factory
21:23:00.929 [Test worker] DEBUG org.hibernate.cfg.Settings - SessionFactory name : null
21:23:00.929 [Test worker] DEBUG org.hibernate.cfg.Settings - Automatic flush during beforeCompletion(): enabled
21:23:00.929 [Test worker] DEBUG org.hibernate.cfg.Settings - Automatic session close at end of transaction: disabled
21:23:00.929 [Test worker] DEBUG org.hibernate.cfg.Settings - Statistics: disabled
21:23:00.929 [Test worker] DEBUG org.hibernate.cfg.Settings - Deleted entity synthetic identifier rollback: disabled
21:23:00.929 [Test worker] DEBUG org.hibernate.cfg.Settings - Default entity-mode: pojo
21:23:00.929 [Test worker] DEBUG org.hibernate.cfg.Settings - Check Nullability in Core (should be disabled when Bean Validation is on): enabled
21:23:00.929 [Test worker] DEBUG org.hibernate.cfg.Settings - Allow initialization of lazy state outside session : enabled
21:23:00.929 [Test worker] DEBUG org.hibernate.cfg.Settings - Using BatchFetchStyle : LEGACY
21:23:00.929 [Test worker] DEBUG org.hibernate.cfg.Settings - Default batch fetch size: -1
21:23:00.929 [Test worker] DEBUG org.hibernate.cfg.Settings - Maximum outer join fetch depth: null
21:23:00.929 [Test worker] DEBUG org.hibernate.cfg.Settings - Default null ordering: NONE
21:23:00.929 [Test worker] DEBUG org.hibernate.cfg.Settings - Order SQL updates by primary key: disabled
21:23:00.929 [Test worker] DEBUG org.hibernate.cfg.Settings - Order SQL inserts for batching: disabled
21:23:00.929 [Test worker] DEBUG org.hibernate.cfg.Settings - multi-tenancy strategy : NONE
21:23:00.929 [Test worker] DEBUG org.hibernate.cfg.Settings - JTA Track by Thread: enabled
21:23:00.929 [Test worker] DEBUG org.hibernate.cfg.Settings - Query language substitutions: {}
21:23:00.929 [Test worker] DEBUG org.hibernate.cfg.Settings - Named query checking : enabled
21:23:00.929 [Test worker] DEBUG org.hibernate.cfg.Settings - Second-level cache: disabled
21:23:00.929 [Test worker] DEBUG org.hibernate.cfg.Settings - Second-level query cache: disabled
21:23:00.929 [Test worker] DEBUG org.hibernate.cfg.Settings - Second-level query cache factory: null
21:23:00.929 [Test worker] DEBUG org.hibernate.cfg.Settings - Second-level cache region prefix: null
21:23:00.929 [Test worker] DEBUG org.hibernate.cfg.Settings - Optimize second-level cache for minimal puts: disabled
21:23:00.929 [Test worker] DEBUG org.hibernate.cfg.Settings - Structured second-level cache entries: disabled
21:23:00.929 [Test worker] DEBUG org.hibernate.cfg.Settings - Second-level cache direct-reference entries: disabled
21:23:00.929 [Test worker] DEBUG org.hibernate.cfg.Settings - Automatic eviction of collection cache: disabled
21:23:00.929 [Test worker] DEBUG org.hibernate.cfg.Settings - JDBC batch size: 0
21:23:00.929 [Test worker] DEBUG org.hibernate.cfg.Settings - JDBC batch updates for versioned data: enabled
21:23:00.929 [Test worker] DEBUG org.hibernate.cfg.Settings - Scrollable result sets: disabled
21:23:00.929 [Test worker] DEBUG org.hibernate.cfg.Settings - Wrap result sets: disabled
21:23:00.929 [Test worker] DEBUG org.hibernate.cfg.Settings - JDBC3 getGeneratedKeys(): enabled
21:23:00.929 [Test worker] DEBUG org.hibernate.cfg.Settings - JDBC result set fetch size: null
21:23:00.929 [Test worker] DEBUG org.hibernate.cfg.Settings - Connection release mode: AFTER_TRANSACTION
21:23:00.929 [Test worker] DEBUG org.hibernate.cfg.Settings - Generate SQL with comments: disabled
21:23:00.929 [Test worker] DEBUG org.hibernate.cfg.Settings - JPA compliance - query : disabled
21:23:00.929 [Test worker] DEBUG org.hibernate.cfg.Settings - JPA compliance - closed-handling : disabled
21:23:00.929 [Test worker] DEBUG org.hibernate.cfg.Settings - JPA compliance - lists : disabled
21:23:00.929 [Test worker] DEBUG org.hibernate.cfg.Settings - JPA compliance - transactions : disabled
21:23:00.944 [Test worker] DEBUG org.hibernate.internal.SessionFactoryImpl - Session factory constructed with filter configurations : {}
21:23:00.944 [Test worker] DEBUG org.hibernate.internal.SessionFactoryImpl - Instantiating session factory with properties: {sun.desktop=windows, awt.toolkit=sun.awt.windows.WToolkit, dialect=utils.SQLiteDialect, java.specification.version=11, sun.cpu.isalist=amd64, sun.jnu.encoding=Cp1250, hibernate.dialect=utils.SQLiteDialect, org.gradle.test.worker=3, java.class.path=C:\\Users\\Dan\\.gradle\\caches\\6.8\\workerMain\\gradle-worker.jar;D:\\Facultate\\Projects\\OrganizareCompanie\\build\\classes\\java\\test;D:\\Facultate\\Projects\\OrganizareCompanie\\build\\resources\\test;D:\\Facultate\\Projects\\OrganizareCompanie\\build\\classes\\java\\main;D:\\Facultate\\Projects\\OrganizareCompanie\\build\\resources\\main;C:\\Users\\Dan\\.gradle\\caches\\modules-2\\files-2.1\\org.springframework.boot\\spring-boot-starter-web\\2.4.3\\4f5554ea183af87e52d8c31bb82aada0d74c40b0\\spring-boot-starter-web-2.4.3.jar;C:\\Users\\Dan\\.gradle\\caches\\modules-2\\files-2.1\\org.xerial\\sqlite-jdbc\\3.34.0\\fd29bb0124e3f79c80b2753162a6a3873c240bcf\\sqlite-jdbc-3.34.0.jar;C:\\Users\\Dan\\.gradle\\caches\\modules-2\\files-2.1\\org.hibernate\\hibernate-java8\\5.1.0.Final\\2bb534acab4f8485a821f0e4d6a2c8df617ee86a\\hibernate-java8-5.1.0.Final.jar;C:\\Users\\Dan\\.gradle\\caches\\modules-2\\files-2.1\\org.hibernate\\hibernate-core\\5.4.29.Final\\74b7c9ad3cb57ae4fd0187480a76f137a7fc3f38\\hibernate-core-5.4.29.Final.jar;C:\\Users\\Dan\\.gradle\\caches\\modules-2\\files-2.1\\org.junit.platform\\junit-platform-engine\\1.7.0\\eadb73c5074a4ac71061defd00fc176152a4d12c\\junit-platform-engine-1.7.0.jar;C:\\Users\\Dan\\.gradle\\caches\\modules-2\\files-2.1\\org.junit.platform\\junit-platform-commons\\1.7.0\\84e309fbf21d857aac079a3c1fffd84284e1114d\\junit-platform-commons-1.7.0.jar;C:\\Users\\Dan\\.gradle\\caches\\modules-2\\files-2.1\\org.junit.jupiter\\junit-jupiter-engine\\5.7.0\\d9044d6b45e2232ddd53fa56c15333e43d1749fd\\junit-jupiter-engine-5.7.0.jar;C:\\Users\\Dan\\.gradle\\caches\\modules-2\\files-2.1\\org.junit.jupiter\\junit-jupiter-api\\5.7.0\\b25f3815c4c1860a73041e733a14a0379d00c4d5\\junit-jupiter-api-5.7.0.jar;C:\\Users\\Dan\\.gradle\\caches\\modules-2\\files-2.1\\org.springframework.boot\\spring-boot-starter-json\\2.4.3\\7b26abb0a0379a00b58a2a50e010b29cf4f16b80\\spring-boot-starter-json-2.4.3.jar;C:\\Users\\Dan\\.gradle\\caches\\modules-2\\files-2.1\\org.springframework.boot\\spring-boot-starter\\2.4.3\\fd8bc0fb5f5aaefb4d6c8b77eb61563aab840c11\\spring-boot-starter-2.4.3.jar;C:\\Users\\Dan\\.gradle\\caches\\modules-2\\files-2.1\\org.springframework.boot\\spring-boot-starter-tomcat\\2.4.3\\4ba28aae05a259625e7e92f8e7338c5e1d22de35\\spring-boot-starter-tomcat-2.4.3.jar;C:\\Users\\Dan\\.gradle\\caches\\modules-2\\files-2.1\\org.springframework\\spring-webmvc\\5.3.4\\8dd52fbe8eafcc7c80998087ec6635baf7a98c20\\spring-webmvc-5.3.4.jar;C:\\Users\\Dan\\.gradle\\caches\\modules-2\\files-2.1\\org.springframework\\spring-web\\5.3.4\\d93829e24a50ed22e781f2302680a210cac5ee84\\spring-web-5.3.4.jar;C:\\Users\\Dan\\.gradle\\caches\\modules-2\\files-2.1\\org.hibernate.common\\hibernate-commons-annotations\\5.1.2.Final\\e59ffdbc6ad09eeb33507b39ffcf287679a498c8\\hibernate-commons-annotations-5.1.2.Final.jar;C:\\Users\\Dan\\.gradle\\caches\\modules-2\\files-2.1\\org.jboss.logging\\jboss-logging\\3.4.1.Final\\40fd4d696c55793e996d1ff3c475833f836c2498\\jboss-logging-3.4.1.Final.jar;C:\\Users\\Dan\\.gradle\\caches\\modules-2\\files-2.1\\javax.persistence\\javax.persistence-api\\2.2\\25665ac8c0b62f50e6488173233239120fc52c96\\javax.persistence-api-2.2.jar;C:\\Users\\Dan\\.gradle\\caches\\modules-2\\files-2.1\\org.javassist\\javassist\\3.27.0-GA\\f63e6aa899e15eca8fdaa402a79af4c417252213\\javassist-3.27.0-GA.jar;C:\\Users\\Dan\\.gradle\\caches\\modules-2\\files-2.1\\net.bytebuddy\\byte-buddy\\1.10.21\\5abe8e141cac9d50a721a22d9c188b3bf19ad0aa\\byte-buddy-1.10.21.jar;C:\\Users\\Dan\\.gradle\\caches\\modules-2\\files-2.1\\antlr\\antlr\\2.7.7\\83cd2cd674a217ade95a4bb83a8a14f351f48bd0\\antlr-2.7.7.jar;C:\\Users\\Dan\\.gradle\\caches\\modules-2\\files-2.1\\org.jboss.spec.javax.transaction\\jboss-transaction-api_1.2_spec\\1.1.1.Final\\a8485cab9484dda36e9a8c319e76b5cc18797b58\\jboss-transaction-api_1.2_spec-1.1.1.Final.jar;C:\\Users\\Dan\\.gradle\\caches\\modules-2\\files-2.1\\org.jboss\\jandex\\2.2.3.Final\\d3865101f0666b63586683bd811d754517f331ab\\jandex-2.2.3.Final.jar;C:\\Users\\Dan\\.gradle\\caches\\modules-2\\files-2.1\\com.fasterxml\\classmate\\1.5.1\\3fe0bed568c62df5e89f4f174c101eab25345b6c\\classmate-1.5.1.jar;C:\\Users\\Dan\\.gradle\\caches\\modules-2\\files-2.1\\org.glassfish.jaxb\\jaxb-runtime\\2.3.1\\dd6dda9da676a54c5b36ca2806ff95ee017d8738\\jaxb-runtime-2.3.1.jar;C:\\Users\\Dan\\.gradle\\caches\\modules-2\\files-2.1\\javax.xml.bind\\jaxb-api\\2.3.1\\8531ad5ac454cc2deb9d4d32c40c4d7451939b5d\\jaxb-api-2.3.1.jar;C:\\Users\\Dan\\.gradle\\caches\\modules-2\\files-2.1\\javax.activation\\javax.activation-api\\1.2.0\\85262acf3ca9816f9537ca47d5adeabaead7cb16\\javax.activation-api-1.2.0.jar;C:\\Users\\Dan\\.gradle\\caches\\modules-2\\files-2.1\\org.dom4j\\dom4j\\2.1.3\\a75914155a9f5808963170ec20653668a2ffd2fd\\dom4j-2.1.3.jar;C:\\Users\\Dan\\.gradle\\caches\\modules-2\\files-2.1\\org.apiguardian\\apiguardian-api\\1.1.0\\fc9dff4bb36d627bdc553de77e1f17efd790876c\\apiguardian-api-1.1.0.jar;C:\\Users\\Dan\\.gradle\\caches\\modules-2\\files-2.1\\org.opentest4j\\opentest4j\\1.2.0\\28c11eb91f9b6d8e200631d46e20a7f407f2a046\\opentest4j-1.2.0.jar;C:\\Users\\Dan\\.gradle\\caches\\modules-2\\files-2.1\\org.springframework.boot\\spring-boot-autoconfigure\\2.4.3\\2f8e1e682e55f70c8ea557982c7adb1256f41bcf\\spring-boot-autoconfigure-2.4.3.jar;C:\\Users\\Dan\\.gradle\\caches\\modules-2\\files-2.1\\org.springframework.boot\\spring-boot\\2.4.3\\de2bd17a8eb9bc3dfa629aa06f2e9fe3bf603c85\\spring-boot-2.4.3.jar;C:\\Users\\Dan\\.gradle\\caches\\modules-2\\files-2.1\\org.springframework.boot\\spring-boot-starter-logging\\2.4.3\\64687abc2255d18cd6592cbb20fa3bee3379cec8\\spring-boot-starter-logging-2.4.3.jar;C:\\Users\\Dan\\.gradle\\caches\\modules-2\\files-2.1\\jakarta.annotation\\jakarta.annotation-api\\1.3.5\\59eb84ee0d616332ff44aba065f3888cf002cd2d\\jakarta.annotation-api-1.3.5.jar;C:\\Users\\Dan\\.gradle\\caches\\modules-2\\files-2.1\\org.springframework\\spring-context\\5.3.4\\fbeadeb0e4d272599a938ec345e99e5f9a76e919\\spring-context-5.3.4.jar;C:\\Users\\Dan\\.gradle\\caches\\modules-2\\files-2.1\\org.springframework\\spring-aop\\5.3.4\\b7180a6427ab524bc1cbd31bf38dd2182632515f\\spring-aop-5.3.4.jar;C:\\Users\\Dan\\.gradle\\caches\\modules-2\\files-2.1\\org.springframework\\spring-beans\\5.3.4\\ac6c5ea0ba82f555405f74104cf378f8071c6d25\\spring-beans-5.3.4.jar;C:\\Users\\Dan\\.gradle\\caches\\modules-2\\files-2.1\\org.springframework\\spring-expression\\5.3.4\\42b71fa955e43a86471509aef14cefe756fc3794\\spring-expression-5.3.4.jar;C:\\Users\\Dan\\.gradle\\caches\\modules-2\\files-2.1\\org.springframework\\spring-core\\5.3.4\\46c1f8abd9e02a292c42a257350f365cec152b5d\\spring-core-5.3.4.jar;C:\\Users\\Dan\\.gradle\\caches\\modules-2\\files-2.1\\org.yaml\\snakeyaml\\1.27\\359d62567480b07a679dc643f82fc926b100eed5\\snakeyaml-1.27.jar;C:\\Users\\Dan\\.gradle\\caches\\modules-2\\files-2.1\\com.fasterxml.jackson.datatype\\jackson-datatype-jdk8\\2.11.4\\e1540dea3c6c681ea4e335a960f730861ee3bedb\\jackson-datatype-jdk8-2.11.4.jar;C:\\Users\\Dan\\.gradle\\caches\\modules-2\\files-2.1\\com.fasterxml.jackson.datatype\\jackson-datatype-jsr310\\2.11.4\\ce6fc76bba06623720e5a9308386b6ae74753f4d\\jackson-datatype-jsr310-2.11.4.jar;C:\\Users\\Dan\\.gradle\\caches\\modules-2\\files-2.1\\com.fasterxml.jackson.module\\jackson-module-parameter-names\\2.11.4\\432e050d79f2282a66c320375d628f1b0842cb12\\jackson-module-parameter-names-2.11.4.jar;C:\\Users\\Dan\\.gradle\\caches\\modules-2\\files-2.1\\com.fasterxml.jackson.core\\jackson-databind\\2.11.4\\5d9f3d441f99d721b957e3497f0a6465c764fad4\\jackson-databind-2.11.4.jar;C:\\Users\\Dan\\.gradle\\caches\\modules-2\\files-2.1\\org.apache.tomcat.embed\\tomcat-embed-websocket\\9.0.43\\78232648dde1a5fd5093f0a3999e593d208e2eab\\tomcat-embed-websocket-9.0.43.jar;C:\\Users\\Dan\\.gradle\\caches\\modules-2\\files-2.1\\org.apache.tomcat.embed\\tomcat-embed-core\\9.0.43\\1d102277426bdd5b12f048731a91665bb69347d1\\tomcat-embed-core-9.0.43.jar;C:\\Users\\Dan\\.gradle\\caches\\modules-2\\files-2.1\\org.glassfish\\jakarta.el\\3.0.3\\dab46ee1ee23f7197c13d7c40fce14817c9017df\\jakarta.el-3.0.3.jar;C:\\Users\\Dan\\.gradle\\caches\\modules-2\\files-2.1\\org.glassfish.jaxb\\txw2\\2.3.1\\a09d2c48d3285f206fafbffe0e50619284e92126\\txw2-2.3.1.jar;C:\\Users\\Dan\\.gradle\\caches\\modules-2\\files-2.1\\com.sun.istack\\istack-commons-runtime\\3.0.7\\c197c86ceec7318b1284bffb49b54226ca774003\\istack-commons-runtime-3.0.7.jar;C:\\Users\\Dan\\.gradle\\caches\\modules-2\\files-2.1\\org.jvnet.staxex\\stax-ex\\1.8\\8cc35f73da321c29973191f2cf143d29d26a1df7\\stax-ex-1.8.jar;C:\\Users\\Dan\\.gradle\\caches\\modules-2\\files-2.1\\com.sun.xml.fastinfoset\\FastInfoset\\1.2.15\\bb7b7ec0379982b97c62cd17465cb6d9155f68e8\\FastInfoset-1.2.15.jar;C:\\Users\\Dan\\.gradle\\caches\\modules-2\\files-2.1\\ch.qos.logback\\logback-classic\\1.2.3\\7c4f3c474fb2c041d8028740440937705ebb473a\\logback-classic-1.2.3.jar;C:\\Users\\Dan\\.gradle\\caches\\modules-2\\files-2.1\\org.apache.logging.log4j\\log4j-to-slf4j\\2.13.3\\966f6fd1af4959d6b12bfa880121d4a2b164f857\\log4j-to-slf4j-2.13.3.jar;C:\\Users\\Dan\\.gradle\\caches\\modules-2\\files-2.1\\org.slf4j\\jul-to-slf4j\\1.7.30\\d58bebff8cbf70ff52b59208586095f467656c30\\jul-to-slf4j-1.7.30.jar;C:\\Users\\Dan\\.gradle\\caches\\modules-2\\files-2.1\\org.springframework\\spring-jcl\\5.3.4\\ca012eb4e9e57f767aa9d5e51fe9a09b28140808\\spring-jcl-5.3.4.jar;C:\\Users\\Dan\\.gradle\\caches\\modules-2\\files-2.1\\com.fasterxml.jackson.core\\jackson-annotations\\2.11.4\\2c3f5c079330f3a01726686a078979420f547ae4\\jackson-annotations-2.11.4.jar;C:\\Users\\Dan\\.gradle\\caches\\modules-2\\files-2.1\\com.fasterxml.jackson.core\\jackson-core\\2.11.4\\593f7b18bab07a76767f181e2a2336135ce82cc4\\jackson-core-2.11.4.jar;C:\\Users\\Dan\\.gradle\\caches\\modules-2\\files-2.1\\ch.qos.logback\\logback-core\\1.2.3\\864344400c3d4d92dfeb0a305dc87d953677c03c\\logback-core-1.2.3.jar;C:\\Users\\Dan\\.gradle\\caches\\modules-2\\files-2.1\\org.slf4j\\slf4j-api\\1.7.30\\b5a4b6d16ab13e34a88fae84c35cd5d68cac922c\\slf4j-api-1.7.30.jar;C:\\Users\\Dan\\.gradle\\caches\\modules-2\\files-2.1\\org.apache.logging.log4j\\log4j-api\\2.13.3\\ec1508160b93d274b1add34419b897bae84c6ca9\\log4j-api-2.13.3.jar, java.vm.vendor=Oracle Corporation, sun.arch.data.model=64, user.variant=, java.vendor.url=http://java.oracle.com/, user.timezone=Europe/Athens, os.name=Windows 10, java.vm.specification.version=11, user.country=US, sun.java.launcher=SUN_STANDARD, sun.boot.library.path=C:\Program Files\Java\jdk-11.0.6\bin, sun.java.command=worker.org.gradle.process.internal.worker.GradleWorkerMain 'Gradle Test Executor 3', jdk.debug=release, sun.cpu.endian=little, user.home=C:\Users\Dan, user.language=en, java.specification.vendor=Oracle Corporation, org.gradle.native=false, java.version.date=2020-01-14, java.home=C:\Program Files\Java\jdk-11.0.6, file.separator=\, java.vm.compressedOopsMode=32-bit, line.separator=
, java.specification.name=Java Platform API Specification, java.vm.specification.vendor=Oracle Corporation, java.awt.graphicsenv=sun.awt.Win32GraphicsEnvironment, hibernate.hbm2ddl.auto=update, user.script=, sun.management.compiler=HotSpot 64-Bit Tiered Compilers, java.runtime.version=11.0.6+8-LTS, user.name=Dan, path.separator=;, hibernate.connection.username=****, os.version=10.0, hibernate.enable_lazy_load_no_trans=true, java.runtime.name=Java(TM) SE Runtime Environment, hibernate.connection.url=jdbc:sqlite:D:\Facultate\Projects\OrganizareCompanie\database, file.encoding=windows-1250, java.vm.name=Java HotSpot(TM) 64-Bit Server VM, hibernate.show_sql=true, java.vendor.version=18.9, hibernate.current_session_context_class=thread, hibernate.connection.driver_class=org.sqlite.JDBC, java.vendor.url.bug=http://bugreport.java.com/bugreport/, java.io.tmpdir=C:\Users\Dan\AppData\Local\Temp\, java.version=11.0.6, user.dir=D:\Facultate\Projects\OrganizareCompanie, os.arch=amd64, java.vm.specification.name=Java Virtual Machine Specification, java.awt.printerjob=sun.awt.windows.WPrinterJob, hibernate.connection.password=****, sun.os.patch.level=, connection.driver_class=org.sqlite.JDBC, hibernate.boot.CfgXmlAccessService.key=org.hibernate.boot.cfgxml.spi.LoadedConfig@772cdf28, java.library.path=C:\Program Files\Java\jdk-11.0.6\bin;C:\WINDOWS\Sun\Java\bin;C:\WINDOWS\system32;C:\WINDOWS;;C:\Python38\Scripts\;C:\Python38\;D:\Facultate\Scripts\;D:\Facultate\;C:\Users\Dan\Desktop\Facultate 2018-2019\Semestrul I\Fundamentele programarii\Python\Scripts\;C:\Users\Dan\Desktop\Facultate 2018-2019\Semestrul I\Fundamentele programarii\Python\;C:\Users\Dan\Desktop\Facultate 2018-2019\Semestrul I\Fundamentele programarii\Scripts\;C:\Users\Dan\Desktop\Facultate 2018-2019\Semestrul I\Fundamentele programarii\;C:\WINDOWS\system32;C:\WINDOWS;C:\WINDOWS\System32\Wbem;C:\WINDOWS\System32\WindowsPowerShell\v1.0\;C:\WINDOWS\System32\OpenSSH\;D:\Facultate\PuTTY\;C:\Program Files\dotnet\;C:\Program Files\Microsoft SQL Server\Client SDK\ODBC\170\Tools\Binn\;C:\Users\Dan\Proto\bin;D:\Facultate\NodeJS\;C:\ProgramData\chocolatey\bin;C:\Program Files\Git\cmd;C:\Program Files\Java\jdk-10.0.2\bin;C:\Program Files (x86)\GnuWin32\bin;C:\MinGW\bin;C:\Program Files\Java\jdk-11.0.6\bin;C:\WINDOWS\system32;C:\WINDOWS;C:\WINDOWS\System32\Wbem;C:\WINDOWS\System32\WindowsPowerShell\v1.0\;C:\WINDOWS\System32\OpenSSH\;C:\Program Files\Intel\WiFi\bin\;C:\Program Files\Common Files\Intel\WirelessCommon\;D:\Facultate\Python\Scripts\;D:\Facultate\Python\;C:\Users\Dan\AppData\Local\Microsoft\WindowsApps;C:\Users\Dan\AppData\Local\GitHubDesktop\bin;C:\Users\Dan\AppData\Roaming\npm;D:\Facultate\Microsoft VS Code\bin;C:\Users\Dan\AppData\Local\Microsoft\WindowsApps;C:\Users\Dan\Documents\driver;;., java.vendor=Oracle Corporation, java.vm.info=mixed mode, java.vm.version=11.0.6+8-LTS, hibernate.bytecode.use_reflection_optimizer=false, sun.io.unicode.encoding=UnicodeLittle, hibernate.connection.pool_size=1, connection.url=jdbc:sqlite:D:\Facultate\Projects\OrganizareCompanie\database, java.class.version=55.0}
21:23:00.944 [Test worker] DEBUG org.hibernate.secure.spi.JaccIntegrator - Skipping JACC integration as it was not enabled
21:23:00.944 [Test worker] DEBUG org.hibernate.internal.SessionFactoryImpl - Instantiated session factory
21:23:00.944 [Test worker] DEBUG org.hibernate.type.spi.TypeConfiguration$Scope - Scoping TypeConfiguration [org.hibernate.type.spi.TypeConfiguration@2e515abf] to SessionFactoryImpl [org.hibernate.internal.SessionFactoryImpl@3f441700]
21:23:00.944 [Test worker] DEBUG org.hibernate.boot.internal.ClassLoaderAccessImpl - Not known whether passed class name [domain.Functie] is safe
21:23:00.944 [Test worker] DEBUG org.hibernate.boot.internal.ClassLoaderAccessImpl - No temp ClassLoader provided; using live ClassLoader for loading potentially unsafe class : domain.Functie
21:23:00.944 [Test worker] DEBUG org.hibernate.boot.internal.ClassLoaderAccessImpl - Not known whether passed class name [domain.Departament] is safe
21:23:00.944 [Test worker] DEBUG org.hibernate.boot.internal.ClassLoaderAccessImpl - No temp ClassLoader provided; using live ClassLoader for loading potentially unsafe class : domain.Departament
21:23:00.944 [Test worker] DEBUG org.hibernate.boot.internal.ClassLoaderAccessImpl - Not known whether passed class name [domain.Angajat] is safe
21:23:00.944 [Test worker] DEBUG org.hibernate.boot.internal.ClassLoaderAccessImpl - No temp ClassLoader provided; using live ClassLoader for loading potentially unsafe class : domain.Angajat
21:23:00.944 [Test worker] DEBUG org.hibernate.boot.internal.ClassLoaderAccessImpl - Not known whether passed class name [domain.Proiect] is safe
21:23:00.944 [Test worker] DEBUG org.hibernate.boot.internal.ClassLoaderAccessImpl - No temp ClassLoader provided; using live ClassLoader for loading potentially unsafe class : domain.Proiect
21:23:00.944 [Test worker] DEBUG org.hibernate.boot.internal.ClassLoaderAccessImpl - Not known whether passed class name [domain.Concediu] is safe
21:23:00.944 [Test worker] DEBUG org.hibernate.boot.internal.ClassLoaderAccessImpl - No temp ClassLoader provided; using live ClassLoader for loading potentially unsafe class : domain.Concediu
21:23:00.944 [Test worker] DEBUG org.hibernate.persister.collection.AbstractCollectionPersister - Static SQL for collection: domain.Angajat.proiecte
21:23:00.944 [Test worker] DEBUG org.hibernate.persister.collection.AbstractCollectionPersister -  Row insert: insert into angajati_proiecte (id_angajat, id_proiect) values (?, ?)
21:23:00.944 [Test worker] DEBUG org.hibernate.persister.collection.AbstractCollectionPersister -  Row update: update angajati_proiecte set id_proiect=? where id_angajat=? and id_proiect=?
21:23:00.944 [Test worker] DEBUG org.hibernate.persister.collection.AbstractCollectionPersister -  Row delete: delete from angajati_proiecte where id_angajat=? and id_proiect=?
21:23:00.944 [Test worker] DEBUG org.hibernate.persister.collection.AbstractCollectionPersister -  One-shot delete: delete from angajati_proiecte where id_angajat=?
21:23:00.944 [Test worker] DEBUG org.hibernate.persister.collection.AbstractCollectionPersister - Static SQL for collection: domain.Angajat.concedii
21:23:00.944 [Test worker] DEBUG org.hibernate.persister.collection.AbstractCollectionPersister -  Row insert: update concedii set id_angajat=? where id=?
21:23:00.944 [Test worker] DEBUG org.hibernate.persister.collection.AbstractCollectionPersister -  Row update: update concedii set  where id=?
21:23:00.944 [Test worker] DEBUG org.hibernate.persister.collection.AbstractCollectionPersister -  Row delete: update concedii set id_angajat=null where id_angajat=? and id=?
21:23:00.944 [Test worker] DEBUG org.hibernate.persister.collection.AbstractCollectionPersister -  One-shot delete: update concedii set id_angajat=null where id_angajat=?
21:23:00.944 [Test worker] DEBUG org.hibernate.persister.collection.AbstractCollectionPersister - Static SQL for collection: domain.Angajat.departamente
21:23:00.944 [Test worker] DEBUG org.hibernate.persister.collection.AbstractCollectionPersister -  Row insert: insert into angajati_departamente (id_angajat, id_departament) values (?, ?)
21:23:00.944 [Test worker] DEBUG org.hibernate.persister.collection.AbstractCollectionPersister -  Row update: update angajati_departamente set id_departament=? where id_angajat=? and id_departament=?
21:23:00.944 [Test worker] DEBUG org.hibernate.persister.collection.AbstractCollectionPersister -  Row delete: delete from angajati_departamente where id_angajat=? and id_departament=?
21:23:00.944 [Test worker] DEBUG org.hibernate.persister.collection.AbstractCollectionPersister -  One-shot delete: delete from angajati_departamente where id_angajat=?
21:23:00.944 [Test worker] DEBUG org.hibernate.persister.entity.AbstractEntityPersister - Static SQL for entity: domain.Functie
21:23:00.944 [Test worker] DEBUG org.hibernate.persister.entity.AbstractEntityPersister -  Version select: select id from functii where id =?
21:23:00.944 [Test worker] DEBUG org.hibernate.persister.entity.AbstractEntityPersister -  Snapshot select: select functie_.id, functie_.salar_de_baza as salar_de2_5_ from functii functie_ where functie_.id=?
21:23:00.944 [Test worker] DEBUG org.hibernate.persister.entity.AbstractEntityPersister -  Insert 0: insert into functii (salar_de_baza, id) values (?, ?)
21:23:00.944 [Test worker] DEBUG org.hibernate.persister.entity.AbstractEntityPersister -  Update 0: update functii set salar_de_baza=? where id=?
21:23:00.944 [Test worker] DEBUG org.hibernate.persister.entity.AbstractEntityPersister -  Delete 0: delete from functii where id=?
21:23:00.944 [Test worker] DEBUG org.hibernate.persister.entity.AbstractEntityPersister -  Identity insert: insert into functii (salar_de_baza) values (?)
21:23:00.944 [Test worker] DEBUG org.hibernate.loader.plan.build.internal.spaces.QuerySpacesImpl - Adding QuerySpace : uid = <gen:0> -> org.hibernate.loader.plan.build.internal.spaces.EntityQuerySpaceImpl@7318174b]
21:23:00.944 [Test worker] DEBUG org.hibernate.persister.walking.spi.MetamodelGraphWalker - Visiting attribute path : salarDeBaza
21:23:00.944 [Test worker] DEBUG org.hibernate.loader.plan.build.internal.FetchStyleLoadPlanBuildingAssociationVisitationStrategy - Building LoadPlan...
21:23:00.944 [Test worker] DEBUG org.hibernate.loader.plan.exec.internal.LoadQueryJoinAndFetchProcessor - processing queryspace <gen:0>
21:23:00.960 [Test worker] DEBUG org.hibernate.loader.plan.build.spi.LoadPlanTreePrinter - LoadPlan(entity=domain.Functie)
    - Returns
       - EntityReturnImpl(entity=domain.Functie, querySpaceUid=<gen:0>, path=domain.Functie)
    - QuerySpaces
       - EntityQuerySpaceImpl(uid=<gen:0>, entity=domain.Functie)
          - SQL table alias mapping - functie0_
          - alias suffix - 0_
          - suffixed key columns - {id1_5_0_}

21:23:00.960 [Test worker] DEBUG org.hibernate.loader.entity.plan.EntityLoader - Static select for entity domain.Functie [NONE]: select functie0_.id as id1_5_0_, functie0_.salar_de_baza as salar_de2_5_0_ from functii functie0_ where functie0_.id=?
21:23:00.960 [Test worker] DEBUG org.hibernate.persister.entity.AbstractEntityPersister - Static SQL for entity: domain.Departament
21:23:00.960 [Test worker] DEBUG org.hibernate.persister.entity.AbstractEntityPersister -  Version select: select id from departamente where id =?
21:23:00.960 [Test worker] DEBUG org.hibernate.persister.entity.AbstractEntityPersister -  Snapshot select: select departamen_.id, departamen_.id_director as id_direc2_4_ from departamente departamen_ where departamen_.id=?
21:23:00.960 [Test worker] DEBUG org.hibernate.persister.entity.AbstractEntityPersister -  Insert 0: insert into departamente (id_director, id) values (?, ?)
21:23:00.960 [Test worker] DEBUG org.hibernate.persister.entity.AbstractEntityPersister -  Update 0: update departamente set id_director=? where id=?
21:23:00.960 [Test worker] DEBUG org.hibernate.persister.entity.AbstractEntityPersister -  Delete 0: delete from departamente where id=?
21:23:00.960 [Test worker] DEBUG org.hibernate.persister.entity.AbstractEntityPersister -  Identity insert: insert into departamente (id_director) values (?)
21:23:00.960 [Test worker] DEBUG org.hibernate.loader.plan.build.internal.spaces.QuerySpacesImpl - Adding QuerySpace : uid = <gen:0> -> org.hibernate.loader.plan.build.internal.spaces.EntityQuerySpaceImpl@3b2223c4]
21:23:00.960 [Test worker] DEBUG org.hibernate.persister.walking.spi.MetamodelGraphWalker - Visiting attribute path : idDirector
21:23:00.960 [Test worker] DEBUG org.hibernate.loader.plan.build.internal.FetchStyleLoadPlanBuildingAssociationVisitationStrategy - Building LoadPlan...
21:23:00.960 [Test worker] DEBUG org.hibernate.loader.plan.exec.internal.LoadQueryJoinAndFetchProcessor - processing queryspace <gen:0>
21:23:00.960 [Test worker] DEBUG org.hibernate.loader.plan.build.spi.LoadPlanTreePrinter - LoadPlan(entity=domain.Departament)
    - Returns
       - EntityReturnImpl(entity=domain.Departament, querySpaceUid=<gen:0>, path=domain.Departament)
    - QuerySpaces
       - EntityQuerySpaceImpl(uid=<gen:0>, entity=domain.Departament)
          - SQL table alias mapping - departamen0_
          - alias suffix - 0_
          - suffixed key columns - {id1_4_0_}

21:23:00.960 [Test worker] DEBUG org.hibernate.loader.entity.plan.EntityLoader - Static select for entity domain.Departament [NONE]: select departamen0_.id as id1_4_0_, departamen0_.id_director as id_direc2_4_0_ from departamente departamen0_ where departamen0_.id=?
21:23:00.960 [Test worker] DEBUG org.hibernate.persister.entity.AbstractEntityPersister - Static SQL for entity: domain.Angajat
21:23:00.960 [Test worker] DEBUG org.hibernate.persister.entity.AbstractEntityPersister -  Version select: select id from angajati where id =?
21:23:00.960 [Test worker] DEBUG org.hibernate.persister.entity.AbstractEntityPersister -  Snapshot select: select angajat_.id, angajat_.data_angajare as data_ang2_0_, angajat_.functie_id as functie_4_0_, angajat_.id_superior as id_super3_0_ from angajati angajat_ where angajat_.id=?
21:23:00.960 [Test worker] DEBUG org.hibernate.persister.entity.AbstractEntityPersister -  Insert 0: insert into angajati (data_angajare, functie_id, id_superior, id) values (?, ?, ?, ?)
21:23:00.960 [Test worker] DEBUG org.hibernate.persister.entity.AbstractEntityPersister -  Update 0: update angajati set data_angajare=?, functie_id=?, id_superior=? where id=?
21:23:00.960 [Test worker] DEBUG org.hibernate.persister.entity.AbstractEntityPersister -  Delete 0: delete from angajati where id=?
21:23:00.960 [Test worker] DEBUG org.hibernate.persister.entity.AbstractEntityPersister -  Identity insert: insert into angajati (data_angajare, functie_id, id_superior) values (?, ?, ?)
21:23:00.960 [Test worker] DEBUG org.hibernate.loader.plan.build.internal.spaces.QuerySpacesImpl - Adding QuerySpace : uid = <gen:0> -> org.hibernate.loader.plan.build.internal.spaces.EntityQuerySpaceImpl@41ad7bd3]
21:23:00.960 [Test worker] DEBUG org.hibernate.persister.walking.spi.MetamodelGraphWalker - Visiting attribute path : concedii
21:23:00.960 [Test worker] DEBUG org.hibernate.loader.plan.build.internal.spaces.QuerySpacesImpl - Adding QuerySpace : uid = <gen:1> -> org.hibernate.loader.plan.build.internal.spaces.CollectionQuerySpaceImpl@395f1d0a]
21:23:00.960 [Test worker] DEBUG org.hibernate.loader.plan.build.internal.spaces.QuerySpacesImpl - Adding QuerySpace : uid = <gen:2> -> org.hibernate.loader.plan.build.internal.spaces.EntityQuerySpaceImpl@2fb1fa39]
21:23:00.960 [Test worker] DEBUG org.hibernate.persister.walking.spi.MetamodelGraphWalker - Visiting attribute path : dataAngajare
21:23:00.960 [Test worker] DEBUG org.hibernate.persister.walking.spi.MetamodelGraphWalker - Visiting attribute path : departamente
21:23:00.960 [Test worker] DEBUG org.hibernate.loader.plan.build.internal.spaces.QuerySpacesImpl - Adding QuerySpace : uid = <gen:3> -> org.hibernate.loader.plan.build.internal.spaces.CollectionQuerySpaceImpl@5687fff]
21:23:00.960 [Test worker] DEBUG org.hibernate.loader.plan.build.internal.spaces.QuerySpacesImpl - Adding QuerySpace : uid = <gen:4> -> org.hibernate.loader.plan.build.internal.spaces.EntityQuerySpaceImpl@5ffea376]
21:23:00.960 [Test worker] DEBUG org.hibernate.persister.walking.spi.MetamodelGraphWalker - Visiting attribute path : functie
21:23:00.960 [Test worker] DEBUG org.hibernate.loader.plan.build.internal.spaces.QuerySpacesImpl - Adding QuerySpace : uid = <gen:5> -> org.hibernate.loader.plan.build.internal.spaces.EntityQuerySpaceImpl@1e8842ce]
21:23:00.960 [Test worker] DEBUG org.hibernate.persister.walking.spi.MetamodelGraphWalker - Visiting attribute path : functie.salarDeBaza
21:23:00.960 [Test worker] DEBUG org.hibernate.persister.walking.spi.MetamodelGraphWalker - Visiting attribute path : idSuperior
21:23:00.960 [Test worker] DEBUG org.hibernate.persister.walking.spi.MetamodelGraphWalker - Visiting attribute path : proiecte
21:23:00.960 [Test worker] DEBUG org.hibernate.loader.plan.build.internal.spaces.QuerySpacesImpl - Adding QuerySpace : uid = <gen:6> -> org.hibernate.loader.plan.build.internal.spaces.CollectionQuerySpaceImpl@781904b5]
21:23:00.960 [Test worker] DEBUG org.hibernate.loader.plan.build.internal.spaces.QuerySpacesImpl - Adding QuerySpace : uid = <gen:7> -> org.hibernate.loader.plan.build.internal.spaces.EntityQuerySpaceImpl@52d6fdd3]
21:23:00.960 [Test worker] DEBUG org.hibernate.loader.plan.build.internal.FetchStyleLoadPlanBuildingAssociationVisitationStrategy - Building LoadPlan...
21:23:00.960 [Test worker] DEBUG org.hibernate.loader.plan.exec.internal.LoadQueryJoinAndFetchProcessor - processing queryspace <gen:0>
21:23:00.960 [Test worker] DEBUG org.hibernate.loader.plan.build.spi.LoadPlanTreePrinter - LoadPlan(entity=domain.Angajat)
    - Returns
       - EntityReturnImpl(entity=domain.Angajat, querySpaceUid=<gen:0>, path=domain.Angajat)
          - CollectionAttributeFetchImpl(collection=domain.Angajat.concedii, querySpaceUid=<gen:1>, path=domain.Angajat.concedii)
             - (collection element) CollectionFetchableElementEntityGraph(entity=domain.Concediu, querySpaceUid=<gen:2>, path=domain.Angajat.concedii.<elements>)
          - CollectionAttributeFetchImpl(collection=domain.Angajat.departamente, querySpaceUid=<gen:3>, path=domain.Angajat.departamente)
             - (collection element) CollectionFetchableElementEntityGraph(entity=domain.Departament, querySpaceUid=<gen:4>, path=domain.Angajat.departamente.<elements>)
          - EntityAttributeFetchImpl(entity=domain.Functie, querySpaceUid=<gen:5>, path=domain.Angajat.functie)
          - CollectionAttributeFetchImpl(collection=domain.Angajat.proiecte, querySpaceUid=<gen:6>, path=domain.Angajat.proiecte)
             - (collection element) CollectionFetchableElementEntityGraph(entity=domain.Proiect, querySpaceUid=<gen:7>, path=domain.Angajat.proiecte.<elements>)
    - QuerySpaces
       - EntityQuerySpaceImpl(uid=<gen:0>, entity=domain.Angajat)
          - SQL table alias mapping - angajat0_
          - alias suffix - 0_
          - suffixed key columns - {id1_0_0_}
          - JOIN (JoinDefinedByMetadata(functie)) : <gen:0> -> <gen:5>
             - EntityQuerySpaceImpl(uid=<gen:5>, entity=domain.Functie)
                - SQL table alias mapping - functie1_
                - alias suffix - 1_
                - suffixed key columns - {id1_5_1_}

21:23:00.960 [Test worker] DEBUG org.hibernate.loader.entity.plan.EntityLoader - Static select for entity domain.Angajat [NONE]: select angajat0_.id as id1_0_0_, angajat0_.data_angajare as data_ang2_0_0_, angajat0_.functie_id as functie_4_0_0_, angajat0_.id_superior as id_super3_0_0_, functie1_.id as id1_5_1_, functie1_.salar_de_baza as salar_de2_5_1_ from angajati angajat0_ left outer join functii functie1_ on angajat0_.functie_id=functie1_.id where angajat0_.id=?
21:23:00.960 [Test worker] DEBUG org.hibernate.persister.entity.AbstractEntityPersister - Static SQL for entity: domain.Proiect
21:23:00.960 [Test worker] DEBUG org.hibernate.persister.entity.AbstractEntityPersister -  Version select: select id from proiecte where id =?
21:23:00.960 [Test worker] DEBUG org.hibernate.persister.entity.AbstractEntityPersister -  Snapshot select: select proiect_.id, proiect_.data_inceput as data_inc2_6_, proiect_.deadline as deadline3_6_ from proiecte proiect_ where proiect_.id=?
21:23:00.960 [Test worker] DEBUG org.hibernate.persister.entity.AbstractEntityPersister -  Insert 0: insert into proiecte (data_inceput, deadline, id) values (?, ?, ?)
21:23:00.960 [Test worker] DEBUG org.hibernate.persister.entity.AbstractEntityPersister -  Update 0: update proiecte set data_inceput=?, deadline=? where id=?
21:23:00.960 [Test worker] DEBUG org.hibernate.persister.entity.AbstractEntityPersister -  Delete 0: delete from proiecte where id=?
21:23:00.960 [Test worker] DEBUG org.hibernate.persister.entity.AbstractEntityPersister -  Identity insert: insert into proiecte (data_inceput, deadline) values (?, ?)
21:23:00.960 [Test worker] DEBUG org.hibernate.loader.plan.build.internal.spaces.QuerySpacesImpl - Adding QuerySpace : uid = <gen:0> -> org.hibernate.loader.plan.build.internal.spaces.EntityQuerySpaceImpl@e145b75]
21:23:00.960 [Test worker] DEBUG org.hibernate.persister.walking.spi.MetamodelGraphWalker - Visiting attribute path : dataInceput
21:23:00.960 [Test worker] DEBUG org.hibernate.persister.walking.spi.MetamodelGraphWalker - Visiting attribute path : deadline
21:23:00.960 [Test worker] DEBUG org.hibernate.loader.plan.build.internal.FetchStyleLoadPlanBuildingAssociationVisitationStrategy - Building LoadPlan...
21:23:00.960 [Test worker] DEBUG org.hibernate.loader.plan.exec.internal.LoadQueryJoinAndFetchProcessor - processing queryspace <gen:0>
21:23:00.960 [Test worker] DEBUG org.hibernate.loader.plan.build.spi.LoadPlanTreePrinter - LoadPlan(entity=domain.Proiect)
    - Returns
       - EntityReturnImpl(entity=domain.Proiect, querySpaceUid=<gen:0>, path=domain.Proiect)
    - QuerySpaces
       - EntityQuerySpaceImpl(uid=<gen:0>, entity=domain.Proiect)
          - SQL table alias mapping - proiect0_
          - alias suffix - 0_
          - suffixed key columns - {id1_6_0_}

21:23:00.960 [Test worker] DEBUG org.hibernate.loader.entity.plan.EntityLoader - Static select for entity domain.Proiect [NONE]: select proiect0_.id as id1_6_0_, proiect0_.data_inceput as data_inc2_6_0_, proiect0_.deadline as deadline3_6_0_ from proiecte proiect0_ where proiect0_.id=?
21:23:00.960 [Test worker] DEBUG org.hibernate.persister.entity.AbstractEntityPersister - Static SQL for entity: domain.Concediu
21:23:00.960 [Test worker] DEBUG org.hibernate.persister.entity.AbstractEntityPersister -  Version select: select id from concedii where id =?
21:23:00.960 [Test worker] DEBUG org.hibernate.persister.entity.AbstractEntityPersister -  Snapshot select: select concediu_.id, concediu_.id_angajat as id_angaj4_3_, concediu_.data_inceput as data_inc2_3_, concediu_.data_sfarsit as data_sfa3_3_ from concedii concediu_ where concediu_.id=?
21:23:00.960 [Test worker] DEBUG org.hibernate.persister.entity.AbstractEntityPersister -  Insert 0: insert into concedii (id_angajat, data_inceput, data_sfarsit, id) values (?, ?, ?, ?)
21:23:00.960 [Test worker] DEBUG org.hibernate.persister.entity.AbstractEntityPersister -  Update 0: update concedii set id_angajat=?, data_inceput=?, data_sfarsit=? where id=?
21:23:00.960 [Test worker] DEBUG org.hibernate.persister.entity.AbstractEntityPersister -  Delete 0: delete from concedii where id=?
21:23:00.960 [Test worker] DEBUG org.hibernate.persister.entity.AbstractEntityPersister -  Identity insert: insert into concedii (id_angajat, data_inceput, data_sfarsit) values (?, ?, ?)
21:23:00.960 [Test worker] DEBUG org.hibernate.loader.plan.build.internal.spaces.QuerySpacesImpl - Adding QuerySpace : uid = <gen:0> -> org.hibernate.loader.plan.build.internal.spaces.EntityQuerySpaceImpl@40b6270e]
21:23:00.960 [Test worker] DEBUG org.hibernate.persister.walking.spi.MetamodelGraphWalker - Visiting attribute path : angajat
21:23:00.960 [Test worker] DEBUG org.hibernate.loader.plan.build.internal.spaces.QuerySpacesImpl - Adding QuerySpace : uid = <gen:1> -> org.hibernate.loader.plan.build.internal.spaces.EntityQuerySpaceImpl@9085a85]
21:23:00.960 [Test worker] DEBUG org.hibernate.persister.walking.spi.MetamodelGraphWalker - Visiting attribute path : dataInceput
21:23:00.960 [Test worker] DEBUG org.hibernate.persister.walking.spi.MetamodelGraphWalker - Visiting attribute path : dataSfarsit
21:23:00.960 [Test worker] DEBUG org.hibernate.loader.plan.build.internal.FetchStyleLoadPlanBuildingAssociationVisitationStrategy - Building LoadPlan...
21:23:00.960 [Test worker] DEBUG org.hibernate.loader.plan.exec.internal.LoadQueryJoinAndFetchProcessor - processing queryspace <gen:0>
21:23:00.960 [Test worker] DEBUG org.hibernate.loader.plan.build.spi.LoadPlanTreePrinter - LoadPlan(entity=domain.Concediu)
    - Returns
       - EntityReturnImpl(entity=domain.Concediu, querySpaceUid=<gen:0>, path=domain.Concediu)
          - EntityAttributeFetchImpl(entity=domain.Angajat, querySpaceUid=<gen:1>, path=domain.Concediu.angajat)
    - QuerySpaces
       - EntityQuerySpaceImpl(uid=<gen:0>, entity=domain.Concediu)
          - SQL table alias mapping - concediu0_
          - alias suffix - 0_
          - suffixed key columns - {id1_3_0_}

21:23:00.960 [Test worker] DEBUG org.hibernate.loader.entity.plan.EntityLoader - Static select for entity domain.Concediu [NONE]: select concediu0_.id as id1_3_0_, concediu0_.id_angajat as id_angaj4_3_0_, concediu0_.data_inceput as data_inc2_3_0_, concediu0_.data_sfarsit as data_sfa3_3_0_ from concedii concediu0_ where concediu0_.id=?
21:23:00.960 [Test worker] DEBUG org.hibernate.loader.plan.build.internal.spaces.QuerySpacesImpl - Adding QuerySpace : uid = <gen:0> -> org.hibernate.loader.plan.build.internal.spaces.CollectionQuerySpaceImpl@2c5f808d]
21:23:00.960 [Test worker] DEBUG org.hibernate.loader.plan.build.internal.spaces.QuerySpacesImpl - Adding QuerySpace : uid = <gen:1> -> org.hibernate.loader.plan.build.internal.spaces.EntityQuerySpaceImpl@5da05c5f]
21:23:00.960 [Test worker] DEBUG org.hibernate.persister.walking.spi.MetamodelGraphWalker - Visiting attribute path : dataInceput
21:23:00.960 [Test worker] DEBUG org.hibernate.persister.walking.spi.MetamodelGraphWalker - Visiting attribute path : deadline
21:23:00.960 [Test worker] DEBUG org.hibernate.loader.plan.build.internal.FetchStyleLoadPlanBuildingAssociationVisitationStrategy - Building LoadPlan...
21:23:00.960 [Test worker] DEBUG org.hibernate.loader.plan.exec.internal.LoadQueryJoinAndFetchProcessor - processing queryspace <gen:0>
21:23:00.960 [Test worker] DEBUG org.hibernate.loader.plan.build.spi.LoadPlanTreePrinter - LoadPlan(collection=domain.Angajat.proiecte)
    - Returns
       - CollectionReturnImpl(collection=domain.Angajat.proiecte, querySpaceUid=<gen:0>, path=[domain.Angajat.proiecte])
          - (collection element) CollectionFetchableElementEntityGraph(entity=domain.Proiect, querySpaceUid=<gen:1>, path=[domain.Angajat.proiecte].<elements>)
    - QuerySpaces
       - CollectionQuerySpaceImpl(uid=<gen:0>, collection=domain.Angajat.proiecte)
          - SQL table alias mapping - proiecte0_
          - alias suffix - 0_
          - suffixed key columns - {id_angaj1_2_0_}
          - entity-element alias suffix - 1_
          - 1_entity-element suffixed key columns - id1_6_1_
          - JOIN (JoinDefinedByMetadata(elements)) : <gen:0> -> <gen:1>
             - EntityQuerySpaceImpl(uid=<gen:1>, entity=domain.Proiect)
                - SQL table alias mapping - proiect1_
                - alias suffix - 1_
                - suffixed key columns - {id1_6_1_}

21:23:00.960 [Test worker] DEBUG org.hibernate.loader.collection.plan.CollectionLoader - Static select for collection domain.Angajat.proiecte: select proiecte0_.id_angajat as id_angaj1_2_0_, proiecte0_.id_proiect as id_proie2_2_0_, proiect1_.id as id1_6_1_, proiect1_.data_inceput as data_inc2_6_1_, proiect1_.deadline as deadline3_6_1_ from angajati_proiecte proiecte0_ inner join proiecte proiect1_ on proiecte0_.id_proiect=proiect1_.id where proiecte0_.id_angajat=?
21:23:00.960 [Test worker] DEBUG org.hibernate.loader.plan.build.internal.spaces.QuerySpacesImpl - Adding QuerySpace : uid = <gen:0> -> org.hibernate.loader.plan.build.internal.spaces.CollectionQuerySpaceImpl@383c3fa7]
21:23:00.960 [Test worker] DEBUG org.hibernate.loader.plan.build.internal.spaces.QuerySpacesImpl - Adding QuerySpace : uid = <gen:1> -> org.hibernate.loader.plan.build.internal.spaces.EntityQuerySpaceImpl@6721de5b]
21:23:00.960 [Test worker] DEBUG org.hibernate.persister.walking.spi.MetamodelGraphWalker - Visiting attribute path : angajat
21:23:00.960 [Test worker] DEBUG org.hibernate.persister.walking.spi.MetamodelGraphWalker - Property path deemed to be circular : angajat
21:23:00.960 [Test worker] DEBUG org.hibernate.persister.walking.spi.MetamodelGraphWalker - Visiting attribute path : dataInceput
21:23:00.960 [Test worker] DEBUG org.hibernate.persister.walking.spi.MetamodelGraphWalker - Visiting attribute path : dataSfarsit
21:23:00.960 [Test worker] DEBUG org.hibernate.loader.plan.build.internal.FetchStyleLoadPlanBuildingAssociationVisitationStrategy - Building LoadPlan...
21:23:00.960 [Test worker] DEBUG org.hibernate.loader.plan.exec.internal.LoadQueryJoinAndFetchProcessor - processing queryspace <gen:0>
21:23:00.960 [Test worker] DEBUG org.hibernate.loader.plan.build.spi.LoadPlanTreePrinter - LoadPlan(collection=domain.Angajat.concedii)
    - Returns
       - CollectionReturnImpl(collection=domain.Angajat.concedii, querySpaceUid=<gen:0>, path=[domain.Angajat.concedii])
          - (collection element) CollectionFetchableElementEntityGraph(entity=domain.Concediu, querySpaceUid=<gen:1>, path=[domain.Angajat.concedii].<elements>)
    - QuerySpaces
       - CollectionQuerySpaceImpl(uid=<gen:0>, collection=domain.Angajat.concedii)
          - SQL table alias mapping - concedii0_
          - alias suffix - 0_
          - suffixed key columns - {id_angaj4_3_0_}
          - entity-element alias suffix - 1_
          - 1_entity-element suffixed key columns - id1_3_1_
          - JOIN (JoinDefinedByMetadata(elements)) : <gen:0> -> <gen:1>
             - EntityQuerySpaceImpl(uid=<gen:1>, entity=domain.Concediu)
                - SQL table alias mapping - concedii0_
                - alias suffix - 1_
                - suffixed key columns - {id1_3_1_}

21:23:00.960 [Test worker] DEBUG org.hibernate.loader.collection.plan.CollectionLoader - Static select for collection domain.Angajat.concedii: select concedii0_.id_angajat as id_angaj4_3_0_, concedii0_.id as id1_3_0_, concedii0_.id as id1_3_1_, concedii0_.id_angajat as id_angaj4_3_1_, concedii0_.data_inceput as data_inc2_3_1_, concedii0_.data_sfarsit as data_sfa3_3_1_ from concedii concedii0_ where concedii0_.id_angajat=?
21:23:00.960 [Test worker] DEBUG org.hibernate.loader.plan.build.internal.spaces.QuerySpacesImpl - Adding QuerySpace : uid = <gen:0> -> org.hibernate.loader.plan.build.internal.spaces.CollectionQuerySpaceImpl@480cefa3]
21:23:00.960 [Test worker] DEBUG org.hibernate.loader.plan.build.internal.spaces.QuerySpacesImpl - Adding QuerySpace : uid = <gen:1> -> org.hibernate.loader.plan.build.internal.spaces.EntityQuerySpaceImpl@21b623ff]
21:23:00.960 [Test worker] DEBUG org.hibernate.persister.walking.spi.MetamodelGraphWalker - Visiting attribute path : idDirector
21:23:00.960 [Test worker] DEBUG org.hibernate.loader.plan.build.internal.FetchStyleLoadPlanBuildingAssociationVisitationStrategy - Building LoadPlan...
21:23:00.960 [Test worker] DEBUG org.hibernate.loader.plan.exec.internal.LoadQueryJoinAndFetchProcessor - processing queryspace <gen:0>
21:23:00.960 [Test worker] DEBUG org.hibernate.loader.plan.build.spi.LoadPlanTreePrinter - LoadPlan(collection=domain.Angajat.departamente)
    - Returns
       - CollectionReturnImpl(collection=domain.Angajat.departamente, querySpaceUid=<gen:0>, path=[domain.Angajat.departamente])
          - (collection element) CollectionFetchableElementEntityGraph(entity=domain.Departament, querySpaceUid=<gen:1>, path=[domain.Angajat.departamente].<elements>)
    - QuerySpaces
       - CollectionQuerySpaceImpl(uid=<gen:0>, collection=domain.Angajat.departamente)
          - SQL table alias mapping - departamen0_
          - alias suffix - 0_
          - suffixed key columns - {id_angaj1_1_0_}
          - entity-element alias suffix - 1_
          - 1_entity-element suffixed key columns - id1_4_1_
          - JOIN (JoinDefinedByMetadata(elements)) : <gen:0> -> <gen:1>
             - EntityQuerySpaceImpl(uid=<gen:1>, entity=domain.Departament)
                - SQL table alias mapping - departamen1_
                - alias suffix - 1_
                - suffixed key columns - {id1_4_1_}

21:23:00.960 [Test worker] DEBUG org.hibernate.loader.collection.plan.CollectionLoader - Static select for collection domain.Angajat.departamente: select departamen0_.id_angajat as id_angaj1_1_0_, departamen0_.id_departament as id_depar2_1_0_, departamen1_.id as id1_4_1_, departamen1_.id_director as id_direc2_4_1_ from angajati_departamente departamen0_ inner join departamente departamen1_ on departamen0_.id_departament=departamen1_.id where departamen0_.id_angajat=?
21:23:00.960 [Test worker] INFO org.hibernate.orm.connections.access - HHH10001501: Connection obtained from JdbcConnectionAccess [org.hibernate.engine.jdbc.env.internal.JdbcEnvironmentInitiator$ConnectionProviderJdbcConnectionAccess@22b8592c] for (non-JTA) DDL execution was not in auto-commit mode; the Connection 'local transaction' will be committed and the Connection will be set into auto-commit mode.
21:23:00.960 [Test worker] DEBUG org.hibernate.mapping.Table - No alter strings for table : angajati
21:23:00.960 [Test worker] DEBUG org.hibernate.mapping.Table - No alter strings for table : angajati_departamente
21:23:00.960 [Test worker] DEBUG org.hibernate.mapping.Table - No alter strings for table : angajati_proiecte
21:23:00.960 [Test worker] DEBUG org.hibernate.mapping.Table - No alter strings for table : concedii
21:23:00.960 [Test worker] DEBUG org.hibernate.mapping.Table - No alter strings for table : departamente
21:23:00.960 [Test worker] DEBUG org.hibernate.mapping.Table - No alter strings for table : functii
21:23:00.960 [Test worker] DEBUG org.hibernate.mapping.Table - No alter strings for table : proiecte
21:23:00.960 [Test worker] DEBUG org.hibernate.query.spi.NamedQueryRepository - Checking 0 named HQL queries
21:23:00.960 [Test worker] DEBUG org.hibernate.query.spi.NamedQueryRepository - Checking 0 named SQL queries
21:23:00.960 [Test worker] DEBUG org.hibernate.internal.SessionFactoryRegistry - Registering SessionFactory: a0941993-2ce0-4dce-9a6c-269673a07ae5 (<unnamed>)
21:23:00.960 [Test worker] DEBUG org.hibernate.internal.SessionFactoryRegistry - Not binding SessionFactory to JNDI, no JNDI name configured
21:23:00.960 [Test worker] DEBUG org.hibernate.integrator.internal.IntegratorServiceImpl - Adding Integrator [org.hibernate.cfg.beanvalidation.BeanValidationIntegrator].
21:23:00.960 [Test worker] DEBUG org.hibernate.integrator.internal.IntegratorServiceImpl - Adding Integrator [org.hibernate.secure.spi.JaccIntegrator].
21:23:00.960 [Test worker] DEBUG org.hibernate.integrator.internal.IntegratorServiceImpl - Adding Integrator [org.hibernate.cache.internal.CollectionCacheInvalidator].
21:23:00.960 [Test worker] DEBUG org.hibernate.boot.jaxb.internal.stax.LocalXmlResourceResolver - Interpreting public/system identifier : [-//Hibernate/Hibernate Configuration DTD 3.0//EN] - [http://hibernate.org/dtd/hibernate-configuration-3.0.dtd]
21:23:00.991 [Test worker] DEBUG org.hibernate.boot.cfgxml.internal.JaxbCfgProcessor - cfg.xml document did not define namespaces; wrapping in custom event reader to introduce namespace information
21:23:01.007 [Test worker] DEBUG org.hibernate.service.spi.ServiceBinding - Overriding existing service binding [org.hibernate.secure.spi.JaccService]
21:23:01.007 [Test worker] DEBUG org.hibernate.cache.internal.RegionFactoryInitiator - Cannot default RegionFactory based on registered strategies as `[]` RegionFactory strategies were registered
21:23:01.007 [Test worker] DEBUG org.hibernate.cache.internal.RegionFactoryInitiator - Cache region factory : org.hibernate.cache.internal.NoCachingRegionFactory
21:23:01.007 [Test worker] DEBUG org.hibernate.type.BasicTypeRegistry - Adding type registration boolean -> org.hibernate.type.BooleanType@121b529f
21:23:01.007 [Test worker] DEBUG org.hibernate.type.BasicTypeRegistry - Adding type registration boolean -> org.hibernate.type.BooleanType@121b529f
21:23:01.007 [Test worker] DEBUG org.hibernate.type.BasicTypeRegistry - Adding type registration java.lang.Boolean -> org.hibernate.type.BooleanType@121b529f
21:23:01.007 [Test worker] DEBUG org.hibernate.type.BasicTypeRegistry - Adding type registration numeric_boolean -> org.hibernate.type.NumericBooleanType@7dc81433
21:23:01.007 [Test worker] DEBUG org.hibernate.type.BasicTypeRegistry - Adding type registration true_false -> org.hibernate.type.TrueFalseType@60c371da
21:23:01.007 [Test worker] DEBUG org.hibernate.type.BasicTypeRegistry - Adding type registration yes_no -> org.hibernate.type.YesNoType@51ef89fc
21:23:01.007 [Test worker] DEBUG org.hibernate.type.BasicTypeRegistry - Adding type registration byte -> org.hibernate.type.ByteType@1502feca
21:23:01.007 [Test worker] DEBUG org.hibernate.type.BasicTypeRegistry - Adding type registration byte -> org.hibernate.type.ByteType@1502feca
21:23:01.007 [Test worker] DEBUG org.hibernate.type.BasicTypeRegistry - Adding type registration java.lang.Byte -> org.hibernate.type.ByteType@1502feca
21:23:01.007 [Test worker] DEBUG org.hibernate.type.BasicTypeRegistry - Adding type registration character -> org.hibernate.type.CharacterType@5aca38b4
21:23:01.007 [Test worker] DEBUG org.hibernate.type.BasicTypeRegistry - Adding type registration char -> org.hibernate.type.CharacterType@5aca38b4
21:23:01.007 [Test worker] DEBUG org.hibernate.type.BasicTypeRegistry - Adding type registration java.lang.Character -> org.hibernate.type.CharacterType@5aca38b4
21:23:01.007 [Test worker] DEBUG org.hibernate.type.BasicTypeRegistry - Adding type registration short -> org.hibernate.type.ShortType@212db0b9
21:23:01.007 [Test worker] DEBUG org.hibernate.type.BasicTypeRegistry - Adding type registration short -> org.hibernate.type.ShortType@212db0b9
21:23:01.007 [Test worker] DEBUG org.hibernate.type.BasicTypeRegistry - Adding type registration java.lang.Short -> org.hibernate.type.ShortType@212db0b9
21:23:01.007 [Test worker] DEBUG org.hibernate.type.BasicTypeRegistry - Adding type registration integer -> org.hibernate.type.IntegerType@14f541d2
21:23:01.007 [Test worker] DEBUG org.hibernate.type.BasicTypeRegistry - Adding type registration int -> org.hibernate.type.IntegerType@14f541d2
21:23:01.007 [Test worker] DEBUG org.hibernate.type.BasicTypeRegistry - Adding type registration java.lang.Integer -> org.hibernate.type.IntegerType@14f541d2
21:23:01.007 [Test worker] DEBUG org.hibernate.type.BasicTypeRegistry - Adding type registration long -> org.hibernate.type.LongType@357c5fef
21:23:01.007 [Test worker] DEBUG org.hibernate.type.BasicTypeRegistry - Adding type registration long -> org.hibernate.type.LongType@357c5fef
21:23:01.007 [Test worker] DEBUG org.hibernate.type.BasicTypeRegistry - Adding type registration java.lang.Long -> org.hibernate.type.LongType@357c5fef
21:23:01.007 [Test worker] DEBUG org.hibernate.type.BasicTypeRegistry - Adding type registration float -> org.hibernate.type.FloatType@68835e55
21:23:01.007 [Test worker] DEBUG org.hibernate.type.BasicTypeRegistry - Adding type registration float -> org.hibernate.type.FloatType@68835e55
21:23:01.007 [Test worker] DEBUG org.hibernate.type.BasicTypeRegistry - Adding type registration java.lang.Float -> org.hibernate.type.FloatType@68835e55
21:23:01.007 [Test worker] DEBUG org.hibernate.type.BasicTypeRegistry - Adding type registration double -> org.hibernate.type.DoubleType@1db8c4bf
21:23:01.007 [Test worker] DEBUG org.hibernate.type.BasicTypeRegistry - Adding type registration double -> org.hibernate.type.DoubleType@1db8c4bf
21:23:01.007 [Test worker] DEBUG org.hibernate.type.BasicTypeRegistry - Adding type registration java.lang.Double -> org.hibernate.type.DoubleType@1db8c4bf
21:23:01.007 [Test worker] DEBUG org.hibernate.type.BasicTypeRegistry - Adding type registration big_decimal -> org.hibernate.type.BigDecimalType@2bd9f5a7
21:23:01.007 [Test worker] DEBUG org.hibernate.type.BasicTypeRegistry - Adding type registration java.math.BigDecimal -> org.hibernate.type.BigDecimalType@2bd9f5a7
21:23:01.007 [Test worker] DEBUG org.hibernate.type.BasicTypeRegistry - Adding type registration big_integer -> org.hibernate.type.BigIntegerType@67766712
21:23:01.007 [Test worker] DEBUG org.hibernate.type.BasicTypeRegistry - Adding type registration java.math.BigInteger -> org.hibernate.type.BigIntegerType@67766712
21:23:01.007 [Test worker] DEBUG org.hibernate.type.BasicTypeRegistry - Adding type registration string -> org.hibernate.type.StringType@5abe721f
21:23:01.007 [Test worker] DEBUG org.hibernate.type.BasicTypeRegistry - Adding type registration java.lang.String -> org.hibernate.type.StringType@5abe721f
21:23:01.007 [Test worker] DEBUG org.hibernate.type.BasicTypeRegistry - Adding type registration nstring -> org.hibernate.type.StringNVarcharType@5ca83c4b
21:23:01.007 [Test worker] DEBUG org.hibernate.type.BasicTypeRegistry - Adding type registration ncharacter -> org.hibernate.type.CharacterNCharType@181579aa
21:23:01.007 [Test worker] DEBUG org.hibernate.type.BasicTypeRegistry - Adding type registration url -> org.hibernate.type.UrlType@2d95e7ff
21:23:01.007 [Test worker] DEBUG org.hibernate.type.BasicTypeRegistry - Adding type registration java.net.URL -> org.hibernate.type.UrlType@2d95e7ff
21:23:01.007 [Test worker] DEBUG org.hibernate.type.BasicTypeRegistry - Adding type registration Duration -> org.hibernate.type.DurationType@1f6d6ec5
21:23:01.007 [Test worker] DEBUG org.hibernate.type.BasicTypeRegistry - Adding type registration java.time.Duration -> org.hibernate.type.DurationType@1f6d6ec5
21:23:01.007 [Test worker] DEBUG org.hibernate.type.BasicTypeRegistry - Adding type registration Instant -> org.hibernate.type.InstantType@799b3880
21:23:01.007 [Test worker] DEBUG org.hibernate.type.BasicTypeRegistry - Adding type registration java.time.Instant -> org.hibernate.type.InstantType@799b3880
21:23:01.007 [Test worker] DEBUG org.hibernate.type.BasicTypeRegistry - Adding type registration LocalDateTime -> org.hibernate.type.LocalDateTimeType@3c9b7dcd
21:23:01.007 [Test worker] DEBUG org.hibernate.type.BasicTypeRegistry - Adding type registration java.time.LocalDateTime -> org.hibernate.type.LocalDateTimeType@3c9b7dcd
21:23:01.007 [Test worker] DEBUG org.hibernate.type.BasicTypeRegistry - Adding type registration LocalDate -> org.hibernate.type.LocalDateType@73b9d317
21:23:01.007 [Test worker] DEBUG org.hibernate.type.BasicTypeRegistry - Adding type registration java.time.LocalDate -> org.hibernate.type.LocalDateType@73b9d317
21:23:01.007 [Test worker] DEBUG org.hibernate.type.BasicTypeRegistry - Adding type registration LocalTime -> org.hibernate.type.LocalTimeType@3e938176
21:23:01.007 [Test worker] DEBUG org.hibernate.type.BasicTypeRegistry - Adding type registration java.time.LocalTime -> org.hibernate.type.LocalTimeType@3e938176
21:23:01.007 [Test worker] DEBUG org.hibernate.type.BasicTypeRegistry - Adding type registration OffsetDateTime -> org.hibernate.type.OffsetDateTimeType@1006f6a5
21:23:01.007 [Test worker] DEBUG org.hibernate.type.BasicTypeRegistry - Adding type registration java.time.OffsetDateTime -> org.hibernate.type.OffsetDateTimeType@1006f6a5
21:23:01.007 [Test worker] DEBUG org.hibernate.type.BasicTypeRegistry - Adding type registration OffsetTime -> org.hibernate.type.OffsetTimeType@5ebf30b8
21:23:01.007 [Test worker] DEBUG org.hibernate.type.BasicTypeRegistry - Adding type registration java.time.OffsetTime -> org.hibernate.type.OffsetTimeType@5ebf30b8
21:23:01.007 [Test worker] DEBUG org.hibernate.type.BasicTypeRegistry - Adding type registration ZonedDateTime -> org.hibernate.type.ZonedDateTimeType@5ecdce3a
21:23:01.007 [Test worker] DEBUG org.hibernate.type.BasicTypeRegistry - Adding type registration java.time.ZonedDateTime -> org.hibernate.type.ZonedDateTimeType@5ecdce3a
21:23:01.007 [Test worker] DEBUG org.hibernate.type.BasicTypeRegistry - Adding type registration date -> org.hibernate.type.DateType@34878a9c
21:23:01.007 [Test worker] DEBUG org.hibernate.type.BasicTypeRegistry - Adding type registration java.sql.Date -> org.hibernate.type.DateType@34878a9c
21:23:01.007 [Test worker] DEBUG org.hibernate.type.BasicTypeRegistry - Adding type registration time -> org.hibernate.type.TimeType@4be75fc9
21:23:01.007 [Test worker] DEBUG org.hibernate.type.BasicTypeRegistry - Adding type registration java.sql.Time -> org.hibernate.type.TimeType@4be75fc9
21:23:01.007 [Test worker] DEBUG org.hibernate.type.BasicTypeRegistry - Adding type registration timestamp -> org.hibernate.type.TimestampType@cd6dcfb
21:23:01.007 [Test worker] DEBUG org.hibernate.type.BasicTypeRegistry - Adding type registration java.sql.Timestamp -> org.hibernate.type.TimestampType@cd6dcfb
21:23:01.007 [Test worker] DEBUG org.hibernate.type.BasicTypeRegistry - Adding type registration java.util.Date -> org.hibernate.type.TimestampType@cd6dcfb
21:23:01.007 [Test worker] DEBUG org.hibernate.type.BasicTypeRegistry - Adding type registration dbtimestamp -> org.hibernate.type.DbTimestampType@6f70db50
21:23:01.007 [Test worker] DEBUG org.hibernate.type.BasicTypeRegistry - Adding type registration calendar -> org.hibernate.type.CalendarType@232580e4
21:23:01.007 [Test worker] DEBUG org.hibernate.type.BasicTypeRegistry - Adding type registration java.util.Calendar -> org.hibernate.type.CalendarType@232580e4
21:23:01.007 [Test worker] DEBUG org.hibernate.type.BasicTypeRegistry - Adding type registration java.util.GregorianCalendar -> org.hibernate.type.CalendarType@232580e4
21:23:01.007 [Test worker] DEBUG org.hibernate.type.BasicTypeRegistry - Adding type registration calendar_date -> org.hibernate.type.CalendarDateType@2d226c99
21:23:01.007 [Test worker] DEBUG org.hibernate.type.BasicTypeRegistry - Adding type registration calendar_time -> org.hibernate.type.CalendarTimeType@5f0ca092
21:23:01.007 [Test worker] DEBUG org.hibernate.type.BasicTypeRegistry - Adding type registration locale -> org.hibernate.type.LocaleType@2e7d6fc7
21:23:01.007 [Test worker] DEBUG org.hibernate.type.BasicTypeRegistry - Adding type registration java.util.Locale -> org.hibernate.type.LocaleType@2e7d6fc7
21:23:01.007 [Test worker] DEBUG org.hibernate.type.BasicTypeRegistry - Adding type registration currency -> org.hibernate.type.CurrencyType@298b5abb
21:23:01.007 [Test worker] DEBUG org.hibernate.type.BasicTypeRegistry - Adding type registration java.util.Currency -> org.hibernate.type.CurrencyType@298b5abb
21:23:01.007 [Test worker] DEBUG org.hibernate.type.BasicTypeRegistry - Adding type registration timezone -> org.hibernate.type.TimeZoneType@6a7223ce
21:23:01.007 [Test worker] DEBUG org.hibernate.type.BasicTypeRegistry - Adding type registration java.util.TimeZone -> org.hibernate.type.TimeZoneType@6a7223ce
21:23:01.007 [Test worker] DEBUG org.hibernate.type.BasicTypeRegistry - Adding type registration class -> org.hibernate.type.ClassType@17c86e61
21:23:01.007 [Test worker] DEBUG org.hibernate.type.BasicTypeRegistry - Adding type registration java.lang.Class -> org.hibernate.type.ClassType@17c86e61
21:23:01.007 [Test worker] DEBUG org.hibernate.type.BasicTypeRegistry - Adding type registration uuid-binary -> org.hibernate.type.UUIDBinaryType@165a29f7
21:23:01.007 [Test worker] DEBUG org.hibernate.type.BasicTypeRegistry - Adding type registration java.util.UUID -> org.hibernate.type.UUIDBinaryType@165a29f7
21:23:01.007 [Test worker] DEBUG org.hibernate.type.BasicTypeRegistry - Adding type registration uuid-char -> org.hibernate.type.UUIDCharType@57061eb5
21:23:01.007 [Test worker] DEBUG org.hibernate.type.BasicTypeRegistry - Adding type registration binary -> org.hibernate.type.BinaryType@377a3a57
21:23:01.007 [Test worker] DEBUG org.hibernate.type.BasicTypeRegistry - Adding type registration byte[] -> org.hibernate.type.BinaryType@377a3a57
21:23:01.007 [Test worker] DEBUG org.hibernate.type.BasicTypeRegistry - Adding type registration [B -> org.hibernate.type.BinaryType@377a3a57
21:23:01.007 [Test worker] DEBUG org.hibernate.type.BasicTypeRegistry - Adding type registration wrapper-binary -> org.hibernate.type.WrapperBinaryType@15236686
21:23:01.007 [Test worker] DEBUG org.hibernate.type.BasicTypeRegistry - Adding type registration Byte[] -> org.hibernate.type.WrapperBinaryType@15236686
21:23:01.007 [Test worker] DEBUG org.hibernate.type.BasicTypeRegistry - Adding type registration [Ljava.lang.Byte; -> org.hibernate.type.WrapperBinaryType@15236686
21:23:01.007 [Test worker] DEBUG org.hibernate.type.BasicTypeRegistry - Adding type registration row_version -> org.hibernate.type.RowVersionType@480544d3
21:23:01.007 [Test worker] DEBUG org.hibernate.type.BasicTypeRegistry - Adding type registration image -> org.hibernate.type.ImageType@a74733d
21:23:01.007 [Test worker] DEBUG org.hibernate.type.BasicTypeRegistry - Adding type registration characters -> org.hibernate.type.CharArrayType@10b707f8
21:23:01.007 [Test worker] DEBUG org.hibernate.type.BasicTypeRegistry - Adding type registration char[] -> org.hibernate.type.CharArrayType@10b707f8
21:23:01.007 [Test worker] DEBUG org.hibernate.type.BasicTypeRegistry - Adding type registration [C -> org.hibernate.type.CharArrayType@10b707f8
21:23:01.007 [Test worker] DEBUG org.hibernate.type.BasicTypeRegistry - Adding type registration wrapper-characters -> org.hibernate.type.CharacterArrayType@7586a107
21:23:01.007 [Test worker] DEBUG org.hibernate.type.BasicTypeRegistry - Adding type registration [Ljava.lang.Character; -> org.hibernate.type.CharacterArrayType@7586a107
21:23:01.007 [Test worker] DEBUG org.hibernate.type.BasicTypeRegistry - Adding type registration Character[] -> org.hibernate.type.CharacterArrayType@7586a107
21:23:01.007 [Test worker] DEBUG org.hibernate.type.BasicTypeRegistry - Adding type registration text -> org.hibernate.type.TextType@28e7117
21:23:01.007 [Test worker] DEBUG org.hibernate.type.BasicTypeRegistry - Adding type registration ntext -> org.hibernate.type.NTextType@4fe7c4b8
21:23:01.007 [Test worker] DEBUG org.hibernate.type.BasicTypeRegistry - Adding type registration blob -> org.hibernate.type.BlobType@69ff7971
21:23:01.007 [Test worker] DEBUG org.hibernate.type.BasicTypeRegistry - Adding type registration java.sql.Blob -> org.hibernate.type.BlobType@69ff7971
21:23:01.007 [Test worker] DEBUG org.hibernate.type.BasicTypeRegistry - Adding type registration materialized_blob -> org.hibernate.type.MaterializedBlobType@29a6bbfa
21:23:01.007 [Test worker] DEBUG org.hibernate.type.BasicTypeRegistry - Adding type registration clob -> org.hibernate.type.ClobType@6243fc09
21:23:01.007 [Test worker] DEBUG org.hibernate.type.BasicTypeRegistry - Adding type registration java.sql.Clob -> org.hibernate.type.ClobType@6243fc09
21:23:01.007 [Test worker] DEBUG org.hibernate.type.BasicTypeRegistry - Adding type registration nclob -> org.hibernate.type.NClobType@7a0e9fb4
21:23:01.007 [Test worker] DEBUG org.hibernate.type.BasicTypeRegistry - Adding type registration java.sql.NClob -> org.hibernate.type.NClobType@7a0e9fb4
21:23:01.007 [Test worker] DEBUG org.hibernate.type.BasicTypeRegistry - Adding type registration materialized_clob -> org.hibernate.type.MaterializedClobType@5568af29
21:23:01.007 [Test worker] DEBUG org.hibernate.type.BasicTypeRegistry - Adding type registration materialized_nclob -> org.hibernate.type.MaterializedNClobType@43589365
21:23:01.007 [Test worker] DEBUG org.hibernate.type.BasicTypeRegistry - Adding type registration serializable -> org.hibernate.type.SerializableType@49b714f8
21:23:01.007 [Test worker] DEBUG org.hibernate.type.BasicTypeRegistry - Adding type registration object -> org.hibernate.type.ObjectType@4b6f241f
21:23:01.007 [Test worker] DEBUG org.hibernate.type.BasicTypeRegistry - Adding type registration java.lang.Object -> org.hibernate.type.ObjectType@4b6f241f
21:23:01.007 [Test worker] DEBUG org.hibernate.type.BasicTypeRegistry - Adding type registration imm_date -> org.hibernate.type.AdaptedImmutableType@2a9535ce
21:23:01.007 [Test worker] DEBUG org.hibernate.type.BasicTypeRegistry - Adding type registration imm_time -> org.hibernate.type.AdaptedImmutableType@70daa806
21:23:01.007 [Test worker] DEBUG org.hibernate.type.BasicTypeRegistry - Adding type registration imm_timestamp -> org.hibernate.type.AdaptedImmutableType@765b328b
21:23:01.007 [Test worker] DEBUG org.hibernate.type.BasicTypeRegistry - Adding type registration imm_dbtimestamp -> org.hibernate.type.AdaptedImmutableType@1d439a6f
21:23:01.007 [Test worker] DEBUG org.hibernate.type.BasicTypeRegistry - Adding type registration imm_calendar -> org.hibernate.type.AdaptedImmutableType@1efbf74c
21:23:01.007 [Test worker] DEBUG org.hibernate.type.BasicTypeRegistry - Adding type registration imm_calendar_date -> org.hibernate.type.AdaptedImmutableType@3bc4f60d
21:23:01.007 [Test worker] DEBUG org.hibernate.type.BasicTypeRegistry - Adding type registration imm_binary -> org.hibernate.type.AdaptedImmutableType@14244494
21:23:01.007 [Test worker] DEBUG org.hibernate.type.BasicTypeRegistry - Adding type registration imm_serializable -> org.hibernate.type.AdaptedImmutableType@1535249d
21:23:01.007 [Test worker] DEBUG org.hibernate.id.factory.internal.DefaultIdentifierGeneratorFactory - Registering IdentifierGenerator strategy [uuid2] -> [org.hibernate.id.UUIDGenerator]
21:23:01.007 [Test worker] DEBUG org.hibernate.id.factory.internal.DefaultIdentifierGeneratorFactory - Registering IdentifierGenerator strategy [guid] -> [org.hibernate.id.GUIDGenerator]
21:23:01.007 [Test worker] DEBUG org.hibernate.id.factory.internal.DefaultIdentifierGeneratorFactory - Registering IdentifierGenerator strategy [uuid] -> [org.hibernate.id.UUIDHexGenerator]
21:23:01.007 [Test worker] DEBUG org.hibernate.id.factory.internal.DefaultIdentifierGeneratorFactory - Registering IdentifierGenerator strategy [uuid.hex] -> [org.hibernate.id.UUIDHexGenerator]
21:23:01.007 [Test worker] DEBUG org.hibernate.id.factory.internal.DefaultIdentifierGeneratorFactory - Registering IdentifierGenerator strategy [assigned] -> [org.hibernate.id.Assigned]
21:23:01.007 [Test worker] DEBUG org.hibernate.id.factory.internal.DefaultIdentifierGeneratorFactory - Registering IdentifierGenerator strategy [identity] -> [org.hibernate.id.IdentityGenerator]
21:23:01.007 [Test worker] DEBUG org.hibernate.id.factory.internal.DefaultIdentifierGeneratorFactory - Registering IdentifierGenerator strategy [select] -> [org.hibernate.id.SelectGenerator]
21:23:01.007 [Test worker] DEBUG org.hibernate.id.factory.internal.DefaultIdentifierGeneratorFactory - Registering IdentifierGenerator strategy [sequence] -> [org.hibernate.id.enhanced.SequenceStyleGenerator]
21:23:01.007 [Test worker] DEBUG org.hibernate.id.factory.internal.DefaultIdentifierGeneratorFactory - Registering IdentifierGenerator strategy [seqhilo] -> [org.hibernate.id.SequenceHiLoGenerator]
21:23:01.007 [Test worker] DEBUG org.hibernate.id.factory.internal.DefaultIdentifierGeneratorFactory - Registering IdentifierGenerator strategy [increment] -> [org.hibernate.id.IncrementGenerator]
21:23:01.007 [Test worker] DEBUG org.hibernate.id.factory.internal.DefaultIdentifierGeneratorFactory - Registering IdentifierGenerator strategy [foreign] -> [org.hibernate.id.ForeignGenerator]
21:23:01.007 [Test worker] DEBUG org.hibernate.id.factory.internal.DefaultIdentifierGeneratorFactory - Registering IdentifierGenerator strategy [sequence-identity] -> [org.hibernate.id.SequenceIdentityGenerator]
21:23:01.007 [Test worker] DEBUG org.hibernate.id.factory.internal.DefaultIdentifierGeneratorFactory - Registering IdentifierGenerator strategy [enhanced-sequence] -> [org.hibernate.id.enhanced.SequenceStyleGenerator]
21:23:01.007 [Test worker] DEBUG org.hibernate.id.factory.internal.DefaultIdentifierGeneratorFactory - Registering IdentifierGenerator strategy [enhanced-table] -> [org.hibernate.id.enhanced.TableGenerator]
21:23:01.007 [Test worker] WARN org.hibernate.orm.connections.pooling - HHH10001002: Using Hibernate built-in connection pool (not for production use!)
21:23:01.007 [Test worker] INFO org.hibernate.orm.connections.pooling - HHH10001005: using driver [org.sqlite.JDBC] at URL [jdbc:sqlite:D:\Facultate\Projects\OrganizareCompanie\database]
21:23:01.007 [Test worker] INFO org.hibernate.orm.connections.pooling - HHH10001001: Connection properties: {password=root, user=root}
21:23:01.007 [Test worker] INFO org.hibernate.orm.connections.pooling - HHH10001003: Autocommit mode: false
21:23:01.007 [Test worker] DEBUG org.hibernate.engine.jdbc.connections.internal.DriverManagerConnectionProviderImpl - Initializing Connection pool with 1 Connections
21:23:01.007 [Test worker] INFO org.hibernate.engine.jdbc.connections.internal.DriverManagerConnectionProviderImpl - HHH000115: Hibernate connection pool size: 1 (min=1)
21:23:01.007 [Test worker] DEBUG org.hibernate.engine.jdbc.env.internal.JdbcEnvironmentInitiator - Database ->
       name : SQLite
    version : 3.34.0
      major : 3
      minor : 34
21:23:01.007 [Test worker] DEBUG org.hibernate.engine.jdbc.env.internal.JdbcEnvironmentInitiator - Driver ->
       name : SQLite JDBC
    version : 3.34.0
      major : 3
      minor : 34
21:23:01.007 [Test worker] DEBUG org.hibernate.engine.jdbc.env.internal.JdbcEnvironmentInitiator - JDBC version : 2.1
21:23:01.007 [Test worker] INFO org.hibernate.dialect.Dialect - HHH000400: Using dialect: utils.SQLiteDialect
21:23:01.007 [Test worker] DEBUG org.hibernate.engine.jdbc.env.spi.IdentifierHelperBuilder - JDBC driver metadata reported database stores quoted identifiers in neither upper, lower nor mixed case
21:23:01.007 [Test worker] DEBUG org.hibernate.engine.jdbc.env.spi.IdentifierHelperBuilder - IdentifierCaseStrategy for both quoted and unquoted identifiers was set to the same strategy [MIXED]; that will likely lead to problems in schema update and validation if using quoted identifiers
21:23:01.007 [Test worker] DEBUG org.hibernate.engine.jdbc.env.internal.LobCreatorBuilderImpl - HHH000423: Disabling contextual LOB creation as JDBC driver reported JDBC version [2] less than 4
21:23:01.007 [Test worker] DEBUG org.hibernate.boot.model.relational.Namespace - Created database namespace [logicalName=Name{catalog=null, schema=null}, physicalName=Name{catalog=null, schema=null}]
21:23:01.007 [Test worker] DEBUG org.hibernate.type.descriptor.java.JavaTypeDescriptorRegistry - JavaTypeDescriptorRegistry entry replaced : class java.time.Duration -> org.hibernate.type.descriptor.java.DurationJavaDescriptor@484b819 (was org.hibernate.type.descriptor.java.DurationJavaDescriptor@484b819)
21:23:01.007 [Test worker] DEBUG org.hibernate.type.descriptor.java.JavaTypeDescriptorRegistry - JavaTypeDescriptorRegistry entry replaced : class java.time.Instant -> org.hibernate.type.descriptor.java.InstantJavaDescriptor@7a6a60d2 (was org.hibernate.type.descriptor.java.InstantJavaDescriptor@7a6a60d2)
21:23:01.007 [Test worker] DEBUG org.hibernate.type.descriptor.java.JavaTypeDescriptorRegistry - JavaTypeDescriptorRegistry entry replaced : class java.time.LocalDate -> org.hibernate.type.descriptor.java.LocalDateJavaDescriptor@7ac3817d (was org.hibernate.type.descriptor.java.LocalDateJavaDescriptor@7ac3817d)
21:23:01.007 [Test worker] DEBUG org.hibernate.type.descriptor.java.JavaTypeDescriptorRegistry - JavaTypeDescriptorRegistry entry replaced : class java.time.LocalDateTime -> org.hibernate.type.descriptor.java.LocalDateTimeJavaDescriptor@616d0e6e (was org.hibernate.type.descriptor.java.LocalDateTimeJavaDescriptor@616d0e6e)
21:23:01.007 [Test worker] DEBUG org.hibernate.type.descriptor.java.JavaTypeDescriptorRegistry - JavaTypeDescriptorRegistry entry replaced : class java.time.OffsetDateTime -> org.hibernate.type.descriptor.java.OffsetDateTimeJavaDescriptor@4008262a (was org.hibernate.type.descriptor.java.OffsetDateTimeJavaDescriptor@4008262a)
21:23:01.007 [Test worker] DEBUG org.hibernate.type.descriptor.java.JavaTypeDescriptorRegistry - JavaTypeDescriptorRegistry entry replaced : class java.time.OffsetTime -> org.hibernate.type.descriptor.java.OffsetTimeJavaDescriptor@69cda209 (was org.hibernate.type.descriptor.java.OffsetTimeJavaDescriptor@69cda209)
21:23:01.007 [Test worker] DEBUG org.hibernate.type.descriptor.java.JavaTypeDescriptorRegistry - JavaTypeDescriptorRegistry entry replaced : class java.time.ZonedDateTime -> org.hibernate.type.descriptor.java.ZonedDateTimeJavaDescriptor@f630e24 (was org.hibernate.type.descriptor.java.ZonedDateTimeJavaDescriptor@f630e24)
21:23:01.007 [Test worker] DEBUG org.hibernate.type.BasicTypeRegistry - Adding type registration Duration -> org.hibernate.type.DurationType@1f6d6ec5
21:23:01.007 [Test worker] DEBUG org.hibernate.type.BasicTypeRegistry - Adding type registration java.time.Duration -> org.hibernate.type.DurationType@1f6d6ec5
21:23:01.007 [Test worker] DEBUG org.hibernate.type.BasicTypeRegistry - Adding type registration Instant -> org.hibernate.type.InstantType@799b3880
21:23:01.007 [Test worker] DEBUG org.hibernate.type.BasicTypeRegistry - Adding type registration java.time.Instant -> org.hibernate.type.InstantType@799b3880
21:23:01.007 [Test worker] DEBUG org.hibernate.type.BasicTypeRegistry - Adding type registration LocalDateTime -> org.hibernate.type.LocalDateTimeType@3c9b7dcd
21:23:01.007 [Test worker] DEBUG org.hibernate.type.BasicTypeRegistry - Adding type registration java.time.LocalDateTime -> org.hibernate.type.LocalDateTimeType@3c9b7dcd
21:23:01.007 [Test worker] DEBUG org.hibernate.type.BasicTypeRegistry - Adding type registration LocalDate -> org.hibernate.type.LocalDateType@73b9d317
21:23:01.007 [Test worker] DEBUG org.hibernate.type.BasicTypeRegistry - Adding type registration java.time.LocalDate -> org.hibernate.type.LocalDateType@73b9d317
21:23:01.007 [Test worker] DEBUG org.hibernate.type.BasicTypeRegistry - Adding type registration LocalTime -> org.hibernate.type.LocalTimeType@3e938176
21:23:01.007 [Test worker] DEBUG org.hibernate.type.BasicTypeRegistry - Adding type registration java.time.LocalTime -> org.hibernate.type.LocalTimeType@3e938176
21:23:01.007 [Test worker] DEBUG org.hibernate.type.BasicTypeRegistry - Adding type registration OffsetDateTime -> org.hibernate.type.OffsetDateTimeType@1006f6a5
21:23:01.007 [Test worker] DEBUG org.hibernate.type.BasicTypeRegistry - Adding type registration java.time.OffsetDateTime -> org.hibernate.type.OffsetDateTimeType@1006f6a5
21:23:01.007 [Test worker] DEBUG org.hibernate.type.BasicTypeRegistry - Adding type registration OffsetTime -> org.hibernate.type.OffsetTimeType@5ebf30b8
21:23:01.007 [Test worker] DEBUG org.hibernate.type.BasicTypeRegistry - Adding type registration java.time.OffsetTime -> org.hibernate.type.OffsetTimeType@5ebf30b8
21:23:01.007 [Test worker] DEBUG org.hibernate.type.BasicTypeRegistry - Adding type registration ZonedDateTime -> org.hibernate.type.ZonedDateTimeType@5ecdce3a
21:23:01.007 [Test worker] DEBUG org.hibernate.type.BasicTypeRegistry - Adding type registration java.time.ZonedDateTime -> org.hibernate.type.ZonedDateTimeType@5ecdce3a
21:23:01.007 [Test worker] DEBUG org.hibernate.type.spi.TypeConfiguration$Scope - Scoping TypeConfiguration [org.hibernate.type.spi.TypeConfiguration@7146ee6e] to MetadataBuildingContext [org.hibernate.boot.internal.MetadataBuildingContextRootImpl@2c95a7dd]
21:23:01.007 [Test worker] DEBUG org.hibernate.cfg.AnnotationBinder - Binding entity from annotated class: domain.Angajat
21:23:01.007 [Test worker] DEBUG org.hibernate.cfg.Ejb3Column - Binding column: Ejb3DiscriminatorColumn{logicalColumnName'DTYPE', discriminatorTypeName='string'}
21:23:01.007 [Test worker] DEBUG org.hibernate.cfg.annotations.EntityBinder - Import with entity name Angajat
21:23:01.007 [Test worker] DEBUG org.hibernate.cfg.annotations.EntityBinder - Bind entity domain.Angajat on table angajati
21:23:01.007 [Test worker] DEBUG org.hibernate.cfg.Ejb3Column - Binding column: Ejb3Column{table=org.hibernate.mapping.Table(angajati), mappingColumn=id, insertable=true, updatable=true, unique=false}
21:23:01.007 [Test worker] DEBUG org.hibernate.boot.internal.ClassLoaderAccessImpl - Not known whether passed class name [domain.Angajat] is safe
21:23:01.007 [Test worker] DEBUG org.hibernate.boot.internal.ClassLoaderAccessImpl - No temp ClassLoader provided; using live ClassLoader for loading potentially unsafe class : domain.Angajat
21:23:01.007 [Test worker] DEBUG org.hibernate.cfg.annotations.PropertyBinder - MetadataSourceProcessor property id with lazy=false
21:23:01.007 [Test worker] DEBUG org.hibernate.cfg.AbstractPropertyHolder - Attempting to locate auto-apply AttributeConverter for property [domain.Angajat:id]
21:23:01.007 [Test worker] DEBUG org.hibernate.cfg.annotations.SimpleValueBinder - building SimpleValue for id
21:23:01.007 [Test worker] DEBUG org.hibernate.cfg.annotations.PropertyBinder - Building property id
21:23:01.007 [Test worker] DEBUG org.hibernate.cfg.BinderHelper - #makeIdGenerator(org.hibernate.mapping.SimpleValue([org.hibernate.mapping.Column(id)]), id, identity, , ...)
21:23:01.007 [Test worker] DEBUG org.hibernate.cfg.Ejb3Column - Binding column: Ejb3JoinColumn{logicalColumnName='null', referencedColumn='null', mappedBy='angajat'}
21:23:01.007 [Test worker] DEBUG org.hibernate.cfg.Ejb3Column - Binding column: Ejb3Column{table=org.hibernate.mapping.Table(angajati), mappingColumn=concedii, insertable=true, updatable=true, unique=false}
21:23:01.007 [Test worker] DEBUG org.hibernate.cfg.Ejb3Column - Binding column: Ejb3Column{table=org.hibernate.mapping.Table(angajati), mappingColumn=null, insertable=true, updatable=true, unique=false}
21:23:01.007 [Test worker] DEBUG org.hibernate.cfg.Ejb3Column - Binding column: Ejb3Column{table=org.hibernate.mapping.Table(angajati), mappingColumn=element, insertable=true, updatable=true, unique=false}
21:23:01.007 [Test worker] DEBUG org.hibernate.cfg.Ejb3Column - Binding column: Ejb3Column{table=org.hibernate.mapping.Table(angajati), mappingColumn=concedii_KEY, insertable=true, updatable=true, unique=false}
21:23:01.007 [Test worker] DEBUG org.hibernate.cfg.Ejb3Column - Binding column: Ejb3JoinColumn{logicalColumnName='concedii_KEY', referencedColumn='null', mappedBy='null'}
21:23:01.007 [Test worker] DEBUG org.hibernate.cfg.Ejb3Column - Binding column: Ejb3JoinColumn{logicalColumnName='null', referencedColumn='null', mappedBy='angajat'}
21:23:01.007 [Test worker] DEBUG org.hibernate.cfg.Ejb3Column - Binding column: Ejb3JoinColumn{logicalColumnName='null', referencedColumn='null', mappedBy='angajat'}
21:23:01.007 [Test worker] DEBUG org.hibernate.cfg.annotations.CollectionBinder - Collection role: domain.Angajat.concedii
21:23:01.007 [Test worker] DEBUG org.hibernate.cfg.annotations.PropertyBinder - Building property concedii
21:23:01.007 [Test worker] DEBUG org.hibernate.cfg.Ejb3Column - Binding column: Ejb3Column{table=org.hibernate.mapping.Table(angajati), mappingColumn=data_angajare, insertable=true, updatable=true, unique=false}
21:23:01.007 [Test worker] DEBUG org.hibernate.cfg.annotations.PropertyBinder - MetadataSourceProcessor property dataAngajare with lazy=false
21:23:01.007 [Test worker] DEBUG org.hibernate.cfg.AbstractPropertyHolder - Attempting to locate auto-apply AttributeConverter for property [domain.Angajat:dataAngajare]
21:23:01.007 [Test worker] DEBUG org.hibernate.cfg.annotations.SimpleValueBinder - building SimpleValue for dataAngajare
21:23:01.007 [Test worker] DEBUG org.hibernate.cfg.annotations.PropertyBinder - Building property dataAngajare
21:23:01.007 [Test worker] DEBUG org.hibernate.cfg.Ejb3Column - Binding column: Ejb3Column{table=org.hibernate.mapping.Table(angajati), mappingColumn=null, insertable=true, updatable=true, unique=false}
21:23:01.007 [Test worker] DEBUG org.hibernate.cfg.Ejb3Column - Binding column: Ejb3Column{table=org.hibernate.mapping.Table(angajati), mappingColumn=element, insertable=true, updatable=true, unique=false}
21:23:01.007 [Test worker] DEBUG org.hibernate.cfg.Ejb3Column - Binding column: Ejb3Column{table=org.hibernate.mapping.Table(angajati), mappingColumn=departamente_KEY, insertable=true, updatable=true, unique=false}
21:23:01.007 [Test worker] DEBUG org.hibernate.cfg.Ejb3Column - Binding column: Ejb3JoinColumn{logicalColumnName='departamente_KEY', referencedColumn='null', mappedBy='null'}
21:23:01.007 [Test worker] DEBUG org.hibernate.cfg.Ejb3Column - Binding column: Ejb3JoinColumn{logicalColumnName='id_angajat', referencedColumn='', mappedBy=''}
21:23:01.007 [Test worker] DEBUG org.hibernate.cfg.Ejb3Column - Binding column: Ejb3JoinColumn{logicalColumnName='id_departament', referencedColumn='', mappedBy=''}
21:23:01.007 [Test worker] DEBUG org.hibernate.cfg.annotations.CollectionBinder - Collection role: domain.Angajat.departamente
21:23:01.007 [Test worker] DEBUG org.hibernate.cfg.annotations.PropertyBinder - Building property departamente
21:23:01.007 [Test worker] DEBUG org.hibernate.cfg.Ejb3Column - Binding column: Ejb3JoinColumn{logicalColumnName='null', referencedColumn='null', mappedBy='null'}
21:23:01.007 [Test worker] DEBUG org.hibernate.cfg.Ejb3Column - Binding column: Ejb3Column{table=org.hibernate.mapping.Table(angajati), mappingColumn=functie, insertable=true, updatable=true, unique=false}
21:23:01.007 [Test worker] DEBUG org.hibernate.cfg.annotations.PropertyBinder - Building property functie
21:23:01.007 [Test worker] DEBUG org.hibernate.cfg.Ejb3Column - Binding column: Ejb3Column{table=org.hibernate.mapping.Table(angajati), mappingColumn=id_superior, insertable=true, updatable=true, unique=false}
21:23:01.007 [Test worker] DEBUG org.hibernate.cfg.annotations.PropertyBinder - MetadataSourceProcessor property idSuperior with lazy=false
21:23:01.007 [Test worker] DEBUG org.hibernate.cfg.AbstractPropertyHolder - Attempting to locate auto-apply AttributeConverter for property [domain.Angajat:idSuperior]
21:23:01.007 [Test worker] DEBUG org.hibernate.cfg.annotations.SimpleValueBinder - building SimpleValue for idSuperior
21:23:01.007 [Test worker] DEBUG org.hibernate.cfg.annotations.PropertyBinder - Building property idSuperior
21:23:01.007 [Test worker] DEBUG org.hibernate.cfg.Ejb3Column - Binding column: Ejb3Column{table=org.hibernate.mapping.Table(angajati), mappingColumn=null, insertable=true, updatable=true, unique=false}
21:23:01.007 [Test worker] DEBUG org.hibernate.cfg.Ejb3Column - Binding column: Ejb3Column{table=org.hibernate.mapping.Table(angajati), mappingColumn=element, insertable=true, updatable=true, unique=false}
21:23:01.007 [Test worker] DEBUG org.hibernate.cfg.Ejb3Column - Binding column: Ejb3Column{table=org.hibernate.mapping.Table(angajati), mappingColumn=proiecte_KEY, insertable=true, updatable=true, unique=false}
21:23:01.007 [Test worker] DEBUG org.hibernate.cfg.Ejb3Column - Binding column: Ejb3JoinColumn{logicalColumnName='proiecte_KEY', referencedColumn='null', mappedBy='null'}
21:23:01.007 [Test worker] DEBUG org.hibernate.cfg.Ejb3Column - Binding column: Ejb3JoinColumn{logicalColumnName='id_angajat', referencedColumn='', mappedBy=''}
21:23:01.007 [Test worker] DEBUG org.hibernate.cfg.Ejb3Column - Binding column: Ejb3JoinColumn{logicalColumnName='id_proiect', referencedColumn='', mappedBy=''}
21:23:01.007 [Test worker] DEBUG org.hibernate.cfg.annotations.CollectionBinder - Collection role: domain.Angajat.proiecte
21:23:01.007 [Test worker] DEBUG org.hibernate.cfg.annotations.PropertyBinder - Building property proiecte
21:23:01.007 [Test worker] DEBUG org.hibernate.cfg.AnnotationBinder - Binding entity from annotated class: domain.Concediu
21:23:01.007 [Test worker] DEBUG org.hibernate.cfg.Ejb3Column - Binding column: Ejb3DiscriminatorColumn{logicalColumnName'DTYPE', discriminatorTypeName='string'}
21:23:01.007 [Test worker] DEBUG org.hibernate.cfg.annotations.EntityBinder - Import with entity name Concediu
21:23:01.007 [Test worker] DEBUG org.hibernate.cfg.annotations.EntityBinder - Bind entity domain.Concediu on table concedii
21:23:01.007 [Test worker] DEBUG org.hibernate.cfg.Ejb3Column - Binding column: Ejb3Column{table=org.hibernate.mapping.Table(concedii), mappingColumn=id, insertable=true, updatable=true, unique=false}
21:23:01.007 [Test worker] DEBUG org.hibernate.boot.internal.ClassLoaderAccessImpl - Not known whether passed class name [domain.Concediu] is safe
21:23:01.007 [Test worker] DEBUG org.hibernate.boot.internal.ClassLoaderAccessImpl - No temp ClassLoader provided; using live ClassLoader for loading potentially unsafe class : domain.Concediu
21:23:01.007 [Test worker] DEBUG org.hibernate.cfg.annotations.PropertyBinder - MetadataSourceProcessor property id with lazy=false
21:23:01.007 [Test worker] DEBUG org.hibernate.cfg.AbstractPropertyHolder - Attempting to locate auto-apply AttributeConverter for property [domain.Concediu:id]
21:23:01.007 [Test worker] DEBUG org.hibernate.cfg.annotations.SimpleValueBinder - building SimpleValue for id
21:23:01.007 [Test worker] DEBUG org.hibernate.cfg.annotations.PropertyBinder - Building property id
21:23:01.007 [Test worker] DEBUG org.hibernate.cfg.BinderHelper - #makeIdGenerator(org.hibernate.mapping.SimpleValue([org.hibernate.mapping.Column(id)]), id, identity, , ...)
21:23:01.007 [Test worker] DEBUG org.hibernate.cfg.Ejb3Column - Binding column: Ejb3JoinColumn{logicalColumnName='id_angajat', referencedColumn='', mappedBy=''}
21:23:01.007 [Test worker] DEBUG org.hibernate.cfg.Ejb3Column - Binding column: Ejb3Column{table=org.hibernate.mapping.Table(concedii), mappingColumn=angajat, insertable=true, updatable=true, unique=false}
21:23:01.007 [Test worker] DEBUG org.hibernate.cfg.annotations.PropertyBinder - Building property angajat
21:23:01.007 [Test worker] DEBUG org.hibernate.cfg.Ejb3Column - Binding column: Ejb3Column{table=org.hibernate.mapping.Table(concedii), mappingColumn=data_inceput, insertable=true, updatable=true, unique=false}
21:23:01.007 [Test worker] DEBUG org.hibernate.cfg.annotations.PropertyBinder - MetadataSourceProcessor property dataInceput with lazy=false
21:23:01.007 [Test worker] DEBUG org.hibernate.cfg.AbstractPropertyHolder - Attempting to locate auto-apply AttributeConverter for property [domain.Concediu:dataInceput]
21:23:01.007 [Test worker] DEBUG org.hibernate.cfg.annotations.SimpleValueBinder - building SimpleValue for dataInceput
21:23:01.007 [Test worker] DEBUG org.hibernate.cfg.annotations.PropertyBinder - Building property dataInceput
21:23:01.007 [Test worker] DEBUG org.hibernate.cfg.Ejb3Column - Binding column: Ejb3Column{table=org.hibernate.mapping.Table(concedii), mappingColumn=data_sfarsit, insertable=true, updatable=true, unique=false}
21:23:01.007 [Test worker] DEBUG org.hibernate.cfg.annotations.PropertyBinder - MetadataSourceProcessor property dataSfarsit with lazy=false
21:23:01.007 [Test worker] DEBUG org.hibernate.cfg.AbstractPropertyHolder - Attempting to locate auto-apply AttributeConverter for property [domain.Concediu:dataSfarsit]
21:23:01.007 [Test worker] DEBUG org.hibernate.cfg.annotations.SimpleValueBinder - building SimpleValue for dataSfarsit
21:23:01.007 [Test worker] DEBUG org.hibernate.cfg.annotations.PropertyBinder - Building property dataSfarsit
21:23:01.007 [Test worker] DEBUG org.hibernate.cfg.AnnotationBinder - Binding entity from annotated class: domain.Departament
21:23:01.007 [Test worker] DEBUG org.hibernate.cfg.Ejb3Column - Binding column: Ejb3DiscriminatorColumn{logicalColumnName'DTYPE', discriminatorTypeName='string'}
21:23:01.007 [Test worker] DEBUG org.hibernate.cfg.annotations.EntityBinder - Import with entity name Departament
21:23:01.007 [Test worker] DEBUG org.hibernate.cfg.annotations.EntityBinder - Bind entity domain.Departament on table departamente
21:23:01.007 [Test worker] DEBUG org.hibernate.cfg.Ejb3Column - Binding column: Ejb3Column{table=org.hibernate.mapping.Table(departamente), mappingColumn=id, insertable=true, updatable=true, unique=false}
21:23:01.007 [Test worker] DEBUG org.hibernate.boot.internal.ClassLoaderAccessImpl - Not known whether passed class name [domain.Departament] is safe
21:23:01.007 [Test worker] DEBUG org.hibernate.boot.internal.ClassLoaderAccessImpl - No temp ClassLoader provided; using live ClassLoader for loading potentially unsafe class : domain.Departament
21:23:01.007 [Test worker] DEBUG org.hibernate.cfg.annotations.PropertyBinder - MetadataSourceProcessor property id with lazy=false
21:23:01.007 [Test worker] DEBUG org.hibernate.cfg.AbstractPropertyHolder - Attempting to locate auto-apply AttributeConverter for property [domain.Departament:id]
21:23:01.007 [Test worker] DEBUG org.hibernate.cfg.annotations.SimpleValueBinder - building SimpleValue for id
21:23:01.007 [Test worker] DEBUG org.hibernate.cfg.annotations.PropertyBinder - Building property id
21:23:01.007 [Test worker] DEBUG org.hibernate.cfg.BinderHelper - #makeIdGenerator(org.hibernate.mapping.SimpleValue([org.hibernate.mapping.Column(id)]), id, identity, , ...)
21:23:01.007 [Test worker] DEBUG org.hibernate.cfg.Ejb3Column - Binding column: Ejb3Column{table=org.hibernate.mapping.Table(departamente), mappingColumn=id_director, insertable=true, updatable=true, unique=false}
21:23:01.007 [Test worker] DEBUG org.hibernate.cfg.annotations.PropertyBinder - MetadataSourceProcessor property idDirector with lazy=false
21:23:01.007 [Test worker] DEBUG org.hibernate.cfg.AbstractPropertyHolder - Attempting to locate auto-apply AttributeConverter for property [domain.Departament:idDirector]
21:23:01.007 [Test worker] DEBUG org.hibernate.cfg.annotations.SimpleValueBinder - building SimpleValue for idDirector
21:23:01.007 [Test worker] DEBUG org.hibernate.cfg.annotations.PropertyBinder - Building property idDirector
21:23:01.007 [Test worker] DEBUG org.hibernate.cfg.AnnotationBinder - Binding entity from annotated class: domain.Functie
21:23:01.007 [Test worker] DEBUG org.hibernate.cfg.Ejb3Column - Binding column: Ejb3DiscriminatorColumn{logicalColumnName'DTYPE', discriminatorTypeName='string'}
21:23:01.007 [Test worker] DEBUG org.hibernate.cfg.annotations.EntityBinder - Import with entity name Functie
21:23:01.007 [Test worker] DEBUG org.hibernate.cfg.annotations.EntityBinder - Bind entity domain.Functie on table functii
21:23:01.007 [Test worker] DEBUG org.hibernate.cfg.Ejb3Column - Binding column: Ejb3Column{table=org.hibernate.mapping.Table(functii), mappingColumn=id, insertable=true, updatable=true, unique=false}
21:23:01.007 [Test worker] DEBUG org.hibernate.boot.internal.ClassLoaderAccessImpl - Not known whether passed class name [domain.Functie] is safe
21:23:01.007 [Test worker] DEBUG org.hibernate.boot.internal.ClassLoaderAccessImpl - No temp ClassLoader provided; using live ClassLoader for loading potentially unsafe class : domain.Functie
21:23:01.007 [Test worker] DEBUG org.hibernate.cfg.annotations.PropertyBinder - MetadataSourceProcessor property id with lazy=false
21:23:01.007 [Test worker] DEBUG org.hibernate.cfg.AbstractPropertyHolder - Attempting to locate auto-apply AttributeConverter for property [domain.Functie:id]
21:23:01.007 [Test worker] DEBUG org.hibernate.cfg.annotations.SimpleValueBinder - building SimpleValue for id
21:23:01.007 [Test worker] DEBUG org.hibernate.cfg.annotations.PropertyBinder - Building property id
21:23:01.007 [Test worker] DEBUG org.hibernate.cfg.BinderHelper - #makeIdGenerator(org.hibernate.mapping.SimpleValue([org.hibernate.mapping.Column(id)]), id, identity, , ...)
21:23:01.007 [Test worker] DEBUG org.hibernate.cfg.Ejb3Column - Binding column: Ejb3Column{table=org.hibernate.mapping.Table(functii), mappingColumn=salar_de_baza, insertable=true, updatable=true, unique=false}
21:23:01.007 [Test worker] DEBUG org.hibernate.cfg.annotations.PropertyBinder - MetadataSourceProcessor property salarDeBaza with lazy=false
21:23:01.007 [Test worker] DEBUG org.hibernate.cfg.AbstractPropertyHolder - Attempting to locate auto-apply AttributeConverter for property [domain.Functie:salarDeBaza]
21:23:01.007 [Test worker] DEBUG org.hibernate.cfg.annotations.SimpleValueBinder - building SimpleValue for salarDeBaza
21:23:01.007 [Test worker] DEBUG org.hibernate.cfg.annotations.PropertyBinder - Building property salarDeBaza
21:23:01.007 [Test worker] DEBUG org.hibernate.cfg.AnnotationBinder - Binding entity from annotated class: domain.Proiect
21:23:01.007 [Test worker] DEBUG org.hibernate.cfg.Ejb3Column - Binding column: Ejb3DiscriminatorColumn{logicalColumnName'DTYPE', discriminatorTypeName='string'}
21:23:01.007 [Test worker] DEBUG org.hibernate.cfg.annotations.EntityBinder - Import with entity name Proiect
21:23:01.007 [Test worker] DEBUG org.hibernate.cfg.annotations.EntityBinder - Bind entity domain.Proiect on table proiecte
21:23:01.007 [Test worker] DEBUG org.hibernate.cfg.Ejb3Column - Binding column: Ejb3Column{table=org.hibernate.mapping.Table(proiecte), mappingColumn=id, insertable=true, updatable=true, unique=false}
21:23:01.007 [Test worker] DEBUG org.hibernate.boot.internal.ClassLoaderAccessImpl - Not known whether passed class name [domain.Proiect] is safe
21:23:01.007 [Test worker] DEBUG org.hibernate.boot.internal.ClassLoaderAccessImpl - No temp ClassLoader provided; using live ClassLoader for loading potentially unsafe class : domain.Proiect
21:23:01.007 [Test worker] DEBUG org.hibernate.cfg.annotations.PropertyBinder - MetadataSourceProcessor property id with lazy=false
21:23:01.007 [Test worker] DEBUG org.hibernate.cfg.AbstractPropertyHolder - Attempting to locate auto-apply AttributeConverter for property [domain.Proiect:id]
21:23:01.007 [Test worker] DEBUG org.hibernate.cfg.annotations.SimpleValueBinder - building SimpleValue for id
21:23:01.007 [Test worker] DEBUG org.hibernate.cfg.annotations.PropertyBinder - Building property id
21:23:01.007 [Test worker] DEBUG org.hibernate.cfg.BinderHelper - #makeIdGenerator(org.hibernate.mapping.SimpleValue([org.hibernate.mapping.Column(id)]), id, identity, , ...)
21:23:01.007 [Test worker] DEBUG org.hibernate.cfg.Ejb3Column - Binding column: Ejb3Column{table=org.hibernate.mapping.Table(proiecte), mappingColumn=data_inceput, insertable=true, updatable=true, unique=false}
21:23:01.007 [Test worker] DEBUG org.hibernate.cfg.annotations.PropertyBinder - MetadataSourceProcessor property dataInceput with lazy=false
21:23:01.007 [Test worker] DEBUG org.hibernate.cfg.AbstractPropertyHolder - Attempting to locate auto-apply AttributeConverter for property [domain.Proiect:dataInceput]
21:23:01.007 [Test worker] DEBUG org.hibernate.cfg.annotations.SimpleValueBinder - building SimpleValue for dataInceput
21:23:01.007 [Test worker] DEBUG org.hibernate.cfg.annotations.PropertyBinder - Building property dataInceput
21:23:01.007 [Test worker] DEBUG org.hibernate.cfg.Ejb3Column - Binding column: Ejb3Column{table=org.hibernate.mapping.Table(proiecte), mappingColumn=deadline, insertable=true, updatable=true, unique=false}
21:23:01.007 [Test worker] DEBUG org.hibernate.cfg.annotations.PropertyBinder - MetadataSourceProcessor property deadline with lazy=false
21:23:01.007 [Test worker] DEBUG org.hibernate.cfg.AbstractPropertyHolder - Attempting to locate auto-apply AttributeConverter for property [domain.Proiect:deadline]
21:23:01.007 [Test worker] DEBUG org.hibernate.cfg.annotations.SimpleValueBinder - building SimpleValue for deadline
21:23:01.007 [Test worker] DEBUG org.hibernate.cfg.annotations.PropertyBinder - Building property deadline
21:23:01.007 [Test worker] DEBUG org.hibernate.cfg.annotations.SimpleValueBinder - Starting fillSimpleValue for id
21:23:01.007 [Test worker] DEBUG org.hibernate.cfg.annotations.SimpleValueBinder - Starting fillSimpleValue for dataAngajare
21:23:01.007 [Test worker] DEBUG org.hibernate.cfg.annotations.SimpleValueBinder - Starting fillSimpleValue for idSuperior
21:23:01.007 [Test worker] DEBUG org.hibernate.cfg.annotations.SimpleValueBinder - Starting fillSimpleValue for id
21:23:01.007 [Test worker] DEBUG org.hibernate.cfg.annotations.SimpleValueBinder - Starting fillSimpleValue for dataInceput
21:23:01.007 [Test worker] DEBUG org.hibernate.cfg.annotations.SimpleValueBinder - Starting fillSimpleValue for dataSfarsit
21:23:01.007 [Test worker] DEBUG org.hibernate.cfg.annotations.SimpleValueBinder - Starting fillSimpleValue for id
21:23:01.007 [Test worker] DEBUG org.hibernate.cfg.annotations.SimpleValueBinder - Starting fillSimpleValue for idDirector
21:23:01.007 [Test worker] DEBUG org.hibernate.cfg.annotations.SimpleValueBinder - Starting fillSimpleValue for id
21:23:01.007 [Test worker] DEBUG org.hibernate.cfg.annotations.SimpleValueBinder - Starting fillSimpleValue for salarDeBaza
21:23:01.007 [Test worker] DEBUG org.hibernate.cfg.annotations.SimpleValueBinder - Starting fillSimpleValue for id
21:23:01.007 [Test worker] DEBUG org.hibernate.cfg.annotations.SimpleValueBinder - Starting fillSimpleValue for dataInceput
21:23:01.007 [Test worker] DEBUG org.hibernate.cfg.annotations.SimpleValueBinder - Starting fillSimpleValue for deadline
21:23:01.007 [Test worker] DEBUG org.hibernate.mapping.PrimaryKey - Forcing column [id] to be non-null as it is part of the primary key for table [angajati]
21:23:01.007 [Test worker] DEBUG org.hibernate.mapping.PrimaryKey - Forcing column [id] to be non-null as it is part of the primary key for table [concedii]
21:23:01.007 [Test worker] DEBUG org.hibernate.mapping.PrimaryKey - Forcing column [id] to be non-null as it is part of the primary key for table [departamente]
21:23:01.007 [Test worker] DEBUG org.hibernate.mapping.PrimaryKey - Forcing column [id] to be non-null as it is part of the primary key for table [functii]
21:23:01.007 [Test worker] DEBUG org.hibernate.mapping.PrimaryKey - Forcing column [id] to be non-null as it is part of the primary key for table [proiecte]
21:23:01.007 [Test worker] DEBUG org.hibernate.cfg.CollectionSecondPass - Second pass for collection: domain.Angajat.proiecte
21:23:01.007 [Test worker] DEBUG org.hibernate.cfg.annotations.CollectionBinder - Binding as ManyToMany: domain.Angajat.proiecte
21:23:01.007 [Test worker] DEBUG org.hibernate.mapping.PrimaryKey - Forcing column [id_angajat] to be non-null as it is part of the primary key for table [angajati_proiecte]
21:23:01.007 [Test worker] DEBUG org.hibernate.mapping.PrimaryKey - Forcing column [id_proiect] to be non-null as it is part of the primary key for table [angajati_proiecte]
21:23:01.007 [Test worker] DEBUG org.hibernate.cfg.CollectionSecondPass - Mapped collection key: id_angajat, element: id_proiect
21:23:01.007 [Test worker] DEBUG org.hibernate.cfg.CollectionSecondPass - Second pass for collection: domain.Angajat.departamente
21:23:01.007 [Test worker] DEBUG org.hibernate.cfg.annotations.CollectionBinder - Binding as ManyToMany: domain.Angajat.departamente
21:23:01.007 [Test worker] DEBUG org.hibernate.mapping.PrimaryKey - Forcing column [id_angajat] to be non-null as it is part of the primary key for table [angajati_departamente]
21:23:01.007 [Test worker] DEBUG org.hibernate.mapping.PrimaryKey - Forcing column [id_departament] to be non-null as it is part of the primary key for table [angajati_departamente]
21:23:01.007 [Test worker] DEBUG org.hibernate.cfg.CollectionSecondPass - Mapped collection key: id_angajat, element: id_departament
21:23:01.007 [Test worker] DEBUG org.hibernate.cfg.CollectionSecondPass - Second pass for collection: domain.Angajat.concedii
21:23:01.007 [Test worker] DEBUG org.hibernate.cfg.annotations.CollectionBinder - Binding a OneToMany: domain.Angajat.concedii through a foreign key
21:23:01.007 [Test worker] DEBUG org.hibernate.cfg.annotations.CollectionBinder - Mapping collection: domain.Angajat.concedii -> concedii
21:23:01.007 [Test worker] DEBUG org.hibernate.cfg.annotations.TableBinder - Retrieving property domain.Concediu.angajat
21:23:01.007 [Test worker] DEBUG org.hibernate.cfg.CollectionSecondPass - Mapped collection key: id_angajat, one-to-many: domain.Concediu
21:23:01.007 [Test worker] DEBUG org.hibernate.boot.internal.InFlightMetadataCollectorImpl - Resolving reference to class: domain.Functie
21:23:01.007 [Test worker] DEBUG org.hibernate.boot.internal.InFlightMetadataCollectorImpl - Resolving reference to class: domain.Departament
21:23:01.007 [Test worker] DEBUG org.hibernate.boot.internal.InFlightMetadataCollectorImpl - Resolving reference to class: domain.Angajat
21:23:01.007 [Test worker] DEBUG org.hibernate.boot.internal.InFlightMetadataCollectorImpl - Resolving reference to class: domain.Proiect
21:23:01.007 [Test worker] DEBUG org.hibernate.boot.internal.InFlightMetadataCollectorImpl - Resolving reference to class: domain.Angajat
21:23:01.007 [Test worker] DEBUG org.hibernate.boot.internal.InFlightMetadataCollectorImpl - Resolving reference to class: domain.Angajat
21:23:01.022 [Test worker] DEBUG org.hibernate.boot.internal.InFlightMetadataCollectorImpl - Resolving reference to class: domain.Functie
21:23:01.022 [Test worker] DEBUG org.hibernate.boot.internal.InFlightMetadataCollectorImpl - Resolving reference to class: domain.Departament
21:23:01.022 [Test worker] DEBUG org.hibernate.boot.internal.InFlightMetadataCollectorImpl - Resolving reference to class: domain.Angajat
21:23:01.022 [Test worker] DEBUG org.hibernate.boot.internal.InFlightMetadataCollectorImpl - Resolving reference to class: domain.Proiect
21:23:01.022 [Test worker] DEBUG org.hibernate.boot.internal.InFlightMetadataCollectorImpl - Resolving reference to class: domain.Angajat
21:23:01.022 [Test worker] DEBUG org.hibernate.boot.internal.InFlightMetadataCollectorImpl - Resolving reference to class: domain.Angajat
21:23:01.022 [Test worker] DEBUG org.hibernate.internal.SessionFactoryImpl - Building session factory
21:23:01.022 [Test worker] DEBUG org.hibernate.cfg.Settings - SessionFactory name : null
21:23:01.022 [Test worker] DEBUG org.hibernate.cfg.Settings - Automatic flush during beforeCompletion(): enabled
21:23:01.022 [Test worker] DEBUG org.hibernate.cfg.Settings - Automatic session close at end of transaction: disabled
21:23:01.022 [Test worker] DEBUG org.hibernate.cfg.Settings - Statistics: disabled
21:23:01.022 [Test worker] DEBUG org.hibernate.cfg.Settings - Deleted entity synthetic identifier rollback: disabled
21:23:01.022 [Test worker] DEBUG org.hibernate.cfg.Settings - Default entity-mode: pojo
21:23:01.022 [Test worker] DEBUG org.hibernate.cfg.Settings - Check Nullability in Core (should be disabled when Bean Validation is on): enabled
21:23:01.022 [Test worker] DEBUG org.hibernate.cfg.Settings - Allow initialization of lazy state outside session : enabled
21:23:01.022 [Test worker] DEBUG org.hibernate.cfg.Settings - Using BatchFetchStyle : LEGACY
21:23:01.022 [Test worker] DEBUG org.hibernate.cfg.Settings - Default batch fetch size: -1
21:23:01.022 [Test worker] DEBUG org.hibernate.cfg.Settings - Maximum outer join fetch depth: null
21:23:01.022 [Test worker] DEBUG org.hibernate.cfg.Settings - Default null ordering: NONE
21:23:01.022 [Test worker] DEBUG org.hibernate.cfg.Settings - Order SQL updates by primary key: disabled
21:23:01.022 [Test worker] DEBUG org.hibernate.cfg.Settings - Order SQL inserts for batching: disabled
21:23:01.022 [Test worker] DEBUG org.hibernate.cfg.Settings - multi-tenancy strategy : NONE
21:23:01.022 [Test worker] DEBUG org.hibernate.cfg.Settings - JTA Track by Thread: enabled
21:23:01.022 [Test worker] DEBUG org.hibernate.cfg.Settings - Query language substitutions: {}
21:23:01.022 [Test worker] DEBUG org.hibernate.cfg.Settings - Named query checking : enabled
21:23:01.022 [Test worker] DEBUG org.hibernate.cfg.Settings - Second-level cache: disabled
21:23:01.022 [Test worker] DEBUG org.hibernate.cfg.Settings - Second-level query cache: disabled
21:23:01.022 [Test worker] DEBUG org.hibernate.cfg.Settings - Second-level query cache factory: null
21:23:01.022 [Test worker] DEBUG org.hibernate.cfg.Settings - Second-level cache region prefix: null
21:23:01.022 [Test worker] DEBUG org.hibernate.cfg.Settings - Optimize second-level cache for minimal puts: disabled
21:23:01.022 [Test worker] DEBUG org.hibernate.cfg.Settings - Structured second-level cache entries: disabled
21:23:01.022 [Test worker] DEBUG org.hibernate.cfg.Settings - Second-level cache direct-reference entries: disabled
21:23:01.022 [Test worker] DEBUG org.hibernate.cfg.Settings - Automatic eviction of collection cache: disabled
21:23:01.022 [Test worker] DEBUG org.hibernate.cfg.Settings - JDBC batch size: 0
21:23:01.022 [Test worker] DEBUG org.hibernate.cfg.Settings - JDBC batch updates for versioned data: enabled
21:23:01.022 [Test worker] DEBUG org.hibernate.cfg.Settings - Scrollable result sets: disabled
21:23:01.022 [Test worker] DEBUG org.hibernate.cfg.Settings - Wrap result sets: disabled
21:23:01.022 [Test worker] DEBUG org.hibernate.cfg.Settings - JDBC3 getGeneratedKeys(): enabled
21:23:01.022 [Test worker] DEBUG org.hibernate.cfg.Settings - JDBC result set fetch size: null
21:23:01.022 [Test worker] DEBUG org.hibernate.cfg.Settings - Connection release mode: AFTER_TRANSACTION
21:23:01.022 [Test worker] DEBUG org.hibernate.cfg.Settings - Generate SQL with comments: disabled
21:23:01.022 [Test worker] DEBUG org.hibernate.cfg.Settings - JPA compliance - query : disabled
21:23:01.022 [Test worker] DEBUG org.hibernate.cfg.Settings - JPA compliance - closed-handling : disabled
21:23:01.022 [Test worker] DEBUG org.hibernate.cfg.Settings - JPA compliance - lists : disabled
21:23:01.022 [Test worker] DEBUG org.hibernate.cfg.Settings - JPA compliance - transactions : disabled
21:23:01.022 [Test worker] DEBUG org.hibernate.internal.SessionFactoryImpl - Session factory constructed with filter configurations : {}
21:23:01.022 [Test worker] DEBUG org.hibernate.internal.SessionFactoryImpl - Instantiating session factory with properties: {sun.desktop=windows, awt.toolkit=sun.awt.windows.WToolkit, dialect=utils.SQLiteDialect, java.specification.version=11, sun.cpu.isalist=amd64, sun.jnu.encoding=Cp1250, hibernate.dialect=utils.SQLiteDialect, org.gradle.test.worker=3, java.class.path=C:\\Users\\Dan\\.gradle\\caches\\6.8\\workerMain\\gradle-worker.jar;D:\\Facultate\\Projects\\OrganizareCompanie\\build\\classes\\java\\test;D:\\Facultate\\Projects\\OrganizareCompanie\\build\\resources\\test;D:\\Facultate\\Projects\\OrganizareCompanie\\build\\classes\\java\\main;D:\\Facultate\\Projects\\OrganizareCompanie\\build\\resources\\main;C:\\Users\\Dan\\.gradle\\caches\\modules-2\\files-2.1\\org.springframework.boot\\spring-boot-starter-web\\2.4.3\\4f5554ea183af87e52d8c31bb82aada0d74c40b0\\spring-boot-starter-web-2.4.3.jar;C:\\Users\\Dan\\.gradle\\caches\\modules-2\\files-2.1\\org.xerial\\sqlite-jdbc\\3.34.0\\fd29bb0124e3f79c80b2753162a6a3873c240bcf\\sqlite-jdbc-3.34.0.jar;C:\\Users\\Dan\\.gradle\\caches\\modules-2\\files-2.1\\org.hibernate\\hibernate-java8\\5.1.0.Final\\2bb534acab4f8485a821f0e4d6a2c8df617ee86a\\hibernate-java8-5.1.0.Final.jar;C:\\Users\\Dan\\.gradle\\caches\\modules-2\\files-2.1\\org.hibernate\\hibernate-core\\5.4.29.Final\\74b7c9ad3cb57ae4fd0187480a76f137a7fc3f38\\hibernate-core-5.4.29.Final.jar;C:\\Users\\Dan\\.gradle\\caches\\modules-2\\files-2.1\\org.junit.platform\\junit-platform-engine\\1.7.0\\eadb73c5074a4ac71061defd00fc176152a4d12c\\junit-platform-engine-1.7.0.jar;C:\\Users\\Dan\\.gradle\\caches\\modules-2\\files-2.1\\org.junit.platform\\junit-platform-commons\\1.7.0\\84e309fbf21d857aac079a3c1fffd84284e1114d\\junit-platform-commons-1.7.0.jar;C:\\Users\\Dan\\.gradle\\caches\\modules-2\\files-2.1\\org.junit.jupiter\\junit-jupiter-engine\\5.7.0\\d9044d6b45e2232ddd53fa56c15333e43d1749fd\\junit-jupiter-engine-5.7.0.jar;C:\\Users\\Dan\\.gradle\\caches\\modules-2\\files-2.1\\org.junit.jupiter\\junit-jupiter-api\\5.7.0\\b25f3815c4c1860a73041e733a14a0379d00c4d5\\junit-jupiter-api-5.7.0.jar;C:\\Users\\Dan\\.gradle\\caches\\modules-2\\files-2.1\\org.springframework.boot\\spring-boot-starter-json\\2.4.3\\7b26abb0a0379a00b58a2a50e010b29cf4f16b80\\spring-boot-starter-json-2.4.3.jar;C:\\Users\\Dan\\.gradle\\caches\\modules-2\\files-2.1\\org.springframework.boot\\spring-boot-starter\\2.4.3\\fd8bc0fb5f5aaefb4d6c8b77eb61563aab840c11\\spring-boot-starter-2.4.3.jar;C:\\Users\\Dan\\.gradle\\caches\\modules-2\\files-2.1\\org.springframework.boot\\spring-boot-starter-tomcat\\2.4.3\\4ba28aae05a259625e7e92f8e7338c5e1d22de35\\spring-boot-starter-tomcat-2.4.3.jar;C:\\Users\\Dan\\.gradle\\caches\\modules-2\\files-2.1\\org.springframework\\spring-webmvc\\5.3.4\\8dd52fbe8eafcc7c80998087ec6635baf7a98c20\\spring-webmvc-5.3.4.jar;C:\\Users\\Dan\\.gradle\\caches\\modules-2\\files-2.1\\org.springframework\\spring-web\\5.3.4\\d93829e24a50ed22e781f2302680a210cac5ee84\\spring-web-5.3.4.jar;C:\\Users\\Dan\\.gradle\\caches\\modules-2\\files-2.1\\org.hibernate.common\\hibernate-commons-annotations\\5.1.2.Final\\e59ffdbc6ad09eeb33507b39ffcf287679a498c8\\hibernate-commons-annotations-5.1.2.Final.jar;C:\\Users\\Dan\\.gradle\\caches\\modules-2\\files-2.1\\org.jboss.logging\\jboss-logging\\3.4.1.Final\\40fd4d696c55793e996d1ff3c475833f836c2498\\jboss-logging-3.4.1.Final.jar;C:\\Users\\Dan\\.gradle\\caches\\modules-2\\files-2.1\\javax.persistence\\javax.persistence-api\\2.2\\25665ac8c0b62f50e6488173233239120fc52c96\\javax.persistence-api-2.2.jar;C:\\Users\\Dan\\.gradle\\caches\\modules-2\\files-2.1\\org.javassist\\javassist\\3.27.0-GA\\f63e6aa899e15eca8fdaa402a79af4c417252213\\javassist-3.27.0-GA.jar;C:\\Users\\Dan\\.gradle\\caches\\modules-2\\files-2.1\\net.bytebuddy\\byte-buddy\\1.10.21\\5abe8e141cac9d50a721a22d9c188b3bf19ad0aa\\byte-buddy-1.10.21.jar;C:\\Users\\Dan\\.gradle\\caches\\modules-2\\files-2.1\\antlr\\antlr\\2.7.7\\83cd2cd674a217ade95a4bb83a8a14f351f48bd0\\antlr-2.7.7.jar;C:\\Users\\Dan\\.gradle\\caches\\modules-2\\files-2.1\\org.jboss.spec.javax.transaction\\jboss-transaction-api_1.2_spec\\1.1.1.Final\\a8485cab9484dda36e9a8c319e76b5cc18797b58\\jboss-transaction-api_1.2_spec-1.1.1.Final.jar;C:\\Users\\Dan\\.gradle\\caches\\modules-2\\files-2.1\\org.jboss\\jandex\\2.2.3.Final\\d3865101f0666b63586683bd811d754517f331ab\\jandex-2.2.3.Final.jar;C:\\Users\\Dan\\.gradle\\caches\\modules-2\\files-2.1\\com.fasterxml\\classmate\\1.5.1\\3fe0bed568c62df5e89f4f174c101eab25345b6c\\classmate-1.5.1.jar;C:\\Users\\Dan\\.gradle\\caches\\modules-2\\files-2.1\\org.glassfish.jaxb\\jaxb-runtime\\2.3.1\\dd6dda9da676a54c5b36ca2806ff95ee017d8738\\jaxb-runtime-2.3.1.jar;C:\\Users\\Dan\\.gradle\\caches\\modules-2\\files-2.1\\javax.xml.bind\\jaxb-api\\2.3.1\\8531ad5ac454cc2deb9d4d32c40c4d7451939b5d\\jaxb-api-2.3.1.jar;C:\\Users\\Dan\\.gradle\\caches\\modules-2\\files-2.1\\javax.activation\\javax.activation-api\\1.2.0\\85262acf3ca9816f9537ca47d5adeabaead7cb16\\javax.activation-api-1.2.0.jar;C:\\Users\\Dan\\.gradle\\caches\\modules-2\\files-2.1\\org.dom4j\\dom4j\\2.1.3\\a75914155a9f5808963170ec20653668a2ffd2fd\\dom4j-2.1.3.jar;C:\\Users\\Dan\\.gradle\\caches\\modules-2\\files-2.1\\org.apiguardian\\apiguardian-api\\1.1.0\\fc9dff4bb36d627bdc553de77e1f17efd790876c\\apiguardian-api-1.1.0.jar;C:\\Users\\Dan\\.gradle\\caches\\modules-2\\files-2.1\\org.opentest4j\\opentest4j\\1.2.0\\28c11eb91f9b6d8e200631d46e20a7f407f2a046\\opentest4j-1.2.0.jar;C:\\Users\\Dan\\.gradle\\caches\\modules-2\\files-2.1\\org.springframework.boot\\spring-boot-autoconfigure\\2.4.3\\2f8e1e682e55f70c8ea557982c7adb1256f41bcf\\spring-boot-autoconfigure-2.4.3.jar;C:\\Users\\Dan\\.gradle\\caches\\modules-2\\files-2.1\\org.springframework.boot\\spring-boot\\2.4.3\\de2bd17a8eb9bc3dfa629aa06f2e9fe3bf603c85\\spring-boot-2.4.3.jar;C:\\Users\\Dan\\.gradle\\caches\\modules-2\\files-2.1\\org.springframework.boot\\spring-boot-starter-logging\\2.4.3\\64687abc2255d18cd6592cbb20fa3bee3379cec8\\spring-boot-starter-logging-2.4.3.jar;C:\\Users\\Dan\\.gradle\\caches\\modules-2\\files-2.1\\jakarta.annotation\\jakarta.annotation-api\\1.3.5\\59eb84ee0d616332ff44aba065f3888cf002cd2d\\jakarta.annotation-api-1.3.5.jar;C:\\Users\\Dan\\.gradle\\caches\\modules-2\\files-2.1\\org.springframework\\spring-context\\5.3.4\\fbeadeb0e4d272599a938ec345e99e5f9a76e919\\spring-context-5.3.4.jar;C:\\Users\\Dan\\.gradle\\caches\\modules-2\\files-2.1\\org.springframework\\spring-aop\\5.3.4\\b7180a6427ab524bc1cbd31bf38dd2182632515f\\spring-aop-5.3.4.jar;C:\\Users\\Dan\\.gradle\\caches\\modules-2\\files-2.1\\org.springframework\\spring-beans\\5.3.4\\ac6c5ea0ba82f555405f74104cf378f8071c6d25\\spring-beans-5.3.4.jar;C:\\Users\\Dan\\.gradle\\caches\\modules-2\\files-2.1\\org.springframework\\spring-expression\\5.3.4\\42b71fa955e43a86471509aef14cefe756fc3794\\spring-expression-5.3.4.jar;C:\\Users\\Dan\\.gradle\\caches\\modules-2\\files-2.1\\org.springframework\\spring-core\\5.3.4\\46c1f8abd9e02a292c42a257350f365cec152b5d\\spring-core-5.3.4.jar;C:\\Users\\Dan\\.gradle\\caches\\modules-2\\files-2.1\\org.yaml\\snakeyaml\\1.27\\359d62567480b07a679dc643f82fc926b100eed5\\snakeyaml-1.27.jar;C:\\Users\\Dan\\.gradle\\caches\\modules-2\\files-2.1\\com.fasterxml.jackson.datatype\\jackson-datatype-jdk8\\2.11.4\\e1540dea3c6c681ea4e335a960f730861ee3bedb\\jackson-datatype-jdk8-2.11.4.jar;C:\\Users\\Dan\\.gradle\\caches\\modules-2\\files-2.1\\com.fasterxml.jackson.datatype\\jackson-datatype-jsr310\\2.11.4\\ce6fc76bba06623720e5a9308386b6ae74753f4d\\jackson-datatype-jsr310-2.11.4.jar;C:\\Users\\Dan\\.gradle\\caches\\modules-2\\files-2.1\\com.fasterxml.jackson.module\\jackson-module-parameter-names\\2.11.4\\432e050d79f2282a66c320375d628f1b0842cb12\\jackson-module-parameter-names-2.11.4.jar;C:\\Users\\Dan\\.gradle\\caches\\modules-2\\files-2.1\\com.fasterxml.jackson.core\\jackson-databind\\2.11.4\\5d9f3d441f99d721b957e3497f0a6465c764fad4\\jackson-databind-2.11.4.jar;C:\\Users\\Dan\\.gradle\\caches\\modules-2\\files-2.1\\org.apache.tomcat.embed\\tomcat-embed-websocket\\9.0.43\\78232648dde1a5fd5093f0a3999e593d208e2eab\\tomcat-embed-websocket-9.0.43.jar;C:\\Users\\Dan\\.gradle\\caches\\modules-2\\files-2.1\\org.apache.tomcat.embed\\tomcat-embed-core\\9.0.43\\1d102277426bdd5b12f048731a91665bb69347d1\\tomcat-embed-core-9.0.43.jar;C:\\Users\\Dan\\.gradle\\caches\\modules-2\\files-2.1\\org.glassfish\\jakarta.el\\3.0.3\\dab46ee1ee23f7197c13d7c40fce14817c9017df\\jakarta.el-3.0.3.jar;C:\\Users\\Dan\\.gradle\\caches\\modules-2\\files-2.1\\org.glassfish.jaxb\\txw2\\2.3.1\\a09d2c48d3285f206fafbffe0e50619284e92126\\txw2-2.3.1.jar;C:\\Users\\Dan\\.gradle\\caches\\modules-2\\files-2.1\\com.sun.istack\\istack-commons-runtime\\3.0.7\\c197c86ceec7318b1284bffb49b54226ca774003\\istack-commons-runtime-3.0.7.jar;C:\\Users\\Dan\\.gradle\\caches\\modules-2\\files-2.1\\org.jvnet.staxex\\stax-ex\\1.8\\8cc35f73da321c29973191f2cf143d29d26a1df7\\stax-ex-1.8.jar;C:\\Users\\Dan\\.gradle\\caches\\modules-2\\files-2.1\\com.sun.xml.fastinfoset\\FastInfoset\\1.2.15\\bb7b7ec0379982b97c62cd17465cb6d9155f68e8\\FastInfoset-1.2.15.jar;C:\\Users\\Dan\\.gradle\\caches\\modules-2\\files-2.1\\ch.qos.logback\\logback-classic\\1.2.3\\7c4f3c474fb2c041d8028740440937705ebb473a\\logback-classic-1.2.3.jar;C:\\Users\\Dan\\.gradle\\caches\\modules-2\\files-2.1\\org.apache.logging.log4j\\log4j-to-slf4j\\2.13.3\\966f6fd1af4959d6b12bfa880121d4a2b164f857\\log4j-to-slf4j-2.13.3.jar;C:\\Users\\Dan\\.gradle\\caches\\modules-2\\files-2.1\\org.slf4j\\jul-to-slf4j\\1.7.30\\d58bebff8cbf70ff52b59208586095f467656c30\\jul-to-slf4j-1.7.30.jar;C:\\Users\\Dan\\.gradle\\caches\\modules-2\\files-2.1\\org.springframework\\spring-jcl\\5.3.4\\ca012eb4e9e57f767aa9d5e51fe9a09b28140808\\spring-jcl-5.3.4.jar;C:\\Users\\Dan\\.gradle\\caches\\modules-2\\files-2.1\\com.fasterxml.jackson.core\\jackson-annotations\\2.11.4\\2c3f5c079330f3a01726686a078979420f547ae4\\jackson-annotations-2.11.4.jar;C:\\Users\\Dan\\.gradle\\caches\\modules-2\\files-2.1\\com.fasterxml.jackson.core\\jackson-core\\2.11.4\\593f7b18bab07a76767f181e2a2336135ce82cc4\\jackson-core-2.11.4.jar;C:\\Users\\Dan\\.gradle\\caches\\modules-2\\files-2.1\\ch.qos.logback\\logback-core\\1.2.3\\864344400c3d4d92dfeb0a305dc87d953677c03c\\logback-core-1.2.3.jar;C:\\Users\\Dan\\.gradle\\caches\\modules-2\\files-2.1\\org.slf4j\\slf4j-api\\1.7.30\\b5a4b6d16ab13e34a88fae84c35cd5d68cac922c\\slf4j-api-1.7.30.jar;C:\\Users\\Dan\\.gradle\\caches\\modules-2\\files-2.1\\org.apache.logging.log4j\\log4j-api\\2.13.3\\ec1508160b93d274b1add34419b897bae84c6ca9\\log4j-api-2.13.3.jar, java.vm.vendor=Oracle Corporation, sun.arch.data.model=64, user.variant=, java.vendor.url=http://java.oracle.com/, user.timezone=Europe/Athens, os.name=Windows 10, java.vm.specification.version=11, user.country=US, sun.java.launcher=SUN_STANDARD, sun.boot.library.path=C:\Program Files\Java\jdk-11.0.6\bin, sun.java.command=worker.org.gradle.process.internal.worker.GradleWorkerMain 'Gradle Test Executor 3', jdk.debug=release, sun.cpu.endian=little, user.home=C:\Users\Dan, user.language=en, java.specification.vendor=Oracle Corporation, org.gradle.native=false, java.version.date=2020-01-14, java.home=C:\Program Files\Java\jdk-11.0.6, file.separator=\, java.vm.compressedOopsMode=32-bit, line.separator=
, java.specification.name=Java Platform API Specification, java.vm.specification.vendor=Oracle Corporation, java.awt.graphicsenv=sun.awt.Win32GraphicsEnvironment, hibernate.hbm2ddl.auto=update, user.script=, sun.management.compiler=HotSpot 64-Bit Tiered Compilers, java.runtime.version=11.0.6+8-LTS, user.name=Dan, path.separator=;, hibernate.connection.username=****, os.version=10.0, hibernate.enable_lazy_load_no_trans=true, java.runtime.name=Java(TM) SE Runtime Environment, hibernate.connection.url=jdbc:sqlite:D:\Facultate\Projects\OrganizareCompanie\database, file.encoding=windows-1250, java.vm.name=Java HotSpot(TM) 64-Bit Server VM, hibernate.show_sql=true, java.vendor.version=18.9, hibernate.current_session_context_class=thread, hibernate.connection.driver_class=org.sqlite.JDBC, java.vendor.url.bug=http://bugreport.java.com/bugreport/, java.io.tmpdir=C:\Users\Dan\AppData\Local\Temp\, java.version=11.0.6, user.dir=D:\Facultate\Projects\OrganizareCompanie, os.arch=amd64, java.vm.specification.name=Java Virtual Machine Specification, java.awt.printerjob=sun.awt.windows.WPrinterJob, hibernate.connection.password=****, sun.os.patch.level=, connection.driver_class=org.sqlite.JDBC, hibernate.boot.CfgXmlAccessService.key=org.hibernate.boot.cfgxml.spi.LoadedConfig@63fe61e1, java.library.path=C:\Program Files\Java\jdk-11.0.6\bin;C:\WINDOWS\Sun\Java\bin;C:\WINDOWS\system32;C:\WINDOWS;;C:\Python38\Scripts\;C:\Python38\;D:\Facultate\Scripts\;D:\Facultate\;C:\Users\Dan\Desktop\Facultate 2018-2019\Semestrul I\Fundamentele programarii\Python\Scripts\;C:\Users\Dan\Desktop\Facultate 2018-2019\Semestrul I\Fundamentele programarii\Python\;C:\Users\Dan\Desktop\Facultate 2018-2019\Semestrul I\Fundamentele programarii\Scripts\;C:\Users\Dan\Desktop\Facultate 2018-2019\Semestrul I\Fundamentele programarii\;C:\WINDOWS\system32;C:\WINDOWS;C:\WINDOWS\System32\Wbem;C:\WINDOWS\System32\WindowsPowerShell\v1.0\;C:\WINDOWS\System32\OpenSSH\;D:\Facultate\PuTTY\;C:\Program Files\dotnet\;C:\Program Files\Microsoft SQL Server\Client SDK\ODBC\170\Tools\Binn\;C:\Users\Dan\Proto\bin;D:\Facultate\NodeJS\;C:\ProgramData\chocolatey\bin;C:\Program Files\Git\cmd;C:\Program Files\Java\jdk-10.0.2\bin;C:\Program Files (x86)\GnuWin32\bin;C:\MinGW\bin;C:\Program Files\Java\jdk-11.0.6\bin;C:\WINDOWS\system32;C:\WINDOWS;C:\WINDOWS\System32\Wbem;C:\WINDOWS\System32\WindowsPowerShell\v1.0\;C:\WINDOWS\System32\OpenSSH\;C:\Program Files\Intel\WiFi\bin\;C:\Program Files\Common Files\Intel\WirelessCommon\;D:\Facultate\Python\Scripts\;D:\Facultate\Python\;C:\Users\Dan\AppData\Local\Microsoft\WindowsApps;C:\Users\Dan\AppData\Local\GitHubDesktop\bin;C:\Users\Dan\AppData\Roaming\npm;D:\Facultate\Microsoft VS Code\bin;C:\Users\Dan\AppData\Local\Microsoft\WindowsApps;C:\Users\Dan\Documents\driver;;., java.vendor=Oracle Corporation, java.vm.info=mixed mode, java.vm.version=11.0.6+8-LTS, hibernate.bytecode.use_reflection_optimizer=false, sun.io.unicode.encoding=UnicodeLittle, hibernate.connection.pool_size=1, connection.url=jdbc:sqlite:D:\Facultate\Projects\OrganizareCompanie\database, java.class.version=55.0}
21:23:01.022 [Test worker] DEBUG org.hibernate.secure.spi.JaccIntegrator - Skipping JACC integration as it was not enabled
21:23:01.022 [Test worker] DEBUG org.hibernate.internal.SessionFactoryImpl - Instantiated session factory
21:23:01.022 [Test worker] DEBUG org.hibernate.type.spi.TypeConfiguration$Scope - Scoping TypeConfiguration [org.hibernate.type.spi.TypeConfiguration@7146ee6e] to SessionFactoryImpl [org.hibernate.internal.SessionFactoryImpl@15aace87]
21:23:01.022 [Test worker] DEBUG org.hibernate.boot.internal.ClassLoaderAccessImpl - Not known whether passed class name [domain.Functie] is safe
21:23:01.022 [Test worker] DEBUG org.hibernate.boot.internal.ClassLoaderAccessImpl - No temp ClassLoader provided; using live ClassLoader for loading potentially unsafe class : domain.Functie
21:23:01.022 [Test worker] DEBUG org.hibernate.boot.internal.ClassLoaderAccessImpl - Not known whether passed class name [domain.Departament] is safe
21:23:01.022 [Test worker] DEBUG org.hibernate.boot.internal.ClassLoaderAccessImpl - No temp ClassLoader provided; using live ClassLoader for loading potentially unsafe class : domain.Departament
21:23:01.022 [Test worker] DEBUG org.hibernate.boot.internal.ClassLoaderAccessImpl - Not known whether passed class name [domain.Angajat] is safe
21:23:01.022 [Test worker] DEBUG org.hibernate.boot.internal.ClassLoaderAccessImpl - No temp ClassLoader provided; using live ClassLoader for loading potentially unsafe class : domain.Angajat
21:23:01.022 [Test worker] DEBUG org.hibernate.boot.internal.ClassLoaderAccessImpl - Not known whether passed class name [domain.Proiect] is safe
21:23:01.022 [Test worker] DEBUG org.hibernate.boot.internal.ClassLoaderAccessImpl - No temp ClassLoader provided; using live ClassLoader for loading potentially unsafe class : domain.Proiect
21:23:01.022 [Test worker] DEBUG org.hibernate.boot.internal.ClassLoaderAccessImpl - Not known whether passed class name [domain.Concediu] is safe
21:23:01.022 [Test worker] DEBUG org.hibernate.boot.internal.ClassLoaderAccessImpl - No temp ClassLoader provided; using live ClassLoader for loading potentially unsafe class : domain.Concediu
21:23:01.022 [Test worker] DEBUG org.hibernate.persister.collection.AbstractCollectionPersister - Static SQL for collection: domain.Angajat.proiecte
21:23:01.022 [Test worker] DEBUG org.hibernate.persister.collection.AbstractCollectionPersister -  Row insert: insert into angajati_proiecte (id_angajat, id_proiect) values (?, ?)
21:23:01.022 [Test worker] DEBUG org.hibernate.persister.collection.AbstractCollectionPersister -  Row update: update angajati_proiecte set id_proiect=? where id_angajat=? and id_proiect=?
21:23:01.022 [Test worker] DEBUG org.hibernate.persister.collection.AbstractCollectionPersister -  Row delete: delete from angajati_proiecte where id_angajat=? and id_proiect=?
21:23:01.022 [Test worker] DEBUG org.hibernate.persister.collection.AbstractCollectionPersister -  One-shot delete: delete from angajati_proiecte where id_angajat=?
21:23:01.038 [Test worker] DEBUG org.hibernate.persister.collection.AbstractCollectionPersister - Static SQL for collection: domain.Angajat.concedii
21:23:01.038 [Test worker] DEBUG org.hibernate.persister.collection.AbstractCollectionPersister -  Row insert: update concedii set id_angajat=? where id=?
21:23:01.038 [Test worker] DEBUG org.hibernate.persister.collection.AbstractCollectionPersister -  Row update: update concedii set  where id=?
21:23:01.038 [Test worker] DEBUG org.hibernate.persister.collection.AbstractCollectionPersister -  Row delete: update concedii set id_angajat=null where id_angajat=? and id=?
21:23:01.038 [Test worker] DEBUG org.hibernate.persister.collection.AbstractCollectionPersister -  One-shot delete: update concedii set id_angajat=null where id_angajat=?
21:23:01.038 [Test worker] DEBUG org.hibernate.persister.collection.AbstractCollectionPersister - Static SQL for collection: domain.Angajat.departamente
21:23:01.038 [Test worker] DEBUG org.hibernate.persister.collection.AbstractCollectionPersister -  Row insert: insert into angajati_departamente (id_angajat, id_departament) values (?, ?)
21:23:01.038 [Test worker] DEBUG org.hibernate.persister.collection.AbstractCollectionPersister -  Row update: update angajati_departamente set id_departament=? where id_angajat=? and id_departament=?
21:23:01.038 [Test worker] DEBUG org.hibernate.persister.collection.AbstractCollectionPersister -  Row delete: delete from angajati_departamente where id_angajat=? and id_departament=?
21:23:01.038 [Test worker] DEBUG org.hibernate.persister.collection.AbstractCollectionPersister -  One-shot delete: delete from angajati_departamente where id_angajat=?
21:23:01.038 [Test worker] DEBUG org.hibernate.persister.entity.AbstractEntityPersister - Static SQL for entity: domain.Functie
21:23:01.038 [Test worker] DEBUG org.hibernate.persister.entity.AbstractEntityPersister -  Version select: select id from functii where id =?
21:23:01.038 [Test worker] DEBUG org.hibernate.persister.entity.AbstractEntityPersister -  Snapshot select: select functie_.id, functie_.salar_de_baza as salar_de2_5_ from functii functie_ where functie_.id=?
21:23:01.038 [Test worker] DEBUG org.hibernate.persister.entity.AbstractEntityPersister -  Insert 0: insert into functii (salar_de_baza, id) values (?, ?)
21:23:01.038 [Test worker] DEBUG org.hibernate.persister.entity.AbstractEntityPersister -  Update 0: update functii set salar_de_baza=? where id=?
21:23:01.038 [Test worker] DEBUG org.hibernate.persister.entity.AbstractEntityPersister -  Delete 0: delete from functii where id=?
21:23:01.038 [Test worker] DEBUG org.hibernate.persister.entity.AbstractEntityPersister -  Identity insert: insert into functii (salar_de_baza) values (?)
21:23:01.038 [Test worker] DEBUG org.hibernate.loader.plan.build.internal.spaces.QuerySpacesImpl - Adding QuerySpace : uid = <gen:0> -> org.hibernate.loader.plan.build.internal.spaces.EntityQuerySpaceImpl@70a21c33]
21:23:01.038 [Test worker] DEBUG org.hibernate.persister.walking.spi.MetamodelGraphWalker - Visiting attribute path : salarDeBaza
21:23:01.038 [Test worker] DEBUG org.hibernate.loader.plan.build.internal.FetchStyleLoadPlanBuildingAssociationVisitationStrategy - Building LoadPlan...
21:23:01.038 [Test worker] DEBUG org.hibernate.loader.plan.exec.internal.LoadQueryJoinAndFetchProcessor - processing queryspace <gen:0>
21:23:01.038 [Test worker] DEBUG org.hibernate.loader.plan.build.spi.LoadPlanTreePrinter - LoadPlan(entity=domain.Functie)
    - Returns
       - EntityReturnImpl(entity=domain.Functie, querySpaceUid=<gen:0>, path=domain.Functie)
    - QuerySpaces
       - EntityQuerySpaceImpl(uid=<gen:0>, entity=domain.Functie)
          - SQL table alias mapping - functie0_
          - alias suffix - 0_
          - suffixed key columns - {id1_5_0_}

21:23:01.038 [Test worker] DEBUG org.hibernate.loader.entity.plan.EntityLoader - Static select for entity domain.Functie [NONE]: select functie0_.id as id1_5_0_, functie0_.salar_de_baza as salar_de2_5_0_ from functii functie0_ where functie0_.id=?
21:23:01.038 [Test worker] DEBUG org.hibernate.persister.entity.AbstractEntityPersister - Static SQL for entity: domain.Departament
21:23:01.038 [Test worker] DEBUG org.hibernate.persister.entity.AbstractEntityPersister -  Version select: select id from departamente where id =?
21:23:01.038 [Test worker] DEBUG org.hibernate.persister.entity.AbstractEntityPersister -  Snapshot select: select departamen_.id, departamen_.id_director as id_direc2_4_ from departamente departamen_ where departamen_.id=?
21:23:01.038 [Test worker] DEBUG org.hibernate.persister.entity.AbstractEntityPersister -  Insert 0: insert into departamente (id_director, id) values (?, ?)
21:23:01.038 [Test worker] DEBUG org.hibernate.persister.entity.AbstractEntityPersister -  Update 0: update departamente set id_director=? where id=?
21:23:01.038 [Test worker] DEBUG org.hibernate.persister.entity.AbstractEntityPersister -  Delete 0: delete from departamente where id=?
21:23:01.038 [Test worker] DEBUG org.hibernate.persister.entity.AbstractEntityPersister -  Identity insert: insert into departamente (id_director) values (?)
21:23:01.038 [Test worker] DEBUG org.hibernate.loader.plan.build.internal.spaces.QuerySpacesImpl - Adding QuerySpace : uid = <gen:0> -> org.hibernate.loader.plan.build.internal.spaces.EntityQuerySpaceImpl@3f82369e]
21:23:01.038 [Test worker] DEBUG org.hibernate.persister.walking.spi.MetamodelGraphWalker - Visiting attribute path : idDirector
21:23:01.038 [Test worker] DEBUG org.hibernate.loader.plan.build.internal.FetchStyleLoadPlanBuildingAssociationVisitationStrategy - Building LoadPlan...
21:23:01.038 [Test worker] DEBUG org.hibernate.loader.plan.exec.internal.LoadQueryJoinAndFetchProcessor - processing queryspace <gen:0>
21:23:01.038 [Test worker] DEBUG org.hibernate.loader.plan.build.spi.LoadPlanTreePrinter - LoadPlan(entity=domain.Departament)
    - Returns
       - EntityReturnImpl(entity=domain.Departament, querySpaceUid=<gen:0>, path=domain.Departament)
    - QuerySpaces
       - EntityQuerySpaceImpl(uid=<gen:0>, entity=domain.Departament)
          - SQL table alias mapping - departamen0_
          - alias suffix - 0_
          - suffixed key columns - {id1_4_0_}

21:23:01.038 [Test worker] DEBUG org.hibernate.loader.entity.plan.EntityLoader - Static select for entity domain.Departament [NONE]: select departamen0_.id as id1_4_0_, departamen0_.id_director as id_direc2_4_0_ from departamente departamen0_ where departamen0_.id=?
21:23:01.038 [Test worker] DEBUG org.hibernate.persister.entity.AbstractEntityPersister - Static SQL for entity: domain.Angajat
21:23:01.038 [Test worker] DEBUG org.hibernate.persister.entity.AbstractEntityPersister -  Version select: select id from angajati where id =?
21:23:01.038 [Test worker] DEBUG org.hibernate.persister.entity.AbstractEntityPersister -  Snapshot select: select angajat_.id, angajat_.data_angajare as data_ang2_0_, angajat_.functie_id as functie_4_0_, angajat_.id_superior as id_super3_0_ from angajati angajat_ where angajat_.id=?
21:23:01.038 [Test worker] DEBUG org.hibernate.persister.entity.AbstractEntityPersister -  Insert 0: insert into angajati (data_angajare, functie_id, id_superior, id) values (?, ?, ?, ?)
21:23:01.038 [Test worker] DEBUG org.hibernate.persister.entity.AbstractEntityPersister -  Update 0: update angajati set data_angajare=?, functie_id=?, id_superior=? where id=?
21:23:01.038 [Test worker] DEBUG org.hibernate.persister.entity.AbstractEntityPersister -  Delete 0: delete from angajati where id=?
21:23:01.038 [Test worker] DEBUG org.hibernate.persister.entity.AbstractEntityPersister -  Identity insert: insert into angajati (data_angajare, functie_id, id_superior) values (?, ?, ?)
21:23:01.038 [Test worker] DEBUG org.hibernate.loader.plan.build.internal.spaces.QuerySpacesImpl - Adding QuerySpace : uid = <gen:0> -> org.hibernate.loader.plan.build.internal.spaces.EntityQuerySpaceImpl@1838bcde]
21:23:01.038 [Test worker] DEBUG org.hibernate.persister.walking.spi.MetamodelGraphWalker - Visiting attribute path : concedii
21:23:01.038 [Test worker] DEBUG org.hibernate.loader.plan.build.internal.spaces.QuerySpacesImpl - Adding QuerySpace : uid = <gen:1> -> org.hibernate.loader.plan.build.internal.spaces.CollectionQuerySpaceImpl@45362605]
21:23:01.038 [Test worker] DEBUG org.hibernate.loader.plan.build.internal.spaces.QuerySpacesImpl - Adding QuerySpace : uid = <gen:2> -> org.hibernate.loader.plan.build.internal.spaces.EntityQuerySpaceImpl@662da2ed]
21:23:01.038 [Test worker] DEBUG org.hibernate.persister.walking.spi.MetamodelGraphWalker - Visiting attribute path : dataAngajare
21:23:01.038 [Test worker] DEBUG org.hibernate.persister.walking.spi.MetamodelGraphWalker - Visiting attribute path : departamente
21:23:01.038 [Test worker] DEBUG org.hibernate.loader.plan.build.internal.spaces.QuerySpacesImpl - Adding QuerySpace : uid = <gen:3> -> org.hibernate.loader.plan.build.internal.spaces.CollectionQuerySpaceImpl@3b2e3cba]
21:23:01.038 [Test worker] DEBUG org.hibernate.loader.plan.build.internal.spaces.QuerySpacesImpl - Adding QuerySpace : uid = <gen:4> -> org.hibernate.loader.plan.build.internal.spaces.EntityQuerySpaceImpl@26c457ec]
21:23:01.038 [Test worker] DEBUG org.hibernate.persister.walking.spi.MetamodelGraphWalker - Visiting attribute path : functie
21:23:01.038 [Test worker] DEBUG org.hibernate.loader.plan.build.internal.spaces.QuerySpacesImpl - Adding QuerySpace : uid = <gen:5> -> org.hibernate.loader.plan.build.internal.spaces.EntityQuerySpaceImpl@52b65b3f]
21:23:01.038 [Test worker] DEBUG org.hibernate.persister.walking.spi.MetamodelGraphWalker - Visiting attribute path : functie.salarDeBaza
21:23:01.038 [Test worker] DEBUG org.hibernate.persister.walking.spi.MetamodelGraphWalker - Visiting attribute path : idSuperior
21:23:01.038 [Test worker] DEBUG org.hibernate.persister.walking.spi.MetamodelGraphWalker - Visiting attribute path : proiecte
21:23:01.038 [Test worker] DEBUG org.hibernate.loader.plan.build.internal.spaces.QuerySpacesImpl - Adding QuerySpace : uid = <gen:6> -> org.hibernate.loader.plan.build.internal.spaces.CollectionQuerySpaceImpl@13868d28]
21:23:01.038 [Test worker] DEBUG org.hibernate.loader.plan.build.internal.spaces.QuerySpacesImpl - Adding QuerySpace : uid = <gen:7> -> org.hibernate.loader.plan.build.internal.spaces.EntityQuerySpaceImpl@17f9d383]
21:23:01.038 [Test worker] DEBUG org.hibernate.loader.plan.build.internal.FetchStyleLoadPlanBuildingAssociationVisitationStrategy - Building LoadPlan...
21:23:01.038 [Test worker] DEBUG org.hibernate.loader.plan.exec.internal.LoadQueryJoinAndFetchProcessor - processing queryspace <gen:0>
21:23:01.038 [Test worker] DEBUG org.hibernate.loader.plan.build.spi.LoadPlanTreePrinter - LoadPlan(entity=domain.Angajat)
    - Returns
       - EntityReturnImpl(entity=domain.Angajat, querySpaceUid=<gen:0>, path=domain.Angajat)
          - CollectionAttributeFetchImpl(collection=domain.Angajat.concedii, querySpaceUid=<gen:1>, path=domain.Angajat.concedii)
             - (collection element) CollectionFetchableElementEntityGraph(entity=domain.Concediu, querySpaceUid=<gen:2>, path=domain.Angajat.concedii.<elements>)
          - CollectionAttributeFetchImpl(collection=domain.Angajat.departamente, querySpaceUid=<gen:3>, path=domain.Angajat.departamente)
             - (collection element) CollectionFetchableElementEntityGraph(entity=domain.Departament, querySpaceUid=<gen:4>, path=domain.Angajat.departamente.<elements>)
          - EntityAttributeFetchImpl(entity=domain.Functie, querySpaceUid=<gen:5>, path=domain.Angajat.functie)
          - CollectionAttributeFetchImpl(collection=domain.Angajat.proiecte, querySpaceUid=<gen:6>, path=domain.Angajat.proiecte)
             - (collection element) CollectionFetchableElementEntityGraph(entity=domain.Proiect, querySpaceUid=<gen:7>, path=domain.Angajat.proiecte.<elements>)
    - QuerySpaces
       - EntityQuerySpaceImpl(uid=<gen:0>, entity=domain.Angajat)
          - SQL table alias mapping - angajat0_
          - alias suffix - 0_
          - suffixed key columns - {id1_0_0_}
          - JOIN (JoinDefinedByMetadata(functie)) : <gen:0> -> <gen:5>
             - EntityQuerySpaceImpl(uid=<gen:5>, entity=domain.Functie)
                - SQL table alias mapping - functie1_
                - alias suffix - 1_
                - suffixed key columns - {id1_5_1_}

21:23:01.038 [Test worker] DEBUG org.hibernate.loader.entity.plan.EntityLoader - Static select for entity domain.Angajat [NONE]: select angajat0_.id as id1_0_0_, angajat0_.data_angajare as data_ang2_0_0_, angajat0_.functie_id as functie_4_0_0_, angajat0_.id_superior as id_super3_0_0_, functie1_.id as id1_5_1_, functie1_.salar_de_baza as salar_de2_5_1_ from angajati angajat0_ left outer join functii functie1_ on angajat0_.functie_id=functie1_.id where angajat0_.id=?
21:23:01.038 [Test worker] DEBUG org.hibernate.persister.entity.AbstractEntityPersister - Static SQL for entity: domain.Proiect
21:23:01.038 [Test worker] DEBUG org.hibernate.persister.entity.AbstractEntityPersister -  Version select: select id from proiecte where id =?
21:23:01.038 [Test worker] DEBUG org.hibernate.persister.entity.AbstractEntityPersister -  Snapshot select: select proiect_.id, proiect_.data_inceput as data_inc2_6_, proiect_.deadline as deadline3_6_ from proiecte proiect_ where proiect_.id=?
21:23:01.038 [Test worker] DEBUG org.hibernate.persister.entity.AbstractEntityPersister -  Insert 0: insert into proiecte (data_inceput, deadline, id) values (?, ?, ?)
21:23:01.038 [Test worker] DEBUG org.hibernate.persister.entity.AbstractEntityPersister -  Update 0: update proiecte set data_inceput=?, deadline=? where id=?
21:23:01.038 [Test worker] DEBUG org.hibernate.persister.entity.AbstractEntityPersister -  Delete 0: delete from proiecte where id=?
21:23:01.038 [Test worker] DEBUG org.hibernate.persister.entity.AbstractEntityPersister -  Identity insert: insert into proiecte (data_inceput, deadline) values (?, ?)
21:23:01.038 [Test worker] DEBUG org.hibernate.loader.plan.build.internal.spaces.QuerySpacesImpl - Adding QuerySpace : uid = <gen:0> -> org.hibernate.loader.plan.build.internal.spaces.EntityQuerySpaceImpl@77760de0]
21:23:01.038 [Test worker] DEBUG org.hibernate.persister.walking.spi.MetamodelGraphWalker - Visiting attribute path : dataInceput
21:23:01.038 [Test worker] DEBUG org.hibernate.persister.walking.spi.MetamodelGraphWalker - Visiting attribute path : deadline
21:23:01.038 [Test worker] DEBUG org.hibernate.loader.plan.build.internal.FetchStyleLoadPlanBuildingAssociationVisitationStrategy - Building LoadPlan...
21:23:01.038 [Test worker] DEBUG org.hibernate.loader.plan.exec.internal.LoadQueryJoinAndFetchProcessor - processing queryspace <gen:0>
21:23:01.038 [Test worker] DEBUG org.hibernate.loader.plan.build.spi.LoadPlanTreePrinter - LoadPlan(entity=domain.Proiect)
    - Returns
       - EntityReturnImpl(entity=domain.Proiect, querySpaceUid=<gen:0>, path=domain.Proiect)
    - QuerySpaces
       - EntityQuerySpaceImpl(uid=<gen:0>, entity=domain.Proiect)
          - SQL table alias mapping - proiect0_
          - alias suffix - 0_
          - suffixed key columns - {id1_6_0_}

21:23:01.038 [Test worker] DEBUG org.hibernate.loader.entity.plan.EntityLoader - Static select for entity domain.Proiect [NONE]: select proiect0_.id as id1_6_0_, proiect0_.data_inceput as data_inc2_6_0_, proiect0_.deadline as deadline3_6_0_ from proiecte proiect0_ where proiect0_.id=?
21:23:01.038 [Test worker] DEBUG org.hibernate.persister.entity.AbstractEntityPersister - Static SQL for entity: domain.Concediu
21:23:01.038 [Test worker] DEBUG org.hibernate.persister.entity.AbstractEntityPersister -  Version select: select id from concedii where id =?
21:23:01.038 [Test worker] DEBUG org.hibernate.persister.entity.AbstractEntityPersister -  Snapshot select: select concediu_.id, concediu_.id_angajat as id_angaj4_3_, concediu_.data_inceput as data_inc2_3_, concediu_.data_sfarsit as data_sfa3_3_ from concedii concediu_ where concediu_.id=?
21:23:01.038 [Test worker] DEBUG org.hibernate.persister.entity.AbstractEntityPersister -  Insert 0: insert into concedii (id_angajat, data_inceput, data_sfarsit, id) values (?, ?, ?, ?)
21:23:01.038 [Test worker] DEBUG org.hibernate.persister.entity.AbstractEntityPersister -  Update 0: update concedii set id_angajat=?, data_inceput=?, data_sfarsit=? where id=?
21:23:01.038 [Test worker] DEBUG org.hibernate.persister.entity.AbstractEntityPersister -  Delete 0: delete from concedii where id=?
21:23:01.038 [Test worker] DEBUG org.hibernate.persister.entity.AbstractEntityPersister -  Identity insert: insert into concedii (id_angajat, data_inceput, data_sfarsit) values (?, ?, ?)
21:23:01.038 [Test worker] DEBUG org.hibernate.loader.plan.build.internal.spaces.QuerySpacesImpl - Adding QuerySpace : uid = <gen:0> -> org.hibernate.loader.plan.build.internal.spaces.EntityQuerySpaceImpl@34d77f07]
21:23:01.038 [Test worker] DEBUG org.hibernate.persister.walking.spi.MetamodelGraphWalker - Visiting attribute path : angajat
21:23:01.038 [Test worker] DEBUG org.hibernate.loader.plan.build.internal.spaces.QuerySpacesImpl - Adding QuerySpace : uid = <gen:1> -> org.hibernate.loader.plan.build.internal.spaces.EntityQuerySpaceImpl@2a35ce85]
21:23:01.038 [Test worker] DEBUG org.hibernate.persister.walking.spi.MetamodelGraphWalker - Visiting attribute path : dataInceput
21:23:01.038 [Test worker] DEBUG org.hibernate.persister.walking.spi.MetamodelGraphWalker - Visiting attribute path : dataSfarsit
21:23:01.038 [Test worker] DEBUG org.hibernate.loader.plan.build.internal.FetchStyleLoadPlanBuildingAssociationVisitationStrategy - Building LoadPlan...
21:23:01.038 [Test worker] DEBUG org.hibernate.loader.plan.exec.internal.LoadQueryJoinAndFetchProcessor - processing queryspace <gen:0>
21:23:01.038 [Test worker] DEBUG org.hibernate.loader.plan.build.spi.LoadPlanTreePrinter - LoadPlan(entity=domain.Concediu)
    - Returns
       - EntityReturnImpl(entity=domain.Concediu, querySpaceUid=<gen:0>, path=domain.Concediu)
          - EntityAttributeFetchImpl(entity=domain.Angajat, querySpaceUid=<gen:1>, path=domain.Concediu.angajat)
    - QuerySpaces
       - EntityQuerySpaceImpl(uid=<gen:0>, entity=domain.Concediu)
          - SQL table alias mapping - concediu0_
          - alias suffix - 0_
          - suffixed key columns - {id1_3_0_}

21:23:01.038 [Test worker] DEBUG org.hibernate.loader.entity.plan.EntityLoader - Static select for entity domain.Concediu [NONE]: select concediu0_.id as id1_3_0_, concediu0_.id_angajat as id_angaj4_3_0_, concediu0_.data_inceput as data_inc2_3_0_, concediu0_.data_sfarsit as data_sfa3_3_0_ from concedii concediu0_ where concediu0_.id=?
21:23:01.038 [Test worker] DEBUG org.hibernate.loader.plan.build.internal.spaces.QuerySpacesImpl - Adding QuerySpace : uid = <gen:0> -> org.hibernate.loader.plan.build.internal.spaces.CollectionQuerySpaceImpl@43bf7f85]
21:23:01.038 [Test worker] DEBUG org.hibernate.loader.plan.build.internal.spaces.QuerySpacesImpl - Adding QuerySpace : uid = <gen:1> -> org.hibernate.loader.plan.build.internal.spaces.EntityQuerySpaceImpl@4c9f0fb2]
21:23:01.038 [Test worker] DEBUG org.hibernate.persister.walking.spi.MetamodelGraphWalker - Visiting attribute path : dataInceput
21:23:01.038 [Test worker] DEBUG org.hibernate.persister.walking.spi.MetamodelGraphWalker - Visiting attribute path : deadline
21:23:01.038 [Test worker] DEBUG org.hibernate.loader.plan.build.internal.FetchStyleLoadPlanBuildingAssociationVisitationStrategy - Building LoadPlan...
21:23:01.038 [Test worker] DEBUG org.hibernate.loader.plan.exec.internal.LoadQueryJoinAndFetchProcessor - processing queryspace <gen:0>
21:23:01.038 [Test worker] DEBUG org.hibernate.loader.plan.build.spi.LoadPlanTreePrinter - LoadPlan(collection=domain.Angajat.proiecte)
    - Returns
       - CollectionReturnImpl(collection=domain.Angajat.proiecte, querySpaceUid=<gen:0>, path=[domain.Angajat.proiecte])
          - (collection element) CollectionFetchableElementEntityGraph(entity=domain.Proiect, querySpaceUid=<gen:1>, path=[domain.Angajat.proiecte].<elements>)
    - QuerySpaces
       - CollectionQuerySpaceImpl(uid=<gen:0>, collection=domain.Angajat.proiecte)
          - SQL table alias mapping - proiecte0_
          - alias suffix - 0_
          - suffixed key columns - {id_angaj1_2_0_}
          - entity-element alias suffix - 1_
          - 1_entity-element suffixed key columns - id1_6_1_
          - JOIN (JoinDefinedByMetadata(elements)) : <gen:0> -> <gen:1>
             - EntityQuerySpaceImpl(uid=<gen:1>, entity=domain.Proiect)
                - SQL table alias mapping - proiect1_
                - alias suffix - 1_
                - suffixed key columns - {id1_6_1_}

21:23:01.038 [Test worker] DEBUG org.hibernate.loader.collection.plan.CollectionLoader - Static select for collection domain.Angajat.proiecte: select proiecte0_.id_angajat as id_angaj1_2_0_, proiecte0_.id_proiect as id_proie2_2_0_, proiect1_.id as id1_6_1_, proiect1_.data_inceput as data_inc2_6_1_, proiect1_.deadline as deadline3_6_1_ from angajati_proiecte proiecte0_ inner join proiecte proiect1_ on proiecte0_.id_proiect=proiect1_.id where proiecte0_.id_angajat=?
21:23:01.038 [Test worker] DEBUG org.hibernate.loader.plan.build.internal.spaces.QuerySpacesImpl - Adding QuerySpace : uid = <gen:0> -> org.hibernate.loader.plan.build.internal.spaces.CollectionQuerySpaceImpl@43470fb2]
21:23:01.038 [Test worker] DEBUG org.hibernate.loader.plan.build.internal.spaces.QuerySpacesImpl - Adding QuerySpace : uid = <gen:1> -> org.hibernate.loader.plan.build.internal.spaces.EntityQuerySpaceImpl@77916af7]
21:23:01.038 [Test worker] DEBUG org.hibernate.persister.walking.spi.MetamodelGraphWalker - Visiting attribute path : angajat
21:23:01.038 [Test worker] DEBUG org.hibernate.persister.walking.spi.MetamodelGraphWalker - Property path deemed to be circular : angajat
21:23:01.038 [Test worker] DEBUG org.hibernate.persister.walking.spi.MetamodelGraphWalker - Visiting attribute path : dataInceput
21:23:01.038 [Test worker] DEBUG org.hibernate.persister.walking.spi.MetamodelGraphWalker - Visiting attribute path : dataSfarsit
21:23:01.038 [Test worker] DEBUG org.hibernate.loader.plan.build.internal.FetchStyleLoadPlanBuildingAssociationVisitationStrategy - Building LoadPlan...
21:23:01.038 [Test worker] DEBUG org.hibernate.loader.plan.exec.internal.LoadQueryJoinAndFetchProcessor - processing queryspace <gen:0>
21:23:01.038 [Test worker] DEBUG org.hibernate.loader.plan.build.spi.LoadPlanTreePrinter - LoadPlan(collection=domain.Angajat.concedii)
    - Returns
       - CollectionReturnImpl(collection=domain.Angajat.concedii, querySpaceUid=<gen:0>, path=[domain.Angajat.concedii])
          - (collection element) CollectionFetchableElementEntityGraph(entity=domain.Concediu, querySpaceUid=<gen:1>, path=[domain.Angajat.concedii].<elements>)
    - QuerySpaces
       - CollectionQuerySpaceImpl(uid=<gen:0>, collection=domain.Angajat.concedii)
          - SQL table alias mapping - concedii0_
          - alias suffix - 0_
          - suffixed key columns - {id_angaj4_3_0_}
          - entity-element alias suffix - 1_
          - 1_entity-element suffixed key columns - id1_3_1_
          - JOIN (JoinDefinedByMetadata(elements)) : <gen:0> -> <gen:1>
             - EntityQuerySpaceImpl(uid=<gen:1>, entity=domain.Concediu)
                - SQL table alias mapping - concedii0_
                - alias suffix - 1_
                - suffixed key columns - {id1_3_1_}

21:23:01.038 [Test worker] DEBUG org.hibernate.loader.collection.plan.CollectionLoader - Static select for collection domain.Angajat.concedii: select concedii0_.id_angajat as id_angaj4_3_0_, concedii0_.id as id1_3_0_, concedii0_.id as id1_3_1_, concedii0_.id_angajat as id_angaj4_3_1_, concedii0_.data_inceput as data_inc2_3_1_, concedii0_.data_sfarsit as data_sfa3_3_1_ from concedii concedii0_ where concedii0_.id_angajat=?
21:23:01.038 [Test worker] DEBUG org.hibernate.loader.plan.build.internal.spaces.QuerySpacesImpl - Adding QuerySpace : uid = <gen:0> -> org.hibernate.loader.plan.build.internal.spaces.CollectionQuerySpaceImpl@25781b9c]
21:23:01.038 [Test worker] DEBUG org.hibernate.loader.plan.build.internal.spaces.QuerySpacesImpl - Adding QuerySpace : uid = <gen:1> -> org.hibernate.loader.plan.build.internal.spaces.EntityQuerySpaceImpl@59c21b16]
21:23:01.038 [Test worker] DEBUG org.hibernate.persister.walking.spi.MetamodelGraphWalker - Visiting attribute path : idDirector
21:23:01.038 [Test worker] DEBUG org.hibernate.loader.plan.build.internal.FetchStyleLoadPlanBuildingAssociationVisitationStrategy - Building LoadPlan...
21:23:01.038 [Test worker] DEBUG org.hibernate.loader.plan.exec.internal.LoadQueryJoinAndFetchProcessor - processing queryspace <gen:0>
21:23:01.038 [Test worker] DEBUG org.hibernate.loader.plan.build.spi.LoadPlanTreePrinter - LoadPlan(collection=domain.Angajat.departamente)
    - Returns
       - CollectionReturnImpl(collection=domain.Angajat.departamente, querySpaceUid=<gen:0>, path=[domain.Angajat.departamente])
          - (collection element) CollectionFetchableElementEntityGraph(entity=domain.Departament, querySpaceUid=<gen:1>, path=[domain.Angajat.departamente].<elements>)
    - QuerySpaces
       - CollectionQuerySpaceImpl(uid=<gen:0>, collection=domain.Angajat.departamente)
          - SQL table alias mapping - departamen0_
          - alias suffix - 0_
          - suffixed key columns - {id_angaj1_1_0_}
          - entity-element alias suffix - 1_
          - 1_entity-element suffixed key columns - id1_4_1_
          - JOIN (JoinDefinedByMetadata(elements)) : <gen:0> -> <gen:1>
             - EntityQuerySpaceImpl(uid=<gen:1>, entity=domain.Departament)
                - SQL table alias mapping - departamen1_
                - alias suffix - 1_
                - suffixed key columns - {id1_4_1_}

21:23:01.038 [Test worker] DEBUG org.hibernate.loader.collection.plan.CollectionLoader - Static select for collection domain.Angajat.departamente: select departamen0_.id_angajat as id_angaj1_1_0_, departamen0_.id_departament as id_depar2_1_0_, departamen1_.id as id1_4_1_, departamen1_.id_director as id_direc2_4_1_ from angajati_departamente departamen0_ inner join departamente departamen1_ on departamen0_.id_departament=departamen1_.id where departamen0_.id_angajat=?
21:23:01.038 [Test worker] INFO org.hibernate.orm.connections.access - HHH10001501: Connection obtained from JdbcConnectionAccess [org.hibernate.engine.jdbc.env.internal.JdbcEnvironmentInitiator$ConnectionProviderJdbcConnectionAccess@1cece49e] for (non-JTA) DDL execution was not in auto-commit mode; the Connection 'local transaction' will be committed and the Connection will be set into auto-commit mode.
21:23:01.038 [Test worker] DEBUG org.hibernate.mapping.Table - No alter strings for table : angajati
21:23:01.038 [Test worker] DEBUG org.hibernate.mapping.Table - No alter strings for table : angajati_departamente
21:23:01.038 [Test worker] DEBUG org.hibernate.mapping.Table - No alter strings for table : angajati_proiecte
21:23:01.038 [Test worker] DEBUG org.hibernate.mapping.Table - No alter strings for table : concedii
21:23:01.038 [Test worker] DEBUG org.hibernate.mapping.Table - No alter strings for table : departamente
21:23:01.038 [Test worker] DEBUG org.hibernate.mapping.Table - No alter strings for table : functii
21:23:01.038 [Test worker] DEBUG org.hibernate.mapping.Table - No alter strings for table : proiecte
21:23:01.038 [Test worker] DEBUG org.hibernate.query.spi.NamedQueryRepository - Checking 0 named HQL queries
21:23:01.038 [Test worker] DEBUG org.hibernate.query.spi.NamedQueryRepository - Checking 0 named SQL queries
21:23:01.038 [Test worker] DEBUG org.hibernate.internal.SessionFactoryRegistry - Registering SessionFactory: a62719f7-6b5a-4e87-8b52-4345b2b59031 (<unnamed>)
21:23:01.038 [Test worker] DEBUG org.hibernate.internal.SessionFactoryRegistry - Not binding SessionFactory to JNDI, no JNDI name configured
21:23:01.038 [Test worker] DEBUG org.hibernate.integrator.internal.IntegratorServiceImpl - Adding Integrator [org.hibernate.cfg.beanvalidation.BeanValidationIntegrator].
21:23:01.038 [Test worker] DEBUG org.hibernate.integrator.internal.IntegratorServiceImpl - Adding Integrator [org.hibernate.secure.spi.JaccIntegrator].
21:23:01.038 [Test worker] DEBUG org.hibernate.integrator.internal.IntegratorServiceImpl - Adding Integrator [org.hibernate.cache.internal.CollectionCacheInvalidator].
21:23:01.038 [Test worker] DEBUG org.hibernate.boot.jaxb.internal.stax.LocalXmlResourceResolver - Interpreting public/system identifier : [-//Hibernate/Hibernate Configuration DTD 3.0//EN] - [http://hibernate.org/dtd/hibernate-configuration-3.0.dtd]
21:23:01.069 [Test worker] DEBUG org.hibernate.boot.cfgxml.internal.JaxbCfgProcessor - cfg.xml document did not define namespaces; wrapping in custom event reader to introduce namespace information
21:23:01.085 [Test worker] DEBUG org.hibernate.service.spi.ServiceBinding - Overriding existing service binding [org.hibernate.secure.spi.JaccService]
21:23:01.085 [Test worker] DEBUG org.hibernate.cache.internal.RegionFactoryInitiator - Cannot default RegionFactory based on registered strategies as `[]` RegionFactory strategies were registered
21:23:01.085 [Test worker] DEBUG org.hibernate.cache.internal.RegionFactoryInitiator - Cache region factory : org.hibernate.cache.internal.NoCachingRegionFactory
21:23:01.085 [Test worker] DEBUG org.hibernate.type.BasicTypeRegistry - Adding type registration boolean -> org.hibernate.type.BooleanType@121b529f
21:23:01.085 [Test worker] DEBUG org.hibernate.type.BasicTypeRegistry - Adding type registration boolean -> org.hibernate.type.BooleanType@121b529f
21:23:01.085 [Test worker] DEBUG org.hibernate.type.BasicTypeRegistry - Adding type registration java.lang.Boolean -> org.hibernate.type.BooleanType@121b529f
21:23:01.085 [Test worker] DEBUG org.hibernate.type.BasicTypeRegistry - Adding type registration numeric_boolean -> org.hibernate.type.NumericBooleanType@7dc81433
21:23:01.085 [Test worker] DEBUG org.hibernate.type.BasicTypeRegistry - Adding type registration true_false -> org.hibernate.type.TrueFalseType@60c371da
21:23:01.085 [Test worker] DEBUG org.hibernate.type.BasicTypeRegistry - Adding type registration yes_no -> org.hibernate.type.YesNoType@51ef89fc
21:23:01.085 [Test worker] DEBUG org.hibernate.type.BasicTypeRegistry - Adding type registration byte -> org.hibernate.type.ByteType@1502feca
21:23:01.085 [Test worker] DEBUG org.hibernate.type.BasicTypeRegistry - Adding type registration byte -> org.hibernate.type.ByteType@1502feca
21:23:01.085 [Test worker] DEBUG org.hibernate.type.BasicTypeRegistry - Adding type registration java.lang.Byte -> org.hibernate.type.ByteType@1502feca
21:23:01.085 [Test worker] DEBUG org.hibernate.type.BasicTypeRegistry - Adding type registration character -> org.hibernate.type.CharacterType@5aca38b4
21:23:01.085 [Test worker] DEBUG org.hibernate.type.BasicTypeRegistry - Adding type registration char -> org.hibernate.type.CharacterType@5aca38b4
21:23:01.085 [Test worker] DEBUG org.hibernate.type.BasicTypeRegistry - Adding type registration java.lang.Character -> org.hibernate.type.CharacterType@5aca38b4
21:23:01.085 [Test worker] DEBUG org.hibernate.type.BasicTypeRegistry - Adding type registration short -> org.hibernate.type.ShortType@212db0b9
21:23:01.085 [Test worker] DEBUG org.hibernate.type.BasicTypeRegistry - Adding type registration short -> org.hibernate.type.ShortType@212db0b9
21:23:01.085 [Test worker] DEBUG org.hibernate.type.BasicTypeRegistry - Adding type registration java.lang.Short -> org.hibernate.type.ShortType@212db0b9
21:23:01.085 [Test worker] DEBUG org.hibernate.type.BasicTypeRegistry - Adding type registration integer -> org.hibernate.type.IntegerType@14f541d2
21:23:01.085 [Test worker] DEBUG org.hibernate.type.BasicTypeRegistry - Adding type registration int -> org.hibernate.type.IntegerType@14f541d2
21:23:01.085 [Test worker] DEBUG org.hibernate.type.BasicTypeRegistry - Adding type registration java.lang.Integer -> org.hibernate.type.IntegerType@14f541d2
21:23:01.085 [Test worker] DEBUG org.hibernate.type.BasicTypeRegistry - Adding type registration long -> org.hibernate.type.LongType@357c5fef
21:23:01.085 [Test worker] DEBUG org.hibernate.type.BasicTypeRegistry - Adding type registration long -> org.hibernate.type.LongType@357c5fef
21:23:01.085 [Test worker] DEBUG org.hibernate.type.BasicTypeRegistry - Adding type registration java.lang.Long -> org.hibernate.type.LongType@357c5fef
21:23:01.085 [Test worker] DEBUG org.hibernate.type.BasicTypeRegistry - Adding type registration float -> org.hibernate.type.FloatType@68835e55
21:23:01.085 [Test worker] DEBUG org.hibernate.type.BasicTypeRegistry - Adding type registration float -> org.hibernate.type.FloatType@68835e55
21:23:01.085 [Test worker] DEBUG org.hibernate.type.BasicTypeRegistry - Adding type registration java.lang.Float -> org.hibernate.type.FloatType@68835e55
21:23:01.085 [Test worker] DEBUG org.hibernate.type.BasicTypeRegistry - Adding type registration double -> org.hibernate.type.DoubleType@1db8c4bf
21:23:01.085 [Test worker] DEBUG org.hibernate.type.BasicTypeRegistry - Adding type registration double -> org.hibernate.type.DoubleType@1db8c4bf
21:23:01.085 [Test worker] DEBUG org.hibernate.type.BasicTypeRegistry - Adding type registration java.lang.Double -> org.hibernate.type.DoubleType@1db8c4bf
21:23:01.085 [Test worker] DEBUG org.hibernate.type.BasicTypeRegistry - Adding type registration big_decimal -> org.hibernate.type.BigDecimalType@2bd9f5a7
21:23:01.085 [Test worker] DEBUG org.hibernate.type.BasicTypeRegistry - Adding type registration java.math.BigDecimal -> org.hibernate.type.BigDecimalType@2bd9f5a7
21:23:01.085 [Test worker] DEBUG org.hibernate.type.BasicTypeRegistry - Adding type registration big_integer -> org.hibernate.type.BigIntegerType@67766712
21:23:01.085 [Test worker] DEBUG org.hibernate.type.BasicTypeRegistry - Adding type registration java.math.BigInteger -> org.hibernate.type.BigIntegerType@67766712
21:23:01.085 [Test worker] DEBUG org.hibernate.type.BasicTypeRegistry - Adding type registration string -> org.hibernate.type.StringType@5abe721f
21:23:01.085 [Test worker] DEBUG org.hibernate.type.BasicTypeRegistry - Adding type registration java.lang.String -> org.hibernate.type.StringType@5abe721f
21:23:01.085 [Test worker] DEBUG org.hibernate.type.BasicTypeRegistry - Adding type registration nstring -> org.hibernate.type.StringNVarcharType@5ca83c4b
21:23:01.085 [Test worker] DEBUG org.hibernate.type.BasicTypeRegistry - Adding type registration ncharacter -> org.hibernate.type.CharacterNCharType@181579aa
21:23:01.085 [Test worker] DEBUG org.hibernate.type.BasicTypeRegistry - Adding type registration url -> org.hibernate.type.UrlType@2d95e7ff
21:23:01.085 [Test worker] DEBUG org.hibernate.type.BasicTypeRegistry - Adding type registration java.net.URL -> org.hibernate.type.UrlType@2d95e7ff
21:23:01.085 [Test worker] DEBUG org.hibernate.type.BasicTypeRegistry - Adding type registration Duration -> org.hibernate.type.DurationType@1f6d6ec5
21:23:01.085 [Test worker] DEBUG org.hibernate.type.BasicTypeRegistry - Adding type registration java.time.Duration -> org.hibernate.type.DurationType@1f6d6ec5
21:23:01.085 [Test worker] DEBUG org.hibernate.type.BasicTypeRegistry - Adding type registration Instant -> org.hibernate.type.InstantType@799b3880
21:23:01.085 [Test worker] DEBUG org.hibernate.type.BasicTypeRegistry - Adding type registration java.time.Instant -> org.hibernate.type.InstantType@799b3880
21:23:01.085 [Test worker] DEBUG org.hibernate.type.BasicTypeRegistry - Adding type registration LocalDateTime -> org.hibernate.type.LocalDateTimeType@3c9b7dcd
21:23:01.085 [Test worker] DEBUG org.hibernate.type.BasicTypeRegistry - Adding type registration java.time.LocalDateTime -> org.hibernate.type.LocalDateTimeType@3c9b7dcd
21:23:01.085 [Test worker] DEBUG org.hibernate.type.BasicTypeRegistry - Adding type registration LocalDate -> org.hibernate.type.LocalDateType@73b9d317
21:23:01.085 [Test worker] DEBUG org.hibernate.type.BasicTypeRegistry - Adding type registration java.time.LocalDate -> org.hibernate.type.LocalDateType@73b9d317
21:23:01.085 [Test worker] DEBUG org.hibernate.type.BasicTypeRegistry - Adding type registration LocalTime -> org.hibernate.type.LocalTimeType@3e938176
21:23:01.085 [Test worker] DEBUG org.hibernate.type.BasicTypeRegistry - Adding type registration java.time.LocalTime -> org.hibernate.type.LocalTimeType@3e938176
21:23:01.085 [Test worker] DEBUG org.hibernate.type.BasicTypeRegistry - Adding type registration OffsetDateTime -> org.hibernate.type.OffsetDateTimeType@1006f6a5
21:23:01.085 [Test worker] DEBUG org.hibernate.type.BasicTypeRegistry - Adding type registration java.time.OffsetDateTime -> org.hibernate.type.OffsetDateTimeType@1006f6a5
21:23:01.085 [Test worker] DEBUG org.hibernate.type.BasicTypeRegistry - Adding type registration OffsetTime -> org.hibernate.type.OffsetTimeType@5ebf30b8
21:23:01.085 [Test worker] DEBUG org.hibernate.type.BasicTypeRegistry - Adding type registration java.time.OffsetTime -> org.hibernate.type.OffsetTimeType@5ebf30b8
21:23:01.085 [Test worker] DEBUG org.hibernate.type.BasicTypeRegistry - Adding type registration ZonedDateTime -> org.hibernate.type.ZonedDateTimeType@5ecdce3a
21:23:01.085 [Test worker] DEBUG org.hibernate.type.BasicTypeRegistry - Adding type registration java.time.ZonedDateTime -> org.hibernate.type.ZonedDateTimeType@5ecdce3a
21:23:01.085 [Test worker] DEBUG org.hibernate.type.BasicTypeRegistry - Adding type registration date -> org.hibernate.type.DateType@34878a9c
21:23:01.085 [Test worker] DEBUG org.hibernate.type.BasicTypeRegistry - Adding type registration java.sql.Date -> org.hibernate.type.DateType@34878a9c
21:23:01.085 [Test worker] DEBUG org.hibernate.type.BasicTypeRegistry - Adding type registration time -> org.hibernate.type.TimeType@4be75fc9
21:23:01.085 [Test worker] DEBUG org.hibernate.type.BasicTypeRegistry - Adding type registration java.sql.Time -> org.hibernate.type.TimeType@4be75fc9
21:23:01.085 [Test worker] DEBUG org.hibernate.type.BasicTypeRegistry - Adding type registration timestamp -> org.hibernate.type.TimestampType@cd6dcfb
21:23:01.085 [Test worker] DEBUG org.hibernate.type.BasicTypeRegistry - Adding type registration java.sql.Timestamp -> org.hibernate.type.TimestampType@cd6dcfb
21:23:01.085 [Test worker] DEBUG org.hibernate.type.BasicTypeRegistry - Adding type registration java.util.Date -> org.hibernate.type.TimestampType@cd6dcfb
21:23:01.085 [Test worker] DEBUG org.hibernate.type.BasicTypeRegistry - Adding type registration dbtimestamp -> org.hibernate.type.DbTimestampType@6f70db50
21:23:01.085 [Test worker] DEBUG org.hibernate.type.BasicTypeRegistry - Adding type registration calendar -> org.hibernate.type.CalendarType@232580e4
21:23:01.085 [Test worker] DEBUG org.hibernate.type.BasicTypeRegistry - Adding type registration java.util.Calendar -> org.hibernate.type.CalendarType@232580e4
21:23:01.085 [Test worker] DEBUG org.hibernate.type.BasicTypeRegistry - Adding type registration java.util.GregorianCalendar -> org.hibernate.type.CalendarType@232580e4
21:23:01.085 [Test worker] DEBUG org.hibernate.type.BasicTypeRegistry - Adding type registration calendar_date -> org.hibernate.type.CalendarDateType@2d226c99
21:23:01.085 [Test worker] DEBUG org.hibernate.type.BasicTypeRegistry - Adding type registration calendar_time -> org.hibernate.type.CalendarTimeType@5f0ca092
21:23:01.085 [Test worker] DEBUG org.hibernate.type.BasicTypeRegistry - Adding type registration locale -> org.hibernate.type.LocaleType@2e7d6fc7
21:23:01.085 [Test worker] DEBUG org.hibernate.type.BasicTypeRegistry - Adding type registration java.util.Locale -> org.hibernate.type.LocaleType@2e7d6fc7
21:23:01.085 [Test worker] DEBUG org.hibernate.type.BasicTypeRegistry - Adding type registration currency -> org.hibernate.type.CurrencyType@298b5abb
21:23:01.085 [Test worker] DEBUG org.hibernate.type.BasicTypeRegistry - Adding type registration java.util.Currency -> org.hibernate.type.CurrencyType@298b5abb
21:23:01.085 [Test worker] DEBUG org.hibernate.type.BasicTypeRegistry - Adding type registration timezone -> org.hibernate.type.TimeZoneType@6a7223ce
21:23:01.085 [Test worker] DEBUG org.hibernate.type.BasicTypeRegistry - Adding type registration java.util.TimeZone -> org.hibernate.type.TimeZoneType@6a7223ce
21:23:01.085 [Test worker] DEBUG org.hibernate.type.BasicTypeRegistry - Adding type registration class -> org.hibernate.type.ClassType@17c86e61
21:23:01.085 [Test worker] DEBUG org.hibernate.type.BasicTypeRegistry - Adding type registration java.lang.Class -> org.hibernate.type.ClassType@17c86e61
21:23:01.085 [Test worker] DEBUG org.hibernate.type.BasicTypeRegistry - Adding type registration uuid-binary -> org.hibernate.type.UUIDBinaryType@165a29f7
21:23:01.085 [Test worker] DEBUG org.hibernate.type.BasicTypeRegistry - Adding type registration java.util.UUID -> org.hibernate.type.UUIDBinaryType@165a29f7
21:23:01.085 [Test worker] DEBUG org.hibernate.type.BasicTypeRegistry - Adding type registration uuid-char -> org.hibernate.type.UUIDCharType@57061eb5
21:23:01.085 [Test worker] DEBUG org.hibernate.type.BasicTypeRegistry - Adding type registration binary -> org.hibernate.type.BinaryType@377a3a57
21:23:01.085 [Test worker] DEBUG org.hibernate.type.BasicTypeRegistry - Adding type registration byte[] -> org.hibernate.type.BinaryType@377a3a57
21:23:01.085 [Test worker] DEBUG org.hibernate.type.BasicTypeRegistry - Adding type registration [B -> org.hibernate.type.BinaryType@377a3a57
21:23:01.085 [Test worker] DEBUG org.hibernate.type.BasicTypeRegistry - Adding type registration wrapper-binary -> org.hibernate.type.WrapperBinaryType@15236686
21:23:01.085 [Test worker] DEBUG org.hibernate.type.BasicTypeRegistry - Adding type registration Byte[] -> org.hibernate.type.WrapperBinaryType@15236686
21:23:01.085 [Test worker] DEBUG org.hibernate.type.BasicTypeRegistry - Adding type registration [Ljava.lang.Byte; -> org.hibernate.type.WrapperBinaryType@15236686
21:23:01.085 [Test worker] DEBUG org.hibernate.type.BasicTypeRegistry - Adding type registration row_version -> org.hibernate.type.RowVersionType@480544d3
21:23:01.085 [Test worker] DEBUG org.hibernate.type.BasicTypeRegistry - Adding type registration image -> org.hibernate.type.ImageType@a74733d
21:23:01.085 [Test worker] DEBUG org.hibernate.type.BasicTypeRegistry - Adding type registration characters -> org.hibernate.type.CharArrayType@10b707f8
21:23:01.085 [Test worker] DEBUG org.hibernate.type.BasicTypeRegistry - Adding type registration char[] -> org.hibernate.type.CharArrayType@10b707f8
21:23:01.085 [Test worker] DEBUG org.hibernate.type.BasicTypeRegistry - Adding type registration [C -> org.hibernate.type.CharArrayType@10b707f8
21:23:01.085 [Test worker] DEBUG org.hibernate.type.BasicTypeRegistry - Adding type registration wrapper-characters -> org.hibernate.type.CharacterArrayType@7586a107
21:23:01.085 [Test worker] DEBUG org.hibernate.type.BasicTypeRegistry - Adding type registration [Ljava.lang.Character; -> org.hibernate.type.CharacterArrayType@7586a107
21:23:01.085 [Test worker] DEBUG org.hibernate.type.BasicTypeRegistry - Adding type registration Character[] -> org.hibernate.type.CharacterArrayType@7586a107
21:23:01.085 [Test worker] DEBUG org.hibernate.type.BasicTypeRegistry - Adding type registration text -> org.hibernate.type.TextType@28e7117
21:23:01.085 [Test worker] DEBUG org.hibernate.type.BasicTypeRegistry - Adding type registration ntext -> org.hibernate.type.NTextType@4fe7c4b8
21:23:01.085 [Test worker] DEBUG org.hibernate.type.BasicTypeRegistry - Adding type registration blob -> org.hibernate.type.BlobType@69ff7971
21:23:01.085 [Test worker] DEBUG org.hibernate.type.BasicTypeRegistry - Adding type registration java.sql.Blob -> org.hibernate.type.BlobType@69ff7971
21:23:01.085 [Test worker] DEBUG org.hibernate.type.BasicTypeRegistry - Adding type registration materialized_blob -> org.hibernate.type.MaterializedBlobType@29a6bbfa
21:23:01.085 [Test worker] DEBUG org.hibernate.type.BasicTypeRegistry - Adding type registration clob -> org.hibernate.type.ClobType@6243fc09
21:23:01.085 [Test worker] DEBUG org.hibernate.type.BasicTypeRegistry - Adding type registration java.sql.Clob -> org.hibernate.type.ClobType@6243fc09
21:23:01.085 [Test worker] DEBUG org.hibernate.type.BasicTypeRegistry - Adding type registration nclob -> org.hibernate.type.NClobType@7a0e9fb4
21:23:01.085 [Test worker] DEBUG org.hibernate.type.BasicTypeRegistry - Adding type registration java.sql.NClob -> org.hibernate.type.NClobType@7a0e9fb4
21:23:01.085 [Test worker] DEBUG org.hibernate.type.BasicTypeRegistry - Adding type registration materialized_clob -> org.hibernate.type.MaterializedClobType@5568af29
21:23:01.085 [Test worker] DEBUG org.hibernate.type.BasicTypeRegistry - Adding type registration materialized_nclob -> org.hibernate.type.MaterializedNClobType@43589365
21:23:01.085 [Test worker] DEBUG org.hibernate.type.BasicTypeRegistry - Adding type registration serializable -> org.hibernate.type.SerializableType@49b714f8
21:23:01.085 [Test worker] DEBUG org.hibernate.type.BasicTypeRegistry - Adding type registration object -> org.hibernate.type.ObjectType@4b6f241f
21:23:01.085 [Test worker] DEBUG org.hibernate.type.BasicTypeRegistry - Adding type registration java.lang.Object -> org.hibernate.type.ObjectType@4b6f241f
21:23:01.085 [Test worker] DEBUG org.hibernate.type.BasicTypeRegistry - Adding type registration imm_date -> org.hibernate.type.AdaptedImmutableType@ef63436
21:23:01.085 [Test worker] DEBUG org.hibernate.type.BasicTypeRegistry - Adding type registration imm_time -> org.hibernate.type.AdaptedImmutableType@6562e1c5
21:23:01.085 [Test worker] DEBUG org.hibernate.type.BasicTypeRegistry - Adding type registration imm_timestamp -> org.hibernate.type.AdaptedImmutableType@53f58c62
21:23:01.085 [Test worker] DEBUG org.hibernate.type.BasicTypeRegistry - Adding type registration imm_dbtimestamp -> org.hibernate.type.AdaptedImmutableType@2854823d
21:23:01.085 [Test worker] DEBUG org.hibernate.type.BasicTypeRegistry - Adding type registration imm_calendar -> org.hibernate.type.AdaptedImmutableType@173c4485
21:23:01.085 [Test worker] DEBUG org.hibernate.type.BasicTypeRegistry - Adding type registration imm_calendar_date -> org.hibernate.type.AdaptedImmutableType@65a2f36e
21:23:01.085 [Test worker] DEBUG org.hibernate.type.BasicTypeRegistry - Adding type registration imm_binary -> org.hibernate.type.AdaptedImmutableType@1a4bf524
21:23:01.085 [Test worker] DEBUG org.hibernate.type.BasicTypeRegistry - Adding type registration imm_serializable -> org.hibernate.type.AdaptedImmutableType@1602d93a
21:23:01.085 [Test worker] DEBUG org.hibernate.id.factory.internal.DefaultIdentifierGeneratorFactory - Registering IdentifierGenerator strategy [uuid2] -> [org.hibernate.id.UUIDGenerator]
21:23:01.085 [Test worker] DEBUG org.hibernate.id.factory.internal.DefaultIdentifierGeneratorFactory - Registering IdentifierGenerator strategy [guid] -> [org.hibernate.id.GUIDGenerator]
21:23:01.085 [Test worker] DEBUG org.hibernate.id.factory.internal.DefaultIdentifierGeneratorFactory - Registering IdentifierGenerator strategy [uuid] -> [org.hibernate.id.UUIDHexGenerator]
21:23:01.085 [Test worker] DEBUG org.hibernate.id.factory.internal.DefaultIdentifierGeneratorFactory - Registering IdentifierGenerator strategy [uuid.hex] -> [org.hibernate.id.UUIDHexGenerator]
21:23:01.085 [Test worker] DEBUG org.hibernate.id.factory.internal.DefaultIdentifierGeneratorFactory - Registering IdentifierGenerator strategy [assigned] -> [org.hibernate.id.Assigned]
21:23:01.085 [Test worker] DEBUG org.hibernate.id.factory.internal.DefaultIdentifierGeneratorFactory - Registering IdentifierGenerator strategy [identity] -> [org.hibernate.id.IdentityGenerator]
21:23:01.085 [Test worker] DEBUG org.hibernate.id.factory.internal.DefaultIdentifierGeneratorFactory - Registering IdentifierGenerator strategy [select] -> [org.hibernate.id.SelectGenerator]
21:23:01.085 [Test worker] DEBUG org.hibernate.id.factory.internal.DefaultIdentifierGeneratorFactory - Registering IdentifierGenerator strategy [sequence] -> [org.hibernate.id.enhanced.SequenceStyleGenerator]
21:23:01.085 [Test worker] DEBUG org.hibernate.id.factory.internal.DefaultIdentifierGeneratorFactory - Registering IdentifierGenerator strategy [seqhilo] -> [org.hibernate.id.SequenceHiLoGenerator]
21:23:01.085 [Test worker] DEBUG org.hibernate.id.factory.internal.DefaultIdentifierGeneratorFactory - Registering IdentifierGenerator strategy [increment] -> [org.hibernate.id.IncrementGenerator]
21:23:01.085 [Test worker] DEBUG org.hibernate.id.factory.internal.DefaultIdentifierGeneratorFactory - Registering IdentifierGenerator strategy [foreign] -> [org.hibernate.id.ForeignGenerator]
21:23:01.085 [Test worker] DEBUG org.hibernate.id.factory.internal.DefaultIdentifierGeneratorFactory - Registering IdentifierGenerator strategy [sequence-identity] -> [org.hibernate.id.SequenceIdentityGenerator]
21:23:01.085 [Test worker] DEBUG org.hibernate.id.factory.internal.DefaultIdentifierGeneratorFactory - Registering IdentifierGenerator strategy [enhanced-sequence] -> [org.hibernate.id.enhanced.SequenceStyleGenerator]
21:23:01.085 [Test worker] DEBUG org.hibernate.id.factory.internal.DefaultIdentifierGeneratorFactory - Registering IdentifierGenerator strategy [enhanced-table] -> [org.hibernate.id.enhanced.TableGenerator]
21:23:01.085 [Test worker] WARN org.hibernate.orm.connections.pooling - HHH10001002: Using Hibernate built-in connection pool (not for production use!)
21:23:01.085 [Test worker] INFO org.hibernate.orm.connections.pooling - HHH10001005: using driver [org.sqlite.JDBC] at URL [jdbc:sqlite:D:\Facultate\Projects\OrganizareCompanie\database]
21:23:01.085 [Test worker] INFO org.hibernate.orm.connections.pooling - HHH10001001: Connection properties: {password=root, user=root}
21:23:01.085 [Test worker] INFO org.hibernate.orm.connections.pooling - HHH10001003: Autocommit mode: false
21:23:01.085 [Test worker] DEBUG org.hibernate.engine.jdbc.connections.internal.DriverManagerConnectionProviderImpl - Initializing Connection pool with 1 Connections
21:23:01.085 [Test worker] INFO org.hibernate.engine.jdbc.connections.internal.DriverManagerConnectionProviderImpl - HHH000115: Hibernate connection pool size: 1 (min=1)
21:23:01.085 [Test worker] DEBUG org.hibernate.engine.jdbc.env.internal.JdbcEnvironmentInitiator - Database ->
       name : SQLite
    version : 3.34.0
      major : 3
      minor : 34
21:23:01.085 [Test worker] DEBUG org.hibernate.engine.jdbc.env.internal.JdbcEnvironmentInitiator - Driver ->
       name : SQLite JDBC
    version : 3.34.0
      major : 3
      minor : 34
21:23:01.085 [Test worker] DEBUG org.hibernate.engine.jdbc.env.internal.JdbcEnvironmentInitiator - JDBC version : 2.1
21:23:01.085 [Test worker] INFO org.hibernate.dialect.Dialect - HHH000400: Using dialect: utils.SQLiteDialect
21:23:01.085 [Test worker] DEBUG org.hibernate.engine.jdbc.env.spi.IdentifierHelperBuilder - JDBC driver metadata reported database stores quoted identifiers in neither upper, lower nor mixed case
21:23:01.085 [Test worker] DEBUG org.hibernate.engine.jdbc.env.spi.IdentifierHelperBuilder - IdentifierCaseStrategy for both quoted and unquoted identifiers was set to the same strategy [MIXED]; that will likely lead to problems in schema update and validation if using quoted identifiers
21:23:01.085 [Test worker] DEBUG org.hibernate.engine.jdbc.env.internal.LobCreatorBuilderImpl - HHH000423: Disabling contextual LOB creation as JDBC driver reported JDBC version [2] less than 4
21:23:01.085 [Test worker] DEBUG org.hibernate.boot.model.relational.Namespace - Created database namespace [logicalName=Name{catalog=null, schema=null}, physicalName=Name{catalog=null, schema=null}]
21:23:01.085 [Test worker] DEBUG org.hibernate.type.descriptor.java.JavaTypeDescriptorRegistry - JavaTypeDescriptorRegistry entry replaced : class java.time.Duration -> org.hibernate.type.descriptor.java.DurationJavaDescriptor@484b819 (was org.hibernate.type.descriptor.java.DurationJavaDescriptor@484b819)
21:23:01.085 [Test worker] DEBUG org.hibernate.type.descriptor.java.JavaTypeDescriptorRegistry - JavaTypeDescriptorRegistry entry replaced : class java.time.Instant -> org.hibernate.type.descriptor.java.InstantJavaDescriptor@7a6a60d2 (was org.hibernate.type.descriptor.java.InstantJavaDescriptor@7a6a60d2)
21:23:01.085 [Test worker] DEBUG org.hibernate.type.descriptor.java.JavaTypeDescriptorRegistry - JavaTypeDescriptorRegistry entry replaced : class java.time.LocalDate -> org.hibernate.type.descriptor.java.LocalDateJavaDescriptor@7ac3817d (was org.hibernate.type.descriptor.java.LocalDateJavaDescriptor@7ac3817d)
21:23:01.085 [Test worker] DEBUG org.hibernate.type.descriptor.java.JavaTypeDescriptorRegistry - JavaTypeDescriptorRegistry entry replaced : class java.time.LocalDateTime -> org.hibernate.type.descriptor.java.LocalDateTimeJavaDescriptor@616d0e6e (was org.hibernate.type.descriptor.java.LocalDateTimeJavaDescriptor@616d0e6e)
21:23:01.085 [Test worker] DEBUG org.hibernate.type.descriptor.java.JavaTypeDescriptorRegistry - JavaTypeDescriptorRegistry entry replaced : class java.time.OffsetDateTime -> org.hibernate.type.descriptor.java.OffsetDateTimeJavaDescriptor@4008262a (was org.hibernate.type.descriptor.java.OffsetDateTimeJavaDescriptor@4008262a)
21:23:01.085 [Test worker] DEBUG org.hibernate.type.descriptor.java.JavaTypeDescriptorRegistry - JavaTypeDescriptorRegistry entry replaced : class java.time.OffsetTime -> org.hibernate.type.descriptor.java.OffsetTimeJavaDescriptor@69cda209 (was org.hibernate.type.descriptor.java.OffsetTimeJavaDescriptor@69cda209)
21:23:01.085 [Test worker] DEBUG org.hibernate.type.descriptor.java.JavaTypeDescriptorRegistry - JavaTypeDescriptorRegistry entry replaced : class java.time.ZonedDateTime -> org.hibernate.type.descriptor.java.ZonedDateTimeJavaDescriptor@f630e24 (was org.hibernate.type.descriptor.java.ZonedDateTimeJavaDescriptor@f630e24)
21:23:01.085 [Test worker] DEBUG org.hibernate.type.BasicTypeRegistry - Adding type registration Duration -> org.hibernate.type.DurationType@1f6d6ec5
21:23:01.085 [Test worker] DEBUG org.hibernate.type.BasicTypeRegistry - Adding type registration java.time.Duration -> org.hibernate.type.DurationType@1f6d6ec5
21:23:01.085 [Test worker] DEBUG org.hibernate.type.BasicTypeRegistry - Adding type registration Instant -> org.hibernate.type.InstantType@799b3880
21:23:01.085 [Test worker] DEBUG org.hibernate.type.BasicTypeRegistry - Adding type registration java.time.Instant -> org.hibernate.type.InstantType@799b3880
21:23:01.085 [Test worker] DEBUG org.hibernate.type.BasicTypeRegistry - Adding type registration LocalDateTime -> org.hibernate.type.LocalDateTimeType@3c9b7dcd
21:23:01.085 [Test worker] DEBUG org.hibernate.type.BasicTypeRegistry - Adding type registration java.time.LocalDateTime -> org.hibernate.type.LocalDateTimeType@3c9b7dcd
21:23:01.085 [Test worker] DEBUG org.hibernate.type.BasicTypeRegistry - Adding type registration LocalDate -> org.hibernate.type.LocalDateType@73b9d317
21:23:01.085 [Test worker] DEBUG org.hibernate.type.BasicTypeRegistry - Adding type registration java.time.LocalDate -> org.hibernate.type.LocalDateType@73b9d317
21:23:01.085 [Test worker] DEBUG org.hibernate.type.BasicTypeRegistry - Adding type registration LocalTime -> org.hibernate.type.LocalTimeType@3e938176
21:23:01.085 [Test worker] DEBUG org.hibernate.type.BasicTypeRegistry - Adding type registration java.time.LocalTime -> org.hibernate.type.LocalTimeType@3e938176
21:23:01.085 [Test worker] DEBUG org.hibernate.type.BasicTypeRegistry - Adding type registration OffsetDateTime -> org.hibernate.type.OffsetDateTimeType@1006f6a5
21:23:01.085 [Test worker] DEBUG org.hibernate.type.BasicTypeRegistry - Adding type registration java.time.OffsetDateTime -> org.hibernate.type.OffsetDateTimeType@1006f6a5
21:23:01.085 [Test worker] DEBUG org.hibernate.type.BasicTypeRegistry - Adding type registration OffsetTime -> org.hibernate.type.OffsetTimeType@5ebf30b8
21:23:01.085 [Test worker] DEBUG org.hibernate.type.BasicTypeRegistry - Adding type registration java.time.OffsetTime -> org.hibernate.type.OffsetTimeType@5ebf30b8
21:23:01.085 [Test worker] DEBUG org.hibernate.type.BasicTypeRegistry - Adding type registration ZonedDateTime -> org.hibernate.type.ZonedDateTimeType@5ecdce3a
21:23:01.085 [Test worker] DEBUG org.hibernate.type.BasicTypeRegistry - Adding type registration java.time.ZonedDateTime -> org.hibernate.type.ZonedDateTimeType@5ecdce3a
21:23:01.085 [Test worker] DEBUG org.hibernate.type.spi.TypeConfiguration$Scope - Scoping TypeConfiguration [org.hibernate.type.spi.TypeConfiguration@2bf81475] to MetadataBuildingContext [org.hibernate.boot.internal.MetadataBuildingContextRootImpl@95712b0]
21:23:01.085 [Test worker] DEBUG org.hibernate.cfg.AnnotationBinder - Binding entity from annotated class: domain.Angajat
21:23:01.085 [Test worker] DEBUG org.hibernate.cfg.Ejb3Column - Binding column: Ejb3DiscriminatorColumn{logicalColumnName'DTYPE', discriminatorTypeName='string'}
21:23:01.085 [Test worker] DEBUG org.hibernate.cfg.annotations.EntityBinder - Import with entity name Angajat
21:23:01.085 [Test worker] DEBUG org.hibernate.cfg.annotations.EntityBinder - Bind entity domain.Angajat on table angajati
21:23:01.085 [Test worker] DEBUG org.hibernate.cfg.Ejb3Column - Binding column: Ejb3Column{table=org.hibernate.mapping.Table(angajati), mappingColumn=id, insertable=true, updatable=true, unique=false}
21:23:01.085 [Test worker] DEBUG org.hibernate.boot.internal.ClassLoaderAccessImpl - Not known whether passed class name [domain.Angajat] is safe
21:23:01.085 [Test worker] DEBUG org.hibernate.boot.internal.ClassLoaderAccessImpl - No temp ClassLoader provided; using live ClassLoader for loading potentially unsafe class : domain.Angajat
21:23:01.085 [Test worker] DEBUG org.hibernate.cfg.annotations.PropertyBinder - MetadataSourceProcessor property id with lazy=false
21:23:01.085 [Test worker] DEBUG org.hibernate.cfg.AbstractPropertyHolder - Attempting to locate auto-apply AttributeConverter for property [domain.Angajat:id]
21:23:01.085 [Test worker] DEBUG org.hibernate.cfg.annotations.SimpleValueBinder - building SimpleValue for id
21:23:01.085 [Test worker] DEBUG org.hibernate.cfg.annotations.PropertyBinder - Building property id
21:23:01.085 [Test worker] DEBUG org.hibernate.cfg.BinderHelper - #makeIdGenerator(org.hibernate.mapping.SimpleValue([org.hibernate.mapping.Column(id)]), id, identity, , ...)
21:23:01.085 [Test worker] DEBUG org.hibernate.cfg.Ejb3Column - Binding column: Ejb3JoinColumn{logicalColumnName='null', referencedColumn='null', mappedBy='angajat'}
21:23:01.085 [Test worker] DEBUG org.hibernate.cfg.Ejb3Column - Binding column: Ejb3Column{table=org.hibernate.mapping.Table(angajati), mappingColumn=concedii, insertable=true, updatable=true, unique=false}
21:23:01.085 [Test worker] DEBUG org.hibernate.cfg.Ejb3Column - Binding column: Ejb3Column{table=org.hibernate.mapping.Table(angajati), mappingColumn=null, insertable=true, updatable=true, unique=false}
21:23:01.085 [Test worker] DEBUG org.hibernate.cfg.Ejb3Column - Binding column: Ejb3Column{table=org.hibernate.mapping.Table(angajati), mappingColumn=element, insertable=true, updatable=true, unique=false}
21:23:01.085 [Test worker] DEBUG org.hibernate.cfg.Ejb3Column - Binding column: Ejb3Column{table=org.hibernate.mapping.Table(angajati), mappingColumn=concedii_KEY, insertable=true, updatable=true, unique=false}
21:23:01.085 [Test worker] DEBUG org.hibernate.cfg.Ejb3Column - Binding column: Ejb3JoinColumn{logicalColumnName='concedii_KEY', referencedColumn='null', mappedBy='null'}
21:23:01.085 [Test worker] DEBUG org.hibernate.cfg.Ejb3Column - Binding column: Ejb3JoinColumn{logicalColumnName='null', referencedColumn='null', mappedBy='angajat'}
21:23:01.085 [Test worker] DEBUG org.hibernate.cfg.Ejb3Column - Binding column: Ejb3JoinColumn{logicalColumnName='null', referencedColumn='null', mappedBy='angajat'}
21:23:01.085 [Test worker] DEBUG org.hibernate.cfg.annotations.CollectionBinder - Collection role: domain.Angajat.concedii
21:23:01.085 [Test worker] DEBUG org.hibernate.cfg.annotations.PropertyBinder - Building property concedii
21:23:01.085 [Test worker] DEBUG org.hibernate.cfg.Ejb3Column - Binding column: Ejb3Column{table=org.hibernate.mapping.Table(angajati), mappingColumn=data_angajare, insertable=true, updatable=true, unique=false}
21:23:01.085 [Test worker] DEBUG org.hibernate.cfg.annotations.PropertyBinder - MetadataSourceProcessor property dataAngajare with lazy=false
21:23:01.085 [Test worker] DEBUG org.hibernate.cfg.AbstractPropertyHolder - Attempting to locate auto-apply AttributeConverter for property [domain.Angajat:dataAngajare]
21:23:01.085 [Test worker] DEBUG org.hibernate.cfg.annotations.SimpleValueBinder - building SimpleValue for dataAngajare
21:23:01.085 [Test worker] DEBUG org.hibernate.cfg.annotations.PropertyBinder - Building property dataAngajare
21:23:01.085 [Test worker] DEBUG org.hibernate.cfg.Ejb3Column - Binding column: Ejb3Column{table=org.hibernate.mapping.Table(angajati), mappingColumn=null, insertable=true, updatable=true, unique=false}
21:23:01.085 [Test worker] DEBUG org.hibernate.cfg.Ejb3Column - Binding column: Ejb3Column{table=org.hibernate.mapping.Table(angajati), mappingColumn=element, insertable=true, updatable=true, unique=false}
21:23:01.085 [Test worker] DEBUG org.hibernate.cfg.Ejb3Column - Binding column: Ejb3Column{table=org.hibernate.mapping.Table(angajati), mappingColumn=departamente_KEY, insertable=true, updatable=true, unique=false}
21:23:01.085 [Test worker] DEBUG org.hibernate.cfg.Ejb3Column - Binding column: Ejb3JoinColumn{logicalColumnName='departamente_KEY', referencedColumn='null', mappedBy='null'}
21:23:01.085 [Test worker] DEBUG org.hibernate.cfg.Ejb3Column - Binding column: Ejb3JoinColumn{logicalColumnName='id_angajat', referencedColumn='', mappedBy=''}
21:23:01.085 [Test worker] DEBUG org.hibernate.cfg.Ejb3Column - Binding column: Ejb3JoinColumn{logicalColumnName='id_departament', referencedColumn='', mappedBy=''}
21:23:01.085 [Test worker] DEBUG org.hibernate.cfg.annotations.CollectionBinder - Collection role: domain.Angajat.departamente
21:23:01.085 [Test worker] DEBUG org.hibernate.cfg.annotations.PropertyBinder - Building property departamente
21:23:01.085 [Test worker] DEBUG org.hibernate.cfg.Ejb3Column - Binding column: Ejb3JoinColumn{logicalColumnName='null', referencedColumn='null', mappedBy='null'}
21:23:01.085 [Test worker] DEBUG org.hibernate.cfg.Ejb3Column - Binding column: Ejb3Column{table=org.hibernate.mapping.Table(angajati), mappingColumn=functie, insertable=true, updatable=true, unique=false}
21:23:01.085 [Test worker] DEBUG org.hibernate.cfg.annotations.PropertyBinder - Building property functie
21:23:01.085 [Test worker] DEBUG org.hibernate.cfg.Ejb3Column - Binding column: Ejb3Column{table=org.hibernate.mapping.Table(angajati), mappingColumn=id_superior, insertable=true, updatable=true, unique=false}
21:23:01.085 [Test worker] DEBUG org.hibernate.cfg.annotations.PropertyBinder - MetadataSourceProcessor property idSuperior with lazy=false
21:23:01.085 [Test worker] DEBUG org.hibernate.cfg.AbstractPropertyHolder - Attempting to locate auto-apply AttributeConverter for property [domain.Angajat:idSuperior]
21:23:01.085 [Test worker] DEBUG org.hibernate.cfg.annotations.SimpleValueBinder - building SimpleValue for idSuperior
21:23:01.085 [Test worker] DEBUG org.hibernate.cfg.annotations.PropertyBinder - Building property idSuperior
21:23:01.101 [Test worker] DEBUG org.hibernate.cfg.Ejb3Column - Binding column: Ejb3Column{table=org.hibernate.mapping.Table(angajati), mappingColumn=null, insertable=true, updatable=true, unique=false}
21:23:01.101 [Test worker] DEBUG org.hibernate.cfg.Ejb3Column - Binding column: Ejb3Column{table=org.hibernate.mapping.Table(angajati), mappingColumn=element, insertable=true, updatable=true, unique=false}
21:23:01.101 [Test worker] DEBUG org.hibernate.cfg.Ejb3Column - Binding column: Ejb3Column{table=org.hibernate.mapping.Table(angajati), mappingColumn=proiecte_KEY, insertable=true, updatable=true, unique=false}
21:23:01.101 [Test worker] DEBUG org.hibernate.cfg.Ejb3Column - Binding column: Ejb3JoinColumn{logicalColumnName='proiecte_KEY', referencedColumn='null', mappedBy='null'}
21:23:01.101 [Test worker] DEBUG org.hibernate.cfg.Ejb3Column - Binding column: Ejb3JoinColumn{logicalColumnName='id_angajat', referencedColumn='', mappedBy=''}
21:23:01.101 [Test worker] DEBUG org.hibernate.cfg.Ejb3Column - Binding column: Ejb3JoinColumn{logicalColumnName='id_proiect', referencedColumn='', mappedBy=''}
21:23:01.101 [Test worker] DEBUG org.hibernate.cfg.annotations.CollectionBinder - Collection role: domain.Angajat.proiecte
21:23:01.101 [Test worker] DEBUG org.hibernate.cfg.annotations.PropertyBinder - Building property proiecte
21:23:01.101 [Test worker] DEBUG org.hibernate.cfg.AnnotationBinder - Binding entity from annotated class: domain.Concediu
21:23:01.101 [Test worker] DEBUG org.hibernate.cfg.Ejb3Column - Binding column: Ejb3DiscriminatorColumn{logicalColumnName'DTYPE', discriminatorTypeName='string'}
21:23:01.101 [Test worker] DEBUG org.hibernate.cfg.annotations.EntityBinder - Import with entity name Concediu
21:23:01.101 [Test worker] DEBUG org.hibernate.cfg.annotations.EntityBinder - Bind entity domain.Concediu on table concedii
21:23:01.101 [Test worker] DEBUG org.hibernate.cfg.Ejb3Column - Binding column: Ejb3Column{table=org.hibernate.mapping.Table(concedii), mappingColumn=id, insertable=true, updatable=true, unique=false}
21:23:01.101 [Test worker] DEBUG org.hibernate.boot.internal.ClassLoaderAccessImpl - Not known whether passed class name [domain.Concediu] is safe
21:23:01.101 [Test worker] DEBUG org.hibernate.boot.internal.ClassLoaderAccessImpl - No temp ClassLoader provided; using live ClassLoader for loading potentially unsafe class : domain.Concediu
21:23:01.101 [Test worker] DEBUG org.hibernate.cfg.annotations.PropertyBinder - MetadataSourceProcessor property id with lazy=false
21:23:01.101 [Test worker] DEBUG org.hibernate.cfg.AbstractPropertyHolder - Attempting to locate auto-apply AttributeConverter for property [domain.Concediu:id]
21:23:01.101 [Test worker] DEBUG org.hibernate.cfg.annotations.SimpleValueBinder - building SimpleValue for id
21:23:01.101 [Test worker] DEBUG org.hibernate.cfg.annotations.PropertyBinder - Building property id
21:23:01.101 [Test worker] DEBUG org.hibernate.cfg.BinderHelper - #makeIdGenerator(org.hibernate.mapping.SimpleValue([org.hibernate.mapping.Column(id)]), id, identity, , ...)
21:23:01.101 [Test worker] DEBUG org.hibernate.cfg.Ejb3Column - Binding column: Ejb3JoinColumn{logicalColumnName='id_angajat', referencedColumn='', mappedBy=''}
21:23:01.101 [Test worker] DEBUG org.hibernate.cfg.Ejb3Column - Binding column: Ejb3Column{table=org.hibernate.mapping.Table(concedii), mappingColumn=angajat, insertable=true, updatable=true, unique=false}
21:23:01.101 [Test worker] DEBUG org.hibernate.cfg.annotations.PropertyBinder - Building property angajat
21:23:01.101 [Test worker] DEBUG org.hibernate.cfg.Ejb3Column - Binding column: Ejb3Column{table=org.hibernate.mapping.Table(concedii), mappingColumn=data_inceput, insertable=true, updatable=true, unique=false}
21:23:01.101 [Test worker] DEBUG org.hibernate.cfg.annotations.PropertyBinder - MetadataSourceProcessor property dataInceput with lazy=false
21:23:01.101 [Test worker] DEBUG org.hibernate.cfg.AbstractPropertyHolder - Attempting to locate auto-apply AttributeConverter for property [domain.Concediu:dataInceput]
21:23:01.101 [Test worker] DEBUG org.hibernate.cfg.annotations.SimpleValueBinder - building SimpleValue for dataInceput
21:23:01.101 [Test worker] DEBUG org.hibernate.cfg.annotations.PropertyBinder - Building property dataInceput
21:23:01.101 [Test worker] DEBUG org.hibernate.cfg.Ejb3Column - Binding column: Ejb3Column{table=org.hibernate.mapping.Table(concedii), mappingColumn=data_sfarsit, insertable=true, updatable=true, unique=false}
21:23:01.101 [Test worker] DEBUG org.hibernate.cfg.annotations.PropertyBinder - MetadataSourceProcessor property dataSfarsit with lazy=false
21:23:01.101 [Test worker] DEBUG org.hibernate.cfg.AbstractPropertyHolder - Attempting to locate auto-apply AttributeConverter for property [domain.Concediu:dataSfarsit]
21:23:01.101 [Test worker] DEBUG org.hibernate.cfg.annotations.SimpleValueBinder - building SimpleValue for dataSfarsit
21:23:01.101 [Test worker] DEBUG org.hibernate.cfg.annotations.PropertyBinder - Building property dataSfarsit
21:23:01.101 [Test worker] DEBUG org.hibernate.cfg.AnnotationBinder - Binding entity from annotated class: domain.Departament
21:23:01.101 [Test worker] DEBUG org.hibernate.cfg.Ejb3Column - Binding column: Ejb3DiscriminatorColumn{logicalColumnName'DTYPE', discriminatorTypeName='string'}
21:23:01.101 [Test worker] DEBUG org.hibernate.cfg.annotations.EntityBinder - Import with entity name Departament
21:23:01.101 [Test worker] DEBUG org.hibernate.cfg.annotations.EntityBinder - Bind entity domain.Departament on table departamente
21:23:01.101 [Test worker] DEBUG org.hibernate.cfg.Ejb3Column - Binding column: Ejb3Column{table=org.hibernate.mapping.Table(departamente), mappingColumn=id, insertable=true, updatable=true, unique=false}
21:23:01.101 [Test worker] DEBUG org.hibernate.boot.internal.ClassLoaderAccessImpl - Not known whether passed class name [domain.Departament] is safe
21:23:01.101 [Test worker] DEBUG org.hibernate.boot.internal.ClassLoaderAccessImpl - No temp ClassLoader provided; using live ClassLoader for loading potentially unsafe class : domain.Departament
21:23:01.101 [Test worker] DEBUG org.hibernate.cfg.annotations.PropertyBinder - MetadataSourceProcessor property id with lazy=false
21:23:01.101 [Test worker] DEBUG org.hibernate.cfg.AbstractPropertyHolder - Attempting to locate auto-apply AttributeConverter for property [domain.Departament:id]
21:23:01.101 [Test worker] DEBUG org.hibernate.cfg.annotations.SimpleValueBinder - building SimpleValue for id
21:23:01.101 [Test worker] DEBUG org.hibernate.cfg.annotations.PropertyBinder - Building property id
21:23:01.101 [Test worker] DEBUG org.hibernate.cfg.BinderHelper - #makeIdGenerator(org.hibernate.mapping.SimpleValue([org.hibernate.mapping.Column(id)]), id, identity, , ...)
21:23:01.101 [Test worker] DEBUG org.hibernate.cfg.Ejb3Column - Binding column: Ejb3Column{table=org.hibernate.mapping.Table(departamente), mappingColumn=id_director, insertable=true, updatable=true, unique=false}
21:23:01.101 [Test worker] DEBUG org.hibernate.cfg.annotations.PropertyBinder - MetadataSourceProcessor property idDirector with lazy=false
21:23:01.101 [Test worker] DEBUG org.hibernate.cfg.AbstractPropertyHolder - Attempting to locate auto-apply AttributeConverter for property [domain.Departament:idDirector]
21:23:01.101 [Test worker] DEBUG org.hibernate.cfg.annotations.SimpleValueBinder - building SimpleValue for idDirector
21:23:01.101 [Test worker] DEBUG org.hibernate.cfg.annotations.PropertyBinder - Building property idDirector
21:23:01.101 [Test worker] DEBUG org.hibernate.cfg.AnnotationBinder - Binding entity from annotated class: domain.Functie
21:23:01.101 [Test worker] DEBUG org.hibernate.cfg.Ejb3Column - Binding column: Ejb3DiscriminatorColumn{logicalColumnName'DTYPE', discriminatorTypeName='string'}
21:23:01.101 [Test worker] DEBUG org.hibernate.cfg.annotations.EntityBinder - Import with entity name Functie
21:23:01.101 [Test worker] DEBUG org.hibernate.cfg.annotations.EntityBinder - Bind entity domain.Functie on table functii
21:23:01.101 [Test worker] DEBUG org.hibernate.cfg.Ejb3Column - Binding column: Ejb3Column{table=org.hibernate.mapping.Table(functii), mappingColumn=id, insertable=true, updatable=true, unique=false}
21:23:01.101 [Test worker] DEBUG org.hibernate.boot.internal.ClassLoaderAccessImpl - Not known whether passed class name [domain.Functie] is safe
21:23:01.101 [Test worker] DEBUG org.hibernate.boot.internal.ClassLoaderAccessImpl - No temp ClassLoader provided; using live ClassLoader for loading potentially unsafe class : domain.Functie
21:23:01.101 [Test worker] DEBUG org.hibernate.cfg.annotations.PropertyBinder - MetadataSourceProcessor property id with lazy=false
21:23:01.101 [Test worker] DEBUG org.hibernate.cfg.AbstractPropertyHolder - Attempting to locate auto-apply AttributeConverter for property [domain.Functie:id]
21:23:01.101 [Test worker] DEBUG org.hibernate.cfg.annotations.SimpleValueBinder - building SimpleValue for id
21:23:01.101 [Test worker] DEBUG org.hibernate.cfg.annotations.PropertyBinder - Building property id
21:23:01.101 [Test worker] DEBUG org.hibernate.cfg.BinderHelper - #makeIdGenerator(org.hibernate.mapping.SimpleValue([org.hibernate.mapping.Column(id)]), id, identity, , ...)
21:23:01.101 [Test worker] DEBUG org.hibernate.cfg.Ejb3Column - Binding column: Ejb3Column{table=org.hibernate.mapping.Table(functii), mappingColumn=salar_de_baza, insertable=true, updatable=true, unique=false}
21:23:01.101 [Test worker] DEBUG org.hibernate.cfg.annotations.PropertyBinder - MetadataSourceProcessor property salarDeBaza with lazy=false
21:23:01.101 [Test worker] DEBUG org.hibernate.cfg.AbstractPropertyHolder - Attempting to locate auto-apply AttributeConverter for property [domain.Functie:salarDeBaza]
21:23:01.101 [Test worker] DEBUG org.hibernate.cfg.annotations.SimpleValueBinder - building SimpleValue for salarDeBaza
21:23:01.101 [Test worker] DEBUG org.hibernate.cfg.annotations.PropertyBinder - Building property salarDeBaza
21:23:01.101 [Test worker] DEBUG org.hibernate.cfg.AnnotationBinder - Binding entity from annotated class: domain.Proiect
21:23:01.101 [Test worker] DEBUG org.hibernate.cfg.Ejb3Column - Binding column: Ejb3DiscriminatorColumn{logicalColumnName'DTYPE', discriminatorTypeName='string'}
21:23:01.101 [Test worker] DEBUG org.hibernate.cfg.annotations.EntityBinder - Import with entity name Proiect
21:23:01.101 [Test worker] DEBUG org.hibernate.cfg.annotations.EntityBinder - Bind entity domain.Proiect on table proiecte
21:23:01.101 [Test worker] DEBUG org.hibernate.cfg.Ejb3Column - Binding column: Ejb3Column{table=org.hibernate.mapping.Table(proiecte), mappingColumn=id, insertable=true, updatable=true, unique=false}
21:23:01.101 [Test worker] DEBUG org.hibernate.boot.internal.ClassLoaderAccessImpl - Not known whether passed class name [domain.Proiect] is safe
21:23:01.101 [Test worker] DEBUG org.hibernate.boot.internal.ClassLoaderAccessImpl - No temp ClassLoader provided; using live ClassLoader for loading potentially unsafe class : domain.Proiect
21:23:01.101 [Test worker] DEBUG org.hibernate.cfg.annotations.PropertyBinder - MetadataSourceProcessor property id with lazy=false
21:23:01.101 [Test worker] DEBUG org.hibernate.cfg.AbstractPropertyHolder - Attempting to locate auto-apply AttributeConverter for property [domain.Proiect:id]
21:23:01.101 [Test worker] DEBUG org.hibernate.cfg.annotations.SimpleValueBinder - building SimpleValue for id
21:23:01.101 [Test worker] DEBUG org.hibernate.cfg.annotations.PropertyBinder - Building property id
21:23:01.101 [Test worker] DEBUG org.hibernate.cfg.BinderHelper - #makeIdGenerator(org.hibernate.mapping.SimpleValue([org.hibernate.mapping.Column(id)]), id, identity, , ...)
21:23:01.101 [Test worker] DEBUG org.hibernate.cfg.Ejb3Column - Binding column: Ejb3Column{table=org.hibernate.mapping.Table(proiecte), mappingColumn=data_inceput, insertable=true, updatable=true, unique=false}
21:23:01.101 [Test worker] DEBUG org.hibernate.cfg.annotations.PropertyBinder - MetadataSourceProcessor property dataInceput with lazy=false
21:23:01.101 [Test worker] DEBUG org.hibernate.cfg.AbstractPropertyHolder - Attempting to locate auto-apply AttributeConverter for property [domain.Proiect:dataInceput]
21:23:01.101 [Test worker] DEBUG org.hibernate.cfg.annotations.SimpleValueBinder - building SimpleValue for dataInceput
21:23:01.101 [Test worker] DEBUG org.hibernate.cfg.annotations.PropertyBinder - Building property dataInceput
21:23:01.101 [Test worker] DEBUG org.hibernate.cfg.Ejb3Column - Binding column: Ejb3Column{table=org.hibernate.mapping.Table(proiecte), mappingColumn=deadline, insertable=true, updatable=true, unique=false}
21:23:01.101 [Test worker] DEBUG org.hibernate.cfg.annotations.PropertyBinder - MetadataSourceProcessor property deadline with lazy=false
21:23:01.101 [Test worker] DEBUG org.hibernate.cfg.AbstractPropertyHolder - Attempting to locate auto-apply AttributeConverter for property [domain.Proiect:deadline]
21:23:01.101 [Test worker] DEBUG org.hibernate.cfg.annotations.SimpleValueBinder - building SimpleValue for deadline
21:23:01.101 [Test worker] DEBUG org.hibernate.cfg.annotations.PropertyBinder - Building property deadline
21:23:01.101 [Test worker] DEBUG org.hibernate.cfg.annotations.SimpleValueBinder - Starting fillSimpleValue for id
21:23:01.101 [Test worker] DEBUG org.hibernate.cfg.annotations.SimpleValueBinder - Starting fillSimpleValue for dataAngajare
21:23:01.101 [Test worker] DEBUG org.hibernate.cfg.annotations.SimpleValueBinder - Starting fillSimpleValue for idSuperior
21:23:01.101 [Test worker] DEBUG org.hibernate.cfg.annotations.SimpleValueBinder - Starting fillSimpleValue for id
21:23:01.101 [Test worker] DEBUG org.hibernate.cfg.annotations.SimpleValueBinder - Starting fillSimpleValue for dataInceput
21:23:01.101 [Test worker] DEBUG org.hibernate.cfg.annotations.SimpleValueBinder - Starting fillSimpleValue for dataSfarsit
21:23:01.101 [Test worker] DEBUG org.hibernate.cfg.annotations.SimpleValueBinder - Starting fillSimpleValue for id
21:23:01.101 [Test worker] DEBUG org.hibernate.cfg.annotations.SimpleValueBinder - Starting fillSimpleValue for idDirector
21:23:01.101 [Test worker] DEBUG org.hibernate.cfg.annotations.SimpleValueBinder - Starting fillSimpleValue for id
21:23:01.101 [Test worker] DEBUG org.hibernate.cfg.annotations.SimpleValueBinder - Starting fillSimpleValue for salarDeBaza
21:23:01.101 [Test worker] DEBUG org.hibernate.cfg.annotations.SimpleValueBinder - Starting fillSimpleValue for id
21:23:01.101 [Test worker] DEBUG org.hibernate.cfg.annotations.SimpleValueBinder - Starting fillSimpleValue for dataInceput
21:23:01.101 [Test worker] DEBUG org.hibernate.cfg.annotations.SimpleValueBinder - Starting fillSimpleValue for deadline
21:23:01.101 [Test worker] DEBUG org.hibernate.mapping.PrimaryKey - Forcing column [id] to be non-null as it is part of the primary key for table [angajati]
21:23:01.101 [Test worker] DEBUG org.hibernate.mapping.PrimaryKey - Forcing column [id] to be non-null as it is part of the primary key for table [concedii]
21:23:01.101 [Test worker] DEBUG org.hibernate.mapping.PrimaryKey - Forcing column [id] to be non-null as it is part of the primary key for table [departamente]
21:23:01.101 [Test worker] DEBUG org.hibernate.mapping.PrimaryKey - Forcing column [id] to be non-null as it is part of the primary key for table [functii]
21:23:01.101 [Test worker] DEBUG org.hibernate.mapping.PrimaryKey - Forcing column [id] to be non-null as it is part of the primary key for table [proiecte]
21:23:01.101 [Test worker] DEBUG org.hibernate.cfg.CollectionSecondPass - Second pass for collection: domain.Angajat.proiecte
21:23:01.101 [Test worker] DEBUG org.hibernate.cfg.annotations.CollectionBinder - Binding as ManyToMany: domain.Angajat.proiecte
21:23:01.101 [Test worker] DEBUG org.hibernate.mapping.PrimaryKey - Forcing column [id_angajat] to be non-null as it is part of the primary key for table [angajati_proiecte]
21:23:01.101 [Test worker] DEBUG org.hibernate.mapping.PrimaryKey - Forcing column [id_proiect] to be non-null as it is part of the primary key for table [angajati_proiecte]
21:23:01.101 [Test worker] DEBUG org.hibernate.cfg.CollectionSecondPass - Mapped collection key: id_angajat, element: id_proiect
21:23:01.101 [Test worker] DEBUG org.hibernate.cfg.CollectionSecondPass - Second pass for collection: domain.Angajat.departamente
21:23:01.101 [Test worker] DEBUG org.hibernate.cfg.annotations.CollectionBinder - Binding as ManyToMany: domain.Angajat.departamente
21:23:01.101 [Test worker] DEBUG org.hibernate.mapping.PrimaryKey - Forcing column [id_angajat] to be non-null as it is part of the primary key for table [angajati_departamente]
21:23:01.101 [Test worker] DEBUG org.hibernate.mapping.PrimaryKey - Forcing column [id_departament] to be non-null as it is part of the primary key for table [angajati_departamente]
21:23:01.101 [Test worker] DEBUG org.hibernate.cfg.CollectionSecondPass - Mapped collection key: id_angajat, element: id_departament
21:23:01.101 [Test worker] DEBUG org.hibernate.cfg.CollectionSecondPass - Second pass for collection: domain.Angajat.concedii
21:23:01.101 [Test worker] DEBUG org.hibernate.cfg.annotations.CollectionBinder - Binding a OneToMany: domain.Angajat.concedii through a foreign key
21:23:01.101 [Test worker] DEBUG org.hibernate.cfg.annotations.CollectionBinder - Mapping collection: domain.Angajat.concedii -> concedii
21:23:01.101 [Test worker] DEBUG org.hibernate.cfg.annotations.TableBinder - Retrieving property domain.Concediu.angajat
21:23:01.101 [Test worker] DEBUG org.hibernate.cfg.CollectionSecondPass - Mapped collection key: id_angajat, one-to-many: domain.Concediu
21:23:01.101 [Test worker] DEBUG org.hibernate.boot.internal.InFlightMetadataCollectorImpl - Resolving reference to class: domain.Functie
21:23:01.101 [Test worker] DEBUG org.hibernate.boot.internal.InFlightMetadataCollectorImpl - Resolving reference to class: domain.Departament
21:23:01.101 [Test worker] DEBUG org.hibernate.boot.internal.InFlightMetadataCollectorImpl - Resolving reference to class: domain.Angajat
21:23:01.101 [Test worker] DEBUG org.hibernate.boot.internal.InFlightMetadataCollectorImpl - Resolving reference to class: domain.Proiect
21:23:01.101 [Test worker] DEBUG org.hibernate.boot.internal.InFlightMetadataCollectorImpl - Resolving reference to class: domain.Angajat
21:23:01.101 [Test worker] DEBUG org.hibernate.boot.internal.InFlightMetadataCollectorImpl - Resolving reference to class: domain.Angajat
21:23:01.101 [Test worker] DEBUG org.hibernate.boot.internal.InFlightMetadataCollectorImpl - Resolving reference to class: domain.Functie
21:23:01.101 [Test worker] DEBUG org.hibernate.boot.internal.InFlightMetadataCollectorImpl - Resolving reference to class: domain.Departament
21:23:01.101 [Test worker] DEBUG org.hibernate.boot.internal.InFlightMetadataCollectorImpl - Resolving reference to class: domain.Angajat
21:23:01.101 [Test worker] DEBUG org.hibernate.boot.internal.InFlightMetadataCollectorImpl - Resolving reference to class: domain.Proiect
21:23:01.101 [Test worker] DEBUG org.hibernate.boot.internal.InFlightMetadataCollectorImpl - Resolving reference to class: domain.Angajat
21:23:01.101 [Test worker] DEBUG org.hibernate.boot.internal.InFlightMetadataCollectorImpl - Resolving reference to class: domain.Angajat
21:23:01.101 [Test worker] DEBUG org.hibernate.internal.SessionFactoryImpl - Building session factory
21:23:01.101 [Test worker] DEBUG org.hibernate.cfg.Settings - SessionFactory name : null
21:23:01.101 [Test worker] DEBUG org.hibernate.cfg.Settings - Automatic flush during beforeCompletion(): enabled
21:23:01.101 [Test worker] DEBUG org.hibernate.cfg.Settings - Automatic session close at end of transaction: disabled
21:23:01.101 [Test worker] DEBUG org.hibernate.cfg.Settings - Statistics: disabled
21:23:01.101 [Test worker] DEBUG org.hibernate.cfg.Settings - Deleted entity synthetic identifier rollback: disabled
21:23:01.101 [Test worker] DEBUG org.hibernate.cfg.Settings - Default entity-mode: pojo
21:23:01.101 [Test worker] DEBUG org.hibernate.cfg.Settings - Check Nullability in Core (should be disabled when Bean Validation is on): enabled
21:23:01.101 [Test worker] DEBUG org.hibernate.cfg.Settings - Allow initialization of lazy state outside session : enabled
21:23:01.101 [Test worker] DEBUG org.hibernate.cfg.Settings - Using BatchFetchStyle : LEGACY
21:23:01.101 [Test worker] DEBUG org.hibernate.cfg.Settings - Default batch fetch size: -1
21:23:01.101 [Test worker] DEBUG org.hibernate.cfg.Settings - Maximum outer join fetch depth: null
21:23:01.101 [Test worker] DEBUG org.hibernate.cfg.Settings - Default null ordering: NONE
21:23:01.101 [Test worker] DEBUG org.hibernate.cfg.Settings - Order SQL updates by primary key: disabled
21:23:01.101 [Test worker] DEBUG org.hibernate.cfg.Settings - Order SQL inserts for batching: disabled
21:23:01.101 [Test worker] DEBUG org.hibernate.cfg.Settings - multi-tenancy strategy : NONE
21:23:01.101 [Test worker] DEBUG org.hibernate.cfg.Settings - JTA Track by Thread: enabled
21:23:01.101 [Test worker] DEBUG org.hibernate.cfg.Settings - Query language substitutions: {}
21:23:01.101 [Test worker] DEBUG org.hibernate.cfg.Settings - Named query checking : enabled
21:23:01.101 [Test worker] DEBUG org.hibernate.cfg.Settings - Second-level cache: disabled
21:23:01.101 [Test worker] DEBUG org.hibernate.cfg.Settings - Second-level query cache: disabled
21:23:01.101 [Test worker] DEBUG org.hibernate.cfg.Settings - Second-level query cache factory: null
21:23:01.101 [Test worker] DEBUG org.hibernate.cfg.Settings - Second-level cache region prefix: null
21:23:01.101 [Test worker] DEBUG org.hibernate.cfg.Settings - Optimize second-level cache for minimal puts: disabled
21:23:01.101 [Test worker] DEBUG org.hibernate.cfg.Settings - Structured second-level cache entries: disabled
21:23:01.101 [Test worker] DEBUG org.hibernate.cfg.Settings - Second-level cache direct-reference entries: disabled
21:23:01.101 [Test worker] DEBUG org.hibernate.cfg.Settings - Automatic eviction of collection cache: disabled
21:23:01.101 [Test worker] DEBUG org.hibernate.cfg.Settings - JDBC batch size: 0
21:23:01.101 [Test worker] DEBUG org.hibernate.cfg.Settings - JDBC batch updates for versioned data: enabled
21:23:01.101 [Test worker] DEBUG org.hibernate.cfg.Settings - Scrollable result sets: disabled
21:23:01.101 [Test worker] DEBUG org.hibernate.cfg.Settings - Wrap result sets: disabled
21:23:01.101 [Test worker] DEBUG org.hibernate.cfg.Settings - JDBC3 getGeneratedKeys(): enabled
21:23:01.101 [Test worker] DEBUG org.hibernate.cfg.Settings - JDBC result set fetch size: null
21:23:01.101 [Test worker] DEBUG org.hibernate.cfg.Settings - Connection release mode: AFTER_TRANSACTION
21:23:01.101 [Test worker] DEBUG org.hibernate.cfg.Settings - Generate SQL with comments: disabled
21:23:01.101 [Test worker] DEBUG org.hibernate.cfg.Settings - JPA compliance - query : disabled
21:23:01.101 [Test worker] DEBUG org.hibernate.cfg.Settings - JPA compliance - closed-handling : disabled
21:23:01.101 [Test worker] DEBUG org.hibernate.cfg.Settings - JPA compliance - lists : disabled
21:23:01.101 [Test worker] DEBUG org.hibernate.cfg.Settings - JPA compliance - transactions : disabled
21:23:01.101 [Test worker] DEBUG org.hibernate.internal.SessionFactoryImpl - Session factory constructed with filter configurations : {}
21:23:01.101 [Test worker] DEBUG org.hibernate.internal.SessionFactoryImpl - Instantiating session factory with properties: {sun.desktop=windows, awt.toolkit=sun.awt.windows.WToolkit, dialect=utils.SQLiteDialect, java.specification.version=11, sun.cpu.isalist=amd64, sun.jnu.encoding=Cp1250, hibernate.dialect=utils.SQLiteDialect, org.gradle.test.worker=3, java.class.path=C:\\Users\\Dan\\.gradle\\caches\\6.8\\workerMain\\gradle-worker.jar;D:\\Facultate\\Projects\\OrganizareCompanie\\build\\classes\\java\\test;D:\\Facultate\\Projects\\OrganizareCompanie\\build\\resources\\test;D:\\Facultate\\Projects\\OrganizareCompanie\\build\\classes\\java\\main;D:\\Facultate\\Projects\\OrganizareCompanie\\build\\resources\\main;C:\\Users\\Dan\\.gradle\\caches\\modules-2\\files-2.1\\org.springframework.boot\\spring-boot-starter-web\\2.4.3\\4f5554ea183af87e52d8c31bb82aada0d74c40b0\\spring-boot-starter-web-2.4.3.jar;C:\\Users\\Dan\\.gradle\\caches\\modules-2\\files-2.1\\org.xerial\\sqlite-jdbc\\3.34.0\\fd29bb0124e3f79c80b2753162a6a3873c240bcf\\sqlite-jdbc-3.34.0.jar;C:\\Users\\Dan\\.gradle\\caches\\modules-2\\files-2.1\\org.hibernate\\hibernate-java8\\5.1.0.Final\\2bb534acab4f8485a821f0e4d6a2c8df617ee86a\\hibernate-java8-5.1.0.Final.jar;C:\\Users\\Dan\\.gradle\\caches\\modules-2\\files-2.1\\org.hibernate\\hibernate-core\\5.4.29.Final\\74b7c9ad3cb57ae4fd0187480a76f137a7fc3f38\\hibernate-core-5.4.29.Final.jar;C:\\Users\\Dan\\.gradle\\caches\\modules-2\\files-2.1\\org.junit.platform\\junit-platform-engine\\1.7.0\\eadb73c5074a4ac71061defd00fc176152a4d12c\\junit-platform-engine-1.7.0.jar;C:\\Users\\Dan\\.gradle\\caches\\modules-2\\files-2.1\\org.junit.platform\\junit-platform-commons\\1.7.0\\84e309fbf21d857aac079a3c1fffd84284e1114d\\junit-platform-commons-1.7.0.jar;C:\\Users\\Dan\\.gradle\\caches\\modules-2\\files-2.1\\org.junit.jupiter\\junit-jupiter-engine\\5.7.0\\d9044d6b45e2232ddd53fa56c15333e43d1749fd\\junit-jupiter-engine-5.7.0.jar;C:\\Users\\Dan\\.gradle\\caches\\modules-2\\files-2.1\\org.junit.jupiter\\junit-jupiter-api\\5.7.0\\b25f3815c4c1860a73041e733a14a0379d00c4d5\\junit-jupiter-api-5.7.0.jar;C:\\Users\\Dan\\.gradle\\caches\\modules-2\\files-2.1\\org.springframework.boot\\spring-boot-starter-json\\2.4.3\\7b26abb0a0379a00b58a2a50e010b29cf4f16b80\\spring-boot-starter-json-2.4.3.jar;C:\\Users\\Dan\\.gradle\\caches\\modules-2\\files-2.1\\org.springframework.boot\\spring-boot-starter\\2.4.3\\fd8bc0fb5f5aaefb4d6c8b77eb61563aab840c11\\spring-boot-starter-2.4.3.jar;C:\\Users\\Dan\\.gradle\\caches\\modules-2\\files-2.1\\org.springframework.boot\\spring-boot-starter-tomcat\\2.4.3\\4ba28aae05a259625e7e92f8e7338c5e1d22de35\\spring-boot-starter-tomcat-2.4.3.jar;C:\\Users\\Dan\\.gradle\\caches\\modules-2\\files-2.1\\org.springframework\\spring-webmvc\\5.3.4\\8dd52fbe8eafcc7c80998087ec6635baf7a98c20\\spring-webmvc-5.3.4.jar;C:\\Users\\Dan\\.gradle\\caches\\modules-2\\files-2.1\\org.springframework\\spring-web\\5.3.4\\d93829e24a50ed22e781f2302680a210cac5ee84\\spring-web-5.3.4.jar;C:\\Users\\Dan\\.gradle\\caches\\modules-2\\files-2.1\\org.hibernate.common\\hibernate-commons-annotations\\5.1.2.Final\\e59ffdbc6ad09eeb33507b39ffcf287679a498c8\\hibernate-commons-annotations-5.1.2.Final.jar;C:\\Users\\Dan\\.gradle\\caches\\modules-2\\files-2.1\\org.jboss.logging\\jboss-logging\\3.4.1.Final\\40fd4d696c55793e996d1ff3c475833f836c2498\\jboss-logging-3.4.1.Final.jar;C:\\Users\\Dan\\.gradle\\caches\\modules-2\\files-2.1\\javax.persistence\\javax.persistence-api\\2.2\\25665ac8c0b62f50e6488173233239120fc52c96\\javax.persistence-api-2.2.jar;C:\\Users\\Dan\\.gradle\\caches\\modules-2\\files-2.1\\org.javassist\\javassist\\3.27.0-GA\\f63e6aa899e15eca8fdaa402a79af4c417252213\\javassist-3.27.0-GA.jar;C:\\Users\\Dan\\.gradle\\caches\\modules-2\\files-2.1\\net.bytebuddy\\byte-buddy\\1.10.21\\5abe8e141cac9d50a721a22d9c188b3bf19ad0aa\\byte-buddy-1.10.21.jar;C:\\Users\\Dan\\.gradle\\caches\\modules-2\\files-2.1\\antlr\\antlr\\2.7.7\\83cd2cd674a217ade95a4bb83a8a14f351f48bd0\\antlr-2.7.7.jar;C:\\Users\\Dan\\.gradle\\caches\\modules-2\\files-2.1\\org.jboss.spec.javax.transaction\\jboss-transaction-api_1.2_spec\\1.1.1.Final\\a8485cab9484dda36e9a8c319e76b5cc18797b58\\jboss-transaction-api_1.2_spec-1.1.1.Final.jar;C:\\Users\\Dan\\.gradle\\caches\\modules-2\\files-2.1\\org.jboss\\jandex\\2.2.3.Final\\d3865101f0666b63586683bd811d754517f331ab\\jandex-2.2.3.Final.jar;C:\\Users\\Dan\\.gradle\\caches\\modules-2\\files-2.1\\com.fasterxml\\classmate\\1.5.1\\3fe0bed568c62df5e89f4f174c101eab25345b6c\\classmate-1.5.1.jar;C:\\Users\\Dan\\.gradle\\caches\\modules-2\\files-2.1\\org.glassfish.jaxb\\jaxb-runtime\\2.3.1\\dd6dda9da676a54c5b36ca2806ff95ee017d8738\\jaxb-runtime-2.3.1.jar;C:\\Users\\Dan\\.gradle\\caches\\modules-2\\files-2.1\\javax.xml.bind\\jaxb-api\\2.3.1\\8531ad5ac454cc2deb9d4d32c40c4d7451939b5d\\jaxb-api-2.3.1.jar;C:\\Users\\Dan\\.gradle\\caches\\modules-2\\files-2.1\\javax.activation\\javax.activation-api\\1.2.0\\85262acf3ca9816f9537ca47d5adeabaead7cb16\\javax.activation-api-1.2.0.jar;C:\\Users\\Dan\\.gradle\\caches\\modules-2\\files-2.1\\org.dom4j\\dom4j\\2.1.3\\a75914155a9f5808963170ec20653668a2ffd2fd\\dom4j-2.1.3.jar;C:\\Users\\Dan\\.gradle\\caches\\modules-2\\files-2.1\\org.apiguardian\\apiguardian-api\\1.1.0\\fc9dff4bb36d627bdc553de77e1f17efd790876c\\apiguardian-api-1.1.0.jar;C:\\Users\\Dan\\.gradle\\caches\\modules-2\\files-2.1\\org.opentest4j\\opentest4j\\1.2.0\\28c11eb91f9b6d8e200631d46e20a7f407f2a046\\opentest4j-1.2.0.jar;C:\\Users\\Dan\\.gradle\\caches\\modules-2\\files-2.1\\org.springframework.boot\\spring-boot-autoconfigure\\2.4.3\\2f8e1e682e55f70c8ea557982c7adb1256f41bcf\\spring-boot-autoconfigure-2.4.3.jar;C:\\Users\\Dan\\.gradle\\caches\\modules-2\\files-2.1\\org.springframework.boot\\spring-boot\\2.4.3\\de2bd17a8eb9bc3dfa629aa06f2e9fe3bf603c85\\spring-boot-2.4.3.jar;C:\\Users\\Dan\\.gradle\\caches\\modules-2\\files-2.1\\org.springframework.boot\\spring-boot-starter-logging\\2.4.3\\64687abc2255d18cd6592cbb20fa3bee3379cec8\\spring-boot-starter-logging-2.4.3.jar;C:\\Users\\Dan\\.gradle\\caches\\modules-2\\files-2.1\\jakarta.annotation\\jakarta.annotation-api\\1.3.5\\59eb84ee0d616332ff44aba065f3888cf002cd2d\\jakarta.annotation-api-1.3.5.jar;C:\\Users\\Dan\\.gradle\\caches\\modules-2\\files-2.1\\org.springframework\\spring-context\\5.3.4\\fbeadeb0e4d272599a938ec345e99e5f9a76e919\\spring-context-5.3.4.jar;C:\\Users\\Dan\\.gradle\\caches\\modules-2\\files-2.1\\org.springframework\\spring-aop\\5.3.4\\b7180a6427ab524bc1cbd31bf38dd2182632515f\\spring-aop-5.3.4.jar;C:\\Users\\Dan\\.gradle\\caches\\modules-2\\files-2.1\\org.springframework\\spring-beans\\5.3.4\\ac6c5ea0ba82f555405f74104cf378f8071c6d25\\spring-beans-5.3.4.jar;C:\\Users\\Dan\\.gradle\\caches\\modules-2\\files-2.1\\org.springframework\\spring-expression\\5.3.4\\42b71fa955e43a86471509aef14cefe756fc3794\\spring-expression-5.3.4.jar;C:\\Users\\Dan\\.gradle\\caches\\modules-2\\files-2.1\\org.springframework\\spring-core\\5.3.4\\46c1f8abd9e02a292c42a257350f365cec152b5d\\spring-core-5.3.4.jar;C:\\Users\\Dan\\.gradle\\caches\\modules-2\\files-2.1\\org.yaml\\snakeyaml\\1.27\\359d62567480b07a679dc643f82fc926b100eed5\\snakeyaml-1.27.jar;C:\\Users\\Dan\\.gradle\\caches\\modules-2\\files-2.1\\com.fasterxml.jackson.datatype\\jackson-datatype-jdk8\\2.11.4\\e1540dea3c6c681ea4e335a960f730861ee3bedb\\jackson-datatype-jdk8-2.11.4.jar;C:\\Users\\Dan\\.gradle\\caches\\modules-2\\files-2.1\\com.fasterxml.jackson.datatype\\jackson-datatype-jsr310\\2.11.4\\ce6fc76bba06623720e5a9308386b6ae74753f4d\\jackson-datatype-jsr310-2.11.4.jar;C:\\Users\\Dan\\.gradle\\caches\\modules-2\\files-2.1\\com.fasterxml.jackson.module\\jackson-module-parameter-names\\2.11.4\\432e050d79f2282a66c320375d628f1b0842cb12\\jackson-module-parameter-names-2.11.4.jar;C:\\Users\\Dan\\.gradle\\caches\\modules-2\\files-2.1\\com.fasterxml.jackson.core\\jackson-databind\\2.11.4\\5d9f3d441f99d721b957e3497f0a6465c764fad4\\jackson-databind-2.11.4.jar;C:\\Users\\Dan\\.gradle\\caches\\modules-2\\files-2.1\\org.apache.tomcat.embed\\tomcat-embed-websocket\\9.0.43\\78232648dde1a5fd5093f0a3999e593d208e2eab\\tomcat-embed-websocket-9.0.43.jar;C:\\Users\\Dan\\.gradle\\caches\\modules-2\\files-2.1\\org.apache.tomcat.embed\\tomcat-embed-core\\9.0.43\\1d102277426bdd5b12f048731a91665bb69347d1\\tomcat-embed-core-9.0.43.jar;C:\\Users\\Dan\\.gradle\\caches\\modules-2\\files-2.1\\org.glassfish\\jakarta.el\\3.0.3\\dab46ee1ee23f7197c13d7c40fce14817c9017df\\jakarta.el-3.0.3.jar;C:\\Users\\Dan\\.gradle\\caches\\modules-2\\files-2.1\\org.glassfish.jaxb\\txw2\\2.3.1\\a09d2c48d3285f206fafbffe0e50619284e92126\\txw2-2.3.1.jar;C:\\Users\\Dan\\.gradle\\caches\\modules-2\\files-2.1\\com.sun.istack\\istack-commons-runtime\\3.0.7\\c197c86ceec7318b1284bffb49b54226ca774003\\istack-commons-runtime-3.0.7.jar;C:\\Users\\Dan\\.gradle\\caches\\modules-2\\files-2.1\\org.jvnet.staxex\\stax-ex\\1.8\\8cc35f73da321c29973191f2cf143d29d26a1df7\\stax-ex-1.8.jar;C:\\Users\\Dan\\.gradle\\caches\\modules-2\\files-2.1\\com.sun.xml.fastinfoset\\FastInfoset\\1.2.15\\bb7b7ec0379982b97c62cd17465cb6d9155f68e8\\FastInfoset-1.2.15.jar;C:\\Users\\Dan\\.gradle\\caches\\modules-2\\files-2.1\\ch.qos.logback\\logback-classic\\1.2.3\\7c4f3c474fb2c041d8028740440937705ebb473a\\logback-classic-1.2.3.jar;C:\\Users\\Dan\\.gradle\\caches\\modules-2\\files-2.1\\org.apache.logging.log4j\\log4j-to-slf4j\\2.13.3\\966f6fd1af4959d6b12bfa880121d4a2b164f857\\log4j-to-slf4j-2.13.3.jar;C:\\Users\\Dan\\.gradle\\caches\\modules-2\\files-2.1\\org.slf4j\\jul-to-slf4j\\1.7.30\\d58bebff8cbf70ff52b59208586095f467656c30\\jul-to-slf4j-1.7.30.jar;C:\\Users\\Dan\\.gradle\\caches\\modules-2\\files-2.1\\org.springframework\\spring-jcl\\5.3.4\\ca012eb4e9e57f767aa9d5e51fe9a09b28140808\\spring-jcl-5.3.4.jar;C:\\Users\\Dan\\.gradle\\caches\\modules-2\\files-2.1\\com.fasterxml.jackson.core\\jackson-annotations\\2.11.4\\2c3f5c079330f3a01726686a078979420f547ae4\\jackson-annotations-2.11.4.jar;C:\\Users\\Dan\\.gradle\\caches\\modules-2\\files-2.1\\com.fasterxml.jackson.core\\jackson-core\\2.11.4\\593f7b18bab07a76767f181e2a2336135ce82cc4\\jackson-core-2.11.4.jar;C:\\Users\\Dan\\.gradle\\caches\\modules-2\\files-2.1\\ch.qos.logback\\logback-core\\1.2.3\\864344400c3d4d92dfeb0a305dc87d953677c03c\\logback-core-1.2.3.jar;C:\\Users\\Dan\\.gradle\\caches\\modules-2\\files-2.1\\org.slf4j\\slf4j-api\\1.7.30\\b5a4b6d16ab13e34a88fae84c35cd5d68cac922c\\slf4j-api-1.7.30.jar;C:\\Users\\Dan\\.gradle\\caches\\modules-2\\files-2.1\\org.apache.logging.log4j\\log4j-api\\2.13.3\\ec1508160b93d274b1add34419b897bae84c6ca9\\log4j-api-2.13.3.jar, java.vm.vendor=Oracle Corporation, sun.arch.data.model=64, user.variant=, java.vendor.url=http://java.oracle.com/, user.timezone=Europe/Athens, os.name=Windows 10, java.vm.specification.version=11, user.country=US, sun.java.launcher=SUN_STANDARD, sun.boot.library.path=C:\Program Files\Java\jdk-11.0.6\bin, sun.java.command=worker.org.gradle.process.internal.worker.GradleWorkerMain 'Gradle Test Executor 3', jdk.debug=release, sun.cpu.endian=little, user.home=C:\Users\Dan, user.language=en, java.specification.vendor=Oracle Corporation, org.gradle.native=false, java.version.date=2020-01-14, java.home=C:\Program Files\Java\jdk-11.0.6, file.separator=\, java.vm.compressedOopsMode=32-bit, line.separator=
, java.specification.name=Java Platform API Specification, java.vm.specification.vendor=Oracle Corporation, java.awt.graphicsenv=sun.awt.Win32GraphicsEnvironment, hibernate.hbm2ddl.auto=update, user.script=, sun.management.compiler=HotSpot 64-Bit Tiered Compilers, java.runtime.version=11.0.6+8-LTS, user.name=Dan, path.separator=;, hibernate.connection.username=****, os.version=10.0, hibernate.enable_lazy_load_no_trans=true, java.runtime.name=Java(TM) SE Runtime Environment, hibernate.connection.url=jdbc:sqlite:D:\Facultate\Projects\OrganizareCompanie\database, file.encoding=windows-1250, java.vm.name=Java HotSpot(TM) 64-Bit Server VM, hibernate.show_sql=true, java.vendor.version=18.9, hibernate.current_session_context_class=thread, hibernate.connection.driver_class=org.sqlite.JDBC, java.vendor.url.bug=http://bugreport.java.com/bugreport/, java.io.tmpdir=C:\Users\Dan\AppData\Local\Temp\, java.version=11.0.6, user.dir=D:\Facultate\Projects\OrganizareCompanie, os.arch=amd64, java.vm.specification.name=Java Virtual Machine Specification, java.awt.printerjob=sun.awt.windows.WPrinterJob, hibernate.connection.password=****, sun.os.patch.level=, connection.driver_class=org.sqlite.JDBC, hibernate.boot.CfgXmlAccessService.key=org.hibernate.boot.cfgxml.spi.LoadedConfig@596cd617, java.library.path=C:\Program Files\Java\jdk-11.0.6\bin;C:\WINDOWS\Sun\Java\bin;C:\WINDOWS\system32;C:\WINDOWS;;C:\Python38\Scripts\;C:\Python38\;D:\Facultate\Scripts\;D:\Facultate\;C:\Users\Dan\Desktop\Facultate 2018-2019\Semestrul I\Fundamentele programarii\Python\Scripts\;C:\Users\Dan\Desktop\Facultate 2018-2019\Semestrul I\Fundamentele programarii\Python\;C:\Users\Dan\Desktop\Facultate 2018-2019\Semestrul I\Fundamentele programarii\Scripts\;C:\Users\Dan\Desktop\Facultate 2018-2019\Semestrul I\Fundamentele programarii\;C:\WINDOWS\system32;C:\WINDOWS;C:\WINDOWS\System32\Wbem;C:\WINDOWS\System32\WindowsPowerShell\v1.0\;C:\WINDOWS\System32\OpenSSH\;D:\Facultate\PuTTY\;C:\Program Files\dotnet\;C:\Program Files\Microsoft SQL Server\Client SDK\ODBC\170\Tools\Binn\;C:\Users\Dan\Proto\bin;D:\Facultate\NodeJS\;C:\ProgramData\chocolatey\bin;C:\Program Files\Git\cmd;C:\Program Files\Java\jdk-10.0.2\bin;C:\Program Files (x86)\GnuWin32\bin;C:\MinGW\bin;C:\Program Files\Java\jdk-11.0.6\bin;C:\WINDOWS\system32;C:\WINDOWS;C:\WINDOWS\System32\Wbem;C:\WINDOWS\System32\WindowsPowerShell\v1.0\;C:\WINDOWS\System32\OpenSSH\;C:\Program Files\Intel\WiFi\bin\;C:\Program Files\Common Files\Intel\WirelessCommon\;D:\Facultate\Python\Scripts\;D:\Facultate\Python\;C:\Users\Dan\AppData\Local\Microsoft\WindowsApps;C:\Users\Dan\AppData\Local\GitHubDesktop\bin;C:\Users\Dan\AppData\Roaming\npm;D:\Facultate\Microsoft VS Code\bin;C:\Users\Dan\AppData\Local\Microsoft\WindowsApps;C:\Users\Dan\Documents\driver;;., java.vendor=Oracle Corporation, java.vm.info=mixed mode, java.vm.version=11.0.6+8-LTS, hibernate.bytecode.use_reflection_optimizer=false, sun.io.unicode.encoding=UnicodeLittle, hibernate.connection.pool_size=1, connection.url=jdbc:sqlite:D:\Facultate\Projects\OrganizareCompanie\database, java.class.version=55.0}
21:23:01.101 [Test worker] DEBUG org.hibernate.secure.spi.JaccIntegrator - Skipping JACC integration as it was not enabled
21:23:01.101 [Test worker] DEBUG org.hibernate.internal.SessionFactoryImpl - Instantiated session factory
21:23:01.101 [Test worker] DEBUG org.hibernate.type.spi.TypeConfiguration$Scope - Scoping TypeConfiguration [org.hibernate.type.spi.TypeConfiguration@2bf81475] to SessionFactoryImpl [org.hibernate.internal.SessionFactoryImpl@5cfd33ea]
21:23:01.101 [Test worker] DEBUG org.hibernate.boot.internal.ClassLoaderAccessImpl - Not known whether passed class name [domain.Functie] is safe
21:23:01.101 [Test worker] DEBUG org.hibernate.boot.internal.ClassLoaderAccessImpl - No temp ClassLoader provided; using live ClassLoader for loading potentially unsafe class : domain.Functie
21:23:01.101 [Test worker] DEBUG org.hibernate.boot.internal.ClassLoaderAccessImpl - Not known whether passed class name [domain.Departament] is safe
21:23:01.101 [Test worker] DEBUG org.hibernate.boot.internal.ClassLoaderAccessImpl - No temp ClassLoader provided; using live ClassLoader for loading potentially unsafe class : domain.Departament
21:23:01.101 [Test worker] DEBUG org.hibernate.boot.internal.ClassLoaderAccessImpl - Not known whether passed class name [domain.Angajat] is safe
21:23:01.101 [Test worker] DEBUG org.hibernate.boot.internal.ClassLoaderAccessImpl - No temp ClassLoader provided; using live ClassLoader for loading potentially unsafe class : domain.Angajat
21:23:01.116 [Test worker] DEBUG org.hibernate.boot.internal.ClassLoaderAccessImpl - Not known whether passed class name [domain.Proiect] is safe
21:23:01.116 [Test worker] DEBUG org.hibernate.boot.internal.ClassLoaderAccessImpl - No temp ClassLoader provided; using live ClassLoader for loading potentially unsafe class : domain.Proiect
21:23:01.116 [Test worker] DEBUG org.hibernate.boot.internal.ClassLoaderAccessImpl - Not known whether passed class name [domain.Concediu] is safe
21:23:01.116 [Test worker] DEBUG org.hibernate.boot.internal.ClassLoaderAccessImpl - No temp ClassLoader provided; using live ClassLoader for loading potentially unsafe class : domain.Concediu
21:23:01.116 [Test worker] DEBUG org.hibernate.persister.collection.AbstractCollectionPersister - Static SQL for collection: domain.Angajat.proiecte
21:23:01.116 [Test worker] DEBUG org.hibernate.persister.collection.AbstractCollectionPersister -  Row insert: insert into angajati_proiecte (id_angajat, id_proiect) values (?, ?)
21:23:01.116 [Test worker] DEBUG org.hibernate.persister.collection.AbstractCollectionPersister -  Row update: update angajati_proiecte set id_proiect=? where id_angajat=? and id_proiect=?
21:23:01.116 [Test worker] DEBUG org.hibernate.persister.collection.AbstractCollectionPersister -  Row delete: delete from angajati_proiecte where id_angajat=? and id_proiect=?
21:23:01.116 [Test worker] DEBUG org.hibernate.persister.collection.AbstractCollectionPersister -  One-shot delete: delete from angajati_proiecte where id_angajat=?
21:23:01.116 [Test worker] DEBUG org.hibernate.persister.collection.AbstractCollectionPersister - Static SQL for collection: domain.Angajat.concedii
21:23:01.116 [Test worker] DEBUG org.hibernate.persister.collection.AbstractCollectionPersister -  Row insert: update concedii set id_angajat=? where id=?
21:23:01.116 [Test worker] DEBUG org.hibernate.persister.collection.AbstractCollectionPersister -  Row update: update concedii set  where id=?
21:23:01.116 [Test worker] DEBUG org.hibernate.persister.collection.AbstractCollectionPersister -  Row delete: update concedii set id_angajat=null where id_angajat=? and id=?
21:23:01.116 [Test worker] DEBUG org.hibernate.persister.collection.AbstractCollectionPersister -  One-shot delete: update concedii set id_angajat=null where id_angajat=?
21:23:01.116 [Test worker] DEBUG org.hibernate.persister.collection.AbstractCollectionPersister - Static SQL for collection: domain.Angajat.departamente
21:23:01.116 [Test worker] DEBUG org.hibernate.persister.collection.AbstractCollectionPersister -  Row insert: insert into angajati_departamente (id_angajat, id_departament) values (?, ?)
21:23:01.116 [Test worker] DEBUG org.hibernate.persister.collection.AbstractCollectionPersister -  Row update: update angajati_departamente set id_departament=? where id_angajat=? and id_departament=?
21:23:01.116 [Test worker] DEBUG org.hibernate.persister.collection.AbstractCollectionPersister -  Row delete: delete from angajati_departamente where id_angajat=? and id_departament=?
21:23:01.116 [Test worker] DEBUG org.hibernate.persister.collection.AbstractCollectionPersister -  One-shot delete: delete from angajati_departamente where id_angajat=?
21:23:01.116 [Test worker] DEBUG org.hibernate.persister.entity.AbstractEntityPersister - Static SQL for entity: domain.Functie
21:23:01.116 [Test worker] DEBUG org.hibernate.persister.entity.AbstractEntityPersister -  Version select: select id from functii where id =?
21:23:01.116 [Test worker] DEBUG org.hibernate.persister.entity.AbstractEntityPersister -  Snapshot select: select functie_.id, functie_.salar_de_baza as salar_de2_5_ from functii functie_ where functie_.id=?
21:23:01.116 [Test worker] DEBUG org.hibernate.persister.entity.AbstractEntityPersister -  Insert 0: insert into functii (salar_de_baza, id) values (?, ?)
21:23:01.116 [Test worker] DEBUG org.hibernate.persister.entity.AbstractEntityPersister -  Update 0: update functii set salar_de_baza=? where id=?
21:23:01.116 [Test worker] DEBUG org.hibernate.persister.entity.AbstractEntityPersister -  Delete 0: delete from functii where id=?
21:23:01.116 [Test worker] DEBUG org.hibernate.persister.entity.AbstractEntityPersister -  Identity insert: insert into functii (salar_de_baza) values (?)
21:23:01.116 [Test worker] DEBUG org.hibernate.loader.plan.build.internal.spaces.QuerySpacesImpl - Adding QuerySpace : uid = <gen:0> -> org.hibernate.loader.plan.build.internal.spaces.EntityQuerySpaceImpl@5dd6e7fe]
21:23:01.116 [Test worker] DEBUG org.hibernate.persister.walking.spi.MetamodelGraphWalker - Visiting attribute path : salarDeBaza
21:23:01.116 [Test worker] DEBUG org.hibernate.loader.plan.build.internal.FetchStyleLoadPlanBuildingAssociationVisitationStrategy - Building LoadPlan...
21:23:01.116 [Test worker] DEBUG org.hibernate.loader.plan.exec.internal.LoadQueryJoinAndFetchProcessor - processing queryspace <gen:0>
21:23:01.116 [Test worker] DEBUG org.hibernate.loader.plan.build.spi.LoadPlanTreePrinter - LoadPlan(entity=domain.Functie)
    - Returns
       - EntityReturnImpl(entity=domain.Functie, querySpaceUid=<gen:0>, path=domain.Functie)
    - QuerySpaces
       - EntityQuerySpaceImpl(uid=<gen:0>, entity=domain.Functie)
          - SQL table alias mapping - functie0_
          - alias suffix - 0_
          - suffixed key columns - {id1_5_0_}

21:23:01.116 [Test worker] DEBUG org.hibernate.loader.entity.plan.EntityLoader - Static select for entity domain.Functie [NONE]: select functie0_.id as id1_5_0_, functie0_.salar_de_baza as salar_de2_5_0_ from functii functie0_ where functie0_.id=?
21:23:01.116 [Test worker] DEBUG org.hibernate.persister.entity.AbstractEntityPersister - Static SQL for entity: domain.Departament
21:23:01.116 [Test worker] DEBUG org.hibernate.persister.entity.AbstractEntityPersister -  Version select: select id from departamente where id =?
21:23:01.116 [Test worker] DEBUG org.hibernate.persister.entity.AbstractEntityPersister -  Snapshot select: select departamen_.id, departamen_.id_director as id_direc2_4_ from departamente departamen_ where departamen_.id=?
21:23:01.116 [Test worker] DEBUG org.hibernate.persister.entity.AbstractEntityPersister -  Insert 0: insert into departamente (id_director, id) values (?, ?)
21:23:01.116 [Test worker] DEBUG org.hibernate.persister.entity.AbstractEntityPersister -  Update 0: update departamente set id_director=? where id=?
21:23:01.116 [Test worker] DEBUG org.hibernate.persister.entity.AbstractEntityPersister -  Delete 0: delete from departamente where id=?
21:23:01.116 [Test worker] DEBUG org.hibernate.persister.entity.AbstractEntityPersister -  Identity insert: insert into departamente (id_director) values (?)
21:23:01.116 [Test worker] DEBUG org.hibernate.loader.plan.build.internal.spaces.QuerySpacesImpl - Adding QuerySpace : uid = <gen:0> -> org.hibernate.loader.plan.build.internal.spaces.EntityQuerySpaceImpl@413ee0c]
21:23:01.116 [Test worker] DEBUG org.hibernate.persister.walking.spi.MetamodelGraphWalker - Visiting attribute path : idDirector
21:23:01.116 [Test worker] DEBUG org.hibernate.loader.plan.build.internal.FetchStyleLoadPlanBuildingAssociationVisitationStrategy - Building LoadPlan...
21:23:01.116 [Test worker] DEBUG org.hibernate.loader.plan.exec.internal.LoadQueryJoinAndFetchProcessor - processing queryspace <gen:0>
21:23:01.116 [Test worker] DEBUG org.hibernate.loader.plan.build.spi.LoadPlanTreePrinter - LoadPlan(entity=domain.Departament)
    - Returns
       - EntityReturnImpl(entity=domain.Departament, querySpaceUid=<gen:0>, path=domain.Departament)
    - QuerySpaces
       - EntityQuerySpaceImpl(uid=<gen:0>, entity=domain.Departament)
          - SQL table alias mapping - departamen0_
          - alias suffix - 0_
          - suffixed key columns - {id1_4_0_}

21:23:01.116 [Test worker] DEBUG org.hibernate.loader.entity.plan.EntityLoader - Static select for entity domain.Departament [NONE]: select departamen0_.id as id1_4_0_, departamen0_.id_director as id_direc2_4_0_ from departamente departamen0_ where departamen0_.id=?
21:23:01.116 [Test worker] DEBUG org.hibernate.persister.entity.AbstractEntityPersister - Static SQL for entity: domain.Angajat
21:23:01.116 [Test worker] DEBUG org.hibernate.persister.entity.AbstractEntityPersister -  Version select: select id from angajati where id =?
21:23:01.116 [Test worker] DEBUG org.hibernate.persister.entity.AbstractEntityPersister -  Snapshot select: select angajat_.id, angajat_.data_angajare as data_ang2_0_, angajat_.functie_id as functie_4_0_, angajat_.id_superior as id_super3_0_ from angajati angajat_ where angajat_.id=?
21:23:01.116 [Test worker] DEBUG org.hibernate.persister.entity.AbstractEntityPersister -  Insert 0: insert into angajati (data_angajare, functie_id, id_superior, id) values (?, ?, ?, ?)
21:23:01.116 [Test worker] DEBUG org.hibernate.persister.entity.AbstractEntityPersister -  Update 0: update angajati set data_angajare=?, functie_id=?, id_superior=? where id=?
21:23:01.116 [Test worker] DEBUG org.hibernate.persister.entity.AbstractEntityPersister -  Delete 0: delete from angajati where id=?
21:23:01.116 [Test worker] DEBUG org.hibernate.persister.entity.AbstractEntityPersister -  Identity insert: insert into angajati (data_angajare, functie_id, id_superior) values (?, ?, ?)
21:23:01.116 [Test worker] DEBUG org.hibernate.loader.plan.build.internal.spaces.QuerySpacesImpl - Adding QuerySpace : uid = <gen:0> -> org.hibernate.loader.plan.build.internal.spaces.EntityQuerySpaceImpl@4f5ca4]
21:23:01.116 [Test worker] DEBUG org.hibernate.persister.walking.spi.MetamodelGraphWalker - Visiting attribute path : concedii
21:23:01.116 [Test worker] DEBUG org.hibernate.loader.plan.build.internal.spaces.QuerySpacesImpl - Adding QuerySpace : uid = <gen:1> -> org.hibernate.loader.plan.build.internal.spaces.CollectionQuerySpaceImpl@41d1d283]
21:23:01.116 [Test worker] DEBUG org.hibernate.loader.plan.build.internal.spaces.QuerySpacesImpl - Adding QuerySpace : uid = <gen:2> -> org.hibernate.loader.plan.build.internal.spaces.EntityQuerySpaceImpl@4eeaf122]
21:23:01.116 [Test worker] DEBUG org.hibernate.persister.walking.spi.MetamodelGraphWalker - Visiting attribute path : dataAngajare
21:23:01.116 [Test worker] DEBUG org.hibernate.persister.walking.spi.MetamodelGraphWalker - Visiting attribute path : departamente
21:23:01.116 [Test worker] DEBUG org.hibernate.loader.plan.build.internal.spaces.QuerySpacesImpl - Adding QuerySpace : uid = <gen:3> -> org.hibernate.loader.plan.build.internal.spaces.CollectionQuerySpaceImpl@343a3e27]
21:23:01.116 [Test worker] DEBUG org.hibernate.loader.plan.build.internal.spaces.QuerySpacesImpl - Adding QuerySpace : uid = <gen:4> -> org.hibernate.loader.plan.build.internal.spaces.EntityQuerySpaceImpl@2722b760]
21:23:01.116 [Test worker] DEBUG org.hibernate.persister.walking.spi.MetamodelGraphWalker - Visiting attribute path : functie
21:23:01.116 [Test worker] DEBUG org.hibernate.loader.plan.build.internal.spaces.QuerySpacesImpl - Adding QuerySpace : uid = <gen:5> -> org.hibernate.loader.plan.build.internal.spaces.EntityQuerySpaceImpl@68a82ccd]
21:23:01.116 [Test worker] DEBUG org.hibernate.persister.walking.spi.MetamodelGraphWalker - Visiting attribute path : functie.salarDeBaza
21:23:01.116 [Test worker] DEBUG org.hibernate.persister.walking.spi.MetamodelGraphWalker - Visiting attribute path : idSuperior
21:23:01.116 [Test worker] DEBUG org.hibernate.persister.walking.spi.MetamodelGraphWalker - Visiting attribute path : proiecte
21:23:01.116 [Test worker] DEBUG org.hibernate.loader.plan.build.internal.spaces.QuerySpacesImpl - Adding QuerySpace : uid = <gen:6> -> org.hibernate.loader.plan.build.internal.spaces.CollectionQuerySpaceImpl@14fc7010]
21:23:01.116 [Test worker] DEBUG org.hibernate.loader.plan.build.internal.spaces.QuerySpacesImpl - Adding QuerySpace : uid = <gen:7> -> org.hibernate.loader.plan.build.internal.spaces.EntityQuerySpaceImpl@26d74c58]
21:23:01.116 [Test worker] DEBUG org.hibernate.loader.plan.build.internal.FetchStyleLoadPlanBuildingAssociationVisitationStrategy - Building LoadPlan...
21:23:01.116 [Test worker] DEBUG org.hibernate.loader.plan.exec.internal.LoadQueryJoinAndFetchProcessor - processing queryspace <gen:0>
21:23:01.116 [Test worker] DEBUG org.hibernate.loader.plan.build.spi.LoadPlanTreePrinter - LoadPlan(entity=domain.Angajat)
    - Returns
       - EntityReturnImpl(entity=domain.Angajat, querySpaceUid=<gen:0>, path=domain.Angajat)
          - CollectionAttributeFetchImpl(collection=domain.Angajat.concedii, querySpaceUid=<gen:1>, path=domain.Angajat.concedii)
             - (collection element) CollectionFetchableElementEntityGraph(entity=domain.Concediu, querySpaceUid=<gen:2>, path=domain.Angajat.concedii.<elements>)
          - CollectionAttributeFetchImpl(collection=domain.Angajat.departamente, querySpaceUid=<gen:3>, path=domain.Angajat.departamente)
             - (collection element) CollectionFetchableElementEntityGraph(entity=domain.Departament, querySpaceUid=<gen:4>, path=domain.Angajat.departamente.<elements>)
          - EntityAttributeFetchImpl(entity=domain.Functie, querySpaceUid=<gen:5>, path=domain.Angajat.functie)
          - CollectionAttributeFetchImpl(collection=domain.Angajat.proiecte, querySpaceUid=<gen:6>, path=domain.Angajat.proiecte)
             - (collection element) CollectionFetchableElementEntityGraph(entity=domain.Proiect, querySpaceUid=<gen:7>, path=domain.Angajat.proiecte.<elements>)
    - QuerySpaces
       - EntityQuerySpaceImpl(uid=<gen:0>, entity=domain.Angajat)
          - SQL table alias mapping - angajat0_
          - alias suffix - 0_
          - suffixed key columns - {id1_0_0_}
          - JOIN (JoinDefinedByMetadata(functie)) : <gen:0> -> <gen:5>
             - EntityQuerySpaceImpl(uid=<gen:5>, entity=domain.Functie)
                - SQL table alias mapping - functie1_
                - alias suffix - 1_
                - suffixed key columns - {id1_5_1_}

21:23:01.116 [Test worker] DEBUG org.hibernate.loader.entity.plan.EntityLoader - Static select for entity domain.Angajat [NONE]: select angajat0_.id as id1_0_0_, angajat0_.data_angajare as data_ang2_0_0_, angajat0_.functie_id as functie_4_0_0_, angajat0_.id_superior as id_super3_0_0_, functie1_.id as id1_5_1_, functie1_.salar_de_baza as salar_de2_5_1_ from angajati angajat0_ left outer join functii functie1_ on angajat0_.functie_id=functie1_.id where angajat0_.id=?
21:23:01.116 [Test worker] DEBUG org.hibernate.persister.entity.AbstractEntityPersister - Static SQL for entity: domain.Proiect
21:23:01.116 [Test worker] DEBUG org.hibernate.persister.entity.AbstractEntityPersister -  Version select: select id from proiecte where id =?
21:23:01.116 [Test worker] DEBUG org.hibernate.persister.entity.AbstractEntityPersister -  Snapshot select: select proiect_.id, proiect_.data_inceput as data_inc2_6_, proiect_.deadline as deadline3_6_ from proiecte proiect_ where proiect_.id=?
21:23:01.116 [Test worker] DEBUG org.hibernate.persister.entity.AbstractEntityPersister -  Insert 0: insert into proiecte (data_inceput, deadline, id) values (?, ?, ?)
21:23:01.116 [Test worker] DEBUG org.hibernate.persister.entity.AbstractEntityPersister -  Update 0: update proiecte set data_inceput=?, deadline=? where id=?
21:23:01.116 [Test worker] DEBUG org.hibernate.persister.entity.AbstractEntityPersister -  Delete 0: delete from proiecte where id=?
21:23:01.116 [Test worker] DEBUG org.hibernate.persister.entity.AbstractEntityPersister -  Identity insert: insert into proiecte (data_inceput, deadline) values (?, ?)
21:23:01.116 [Test worker] DEBUG org.hibernate.loader.plan.build.internal.spaces.QuerySpacesImpl - Adding QuerySpace : uid = <gen:0> -> org.hibernate.loader.plan.build.internal.spaces.EntityQuerySpaceImpl@f30c20b]
21:23:01.116 [Test worker] DEBUG org.hibernate.persister.walking.spi.MetamodelGraphWalker - Visiting attribute path : dataInceput
21:23:01.116 [Test worker] DEBUG org.hibernate.persister.walking.spi.MetamodelGraphWalker - Visiting attribute path : deadline
21:23:01.116 [Test worker] DEBUG org.hibernate.loader.plan.build.internal.FetchStyleLoadPlanBuildingAssociationVisitationStrategy - Building LoadPlan...
21:23:01.116 [Test worker] DEBUG org.hibernate.loader.plan.exec.internal.LoadQueryJoinAndFetchProcessor - processing queryspace <gen:0>
21:23:01.116 [Test worker] DEBUG org.hibernate.loader.plan.build.spi.LoadPlanTreePrinter - LoadPlan(entity=domain.Proiect)
    - Returns
       - EntityReturnImpl(entity=domain.Proiect, querySpaceUid=<gen:0>, path=domain.Proiect)
    - QuerySpaces
       - EntityQuerySpaceImpl(uid=<gen:0>, entity=domain.Proiect)
          - SQL table alias mapping - proiect0_
          - alias suffix - 0_
          - suffixed key columns - {id1_6_0_}

21:23:01.116 [Test worker] DEBUG org.hibernate.loader.entity.plan.EntityLoader - Static select for entity domain.Proiect [NONE]: select proiect0_.id as id1_6_0_, proiect0_.data_inceput as data_inc2_6_0_, proiect0_.deadline as deadline3_6_0_ from proiecte proiect0_ where proiect0_.id=?
21:23:01.132 [Test worker] DEBUG org.hibernate.persister.entity.AbstractEntityPersister - Static SQL for entity: domain.Concediu
21:23:01.132 [Test worker] DEBUG org.hibernate.persister.entity.AbstractEntityPersister -  Version select: select id from concedii where id =?
21:23:01.132 [Test worker] DEBUG org.hibernate.persister.entity.AbstractEntityPersister -  Snapshot select: select concediu_.id, concediu_.id_angajat as id_angaj4_3_, concediu_.data_inceput as data_inc2_3_, concediu_.data_sfarsit as data_sfa3_3_ from concedii concediu_ where concediu_.id=?
21:23:01.132 [Test worker] DEBUG org.hibernate.persister.entity.AbstractEntityPersister -  Insert 0: insert into concedii (id_angajat, data_inceput, data_sfarsit, id) values (?, ?, ?, ?)
21:23:01.132 [Test worker] DEBUG org.hibernate.persister.entity.AbstractEntityPersister -  Update 0: update concedii set id_angajat=?, data_inceput=?, data_sfarsit=? where id=?
21:23:01.132 [Test worker] DEBUG org.hibernate.persister.entity.AbstractEntityPersister -  Delete 0: delete from concedii where id=?
21:23:01.132 [Test worker] DEBUG org.hibernate.persister.entity.AbstractEntityPersister -  Identity insert: insert into concedii (id_angajat, data_inceput, data_sfarsit) values (?, ?, ?)
21:23:01.132 [Test worker] DEBUG org.hibernate.loader.plan.build.internal.spaces.QuerySpacesImpl - Adding QuerySpace : uid = <gen:0> -> org.hibernate.loader.plan.build.internal.spaces.EntityQuerySpaceImpl@1c15730e]
21:23:01.132 [Test worker] DEBUG org.hibernate.persister.walking.spi.MetamodelGraphWalker - Visiting attribute path : angajat
21:23:01.132 [Test worker] DEBUG org.hibernate.loader.plan.build.internal.spaces.QuerySpacesImpl - Adding QuerySpace : uid = <gen:1> -> org.hibernate.loader.plan.build.internal.spaces.EntityQuerySpaceImpl@995e3ce]
21:23:01.132 [Test worker] DEBUG org.hibernate.persister.walking.spi.MetamodelGraphWalker - Visiting attribute path : dataInceput
21:23:01.132 [Test worker] DEBUG org.hibernate.persister.walking.spi.MetamodelGraphWalker - Visiting attribute path : dataSfarsit
21:23:01.132 [Test worker] DEBUG org.hibernate.loader.plan.build.internal.FetchStyleLoadPlanBuildingAssociationVisitationStrategy - Building LoadPlan...
21:23:01.132 [Test worker] DEBUG org.hibernate.loader.plan.exec.internal.LoadQueryJoinAndFetchProcessor - processing queryspace <gen:0>
21:23:01.132 [Test worker] DEBUG org.hibernate.loader.plan.build.spi.LoadPlanTreePrinter - LoadPlan(entity=domain.Concediu)
    - Returns
       - EntityReturnImpl(entity=domain.Concediu, querySpaceUid=<gen:0>, path=domain.Concediu)
          - EntityAttributeFetchImpl(entity=domain.Angajat, querySpaceUid=<gen:1>, path=domain.Concediu.angajat)
    - QuerySpaces
       - EntityQuerySpaceImpl(uid=<gen:0>, entity=domain.Concediu)
          - SQL table alias mapping - concediu0_
          - alias suffix - 0_
          - suffixed key columns - {id1_3_0_}

21:23:01.132 [Test worker] DEBUG org.hibernate.loader.entity.plan.EntityLoader - Static select for entity domain.Concediu [NONE]: select concediu0_.id as id1_3_0_, concediu0_.id_angajat as id_angaj4_3_0_, concediu0_.data_inceput as data_inc2_3_0_, concediu0_.data_sfarsit as data_sfa3_3_0_ from concedii concediu0_ where concediu0_.id=?
21:23:01.132 [Test worker] DEBUG org.hibernate.loader.plan.build.internal.spaces.QuerySpacesImpl - Adding QuerySpace : uid = <gen:0> -> org.hibernate.loader.plan.build.internal.spaces.CollectionQuerySpaceImpl@1583f2eb]
21:23:01.132 [Test worker] DEBUG org.hibernate.loader.plan.build.internal.spaces.QuerySpacesImpl - Adding QuerySpace : uid = <gen:1> -> org.hibernate.loader.plan.build.internal.spaces.EntityQuerySpaceImpl@22b96e56]
21:23:01.132 [Test worker] DEBUG org.hibernate.persister.walking.spi.MetamodelGraphWalker - Visiting attribute path : dataInceput
21:23:01.132 [Test worker] DEBUG org.hibernate.persister.walking.spi.MetamodelGraphWalker - Visiting attribute path : deadline
21:23:01.132 [Test worker] DEBUG org.hibernate.loader.plan.build.internal.FetchStyleLoadPlanBuildingAssociationVisitationStrategy - Building LoadPlan...
21:23:01.132 [Test worker] DEBUG org.hibernate.loader.plan.exec.internal.LoadQueryJoinAndFetchProcessor - processing queryspace <gen:0>
21:23:01.132 [Test worker] DEBUG org.hibernate.loader.plan.build.spi.LoadPlanTreePrinter - LoadPlan(collection=domain.Angajat.proiecte)
    - Returns
       - CollectionReturnImpl(collection=domain.Angajat.proiecte, querySpaceUid=<gen:0>, path=[domain.Angajat.proiecte])
          - (collection element) CollectionFetchableElementEntityGraph(entity=domain.Proiect, querySpaceUid=<gen:1>, path=[domain.Angajat.proiecte].<elements>)
    - QuerySpaces
       - CollectionQuerySpaceImpl(uid=<gen:0>, collection=domain.Angajat.proiecte)
          - SQL table alias mapping - proiecte0_
          - alias suffix - 0_
          - suffixed key columns - {id_angaj1_2_0_}
          - entity-element alias suffix - 1_
          - 1_entity-element suffixed key columns - id1_6_1_
          - JOIN (JoinDefinedByMetadata(elements)) : <gen:0> -> <gen:1>
             - EntityQuerySpaceImpl(uid=<gen:1>, entity=domain.Proiect)
                - SQL table alias mapping - proiect1_
                - alias suffix - 1_
                - suffixed key columns - {id1_6_1_}

21:23:01.132 [Test worker] DEBUG org.hibernate.loader.collection.plan.CollectionLoader - Static select for collection domain.Angajat.proiecte: select proiecte0_.id_angajat as id_angaj1_2_0_, proiecte0_.id_proiect as id_proie2_2_0_, proiect1_.id as id1_6_1_, proiect1_.data_inceput as data_inc2_6_1_, proiect1_.deadline as deadline3_6_1_ from angajati_proiecte proiecte0_ inner join proiecte proiect1_ on proiecte0_.id_proiect=proiect1_.id where proiecte0_.id_angajat=?
21:23:01.132 [Test worker] DEBUG org.hibernate.loader.plan.build.internal.spaces.QuerySpacesImpl - Adding QuerySpace : uid = <gen:0> -> org.hibernate.loader.plan.build.internal.spaces.CollectionQuerySpaceImpl@6c1e2709]
21:23:01.132 [Test worker] DEBUG org.hibernate.loader.plan.build.internal.spaces.QuerySpacesImpl - Adding QuerySpace : uid = <gen:1> -> org.hibernate.loader.plan.build.internal.spaces.EntityQuerySpaceImpl@53c3f02]
21:23:01.132 [Test worker] DEBUG org.hibernate.persister.walking.spi.MetamodelGraphWalker - Visiting attribute path : angajat
21:23:01.132 [Test worker] DEBUG org.hibernate.persister.walking.spi.MetamodelGraphWalker - Property path deemed to be circular : angajat
21:23:01.132 [Test worker] DEBUG org.hibernate.persister.walking.spi.MetamodelGraphWalker - Visiting attribute path : dataInceput
21:23:01.132 [Test worker] DEBUG org.hibernate.persister.walking.spi.MetamodelGraphWalker - Visiting attribute path : dataSfarsit
21:23:01.132 [Test worker] DEBUG org.hibernate.loader.plan.build.internal.FetchStyleLoadPlanBuildingAssociationVisitationStrategy - Building LoadPlan...
21:23:01.132 [Test worker] DEBUG org.hibernate.loader.plan.exec.internal.LoadQueryJoinAndFetchProcessor - processing queryspace <gen:0>
21:23:01.132 [Test worker] DEBUG org.hibernate.loader.plan.build.spi.LoadPlanTreePrinter - LoadPlan(collection=domain.Angajat.concedii)
    - Returns
       - CollectionReturnImpl(collection=domain.Angajat.concedii, querySpaceUid=<gen:0>, path=[domain.Angajat.concedii])
          - (collection element) CollectionFetchableElementEntityGraph(entity=domain.Concediu, querySpaceUid=<gen:1>, path=[domain.Angajat.concedii].<elements>)
    - QuerySpaces
       - CollectionQuerySpaceImpl(uid=<gen:0>, collection=domain.Angajat.concedii)
          - SQL table alias mapping - concedii0_
          - alias suffix - 0_
          - suffixed key columns - {id_angaj4_3_0_}
          - entity-element alias suffix - 1_
          - 1_entity-element suffixed key columns - id1_3_1_
          - JOIN (JoinDefinedByMetadata(elements)) : <gen:0> -> <gen:1>
             - EntityQuerySpaceImpl(uid=<gen:1>, entity=domain.Concediu)
                - SQL table alias mapping - concedii0_
                - alias suffix - 1_
                - suffixed key columns - {id1_3_1_}

21:23:01.132 [Test worker] DEBUG org.hibernate.loader.collection.plan.CollectionLoader - Static select for collection domain.Angajat.concedii: select concedii0_.id_angajat as id_angaj4_3_0_, concedii0_.id as id1_3_0_, concedii0_.id as id1_3_1_, concedii0_.id_angajat as id_angaj4_3_1_, concedii0_.data_inceput as data_inc2_3_1_, concedii0_.data_sfarsit as data_sfa3_3_1_ from concedii concedii0_ where concedii0_.id_angajat=?
21:23:01.132 [Test worker] DEBUG org.hibernate.loader.plan.build.internal.spaces.QuerySpacesImpl - Adding QuerySpace : uid = <gen:0> -> org.hibernate.loader.plan.build.internal.spaces.CollectionQuerySpaceImpl@56e68592]
21:23:01.132 [Test worker] DEBUG org.hibernate.loader.plan.build.internal.spaces.QuerySpacesImpl - Adding QuerySpace : uid = <gen:1> -> org.hibernate.loader.plan.build.internal.spaces.EntityQuerySpaceImpl@32467463]
21:23:01.132 [Test worker] DEBUG org.hibernate.persister.walking.spi.MetamodelGraphWalker - Visiting attribute path : idDirector
21:23:01.132 [Test worker] DEBUG org.hibernate.loader.plan.build.internal.FetchStyleLoadPlanBuildingAssociationVisitationStrategy - Building LoadPlan...
21:23:01.132 [Test worker] DEBUG org.hibernate.loader.plan.exec.internal.LoadQueryJoinAndFetchProcessor - processing queryspace <gen:0>
21:23:01.132 [Test worker] DEBUG org.hibernate.loader.plan.build.spi.LoadPlanTreePrinter - LoadPlan(collection=domain.Angajat.departamente)
    - Returns
       - CollectionReturnImpl(collection=domain.Angajat.departamente, querySpaceUid=<gen:0>, path=[domain.Angajat.departamente])
          - (collection element) CollectionFetchableElementEntityGraph(entity=domain.Departament, querySpaceUid=<gen:1>, path=[domain.Angajat.departamente].<elements>)
    - QuerySpaces
       - CollectionQuerySpaceImpl(uid=<gen:0>, collection=domain.Angajat.departamente)
          - SQL table alias mapping - departamen0_
          - alias suffix - 0_
          - suffixed key columns - {id_angaj1_1_0_}
          - entity-element alias suffix - 1_
          - 1_entity-element suffixed key columns - id1_4_1_
          - JOIN (JoinDefinedByMetadata(elements)) : <gen:0> -> <gen:1>
             - EntityQuerySpaceImpl(uid=<gen:1>, entity=domain.Departament)
                - SQL table alias mapping - departamen1_
                - alias suffix - 1_
                - suffixed key columns - {id1_4_1_}

21:23:01.132 [Test worker] DEBUG org.hibernate.loader.collection.plan.CollectionLoader - Static select for collection domain.Angajat.departamente: select departamen0_.id_angajat as id_angaj1_1_0_, departamen0_.id_departament as id_depar2_1_0_, departamen1_.id as id1_4_1_, departamen1_.id_director as id_direc2_4_1_ from angajati_departamente departamen0_ inner join departamente departamen1_ on departamen0_.id_departament=departamen1_.id where departamen0_.id_angajat=?
21:23:01.132 [Test worker] INFO org.hibernate.orm.connections.access - HHH10001501: Connection obtained from JdbcConnectionAccess [org.hibernate.engine.jdbc.env.internal.JdbcEnvironmentInitiator$ConnectionProviderJdbcConnectionAccess@664e062b] for (non-JTA) DDL execution was not in auto-commit mode; the Connection 'local transaction' will be committed and the Connection will be set into auto-commit mode.
21:23:01.132 [Test worker] DEBUG org.hibernate.mapping.Table - No alter strings for table : angajati
21:23:01.132 [Test worker] DEBUG org.hibernate.mapping.Table - No alter strings for table : angajati_departamente
21:23:01.132 [Test worker] DEBUG org.hibernate.mapping.Table - No alter strings for table : angajati_proiecte
21:23:01.132 [Test worker] DEBUG org.hibernate.mapping.Table - No alter strings for table : concedii
21:23:01.132 [Test worker] DEBUG org.hibernate.mapping.Table - No alter strings for table : departamente
21:23:01.132 [Test worker] DEBUG org.hibernate.mapping.Table - No alter strings for table : functii
21:23:01.132 [Test worker] DEBUG org.hibernate.mapping.Table - No alter strings for table : proiecte
21:23:01.132 [Test worker] DEBUG org.hibernate.query.spi.NamedQueryRepository - Checking 0 named HQL queries
21:23:01.132 [Test worker] DEBUG org.hibernate.query.spi.NamedQueryRepository - Checking 0 named SQL queries
21:23:01.132 [Test worker] DEBUG org.hibernate.internal.SessionFactoryRegistry - Registering SessionFactory: 08c54ba0-d117-44f8-8b89-8ba8dfd46d5e (<unnamed>)
21:23:01.132 [Test worker] DEBUG org.hibernate.internal.SessionFactoryRegistry - Not binding SessionFactory to JNDI, no JNDI name configured
21:23:01.132 [Test worker] DEBUG org.hibernate.stat.internal.StatisticsInitiator - Statistics initialized [enabled=false]
21:23:01.132 [Test worker] DEBUG org.hibernate.engine.transaction.internal.TransactionImpl - On TransactionImpl creation, JpaCompliance#isJpaTransactionComplianceEnabled == false
21:23:01.132 [Test worker] DEBUG org.hibernate.engine.transaction.internal.TransactionImpl - begin
21:23:01.132 [Test worker] DEBUG org.hibernate.hql.internal.QueryTranslatorFactoryInitiator - QueryTranslatorFactory: org.hibernate.hql.internal.ast.ASTQueryTranslatorFactory@1ec4c28e
21:23:01.132 [Test worker] DEBUG org.hibernate.hql.internal.ast.QueryTranslatorImpl - parse() - HQL: select a from domain.Angajat a where id=:id
21:23:01.132 [Test worker] DEBUG org.hibernate.hql.internal.ast.ErrorTracker - throwQueryException() : no errors
21:23:01.132 [Test worker] DEBUG org.hibernate.hql.internal.ast.QueryTranslatorImpl - --- HQL AST ---
 \-[QUERY] Node: 'query'
    +-[SELECT_FROM] Node: 'SELECT_FROM'
    |  +-[FROM] Node: 'from'
    |  |  \-[RANGE] Node: 'RANGE'
    |  |     +-[DOT] Node: '.'
    |  |     |  +-[IDENT] Node: 'domain'
    |  |     |  \-[IDENT] Node: 'Angajat'
    |  |     \-[ALIAS] Node: 'a'
    |  \-[SELECT] Node: 'select'
    |     \-[IDENT] Node: 'a'
    \-[WHERE] Node: 'where'
       \-[EQ] Node: '='
          +-[IDENT] Node: 'id'
          \-[COLON] Node: ':'
             \-[IDENT] Node: 'id'

21:23:01.132 [Test worker] DEBUG org.hibernate.hql.internal.antlr.HqlSqlBaseWalker - select << begin [level=1, statement=select]
21:23:01.132 [Test worker] DEBUG org.hibernate.hql.internal.ast.tree.FromElement - FromClause{level=1} : domain.Angajat (a) -> angajat0_
21:23:01.132 [Test worker] DEBUG org.hibernate.hql.internal.ast.tree.FromReferenceNode - Resolved : a -> angajat0_.id
21:23:01.132 [Test worker] DEBUG org.hibernate.hql.internal.ast.tree.FromReferenceNode - Resolved : {synthetic-alias} -> {synthetic-alias}
21:23:01.132 [Test worker] DEBUG org.hibernate.hql.internal.ast.tree.DotNode - getDataType() : id -> org.hibernate.type.IntegerType@14f541d2
21:23:01.132 [Test worker] DEBUG org.hibernate.hql.internal.ast.tree.FromReferenceNode - Resolved : {synthetic-alias}.id -> angajat0_.id
21:23:01.132 [Test worker] DEBUG org.hibernate.hql.internal.antlr.HqlSqlBaseWalker - select : finishing up [level=1, statement=select]
21:23:01.132 [Test worker] DEBUG org.hibernate.hql.internal.ast.HqlSqlWalker - processQuery() :  ( SELECT ( {select clause} angajat0_.id ) ( FromClause{level=1} angajati angajat0_ ) ( where ( = ( angajat0_.id {synthetic-alias} id ) ? ) ) )
21:23:01.132 [Test worker] DEBUG org.hibernate.hql.internal.ast.util.JoinProcessor - Tables referenced from query nodes:
 \-QueryNode
    +-SelectClause
    | referencedTables(entity Angajat): [angajati]
    |  +-IdentNode
    |  | persister: SingleTableEntityPersister(domain.Angajat)
    |  | originalText: a
    |  \-SqlFragment
    +-FromClause
    |  \-FromElement
    \-SqlNode
       \-BinaryLogicOperatorNode
          +-DotNode
          | persister: SingleTableEntityPersister(domain.Angajat)
          | path: {synthetic-alias}.id
          |  +-IdentNode
          |  | persister: SingleTableEntityPersister(domain.Angajat)
          |  | originalText: {synthetic-alias}
          |  \-IdentNode
          |    persister: null
          |    originalText: id
          \-ParameterNode

21:23:01.132 [Test worker] DEBUG org.hibernate.hql.internal.ast.util.JoinProcessor - Using FROM fragment [angajati angajat0_]
21:23:01.132 [Test worker] DEBUG org.hibernate.hql.internal.antlr.HqlSqlBaseWalker - select >> end [level=1, statement=select]
21:23:01.132 [Test worker] DEBUG org.hibernate.hql.internal.ast.QueryTranslatorImpl - --- SQL AST ---
 \-[SELECT] QueryNode: 'SELECT'  querySpaces (angajati)
    +-[SELECT_CLAUSE] SelectClause: '{select clause}'
    |  +-[ALIAS_REF] IdentNode: 'angajat0_.id as id1_0_' {alias=a, className=domain.Angajat, tableAlias=angajat0_}
    |  \-[SQL_TOKEN] SqlFragment: 'angajat0_.data_angajare as data_ang2_0_, angajat0_.functie_id as functie_4_0_, angajat0_.id_superior as id_super3_0_'
    +-[FROM] FromClause: 'from' FromClause{level=1, fromElementCounter=1, fromElements=1, fromElementByClassAlias=[a], fromElementByTableAlias=[angajat0_], fromElementsByPath=[], collectionJoinFromElementsByPath=[], impliedElements=[]}
    |  \-[FROM_FRAGMENT] FromElement: 'angajati angajat0_' FromElement{explicit,not a collection join,not a fetch join,fetch non-lazy properties,classAlias=a,role=null,tableName=angajati,tableAlias=angajat0_,origin=null,columns={,className=domain.Angajat}}
    \-[WHERE] SqlNode: 'where'
       \-[EQ] BinaryLogicOperatorNode: '='
          +-[DOT] DotNode: 'angajat0_.id' {propertyName=id,dereferenceType=PRIMITIVE,getPropertyPath=id,path={synthetic-alias}.id,tableAlias=angajat0_,className=domain.Angajat,classAlias=a}
          |  +-[IDENT] IdentNode: '{synthetic-alias}' {originalText={synthetic-alias}}
          |  \-[IDENT] IdentNode: 'id' {originalText=id}
          \-[NAMED_PARAM] ParameterNode: '?' {name=id, expectedType=org.hibernate.type.IntegerType@14f541d2}

21:23:01.132 [Test worker] DEBUG org.hibernate.hql.internal.ast.ErrorTracker - throwQueryException() : no errors
21:23:01.132 [Test worker] DEBUG org.hibernate.hql.internal.ast.QueryTranslatorImpl - HQL: select a from domain.Angajat a where id=:id
21:23:01.132 [Test worker] DEBUG org.hibernate.hql.internal.ast.QueryTranslatorImpl - SQL: select angajat0_.id as id1_0_, angajat0_.data_angajare as data_ang2_0_, angajat0_.functie_id as functie_4_0_, angajat0_.id_superior as id_super3_0_ from angajati angajat0_ where angajat0_.id=?
21:23:01.132 [Test worker] DEBUG org.hibernate.hql.internal.ast.ErrorTracker - throwQueryException() : no errors
21:23:01.132 [Test worker] DEBUG org.hibernate.SQL - select angajat0_.id as id1_0_, angajat0_.data_angajare as data_ang2_0_, angajat0_.functie_id as functie_4_0_, angajat0_.id_superior as id_super3_0_ from angajati angajat0_ where angajat0_.id=?
Hibernate: select angajat0_.id as id1_0_, angajat0_.data_angajare as data_ang2_0_, angajat0_.functie_id as functie_4_0_, angajat0_.id_superior as id_super3_0_ from angajati angajat0_ where angajat0_.id=?
21:23:01.132 [Test worker] DEBUG org.hibernate.loader.Loader - Result set row: 0
21:23:01.132 [Test worker] DEBUG org.hibernate.loader.Loader - Result row: EntityKey[domain.Angajat#2]
21:23:01.132 [Test worker] DEBUG org.hibernate.engine.internal.TwoPhaseLoad - Resolving attributes for [domain.Angajat#2]
21:23:01.132 [Test worker] DEBUG org.hibernate.engine.internal.TwoPhaseLoad - Processing attribute `concedii` : value = NOT NULL COLLECTION
21:23:01.132 [Test worker] DEBUG org.hibernate.engine.internal.TwoPhaseLoad - Attribute (`concedii`)  - enhanced for lazy-loading? - false
21:23:01.132 [Test worker] DEBUG org.hibernate.engine.internal.TwoPhaseLoad - Processing attribute `dataAngajare` : value = 2021-07-19
21:23:01.132 [Test worker] DEBUG org.hibernate.engine.internal.TwoPhaseLoad - Attribute (`dataAngajare`)  - enhanced for lazy-loading? - false
21:23:01.132 [Test worker] DEBUG org.hibernate.engine.internal.TwoPhaseLoad - Processing attribute `departamente` : value = NOT NULL COLLECTION
21:23:01.132 [Test worker] DEBUG org.hibernate.engine.internal.TwoPhaseLoad - Attribute (`departamente`)  - enhanced for lazy-loading? - false
21:23:01.132 [Test worker] DEBUG org.hibernate.engine.internal.TwoPhaseLoad - Processing attribute `functie` : value = 1
21:23:01.132 [Test worker] DEBUG org.hibernate.engine.internal.TwoPhaseLoad - Attribute (`functie`)  - enhanced for lazy-loading? - false
21:23:01.132 [Test worker] DEBUG org.hibernate.SQL - select functie0_.id as id1_5_0_, functie0_.salar_de_baza as salar_de2_5_0_ from functii functie0_ where functie0_.id=?
Hibernate: select functie0_.id as id1_5_0_, functie0_.salar_de_baza as salar_de2_5_0_ from functii functie0_ where functie0_.id=?
21:23:01.132 [Test worker] DEBUG org.hibernate.loader.plan.exec.process.internal.EntityReferenceInitializerImpl - On call to EntityIdentifierReaderImpl#resolve, EntityKey was already known; should only happen on root returns with an optional identifier specified
21:23:01.132 [Test worker] DEBUG org.hibernate.engine.internal.TwoPhaseLoad - Resolving attributes for [domain.Functie#1]
21:23:01.132 [Test worker] DEBUG org.hibernate.engine.internal.TwoPhaseLoad - Processing attribute `salarDeBaza` : value = 2000.0
21:23:01.132 [Test worker] DEBUG org.hibernate.engine.internal.TwoPhaseLoad - Attribute (`salarDeBaza`)  - enhanced for lazy-loading? - false
21:23:01.132 [Test worker] DEBUG org.hibernate.engine.internal.TwoPhaseLoad - Done materializing entity [domain.Functie#1]
21:23:01.132 [Test worker] DEBUG org.hibernate.loader.entity.plan.AbstractLoadPlanBasedEntityLoader - Done entity load : domain.Functie#1
21:23:01.132 [Test worker] DEBUG org.hibernate.engine.internal.TwoPhaseLoad - Processing attribute `idSuperior` : value = 2
21:23:01.132 [Test worker] DEBUG org.hibernate.engine.internal.TwoPhaseLoad - Attribute (`idSuperior`)  - enhanced for lazy-loading? - false
21:23:01.132 [Test worker] DEBUG org.hibernate.engine.internal.TwoPhaseLoad - Processing attribute `proiecte` : value = NOT NULL COLLECTION
21:23:01.132 [Test worker] DEBUG org.hibernate.engine.internal.TwoPhaseLoad - Attribute (`proiecte`)  - enhanced for lazy-loading? - false
21:23:01.132 [Test worker] DEBUG org.hibernate.engine.internal.TwoPhaseLoad - Done materializing entity [domain.Angajat#2]
21:23:01.132 [Test worker] DEBUG org.hibernate.engine.transaction.internal.TransactionImpl - committing
21:23:01.132 [Test worker] DEBUG org.hibernate.event.internal.AbstractFlushingEventListener - Processing flush-time cascades
21:23:01.132 [Test worker] DEBUG org.hibernate.event.internal.AbstractFlushingEventListener - Dirty checking collections
21:23:01.132 [Test worker] DEBUG org.hibernate.engine.internal.Collections - Collection found: [domain.Angajat.concedii#2], was: [domain.Angajat.concedii#2] (uninitialized)
21:23:01.132 [Test worker] DEBUG org.hibernate.engine.internal.Collections - Collection found: [domain.Angajat.departamente#2], was: [domain.Angajat.departamente#2] (uninitialized)
21:23:01.132 [Test worker] DEBUG org.hibernate.engine.internal.Collections - Collection found: [domain.Angajat.proiecte#2], was: [domain.Angajat.proiecte#2] (uninitialized)
21:23:01.132 [Test worker] DEBUG org.hibernate.event.internal.AbstractFlushingEventListener - Flushed: 0 insertions, 0 updates, 0 deletions to 2 objects
21:23:01.132 [Test worker] DEBUG org.hibernate.event.internal.AbstractFlushingEventListener - Flushed: 0 (re)creations, 0 updates, 0 removals to 3 collections
21:23:01.132 [Test worker] DEBUG org.hibernate.internal.util.EntityPrinter - Listing entities:
21:23:01.132 [Test worker] DEBUG org.hibernate.internal.util.EntityPrinter - domain.Functie{salarDeBaza=2000.0, id=1}
21:23:01.132 [Test worker] DEBUG org.hibernate.internal.util.EntityPrinter - domain.Angajat{proiecte=<uninitialized>, functie=domain.Functie#1, idSuperior=2, departamente=<uninitialized>, id=2, dataAngajare=2021-07-19, concedii=<uninitialized>}
21:23:01.132 [Test worker] DEBUG org.hibernate.resource.jdbc.internal.LogicalConnectionManagedImpl - Initiating JDBC connection release from afterTransaction
21:23:01.132 [Test worker] DEBUG org.hibernate.resource.jdbc.internal.LogicalConnectionManagedImpl - Initiating JDBC connection release from afterTransaction
21:23:01.132 [Test worker] DEBUG org.hibernate.engine.transaction.internal.TransactionImpl - On TransactionImpl creation, JpaCompliance#isJpaTransactionComplianceEnabled == false
21:23:01.132 [Test worker] DEBUG org.hibernate.engine.transaction.internal.TransactionImpl - begin
21:23:01.132 [Test worker] DEBUG org.hibernate.SQL - select angajat0_.id as id1_0_, angajat0_.data_angajare as data_ang2_0_, angajat0_.functie_id as functie_4_0_, angajat0_.id_superior as id_super3_0_ from angajati angajat0_ where angajat0_.id=?
Hibernate: select angajat0_.id as id1_0_, angajat0_.data_angajare as data_ang2_0_, angajat0_.functie_id as functie_4_0_, angajat0_.id_superior as id_super3_0_ from angajati angajat0_ where angajat0_.id=?
21:23:01.132 [Test worker] DEBUG org.hibernate.loader.Loader - Result set row: 0
21:23:01.132 [Test worker] DEBUG org.hibernate.loader.Loader - Result row: EntityKey[domain.Angajat#2]
21:23:01.132 [Test worker] DEBUG org.hibernate.engine.internal.TwoPhaseLoad - Resolving attributes for [domain.Angajat#2]
21:23:01.132 [Test worker] DEBUG org.hibernate.engine.internal.TwoPhaseLoad - Processing attribute `concedii` : value = NOT NULL COLLECTION
21:23:01.132 [Test worker] DEBUG org.hibernate.engine.internal.TwoPhaseLoad - Attribute (`concedii`)  - enhanced for lazy-loading? - false
21:23:01.132 [Test worker] DEBUG org.hibernate.engine.internal.TwoPhaseLoad - Processing attribute `dataAngajare` : value = 2021-07-19
21:23:01.132 [Test worker] DEBUG org.hibernate.engine.internal.TwoPhaseLoad - Attribute (`dataAngajare`)  - enhanced for lazy-loading? - false
21:23:01.132 [Test worker] DEBUG org.hibernate.engine.internal.TwoPhaseLoad - Processing attribute `departamente` : value = NOT NULL COLLECTION
21:23:01.132 [Test worker] DEBUG org.hibernate.engine.internal.TwoPhaseLoad - Attribute (`departamente`)  - enhanced for lazy-loading? - false
21:23:01.132 [Test worker] DEBUG org.hibernate.engine.internal.TwoPhaseLoad - Processing attribute `functie` : value = 1
21:23:01.132 [Test worker] DEBUG org.hibernate.engine.internal.TwoPhaseLoad - Attribute (`functie`)  - enhanced for lazy-loading? - false
21:23:01.132 [Test worker] DEBUG org.hibernate.SQL - select functie0_.id as id1_5_0_, functie0_.salar_de_baza as salar_de2_5_0_ from functii functie0_ where functie0_.id=?
Hibernate: select functie0_.id as id1_5_0_, functie0_.salar_de_baza as salar_de2_5_0_ from functii functie0_ where functie0_.id=?
21:23:01.132 [Test worker] DEBUG org.hibernate.loader.plan.exec.process.internal.EntityReferenceInitializerImpl - On call to EntityIdentifierReaderImpl#resolve, EntityKey was already known; should only happen on root returns with an optional identifier specified
21:23:01.132 [Test worker] DEBUG org.hibernate.engine.internal.TwoPhaseLoad - Resolving attributes for [domain.Functie#1]
21:23:01.132 [Test worker] DEBUG org.hibernate.engine.internal.TwoPhaseLoad - Processing attribute `salarDeBaza` : value = 2000.0
21:23:01.132 [Test worker] DEBUG org.hibernate.engine.internal.TwoPhaseLoad - Attribute (`salarDeBaza`)  - enhanced for lazy-loading? - false
21:23:01.132 [Test worker] DEBUG org.hibernate.engine.internal.TwoPhaseLoad - Done materializing entity [domain.Functie#1]
21:23:01.132 [Test worker] DEBUG org.hibernate.loader.entity.plan.AbstractLoadPlanBasedEntityLoader - Done entity load : domain.Functie#1
21:23:01.132 [Test worker] DEBUG org.hibernate.engine.internal.TwoPhaseLoad - Processing attribute `idSuperior` : value = 2
21:23:01.132 [Test worker] DEBUG org.hibernate.engine.internal.TwoPhaseLoad - Attribute (`idSuperior`)  - enhanced for lazy-loading? - false
21:23:01.132 [Test worker] DEBUG org.hibernate.engine.internal.TwoPhaseLoad - Processing attribute `proiecte` : value = NOT NULL COLLECTION
21:23:01.132 [Test worker] DEBUG org.hibernate.engine.internal.TwoPhaseLoad - Attribute (`proiecte`)  - enhanced for lazy-loading? - false
21:23:01.132 [Test worker] DEBUG org.hibernate.engine.internal.TwoPhaseLoad - Done materializing entity [domain.Angajat#2]
21:23:01.132 [Test worker] DEBUG org.hibernate.engine.transaction.internal.TransactionImpl - committing
21:23:01.132 [Test worker] DEBUG org.hibernate.event.internal.AbstractFlushingEventListener - Processing flush-time cascades
21:23:01.132 [Test worker] DEBUG org.hibernate.event.internal.AbstractFlushingEventListener - Dirty checking collections
21:23:01.132 [Test worker] DEBUG org.hibernate.engine.internal.Collections - Collection found: [domain.Angajat.concedii#2], was: [domain.Angajat.concedii#2] (uninitialized)
21:23:01.132 [Test worker] DEBUG org.hibernate.engine.internal.Collections - Collection found: [domain.Angajat.departamente#2], was: [domain.Angajat.departamente#2] (uninitialized)
21:23:01.132 [Test worker] DEBUG org.hibernate.engine.internal.Collections - Collection found: [domain.Angajat.proiecte#2], was: [domain.Angajat.proiecte#2] (uninitialized)
21:23:01.132 [Test worker] DEBUG org.hibernate.event.internal.AbstractFlushingEventListener - Flushed: 0 insertions, 0 updates, 0 deletions to 2 objects
21:23:01.132 [Test worker] DEBUG org.hibernate.event.internal.AbstractFlushingEventListener - Flushed: 0 (re)creations, 0 updates, 0 removals to 3 collections
21:23:01.132 [Test worker] DEBUG org.hibernate.internal.util.EntityPrinter - Listing entities:
21:23:01.132 [Test worker] DEBUG org.hibernate.internal.util.EntityPrinter - domain.Functie{salarDeBaza=2000.0, id=1}
21:23:01.132 [Test worker] DEBUG org.hibernate.internal.util.EntityPrinter - domain.Angajat{proiecte=<uninitialized>, functie=domain.Functie#1, idSuperior=2, departamente=<uninitialized>, id=2, dataAngajare=2021-07-19, concedii=<uninitialized>}
21:23:01.147 [Test worker] DEBUG org.hibernate.resource.jdbc.internal.LogicalConnectionManagedImpl - Initiating JDBC connection release from afterTransaction
21:23:01.147 [Test worker] DEBUG org.hibernate.resource.jdbc.internal.LogicalConnectionManagedImpl - Initiating JDBC connection release from afterTransaction
21:23:01.147 [Test worker] DEBUG org.hibernate.internal.SessionFactoryRegistry - Lookup: uid=f76966d3-877a-4e72-9876-07f0862f03e4
21:23:01.147 [Test worker] DEBUG org.hibernate.engine.transaction.internal.TransactionImpl - On TransactionImpl creation, JpaCompliance#isJpaTransactionComplianceEnabled == false
21:23:01.147 [Test worker] DEBUG org.hibernate.engine.transaction.internal.TransactionImpl - begin
21:23:01.147 [Test worker] DEBUG org.hibernate.loader.collection.plan.AbstractLoadPlanBasedCollectionInitializer - Loading collection: [domain.Angajat.proiecte#2]
21:23:01.147 [Test worker] DEBUG org.hibernate.SQL - select proiecte0_.id_angajat as id_angaj1_2_0_, proiecte0_.id_proiect as id_proie2_2_0_, proiect1_.id as id1_6_1_, proiect1_.data_inceput as data_inc2_6_1_, proiect1_.deadline as deadline3_6_1_ from angajati_proiecte proiecte0_ inner join proiecte proiect1_ on proiecte0_.id_proiect=proiect1_.id where proiecte0_.id_angajat=?
Hibernate: select proiecte0_.id_angajat as id_angaj1_2_0_, proiecte0_.id_proiect as id_proie2_2_0_, proiect1_.id as id1_6_1_, proiect1_.data_inceput as data_inc2_6_1_, proiect1_.deadline as deadline3_6_1_ from angajati_proiecte proiecte0_ inner join proiecte proiect1_ on proiecte0_.id_proiect=proiect1_.id where proiecte0_.id_angajat=?
21:23:01.147 [Test worker] DEBUG org.hibernate.loader.plan.exec.process.internal.ResultSetProcessorImpl - Preparing collection initializer : [domain.Angajat.proiecte#2]
21:23:01.147 [Test worker] DEBUG org.hibernate.loader.plan.exec.process.internal.CollectionReferenceInitializerImpl - Found row of collection: [domain.Angajat.proiecte#2]
21:23:01.147 [Test worker] DEBUG org.hibernate.loader.plan.exec.process.internal.CollectionReferenceInitializerImpl - Found row of collection: [domain.Angajat.proiecte#2]
21:23:01.147 [Test worker] DEBUG org.hibernate.loader.plan.exec.process.internal.CollectionReferenceInitializerImpl - Found row of collection: [domain.Angajat.proiecte#2]
21:23:01.147 [Test worker] DEBUG org.hibernate.engine.internal.TwoPhaseLoad - Resolving attributes for [domain.Proiect#1]
21:23:01.147 [Test worker] DEBUG org.hibernate.engine.internal.TwoPhaseLoad - Processing attribute `dataInceput` : value = 2021-07-20
21:23:01.147 [Test worker] DEBUG org.hibernate.engine.internal.TwoPhaseLoad - Attribute (`dataInceput`)  - enhanced for lazy-loading? - false
21:23:01.147 [Test worker] DEBUG org.hibernate.engine.internal.TwoPhaseLoad - Processing attribute `deadline` : value = 2021-07-30
21:23:01.147 [Test worker] DEBUG org.hibernate.engine.internal.TwoPhaseLoad - Attribute (`deadline`)  - enhanced for lazy-loading? - false
21:23:01.147 [Test worker] DEBUG org.hibernate.engine.internal.TwoPhaseLoad - Done materializing entity [domain.Proiect#1]
21:23:01.147 [Test worker] DEBUG org.hibernate.engine.internal.TwoPhaseLoad - Resolving attributes for [domain.Proiect#3]
21:23:01.147 [Test worker] DEBUG org.hibernate.engine.internal.TwoPhaseLoad - Processing attribute `dataInceput` : value = 2021-06-15
21:23:01.147 [Test worker] DEBUG org.hibernate.engine.internal.TwoPhaseLoad - Attribute (`dataInceput`)  - enhanced for lazy-loading? - false
21:23:01.147 [Test worker] DEBUG org.hibernate.engine.internal.TwoPhaseLoad - Processing attribute `deadline` : value = 2021-06-30
21:23:01.147 [Test worker] DEBUG org.hibernate.engine.internal.TwoPhaseLoad - Attribute (`deadline`)  - enhanced for lazy-loading? - false
21:23:01.147 [Test worker] DEBUG org.hibernate.engine.internal.TwoPhaseLoad - Done materializing entity [domain.Proiect#3]
21:23:01.147 [Test worker] DEBUG org.hibernate.engine.internal.TwoPhaseLoad - Resolving attributes for [domain.Proiect#4]
21:23:01.147 [Test worker] DEBUG org.hibernate.engine.internal.TwoPhaseLoad - Processing attribute `dataInceput` : value = 2021-06-15
21:23:01.147 [Test worker] DEBUG org.hibernate.engine.internal.TwoPhaseLoad - Attribute (`dataInceput`)  - enhanced for lazy-loading? - false
21:23:01.147 [Test worker] DEBUG org.hibernate.engine.internal.TwoPhaseLoad - Processing attribute `deadline` : value = 2021-06-30
21:23:01.147 [Test worker] DEBUG org.hibernate.engine.internal.TwoPhaseLoad - Attribute (`deadline`)  - enhanced for lazy-loading? - false
21:23:01.147 [Test worker] DEBUG org.hibernate.engine.internal.TwoPhaseLoad - Done materializing entity [domain.Proiect#4]
21:23:01.147 [Test worker] DEBUG org.hibernate.engine.loading.internal.CollectionLoadContext - 1 collections were found in result set for role: domain.Angajat.proiecte
21:23:01.147 [Test worker] DEBUG org.hibernate.engine.loading.internal.CollectionLoadContext - Collection fully initialized: [domain.Angajat.proiecte#2]
21:23:01.147 [Test worker] DEBUG org.hibernate.engine.loading.internal.CollectionLoadContext - 1 collections initialized for role: domain.Angajat.proiecte
21:23:01.147 [Test worker] DEBUG org.hibernate.loader.collection.plan.AbstractLoadPlanBasedCollectionInitializer - Done loading collection
21:23:01.147 [Test worker] DEBUG org.hibernate.engine.transaction.internal.TransactionImpl - committing
21:23:01.147 [Test worker] DEBUG org.hibernate.resource.jdbc.internal.LogicalConnectionManagedImpl - Initiating JDBC connection release from afterTransaction
21:23:01.147 [Test worker] DEBUG org.hibernate.resource.jdbc.internal.LogicalConnectionManagedImpl - Initiating JDBC connection release from afterTransaction
21:23:01.147 [Test worker] DEBUG org.hibernate.engine.transaction.internal.TransactionImpl - On TransactionImpl creation, JpaCompliance#isJpaTransactionComplianceEnabled == false
21:23:01.147 [Test worker] DEBUG org.hibernate.engine.transaction.internal.TransactionImpl - begin
21:23:01.147 [Test worker] DEBUG org.hibernate.SQL - select angajat0_.id as id1_0_, angajat0_.data_angajare as data_ang2_0_, angajat0_.functie_id as functie_4_0_, angajat0_.id_superior as id_super3_0_ from angajati angajat0_ where angajat0_.id=?
Hibernate: select angajat0_.id as id1_0_, angajat0_.data_angajare as data_ang2_0_, angajat0_.functie_id as functie_4_0_, angajat0_.id_superior as id_super3_0_ from angajati angajat0_ where angajat0_.id=?
21:23:01.147 [Test worker] DEBUG org.hibernate.loader.Loader - Result set row: 0
21:23:01.147 [Test worker] DEBUG org.hibernate.loader.Loader - Result row: EntityKey[domain.Angajat#2]
21:23:01.147 [Test worker] DEBUG org.hibernate.engine.internal.TwoPhaseLoad - Resolving attributes for [domain.Angajat#2]
21:23:01.147 [Test worker] DEBUG org.hibernate.engine.internal.TwoPhaseLoad - Processing attribute `concedii` : value = NOT NULL COLLECTION
21:23:01.147 [Test worker] DEBUG org.hibernate.engine.internal.TwoPhaseLoad - Attribute (`concedii`)  - enhanced for lazy-loading? - false
21:23:01.147 [Test worker] DEBUG org.hibernate.engine.internal.TwoPhaseLoad - Processing attribute `dataAngajare` : value = 2021-07-19
21:23:01.147 [Test worker] DEBUG org.hibernate.engine.internal.TwoPhaseLoad - Attribute (`dataAngajare`)  - enhanced for lazy-loading? - false
21:23:01.147 [Test worker] DEBUG org.hibernate.engine.internal.TwoPhaseLoad - Processing attribute `departamente` : value = NOT NULL COLLECTION
21:23:01.147 [Test worker] DEBUG org.hibernate.engine.internal.TwoPhaseLoad - Attribute (`departamente`)  - enhanced for lazy-loading? - false
21:23:01.147 [Test worker] DEBUG org.hibernate.engine.internal.TwoPhaseLoad - Processing attribute `functie` : value = 1
21:23:01.147 [Test worker] DEBUG org.hibernate.engine.internal.TwoPhaseLoad - Attribute (`functie`)  - enhanced for lazy-loading? - false
21:23:01.147 [Test worker] DEBUG org.hibernate.SQL - select functie0_.id as id1_5_0_, functie0_.salar_de_baza as salar_de2_5_0_ from functii functie0_ where functie0_.id=?
Hibernate: select functie0_.id as id1_5_0_, functie0_.salar_de_baza as salar_de2_5_0_ from functii functie0_ where functie0_.id=?
21:23:01.147 [Test worker] DEBUG org.hibernate.loader.plan.exec.process.internal.EntityReferenceInitializerImpl - On call to EntityIdentifierReaderImpl#resolve, EntityKey was already known; should only happen on root returns with an optional identifier specified
21:23:01.147 [Test worker] DEBUG org.hibernate.engine.internal.TwoPhaseLoad - Resolving attributes for [domain.Functie#1]
21:23:01.147 [Test worker] DEBUG org.hibernate.engine.internal.TwoPhaseLoad - Processing attribute `salarDeBaza` : value = 2000.0
21:23:01.147 [Test worker] DEBUG org.hibernate.engine.internal.TwoPhaseLoad - Attribute (`salarDeBaza`)  - enhanced for lazy-loading? - false
21:23:01.147 [Test worker] DEBUG org.hibernate.engine.internal.TwoPhaseLoad - Done materializing entity [domain.Functie#1]
21:23:01.147 [Test worker] DEBUG org.hibernate.loader.entity.plan.AbstractLoadPlanBasedEntityLoader - Done entity load : domain.Functie#1
21:23:01.147 [Test worker] DEBUG org.hibernate.engine.internal.TwoPhaseLoad - Processing attribute `idSuperior` : value = 2
21:23:01.147 [Test worker] DEBUG org.hibernate.engine.internal.TwoPhaseLoad - Attribute (`idSuperior`)  - enhanced for lazy-loading? - false
21:23:01.147 [Test worker] DEBUG org.hibernate.engine.internal.TwoPhaseLoad - Processing attribute `proiecte` : value = NOT NULL COLLECTION
21:23:01.147 [Test worker] DEBUG org.hibernate.engine.internal.TwoPhaseLoad - Attribute (`proiecte`)  - enhanced for lazy-loading? - false
21:23:01.147 [Test worker] DEBUG org.hibernate.engine.internal.TwoPhaseLoad - Done materializing entity [domain.Angajat#2]
21:23:01.147 [Test worker] DEBUG org.hibernate.engine.transaction.internal.TransactionImpl - committing
21:23:01.147 [Test worker] DEBUG org.hibernate.event.internal.AbstractFlushingEventListener - Processing flush-time cascades
21:23:01.147 [Test worker] DEBUG org.hibernate.event.internal.AbstractFlushingEventListener - Dirty checking collections
21:23:01.147 [Test worker] DEBUG org.hibernate.engine.internal.Collections - Collection found: [domain.Angajat.concedii#2], was: [domain.Angajat.concedii#2] (uninitialized)
21:23:01.147 [Test worker] DEBUG org.hibernate.engine.internal.Collections - Collection found: [domain.Angajat.departamente#2], was: [domain.Angajat.departamente#2] (uninitialized)
21:23:01.147 [Test worker] DEBUG org.hibernate.engine.internal.Collections - Collection found: [domain.Angajat.proiecte#2], was: [domain.Angajat.proiecte#2] (uninitialized)
21:23:01.147 [Test worker] DEBUG org.hibernate.event.internal.AbstractFlushingEventListener - Flushed: 0 insertions, 0 updates, 0 deletions to 2 objects
21:23:01.147 [Test worker] DEBUG org.hibernate.event.internal.AbstractFlushingEventListener - Flushed: 0 (re)creations, 0 updates, 0 removals to 3 collections
21:23:01.147 [Test worker] DEBUG org.hibernate.internal.util.EntityPrinter - Listing entities:
21:23:01.147 [Test worker] DEBUG org.hibernate.internal.util.EntityPrinter - domain.Functie{salarDeBaza=2000.0, id=1}
21:23:01.147 [Test worker] DEBUG org.hibernate.internal.util.EntityPrinter - domain.Angajat{proiecte=<uninitialized>, functie=domain.Functie#1, idSuperior=2, departamente=<uninitialized>, id=2, dataAngajare=2021-07-19, concedii=<uninitialized>}
21:23:01.147 [Test worker] DEBUG org.hibernate.resource.jdbc.internal.LogicalConnectionManagedImpl - Initiating JDBC connection release from afterTransaction
21:23:01.147 [Test worker] DEBUG org.hibernate.resource.jdbc.internal.LogicalConnectionManagedImpl - Initiating JDBC connection release from afterTransaction
21:23:01.147 [Test worker] DEBUG org.hibernate.internal.SessionFactoryRegistry - Lookup: uid=f76966d3-877a-4e72-9876-07f0862f03e4
21:23:01.147 [Test worker] DEBUG org.hibernate.engine.transaction.internal.TransactionImpl - On TransactionImpl creation, JpaCompliance#isJpaTransactionComplianceEnabled == false
21:23:01.147 [Test worker] DEBUG org.hibernate.engine.transaction.internal.TransactionImpl - begin
21:23:01.147 [Test worker] DEBUG org.hibernate.loader.collection.plan.AbstractLoadPlanBasedCollectionInitializer - Loading collection: [domain.Angajat.concedii#2]
21:23:01.147 [Test worker] DEBUG org.hibernate.SQL - select concedii0_.id_angajat as id_angaj4_3_0_, concedii0_.id as id1_3_0_, concedii0_.id as id1_3_1_, concedii0_.id_angajat as id_angaj4_3_1_, concedii0_.data_inceput as data_inc2_3_1_, concedii0_.data_sfarsit as data_sfa3_3_1_ from concedii concedii0_ where concedii0_.id_angajat=?
Hibernate: select concedii0_.id_angajat as id_angaj4_3_0_, concedii0_.id as id1_3_0_, concedii0_.id as id1_3_1_, concedii0_.id_angajat as id_angaj4_3_1_, concedii0_.data_inceput as data_inc2_3_1_, concedii0_.data_sfarsit as data_sfa3_3_1_ from concedii concedii0_ where concedii0_.id_angajat=?
21:23:01.147 [Test worker] DEBUG org.hibernate.loader.plan.exec.process.internal.ResultSetProcessorImpl - Preparing collection initializer : [domain.Angajat.concedii#2]
21:23:01.147 [Test worker] DEBUG org.hibernate.engine.loading.internal.CollectionLoadContext - 1 collections were found in result set for role: domain.Angajat.concedii
21:23:01.147 [Test worker] DEBUG org.hibernate.engine.loading.internal.CollectionLoadContext - Collection fully initialized: [domain.Angajat.concedii#2]
21:23:01.147 [Test worker] DEBUG org.hibernate.engine.loading.internal.CollectionLoadContext - 1 collections initialized for role: domain.Angajat.concedii
21:23:01.147 [Test worker] DEBUG org.hibernate.loader.collection.plan.AbstractLoadPlanBasedCollectionInitializer - Done loading collection
21:23:01.147 [Test worker] DEBUG org.hibernate.engine.transaction.internal.TransactionImpl - committing
21:23:01.147 [Test worker] DEBUG org.hibernate.resource.jdbc.internal.LogicalConnectionManagedImpl - Initiating JDBC connection release from afterTransaction
21:23:01.147 [Test worker] DEBUG org.hibernate.resource.jdbc.internal.LogicalConnectionManagedImpl - Initiating JDBC connection release from afterTransaction
21:23:01.147 [Test worker] DEBUG org.hibernate.stat.internal.StatisticsInitiator - Statistics initialized [enabled=false]
21:23:01.147 [Test worker] DEBUG org.hibernate.engine.transaction.internal.TransactionImpl - On TransactionImpl creation, JpaCompliance#isJpaTransactionComplianceEnabled == false
21:23:01.147 [Test worker] DEBUG org.hibernate.engine.transaction.internal.TransactionImpl - begin
21:23:01.147 [Test worker] DEBUG org.hibernate.hql.internal.QueryTranslatorFactoryInitiator - QueryTranslatorFactory: org.hibernate.hql.internal.ast.ASTQueryTranslatorFactory@1ec4c28e
21:23:01.147 [Test worker] DEBUG org.hibernate.hql.internal.ast.QueryTranslatorImpl - parse() - HQL: select a from domain.Proiect a where id=:id
21:23:01.147 [Test worker] DEBUG org.hibernate.hql.internal.ast.ErrorTracker - throwQueryException() : no errors
21:23:01.147 [Test worker] DEBUG org.hibernate.hql.internal.ast.QueryTranslatorImpl - --- HQL AST ---
 \-[QUERY] Node: 'query'
    +-[SELECT_FROM] Node: 'SELECT_FROM'
    |  +-[FROM] Node: 'from'
    |  |  \-[RANGE] Node: 'RANGE'
    |  |     +-[DOT] Node: '.'
    |  |     |  +-[IDENT] Node: 'domain'
    |  |     |  \-[IDENT] Node: 'Proiect'
    |  |     \-[ALIAS] Node: 'a'
    |  \-[SELECT] Node: 'select'
    |     \-[IDENT] Node: 'a'
    \-[WHERE] Node: 'where'
       \-[EQ] Node: '='
          +-[IDENT] Node: 'id'
          \-[COLON] Node: ':'
             \-[IDENT] Node: 'id'

21:23:01.147 [Test worker] DEBUG org.hibernate.hql.internal.antlr.HqlSqlBaseWalker - select << begin [level=1, statement=select]
21:23:01.147 [Test worker] DEBUG org.hibernate.hql.internal.ast.tree.FromElement - FromClause{level=1} : domain.Proiect (a) -> proiect0_
21:23:01.147 [Test worker] DEBUG org.hibernate.hql.internal.ast.tree.FromReferenceNode - Resolved : a -> proiect0_.id
21:23:01.147 [Test worker] DEBUG org.hibernate.hql.internal.ast.tree.FromReferenceNode - Resolved : {synthetic-alias} -> {synthetic-alias}
21:23:01.147 [Test worker] DEBUG org.hibernate.hql.internal.ast.tree.DotNode - getDataType() : id -> org.hibernate.type.IntegerType@14f541d2
21:23:01.147 [Test worker] DEBUG org.hibernate.hql.internal.ast.tree.FromReferenceNode - Resolved : {synthetic-alias}.id -> proiect0_.id
21:23:01.147 [Test worker] DEBUG org.hibernate.hql.internal.antlr.HqlSqlBaseWalker - select : finishing up [level=1, statement=select]
21:23:01.147 [Test worker] DEBUG org.hibernate.hql.internal.ast.HqlSqlWalker - processQuery() :  ( SELECT ( {select clause} proiect0_.id ) ( FromClause{level=1} proiecte proiect0_ ) ( where ( = ( proiect0_.id {synthetic-alias} id ) ? ) ) )
21:23:01.147 [Test worker] DEBUG org.hibernate.hql.internal.ast.util.JoinProcessor - Tables referenced from query nodes:
 \-QueryNode
    +-SelectClause
    | referencedTables(entity Proiect): [proiecte]
    |  +-IdentNode
    |  | persister: SingleTableEntityPersister(domain.Proiect)
    |  | originalText: a
    |  \-SqlFragment
    +-FromClause
    |  \-FromElement
    \-SqlNode
       \-BinaryLogicOperatorNode
          +-DotNode
          | persister: SingleTableEntityPersister(domain.Proiect)
          | path: {synthetic-alias}.id
          |  +-IdentNode
          |  | persister: SingleTableEntityPersister(domain.Proiect)
          |  | originalText: {synthetic-alias}
          |  \-IdentNode
          |    persister: null
          |    originalText: id
          \-ParameterNode

21:23:01.147 [Test worker] DEBUG org.hibernate.hql.internal.ast.util.JoinProcessor - Using FROM fragment [proiecte proiect0_]
21:23:01.147 [Test worker] DEBUG org.hibernate.hql.internal.antlr.HqlSqlBaseWalker - select >> end [level=1, statement=select]
21:23:01.147 [Test worker] DEBUG org.hibernate.hql.internal.ast.QueryTranslatorImpl - --- SQL AST ---
 \-[SELECT] QueryNode: 'SELECT'  querySpaces (proiecte)
    +-[SELECT_CLAUSE] SelectClause: '{select clause}'
    |  +-[ALIAS_REF] IdentNode: 'proiect0_.id as id1_6_' {alias=a, className=domain.Proiect, tableAlias=proiect0_}
    |  \-[SQL_TOKEN] SqlFragment: 'proiect0_.data_inceput as data_inc2_6_, proiect0_.deadline as deadline3_6_'
    +-[FROM] FromClause: 'from' FromClause{level=1, fromElementCounter=1, fromElements=1, fromElementByClassAlias=[a], fromElementByTableAlias=[proiect0_], fromElementsByPath=[], collectionJoinFromElementsByPath=[], impliedElements=[]}
    |  \-[FROM_FRAGMENT] FromElement: 'proiecte proiect0_' FromElement{explicit,not a collection join,not a fetch join,fetch non-lazy properties,classAlias=a,role=null,tableName=proiecte,tableAlias=proiect0_,origin=null,columns={,className=domain.Proiect}}
    \-[WHERE] SqlNode: 'where'
       \-[EQ] BinaryLogicOperatorNode: '='
          +-[DOT] DotNode: 'proiect0_.id' {propertyName=id,dereferenceType=PRIMITIVE,getPropertyPath=id,path={synthetic-alias}.id,tableAlias=proiect0_,className=domain.Proiect,classAlias=a}
          |  +-[IDENT] IdentNode: '{synthetic-alias}' {originalText={synthetic-alias}}
          |  \-[IDENT] IdentNode: 'id' {originalText=id}
          \-[NAMED_PARAM] ParameterNode: '?' {name=id, expectedType=org.hibernate.type.IntegerType@14f541d2}

21:23:01.147 [Test worker] DEBUG org.hibernate.hql.internal.ast.ErrorTracker - throwQueryException() : no errors
21:23:01.147 [Test worker] DEBUG org.hibernate.hql.internal.ast.QueryTranslatorImpl - HQL: select a from domain.Proiect a where id=:id
21:23:01.147 [Test worker] DEBUG org.hibernate.hql.internal.ast.QueryTranslatorImpl - SQL: select proiect0_.id as id1_6_, proiect0_.data_inceput as data_inc2_6_, proiect0_.deadline as deadline3_6_ from proiecte proiect0_ where proiect0_.id=?
21:23:01.147 [Test worker] DEBUG org.hibernate.hql.internal.ast.ErrorTracker - throwQueryException() : no errors
21:23:01.147 [Test worker] DEBUG org.hibernate.SQL - select proiect0_.id as id1_6_, proiect0_.data_inceput as data_inc2_6_, proiect0_.deadline as deadline3_6_ from proiecte proiect0_ where proiect0_.id=?
Hibernate: select proiect0_.id as id1_6_, proiect0_.data_inceput as data_inc2_6_, proiect0_.deadline as deadline3_6_ from proiecte proiect0_ where proiect0_.id=?
21:23:01.147 [Test worker] DEBUG org.hibernate.engine.transaction.internal.TransactionImpl - committing
21:23:01.147 [Test worker] DEBUG org.hibernate.resource.jdbc.internal.LogicalConnectionManagedImpl - Initiating JDBC connection release from afterTransaction
21:23:01.147 [Test worker] DEBUG org.hibernate.resource.jdbc.internal.LogicalConnectionManagedImpl - Initiating JDBC connection release from afterTransaction
21:23:01.147 [Test worker] DEBUG org.hibernate.engine.transaction.internal.TransactionImpl - On TransactionImpl creation, JpaCompliance#isJpaTransactionComplianceEnabled == false
21:23:01.147 [Test worker] DEBUG org.hibernate.engine.transaction.internal.TransactionImpl - begin
21:23:01.147 [Test worker] DEBUG org.hibernate.SQL - select proiect0_.id as id1_6_, proiect0_.data_inceput as data_inc2_6_, proiect0_.deadline as deadline3_6_ from proiecte proiect0_ where proiect0_.id=?
Hibernate: select proiect0_.id as id1_6_, proiect0_.data_inceput as data_inc2_6_, proiect0_.deadline as deadline3_6_ from proiecte proiect0_ where proiect0_.id=?
21:23:01.147 [Test worker] DEBUG org.hibernate.engine.transaction.internal.TransactionImpl - committing
21:23:01.147 [Test worker] DEBUG org.hibernate.resource.jdbc.internal.LogicalConnectionManagedImpl - Initiating JDBC connection release from afterTransaction
21:23:01.147 [Test worker] DEBUG org.hibernate.resource.jdbc.internal.LogicalConnectionManagedImpl - Initiating JDBC connection release from afterTransaction
21:23:01.147 [Test worker] DEBUG org.hibernate.engine.transaction.internal.TransactionImpl - On TransactionImpl creation, JpaCompliance#isJpaTransactionComplianceEnabled == false
21:23:01.147 [Test worker] DEBUG org.hibernate.engine.transaction.internal.TransactionImpl - begin
21:23:01.163 [Test worker] DEBUG org.hibernate.engine.spi.ActionQueue - Executing identity-insert immediately
21:23:01.163 [Test worker] DEBUG org.hibernate.SQL - insert into proiecte (data_inceput, deadline) values (?, ?)
Hibernate: insert into proiecte (data_inceput, deadline) values (?, ?)
21:23:01.163 [Test worker] DEBUG org.hibernate.id.IdentifierGeneratorHelper - Natively generated identity: 5
21:23:01.163 [Test worker] DEBUG org.hibernate.resource.jdbc.internal.ResourceRegistryStandardImpl - HHH000387: ResultSet's statement was not registered
21:23:01.163 [Test worker] DEBUG org.hibernate.engine.transaction.internal.TransactionImpl - committing
21:23:01.163 [Test worker] DEBUG org.hibernate.event.internal.AbstractFlushingEventListener - Processing flush-time cascades
21:23:01.163 [Test worker] DEBUG org.hibernate.event.internal.AbstractFlushingEventListener - Dirty checking collections
21:23:01.163 [Test worker] DEBUG org.hibernate.event.internal.AbstractFlushingEventListener - Flushed: 0 insertions, 0 updates, 0 deletions to 1 objects
21:23:01.163 [Test worker] DEBUG org.hibernate.event.internal.AbstractFlushingEventListener - Flushed: 0 (re)creations, 0 updates, 0 removals to 0 collections
21:23:01.163 [Test worker] DEBUG org.hibernate.internal.util.EntityPrinter - Listing entities:
21:23:01.163 [Test worker] DEBUG org.hibernate.internal.util.EntityPrinter - domain.Proiect{dataInceput=2021-06-15, id=5, deadline=2021-06-30}
21:23:01.179 [Test worker] DEBUG org.hibernate.resource.jdbc.internal.LogicalConnectionManagedImpl - Initiating JDBC connection release from afterTransaction
21:23:01.179 [Test worker] DEBUG org.hibernate.resource.jdbc.internal.LogicalConnectionManagedImpl - Initiating JDBC connection release from afterTransaction
21:23:01.179 [Test worker] DEBUG org.hibernate.internal.SessionFactoryRegistry - Lookup: uid=f76966d3-877a-4e72-9876-07f0862f03e4
21:23:01.179 [Test worker] DEBUG org.hibernate.engine.transaction.internal.TransactionImpl - On TransactionImpl creation, JpaCompliance#isJpaTransactionComplianceEnabled == false
21:23:01.179 [Test worker] DEBUG org.hibernate.engine.transaction.internal.TransactionImpl - begin
21:23:01.179 [Test worker] DEBUG org.hibernate.loader.collection.plan.AbstractLoadPlanBasedCollectionInitializer - Loading collection: [domain.Angajat.concedii#2]
21:23:01.179 [Test worker] DEBUG org.hibernate.SQL - select concedii0_.id_angajat as id_angaj4_3_0_, concedii0_.id as id1_3_0_, concedii0_.id as id1_3_1_, concedii0_.id_angajat as id_angaj4_3_1_, concedii0_.data_inceput as data_inc2_3_1_, concedii0_.data_sfarsit as data_sfa3_3_1_ from concedii concedii0_ where concedii0_.id_angajat=?
Hibernate: select concedii0_.id_angajat as id_angaj4_3_0_, concedii0_.id as id1_3_0_, concedii0_.id as id1_3_1_, concedii0_.id_angajat as id_angaj4_3_1_, concedii0_.data_inceput as data_inc2_3_1_, concedii0_.data_sfarsit as data_sfa3_3_1_ from concedii concedii0_ where concedii0_.id_angajat=?
21:23:01.179 [Test worker] DEBUG org.hibernate.loader.plan.exec.process.internal.ResultSetProcessorImpl - Preparing collection initializer : [domain.Angajat.concedii#2]
21:23:01.179 [Test worker] DEBUG org.hibernate.engine.loading.internal.CollectionLoadContext - 1 collections were found in result set for role: domain.Angajat.concedii
21:23:01.179 [Test worker] DEBUG org.hibernate.engine.loading.internal.CollectionLoadContext - Collection fully initialized: [domain.Angajat.concedii#2]
21:23:01.179 [Test worker] DEBUG org.hibernate.engine.loading.internal.CollectionLoadContext - 1 collections initialized for role: domain.Angajat.concedii
21:23:01.179 [Test worker] DEBUG org.hibernate.loader.collection.plan.AbstractLoadPlanBasedCollectionInitializer - Done loading collection
21:23:01.179 [Test worker] DEBUG org.hibernate.engine.transaction.internal.TransactionImpl - committing
21:23:01.179 [Test worker] DEBUG org.hibernate.resource.jdbc.internal.LogicalConnectionManagedImpl - Initiating JDBC connection release from afterTransaction
21:23:01.179 [Test worker] DEBUG org.hibernate.resource.jdbc.internal.LogicalConnectionManagedImpl - Initiating JDBC connection release from afterTransaction
21:23:01.179 [Test worker] DEBUG org.hibernate.internal.SessionFactoryRegistry - Lookup: uid=f76966d3-877a-4e72-9876-07f0862f03e4
21:23:01.179 [Test worker] DEBUG org.hibernate.engine.transaction.internal.TransactionImpl - On TransactionImpl creation, JpaCompliance#isJpaTransactionComplianceEnabled == false
21:23:01.179 [Test worker] DEBUG org.hibernate.engine.transaction.internal.TransactionImpl - begin
21:23:01.179 [Test worker] DEBUG org.hibernate.loader.collection.plan.AbstractLoadPlanBasedCollectionInitializer - Loading collection: [domain.Angajat.proiecte#2]
21:23:01.179 [Test worker] DEBUG org.hibernate.SQL - select proiecte0_.id_angajat as id_angaj1_2_0_, proiecte0_.id_proiect as id_proie2_2_0_, proiect1_.id as id1_6_1_, proiect1_.data_inceput as data_inc2_6_1_, proiect1_.deadline as deadline3_6_1_ from angajati_proiecte proiecte0_ inner join proiecte proiect1_ on proiecte0_.id_proiect=proiect1_.id where proiecte0_.id_angajat=?
Hibernate: select proiecte0_.id_angajat as id_angaj1_2_0_, proiecte0_.id_proiect as id_proie2_2_0_, proiect1_.id as id1_6_1_, proiect1_.data_inceput as data_inc2_6_1_, proiect1_.deadline as deadline3_6_1_ from angajati_proiecte proiecte0_ inner join proiecte proiect1_ on proiecte0_.id_proiect=proiect1_.id where proiecte0_.id_angajat=?
21:23:01.179 [Test worker] DEBUG org.hibernate.loader.plan.exec.process.internal.ResultSetProcessorImpl - Preparing collection initializer : [domain.Angajat.proiecte#2]
21:23:01.179 [Test worker] DEBUG org.hibernate.loader.plan.exec.process.internal.CollectionReferenceInitializerImpl - Found row of collection: [domain.Angajat.proiecte#2]
21:23:01.179 [Test worker] DEBUG org.hibernate.loader.plan.exec.process.internal.CollectionReferenceInitializerImpl - Found row of collection: [domain.Angajat.proiecte#2]
21:23:01.179 [Test worker] DEBUG org.hibernate.loader.plan.exec.process.internal.CollectionReferenceInitializerImpl - Found row of collection: [domain.Angajat.proiecte#2]
21:23:01.179 [Test worker] DEBUG org.hibernate.engine.internal.TwoPhaseLoad - Resolving attributes for [domain.Proiect#1]
21:23:01.179 [Test worker] DEBUG org.hibernate.engine.internal.TwoPhaseLoad - Processing attribute `dataInceput` : value = 2021-07-20
21:23:01.179 [Test worker] DEBUG org.hibernate.engine.internal.TwoPhaseLoad - Attribute (`dataInceput`)  - enhanced for lazy-loading? - false
21:23:01.179 [Test worker] DEBUG org.hibernate.engine.internal.TwoPhaseLoad - Processing attribute `deadline` : value = 2021-07-30
21:23:01.179 [Test worker] DEBUG org.hibernate.engine.internal.TwoPhaseLoad - Attribute (`deadline`)  - enhanced for lazy-loading? - false
21:23:01.179 [Test worker] DEBUG org.hibernate.engine.internal.TwoPhaseLoad - Done materializing entity [domain.Proiect#1]
21:23:01.179 [Test worker] DEBUG org.hibernate.engine.internal.TwoPhaseLoad - Resolving attributes for [domain.Proiect#3]
21:23:01.179 [Test worker] DEBUG org.hibernate.engine.internal.TwoPhaseLoad - Processing attribute `dataInceput` : value = 2021-06-15
21:23:01.179 [Test worker] DEBUG org.hibernate.engine.internal.TwoPhaseLoad - Attribute (`dataInceput`)  - enhanced for lazy-loading? - false
21:23:01.179 [Test worker] DEBUG org.hibernate.engine.internal.TwoPhaseLoad - Processing attribute `deadline` : value = 2021-06-30
21:23:01.179 [Test worker] DEBUG org.hibernate.engine.internal.TwoPhaseLoad - Attribute (`deadline`)  - enhanced for lazy-loading? - false
21:23:01.179 [Test worker] DEBUG org.hibernate.engine.internal.TwoPhaseLoad - Done materializing entity [domain.Proiect#3]
21:23:01.179 [Test worker] DEBUG org.hibernate.engine.internal.TwoPhaseLoad - Resolving attributes for [domain.Proiect#4]
21:23:01.179 [Test worker] DEBUG org.hibernate.engine.internal.TwoPhaseLoad - Processing attribute `dataInceput` : value = 2021-06-15
21:23:01.179 [Test worker] DEBUG org.hibernate.engine.internal.TwoPhaseLoad - Attribute (`dataInceput`)  - enhanced for lazy-loading? - false
21:23:01.179 [Test worker] DEBUG org.hibernate.engine.internal.TwoPhaseLoad - Processing attribute `deadline` : value = 2021-06-30
21:23:01.179 [Test worker] DEBUG org.hibernate.engine.internal.TwoPhaseLoad - Attribute (`deadline`)  - enhanced for lazy-loading? - false
21:23:01.179 [Test worker] DEBUG org.hibernate.engine.internal.TwoPhaseLoad - Done materializing entity [domain.Proiect#4]
21:23:01.179 [Test worker] DEBUG org.hibernate.engine.loading.internal.CollectionLoadContext - 1 collections were found in result set for role: domain.Angajat.proiecte
21:23:01.179 [Test worker] DEBUG org.hibernate.engine.loading.internal.CollectionLoadContext - Collection fully initialized: [domain.Angajat.proiecte#2]
21:23:01.179 [Test worker] DEBUG org.hibernate.engine.loading.internal.CollectionLoadContext - 1 collections initialized for role: domain.Angajat.proiecte
21:23:01.179 [Test worker] DEBUG org.hibernate.loader.collection.plan.AbstractLoadPlanBasedCollectionInitializer - Done loading collection
21:23:01.179 [Test worker] DEBUG org.hibernate.engine.transaction.internal.TransactionImpl - committing
21:23:01.179 [Test worker] DEBUG org.hibernate.resource.jdbc.internal.LogicalConnectionManagedImpl - Initiating JDBC connection release from afterTransaction
21:23:01.179 [Test worker] DEBUG org.hibernate.resource.jdbc.internal.LogicalConnectionManagedImpl - Initiating JDBC connection release from afterTransaction
21:23:01.179 [Test worker] DEBUG org.hibernate.stat.internal.StatisticsInitiator - Statistics initialized [enabled=false]
21:23:01.179 [Test worker] DEBUG org.hibernate.engine.transaction.internal.TransactionImpl - On TransactionImpl creation, JpaCompliance#isJpaTransactionComplianceEnabled == false
21:23:01.179 [Test worker] DEBUG org.hibernate.engine.transaction.internal.TransactionImpl - begin
21:23:01.179 [Test worker] DEBUG org.hibernate.hql.internal.QueryTranslatorFactoryInitiator - QueryTranslatorFactory: org.hibernate.hql.internal.ast.ASTQueryTranslatorFactory@1ec4c28e
21:23:01.179 [Test worker] DEBUG org.hibernate.hql.internal.ast.QueryTranslatorImpl - parse() - HQL: select a from domain.Angajat a where id=:id
21:23:01.179 [Test worker] DEBUG org.hibernate.hql.internal.ast.ErrorTracker - throwQueryException() : no errors
21:23:01.179 [Test worker] DEBUG org.hibernate.hql.internal.ast.QueryTranslatorImpl - --- HQL AST ---
 \-[QUERY] Node: 'query'
    +-[SELECT_FROM] Node: 'SELECT_FROM'
    |  +-[FROM] Node: 'from'
    |  |  \-[RANGE] Node: 'RANGE'
    |  |     +-[DOT] Node: '.'
    |  |     |  +-[IDENT] Node: 'domain'
    |  |     |  \-[IDENT] Node: 'Angajat'
    |  |     \-[ALIAS] Node: 'a'
    |  \-[SELECT] Node: 'select'
    |     \-[IDENT] Node: 'a'
    \-[WHERE] Node: 'where'
       \-[EQ] Node: '='
          +-[IDENT] Node: 'id'
          \-[COLON] Node: ':'
             \-[IDENT] Node: 'id'

21:23:01.179 [Test worker] DEBUG org.hibernate.hql.internal.antlr.HqlSqlBaseWalker - select << begin [level=1, statement=select]
21:23:01.179 [Test worker] DEBUG org.hibernate.hql.internal.ast.tree.FromElement - FromClause{level=1} : domain.Angajat (a) -> angajat0_
21:23:01.179 [Test worker] DEBUG org.hibernate.hql.internal.ast.tree.FromReferenceNode - Resolved : a -> angajat0_.id
21:23:01.179 [Test worker] DEBUG org.hibernate.hql.internal.ast.tree.FromReferenceNode - Resolved : {synthetic-alias} -> {synthetic-alias}
21:23:01.179 [Test worker] DEBUG org.hibernate.hql.internal.ast.tree.DotNode - getDataType() : id -> org.hibernate.type.IntegerType@14f541d2
21:23:01.179 [Test worker] DEBUG org.hibernate.hql.internal.ast.tree.FromReferenceNode - Resolved : {synthetic-alias}.id -> angajat0_.id
21:23:01.179 [Test worker] DEBUG org.hibernate.hql.internal.antlr.HqlSqlBaseWalker - select : finishing up [level=1, statement=select]
21:23:01.179 [Test worker] DEBUG org.hibernate.hql.internal.ast.HqlSqlWalker - processQuery() :  ( SELECT ( {select clause} angajat0_.id ) ( FromClause{level=1} angajati angajat0_ ) ( where ( = ( angajat0_.id {synthetic-alias} id ) ? ) ) )
21:23:01.179 [Test worker] DEBUG org.hibernate.hql.internal.ast.util.JoinProcessor - Tables referenced from query nodes:
 \-QueryNode
    +-SelectClause
    | referencedTables(entity Angajat): [angajati]
    |  +-IdentNode
    |  | persister: SingleTableEntityPersister(domain.Angajat)
    |  | originalText: a
    |  \-SqlFragment
    +-FromClause
    |  \-FromElement
    \-SqlNode
       \-BinaryLogicOperatorNode
          +-DotNode
          | persister: SingleTableEntityPersister(domain.Angajat)
          | path: {synthetic-alias}.id
          |  +-IdentNode
          |  | persister: SingleTableEntityPersister(domain.Angajat)
          |  | originalText: {synthetic-alias}
          |  \-IdentNode
          |    persister: null
          |    originalText: id
          \-ParameterNode

21:23:01.179 [Test worker] DEBUG org.hibernate.hql.internal.ast.util.JoinProcessor - Using FROM fragment [angajati angajat0_]
21:23:01.179 [Test worker] DEBUG org.hibernate.hql.internal.antlr.HqlSqlBaseWalker - select >> end [level=1, statement=select]
21:23:01.179 [Test worker] DEBUG org.hibernate.hql.internal.ast.QueryTranslatorImpl - --- SQL AST ---
 \-[SELECT] QueryNode: 'SELECT'  querySpaces (angajati)
    +-[SELECT_CLAUSE] SelectClause: '{select clause}'
    |  +-[ALIAS_REF] IdentNode: 'angajat0_.id as id1_0_' {alias=a, className=domain.Angajat, tableAlias=angajat0_}
    |  \-[SQL_TOKEN] SqlFragment: 'angajat0_.data_angajare as data_ang2_0_, angajat0_.functie_id as functie_4_0_, angajat0_.id_superior as id_super3_0_'
    +-[FROM] FromClause: 'from' FromClause{level=1, fromElementCounter=1, fromElements=1, fromElementByClassAlias=[a], fromElementByTableAlias=[angajat0_], fromElementsByPath=[], collectionJoinFromElementsByPath=[], impliedElements=[]}
    |  \-[FROM_FRAGMENT] FromElement: 'angajati angajat0_' FromElement{explicit,not a collection join,not a fetch join,fetch non-lazy properties,classAlias=a,role=null,tableName=angajati,tableAlias=angajat0_,origin=null,columns={,className=domain.Angajat}}
    \-[WHERE] SqlNode: 'where'
       \-[EQ] BinaryLogicOperatorNode: '='
          +-[DOT] DotNode: 'angajat0_.id' {propertyName=id,dereferenceType=PRIMITIVE,getPropertyPath=id,path={synthetic-alias}.id,tableAlias=angajat0_,className=domain.Angajat,classAlias=a}
          |  +-[IDENT] IdentNode: '{synthetic-alias}' {originalText={synthetic-alias}}
          |  \-[IDENT] IdentNode: 'id' {originalText=id}
          \-[NAMED_PARAM] ParameterNode: '?' {name=id, expectedType=org.hibernate.type.IntegerType@14f541d2}

21:23:01.179 [Test worker] DEBUG org.hibernate.hql.internal.ast.ErrorTracker - throwQueryException() : no errors
21:23:01.179 [Test worker] DEBUG org.hibernate.hql.internal.ast.QueryTranslatorImpl - HQL: select a from domain.Angajat a where id=:id
21:23:01.179 [Test worker] DEBUG org.hibernate.hql.internal.ast.QueryTranslatorImpl - SQL: select angajat0_.id as id1_0_, angajat0_.data_angajare as data_ang2_0_, angajat0_.functie_id as functie_4_0_, angajat0_.id_superior as id_super3_0_ from angajati angajat0_ where angajat0_.id=?
21:23:01.179 [Test worker] DEBUG org.hibernate.hql.internal.ast.ErrorTracker - throwQueryException() : no errors
21:23:01.179 [Test worker] DEBUG org.hibernate.SQL - select angajat0_.id as id1_0_, angajat0_.data_angajare as data_ang2_0_, angajat0_.functie_id as functie_4_0_, angajat0_.id_superior as id_super3_0_ from angajati angajat0_ where angajat0_.id=?
Hibernate: select angajat0_.id as id1_0_, angajat0_.data_angajare as data_ang2_0_, angajat0_.functie_id as functie_4_0_, angajat0_.id_superior as id_super3_0_ from angajati angajat0_ where angajat0_.id=?
21:23:01.179 [Test worker] DEBUG org.hibernate.loader.Loader - Result set row: 0
21:23:01.179 [Test worker] DEBUG org.hibernate.loader.Loader - Result row: EntityKey[domain.Angajat#2]
21:23:01.179 [Test worker] DEBUG org.hibernate.engine.internal.TwoPhaseLoad - Resolving attributes for [domain.Angajat#2]
21:23:01.179 [Test worker] DEBUG org.hibernate.engine.internal.TwoPhaseLoad - Processing attribute `concedii` : value = NOT NULL COLLECTION
21:23:01.179 [Test worker] DEBUG org.hibernate.engine.internal.TwoPhaseLoad - Attribute (`concedii`)  - enhanced for lazy-loading? - false
21:23:01.179 [Test worker] DEBUG org.hibernate.engine.internal.TwoPhaseLoad - Processing attribute `dataAngajare` : value = 2021-07-19
21:23:01.179 [Test worker] DEBUG org.hibernate.engine.internal.TwoPhaseLoad - Attribute (`dataAngajare`)  - enhanced for lazy-loading? - false
21:23:01.179 [Test worker] DEBUG org.hibernate.engine.internal.TwoPhaseLoad - Processing attribute `departamente` : value = NOT NULL COLLECTION
21:23:01.179 [Test worker] DEBUG org.hibernate.engine.internal.TwoPhaseLoad - Attribute (`departamente`)  - enhanced for lazy-loading? - false
21:23:01.179 [Test worker] DEBUG org.hibernate.engine.internal.TwoPhaseLoad - Processing attribute `functie` : value = 1
21:23:01.179 [Test worker] DEBUG org.hibernate.engine.internal.TwoPhaseLoad - Attribute (`functie`)  - enhanced for lazy-loading? - false
21:23:01.179 [Test worker] DEBUG org.hibernate.SQL - select functie0_.id as id1_5_0_, functie0_.salar_de_baza as salar_de2_5_0_ from functii functie0_ where functie0_.id=?
Hibernate: select functie0_.id as id1_5_0_, functie0_.salar_de_baza as salar_de2_5_0_ from functii functie0_ where functie0_.id=?
21:23:01.179 [Test worker] DEBUG org.hibernate.loader.plan.exec.process.internal.EntityReferenceInitializerImpl - On call to EntityIdentifierReaderImpl#resolve, EntityKey was already known; should only happen on root returns with an optional identifier specified
21:23:01.179 [Test worker] DEBUG org.hibernate.engine.internal.TwoPhaseLoad - Resolving attributes for [domain.Functie#1]
21:23:01.179 [Test worker] DEBUG org.hibernate.engine.internal.TwoPhaseLoad - Processing attribute `salarDeBaza` : value = 2000.0
21:23:01.179 [Test worker] DEBUG org.hibernate.engine.internal.TwoPhaseLoad - Attribute (`salarDeBaza`)  - enhanced for lazy-loading? - false
21:23:01.179 [Test worker] DEBUG org.hibernate.engine.internal.TwoPhaseLoad - Done materializing entity [domain.Functie#1]
21:23:01.179 [Test worker] DEBUG org.hibernate.loader.entity.plan.AbstractLoadPlanBasedEntityLoader - Done entity load : domain.Functie#1
21:23:01.179 [Test worker] DEBUG org.hibernate.engine.internal.TwoPhaseLoad - Processing attribute `idSuperior` : value = 2
21:23:01.179 [Test worker] DEBUG org.hibernate.engine.internal.TwoPhaseLoad - Attribute (`idSuperior`)  - enhanced for lazy-loading? - false
21:23:01.179 [Test worker] DEBUG org.hibernate.engine.internal.TwoPhaseLoad - Processing attribute `proiecte` : value = NOT NULL COLLECTION
21:23:01.179 [Test worker] DEBUG org.hibernate.engine.internal.TwoPhaseLoad - Attribute (`proiecte`)  - enhanced for lazy-loading? - false
21:23:01.179 [Test worker] DEBUG org.hibernate.engine.internal.TwoPhaseLoad - Done materializing entity [domain.Angajat#2]
21:23:01.179 [Test worker] DEBUG org.hibernate.engine.transaction.internal.TransactionImpl - committing
21:23:01.179 [Test worker] DEBUG org.hibernate.event.internal.AbstractFlushingEventListener - Processing flush-time cascades
21:23:01.179 [Test worker] DEBUG org.hibernate.event.internal.AbstractFlushingEventListener - Dirty checking collections
21:23:01.179 [Test worker] DEBUG org.hibernate.engine.internal.Collections - Collection found: [domain.Angajat.concedii#2], was: [domain.Angajat.concedii#2] (uninitialized)
21:23:01.179 [Test worker] DEBUG org.hibernate.engine.internal.Collections - Collection found: [domain.Angajat.departamente#2], was: [domain.Angajat.departamente#2] (uninitialized)
21:23:01.179 [Test worker] DEBUG org.hibernate.engine.internal.Collections - Collection found: [domain.Angajat.proiecte#2], was: [domain.Angajat.proiecte#2] (uninitialized)
21:23:01.179 [Test worker] DEBUG org.hibernate.event.internal.AbstractFlushingEventListener - Flushed: 0 insertions, 0 updates, 0 deletions to 2 objects
21:23:01.179 [Test worker] DEBUG org.hibernate.event.internal.AbstractFlushingEventListener - Flushed: 0 (re)creations, 0 updates, 0 removals to 3 collections
21:23:01.179 [Test worker] DEBUG org.hibernate.internal.util.EntityPrinter - Listing entities:
21:23:01.179 [Test worker] DEBUG org.hibernate.internal.util.EntityPrinter - domain.Functie{salarDeBaza=2000.0, id=1}
21:23:01.179 [Test worker] DEBUG org.hibernate.internal.util.EntityPrinter - domain.Angajat{proiecte=<uninitialized>, functie=domain.Functie#1, idSuperior=2, departamente=<uninitialized>, id=2, dataAngajare=2021-07-19, concedii=<uninitialized>}
21:23:01.179 [Test worker] DEBUG org.hibernate.resource.jdbc.internal.LogicalConnectionManagedImpl - Initiating JDBC connection release from afterTransaction
21:23:01.179 [Test worker] DEBUG org.hibernate.resource.jdbc.internal.LogicalConnectionManagedImpl - Initiating JDBC connection release from afterTransaction
21:23:01.179 [Test worker] DEBUG org.hibernate.engine.transaction.internal.TransactionImpl - On TransactionImpl creation, JpaCompliance#isJpaTransactionComplianceEnabled == false
21:23:01.179 [Test worker] DEBUG org.hibernate.engine.transaction.internal.TransactionImpl - begin
21:23:01.179 [Test worker] DEBUG org.hibernate.engine.transaction.internal.TransactionImpl - committing
21:23:01.179 [Test worker] DEBUG org.hibernate.event.internal.AbstractFlushingEventListener - Processing flush-time cascades
21:23:01.179 [Test worker] DEBUG org.hibernate.event.internal.AbstractFlushingEventListener - Dirty checking collections
21:23:01.179 [Test worker] DEBUG org.hibernate.engine.spi.CollectionEntry - Collection dirty: [domain.Angajat.proiecte#2]
21:23:01.179 [Test worker] DEBUG org.hibernate.engine.internal.Collections - Collection found: [domain.Angajat.concedii#2], was: [domain.Angajat.concedii#2] (initialized)
21:23:01.179 [Test worker] DEBUG org.hibernate.engine.internal.Collections - Collection found: [domain.Angajat.departamente#2], was: [domain.Angajat.departamente#2] (uninitialized)
21:23:01.179 [Test worker] DEBUG org.hibernate.engine.internal.Collections - Collection found: [domain.Angajat.proiecte#2], was: [domain.Angajat.proiecte#2] (initialized)
21:23:01.179 [Test worker] DEBUG org.hibernate.event.internal.AbstractFlushingEventListener - Flushed: 0 insertions, 1 updates, 0 deletions to 1 objects
21:23:01.179 [Test worker] DEBUG org.hibernate.event.internal.AbstractFlushingEventListener - Flushed: 0 (re)creations, 1 updates, 0 removals to 3 collections
21:23:01.179 [Test worker] DEBUG org.hibernate.internal.util.EntityPrinter - Listing entities:
21:23:01.179 [Test worker] DEBUG org.hibernate.internal.util.EntityPrinter - domain.Angajat{proiecte=[domain.Proiect#3, domain.Proiect#5, domain.Proiect#4, domain.Proiect#1], functie=domain.Functie#1, idSuperior=2, departamente=<uninitialized>, id=2, dataAngajare=2021-07-19, concedii=[]}
21:23:01.179 [Test worker] DEBUG org.hibernate.SQL - update angajati set data_angajare=?, functie_id=?, id_superior=? where id=?
Hibernate: update angajati set data_angajare=?, functie_id=?, id_superior=? where id=?
21:23:01.179 [Test worker] DEBUG org.hibernate.persister.collection.AbstractCollectionPersister - Deleting rows of collection: [domain.Angajat.proiecte#2]
21:23:01.179 [Test worker] DEBUG org.hibernate.persister.collection.AbstractCollectionPersister - No rows to delete
21:23:01.179 [Test worker] DEBUG org.hibernate.persister.collection.AbstractCollectionPersister - Inserting rows of collection: [domain.Angajat.proiecte#2]
21:23:01.194 [Test worker] DEBUG org.hibernate.SQL - insert into angajati_proiecte (id_angajat, id_proiect) values (?, ?)
Hibernate: insert into angajati_proiecte (id_angajat, id_proiect) values (?, ?)
21:23:01.194 [Test worker] DEBUG org.hibernate.persister.collection.AbstractCollectionPersister - Done inserting rows: 1 inserted
21:23:01.226 [Test worker] DEBUG org.hibernate.resource.jdbc.internal.LogicalConnectionManagedImpl - Initiating JDBC connection release from afterTransaction
21:23:01.226 [Test worker] DEBUG org.hibernate.resource.jdbc.internal.LogicalConnectionManagedImpl - Initiating JDBC connection release from afterTransaction
21:23:01.226 [Test worker] DEBUG org.hibernate.engine.jdbc.internal.JdbcCoordinatorImpl - HHH000420: Closing un-released batch
21:23:01.226 [Test worker] DEBUG org.hibernate.engine.transaction.internal.TransactionImpl - On TransactionImpl creation, JpaCompliance#isJpaTransactionComplianceEnabled == false
21:23:01.226 [Test worker] DEBUG org.hibernate.engine.transaction.internal.TransactionImpl - begin
21:23:01.226 [Test worker] DEBUG org.hibernate.SQL - select angajat0_.id as id1_0_, angajat0_.data_angajare as data_ang2_0_, angajat0_.functie_id as functie_4_0_, angajat0_.id_superior as id_super3_0_ from angajati angajat0_ where angajat0_.id=?
Hibernate: select angajat0_.id as id1_0_, angajat0_.data_angajare as data_ang2_0_, angajat0_.functie_id as functie_4_0_, angajat0_.id_superior as id_super3_0_ from angajati angajat0_ where angajat0_.id=?
21:23:01.226 [Test worker] DEBUG org.hibernate.loader.Loader - Result set row: 0
21:23:01.226 [Test worker] DEBUG org.hibernate.loader.Loader - Result row: EntityKey[domain.Angajat#2]
21:23:01.226 [Test worker] DEBUG org.hibernate.engine.internal.TwoPhaseLoad - Resolving attributes for [domain.Angajat#2]
21:23:01.226 [Test worker] DEBUG org.hibernate.engine.internal.TwoPhaseLoad - Processing attribute `concedii` : value = NOT NULL COLLECTION
21:23:01.226 [Test worker] DEBUG org.hibernate.engine.internal.TwoPhaseLoad - Attribute (`concedii`)  - enhanced for lazy-loading? - false
21:23:01.226 [Test worker] DEBUG org.hibernate.engine.internal.TwoPhaseLoad - Processing attribute `dataAngajare` : value = 2021-07-19
21:23:01.226 [Test worker] DEBUG org.hibernate.engine.internal.TwoPhaseLoad - Attribute (`dataAngajare`)  - enhanced for lazy-loading? - false
21:23:01.226 [Test worker] DEBUG org.hibernate.engine.internal.TwoPhaseLoad - Processing attribute `departamente` : value = NOT NULL COLLECTION
21:23:01.226 [Test worker] DEBUG org.hibernate.engine.internal.TwoPhaseLoad - Attribute (`departamente`)  - enhanced for lazy-loading? - false
21:23:01.226 [Test worker] DEBUG org.hibernate.engine.internal.TwoPhaseLoad - Processing attribute `functie` : value = 1
21:23:01.226 [Test worker] DEBUG org.hibernate.engine.internal.TwoPhaseLoad - Attribute (`functie`)  - enhanced for lazy-loading? - false
21:23:01.226 [Test worker] DEBUG org.hibernate.SQL - select functie0_.id as id1_5_0_, functie0_.salar_de_baza as salar_de2_5_0_ from functii functie0_ where functie0_.id=?
Hibernate: select functie0_.id as id1_5_0_, functie0_.salar_de_baza as salar_de2_5_0_ from functii functie0_ where functie0_.id=?
21:23:01.226 [Test worker] DEBUG org.hibernate.loader.plan.exec.process.internal.EntityReferenceInitializerImpl - On call to EntityIdentifierReaderImpl#resolve, EntityKey was already known; should only happen on root returns with an optional identifier specified
21:23:01.226 [Test worker] DEBUG org.hibernate.engine.internal.TwoPhaseLoad - Resolving attributes for [domain.Functie#1]
21:23:01.226 [Test worker] DEBUG org.hibernate.engine.internal.TwoPhaseLoad - Processing attribute `salarDeBaza` : value = 2000.0
21:23:01.226 [Test worker] DEBUG org.hibernate.engine.internal.TwoPhaseLoad - Attribute (`salarDeBaza`)  - enhanced for lazy-loading? - false
21:23:01.226 [Test worker] DEBUG org.hibernate.engine.internal.TwoPhaseLoad - Done materializing entity [domain.Functie#1]
21:23:01.226 [Test worker] DEBUG org.hibernate.loader.entity.plan.AbstractLoadPlanBasedEntityLoader - Done entity load : domain.Functie#1
21:23:01.226 [Test worker] DEBUG org.hibernate.engine.internal.TwoPhaseLoad - Processing attribute `idSuperior` : value = 2
21:23:01.226 [Test worker] DEBUG org.hibernate.engine.internal.TwoPhaseLoad - Attribute (`idSuperior`)  - enhanced for lazy-loading? - false
21:23:01.226 [Test worker] DEBUG org.hibernate.engine.internal.TwoPhaseLoad - Processing attribute `proiecte` : value = NOT NULL COLLECTION
21:23:01.226 [Test worker] DEBUG org.hibernate.engine.internal.TwoPhaseLoad - Attribute (`proiecte`)  - enhanced for lazy-loading? - false
21:23:01.226 [Test worker] DEBUG org.hibernate.engine.internal.TwoPhaseLoad - Done materializing entity [domain.Angajat#2]
21:23:01.226 [Test worker] DEBUG org.hibernate.engine.transaction.internal.TransactionImpl - committing
21:23:01.226 [Test worker] DEBUG org.hibernate.event.internal.AbstractFlushingEventListener - Processing flush-time cascades
21:23:01.226 [Test worker] DEBUG org.hibernate.event.internal.AbstractFlushingEventListener - Dirty checking collections
21:23:01.226 [Test worker] DEBUG org.hibernate.engine.internal.Collections - Collection found: [domain.Angajat.concedii#2], was: [domain.Angajat.concedii#2] (uninitialized)
21:23:01.226 [Test worker] DEBUG org.hibernate.engine.internal.Collections - Collection found: [domain.Angajat.departamente#2], was: [domain.Angajat.departamente#2] (uninitialized)
21:23:01.226 [Test worker] DEBUG org.hibernate.engine.internal.Collections - Collection found: [domain.Angajat.proiecte#2], was: [domain.Angajat.proiecte#2] (uninitialized)
21:23:01.226 [Test worker] DEBUG org.hibernate.event.internal.AbstractFlushingEventListener - Flushed: 0 insertions, 0 updates, 0 deletions to 2 objects
21:23:01.226 [Test worker] DEBUG org.hibernate.event.internal.AbstractFlushingEventListener - Flushed: 0 (re)creations, 0 updates, 0 removals to 3 collections
21:23:01.226 [Test worker] DEBUG org.hibernate.internal.util.EntityPrinter - Listing entities:
21:23:01.226 [Test worker] DEBUG org.hibernate.internal.util.EntityPrinter - domain.Functie{salarDeBaza=2000.0, id=1}
21:23:01.226 [Test worker] DEBUG org.hibernate.internal.util.EntityPrinter - domain.Angajat{proiecte=<uninitialized>, functie=domain.Functie#1, idSuperior=2, departamente=<uninitialized>, id=2, dataAngajare=2021-07-19, concedii=<uninitialized>}
21:23:01.226 [Test worker] DEBUG org.hibernate.resource.jdbc.internal.LogicalConnectionManagedImpl - Initiating JDBC connection release from afterTransaction
21:23:01.226 [Test worker] DEBUG org.hibernate.resource.jdbc.internal.LogicalConnectionManagedImpl - Initiating JDBC connection release from afterTransaction
21:23:01.226 [Test worker] DEBUG org.hibernate.internal.SessionFactoryRegistry - Lookup: uid=f76966d3-877a-4e72-9876-07f0862f03e4
21:23:01.226 [Test worker] DEBUG org.hibernate.engine.transaction.internal.TransactionImpl - On TransactionImpl creation, JpaCompliance#isJpaTransactionComplianceEnabled == false
21:23:01.226 [Test worker] DEBUG org.hibernate.engine.transaction.internal.TransactionImpl - begin
21:23:01.226 [Test worker] DEBUG org.hibernate.loader.collection.plan.AbstractLoadPlanBasedCollectionInitializer - Loading collection: [domain.Angajat.proiecte#2]
21:23:01.226 [Test worker] DEBUG org.hibernate.SQL - select proiecte0_.id_angajat as id_angaj1_2_0_, proiecte0_.id_proiect as id_proie2_2_0_, proiect1_.id as id1_6_1_, proiect1_.data_inceput as data_inc2_6_1_, proiect1_.deadline as deadline3_6_1_ from angajati_proiecte proiecte0_ inner join proiecte proiect1_ on proiecte0_.id_proiect=proiect1_.id where proiecte0_.id_angajat=?
Hibernate: select proiecte0_.id_angajat as id_angaj1_2_0_, proiecte0_.id_proiect as id_proie2_2_0_, proiect1_.id as id1_6_1_, proiect1_.data_inceput as data_inc2_6_1_, proiect1_.deadline as deadline3_6_1_ from angajati_proiecte proiecte0_ inner join proiecte proiect1_ on proiecte0_.id_proiect=proiect1_.id where proiecte0_.id_angajat=?
21:23:01.226 [Test worker] DEBUG org.hibernate.loader.plan.exec.process.internal.ResultSetProcessorImpl - Preparing collection initializer : [domain.Angajat.proiecte#2]
21:23:01.226 [Test worker] DEBUG org.hibernate.loader.plan.exec.process.internal.CollectionReferenceInitializerImpl - Found row of collection: [domain.Angajat.proiecte#2]
21:23:01.226 [Test worker] DEBUG org.hibernate.loader.plan.exec.process.internal.CollectionReferenceInitializerImpl - Found row of collection: [domain.Angajat.proiecte#2]
21:23:01.226 [Test worker] DEBUG org.hibernate.loader.plan.exec.process.internal.CollectionReferenceInitializerImpl - Found row of collection: [domain.Angajat.proiecte#2]
21:23:01.226 [Test worker] DEBUG org.hibernate.loader.plan.exec.process.internal.CollectionReferenceInitializerImpl - Found row of collection: [domain.Angajat.proiecte#2]
21:23:01.226 [Test worker] DEBUG org.hibernate.engine.internal.TwoPhaseLoad - Resolving attributes for [domain.Proiect#1]
21:23:01.226 [Test worker] DEBUG org.hibernate.engine.internal.TwoPhaseLoad - Processing attribute `dataInceput` : value = 2021-07-20
21:23:01.226 [Test worker] DEBUG org.hibernate.engine.internal.TwoPhaseLoad - Attribute (`dataInceput`)  - enhanced for lazy-loading? - false
21:23:01.226 [Test worker] DEBUG org.hibernate.engine.internal.TwoPhaseLoad - Processing attribute `deadline` : value = 2021-07-30
21:23:01.226 [Test worker] DEBUG org.hibernate.engine.internal.TwoPhaseLoad - Attribute (`deadline`)  - enhanced for lazy-loading? - false
21:23:01.226 [Test worker] DEBUG org.hibernate.engine.internal.TwoPhaseLoad - Done materializing entity [domain.Proiect#1]
21:23:01.226 [Test worker] DEBUG org.hibernate.engine.internal.TwoPhaseLoad - Resolving attributes for [domain.Proiect#3]
21:23:01.226 [Test worker] DEBUG org.hibernate.engine.internal.TwoPhaseLoad - Processing attribute `dataInceput` : value = 2021-06-15
21:23:01.226 [Test worker] DEBUG org.hibernate.engine.internal.TwoPhaseLoad - Attribute (`dataInceput`)  - enhanced for lazy-loading? - false
21:23:01.226 [Test worker] DEBUG org.hibernate.engine.internal.TwoPhaseLoad - Processing attribute `deadline` : value = 2021-06-30
21:23:01.226 [Test worker] DEBUG org.hibernate.engine.internal.TwoPhaseLoad - Attribute (`deadline`)  - enhanced for lazy-loading? - false
21:23:01.226 [Test worker] DEBUG org.hibernate.engine.internal.TwoPhaseLoad - Done materializing entity [domain.Proiect#3]
21:23:01.226 [Test worker] DEBUG org.hibernate.engine.internal.TwoPhaseLoad - Resolving attributes for [domain.Proiect#4]
21:23:01.226 [Test worker] DEBUG org.hibernate.engine.internal.TwoPhaseLoad - Processing attribute `dataInceput` : value = 2021-06-15
21:23:01.226 [Test worker] DEBUG org.hibernate.engine.internal.TwoPhaseLoad - Attribute (`dataInceput`)  - enhanced for lazy-loading? - false
21:23:01.226 [Test worker] DEBUG org.hibernate.engine.internal.TwoPhaseLoad - Processing attribute `deadline` : value = 2021-06-30
21:23:01.226 [Test worker] DEBUG org.hibernate.engine.internal.TwoPhaseLoad - Attribute (`deadline`)  - enhanced for lazy-loading? - false
21:23:01.226 [Test worker] DEBUG org.hibernate.engine.internal.TwoPhaseLoad - Done materializing entity [domain.Proiect#4]
21:23:01.226 [Test worker] DEBUG org.hibernate.engine.internal.TwoPhaseLoad - Resolving attributes for [domain.Proiect#5]
21:23:01.226 [Test worker] DEBUG org.hibernate.engine.internal.TwoPhaseLoad - Processing attribute `dataInceput` : value = 2021-06-15
21:23:01.226 [Test worker] DEBUG org.hibernate.engine.internal.TwoPhaseLoad - Attribute (`dataInceput`)  - enhanced for lazy-loading? - false
21:23:01.226 [Test worker] DEBUG org.hibernate.engine.internal.TwoPhaseLoad - Processing attribute `deadline` : value = 2021-06-30
21:23:01.226 [Test worker] DEBUG org.hibernate.engine.internal.TwoPhaseLoad - Attribute (`deadline`)  - enhanced for lazy-loading? - false
21:23:01.226 [Test worker] DEBUG org.hibernate.engine.internal.TwoPhaseLoad - Done materializing entity [domain.Proiect#5]
21:23:01.226 [Test worker] DEBUG org.hibernate.engine.loading.internal.CollectionLoadContext - 1 collections were found in result set for role: domain.Angajat.proiecte
21:23:01.226 [Test worker] DEBUG org.hibernate.engine.loading.internal.CollectionLoadContext - Collection fully initialized: [domain.Angajat.proiecte#2]
21:23:01.226 [Test worker] DEBUG org.hibernate.engine.loading.internal.CollectionLoadContext - 1 collections initialized for role: domain.Angajat.proiecte
21:23:01.226 [Test worker] DEBUG org.hibernate.loader.collection.plan.AbstractLoadPlanBasedCollectionInitializer - Done loading collection
21:23:01.226 [Test worker] DEBUG org.hibernate.engine.transaction.internal.TransactionImpl - committing
21:23:01.226 [Test worker] DEBUG org.hibernate.resource.jdbc.internal.LogicalConnectionManagedImpl - Initiating JDBC connection release from afterTransaction
21:23:01.226 [Test worker] DEBUG org.hibernate.resource.jdbc.internal.LogicalConnectionManagedImpl - Initiating JDBC connection release from afterTransaction
21:23:01.226 [Test worker] DEBUG org.hibernate.integrator.internal.IntegratorServiceImpl - Adding Integrator [org.hibernate.cfg.beanvalidation.BeanValidationIntegrator].
21:23:01.226 [Test worker] DEBUG org.hibernate.integrator.internal.IntegratorServiceImpl - Adding Integrator [org.hibernate.secure.spi.JaccIntegrator].
21:23:01.226 [Test worker] DEBUG org.hibernate.integrator.internal.IntegratorServiceImpl - Adding Integrator [org.hibernate.cache.internal.CollectionCacheInvalidator].
21:23:01.226 [Test worker] DEBUG org.hibernate.boot.jaxb.internal.stax.LocalXmlResourceResolver - Interpreting public/system identifier : [-//Hibernate/Hibernate Configuration DTD 3.0//EN] - [http://hibernate.org/dtd/hibernate-configuration-3.0.dtd]
21:23:01.257 [Test worker] DEBUG org.hibernate.boot.cfgxml.internal.JaxbCfgProcessor - cfg.xml document did not define namespaces; wrapping in custom event reader to introduce namespace information
21:23:01.272 [Test worker] DEBUG org.hibernate.service.spi.ServiceBinding - Overriding existing service binding [org.hibernate.secure.spi.JaccService]
21:23:01.272 [Test worker] DEBUG org.hibernate.cache.internal.RegionFactoryInitiator - Cannot default RegionFactory based on registered strategies as `[]` RegionFactory strategies were registered
21:23:01.272 [Test worker] DEBUG org.hibernate.cache.internal.RegionFactoryInitiator - Cache region factory : org.hibernate.cache.internal.NoCachingRegionFactory
21:23:01.272 [Test worker] DEBUG org.hibernate.type.BasicTypeRegistry - Adding type registration boolean -> org.hibernate.type.BooleanType@121b529f
21:23:01.272 [Test worker] DEBUG org.hibernate.type.BasicTypeRegistry - Adding type registration boolean -> org.hibernate.type.BooleanType@121b529f
21:23:01.272 [Test worker] DEBUG org.hibernate.type.BasicTypeRegistry - Adding type registration java.lang.Boolean -> org.hibernate.type.BooleanType@121b529f
21:23:01.272 [Test worker] DEBUG org.hibernate.type.BasicTypeRegistry - Adding type registration numeric_boolean -> org.hibernate.type.NumericBooleanType@7dc81433
21:23:01.272 [Test worker] DEBUG org.hibernate.type.BasicTypeRegistry - Adding type registration true_false -> org.hibernate.type.TrueFalseType@60c371da
21:23:01.272 [Test worker] DEBUG org.hibernate.type.BasicTypeRegistry - Adding type registration yes_no -> org.hibernate.type.YesNoType@51ef89fc
21:23:01.272 [Test worker] DEBUG org.hibernate.type.BasicTypeRegistry - Adding type registration byte -> org.hibernate.type.ByteType@1502feca
21:23:01.272 [Test worker] DEBUG org.hibernate.type.BasicTypeRegistry - Adding type registration byte -> org.hibernate.type.ByteType@1502feca
21:23:01.272 [Test worker] DEBUG org.hibernate.type.BasicTypeRegistry - Adding type registration java.lang.Byte -> org.hibernate.type.ByteType@1502feca
21:23:01.272 [Test worker] DEBUG org.hibernate.type.BasicTypeRegistry - Adding type registration character -> org.hibernate.type.CharacterType@5aca38b4
21:23:01.272 [Test worker] DEBUG org.hibernate.type.BasicTypeRegistry - Adding type registration char -> org.hibernate.type.CharacterType@5aca38b4
21:23:01.272 [Test worker] DEBUG org.hibernate.type.BasicTypeRegistry - Adding type registration java.lang.Character -> org.hibernate.type.CharacterType@5aca38b4
21:23:01.272 [Test worker] DEBUG org.hibernate.type.BasicTypeRegistry - Adding type registration short -> org.hibernate.type.ShortType@212db0b9
21:23:01.272 [Test worker] DEBUG org.hibernate.type.BasicTypeRegistry - Adding type registration short -> org.hibernate.type.ShortType@212db0b9
21:23:01.272 [Test worker] DEBUG org.hibernate.type.BasicTypeRegistry - Adding type registration java.lang.Short -> org.hibernate.type.ShortType@212db0b9
21:23:01.272 [Test worker] DEBUG org.hibernate.type.BasicTypeRegistry - Adding type registration integer -> org.hibernate.type.IntegerType@14f541d2
21:23:01.272 [Test worker] DEBUG org.hibernate.type.BasicTypeRegistry - Adding type registration int -> org.hibernate.type.IntegerType@14f541d2
21:23:01.272 [Test worker] DEBUG org.hibernate.type.BasicTypeRegistry - Adding type registration java.lang.Integer -> org.hibernate.type.IntegerType@14f541d2
21:23:01.272 [Test worker] DEBUG org.hibernate.type.BasicTypeRegistry - Adding type registration long -> org.hibernate.type.LongType@357c5fef
21:23:01.272 [Test worker] DEBUG org.hibernate.type.BasicTypeRegistry - Adding type registration long -> org.hibernate.type.LongType@357c5fef
21:23:01.272 [Test worker] DEBUG org.hibernate.type.BasicTypeRegistry - Adding type registration java.lang.Long -> org.hibernate.type.LongType@357c5fef
21:23:01.272 [Test worker] DEBUG org.hibernate.type.BasicTypeRegistry - Adding type registration float -> org.hibernate.type.FloatType@68835e55
21:23:01.272 [Test worker] DEBUG org.hibernate.type.BasicTypeRegistry - Adding type registration float -> org.hibernate.type.FloatType@68835e55
21:23:01.272 [Test worker] DEBUG org.hibernate.type.BasicTypeRegistry - Adding type registration java.lang.Float -> org.hibernate.type.FloatType@68835e55
21:23:01.272 [Test worker] DEBUG org.hibernate.type.BasicTypeRegistry - Adding type registration double -> org.hibernate.type.DoubleType@1db8c4bf
21:23:01.272 [Test worker] DEBUG org.hibernate.type.BasicTypeRegistry - Adding type registration double -> org.hibernate.type.DoubleType@1db8c4bf
21:23:01.272 [Test worker] DEBUG org.hibernate.type.BasicTypeRegistry - Adding type registration java.lang.Double -> org.hibernate.type.DoubleType@1db8c4bf
21:23:01.272 [Test worker] DEBUG org.hibernate.type.BasicTypeRegistry - Adding type registration big_decimal -> org.hibernate.type.BigDecimalType@2bd9f5a7
21:23:01.272 [Test worker] DEBUG org.hibernate.type.BasicTypeRegistry - Adding type registration java.math.BigDecimal -> org.hibernate.type.BigDecimalType@2bd9f5a7
21:23:01.272 [Test worker] DEBUG org.hibernate.type.BasicTypeRegistry - Adding type registration big_integer -> org.hibernate.type.BigIntegerType@67766712
21:23:01.272 [Test worker] DEBUG org.hibernate.type.BasicTypeRegistry - Adding type registration java.math.BigInteger -> org.hibernate.type.BigIntegerType@67766712
21:23:01.272 [Test worker] DEBUG org.hibernate.type.BasicTypeRegistry - Adding type registration string -> org.hibernate.type.StringType@5abe721f
21:23:01.272 [Test worker] DEBUG org.hibernate.type.BasicTypeRegistry - Adding type registration java.lang.String -> org.hibernate.type.StringType@5abe721f
21:23:01.272 [Test worker] DEBUG org.hibernate.type.BasicTypeRegistry - Adding type registration nstring -> org.hibernate.type.StringNVarcharType@5ca83c4b
21:23:01.272 [Test worker] DEBUG org.hibernate.type.BasicTypeRegistry - Adding type registration ncharacter -> org.hibernate.type.CharacterNCharType@181579aa
21:23:01.272 [Test worker] DEBUG org.hibernate.type.BasicTypeRegistry - Adding type registration url -> org.hibernate.type.UrlType@2d95e7ff
21:23:01.272 [Test worker] DEBUG org.hibernate.type.BasicTypeRegistry - Adding type registration java.net.URL -> org.hibernate.type.UrlType@2d95e7ff
21:23:01.272 [Test worker] DEBUG org.hibernate.type.BasicTypeRegistry - Adding type registration Duration -> org.hibernate.type.DurationType@1f6d6ec5
21:23:01.272 [Test worker] DEBUG org.hibernate.type.BasicTypeRegistry - Adding type registration java.time.Duration -> org.hibernate.type.DurationType@1f6d6ec5
21:23:01.272 [Test worker] DEBUG org.hibernate.type.BasicTypeRegistry - Adding type registration Instant -> org.hibernate.type.InstantType@799b3880
21:23:01.272 [Test worker] DEBUG org.hibernate.type.BasicTypeRegistry - Adding type registration java.time.Instant -> org.hibernate.type.InstantType@799b3880
21:23:01.272 [Test worker] DEBUG org.hibernate.type.BasicTypeRegistry - Adding type registration LocalDateTime -> org.hibernate.type.LocalDateTimeType@3c9b7dcd
21:23:01.272 [Test worker] DEBUG org.hibernate.type.BasicTypeRegistry - Adding type registration java.time.LocalDateTime -> org.hibernate.type.LocalDateTimeType@3c9b7dcd
21:23:01.272 [Test worker] DEBUG org.hibernate.type.BasicTypeRegistry - Adding type registration LocalDate -> org.hibernate.type.LocalDateType@73b9d317
21:23:01.272 [Test worker] DEBUG org.hibernate.type.BasicTypeRegistry - Adding type registration java.time.LocalDate -> org.hibernate.type.LocalDateType@73b9d317
21:23:01.272 [Test worker] DEBUG org.hibernate.type.BasicTypeRegistry - Adding type registration LocalTime -> org.hibernate.type.LocalTimeType@3e938176
21:23:01.272 [Test worker] DEBUG org.hibernate.type.BasicTypeRegistry - Adding type registration java.time.LocalTime -> org.hibernate.type.LocalTimeType@3e938176
21:23:01.272 [Test worker] DEBUG org.hibernate.type.BasicTypeRegistry - Adding type registration OffsetDateTime -> org.hibernate.type.OffsetDateTimeType@1006f6a5
21:23:01.272 [Test worker] DEBUG org.hibernate.type.BasicTypeRegistry - Adding type registration java.time.OffsetDateTime -> org.hibernate.type.OffsetDateTimeType@1006f6a5
21:23:01.272 [Test worker] DEBUG org.hibernate.type.BasicTypeRegistry - Adding type registration OffsetTime -> org.hibernate.type.OffsetTimeType@5ebf30b8
21:23:01.272 [Test worker] DEBUG org.hibernate.type.BasicTypeRegistry - Adding type registration java.time.OffsetTime -> org.hibernate.type.OffsetTimeType@5ebf30b8
21:23:01.272 [Test worker] DEBUG org.hibernate.type.BasicTypeRegistry - Adding type registration ZonedDateTime -> org.hibernate.type.ZonedDateTimeType@5ecdce3a
21:23:01.272 [Test worker] DEBUG org.hibernate.type.BasicTypeRegistry - Adding type registration java.time.ZonedDateTime -> org.hibernate.type.ZonedDateTimeType@5ecdce3a
21:23:01.272 [Test worker] DEBUG org.hibernate.type.BasicTypeRegistry - Adding type registration date -> org.hibernate.type.DateType@34878a9c
21:23:01.272 [Test worker] DEBUG org.hibernate.type.BasicTypeRegistry - Adding type registration java.sql.Date -> org.hibernate.type.DateType@34878a9c
21:23:01.272 [Test worker] DEBUG org.hibernate.type.BasicTypeRegistry - Adding type registration time -> org.hibernate.type.TimeType@4be75fc9
21:23:01.272 [Test worker] DEBUG org.hibernate.type.BasicTypeRegistry - Adding type registration java.sql.Time -> org.hibernate.type.TimeType@4be75fc9
21:23:01.272 [Test worker] DEBUG org.hibernate.type.BasicTypeRegistry - Adding type registration timestamp -> org.hibernate.type.TimestampType@cd6dcfb
21:23:01.272 [Test worker] DEBUG org.hibernate.type.BasicTypeRegistry - Adding type registration java.sql.Timestamp -> org.hibernate.type.TimestampType@cd6dcfb
21:23:01.272 [Test worker] DEBUG org.hibernate.type.BasicTypeRegistry - Adding type registration java.util.Date -> org.hibernate.type.TimestampType@cd6dcfb
21:23:01.272 [Test worker] DEBUG org.hibernate.type.BasicTypeRegistry - Adding type registration dbtimestamp -> org.hibernate.type.DbTimestampType@6f70db50
21:23:01.272 [Test worker] DEBUG org.hibernate.type.BasicTypeRegistry - Adding type registration calendar -> org.hibernate.type.CalendarType@232580e4
21:23:01.272 [Test worker] DEBUG org.hibernate.type.BasicTypeRegistry - Adding type registration java.util.Calendar -> org.hibernate.type.CalendarType@232580e4
21:23:01.272 [Test worker] DEBUG org.hibernate.type.BasicTypeRegistry - Adding type registration java.util.GregorianCalendar -> org.hibernate.type.CalendarType@232580e4
21:23:01.272 [Test worker] DEBUG org.hibernate.type.BasicTypeRegistry - Adding type registration calendar_date -> org.hibernate.type.CalendarDateType@2d226c99
21:23:01.272 [Test worker] DEBUG org.hibernate.type.BasicTypeRegistry - Adding type registration calendar_time -> org.hibernate.type.CalendarTimeType@5f0ca092
21:23:01.272 [Test worker] DEBUG org.hibernate.type.BasicTypeRegistry - Adding type registration locale -> org.hibernate.type.LocaleType@2e7d6fc7
21:23:01.272 [Test worker] DEBUG org.hibernate.type.BasicTypeRegistry - Adding type registration java.util.Locale -> org.hibernate.type.LocaleType@2e7d6fc7
21:23:01.272 [Test worker] DEBUG org.hibernate.type.BasicTypeRegistry - Adding type registration currency -> org.hibernate.type.CurrencyType@298b5abb
21:23:01.272 [Test worker] DEBUG org.hibernate.type.BasicTypeRegistry - Adding type registration java.util.Currency -> org.hibernate.type.CurrencyType@298b5abb
21:23:01.272 [Test worker] DEBUG org.hibernate.type.BasicTypeRegistry - Adding type registration timezone -> org.hibernate.type.TimeZoneType@6a7223ce
21:23:01.272 [Test worker] DEBUG org.hibernate.type.BasicTypeRegistry - Adding type registration java.util.TimeZone -> org.hibernate.type.TimeZoneType@6a7223ce
21:23:01.272 [Test worker] DEBUG org.hibernate.type.BasicTypeRegistry - Adding type registration class -> org.hibernate.type.ClassType@17c86e61
21:23:01.272 [Test worker] DEBUG org.hibernate.type.BasicTypeRegistry - Adding type registration java.lang.Class -> org.hibernate.type.ClassType@17c86e61
21:23:01.272 [Test worker] DEBUG org.hibernate.type.BasicTypeRegistry - Adding type registration uuid-binary -> org.hibernate.type.UUIDBinaryType@165a29f7
21:23:01.272 [Test worker] DEBUG org.hibernate.type.BasicTypeRegistry - Adding type registration java.util.UUID -> org.hibernate.type.UUIDBinaryType@165a29f7
21:23:01.272 [Test worker] DEBUG org.hibernate.type.BasicTypeRegistry - Adding type registration uuid-char -> org.hibernate.type.UUIDCharType@57061eb5
21:23:01.272 [Test worker] DEBUG org.hibernate.type.BasicTypeRegistry - Adding type registration binary -> org.hibernate.type.BinaryType@377a3a57
21:23:01.272 [Test worker] DEBUG org.hibernate.type.BasicTypeRegistry - Adding type registration byte[] -> org.hibernate.type.BinaryType@377a3a57
21:23:01.272 [Test worker] DEBUG org.hibernate.type.BasicTypeRegistry - Adding type registration [B -> org.hibernate.type.BinaryType@377a3a57
21:23:01.272 [Test worker] DEBUG org.hibernate.type.BasicTypeRegistry - Adding type registration wrapper-binary -> org.hibernate.type.WrapperBinaryType@15236686
21:23:01.272 [Test worker] DEBUG org.hibernate.type.BasicTypeRegistry - Adding type registration Byte[] -> org.hibernate.type.WrapperBinaryType@15236686
21:23:01.272 [Test worker] DEBUG org.hibernate.type.BasicTypeRegistry - Adding type registration [Ljava.lang.Byte; -> org.hibernate.type.WrapperBinaryType@15236686
21:23:01.272 [Test worker] DEBUG org.hibernate.type.BasicTypeRegistry - Adding type registration row_version -> org.hibernate.type.RowVersionType@480544d3
21:23:01.272 [Test worker] DEBUG org.hibernate.type.BasicTypeRegistry - Adding type registration image -> org.hibernate.type.ImageType@a74733d
21:23:01.272 [Test worker] DEBUG org.hibernate.type.BasicTypeRegistry - Adding type registration characters -> org.hibernate.type.CharArrayType@10b707f8
21:23:01.272 [Test worker] DEBUG org.hibernate.type.BasicTypeRegistry - Adding type registration char[] -> org.hibernate.type.CharArrayType@10b707f8
21:23:01.272 [Test worker] DEBUG org.hibernate.type.BasicTypeRegistry - Adding type registration [C -> org.hibernate.type.CharArrayType@10b707f8
21:23:01.272 [Test worker] DEBUG org.hibernate.type.BasicTypeRegistry - Adding type registration wrapper-characters -> org.hibernate.type.CharacterArrayType@7586a107
21:23:01.272 [Test worker] DEBUG org.hibernate.type.BasicTypeRegistry - Adding type registration [Ljava.lang.Character; -> org.hibernate.type.CharacterArrayType@7586a107
21:23:01.272 [Test worker] DEBUG org.hibernate.type.BasicTypeRegistry - Adding type registration Character[] -> org.hibernate.type.CharacterArrayType@7586a107
21:23:01.272 [Test worker] DEBUG org.hibernate.type.BasicTypeRegistry - Adding type registration text -> org.hibernate.type.TextType@28e7117
21:23:01.272 [Test worker] DEBUG org.hibernate.type.BasicTypeRegistry - Adding type registration ntext -> org.hibernate.type.NTextType@4fe7c4b8
21:23:01.272 [Test worker] DEBUG org.hibernate.type.BasicTypeRegistry - Adding type registration blob -> org.hibernate.type.BlobType@69ff7971
21:23:01.272 [Test worker] DEBUG org.hibernate.type.BasicTypeRegistry - Adding type registration java.sql.Blob -> org.hibernate.type.BlobType@69ff7971
21:23:01.272 [Test worker] DEBUG org.hibernate.type.BasicTypeRegistry - Adding type registration materialized_blob -> org.hibernate.type.MaterializedBlobType@29a6bbfa
21:23:01.272 [Test worker] DEBUG org.hibernate.type.BasicTypeRegistry - Adding type registration clob -> org.hibernate.type.ClobType@6243fc09
21:23:01.272 [Test worker] DEBUG org.hibernate.type.BasicTypeRegistry - Adding type registration java.sql.Clob -> org.hibernate.type.ClobType@6243fc09
21:23:01.272 [Test worker] DEBUG org.hibernate.type.BasicTypeRegistry - Adding type registration nclob -> org.hibernate.type.NClobType@7a0e9fb4
21:23:01.272 [Test worker] DEBUG org.hibernate.type.BasicTypeRegistry - Adding type registration java.sql.NClob -> org.hibernate.type.NClobType@7a0e9fb4
21:23:01.272 [Test worker] DEBUG org.hibernate.type.BasicTypeRegistry - Adding type registration materialized_clob -> org.hibernate.type.MaterializedClobType@5568af29
21:23:01.272 [Test worker] DEBUG org.hibernate.type.BasicTypeRegistry - Adding type registration materialized_nclob -> org.hibernate.type.MaterializedNClobType@43589365
21:23:01.272 [Test worker] DEBUG org.hibernate.type.BasicTypeRegistry - Adding type registration serializable -> org.hibernate.type.SerializableType@49b714f8
21:23:01.272 [Test worker] DEBUG org.hibernate.type.BasicTypeRegistry - Adding type registration object -> org.hibernate.type.ObjectType@4b6f241f
21:23:01.272 [Test worker] DEBUG org.hibernate.type.BasicTypeRegistry - Adding type registration java.lang.Object -> org.hibernate.type.ObjectType@4b6f241f
21:23:01.272 [Test worker] DEBUG org.hibernate.type.BasicTypeRegistry - Adding type registration imm_date -> org.hibernate.type.AdaptedImmutableType@53d54349
21:23:01.272 [Test worker] DEBUG org.hibernate.type.BasicTypeRegistry - Adding type registration imm_time -> org.hibernate.type.AdaptedImmutableType@42f7760f
21:23:01.272 [Test worker] DEBUG org.hibernate.type.BasicTypeRegistry - Adding type registration imm_timestamp -> org.hibernate.type.AdaptedImmutableType@5524f3c0
21:23:01.272 [Test worker] DEBUG org.hibernate.type.BasicTypeRegistry - Adding type registration imm_dbtimestamp -> org.hibernate.type.AdaptedImmutableType@2b0c9007
21:23:01.272 [Test worker] DEBUG org.hibernate.type.BasicTypeRegistry - Adding type registration imm_calendar -> org.hibernate.type.AdaptedImmutableType@52ba4124
21:23:01.272 [Test worker] DEBUG org.hibernate.type.BasicTypeRegistry - Adding type registration imm_calendar_date -> org.hibernate.type.AdaptedImmutableType@2b841272
21:23:01.272 [Test worker] DEBUG org.hibernate.type.BasicTypeRegistry - Adding type registration imm_binary -> org.hibernate.type.AdaptedImmutableType@59cc4e31
21:23:01.272 [Test worker] DEBUG org.hibernate.type.BasicTypeRegistry - Adding type registration imm_serializable -> org.hibernate.type.AdaptedImmutableType@168f61a7
21:23:01.272 [Test worker] DEBUG org.hibernate.id.factory.internal.DefaultIdentifierGeneratorFactory - Registering IdentifierGenerator strategy [uuid2] -> [org.hibernate.id.UUIDGenerator]
21:23:01.272 [Test worker] DEBUG org.hibernate.id.factory.internal.DefaultIdentifierGeneratorFactory - Registering IdentifierGenerator strategy [guid] -> [org.hibernate.id.GUIDGenerator]
21:23:01.272 [Test worker] DEBUG org.hibernate.id.factory.internal.DefaultIdentifierGeneratorFactory - Registering IdentifierGenerator strategy [uuid] -> [org.hibernate.id.UUIDHexGenerator]
21:23:01.272 [Test worker] DEBUG org.hibernate.id.factory.internal.DefaultIdentifierGeneratorFactory - Registering IdentifierGenerator strategy [uuid.hex] -> [org.hibernate.id.UUIDHexGenerator]
21:23:01.272 [Test worker] DEBUG org.hibernate.id.factory.internal.DefaultIdentifierGeneratorFactory - Registering IdentifierGenerator strategy [assigned] -> [org.hibernate.id.Assigned]
21:23:01.272 [Test worker] DEBUG org.hibernate.id.factory.internal.DefaultIdentifierGeneratorFactory - Registering IdentifierGenerator strategy [identity] -> [org.hibernate.id.IdentityGenerator]
21:23:01.272 [Test worker] DEBUG org.hibernate.id.factory.internal.DefaultIdentifierGeneratorFactory - Registering IdentifierGenerator strategy [select] -> [org.hibernate.id.SelectGenerator]
21:23:01.272 [Test worker] DEBUG org.hibernate.id.factory.internal.DefaultIdentifierGeneratorFactory - Registering IdentifierGenerator strategy [sequence] -> [org.hibernate.id.enhanced.SequenceStyleGenerator]
21:23:01.272 [Test worker] DEBUG org.hibernate.id.factory.internal.DefaultIdentifierGeneratorFactory - Registering IdentifierGenerator strategy [seqhilo] -> [org.hibernate.id.SequenceHiLoGenerator]
21:23:01.272 [Test worker] DEBUG org.hibernate.id.factory.internal.DefaultIdentifierGeneratorFactory - Registering IdentifierGenerator strategy [increment] -> [org.hibernate.id.IncrementGenerator]
21:23:01.272 [Test worker] DEBUG org.hibernate.id.factory.internal.DefaultIdentifierGeneratorFactory - Registering IdentifierGenerator strategy [foreign] -> [org.hibernate.id.ForeignGenerator]
21:23:01.272 [Test worker] DEBUG org.hibernate.id.factory.internal.DefaultIdentifierGeneratorFactory - Registering IdentifierGenerator strategy [sequence-identity] -> [org.hibernate.id.SequenceIdentityGenerator]
21:23:01.272 [Test worker] DEBUG org.hibernate.id.factory.internal.DefaultIdentifierGeneratorFactory - Registering IdentifierGenerator strategy [enhanced-sequence] -> [org.hibernate.id.enhanced.SequenceStyleGenerator]
21:23:01.272 [Test worker] DEBUG org.hibernate.id.factory.internal.DefaultIdentifierGeneratorFactory - Registering IdentifierGenerator strategy [enhanced-table] -> [org.hibernate.id.enhanced.TableGenerator]
21:23:01.272 [Test worker] WARN org.hibernate.orm.connections.pooling - HHH10001002: Using Hibernate built-in connection pool (not for production use!)
21:23:01.272 [Test worker] INFO org.hibernate.orm.connections.pooling - HHH10001005: using driver [org.sqlite.JDBC] at URL [jdbc:sqlite:D:\Facultate\Projects\OrganizareCompanie\database]
21:23:01.272 [Test worker] INFO org.hibernate.orm.connections.pooling - HHH10001001: Connection properties: {password=root, user=root}
21:23:01.272 [Test worker] INFO org.hibernate.orm.connections.pooling - HHH10001003: Autocommit mode: false
21:23:01.272 [Test worker] DEBUG org.hibernate.engine.jdbc.connections.internal.DriverManagerConnectionProviderImpl - Initializing Connection pool with 1 Connections
21:23:01.272 [Test worker] INFO org.hibernate.engine.jdbc.connections.internal.DriverManagerConnectionProviderImpl - HHH000115: Hibernate connection pool size: 1 (min=1)
21:23:01.288 [Test worker] DEBUG org.hibernate.engine.jdbc.env.internal.JdbcEnvironmentInitiator - Database ->
       name : SQLite
    version : 3.34.0
      major : 3
      minor : 34
21:23:01.288 [Test worker] DEBUG org.hibernate.engine.jdbc.env.internal.JdbcEnvironmentInitiator - Driver ->
       name : SQLite JDBC
    version : 3.34.0
      major : 3
      minor : 34
21:23:01.288 [Test worker] DEBUG org.hibernate.engine.jdbc.env.internal.JdbcEnvironmentInitiator - JDBC version : 2.1
21:23:01.288 [Test worker] INFO org.hibernate.dialect.Dialect - HHH000400: Using dialect: utils.SQLiteDialect
21:23:01.288 [Test worker] DEBUG org.hibernate.engine.jdbc.env.spi.IdentifierHelperBuilder - JDBC driver metadata reported database stores quoted identifiers in neither upper, lower nor mixed case
21:23:01.288 [Test worker] DEBUG org.hibernate.engine.jdbc.env.spi.IdentifierHelperBuilder - IdentifierCaseStrategy for both quoted and unquoted identifiers was set to the same strategy [MIXED]; that will likely lead to problems in schema update and validation if using quoted identifiers
21:23:01.288 [Test worker] DEBUG org.hibernate.engine.jdbc.env.internal.LobCreatorBuilderImpl - HHH000423: Disabling contextual LOB creation as JDBC driver reported JDBC version [2] less than 4
21:23:01.288 [Test worker] DEBUG org.hibernate.boot.model.relational.Namespace - Created database namespace [logicalName=Name{catalog=null, schema=null}, physicalName=Name{catalog=null, schema=null}]
21:23:01.288 [Test worker] DEBUG org.hibernate.type.descriptor.java.JavaTypeDescriptorRegistry - JavaTypeDescriptorRegistry entry replaced : class java.time.Duration -> org.hibernate.type.descriptor.java.DurationJavaDescriptor@484b819 (was org.hibernate.type.descriptor.java.DurationJavaDescriptor@484b819)
21:23:01.288 [Test worker] DEBUG org.hibernate.type.descriptor.java.JavaTypeDescriptorRegistry - JavaTypeDescriptorRegistry entry replaced : class java.time.Instant -> org.hibernate.type.descriptor.java.InstantJavaDescriptor@7a6a60d2 (was org.hibernate.type.descriptor.java.InstantJavaDescriptor@7a6a60d2)
21:23:01.288 [Test worker] DEBUG org.hibernate.type.descriptor.java.JavaTypeDescriptorRegistry - JavaTypeDescriptorRegistry entry replaced : class java.time.LocalDate -> org.hibernate.type.descriptor.java.LocalDateJavaDescriptor@7ac3817d (was org.hibernate.type.descriptor.java.LocalDateJavaDescriptor@7ac3817d)
21:23:01.288 [Test worker] DEBUG org.hibernate.type.descriptor.java.JavaTypeDescriptorRegistry - JavaTypeDescriptorRegistry entry replaced : class java.time.LocalDateTime -> org.hibernate.type.descriptor.java.LocalDateTimeJavaDescriptor@616d0e6e (was org.hibernate.type.descriptor.java.LocalDateTimeJavaDescriptor@616d0e6e)
21:23:01.288 [Test worker] DEBUG org.hibernate.type.descriptor.java.JavaTypeDescriptorRegistry - JavaTypeDescriptorRegistry entry replaced : class java.time.OffsetDateTime -> org.hibernate.type.descriptor.java.OffsetDateTimeJavaDescriptor@4008262a (was org.hibernate.type.descriptor.java.OffsetDateTimeJavaDescriptor@4008262a)
21:23:01.288 [Test worker] DEBUG org.hibernate.type.descriptor.java.JavaTypeDescriptorRegistry - JavaTypeDescriptorRegistry entry replaced : class java.time.OffsetTime -> org.hibernate.type.descriptor.java.OffsetTimeJavaDescriptor@69cda209 (was org.hibernate.type.descriptor.java.OffsetTimeJavaDescriptor@69cda209)
21:23:01.288 [Test worker] DEBUG org.hibernate.type.descriptor.java.JavaTypeDescriptorRegistry - JavaTypeDescriptorRegistry entry replaced : class java.time.ZonedDateTime -> org.hibernate.type.descriptor.java.ZonedDateTimeJavaDescriptor@f630e24 (was org.hibernate.type.descriptor.java.ZonedDateTimeJavaDescriptor@f630e24)
21:23:01.288 [Test worker] DEBUG org.hibernate.type.BasicTypeRegistry - Adding type registration Duration -> org.hibernate.type.DurationType@1f6d6ec5
21:23:01.288 [Test worker] DEBUG org.hibernate.type.BasicTypeRegistry - Adding type registration java.time.Duration -> org.hibernate.type.DurationType@1f6d6ec5
21:23:01.288 [Test worker] DEBUG org.hibernate.type.BasicTypeRegistry - Adding type registration Instant -> org.hibernate.type.InstantType@799b3880
21:23:01.288 [Test worker] DEBUG org.hibernate.type.BasicTypeRegistry - Adding type registration java.time.Instant -> org.hibernate.type.InstantType@799b3880
21:23:01.288 [Test worker] DEBUG org.hibernate.type.BasicTypeRegistry - Adding type registration LocalDateTime -> org.hibernate.type.LocalDateTimeType@3c9b7dcd
21:23:01.288 [Test worker] DEBUG org.hibernate.type.BasicTypeRegistry - Adding type registration java.time.LocalDateTime -> org.hibernate.type.LocalDateTimeType@3c9b7dcd
21:23:01.288 [Test worker] DEBUG org.hibernate.type.BasicTypeRegistry - Adding type registration LocalDate -> org.hibernate.type.LocalDateType@73b9d317
21:23:01.288 [Test worker] DEBUG org.hibernate.type.BasicTypeRegistry - Adding type registration java.time.LocalDate -> org.hibernate.type.LocalDateType@73b9d317
21:23:01.288 [Test worker] DEBUG org.hibernate.type.BasicTypeRegistry - Adding type registration LocalTime -> org.hibernate.type.LocalTimeType@3e938176
21:23:01.288 [Test worker] DEBUG org.hibernate.type.BasicTypeRegistry - Adding type registration java.time.LocalTime -> org.hibernate.type.LocalTimeType@3e938176
21:23:01.288 [Test worker] DEBUG org.hibernate.type.BasicTypeRegistry - Adding type registration OffsetDateTime -> org.hibernate.type.OffsetDateTimeType@1006f6a5
21:23:01.288 [Test worker] DEBUG org.hibernate.type.BasicTypeRegistry - Adding type registration java.time.OffsetDateTime -> org.hibernate.type.OffsetDateTimeType@1006f6a5
21:23:01.288 [Test worker] DEBUG org.hibernate.type.BasicTypeRegistry - Adding type registration OffsetTime -> org.hibernate.type.OffsetTimeType@5ebf30b8
21:23:01.288 [Test worker] DEBUG org.hibernate.type.BasicTypeRegistry - Adding type registration java.time.OffsetTime -> org.hibernate.type.OffsetTimeType@5ebf30b8
21:23:01.288 [Test worker] DEBUG org.hibernate.type.BasicTypeRegistry - Adding type registration ZonedDateTime -> org.hibernate.type.ZonedDateTimeType@5ecdce3a
21:23:01.288 [Test worker] DEBUG org.hibernate.type.BasicTypeRegistry - Adding type registration java.time.ZonedDateTime -> org.hibernate.type.ZonedDateTimeType@5ecdce3a
21:23:01.288 [Test worker] DEBUG org.hibernate.type.spi.TypeConfiguration$Scope - Scoping TypeConfiguration [org.hibernate.type.spi.TypeConfiguration@26995395] to MetadataBuildingContext [org.hibernate.boot.internal.MetadataBuildingContextRootImpl@bd6b78e]
21:23:01.288 [Test worker] DEBUG org.hibernate.cfg.AnnotationBinder - Binding entity from annotated class: domain.Angajat
21:23:01.288 [Test worker] DEBUG org.hibernate.cfg.Ejb3Column - Binding column: Ejb3DiscriminatorColumn{logicalColumnName'DTYPE', discriminatorTypeName='string'}
21:23:01.288 [Test worker] DEBUG org.hibernate.cfg.annotations.EntityBinder - Import with entity name Angajat
21:23:01.288 [Test worker] DEBUG org.hibernate.cfg.annotations.EntityBinder - Bind entity domain.Angajat on table angajati
21:23:01.288 [Test worker] DEBUG org.hibernate.cfg.Ejb3Column - Binding column: Ejb3Column{table=org.hibernate.mapping.Table(angajati), mappingColumn=id, insertable=true, updatable=true, unique=false}
21:23:01.288 [Test worker] DEBUG org.hibernate.boot.internal.ClassLoaderAccessImpl - Not known whether passed class name [domain.Angajat] is safe
21:23:01.288 [Test worker] DEBUG org.hibernate.boot.internal.ClassLoaderAccessImpl - No temp ClassLoader provided; using live ClassLoader for loading potentially unsafe class : domain.Angajat
21:23:01.288 [Test worker] DEBUG org.hibernate.cfg.annotations.PropertyBinder - MetadataSourceProcessor property id with lazy=false
21:23:01.288 [Test worker] DEBUG org.hibernate.cfg.AbstractPropertyHolder - Attempting to locate auto-apply AttributeConverter for property [domain.Angajat:id]
21:23:01.288 [Test worker] DEBUG org.hibernate.cfg.annotations.SimpleValueBinder - building SimpleValue for id
21:23:01.288 [Test worker] DEBUG org.hibernate.cfg.annotations.PropertyBinder - Building property id
21:23:01.288 [Test worker] DEBUG org.hibernate.cfg.BinderHelper - #makeIdGenerator(org.hibernate.mapping.SimpleValue([org.hibernate.mapping.Column(id)]), id, identity, , ...)
21:23:01.288 [Test worker] DEBUG org.hibernate.cfg.Ejb3Column - Binding column: Ejb3JoinColumn{logicalColumnName='null', referencedColumn='null', mappedBy='angajat'}
21:23:01.288 [Test worker] DEBUG org.hibernate.cfg.Ejb3Column - Binding column: Ejb3Column{table=org.hibernate.mapping.Table(angajati), mappingColumn=concedii, insertable=true, updatable=true, unique=false}
21:23:01.288 [Test worker] DEBUG org.hibernate.cfg.Ejb3Column - Binding column: Ejb3Column{table=org.hibernate.mapping.Table(angajati), mappingColumn=null, insertable=true, updatable=true, unique=false}
21:23:01.288 [Test worker] DEBUG org.hibernate.cfg.Ejb3Column - Binding column: Ejb3Column{table=org.hibernate.mapping.Table(angajati), mappingColumn=element, insertable=true, updatable=true, unique=false}
21:23:01.288 [Test worker] DEBUG org.hibernate.cfg.Ejb3Column - Binding column: Ejb3Column{table=org.hibernate.mapping.Table(angajati), mappingColumn=concedii_KEY, insertable=true, updatable=true, unique=false}
21:23:01.288 [Test worker] DEBUG org.hibernate.cfg.Ejb3Column - Binding column: Ejb3JoinColumn{logicalColumnName='concedii_KEY', referencedColumn='null', mappedBy='null'}
21:23:01.288 [Test worker] DEBUG org.hibernate.cfg.Ejb3Column - Binding column: Ejb3JoinColumn{logicalColumnName='null', referencedColumn='null', mappedBy='angajat'}
21:23:01.288 [Test worker] DEBUG org.hibernate.cfg.Ejb3Column - Binding column: Ejb3JoinColumn{logicalColumnName='null', referencedColumn='null', mappedBy='angajat'}
21:23:01.288 [Test worker] DEBUG org.hibernate.cfg.annotations.CollectionBinder - Collection role: domain.Angajat.concedii
21:23:01.288 [Test worker] DEBUG org.hibernate.cfg.annotations.PropertyBinder - Building property concedii
21:23:01.288 [Test worker] DEBUG org.hibernate.cfg.Ejb3Column - Binding column: Ejb3Column{table=org.hibernate.mapping.Table(angajati), mappingColumn=data_angajare, insertable=true, updatable=true, unique=false}
21:23:01.288 [Test worker] DEBUG org.hibernate.cfg.annotations.PropertyBinder - MetadataSourceProcessor property dataAngajare with lazy=false
21:23:01.288 [Test worker] DEBUG org.hibernate.cfg.AbstractPropertyHolder - Attempting to locate auto-apply AttributeConverter for property [domain.Angajat:dataAngajare]
21:23:01.288 [Test worker] DEBUG org.hibernate.cfg.annotations.SimpleValueBinder - building SimpleValue for dataAngajare
21:23:01.288 [Test worker] DEBUG org.hibernate.cfg.annotations.PropertyBinder - Building property dataAngajare
21:23:01.288 [Test worker] DEBUG org.hibernate.cfg.Ejb3Column - Binding column: Ejb3Column{table=org.hibernate.mapping.Table(angajati), mappingColumn=null, insertable=true, updatable=true, unique=false}
21:23:01.288 [Test worker] DEBUG org.hibernate.cfg.Ejb3Column - Binding column: Ejb3Column{table=org.hibernate.mapping.Table(angajati), mappingColumn=element, insertable=true, updatable=true, unique=false}
21:23:01.288 [Test worker] DEBUG org.hibernate.cfg.Ejb3Column - Binding column: Ejb3Column{table=org.hibernate.mapping.Table(angajati), mappingColumn=departamente_KEY, insertable=true, updatable=true, unique=false}
21:23:01.288 [Test worker] DEBUG org.hibernate.cfg.Ejb3Column - Binding column: Ejb3JoinColumn{logicalColumnName='departamente_KEY', referencedColumn='null', mappedBy='null'}
21:23:01.288 [Test worker] DEBUG org.hibernate.cfg.Ejb3Column - Binding column: Ejb3JoinColumn{logicalColumnName='id_angajat', referencedColumn='', mappedBy=''}
21:23:01.288 [Test worker] DEBUG org.hibernate.cfg.Ejb3Column - Binding column: Ejb3JoinColumn{logicalColumnName='id_departament', referencedColumn='', mappedBy=''}
21:23:01.288 [Test worker] DEBUG org.hibernate.cfg.annotations.CollectionBinder - Collection role: domain.Angajat.departamente
21:23:01.288 [Test worker] DEBUG org.hibernate.cfg.annotations.PropertyBinder - Building property departamente
21:23:01.288 [Test worker] DEBUG org.hibernate.cfg.Ejb3Column - Binding column: Ejb3JoinColumn{logicalColumnName='null', referencedColumn='null', mappedBy='null'}
21:23:01.288 [Test worker] DEBUG org.hibernate.cfg.Ejb3Column - Binding column: Ejb3Column{table=org.hibernate.mapping.Table(angajati), mappingColumn=functie, insertable=true, updatable=true, unique=false}
21:23:01.288 [Test worker] DEBUG org.hibernate.cfg.annotations.PropertyBinder - Building property functie
21:23:01.288 [Test worker] DEBUG org.hibernate.cfg.Ejb3Column - Binding column: Ejb3Column{table=org.hibernate.mapping.Table(angajati), mappingColumn=id_superior, insertable=true, updatable=true, unique=false}
21:23:01.288 [Test worker] DEBUG org.hibernate.cfg.annotations.PropertyBinder - MetadataSourceProcessor property idSuperior with lazy=false
21:23:01.288 [Test worker] DEBUG org.hibernate.cfg.AbstractPropertyHolder - Attempting to locate auto-apply AttributeConverter for property [domain.Angajat:idSuperior]
21:23:01.288 [Test worker] DEBUG org.hibernate.cfg.annotations.SimpleValueBinder - building SimpleValue for idSuperior
21:23:01.288 [Test worker] DEBUG org.hibernate.cfg.annotations.PropertyBinder - Building property idSuperior
21:23:01.288 [Test worker] DEBUG org.hibernate.cfg.Ejb3Column - Binding column: Ejb3Column{table=org.hibernate.mapping.Table(angajati), mappingColumn=null, insertable=true, updatable=true, unique=false}
21:23:01.288 [Test worker] DEBUG org.hibernate.cfg.Ejb3Column - Binding column: Ejb3Column{table=org.hibernate.mapping.Table(angajati), mappingColumn=element, insertable=true, updatable=true, unique=false}
21:23:01.288 [Test worker] DEBUG org.hibernate.cfg.Ejb3Column - Binding column: Ejb3Column{table=org.hibernate.mapping.Table(angajati), mappingColumn=proiecte_KEY, insertable=true, updatable=true, unique=false}
21:23:01.288 [Test worker] DEBUG org.hibernate.cfg.Ejb3Column - Binding column: Ejb3JoinColumn{logicalColumnName='proiecte_KEY', referencedColumn='null', mappedBy='null'}
21:23:01.288 [Test worker] DEBUG org.hibernate.cfg.Ejb3Column - Binding column: Ejb3JoinColumn{logicalColumnName='id_angajat', referencedColumn='', mappedBy=''}
21:23:01.304 [Test worker] DEBUG org.hibernate.cfg.Ejb3Column - Binding column: Ejb3JoinColumn{logicalColumnName='id_proiect', referencedColumn='', mappedBy=''}
21:23:01.304 [Test worker] DEBUG org.hibernate.cfg.annotations.CollectionBinder - Collection role: domain.Angajat.proiecte
21:23:01.304 [Test worker] DEBUG org.hibernate.cfg.annotations.PropertyBinder - Building property proiecte
21:23:01.304 [Test worker] DEBUG org.hibernate.cfg.AnnotationBinder - Binding entity from annotated class: domain.Concediu
21:23:01.304 [Test worker] DEBUG org.hibernate.cfg.Ejb3Column - Binding column: Ejb3DiscriminatorColumn{logicalColumnName'DTYPE', discriminatorTypeName='string'}
21:23:01.304 [Test worker] DEBUG org.hibernate.cfg.annotations.EntityBinder - Import with entity name Concediu
21:23:01.304 [Test worker] DEBUG org.hibernate.cfg.annotations.EntityBinder - Bind entity domain.Concediu on table concedii
21:23:01.304 [Test worker] DEBUG org.hibernate.cfg.Ejb3Column - Binding column: Ejb3Column{table=org.hibernate.mapping.Table(concedii), mappingColumn=id, insertable=true, updatable=true, unique=false}
21:23:01.304 [Test worker] DEBUG org.hibernate.boot.internal.ClassLoaderAccessImpl - Not known whether passed class name [domain.Concediu] is safe
21:23:01.304 [Test worker] DEBUG org.hibernate.boot.internal.ClassLoaderAccessImpl - No temp ClassLoader provided; using live ClassLoader for loading potentially unsafe class : domain.Concediu
21:23:01.304 [Test worker] DEBUG org.hibernate.cfg.annotations.PropertyBinder - MetadataSourceProcessor property id with lazy=false
21:23:01.304 [Test worker] DEBUG org.hibernate.cfg.AbstractPropertyHolder - Attempting to locate auto-apply AttributeConverter for property [domain.Concediu:id]
21:23:01.304 [Test worker] DEBUG org.hibernate.cfg.annotations.SimpleValueBinder - building SimpleValue for id
21:23:01.304 [Test worker] DEBUG org.hibernate.cfg.annotations.PropertyBinder - Building property id
21:23:01.304 [Test worker] DEBUG org.hibernate.cfg.BinderHelper - #makeIdGenerator(org.hibernate.mapping.SimpleValue([org.hibernate.mapping.Column(id)]), id, identity, , ...)
21:23:01.304 [Test worker] DEBUG org.hibernate.cfg.Ejb3Column - Binding column: Ejb3JoinColumn{logicalColumnName='id_angajat', referencedColumn='', mappedBy=''}
21:23:01.304 [Test worker] DEBUG org.hibernate.cfg.Ejb3Column - Binding column: Ejb3Column{table=org.hibernate.mapping.Table(concedii), mappingColumn=angajat, insertable=true, updatable=true, unique=false}
21:23:01.304 [Test worker] DEBUG org.hibernate.cfg.annotations.PropertyBinder - Building property angajat
21:23:01.304 [Test worker] DEBUG org.hibernate.cfg.Ejb3Column - Binding column: Ejb3Column{table=org.hibernate.mapping.Table(concedii), mappingColumn=data_inceput, insertable=true, updatable=true, unique=false}
21:23:01.304 [Test worker] DEBUG org.hibernate.cfg.annotations.PropertyBinder - MetadataSourceProcessor property dataInceput with lazy=false
21:23:01.304 [Test worker] DEBUG org.hibernate.cfg.AbstractPropertyHolder - Attempting to locate auto-apply AttributeConverter for property [domain.Concediu:dataInceput]
21:23:01.304 [Test worker] DEBUG org.hibernate.cfg.annotations.SimpleValueBinder - building SimpleValue for dataInceput
21:23:01.304 [Test worker] DEBUG org.hibernate.cfg.annotations.PropertyBinder - Building property dataInceput
21:23:01.304 [Test worker] DEBUG org.hibernate.cfg.Ejb3Column - Binding column: Ejb3Column{table=org.hibernate.mapping.Table(concedii), mappingColumn=data_sfarsit, insertable=true, updatable=true, unique=false}
21:23:01.304 [Test worker] DEBUG org.hibernate.cfg.annotations.PropertyBinder - MetadataSourceProcessor property dataSfarsit with lazy=false
21:23:01.304 [Test worker] DEBUG org.hibernate.cfg.AbstractPropertyHolder - Attempting to locate auto-apply AttributeConverter for property [domain.Concediu:dataSfarsit]
21:23:01.304 [Test worker] DEBUG org.hibernate.cfg.annotations.SimpleValueBinder - building SimpleValue for dataSfarsit
21:23:01.304 [Test worker] DEBUG org.hibernate.cfg.annotations.PropertyBinder - Building property dataSfarsit
21:23:01.304 [Test worker] DEBUG org.hibernate.cfg.AnnotationBinder - Binding entity from annotated class: domain.Departament
21:23:01.304 [Test worker] DEBUG org.hibernate.cfg.Ejb3Column - Binding column: Ejb3DiscriminatorColumn{logicalColumnName'DTYPE', discriminatorTypeName='string'}
21:23:01.304 [Test worker] DEBUG org.hibernate.cfg.annotations.EntityBinder - Import with entity name Departament
21:23:01.304 [Test worker] DEBUG org.hibernate.cfg.annotations.EntityBinder - Bind entity domain.Departament on table departamente
21:23:01.304 [Test worker] DEBUG org.hibernate.cfg.Ejb3Column - Binding column: Ejb3Column{table=org.hibernate.mapping.Table(departamente), mappingColumn=id, insertable=true, updatable=true, unique=false}
21:23:01.304 [Test worker] DEBUG org.hibernate.boot.internal.ClassLoaderAccessImpl - Not known whether passed class name [domain.Departament] is safe
21:23:01.304 [Test worker] DEBUG org.hibernate.boot.internal.ClassLoaderAccessImpl - No temp ClassLoader provided; using live ClassLoader for loading potentially unsafe class : domain.Departament
21:23:01.304 [Test worker] DEBUG org.hibernate.cfg.annotations.PropertyBinder - MetadataSourceProcessor property id with lazy=false
21:23:01.304 [Test worker] DEBUG org.hibernate.cfg.AbstractPropertyHolder - Attempting to locate auto-apply AttributeConverter for property [domain.Departament:id]
21:23:01.304 [Test worker] DEBUG org.hibernate.cfg.annotations.SimpleValueBinder - building SimpleValue for id
21:23:01.304 [Test worker] DEBUG org.hibernate.cfg.annotations.PropertyBinder - Building property id
21:23:01.304 [Test worker] DEBUG org.hibernate.cfg.BinderHelper - #makeIdGenerator(org.hibernate.mapping.SimpleValue([org.hibernate.mapping.Column(id)]), id, identity, , ...)
21:23:01.304 [Test worker] DEBUG org.hibernate.cfg.Ejb3Column - Binding column: Ejb3Column{table=org.hibernate.mapping.Table(departamente), mappingColumn=id_director, insertable=true, updatable=true, unique=false}
21:23:01.304 [Test worker] DEBUG org.hibernate.cfg.annotations.PropertyBinder - MetadataSourceProcessor property idDirector with lazy=false
21:23:01.304 [Test worker] DEBUG org.hibernate.cfg.AbstractPropertyHolder - Attempting to locate auto-apply AttributeConverter for property [domain.Departament:idDirector]
21:23:01.304 [Test worker] DEBUG org.hibernate.cfg.annotations.SimpleValueBinder - building SimpleValue for idDirector
21:23:01.304 [Test worker] DEBUG org.hibernate.cfg.annotations.PropertyBinder - Building property idDirector
21:23:01.304 [Test worker] DEBUG org.hibernate.cfg.AnnotationBinder - Binding entity from annotated class: domain.Functie
21:23:01.304 [Test worker] DEBUG org.hibernate.cfg.Ejb3Column - Binding column: Ejb3DiscriminatorColumn{logicalColumnName'DTYPE', discriminatorTypeName='string'}
21:23:01.304 [Test worker] DEBUG org.hibernate.cfg.annotations.EntityBinder - Import with entity name Functie
21:23:01.304 [Test worker] DEBUG org.hibernate.cfg.annotations.EntityBinder - Bind entity domain.Functie on table functii
21:23:01.304 [Test worker] DEBUG org.hibernate.cfg.Ejb3Column - Binding column: Ejb3Column{table=org.hibernate.mapping.Table(functii), mappingColumn=id, insertable=true, updatable=true, unique=false}
21:23:01.304 [Test worker] DEBUG org.hibernate.boot.internal.ClassLoaderAccessImpl - Not known whether passed class name [domain.Functie] is safe
21:23:01.304 [Test worker] DEBUG org.hibernate.boot.internal.ClassLoaderAccessImpl - No temp ClassLoader provided; using live ClassLoader for loading potentially unsafe class : domain.Functie
21:23:01.304 [Test worker] DEBUG org.hibernate.cfg.annotations.PropertyBinder - MetadataSourceProcessor property id with lazy=false
21:23:01.304 [Test worker] DEBUG org.hibernate.cfg.AbstractPropertyHolder - Attempting to locate auto-apply AttributeConverter for property [domain.Functie:id]
21:23:01.304 [Test worker] DEBUG org.hibernate.cfg.annotations.SimpleValueBinder - building SimpleValue for id
21:23:01.304 [Test worker] DEBUG org.hibernate.cfg.annotations.PropertyBinder - Building property id
21:23:01.304 [Test worker] DEBUG org.hibernate.cfg.BinderHelper - #makeIdGenerator(org.hibernate.mapping.SimpleValue([org.hibernate.mapping.Column(id)]), id, identity, , ...)
21:23:01.304 [Test worker] DEBUG org.hibernate.cfg.Ejb3Column - Binding column: Ejb3Column{table=org.hibernate.mapping.Table(functii), mappingColumn=salar_de_baza, insertable=true, updatable=true, unique=false}
21:23:01.304 [Test worker] DEBUG org.hibernate.cfg.annotations.PropertyBinder - MetadataSourceProcessor property salarDeBaza with lazy=false
21:23:01.304 [Test worker] DEBUG org.hibernate.cfg.AbstractPropertyHolder - Attempting to locate auto-apply AttributeConverter for property [domain.Functie:salarDeBaza]
21:23:01.304 [Test worker] DEBUG org.hibernate.cfg.annotations.SimpleValueBinder - building SimpleValue for salarDeBaza
21:23:01.304 [Test worker] DEBUG org.hibernate.cfg.annotations.PropertyBinder - Building property salarDeBaza
21:23:01.304 [Test worker] DEBUG org.hibernate.cfg.AnnotationBinder - Binding entity from annotated class: domain.Proiect
21:23:01.304 [Test worker] DEBUG org.hibernate.cfg.Ejb3Column - Binding column: Ejb3DiscriminatorColumn{logicalColumnName'DTYPE', discriminatorTypeName='string'}
21:23:01.304 [Test worker] DEBUG org.hibernate.cfg.annotations.EntityBinder - Import with entity name Proiect
21:23:01.304 [Test worker] DEBUG org.hibernate.cfg.annotations.EntityBinder - Bind entity domain.Proiect on table proiecte
21:23:01.304 [Test worker] DEBUG org.hibernate.cfg.Ejb3Column - Binding column: Ejb3Column{table=org.hibernate.mapping.Table(proiecte), mappingColumn=id, insertable=true, updatable=true, unique=false}
21:23:01.304 [Test worker] DEBUG org.hibernate.boot.internal.ClassLoaderAccessImpl - Not known whether passed class name [domain.Proiect] is safe
21:23:01.304 [Test worker] DEBUG org.hibernate.boot.internal.ClassLoaderAccessImpl - No temp ClassLoader provided; using live ClassLoader for loading potentially unsafe class : domain.Proiect
21:23:01.304 [Test worker] DEBUG org.hibernate.cfg.annotations.PropertyBinder - MetadataSourceProcessor property id with lazy=false
21:23:01.304 [Test worker] DEBUG org.hibernate.cfg.AbstractPropertyHolder - Attempting to locate auto-apply AttributeConverter for property [domain.Proiect:id]
21:23:01.304 [Test worker] DEBUG org.hibernate.cfg.annotations.SimpleValueBinder - building SimpleValue for id
21:23:01.304 [Test worker] DEBUG org.hibernate.cfg.annotations.PropertyBinder - Building property id
21:23:01.304 [Test worker] DEBUG org.hibernate.cfg.BinderHelper - #makeIdGenerator(org.hibernate.mapping.SimpleValue([org.hibernate.mapping.Column(id)]), id, identity, , ...)
21:23:01.304 [Test worker] DEBUG org.hibernate.cfg.Ejb3Column - Binding column: Ejb3Column{table=org.hibernate.mapping.Table(proiecte), mappingColumn=data_inceput, insertable=true, updatable=true, unique=false}
21:23:01.304 [Test worker] DEBUG org.hibernate.cfg.annotations.PropertyBinder - MetadataSourceProcessor property dataInceput with lazy=false
21:23:01.304 [Test worker] DEBUG org.hibernate.cfg.AbstractPropertyHolder - Attempting to locate auto-apply AttributeConverter for property [domain.Proiect:dataInceput]
21:23:01.304 [Test worker] DEBUG org.hibernate.cfg.annotations.SimpleValueBinder - building SimpleValue for dataInceput
21:23:01.304 [Test worker] DEBUG org.hibernate.cfg.annotations.PropertyBinder - Building property dataInceput
21:23:01.304 [Test worker] DEBUG org.hibernate.cfg.Ejb3Column - Binding column: Ejb3Column{table=org.hibernate.mapping.Table(proiecte), mappingColumn=deadline, insertable=true, updatable=true, unique=false}
21:23:01.304 [Test worker] DEBUG org.hibernate.cfg.annotations.PropertyBinder - MetadataSourceProcessor property deadline with lazy=false
21:23:01.304 [Test worker] DEBUG org.hibernate.cfg.AbstractPropertyHolder - Attempting to locate auto-apply AttributeConverter for property [domain.Proiect:deadline]
21:23:01.304 [Test worker] DEBUG org.hibernate.cfg.annotations.SimpleValueBinder - building SimpleValue for deadline
21:23:01.304 [Test worker] DEBUG org.hibernate.cfg.annotations.PropertyBinder - Building property deadline
21:23:01.304 [Test worker] DEBUG org.hibernate.cfg.annotations.SimpleValueBinder - Starting fillSimpleValue for id
21:23:01.304 [Test worker] DEBUG org.hibernate.cfg.annotations.SimpleValueBinder - Starting fillSimpleValue for dataAngajare
21:23:01.304 [Test worker] DEBUG org.hibernate.cfg.annotations.SimpleValueBinder - Starting fillSimpleValue for idSuperior
21:23:01.304 [Test worker] DEBUG org.hibernate.cfg.annotations.SimpleValueBinder - Starting fillSimpleValue for id
21:23:01.304 [Test worker] DEBUG org.hibernate.cfg.annotations.SimpleValueBinder - Starting fillSimpleValue for dataInceput
21:23:01.304 [Test worker] DEBUG org.hibernate.cfg.annotations.SimpleValueBinder - Starting fillSimpleValue for dataSfarsit
21:23:01.304 [Test worker] DEBUG org.hibernate.cfg.annotations.SimpleValueBinder - Starting fillSimpleValue for id
21:23:01.304 [Test worker] DEBUG org.hibernate.cfg.annotations.SimpleValueBinder - Starting fillSimpleValue for idDirector
21:23:01.304 [Test worker] DEBUG org.hibernate.cfg.annotations.SimpleValueBinder - Starting fillSimpleValue for id
21:23:01.304 [Test worker] DEBUG org.hibernate.cfg.annotations.SimpleValueBinder - Starting fillSimpleValue for salarDeBaza
21:23:01.304 [Test worker] DEBUG org.hibernate.cfg.annotations.SimpleValueBinder - Starting fillSimpleValue for id
21:23:01.304 [Test worker] DEBUG org.hibernate.cfg.annotations.SimpleValueBinder - Starting fillSimpleValue for dataInceput
21:23:01.304 [Test worker] DEBUG org.hibernate.cfg.annotations.SimpleValueBinder - Starting fillSimpleValue for deadline
21:23:01.304 [Test worker] DEBUG org.hibernate.mapping.PrimaryKey - Forcing column [id] to be non-null as it is part of the primary key for table [angajati]
21:23:01.304 [Test worker] DEBUG org.hibernate.mapping.PrimaryKey - Forcing column [id] to be non-null as it is part of the primary key for table [concedii]
21:23:01.304 [Test worker] DEBUG org.hibernate.mapping.PrimaryKey - Forcing column [id] to be non-null as it is part of the primary key for table [departamente]
21:23:01.304 [Test worker] DEBUG org.hibernate.mapping.PrimaryKey - Forcing column [id] to be non-null as it is part of the primary key for table [functii]
21:23:01.304 [Test worker] DEBUG org.hibernate.mapping.PrimaryKey - Forcing column [id] to be non-null as it is part of the primary key for table [proiecte]
21:23:01.304 [Test worker] DEBUG org.hibernate.cfg.CollectionSecondPass - Second pass for collection: domain.Angajat.proiecte
21:23:01.304 [Test worker] DEBUG org.hibernate.cfg.annotations.CollectionBinder - Binding as ManyToMany: domain.Angajat.proiecte
21:23:01.304 [Test worker] DEBUG org.hibernate.mapping.PrimaryKey - Forcing column [id_angajat] to be non-null as it is part of the primary key for table [angajati_proiecte]
21:23:01.304 [Test worker] DEBUG org.hibernate.mapping.PrimaryKey - Forcing column [id_proiect] to be non-null as it is part of the primary key for table [angajati_proiecte]
21:23:01.304 [Test worker] DEBUG org.hibernate.cfg.CollectionSecondPass - Mapped collection key: id_angajat, element: id_proiect
21:23:01.304 [Test worker] DEBUG org.hibernate.cfg.CollectionSecondPass - Second pass for collection: domain.Angajat.departamente
21:23:01.304 [Test worker] DEBUG org.hibernate.cfg.annotations.CollectionBinder - Binding as ManyToMany: domain.Angajat.departamente
21:23:01.304 [Test worker] DEBUG org.hibernate.mapping.PrimaryKey - Forcing column [id_angajat] to be non-null as it is part of the primary key for table [angajati_departamente]
21:23:01.304 [Test worker] DEBUG org.hibernate.mapping.PrimaryKey - Forcing column [id_departament] to be non-null as it is part of the primary key for table [angajati_departamente]
21:23:01.304 [Test worker] DEBUG org.hibernate.cfg.CollectionSecondPass - Mapped collection key: id_angajat, element: id_departament
21:23:01.304 [Test worker] DEBUG org.hibernate.cfg.CollectionSecondPass - Second pass for collection: domain.Angajat.concedii
21:23:01.304 [Test worker] DEBUG org.hibernate.cfg.annotations.CollectionBinder - Binding a OneToMany: domain.Angajat.concedii through a foreign key
21:23:01.304 [Test worker] DEBUG org.hibernate.cfg.annotations.CollectionBinder - Mapping collection: domain.Angajat.concedii -> concedii
21:23:01.304 [Test worker] DEBUG org.hibernate.cfg.annotations.TableBinder - Retrieving property domain.Concediu.angajat
21:23:01.304 [Test worker] DEBUG org.hibernate.cfg.CollectionSecondPass - Mapped collection key: id_angajat, one-to-many: domain.Concediu
21:23:01.304 [Test worker] DEBUG org.hibernate.boot.internal.InFlightMetadataCollectorImpl - Resolving reference to class: domain.Functie
21:23:01.304 [Test worker] DEBUG org.hibernate.boot.internal.InFlightMetadataCollectorImpl - Resolving reference to class: domain.Departament
21:23:01.304 [Test worker] DEBUG org.hibernate.boot.internal.InFlightMetadataCollectorImpl - Resolving reference to class: domain.Angajat
21:23:01.304 [Test worker] DEBUG org.hibernate.boot.internal.InFlightMetadataCollectorImpl - Resolving reference to class: domain.Proiect
21:23:01.304 [Test worker] DEBUG org.hibernate.boot.internal.InFlightMetadataCollectorImpl - Resolving reference to class: domain.Angajat
21:23:01.304 [Test worker] DEBUG org.hibernate.boot.internal.InFlightMetadataCollectorImpl - Resolving reference to class: domain.Angajat
21:23:01.304 [Test worker] DEBUG org.hibernate.boot.internal.InFlightMetadataCollectorImpl - Resolving reference to class: domain.Functie
21:23:01.304 [Test worker] DEBUG org.hibernate.boot.internal.InFlightMetadataCollectorImpl - Resolving reference to class: domain.Departament
21:23:01.304 [Test worker] DEBUG org.hibernate.boot.internal.InFlightMetadataCollectorImpl - Resolving reference to class: domain.Angajat
21:23:01.304 [Test worker] DEBUG org.hibernate.boot.internal.InFlightMetadataCollectorImpl - Resolving reference to class: domain.Proiect
21:23:01.304 [Test worker] DEBUG org.hibernate.boot.internal.InFlightMetadataCollectorImpl - Resolving reference to class: domain.Angajat
21:23:01.304 [Test worker] DEBUG org.hibernate.boot.internal.InFlightMetadataCollectorImpl - Resolving reference to class: domain.Angajat
21:23:01.304 [Test worker] DEBUG org.hibernate.internal.SessionFactoryImpl - Building session factory
21:23:01.304 [Test worker] DEBUG org.hibernate.cfg.Settings - SessionFactory name : null
21:23:01.304 [Test worker] DEBUG org.hibernate.cfg.Settings - Automatic flush during beforeCompletion(): enabled
21:23:01.304 [Test worker] DEBUG org.hibernate.cfg.Settings - Automatic session close at end of transaction: disabled
21:23:01.304 [Test worker] DEBUG org.hibernate.cfg.Settings - Statistics: disabled
21:23:01.304 [Test worker] DEBUG org.hibernate.cfg.Settings - Deleted entity synthetic identifier rollback: disabled
21:23:01.304 [Test worker] DEBUG org.hibernate.cfg.Settings - Default entity-mode: pojo
21:23:01.304 [Test worker] DEBUG org.hibernate.cfg.Settings - Check Nullability in Core (should be disabled when Bean Validation is on): enabled
21:23:01.304 [Test worker] DEBUG org.hibernate.cfg.Settings - Allow initialization of lazy state outside session : enabled
21:23:01.304 [Test worker] DEBUG org.hibernate.cfg.Settings - Using BatchFetchStyle : LEGACY
21:23:01.304 [Test worker] DEBUG org.hibernate.cfg.Settings - Default batch fetch size: -1
21:23:01.304 [Test worker] DEBUG org.hibernate.cfg.Settings - Maximum outer join fetch depth: null
21:23:01.304 [Test worker] DEBUG org.hibernate.cfg.Settings - Default null ordering: NONE
21:23:01.304 [Test worker] DEBUG org.hibernate.cfg.Settings - Order SQL updates by primary key: disabled
21:23:01.304 [Test worker] DEBUG org.hibernate.cfg.Settings - Order SQL inserts for batching: disabled
21:23:01.304 [Test worker] DEBUG org.hibernate.cfg.Settings - multi-tenancy strategy : NONE
21:23:01.304 [Test worker] DEBUG org.hibernate.cfg.Settings - JTA Track by Thread: enabled
21:23:01.304 [Test worker] DEBUG org.hibernate.cfg.Settings - Query language substitutions: {}
21:23:01.304 [Test worker] DEBUG org.hibernate.cfg.Settings - Named query checking : enabled
21:23:01.304 [Test worker] DEBUG org.hibernate.cfg.Settings - Second-level cache: disabled
21:23:01.304 [Test worker] DEBUG org.hibernate.cfg.Settings - Second-level query cache: disabled
21:23:01.304 [Test worker] DEBUG org.hibernate.cfg.Settings - Second-level query cache factory: null
21:23:01.304 [Test worker] DEBUG org.hibernate.cfg.Settings - Second-level cache region prefix: null
21:23:01.304 [Test worker] DEBUG org.hibernate.cfg.Settings - Optimize second-level cache for minimal puts: disabled
21:23:01.304 [Test worker] DEBUG org.hibernate.cfg.Settings - Structured second-level cache entries: disabled
21:23:01.304 [Test worker] DEBUG org.hibernate.cfg.Settings - Second-level cache direct-reference entries: disabled
21:23:01.304 [Test worker] DEBUG org.hibernate.cfg.Settings - Automatic eviction of collection cache: disabled
21:23:01.304 [Test worker] DEBUG org.hibernate.cfg.Settings - JDBC batch size: 0
21:23:01.304 [Test worker] DEBUG org.hibernate.cfg.Settings - JDBC batch updates for versioned data: enabled
21:23:01.304 [Test worker] DEBUG org.hibernate.cfg.Settings - Scrollable result sets: disabled
21:23:01.304 [Test worker] DEBUG org.hibernate.cfg.Settings - Wrap result sets: disabled
21:23:01.304 [Test worker] DEBUG org.hibernate.cfg.Settings - JDBC3 getGeneratedKeys(): enabled
21:23:01.304 [Test worker] DEBUG org.hibernate.cfg.Settings - JDBC result set fetch size: null
21:23:01.304 [Test worker] DEBUG org.hibernate.cfg.Settings - Connection release mode: AFTER_TRANSACTION
21:23:01.304 [Test worker] DEBUG org.hibernate.cfg.Settings - Generate SQL with comments: disabled
21:23:01.304 [Test worker] DEBUG org.hibernate.cfg.Settings - JPA compliance - query : disabled
21:23:01.304 [Test worker] DEBUG org.hibernate.cfg.Settings - JPA compliance - closed-handling : disabled
21:23:01.304 [Test worker] DEBUG org.hibernate.cfg.Settings - JPA compliance - lists : disabled
21:23:01.304 [Test worker] DEBUG org.hibernate.cfg.Settings - JPA compliance - transactions : disabled
21:23:01.304 [Test worker] DEBUG org.hibernate.internal.SessionFactoryImpl - Session factory constructed with filter configurations : {}
21:23:01.304 [Test worker] DEBUG org.hibernate.internal.SessionFactoryImpl - Instantiating session factory with properties: {sun.desktop=windows, awt.toolkit=sun.awt.windows.WToolkit, dialect=utils.SQLiteDialect, java.specification.version=11, sun.cpu.isalist=amd64, sun.jnu.encoding=Cp1250, hibernate.dialect=utils.SQLiteDialect, org.gradle.test.worker=3, java.class.path=C:\\Users\\Dan\\.gradle\\caches\\6.8\\workerMain\\gradle-worker.jar;D:\\Facultate\\Projects\\OrganizareCompanie\\build\\classes\\java\\test;D:\\Facultate\\Projects\\OrganizareCompanie\\build\\resources\\test;D:\\Facultate\\Projects\\OrganizareCompanie\\build\\classes\\java\\main;D:\\Facultate\\Projects\\OrganizareCompanie\\build\\resources\\main;C:\\Users\\Dan\\.gradle\\caches\\modules-2\\files-2.1\\org.springframework.boot\\spring-boot-starter-web\\2.4.3\\4f5554ea183af87e52d8c31bb82aada0d74c40b0\\spring-boot-starter-web-2.4.3.jar;C:\\Users\\Dan\\.gradle\\caches\\modules-2\\files-2.1\\org.xerial\\sqlite-jdbc\\3.34.0\\fd29bb0124e3f79c80b2753162a6a3873c240bcf\\sqlite-jdbc-3.34.0.jar;C:\\Users\\Dan\\.gradle\\caches\\modules-2\\files-2.1\\org.hibernate\\hibernate-java8\\5.1.0.Final\\2bb534acab4f8485a821f0e4d6a2c8df617ee86a\\hibernate-java8-5.1.0.Final.jar;C:\\Users\\Dan\\.gradle\\caches\\modules-2\\files-2.1\\org.hibernate\\hibernate-core\\5.4.29.Final\\74b7c9ad3cb57ae4fd0187480a76f137a7fc3f38\\hibernate-core-5.4.29.Final.jar;C:\\Users\\Dan\\.gradle\\caches\\modules-2\\files-2.1\\org.junit.platform\\junit-platform-engine\\1.7.0\\eadb73c5074a4ac71061defd00fc176152a4d12c\\junit-platform-engine-1.7.0.jar;C:\\Users\\Dan\\.gradle\\caches\\modules-2\\files-2.1\\org.junit.platform\\junit-platform-commons\\1.7.0\\84e309fbf21d857aac079a3c1fffd84284e1114d\\junit-platform-commons-1.7.0.jar;C:\\Users\\Dan\\.gradle\\caches\\modules-2\\files-2.1\\org.junit.jupiter\\junit-jupiter-engine\\5.7.0\\d9044d6b45e2232ddd53fa56c15333e43d1749fd\\junit-jupiter-engine-5.7.0.jar;C:\\Users\\Dan\\.gradle\\caches\\modules-2\\files-2.1\\org.junit.jupiter\\junit-jupiter-api\\5.7.0\\b25f3815c4c1860a73041e733a14a0379d00c4d5\\junit-jupiter-api-5.7.0.jar;C:\\Users\\Dan\\.gradle\\caches\\modules-2\\files-2.1\\org.springframework.boot\\spring-boot-starter-json\\2.4.3\\7b26abb0a0379a00b58a2a50e010b29cf4f16b80\\spring-boot-starter-json-2.4.3.jar;C:\\Users\\Dan\\.gradle\\caches\\modules-2\\files-2.1\\org.springframework.boot\\spring-boot-starter\\2.4.3\\fd8bc0fb5f5aaefb4d6c8b77eb61563aab840c11\\spring-boot-starter-2.4.3.jar;C:\\Users\\Dan\\.gradle\\caches\\modules-2\\files-2.1\\org.springframework.boot\\spring-boot-starter-tomcat\\2.4.3\\4ba28aae05a259625e7e92f8e7338c5e1d22de35\\spring-boot-starter-tomcat-2.4.3.jar;C:\\Users\\Dan\\.gradle\\caches\\modules-2\\files-2.1\\org.springframework\\spring-webmvc\\5.3.4\\8dd52fbe8eafcc7c80998087ec6635baf7a98c20\\spring-webmvc-5.3.4.jar;C:\\Users\\Dan\\.gradle\\caches\\modules-2\\files-2.1\\org.springframework\\spring-web\\5.3.4\\d93829e24a50ed22e781f2302680a210cac5ee84\\spring-web-5.3.4.jar;C:\\Users\\Dan\\.gradle\\caches\\modules-2\\files-2.1\\org.hibernate.common\\hibernate-commons-annotations\\5.1.2.Final\\e59ffdbc6ad09eeb33507b39ffcf287679a498c8\\hibernate-commons-annotations-5.1.2.Final.jar;C:\\Users\\Dan\\.gradle\\caches\\modules-2\\files-2.1\\org.jboss.logging\\jboss-logging\\3.4.1.Final\\40fd4d696c55793e996d1ff3c475833f836c2498\\jboss-logging-3.4.1.Final.jar;C:\\Users\\Dan\\.gradle\\caches\\modules-2\\files-2.1\\javax.persistence\\javax.persistence-api\\2.2\\25665ac8c0b62f50e6488173233239120fc52c96\\javax.persistence-api-2.2.jar;C:\\Users\\Dan\\.gradle\\caches\\modules-2\\files-2.1\\org.javassist\\javassist\\3.27.0-GA\\f63e6aa899e15eca8fdaa402a79af4c417252213\\javassist-3.27.0-GA.jar;C:\\Users\\Dan\\.gradle\\caches\\modules-2\\files-2.1\\net.bytebuddy\\byte-buddy\\1.10.21\\5abe8e141cac9d50a721a22d9c188b3bf19ad0aa\\byte-buddy-1.10.21.jar;C:\\Users\\Dan\\.gradle\\caches\\modules-2\\files-2.1\\antlr\\antlr\\2.7.7\\83cd2cd674a217ade95a4bb83a8a14f351f48bd0\\antlr-2.7.7.jar;C:\\Users\\Dan\\.gradle\\caches\\modules-2\\files-2.1\\org.jboss.spec.javax.transaction\\jboss-transaction-api_1.2_spec\\1.1.1.Final\\a8485cab9484dda36e9a8c319e76b5cc18797b58\\jboss-transaction-api_1.2_spec-1.1.1.Final.jar;C:\\Users\\Dan\\.gradle\\caches\\modules-2\\files-2.1\\org.jboss\\jandex\\2.2.3.Final\\d3865101f0666b63586683bd811d754517f331ab\\jandex-2.2.3.Final.jar;C:\\Users\\Dan\\.gradle\\caches\\modules-2\\files-2.1\\com.fasterxml\\classmate\\1.5.1\\3fe0bed568c62df5e89f4f174c101eab25345b6c\\classmate-1.5.1.jar;C:\\Users\\Dan\\.gradle\\caches\\modules-2\\files-2.1\\org.glassfish.jaxb\\jaxb-runtime\\2.3.1\\dd6dda9da676a54c5b36ca2806ff95ee017d8738\\jaxb-runtime-2.3.1.jar;C:\\Users\\Dan\\.gradle\\caches\\modules-2\\files-2.1\\javax.xml.bind\\jaxb-api\\2.3.1\\8531ad5ac454cc2deb9d4d32c40c4d7451939b5d\\jaxb-api-2.3.1.jar;C:\\Users\\Dan\\.gradle\\caches\\modules-2\\files-2.1\\javax.activation\\javax.activation-api\\1.2.0\\85262acf3ca9816f9537ca47d5adeabaead7cb16\\javax.activation-api-1.2.0.jar;C:\\Users\\Dan\\.gradle\\caches\\modules-2\\files-2.1\\org.dom4j\\dom4j\\2.1.3\\a75914155a9f5808963170ec20653668a2ffd2fd\\dom4j-2.1.3.jar;C:\\Users\\Dan\\.gradle\\caches\\modules-2\\files-2.1\\org.apiguardian\\apiguardian-api\\1.1.0\\fc9dff4bb36d627bdc553de77e1f17efd790876c\\apiguardian-api-1.1.0.jar;C:\\Users\\Dan\\.gradle\\caches\\modules-2\\files-2.1\\org.opentest4j\\opentest4j\\1.2.0\\28c11eb91f9b6d8e200631d46e20a7f407f2a046\\opentest4j-1.2.0.jar;C:\\Users\\Dan\\.gradle\\caches\\modules-2\\files-2.1\\org.springframework.boot\\spring-boot-autoconfigure\\2.4.3\\2f8e1e682e55f70c8ea557982c7adb1256f41bcf\\spring-boot-autoconfigure-2.4.3.jar;C:\\Users\\Dan\\.gradle\\caches\\modules-2\\files-2.1\\org.springframework.boot\\spring-boot\\2.4.3\\de2bd17a8eb9bc3dfa629aa06f2e9fe3bf603c85\\spring-boot-2.4.3.jar;C:\\Users\\Dan\\.gradle\\caches\\modules-2\\files-2.1\\org.springframework.boot\\spring-boot-starter-logging\\2.4.3\\64687abc2255d18cd6592cbb20fa3bee3379cec8\\spring-boot-starter-logging-2.4.3.jar;C:\\Users\\Dan\\.gradle\\caches\\modules-2\\files-2.1\\jakarta.annotation\\jakarta.annotation-api\\1.3.5\\59eb84ee0d616332ff44aba065f3888cf002cd2d\\jakarta.annotation-api-1.3.5.jar;C:\\Users\\Dan\\.gradle\\caches\\modules-2\\files-2.1\\org.springframework\\spring-context\\5.3.4\\fbeadeb0e4d272599a938ec345e99e5f9a76e919\\spring-context-5.3.4.jar;C:\\Users\\Dan\\.gradle\\caches\\modules-2\\files-2.1\\org.springframework\\spring-aop\\5.3.4\\b7180a6427ab524bc1cbd31bf38dd2182632515f\\spring-aop-5.3.4.jar;C:\\Users\\Dan\\.gradle\\caches\\modules-2\\files-2.1\\org.springframework\\spring-beans\\5.3.4\\ac6c5ea0ba82f555405f74104cf378f8071c6d25\\spring-beans-5.3.4.jar;C:\\Users\\Dan\\.gradle\\caches\\modules-2\\files-2.1\\org.springframework\\spring-expression\\5.3.4\\42b71fa955e43a86471509aef14cefe756fc3794\\spring-expression-5.3.4.jar;C:\\Users\\Dan\\.gradle\\caches\\modules-2\\files-2.1\\org.springframework\\spring-core\\5.3.4\\46c1f8abd9e02a292c42a257350f365cec152b5d\\spring-core-5.3.4.jar;C:\\Users\\Dan\\.gradle\\caches\\modules-2\\files-2.1\\org.yaml\\snakeyaml\\1.27\\359d62567480b07a679dc643f82fc926b100eed5\\snakeyaml-1.27.jar;C:\\Users\\Dan\\.gradle\\caches\\modules-2\\files-2.1\\com.fasterxml.jackson.datatype\\jackson-datatype-jdk8\\2.11.4\\e1540dea3c6c681ea4e335a960f730861ee3bedb\\jackson-datatype-jdk8-2.11.4.jar;C:\\Users\\Dan\\.gradle\\caches\\modules-2\\files-2.1\\com.fasterxml.jackson.datatype\\jackson-datatype-jsr310\\2.11.4\\ce6fc76bba06623720e5a9308386b6ae74753f4d\\jackson-datatype-jsr310-2.11.4.jar;C:\\Users\\Dan\\.gradle\\caches\\modules-2\\files-2.1\\com.fasterxml.jackson.module\\jackson-module-parameter-names\\2.11.4\\432e050d79f2282a66c320375d628f1b0842cb12\\jackson-module-parameter-names-2.11.4.jar;C:\\Users\\Dan\\.gradle\\caches\\modules-2\\files-2.1\\com.fasterxml.jackson.core\\jackson-databind\\2.11.4\\5d9f3d441f99d721b957e3497f0a6465c764fad4\\jackson-databind-2.11.4.jar;C:\\Users\\Dan\\.gradle\\caches\\modules-2\\files-2.1\\org.apache.tomcat.embed\\tomcat-embed-websocket\\9.0.43\\78232648dde1a5fd5093f0a3999e593d208e2eab\\tomcat-embed-websocket-9.0.43.jar;C:\\Users\\Dan\\.gradle\\caches\\modules-2\\files-2.1\\org.apache.tomcat.embed\\tomcat-embed-core\\9.0.43\\1d102277426bdd5b12f048731a91665bb69347d1\\tomcat-embed-core-9.0.43.jar;C:\\Users\\Dan\\.gradle\\caches\\modules-2\\files-2.1\\org.glassfish\\jakarta.el\\3.0.3\\dab46ee1ee23f7197c13d7c40fce14817c9017df\\jakarta.el-3.0.3.jar;C:\\Users\\Dan\\.gradle\\caches\\modules-2\\files-2.1\\org.glassfish.jaxb\\txw2\\2.3.1\\a09d2c48d3285f206fafbffe0e50619284e92126\\txw2-2.3.1.jar;C:\\Users\\Dan\\.gradle\\caches\\modules-2\\files-2.1\\com.sun.istack\\istack-commons-runtime\\3.0.7\\c197c86ceec7318b1284bffb49b54226ca774003\\istack-commons-runtime-3.0.7.jar;C:\\Users\\Dan\\.gradle\\caches\\modules-2\\files-2.1\\org.jvnet.staxex\\stax-ex\\1.8\\8cc35f73da321c29973191f2cf143d29d26a1df7\\stax-ex-1.8.jar;C:\\Users\\Dan\\.gradle\\caches\\modules-2\\files-2.1\\com.sun.xml.fastinfoset\\FastInfoset\\1.2.15\\bb7b7ec0379982b97c62cd17465cb6d9155f68e8\\FastInfoset-1.2.15.jar;C:\\Users\\Dan\\.gradle\\caches\\modules-2\\files-2.1\\ch.qos.logback\\logback-classic\\1.2.3\\7c4f3c474fb2c041d8028740440937705ebb473a\\logback-classic-1.2.3.jar;C:\\Users\\Dan\\.gradle\\caches\\modules-2\\files-2.1\\org.apache.logging.log4j\\log4j-to-slf4j\\2.13.3\\966f6fd1af4959d6b12bfa880121d4a2b164f857\\log4j-to-slf4j-2.13.3.jar;C:\\Users\\Dan\\.gradle\\caches\\modules-2\\files-2.1\\org.slf4j\\jul-to-slf4j\\1.7.30\\d58bebff8cbf70ff52b59208586095f467656c30\\jul-to-slf4j-1.7.30.jar;C:\\Users\\Dan\\.gradle\\caches\\modules-2\\files-2.1\\org.springframework\\spring-jcl\\5.3.4\\ca012eb4e9e57f767aa9d5e51fe9a09b28140808\\spring-jcl-5.3.4.jar;C:\\Users\\Dan\\.gradle\\caches\\modules-2\\files-2.1\\com.fasterxml.jackson.core\\jackson-annotations\\2.11.4\\2c3f5c079330f3a01726686a078979420f547ae4\\jackson-annotations-2.11.4.jar;C:\\Users\\Dan\\.gradle\\caches\\modules-2\\files-2.1\\com.fasterxml.jackson.core\\jackson-core\\2.11.4\\593f7b18bab07a76767f181e2a2336135ce82cc4\\jackson-core-2.11.4.jar;C:\\Users\\Dan\\.gradle\\caches\\modules-2\\files-2.1\\ch.qos.logback\\logback-core\\1.2.3\\864344400c3d4d92dfeb0a305dc87d953677c03c\\logback-core-1.2.3.jar;C:\\Users\\Dan\\.gradle\\caches\\modules-2\\files-2.1\\org.slf4j\\slf4j-api\\1.7.30\\b5a4b6d16ab13e34a88fae84c35cd5d68cac922c\\slf4j-api-1.7.30.jar;C:\\Users\\Dan\\.gradle\\caches\\modules-2\\files-2.1\\org.apache.logging.log4j\\log4j-api\\2.13.3\\ec1508160b93d274b1add34419b897bae84c6ca9\\log4j-api-2.13.3.jar, java.vm.vendor=Oracle Corporation, sun.arch.data.model=64, user.variant=, java.vendor.url=http://java.oracle.com/, user.timezone=Europe/Athens, os.name=Windows 10, java.vm.specification.version=11, user.country=US, sun.java.launcher=SUN_STANDARD, sun.boot.library.path=C:\Program Files\Java\jdk-11.0.6\bin, sun.java.command=worker.org.gradle.process.internal.worker.GradleWorkerMain 'Gradle Test Executor 3', jdk.debug=release, sun.cpu.endian=little, user.home=C:\Users\Dan, user.language=en, java.specification.vendor=Oracle Corporation, org.gradle.native=false, java.version.date=2020-01-14, java.home=C:\Program Files\Java\jdk-11.0.6, file.separator=\, java.vm.compressedOopsMode=32-bit, line.separator=
, java.specification.name=Java Platform API Specification, java.vm.specification.vendor=Oracle Corporation, java.awt.graphicsenv=sun.awt.Win32GraphicsEnvironment, hibernate.hbm2ddl.auto=update, user.script=, sun.management.compiler=HotSpot 64-Bit Tiered Compilers, java.runtime.version=11.0.6+8-LTS, user.name=Dan, path.separator=;, hibernate.connection.username=****, os.version=10.0, hibernate.enable_lazy_load_no_trans=true, java.runtime.name=Java(TM) SE Runtime Environment, hibernate.connection.url=jdbc:sqlite:D:\Facultate\Projects\OrganizareCompanie\database, file.encoding=windows-1250, java.vm.name=Java HotSpot(TM) 64-Bit Server VM, hibernate.show_sql=true, java.vendor.version=18.9, hibernate.current_session_context_class=thread, hibernate.connection.driver_class=org.sqlite.JDBC, java.vendor.url.bug=http://bugreport.java.com/bugreport/, java.io.tmpdir=C:\Users\Dan\AppData\Local\Temp\, java.version=11.0.6, user.dir=D:\Facultate\Projects\OrganizareCompanie, os.arch=amd64, java.vm.specification.name=Java Virtual Machine Specification, java.awt.printerjob=sun.awt.windows.WPrinterJob, hibernate.connection.password=****, sun.os.patch.level=, connection.driver_class=org.sqlite.JDBC, hibernate.boot.CfgXmlAccessService.key=org.hibernate.boot.cfgxml.spi.LoadedConfig@2b4579c9, java.library.path=C:\Program Files\Java\jdk-11.0.6\bin;C:\WINDOWS\Sun\Java\bin;C:\WINDOWS\system32;C:\WINDOWS;;C:\Python38\Scripts\;C:\Python38\;D:\Facultate\Scripts\;D:\Facultate\;C:\Users\Dan\Desktop\Facultate 2018-2019\Semestrul I\Fundamentele programarii\Python\Scripts\;C:\Users\Dan\Desktop\Facultate 2018-2019\Semestrul I\Fundamentele programarii\Python\;C:\Users\Dan\Desktop\Facultate 2018-2019\Semestrul I\Fundamentele programarii\Scripts\;C:\Users\Dan\Desktop\Facultate 2018-2019\Semestrul I\Fundamentele programarii\;C:\WINDOWS\system32;C:\WINDOWS;C:\WINDOWS\System32\Wbem;C:\WINDOWS\System32\WindowsPowerShell\v1.0\;C:\WINDOWS\System32\OpenSSH\;D:\Facultate\PuTTY\;C:\Program Files\dotnet\;C:\Program Files\Microsoft SQL Server\Client SDK\ODBC\170\Tools\Binn\;C:\Users\Dan\Proto\bin;D:\Facultate\NodeJS\;C:\ProgramData\chocolatey\bin;C:\Program Files\Git\cmd;C:\Program Files\Java\jdk-10.0.2\bin;C:\Program Files (x86)\GnuWin32\bin;C:\MinGW\bin;C:\Program Files\Java\jdk-11.0.6\bin;C:\WINDOWS\system32;C:\WINDOWS;C:\WINDOWS\System32\Wbem;C:\WINDOWS\System32\WindowsPowerShell\v1.0\;C:\WINDOWS\System32\OpenSSH\;C:\Program Files\Intel\WiFi\bin\;C:\Program Files\Common Files\Intel\WirelessCommon\;D:\Facultate\Python\Scripts\;D:\Facultate\Python\;C:\Users\Dan\AppData\Local\Microsoft\WindowsApps;C:\Users\Dan\AppData\Local\GitHubDesktop\bin;C:\Users\Dan\AppData\Roaming\npm;D:\Facultate\Microsoft VS Code\bin;C:\Users\Dan\AppData\Local\Microsoft\WindowsApps;C:\Users\Dan\Documents\driver;;., java.vendor=Oracle Corporation, java.vm.info=mixed mode, java.vm.version=11.0.6+8-LTS, hibernate.bytecode.use_reflection_optimizer=false, sun.io.unicode.encoding=UnicodeLittle, hibernate.connection.pool_size=1, connection.url=jdbc:sqlite:D:\Facultate\Projects\OrganizareCompanie\database, java.class.version=55.0}
21:23:01.304 [Test worker] DEBUG org.hibernate.secure.spi.JaccIntegrator - Skipping JACC integration as it was not enabled
21:23:01.304 [Test worker] DEBUG org.hibernate.internal.SessionFactoryImpl - Instantiated session factory
21:23:01.304 [Test worker] DEBUG org.hibernate.type.spi.TypeConfiguration$Scope - Scoping TypeConfiguration [org.hibernate.type.spi.TypeConfiguration@26995395] to SessionFactoryImpl [org.hibernate.internal.SessionFactoryImpl@2a47a8e6]
21:23:01.304 [Test worker] DEBUG org.hibernate.boot.internal.ClassLoaderAccessImpl - Not known whether passed class name [domain.Functie] is safe
21:23:01.304 [Test worker] DEBUG org.hibernate.boot.internal.ClassLoaderAccessImpl - No temp ClassLoader provided; using live ClassLoader for loading potentially unsafe class : domain.Functie
21:23:01.304 [Test worker] DEBUG org.hibernate.boot.internal.ClassLoaderAccessImpl - Not known whether passed class name [domain.Departament] is safe
21:23:01.304 [Test worker] DEBUG org.hibernate.boot.internal.ClassLoaderAccessImpl - No temp ClassLoader provided; using live ClassLoader for loading potentially unsafe class : domain.Departament
21:23:01.304 [Test worker] DEBUG org.hibernate.boot.internal.ClassLoaderAccessImpl - Not known whether passed class name [domain.Angajat] is safe
21:23:01.304 [Test worker] DEBUG org.hibernate.boot.internal.ClassLoaderAccessImpl - No temp ClassLoader provided; using live ClassLoader for loading potentially unsafe class : domain.Angajat
21:23:01.319 [Test worker] DEBUG org.hibernate.boot.internal.ClassLoaderAccessImpl - Not known whether passed class name [domain.Proiect] is safe
21:23:01.319 [Test worker] DEBUG org.hibernate.boot.internal.ClassLoaderAccessImpl - No temp ClassLoader provided; using live ClassLoader for loading potentially unsafe class : domain.Proiect
21:23:01.319 [Test worker] DEBUG org.hibernate.boot.internal.ClassLoaderAccessImpl - Not known whether passed class name [domain.Concediu] is safe
21:23:01.319 [Test worker] DEBUG org.hibernate.boot.internal.ClassLoaderAccessImpl - No temp ClassLoader provided; using live ClassLoader for loading potentially unsafe class : domain.Concediu
21:23:01.319 [Test worker] DEBUG org.hibernate.persister.collection.AbstractCollectionPersister - Static SQL for collection: domain.Angajat.proiecte
21:23:01.319 [Test worker] DEBUG org.hibernate.persister.collection.AbstractCollectionPersister -  Row insert: insert into angajati_proiecte (id_angajat, id_proiect) values (?, ?)
21:23:01.319 [Test worker] DEBUG org.hibernate.persister.collection.AbstractCollectionPersister -  Row update: update angajati_proiecte set id_proiect=? where id_angajat=? and id_proiect=?
21:23:01.319 [Test worker] DEBUG org.hibernate.persister.collection.AbstractCollectionPersister -  Row delete: delete from angajati_proiecte where id_angajat=? and id_proiect=?
21:23:01.319 [Test worker] DEBUG org.hibernate.persister.collection.AbstractCollectionPersister -  One-shot delete: delete from angajati_proiecte where id_angajat=?
21:23:01.319 [Test worker] DEBUG org.hibernate.persister.collection.AbstractCollectionPersister - Static SQL for collection: domain.Angajat.concedii
21:23:01.319 [Test worker] DEBUG org.hibernate.persister.collection.AbstractCollectionPersister -  Row insert: update concedii set id_angajat=? where id=?
21:23:01.319 [Test worker] DEBUG org.hibernate.persister.collection.AbstractCollectionPersister -  Row update: update concedii set  where id=?
21:23:01.319 [Test worker] DEBUG org.hibernate.persister.collection.AbstractCollectionPersister -  Row delete: update concedii set id_angajat=null where id_angajat=? and id=?
21:23:01.319 [Test worker] DEBUG org.hibernate.persister.collection.AbstractCollectionPersister -  One-shot delete: update concedii set id_angajat=null where id_angajat=?
21:23:01.319 [Test worker] DEBUG org.hibernate.persister.collection.AbstractCollectionPersister - Static SQL for collection: domain.Angajat.departamente
21:23:01.319 [Test worker] DEBUG org.hibernate.persister.collection.AbstractCollectionPersister -  Row insert: insert into angajati_departamente (id_angajat, id_departament) values (?, ?)
21:23:01.319 [Test worker] DEBUG org.hibernate.persister.collection.AbstractCollectionPersister -  Row update: update angajati_departamente set id_departament=? where id_angajat=? and id_departament=?
21:23:01.319 [Test worker] DEBUG org.hibernate.persister.collection.AbstractCollectionPersister -  Row delete: delete from angajati_departamente where id_angajat=? and id_departament=?
21:23:01.319 [Test worker] DEBUG org.hibernate.persister.collection.AbstractCollectionPersister -  One-shot delete: delete from angajati_departamente where id_angajat=?
21:23:01.319 [Test worker] DEBUG org.hibernate.persister.entity.AbstractEntityPersister - Static SQL for entity: domain.Functie
21:23:01.319 [Test worker] DEBUG org.hibernate.persister.entity.AbstractEntityPersister -  Version select: select id from functii where id =?
21:23:01.319 [Test worker] DEBUG org.hibernate.persister.entity.AbstractEntityPersister -  Snapshot select: select functie_.id, functie_.salar_de_baza as salar_de2_5_ from functii functie_ where functie_.id=?
21:23:01.319 [Test worker] DEBUG org.hibernate.persister.entity.AbstractEntityPersister -  Insert 0: insert into functii (salar_de_baza, id) values (?, ?)
21:23:01.319 [Test worker] DEBUG org.hibernate.persister.entity.AbstractEntityPersister -  Update 0: update functii set salar_de_baza=? where id=?
21:23:01.319 [Test worker] DEBUG org.hibernate.persister.entity.AbstractEntityPersister -  Delete 0: delete from functii where id=?
21:23:01.319 [Test worker] DEBUG org.hibernate.persister.entity.AbstractEntityPersister -  Identity insert: insert into functii (salar_de_baza) values (?)
21:23:01.319 [Test worker] DEBUG org.hibernate.loader.plan.build.internal.spaces.QuerySpacesImpl - Adding QuerySpace : uid = <gen:0> -> org.hibernate.loader.plan.build.internal.spaces.EntityQuerySpaceImpl@78359ce]
21:23:01.319 [Test worker] DEBUG org.hibernate.persister.walking.spi.MetamodelGraphWalker - Visiting attribute path : salarDeBaza
21:23:01.319 [Test worker] DEBUG org.hibernate.loader.plan.build.internal.FetchStyleLoadPlanBuildingAssociationVisitationStrategy - Building LoadPlan...
21:23:01.319 [Test worker] DEBUG org.hibernate.loader.plan.exec.internal.LoadQueryJoinAndFetchProcessor - processing queryspace <gen:0>
21:23:01.319 [Test worker] DEBUG org.hibernate.loader.plan.build.spi.LoadPlanTreePrinter - LoadPlan(entity=domain.Functie)
    - Returns
       - EntityReturnImpl(entity=domain.Functie, querySpaceUid=<gen:0>, path=domain.Functie)
    - QuerySpaces
       - EntityQuerySpaceImpl(uid=<gen:0>, entity=domain.Functie)
          - SQL table alias mapping - functie0_
          - alias suffix - 0_
          - suffixed key columns - {id1_5_0_}

21:23:01.319 [Test worker] DEBUG org.hibernate.loader.entity.plan.EntityLoader - Static select for entity domain.Functie [NONE]: select functie0_.id as id1_5_0_, functie0_.salar_de_baza as salar_de2_5_0_ from functii functie0_ where functie0_.id=?
21:23:01.319 [Test worker] DEBUG org.hibernate.persister.entity.AbstractEntityPersister - Static SQL for entity: domain.Departament
21:23:01.319 [Test worker] DEBUG org.hibernate.persister.entity.AbstractEntityPersister -  Version select: select id from departamente where id =?
21:23:01.319 [Test worker] DEBUG org.hibernate.persister.entity.AbstractEntityPersister -  Snapshot select: select departamen_.id, departamen_.id_director as id_direc2_4_ from departamente departamen_ where departamen_.id=?
21:23:01.319 [Test worker] DEBUG org.hibernate.persister.entity.AbstractEntityPersister -  Insert 0: insert into departamente (id_director, id) values (?, ?)
21:23:01.319 [Test worker] DEBUG org.hibernate.persister.entity.AbstractEntityPersister -  Update 0: update departamente set id_director=? where id=?
21:23:01.319 [Test worker] DEBUG org.hibernate.persister.entity.AbstractEntityPersister -  Delete 0: delete from departamente where id=?
21:23:01.319 [Test worker] DEBUG org.hibernate.persister.entity.AbstractEntityPersister -  Identity insert: insert into departamente (id_director) values (?)
21:23:01.319 [Test worker] DEBUG org.hibernate.loader.plan.build.internal.spaces.QuerySpacesImpl - Adding QuerySpace : uid = <gen:0> -> org.hibernate.loader.plan.build.internal.spaces.EntityQuerySpaceImpl@79ff3977]
21:23:01.319 [Test worker] DEBUG org.hibernate.persister.walking.spi.MetamodelGraphWalker - Visiting attribute path : idDirector
21:23:01.319 [Test worker] DEBUG org.hibernate.loader.plan.build.internal.FetchStyleLoadPlanBuildingAssociationVisitationStrategy - Building LoadPlan...
21:23:01.319 [Test worker] DEBUG org.hibernate.loader.plan.exec.internal.LoadQueryJoinAndFetchProcessor - processing queryspace <gen:0>
21:23:01.319 [Test worker] DEBUG org.hibernate.loader.plan.build.spi.LoadPlanTreePrinter - LoadPlan(entity=domain.Departament)
    - Returns
       - EntityReturnImpl(entity=domain.Departament, querySpaceUid=<gen:0>, path=domain.Departament)
    - QuerySpaces
       - EntityQuerySpaceImpl(uid=<gen:0>, entity=domain.Departament)
          - SQL table alias mapping - departamen0_
          - alias suffix - 0_
          - suffixed key columns - {id1_4_0_}

21:23:01.319 [Test worker] DEBUG org.hibernate.loader.entity.plan.EntityLoader - Static select for entity domain.Departament [NONE]: select departamen0_.id as id1_4_0_, departamen0_.id_director as id_direc2_4_0_ from departamente departamen0_ where departamen0_.id=?
21:23:01.319 [Test worker] DEBUG org.hibernate.persister.entity.AbstractEntityPersister - Static SQL for entity: domain.Angajat
21:23:01.319 [Test worker] DEBUG org.hibernate.persister.entity.AbstractEntityPersister -  Version select: select id from angajati where id =?
21:23:01.319 [Test worker] DEBUG org.hibernate.persister.entity.AbstractEntityPersister -  Snapshot select: select angajat_.id, angajat_.data_angajare as data_ang2_0_, angajat_.functie_id as functie_4_0_, angajat_.id_superior as id_super3_0_ from angajati angajat_ where angajat_.id=?
21:23:01.319 [Test worker] DEBUG org.hibernate.persister.entity.AbstractEntityPersister -  Insert 0: insert into angajati (data_angajare, functie_id, id_superior, id) values (?, ?, ?, ?)
21:23:01.319 [Test worker] DEBUG org.hibernate.persister.entity.AbstractEntityPersister -  Update 0: update angajati set data_angajare=?, functie_id=?, id_superior=? where id=?
21:23:01.319 [Test worker] DEBUG org.hibernate.persister.entity.AbstractEntityPersister -  Delete 0: delete from angajati where id=?
21:23:01.319 [Test worker] DEBUG org.hibernate.persister.entity.AbstractEntityPersister -  Identity insert: insert into angajati (data_angajare, functie_id, id_superior) values (?, ?, ?)
21:23:01.319 [Test worker] DEBUG org.hibernate.loader.plan.build.internal.spaces.QuerySpacesImpl - Adding QuerySpace : uid = <gen:0> -> org.hibernate.loader.plan.build.internal.spaces.EntityQuerySpaceImpl@7b8aacc7]
21:23:01.319 [Test worker] DEBUG org.hibernate.persister.walking.spi.MetamodelGraphWalker - Visiting attribute path : concedii
21:23:01.319 [Test worker] DEBUG org.hibernate.loader.plan.build.internal.spaces.QuerySpacesImpl - Adding QuerySpace : uid = <gen:1> -> org.hibernate.loader.plan.build.internal.spaces.CollectionQuerySpaceImpl@42b96caf]
21:23:01.319 [Test worker] DEBUG org.hibernate.loader.plan.build.internal.spaces.QuerySpacesImpl - Adding QuerySpace : uid = <gen:2> -> org.hibernate.loader.plan.build.internal.spaces.EntityQuerySpaceImpl@72f4951f]
21:23:01.319 [Test worker] DEBUG org.hibernate.persister.walking.spi.MetamodelGraphWalker - Visiting attribute path : dataAngajare
21:23:01.319 [Test worker] DEBUG org.hibernate.persister.walking.spi.MetamodelGraphWalker - Visiting attribute path : departamente
21:23:01.319 [Test worker] DEBUG org.hibernate.loader.plan.build.internal.spaces.QuerySpacesImpl - Adding QuerySpace : uid = <gen:3> -> org.hibernate.loader.plan.build.internal.spaces.CollectionQuerySpaceImpl@5c36e312]
21:23:01.319 [Test worker] DEBUG org.hibernate.loader.plan.build.internal.spaces.QuerySpacesImpl - Adding QuerySpace : uid = <gen:4> -> org.hibernate.loader.plan.build.internal.spaces.EntityQuerySpaceImpl@709f7c9d]
21:23:01.319 [Test worker] DEBUG org.hibernate.persister.walking.spi.MetamodelGraphWalker - Visiting attribute path : functie
21:23:01.319 [Test worker] DEBUG org.hibernate.loader.plan.build.internal.spaces.QuerySpacesImpl - Adding QuerySpace : uid = <gen:5> -> org.hibernate.loader.plan.build.internal.spaces.EntityQuerySpaceImpl@794aba35]
21:23:01.319 [Test worker] DEBUG org.hibernate.persister.walking.spi.MetamodelGraphWalker - Visiting attribute path : functie.salarDeBaza
21:23:01.319 [Test worker] DEBUG org.hibernate.persister.walking.spi.MetamodelGraphWalker - Visiting attribute path : idSuperior
21:23:01.319 [Test worker] DEBUG org.hibernate.persister.walking.spi.MetamodelGraphWalker - Visiting attribute path : proiecte
21:23:01.319 [Test worker] DEBUG org.hibernate.loader.plan.build.internal.spaces.QuerySpacesImpl - Adding QuerySpace : uid = <gen:6> -> org.hibernate.loader.plan.build.internal.spaces.CollectionQuerySpaceImpl@4405ccf7]
21:23:01.319 [Test worker] DEBUG org.hibernate.loader.plan.build.internal.spaces.QuerySpacesImpl - Adding QuerySpace : uid = <gen:7> -> org.hibernate.loader.plan.build.internal.spaces.EntityQuerySpaceImpl@4ff52b7e]
21:23:01.319 [Test worker] DEBUG org.hibernate.loader.plan.build.internal.FetchStyleLoadPlanBuildingAssociationVisitationStrategy - Building LoadPlan...
21:23:01.319 [Test worker] DEBUG org.hibernate.loader.plan.exec.internal.LoadQueryJoinAndFetchProcessor - processing queryspace <gen:0>
21:23:01.319 [Test worker] DEBUG org.hibernate.loader.plan.build.spi.LoadPlanTreePrinter - LoadPlan(entity=domain.Angajat)
    - Returns
       - EntityReturnImpl(entity=domain.Angajat, querySpaceUid=<gen:0>, path=domain.Angajat)
          - CollectionAttributeFetchImpl(collection=domain.Angajat.concedii, querySpaceUid=<gen:1>, path=domain.Angajat.concedii)
             - (collection element) CollectionFetchableElementEntityGraph(entity=domain.Concediu, querySpaceUid=<gen:2>, path=domain.Angajat.concedii.<elements>)
          - CollectionAttributeFetchImpl(collection=domain.Angajat.departamente, querySpaceUid=<gen:3>, path=domain.Angajat.departamente)
             - (collection element) CollectionFetchableElementEntityGraph(entity=domain.Departament, querySpaceUid=<gen:4>, path=domain.Angajat.departamente.<elements>)
          - EntityAttributeFetchImpl(entity=domain.Functie, querySpaceUid=<gen:5>, path=domain.Angajat.functie)
          - CollectionAttributeFetchImpl(collection=domain.Angajat.proiecte, querySpaceUid=<gen:6>, path=domain.Angajat.proiecte)
             - (collection element) CollectionFetchableElementEntityGraph(entity=domain.Proiect, querySpaceUid=<gen:7>, path=domain.Angajat.proiecte.<elements>)
    - QuerySpaces
       - EntityQuerySpaceImpl(uid=<gen:0>, entity=domain.Angajat)
          - SQL table alias mapping - angajat0_
          - alias suffix - 0_
          - suffixed key columns - {id1_0_0_}
          - JOIN (JoinDefinedByMetadata(functie)) : <gen:0> -> <gen:5>
             - EntityQuerySpaceImpl(uid=<gen:5>, entity=domain.Functie)
                - SQL table alias mapping - functie1_
                - alias suffix - 1_
                - suffixed key columns - {id1_5_1_}

21:23:01.319 [Test worker] DEBUG org.hibernate.loader.entity.plan.EntityLoader - Static select for entity domain.Angajat [NONE]: select angajat0_.id as id1_0_0_, angajat0_.data_angajare as data_ang2_0_0_, angajat0_.functie_id as functie_4_0_0_, angajat0_.id_superior as id_super3_0_0_, functie1_.id as id1_5_1_, functie1_.salar_de_baza as salar_de2_5_1_ from angajati angajat0_ left outer join functii functie1_ on angajat0_.functie_id=functie1_.id where angajat0_.id=?
21:23:01.319 [Test worker] DEBUG org.hibernate.persister.entity.AbstractEntityPersister - Static SQL for entity: domain.Proiect
21:23:01.319 [Test worker] DEBUG org.hibernate.persister.entity.AbstractEntityPersister -  Version select: select id from proiecte where id =?
21:23:01.319 [Test worker] DEBUG org.hibernate.persister.entity.AbstractEntityPersister -  Snapshot select: select proiect_.id, proiect_.data_inceput as data_inc2_6_, proiect_.deadline as deadline3_6_ from proiecte proiect_ where proiect_.id=?
21:23:01.319 [Test worker] DEBUG org.hibernate.persister.entity.AbstractEntityPersister -  Insert 0: insert into proiecte (data_inceput, deadline, id) values (?, ?, ?)
21:23:01.319 [Test worker] DEBUG org.hibernate.persister.entity.AbstractEntityPersister -  Update 0: update proiecte set data_inceput=?, deadline=? where id=?
21:23:01.319 [Test worker] DEBUG org.hibernate.persister.entity.AbstractEntityPersister -  Delete 0: delete from proiecte where id=?
21:23:01.319 [Test worker] DEBUG org.hibernate.persister.entity.AbstractEntityPersister -  Identity insert: insert into proiecte (data_inceput, deadline) values (?, ?)
21:23:01.319 [Test worker] DEBUG org.hibernate.loader.plan.build.internal.spaces.QuerySpacesImpl - Adding QuerySpace : uid = <gen:0> -> org.hibernate.loader.plan.build.internal.spaces.EntityQuerySpaceImpl@6342bba7]
21:23:01.319 [Test worker] DEBUG org.hibernate.persister.walking.spi.MetamodelGraphWalker - Visiting attribute path : dataInceput
21:23:01.319 [Test worker] DEBUG org.hibernate.persister.walking.spi.MetamodelGraphWalker - Visiting attribute path : deadline
21:23:01.319 [Test worker] DEBUG org.hibernate.loader.plan.build.internal.FetchStyleLoadPlanBuildingAssociationVisitationStrategy - Building LoadPlan...
21:23:01.319 [Test worker] DEBUG org.hibernate.loader.plan.exec.internal.LoadQueryJoinAndFetchProcessor - processing queryspace <gen:0>
21:23:01.319 [Test worker] DEBUG org.hibernate.loader.plan.build.spi.LoadPlanTreePrinter - LoadPlan(entity=domain.Proiect)
    - Returns
       - EntityReturnImpl(entity=domain.Proiect, querySpaceUid=<gen:0>, path=domain.Proiect)
    - QuerySpaces
       - EntityQuerySpaceImpl(uid=<gen:0>, entity=domain.Proiect)
          - SQL table alias mapping - proiect0_
          - alias suffix - 0_
          - suffixed key columns - {id1_6_0_}

21:23:01.319 [Test worker] DEBUG org.hibernate.loader.entity.plan.EntityLoader - Static select for entity domain.Proiect [NONE]: select proiect0_.id as id1_6_0_, proiect0_.data_inceput as data_inc2_6_0_, proiect0_.deadline as deadline3_6_0_ from proiecte proiect0_ where proiect0_.id=?
21:23:01.319 [Test worker] DEBUG org.hibernate.persister.entity.AbstractEntityPersister - Static SQL for entity: domain.Concediu
21:23:01.319 [Test worker] DEBUG org.hibernate.persister.entity.AbstractEntityPersister -  Version select: select id from concedii where id =?
21:23:01.319 [Test worker] DEBUG org.hibernate.persister.entity.AbstractEntityPersister -  Snapshot select: select concediu_.id, concediu_.id_angajat as id_angaj4_3_, concediu_.data_inceput as data_inc2_3_, concediu_.data_sfarsit as data_sfa3_3_ from concedii concediu_ where concediu_.id=?
21:23:01.319 [Test worker] DEBUG org.hibernate.persister.entity.AbstractEntityPersister -  Insert 0: insert into concedii (id_angajat, data_inceput, data_sfarsit, id) values (?, ?, ?, ?)
21:23:01.319 [Test worker] DEBUG org.hibernate.persister.entity.AbstractEntityPersister -  Update 0: update concedii set id_angajat=?, data_inceput=?, data_sfarsit=? where id=?
21:23:01.319 [Test worker] DEBUG org.hibernate.persister.entity.AbstractEntityPersister -  Delete 0: delete from concedii where id=?
21:23:01.319 [Test worker] DEBUG org.hibernate.persister.entity.AbstractEntityPersister -  Identity insert: insert into concedii (id_angajat, data_inceput, data_sfarsit) values (?, ?, ?)
21:23:01.319 [Test worker] DEBUG org.hibernate.loader.plan.build.internal.spaces.QuerySpacesImpl - Adding QuerySpace : uid = <gen:0> -> org.hibernate.loader.plan.build.internal.spaces.EntityQuerySpaceImpl@2202afd7]
21:23:01.319 [Test worker] DEBUG org.hibernate.persister.walking.spi.MetamodelGraphWalker - Visiting attribute path : angajat
21:23:01.319 [Test worker] DEBUG org.hibernate.loader.plan.build.internal.spaces.QuerySpacesImpl - Adding QuerySpace : uid = <gen:1> -> org.hibernate.loader.plan.build.internal.spaces.EntityQuerySpaceImpl@32a3ca8f]
21:23:01.319 [Test worker] DEBUG org.hibernate.persister.walking.spi.MetamodelGraphWalker - Visiting attribute path : dataInceput
21:23:01.319 [Test worker] DEBUG org.hibernate.persister.walking.spi.MetamodelGraphWalker - Visiting attribute path : dataSfarsit
21:23:01.319 [Test worker] DEBUG org.hibernate.loader.plan.build.internal.FetchStyleLoadPlanBuildingAssociationVisitationStrategy - Building LoadPlan...
21:23:01.319 [Test worker] DEBUG org.hibernate.loader.plan.exec.internal.LoadQueryJoinAndFetchProcessor - processing queryspace <gen:0>
21:23:01.319 [Test worker] DEBUG org.hibernate.loader.plan.build.spi.LoadPlanTreePrinter - LoadPlan(entity=domain.Concediu)
    - Returns
       - EntityReturnImpl(entity=domain.Concediu, querySpaceUid=<gen:0>, path=domain.Concediu)
          - EntityAttributeFetchImpl(entity=domain.Angajat, querySpaceUid=<gen:1>, path=domain.Concediu.angajat)
    - QuerySpaces
       - EntityQuerySpaceImpl(uid=<gen:0>, entity=domain.Concediu)
          - SQL table alias mapping - concediu0_
          - alias suffix - 0_
          - suffixed key columns - {id1_3_0_}

21:23:01.319 [Test worker] DEBUG org.hibernate.loader.entity.plan.EntityLoader - Static select for entity domain.Concediu [NONE]: select concediu0_.id as id1_3_0_, concediu0_.id_angajat as id_angaj4_3_0_, concediu0_.data_inceput as data_inc2_3_0_, concediu0_.data_sfarsit as data_sfa3_3_0_ from concedii concediu0_ where concediu0_.id=?
21:23:01.319 [Test worker] DEBUG org.hibernate.loader.plan.build.internal.spaces.QuerySpacesImpl - Adding QuerySpace : uid = <gen:0> -> org.hibernate.loader.plan.build.internal.spaces.CollectionQuerySpaceImpl@2f364c96]
21:23:01.319 [Test worker] DEBUG org.hibernate.loader.plan.build.internal.spaces.QuerySpacesImpl - Adding QuerySpace : uid = <gen:1> -> org.hibernate.loader.plan.build.internal.spaces.EntityQuerySpaceImpl@187d32b0]
21:23:01.319 [Test worker] DEBUG org.hibernate.persister.walking.spi.MetamodelGraphWalker - Visiting attribute path : dataInceput
21:23:01.319 [Test worker] DEBUG org.hibernate.persister.walking.spi.MetamodelGraphWalker - Visiting attribute path : deadline
21:23:01.319 [Test worker] DEBUG org.hibernate.loader.plan.build.internal.FetchStyleLoadPlanBuildingAssociationVisitationStrategy - Building LoadPlan...
21:23:01.319 [Test worker] DEBUG org.hibernate.loader.plan.exec.internal.LoadQueryJoinAndFetchProcessor - processing queryspace <gen:0>
21:23:01.319 [Test worker] DEBUG org.hibernate.loader.plan.build.spi.LoadPlanTreePrinter - LoadPlan(collection=domain.Angajat.proiecte)
    - Returns
       - CollectionReturnImpl(collection=domain.Angajat.proiecte, querySpaceUid=<gen:0>, path=[domain.Angajat.proiecte])
          - (collection element) CollectionFetchableElementEntityGraph(entity=domain.Proiect, querySpaceUid=<gen:1>, path=[domain.Angajat.proiecte].<elements>)
    - QuerySpaces
       - CollectionQuerySpaceImpl(uid=<gen:0>, collection=domain.Angajat.proiecte)
          - SQL table alias mapping - proiecte0_
          - alias suffix - 0_
          - suffixed key columns - {id_angaj1_2_0_}
          - entity-element alias suffix - 1_
          - 1_entity-element suffixed key columns - id1_6_1_
          - JOIN (JoinDefinedByMetadata(elements)) : <gen:0> -> <gen:1>
             - EntityQuerySpaceImpl(uid=<gen:1>, entity=domain.Proiect)
                - SQL table alias mapping - proiect1_
                - alias suffix - 1_
                - suffixed key columns - {id1_6_1_}

21:23:01.319 [Test worker] DEBUG org.hibernate.loader.collection.plan.CollectionLoader - Static select for collection domain.Angajat.proiecte: select proiecte0_.id_angajat as id_angaj1_2_0_, proiecte0_.id_proiect as id_proie2_2_0_, proiect1_.id as id1_6_1_, proiect1_.data_inceput as data_inc2_6_1_, proiect1_.deadline as deadline3_6_1_ from angajati_proiecte proiecte0_ inner join proiecte proiect1_ on proiecte0_.id_proiect=proiect1_.id where proiecte0_.id_angajat=?
21:23:01.319 [Test worker] DEBUG org.hibernate.loader.plan.build.internal.spaces.QuerySpacesImpl - Adding QuerySpace : uid = <gen:0> -> org.hibernate.loader.plan.build.internal.spaces.CollectionQuerySpaceImpl@3b40aa1f]
21:23:01.319 [Test worker] DEBUG org.hibernate.loader.plan.build.internal.spaces.QuerySpacesImpl - Adding QuerySpace : uid = <gen:1> -> org.hibernate.loader.plan.build.internal.spaces.EntityQuerySpaceImpl@4ad9f775]
21:23:01.319 [Test worker] DEBUG org.hibernate.persister.walking.spi.MetamodelGraphWalker - Visiting attribute path : angajat
21:23:01.319 [Test worker] DEBUG org.hibernate.persister.walking.spi.MetamodelGraphWalker - Property path deemed to be circular : angajat
21:23:01.319 [Test worker] DEBUG org.hibernate.persister.walking.spi.MetamodelGraphWalker - Visiting attribute path : dataInceput
21:23:01.319 [Test worker] DEBUG org.hibernate.persister.walking.spi.MetamodelGraphWalker - Visiting attribute path : dataSfarsit
21:23:01.319 [Test worker] DEBUG org.hibernate.loader.plan.build.internal.FetchStyleLoadPlanBuildingAssociationVisitationStrategy - Building LoadPlan...
21:23:01.319 [Test worker] DEBUG org.hibernate.loader.plan.exec.internal.LoadQueryJoinAndFetchProcessor - processing queryspace <gen:0>
21:23:01.319 [Test worker] DEBUG org.hibernate.loader.plan.build.spi.LoadPlanTreePrinter - LoadPlan(collection=domain.Angajat.concedii)
    - Returns
       - CollectionReturnImpl(collection=domain.Angajat.concedii, querySpaceUid=<gen:0>, path=[domain.Angajat.concedii])
          - (collection element) CollectionFetchableElementEntityGraph(entity=domain.Concediu, querySpaceUid=<gen:1>, path=[domain.Angajat.concedii].<elements>)
    - QuerySpaces
       - CollectionQuerySpaceImpl(uid=<gen:0>, collection=domain.Angajat.concedii)
          - SQL table alias mapping - concedii0_
          - alias suffix - 0_
          - suffixed key columns - {id_angaj4_3_0_}
          - entity-element alias suffix - 1_
          - 1_entity-element suffixed key columns - id1_3_1_
          - JOIN (JoinDefinedByMetadata(elements)) : <gen:0> -> <gen:1>
             - EntityQuerySpaceImpl(uid=<gen:1>, entity=domain.Concediu)
                - SQL table alias mapping - concedii0_
                - alias suffix - 1_
                - suffixed key columns - {id1_3_1_}

21:23:01.319 [Test worker] DEBUG org.hibernate.loader.collection.plan.CollectionLoader - Static select for collection domain.Angajat.concedii: select concedii0_.id_angajat as id_angaj4_3_0_, concedii0_.id as id1_3_0_, concedii0_.id as id1_3_1_, concedii0_.id_angajat as id_angaj4_3_1_, concedii0_.data_inceput as data_inc2_3_1_, concedii0_.data_sfarsit as data_sfa3_3_1_ from concedii concedii0_ where concedii0_.id_angajat=?
21:23:01.319 [Test worker] DEBUG org.hibernate.loader.plan.build.internal.spaces.QuerySpacesImpl - Adding QuerySpace : uid = <gen:0> -> org.hibernate.loader.plan.build.internal.spaces.CollectionQuerySpaceImpl@279a332]
21:23:01.319 [Test worker] DEBUG org.hibernate.loader.plan.build.internal.spaces.QuerySpacesImpl - Adding QuerySpace : uid = <gen:1> -> org.hibernate.loader.plan.build.internal.spaces.EntityQuerySpaceImpl@79e9e57]
21:23:01.319 [Test worker] DEBUG org.hibernate.persister.walking.spi.MetamodelGraphWalker - Visiting attribute path : idDirector
21:23:01.319 [Test worker] DEBUG org.hibernate.loader.plan.build.internal.FetchStyleLoadPlanBuildingAssociationVisitationStrategy - Building LoadPlan...
21:23:01.319 [Test worker] DEBUG org.hibernate.loader.plan.exec.internal.LoadQueryJoinAndFetchProcessor - processing queryspace <gen:0>
21:23:01.319 [Test worker] DEBUG org.hibernate.loader.plan.build.spi.LoadPlanTreePrinter - LoadPlan(collection=domain.Angajat.departamente)
    - Returns
       - CollectionReturnImpl(collection=domain.Angajat.departamente, querySpaceUid=<gen:0>, path=[domain.Angajat.departamente])
          - (collection element) CollectionFetchableElementEntityGraph(entity=domain.Departament, querySpaceUid=<gen:1>, path=[domain.Angajat.departamente].<elements>)
    - QuerySpaces
       - CollectionQuerySpaceImpl(uid=<gen:0>, collection=domain.Angajat.departamente)
          - SQL table alias mapping - departamen0_
          - alias suffix - 0_
          - suffixed key columns - {id_angaj1_1_0_}
          - entity-element alias suffix - 1_
          - 1_entity-element suffixed key columns - id1_4_1_
          - JOIN (JoinDefinedByMetadata(elements)) : <gen:0> -> <gen:1>
             - EntityQuerySpaceImpl(uid=<gen:1>, entity=domain.Departament)
                - SQL table alias mapping - departamen1_
                - alias suffix - 1_
                - suffixed key columns - {id1_4_1_}

21:23:01.319 [Test worker] DEBUG org.hibernate.loader.collection.plan.CollectionLoader - Static select for collection domain.Angajat.departamente: select departamen0_.id_angajat as id_angaj1_1_0_, departamen0_.id_departament as id_depar2_1_0_, departamen1_.id as id1_4_1_, departamen1_.id_director as id_direc2_4_1_ from angajati_departamente departamen0_ inner join departamente departamen1_ on departamen0_.id_departament=departamen1_.id where departamen0_.id_angajat=?
21:23:01.335 [Test worker] INFO org.hibernate.orm.connections.access - HHH10001501: Connection obtained from JdbcConnectionAccess [org.hibernate.engine.jdbc.env.internal.JdbcEnvironmentInitiator$ConnectionProviderJdbcConnectionAccess@53361758] for (non-JTA) DDL execution was not in auto-commit mode; the Connection 'local transaction' will be committed and the Connection will be set into auto-commit mode.
21:23:01.335 [Test worker] DEBUG org.hibernate.mapping.Table - No alter strings for table : angajati
21:23:01.335 [Test worker] DEBUG org.hibernate.mapping.Table - No alter strings for table : angajati_departamente
21:23:01.335 [Test worker] DEBUG org.hibernate.mapping.Table - No alter strings for table : angajati_proiecte
21:23:01.335 [Test worker] DEBUG org.hibernate.mapping.Table - No alter strings for table : concedii
21:23:01.335 [Test worker] DEBUG org.hibernate.mapping.Table - No alter strings for table : departamente
21:23:01.335 [Test worker] DEBUG org.hibernate.mapping.Table - No alter strings for table : functii
21:23:01.335 [Test worker] DEBUG org.hibernate.mapping.Table - No alter strings for table : proiecte
21:23:01.335 [Test worker] DEBUG org.hibernate.query.spi.NamedQueryRepository - Checking 0 named HQL queries
21:23:01.335 [Test worker] DEBUG org.hibernate.query.spi.NamedQueryRepository - Checking 0 named SQL queries
21:23:01.335 [Test worker] DEBUG org.hibernate.internal.SessionFactoryRegistry - Registering SessionFactory: a79a7dfc-226a-4301-b7ae-61436aeb5c65 (<unnamed>)
21:23:01.335 [Test worker] DEBUG org.hibernate.internal.SessionFactoryRegistry - Not binding SessionFactory to JNDI, no JNDI name configured
21:23:01.335 [Test worker] DEBUG org.hibernate.integrator.internal.IntegratorServiceImpl - Adding Integrator [org.hibernate.cfg.beanvalidation.BeanValidationIntegrator].
21:23:01.335 [Test worker] DEBUG org.hibernate.integrator.internal.IntegratorServiceImpl - Adding Integrator [org.hibernate.secure.spi.JaccIntegrator].
21:23:01.335 [Test worker] DEBUG org.hibernate.integrator.internal.IntegratorServiceImpl - Adding Integrator [org.hibernate.cache.internal.CollectionCacheInvalidator].
21:23:01.335 [Test worker] DEBUG org.hibernate.boot.jaxb.internal.stax.LocalXmlResourceResolver - Interpreting public/system identifier : [-//Hibernate/Hibernate Configuration DTD 3.0//EN] - [http://hibernate.org/dtd/hibernate-configuration-3.0.dtd]
21:23:01.366 [Test worker] DEBUG org.hibernate.boot.cfgxml.internal.JaxbCfgProcessor - cfg.xml document did not define namespaces; wrapping in custom event reader to introduce namespace information
21:23:01.382 [Test worker] DEBUG org.hibernate.service.spi.ServiceBinding - Overriding existing service binding [org.hibernate.secure.spi.JaccService]
21:23:01.382 [Test worker] DEBUG org.hibernate.cache.internal.RegionFactoryInitiator - Cannot default RegionFactory based on registered strategies as `[]` RegionFactory strategies were registered
21:23:01.382 [Test worker] DEBUG org.hibernate.cache.internal.RegionFactoryInitiator - Cache region factory : org.hibernate.cache.internal.NoCachingRegionFactory
21:23:01.382 [Test worker] DEBUG org.hibernate.type.BasicTypeRegistry - Adding type registration boolean -> org.hibernate.type.BooleanType@121b529f
21:23:01.382 [Test worker] DEBUG org.hibernate.type.BasicTypeRegistry - Adding type registration boolean -> org.hibernate.type.BooleanType@121b529f
21:23:01.382 [Test worker] DEBUG org.hibernate.type.BasicTypeRegistry - Adding type registration java.lang.Boolean -> org.hibernate.type.BooleanType@121b529f
21:23:01.382 [Test worker] DEBUG org.hibernate.type.BasicTypeRegistry - Adding type registration numeric_boolean -> org.hibernate.type.NumericBooleanType@7dc81433
21:23:01.382 [Test worker] DEBUG org.hibernate.type.BasicTypeRegistry - Adding type registration true_false -> org.hibernate.type.TrueFalseType@60c371da
21:23:01.382 [Test worker] DEBUG org.hibernate.type.BasicTypeRegistry - Adding type registration yes_no -> org.hibernate.type.YesNoType@51ef89fc
21:23:01.382 [Test worker] DEBUG org.hibernate.type.BasicTypeRegistry - Adding type registration byte -> org.hibernate.type.ByteType@1502feca
21:23:01.382 [Test worker] DEBUG org.hibernate.type.BasicTypeRegistry - Adding type registration byte -> org.hibernate.type.ByteType@1502feca
21:23:01.382 [Test worker] DEBUG org.hibernate.type.BasicTypeRegistry - Adding type registration java.lang.Byte -> org.hibernate.type.ByteType@1502feca
21:23:01.382 [Test worker] DEBUG org.hibernate.type.BasicTypeRegistry - Adding type registration character -> org.hibernate.type.CharacterType@5aca38b4
21:23:01.382 [Test worker] DEBUG org.hibernate.type.BasicTypeRegistry - Adding type registration char -> org.hibernate.type.CharacterType@5aca38b4
21:23:01.382 [Test worker] DEBUG org.hibernate.type.BasicTypeRegistry - Adding type registration java.lang.Character -> org.hibernate.type.CharacterType@5aca38b4
21:23:01.382 [Test worker] DEBUG org.hibernate.type.BasicTypeRegistry - Adding type registration short -> org.hibernate.type.ShortType@212db0b9
21:23:01.382 [Test worker] DEBUG org.hibernate.type.BasicTypeRegistry - Adding type registration short -> org.hibernate.type.ShortType@212db0b9
21:23:01.382 [Test worker] DEBUG org.hibernate.type.BasicTypeRegistry - Adding type registration java.lang.Short -> org.hibernate.type.ShortType@212db0b9
21:23:01.382 [Test worker] DEBUG org.hibernate.type.BasicTypeRegistry - Adding type registration integer -> org.hibernate.type.IntegerType@14f541d2
21:23:01.382 [Test worker] DEBUG org.hibernate.type.BasicTypeRegistry - Adding type registration int -> org.hibernate.type.IntegerType@14f541d2
21:23:01.382 [Test worker] DEBUG org.hibernate.type.BasicTypeRegistry - Adding type registration java.lang.Integer -> org.hibernate.type.IntegerType@14f541d2
21:23:01.382 [Test worker] DEBUG org.hibernate.type.BasicTypeRegistry - Adding type registration long -> org.hibernate.type.LongType@357c5fef
21:23:01.382 [Test worker] DEBUG org.hibernate.type.BasicTypeRegistry - Adding type registration long -> org.hibernate.type.LongType@357c5fef
21:23:01.382 [Test worker] DEBUG org.hibernate.type.BasicTypeRegistry - Adding type registration java.lang.Long -> org.hibernate.type.LongType@357c5fef
21:23:01.382 [Test worker] DEBUG org.hibernate.type.BasicTypeRegistry - Adding type registration float -> org.hibernate.type.FloatType@68835e55
21:23:01.382 [Test worker] DEBUG org.hibernate.type.BasicTypeRegistry - Adding type registration float -> org.hibernate.type.FloatType@68835e55
21:23:01.382 [Test worker] DEBUG org.hibernate.type.BasicTypeRegistry - Adding type registration java.lang.Float -> org.hibernate.type.FloatType@68835e55
21:23:01.382 [Test worker] DEBUG org.hibernate.type.BasicTypeRegistry - Adding type registration double -> org.hibernate.type.DoubleType@1db8c4bf
21:23:01.382 [Test worker] DEBUG org.hibernate.type.BasicTypeRegistry - Adding type registration double -> org.hibernate.type.DoubleType@1db8c4bf
21:23:01.382 [Test worker] DEBUG org.hibernate.type.BasicTypeRegistry - Adding type registration java.lang.Double -> org.hibernate.type.DoubleType@1db8c4bf
21:23:01.382 [Test worker] DEBUG org.hibernate.type.BasicTypeRegistry - Adding type registration big_decimal -> org.hibernate.type.BigDecimalType@2bd9f5a7
21:23:01.382 [Test worker] DEBUG org.hibernate.type.BasicTypeRegistry - Adding type registration java.math.BigDecimal -> org.hibernate.type.BigDecimalType@2bd9f5a7
21:23:01.382 [Test worker] DEBUG org.hibernate.type.BasicTypeRegistry - Adding type registration big_integer -> org.hibernate.type.BigIntegerType@67766712
21:23:01.382 [Test worker] DEBUG org.hibernate.type.BasicTypeRegistry - Adding type registration java.math.BigInteger -> org.hibernate.type.BigIntegerType@67766712
21:23:01.382 [Test worker] DEBUG org.hibernate.type.BasicTypeRegistry - Adding type registration string -> org.hibernate.type.StringType@5abe721f
21:23:01.382 [Test worker] DEBUG org.hibernate.type.BasicTypeRegistry - Adding type registration java.lang.String -> org.hibernate.type.StringType@5abe721f
21:23:01.382 [Test worker] DEBUG org.hibernate.type.BasicTypeRegistry - Adding type registration nstring -> org.hibernate.type.StringNVarcharType@5ca83c4b
21:23:01.382 [Test worker] DEBUG org.hibernate.type.BasicTypeRegistry - Adding type registration ncharacter -> org.hibernate.type.CharacterNCharType@181579aa
21:23:01.382 [Test worker] DEBUG org.hibernate.type.BasicTypeRegistry - Adding type registration url -> org.hibernate.type.UrlType@2d95e7ff
21:23:01.382 [Test worker] DEBUG org.hibernate.type.BasicTypeRegistry - Adding type registration java.net.URL -> org.hibernate.type.UrlType@2d95e7ff
21:23:01.382 [Test worker] DEBUG org.hibernate.type.BasicTypeRegistry - Adding type registration Duration -> org.hibernate.type.DurationType@1f6d6ec5
21:23:01.382 [Test worker] DEBUG org.hibernate.type.BasicTypeRegistry - Adding type registration java.time.Duration -> org.hibernate.type.DurationType@1f6d6ec5
21:23:01.382 [Test worker] DEBUG org.hibernate.type.BasicTypeRegistry - Adding type registration Instant -> org.hibernate.type.InstantType@799b3880
21:23:01.382 [Test worker] DEBUG org.hibernate.type.BasicTypeRegistry - Adding type registration java.time.Instant -> org.hibernate.type.InstantType@799b3880
21:23:01.382 [Test worker] DEBUG org.hibernate.type.BasicTypeRegistry - Adding type registration LocalDateTime -> org.hibernate.type.LocalDateTimeType@3c9b7dcd
21:23:01.382 [Test worker] DEBUG org.hibernate.type.BasicTypeRegistry - Adding type registration java.time.LocalDateTime -> org.hibernate.type.LocalDateTimeType@3c9b7dcd
21:23:01.382 [Test worker] DEBUG org.hibernate.type.BasicTypeRegistry - Adding type registration LocalDate -> org.hibernate.type.LocalDateType@73b9d317
21:23:01.382 [Test worker] DEBUG org.hibernate.type.BasicTypeRegistry - Adding type registration java.time.LocalDate -> org.hibernate.type.LocalDateType@73b9d317
21:23:01.382 [Test worker] DEBUG org.hibernate.type.BasicTypeRegistry - Adding type registration LocalTime -> org.hibernate.type.LocalTimeType@3e938176
21:23:01.382 [Test worker] DEBUG org.hibernate.type.BasicTypeRegistry - Adding type registration java.time.LocalTime -> org.hibernate.type.LocalTimeType@3e938176
21:23:01.382 [Test worker] DEBUG org.hibernate.type.BasicTypeRegistry - Adding type registration OffsetDateTime -> org.hibernate.type.OffsetDateTimeType@1006f6a5
21:23:01.382 [Test worker] DEBUG org.hibernate.type.BasicTypeRegistry - Adding type registration java.time.OffsetDateTime -> org.hibernate.type.OffsetDateTimeType@1006f6a5
21:23:01.382 [Test worker] DEBUG org.hibernate.type.BasicTypeRegistry - Adding type registration OffsetTime -> org.hibernate.type.OffsetTimeType@5ebf30b8
21:23:01.382 [Test worker] DEBUG org.hibernate.type.BasicTypeRegistry - Adding type registration java.time.OffsetTime -> org.hibernate.type.OffsetTimeType@5ebf30b8
21:23:01.382 [Test worker] DEBUG org.hibernate.type.BasicTypeRegistry - Adding type registration ZonedDateTime -> org.hibernate.type.ZonedDateTimeType@5ecdce3a
21:23:01.382 [Test worker] DEBUG org.hibernate.type.BasicTypeRegistry - Adding type registration java.time.ZonedDateTime -> org.hibernate.type.ZonedDateTimeType@5ecdce3a
21:23:01.382 [Test worker] DEBUG org.hibernate.type.BasicTypeRegistry - Adding type registration date -> org.hibernate.type.DateType@34878a9c
21:23:01.382 [Test worker] DEBUG org.hibernate.type.BasicTypeRegistry - Adding type registration java.sql.Date -> org.hibernate.type.DateType@34878a9c
21:23:01.382 [Test worker] DEBUG org.hibernate.type.BasicTypeRegistry - Adding type registration time -> org.hibernate.type.TimeType@4be75fc9
21:23:01.382 [Test worker] DEBUG org.hibernate.type.BasicTypeRegistry - Adding type registration java.sql.Time -> org.hibernate.type.TimeType@4be75fc9
21:23:01.382 [Test worker] DEBUG org.hibernate.type.BasicTypeRegistry - Adding type registration timestamp -> org.hibernate.type.TimestampType@cd6dcfb
21:23:01.382 [Test worker] DEBUG org.hibernate.type.BasicTypeRegistry - Adding type registration java.sql.Timestamp -> org.hibernate.type.TimestampType@cd6dcfb
21:23:01.382 [Test worker] DEBUG org.hibernate.type.BasicTypeRegistry - Adding type registration java.util.Date -> org.hibernate.type.TimestampType@cd6dcfb
21:23:01.382 [Test worker] DEBUG org.hibernate.type.BasicTypeRegistry - Adding type registration dbtimestamp -> org.hibernate.type.DbTimestampType@6f70db50
21:23:01.382 [Test worker] DEBUG org.hibernate.type.BasicTypeRegistry - Adding type registration calendar -> org.hibernate.type.CalendarType@232580e4
21:23:01.382 [Test worker] DEBUG org.hibernate.type.BasicTypeRegistry - Adding type registration java.util.Calendar -> org.hibernate.type.CalendarType@232580e4
21:23:01.382 [Test worker] DEBUG org.hibernate.type.BasicTypeRegistry - Adding type registration java.util.GregorianCalendar -> org.hibernate.type.CalendarType@232580e4
21:23:01.382 [Test worker] DEBUG org.hibernate.type.BasicTypeRegistry - Adding type registration calendar_date -> org.hibernate.type.CalendarDateType@2d226c99
21:23:01.382 [Test worker] DEBUG org.hibernate.type.BasicTypeRegistry - Adding type registration calendar_time -> org.hibernate.type.CalendarTimeType@5f0ca092
21:23:01.382 [Test worker] DEBUG org.hibernate.type.BasicTypeRegistry - Adding type registration locale -> org.hibernate.type.LocaleType@2e7d6fc7
21:23:01.382 [Test worker] DEBUG org.hibernate.type.BasicTypeRegistry - Adding type registration java.util.Locale -> org.hibernate.type.LocaleType@2e7d6fc7
21:23:01.382 [Test worker] DEBUG org.hibernate.type.BasicTypeRegistry - Adding type registration currency -> org.hibernate.type.CurrencyType@298b5abb
21:23:01.382 [Test worker] DEBUG org.hibernate.type.BasicTypeRegistry - Adding type registration java.util.Currency -> org.hibernate.type.CurrencyType@298b5abb
21:23:01.382 [Test worker] DEBUG org.hibernate.type.BasicTypeRegistry - Adding type registration timezone -> org.hibernate.type.TimeZoneType@6a7223ce
21:23:01.382 [Test worker] DEBUG org.hibernate.type.BasicTypeRegistry - Adding type registration java.util.TimeZone -> org.hibernate.type.TimeZoneType@6a7223ce
21:23:01.382 [Test worker] DEBUG org.hibernate.type.BasicTypeRegistry - Adding type registration class -> org.hibernate.type.ClassType@17c86e61
21:23:01.382 [Test worker] DEBUG org.hibernate.type.BasicTypeRegistry - Adding type registration java.lang.Class -> org.hibernate.type.ClassType@17c86e61
21:23:01.382 [Test worker] DEBUG org.hibernate.type.BasicTypeRegistry - Adding type registration uuid-binary -> org.hibernate.type.UUIDBinaryType@165a29f7
21:23:01.382 [Test worker] DEBUG org.hibernate.type.BasicTypeRegistry - Adding type registration java.util.UUID -> org.hibernate.type.UUIDBinaryType@165a29f7
21:23:01.382 [Test worker] DEBUG org.hibernate.type.BasicTypeRegistry - Adding type registration uuid-char -> org.hibernate.type.UUIDCharType@57061eb5
21:23:01.382 [Test worker] DEBUG org.hibernate.type.BasicTypeRegistry - Adding type registration binary -> org.hibernate.type.BinaryType@377a3a57
21:23:01.382 [Test worker] DEBUG org.hibernate.type.BasicTypeRegistry - Adding type registration byte[] -> org.hibernate.type.BinaryType@377a3a57
21:23:01.382 [Test worker] DEBUG org.hibernate.type.BasicTypeRegistry - Adding type registration [B -> org.hibernate.type.BinaryType@377a3a57
21:23:01.382 [Test worker] DEBUG org.hibernate.type.BasicTypeRegistry - Adding type registration wrapper-binary -> org.hibernate.type.WrapperBinaryType@15236686
21:23:01.382 [Test worker] DEBUG org.hibernate.type.BasicTypeRegistry - Adding type registration Byte[] -> org.hibernate.type.WrapperBinaryType@15236686
21:23:01.382 [Test worker] DEBUG org.hibernate.type.BasicTypeRegistry - Adding type registration [Ljava.lang.Byte; -> org.hibernate.type.WrapperBinaryType@15236686
21:23:01.382 [Test worker] DEBUG org.hibernate.type.BasicTypeRegistry - Adding type registration row_version -> org.hibernate.type.RowVersionType@480544d3
21:23:01.382 [Test worker] DEBUG org.hibernate.type.BasicTypeRegistry - Adding type registration image -> org.hibernate.type.ImageType@a74733d
21:23:01.382 [Test worker] DEBUG org.hibernate.type.BasicTypeRegistry - Adding type registration characters -> org.hibernate.type.CharArrayType@10b707f8
21:23:01.382 [Test worker] DEBUG org.hibernate.type.BasicTypeRegistry - Adding type registration char[] -> org.hibernate.type.CharArrayType@10b707f8
21:23:01.382 [Test worker] DEBUG org.hibernate.type.BasicTypeRegistry - Adding type registration [C -> org.hibernate.type.CharArrayType@10b707f8
21:23:01.382 [Test worker] DEBUG org.hibernate.type.BasicTypeRegistry - Adding type registration wrapper-characters -> org.hibernate.type.CharacterArrayType@7586a107
21:23:01.382 [Test worker] DEBUG org.hibernate.type.BasicTypeRegistry - Adding type registration [Ljava.lang.Character; -> org.hibernate.type.CharacterArrayType@7586a107
21:23:01.382 [Test worker] DEBUG org.hibernate.type.BasicTypeRegistry - Adding type registration Character[] -> org.hibernate.type.CharacterArrayType@7586a107
21:23:01.382 [Test worker] DEBUG org.hibernate.type.BasicTypeRegistry - Adding type registration text -> org.hibernate.type.TextType@28e7117
21:23:01.382 [Test worker] DEBUG org.hibernate.type.BasicTypeRegistry - Adding type registration ntext -> org.hibernate.type.NTextType@4fe7c4b8
21:23:01.382 [Test worker] DEBUG org.hibernate.type.BasicTypeRegistry - Adding type registration blob -> org.hibernate.type.BlobType@69ff7971
21:23:01.382 [Test worker] DEBUG org.hibernate.type.BasicTypeRegistry - Adding type registration java.sql.Blob -> org.hibernate.type.BlobType@69ff7971
21:23:01.382 [Test worker] DEBUG org.hibernate.type.BasicTypeRegistry - Adding type registration materialized_blob -> org.hibernate.type.MaterializedBlobType@29a6bbfa
21:23:01.382 [Test worker] DEBUG org.hibernate.type.BasicTypeRegistry - Adding type registration clob -> org.hibernate.type.ClobType@6243fc09
21:23:01.382 [Test worker] DEBUG org.hibernate.type.BasicTypeRegistry - Adding type registration java.sql.Clob -> org.hibernate.type.ClobType@6243fc09
21:23:01.382 [Test worker] DEBUG org.hibernate.type.BasicTypeRegistry - Adding type registration nclob -> org.hibernate.type.NClobType@7a0e9fb4
21:23:01.382 [Test worker] DEBUG org.hibernate.type.BasicTypeRegistry - Adding type registration java.sql.NClob -> org.hibernate.type.NClobType@7a0e9fb4
21:23:01.382 [Test worker] DEBUG org.hibernate.type.BasicTypeRegistry - Adding type registration materialized_clob -> org.hibernate.type.MaterializedClobType@5568af29
21:23:01.382 [Test worker] DEBUG org.hibernate.type.BasicTypeRegistry - Adding type registration materialized_nclob -> org.hibernate.type.MaterializedNClobType@43589365
21:23:01.382 [Test worker] DEBUG org.hibernate.type.BasicTypeRegistry - Adding type registration serializable -> org.hibernate.type.SerializableType@49b714f8
21:23:01.382 [Test worker] DEBUG org.hibernate.type.BasicTypeRegistry - Adding type registration object -> org.hibernate.type.ObjectType@4b6f241f
21:23:01.382 [Test worker] DEBUG org.hibernate.type.BasicTypeRegistry - Adding type registration java.lang.Object -> org.hibernate.type.ObjectType@4b6f241f
21:23:01.382 [Test worker] DEBUG org.hibernate.type.BasicTypeRegistry - Adding type registration imm_date -> org.hibernate.type.AdaptedImmutableType@570427a9
21:23:01.382 [Test worker] DEBUG org.hibernate.type.BasicTypeRegistry - Adding type registration imm_time -> org.hibernate.type.AdaptedImmutableType@5a6b5c71
21:23:01.382 [Test worker] DEBUG org.hibernate.type.BasicTypeRegistry - Adding type registration imm_timestamp -> org.hibernate.type.AdaptedImmutableType@38b144f0
21:23:01.382 [Test worker] DEBUG org.hibernate.type.BasicTypeRegistry - Adding type registration imm_dbtimestamp -> org.hibernate.type.AdaptedImmutableType@2c06b3a2
21:23:01.382 [Test worker] DEBUG org.hibernate.type.BasicTypeRegistry - Adding type registration imm_calendar -> org.hibernate.type.AdaptedImmutableType@5a49f0e4
21:23:01.382 [Test worker] DEBUG org.hibernate.type.BasicTypeRegistry - Adding type registration imm_calendar_date -> org.hibernate.type.AdaptedImmutableType@5a41b708
21:23:01.382 [Test worker] DEBUG org.hibernate.type.BasicTypeRegistry - Adding type registration imm_binary -> org.hibernate.type.AdaptedImmutableType@6865ee74
21:23:01.382 [Test worker] DEBUG org.hibernate.type.BasicTypeRegistry - Adding type registration imm_serializable -> org.hibernate.type.AdaptedImmutableType@7167cb79
21:23:01.382 [Test worker] DEBUG org.hibernate.id.factory.internal.DefaultIdentifierGeneratorFactory - Registering IdentifierGenerator strategy [uuid2] -> [org.hibernate.id.UUIDGenerator]
21:23:01.382 [Test worker] DEBUG org.hibernate.id.factory.internal.DefaultIdentifierGeneratorFactory - Registering IdentifierGenerator strategy [guid] -> [org.hibernate.id.GUIDGenerator]
21:23:01.382 [Test worker] DEBUG org.hibernate.id.factory.internal.DefaultIdentifierGeneratorFactory - Registering IdentifierGenerator strategy [uuid] -> [org.hibernate.id.UUIDHexGenerator]
21:23:01.382 [Test worker] DEBUG org.hibernate.id.factory.internal.DefaultIdentifierGeneratorFactory - Registering IdentifierGenerator strategy [uuid.hex] -> [org.hibernate.id.UUIDHexGenerator]
21:23:01.382 [Test worker] DEBUG org.hibernate.id.factory.internal.DefaultIdentifierGeneratorFactory - Registering IdentifierGenerator strategy [assigned] -> [org.hibernate.id.Assigned]
21:23:01.382 [Test worker] DEBUG org.hibernate.id.factory.internal.DefaultIdentifierGeneratorFactory - Registering IdentifierGenerator strategy [identity] -> [org.hibernate.id.IdentityGenerator]
21:23:01.382 [Test worker] DEBUG org.hibernate.id.factory.internal.DefaultIdentifierGeneratorFactory - Registering IdentifierGenerator strategy [select] -> [org.hibernate.id.SelectGenerator]
21:23:01.382 [Test worker] DEBUG org.hibernate.id.factory.internal.DefaultIdentifierGeneratorFactory - Registering IdentifierGenerator strategy [sequence] -> [org.hibernate.id.enhanced.SequenceStyleGenerator]
21:23:01.382 [Test worker] DEBUG org.hibernate.id.factory.internal.DefaultIdentifierGeneratorFactory - Registering IdentifierGenerator strategy [seqhilo] -> [org.hibernate.id.SequenceHiLoGenerator]
21:23:01.382 [Test worker] DEBUG org.hibernate.id.factory.internal.DefaultIdentifierGeneratorFactory - Registering IdentifierGenerator strategy [increment] -> [org.hibernate.id.IncrementGenerator]
21:23:01.382 [Test worker] DEBUG org.hibernate.id.factory.internal.DefaultIdentifierGeneratorFactory - Registering IdentifierGenerator strategy [foreign] -> [org.hibernate.id.ForeignGenerator]
21:23:01.382 [Test worker] DEBUG org.hibernate.id.factory.internal.DefaultIdentifierGeneratorFactory - Registering IdentifierGenerator strategy [sequence-identity] -> [org.hibernate.id.SequenceIdentityGenerator]
21:23:01.382 [Test worker] DEBUG org.hibernate.id.factory.internal.DefaultIdentifierGeneratorFactory - Registering IdentifierGenerator strategy [enhanced-sequence] -> [org.hibernate.id.enhanced.SequenceStyleGenerator]
21:23:01.382 [Test worker] DEBUG org.hibernate.id.factory.internal.DefaultIdentifierGeneratorFactory - Registering IdentifierGenerator strategy [enhanced-table] -> [org.hibernate.id.enhanced.TableGenerator]
21:23:01.382 [Test worker] WARN org.hibernate.orm.connections.pooling - HHH10001002: Using Hibernate built-in connection pool (not for production use!)
21:23:01.382 [Test worker] INFO org.hibernate.orm.connections.pooling - HHH10001005: using driver [org.sqlite.JDBC] at URL [jdbc:sqlite:D:\Facultate\Projects\OrganizareCompanie\database]
21:23:01.382 [Test worker] INFO org.hibernate.orm.connections.pooling - HHH10001001: Connection properties: {password=root, user=root}
21:23:01.382 [Test worker] INFO org.hibernate.orm.connections.pooling - HHH10001003: Autocommit mode: false
21:23:01.382 [Test worker] DEBUG org.hibernate.engine.jdbc.connections.internal.DriverManagerConnectionProviderImpl - Initializing Connection pool with 1 Connections
21:23:01.382 [Test worker] INFO org.hibernate.engine.jdbc.connections.internal.DriverManagerConnectionProviderImpl - HHH000115: Hibernate connection pool size: 1 (min=1)
21:23:01.382 [Test worker] DEBUG org.hibernate.engine.jdbc.env.internal.JdbcEnvironmentInitiator - Database ->
       name : SQLite
    version : 3.34.0
      major : 3
      minor : 34
21:23:01.382 [Test worker] DEBUG org.hibernate.engine.jdbc.env.internal.JdbcEnvironmentInitiator - Driver ->
       name : SQLite JDBC
    version : 3.34.0
      major : 3
      minor : 34
21:23:01.382 [Test worker] DEBUG org.hibernate.engine.jdbc.env.internal.JdbcEnvironmentInitiator - JDBC version : 2.1
21:23:01.382 [Test worker] INFO org.hibernate.dialect.Dialect - HHH000400: Using dialect: utils.SQLiteDialect
21:23:01.382 [Test worker] DEBUG org.hibernate.engine.jdbc.env.spi.IdentifierHelperBuilder - JDBC driver metadata reported database stores quoted identifiers in neither upper, lower nor mixed case
21:23:01.382 [Test worker] DEBUG org.hibernate.engine.jdbc.env.spi.IdentifierHelperBuilder - IdentifierCaseStrategy for both quoted and unquoted identifiers was set to the same strategy [MIXED]; that will likely lead to problems in schema update and validation if using quoted identifiers
21:23:01.382 [Test worker] DEBUG org.hibernate.engine.jdbc.env.internal.LobCreatorBuilderImpl - HHH000423: Disabling contextual LOB creation as JDBC driver reported JDBC version [2] less than 4
21:23:01.382 [Test worker] DEBUG org.hibernate.boot.model.relational.Namespace - Created database namespace [logicalName=Name{catalog=null, schema=null}, physicalName=Name{catalog=null, schema=null}]
21:23:01.382 [Test worker] DEBUG org.hibernate.type.descriptor.java.JavaTypeDescriptorRegistry - JavaTypeDescriptorRegistry entry replaced : class java.time.Duration -> org.hibernate.type.descriptor.java.DurationJavaDescriptor@484b819 (was org.hibernate.type.descriptor.java.DurationJavaDescriptor@484b819)
21:23:01.382 [Test worker] DEBUG org.hibernate.type.descriptor.java.JavaTypeDescriptorRegistry - JavaTypeDescriptorRegistry entry replaced : class java.time.Instant -> org.hibernate.type.descriptor.java.InstantJavaDescriptor@7a6a60d2 (was org.hibernate.type.descriptor.java.InstantJavaDescriptor@7a6a60d2)
21:23:01.382 [Test worker] DEBUG org.hibernate.type.descriptor.java.JavaTypeDescriptorRegistry - JavaTypeDescriptorRegistry entry replaced : class java.time.LocalDate -> org.hibernate.type.descriptor.java.LocalDateJavaDescriptor@7ac3817d (was org.hibernate.type.descriptor.java.LocalDateJavaDescriptor@7ac3817d)
21:23:01.382 [Test worker] DEBUG org.hibernate.type.descriptor.java.JavaTypeDescriptorRegistry - JavaTypeDescriptorRegistry entry replaced : class java.time.LocalDateTime -> org.hibernate.type.descriptor.java.LocalDateTimeJavaDescriptor@616d0e6e (was org.hibernate.type.descriptor.java.LocalDateTimeJavaDescriptor@616d0e6e)
21:23:01.382 [Test worker] DEBUG org.hibernate.type.descriptor.java.JavaTypeDescriptorRegistry - JavaTypeDescriptorRegistry entry replaced : class java.time.OffsetDateTime -> org.hibernate.type.descriptor.java.OffsetDateTimeJavaDescriptor@4008262a (was org.hibernate.type.descriptor.java.OffsetDateTimeJavaDescriptor@4008262a)
21:23:01.382 [Test worker] DEBUG org.hibernate.type.descriptor.java.JavaTypeDescriptorRegistry - JavaTypeDescriptorRegistry entry replaced : class java.time.OffsetTime -> org.hibernate.type.descriptor.java.OffsetTimeJavaDescriptor@69cda209 (was org.hibernate.type.descriptor.java.OffsetTimeJavaDescriptor@69cda209)
21:23:01.382 [Test worker] DEBUG org.hibernate.type.descriptor.java.JavaTypeDescriptorRegistry - JavaTypeDescriptorRegistry entry replaced : class java.time.ZonedDateTime -> org.hibernate.type.descriptor.java.ZonedDateTimeJavaDescriptor@f630e24 (was org.hibernate.type.descriptor.java.ZonedDateTimeJavaDescriptor@f630e24)
21:23:01.382 [Test worker] DEBUG org.hibernate.type.BasicTypeRegistry - Adding type registration Duration -> org.hibernate.type.DurationType@1f6d6ec5
21:23:01.382 [Test worker] DEBUG org.hibernate.type.BasicTypeRegistry - Adding type registration java.time.Duration -> org.hibernate.type.DurationType@1f6d6ec5
21:23:01.382 [Test worker] DEBUG org.hibernate.type.BasicTypeRegistry - Adding type registration Instant -> org.hibernate.type.InstantType@799b3880
21:23:01.382 [Test worker] DEBUG org.hibernate.type.BasicTypeRegistry - Adding type registration java.time.Instant -> org.hibernate.type.InstantType@799b3880
21:23:01.382 [Test worker] DEBUG org.hibernate.type.BasicTypeRegistry - Adding type registration LocalDateTime -> org.hibernate.type.LocalDateTimeType@3c9b7dcd
21:23:01.382 [Test worker] DEBUG org.hibernate.type.BasicTypeRegistry - Adding type registration java.time.LocalDateTime -> org.hibernate.type.LocalDateTimeType@3c9b7dcd
21:23:01.382 [Test worker] DEBUG org.hibernate.type.BasicTypeRegistry - Adding type registration LocalDate -> org.hibernate.type.LocalDateType@73b9d317
21:23:01.382 [Test worker] DEBUG org.hibernate.type.BasicTypeRegistry - Adding type registration java.time.LocalDate -> org.hibernate.type.LocalDateType@73b9d317
21:23:01.382 [Test worker] DEBUG org.hibernate.type.BasicTypeRegistry - Adding type registration LocalTime -> org.hibernate.type.LocalTimeType@3e938176
21:23:01.382 [Test worker] DEBUG org.hibernate.type.BasicTypeRegistry - Adding type registration java.time.LocalTime -> org.hibernate.type.LocalTimeType@3e938176
21:23:01.382 [Test worker] DEBUG org.hibernate.type.BasicTypeRegistry - Adding type registration OffsetDateTime -> org.hibernate.type.OffsetDateTimeType@1006f6a5
21:23:01.382 [Test worker] DEBUG org.hibernate.type.BasicTypeRegistry - Adding type registration java.time.OffsetDateTime -> org.hibernate.type.OffsetDateTimeType@1006f6a5
21:23:01.382 [Test worker] DEBUG org.hibernate.type.BasicTypeRegistry - Adding type registration OffsetTime -> org.hibernate.type.OffsetTimeType@5ebf30b8
21:23:01.382 [Test worker] DEBUG org.hibernate.type.BasicTypeRegistry - Adding type registration java.time.OffsetTime -> org.hibernate.type.OffsetTimeType@5ebf30b8
21:23:01.382 [Test worker] DEBUG org.hibernate.type.BasicTypeRegistry - Adding type registration ZonedDateTime -> org.hibernate.type.ZonedDateTimeType@5ecdce3a
21:23:01.382 [Test worker] DEBUG org.hibernate.type.BasicTypeRegistry - Adding type registration java.time.ZonedDateTime -> org.hibernate.type.ZonedDateTimeType@5ecdce3a
21:23:01.382 [Test worker] DEBUG org.hibernate.type.spi.TypeConfiguration$Scope - Scoping TypeConfiguration [org.hibernate.type.spi.TypeConfiguration@31fee7bc] to MetadataBuildingContext [org.hibernate.boot.internal.MetadataBuildingContextRootImpl@6a152e21]
21:23:01.382 [Test worker] DEBUG org.hibernate.cfg.AnnotationBinder - Binding entity from annotated class: domain.Angajat
21:23:01.382 [Test worker] DEBUG org.hibernate.cfg.Ejb3Column - Binding column: Ejb3DiscriminatorColumn{logicalColumnName'DTYPE', discriminatorTypeName='string'}
21:23:01.382 [Test worker] DEBUG org.hibernate.cfg.annotations.EntityBinder - Import with entity name Angajat
21:23:01.382 [Test worker] DEBUG org.hibernate.cfg.annotations.EntityBinder - Bind entity domain.Angajat on table angajati
21:23:01.382 [Test worker] DEBUG org.hibernate.cfg.Ejb3Column - Binding column: Ejb3Column{table=org.hibernate.mapping.Table(angajati), mappingColumn=id, insertable=true, updatable=true, unique=false}
21:23:01.382 [Test worker] DEBUG org.hibernate.boot.internal.ClassLoaderAccessImpl - Not known whether passed class name [domain.Angajat] is safe
21:23:01.382 [Test worker] DEBUG org.hibernate.boot.internal.ClassLoaderAccessImpl - No temp ClassLoader provided; using live ClassLoader for loading potentially unsafe class : domain.Angajat
21:23:01.382 [Test worker] DEBUG org.hibernate.cfg.annotations.PropertyBinder - MetadataSourceProcessor property id with lazy=false
21:23:01.382 [Test worker] DEBUG org.hibernate.cfg.AbstractPropertyHolder - Attempting to locate auto-apply AttributeConverter for property [domain.Angajat:id]
21:23:01.382 [Test worker] DEBUG org.hibernate.cfg.annotations.SimpleValueBinder - building SimpleValue for id
21:23:01.382 [Test worker] DEBUG org.hibernate.cfg.annotations.PropertyBinder - Building property id
21:23:01.382 [Test worker] DEBUG org.hibernate.cfg.BinderHelper - #makeIdGenerator(org.hibernate.mapping.SimpleValue([org.hibernate.mapping.Column(id)]), id, identity, , ...)
21:23:01.382 [Test worker] DEBUG org.hibernate.cfg.Ejb3Column - Binding column: Ejb3JoinColumn{logicalColumnName='null', referencedColumn='null', mappedBy='angajat'}
21:23:01.382 [Test worker] DEBUG org.hibernate.cfg.Ejb3Column - Binding column: Ejb3Column{table=org.hibernate.mapping.Table(angajati), mappingColumn=concedii, insertable=true, updatable=true, unique=false}
21:23:01.382 [Test worker] DEBUG org.hibernate.cfg.Ejb3Column - Binding column: Ejb3Column{table=org.hibernate.mapping.Table(angajati), mappingColumn=null, insertable=true, updatable=true, unique=false}
21:23:01.382 [Test worker] DEBUG org.hibernate.cfg.Ejb3Column - Binding column: Ejb3Column{table=org.hibernate.mapping.Table(angajati), mappingColumn=element, insertable=true, updatable=true, unique=false}
21:23:01.382 [Test worker] DEBUG org.hibernate.cfg.Ejb3Column - Binding column: Ejb3Column{table=org.hibernate.mapping.Table(angajati), mappingColumn=concedii_KEY, insertable=true, updatable=true, unique=false}
21:23:01.382 [Test worker] DEBUG org.hibernate.cfg.Ejb3Column - Binding column: Ejb3JoinColumn{logicalColumnName='concedii_KEY', referencedColumn='null', mappedBy='null'}
21:23:01.382 [Test worker] DEBUG org.hibernate.cfg.Ejb3Column - Binding column: Ejb3JoinColumn{logicalColumnName='null', referencedColumn='null', mappedBy='angajat'}
21:23:01.382 [Test worker] DEBUG org.hibernate.cfg.Ejb3Column - Binding column: Ejb3JoinColumn{logicalColumnName='null', referencedColumn='null', mappedBy='angajat'}
21:23:01.382 [Test worker] DEBUG org.hibernate.cfg.annotations.CollectionBinder - Collection role: domain.Angajat.concedii
21:23:01.382 [Test worker] DEBUG org.hibernate.cfg.annotations.PropertyBinder - Building property concedii
21:23:01.382 [Test worker] DEBUG org.hibernate.cfg.Ejb3Column - Binding column: Ejb3Column{table=org.hibernate.mapping.Table(angajati), mappingColumn=data_angajare, insertable=true, updatable=true, unique=false}
21:23:01.382 [Test worker] DEBUG org.hibernate.cfg.annotations.PropertyBinder - MetadataSourceProcessor property dataAngajare with lazy=false
21:23:01.382 [Test worker] DEBUG org.hibernate.cfg.AbstractPropertyHolder - Attempting to locate auto-apply AttributeConverter for property [domain.Angajat:dataAngajare]
21:23:01.382 [Test worker] DEBUG org.hibernate.cfg.annotations.SimpleValueBinder - building SimpleValue for dataAngajare
21:23:01.382 [Test worker] DEBUG org.hibernate.cfg.annotations.PropertyBinder - Building property dataAngajare
21:23:01.382 [Test worker] DEBUG org.hibernate.cfg.Ejb3Column - Binding column: Ejb3Column{table=org.hibernate.mapping.Table(angajati), mappingColumn=null, insertable=true, updatable=true, unique=false}
21:23:01.382 [Test worker] DEBUG org.hibernate.cfg.Ejb3Column - Binding column: Ejb3Column{table=org.hibernate.mapping.Table(angajati), mappingColumn=element, insertable=true, updatable=true, unique=false}
21:23:01.382 [Test worker] DEBUG org.hibernate.cfg.Ejb3Column - Binding column: Ejb3Column{table=org.hibernate.mapping.Table(angajati), mappingColumn=departamente_KEY, insertable=true, updatable=true, unique=false}
21:23:01.382 [Test worker] DEBUG org.hibernate.cfg.Ejb3Column - Binding column: Ejb3JoinColumn{logicalColumnName='departamente_KEY', referencedColumn='null', mappedBy='null'}
21:23:01.382 [Test worker] DEBUG org.hibernate.cfg.Ejb3Column - Binding column: Ejb3JoinColumn{logicalColumnName='id_angajat', referencedColumn='', mappedBy=''}
21:23:01.382 [Test worker] DEBUG org.hibernate.cfg.Ejb3Column - Binding column: Ejb3JoinColumn{logicalColumnName='id_departament', referencedColumn='', mappedBy=''}
21:23:01.382 [Test worker] DEBUG org.hibernate.cfg.annotations.CollectionBinder - Collection role: domain.Angajat.departamente
21:23:01.382 [Test worker] DEBUG org.hibernate.cfg.annotations.PropertyBinder - Building property departamente
21:23:01.382 [Test worker] DEBUG org.hibernate.cfg.Ejb3Column - Binding column: Ejb3JoinColumn{logicalColumnName='null', referencedColumn='null', mappedBy='null'}
21:23:01.382 [Test worker] DEBUG org.hibernate.cfg.Ejb3Column - Binding column: Ejb3Column{table=org.hibernate.mapping.Table(angajati), mappingColumn=functie, insertable=true, updatable=true, unique=false}
21:23:01.382 [Test worker] DEBUG org.hibernate.cfg.annotations.PropertyBinder - Building property functie
21:23:01.382 [Test worker] DEBUG org.hibernate.cfg.Ejb3Column - Binding column: Ejb3Column{table=org.hibernate.mapping.Table(angajati), mappingColumn=id_superior, insertable=true, updatable=true, unique=false}
21:23:01.382 [Test worker] DEBUG org.hibernate.cfg.annotations.PropertyBinder - MetadataSourceProcessor property idSuperior with lazy=false
21:23:01.382 [Test worker] DEBUG org.hibernate.cfg.AbstractPropertyHolder - Attempting to locate auto-apply AttributeConverter for property [domain.Angajat:idSuperior]
21:23:01.382 [Test worker] DEBUG org.hibernate.cfg.annotations.SimpleValueBinder - building SimpleValue for idSuperior
21:23:01.382 [Test worker] DEBUG org.hibernate.cfg.annotations.PropertyBinder - Building property idSuperior
21:23:01.382 [Test worker] DEBUG org.hibernate.cfg.Ejb3Column - Binding column: Ejb3Column{table=org.hibernate.mapping.Table(angajati), mappingColumn=null, insertable=true, updatable=true, unique=false}
21:23:01.382 [Test worker] DEBUG org.hibernate.cfg.Ejb3Column - Binding column: Ejb3Column{table=org.hibernate.mapping.Table(angajati), mappingColumn=element, insertable=true, updatable=true, unique=false}
21:23:01.382 [Test worker] DEBUG org.hibernate.cfg.Ejb3Column - Binding column: Ejb3Column{table=org.hibernate.mapping.Table(angajati), mappingColumn=proiecte_KEY, insertable=true, updatable=true, unique=false}
21:23:01.382 [Test worker] DEBUG org.hibernate.cfg.Ejb3Column - Binding column: Ejb3JoinColumn{logicalColumnName='proiecte_KEY', referencedColumn='null', mappedBy='null'}
21:23:01.382 [Test worker] DEBUG org.hibernate.cfg.Ejb3Column - Binding column: Ejb3JoinColumn{logicalColumnName='id_angajat', referencedColumn='', mappedBy=''}
21:23:01.382 [Test worker] DEBUG org.hibernate.cfg.Ejb3Column - Binding column: Ejb3JoinColumn{logicalColumnName='id_proiect', referencedColumn='', mappedBy=''}
21:23:01.382 [Test worker] DEBUG org.hibernate.cfg.annotations.CollectionBinder - Collection role: domain.Angajat.proiecte
21:23:01.382 [Test worker] DEBUG org.hibernate.cfg.annotations.PropertyBinder - Building property proiecte
21:23:01.382 [Test worker] DEBUG org.hibernate.cfg.AnnotationBinder - Binding entity from annotated class: domain.Concediu
21:23:01.382 [Test worker] DEBUG org.hibernate.cfg.Ejb3Column - Binding column: Ejb3DiscriminatorColumn{logicalColumnName'DTYPE', discriminatorTypeName='string'}
21:23:01.382 [Test worker] DEBUG org.hibernate.cfg.annotations.EntityBinder - Import with entity name Concediu
21:23:01.382 [Test worker] DEBUG org.hibernate.cfg.annotations.EntityBinder - Bind entity domain.Concediu on table concedii
21:23:01.382 [Test worker] DEBUG org.hibernate.cfg.Ejb3Column - Binding column: Ejb3Column{table=org.hibernate.mapping.Table(concedii), mappingColumn=id, insertable=true, updatable=true, unique=false}
21:23:01.382 [Test worker] DEBUG org.hibernate.boot.internal.ClassLoaderAccessImpl - Not known whether passed class name [domain.Concediu] is safe
21:23:01.382 [Test worker] DEBUG org.hibernate.boot.internal.ClassLoaderAccessImpl - No temp ClassLoader provided; using live ClassLoader for loading potentially unsafe class : domain.Concediu
21:23:01.382 [Test worker] DEBUG org.hibernate.cfg.annotations.PropertyBinder - MetadataSourceProcessor property id with lazy=false
21:23:01.382 [Test worker] DEBUG org.hibernate.cfg.AbstractPropertyHolder - Attempting to locate auto-apply AttributeConverter for property [domain.Concediu:id]
21:23:01.382 [Test worker] DEBUG org.hibernate.cfg.annotations.SimpleValueBinder - building SimpleValue for id
21:23:01.382 [Test worker] DEBUG org.hibernate.cfg.annotations.PropertyBinder - Building property id
21:23:01.382 [Test worker] DEBUG org.hibernate.cfg.BinderHelper - #makeIdGenerator(org.hibernate.mapping.SimpleValue([org.hibernate.mapping.Column(id)]), id, identity, , ...)
21:23:01.382 [Test worker] DEBUG org.hibernate.cfg.Ejb3Column - Binding column: Ejb3JoinColumn{logicalColumnName='id_angajat', referencedColumn='', mappedBy=''}
21:23:01.382 [Test worker] DEBUG org.hibernate.cfg.Ejb3Column - Binding column: Ejb3Column{table=org.hibernate.mapping.Table(concedii), mappingColumn=angajat, insertable=true, updatable=true, unique=false}
21:23:01.382 [Test worker] DEBUG org.hibernate.cfg.annotations.PropertyBinder - Building property angajat
21:23:01.382 [Test worker] DEBUG org.hibernate.cfg.Ejb3Column - Binding column: Ejb3Column{table=org.hibernate.mapping.Table(concedii), mappingColumn=data_inceput, insertable=true, updatable=true, unique=false}
21:23:01.382 [Test worker] DEBUG org.hibernate.cfg.annotations.PropertyBinder - MetadataSourceProcessor property dataInceput with lazy=false
21:23:01.382 [Test worker] DEBUG org.hibernate.cfg.AbstractPropertyHolder - Attempting to locate auto-apply AttributeConverter for property [domain.Concediu:dataInceput]
21:23:01.382 [Test worker] DEBUG org.hibernate.cfg.annotations.SimpleValueBinder - building SimpleValue for dataInceput
21:23:01.382 [Test worker] DEBUG org.hibernate.cfg.annotations.PropertyBinder - Building property dataInceput
21:23:01.382 [Test worker] DEBUG org.hibernate.cfg.Ejb3Column - Binding column: Ejb3Column{table=org.hibernate.mapping.Table(concedii), mappingColumn=data_sfarsit, insertable=true, updatable=true, unique=false}
21:23:01.382 [Test worker] DEBUG org.hibernate.cfg.annotations.PropertyBinder - MetadataSourceProcessor property dataSfarsit with lazy=false
21:23:01.382 [Test worker] DEBUG org.hibernate.cfg.AbstractPropertyHolder - Attempting to locate auto-apply AttributeConverter for property [domain.Concediu:dataSfarsit]
21:23:01.382 [Test worker] DEBUG org.hibernate.cfg.annotations.SimpleValueBinder - building SimpleValue for dataSfarsit
21:23:01.382 [Test worker] DEBUG org.hibernate.cfg.annotations.PropertyBinder - Building property dataSfarsit
21:23:01.382 [Test worker] DEBUG org.hibernate.cfg.AnnotationBinder - Binding entity from annotated class: domain.Departament
21:23:01.382 [Test worker] DEBUG org.hibernate.cfg.Ejb3Column - Binding column: Ejb3DiscriminatorColumn{logicalColumnName'DTYPE', discriminatorTypeName='string'}
21:23:01.382 [Test worker] DEBUG org.hibernate.cfg.annotations.EntityBinder - Import with entity name Departament
21:23:01.382 [Test worker] DEBUG org.hibernate.cfg.annotations.EntityBinder - Bind entity domain.Departament on table departamente
21:23:01.382 [Test worker] DEBUG org.hibernate.cfg.Ejb3Column - Binding column: Ejb3Column{table=org.hibernate.mapping.Table(departamente), mappingColumn=id, insertable=true, updatable=true, unique=false}
21:23:01.382 [Test worker] DEBUG org.hibernate.boot.internal.ClassLoaderAccessImpl - Not known whether passed class name [domain.Departament] is safe
21:23:01.382 [Test worker] DEBUG org.hibernate.boot.internal.ClassLoaderAccessImpl - No temp ClassLoader provided; using live ClassLoader for loading potentially unsafe class : domain.Departament
21:23:01.382 [Test worker] DEBUG org.hibernate.cfg.annotations.PropertyBinder - MetadataSourceProcessor property id with lazy=false
21:23:01.382 [Test worker] DEBUG org.hibernate.cfg.AbstractPropertyHolder - Attempting to locate auto-apply AttributeConverter for property [domain.Departament:id]
21:23:01.382 [Test worker] DEBUG org.hibernate.cfg.annotations.SimpleValueBinder - building SimpleValue for id
21:23:01.382 [Test worker] DEBUG org.hibernate.cfg.annotations.PropertyBinder - Building property id
21:23:01.382 [Test worker] DEBUG org.hibernate.cfg.BinderHelper - #makeIdGenerator(org.hibernate.mapping.SimpleValue([org.hibernate.mapping.Column(id)]), id, identity, , ...)
21:23:01.382 [Test worker] DEBUG org.hibernate.cfg.Ejb3Column - Binding column: Ejb3Column{table=org.hibernate.mapping.Table(departamente), mappingColumn=id_director, insertable=true, updatable=true, unique=false}
21:23:01.382 [Test worker] DEBUG org.hibernate.cfg.annotations.PropertyBinder - MetadataSourceProcessor property idDirector with lazy=false
21:23:01.382 [Test worker] DEBUG org.hibernate.cfg.AbstractPropertyHolder - Attempting to locate auto-apply AttributeConverter for property [domain.Departament:idDirector]
21:23:01.382 [Test worker] DEBUG org.hibernate.cfg.annotations.SimpleValueBinder - building SimpleValue for idDirector
21:23:01.382 [Test worker] DEBUG org.hibernate.cfg.annotations.PropertyBinder - Building property idDirector
21:23:01.382 [Test worker] DEBUG org.hibernate.cfg.AnnotationBinder - Binding entity from annotated class: domain.Functie
21:23:01.382 [Test worker] DEBUG org.hibernate.cfg.Ejb3Column - Binding column: Ejb3DiscriminatorColumn{logicalColumnName'DTYPE', discriminatorTypeName='string'}
21:23:01.382 [Test worker] DEBUG org.hibernate.cfg.annotations.EntityBinder - Import with entity name Functie
21:23:01.382 [Test worker] DEBUG org.hibernate.cfg.annotations.EntityBinder - Bind entity domain.Functie on table functii
21:23:01.382 [Test worker] DEBUG org.hibernate.cfg.Ejb3Column - Binding column: Ejb3Column{table=org.hibernate.mapping.Table(functii), mappingColumn=id, insertable=true, updatable=true, unique=false}
21:23:01.382 [Test worker] DEBUG org.hibernate.boot.internal.ClassLoaderAccessImpl - Not known whether passed class name [domain.Functie] is safe
21:23:01.382 [Test worker] DEBUG org.hibernate.boot.internal.ClassLoaderAccessImpl - No temp ClassLoader provided; using live ClassLoader for loading potentially unsafe class : domain.Functie
21:23:01.382 [Test worker] DEBUG org.hibernate.cfg.annotations.PropertyBinder - MetadataSourceProcessor property id with lazy=false
21:23:01.382 [Test worker] DEBUG org.hibernate.cfg.AbstractPropertyHolder - Attempting to locate auto-apply AttributeConverter for property [domain.Functie:id]
21:23:01.382 [Test worker] DEBUG org.hibernate.cfg.annotations.SimpleValueBinder - building SimpleValue for id
21:23:01.382 [Test worker] DEBUG org.hibernate.cfg.annotations.PropertyBinder - Building property id
21:23:01.382 [Test worker] DEBUG org.hibernate.cfg.BinderHelper - #makeIdGenerator(org.hibernate.mapping.SimpleValue([org.hibernate.mapping.Column(id)]), id, identity, , ...)
21:23:01.382 [Test worker] DEBUG org.hibernate.cfg.Ejb3Column - Binding column: Ejb3Column{table=org.hibernate.mapping.Table(functii), mappingColumn=salar_de_baza, insertable=true, updatable=true, unique=false}
21:23:01.382 [Test worker] DEBUG org.hibernate.cfg.annotations.PropertyBinder - MetadataSourceProcessor property salarDeBaza with lazy=false
21:23:01.382 [Test worker] DEBUG org.hibernate.cfg.AbstractPropertyHolder - Attempting to locate auto-apply AttributeConverter for property [domain.Functie:salarDeBaza]
21:23:01.382 [Test worker] DEBUG org.hibernate.cfg.annotations.SimpleValueBinder - building SimpleValue for salarDeBaza
21:23:01.382 [Test worker] DEBUG org.hibernate.cfg.annotations.PropertyBinder - Building property salarDeBaza
21:23:01.382 [Test worker] DEBUG org.hibernate.cfg.AnnotationBinder - Binding entity from annotated class: domain.Proiect
21:23:01.382 [Test worker] DEBUG org.hibernate.cfg.Ejb3Column - Binding column: Ejb3DiscriminatorColumn{logicalColumnName'DTYPE', discriminatorTypeName='string'}
21:23:01.397 [Test worker] DEBUG org.hibernate.cfg.annotations.EntityBinder - Import with entity name Proiect
21:23:01.397 [Test worker] DEBUG org.hibernate.cfg.annotations.EntityBinder - Bind entity domain.Proiect on table proiecte
21:23:01.397 [Test worker] DEBUG org.hibernate.cfg.Ejb3Column - Binding column: Ejb3Column{table=org.hibernate.mapping.Table(proiecte), mappingColumn=id, insertable=true, updatable=true, unique=false}
21:23:01.397 [Test worker] DEBUG org.hibernate.boot.internal.ClassLoaderAccessImpl - Not known whether passed class name [domain.Proiect] is safe
21:23:01.397 [Test worker] DEBUG org.hibernate.boot.internal.ClassLoaderAccessImpl - No temp ClassLoader provided; using live ClassLoader for loading potentially unsafe class : domain.Proiect
21:23:01.397 [Test worker] DEBUG org.hibernate.cfg.annotations.PropertyBinder - MetadataSourceProcessor property id with lazy=false
21:23:01.397 [Test worker] DEBUG org.hibernate.cfg.AbstractPropertyHolder - Attempting to locate auto-apply AttributeConverter for property [domain.Proiect:id]
21:23:01.397 [Test worker] DEBUG org.hibernate.cfg.annotations.SimpleValueBinder - building SimpleValue for id
21:23:01.397 [Test worker] DEBUG org.hibernate.cfg.annotations.PropertyBinder - Building property id
21:23:01.397 [Test worker] DEBUG org.hibernate.cfg.BinderHelper - #makeIdGenerator(org.hibernate.mapping.SimpleValue([org.hibernate.mapping.Column(id)]), id, identity, , ...)
21:23:01.397 [Test worker] DEBUG org.hibernate.cfg.Ejb3Column - Binding column: Ejb3Column{table=org.hibernate.mapping.Table(proiecte), mappingColumn=data_inceput, insertable=true, updatable=true, unique=false}
21:23:01.397 [Test worker] DEBUG org.hibernate.cfg.annotations.PropertyBinder - MetadataSourceProcessor property dataInceput with lazy=false
21:23:01.397 [Test worker] DEBUG org.hibernate.cfg.AbstractPropertyHolder - Attempting to locate auto-apply AttributeConverter for property [domain.Proiect:dataInceput]
21:23:01.397 [Test worker] DEBUG org.hibernate.cfg.annotations.SimpleValueBinder - building SimpleValue for dataInceput
21:23:01.397 [Test worker] DEBUG org.hibernate.cfg.annotations.PropertyBinder - Building property dataInceput
21:23:01.397 [Test worker] DEBUG org.hibernate.cfg.Ejb3Column - Binding column: Ejb3Column{table=org.hibernate.mapping.Table(proiecte), mappingColumn=deadline, insertable=true, updatable=true, unique=false}
21:23:01.397 [Test worker] DEBUG org.hibernate.cfg.annotations.PropertyBinder - MetadataSourceProcessor property deadline with lazy=false
21:23:01.397 [Test worker] DEBUG org.hibernate.cfg.AbstractPropertyHolder - Attempting to locate auto-apply AttributeConverter for property [domain.Proiect:deadline]
21:23:01.397 [Test worker] DEBUG org.hibernate.cfg.annotations.SimpleValueBinder - building SimpleValue for deadline
21:23:01.397 [Test worker] DEBUG org.hibernate.cfg.annotations.PropertyBinder - Building property deadline
21:23:01.397 [Test worker] DEBUG org.hibernate.cfg.annotations.SimpleValueBinder - Starting fillSimpleValue for id
21:23:01.397 [Test worker] DEBUG org.hibernate.cfg.annotations.SimpleValueBinder - Starting fillSimpleValue for dataAngajare
21:23:01.397 [Test worker] DEBUG org.hibernate.cfg.annotations.SimpleValueBinder - Starting fillSimpleValue for idSuperior
21:23:01.397 [Test worker] DEBUG org.hibernate.cfg.annotations.SimpleValueBinder - Starting fillSimpleValue for id
21:23:01.397 [Test worker] DEBUG org.hibernate.cfg.annotations.SimpleValueBinder - Starting fillSimpleValue for dataInceput
21:23:01.397 [Test worker] DEBUG org.hibernate.cfg.annotations.SimpleValueBinder - Starting fillSimpleValue for dataSfarsit
21:23:01.397 [Test worker] DEBUG org.hibernate.cfg.annotations.SimpleValueBinder - Starting fillSimpleValue for id
21:23:01.397 [Test worker] DEBUG org.hibernate.cfg.annotations.SimpleValueBinder - Starting fillSimpleValue for idDirector
21:23:01.397 [Test worker] DEBUG org.hibernate.cfg.annotations.SimpleValueBinder - Starting fillSimpleValue for id
21:23:01.397 [Test worker] DEBUG org.hibernate.cfg.annotations.SimpleValueBinder - Starting fillSimpleValue for salarDeBaza
21:23:01.397 [Test worker] DEBUG org.hibernate.cfg.annotations.SimpleValueBinder - Starting fillSimpleValue for id
21:23:01.397 [Test worker] DEBUG org.hibernate.cfg.annotations.SimpleValueBinder - Starting fillSimpleValue for dataInceput
21:23:01.397 [Test worker] DEBUG org.hibernate.cfg.annotations.SimpleValueBinder - Starting fillSimpleValue for deadline
21:23:01.397 [Test worker] DEBUG org.hibernate.mapping.PrimaryKey - Forcing column [id] to be non-null as it is part of the primary key for table [angajati]
21:23:01.397 [Test worker] DEBUG org.hibernate.mapping.PrimaryKey - Forcing column [id] to be non-null as it is part of the primary key for table [concedii]
21:23:01.397 [Test worker] DEBUG org.hibernate.mapping.PrimaryKey - Forcing column [id] to be non-null as it is part of the primary key for table [departamente]
21:23:01.397 [Test worker] DEBUG org.hibernate.mapping.PrimaryKey - Forcing column [id] to be non-null as it is part of the primary key for table [functii]
21:23:01.397 [Test worker] DEBUG org.hibernate.mapping.PrimaryKey - Forcing column [id] to be non-null as it is part of the primary key for table [proiecte]
21:23:01.397 [Test worker] DEBUG org.hibernate.cfg.CollectionSecondPass - Second pass for collection: domain.Angajat.proiecte
21:23:01.397 [Test worker] DEBUG org.hibernate.cfg.annotations.CollectionBinder - Binding as ManyToMany: domain.Angajat.proiecte
21:23:01.397 [Test worker] DEBUG org.hibernate.mapping.PrimaryKey - Forcing column [id_angajat] to be non-null as it is part of the primary key for table [angajati_proiecte]
21:23:01.397 [Test worker] DEBUG org.hibernate.mapping.PrimaryKey - Forcing column [id_proiect] to be non-null as it is part of the primary key for table [angajati_proiecte]
21:23:01.397 [Test worker] DEBUG org.hibernate.cfg.CollectionSecondPass - Mapped collection key: id_angajat, element: id_proiect
21:23:01.397 [Test worker] DEBUG org.hibernate.cfg.CollectionSecondPass - Second pass for collection: domain.Angajat.departamente
21:23:01.397 [Test worker] DEBUG org.hibernate.cfg.annotations.CollectionBinder - Binding as ManyToMany: domain.Angajat.departamente
21:23:01.397 [Test worker] DEBUG org.hibernate.mapping.PrimaryKey - Forcing column [id_angajat] to be non-null as it is part of the primary key for table [angajati_departamente]
21:23:01.397 [Test worker] DEBUG org.hibernate.mapping.PrimaryKey - Forcing column [id_departament] to be non-null as it is part of the primary key for table [angajati_departamente]
21:23:01.397 [Test worker] DEBUG org.hibernate.cfg.CollectionSecondPass - Mapped collection key: id_angajat, element: id_departament
21:23:01.397 [Test worker] DEBUG org.hibernate.cfg.CollectionSecondPass - Second pass for collection: domain.Angajat.concedii
21:23:01.397 [Test worker] DEBUG org.hibernate.cfg.annotations.CollectionBinder - Binding a OneToMany: domain.Angajat.concedii through a foreign key
21:23:01.397 [Test worker] DEBUG org.hibernate.cfg.annotations.CollectionBinder - Mapping collection: domain.Angajat.concedii -> concedii
21:23:01.397 [Test worker] DEBUG org.hibernate.cfg.annotations.TableBinder - Retrieving property domain.Concediu.angajat
21:23:01.397 [Test worker] DEBUG org.hibernate.cfg.CollectionSecondPass - Mapped collection key: id_angajat, one-to-many: domain.Concediu
21:23:01.397 [Test worker] DEBUG org.hibernate.boot.internal.InFlightMetadataCollectorImpl - Resolving reference to class: domain.Functie
21:23:01.397 [Test worker] DEBUG org.hibernate.boot.internal.InFlightMetadataCollectorImpl - Resolving reference to class: domain.Departament
21:23:01.397 [Test worker] DEBUG org.hibernate.boot.internal.InFlightMetadataCollectorImpl - Resolving reference to class: domain.Angajat
21:23:01.397 [Test worker] DEBUG org.hibernate.boot.internal.InFlightMetadataCollectorImpl - Resolving reference to class: domain.Proiect
21:23:01.397 [Test worker] DEBUG org.hibernate.boot.internal.InFlightMetadataCollectorImpl - Resolving reference to class: domain.Angajat
21:23:01.397 [Test worker] DEBUG org.hibernate.boot.internal.InFlightMetadataCollectorImpl - Resolving reference to class: domain.Angajat
21:23:01.397 [Test worker] DEBUG org.hibernate.boot.internal.InFlightMetadataCollectorImpl - Resolving reference to class: domain.Functie
21:23:01.397 [Test worker] DEBUG org.hibernate.boot.internal.InFlightMetadataCollectorImpl - Resolving reference to class: domain.Departament
21:23:01.397 [Test worker] DEBUG org.hibernate.boot.internal.InFlightMetadataCollectorImpl - Resolving reference to class: domain.Angajat
21:23:01.397 [Test worker] DEBUG org.hibernate.boot.internal.InFlightMetadataCollectorImpl - Resolving reference to class: domain.Proiect
21:23:01.397 [Test worker] DEBUG org.hibernate.boot.internal.InFlightMetadataCollectorImpl - Resolving reference to class: domain.Angajat
21:23:01.397 [Test worker] DEBUG org.hibernate.boot.internal.InFlightMetadataCollectorImpl - Resolving reference to class: domain.Angajat
21:23:01.397 [Test worker] DEBUG org.hibernate.internal.SessionFactoryImpl - Building session factory
21:23:01.397 [Test worker] DEBUG org.hibernate.cfg.Settings - SessionFactory name : null
21:23:01.397 [Test worker] DEBUG org.hibernate.cfg.Settings - Automatic flush during beforeCompletion(): enabled
21:23:01.397 [Test worker] DEBUG org.hibernate.cfg.Settings - Automatic session close at end of transaction: disabled
21:23:01.397 [Test worker] DEBUG org.hibernate.cfg.Settings - Statistics: disabled
21:23:01.397 [Test worker] DEBUG org.hibernate.cfg.Settings - Deleted entity synthetic identifier rollback: disabled
21:23:01.397 [Test worker] DEBUG org.hibernate.cfg.Settings - Default entity-mode: pojo
21:23:01.397 [Test worker] DEBUG org.hibernate.cfg.Settings - Check Nullability in Core (should be disabled when Bean Validation is on): enabled
21:23:01.397 [Test worker] DEBUG org.hibernate.cfg.Settings - Allow initialization of lazy state outside session : enabled
21:23:01.397 [Test worker] DEBUG org.hibernate.cfg.Settings - Using BatchFetchStyle : LEGACY
21:23:01.397 [Test worker] DEBUG org.hibernate.cfg.Settings - Default batch fetch size: -1
21:23:01.397 [Test worker] DEBUG org.hibernate.cfg.Settings - Maximum outer join fetch depth: null
21:23:01.397 [Test worker] DEBUG org.hibernate.cfg.Settings - Default null ordering: NONE
21:23:01.397 [Test worker] DEBUG org.hibernate.cfg.Settings - Order SQL updates by primary key: disabled
21:23:01.397 [Test worker] DEBUG org.hibernate.cfg.Settings - Order SQL inserts for batching: disabled
21:23:01.397 [Test worker] DEBUG org.hibernate.cfg.Settings - multi-tenancy strategy : NONE
21:23:01.397 [Test worker] DEBUG org.hibernate.cfg.Settings - JTA Track by Thread: enabled
21:23:01.397 [Test worker] DEBUG org.hibernate.cfg.Settings - Query language substitutions: {}
21:23:01.397 [Test worker] DEBUG org.hibernate.cfg.Settings - Named query checking : enabled
21:23:01.397 [Test worker] DEBUG org.hibernate.cfg.Settings - Second-level cache: disabled
21:23:01.397 [Test worker] DEBUG org.hibernate.cfg.Settings - Second-level query cache: disabled
21:23:01.397 [Test worker] DEBUG org.hibernate.cfg.Settings - Second-level query cache factory: null
21:23:01.397 [Test worker] DEBUG org.hibernate.cfg.Settings - Second-level cache region prefix: null
21:23:01.397 [Test worker] DEBUG org.hibernate.cfg.Settings - Optimize second-level cache for minimal puts: disabled
21:23:01.397 [Test worker] DEBUG org.hibernate.cfg.Settings - Structured second-level cache entries: disabled
21:23:01.397 [Test worker] DEBUG org.hibernate.cfg.Settings - Second-level cache direct-reference entries: disabled
21:23:01.397 [Test worker] DEBUG org.hibernate.cfg.Settings - Automatic eviction of collection cache: disabled
21:23:01.397 [Test worker] DEBUG org.hibernate.cfg.Settings - JDBC batch size: 0
21:23:01.397 [Test worker] DEBUG org.hibernate.cfg.Settings - JDBC batch updates for versioned data: enabled
21:23:01.397 [Test worker] DEBUG org.hibernate.cfg.Settings - Scrollable result sets: disabled
21:23:01.397 [Test worker] DEBUG org.hibernate.cfg.Settings - Wrap result sets: disabled
21:23:01.397 [Test worker] DEBUG org.hibernate.cfg.Settings - JDBC3 getGeneratedKeys(): enabled
21:23:01.397 [Test worker] DEBUG org.hibernate.cfg.Settings - JDBC result set fetch size: null
21:23:01.397 [Test worker] DEBUG org.hibernate.cfg.Settings - Connection release mode: AFTER_TRANSACTION
21:23:01.397 [Test worker] DEBUG org.hibernate.cfg.Settings - Generate SQL with comments: disabled
21:23:01.397 [Test worker] DEBUG org.hibernate.cfg.Settings - JPA compliance - query : disabled
21:23:01.397 [Test worker] DEBUG org.hibernate.cfg.Settings - JPA compliance - closed-handling : disabled
21:23:01.397 [Test worker] DEBUG org.hibernate.cfg.Settings - JPA compliance - lists : disabled
21:23:01.397 [Test worker] DEBUG org.hibernate.cfg.Settings - JPA compliance - transactions : disabled
21:23:01.397 [Test worker] DEBUG org.hibernate.internal.SessionFactoryImpl - Session factory constructed with filter configurations : {}
21:23:01.397 [Test worker] DEBUG org.hibernate.internal.SessionFactoryImpl - Instantiating session factory with properties: {sun.desktop=windows, awt.toolkit=sun.awt.windows.WToolkit, dialect=utils.SQLiteDialect, java.specification.version=11, sun.cpu.isalist=amd64, sun.jnu.encoding=Cp1250, hibernate.dialect=utils.SQLiteDialect, org.gradle.test.worker=3, java.class.path=C:\\Users\\Dan\\.gradle\\caches\\6.8\\workerMain\\gradle-worker.jar;D:\\Facultate\\Projects\\OrganizareCompanie\\build\\classes\\java\\test;D:\\Facultate\\Projects\\OrganizareCompanie\\build\\resources\\test;D:\\Facultate\\Projects\\OrganizareCompanie\\build\\classes\\java\\main;D:\\Facultate\\Projects\\OrganizareCompanie\\build\\resources\\main;C:\\Users\\Dan\\.gradle\\caches\\modules-2\\files-2.1\\org.springframework.boot\\spring-boot-starter-web\\2.4.3\\4f5554ea183af87e52d8c31bb82aada0d74c40b0\\spring-boot-starter-web-2.4.3.jar;C:\\Users\\Dan\\.gradle\\caches\\modules-2\\files-2.1\\org.xerial\\sqlite-jdbc\\3.34.0\\fd29bb0124e3f79c80b2753162a6a3873c240bcf\\sqlite-jdbc-3.34.0.jar;C:\\Users\\Dan\\.gradle\\caches\\modules-2\\files-2.1\\org.hibernate\\hibernate-java8\\5.1.0.Final\\2bb534acab4f8485a821f0e4d6a2c8df617ee86a\\hibernate-java8-5.1.0.Final.jar;C:\\Users\\Dan\\.gradle\\caches\\modules-2\\files-2.1\\org.hibernate\\hibernate-core\\5.4.29.Final\\74b7c9ad3cb57ae4fd0187480a76f137a7fc3f38\\hibernate-core-5.4.29.Final.jar;C:\\Users\\Dan\\.gradle\\caches\\modules-2\\files-2.1\\org.junit.platform\\junit-platform-engine\\1.7.0\\eadb73c5074a4ac71061defd00fc176152a4d12c\\junit-platform-engine-1.7.0.jar;C:\\Users\\Dan\\.gradle\\caches\\modules-2\\files-2.1\\org.junit.platform\\junit-platform-commons\\1.7.0\\84e309fbf21d857aac079a3c1fffd84284e1114d\\junit-platform-commons-1.7.0.jar;C:\\Users\\Dan\\.gradle\\caches\\modules-2\\files-2.1\\org.junit.jupiter\\junit-jupiter-engine\\5.7.0\\d9044d6b45e2232ddd53fa56c15333e43d1749fd\\junit-jupiter-engine-5.7.0.jar;C:\\Users\\Dan\\.gradle\\caches\\modules-2\\files-2.1\\org.junit.jupiter\\junit-jupiter-api\\5.7.0\\b25f3815c4c1860a73041e733a14a0379d00c4d5\\junit-jupiter-api-5.7.0.jar;C:\\Users\\Dan\\.gradle\\caches\\modules-2\\files-2.1\\org.springframework.boot\\spring-boot-starter-json\\2.4.3\\7b26abb0a0379a00b58a2a50e010b29cf4f16b80\\spring-boot-starter-json-2.4.3.jar;C:\\Users\\Dan\\.gradle\\caches\\modules-2\\files-2.1\\org.springframework.boot\\spring-boot-starter\\2.4.3\\fd8bc0fb5f5aaefb4d6c8b77eb61563aab840c11\\spring-boot-starter-2.4.3.jar;C:\\Users\\Dan\\.gradle\\caches\\modules-2\\files-2.1\\org.springframework.boot\\spring-boot-starter-tomcat\\2.4.3\\4ba28aae05a259625e7e92f8e7338c5e1d22de35\\spring-boot-starter-tomcat-2.4.3.jar;C:\\Users\\Dan\\.gradle\\caches\\modules-2\\files-2.1\\org.springframework\\spring-webmvc\\5.3.4\\8dd52fbe8eafcc7c80998087ec6635baf7a98c20\\spring-webmvc-5.3.4.jar;C:\\Users\\Dan\\.gradle\\caches\\modules-2\\files-2.1\\org.springframework\\spring-web\\5.3.4\\d93829e24a50ed22e781f2302680a210cac5ee84\\spring-web-5.3.4.jar;C:\\Users\\Dan\\.gradle\\caches\\modules-2\\files-2.1\\org.hibernate.common\\hibernate-commons-annotations\\5.1.2.Final\\e59ffdbc6ad09eeb33507b39ffcf287679a498c8\\hibernate-commons-annotations-5.1.2.Final.jar;C:\\Users\\Dan\\.gradle\\caches\\modules-2\\files-2.1\\org.jboss.logging\\jboss-logging\\3.4.1.Final\\40fd4d696c55793e996d1ff3c475833f836c2498\\jboss-logging-3.4.1.Final.jar;C:\\Users\\Dan\\.gradle\\caches\\modules-2\\files-2.1\\javax.persistence\\javax.persistence-api\\2.2\\25665ac8c0b62f50e6488173233239120fc52c96\\javax.persistence-api-2.2.jar;C:\\Users\\Dan\\.gradle\\caches\\modules-2\\files-2.1\\org.javassist\\javassist\\3.27.0-GA\\f63e6aa899e15eca8fdaa402a79af4c417252213\\javassist-3.27.0-GA.jar;C:\\Users\\Dan\\.gradle\\caches\\modules-2\\files-2.1\\net.bytebuddy\\byte-buddy\\1.10.21\\5abe8e141cac9d50a721a22d9c188b3bf19ad0aa\\byte-buddy-1.10.21.jar;C:\\Users\\Dan\\.gradle\\caches\\modules-2\\files-2.1\\antlr\\antlr\\2.7.7\\83cd2cd674a217ade95a4bb83a8a14f351f48bd0\\antlr-2.7.7.jar;C:\\Users\\Dan\\.gradle\\caches\\modules-2\\files-2.1\\org.jboss.spec.javax.transaction\\jboss-transaction-api_1.2_spec\\1.1.1.Final\\a8485cab9484dda36e9a8c319e76b5cc18797b58\\jboss-transaction-api_1.2_spec-1.1.1.Final.jar;C:\\Users\\Dan\\.gradle\\caches\\modules-2\\files-2.1\\org.jboss\\jandex\\2.2.3.Final\\d3865101f0666b63586683bd811d754517f331ab\\jandex-2.2.3.Final.jar;C:\\Users\\Dan\\.gradle\\caches\\modules-2\\files-2.1\\com.fasterxml\\classmate\\1.5.1\\3fe0bed568c62df5e89f4f174c101eab25345b6c\\classmate-1.5.1.jar;C:\\Users\\Dan\\.gradle\\caches\\modules-2\\files-2.1\\org.glassfish.jaxb\\jaxb-runtime\\2.3.1\\dd6dda9da676a54c5b36ca2806ff95ee017d8738\\jaxb-runtime-2.3.1.jar;C:\\Users\\Dan\\.gradle\\caches\\modules-2\\files-2.1\\javax.xml.bind\\jaxb-api\\2.3.1\\8531ad5ac454cc2deb9d4d32c40c4d7451939b5d\\jaxb-api-2.3.1.jar;C:\\Users\\Dan\\.gradle\\caches\\modules-2\\files-2.1\\javax.activation\\javax.activation-api\\1.2.0\\85262acf3ca9816f9537ca47d5adeabaead7cb16\\javax.activation-api-1.2.0.jar;C:\\Users\\Dan\\.gradle\\caches\\modules-2\\files-2.1\\org.dom4j\\dom4j\\2.1.3\\a75914155a9f5808963170ec20653668a2ffd2fd\\dom4j-2.1.3.jar;C:\\Users\\Dan\\.gradle\\caches\\modules-2\\files-2.1\\org.apiguardian\\apiguardian-api\\1.1.0\\fc9dff4bb36d627bdc553de77e1f17efd790876c\\apiguardian-api-1.1.0.jar;C:\\Users\\Dan\\.gradle\\caches\\modules-2\\files-2.1\\org.opentest4j\\opentest4j\\1.2.0\\28c11eb91f9b6d8e200631d46e20a7f407f2a046\\opentest4j-1.2.0.jar;C:\\Users\\Dan\\.gradle\\caches\\modules-2\\files-2.1\\org.springframework.boot\\spring-boot-autoconfigure\\2.4.3\\2f8e1e682e55f70c8ea557982c7adb1256f41bcf\\spring-boot-autoconfigure-2.4.3.jar;C:\\Users\\Dan\\.gradle\\caches\\modules-2\\files-2.1\\org.springframework.boot\\spring-boot\\2.4.3\\de2bd17a8eb9bc3dfa629aa06f2e9fe3bf603c85\\spring-boot-2.4.3.jar;C:\\Users\\Dan\\.gradle\\caches\\modules-2\\files-2.1\\org.springframework.boot\\spring-boot-starter-logging\\2.4.3\\64687abc2255d18cd6592cbb20fa3bee3379cec8\\spring-boot-starter-logging-2.4.3.jar;C:\\Users\\Dan\\.gradle\\caches\\modules-2\\files-2.1\\jakarta.annotation\\jakarta.annotation-api\\1.3.5\\59eb84ee0d616332ff44aba065f3888cf002cd2d\\jakarta.annotation-api-1.3.5.jar;C:\\Users\\Dan\\.gradle\\caches\\modules-2\\files-2.1\\org.springframework\\spring-context\\5.3.4\\fbeadeb0e4d272599a938ec345e99e5f9a76e919\\spring-context-5.3.4.jar;C:\\Users\\Dan\\.gradle\\caches\\modules-2\\files-2.1\\org.springframework\\spring-aop\\5.3.4\\b7180a6427ab524bc1cbd31bf38dd2182632515f\\spring-aop-5.3.4.jar;C:\\Users\\Dan\\.gradle\\caches\\modules-2\\files-2.1\\org.springframework\\spring-beans\\5.3.4\\ac6c5ea0ba82f555405f74104cf378f8071c6d25\\spring-beans-5.3.4.jar;C:\\Users\\Dan\\.gradle\\caches\\modules-2\\files-2.1\\org.springframework\\spring-expression\\5.3.4\\42b71fa955e43a86471509aef14cefe756fc3794\\spring-expression-5.3.4.jar;C:\\Users\\Dan\\.gradle\\caches\\modules-2\\files-2.1\\org.springframework\\spring-core\\5.3.4\\46c1f8abd9e02a292c42a257350f365cec152b5d\\spring-core-5.3.4.jar;C:\\Users\\Dan\\.gradle\\caches\\modules-2\\files-2.1\\org.yaml\\snakeyaml\\1.27\\359d62567480b07a679dc643f82fc926b100eed5\\snakeyaml-1.27.jar;C:\\Users\\Dan\\.gradle\\caches\\modules-2\\files-2.1\\com.fasterxml.jackson.datatype\\jackson-datatype-jdk8\\2.11.4\\e1540dea3c6c681ea4e335a960f730861ee3bedb\\jackson-datatype-jdk8-2.11.4.jar;C:\\Users\\Dan\\.gradle\\caches\\modules-2\\files-2.1\\com.fasterxml.jackson.datatype\\jackson-datatype-jsr310\\2.11.4\\ce6fc76bba06623720e5a9308386b6ae74753f4d\\jackson-datatype-jsr310-2.11.4.jar;C:\\Users\\Dan\\.gradle\\caches\\modules-2\\files-2.1\\com.fasterxml.jackson.module\\jackson-module-parameter-names\\2.11.4\\432e050d79f2282a66c320375d628f1b0842cb12\\jackson-module-parameter-names-2.11.4.jar;C:\\Users\\Dan\\.gradle\\caches\\modules-2\\files-2.1\\com.fasterxml.jackson.core\\jackson-databind\\2.11.4\\5d9f3d441f99d721b957e3497f0a6465c764fad4\\jackson-databind-2.11.4.jar;C:\\Users\\Dan\\.gradle\\caches\\modules-2\\files-2.1\\org.apache.tomcat.embed\\tomcat-embed-websocket\\9.0.43\\78232648dde1a5fd5093f0a3999e593d208e2eab\\tomcat-embed-websocket-9.0.43.jar;C:\\Users\\Dan\\.gradle\\caches\\modules-2\\files-2.1\\org.apache.tomcat.embed\\tomcat-embed-core\\9.0.43\\1d102277426bdd5b12f048731a91665bb69347d1\\tomcat-embed-core-9.0.43.jar;C:\\Users\\Dan\\.gradle\\caches\\modules-2\\files-2.1\\org.glassfish\\jakarta.el\\3.0.3\\dab46ee1ee23f7197c13d7c40fce14817c9017df\\jakarta.el-3.0.3.jar;C:\\Users\\Dan\\.gradle\\caches\\modules-2\\files-2.1\\org.glassfish.jaxb\\txw2\\2.3.1\\a09d2c48d3285f206fafbffe0e50619284e92126\\txw2-2.3.1.jar;C:\\Users\\Dan\\.gradle\\caches\\modules-2\\files-2.1\\com.sun.istack\\istack-commons-runtime\\3.0.7\\c197c86ceec7318b1284bffb49b54226ca774003\\istack-commons-runtime-3.0.7.jar;C:\\Users\\Dan\\.gradle\\caches\\modules-2\\files-2.1\\org.jvnet.staxex\\stax-ex\\1.8\\8cc35f73da321c29973191f2cf143d29d26a1df7\\stax-ex-1.8.jar;C:\\Users\\Dan\\.gradle\\caches\\modules-2\\files-2.1\\com.sun.xml.fastinfoset\\FastInfoset\\1.2.15\\bb7b7ec0379982b97c62cd17465cb6d9155f68e8\\FastInfoset-1.2.15.jar;C:\\Users\\Dan\\.gradle\\caches\\modules-2\\files-2.1\\ch.qos.logback\\logback-classic\\1.2.3\\7c4f3c474fb2c041d8028740440937705ebb473a\\logback-classic-1.2.3.jar;C:\\Users\\Dan\\.gradle\\caches\\modules-2\\files-2.1\\org.apache.logging.log4j\\log4j-to-slf4j\\2.13.3\\966f6fd1af4959d6b12bfa880121d4a2b164f857\\log4j-to-slf4j-2.13.3.jar;C:\\Users\\Dan\\.gradle\\caches\\modules-2\\files-2.1\\org.slf4j\\jul-to-slf4j\\1.7.30\\d58bebff8cbf70ff52b59208586095f467656c30\\jul-to-slf4j-1.7.30.jar;C:\\Users\\Dan\\.gradle\\caches\\modules-2\\files-2.1\\org.springframework\\spring-jcl\\5.3.4\\ca012eb4e9e57f767aa9d5e51fe9a09b28140808\\spring-jcl-5.3.4.jar;C:\\Users\\Dan\\.gradle\\caches\\modules-2\\files-2.1\\com.fasterxml.jackson.core\\jackson-annotations\\2.11.4\\2c3f5c079330f3a01726686a078979420f547ae4\\jackson-annotations-2.11.4.jar;C:\\Users\\Dan\\.gradle\\caches\\modules-2\\files-2.1\\com.fasterxml.jackson.core\\jackson-core\\2.11.4\\593f7b18bab07a76767f181e2a2336135ce82cc4\\jackson-core-2.11.4.jar;C:\\Users\\Dan\\.gradle\\caches\\modules-2\\files-2.1\\ch.qos.logback\\logback-core\\1.2.3\\864344400c3d4d92dfeb0a305dc87d953677c03c\\logback-core-1.2.3.jar;C:\\Users\\Dan\\.gradle\\caches\\modules-2\\files-2.1\\org.slf4j\\slf4j-api\\1.7.30\\b5a4b6d16ab13e34a88fae84c35cd5d68cac922c\\slf4j-api-1.7.30.jar;C:\\Users\\Dan\\.gradle\\caches\\modules-2\\files-2.1\\org.apache.logging.log4j\\log4j-api\\2.13.3\\ec1508160b93d274b1add34419b897bae84c6ca9\\log4j-api-2.13.3.jar, java.vm.vendor=Oracle Corporation, sun.arch.data.model=64, user.variant=, java.vendor.url=http://java.oracle.com/, user.timezone=Europe/Athens, os.name=Windows 10, java.vm.specification.version=11, user.country=US, sun.java.launcher=SUN_STANDARD, sun.boot.library.path=C:\Program Files\Java\jdk-11.0.6\bin, sun.java.command=worker.org.gradle.process.internal.worker.GradleWorkerMain 'Gradle Test Executor 3', jdk.debug=release, sun.cpu.endian=little, user.home=C:\Users\Dan, user.language=en, java.specification.vendor=Oracle Corporation, org.gradle.native=false, java.version.date=2020-01-14, java.home=C:\Program Files\Java\jdk-11.0.6, file.separator=\, java.vm.compressedOopsMode=32-bit, line.separator=
, java.specification.name=Java Platform API Specification, java.vm.specification.vendor=Oracle Corporation, java.awt.graphicsenv=sun.awt.Win32GraphicsEnvironment, hibernate.hbm2ddl.auto=update, user.script=, sun.management.compiler=HotSpot 64-Bit Tiered Compilers, java.runtime.version=11.0.6+8-LTS, user.name=Dan, path.separator=;, hibernate.connection.username=****, os.version=10.0, hibernate.enable_lazy_load_no_trans=true, java.runtime.name=Java(TM) SE Runtime Environment, hibernate.connection.url=jdbc:sqlite:D:\Facultate\Projects\OrganizareCompanie\database, file.encoding=windows-1250, java.vm.name=Java HotSpot(TM) 64-Bit Server VM, hibernate.show_sql=true, java.vendor.version=18.9, hibernate.current_session_context_class=thread, hibernate.connection.driver_class=org.sqlite.JDBC, java.vendor.url.bug=http://bugreport.java.com/bugreport/, java.io.tmpdir=C:\Users\Dan\AppData\Local\Temp\, java.version=11.0.6, user.dir=D:\Facultate\Projects\OrganizareCompanie, os.arch=amd64, java.vm.specification.name=Java Virtual Machine Specification, java.awt.printerjob=sun.awt.windows.WPrinterJob, hibernate.connection.password=****, sun.os.patch.level=, connection.driver_class=org.sqlite.JDBC, hibernate.boot.CfgXmlAccessService.key=org.hibernate.boot.cfgxml.spi.LoadedConfig@69fa9272, java.library.path=C:\Program Files\Java\jdk-11.0.6\bin;C:\WINDOWS\Sun\Java\bin;C:\WINDOWS\system32;C:\WINDOWS;;C:\Python38\Scripts\;C:\Python38\;D:\Facultate\Scripts\;D:\Facultate\;C:\Users\Dan\Desktop\Facultate 2018-2019\Semestrul I\Fundamentele programarii\Python\Scripts\;C:\Users\Dan\Desktop\Facultate 2018-2019\Semestrul I\Fundamentele programarii\Python\;C:\Users\Dan\Desktop\Facultate 2018-2019\Semestrul I\Fundamentele programarii\Scripts\;C:\Users\Dan\Desktop\Facultate 2018-2019\Semestrul I\Fundamentele programarii\;C:\WINDOWS\system32;C:\WINDOWS;C:\WINDOWS\System32\Wbem;C:\WINDOWS\System32\WindowsPowerShell\v1.0\;C:\WINDOWS\System32\OpenSSH\;D:\Facultate\PuTTY\;C:\Program Files\dotnet\;C:\Program Files\Microsoft SQL Server\Client SDK\ODBC\170\Tools\Binn\;C:\Users\Dan\Proto\bin;D:\Facultate\NodeJS\;C:\ProgramData\chocolatey\bin;C:\Program Files\Git\cmd;C:\Program Files\Java\jdk-10.0.2\bin;C:\Program Files (x86)\GnuWin32\bin;C:\MinGW\bin;C:\Program Files\Java\jdk-11.0.6\bin;C:\WINDOWS\system32;C:\WINDOWS;C:\WINDOWS\System32\Wbem;C:\WINDOWS\System32\WindowsPowerShell\v1.0\;C:\WINDOWS\System32\OpenSSH\;C:\Program Files\Intel\WiFi\bin\;C:\Program Files\Common Files\Intel\WirelessCommon\;D:\Facultate\Python\Scripts\;D:\Facultate\Python\;C:\Users\Dan\AppData\Local\Microsoft\WindowsApps;C:\Users\Dan\AppData\Local\GitHubDesktop\bin;C:\Users\Dan\AppData\Roaming\npm;D:\Facultate\Microsoft VS Code\bin;C:\Users\Dan\AppData\Local\Microsoft\WindowsApps;C:\Users\Dan\Documents\driver;;., java.vendor=Oracle Corporation, java.vm.info=mixed mode, java.vm.version=11.0.6+8-LTS, hibernate.bytecode.use_reflection_optimizer=false, sun.io.unicode.encoding=UnicodeLittle, hibernate.connection.pool_size=1, connection.url=jdbc:sqlite:D:\Facultate\Projects\OrganizareCompanie\database, java.class.version=55.0}
21:23:01.397 [Test worker] DEBUG org.hibernate.secure.spi.JaccIntegrator - Skipping JACC integration as it was not enabled
21:23:01.397 [Test worker] DEBUG org.hibernate.internal.SessionFactoryImpl - Instantiated session factory
21:23:01.397 [Test worker] DEBUG org.hibernate.type.spi.TypeConfiguration$Scope - Scoping TypeConfiguration [org.hibernate.type.spi.TypeConfiguration@31fee7bc] to SessionFactoryImpl [org.hibernate.internal.SessionFactoryImpl@29d6644b]
21:23:01.397 [Test worker] DEBUG org.hibernate.boot.internal.ClassLoaderAccessImpl - Not known whether passed class name [domain.Functie] is safe
21:23:01.397 [Test worker] DEBUG org.hibernate.boot.internal.ClassLoaderAccessImpl - No temp ClassLoader provided; using live ClassLoader for loading potentially unsafe class : domain.Functie
21:23:01.397 [Test worker] DEBUG org.hibernate.boot.internal.ClassLoaderAccessImpl - Not known whether passed class name [domain.Departament] is safe
21:23:01.397 [Test worker] DEBUG org.hibernate.boot.internal.ClassLoaderAccessImpl - No temp ClassLoader provided; using live ClassLoader for loading potentially unsafe class : domain.Departament
21:23:01.397 [Test worker] DEBUG org.hibernate.boot.internal.ClassLoaderAccessImpl - Not known whether passed class name [domain.Angajat] is safe
21:23:01.397 [Test worker] DEBUG org.hibernate.boot.internal.ClassLoaderAccessImpl - No temp ClassLoader provided; using live ClassLoader for loading potentially unsafe class : domain.Angajat
21:23:01.413 [Test worker] DEBUG org.hibernate.boot.internal.ClassLoaderAccessImpl - Not known whether passed class name [domain.Proiect] is safe
21:23:01.413 [Test worker] DEBUG org.hibernate.boot.internal.ClassLoaderAccessImpl - No temp ClassLoader provided; using live ClassLoader for loading potentially unsafe class : domain.Proiect
21:23:01.413 [Test worker] DEBUG org.hibernate.boot.internal.ClassLoaderAccessImpl - Not known whether passed class name [domain.Concediu] is safe
21:23:01.413 [Test worker] DEBUG org.hibernate.boot.internal.ClassLoaderAccessImpl - No temp ClassLoader provided; using live ClassLoader for loading potentially unsafe class : domain.Concediu
21:23:01.413 [Test worker] DEBUG org.hibernate.persister.collection.AbstractCollectionPersister - Static SQL for collection: domain.Angajat.proiecte
21:23:01.413 [Test worker] DEBUG org.hibernate.persister.collection.AbstractCollectionPersister -  Row insert: insert into angajati_proiecte (id_angajat, id_proiect) values (?, ?)
21:23:01.413 [Test worker] DEBUG org.hibernate.persister.collection.AbstractCollectionPersister -  Row update: update angajati_proiecte set id_proiect=? where id_angajat=? and id_proiect=?
21:23:01.413 [Test worker] DEBUG org.hibernate.persister.collection.AbstractCollectionPersister -  Row delete: delete from angajati_proiecte where id_angajat=? and id_proiect=?
21:23:01.413 [Test worker] DEBUG org.hibernate.persister.collection.AbstractCollectionPersister -  One-shot delete: delete from angajati_proiecte where id_angajat=?
21:23:01.413 [Test worker] DEBUG org.hibernate.persister.collection.AbstractCollectionPersister - Static SQL for collection: domain.Angajat.concedii
21:23:01.413 [Test worker] DEBUG org.hibernate.persister.collection.AbstractCollectionPersister -  Row insert: update concedii set id_angajat=? where id=?
21:23:01.413 [Test worker] DEBUG org.hibernate.persister.collection.AbstractCollectionPersister -  Row update: update concedii set  where id=?
21:23:01.413 [Test worker] DEBUG org.hibernate.persister.collection.AbstractCollectionPersister -  Row delete: update concedii set id_angajat=null where id_angajat=? and id=?
21:23:01.413 [Test worker] DEBUG org.hibernate.persister.collection.AbstractCollectionPersister -  One-shot delete: update concedii set id_angajat=null where id_angajat=?
21:23:01.413 [Test worker] DEBUG org.hibernate.persister.collection.AbstractCollectionPersister - Static SQL for collection: domain.Angajat.departamente
21:23:01.413 [Test worker] DEBUG org.hibernate.persister.collection.AbstractCollectionPersister -  Row insert: insert into angajati_departamente (id_angajat, id_departament) values (?, ?)
21:23:01.413 [Test worker] DEBUG org.hibernate.persister.collection.AbstractCollectionPersister -  Row update: update angajati_departamente set id_departament=? where id_angajat=? and id_departament=?
21:23:01.413 [Test worker] DEBUG org.hibernate.persister.collection.AbstractCollectionPersister -  Row delete: delete from angajati_departamente where id_angajat=? and id_departament=?
21:23:01.413 [Test worker] DEBUG org.hibernate.persister.collection.AbstractCollectionPersister -  One-shot delete: delete from angajati_departamente where id_angajat=?
21:23:01.413 [Test worker] DEBUG org.hibernate.persister.entity.AbstractEntityPersister - Static SQL for entity: domain.Functie
21:23:01.413 [Test worker] DEBUG org.hibernate.persister.entity.AbstractEntityPersister -  Version select: select id from functii where id =?
21:23:01.413 [Test worker] DEBUG org.hibernate.persister.entity.AbstractEntityPersister -  Snapshot select: select functie_.id, functie_.salar_de_baza as salar_de2_5_ from functii functie_ where functie_.id=?
21:23:01.413 [Test worker] DEBUG org.hibernate.persister.entity.AbstractEntityPersister -  Insert 0: insert into functii (salar_de_baza, id) values (?, ?)
21:23:01.413 [Test worker] DEBUG org.hibernate.persister.entity.AbstractEntityPersister -  Update 0: update functii set salar_de_baza=? where id=?
21:23:01.413 [Test worker] DEBUG org.hibernate.persister.entity.AbstractEntityPersister -  Delete 0: delete from functii where id=?
21:23:01.413 [Test worker] DEBUG org.hibernate.persister.entity.AbstractEntityPersister -  Identity insert: insert into functii (salar_de_baza) values (?)
21:23:01.413 [Test worker] DEBUG org.hibernate.loader.plan.build.internal.spaces.QuerySpacesImpl - Adding QuerySpace : uid = <gen:0> -> org.hibernate.loader.plan.build.internal.spaces.EntityQuerySpaceImpl@154697a6]
21:23:01.413 [Test worker] DEBUG org.hibernate.persister.walking.spi.MetamodelGraphWalker - Visiting attribute path : salarDeBaza
21:23:01.413 [Test worker] DEBUG org.hibernate.loader.plan.build.internal.FetchStyleLoadPlanBuildingAssociationVisitationStrategy - Building LoadPlan...
21:23:01.413 [Test worker] DEBUG org.hibernate.loader.plan.exec.internal.LoadQueryJoinAndFetchProcessor - processing queryspace <gen:0>
21:23:01.413 [Test worker] DEBUG org.hibernate.loader.plan.build.spi.LoadPlanTreePrinter - LoadPlan(entity=domain.Functie)
    - Returns
       - EntityReturnImpl(entity=domain.Functie, querySpaceUid=<gen:0>, path=domain.Functie)
    - QuerySpaces
       - EntityQuerySpaceImpl(uid=<gen:0>, entity=domain.Functie)
          - SQL table alias mapping - functie0_
          - alias suffix - 0_
          - suffixed key columns - {id1_5_0_}

21:23:01.413 [Test worker] DEBUG org.hibernate.loader.entity.plan.EntityLoader - Static select for entity domain.Functie [NONE]: select functie0_.id as id1_5_0_, functie0_.salar_de_baza as salar_de2_5_0_ from functii functie0_ where functie0_.id=?
21:23:01.413 [Test worker] DEBUG org.hibernate.persister.entity.AbstractEntityPersister - Static SQL for entity: domain.Departament
21:23:01.413 [Test worker] DEBUG org.hibernate.persister.entity.AbstractEntityPersister -  Version select: select id from departamente where id =?
21:23:01.413 [Test worker] DEBUG org.hibernate.persister.entity.AbstractEntityPersister -  Snapshot select: select departamen_.id, departamen_.id_director as id_direc2_4_ from departamente departamen_ where departamen_.id=?
21:23:01.413 [Test worker] DEBUG org.hibernate.persister.entity.AbstractEntityPersister -  Insert 0: insert into departamente (id_director, id) values (?, ?)
21:23:01.413 [Test worker] DEBUG org.hibernate.persister.entity.AbstractEntityPersister -  Update 0: update departamente set id_director=? where id=?
21:23:01.413 [Test worker] DEBUG org.hibernate.persister.entity.AbstractEntityPersister -  Delete 0: delete from departamente where id=?
21:23:01.413 [Test worker] DEBUG org.hibernate.persister.entity.AbstractEntityPersister -  Identity insert: insert into departamente (id_director) values (?)
21:23:01.413 [Test worker] DEBUG org.hibernate.loader.plan.build.internal.spaces.QuerySpacesImpl - Adding QuerySpace : uid = <gen:0> -> org.hibernate.loader.plan.build.internal.spaces.EntityQuerySpaceImpl@702b71b8]
21:23:01.413 [Test worker] DEBUG org.hibernate.persister.walking.spi.MetamodelGraphWalker - Visiting attribute path : idDirector
21:23:01.413 [Test worker] DEBUG org.hibernate.loader.plan.build.internal.FetchStyleLoadPlanBuildingAssociationVisitationStrategy - Building LoadPlan...
21:23:01.413 [Test worker] DEBUG org.hibernate.loader.plan.exec.internal.LoadQueryJoinAndFetchProcessor - processing queryspace <gen:0>
21:23:01.413 [Test worker] DEBUG org.hibernate.loader.plan.build.spi.LoadPlanTreePrinter - LoadPlan(entity=domain.Departament)
    - Returns
       - EntityReturnImpl(entity=domain.Departament, querySpaceUid=<gen:0>, path=domain.Departament)
    - QuerySpaces
       - EntityQuerySpaceImpl(uid=<gen:0>, entity=domain.Departament)
          - SQL table alias mapping - departamen0_
          - alias suffix - 0_
          - suffixed key columns - {id1_4_0_}

21:23:01.413 [Test worker] DEBUG org.hibernate.loader.entity.plan.EntityLoader - Static select for entity domain.Departament [NONE]: select departamen0_.id as id1_4_0_, departamen0_.id_director as id_direc2_4_0_ from departamente departamen0_ where departamen0_.id=?
21:23:01.413 [Test worker] DEBUG org.hibernate.persister.entity.AbstractEntityPersister - Static SQL for entity: domain.Angajat
21:23:01.413 [Test worker] DEBUG org.hibernate.persister.entity.AbstractEntityPersister -  Version select: select id from angajati where id =?
21:23:01.413 [Test worker] DEBUG org.hibernate.persister.entity.AbstractEntityPersister -  Snapshot select: select angajat_.id, angajat_.data_angajare as data_ang2_0_, angajat_.functie_id as functie_4_0_, angajat_.id_superior as id_super3_0_ from angajati angajat_ where angajat_.id=?
21:23:01.413 [Test worker] DEBUG org.hibernate.persister.entity.AbstractEntityPersister -  Insert 0: insert into angajati (data_angajare, functie_id, id_superior, id) values (?, ?, ?, ?)
21:23:01.413 [Test worker] DEBUG org.hibernate.persister.entity.AbstractEntityPersister -  Update 0: update angajati set data_angajare=?, functie_id=?, id_superior=? where id=?
21:23:01.413 [Test worker] DEBUG org.hibernate.persister.entity.AbstractEntityPersister -  Delete 0: delete from angajati where id=?
21:23:01.413 [Test worker] DEBUG org.hibernate.persister.entity.AbstractEntityPersister -  Identity insert: insert into angajati (data_angajare, functie_id, id_superior) values (?, ?, ?)
21:23:01.413 [Test worker] DEBUG org.hibernate.loader.plan.build.internal.spaces.QuerySpacesImpl - Adding QuerySpace : uid = <gen:0> -> org.hibernate.loader.plan.build.internal.spaces.EntityQuerySpaceImpl@57c1336a]
21:23:01.413 [Test worker] DEBUG org.hibernate.persister.walking.spi.MetamodelGraphWalker - Visiting attribute path : concedii
21:23:01.413 [Test worker] DEBUG org.hibernate.loader.plan.build.internal.spaces.QuerySpacesImpl - Adding QuerySpace : uid = <gen:1> -> org.hibernate.loader.plan.build.internal.spaces.CollectionQuerySpaceImpl@675e0574]
21:23:01.413 [Test worker] DEBUG org.hibernate.loader.plan.build.internal.spaces.QuerySpacesImpl - Adding QuerySpace : uid = <gen:2> -> org.hibernate.loader.plan.build.internal.spaces.EntityQuerySpaceImpl@4ae5be06]
21:23:01.413 [Test worker] DEBUG org.hibernate.persister.walking.spi.MetamodelGraphWalker - Visiting attribute path : dataAngajare
21:23:01.413 [Test worker] DEBUG org.hibernate.persister.walking.spi.MetamodelGraphWalker - Visiting attribute path : departamente
21:23:01.413 [Test worker] DEBUG org.hibernate.loader.plan.build.internal.spaces.QuerySpacesImpl - Adding QuerySpace : uid = <gen:3> -> org.hibernate.loader.plan.build.internal.spaces.CollectionQuerySpaceImpl@14619e53]
21:23:01.413 [Test worker] DEBUG org.hibernate.loader.plan.build.internal.spaces.QuerySpacesImpl - Adding QuerySpace : uid = <gen:4> -> org.hibernate.loader.plan.build.internal.spaces.EntityQuerySpaceImpl@4039b38b]
21:23:01.413 [Test worker] DEBUG org.hibernate.persister.walking.spi.MetamodelGraphWalker - Visiting attribute path : functie
21:23:01.413 [Test worker] DEBUG org.hibernate.loader.plan.build.internal.spaces.QuerySpacesImpl - Adding QuerySpace : uid = <gen:5> -> org.hibernate.loader.plan.build.internal.spaces.EntityQuerySpaceImpl@575b7b5d]
21:23:01.413 [Test worker] DEBUG org.hibernate.persister.walking.spi.MetamodelGraphWalker - Visiting attribute path : functie.salarDeBaza
21:23:01.413 [Test worker] DEBUG org.hibernate.persister.walking.spi.MetamodelGraphWalker - Visiting attribute path : idSuperior
21:23:01.413 [Test worker] DEBUG org.hibernate.persister.walking.spi.MetamodelGraphWalker - Visiting attribute path : proiecte
21:23:01.413 [Test worker] DEBUG org.hibernate.loader.plan.build.internal.spaces.QuerySpacesImpl - Adding QuerySpace : uid = <gen:6> -> org.hibernate.loader.plan.build.internal.spaces.CollectionQuerySpaceImpl@2822697e]
21:23:01.413 [Test worker] DEBUG org.hibernate.loader.plan.build.internal.spaces.QuerySpacesImpl - Adding QuerySpace : uid = <gen:7> -> org.hibernate.loader.plan.build.internal.spaces.EntityQuerySpaceImpl@258a221a]
21:23:01.413 [Test worker] DEBUG org.hibernate.loader.plan.build.internal.FetchStyleLoadPlanBuildingAssociationVisitationStrategy - Building LoadPlan...
21:23:01.413 [Test worker] DEBUG org.hibernate.loader.plan.exec.internal.LoadQueryJoinAndFetchProcessor - processing queryspace <gen:0>
21:23:01.413 [Test worker] DEBUG org.hibernate.loader.plan.build.spi.LoadPlanTreePrinter - LoadPlan(entity=domain.Angajat)
    - Returns
       - EntityReturnImpl(entity=domain.Angajat, querySpaceUid=<gen:0>, path=domain.Angajat)
          - CollectionAttributeFetchImpl(collection=domain.Angajat.concedii, querySpaceUid=<gen:1>, path=domain.Angajat.concedii)
             - (collection element) CollectionFetchableElementEntityGraph(entity=domain.Concediu, querySpaceUid=<gen:2>, path=domain.Angajat.concedii.<elements>)
          - CollectionAttributeFetchImpl(collection=domain.Angajat.departamente, querySpaceUid=<gen:3>, path=domain.Angajat.departamente)
             - (collection element) CollectionFetchableElementEntityGraph(entity=domain.Departament, querySpaceUid=<gen:4>, path=domain.Angajat.departamente.<elements>)
          - EntityAttributeFetchImpl(entity=domain.Functie, querySpaceUid=<gen:5>, path=domain.Angajat.functie)
          - CollectionAttributeFetchImpl(collection=domain.Angajat.proiecte, querySpaceUid=<gen:6>, path=domain.Angajat.proiecte)
             - (collection element) CollectionFetchableElementEntityGraph(entity=domain.Proiect, querySpaceUid=<gen:7>, path=domain.Angajat.proiecte.<elements>)
    - QuerySpaces
       - EntityQuerySpaceImpl(uid=<gen:0>, entity=domain.Angajat)
          - SQL table alias mapping - angajat0_
          - alias suffix - 0_
          - suffixed key columns - {id1_0_0_}
          - JOIN (JoinDefinedByMetadata(functie)) : <gen:0> -> <gen:5>
             - EntityQuerySpaceImpl(uid=<gen:5>, entity=domain.Functie)
                - SQL table alias mapping - functie1_
                - alias suffix - 1_
                - suffixed key columns - {id1_5_1_}

21:23:01.413 [Test worker] DEBUG org.hibernate.loader.entity.plan.EntityLoader - Static select for entity domain.Angajat [NONE]: select angajat0_.id as id1_0_0_, angajat0_.data_angajare as data_ang2_0_0_, angajat0_.functie_id as functie_4_0_0_, angajat0_.id_superior as id_super3_0_0_, functie1_.id as id1_5_1_, functie1_.salar_de_baza as salar_de2_5_1_ from angajati angajat0_ left outer join functii functie1_ on angajat0_.functie_id=functie1_.id where angajat0_.id=?
21:23:01.413 [Test worker] DEBUG org.hibernate.persister.entity.AbstractEntityPersister - Static SQL for entity: domain.Proiect
21:23:01.413 [Test worker] DEBUG org.hibernate.persister.entity.AbstractEntityPersister -  Version select: select id from proiecte where id =?
21:23:01.413 [Test worker] DEBUG org.hibernate.persister.entity.AbstractEntityPersister -  Snapshot select: select proiect_.id, proiect_.data_inceput as data_inc2_6_, proiect_.deadline as deadline3_6_ from proiecte proiect_ where proiect_.id=?
21:23:01.413 [Test worker] DEBUG org.hibernate.persister.entity.AbstractEntityPersister -  Insert 0: insert into proiecte (data_inceput, deadline, id) values (?, ?, ?)
21:23:01.413 [Test worker] DEBUG org.hibernate.persister.entity.AbstractEntityPersister -  Update 0: update proiecte set data_inceput=?, deadline=? where id=?
21:23:01.413 [Test worker] DEBUG org.hibernate.persister.entity.AbstractEntityPersister -  Delete 0: delete from proiecte where id=?
21:23:01.413 [Test worker] DEBUG org.hibernate.persister.entity.AbstractEntityPersister -  Identity insert: insert into proiecte (data_inceput, deadline) values (?, ?)
21:23:01.413 [Test worker] DEBUG org.hibernate.loader.plan.build.internal.spaces.QuerySpacesImpl - Adding QuerySpace : uid = <gen:0> -> org.hibernate.loader.plan.build.internal.spaces.EntityQuerySpaceImpl@29073465]
21:23:01.413 [Test worker] DEBUG org.hibernate.persister.walking.spi.MetamodelGraphWalker - Visiting attribute path : dataInceput
21:23:01.413 [Test worker] DEBUG org.hibernate.persister.walking.spi.MetamodelGraphWalker - Visiting attribute path : deadline
21:23:01.413 [Test worker] DEBUG org.hibernate.loader.plan.build.internal.FetchStyleLoadPlanBuildingAssociationVisitationStrategy - Building LoadPlan...
21:23:01.413 [Test worker] DEBUG org.hibernate.loader.plan.exec.internal.LoadQueryJoinAndFetchProcessor - processing queryspace <gen:0>
21:23:01.413 [Test worker] DEBUG org.hibernate.loader.plan.build.spi.LoadPlanTreePrinter - LoadPlan(entity=domain.Proiect)
    - Returns
       - EntityReturnImpl(entity=domain.Proiect, querySpaceUid=<gen:0>, path=domain.Proiect)
    - QuerySpaces
       - EntityQuerySpaceImpl(uid=<gen:0>, entity=domain.Proiect)
          - SQL table alias mapping - proiect0_
          - alias suffix - 0_
          - suffixed key columns - {id1_6_0_}

21:23:01.413 [Test worker] DEBUG org.hibernate.loader.entity.plan.EntityLoader - Static select for entity domain.Proiect [NONE]: select proiect0_.id as id1_6_0_, proiect0_.data_inceput as data_inc2_6_0_, proiect0_.deadline as deadline3_6_0_ from proiecte proiect0_ where proiect0_.id=?
21:23:01.413 [Test worker] DEBUG org.hibernate.persister.entity.AbstractEntityPersister - Static SQL for entity: domain.Concediu
21:23:01.413 [Test worker] DEBUG org.hibernate.persister.entity.AbstractEntityPersister -  Version select: select id from concedii where id =?
21:23:01.413 [Test worker] DEBUG org.hibernate.persister.entity.AbstractEntityPersister -  Snapshot select: select concediu_.id, concediu_.id_angajat as id_angaj4_3_, concediu_.data_inceput as data_inc2_3_, concediu_.data_sfarsit as data_sfa3_3_ from concedii concediu_ where concediu_.id=?
21:23:01.413 [Test worker] DEBUG org.hibernate.persister.entity.AbstractEntityPersister -  Insert 0: insert into concedii (id_angajat, data_inceput, data_sfarsit, id) values (?, ?, ?, ?)
21:23:01.413 [Test worker] DEBUG org.hibernate.persister.entity.AbstractEntityPersister -  Update 0: update concedii set id_angajat=?, data_inceput=?, data_sfarsit=? where id=?
21:23:01.413 [Test worker] DEBUG org.hibernate.persister.entity.AbstractEntityPersister -  Delete 0: delete from concedii where id=?
21:23:01.413 [Test worker] DEBUG org.hibernate.persister.entity.AbstractEntityPersister -  Identity insert: insert into concedii (id_angajat, data_inceput, data_sfarsit) values (?, ?, ?)
21:23:01.413 [Test worker] DEBUG org.hibernate.loader.plan.build.internal.spaces.QuerySpacesImpl - Adding QuerySpace : uid = <gen:0> -> org.hibernate.loader.plan.build.internal.spaces.EntityQuerySpaceImpl@6d52b956]
21:23:01.413 [Test worker] DEBUG org.hibernate.persister.walking.spi.MetamodelGraphWalker - Visiting attribute path : angajat
21:23:01.413 [Test worker] DEBUG org.hibernate.loader.plan.build.internal.spaces.QuerySpacesImpl - Adding QuerySpace : uid = <gen:1> -> org.hibernate.loader.plan.build.internal.spaces.EntityQuerySpaceImpl@908675a]
21:23:01.413 [Test worker] DEBUG org.hibernate.persister.walking.spi.MetamodelGraphWalker - Visiting attribute path : dataInceput
21:23:01.413 [Test worker] DEBUG org.hibernate.persister.walking.spi.MetamodelGraphWalker - Visiting attribute path : dataSfarsit
21:23:01.413 [Test worker] DEBUG org.hibernate.loader.plan.build.internal.FetchStyleLoadPlanBuildingAssociationVisitationStrategy - Building LoadPlan...
21:23:01.413 [Test worker] DEBUG org.hibernate.loader.plan.exec.internal.LoadQueryJoinAndFetchProcessor - processing queryspace <gen:0>
21:23:01.413 [Test worker] DEBUG org.hibernate.loader.plan.build.spi.LoadPlanTreePrinter - LoadPlan(entity=domain.Concediu)
    - Returns
       - EntityReturnImpl(entity=domain.Concediu, querySpaceUid=<gen:0>, path=domain.Concediu)
          - EntityAttributeFetchImpl(entity=domain.Angajat, querySpaceUid=<gen:1>, path=domain.Concediu.angajat)
    - QuerySpaces
       - EntityQuerySpaceImpl(uid=<gen:0>, entity=domain.Concediu)
          - SQL table alias mapping - concediu0_
          - alias suffix - 0_
          - suffixed key columns - {id1_3_0_}

21:23:01.413 [Test worker] DEBUG org.hibernate.loader.entity.plan.EntityLoader - Static select for entity domain.Concediu [NONE]: select concediu0_.id as id1_3_0_, concediu0_.id_angajat as id_angaj4_3_0_, concediu0_.data_inceput as data_inc2_3_0_, concediu0_.data_sfarsit as data_sfa3_3_0_ from concedii concediu0_ where concediu0_.id=?
21:23:01.413 [Test worker] DEBUG org.hibernate.loader.plan.build.internal.spaces.QuerySpacesImpl - Adding QuerySpace : uid = <gen:0> -> org.hibernate.loader.plan.build.internal.spaces.CollectionQuerySpaceImpl@5d47b6c1]
21:23:01.413 [Test worker] DEBUG org.hibernate.loader.plan.build.internal.spaces.QuerySpacesImpl - Adding QuerySpace : uid = <gen:1> -> org.hibernate.loader.plan.build.internal.spaces.EntityQuerySpaceImpl@25272c36]
21:23:01.413 [Test worker] DEBUG org.hibernate.persister.walking.spi.MetamodelGraphWalker - Visiting attribute path : dataInceput
21:23:01.413 [Test worker] DEBUG org.hibernate.persister.walking.spi.MetamodelGraphWalker - Visiting attribute path : deadline
21:23:01.413 [Test worker] DEBUG org.hibernate.loader.plan.build.internal.FetchStyleLoadPlanBuildingAssociationVisitationStrategy - Building LoadPlan...
21:23:01.413 [Test worker] DEBUG org.hibernate.loader.plan.exec.internal.LoadQueryJoinAndFetchProcessor - processing queryspace <gen:0>
21:23:01.413 [Test worker] DEBUG org.hibernate.loader.plan.build.spi.LoadPlanTreePrinter - LoadPlan(collection=domain.Angajat.proiecte)
    - Returns
       - CollectionReturnImpl(collection=domain.Angajat.proiecte, querySpaceUid=<gen:0>, path=[domain.Angajat.proiecte])
          - (collection element) CollectionFetchableElementEntityGraph(entity=domain.Proiect, querySpaceUid=<gen:1>, path=[domain.Angajat.proiecte].<elements>)
    - QuerySpaces
       - CollectionQuerySpaceImpl(uid=<gen:0>, collection=domain.Angajat.proiecte)
          - SQL table alias mapping - proiecte0_
          - alias suffix - 0_
          - suffixed key columns - {id_angaj1_2_0_}
          - entity-element alias suffix - 1_
          - 1_entity-element suffixed key columns - id1_6_1_
          - JOIN (JoinDefinedByMetadata(elements)) : <gen:0> -> <gen:1>
             - EntityQuerySpaceImpl(uid=<gen:1>, entity=domain.Proiect)
                - SQL table alias mapping - proiect1_
                - alias suffix - 1_
                - suffixed key columns - {id1_6_1_}

21:23:01.413 [Test worker] DEBUG org.hibernate.loader.collection.plan.CollectionLoader - Static select for collection domain.Angajat.proiecte: select proiecte0_.id_angajat as id_angaj1_2_0_, proiecte0_.id_proiect as id_proie2_2_0_, proiect1_.id as id1_6_1_, proiect1_.data_inceput as data_inc2_6_1_, proiect1_.deadline as deadline3_6_1_ from angajati_proiecte proiecte0_ inner join proiecte proiect1_ on proiecte0_.id_proiect=proiect1_.id where proiecte0_.id_angajat=?
21:23:01.413 [Test worker] DEBUG org.hibernate.loader.plan.build.internal.spaces.QuerySpacesImpl - Adding QuerySpace : uid = <gen:0> -> org.hibernate.loader.plan.build.internal.spaces.CollectionQuerySpaceImpl@706ddb27]
21:23:01.413 [Test worker] DEBUG org.hibernate.loader.plan.build.internal.spaces.QuerySpacesImpl - Adding QuerySpace : uid = <gen:1> -> org.hibernate.loader.plan.build.internal.spaces.EntityQuerySpaceImpl@6cb70f80]
21:23:01.413 [Test worker] DEBUG org.hibernate.persister.walking.spi.MetamodelGraphWalker - Visiting attribute path : angajat
21:23:01.413 [Test worker] DEBUG org.hibernate.persister.walking.spi.MetamodelGraphWalker - Property path deemed to be circular : angajat
21:23:01.413 [Test worker] DEBUG org.hibernate.persister.walking.spi.MetamodelGraphWalker - Visiting attribute path : dataInceput
21:23:01.413 [Test worker] DEBUG org.hibernate.persister.walking.spi.MetamodelGraphWalker - Visiting attribute path : dataSfarsit
21:23:01.413 [Test worker] DEBUG org.hibernate.loader.plan.build.internal.FetchStyleLoadPlanBuildingAssociationVisitationStrategy - Building LoadPlan...
21:23:01.413 [Test worker] DEBUG org.hibernate.loader.plan.exec.internal.LoadQueryJoinAndFetchProcessor - processing queryspace <gen:0>
21:23:01.413 [Test worker] DEBUG org.hibernate.loader.plan.build.spi.LoadPlanTreePrinter - LoadPlan(collection=domain.Angajat.concedii)
    - Returns
       - CollectionReturnImpl(collection=domain.Angajat.concedii, querySpaceUid=<gen:0>, path=[domain.Angajat.concedii])
          - (collection element) CollectionFetchableElementEntityGraph(entity=domain.Concediu, querySpaceUid=<gen:1>, path=[domain.Angajat.concedii].<elements>)
    - QuerySpaces
       - CollectionQuerySpaceImpl(uid=<gen:0>, collection=domain.Angajat.concedii)
          - SQL table alias mapping - concedii0_
          - alias suffix - 0_
          - suffixed key columns - {id_angaj4_3_0_}
          - entity-element alias suffix - 1_
          - 1_entity-element suffixed key columns - id1_3_1_
          - JOIN (JoinDefinedByMetadata(elements)) : <gen:0> -> <gen:1>
             - EntityQuerySpaceImpl(uid=<gen:1>, entity=domain.Concediu)
                - SQL table alias mapping - concedii0_
                - alias suffix - 1_
                - suffixed key columns - {id1_3_1_}

21:23:01.413 [Test worker] DEBUG org.hibernate.loader.collection.plan.CollectionLoader - Static select for collection domain.Angajat.concedii: select concedii0_.id_angajat as id_angaj4_3_0_, concedii0_.id as id1_3_0_, concedii0_.id as id1_3_1_, concedii0_.id_angajat as id_angaj4_3_1_, concedii0_.data_inceput as data_inc2_3_1_, concedii0_.data_sfarsit as data_sfa3_3_1_ from concedii concedii0_ where concedii0_.id_angajat=?
21:23:01.413 [Test worker] DEBUG org.hibernate.loader.plan.build.internal.spaces.QuerySpacesImpl - Adding QuerySpace : uid = <gen:0> -> org.hibernate.loader.plan.build.internal.spaces.CollectionQuerySpaceImpl@7c9e309e]
21:23:01.413 [Test worker] DEBUG org.hibernate.loader.plan.build.internal.spaces.QuerySpacesImpl - Adding QuerySpace : uid = <gen:1> -> org.hibernate.loader.plan.build.internal.spaces.EntityQuerySpaceImpl@2801fb82]
21:23:01.413 [Test worker] DEBUG org.hibernate.persister.walking.spi.MetamodelGraphWalker - Visiting attribute path : idDirector
21:23:01.413 [Test worker] DEBUG org.hibernate.loader.plan.build.internal.FetchStyleLoadPlanBuildingAssociationVisitationStrategy - Building LoadPlan...
21:23:01.413 [Test worker] DEBUG org.hibernate.loader.plan.exec.internal.LoadQueryJoinAndFetchProcessor - processing queryspace <gen:0>
21:23:01.413 [Test worker] DEBUG org.hibernate.loader.plan.build.spi.LoadPlanTreePrinter - LoadPlan(collection=domain.Angajat.departamente)
    - Returns
       - CollectionReturnImpl(collection=domain.Angajat.departamente, querySpaceUid=<gen:0>, path=[domain.Angajat.departamente])
          - (collection element) CollectionFetchableElementEntityGraph(entity=domain.Departament, querySpaceUid=<gen:1>, path=[domain.Angajat.departamente].<elements>)
    - QuerySpaces
       - CollectionQuerySpaceImpl(uid=<gen:0>, collection=domain.Angajat.departamente)
          - SQL table alias mapping - departamen0_
          - alias suffix - 0_
          - suffixed key columns - {id_angaj1_1_0_}
          - entity-element alias suffix - 1_
          - 1_entity-element suffixed key columns - id1_4_1_
          - JOIN (JoinDefinedByMetadata(elements)) : <gen:0> -> <gen:1>
             - EntityQuerySpaceImpl(uid=<gen:1>, entity=domain.Departament)
                - SQL table alias mapping - departamen1_
                - alias suffix - 1_
                - suffixed key columns - {id1_4_1_}

21:23:01.413 [Test worker] DEBUG org.hibernate.loader.collection.plan.CollectionLoader - Static select for collection domain.Angajat.departamente: select departamen0_.id_angajat as id_angaj1_1_0_, departamen0_.id_departament as id_depar2_1_0_, departamen1_.id as id1_4_1_, departamen1_.id_director as id_direc2_4_1_ from angajati_departamente departamen0_ inner join departamente departamen1_ on departamen0_.id_departament=departamen1_.id where departamen0_.id_angajat=?
21:23:01.429 [Test worker] INFO org.hibernate.orm.connections.access - HHH10001501: Connection obtained from JdbcConnectionAccess [org.hibernate.engine.jdbc.env.internal.JdbcEnvironmentInitiator$ConnectionProviderJdbcConnectionAccess@79a89481] for (non-JTA) DDL execution was not in auto-commit mode; the Connection 'local transaction' will be committed and the Connection will be set into auto-commit mode.
21:23:01.429 [Test worker] DEBUG org.hibernate.mapping.Table - No alter strings for table : angajati
21:23:01.429 [Test worker] DEBUG org.hibernate.mapping.Table - No alter strings for table : angajati_departamente
21:23:01.429 [Test worker] DEBUG org.hibernate.mapping.Table - No alter strings for table : angajati_proiecte
21:23:01.429 [Test worker] DEBUG org.hibernate.mapping.Table - No alter strings for table : concedii
21:23:01.429 [Test worker] DEBUG org.hibernate.mapping.Table - No alter strings for table : departamente
21:23:01.429 [Test worker] DEBUG org.hibernate.mapping.Table - No alter strings for table : functii
21:23:01.429 [Test worker] DEBUG org.hibernate.mapping.Table - No alter strings for table : proiecte
21:23:01.429 [Test worker] DEBUG org.hibernate.query.spi.NamedQueryRepository - Checking 0 named HQL queries
21:23:01.429 [Test worker] DEBUG org.hibernate.query.spi.NamedQueryRepository - Checking 0 named SQL queries
21:23:01.429 [Test worker] DEBUG org.hibernate.internal.SessionFactoryRegistry - Registering SessionFactory: 4a3cba1d-83df-4fbc-950a-a6b1bcff0b54 (<unnamed>)
21:23:01.429 [Test worker] DEBUG org.hibernate.internal.SessionFactoryRegistry - Not binding SessionFactory to JNDI, no JNDI name configured
21:23:01.429 [Test worker] DEBUG org.hibernate.integrator.internal.IntegratorServiceImpl - Adding Integrator [org.hibernate.cfg.beanvalidation.BeanValidationIntegrator].
21:23:01.429 [Test worker] DEBUG org.hibernate.integrator.internal.IntegratorServiceImpl - Adding Integrator [org.hibernate.secure.spi.JaccIntegrator].
21:23:01.429 [Test worker] DEBUG org.hibernate.integrator.internal.IntegratorServiceImpl - Adding Integrator [org.hibernate.cache.internal.CollectionCacheInvalidator].
21:23:01.429 [Test worker] DEBUG org.hibernate.boot.jaxb.internal.stax.LocalXmlResourceResolver - Interpreting public/system identifier : [-//Hibernate/Hibernate Configuration DTD 3.0//EN] - [http://hibernate.org/dtd/hibernate-configuration-3.0.dtd]
21:23:01.460 [Test worker] DEBUG org.hibernate.boot.cfgxml.internal.JaxbCfgProcessor - cfg.xml document did not define namespaces; wrapping in custom event reader to introduce namespace information
21:23:01.460 [Test worker] DEBUG org.hibernate.service.spi.ServiceBinding - Overriding existing service binding [org.hibernate.secure.spi.JaccService]
21:23:01.460 [Test worker] DEBUG org.hibernate.cache.internal.RegionFactoryInitiator - Cannot default RegionFactory based on registered strategies as `[]` RegionFactory strategies were registered
21:23:01.460 [Test worker] DEBUG org.hibernate.cache.internal.RegionFactoryInitiator - Cache region factory : org.hibernate.cache.internal.NoCachingRegionFactory
21:23:01.460 [Test worker] DEBUG org.hibernate.type.BasicTypeRegistry - Adding type registration boolean -> org.hibernate.type.BooleanType@121b529f
21:23:01.460 [Test worker] DEBUG org.hibernate.type.BasicTypeRegistry - Adding type registration boolean -> org.hibernate.type.BooleanType@121b529f
21:23:01.460 [Test worker] DEBUG org.hibernate.type.BasicTypeRegistry - Adding type registration java.lang.Boolean -> org.hibernate.type.BooleanType@121b529f
21:23:01.460 [Test worker] DEBUG org.hibernate.type.BasicTypeRegistry - Adding type registration numeric_boolean -> org.hibernate.type.NumericBooleanType@7dc81433
21:23:01.460 [Test worker] DEBUG org.hibernate.type.BasicTypeRegistry - Adding type registration true_false -> org.hibernate.type.TrueFalseType@60c371da
21:23:01.460 [Test worker] DEBUG org.hibernate.type.BasicTypeRegistry - Adding type registration yes_no -> org.hibernate.type.YesNoType@51ef89fc
21:23:01.460 [Test worker] DEBUG org.hibernate.type.BasicTypeRegistry - Adding type registration byte -> org.hibernate.type.ByteType@1502feca
21:23:01.460 [Test worker] DEBUG org.hibernate.type.BasicTypeRegistry - Adding type registration byte -> org.hibernate.type.ByteType@1502feca
21:23:01.460 [Test worker] DEBUG org.hibernate.type.BasicTypeRegistry - Adding type registration java.lang.Byte -> org.hibernate.type.ByteType@1502feca
21:23:01.460 [Test worker] DEBUG org.hibernate.type.BasicTypeRegistry - Adding type registration character -> org.hibernate.type.CharacterType@5aca38b4
21:23:01.460 [Test worker] DEBUG org.hibernate.type.BasicTypeRegistry - Adding type registration char -> org.hibernate.type.CharacterType@5aca38b4
21:23:01.460 [Test worker] DEBUG org.hibernate.type.BasicTypeRegistry - Adding type registration java.lang.Character -> org.hibernate.type.CharacterType@5aca38b4
21:23:01.460 [Test worker] DEBUG org.hibernate.type.BasicTypeRegistry - Adding type registration short -> org.hibernate.type.ShortType@212db0b9
21:23:01.460 [Test worker] DEBUG org.hibernate.type.BasicTypeRegistry - Adding type registration short -> org.hibernate.type.ShortType@212db0b9
21:23:01.460 [Test worker] DEBUG org.hibernate.type.BasicTypeRegistry - Adding type registration java.lang.Short -> org.hibernate.type.ShortType@212db0b9
21:23:01.460 [Test worker] DEBUG org.hibernate.type.BasicTypeRegistry - Adding type registration integer -> org.hibernate.type.IntegerType@14f541d2
21:23:01.460 [Test worker] DEBUG org.hibernate.type.BasicTypeRegistry - Adding type registration int -> org.hibernate.type.IntegerType@14f541d2
21:23:01.460 [Test worker] DEBUG org.hibernate.type.BasicTypeRegistry - Adding type registration java.lang.Integer -> org.hibernate.type.IntegerType@14f541d2
21:23:01.460 [Test worker] DEBUG org.hibernate.type.BasicTypeRegistry - Adding type registration long -> org.hibernate.type.LongType@357c5fef
21:23:01.460 [Test worker] DEBUG org.hibernate.type.BasicTypeRegistry - Adding type registration long -> org.hibernate.type.LongType@357c5fef
21:23:01.460 [Test worker] DEBUG org.hibernate.type.BasicTypeRegistry - Adding type registration java.lang.Long -> org.hibernate.type.LongType@357c5fef
21:23:01.460 [Test worker] DEBUG org.hibernate.type.BasicTypeRegistry - Adding type registration float -> org.hibernate.type.FloatType@68835e55
21:23:01.460 [Test worker] DEBUG org.hibernate.type.BasicTypeRegistry - Adding type registration float -> org.hibernate.type.FloatType@68835e55
21:23:01.460 [Test worker] DEBUG org.hibernate.type.BasicTypeRegistry - Adding type registration java.lang.Float -> org.hibernate.type.FloatType@68835e55
21:23:01.460 [Test worker] DEBUG org.hibernate.type.BasicTypeRegistry - Adding type registration double -> org.hibernate.type.DoubleType@1db8c4bf
21:23:01.460 [Test worker] DEBUG org.hibernate.type.BasicTypeRegistry - Adding type registration double -> org.hibernate.type.DoubleType@1db8c4bf
21:23:01.460 [Test worker] DEBUG org.hibernate.type.BasicTypeRegistry - Adding type registration java.lang.Double -> org.hibernate.type.DoubleType@1db8c4bf
21:23:01.460 [Test worker] DEBUG org.hibernate.type.BasicTypeRegistry - Adding type registration big_decimal -> org.hibernate.type.BigDecimalType@2bd9f5a7
21:23:01.460 [Test worker] DEBUG org.hibernate.type.BasicTypeRegistry - Adding type registration java.math.BigDecimal -> org.hibernate.type.BigDecimalType@2bd9f5a7
21:23:01.460 [Test worker] DEBUG org.hibernate.type.BasicTypeRegistry - Adding type registration big_integer -> org.hibernate.type.BigIntegerType@67766712
21:23:01.460 [Test worker] DEBUG org.hibernate.type.BasicTypeRegistry - Adding type registration java.math.BigInteger -> org.hibernate.type.BigIntegerType@67766712
21:23:01.460 [Test worker] DEBUG org.hibernate.type.BasicTypeRegistry - Adding type registration string -> org.hibernate.type.StringType@5abe721f
21:23:01.460 [Test worker] DEBUG org.hibernate.type.BasicTypeRegistry - Adding type registration java.lang.String -> org.hibernate.type.StringType@5abe721f
21:23:01.460 [Test worker] DEBUG org.hibernate.type.BasicTypeRegistry - Adding type registration nstring -> org.hibernate.type.StringNVarcharType@5ca83c4b
21:23:01.460 [Test worker] DEBUG org.hibernate.type.BasicTypeRegistry - Adding type registration ncharacter -> org.hibernate.type.CharacterNCharType@181579aa
21:23:01.460 [Test worker] DEBUG org.hibernate.type.BasicTypeRegistry - Adding type registration url -> org.hibernate.type.UrlType@2d95e7ff
21:23:01.460 [Test worker] DEBUG org.hibernate.type.BasicTypeRegistry - Adding type registration java.net.URL -> org.hibernate.type.UrlType@2d95e7ff
21:23:01.460 [Test worker] DEBUG org.hibernate.type.BasicTypeRegistry - Adding type registration Duration -> org.hibernate.type.DurationType@1f6d6ec5
21:23:01.460 [Test worker] DEBUG org.hibernate.type.BasicTypeRegistry - Adding type registration java.time.Duration -> org.hibernate.type.DurationType@1f6d6ec5
21:23:01.460 [Test worker] DEBUG org.hibernate.type.BasicTypeRegistry - Adding type registration Instant -> org.hibernate.type.InstantType@799b3880
21:23:01.460 [Test worker] DEBUG org.hibernate.type.BasicTypeRegistry - Adding type registration java.time.Instant -> org.hibernate.type.InstantType@799b3880
21:23:01.460 [Test worker] DEBUG org.hibernate.type.BasicTypeRegistry - Adding type registration LocalDateTime -> org.hibernate.type.LocalDateTimeType@3c9b7dcd
21:23:01.460 [Test worker] DEBUG org.hibernate.type.BasicTypeRegistry - Adding type registration java.time.LocalDateTime -> org.hibernate.type.LocalDateTimeType@3c9b7dcd
21:23:01.460 [Test worker] DEBUG org.hibernate.type.BasicTypeRegistry - Adding type registration LocalDate -> org.hibernate.type.LocalDateType@73b9d317
21:23:01.460 [Test worker] DEBUG org.hibernate.type.BasicTypeRegistry - Adding type registration java.time.LocalDate -> org.hibernate.type.LocalDateType@73b9d317
21:23:01.460 [Test worker] DEBUG org.hibernate.type.BasicTypeRegistry - Adding type registration LocalTime -> org.hibernate.type.LocalTimeType@3e938176
21:23:01.460 [Test worker] DEBUG org.hibernate.type.BasicTypeRegistry - Adding type registration java.time.LocalTime -> org.hibernate.type.LocalTimeType@3e938176
21:23:01.460 [Test worker] DEBUG org.hibernate.type.BasicTypeRegistry - Adding type registration OffsetDateTime -> org.hibernate.type.OffsetDateTimeType@1006f6a5
21:23:01.460 [Test worker] DEBUG org.hibernate.type.BasicTypeRegistry - Adding type registration java.time.OffsetDateTime -> org.hibernate.type.OffsetDateTimeType@1006f6a5
21:23:01.460 [Test worker] DEBUG org.hibernate.type.BasicTypeRegistry - Adding type registration OffsetTime -> org.hibernate.type.OffsetTimeType@5ebf30b8
21:23:01.460 [Test worker] DEBUG org.hibernate.type.BasicTypeRegistry - Adding type registration java.time.OffsetTime -> org.hibernate.type.OffsetTimeType@5ebf30b8
21:23:01.460 [Test worker] DEBUG org.hibernate.type.BasicTypeRegistry - Adding type registration ZonedDateTime -> org.hibernate.type.ZonedDateTimeType@5ecdce3a
21:23:01.460 [Test worker] DEBUG org.hibernate.type.BasicTypeRegistry - Adding type registration java.time.ZonedDateTime -> org.hibernate.type.ZonedDateTimeType@5ecdce3a
21:23:01.460 [Test worker] DEBUG org.hibernate.type.BasicTypeRegistry - Adding type registration date -> org.hibernate.type.DateType@34878a9c
21:23:01.460 [Test worker] DEBUG org.hibernate.type.BasicTypeRegistry - Adding type registration java.sql.Date -> org.hibernate.type.DateType@34878a9c
21:23:01.460 [Test worker] DEBUG org.hibernate.type.BasicTypeRegistry - Adding type registration time -> org.hibernate.type.TimeType@4be75fc9
21:23:01.460 [Test worker] DEBUG org.hibernate.type.BasicTypeRegistry - Adding type registration java.sql.Time -> org.hibernate.type.TimeType@4be75fc9
21:23:01.460 [Test worker] DEBUG org.hibernate.type.BasicTypeRegistry - Adding type registration timestamp -> org.hibernate.type.TimestampType@cd6dcfb
21:23:01.460 [Test worker] DEBUG org.hibernate.type.BasicTypeRegistry - Adding type registration java.sql.Timestamp -> org.hibernate.type.TimestampType@cd6dcfb
21:23:01.460 [Test worker] DEBUG org.hibernate.type.BasicTypeRegistry - Adding type registration java.util.Date -> org.hibernate.type.TimestampType@cd6dcfb
21:23:01.460 [Test worker] DEBUG org.hibernate.type.BasicTypeRegistry - Adding type registration dbtimestamp -> org.hibernate.type.DbTimestampType@6f70db50
21:23:01.460 [Test worker] DEBUG org.hibernate.type.BasicTypeRegistry - Adding type registration calendar -> org.hibernate.type.CalendarType@232580e4
21:23:01.460 [Test worker] DEBUG org.hibernate.type.BasicTypeRegistry - Adding type registration java.util.Calendar -> org.hibernate.type.CalendarType@232580e4
21:23:01.460 [Test worker] DEBUG org.hibernate.type.BasicTypeRegistry - Adding type registration java.util.GregorianCalendar -> org.hibernate.type.CalendarType@232580e4
21:23:01.460 [Test worker] DEBUG org.hibernate.type.BasicTypeRegistry - Adding type registration calendar_date -> org.hibernate.type.CalendarDateType@2d226c99
21:23:01.460 [Test worker] DEBUG org.hibernate.type.BasicTypeRegistry - Adding type registration calendar_time -> org.hibernate.type.CalendarTimeType@5f0ca092
21:23:01.460 [Test worker] DEBUG org.hibernate.type.BasicTypeRegistry - Adding type registration locale -> org.hibernate.type.LocaleType@2e7d6fc7
21:23:01.460 [Test worker] DEBUG org.hibernate.type.BasicTypeRegistry - Adding type registration java.util.Locale -> org.hibernate.type.LocaleType@2e7d6fc7
21:23:01.460 [Test worker] DEBUG org.hibernate.type.BasicTypeRegistry - Adding type registration currency -> org.hibernate.type.CurrencyType@298b5abb
21:23:01.460 [Test worker] DEBUG org.hibernate.type.BasicTypeRegistry - Adding type registration java.util.Currency -> org.hibernate.type.CurrencyType@298b5abb
21:23:01.460 [Test worker] DEBUG org.hibernate.type.BasicTypeRegistry - Adding type registration timezone -> org.hibernate.type.TimeZoneType@6a7223ce
21:23:01.460 [Test worker] DEBUG org.hibernate.type.BasicTypeRegistry - Adding type registration java.util.TimeZone -> org.hibernate.type.TimeZoneType@6a7223ce
21:23:01.460 [Test worker] DEBUG org.hibernate.type.BasicTypeRegistry - Adding type registration class -> org.hibernate.type.ClassType@17c86e61
21:23:01.460 [Test worker] DEBUG org.hibernate.type.BasicTypeRegistry - Adding type registration java.lang.Class -> org.hibernate.type.ClassType@17c86e61
21:23:01.460 [Test worker] DEBUG org.hibernate.type.BasicTypeRegistry - Adding type registration uuid-binary -> org.hibernate.type.UUIDBinaryType@165a29f7
21:23:01.460 [Test worker] DEBUG org.hibernate.type.BasicTypeRegistry - Adding type registration java.util.UUID -> org.hibernate.type.UUIDBinaryType@165a29f7
21:23:01.460 [Test worker] DEBUG org.hibernate.type.BasicTypeRegistry - Adding type registration uuid-char -> org.hibernate.type.UUIDCharType@57061eb5
21:23:01.460 [Test worker] DEBUG org.hibernate.type.BasicTypeRegistry - Adding type registration binary -> org.hibernate.type.BinaryType@377a3a57
21:23:01.460 [Test worker] DEBUG org.hibernate.type.BasicTypeRegistry - Adding type registration byte[] -> org.hibernate.type.BinaryType@377a3a57
21:23:01.460 [Test worker] DEBUG org.hibernate.type.BasicTypeRegistry - Adding type registration [B -> org.hibernate.type.BinaryType@377a3a57
21:23:01.460 [Test worker] DEBUG org.hibernate.type.BasicTypeRegistry - Adding type registration wrapper-binary -> org.hibernate.type.WrapperBinaryType@15236686
21:23:01.460 [Test worker] DEBUG org.hibernate.type.BasicTypeRegistry - Adding type registration Byte[] -> org.hibernate.type.WrapperBinaryType@15236686
21:23:01.460 [Test worker] DEBUG org.hibernate.type.BasicTypeRegistry - Adding type registration [Ljava.lang.Byte; -> org.hibernate.type.WrapperBinaryType@15236686
21:23:01.460 [Test worker] DEBUG org.hibernate.type.BasicTypeRegistry - Adding type registration row_version -> org.hibernate.type.RowVersionType@480544d3
21:23:01.460 [Test worker] DEBUG org.hibernate.type.BasicTypeRegistry - Adding type registration image -> org.hibernate.type.ImageType@a74733d
21:23:01.460 [Test worker] DEBUG org.hibernate.type.BasicTypeRegistry - Adding type registration characters -> org.hibernate.type.CharArrayType@10b707f8
21:23:01.460 [Test worker] DEBUG org.hibernate.type.BasicTypeRegistry - Adding type registration char[] -> org.hibernate.type.CharArrayType@10b707f8
21:23:01.460 [Test worker] DEBUG org.hibernate.type.BasicTypeRegistry - Adding type registration [C -> org.hibernate.type.CharArrayType@10b707f8
21:23:01.460 [Test worker] DEBUG org.hibernate.type.BasicTypeRegistry - Adding type registration wrapper-characters -> org.hibernate.type.CharacterArrayType@7586a107
21:23:01.460 [Test worker] DEBUG org.hibernate.type.BasicTypeRegistry - Adding type registration [Ljava.lang.Character; -> org.hibernate.type.CharacterArrayType@7586a107
21:23:01.460 [Test worker] DEBUG org.hibernate.type.BasicTypeRegistry - Adding type registration Character[] -> org.hibernate.type.CharacterArrayType@7586a107
21:23:01.460 [Test worker] DEBUG org.hibernate.type.BasicTypeRegistry - Adding type registration text -> org.hibernate.type.TextType@28e7117
21:23:01.460 [Test worker] DEBUG org.hibernate.type.BasicTypeRegistry - Adding type registration ntext -> org.hibernate.type.NTextType@4fe7c4b8
21:23:01.460 [Test worker] DEBUG org.hibernate.type.BasicTypeRegistry - Adding type registration blob -> org.hibernate.type.BlobType@69ff7971
21:23:01.460 [Test worker] DEBUG org.hibernate.type.BasicTypeRegistry - Adding type registration java.sql.Blob -> org.hibernate.type.BlobType@69ff7971
21:23:01.460 [Test worker] DEBUG org.hibernate.type.BasicTypeRegistry - Adding type registration materialized_blob -> org.hibernate.type.MaterializedBlobType@29a6bbfa
21:23:01.460 [Test worker] DEBUG org.hibernate.type.BasicTypeRegistry - Adding type registration clob -> org.hibernate.type.ClobType@6243fc09
21:23:01.460 [Test worker] DEBUG org.hibernate.type.BasicTypeRegistry - Adding type registration java.sql.Clob -> org.hibernate.type.ClobType@6243fc09
21:23:01.460 [Test worker] DEBUG org.hibernate.type.BasicTypeRegistry - Adding type registration nclob -> org.hibernate.type.NClobType@7a0e9fb4
21:23:01.460 [Test worker] DEBUG org.hibernate.type.BasicTypeRegistry - Adding type registration java.sql.NClob -> org.hibernate.type.NClobType@7a0e9fb4
21:23:01.460 [Test worker] DEBUG org.hibernate.type.BasicTypeRegistry - Adding type registration materialized_clob -> org.hibernate.type.MaterializedClobType@5568af29
21:23:01.460 [Test worker] DEBUG org.hibernate.type.BasicTypeRegistry - Adding type registration materialized_nclob -> org.hibernate.type.MaterializedNClobType@43589365
21:23:01.460 [Test worker] DEBUG org.hibernate.type.BasicTypeRegistry - Adding type registration serializable -> org.hibernate.type.SerializableType@49b714f8
21:23:01.460 [Test worker] DEBUG org.hibernate.type.BasicTypeRegistry - Adding type registration object -> org.hibernate.type.ObjectType@4b6f241f
21:23:01.460 [Test worker] DEBUG org.hibernate.type.BasicTypeRegistry - Adding type registration java.lang.Object -> org.hibernate.type.ObjectType@4b6f241f
21:23:01.460 [Test worker] DEBUG org.hibernate.type.BasicTypeRegistry - Adding type registration imm_date -> org.hibernate.type.AdaptedImmutableType@3d899a92
21:23:01.460 [Test worker] DEBUG org.hibernate.type.BasicTypeRegistry - Adding type registration imm_time -> org.hibernate.type.AdaptedImmutableType@45f5fc43
21:23:01.460 [Test worker] DEBUG org.hibernate.type.BasicTypeRegistry - Adding type registration imm_timestamp -> org.hibernate.type.AdaptedImmutableType@6a1bd8a2
21:23:01.460 [Test worker] DEBUG org.hibernate.type.BasicTypeRegistry - Adding type registration imm_dbtimestamp -> org.hibernate.type.AdaptedImmutableType@64f05431
21:23:01.460 [Test worker] DEBUG org.hibernate.type.BasicTypeRegistry - Adding type registration imm_calendar -> org.hibernate.type.AdaptedImmutableType@15dc1f37
21:23:01.460 [Test worker] DEBUG org.hibernate.type.BasicTypeRegistry - Adding type registration imm_calendar_date -> org.hibernate.type.AdaptedImmutableType@7f21fe2b
21:23:01.460 [Test worker] DEBUG org.hibernate.type.BasicTypeRegistry - Adding type registration imm_binary -> org.hibernate.type.AdaptedImmutableType@4bcbe7a5
21:23:01.460 [Test worker] DEBUG org.hibernate.type.BasicTypeRegistry - Adding type registration imm_serializable -> org.hibernate.type.AdaptedImmutableType@2dfc6331
21:23:01.475 [Test worker] DEBUG org.hibernate.id.factory.internal.DefaultIdentifierGeneratorFactory - Registering IdentifierGenerator strategy [uuid2] -> [org.hibernate.id.UUIDGenerator]
21:23:01.475 [Test worker] DEBUG org.hibernate.id.factory.internal.DefaultIdentifierGeneratorFactory - Registering IdentifierGenerator strategy [guid] -> [org.hibernate.id.GUIDGenerator]
21:23:01.475 [Test worker] DEBUG org.hibernate.id.factory.internal.DefaultIdentifierGeneratorFactory - Registering IdentifierGenerator strategy [uuid] -> [org.hibernate.id.UUIDHexGenerator]
21:23:01.475 [Test worker] DEBUG org.hibernate.id.factory.internal.DefaultIdentifierGeneratorFactory - Registering IdentifierGenerator strategy [uuid.hex] -> [org.hibernate.id.UUIDHexGenerator]
21:23:01.475 [Test worker] DEBUG org.hibernate.id.factory.internal.DefaultIdentifierGeneratorFactory - Registering IdentifierGenerator strategy [assigned] -> [org.hibernate.id.Assigned]
21:23:01.475 [Test worker] DEBUG org.hibernate.id.factory.internal.DefaultIdentifierGeneratorFactory - Registering IdentifierGenerator strategy [identity] -> [org.hibernate.id.IdentityGenerator]
21:23:01.475 [Test worker] DEBUG org.hibernate.id.factory.internal.DefaultIdentifierGeneratorFactory - Registering IdentifierGenerator strategy [select] -> [org.hibernate.id.SelectGenerator]
21:23:01.475 [Test worker] DEBUG org.hibernate.id.factory.internal.DefaultIdentifierGeneratorFactory - Registering IdentifierGenerator strategy [sequence] -> [org.hibernate.id.enhanced.SequenceStyleGenerator]
21:23:01.475 [Test worker] DEBUG org.hibernate.id.factory.internal.DefaultIdentifierGeneratorFactory - Registering IdentifierGenerator strategy [seqhilo] -> [org.hibernate.id.SequenceHiLoGenerator]
21:23:01.475 [Test worker] DEBUG org.hibernate.id.factory.internal.DefaultIdentifierGeneratorFactory - Registering IdentifierGenerator strategy [increment] -> [org.hibernate.id.IncrementGenerator]
21:23:01.475 [Test worker] DEBUG org.hibernate.id.factory.internal.DefaultIdentifierGeneratorFactory - Registering IdentifierGenerator strategy [foreign] -> [org.hibernate.id.ForeignGenerator]
21:23:01.475 [Test worker] DEBUG org.hibernate.id.factory.internal.DefaultIdentifierGeneratorFactory - Registering IdentifierGenerator strategy [sequence-identity] -> [org.hibernate.id.SequenceIdentityGenerator]
21:23:01.475 [Test worker] DEBUG org.hibernate.id.factory.internal.DefaultIdentifierGeneratorFactory - Registering IdentifierGenerator strategy [enhanced-sequence] -> [org.hibernate.id.enhanced.SequenceStyleGenerator]
21:23:01.475 [Test worker] DEBUG org.hibernate.id.factory.internal.DefaultIdentifierGeneratorFactory - Registering IdentifierGenerator strategy [enhanced-table] -> [org.hibernate.id.enhanced.TableGenerator]
21:23:01.475 [Test worker] WARN org.hibernate.orm.connections.pooling - HHH10001002: Using Hibernate built-in connection pool (not for production use!)
21:23:01.475 [Test worker] INFO org.hibernate.orm.connections.pooling - HHH10001005: using driver [org.sqlite.JDBC] at URL [jdbc:sqlite:D:\Facultate\Projects\OrganizareCompanie\database]
21:23:01.475 [Test worker] INFO org.hibernate.orm.connections.pooling - HHH10001001: Connection properties: {password=root, user=root}
21:23:01.475 [Test worker] INFO org.hibernate.orm.connections.pooling - HHH10001003: Autocommit mode: false
21:23:01.475 [Test worker] DEBUG org.hibernate.engine.jdbc.connections.internal.DriverManagerConnectionProviderImpl - Initializing Connection pool with 1 Connections
21:23:01.475 [Test worker] INFO org.hibernate.engine.jdbc.connections.internal.DriverManagerConnectionProviderImpl - HHH000115: Hibernate connection pool size: 1 (min=1)
21:23:01.475 [Test worker] DEBUG org.hibernate.engine.jdbc.env.internal.JdbcEnvironmentInitiator - Database ->
       name : SQLite
    version : 3.34.0
      major : 3
      minor : 34
21:23:01.475 [Test worker] DEBUG org.hibernate.engine.jdbc.env.internal.JdbcEnvironmentInitiator - Driver ->
       name : SQLite JDBC
    version : 3.34.0
      major : 3
      minor : 34
21:23:01.475 [Test worker] DEBUG org.hibernate.engine.jdbc.env.internal.JdbcEnvironmentInitiator - JDBC version : 2.1
21:23:01.475 [Test worker] INFO org.hibernate.dialect.Dialect - HHH000400: Using dialect: utils.SQLiteDialect
21:23:01.475 [Test worker] DEBUG org.hibernate.engine.jdbc.env.spi.IdentifierHelperBuilder - JDBC driver metadata reported database stores quoted identifiers in neither upper, lower nor mixed case
21:23:01.475 [Test worker] DEBUG org.hibernate.engine.jdbc.env.spi.IdentifierHelperBuilder - IdentifierCaseStrategy for both quoted and unquoted identifiers was set to the same strategy [MIXED]; that will likely lead to problems in schema update and validation if using quoted identifiers
21:23:01.475 [Test worker] DEBUG org.hibernate.engine.jdbc.env.internal.LobCreatorBuilderImpl - HHH000423: Disabling contextual LOB creation as JDBC driver reported JDBC version [2] less than 4
21:23:01.475 [Test worker] DEBUG org.hibernate.boot.model.relational.Namespace - Created database namespace [logicalName=Name{catalog=null, schema=null}, physicalName=Name{catalog=null, schema=null}]
21:23:01.475 [Test worker] DEBUG org.hibernate.type.descriptor.java.JavaTypeDescriptorRegistry - JavaTypeDescriptorRegistry entry replaced : class java.time.Duration -> org.hibernate.type.descriptor.java.DurationJavaDescriptor@484b819 (was org.hibernate.type.descriptor.java.DurationJavaDescriptor@484b819)
21:23:01.475 [Test worker] DEBUG org.hibernate.type.descriptor.java.JavaTypeDescriptorRegistry - JavaTypeDescriptorRegistry entry replaced : class java.time.Instant -> org.hibernate.type.descriptor.java.InstantJavaDescriptor@7a6a60d2 (was org.hibernate.type.descriptor.java.InstantJavaDescriptor@7a6a60d2)
21:23:01.475 [Test worker] DEBUG org.hibernate.type.descriptor.java.JavaTypeDescriptorRegistry - JavaTypeDescriptorRegistry entry replaced : class java.time.LocalDate -> org.hibernate.type.descriptor.java.LocalDateJavaDescriptor@7ac3817d (was org.hibernate.type.descriptor.java.LocalDateJavaDescriptor@7ac3817d)
21:23:01.475 [Test worker] DEBUG org.hibernate.type.descriptor.java.JavaTypeDescriptorRegistry - JavaTypeDescriptorRegistry entry replaced : class java.time.LocalDateTime -> org.hibernate.type.descriptor.java.LocalDateTimeJavaDescriptor@616d0e6e (was org.hibernate.type.descriptor.java.LocalDateTimeJavaDescriptor@616d0e6e)
21:23:01.475 [Test worker] DEBUG org.hibernate.type.descriptor.java.JavaTypeDescriptorRegistry - JavaTypeDescriptorRegistry entry replaced : class java.time.OffsetDateTime -> org.hibernate.type.descriptor.java.OffsetDateTimeJavaDescriptor@4008262a (was org.hibernate.type.descriptor.java.OffsetDateTimeJavaDescriptor@4008262a)
21:23:01.475 [Test worker] DEBUG org.hibernate.type.descriptor.java.JavaTypeDescriptorRegistry - JavaTypeDescriptorRegistry entry replaced : class java.time.OffsetTime -> org.hibernate.type.descriptor.java.OffsetTimeJavaDescriptor@69cda209 (was org.hibernate.type.descriptor.java.OffsetTimeJavaDescriptor@69cda209)
21:23:01.475 [Test worker] DEBUG org.hibernate.type.descriptor.java.JavaTypeDescriptorRegistry - JavaTypeDescriptorRegistry entry replaced : class java.time.ZonedDateTime -> org.hibernate.type.descriptor.java.ZonedDateTimeJavaDescriptor@f630e24 (was org.hibernate.type.descriptor.java.ZonedDateTimeJavaDescriptor@f630e24)
21:23:01.475 [Test worker] DEBUG org.hibernate.type.BasicTypeRegistry - Adding type registration Duration -> org.hibernate.type.DurationType@1f6d6ec5
21:23:01.475 [Test worker] DEBUG org.hibernate.type.BasicTypeRegistry - Adding type registration java.time.Duration -> org.hibernate.type.DurationType@1f6d6ec5
21:23:01.475 [Test worker] DEBUG org.hibernate.type.BasicTypeRegistry - Adding type registration Instant -> org.hibernate.type.InstantType@799b3880
21:23:01.475 [Test worker] DEBUG org.hibernate.type.BasicTypeRegistry - Adding type registration java.time.Instant -> org.hibernate.type.InstantType@799b3880
21:23:01.475 [Test worker] DEBUG org.hibernate.type.BasicTypeRegistry - Adding type registration LocalDateTime -> org.hibernate.type.LocalDateTimeType@3c9b7dcd
21:23:01.475 [Test worker] DEBUG org.hibernate.type.BasicTypeRegistry - Adding type registration java.time.LocalDateTime -> org.hibernate.type.LocalDateTimeType@3c9b7dcd
21:23:01.475 [Test worker] DEBUG org.hibernate.type.BasicTypeRegistry - Adding type registration LocalDate -> org.hibernate.type.LocalDateType@73b9d317
21:23:01.475 [Test worker] DEBUG org.hibernate.type.BasicTypeRegistry - Adding type registration java.time.LocalDate -> org.hibernate.type.LocalDateType@73b9d317
21:23:01.475 [Test worker] DEBUG org.hibernate.type.BasicTypeRegistry - Adding type registration LocalTime -> org.hibernate.type.LocalTimeType@3e938176
21:23:01.475 [Test worker] DEBUG org.hibernate.type.BasicTypeRegistry - Adding type registration java.time.LocalTime -> org.hibernate.type.LocalTimeType@3e938176
21:23:01.475 [Test worker] DEBUG org.hibernate.type.BasicTypeRegistry - Adding type registration OffsetDateTime -> org.hibernate.type.OffsetDateTimeType@1006f6a5
21:23:01.475 [Test worker] DEBUG org.hibernate.type.BasicTypeRegistry - Adding type registration java.time.OffsetDateTime -> org.hibernate.type.OffsetDateTimeType@1006f6a5
21:23:01.475 [Test worker] DEBUG org.hibernate.type.BasicTypeRegistry - Adding type registration OffsetTime -> org.hibernate.type.OffsetTimeType@5ebf30b8
21:23:01.475 [Test worker] DEBUG org.hibernate.type.BasicTypeRegistry - Adding type registration java.time.OffsetTime -> org.hibernate.type.OffsetTimeType@5ebf30b8
21:23:01.475 [Test worker] DEBUG org.hibernate.type.BasicTypeRegistry - Adding type registration ZonedDateTime -> org.hibernate.type.ZonedDateTimeType@5ecdce3a
21:23:01.475 [Test worker] DEBUG org.hibernate.type.BasicTypeRegistry - Adding type registration java.time.ZonedDateTime -> org.hibernate.type.ZonedDateTimeType@5ecdce3a
21:23:01.475 [Test worker] DEBUG org.hibernate.type.spi.TypeConfiguration$Scope - Scoping TypeConfiguration [org.hibernate.type.spi.TypeConfiguration@3b46b98c] to MetadataBuildingContext [org.hibernate.boot.internal.MetadataBuildingContextRootImpl@dd774de]
21:23:01.475 [Test worker] DEBUG org.hibernate.cfg.AnnotationBinder - Binding entity from annotated class: domain.Angajat
21:23:01.475 [Test worker] DEBUG org.hibernate.cfg.Ejb3Column - Binding column: Ejb3DiscriminatorColumn{logicalColumnName'DTYPE', discriminatorTypeName='string'}
21:23:01.475 [Test worker] DEBUG org.hibernate.cfg.annotations.EntityBinder - Import with entity name Angajat
21:23:01.475 [Test worker] DEBUG org.hibernate.cfg.annotations.EntityBinder - Bind entity domain.Angajat on table angajati
21:23:01.475 [Test worker] DEBUG org.hibernate.cfg.Ejb3Column - Binding column: Ejb3Column{table=org.hibernate.mapping.Table(angajati), mappingColumn=id, insertable=true, updatable=true, unique=false}
21:23:01.475 [Test worker] DEBUG org.hibernate.boot.internal.ClassLoaderAccessImpl - Not known whether passed class name [domain.Angajat] is safe
21:23:01.475 [Test worker] DEBUG org.hibernate.boot.internal.ClassLoaderAccessImpl - No temp ClassLoader provided; using live ClassLoader for loading potentially unsafe class : domain.Angajat
21:23:01.475 [Test worker] DEBUG org.hibernate.cfg.annotations.PropertyBinder - MetadataSourceProcessor property id with lazy=false
21:23:01.475 [Test worker] DEBUG org.hibernate.cfg.AbstractPropertyHolder - Attempting to locate auto-apply AttributeConverter for property [domain.Angajat:id]
21:23:01.475 [Test worker] DEBUG org.hibernate.cfg.annotations.SimpleValueBinder - building SimpleValue for id
21:23:01.475 [Test worker] DEBUG org.hibernate.cfg.annotations.PropertyBinder - Building property id
21:23:01.475 [Test worker] DEBUG org.hibernate.cfg.BinderHelper - #makeIdGenerator(org.hibernate.mapping.SimpleValue([org.hibernate.mapping.Column(id)]), id, identity, , ...)
21:23:01.475 [Test worker] DEBUG org.hibernate.cfg.Ejb3Column - Binding column: Ejb3JoinColumn{logicalColumnName='null', referencedColumn='null', mappedBy='angajat'}
21:23:01.475 [Test worker] DEBUG org.hibernate.cfg.Ejb3Column - Binding column: Ejb3Column{table=org.hibernate.mapping.Table(angajati), mappingColumn=concedii, insertable=true, updatable=true, unique=false}
21:23:01.475 [Test worker] DEBUG org.hibernate.cfg.Ejb3Column - Binding column: Ejb3Column{table=org.hibernate.mapping.Table(angajati), mappingColumn=null, insertable=true, updatable=true, unique=false}
21:23:01.475 [Test worker] DEBUG org.hibernate.cfg.Ejb3Column - Binding column: Ejb3Column{table=org.hibernate.mapping.Table(angajati), mappingColumn=element, insertable=true, updatable=true, unique=false}
21:23:01.475 [Test worker] DEBUG org.hibernate.cfg.Ejb3Column - Binding column: Ejb3Column{table=org.hibernate.mapping.Table(angajati), mappingColumn=concedii_KEY, insertable=true, updatable=true, unique=false}
21:23:01.475 [Test worker] DEBUG org.hibernate.cfg.Ejb3Column - Binding column: Ejb3JoinColumn{logicalColumnName='concedii_KEY', referencedColumn='null', mappedBy='null'}
21:23:01.475 [Test worker] DEBUG org.hibernate.cfg.Ejb3Column - Binding column: Ejb3JoinColumn{logicalColumnName='null', referencedColumn='null', mappedBy='angajat'}
21:23:01.475 [Test worker] DEBUG org.hibernate.cfg.Ejb3Column - Binding column: Ejb3JoinColumn{logicalColumnName='null', referencedColumn='null', mappedBy='angajat'}
21:23:01.475 [Test worker] DEBUG org.hibernate.cfg.annotations.CollectionBinder - Collection role: domain.Angajat.concedii
21:23:01.475 [Test worker] DEBUG org.hibernate.cfg.annotations.PropertyBinder - Building property concedii
21:23:01.475 [Test worker] DEBUG org.hibernate.cfg.Ejb3Column - Binding column: Ejb3Column{table=org.hibernate.mapping.Table(angajati), mappingColumn=data_angajare, insertable=true, updatable=true, unique=false}
21:23:01.475 [Test worker] DEBUG org.hibernate.cfg.annotations.PropertyBinder - MetadataSourceProcessor property dataAngajare with lazy=false
21:23:01.475 [Test worker] DEBUG org.hibernate.cfg.AbstractPropertyHolder - Attempting to locate auto-apply AttributeConverter for property [domain.Angajat:dataAngajare]
21:23:01.475 [Test worker] DEBUG org.hibernate.cfg.annotations.SimpleValueBinder - building SimpleValue for dataAngajare
21:23:01.475 [Test worker] DEBUG org.hibernate.cfg.annotations.PropertyBinder - Building property dataAngajare
21:23:01.475 [Test worker] DEBUG org.hibernate.cfg.Ejb3Column - Binding column: Ejb3Column{table=org.hibernate.mapping.Table(angajati), mappingColumn=null, insertable=true, updatable=true, unique=false}
21:23:01.475 [Test worker] DEBUG org.hibernate.cfg.Ejb3Column - Binding column: Ejb3Column{table=org.hibernate.mapping.Table(angajati), mappingColumn=element, insertable=true, updatable=true, unique=false}
21:23:01.475 [Test worker] DEBUG org.hibernate.cfg.Ejb3Column - Binding column: Ejb3Column{table=org.hibernate.mapping.Table(angajati), mappingColumn=departamente_KEY, insertable=true, updatable=true, unique=false}
21:23:01.475 [Test worker] DEBUG org.hibernate.cfg.Ejb3Column - Binding column: Ejb3JoinColumn{logicalColumnName='departamente_KEY', referencedColumn='null', mappedBy='null'}
21:23:01.475 [Test worker] DEBUG org.hibernate.cfg.Ejb3Column - Binding column: Ejb3JoinColumn{logicalColumnName='id_angajat', referencedColumn='', mappedBy=''}
21:23:01.475 [Test worker] DEBUG org.hibernate.cfg.Ejb3Column - Binding column: Ejb3JoinColumn{logicalColumnName='id_departament', referencedColumn='', mappedBy=''}
21:23:01.475 [Test worker] DEBUG org.hibernate.cfg.annotations.CollectionBinder - Collection role: domain.Angajat.departamente
21:23:01.475 [Test worker] DEBUG org.hibernate.cfg.annotations.PropertyBinder - Building property departamente
21:23:01.475 [Test worker] DEBUG org.hibernate.cfg.Ejb3Column - Binding column: Ejb3JoinColumn{logicalColumnName='null', referencedColumn='null', mappedBy='null'}
21:23:01.475 [Test worker] DEBUG org.hibernate.cfg.Ejb3Column - Binding column: Ejb3Column{table=org.hibernate.mapping.Table(angajati), mappingColumn=functie, insertable=true, updatable=true, unique=false}
21:23:01.475 [Test worker] DEBUG org.hibernate.cfg.annotations.PropertyBinder - Building property functie
21:23:01.475 [Test worker] DEBUG org.hibernate.cfg.Ejb3Column - Binding column: Ejb3Column{table=org.hibernate.mapping.Table(angajati), mappingColumn=id_superior, insertable=true, updatable=true, unique=false}
21:23:01.475 [Test worker] DEBUG org.hibernate.cfg.annotations.PropertyBinder - MetadataSourceProcessor property idSuperior with lazy=false
21:23:01.475 [Test worker] DEBUG org.hibernate.cfg.AbstractPropertyHolder - Attempting to locate auto-apply AttributeConverter for property [domain.Angajat:idSuperior]
21:23:01.475 [Test worker] DEBUG org.hibernate.cfg.annotations.SimpleValueBinder - building SimpleValue for idSuperior
21:23:01.475 [Test worker] DEBUG org.hibernate.cfg.annotations.PropertyBinder - Building property idSuperior
21:23:01.475 [Test worker] DEBUG org.hibernate.cfg.Ejb3Column - Binding column: Ejb3Column{table=org.hibernate.mapping.Table(angajati), mappingColumn=null, insertable=true, updatable=true, unique=false}
21:23:01.475 [Test worker] DEBUG org.hibernate.cfg.Ejb3Column - Binding column: Ejb3Column{table=org.hibernate.mapping.Table(angajati), mappingColumn=element, insertable=true, updatable=true, unique=false}
21:23:01.475 [Test worker] DEBUG org.hibernate.cfg.Ejb3Column - Binding column: Ejb3Column{table=org.hibernate.mapping.Table(angajati), mappingColumn=proiecte_KEY, insertable=true, updatable=true, unique=false}
21:23:01.475 [Test worker] DEBUG org.hibernate.cfg.Ejb3Column - Binding column: Ejb3JoinColumn{logicalColumnName='proiecte_KEY', referencedColumn='null', mappedBy='null'}
21:23:01.475 [Test worker] DEBUG org.hibernate.cfg.Ejb3Column - Binding column: Ejb3JoinColumn{logicalColumnName='id_angajat', referencedColumn='', mappedBy=''}
21:23:01.475 [Test worker] DEBUG org.hibernate.cfg.Ejb3Column - Binding column: Ejb3JoinColumn{logicalColumnName='id_proiect', referencedColumn='', mappedBy=''}
21:23:01.475 [Test worker] DEBUG org.hibernate.cfg.annotations.CollectionBinder - Collection role: domain.Angajat.proiecte
21:23:01.475 [Test worker] DEBUG org.hibernate.cfg.annotations.PropertyBinder - Building property proiecte
21:23:01.475 [Test worker] DEBUG org.hibernate.cfg.AnnotationBinder - Binding entity from annotated class: domain.Concediu
21:23:01.475 [Test worker] DEBUG org.hibernate.cfg.Ejb3Column - Binding column: Ejb3DiscriminatorColumn{logicalColumnName'DTYPE', discriminatorTypeName='string'}
21:23:01.475 [Test worker] DEBUG org.hibernate.cfg.annotations.EntityBinder - Import with entity name Concediu
21:23:01.475 [Test worker] DEBUG org.hibernate.cfg.annotations.EntityBinder - Bind entity domain.Concediu on table concedii
21:23:01.475 [Test worker] DEBUG org.hibernate.cfg.Ejb3Column - Binding column: Ejb3Column{table=org.hibernate.mapping.Table(concedii), mappingColumn=id, insertable=true, updatable=true, unique=false}
21:23:01.475 [Test worker] DEBUG org.hibernate.boot.internal.ClassLoaderAccessImpl - Not known whether passed class name [domain.Concediu] is safe
21:23:01.475 [Test worker] DEBUG org.hibernate.boot.internal.ClassLoaderAccessImpl - No temp ClassLoader provided; using live ClassLoader for loading potentially unsafe class : domain.Concediu
21:23:01.475 [Test worker] DEBUG org.hibernate.cfg.annotations.PropertyBinder - MetadataSourceProcessor property id with lazy=false
21:23:01.475 [Test worker] DEBUG org.hibernate.cfg.AbstractPropertyHolder - Attempting to locate auto-apply AttributeConverter for property [domain.Concediu:id]
21:23:01.475 [Test worker] DEBUG org.hibernate.cfg.annotations.SimpleValueBinder - building SimpleValue for id
21:23:01.475 [Test worker] DEBUG org.hibernate.cfg.annotations.PropertyBinder - Building property id
21:23:01.475 [Test worker] DEBUG org.hibernate.cfg.BinderHelper - #makeIdGenerator(org.hibernate.mapping.SimpleValue([org.hibernate.mapping.Column(id)]), id, identity, , ...)
21:23:01.475 [Test worker] DEBUG org.hibernate.cfg.Ejb3Column - Binding column: Ejb3JoinColumn{logicalColumnName='id_angajat', referencedColumn='', mappedBy=''}
21:23:01.475 [Test worker] DEBUG org.hibernate.cfg.Ejb3Column - Binding column: Ejb3Column{table=org.hibernate.mapping.Table(concedii), mappingColumn=angajat, insertable=true, updatable=true, unique=false}
21:23:01.475 [Test worker] DEBUG org.hibernate.cfg.annotations.PropertyBinder - Building property angajat
21:23:01.475 [Test worker] DEBUG org.hibernate.cfg.Ejb3Column - Binding column: Ejb3Column{table=org.hibernate.mapping.Table(concedii), mappingColumn=data_inceput, insertable=true, updatable=true, unique=false}
21:23:01.475 [Test worker] DEBUG org.hibernate.cfg.annotations.PropertyBinder - MetadataSourceProcessor property dataInceput with lazy=false
21:23:01.475 [Test worker] DEBUG org.hibernate.cfg.AbstractPropertyHolder - Attempting to locate auto-apply AttributeConverter for property [domain.Concediu:dataInceput]
21:23:01.475 [Test worker] DEBUG org.hibernate.cfg.annotations.SimpleValueBinder - building SimpleValue for dataInceput
21:23:01.475 [Test worker] DEBUG org.hibernate.cfg.annotations.PropertyBinder - Building property dataInceput
21:23:01.475 [Test worker] DEBUG org.hibernate.cfg.Ejb3Column - Binding column: Ejb3Column{table=org.hibernate.mapping.Table(concedii), mappingColumn=data_sfarsit, insertable=true, updatable=true, unique=false}
21:23:01.475 [Test worker] DEBUG org.hibernate.cfg.annotations.PropertyBinder - MetadataSourceProcessor property dataSfarsit with lazy=false
21:23:01.475 [Test worker] DEBUG org.hibernate.cfg.AbstractPropertyHolder - Attempting to locate auto-apply AttributeConverter for property [domain.Concediu:dataSfarsit]
21:23:01.475 [Test worker] DEBUG org.hibernate.cfg.annotations.SimpleValueBinder - building SimpleValue for dataSfarsit
21:23:01.475 [Test worker] DEBUG org.hibernate.cfg.annotations.PropertyBinder - Building property dataSfarsit
21:23:01.475 [Test worker] DEBUG org.hibernate.cfg.AnnotationBinder - Binding entity from annotated class: domain.Departament
21:23:01.475 [Test worker] DEBUG org.hibernate.cfg.Ejb3Column - Binding column: Ejb3DiscriminatorColumn{logicalColumnName'DTYPE', discriminatorTypeName='string'}
21:23:01.475 [Test worker] DEBUG org.hibernate.cfg.annotations.EntityBinder - Import with entity name Departament
21:23:01.475 [Test worker] DEBUG org.hibernate.cfg.annotations.EntityBinder - Bind entity domain.Departament on table departamente
21:23:01.475 [Test worker] DEBUG org.hibernate.cfg.Ejb3Column - Binding column: Ejb3Column{table=org.hibernate.mapping.Table(departamente), mappingColumn=id, insertable=true, updatable=true, unique=false}
21:23:01.475 [Test worker] DEBUG org.hibernate.boot.internal.ClassLoaderAccessImpl - Not known whether passed class name [domain.Departament] is safe
21:23:01.475 [Test worker] DEBUG org.hibernate.boot.internal.ClassLoaderAccessImpl - No temp ClassLoader provided; using live ClassLoader for loading potentially unsafe class : domain.Departament
21:23:01.475 [Test worker] DEBUG org.hibernate.cfg.annotations.PropertyBinder - MetadataSourceProcessor property id with lazy=false
21:23:01.475 [Test worker] DEBUG org.hibernate.cfg.AbstractPropertyHolder - Attempting to locate auto-apply AttributeConverter for property [domain.Departament:id]
21:23:01.475 [Test worker] DEBUG org.hibernate.cfg.annotations.SimpleValueBinder - building SimpleValue for id
21:23:01.475 [Test worker] DEBUG org.hibernate.cfg.annotations.PropertyBinder - Building property id
21:23:01.475 [Test worker] DEBUG org.hibernate.cfg.BinderHelper - #makeIdGenerator(org.hibernate.mapping.SimpleValue([org.hibernate.mapping.Column(id)]), id, identity, , ...)
21:23:01.475 [Test worker] DEBUG org.hibernate.cfg.Ejb3Column - Binding column: Ejb3Column{table=org.hibernate.mapping.Table(departamente), mappingColumn=id_director, insertable=true, updatable=true, unique=false}
21:23:01.475 [Test worker] DEBUG org.hibernate.cfg.annotations.PropertyBinder - MetadataSourceProcessor property idDirector with lazy=false
21:23:01.475 [Test worker] DEBUG org.hibernate.cfg.AbstractPropertyHolder - Attempting to locate auto-apply AttributeConverter for property [domain.Departament:idDirector]
21:23:01.475 [Test worker] DEBUG org.hibernate.cfg.annotations.SimpleValueBinder - building SimpleValue for idDirector
21:23:01.475 [Test worker] DEBUG org.hibernate.cfg.annotations.PropertyBinder - Building property idDirector
21:23:01.475 [Test worker] DEBUG org.hibernate.cfg.AnnotationBinder - Binding entity from annotated class: domain.Functie
21:23:01.475 [Test worker] DEBUG org.hibernate.cfg.Ejb3Column - Binding column: Ejb3DiscriminatorColumn{logicalColumnName'DTYPE', discriminatorTypeName='string'}
21:23:01.475 [Test worker] DEBUG org.hibernate.cfg.annotations.EntityBinder - Import with entity name Functie
21:23:01.475 [Test worker] DEBUG org.hibernate.cfg.annotations.EntityBinder - Bind entity domain.Functie on table functii
21:23:01.475 [Test worker] DEBUG org.hibernate.cfg.Ejb3Column - Binding column: Ejb3Column{table=org.hibernate.mapping.Table(functii), mappingColumn=id, insertable=true, updatable=true, unique=false}
21:23:01.475 [Test worker] DEBUG org.hibernate.boot.internal.ClassLoaderAccessImpl - Not known whether passed class name [domain.Functie] is safe
21:23:01.475 [Test worker] DEBUG org.hibernate.boot.internal.ClassLoaderAccessImpl - No temp ClassLoader provided; using live ClassLoader for loading potentially unsafe class : domain.Functie
21:23:01.475 [Test worker] DEBUG org.hibernate.cfg.annotations.PropertyBinder - MetadataSourceProcessor property id with lazy=false
21:23:01.475 [Test worker] DEBUG org.hibernate.cfg.AbstractPropertyHolder - Attempting to locate auto-apply AttributeConverter for property [domain.Functie:id]
21:23:01.475 [Test worker] DEBUG org.hibernate.cfg.annotations.SimpleValueBinder - building SimpleValue for id
21:23:01.475 [Test worker] DEBUG org.hibernate.cfg.annotations.PropertyBinder - Building property id
21:23:01.475 [Test worker] DEBUG org.hibernate.cfg.BinderHelper - #makeIdGenerator(org.hibernate.mapping.SimpleValue([org.hibernate.mapping.Column(id)]), id, identity, , ...)
21:23:01.475 [Test worker] DEBUG org.hibernate.cfg.Ejb3Column - Binding column: Ejb3Column{table=org.hibernate.mapping.Table(functii), mappingColumn=salar_de_baza, insertable=true, updatable=true, unique=false}
21:23:01.475 [Test worker] DEBUG org.hibernate.cfg.annotations.PropertyBinder - MetadataSourceProcessor property salarDeBaza with lazy=false
21:23:01.475 [Test worker] DEBUG org.hibernate.cfg.AbstractPropertyHolder - Attempting to locate auto-apply AttributeConverter for property [domain.Functie:salarDeBaza]
21:23:01.475 [Test worker] DEBUG org.hibernate.cfg.annotations.SimpleValueBinder - building SimpleValue for salarDeBaza
21:23:01.475 [Test worker] DEBUG org.hibernate.cfg.annotations.PropertyBinder - Building property salarDeBaza
21:23:01.475 [Test worker] DEBUG org.hibernate.cfg.AnnotationBinder - Binding entity from annotated class: domain.Proiect
21:23:01.475 [Test worker] DEBUG org.hibernate.cfg.Ejb3Column - Binding column: Ejb3DiscriminatorColumn{logicalColumnName'DTYPE', discriminatorTypeName='string'}
21:23:01.475 [Test worker] DEBUG org.hibernate.cfg.annotations.EntityBinder - Import with entity name Proiect
21:23:01.475 [Test worker] DEBUG org.hibernate.cfg.annotations.EntityBinder - Bind entity domain.Proiect on table proiecte
21:23:01.475 [Test worker] DEBUG org.hibernate.cfg.Ejb3Column - Binding column: Ejb3Column{table=org.hibernate.mapping.Table(proiecte), mappingColumn=id, insertable=true, updatable=true, unique=false}
21:23:01.475 [Test worker] DEBUG org.hibernate.boot.internal.ClassLoaderAccessImpl - Not known whether passed class name [domain.Proiect] is safe
21:23:01.475 [Test worker] DEBUG org.hibernate.boot.internal.ClassLoaderAccessImpl - No temp ClassLoader provided; using live ClassLoader for loading potentially unsafe class : domain.Proiect
21:23:01.475 [Test worker] DEBUG org.hibernate.cfg.annotations.PropertyBinder - MetadataSourceProcessor property id with lazy=false
21:23:01.475 [Test worker] DEBUG org.hibernate.cfg.AbstractPropertyHolder - Attempting to locate auto-apply AttributeConverter for property [domain.Proiect:id]
21:23:01.475 [Test worker] DEBUG org.hibernate.cfg.annotations.SimpleValueBinder - building SimpleValue for id
21:23:01.475 [Test worker] DEBUG org.hibernate.cfg.annotations.PropertyBinder - Building property id
21:23:01.475 [Test worker] DEBUG org.hibernate.cfg.BinderHelper - #makeIdGenerator(org.hibernate.mapping.SimpleValue([org.hibernate.mapping.Column(id)]), id, identity, , ...)
21:23:01.475 [Test worker] DEBUG org.hibernate.cfg.Ejb3Column - Binding column: Ejb3Column{table=org.hibernate.mapping.Table(proiecte), mappingColumn=data_inceput, insertable=true, updatable=true, unique=false}
21:23:01.475 [Test worker] DEBUG org.hibernate.cfg.annotations.PropertyBinder - MetadataSourceProcessor property dataInceput with lazy=false
21:23:01.475 [Test worker] DEBUG org.hibernate.cfg.AbstractPropertyHolder - Attempting to locate auto-apply AttributeConverter for property [domain.Proiect:dataInceput]
21:23:01.475 [Test worker] DEBUG org.hibernate.cfg.annotations.SimpleValueBinder - building SimpleValue for dataInceput
21:23:01.475 [Test worker] DEBUG org.hibernate.cfg.annotations.PropertyBinder - Building property dataInceput
21:23:01.475 [Test worker] DEBUG org.hibernate.cfg.Ejb3Column - Binding column: Ejb3Column{table=org.hibernate.mapping.Table(proiecte), mappingColumn=deadline, insertable=true, updatable=true, unique=false}
21:23:01.475 [Test worker] DEBUG org.hibernate.cfg.annotations.PropertyBinder - MetadataSourceProcessor property deadline with lazy=false
21:23:01.475 [Test worker] DEBUG org.hibernate.cfg.AbstractPropertyHolder - Attempting to locate auto-apply AttributeConverter for property [domain.Proiect:deadline]
21:23:01.475 [Test worker] DEBUG org.hibernate.cfg.annotations.SimpleValueBinder - building SimpleValue for deadline
21:23:01.475 [Test worker] DEBUG org.hibernate.cfg.annotations.PropertyBinder - Building property deadline
21:23:01.475 [Test worker] DEBUG org.hibernate.cfg.annotations.SimpleValueBinder - Starting fillSimpleValue for id
21:23:01.475 [Test worker] DEBUG org.hibernate.cfg.annotations.SimpleValueBinder - Starting fillSimpleValue for dataAngajare
21:23:01.475 [Test worker] DEBUG org.hibernate.cfg.annotations.SimpleValueBinder - Starting fillSimpleValue for idSuperior
21:23:01.475 [Test worker] DEBUG org.hibernate.cfg.annotations.SimpleValueBinder - Starting fillSimpleValue for id
21:23:01.475 [Test worker] DEBUG org.hibernate.cfg.annotations.SimpleValueBinder - Starting fillSimpleValue for dataInceput
21:23:01.475 [Test worker] DEBUG org.hibernate.cfg.annotations.SimpleValueBinder - Starting fillSimpleValue for dataSfarsit
21:23:01.475 [Test worker] DEBUG org.hibernate.cfg.annotations.SimpleValueBinder - Starting fillSimpleValue for id
21:23:01.475 [Test worker] DEBUG org.hibernate.cfg.annotations.SimpleValueBinder - Starting fillSimpleValue for idDirector
21:23:01.475 [Test worker] DEBUG org.hibernate.cfg.annotations.SimpleValueBinder - Starting fillSimpleValue for id
21:23:01.475 [Test worker] DEBUG org.hibernate.cfg.annotations.SimpleValueBinder - Starting fillSimpleValue for salarDeBaza
21:23:01.475 [Test worker] DEBUG org.hibernate.cfg.annotations.SimpleValueBinder - Starting fillSimpleValue for id
21:23:01.475 [Test worker] DEBUG org.hibernate.cfg.annotations.SimpleValueBinder - Starting fillSimpleValue for dataInceput
21:23:01.475 [Test worker] DEBUG org.hibernate.cfg.annotations.SimpleValueBinder - Starting fillSimpleValue for deadline
21:23:01.475 [Test worker] DEBUG org.hibernate.mapping.PrimaryKey - Forcing column [id] to be non-null as it is part of the primary key for table [angajati]
21:23:01.475 [Test worker] DEBUG org.hibernate.mapping.PrimaryKey - Forcing column [id] to be non-null as it is part of the primary key for table [concedii]
21:23:01.475 [Test worker] DEBUG org.hibernate.mapping.PrimaryKey - Forcing column [id] to be non-null as it is part of the primary key for table [departamente]
21:23:01.475 [Test worker] DEBUG org.hibernate.mapping.PrimaryKey - Forcing column [id] to be non-null as it is part of the primary key for table [functii]
21:23:01.475 [Test worker] DEBUG org.hibernate.mapping.PrimaryKey - Forcing column [id] to be non-null as it is part of the primary key for table [proiecte]
21:23:01.475 [Test worker] DEBUG org.hibernate.cfg.CollectionSecondPass - Second pass for collection: domain.Angajat.proiecte
21:23:01.475 [Test worker] DEBUG org.hibernate.cfg.annotations.CollectionBinder - Binding as ManyToMany: domain.Angajat.proiecte
21:23:01.475 [Test worker] DEBUG org.hibernate.mapping.PrimaryKey - Forcing column [id_angajat] to be non-null as it is part of the primary key for table [angajati_proiecte]
21:23:01.475 [Test worker] DEBUG org.hibernate.mapping.PrimaryKey - Forcing column [id_proiect] to be non-null as it is part of the primary key for table [angajati_proiecte]
21:23:01.475 [Test worker] DEBUG org.hibernate.cfg.CollectionSecondPass - Mapped collection key: id_angajat, element: id_proiect
21:23:01.475 [Test worker] DEBUG org.hibernate.cfg.CollectionSecondPass - Second pass for collection: domain.Angajat.departamente
21:23:01.475 [Test worker] DEBUG org.hibernate.cfg.annotations.CollectionBinder - Binding as ManyToMany: domain.Angajat.departamente
21:23:01.475 [Test worker] DEBUG org.hibernate.mapping.PrimaryKey - Forcing column [id_angajat] to be non-null as it is part of the primary key for table [angajati_departamente]
21:23:01.475 [Test worker] DEBUG org.hibernate.mapping.PrimaryKey - Forcing column [id_departament] to be non-null as it is part of the primary key for table [angajati_departamente]
21:23:01.475 [Test worker] DEBUG org.hibernate.cfg.CollectionSecondPass - Mapped collection key: id_angajat, element: id_departament
21:23:01.475 [Test worker] DEBUG org.hibernate.cfg.CollectionSecondPass - Second pass for collection: domain.Angajat.concedii
21:23:01.475 [Test worker] DEBUG org.hibernate.cfg.annotations.CollectionBinder - Binding a OneToMany: domain.Angajat.concedii through a foreign key
21:23:01.475 [Test worker] DEBUG org.hibernate.cfg.annotations.CollectionBinder - Mapping collection: domain.Angajat.concedii -> concedii
21:23:01.475 [Test worker] DEBUG org.hibernate.cfg.annotations.TableBinder - Retrieving property domain.Concediu.angajat
21:23:01.475 [Test worker] DEBUG org.hibernate.cfg.CollectionSecondPass - Mapped collection key: id_angajat, one-to-many: domain.Concediu
21:23:01.475 [Test worker] DEBUG org.hibernate.boot.internal.InFlightMetadataCollectorImpl - Resolving reference to class: domain.Functie
21:23:01.475 [Test worker] DEBUG org.hibernate.boot.internal.InFlightMetadataCollectorImpl - Resolving reference to class: domain.Departament
21:23:01.475 [Test worker] DEBUG org.hibernate.boot.internal.InFlightMetadataCollectorImpl - Resolving reference to class: domain.Angajat
21:23:01.475 [Test worker] DEBUG org.hibernate.boot.internal.InFlightMetadataCollectorImpl - Resolving reference to class: domain.Proiect
21:23:01.475 [Test worker] DEBUG org.hibernate.boot.internal.InFlightMetadataCollectorImpl - Resolving reference to class: domain.Angajat
21:23:01.475 [Test worker] DEBUG org.hibernate.boot.internal.InFlightMetadataCollectorImpl - Resolving reference to class: domain.Angajat
21:23:01.475 [Test worker] DEBUG org.hibernate.boot.internal.InFlightMetadataCollectorImpl - Resolving reference to class: domain.Functie
21:23:01.475 [Test worker] DEBUG org.hibernate.boot.internal.InFlightMetadataCollectorImpl - Resolving reference to class: domain.Departament
21:23:01.475 [Test worker] DEBUG org.hibernate.boot.internal.InFlightMetadataCollectorImpl - Resolving reference to class: domain.Angajat
21:23:01.475 [Test worker] DEBUG org.hibernate.boot.internal.InFlightMetadataCollectorImpl - Resolving reference to class: domain.Proiect
21:23:01.475 [Test worker] DEBUG org.hibernate.boot.internal.InFlightMetadataCollectorImpl - Resolving reference to class: domain.Angajat
21:23:01.475 [Test worker] DEBUG org.hibernate.boot.internal.InFlightMetadataCollectorImpl - Resolving reference to class: domain.Angajat
21:23:01.475 [Test worker] DEBUG org.hibernate.internal.SessionFactoryImpl - Building session factory
21:23:01.475 [Test worker] DEBUG org.hibernate.cfg.Settings - SessionFactory name : null
21:23:01.475 [Test worker] DEBUG org.hibernate.cfg.Settings - Automatic flush during beforeCompletion(): enabled
21:23:01.475 [Test worker] DEBUG org.hibernate.cfg.Settings - Automatic session close at end of transaction: disabled
21:23:01.475 [Test worker] DEBUG org.hibernate.cfg.Settings - Statistics: disabled
21:23:01.475 [Test worker] DEBUG org.hibernate.cfg.Settings - Deleted entity synthetic identifier rollback: disabled
21:23:01.475 [Test worker] DEBUG org.hibernate.cfg.Settings - Default entity-mode: pojo
21:23:01.475 [Test worker] DEBUG org.hibernate.cfg.Settings - Check Nullability in Core (should be disabled when Bean Validation is on): enabled
21:23:01.475 [Test worker] DEBUG org.hibernate.cfg.Settings - Allow initialization of lazy state outside session : enabled
21:23:01.475 [Test worker] DEBUG org.hibernate.cfg.Settings - Using BatchFetchStyle : LEGACY
21:23:01.475 [Test worker] DEBUG org.hibernate.cfg.Settings - Default batch fetch size: -1
21:23:01.475 [Test worker] DEBUG org.hibernate.cfg.Settings - Maximum outer join fetch depth: null
21:23:01.475 [Test worker] DEBUG org.hibernate.cfg.Settings - Default null ordering: NONE
21:23:01.475 [Test worker] DEBUG org.hibernate.cfg.Settings - Order SQL updates by primary key: disabled
21:23:01.475 [Test worker] DEBUG org.hibernate.cfg.Settings - Order SQL inserts for batching: disabled
21:23:01.475 [Test worker] DEBUG org.hibernate.cfg.Settings - multi-tenancy strategy : NONE
21:23:01.475 [Test worker] DEBUG org.hibernate.cfg.Settings - JTA Track by Thread: enabled
21:23:01.475 [Test worker] DEBUG org.hibernate.cfg.Settings - Query language substitutions: {}
21:23:01.475 [Test worker] DEBUG org.hibernate.cfg.Settings - Named query checking : enabled
21:23:01.475 [Test worker] DEBUG org.hibernate.cfg.Settings - Second-level cache: disabled
21:23:01.475 [Test worker] DEBUG org.hibernate.cfg.Settings - Second-level query cache: disabled
21:23:01.475 [Test worker] DEBUG org.hibernate.cfg.Settings - Second-level query cache factory: null
21:23:01.475 [Test worker] DEBUG org.hibernate.cfg.Settings - Second-level cache region prefix: null
21:23:01.475 [Test worker] DEBUG org.hibernate.cfg.Settings - Optimize second-level cache for minimal puts: disabled
21:23:01.475 [Test worker] DEBUG org.hibernate.cfg.Settings - Structured second-level cache entries: disabled
21:23:01.475 [Test worker] DEBUG org.hibernate.cfg.Settings - Second-level cache direct-reference entries: disabled
21:23:01.475 [Test worker] DEBUG org.hibernate.cfg.Settings - Automatic eviction of collection cache: disabled
21:23:01.475 [Test worker] DEBUG org.hibernate.cfg.Settings - JDBC batch size: 0
21:23:01.475 [Test worker] DEBUG org.hibernate.cfg.Settings - JDBC batch updates for versioned data: enabled
21:23:01.475 [Test worker] DEBUG org.hibernate.cfg.Settings - Scrollable result sets: disabled
21:23:01.475 [Test worker] DEBUG org.hibernate.cfg.Settings - Wrap result sets: disabled
21:23:01.475 [Test worker] DEBUG org.hibernate.cfg.Settings - JDBC3 getGeneratedKeys(): enabled
21:23:01.475 [Test worker] DEBUG org.hibernate.cfg.Settings - JDBC result set fetch size: null
21:23:01.475 [Test worker] DEBUG org.hibernate.cfg.Settings - Connection release mode: AFTER_TRANSACTION
21:23:01.475 [Test worker] DEBUG org.hibernate.cfg.Settings - Generate SQL with comments: disabled
21:23:01.475 [Test worker] DEBUG org.hibernate.cfg.Settings - JPA compliance - query : disabled
21:23:01.475 [Test worker] DEBUG org.hibernate.cfg.Settings - JPA compliance - closed-handling : disabled
21:23:01.475 [Test worker] DEBUG org.hibernate.cfg.Settings - JPA compliance - lists : disabled
21:23:01.475 [Test worker] DEBUG org.hibernate.cfg.Settings - JPA compliance - transactions : disabled
21:23:01.475 [Test worker] DEBUG org.hibernate.internal.SessionFactoryImpl - Session factory constructed with filter configurations : {}
21:23:01.475 [Test worker] DEBUG org.hibernate.internal.SessionFactoryImpl - Instantiating session factory with properties: {sun.desktop=windows, awt.toolkit=sun.awt.windows.WToolkit, dialect=utils.SQLiteDialect, java.specification.version=11, sun.cpu.isalist=amd64, sun.jnu.encoding=Cp1250, hibernate.dialect=utils.SQLiteDialect, org.gradle.test.worker=3, java.class.path=C:\\Users\\Dan\\.gradle\\caches\\6.8\\workerMain\\gradle-worker.jar;D:\\Facultate\\Projects\\OrganizareCompanie\\build\\classes\\java\\test;D:\\Facultate\\Projects\\OrganizareCompanie\\build\\resources\\test;D:\\Facultate\\Projects\\OrganizareCompanie\\build\\classes\\java\\main;D:\\Facultate\\Projects\\OrganizareCompanie\\build\\resources\\main;C:\\Users\\Dan\\.gradle\\caches\\modules-2\\files-2.1\\org.springframework.boot\\spring-boot-starter-web\\2.4.3\\4f5554ea183af87e52d8c31bb82aada0d74c40b0\\spring-boot-starter-web-2.4.3.jar;C:\\Users\\Dan\\.gradle\\caches\\modules-2\\files-2.1\\org.xerial\\sqlite-jdbc\\3.34.0\\fd29bb0124e3f79c80b2753162a6a3873c240bcf\\sqlite-jdbc-3.34.0.jar;C:\\Users\\Dan\\.gradle\\caches\\modules-2\\files-2.1\\org.hibernate\\hibernate-java8\\5.1.0.Final\\2bb534acab4f8485a821f0e4d6a2c8df617ee86a\\hibernate-java8-5.1.0.Final.jar;C:\\Users\\Dan\\.gradle\\caches\\modules-2\\files-2.1\\org.hibernate\\hibernate-core\\5.4.29.Final\\74b7c9ad3cb57ae4fd0187480a76f137a7fc3f38\\hibernate-core-5.4.29.Final.jar;C:\\Users\\Dan\\.gradle\\caches\\modules-2\\files-2.1\\org.junit.platform\\junit-platform-engine\\1.7.0\\eadb73c5074a4ac71061defd00fc176152a4d12c\\junit-platform-engine-1.7.0.jar;C:\\Users\\Dan\\.gradle\\caches\\modules-2\\files-2.1\\org.junit.platform\\junit-platform-commons\\1.7.0\\84e309fbf21d857aac079a3c1fffd84284e1114d\\junit-platform-commons-1.7.0.jar;C:\\Users\\Dan\\.gradle\\caches\\modules-2\\files-2.1\\org.junit.jupiter\\junit-jupiter-engine\\5.7.0\\d9044d6b45e2232ddd53fa56c15333e43d1749fd\\junit-jupiter-engine-5.7.0.jar;C:\\Users\\Dan\\.gradle\\caches\\modules-2\\files-2.1\\org.junit.jupiter\\junit-jupiter-api\\5.7.0\\b25f3815c4c1860a73041e733a14a0379d00c4d5\\junit-jupiter-api-5.7.0.jar;C:\\Users\\Dan\\.gradle\\caches\\modules-2\\files-2.1\\org.springframework.boot\\spring-boot-starter-json\\2.4.3\\7b26abb0a0379a00b58a2a50e010b29cf4f16b80\\spring-boot-starter-json-2.4.3.jar;C:\\Users\\Dan\\.gradle\\caches\\modules-2\\files-2.1\\org.springframework.boot\\spring-boot-starter\\2.4.3\\fd8bc0fb5f5aaefb4d6c8b77eb61563aab840c11\\spring-boot-starter-2.4.3.jar;C:\\Users\\Dan\\.gradle\\caches\\modules-2\\files-2.1\\org.springframework.boot\\spring-boot-starter-tomcat\\2.4.3\\4ba28aae05a259625e7e92f8e7338c5e1d22de35\\spring-boot-starter-tomcat-2.4.3.jar;C:\\Users\\Dan\\.gradle\\caches\\modules-2\\files-2.1\\org.springframework\\spring-webmvc\\5.3.4\\8dd52fbe8eafcc7c80998087ec6635baf7a98c20\\spring-webmvc-5.3.4.jar;C:\\Users\\Dan\\.gradle\\caches\\modules-2\\files-2.1\\org.springframework\\spring-web\\5.3.4\\d93829e24a50ed22e781f2302680a210cac5ee84\\spring-web-5.3.4.jar;C:\\Users\\Dan\\.gradle\\caches\\modules-2\\files-2.1\\org.hibernate.common\\hibernate-commons-annotations\\5.1.2.Final\\e59ffdbc6ad09eeb33507b39ffcf287679a498c8\\hibernate-commons-annotations-5.1.2.Final.jar;C:\\Users\\Dan\\.gradle\\caches\\modules-2\\files-2.1\\org.jboss.logging\\jboss-logging\\3.4.1.Final\\40fd4d696c55793e996d1ff3c475833f836c2498\\jboss-logging-3.4.1.Final.jar;C:\\Users\\Dan\\.gradle\\caches\\modules-2\\files-2.1\\javax.persistence\\javax.persistence-api\\2.2\\25665ac8c0b62f50e6488173233239120fc52c96\\javax.persistence-api-2.2.jar;C:\\Users\\Dan\\.gradle\\caches\\modules-2\\files-2.1\\org.javassist\\javassist\\3.27.0-GA\\f63e6aa899e15eca8fdaa402a79af4c417252213\\javassist-3.27.0-GA.jar;C:\\Users\\Dan\\.gradle\\caches\\modules-2\\files-2.1\\net.bytebuddy\\byte-buddy\\1.10.21\\5abe8e141cac9d50a721a22d9c188b3bf19ad0aa\\byte-buddy-1.10.21.jar;C:\\Users\\Dan\\.gradle\\caches\\modules-2\\files-2.1\\antlr\\antlr\\2.7.7\\83cd2cd674a217ade95a4bb83a8a14f351f48bd0\\antlr-2.7.7.jar;C:\\Users\\Dan\\.gradle\\caches\\modules-2\\files-2.1\\org.jboss.spec.javax.transaction\\jboss-transaction-api_1.2_spec\\1.1.1.Final\\a8485cab9484dda36e9a8c319e76b5cc18797b58\\jboss-transaction-api_1.2_spec-1.1.1.Final.jar;C:\\Users\\Dan\\.gradle\\caches\\modules-2\\files-2.1\\org.jboss\\jandex\\2.2.3.Final\\d3865101f0666b63586683bd811d754517f331ab\\jandex-2.2.3.Final.jar;C:\\Users\\Dan\\.gradle\\caches\\modules-2\\files-2.1\\com.fasterxml\\classmate\\1.5.1\\3fe0bed568c62df5e89f4f174c101eab25345b6c\\classmate-1.5.1.jar;C:\\Users\\Dan\\.gradle\\caches\\modules-2\\files-2.1\\org.glassfish.jaxb\\jaxb-runtime\\2.3.1\\dd6dda9da676a54c5b36ca2806ff95ee017d8738\\jaxb-runtime-2.3.1.jar;C:\\Users\\Dan\\.gradle\\caches\\modules-2\\files-2.1\\javax.xml.bind\\jaxb-api\\2.3.1\\8531ad5ac454cc2deb9d4d32c40c4d7451939b5d\\jaxb-api-2.3.1.jar;C:\\Users\\Dan\\.gradle\\caches\\modules-2\\files-2.1\\javax.activation\\javax.activation-api\\1.2.0\\85262acf3ca9816f9537ca47d5adeabaead7cb16\\javax.activation-api-1.2.0.jar;C:\\Users\\Dan\\.gradle\\caches\\modules-2\\files-2.1\\org.dom4j\\dom4j\\2.1.3\\a75914155a9f5808963170ec20653668a2ffd2fd\\dom4j-2.1.3.jar;C:\\Users\\Dan\\.gradle\\caches\\modules-2\\files-2.1\\org.apiguardian\\apiguardian-api\\1.1.0\\fc9dff4bb36d627bdc553de77e1f17efd790876c\\apiguardian-api-1.1.0.jar;C:\\Users\\Dan\\.gradle\\caches\\modules-2\\files-2.1\\org.opentest4j\\opentest4j\\1.2.0\\28c11eb91f9b6d8e200631d46e20a7f407f2a046\\opentest4j-1.2.0.jar;C:\\Users\\Dan\\.gradle\\caches\\modules-2\\files-2.1\\org.springframework.boot\\spring-boot-autoconfigure\\2.4.3\\2f8e1e682e55f70c8ea557982c7adb1256f41bcf\\spring-boot-autoconfigure-2.4.3.jar;C:\\Users\\Dan\\.gradle\\caches\\modules-2\\files-2.1\\org.springframework.boot\\spring-boot\\2.4.3\\de2bd17a8eb9bc3dfa629aa06f2e9fe3bf603c85\\spring-boot-2.4.3.jar;C:\\Users\\Dan\\.gradle\\caches\\modules-2\\files-2.1\\org.springframework.boot\\spring-boot-starter-logging\\2.4.3\\64687abc2255d18cd6592cbb20fa3bee3379cec8\\spring-boot-starter-logging-2.4.3.jar;C:\\Users\\Dan\\.gradle\\caches\\modules-2\\files-2.1\\jakarta.annotation\\jakarta.annotation-api\\1.3.5\\59eb84ee0d616332ff44aba065f3888cf002cd2d\\jakarta.annotation-api-1.3.5.jar;C:\\Users\\Dan\\.gradle\\caches\\modules-2\\files-2.1\\org.springframework\\spring-context\\5.3.4\\fbeadeb0e4d272599a938ec345e99e5f9a76e919\\spring-context-5.3.4.jar;C:\\Users\\Dan\\.gradle\\caches\\modules-2\\files-2.1\\org.springframework\\spring-aop\\5.3.4\\b7180a6427ab524bc1cbd31bf38dd2182632515f\\spring-aop-5.3.4.jar;C:\\Users\\Dan\\.gradle\\caches\\modules-2\\files-2.1\\org.springframework\\spring-beans\\5.3.4\\ac6c5ea0ba82f555405f74104cf378f8071c6d25\\spring-beans-5.3.4.jar;C:\\Users\\Dan\\.gradle\\caches\\modules-2\\files-2.1\\org.springframework\\spring-expression\\5.3.4\\42b71fa955e43a86471509aef14cefe756fc3794\\spring-expression-5.3.4.jar;C:\\Users\\Dan\\.gradle\\caches\\modules-2\\files-2.1\\org.springframework\\spring-core\\5.3.4\\46c1f8abd9e02a292c42a257350f365cec152b5d\\spring-core-5.3.4.jar;C:\\Users\\Dan\\.gradle\\caches\\modules-2\\files-2.1\\org.yaml\\snakeyaml\\1.27\\359d62567480b07a679dc643f82fc926b100eed5\\snakeyaml-1.27.jar;C:\\Users\\Dan\\.gradle\\caches\\modules-2\\files-2.1\\com.fasterxml.jackson.datatype\\jackson-datatype-jdk8\\2.11.4\\e1540dea3c6c681ea4e335a960f730861ee3bedb\\jackson-datatype-jdk8-2.11.4.jar;C:\\Users\\Dan\\.gradle\\caches\\modules-2\\files-2.1\\com.fasterxml.jackson.datatype\\jackson-datatype-jsr310\\2.11.4\\ce6fc76bba06623720e5a9308386b6ae74753f4d\\jackson-datatype-jsr310-2.11.4.jar;C:\\Users\\Dan\\.gradle\\caches\\modules-2\\files-2.1\\com.fasterxml.jackson.module\\jackson-module-parameter-names\\2.11.4\\432e050d79f2282a66c320375d628f1b0842cb12\\jackson-module-parameter-names-2.11.4.jar;C:\\Users\\Dan\\.gradle\\caches\\modules-2\\files-2.1\\com.fasterxml.jackson.core\\jackson-databind\\2.11.4\\5d9f3d441f99d721b957e3497f0a6465c764fad4\\jackson-databind-2.11.4.jar;C:\\Users\\Dan\\.gradle\\caches\\modules-2\\files-2.1\\org.apache.tomcat.embed\\tomcat-embed-websocket\\9.0.43\\78232648dde1a5fd5093f0a3999e593d208e2eab\\tomcat-embed-websocket-9.0.43.jar;C:\\Users\\Dan\\.gradle\\caches\\modules-2\\files-2.1\\org.apache.tomcat.embed\\tomcat-embed-core\\9.0.43\\1d102277426bdd5b12f048731a91665bb69347d1\\tomcat-embed-core-9.0.43.jar;C:\\Users\\Dan\\.gradle\\caches\\modules-2\\files-2.1\\org.glassfish\\jakarta.el\\3.0.3\\dab46ee1ee23f7197c13d7c40fce14817c9017df\\jakarta.el-3.0.3.jar;C:\\Users\\Dan\\.gradle\\caches\\modules-2\\files-2.1\\org.glassfish.jaxb\\txw2\\2.3.1\\a09d2c48d3285f206fafbffe0e50619284e92126\\txw2-2.3.1.jar;C:\\Users\\Dan\\.gradle\\caches\\modules-2\\files-2.1\\com.sun.istack\\istack-commons-runtime\\3.0.7\\c197c86ceec7318b1284bffb49b54226ca774003\\istack-commons-runtime-3.0.7.jar;C:\\Users\\Dan\\.gradle\\caches\\modules-2\\files-2.1\\org.jvnet.staxex\\stax-ex\\1.8\\8cc35f73da321c29973191f2cf143d29d26a1df7\\stax-ex-1.8.jar;C:\\Users\\Dan\\.gradle\\caches\\modules-2\\files-2.1\\com.sun.xml.fastinfoset\\FastInfoset\\1.2.15\\bb7b7ec0379982b97c62cd17465cb6d9155f68e8\\FastInfoset-1.2.15.jar;C:\\Users\\Dan\\.gradle\\caches\\modules-2\\files-2.1\\ch.qos.logback\\logback-classic\\1.2.3\\7c4f3c474fb2c041d8028740440937705ebb473a\\logback-classic-1.2.3.jar;C:\\Users\\Dan\\.gradle\\caches\\modules-2\\files-2.1\\org.apache.logging.log4j\\log4j-to-slf4j\\2.13.3\\966f6fd1af4959d6b12bfa880121d4a2b164f857\\log4j-to-slf4j-2.13.3.jar;C:\\Users\\Dan\\.gradle\\caches\\modules-2\\files-2.1\\org.slf4j\\jul-to-slf4j\\1.7.30\\d58bebff8cbf70ff52b59208586095f467656c30\\jul-to-slf4j-1.7.30.jar;C:\\Users\\Dan\\.gradle\\caches\\modules-2\\files-2.1\\org.springframework\\spring-jcl\\5.3.4\\ca012eb4e9e57f767aa9d5e51fe9a09b28140808\\spring-jcl-5.3.4.jar;C:\\Users\\Dan\\.gradle\\caches\\modules-2\\files-2.1\\com.fasterxml.jackson.core\\jackson-annotations\\2.11.4\\2c3f5c079330f3a01726686a078979420f547ae4\\jackson-annotations-2.11.4.jar;C:\\Users\\Dan\\.gradle\\caches\\modules-2\\files-2.1\\com.fasterxml.jackson.core\\jackson-core\\2.11.4\\593f7b18bab07a76767f181e2a2336135ce82cc4\\jackson-core-2.11.4.jar;C:\\Users\\Dan\\.gradle\\caches\\modules-2\\files-2.1\\ch.qos.logback\\logback-core\\1.2.3\\864344400c3d4d92dfeb0a305dc87d953677c03c\\logback-core-1.2.3.jar;C:\\Users\\Dan\\.gradle\\caches\\modules-2\\files-2.1\\org.slf4j\\slf4j-api\\1.7.30\\b5a4b6d16ab13e34a88fae84c35cd5d68cac922c\\slf4j-api-1.7.30.jar;C:\\Users\\Dan\\.gradle\\caches\\modules-2\\files-2.1\\org.apache.logging.log4j\\log4j-api\\2.13.3\\ec1508160b93d274b1add34419b897bae84c6ca9\\log4j-api-2.13.3.jar, java.vm.vendor=Oracle Corporation, sun.arch.data.model=64, user.variant=, java.vendor.url=http://java.oracle.com/, user.timezone=Europe/Athens, os.name=Windows 10, java.vm.specification.version=11, user.country=US, sun.java.launcher=SUN_STANDARD, sun.boot.library.path=C:\Program Files\Java\jdk-11.0.6\bin, sun.java.command=worker.org.gradle.process.internal.worker.GradleWorkerMain 'Gradle Test Executor 3', jdk.debug=release, sun.cpu.endian=little, user.home=C:\Users\Dan, user.language=en, java.specification.vendor=Oracle Corporation, org.gradle.native=false, java.version.date=2020-01-14, java.home=C:\Program Files\Java\jdk-11.0.6, file.separator=\, java.vm.compressedOopsMode=32-bit, line.separator=
, java.specification.name=Java Platform API Specification, java.vm.specification.vendor=Oracle Corporation, java.awt.graphicsenv=sun.awt.Win32GraphicsEnvironment, hibernate.hbm2ddl.auto=update, user.script=, sun.management.compiler=HotSpot 64-Bit Tiered Compilers, java.runtime.version=11.0.6+8-LTS, user.name=Dan, path.separator=;, hibernate.connection.username=****, os.version=10.0, hibernate.enable_lazy_load_no_trans=true, java.runtime.name=Java(TM) SE Runtime Environment, hibernate.connection.url=jdbc:sqlite:D:\Facultate\Projects\OrganizareCompanie\database, file.encoding=windows-1250, java.vm.name=Java HotSpot(TM) 64-Bit Server VM, hibernate.show_sql=true, java.vendor.version=18.9, hibernate.current_session_context_class=thread, hibernate.connection.driver_class=org.sqlite.JDBC, java.vendor.url.bug=http://bugreport.java.com/bugreport/, java.io.tmpdir=C:\Users\Dan\AppData\Local\Temp\, java.version=11.0.6, user.dir=D:\Facultate\Projects\OrganizareCompanie, os.arch=amd64, java.vm.specification.name=Java Virtual Machine Specification, java.awt.printerjob=sun.awt.windows.WPrinterJob, hibernate.connection.password=****, sun.os.patch.level=, connection.driver_class=org.sqlite.JDBC, hibernate.boot.CfgXmlAccessService.key=org.hibernate.boot.cfgxml.spi.LoadedConfig@645cc477, java.library.path=C:\Program Files\Java\jdk-11.0.6\bin;C:\WINDOWS\Sun\Java\bin;C:\WINDOWS\system32;C:\WINDOWS;;C:\Python38\Scripts\;C:\Python38\;D:\Facultate\Scripts\;D:\Facultate\;C:\Users\Dan\Desktop\Facultate 2018-2019\Semestrul I\Fundamentele programarii\Python\Scripts\;C:\Users\Dan\Desktop\Facultate 2018-2019\Semestrul I\Fundamentele programarii\Python\;C:\Users\Dan\Desktop\Facultate 2018-2019\Semestrul I\Fundamentele programarii\Scripts\;C:\Users\Dan\Desktop\Facultate 2018-2019\Semestrul I\Fundamentele programarii\;C:\WINDOWS\system32;C:\WINDOWS;C:\WINDOWS\System32\Wbem;C:\WINDOWS\System32\WindowsPowerShell\v1.0\;C:\WINDOWS\System32\OpenSSH\;D:\Facultate\PuTTY\;C:\Program Files\dotnet\;C:\Program Files\Microsoft SQL Server\Client SDK\ODBC\170\Tools\Binn\;C:\Users\Dan\Proto\bin;D:\Facultate\NodeJS\;C:\ProgramData\chocolatey\bin;C:\Program Files\Git\cmd;C:\Program Files\Java\jdk-10.0.2\bin;C:\Program Files (x86)\GnuWin32\bin;C:\MinGW\bin;C:\Program Files\Java\jdk-11.0.6\bin;C:\WINDOWS\system32;C:\WINDOWS;C:\WINDOWS\System32\Wbem;C:\WINDOWS\System32\WindowsPowerShell\v1.0\;C:\WINDOWS\System32\OpenSSH\;C:\Program Files\Intel\WiFi\bin\;C:\Program Files\Common Files\Intel\WirelessCommon\;D:\Facultate\Python\Scripts\;D:\Facultate\Python\;C:\Users\Dan\AppData\Local\Microsoft\WindowsApps;C:\Users\Dan\AppData\Local\GitHubDesktop\bin;C:\Users\Dan\AppData\Roaming\npm;D:\Facultate\Microsoft VS Code\bin;C:\Users\Dan\AppData\Local\Microsoft\WindowsApps;C:\Users\Dan\Documents\driver;;., java.vendor=Oracle Corporation, java.vm.info=mixed mode, java.vm.version=11.0.6+8-LTS, hibernate.bytecode.use_reflection_optimizer=false, sun.io.unicode.encoding=UnicodeLittle, hibernate.connection.pool_size=1, connection.url=jdbc:sqlite:D:\Facultate\Projects\OrganizareCompanie\database, java.class.version=55.0}
21:23:01.491 [Test worker] DEBUG org.hibernate.secure.spi.JaccIntegrator - Skipping JACC integration as it was not enabled
21:23:01.491 [Test worker] DEBUG org.hibernate.internal.SessionFactoryImpl - Instantiated session factory
21:23:01.491 [Test worker] DEBUG org.hibernate.type.spi.TypeConfiguration$Scope - Scoping TypeConfiguration [org.hibernate.type.spi.TypeConfiguration@3b46b98c] to SessionFactoryImpl [org.hibernate.internal.SessionFactoryImpl@3c15bd8e]
21:23:01.491 [Test worker] DEBUG org.hibernate.boot.internal.ClassLoaderAccessImpl - Not known whether passed class name [domain.Functie] is safe
21:23:01.491 [Test worker] DEBUG org.hibernate.boot.internal.ClassLoaderAccessImpl - No temp ClassLoader provided; using live ClassLoader for loading potentially unsafe class : domain.Functie
21:23:01.491 [Test worker] DEBUG org.hibernate.boot.internal.ClassLoaderAccessImpl - Not known whether passed class name [domain.Departament] is safe
21:23:01.491 [Test worker] DEBUG org.hibernate.boot.internal.ClassLoaderAccessImpl - No temp ClassLoader provided; using live ClassLoader for loading potentially unsafe class : domain.Departament
21:23:01.491 [Test worker] DEBUG org.hibernate.boot.internal.ClassLoaderAccessImpl - Not known whether passed class name [domain.Angajat] is safe
21:23:01.491 [Test worker] DEBUG org.hibernate.boot.internal.ClassLoaderAccessImpl - No temp ClassLoader provided; using live ClassLoader for loading potentially unsafe class : domain.Angajat
21:23:01.491 [Test worker] DEBUG org.hibernate.boot.internal.ClassLoaderAccessImpl - Not known whether passed class name [domain.Proiect] is safe
21:23:01.491 [Test worker] DEBUG org.hibernate.boot.internal.ClassLoaderAccessImpl - No temp ClassLoader provided; using live ClassLoader for loading potentially unsafe class : domain.Proiect
21:23:01.507 [Test worker] DEBUG org.hibernate.boot.internal.ClassLoaderAccessImpl - Not known whether passed class name [domain.Concediu] is safe
21:23:01.507 [Test worker] DEBUG org.hibernate.boot.internal.ClassLoaderAccessImpl - No temp ClassLoader provided; using live ClassLoader for loading potentially unsafe class : domain.Concediu
21:23:01.507 [Test worker] DEBUG org.hibernate.persister.collection.AbstractCollectionPersister - Static SQL for collection: domain.Angajat.proiecte
21:23:01.507 [Test worker] DEBUG org.hibernate.persister.collection.AbstractCollectionPersister -  Row insert: insert into angajati_proiecte (id_angajat, id_proiect) values (?, ?)
21:23:01.507 [Test worker] DEBUG org.hibernate.persister.collection.AbstractCollectionPersister -  Row update: update angajati_proiecte set id_proiect=? where id_angajat=? and id_proiect=?
21:23:01.507 [Test worker] DEBUG org.hibernate.persister.collection.AbstractCollectionPersister -  Row delete: delete from angajati_proiecte where id_angajat=? and id_proiect=?
21:23:01.507 [Test worker] DEBUG org.hibernate.persister.collection.AbstractCollectionPersister -  One-shot delete: delete from angajati_proiecte where id_angajat=?
21:23:01.507 [Test worker] DEBUG org.hibernate.persister.collection.AbstractCollectionPersister - Static SQL for collection: domain.Angajat.concedii
21:23:01.507 [Test worker] DEBUG org.hibernate.persister.collection.AbstractCollectionPersister -  Row insert: update concedii set id_angajat=? where id=?
21:23:01.507 [Test worker] DEBUG org.hibernate.persister.collection.AbstractCollectionPersister -  Row update: update concedii set  where id=?
21:23:01.507 [Test worker] DEBUG org.hibernate.persister.collection.AbstractCollectionPersister -  Row delete: update concedii set id_angajat=null where id_angajat=? and id=?
21:23:01.507 [Test worker] DEBUG org.hibernate.persister.collection.AbstractCollectionPersister -  One-shot delete: update concedii set id_angajat=null where id_angajat=?
21:23:01.507 [Test worker] DEBUG org.hibernate.persister.collection.AbstractCollectionPersister - Static SQL for collection: domain.Angajat.departamente
21:23:01.507 [Test worker] DEBUG org.hibernate.persister.collection.AbstractCollectionPersister -  Row insert: insert into angajati_departamente (id_angajat, id_departament) values (?, ?)
21:23:01.507 [Test worker] DEBUG org.hibernate.persister.collection.AbstractCollectionPersister -  Row update: update angajati_departamente set id_departament=? where id_angajat=? and id_departament=?
21:23:01.507 [Test worker] DEBUG org.hibernate.persister.collection.AbstractCollectionPersister -  Row delete: delete from angajati_departamente where id_angajat=? and id_departament=?
21:23:01.507 [Test worker] DEBUG org.hibernate.persister.collection.AbstractCollectionPersister -  One-shot delete: delete from angajati_departamente where id_angajat=?
21:23:01.507 [Test worker] DEBUG org.hibernate.persister.entity.AbstractEntityPersister - Static SQL for entity: domain.Functie
21:23:01.507 [Test worker] DEBUG org.hibernate.persister.entity.AbstractEntityPersister -  Version select: select id from functii where id =?
21:23:01.507 [Test worker] DEBUG org.hibernate.persister.entity.AbstractEntityPersister -  Snapshot select: select functie_.id, functie_.salar_de_baza as salar_de2_5_ from functii functie_ where functie_.id=?
21:23:01.507 [Test worker] DEBUG org.hibernate.persister.entity.AbstractEntityPersister -  Insert 0: insert into functii (salar_de_baza, id) values (?, ?)
21:23:01.507 [Test worker] DEBUG org.hibernate.persister.entity.AbstractEntityPersister -  Update 0: update functii set salar_de_baza=? where id=?
21:23:01.507 [Test worker] DEBUG org.hibernate.persister.entity.AbstractEntityPersister -  Delete 0: delete from functii where id=?
21:23:01.507 [Test worker] DEBUG org.hibernate.persister.entity.AbstractEntityPersister -  Identity insert: insert into functii (salar_de_baza) values (?)
21:23:01.507 [Test worker] DEBUG org.hibernate.loader.plan.build.internal.spaces.QuerySpacesImpl - Adding QuerySpace : uid = <gen:0> -> org.hibernate.loader.plan.build.internal.spaces.EntityQuerySpaceImpl@1f6ac7df]
21:23:01.507 [Test worker] DEBUG org.hibernate.persister.walking.spi.MetamodelGraphWalker - Visiting attribute path : salarDeBaza
21:23:01.507 [Test worker] DEBUG org.hibernate.loader.plan.build.internal.FetchStyleLoadPlanBuildingAssociationVisitationStrategy - Building LoadPlan...
21:23:01.507 [Test worker] DEBUG org.hibernate.loader.plan.exec.internal.LoadQueryJoinAndFetchProcessor - processing queryspace <gen:0>
21:23:01.507 [Test worker] DEBUG org.hibernate.loader.plan.build.spi.LoadPlanTreePrinter - LoadPlan(entity=domain.Functie)
    - Returns
       - EntityReturnImpl(entity=domain.Functie, querySpaceUid=<gen:0>, path=domain.Functie)
    - QuerySpaces
       - EntityQuerySpaceImpl(uid=<gen:0>, entity=domain.Functie)
          - SQL table alias mapping - functie0_
          - alias suffix - 0_
          - suffixed key columns - {id1_5_0_}

21:23:01.507 [Test worker] DEBUG org.hibernate.loader.entity.plan.EntityLoader - Static select for entity domain.Functie [NONE]: select functie0_.id as id1_5_0_, functie0_.salar_de_baza as salar_de2_5_0_ from functii functie0_ where functie0_.id=?
21:23:01.507 [Test worker] DEBUG org.hibernate.persister.entity.AbstractEntityPersister - Static SQL for entity: domain.Departament
21:23:01.507 [Test worker] DEBUG org.hibernate.persister.entity.AbstractEntityPersister -  Version select: select id from departamente where id =?
21:23:01.507 [Test worker] DEBUG org.hibernate.persister.entity.AbstractEntityPersister -  Snapshot select: select departamen_.id, departamen_.id_director as id_direc2_4_ from departamente departamen_ where departamen_.id=?
21:23:01.507 [Test worker] DEBUG org.hibernate.persister.entity.AbstractEntityPersister -  Insert 0: insert into departamente (id_director, id) values (?, ?)
21:23:01.507 [Test worker] DEBUG org.hibernate.persister.entity.AbstractEntityPersister -  Update 0: update departamente set id_director=? where id=?
21:23:01.507 [Test worker] DEBUG org.hibernate.persister.entity.AbstractEntityPersister -  Delete 0: delete from departamente where id=?
21:23:01.507 [Test worker] DEBUG org.hibernate.persister.entity.AbstractEntityPersister -  Identity insert: insert into departamente (id_director) values (?)
21:23:01.507 [Test worker] DEBUG org.hibernate.loader.plan.build.internal.spaces.QuerySpacesImpl - Adding QuerySpace : uid = <gen:0> -> org.hibernate.loader.plan.build.internal.spaces.EntityQuerySpaceImpl@22cea577]
21:23:01.507 [Test worker] DEBUG org.hibernate.persister.walking.spi.MetamodelGraphWalker - Visiting attribute path : idDirector
21:23:01.507 [Test worker] DEBUG org.hibernate.loader.plan.build.internal.FetchStyleLoadPlanBuildingAssociationVisitationStrategy - Building LoadPlan...
21:23:01.507 [Test worker] DEBUG org.hibernate.loader.plan.exec.internal.LoadQueryJoinAndFetchProcessor - processing queryspace <gen:0>
21:23:01.507 [Test worker] DEBUG org.hibernate.loader.plan.build.spi.LoadPlanTreePrinter - LoadPlan(entity=domain.Departament)
    - Returns
       - EntityReturnImpl(entity=domain.Departament, querySpaceUid=<gen:0>, path=domain.Departament)
    - QuerySpaces
       - EntityQuerySpaceImpl(uid=<gen:0>, entity=domain.Departament)
          - SQL table alias mapping - departamen0_
          - alias suffix - 0_
          - suffixed key columns - {id1_4_0_}

21:23:01.507 [Test worker] DEBUG org.hibernate.loader.entity.plan.EntityLoader - Static select for entity domain.Departament [NONE]: select departamen0_.id as id1_4_0_, departamen0_.id_director as id_direc2_4_0_ from departamente departamen0_ where departamen0_.id=?
21:23:01.507 [Test worker] DEBUG org.hibernate.persister.entity.AbstractEntityPersister - Static SQL for entity: domain.Angajat
21:23:01.507 [Test worker] DEBUG org.hibernate.persister.entity.AbstractEntityPersister -  Version select: select id from angajati where id =?
21:23:01.507 [Test worker] DEBUG org.hibernate.persister.entity.AbstractEntityPersister -  Snapshot select: select angajat_.id, angajat_.data_angajare as data_ang2_0_, angajat_.functie_id as functie_4_0_, angajat_.id_superior as id_super3_0_ from angajati angajat_ where angajat_.id=?
21:23:01.507 [Test worker] DEBUG org.hibernate.persister.entity.AbstractEntityPersister -  Insert 0: insert into angajati (data_angajare, functie_id, id_superior, id) values (?, ?, ?, ?)
21:23:01.507 [Test worker] DEBUG org.hibernate.persister.entity.AbstractEntityPersister -  Update 0: update angajati set data_angajare=?, functie_id=?, id_superior=? where id=?
21:23:01.507 [Test worker] DEBUG org.hibernate.persister.entity.AbstractEntityPersister -  Delete 0: delete from angajati where id=?
21:23:01.507 [Test worker] DEBUG org.hibernate.persister.entity.AbstractEntityPersister -  Identity insert: insert into angajati (data_angajare, functie_id, id_superior) values (?, ?, ?)
21:23:01.507 [Test worker] DEBUG org.hibernate.loader.plan.build.internal.spaces.QuerySpacesImpl - Adding QuerySpace : uid = <gen:0> -> org.hibernate.loader.plan.build.internal.spaces.EntityQuerySpaceImpl@12179baf]
21:23:01.507 [Test worker] DEBUG org.hibernate.persister.walking.spi.MetamodelGraphWalker - Visiting attribute path : concedii
21:23:01.507 [Test worker] DEBUG org.hibernate.loader.plan.build.internal.spaces.QuerySpacesImpl - Adding QuerySpace : uid = <gen:1> -> org.hibernate.loader.plan.build.internal.spaces.CollectionQuerySpaceImpl@112242b0]
21:23:01.507 [Test worker] DEBUG org.hibernate.loader.plan.build.internal.spaces.QuerySpacesImpl - Adding QuerySpace : uid = <gen:2> -> org.hibernate.loader.plan.build.internal.spaces.EntityQuerySpaceImpl@1dfd9821]
21:23:01.507 [Test worker] DEBUG org.hibernate.persister.walking.spi.MetamodelGraphWalker - Visiting attribute path : dataAngajare
21:23:01.507 [Test worker] DEBUG org.hibernate.persister.walking.spi.MetamodelGraphWalker - Visiting attribute path : departamente
21:23:01.507 [Test worker] DEBUG org.hibernate.loader.plan.build.internal.spaces.QuerySpacesImpl - Adding QuerySpace : uid = <gen:3> -> org.hibernate.loader.plan.build.internal.spaces.CollectionQuerySpaceImpl@3319b2d2]
21:23:01.507 [Test worker] DEBUG org.hibernate.loader.plan.build.internal.spaces.QuerySpacesImpl - Adding QuerySpace : uid = <gen:4> -> org.hibernate.loader.plan.build.internal.spaces.EntityQuerySpaceImpl@705a46db]
21:23:01.507 [Test worker] DEBUG org.hibernate.persister.walking.spi.MetamodelGraphWalker - Visiting attribute path : functie
21:23:01.507 [Test worker] DEBUG org.hibernate.loader.plan.build.internal.spaces.QuerySpacesImpl - Adding QuerySpace : uid = <gen:5> -> org.hibernate.loader.plan.build.internal.spaces.EntityQuerySpaceImpl@73eeada2]
21:23:01.507 [Test worker] DEBUG org.hibernate.persister.walking.spi.MetamodelGraphWalker - Visiting attribute path : functie.salarDeBaza
21:23:01.507 [Test worker] DEBUG org.hibernate.persister.walking.spi.MetamodelGraphWalker - Visiting attribute path : idSuperior
21:23:01.507 [Test worker] DEBUG org.hibernate.persister.walking.spi.MetamodelGraphWalker - Visiting attribute path : proiecte
21:23:01.507 [Test worker] DEBUG org.hibernate.loader.plan.build.internal.spaces.QuerySpacesImpl - Adding QuerySpace : uid = <gen:6> -> org.hibernate.loader.plan.build.internal.spaces.CollectionQuerySpaceImpl@7c52b2da]
21:23:01.507 [Test worker] DEBUG org.hibernate.loader.plan.build.internal.spaces.QuerySpacesImpl - Adding QuerySpace : uid = <gen:7> -> org.hibernate.loader.plan.build.internal.spaces.EntityQuerySpaceImpl@5e1c4f15]
21:23:01.507 [Test worker] DEBUG org.hibernate.loader.plan.build.internal.FetchStyleLoadPlanBuildingAssociationVisitationStrategy - Building LoadPlan...
21:23:01.507 [Test worker] DEBUG org.hibernate.loader.plan.exec.internal.LoadQueryJoinAndFetchProcessor - processing queryspace <gen:0>
21:23:01.507 [Test worker] DEBUG org.hibernate.loader.plan.build.spi.LoadPlanTreePrinter - LoadPlan(entity=domain.Angajat)
    - Returns
       - EntityReturnImpl(entity=domain.Angajat, querySpaceUid=<gen:0>, path=domain.Angajat)
          - CollectionAttributeFetchImpl(collection=domain.Angajat.concedii, querySpaceUid=<gen:1>, path=domain.Angajat.concedii)
             - (collection element) CollectionFetchableElementEntityGraph(entity=domain.Concediu, querySpaceUid=<gen:2>, path=domain.Angajat.concedii.<elements>)
          - CollectionAttributeFetchImpl(collection=domain.Angajat.departamente, querySpaceUid=<gen:3>, path=domain.Angajat.departamente)
             - (collection element) CollectionFetchableElementEntityGraph(entity=domain.Departament, querySpaceUid=<gen:4>, path=domain.Angajat.departamente.<elements>)
          - EntityAttributeFetchImpl(entity=domain.Functie, querySpaceUid=<gen:5>, path=domain.Angajat.functie)
          - CollectionAttributeFetchImpl(collection=domain.Angajat.proiecte, querySpaceUid=<gen:6>, path=domain.Angajat.proiecte)
             - (collection element) CollectionFetchableElementEntityGraph(entity=domain.Proiect, querySpaceUid=<gen:7>, path=domain.Angajat.proiecte.<elements>)
    - QuerySpaces
       - EntityQuerySpaceImpl(uid=<gen:0>, entity=domain.Angajat)
          - SQL table alias mapping - angajat0_
          - alias suffix - 0_
          - suffixed key columns - {id1_0_0_}
          - JOIN (JoinDefinedByMetadata(functie)) : <gen:0> -> <gen:5>
             - EntityQuerySpaceImpl(uid=<gen:5>, entity=domain.Functie)
                - SQL table alias mapping - functie1_
                - alias suffix - 1_
                - suffixed key columns - {id1_5_1_}

21:23:01.507 [Test worker] DEBUG org.hibernate.loader.entity.plan.EntityLoader - Static select for entity domain.Angajat [NONE]: select angajat0_.id as id1_0_0_, angajat0_.data_angajare as data_ang2_0_0_, angajat0_.functie_id as functie_4_0_0_, angajat0_.id_superior as id_super3_0_0_, functie1_.id as id1_5_1_, functie1_.salar_de_baza as salar_de2_5_1_ from angajati angajat0_ left outer join functii functie1_ on angajat0_.functie_id=functie1_.id where angajat0_.id=?
21:23:01.507 [Test worker] DEBUG org.hibernate.persister.entity.AbstractEntityPersister - Static SQL for entity: domain.Proiect
21:23:01.507 [Test worker] DEBUG org.hibernate.persister.entity.AbstractEntityPersister -  Version select: select id from proiecte where id =?
21:23:01.507 [Test worker] DEBUG org.hibernate.persister.entity.AbstractEntityPersister -  Snapshot select: select proiect_.id, proiect_.data_inceput as data_inc2_6_, proiect_.deadline as deadline3_6_ from proiecte proiect_ where proiect_.id=?
21:23:01.507 [Test worker] DEBUG org.hibernate.persister.entity.AbstractEntityPersister -  Insert 0: insert into proiecte (data_inceput, deadline, id) values (?, ?, ?)
21:23:01.507 [Test worker] DEBUG org.hibernate.persister.entity.AbstractEntityPersister -  Update 0: update proiecte set data_inceput=?, deadline=? where id=?
21:23:01.507 [Test worker] DEBUG org.hibernate.persister.entity.AbstractEntityPersister -  Delete 0: delete from proiecte where id=?
21:23:01.507 [Test worker] DEBUG org.hibernate.persister.entity.AbstractEntityPersister -  Identity insert: insert into proiecte (data_inceput, deadline) values (?, ?)
21:23:01.507 [Test worker] DEBUG org.hibernate.loader.plan.build.internal.spaces.QuerySpacesImpl - Adding QuerySpace : uid = <gen:0> -> org.hibernate.loader.plan.build.internal.spaces.EntityQuerySpaceImpl@58997ac9]
21:23:01.507 [Test worker] DEBUG org.hibernate.persister.walking.spi.MetamodelGraphWalker - Visiting attribute path : dataInceput
21:23:01.507 [Test worker] DEBUG org.hibernate.persister.walking.spi.MetamodelGraphWalker - Visiting attribute path : deadline
21:23:01.507 [Test worker] DEBUG org.hibernate.loader.plan.build.internal.FetchStyleLoadPlanBuildingAssociationVisitationStrategy - Building LoadPlan...
21:23:01.507 [Test worker] DEBUG org.hibernate.loader.plan.exec.internal.LoadQueryJoinAndFetchProcessor - processing queryspace <gen:0>
21:23:01.507 [Test worker] DEBUG org.hibernate.loader.plan.build.spi.LoadPlanTreePrinter - LoadPlan(entity=domain.Proiect)
    - Returns
       - EntityReturnImpl(entity=domain.Proiect, querySpaceUid=<gen:0>, path=domain.Proiect)
    - QuerySpaces
       - EntityQuerySpaceImpl(uid=<gen:0>, entity=domain.Proiect)
          - SQL table alias mapping - proiect0_
          - alias suffix - 0_
          - suffixed key columns - {id1_6_0_}

21:23:01.507 [Test worker] DEBUG org.hibernate.loader.entity.plan.EntityLoader - Static select for entity domain.Proiect [NONE]: select proiect0_.id as id1_6_0_, proiect0_.data_inceput as data_inc2_6_0_, proiect0_.deadline as deadline3_6_0_ from proiecte proiect0_ where proiect0_.id=?
21:23:01.507 [Test worker] DEBUG org.hibernate.persister.entity.AbstractEntityPersister - Static SQL for entity: domain.Concediu
21:23:01.507 [Test worker] DEBUG org.hibernate.persister.entity.AbstractEntityPersister -  Version select: select id from concedii where id =?
21:23:01.507 [Test worker] DEBUG org.hibernate.persister.entity.AbstractEntityPersister -  Snapshot select: select concediu_.id, concediu_.id_angajat as id_angaj4_3_, concediu_.data_inceput as data_inc2_3_, concediu_.data_sfarsit as data_sfa3_3_ from concedii concediu_ where concediu_.id=?
21:23:01.507 [Test worker] DEBUG org.hibernate.persister.entity.AbstractEntityPersister -  Insert 0: insert into concedii (id_angajat, data_inceput, data_sfarsit, id) values (?, ?, ?, ?)
21:23:01.507 [Test worker] DEBUG org.hibernate.persister.entity.AbstractEntityPersister -  Update 0: update concedii set id_angajat=?, data_inceput=?, data_sfarsit=? where id=?
21:23:01.507 [Test worker] DEBUG org.hibernate.persister.entity.AbstractEntityPersister -  Delete 0: delete from concedii where id=?
21:23:01.507 [Test worker] DEBUG org.hibernate.persister.entity.AbstractEntityPersister -  Identity insert: insert into concedii (id_angajat, data_inceput, data_sfarsit) values (?, ?, ?)
21:23:01.507 [Test worker] DEBUG org.hibernate.loader.plan.build.internal.spaces.QuerySpacesImpl - Adding QuerySpace : uid = <gen:0> -> org.hibernate.loader.plan.build.internal.spaces.EntityQuerySpaceImpl@2b76e838]
21:23:01.507 [Test worker] DEBUG org.hibernate.persister.walking.spi.MetamodelGraphWalker - Visiting attribute path : angajat
21:23:01.507 [Test worker] DEBUG org.hibernate.loader.plan.build.internal.spaces.QuerySpacesImpl - Adding QuerySpace : uid = <gen:1> -> org.hibernate.loader.plan.build.internal.spaces.EntityQuerySpaceImpl@47201aa]
21:23:01.507 [Test worker] DEBUG org.hibernate.persister.walking.spi.MetamodelGraphWalker - Visiting attribute path : dataInceput
21:23:01.507 [Test worker] DEBUG org.hibernate.persister.walking.spi.MetamodelGraphWalker - Visiting attribute path : dataSfarsit
21:23:01.507 [Test worker] DEBUG org.hibernate.loader.plan.build.internal.FetchStyleLoadPlanBuildingAssociationVisitationStrategy - Building LoadPlan...
21:23:01.507 [Test worker] DEBUG org.hibernate.loader.plan.exec.internal.LoadQueryJoinAndFetchProcessor - processing queryspace <gen:0>
21:23:01.507 [Test worker] DEBUG org.hibernate.loader.plan.build.spi.LoadPlanTreePrinter - LoadPlan(entity=domain.Concediu)
    - Returns
       - EntityReturnImpl(entity=domain.Concediu, querySpaceUid=<gen:0>, path=domain.Concediu)
          - EntityAttributeFetchImpl(entity=domain.Angajat, querySpaceUid=<gen:1>, path=domain.Concediu.angajat)
    - QuerySpaces
       - EntityQuerySpaceImpl(uid=<gen:0>, entity=domain.Concediu)
          - SQL table alias mapping - concediu0_
          - alias suffix - 0_
          - suffixed key columns - {id1_3_0_}

21:23:01.507 [Test worker] DEBUG org.hibernate.loader.entity.plan.EntityLoader - Static select for entity domain.Concediu [NONE]: select concediu0_.id as id1_3_0_, concediu0_.id_angajat as id_angaj4_3_0_, concediu0_.data_inceput as data_inc2_3_0_, concediu0_.data_sfarsit as data_sfa3_3_0_ from concedii concediu0_ where concediu0_.id=?
21:23:01.507 [Test worker] DEBUG org.hibernate.loader.plan.build.internal.spaces.QuerySpacesImpl - Adding QuerySpace : uid = <gen:0> -> org.hibernate.loader.plan.build.internal.spaces.CollectionQuerySpaceImpl@1c87e2e1]
21:23:01.507 [Test worker] DEBUG org.hibernate.loader.plan.build.internal.spaces.QuerySpacesImpl - Adding QuerySpace : uid = <gen:1> -> org.hibernate.loader.plan.build.internal.spaces.EntityQuerySpaceImpl@2cfe61]
21:23:01.507 [Test worker] DEBUG org.hibernate.persister.walking.spi.MetamodelGraphWalker - Visiting attribute path : dataInceput
21:23:01.507 [Test worker] DEBUG org.hibernate.persister.walking.spi.MetamodelGraphWalker - Visiting attribute path : deadline
21:23:01.507 [Test worker] DEBUG org.hibernate.loader.plan.build.internal.FetchStyleLoadPlanBuildingAssociationVisitationStrategy - Building LoadPlan...
21:23:01.507 [Test worker] DEBUG org.hibernate.loader.plan.exec.internal.LoadQueryJoinAndFetchProcessor - processing queryspace <gen:0>
21:23:01.507 [Test worker] DEBUG org.hibernate.loader.plan.build.spi.LoadPlanTreePrinter - LoadPlan(collection=domain.Angajat.proiecte)
    - Returns
       - CollectionReturnImpl(collection=domain.Angajat.proiecte, querySpaceUid=<gen:0>, path=[domain.Angajat.proiecte])
          - (collection element) CollectionFetchableElementEntityGraph(entity=domain.Proiect, querySpaceUid=<gen:1>, path=[domain.Angajat.proiecte].<elements>)
    - QuerySpaces
       - CollectionQuerySpaceImpl(uid=<gen:0>, collection=domain.Angajat.proiecte)
          - SQL table alias mapping - proiecte0_
          - alias suffix - 0_
          - suffixed key columns - {id_angaj1_2_0_}
          - entity-element alias suffix - 1_
          - 1_entity-element suffixed key columns - id1_6_1_
          - JOIN (JoinDefinedByMetadata(elements)) : <gen:0> -> <gen:1>
             - EntityQuerySpaceImpl(uid=<gen:1>, entity=domain.Proiect)
                - SQL table alias mapping - proiect1_
                - alias suffix - 1_
                - suffixed key columns - {id1_6_1_}

21:23:01.507 [Test worker] DEBUG org.hibernate.loader.collection.plan.CollectionLoader - Static select for collection domain.Angajat.proiecte: select proiecte0_.id_angajat as id_angaj1_2_0_, proiecte0_.id_proiect as id_proie2_2_0_, proiect1_.id as id1_6_1_, proiect1_.data_inceput as data_inc2_6_1_, proiect1_.deadline as deadline3_6_1_ from angajati_proiecte proiecte0_ inner join proiecte proiect1_ on proiecte0_.id_proiect=proiect1_.id where proiecte0_.id_angajat=?
21:23:01.507 [Test worker] DEBUG org.hibernate.loader.plan.build.internal.spaces.QuerySpacesImpl - Adding QuerySpace : uid = <gen:0> -> org.hibernate.loader.plan.build.internal.spaces.CollectionQuerySpaceImpl@534b3de3]
21:23:01.507 [Test worker] DEBUG org.hibernate.loader.plan.build.internal.spaces.QuerySpacesImpl - Adding QuerySpace : uid = <gen:1> -> org.hibernate.loader.plan.build.internal.spaces.EntityQuerySpaceImpl@34730e1d]
21:23:01.507 [Test worker] DEBUG org.hibernate.persister.walking.spi.MetamodelGraphWalker - Visiting attribute path : angajat
21:23:01.507 [Test worker] DEBUG org.hibernate.persister.walking.spi.MetamodelGraphWalker - Property path deemed to be circular : angajat
21:23:01.507 [Test worker] DEBUG org.hibernate.persister.walking.spi.MetamodelGraphWalker - Visiting attribute path : dataInceput
21:23:01.507 [Test worker] DEBUG org.hibernate.persister.walking.spi.MetamodelGraphWalker - Visiting attribute path : dataSfarsit
21:23:01.507 [Test worker] DEBUG org.hibernate.loader.plan.build.internal.FetchStyleLoadPlanBuildingAssociationVisitationStrategy - Building LoadPlan...
21:23:01.507 [Test worker] DEBUG org.hibernate.loader.plan.exec.internal.LoadQueryJoinAndFetchProcessor - processing queryspace <gen:0>
21:23:01.507 [Test worker] DEBUG org.hibernate.loader.plan.build.spi.LoadPlanTreePrinter - LoadPlan(collection=domain.Angajat.concedii)
    - Returns
       - CollectionReturnImpl(collection=domain.Angajat.concedii, querySpaceUid=<gen:0>, path=[domain.Angajat.concedii])
          - (collection element) CollectionFetchableElementEntityGraph(entity=domain.Concediu, querySpaceUid=<gen:1>, path=[domain.Angajat.concedii].<elements>)
    - QuerySpaces
       - CollectionQuerySpaceImpl(uid=<gen:0>, collection=domain.Angajat.concedii)
          - SQL table alias mapping - concedii0_
          - alias suffix - 0_
          - suffixed key columns - {id_angaj4_3_0_}
          - entity-element alias suffix - 1_
          - 1_entity-element suffixed key columns - id1_3_1_
          - JOIN (JoinDefinedByMetadata(elements)) : <gen:0> -> <gen:1>
             - EntityQuerySpaceImpl(uid=<gen:1>, entity=domain.Concediu)
                - SQL table alias mapping - concedii0_
                - alias suffix - 1_
                - suffixed key columns - {id1_3_1_}

21:23:01.507 [Test worker] DEBUG org.hibernate.loader.collection.plan.CollectionLoader - Static select for collection domain.Angajat.concedii: select concedii0_.id_angajat as id_angaj4_3_0_, concedii0_.id as id1_3_0_, concedii0_.id as id1_3_1_, concedii0_.id_angajat as id_angaj4_3_1_, concedii0_.data_inceput as data_inc2_3_1_, concedii0_.data_sfarsit as data_sfa3_3_1_ from concedii concedii0_ where concedii0_.id_angajat=?
21:23:01.507 [Test worker] DEBUG org.hibernate.loader.plan.build.internal.spaces.QuerySpacesImpl - Adding QuerySpace : uid = <gen:0> -> org.hibernate.loader.plan.build.internal.spaces.CollectionQuerySpaceImpl@73689d86]
21:23:01.507 [Test worker] DEBUG org.hibernate.loader.plan.build.internal.spaces.QuerySpacesImpl - Adding QuerySpace : uid = <gen:1> -> org.hibernate.loader.plan.build.internal.spaces.EntityQuerySpaceImpl@5fc77610]
21:23:01.507 [Test worker] DEBUG org.hibernate.persister.walking.spi.MetamodelGraphWalker - Visiting attribute path : idDirector
21:23:01.507 [Test worker] DEBUG org.hibernate.loader.plan.build.internal.FetchStyleLoadPlanBuildingAssociationVisitationStrategy - Building LoadPlan...
21:23:01.507 [Test worker] DEBUG org.hibernate.loader.plan.exec.internal.LoadQueryJoinAndFetchProcessor - processing queryspace <gen:0>
21:23:01.507 [Test worker] DEBUG org.hibernate.loader.plan.build.spi.LoadPlanTreePrinter - LoadPlan(collection=domain.Angajat.departamente)
    - Returns
       - CollectionReturnImpl(collection=domain.Angajat.departamente, querySpaceUid=<gen:0>, path=[domain.Angajat.departamente])
          - (collection element) CollectionFetchableElementEntityGraph(entity=domain.Departament, querySpaceUid=<gen:1>, path=[domain.Angajat.departamente].<elements>)
    - QuerySpaces
       - CollectionQuerySpaceImpl(uid=<gen:0>, collection=domain.Angajat.departamente)
          - SQL table alias mapping - departamen0_
          - alias suffix - 0_
          - suffixed key columns - {id_angaj1_1_0_}
          - entity-element alias suffix - 1_
          - 1_entity-element suffixed key columns - id1_4_1_
          - JOIN (JoinDefinedByMetadata(elements)) : <gen:0> -> <gen:1>
             - EntityQuerySpaceImpl(uid=<gen:1>, entity=domain.Departament)
                - SQL table alias mapping - departamen1_
                - alias suffix - 1_
                - suffixed key columns - {id1_4_1_}

21:23:01.507 [Test worker] DEBUG org.hibernate.loader.collection.plan.CollectionLoader - Static select for collection domain.Angajat.departamente: select departamen0_.id_angajat as id_angaj1_1_0_, departamen0_.id_departament as id_depar2_1_0_, departamen1_.id as id1_4_1_, departamen1_.id_director as id_direc2_4_1_ from angajati_departamente departamen0_ inner join departamente departamen1_ on departamen0_.id_departament=departamen1_.id where departamen0_.id_angajat=?
21:23:01.507 [Test worker] INFO org.hibernate.orm.connections.access - HHH10001501: Connection obtained from JdbcConnectionAccess [org.hibernate.engine.jdbc.env.internal.JdbcEnvironmentInitiator$ConnectionProviderJdbcConnectionAccess@19354e7] for (non-JTA) DDL execution was not in auto-commit mode; the Connection 'local transaction' will be committed and the Connection will be set into auto-commit mode.
21:23:01.507 [Test worker] DEBUG org.hibernate.mapping.Table - No alter strings for table : angajati
21:23:01.507 [Test worker] DEBUG org.hibernate.mapping.Table - No alter strings for table : angajati_departamente
21:23:01.507 [Test worker] DEBUG org.hibernate.mapping.Table - No alter strings for table : angajati_proiecte
21:23:01.507 [Test worker] DEBUG org.hibernate.mapping.Table - No alter strings for table : concedii
21:23:01.507 [Test worker] DEBUG org.hibernate.mapping.Table - No alter strings for table : departamente
21:23:01.507 [Test worker] DEBUG org.hibernate.mapping.Table - No alter strings for table : functii
21:23:01.507 [Test worker] DEBUG org.hibernate.mapping.Table - No alter strings for table : proiecte
21:23:01.507 [Test worker] DEBUG org.hibernate.query.spi.NamedQueryRepository - Checking 0 named HQL queries
21:23:01.507 [Test worker] DEBUG org.hibernate.query.spi.NamedQueryRepository - Checking 0 named SQL queries
21:23:01.507 [Test worker] DEBUG org.hibernate.internal.SessionFactoryRegistry - Registering SessionFactory: 7c58fc7e-8249-4301-bab2-ac9c61a580eb (<unnamed>)
21:23:01.507 [Test worker] DEBUG org.hibernate.internal.SessionFactoryRegistry - Not binding SessionFactory to JNDI, no JNDI name configured
21:23:01.507 [Test worker] DEBUG org.hibernate.integrator.internal.IntegratorServiceImpl - Adding Integrator [org.hibernate.cfg.beanvalidation.BeanValidationIntegrator].
21:23:01.507 [Test worker] DEBUG org.hibernate.integrator.internal.IntegratorServiceImpl - Adding Integrator [org.hibernate.secure.spi.JaccIntegrator].
21:23:01.507 [Test worker] DEBUG org.hibernate.integrator.internal.IntegratorServiceImpl - Adding Integrator [org.hibernate.cache.internal.CollectionCacheInvalidator].
21:23:01.507 [Test worker] DEBUG org.hibernate.boot.jaxb.internal.stax.LocalXmlResourceResolver - Interpreting public/system identifier : [-//Hibernate/Hibernate Configuration DTD 3.0//EN] - [http://hibernate.org/dtd/hibernate-configuration-3.0.dtd]
21:23:01.538 [Test worker] DEBUG org.hibernate.boot.cfgxml.internal.JaxbCfgProcessor - cfg.xml document did not define namespaces; wrapping in custom event reader to introduce namespace information
21:23:01.554 [Test worker] DEBUG org.hibernate.service.spi.ServiceBinding - Overriding existing service binding [org.hibernate.secure.spi.JaccService]
21:23:01.554 [Test worker] DEBUG org.hibernate.cache.internal.RegionFactoryInitiator - Cannot default RegionFactory based on registered strategies as `[]` RegionFactory strategies were registered
21:23:01.554 [Test worker] DEBUG org.hibernate.cache.internal.RegionFactoryInitiator - Cache region factory : org.hibernate.cache.internal.NoCachingRegionFactory
21:23:01.554 [Test worker] DEBUG org.hibernate.type.BasicTypeRegistry - Adding type registration boolean -> org.hibernate.type.BooleanType@121b529f
21:23:01.554 [Test worker] DEBUG org.hibernate.type.BasicTypeRegistry - Adding type registration boolean -> org.hibernate.type.BooleanType@121b529f
21:23:01.554 [Test worker] DEBUG org.hibernate.type.BasicTypeRegistry - Adding type registration java.lang.Boolean -> org.hibernate.type.BooleanType@121b529f
21:23:01.554 [Test worker] DEBUG org.hibernate.type.BasicTypeRegistry - Adding type registration numeric_boolean -> org.hibernate.type.NumericBooleanType@7dc81433
21:23:01.554 [Test worker] DEBUG org.hibernate.type.BasicTypeRegistry - Adding type registration true_false -> org.hibernate.type.TrueFalseType@60c371da
21:23:01.554 [Test worker] DEBUG org.hibernate.type.BasicTypeRegistry - Adding type registration yes_no -> org.hibernate.type.YesNoType@51ef89fc
21:23:01.554 [Test worker] DEBUG org.hibernate.type.BasicTypeRegistry - Adding type registration byte -> org.hibernate.type.ByteType@1502feca
21:23:01.554 [Test worker] DEBUG org.hibernate.type.BasicTypeRegistry - Adding type registration byte -> org.hibernate.type.ByteType@1502feca
21:23:01.554 [Test worker] DEBUG org.hibernate.type.BasicTypeRegistry - Adding type registration java.lang.Byte -> org.hibernate.type.ByteType@1502feca
21:23:01.554 [Test worker] DEBUG org.hibernate.type.BasicTypeRegistry - Adding type registration character -> org.hibernate.type.CharacterType@5aca38b4
21:23:01.554 [Test worker] DEBUG org.hibernate.type.BasicTypeRegistry - Adding type registration char -> org.hibernate.type.CharacterType@5aca38b4
21:23:01.554 [Test worker] DEBUG org.hibernate.type.BasicTypeRegistry - Adding type registration java.lang.Character -> org.hibernate.type.CharacterType@5aca38b4
21:23:01.554 [Test worker] DEBUG org.hibernate.type.BasicTypeRegistry - Adding type registration short -> org.hibernate.type.ShortType@212db0b9
21:23:01.554 [Test worker] DEBUG org.hibernate.type.BasicTypeRegistry - Adding type registration short -> org.hibernate.type.ShortType@212db0b9
21:23:01.554 [Test worker] DEBUG org.hibernate.type.BasicTypeRegistry - Adding type registration java.lang.Short -> org.hibernate.type.ShortType@212db0b9
21:23:01.554 [Test worker] DEBUG org.hibernate.type.BasicTypeRegistry - Adding type registration integer -> org.hibernate.type.IntegerType@14f541d2
21:23:01.554 [Test worker] DEBUG org.hibernate.type.BasicTypeRegistry - Adding type registration int -> org.hibernate.type.IntegerType@14f541d2
21:23:01.554 [Test worker] DEBUG org.hibernate.type.BasicTypeRegistry - Adding type registration java.lang.Integer -> org.hibernate.type.IntegerType@14f541d2
21:23:01.554 [Test worker] DEBUG org.hibernate.type.BasicTypeRegistry - Adding type registration long -> org.hibernate.type.LongType@357c5fef
21:23:01.554 [Test worker] DEBUG org.hibernate.type.BasicTypeRegistry - Adding type registration long -> org.hibernate.type.LongType@357c5fef
21:23:01.554 [Test worker] DEBUG org.hibernate.type.BasicTypeRegistry - Adding type registration java.lang.Long -> org.hibernate.type.LongType@357c5fef
21:23:01.554 [Test worker] DEBUG org.hibernate.type.BasicTypeRegistry - Adding type registration float -> org.hibernate.type.FloatType@68835e55
21:23:01.554 [Test worker] DEBUG org.hibernate.type.BasicTypeRegistry - Adding type registration float -> org.hibernate.type.FloatType@68835e55
21:23:01.554 [Test worker] DEBUG org.hibernate.type.BasicTypeRegistry - Adding type registration java.lang.Float -> org.hibernate.type.FloatType@68835e55
21:23:01.554 [Test worker] DEBUG org.hibernate.type.BasicTypeRegistry - Adding type registration double -> org.hibernate.type.DoubleType@1db8c4bf
21:23:01.554 [Test worker] DEBUG org.hibernate.type.BasicTypeRegistry - Adding type registration double -> org.hibernate.type.DoubleType@1db8c4bf
21:23:01.554 [Test worker] DEBUG org.hibernate.type.BasicTypeRegistry - Adding type registration java.lang.Double -> org.hibernate.type.DoubleType@1db8c4bf
21:23:01.554 [Test worker] DEBUG org.hibernate.type.BasicTypeRegistry - Adding type registration big_decimal -> org.hibernate.type.BigDecimalType@2bd9f5a7
21:23:01.554 [Test worker] DEBUG org.hibernate.type.BasicTypeRegistry - Adding type registration java.math.BigDecimal -> org.hibernate.type.BigDecimalType@2bd9f5a7
21:23:01.554 [Test worker] DEBUG org.hibernate.type.BasicTypeRegistry - Adding type registration big_integer -> org.hibernate.type.BigIntegerType@67766712
21:23:01.554 [Test worker] DEBUG org.hibernate.type.BasicTypeRegistry - Adding type registration java.math.BigInteger -> org.hibernate.type.BigIntegerType@67766712
21:23:01.554 [Test worker] DEBUG org.hibernate.type.BasicTypeRegistry - Adding type registration string -> org.hibernate.type.StringType@5abe721f
21:23:01.554 [Test worker] DEBUG org.hibernate.type.BasicTypeRegistry - Adding type registration java.lang.String -> org.hibernate.type.StringType@5abe721f
21:23:01.554 [Test worker] DEBUG org.hibernate.type.BasicTypeRegistry - Adding type registration nstring -> org.hibernate.type.StringNVarcharType@5ca83c4b
21:23:01.554 [Test worker] DEBUG org.hibernate.type.BasicTypeRegistry - Adding type registration ncharacter -> org.hibernate.type.CharacterNCharType@181579aa
21:23:01.554 [Test worker] DEBUG org.hibernate.type.BasicTypeRegistry - Adding type registration url -> org.hibernate.type.UrlType@2d95e7ff
21:23:01.554 [Test worker] DEBUG org.hibernate.type.BasicTypeRegistry - Adding type registration java.net.URL -> org.hibernate.type.UrlType@2d95e7ff
21:23:01.554 [Test worker] DEBUG org.hibernate.type.BasicTypeRegistry - Adding type registration Duration -> org.hibernate.type.DurationType@1f6d6ec5
21:23:01.554 [Test worker] DEBUG org.hibernate.type.BasicTypeRegistry - Adding type registration java.time.Duration -> org.hibernate.type.DurationType@1f6d6ec5
21:23:01.554 [Test worker] DEBUG org.hibernate.type.BasicTypeRegistry - Adding type registration Instant -> org.hibernate.type.InstantType@799b3880
21:23:01.554 [Test worker] DEBUG org.hibernate.type.BasicTypeRegistry - Adding type registration java.time.Instant -> org.hibernate.type.InstantType@799b3880
21:23:01.554 [Test worker] DEBUG org.hibernate.type.BasicTypeRegistry - Adding type registration LocalDateTime -> org.hibernate.type.LocalDateTimeType@3c9b7dcd
21:23:01.554 [Test worker] DEBUG org.hibernate.type.BasicTypeRegistry - Adding type registration java.time.LocalDateTime -> org.hibernate.type.LocalDateTimeType@3c9b7dcd
21:23:01.554 [Test worker] DEBUG org.hibernate.type.BasicTypeRegistry - Adding type registration LocalDate -> org.hibernate.type.LocalDateType@73b9d317
21:23:01.554 [Test worker] DEBUG org.hibernate.type.BasicTypeRegistry - Adding type registration java.time.LocalDate -> org.hibernate.type.LocalDateType@73b9d317
21:23:01.554 [Test worker] DEBUG org.hibernate.type.BasicTypeRegistry - Adding type registration LocalTime -> org.hibernate.type.LocalTimeType@3e938176
21:23:01.554 [Test worker] DEBUG org.hibernate.type.BasicTypeRegistry - Adding type registration java.time.LocalTime -> org.hibernate.type.LocalTimeType@3e938176
21:23:01.554 [Test worker] DEBUG org.hibernate.type.BasicTypeRegistry - Adding type registration OffsetDateTime -> org.hibernate.type.OffsetDateTimeType@1006f6a5
21:23:01.554 [Test worker] DEBUG org.hibernate.type.BasicTypeRegistry - Adding type registration java.time.OffsetDateTime -> org.hibernate.type.OffsetDateTimeType@1006f6a5
21:23:01.554 [Test worker] DEBUG org.hibernate.type.BasicTypeRegistry - Adding type registration OffsetTime -> org.hibernate.type.OffsetTimeType@5ebf30b8
21:23:01.554 [Test worker] DEBUG org.hibernate.type.BasicTypeRegistry - Adding type registration java.time.OffsetTime -> org.hibernate.type.OffsetTimeType@5ebf30b8
21:23:01.554 [Test worker] DEBUG org.hibernate.type.BasicTypeRegistry - Adding type registration ZonedDateTime -> org.hibernate.type.ZonedDateTimeType@5ecdce3a
21:23:01.554 [Test worker] DEBUG org.hibernate.type.BasicTypeRegistry - Adding type registration java.time.ZonedDateTime -> org.hibernate.type.ZonedDateTimeType@5ecdce3a
21:23:01.554 [Test worker] DEBUG org.hibernate.type.BasicTypeRegistry - Adding type registration date -> org.hibernate.type.DateType@34878a9c
21:23:01.554 [Test worker] DEBUG org.hibernate.type.BasicTypeRegistry - Adding type registration java.sql.Date -> org.hibernate.type.DateType@34878a9c
21:23:01.554 [Test worker] DEBUG org.hibernate.type.BasicTypeRegistry - Adding type registration time -> org.hibernate.type.TimeType@4be75fc9
21:23:01.554 [Test worker] DEBUG org.hibernate.type.BasicTypeRegistry - Adding type registration java.sql.Time -> org.hibernate.type.TimeType@4be75fc9
21:23:01.554 [Test worker] DEBUG org.hibernate.type.BasicTypeRegistry - Adding type registration timestamp -> org.hibernate.type.TimestampType@cd6dcfb
21:23:01.554 [Test worker] DEBUG org.hibernate.type.BasicTypeRegistry - Adding type registration java.sql.Timestamp -> org.hibernate.type.TimestampType@cd6dcfb
21:23:01.554 [Test worker] DEBUG org.hibernate.type.BasicTypeRegistry - Adding type registration java.util.Date -> org.hibernate.type.TimestampType@cd6dcfb
21:23:01.554 [Test worker] DEBUG org.hibernate.type.BasicTypeRegistry - Adding type registration dbtimestamp -> org.hibernate.type.DbTimestampType@6f70db50
21:23:01.554 [Test worker] DEBUG org.hibernate.type.BasicTypeRegistry - Adding type registration calendar -> org.hibernate.type.CalendarType@232580e4
21:23:01.554 [Test worker] DEBUG org.hibernate.type.BasicTypeRegistry - Adding type registration java.util.Calendar -> org.hibernate.type.CalendarType@232580e4
21:23:01.554 [Test worker] DEBUG org.hibernate.type.BasicTypeRegistry - Adding type registration java.util.GregorianCalendar -> org.hibernate.type.CalendarType@232580e4
21:23:01.554 [Test worker] DEBUG org.hibernate.type.BasicTypeRegistry - Adding type registration calendar_date -> org.hibernate.type.CalendarDateType@2d226c99
21:23:01.554 [Test worker] DEBUG org.hibernate.type.BasicTypeRegistry - Adding type registration calendar_time -> org.hibernate.type.CalendarTimeType@5f0ca092
21:23:01.554 [Test worker] DEBUG org.hibernate.type.BasicTypeRegistry - Adding type registration locale -> org.hibernate.type.LocaleType@2e7d6fc7
21:23:01.554 [Test worker] DEBUG org.hibernate.type.BasicTypeRegistry - Adding type registration java.util.Locale -> org.hibernate.type.LocaleType@2e7d6fc7
21:23:01.554 [Test worker] DEBUG org.hibernate.type.BasicTypeRegistry - Adding type registration currency -> org.hibernate.type.CurrencyType@298b5abb
21:23:01.554 [Test worker] DEBUG org.hibernate.type.BasicTypeRegistry - Adding type registration java.util.Currency -> org.hibernate.type.CurrencyType@298b5abb
21:23:01.554 [Test worker] DEBUG org.hibernate.type.BasicTypeRegistry - Adding type registration timezone -> org.hibernate.type.TimeZoneType@6a7223ce
21:23:01.554 [Test worker] DEBUG org.hibernate.type.BasicTypeRegistry - Adding type registration java.util.TimeZone -> org.hibernate.type.TimeZoneType@6a7223ce
21:23:01.554 [Test worker] DEBUG org.hibernate.type.BasicTypeRegistry - Adding type registration class -> org.hibernate.type.ClassType@17c86e61
21:23:01.554 [Test worker] DEBUG org.hibernate.type.BasicTypeRegistry - Adding type registration java.lang.Class -> org.hibernate.type.ClassType@17c86e61
21:23:01.554 [Test worker] DEBUG org.hibernate.type.BasicTypeRegistry - Adding type registration uuid-binary -> org.hibernate.type.UUIDBinaryType@165a29f7
21:23:01.554 [Test worker] DEBUG org.hibernate.type.BasicTypeRegistry - Adding type registration java.util.UUID -> org.hibernate.type.UUIDBinaryType@165a29f7
21:23:01.554 [Test worker] DEBUG org.hibernate.type.BasicTypeRegistry - Adding type registration uuid-char -> org.hibernate.type.UUIDCharType@57061eb5
21:23:01.554 [Test worker] DEBUG org.hibernate.type.BasicTypeRegistry - Adding type registration binary -> org.hibernate.type.BinaryType@377a3a57
21:23:01.554 [Test worker] DEBUG org.hibernate.type.BasicTypeRegistry - Adding type registration byte[] -> org.hibernate.type.BinaryType@377a3a57
21:23:01.554 [Test worker] DEBUG org.hibernate.type.BasicTypeRegistry - Adding type registration [B -> org.hibernate.type.BinaryType@377a3a57
21:23:01.554 [Test worker] DEBUG org.hibernate.type.BasicTypeRegistry - Adding type registration wrapper-binary -> org.hibernate.type.WrapperBinaryType@15236686
21:23:01.554 [Test worker] DEBUG org.hibernate.type.BasicTypeRegistry - Adding type registration Byte[] -> org.hibernate.type.WrapperBinaryType@15236686
21:23:01.554 [Test worker] DEBUG org.hibernate.type.BasicTypeRegistry - Adding type registration [Ljava.lang.Byte; -> org.hibernate.type.WrapperBinaryType@15236686
21:23:01.554 [Test worker] DEBUG org.hibernate.type.BasicTypeRegistry - Adding type registration row_version -> org.hibernate.type.RowVersionType@480544d3
21:23:01.554 [Test worker] DEBUG org.hibernate.type.BasicTypeRegistry - Adding type registration image -> org.hibernate.type.ImageType@a74733d
21:23:01.554 [Test worker] DEBUG org.hibernate.type.BasicTypeRegistry - Adding type registration characters -> org.hibernate.type.CharArrayType@10b707f8
21:23:01.554 [Test worker] DEBUG org.hibernate.type.BasicTypeRegistry - Adding type registration char[] -> org.hibernate.type.CharArrayType@10b707f8
21:23:01.554 [Test worker] DEBUG org.hibernate.type.BasicTypeRegistry - Adding type registration [C -> org.hibernate.type.CharArrayType@10b707f8
21:23:01.554 [Test worker] DEBUG org.hibernate.type.BasicTypeRegistry - Adding type registration wrapper-characters -> org.hibernate.type.CharacterArrayType@7586a107
21:23:01.554 [Test worker] DEBUG org.hibernate.type.BasicTypeRegistry - Adding type registration [Ljava.lang.Character; -> org.hibernate.type.CharacterArrayType@7586a107
21:23:01.554 [Test worker] DEBUG org.hibernate.type.BasicTypeRegistry - Adding type registration Character[] -> org.hibernate.type.CharacterArrayType@7586a107
21:23:01.554 [Test worker] DEBUG org.hibernate.type.BasicTypeRegistry - Adding type registration text -> org.hibernate.type.TextType@28e7117
21:23:01.554 [Test worker] DEBUG org.hibernate.type.BasicTypeRegistry - Adding type registration ntext -> org.hibernate.type.NTextType@4fe7c4b8
21:23:01.554 [Test worker] DEBUG org.hibernate.type.BasicTypeRegistry - Adding type registration blob -> org.hibernate.type.BlobType@69ff7971
21:23:01.554 [Test worker] DEBUG org.hibernate.type.BasicTypeRegistry - Adding type registration java.sql.Blob -> org.hibernate.type.BlobType@69ff7971
21:23:01.554 [Test worker] DEBUG org.hibernate.type.BasicTypeRegistry - Adding type registration materialized_blob -> org.hibernate.type.MaterializedBlobType@29a6bbfa
21:23:01.554 [Test worker] DEBUG org.hibernate.type.BasicTypeRegistry - Adding type registration clob -> org.hibernate.type.ClobType@6243fc09
21:23:01.554 [Test worker] DEBUG org.hibernate.type.BasicTypeRegistry - Adding type registration java.sql.Clob -> org.hibernate.type.ClobType@6243fc09
21:23:01.554 [Test worker] DEBUG org.hibernate.type.BasicTypeRegistry - Adding type registration nclob -> org.hibernate.type.NClobType@7a0e9fb4
21:23:01.554 [Test worker] DEBUG org.hibernate.type.BasicTypeRegistry - Adding type registration java.sql.NClob -> org.hibernate.type.NClobType@7a0e9fb4
21:23:01.554 [Test worker] DEBUG org.hibernate.type.BasicTypeRegistry - Adding type registration materialized_clob -> org.hibernate.type.MaterializedClobType@5568af29
21:23:01.554 [Test worker] DEBUG org.hibernate.type.BasicTypeRegistry - Adding type registration materialized_nclob -> org.hibernate.type.MaterializedNClobType@43589365
21:23:01.554 [Test worker] DEBUG org.hibernate.type.BasicTypeRegistry - Adding type registration serializable -> org.hibernate.type.SerializableType@49b714f8
21:23:01.554 [Test worker] DEBUG org.hibernate.type.BasicTypeRegistry - Adding type registration object -> org.hibernate.type.ObjectType@4b6f241f
21:23:01.554 [Test worker] DEBUG org.hibernate.type.BasicTypeRegistry - Adding type registration java.lang.Object -> org.hibernate.type.ObjectType@4b6f241f
21:23:01.554 [Test worker] DEBUG org.hibernate.type.BasicTypeRegistry - Adding type registration imm_date -> org.hibernate.type.AdaptedImmutableType@46e30c1a
21:23:01.554 [Test worker] DEBUG org.hibernate.type.BasicTypeRegistry - Adding type registration imm_time -> org.hibernate.type.AdaptedImmutableType@2570ecd
21:23:01.554 [Test worker] DEBUG org.hibernate.type.BasicTypeRegistry - Adding type registration imm_timestamp -> org.hibernate.type.AdaptedImmutableType@1cc5760
21:23:01.554 [Test worker] DEBUG org.hibernate.type.BasicTypeRegistry - Adding type registration imm_dbtimestamp -> org.hibernate.type.AdaptedImmutableType@23277a0f
21:23:01.554 [Test worker] DEBUG org.hibernate.type.BasicTypeRegistry - Adding type registration imm_calendar -> org.hibernate.type.AdaptedImmutableType@7d7a31ad
21:23:01.554 [Test worker] DEBUG org.hibernate.type.BasicTypeRegistry - Adding type registration imm_calendar_date -> org.hibernate.type.AdaptedImmutableType@47e179a9
21:23:01.554 [Test worker] DEBUG org.hibernate.type.BasicTypeRegistry - Adding type registration imm_binary -> org.hibernate.type.AdaptedImmutableType@24f54162
21:23:01.554 [Test worker] DEBUG org.hibernate.type.BasicTypeRegistry - Adding type registration imm_serializable -> org.hibernate.type.AdaptedImmutableType@3c9aa0f1
21:23:01.554 [Test worker] DEBUG org.hibernate.id.factory.internal.DefaultIdentifierGeneratorFactory - Registering IdentifierGenerator strategy [uuid2] -> [org.hibernate.id.UUIDGenerator]
21:23:01.554 [Test worker] DEBUG org.hibernate.id.factory.internal.DefaultIdentifierGeneratorFactory - Registering IdentifierGenerator strategy [guid] -> [org.hibernate.id.GUIDGenerator]
21:23:01.554 [Test worker] DEBUG org.hibernate.id.factory.internal.DefaultIdentifierGeneratorFactory - Registering IdentifierGenerator strategy [uuid] -> [org.hibernate.id.UUIDHexGenerator]
21:23:01.554 [Test worker] DEBUG org.hibernate.id.factory.internal.DefaultIdentifierGeneratorFactory - Registering IdentifierGenerator strategy [uuid.hex] -> [org.hibernate.id.UUIDHexGenerator]
21:23:01.554 [Test worker] DEBUG org.hibernate.id.factory.internal.DefaultIdentifierGeneratorFactory - Registering IdentifierGenerator strategy [assigned] -> [org.hibernate.id.Assigned]
21:23:01.554 [Test worker] DEBUG org.hibernate.id.factory.internal.DefaultIdentifierGeneratorFactory - Registering IdentifierGenerator strategy [identity] -> [org.hibernate.id.IdentityGenerator]
21:23:01.554 [Test worker] DEBUG org.hibernate.id.factory.internal.DefaultIdentifierGeneratorFactory - Registering IdentifierGenerator strategy [select] -> [org.hibernate.id.SelectGenerator]
21:23:01.554 [Test worker] DEBUG org.hibernate.id.factory.internal.DefaultIdentifierGeneratorFactory - Registering IdentifierGenerator strategy [sequence] -> [org.hibernate.id.enhanced.SequenceStyleGenerator]
21:23:01.554 [Test worker] DEBUG org.hibernate.id.factory.internal.DefaultIdentifierGeneratorFactory - Registering IdentifierGenerator strategy [seqhilo] -> [org.hibernate.id.SequenceHiLoGenerator]
21:23:01.554 [Test worker] DEBUG org.hibernate.id.factory.internal.DefaultIdentifierGeneratorFactory - Registering IdentifierGenerator strategy [increment] -> [org.hibernate.id.IncrementGenerator]
21:23:01.554 [Test worker] DEBUG org.hibernate.id.factory.internal.DefaultIdentifierGeneratorFactory - Registering IdentifierGenerator strategy [foreign] -> [org.hibernate.id.ForeignGenerator]
21:23:01.554 [Test worker] DEBUG org.hibernate.id.factory.internal.DefaultIdentifierGeneratorFactory - Registering IdentifierGenerator strategy [sequence-identity] -> [org.hibernate.id.SequenceIdentityGenerator]
21:23:01.554 [Test worker] DEBUG org.hibernate.id.factory.internal.DefaultIdentifierGeneratorFactory - Registering IdentifierGenerator strategy [enhanced-sequence] -> [org.hibernate.id.enhanced.SequenceStyleGenerator]
21:23:01.554 [Test worker] DEBUG org.hibernate.id.factory.internal.DefaultIdentifierGeneratorFactory - Registering IdentifierGenerator strategy [enhanced-table] -> [org.hibernate.id.enhanced.TableGenerator]
21:23:01.554 [Test worker] WARN org.hibernate.orm.connections.pooling - HHH10001002: Using Hibernate built-in connection pool (not for production use!)
21:23:01.554 [Test worker] INFO org.hibernate.orm.connections.pooling - HHH10001005: using driver [org.sqlite.JDBC] at URL [jdbc:sqlite:D:\Facultate\Projects\OrganizareCompanie\database]
21:23:01.554 [Test worker] INFO org.hibernate.orm.connections.pooling - HHH10001001: Connection properties: {password=root, user=root}
21:23:01.554 [Test worker] INFO org.hibernate.orm.connections.pooling - HHH10001003: Autocommit mode: false
21:23:01.554 [Test worker] DEBUG org.hibernate.engine.jdbc.connections.internal.DriverManagerConnectionProviderImpl - Initializing Connection pool with 1 Connections
21:23:01.554 [Test worker] INFO org.hibernate.engine.jdbc.connections.internal.DriverManagerConnectionProviderImpl - HHH000115: Hibernate connection pool size: 1 (min=1)
21:23:01.554 [Test worker] DEBUG org.hibernate.engine.jdbc.env.internal.JdbcEnvironmentInitiator - Database ->
       name : SQLite
    version : 3.34.0
      major : 3
      minor : 34
21:23:01.554 [Test worker] DEBUG org.hibernate.engine.jdbc.env.internal.JdbcEnvironmentInitiator - Driver ->
       name : SQLite JDBC
    version : 3.34.0
      major : 3
      minor : 34
21:23:01.554 [Test worker] DEBUG org.hibernate.engine.jdbc.env.internal.JdbcEnvironmentInitiator - JDBC version : 2.1
21:23:01.554 [Test worker] INFO org.hibernate.dialect.Dialect - HHH000400: Using dialect: utils.SQLiteDialect
21:23:01.554 [Test worker] DEBUG org.hibernate.engine.jdbc.env.spi.IdentifierHelperBuilder - JDBC driver metadata reported database stores quoted identifiers in neither upper, lower nor mixed case
21:23:01.554 [Test worker] DEBUG org.hibernate.engine.jdbc.env.spi.IdentifierHelperBuilder - IdentifierCaseStrategy for both quoted and unquoted identifiers was set to the same strategy [MIXED]; that will likely lead to problems in schema update and validation if using quoted identifiers
21:23:01.554 [Test worker] DEBUG org.hibernate.engine.jdbc.env.internal.LobCreatorBuilderImpl - HHH000423: Disabling contextual LOB creation as JDBC driver reported JDBC version [2] less than 4
21:23:01.554 [Test worker] DEBUG org.hibernate.boot.model.relational.Namespace - Created database namespace [logicalName=Name{catalog=null, schema=null}, physicalName=Name{catalog=null, schema=null}]
21:23:01.569 [Test worker] DEBUG org.hibernate.type.descriptor.java.JavaTypeDescriptorRegistry - JavaTypeDescriptorRegistry entry replaced : class java.time.Duration -> org.hibernate.type.descriptor.java.DurationJavaDescriptor@484b819 (was org.hibernate.type.descriptor.java.DurationJavaDescriptor@484b819)
21:23:01.569 [Test worker] DEBUG org.hibernate.type.descriptor.java.JavaTypeDescriptorRegistry - JavaTypeDescriptorRegistry entry replaced : class java.time.Instant -> org.hibernate.type.descriptor.java.InstantJavaDescriptor@7a6a60d2 (was org.hibernate.type.descriptor.java.InstantJavaDescriptor@7a6a60d2)
21:23:01.569 [Test worker] DEBUG org.hibernate.type.descriptor.java.JavaTypeDescriptorRegistry - JavaTypeDescriptorRegistry entry replaced : class java.time.LocalDate -> org.hibernate.type.descriptor.java.LocalDateJavaDescriptor@7ac3817d (was org.hibernate.type.descriptor.java.LocalDateJavaDescriptor@7ac3817d)
21:23:01.569 [Test worker] DEBUG org.hibernate.type.descriptor.java.JavaTypeDescriptorRegistry - JavaTypeDescriptorRegistry entry replaced : class java.time.LocalDateTime -> org.hibernate.type.descriptor.java.LocalDateTimeJavaDescriptor@616d0e6e (was org.hibernate.type.descriptor.java.LocalDateTimeJavaDescriptor@616d0e6e)
21:23:01.569 [Test worker] DEBUG org.hibernate.type.descriptor.java.JavaTypeDescriptorRegistry - JavaTypeDescriptorRegistry entry replaced : class java.time.OffsetDateTime -> org.hibernate.type.descriptor.java.OffsetDateTimeJavaDescriptor@4008262a (was org.hibernate.type.descriptor.java.OffsetDateTimeJavaDescriptor@4008262a)
21:23:01.569 [Test worker] DEBUG org.hibernate.type.descriptor.java.JavaTypeDescriptorRegistry - JavaTypeDescriptorRegistry entry replaced : class java.time.OffsetTime -> org.hibernate.type.descriptor.java.OffsetTimeJavaDescriptor@69cda209 (was org.hibernate.type.descriptor.java.OffsetTimeJavaDescriptor@69cda209)
21:23:01.569 [Test worker] DEBUG org.hibernate.type.descriptor.java.JavaTypeDescriptorRegistry - JavaTypeDescriptorRegistry entry replaced : class java.time.ZonedDateTime -> org.hibernate.type.descriptor.java.ZonedDateTimeJavaDescriptor@f630e24 (was org.hibernate.type.descriptor.java.ZonedDateTimeJavaDescriptor@f630e24)
21:23:01.569 [Test worker] DEBUG org.hibernate.type.BasicTypeRegistry - Adding type registration Duration -> org.hibernate.type.DurationType@1f6d6ec5
21:23:01.569 [Test worker] DEBUG org.hibernate.type.BasicTypeRegistry - Adding type registration java.time.Duration -> org.hibernate.type.DurationType@1f6d6ec5
21:23:01.569 [Test worker] DEBUG org.hibernate.type.BasicTypeRegistry - Adding type registration Instant -> org.hibernate.type.InstantType@799b3880
21:23:01.569 [Test worker] DEBUG org.hibernate.type.BasicTypeRegistry - Adding type registration java.time.Instant -> org.hibernate.type.InstantType@799b3880
21:23:01.569 [Test worker] DEBUG org.hibernate.type.BasicTypeRegistry - Adding type registration LocalDateTime -> org.hibernate.type.LocalDateTimeType@3c9b7dcd
21:23:01.569 [Test worker] DEBUG org.hibernate.type.BasicTypeRegistry - Adding type registration java.time.LocalDateTime -> org.hibernate.type.LocalDateTimeType@3c9b7dcd
21:23:01.569 [Test worker] DEBUG org.hibernate.type.BasicTypeRegistry - Adding type registration LocalDate -> org.hibernate.type.LocalDateType@73b9d317
21:23:01.569 [Test worker] DEBUG org.hibernate.type.BasicTypeRegistry - Adding type registration java.time.LocalDate -> org.hibernate.type.LocalDateType@73b9d317
21:23:01.569 [Test worker] DEBUG org.hibernate.type.BasicTypeRegistry - Adding type registration LocalTime -> org.hibernate.type.LocalTimeType@3e938176
21:23:01.569 [Test worker] DEBUG org.hibernate.type.BasicTypeRegistry - Adding type registration java.time.LocalTime -> org.hibernate.type.LocalTimeType@3e938176
21:23:01.569 [Test worker] DEBUG org.hibernate.type.BasicTypeRegistry - Adding type registration OffsetDateTime -> org.hibernate.type.OffsetDateTimeType@1006f6a5
21:23:01.569 [Test worker] DEBUG org.hibernate.type.BasicTypeRegistry - Adding type registration java.time.OffsetDateTime -> org.hibernate.type.OffsetDateTimeType@1006f6a5
21:23:01.569 [Test worker] DEBUG org.hibernate.type.BasicTypeRegistry - Adding type registration OffsetTime -> org.hibernate.type.OffsetTimeType@5ebf30b8
21:23:01.569 [Test worker] DEBUG org.hibernate.type.BasicTypeRegistry - Adding type registration java.time.OffsetTime -> org.hibernate.type.OffsetTimeType@5ebf30b8
21:23:01.569 [Test worker] DEBUG org.hibernate.type.BasicTypeRegistry - Adding type registration ZonedDateTime -> org.hibernate.type.ZonedDateTimeType@5ecdce3a
21:23:01.569 [Test worker] DEBUG org.hibernate.type.BasicTypeRegistry - Adding type registration java.time.ZonedDateTime -> org.hibernate.type.ZonedDateTimeType@5ecdce3a
21:23:01.569 [Test worker] DEBUG org.hibernate.type.spi.TypeConfiguration$Scope - Scoping TypeConfiguration [org.hibernate.type.spi.TypeConfiguration@42be0203] to MetadataBuildingContext [org.hibernate.boot.internal.MetadataBuildingContextRootImpl@8c982a0]
21:23:01.569 [Test worker] DEBUG org.hibernate.cfg.AnnotationBinder - Binding entity from annotated class: domain.Angajat
21:23:01.569 [Test worker] DEBUG org.hibernate.cfg.Ejb3Column - Binding column: Ejb3DiscriminatorColumn{logicalColumnName'DTYPE', discriminatorTypeName='string'}
21:23:01.569 [Test worker] DEBUG org.hibernate.cfg.annotations.EntityBinder - Import with entity name Angajat
21:23:01.569 [Test worker] DEBUG org.hibernate.cfg.annotations.EntityBinder - Bind entity domain.Angajat on table angajati
21:23:01.569 [Test worker] DEBUG org.hibernate.cfg.Ejb3Column - Binding column: Ejb3Column{table=org.hibernate.mapping.Table(angajati), mappingColumn=id, insertable=true, updatable=true, unique=false}
21:23:01.569 [Test worker] DEBUG org.hibernate.boot.internal.ClassLoaderAccessImpl - Not known whether passed class name [domain.Angajat] is safe
21:23:01.569 [Test worker] DEBUG org.hibernate.boot.internal.ClassLoaderAccessImpl - No temp ClassLoader provided; using live ClassLoader for loading potentially unsafe class : domain.Angajat
21:23:01.569 [Test worker] DEBUG org.hibernate.cfg.annotations.PropertyBinder - MetadataSourceProcessor property id with lazy=false
21:23:01.569 [Test worker] DEBUG org.hibernate.cfg.AbstractPropertyHolder - Attempting to locate auto-apply AttributeConverter for property [domain.Angajat:id]
21:23:01.569 [Test worker] DEBUG org.hibernate.cfg.annotations.SimpleValueBinder - building SimpleValue for id
21:23:01.569 [Test worker] DEBUG org.hibernate.cfg.annotations.PropertyBinder - Building property id
21:23:01.569 [Test worker] DEBUG org.hibernate.cfg.BinderHelper - #makeIdGenerator(org.hibernate.mapping.SimpleValue([org.hibernate.mapping.Column(id)]), id, identity, , ...)
21:23:01.569 [Test worker] DEBUG org.hibernate.cfg.Ejb3Column - Binding column: Ejb3JoinColumn{logicalColumnName='null', referencedColumn='null', mappedBy='angajat'}
21:23:01.569 [Test worker] DEBUG org.hibernate.cfg.Ejb3Column - Binding column: Ejb3Column{table=org.hibernate.mapping.Table(angajati), mappingColumn=concedii, insertable=true, updatable=true, unique=false}
21:23:01.569 [Test worker] DEBUG org.hibernate.cfg.Ejb3Column - Binding column: Ejb3Column{table=org.hibernate.mapping.Table(angajati), mappingColumn=null, insertable=true, updatable=true, unique=false}
21:23:01.569 [Test worker] DEBUG org.hibernate.cfg.Ejb3Column - Binding column: Ejb3Column{table=org.hibernate.mapping.Table(angajati), mappingColumn=element, insertable=true, updatable=true, unique=false}
21:23:01.569 [Test worker] DEBUG org.hibernate.cfg.Ejb3Column - Binding column: Ejb3Column{table=org.hibernate.mapping.Table(angajati), mappingColumn=concedii_KEY, insertable=true, updatable=true, unique=false}
21:23:01.569 [Test worker] DEBUG org.hibernate.cfg.Ejb3Column - Binding column: Ejb3JoinColumn{logicalColumnName='concedii_KEY', referencedColumn='null', mappedBy='null'}
21:23:01.569 [Test worker] DEBUG org.hibernate.cfg.Ejb3Column - Binding column: Ejb3JoinColumn{logicalColumnName='null', referencedColumn='null', mappedBy='angajat'}
21:23:01.569 [Test worker] DEBUG org.hibernate.cfg.Ejb3Column - Binding column: Ejb3JoinColumn{logicalColumnName='null', referencedColumn='null', mappedBy='angajat'}
21:23:01.569 [Test worker] DEBUG org.hibernate.cfg.annotations.CollectionBinder - Collection role: domain.Angajat.concedii
21:23:01.569 [Test worker] DEBUG org.hibernate.cfg.annotations.PropertyBinder - Building property concedii
21:23:01.569 [Test worker] DEBUG org.hibernate.cfg.Ejb3Column - Binding column: Ejb3Column{table=org.hibernate.mapping.Table(angajati), mappingColumn=data_angajare, insertable=true, updatable=true, unique=false}
21:23:01.569 [Test worker] DEBUG org.hibernate.cfg.annotations.PropertyBinder - MetadataSourceProcessor property dataAngajare with lazy=false
21:23:01.569 [Test worker] DEBUG org.hibernate.cfg.AbstractPropertyHolder - Attempting to locate auto-apply AttributeConverter for property [domain.Angajat:dataAngajare]
21:23:01.569 [Test worker] DEBUG org.hibernate.cfg.annotations.SimpleValueBinder - building SimpleValue for dataAngajare
21:23:01.569 [Test worker] DEBUG org.hibernate.cfg.annotations.PropertyBinder - Building property dataAngajare
21:23:01.569 [Test worker] DEBUG org.hibernate.cfg.Ejb3Column - Binding column: Ejb3Column{table=org.hibernate.mapping.Table(angajati), mappingColumn=null, insertable=true, updatable=true, unique=false}
21:23:01.569 [Test worker] DEBUG org.hibernate.cfg.Ejb3Column - Binding column: Ejb3Column{table=org.hibernate.mapping.Table(angajati), mappingColumn=element, insertable=true, updatable=true, unique=false}
21:23:01.569 [Test worker] DEBUG org.hibernate.cfg.Ejb3Column - Binding column: Ejb3Column{table=org.hibernate.mapping.Table(angajati), mappingColumn=departamente_KEY, insertable=true, updatable=true, unique=false}
21:23:01.569 [Test worker] DEBUG org.hibernate.cfg.Ejb3Column - Binding column: Ejb3JoinColumn{logicalColumnName='departamente_KEY', referencedColumn='null', mappedBy='null'}
21:23:01.569 [Test worker] DEBUG org.hibernate.cfg.Ejb3Column - Binding column: Ejb3JoinColumn{logicalColumnName='id_angajat', referencedColumn='', mappedBy=''}
21:23:01.569 [Test worker] DEBUG org.hibernate.cfg.Ejb3Column - Binding column: Ejb3JoinColumn{logicalColumnName='id_departament', referencedColumn='', mappedBy=''}
21:23:01.569 [Test worker] DEBUG org.hibernate.cfg.annotations.CollectionBinder - Collection role: domain.Angajat.departamente
21:23:01.569 [Test worker] DEBUG org.hibernate.cfg.annotations.PropertyBinder - Building property departamente
21:23:01.569 [Test worker] DEBUG org.hibernate.cfg.Ejb3Column - Binding column: Ejb3JoinColumn{logicalColumnName='null', referencedColumn='null', mappedBy='null'}
21:23:01.569 [Test worker] DEBUG org.hibernate.cfg.Ejb3Column - Binding column: Ejb3Column{table=org.hibernate.mapping.Table(angajati), mappingColumn=functie, insertable=true, updatable=true, unique=false}
21:23:01.569 [Test worker] DEBUG org.hibernate.cfg.annotations.PropertyBinder - Building property functie
21:23:01.569 [Test worker] DEBUG org.hibernate.cfg.Ejb3Column - Binding column: Ejb3Column{table=org.hibernate.mapping.Table(angajati), mappingColumn=id_superior, insertable=true, updatable=true, unique=false}
21:23:01.569 [Test worker] DEBUG org.hibernate.cfg.annotations.PropertyBinder - MetadataSourceProcessor property idSuperior with lazy=false
21:23:01.569 [Test worker] DEBUG org.hibernate.cfg.AbstractPropertyHolder - Attempting to locate auto-apply AttributeConverter for property [domain.Angajat:idSuperior]
21:23:01.569 [Test worker] DEBUG org.hibernate.cfg.annotations.SimpleValueBinder - building SimpleValue for idSuperior
21:23:01.569 [Test worker] DEBUG org.hibernate.cfg.annotations.PropertyBinder - Building property idSuperior
21:23:01.569 [Test worker] DEBUG org.hibernate.cfg.Ejb3Column - Binding column: Ejb3Column{table=org.hibernate.mapping.Table(angajati), mappingColumn=null, insertable=true, updatable=true, unique=false}
21:23:01.569 [Test worker] DEBUG org.hibernate.cfg.Ejb3Column - Binding column: Ejb3Column{table=org.hibernate.mapping.Table(angajati), mappingColumn=element, insertable=true, updatable=true, unique=false}
21:23:01.569 [Test worker] DEBUG org.hibernate.cfg.Ejb3Column - Binding column: Ejb3Column{table=org.hibernate.mapping.Table(angajati), mappingColumn=proiecte_KEY, insertable=true, updatable=true, unique=false}
21:23:01.569 [Test worker] DEBUG org.hibernate.cfg.Ejb3Column - Binding column: Ejb3JoinColumn{logicalColumnName='proiecte_KEY', referencedColumn='null', mappedBy='null'}
21:23:01.569 [Test worker] DEBUG org.hibernate.cfg.Ejb3Column - Binding column: Ejb3JoinColumn{logicalColumnName='id_angajat', referencedColumn='', mappedBy=''}
21:23:01.569 [Test worker] DEBUG org.hibernate.cfg.Ejb3Column - Binding column: Ejb3JoinColumn{logicalColumnName='id_proiect', referencedColumn='', mappedBy=''}
21:23:01.569 [Test worker] DEBUG org.hibernate.cfg.annotations.CollectionBinder - Collection role: domain.Angajat.proiecte
21:23:01.569 [Test worker] DEBUG org.hibernate.cfg.annotations.PropertyBinder - Building property proiecte
21:23:01.569 [Test worker] DEBUG org.hibernate.cfg.AnnotationBinder - Binding entity from annotated class: domain.Concediu
21:23:01.569 [Test worker] DEBUG org.hibernate.cfg.Ejb3Column - Binding column: Ejb3DiscriminatorColumn{logicalColumnName'DTYPE', discriminatorTypeName='string'}
21:23:01.569 [Test worker] DEBUG org.hibernate.cfg.annotations.EntityBinder - Import with entity name Concediu
21:23:01.569 [Test worker] DEBUG org.hibernate.cfg.annotations.EntityBinder - Bind entity domain.Concediu on table concedii
21:23:01.569 [Test worker] DEBUG org.hibernate.cfg.Ejb3Column - Binding column: Ejb3Column{table=org.hibernate.mapping.Table(concedii), mappingColumn=id, insertable=true, updatable=true, unique=false}
21:23:01.569 [Test worker] DEBUG org.hibernate.boot.internal.ClassLoaderAccessImpl - Not known whether passed class name [domain.Concediu] is safe
21:23:01.569 [Test worker] DEBUG org.hibernate.boot.internal.ClassLoaderAccessImpl - No temp ClassLoader provided; using live ClassLoader for loading potentially unsafe class : domain.Concediu
21:23:01.569 [Test worker] DEBUG org.hibernate.cfg.annotations.PropertyBinder - MetadataSourceProcessor property id with lazy=false
21:23:01.569 [Test worker] DEBUG org.hibernate.cfg.AbstractPropertyHolder - Attempting to locate auto-apply AttributeConverter for property [domain.Concediu:id]
21:23:01.569 [Test worker] DEBUG org.hibernate.cfg.annotations.SimpleValueBinder - building SimpleValue for id
21:23:01.569 [Test worker] DEBUG org.hibernate.cfg.annotations.PropertyBinder - Building property id
21:23:01.569 [Test worker] DEBUG org.hibernate.cfg.BinderHelper - #makeIdGenerator(org.hibernate.mapping.SimpleValue([org.hibernate.mapping.Column(id)]), id, identity, , ...)
21:23:01.569 [Test worker] DEBUG org.hibernate.cfg.Ejb3Column - Binding column: Ejb3JoinColumn{logicalColumnName='id_angajat', referencedColumn='', mappedBy=''}
21:23:01.569 [Test worker] DEBUG org.hibernate.cfg.Ejb3Column - Binding column: Ejb3Column{table=org.hibernate.mapping.Table(concedii), mappingColumn=angajat, insertable=true, updatable=true, unique=false}
21:23:01.569 [Test worker] DEBUG org.hibernate.cfg.annotations.PropertyBinder - Building property angajat
21:23:01.569 [Test worker] DEBUG org.hibernate.cfg.Ejb3Column - Binding column: Ejb3Column{table=org.hibernate.mapping.Table(concedii), mappingColumn=data_inceput, insertable=true, updatable=true, unique=false}
21:23:01.569 [Test worker] DEBUG org.hibernate.cfg.annotations.PropertyBinder - MetadataSourceProcessor property dataInceput with lazy=false
21:23:01.569 [Test worker] DEBUG org.hibernate.cfg.AbstractPropertyHolder - Attempting to locate auto-apply AttributeConverter for property [domain.Concediu:dataInceput]
21:23:01.569 [Test worker] DEBUG org.hibernate.cfg.annotations.SimpleValueBinder - building SimpleValue for dataInceput
21:23:01.569 [Test worker] DEBUG org.hibernate.cfg.annotations.PropertyBinder - Building property dataInceput
21:23:01.569 [Test worker] DEBUG org.hibernate.cfg.Ejb3Column - Binding column: Ejb3Column{table=org.hibernate.mapping.Table(concedii), mappingColumn=data_sfarsit, insertable=true, updatable=true, unique=false}
21:23:01.569 [Test worker] DEBUG org.hibernate.cfg.annotations.PropertyBinder - MetadataSourceProcessor property dataSfarsit with lazy=false
21:23:01.569 [Test worker] DEBUG org.hibernate.cfg.AbstractPropertyHolder - Attempting to locate auto-apply AttributeConverter for property [domain.Concediu:dataSfarsit]
21:23:01.569 [Test worker] DEBUG org.hibernate.cfg.annotations.SimpleValueBinder - building SimpleValue for dataSfarsit
21:23:01.569 [Test worker] DEBUG org.hibernate.cfg.annotations.PropertyBinder - Building property dataSfarsit
21:23:01.569 [Test worker] DEBUG org.hibernate.cfg.AnnotationBinder - Binding entity from annotated class: domain.Departament
21:23:01.569 [Test worker] DEBUG org.hibernate.cfg.Ejb3Column - Binding column: Ejb3DiscriminatorColumn{logicalColumnName'DTYPE', discriminatorTypeName='string'}
21:23:01.569 [Test worker] DEBUG org.hibernate.cfg.annotations.EntityBinder - Import with entity name Departament
21:23:01.569 [Test worker] DEBUG org.hibernate.cfg.annotations.EntityBinder - Bind entity domain.Departament on table departamente
21:23:01.569 [Test worker] DEBUG org.hibernate.cfg.Ejb3Column - Binding column: Ejb3Column{table=org.hibernate.mapping.Table(departamente), mappingColumn=id, insertable=true, updatable=true, unique=false}
21:23:01.569 [Test worker] DEBUG org.hibernate.boot.internal.ClassLoaderAccessImpl - Not known whether passed class name [domain.Departament] is safe
21:23:01.569 [Test worker] DEBUG org.hibernate.boot.internal.ClassLoaderAccessImpl - No temp ClassLoader provided; using live ClassLoader for loading potentially unsafe class : domain.Departament
21:23:01.569 [Test worker] DEBUG org.hibernate.cfg.annotations.PropertyBinder - MetadataSourceProcessor property id with lazy=false
21:23:01.569 [Test worker] DEBUG org.hibernate.cfg.AbstractPropertyHolder - Attempting to locate auto-apply AttributeConverter for property [domain.Departament:id]
21:23:01.569 [Test worker] DEBUG org.hibernate.cfg.annotations.SimpleValueBinder - building SimpleValue for id
21:23:01.569 [Test worker] DEBUG org.hibernate.cfg.annotations.PropertyBinder - Building property id
21:23:01.569 [Test worker] DEBUG org.hibernate.cfg.BinderHelper - #makeIdGenerator(org.hibernate.mapping.SimpleValue([org.hibernate.mapping.Column(id)]), id, identity, , ...)
21:23:01.569 [Test worker] DEBUG org.hibernate.cfg.Ejb3Column - Binding column: Ejb3Column{table=org.hibernate.mapping.Table(departamente), mappingColumn=id_director, insertable=true, updatable=true, unique=false}
21:23:01.569 [Test worker] DEBUG org.hibernate.cfg.annotations.PropertyBinder - MetadataSourceProcessor property idDirector with lazy=false
21:23:01.569 [Test worker] DEBUG org.hibernate.cfg.AbstractPropertyHolder - Attempting to locate auto-apply AttributeConverter for property [domain.Departament:idDirector]
21:23:01.569 [Test worker] DEBUG org.hibernate.cfg.annotations.SimpleValueBinder - building SimpleValue for idDirector
21:23:01.569 [Test worker] DEBUG org.hibernate.cfg.annotations.PropertyBinder - Building property idDirector
21:23:01.569 [Test worker] DEBUG org.hibernate.cfg.AnnotationBinder - Binding entity from annotated class: domain.Functie
21:23:01.569 [Test worker] DEBUG org.hibernate.cfg.Ejb3Column - Binding column: Ejb3DiscriminatorColumn{logicalColumnName'DTYPE', discriminatorTypeName='string'}
21:23:01.569 [Test worker] DEBUG org.hibernate.cfg.annotations.EntityBinder - Import with entity name Functie
21:23:01.569 [Test worker] DEBUG org.hibernate.cfg.annotations.EntityBinder - Bind entity domain.Functie on table functii
21:23:01.569 [Test worker] DEBUG org.hibernate.cfg.Ejb3Column - Binding column: Ejb3Column{table=org.hibernate.mapping.Table(functii), mappingColumn=id, insertable=true, updatable=true, unique=false}
21:23:01.569 [Test worker] DEBUG org.hibernate.boot.internal.ClassLoaderAccessImpl - Not known whether passed class name [domain.Functie] is safe
21:23:01.569 [Test worker] DEBUG org.hibernate.boot.internal.ClassLoaderAccessImpl - No temp ClassLoader provided; using live ClassLoader for loading potentially unsafe class : domain.Functie
21:23:01.569 [Test worker] DEBUG org.hibernate.cfg.annotations.PropertyBinder - MetadataSourceProcessor property id with lazy=false
21:23:01.569 [Test worker] DEBUG org.hibernate.cfg.AbstractPropertyHolder - Attempting to locate auto-apply AttributeConverter for property [domain.Functie:id]
21:23:01.569 [Test worker] DEBUG org.hibernate.cfg.annotations.SimpleValueBinder - building SimpleValue for id
21:23:01.569 [Test worker] DEBUG org.hibernate.cfg.annotations.PropertyBinder - Building property id
21:23:01.569 [Test worker] DEBUG org.hibernate.cfg.BinderHelper - #makeIdGenerator(org.hibernate.mapping.SimpleValue([org.hibernate.mapping.Column(id)]), id, identity, , ...)
21:23:01.569 [Test worker] DEBUG org.hibernate.cfg.Ejb3Column - Binding column: Ejb3Column{table=org.hibernate.mapping.Table(functii), mappingColumn=salar_de_baza, insertable=true, updatable=true, unique=false}
21:23:01.569 [Test worker] DEBUG org.hibernate.cfg.annotations.PropertyBinder - MetadataSourceProcessor property salarDeBaza with lazy=false
21:23:01.569 [Test worker] DEBUG org.hibernate.cfg.AbstractPropertyHolder - Attempting to locate auto-apply AttributeConverter for property [domain.Functie:salarDeBaza]
21:23:01.569 [Test worker] DEBUG org.hibernate.cfg.annotations.SimpleValueBinder - building SimpleValue for salarDeBaza
21:23:01.569 [Test worker] DEBUG org.hibernate.cfg.annotations.PropertyBinder - Building property salarDeBaza
21:23:01.569 [Test worker] DEBUG org.hibernate.cfg.AnnotationBinder - Binding entity from annotated class: domain.Proiect
21:23:01.569 [Test worker] DEBUG org.hibernate.cfg.Ejb3Column - Binding column: Ejb3DiscriminatorColumn{logicalColumnName'DTYPE', discriminatorTypeName='string'}
21:23:01.569 [Test worker] DEBUG org.hibernate.cfg.annotations.EntityBinder - Import with entity name Proiect
21:23:01.569 [Test worker] DEBUG org.hibernate.cfg.annotations.EntityBinder - Bind entity domain.Proiect on table proiecte
21:23:01.569 [Test worker] DEBUG org.hibernate.cfg.Ejb3Column - Binding column: Ejb3Column{table=org.hibernate.mapping.Table(proiecte), mappingColumn=id, insertable=true, updatable=true, unique=false}
21:23:01.569 [Test worker] DEBUG org.hibernate.boot.internal.ClassLoaderAccessImpl - Not known whether passed class name [domain.Proiect] is safe
21:23:01.569 [Test worker] DEBUG org.hibernate.boot.internal.ClassLoaderAccessImpl - No temp ClassLoader provided; using live ClassLoader for loading potentially unsafe class : domain.Proiect
21:23:01.569 [Test worker] DEBUG org.hibernate.cfg.annotations.PropertyBinder - MetadataSourceProcessor property id with lazy=false
21:23:01.569 [Test worker] DEBUG org.hibernate.cfg.AbstractPropertyHolder - Attempting to locate auto-apply AttributeConverter for property [domain.Proiect:id]
21:23:01.569 [Test worker] DEBUG org.hibernate.cfg.annotations.SimpleValueBinder - building SimpleValue for id
21:23:01.569 [Test worker] DEBUG org.hibernate.cfg.annotations.PropertyBinder - Building property id
21:23:01.569 [Test worker] DEBUG org.hibernate.cfg.BinderHelper - #makeIdGenerator(org.hibernate.mapping.SimpleValue([org.hibernate.mapping.Column(id)]), id, identity, , ...)
21:23:01.569 [Test worker] DEBUG org.hibernate.cfg.Ejb3Column - Binding column: Ejb3Column{table=org.hibernate.mapping.Table(proiecte), mappingColumn=data_inceput, insertable=true, updatable=true, unique=false}
21:23:01.569 [Test worker] DEBUG org.hibernate.cfg.annotations.PropertyBinder - MetadataSourceProcessor property dataInceput with lazy=false
21:23:01.569 [Test worker] DEBUG org.hibernate.cfg.AbstractPropertyHolder - Attempting to locate auto-apply AttributeConverter for property [domain.Proiect:dataInceput]
21:23:01.569 [Test worker] DEBUG org.hibernate.cfg.annotations.SimpleValueBinder - building SimpleValue for dataInceput
21:23:01.569 [Test worker] DEBUG org.hibernate.cfg.annotations.PropertyBinder - Building property dataInceput
21:23:01.569 [Test worker] DEBUG org.hibernate.cfg.Ejb3Column - Binding column: Ejb3Column{table=org.hibernate.mapping.Table(proiecte), mappingColumn=deadline, insertable=true, updatable=true, unique=false}
21:23:01.569 [Test worker] DEBUG org.hibernate.cfg.annotations.PropertyBinder - MetadataSourceProcessor property deadline with lazy=false
21:23:01.569 [Test worker] DEBUG org.hibernate.cfg.AbstractPropertyHolder - Attempting to locate auto-apply AttributeConverter for property [domain.Proiect:deadline]
21:23:01.569 [Test worker] DEBUG org.hibernate.cfg.annotations.SimpleValueBinder - building SimpleValue for deadline
21:23:01.569 [Test worker] DEBUG org.hibernate.cfg.annotations.PropertyBinder - Building property deadline
21:23:01.569 [Test worker] DEBUG org.hibernate.cfg.annotations.SimpleValueBinder - Starting fillSimpleValue for id
21:23:01.569 [Test worker] DEBUG org.hibernate.cfg.annotations.SimpleValueBinder - Starting fillSimpleValue for dataAngajare
21:23:01.569 [Test worker] DEBUG org.hibernate.cfg.annotations.SimpleValueBinder - Starting fillSimpleValue for idSuperior
21:23:01.569 [Test worker] DEBUG org.hibernate.cfg.annotations.SimpleValueBinder - Starting fillSimpleValue for id
21:23:01.569 [Test worker] DEBUG org.hibernate.cfg.annotations.SimpleValueBinder - Starting fillSimpleValue for dataInceput
21:23:01.569 [Test worker] DEBUG org.hibernate.cfg.annotations.SimpleValueBinder - Starting fillSimpleValue for dataSfarsit
21:23:01.569 [Test worker] DEBUG org.hibernate.cfg.annotations.SimpleValueBinder - Starting fillSimpleValue for id
21:23:01.569 [Test worker] DEBUG org.hibernate.cfg.annotations.SimpleValueBinder - Starting fillSimpleValue for idDirector
21:23:01.569 [Test worker] DEBUG org.hibernate.cfg.annotations.SimpleValueBinder - Starting fillSimpleValue for id
21:23:01.569 [Test worker] DEBUG org.hibernate.cfg.annotations.SimpleValueBinder - Starting fillSimpleValue for salarDeBaza
21:23:01.569 [Test worker] DEBUG org.hibernate.cfg.annotations.SimpleValueBinder - Starting fillSimpleValue for id
21:23:01.569 [Test worker] DEBUG org.hibernate.cfg.annotations.SimpleValueBinder - Starting fillSimpleValue for dataInceput
21:23:01.569 [Test worker] DEBUG org.hibernate.cfg.annotations.SimpleValueBinder - Starting fillSimpleValue for deadline
21:23:01.569 [Test worker] DEBUG org.hibernate.mapping.PrimaryKey - Forcing column [id] to be non-null as it is part of the primary key for table [angajati]
21:23:01.569 [Test worker] DEBUG org.hibernate.mapping.PrimaryKey - Forcing column [id] to be non-null as it is part of the primary key for table [concedii]
21:23:01.569 [Test worker] DEBUG org.hibernate.mapping.PrimaryKey - Forcing column [id] to be non-null as it is part of the primary key for table [departamente]
21:23:01.569 [Test worker] DEBUG org.hibernate.mapping.PrimaryKey - Forcing column [id] to be non-null as it is part of the primary key for table [functii]
21:23:01.569 [Test worker] DEBUG org.hibernate.mapping.PrimaryKey - Forcing column [id] to be non-null as it is part of the primary key for table [proiecte]
21:23:01.569 [Test worker] DEBUG org.hibernate.cfg.CollectionSecondPass - Second pass for collection: domain.Angajat.proiecte
21:23:01.569 [Test worker] DEBUG org.hibernate.cfg.annotations.CollectionBinder - Binding as ManyToMany: domain.Angajat.proiecte
21:23:01.569 [Test worker] DEBUG org.hibernate.mapping.PrimaryKey - Forcing column [id_angajat] to be non-null as it is part of the primary key for table [angajati_proiecte]
21:23:01.569 [Test worker] DEBUG org.hibernate.mapping.PrimaryKey - Forcing column [id_proiect] to be non-null as it is part of the primary key for table [angajati_proiecte]
21:23:01.569 [Test worker] DEBUG org.hibernate.cfg.CollectionSecondPass - Mapped collection key: id_angajat, element: id_proiect
21:23:01.569 [Test worker] DEBUG org.hibernate.cfg.CollectionSecondPass - Second pass for collection: domain.Angajat.departamente
21:23:01.569 [Test worker] DEBUG org.hibernate.cfg.annotations.CollectionBinder - Binding as ManyToMany: domain.Angajat.departamente
21:23:01.569 [Test worker] DEBUG org.hibernate.mapping.PrimaryKey - Forcing column [id_angajat] to be non-null as it is part of the primary key for table [angajati_departamente]
21:23:01.569 [Test worker] DEBUG org.hibernate.mapping.PrimaryKey - Forcing column [id_departament] to be non-null as it is part of the primary key for table [angajati_departamente]
21:23:01.569 [Test worker] DEBUG org.hibernate.cfg.CollectionSecondPass - Mapped collection key: id_angajat, element: id_departament
21:23:01.569 [Test worker] DEBUG org.hibernate.cfg.CollectionSecondPass - Second pass for collection: domain.Angajat.concedii
21:23:01.569 [Test worker] DEBUG org.hibernate.cfg.annotations.CollectionBinder - Binding a OneToMany: domain.Angajat.concedii through a foreign key
21:23:01.569 [Test worker] DEBUG org.hibernate.cfg.annotations.CollectionBinder - Mapping collection: domain.Angajat.concedii -> concedii
21:23:01.569 [Test worker] DEBUG org.hibernate.cfg.annotations.TableBinder - Retrieving property domain.Concediu.angajat
21:23:01.569 [Test worker] DEBUG org.hibernate.cfg.CollectionSecondPass - Mapped collection key: id_angajat, one-to-many: domain.Concediu
21:23:01.569 [Test worker] DEBUG org.hibernate.boot.internal.InFlightMetadataCollectorImpl - Resolving reference to class: domain.Functie
21:23:01.569 [Test worker] DEBUG org.hibernate.boot.internal.InFlightMetadataCollectorImpl - Resolving reference to class: domain.Departament
21:23:01.569 [Test worker] DEBUG org.hibernate.boot.internal.InFlightMetadataCollectorImpl - Resolving reference to class: domain.Angajat
21:23:01.569 [Test worker] DEBUG org.hibernate.boot.internal.InFlightMetadataCollectorImpl - Resolving reference to class: domain.Proiect
21:23:01.569 [Test worker] DEBUG org.hibernate.boot.internal.InFlightMetadataCollectorImpl - Resolving reference to class: domain.Angajat
21:23:01.569 [Test worker] DEBUG org.hibernate.boot.internal.InFlightMetadataCollectorImpl - Resolving reference to class: domain.Angajat
21:23:01.569 [Test worker] DEBUG org.hibernate.boot.internal.InFlightMetadataCollectorImpl - Resolving reference to class: domain.Functie
21:23:01.569 [Test worker] DEBUG org.hibernate.boot.internal.InFlightMetadataCollectorImpl - Resolving reference to class: domain.Departament
21:23:01.569 [Test worker] DEBUG org.hibernate.boot.internal.InFlightMetadataCollectorImpl - Resolving reference to class: domain.Angajat
21:23:01.569 [Test worker] DEBUG org.hibernate.boot.internal.InFlightMetadataCollectorImpl - Resolving reference to class: domain.Proiect
21:23:01.569 [Test worker] DEBUG org.hibernate.boot.internal.InFlightMetadataCollectorImpl - Resolving reference to class: domain.Angajat
21:23:01.569 [Test worker] DEBUG org.hibernate.boot.internal.InFlightMetadataCollectorImpl - Resolving reference to class: domain.Angajat
21:23:01.585 [Test worker] DEBUG org.hibernate.internal.SessionFactoryImpl - Building session factory
21:23:01.585 [Test worker] DEBUG org.hibernate.cfg.Settings - SessionFactory name : null
21:23:01.585 [Test worker] DEBUG org.hibernate.cfg.Settings - Automatic flush during beforeCompletion(): enabled
21:23:01.585 [Test worker] DEBUG org.hibernate.cfg.Settings - Automatic session close at end of transaction: disabled
21:23:01.585 [Test worker] DEBUG org.hibernate.cfg.Settings - Statistics: disabled
21:23:01.585 [Test worker] DEBUG org.hibernate.cfg.Settings - Deleted entity synthetic identifier rollback: disabled
21:23:01.585 [Test worker] DEBUG org.hibernate.cfg.Settings - Default entity-mode: pojo
21:23:01.585 [Test worker] DEBUG org.hibernate.cfg.Settings - Check Nullability in Core (should be disabled when Bean Validation is on): enabled
21:23:01.585 [Test worker] DEBUG org.hibernate.cfg.Settings - Allow initialization of lazy state outside session : enabled
21:23:01.585 [Test worker] DEBUG org.hibernate.cfg.Settings - Using BatchFetchStyle : LEGACY
21:23:01.585 [Test worker] DEBUG org.hibernate.cfg.Settings - Default batch fetch size: -1
21:23:01.585 [Test worker] DEBUG org.hibernate.cfg.Settings - Maximum outer join fetch depth: null
21:23:01.585 [Test worker] DEBUG org.hibernate.cfg.Settings - Default null ordering: NONE
21:23:01.585 [Test worker] DEBUG org.hibernate.cfg.Settings - Order SQL updates by primary key: disabled
21:23:01.585 [Test worker] DEBUG org.hibernate.cfg.Settings - Order SQL inserts for batching: disabled
21:23:01.585 [Test worker] DEBUG org.hibernate.cfg.Settings - multi-tenancy strategy : NONE
21:23:01.585 [Test worker] DEBUG org.hibernate.cfg.Settings - JTA Track by Thread: enabled
21:23:01.585 [Test worker] DEBUG org.hibernate.cfg.Settings - Query language substitutions: {}
21:23:01.585 [Test worker] DEBUG org.hibernate.cfg.Settings - Named query checking : enabled
21:23:01.585 [Test worker] DEBUG org.hibernate.cfg.Settings - Second-level cache: disabled
21:23:01.585 [Test worker] DEBUG org.hibernate.cfg.Settings - Second-level query cache: disabled
21:23:01.585 [Test worker] DEBUG org.hibernate.cfg.Settings - Second-level query cache factory: null
21:23:01.585 [Test worker] DEBUG org.hibernate.cfg.Settings - Second-level cache region prefix: null
21:23:01.585 [Test worker] DEBUG org.hibernate.cfg.Settings - Optimize second-level cache for minimal puts: disabled
21:23:01.585 [Test worker] DEBUG org.hibernate.cfg.Settings - Structured second-level cache entries: disabled
21:23:01.585 [Test worker] DEBUG org.hibernate.cfg.Settings - Second-level cache direct-reference entries: disabled
21:23:01.585 [Test worker] DEBUG org.hibernate.cfg.Settings - Automatic eviction of collection cache: disabled
21:23:01.585 [Test worker] DEBUG org.hibernate.cfg.Settings - JDBC batch size: 0
21:23:01.585 [Test worker] DEBUG org.hibernate.cfg.Settings - JDBC batch updates for versioned data: enabled
21:23:01.585 [Test worker] DEBUG org.hibernate.cfg.Settings - Scrollable result sets: disabled
21:23:01.585 [Test worker] DEBUG org.hibernate.cfg.Settings - Wrap result sets: disabled
21:23:01.585 [Test worker] DEBUG org.hibernate.cfg.Settings - JDBC3 getGeneratedKeys(): enabled
21:23:01.585 [Test worker] DEBUG org.hibernate.cfg.Settings - JDBC result set fetch size: null
21:23:01.585 [Test worker] DEBUG org.hibernate.cfg.Settings - Connection release mode: AFTER_TRANSACTION
21:23:01.585 [Test worker] DEBUG org.hibernate.cfg.Settings - Generate SQL with comments: disabled
21:23:01.585 [Test worker] DEBUG org.hibernate.cfg.Settings - JPA compliance - query : disabled
21:23:01.585 [Test worker] DEBUG org.hibernate.cfg.Settings - JPA compliance - closed-handling : disabled
21:23:01.585 [Test worker] DEBUG org.hibernate.cfg.Settings - JPA compliance - lists : disabled
21:23:01.585 [Test worker] DEBUG org.hibernate.cfg.Settings - JPA compliance - transactions : disabled
21:23:01.585 [Test worker] DEBUG org.hibernate.internal.SessionFactoryImpl - Session factory constructed with filter configurations : {}
21:23:01.585 [Test worker] DEBUG org.hibernate.internal.SessionFactoryImpl - Instantiating session factory with properties: {sun.desktop=windows, awt.toolkit=sun.awt.windows.WToolkit, dialect=utils.SQLiteDialect, java.specification.version=11, sun.cpu.isalist=amd64, sun.jnu.encoding=Cp1250, hibernate.dialect=utils.SQLiteDialect, org.gradle.test.worker=3, java.class.path=C:\\Users\\Dan\\.gradle\\caches\\6.8\\workerMain\\gradle-worker.jar;D:\\Facultate\\Projects\\OrganizareCompanie\\build\\classes\\java\\test;D:\\Facultate\\Projects\\OrganizareCompanie\\build\\resources\\test;D:\\Facultate\\Projects\\OrganizareCompanie\\build\\classes\\java\\main;D:\\Facultate\\Projects\\OrganizareCompanie\\build\\resources\\main;C:\\Users\\Dan\\.gradle\\caches\\modules-2\\files-2.1\\org.springframework.boot\\spring-boot-starter-web\\2.4.3\\4f5554ea183af87e52d8c31bb82aada0d74c40b0\\spring-boot-starter-web-2.4.3.jar;C:\\Users\\Dan\\.gradle\\caches\\modules-2\\files-2.1\\org.xerial\\sqlite-jdbc\\3.34.0\\fd29bb0124e3f79c80b2753162a6a3873c240bcf\\sqlite-jdbc-3.34.0.jar;C:\\Users\\Dan\\.gradle\\caches\\modules-2\\files-2.1\\org.hibernate\\hibernate-java8\\5.1.0.Final\\2bb534acab4f8485a821f0e4d6a2c8df617ee86a\\hibernate-java8-5.1.0.Final.jar;C:\\Users\\Dan\\.gradle\\caches\\modules-2\\files-2.1\\org.hibernate\\hibernate-core\\5.4.29.Final\\74b7c9ad3cb57ae4fd0187480a76f137a7fc3f38\\hibernate-core-5.4.29.Final.jar;C:\\Users\\Dan\\.gradle\\caches\\modules-2\\files-2.1\\org.junit.platform\\junit-platform-engine\\1.7.0\\eadb73c5074a4ac71061defd00fc176152a4d12c\\junit-platform-engine-1.7.0.jar;C:\\Users\\Dan\\.gradle\\caches\\modules-2\\files-2.1\\org.junit.platform\\junit-platform-commons\\1.7.0\\84e309fbf21d857aac079a3c1fffd84284e1114d\\junit-platform-commons-1.7.0.jar;C:\\Users\\Dan\\.gradle\\caches\\modules-2\\files-2.1\\org.junit.jupiter\\junit-jupiter-engine\\5.7.0\\d9044d6b45e2232ddd53fa56c15333e43d1749fd\\junit-jupiter-engine-5.7.0.jar;C:\\Users\\Dan\\.gradle\\caches\\modules-2\\files-2.1\\org.junit.jupiter\\junit-jupiter-api\\5.7.0\\b25f3815c4c1860a73041e733a14a0379d00c4d5\\junit-jupiter-api-5.7.0.jar;C:\\Users\\Dan\\.gradle\\caches\\modules-2\\files-2.1\\org.springframework.boot\\spring-boot-starter-json\\2.4.3\\7b26abb0a0379a00b58a2a50e010b29cf4f16b80\\spring-boot-starter-json-2.4.3.jar;C:\\Users\\Dan\\.gradle\\caches\\modules-2\\files-2.1\\org.springframework.boot\\spring-boot-starter\\2.4.3\\fd8bc0fb5f5aaefb4d6c8b77eb61563aab840c11\\spring-boot-starter-2.4.3.jar;C:\\Users\\Dan\\.gradle\\caches\\modules-2\\files-2.1\\org.springframework.boot\\spring-boot-starter-tomcat\\2.4.3\\4ba28aae05a259625e7e92f8e7338c5e1d22de35\\spring-boot-starter-tomcat-2.4.3.jar;C:\\Users\\Dan\\.gradle\\caches\\modules-2\\files-2.1\\org.springframework\\spring-webmvc\\5.3.4\\8dd52fbe8eafcc7c80998087ec6635baf7a98c20\\spring-webmvc-5.3.4.jar;C:\\Users\\Dan\\.gradle\\caches\\modules-2\\files-2.1\\org.springframework\\spring-web\\5.3.4\\d93829e24a50ed22e781f2302680a210cac5ee84\\spring-web-5.3.4.jar;C:\\Users\\Dan\\.gradle\\caches\\modules-2\\files-2.1\\org.hibernate.common\\hibernate-commons-annotations\\5.1.2.Final\\e59ffdbc6ad09eeb33507b39ffcf287679a498c8\\hibernate-commons-annotations-5.1.2.Final.jar;C:\\Users\\Dan\\.gradle\\caches\\modules-2\\files-2.1\\org.jboss.logging\\jboss-logging\\3.4.1.Final\\40fd4d696c55793e996d1ff3c475833f836c2498\\jboss-logging-3.4.1.Final.jar;C:\\Users\\Dan\\.gradle\\caches\\modules-2\\files-2.1\\javax.persistence\\javax.persistence-api\\2.2\\25665ac8c0b62f50e6488173233239120fc52c96\\javax.persistence-api-2.2.jar;C:\\Users\\Dan\\.gradle\\caches\\modules-2\\files-2.1\\org.javassist\\javassist\\3.27.0-GA\\f63e6aa899e15eca8fdaa402a79af4c417252213\\javassist-3.27.0-GA.jar;C:\\Users\\Dan\\.gradle\\caches\\modules-2\\files-2.1\\net.bytebuddy\\byte-buddy\\1.10.21\\5abe8e141cac9d50a721a22d9c188b3bf19ad0aa\\byte-buddy-1.10.21.jar;C:\\Users\\Dan\\.gradle\\caches\\modules-2\\files-2.1\\antlr\\antlr\\2.7.7\\83cd2cd674a217ade95a4bb83a8a14f351f48bd0\\antlr-2.7.7.jar;C:\\Users\\Dan\\.gradle\\caches\\modules-2\\files-2.1\\org.jboss.spec.javax.transaction\\jboss-transaction-api_1.2_spec\\1.1.1.Final\\a8485cab9484dda36e9a8c319e76b5cc18797b58\\jboss-transaction-api_1.2_spec-1.1.1.Final.jar;C:\\Users\\Dan\\.gradle\\caches\\modules-2\\files-2.1\\org.jboss\\jandex\\2.2.3.Final\\d3865101f0666b63586683bd811d754517f331ab\\jandex-2.2.3.Final.jar;C:\\Users\\Dan\\.gradle\\caches\\modules-2\\files-2.1\\com.fasterxml\\classmate\\1.5.1\\3fe0bed568c62df5e89f4f174c101eab25345b6c\\classmate-1.5.1.jar;C:\\Users\\Dan\\.gradle\\caches\\modules-2\\files-2.1\\org.glassfish.jaxb\\jaxb-runtime\\2.3.1\\dd6dda9da676a54c5b36ca2806ff95ee017d8738\\jaxb-runtime-2.3.1.jar;C:\\Users\\Dan\\.gradle\\caches\\modules-2\\files-2.1\\javax.xml.bind\\jaxb-api\\2.3.1\\8531ad5ac454cc2deb9d4d32c40c4d7451939b5d\\jaxb-api-2.3.1.jar;C:\\Users\\Dan\\.gradle\\caches\\modules-2\\files-2.1\\javax.activation\\javax.activation-api\\1.2.0\\85262acf3ca9816f9537ca47d5adeabaead7cb16\\javax.activation-api-1.2.0.jar;C:\\Users\\Dan\\.gradle\\caches\\modules-2\\files-2.1\\org.dom4j\\dom4j\\2.1.3\\a75914155a9f5808963170ec20653668a2ffd2fd\\dom4j-2.1.3.jar;C:\\Users\\Dan\\.gradle\\caches\\modules-2\\files-2.1\\org.apiguardian\\apiguardian-api\\1.1.0\\fc9dff4bb36d627bdc553de77e1f17efd790876c\\apiguardian-api-1.1.0.jar;C:\\Users\\Dan\\.gradle\\caches\\modules-2\\files-2.1\\org.opentest4j\\opentest4j\\1.2.0\\28c11eb91f9b6d8e200631d46e20a7f407f2a046\\opentest4j-1.2.0.jar;C:\\Users\\Dan\\.gradle\\caches\\modules-2\\files-2.1\\org.springframework.boot\\spring-boot-autoconfigure\\2.4.3\\2f8e1e682e55f70c8ea557982c7adb1256f41bcf\\spring-boot-autoconfigure-2.4.3.jar;C:\\Users\\Dan\\.gradle\\caches\\modules-2\\files-2.1\\org.springframework.boot\\spring-boot\\2.4.3\\de2bd17a8eb9bc3dfa629aa06f2e9fe3bf603c85\\spring-boot-2.4.3.jar;C:\\Users\\Dan\\.gradle\\caches\\modules-2\\files-2.1\\org.springframework.boot\\spring-boot-starter-logging\\2.4.3\\64687abc2255d18cd6592cbb20fa3bee3379cec8\\spring-boot-starter-logging-2.4.3.jar;C:\\Users\\Dan\\.gradle\\caches\\modules-2\\files-2.1\\jakarta.annotation\\jakarta.annotation-api\\1.3.5\\59eb84ee0d616332ff44aba065f3888cf002cd2d\\jakarta.annotation-api-1.3.5.jar;C:\\Users\\Dan\\.gradle\\caches\\modules-2\\files-2.1\\org.springframework\\spring-context\\5.3.4\\fbeadeb0e4d272599a938ec345e99e5f9a76e919\\spring-context-5.3.4.jar;C:\\Users\\Dan\\.gradle\\caches\\modules-2\\files-2.1\\org.springframework\\spring-aop\\5.3.4\\b7180a6427ab524bc1cbd31bf38dd2182632515f\\spring-aop-5.3.4.jar;C:\\Users\\Dan\\.gradle\\caches\\modules-2\\files-2.1\\org.springframework\\spring-beans\\5.3.4\\ac6c5ea0ba82f555405f74104cf378f8071c6d25\\spring-beans-5.3.4.jar;C:\\Users\\Dan\\.gradle\\caches\\modules-2\\files-2.1\\org.springframework\\spring-expression\\5.3.4\\42b71fa955e43a86471509aef14cefe756fc3794\\spring-expression-5.3.4.jar;C:\\Users\\Dan\\.gradle\\caches\\modules-2\\files-2.1\\org.springframework\\spring-core\\5.3.4\\46c1f8abd9e02a292c42a257350f365cec152b5d\\spring-core-5.3.4.jar;C:\\Users\\Dan\\.gradle\\caches\\modules-2\\files-2.1\\org.yaml\\snakeyaml\\1.27\\359d62567480b07a679dc643f82fc926b100eed5\\snakeyaml-1.27.jar;C:\\Users\\Dan\\.gradle\\caches\\modules-2\\files-2.1\\com.fasterxml.jackson.datatype\\jackson-datatype-jdk8\\2.11.4\\e1540dea3c6c681ea4e335a960f730861ee3bedb\\jackson-datatype-jdk8-2.11.4.jar;C:\\Users\\Dan\\.gradle\\caches\\modules-2\\files-2.1\\com.fasterxml.jackson.datatype\\jackson-datatype-jsr310\\2.11.4\\ce6fc76bba06623720e5a9308386b6ae74753f4d\\jackson-datatype-jsr310-2.11.4.jar;C:\\Users\\Dan\\.gradle\\caches\\modules-2\\files-2.1\\com.fasterxml.jackson.module\\jackson-module-parameter-names\\2.11.4\\432e050d79f2282a66c320375d628f1b0842cb12\\jackson-module-parameter-names-2.11.4.jar;C:\\Users\\Dan\\.gradle\\caches\\modules-2\\files-2.1\\com.fasterxml.jackson.core\\jackson-databind\\2.11.4\\5d9f3d441f99d721b957e3497f0a6465c764fad4\\jackson-databind-2.11.4.jar;C:\\Users\\Dan\\.gradle\\caches\\modules-2\\files-2.1\\org.apache.tomcat.embed\\tomcat-embed-websocket\\9.0.43\\78232648dde1a5fd5093f0a3999e593d208e2eab\\tomcat-embed-websocket-9.0.43.jar;C:\\Users\\Dan\\.gradle\\caches\\modules-2\\files-2.1\\org.apache.tomcat.embed\\tomcat-embed-core\\9.0.43\\1d102277426bdd5b12f048731a91665bb69347d1\\tomcat-embed-core-9.0.43.jar;C:\\Users\\Dan\\.gradle\\caches\\modules-2\\files-2.1\\org.glassfish\\jakarta.el\\3.0.3\\dab46ee1ee23f7197c13d7c40fce14817c9017df\\jakarta.el-3.0.3.jar;C:\\Users\\Dan\\.gradle\\caches\\modules-2\\files-2.1\\org.glassfish.jaxb\\txw2\\2.3.1\\a09d2c48d3285f206fafbffe0e50619284e92126\\txw2-2.3.1.jar;C:\\Users\\Dan\\.gradle\\caches\\modules-2\\files-2.1\\com.sun.istack\\istack-commons-runtime\\3.0.7\\c197c86ceec7318b1284bffb49b54226ca774003\\istack-commons-runtime-3.0.7.jar;C:\\Users\\Dan\\.gradle\\caches\\modules-2\\files-2.1\\org.jvnet.staxex\\stax-ex\\1.8\\8cc35f73da321c29973191f2cf143d29d26a1df7\\stax-ex-1.8.jar;C:\\Users\\Dan\\.gradle\\caches\\modules-2\\files-2.1\\com.sun.xml.fastinfoset\\FastInfoset\\1.2.15\\bb7b7ec0379982b97c62cd17465cb6d9155f68e8\\FastInfoset-1.2.15.jar;C:\\Users\\Dan\\.gradle\\caches\\modules-2\\files-2.1\\ch.qos.logback\\logback-classic\\1.2.3\\7c4f3c474fb2c041d8028740440937705ebb473a\\logback-classic-1.2.3.jar;C:\\Users\\Dan\\.gradle\\caches\\modules-2\\files-2.1\\org.apache.logging.log4j\\log4j-to-slf4j\\2.13.3\\966f6fd1af4959d6b12bfa880121d4a2b164f857\\log4j-to-slf4j-2.13.3.jar;C:\\Users\\Dan\\.gradle\\caches\\modules-2\\files-2.1\\org.slf4j\\jul-to-slf4j\\1.7.30\\d58bebff8cbf70ff52b59208586095f467656c30\\jul-to-slf4j-1.7.30.jar;C:\\Users\\Dan\\.gradle\\caches\\modules-2\\files-2.1\\org.springframework\\spring-jcl\\5.3.4\\ca012eb4e9e57f767aa9d5e51fe9a09b28140808\\spring-jcl-5.3.4.jar;C:\\Users\\Dan\\.gradle\\caches\\modules-2\\files-2.1\\com.fasterxml.jackson.core\\jackson-annotations\\2.11.4\\2c3f5c079330f3a01726686a078979420f547ae4\\jackson-annotations-2.11.4.jar;C:\\Users\\Dan\\.gradle\\caches\\modules-2\\files-2.1\\com.fasterxml.jackson.core\\jackson-core\\2.11.4\\593f7b18bab07a76767f181e2a2336135ce82cc4\\jackson-core-2.11.4.jar;C:\\Users\\Dan\\.gradle\\caches\\modules-2\\files-2.1\\ch.qos.logback\\logback-core\\1.2.3\\864344400c3d4d92dfeb0a305dc87d953677c03c\\logback-core-1.2.3.jar;C:\\Users\\Dan\\.gradle\\caches\\modules-2\\files-2.1\\org.slf4j\\slf4j-api\\1.7.30\\b5a4b6d16ab13e34a88fae84c35cd5d68cac922c\\slf4j-api-1.7.30.jar;C:\\Users\\Dan\\.gradle\\caches\\modules-2\\files-2.1\\org.apache.logging.log4j\\log4j-api\\2.13.3\\ec1508160b93d274b1add34419b897bae84c6ca9\\log4j-api-2.13.3.jar, java.vm.vendor=Oracle Corporation, sun.arch.data.model=64, user.variant=, java.vendor.url=http://java.oracle.com/, user.timezone=Europe/Athens, os.name=Windows 10, java.vm.specification.version=11, user.country=US, sun.java.launcher=SUN_STANDARD, sun.boot.library.path=C:\Program Files\Java\jdk-11.0.6\bin, sun.java.command=worker.org.gradle.process.internal.worker.GradleWorkerMain 'Gradle Test Executor 3', jdk.debug=release, sun.cpu.endian=little, user.home=C:\Users\Dan, user.language=en, java.specification.vendor=Oracle Corporation, org.gradle.native=false, java.version.date=2020-01-14, java.home=C:\Program Files\Java\jdk-11.0.6, file.separator=\, java.vm.compressedOopsMode=32-bit, line.separator=
, java.specification.name=Java Platform API Specification, java.vm.specification.vendor=Oracle Corporation, java.awt.graphicsenv=sun.awt.Win32GraphicsEnvironment, hibernate.hbm2ddl.auto=update, user.script=, sun.management.compiler=HotSpot 64-Bit Tiered Compilers, java.runtime.version=11.0.6+8-LTS, user.name=Dan, path.separator=;, hibernate.connection.username=****, os.version=10.0, hibernate.enable_lazy_load_no_trans=true, java.runtime.name=Java(TM) SE Runtime Environment, hibernate.connection.url=jdbc:sqlite:D:\Facultate\Projects\OrganizareCompanie\database, file.encoding=windows-1250, java.vm.name=Java HotSpot(TM) 64-Bit Server VM, hibernate.show_sql=true, java.vendor.version=18.9, hibernate.current_session_context_class=thread, hibernate.connection.driver_class=org.sqlite.JDBC, java.vendor.url.bug=http://bugreport.java.com/bugreport/, java.io.tmpdir=C:\Users\Dan\AppData\Local\Temp\, java.version=11.0.6, user.dir=D:\Facultate\Projects\OrganizareCompanie, os.arch=amd64, java.vm.specification.name=Java Virtual Machine Specification, java.awt.printerjob=sun.awt.windows.WPrinterJob, hibernate.connection.password=****, sun.os.patch.level=, connection.driver_class=org.sqlite.JDBC, hibernate.boot.CfgXmlAccessService.key=org.hibernate.boot.cfgxml.spi.LoadedConfig@520e7a66, java.library.path=C:\Program Files\Java\jdk-11.0.6\bin;C:\WINDOWS\Sun\Java\bin;C:\WINDOWS\system32;C:\WINDOWS;;C:\Python38\Scripts\;C:\Python38\;D:\Facultate\Scripts\;D:\Facultate\;C:\Users\Dan\Desktop\Facultate 2018-2019\Semestrul I\Fundamentele programarii\Python\Scripts\;C:\Users\Dan\Desktop\Facultate 2018-2019\Semestrul I\Fundamentele programarii\Python\;C:\Users\Dan\Desktop\Facultate 2018-2019\Semestrul I\Fundamentele programarii\Scripts\;C:\Users\Dan\Desktop\Facultate 2018-2019\Semestrul I\Fundamentele programarii\;C:\WINDOWS\system32;C:\WINDOWS;C:\WINDOWS\System32\Wbem;C:\WINDOWS\System32\WindowsPowerShell\v1.0\;C:\WINDOWS\System32\OpenSSH\;D:\Facultate\PuTTY\;C:\Program Files\dotnet\;C:\Program Files\Microsoft SQL Server\Client SDK\ODBC\170\Tools\Binn\;C:\Users\Dan\Proto\bin;D:\Facultate\NodeJS\;C:\ProgramData\chocolatey\bin;C:\Program Files\Git\cmd;C:\Program Files\Java\jdk-10.0.2\bin;C:\Program Files (x86)\GnuWin32\bin;C:\MinGW\bin;C:\Program Files\Java\jdk-11.0.6\bin;C:\WINDOWS\system32;C:\WINDOWS;C:\WINDOWS\System32\Wbem;C:\WINDOWS\System32\WindowsPowerShell\v1.0\;C:\WINDOWS\System32\OpenSSH\;C:\Program Files\Intel\WiFi\bin\;C:\Program Files\Common Files\Intel\WirelessCommon\;D:\Facultate\Python\Scripts\;D:\Facultate\Python\;C:\Users\Dan\AppData\Local\Microsoft\WindowsApps;C:\Users\Dan\AppData\Local\GitHubDesktop\bin;C:\Users\Dan\AppData\Roaming\npm;D:\Facultate\Microsoft VS Code\bin;C:\Users\Dan\AppData\Local\Microsoft\WindowsApps;C:\Users\Dan\Documents\driver;;., java.vendor=Oracle Corporation, java.vm.info=mixed mode, java.vm.version=11.0.6+8-LTS, hibernate.bytecode.use_reflection_optimizer=false, sun.io.unicode.encoding=UnicodeLittle, hibernate.connection.pool_size=1, connection.url=jdbc:sqlite:D:\Facultate\Projects\OrganizareCompanie\database, java.class.version=55.0}
21:23:01.585 [Test worker] DEBUG org.hibernate.secure.spi.JaccIntegrator - Skipping JACC integration as it was not enabled
21:23:01.585 [Test worker] DEBUG org.hibernate.internal.SessionFactoryImpl - Instantiated session factory
21:23:01.585 [Test worker] DEBUG org.hibernate.type.spi.TypeConfiguration$Scope - Scoping TypeConfiguration [org.hibernate.type.spi.TypeConfiguration@42be0203] to SessionFactoryImpl [org.hibernate.internal.SessionFactoryImpl@5d069399]
21:23:01.585 [Test worker] DEBUG org.hibernate.boot.internal.ClassLoaderAccessImpl - Not known whether passed class name [domain.Functie] is safe
21:23:01.585 [Test worker] DEBUG org.hibernate.boot.internal.ClassLoaderAccessImpl - No temp ClassLoader provided; using live ClassLoader for loading potentially unsafe class : domain.Functie
21:23:01.585 [Test worker] DEBUG org.hibernate.boot.internal.ClassLoaderAccessImpl - Not known whether passed class name [domain.Departament] is safe
21:23:01.585 [Test worker] DEBUG org.hibernate.boot.internal.ClassLoaderAccessImpl - No temp ClassLoader provided; using live ClassLoader for loading potentially unsafe class : domain.Departament
21:23:01.585 [Test worker] DEBUG org.hibernate.boot.internal.ClassLoaderAccessImpl - Not known whether passed class name [domain.Angajat] is safe
21:23:01.585 [Test worker] DEBUG org.hibernate.boot.internal.ClassLoaderAccessImpl - No temp ClassLoader provided; using live ClassLoader for loading potentially unsafe class : domain.Angajat
21:23:01.585 [Test worker] DEBUG org.hibernate.boot.internal.ClassLoaderAccessImpl - Not known whether passed class name [domain.Proiect] is safe
21:23:01.585 [Test worker] DEBUG org.hibernate.boot.internal.ClassLoaderAccessImpl - No temp ClassLoader provided; using live ClassLoader for loading potentially unsafe class : domain.Proiect
21:23:01.600 [Test worker] DEBUG org.hibernate.boot.internal.ClassLoaderAccessImpl - Not known whether passed class name [domain.Concediu] is safe
21:23:01.600 [Test worker] DEBUG org.hibernate.boot.internal.ClassLoaderAccessImpl - No temp ClassLoader provided; using live ClassLoader for loading potentially unsafe class : domain.Concediu
21:23:01.600 [Test worker] DEBUG org.hibernate.persister.collection.AbstractCollectionPersister - Static SQL for collection: domain.Angajat.proiecte
21:23:01.600 [Test worker] DEBUG org.hibernate.persister.collection.AbstractCollectionPersister -  Row insert: insert into angajati_proiecte (id_angajat, id_proiect) values (?, ?)
21:23:01.600 [Test worker] DEBUG org.hibernate.persister.collection.AbstractCollectionPersister -  Row update: update angajati_proiecte set id_proiect=? where id_angajat=? and id_proiect=?
21:23:01.600 [Test worker] DEBUG org.hibernate.persister.collection.AbstractCollectionPersister -  Row delete: delete from angajati_proiecte where id_angajat=? and id_proiect=?
21:23:01.600 [Test worker] DEBUG org.hibernate.persister.collection.AbstractCollectionPersister -  One-shot delete: delete from angajati_proiecte where id_angajat=?
21:23:01.600 [Test worker] DEBUG org.hibernate.persister.collection.AbstractCollectionPersister - Static SQL for collection: domain.Angajat.concedii
21:23:01.600 [Test worker] DEBUG org.hibernate.persister.collection.AbstractCollectionPersister -  Row insert: update concedii set id_angajat=? where id=?
21:23:01.600 [Test worker] DEBUG org.hibernate.persister.collection.AbstractCollectionPersister -  Row update: update concedii set  where id=?
21:23:01.600 [Test worker] DEBUG org.hibernate.persister.collection.AbstractCollectionPersister -  Row delete: update concedii set id_angajat=null where id_angajat=? and id=?
21:23:01.600 [Test worker] DEBUG org.hibernate.persister.collection.AbstractCollectionPersister -  One-shot delete: update concedii set id_angajat=null where id_angajat=?
21:23:01.600 [Test worker] DEBUG org.hibernate.persister.collection.AbstractCollectionPersister - Static SQL for collection: domain.Angajat.departamente
21:23:01.600 [Test worker] DEBUG org.hibernate.persister.collection.AbstractCollectionPersister -  Row insert: insert into angajati_departamente (id_angajat, id_departament) values (?, ?)
21:23:01.600 [Test worker] DEBUG org.hibernate.persister.collection.AbstractCollectionPersister -  Row update: update angajati_departamente set id_departament=? where id_angajat=? and id_departament=?
21:23:01.600 [Test worker] DEBUG org.hibernate.persister.collection.AbstractCollectionPersister -  Row delete: delete from angajati_departamente where id_angajat=? and id_departament=?
21:23:01.600 [Test worker] DEBUG org.hibernate.persister.collection.AbstractCollectionPersister -  One-shot delete: delete from angajati_departamente where id_angajat=?
21:23:01.600 [Test worker] DEBUG org.hibernate.persister.entity.AbstractEntityPersister - Static SQL for entity: domain.Functie
21:23:01.600 [Test worker] DEBUG org.hibernate.persister.entity.AbstractEntityPersister -  Version select: select id from functii where id =?
21:23:01.600 [Test worker] DEBUG org.hibernate.persister.entity.AbstractEntityPersister -  Snapshot select: select functie_.id, functie_.salar_de_baza as salar_de2_5_ from functii functie_ where functie_.id=?
21:23:01.600 [Test worker] DEBUG org.hibernate.persister.entity.AbstractEntityPersister -  Insert 0: insert into functii (salar_de_baza, id) values (?, ?)
21:23:01.600 [Test worker] DEBUG org.hibernate.persister.entity.AbstractEntityPersister -  Update 0: update functii set salar_de_baza=? where id=?
21:23:01.600 [Test worker] DEBUG org.hibernate.persister.entity.AbstractEntityPersister -  Delete 0: delete from functii where id=?
21:23:01.600 [Test worker] DEBUG org.hibernate.persister.entity.AbstractEntityPersister -  Identity insert: insert into functii (salar_de_baza) values (?)
21:23:01.600 [Test worker] DEBUG org.hibernate.loader.plan.build.internal.spaces.QuerySpacesImpl - Adding QuerySpace : uid = <gen:0> -> org.hibernate.loader.plan.build.internal.spaces.EntityQuerySpaceImpl@47c6dd9e]
21:23:01.600 [Test worker] DEBUG org.hibernate.persister.walking.spi.MetamodelGraphWalker - Visiting attribute path : salarDeBaza
21:23:01.600 [Test worker] DEBUG org.hibernate.loader.plan.build.internal.FetchStyleLoadPlanBuildingAssociationVisitationStrategy - Building LoadPlan...
21:23:01.600 [Test worker] DEBUG org.hibernate.loader.plan.exec.internal.LoadQueryJoinAndFetchProcessor - processing queryspace <gen:0>
21:23:01.600 [Test worker] DEBUG org.hibernate.loader.plan.build.spi.LoadPlanTreePrinter - LoadPlan(entity=domain.Functie)
    - Returns
       - EntityReturnImpl(entity=domain.Functie, querySpaceUid=<gen:0>, path=domain.Functie)
    - QuerySpaces
       - EntityQuerySpaceImpl(uid=<gen:0>, entity=domain.Functie)
          - SQL table alias mapping - functie0_
          - alias suffix - 0_
          - suffixed key columns - {id1_5_0_}

21:23:01.600 [Test worker] DEBUG org.hibernate.loader.entity.plan.EntityLoader - Static select for entity domain.Functie [NONE]: select functie0_.id as id1_5_0_, functie0_.salar_de_baza as salar_de2_5_0_ from functii functie0_ where functie0_.id=?
21:23:01.600 [Test worker] DEBUG org.hibernate.persister.entity.AbstractEntityPersister - Static SQL for entity: domain.Departament
21:23:01.600 [Test worker] DEBUG org.hibernate.persister.entity.AbstractEntityPersister -  Version select: select id from departamente where id =?
21:23:01.600 [Test worker] DEBUG org.hibernate.persister.entity.AbstractEntityPersister -  Snapshot select: select departamen_.id, departamen_.id_director as id_direc2_4_ from departamente departamen_ where departamen_.id=?
21:23:01.600 [Test worker] DEBUG org.hibernate.persister.entity.AbstractEntityPersister -  Insert 0: insert into departamente (id_director, id) values (?, ?)
21:23:01.600 [Test worker] DEBUG org.hibernate.persister.entity.AbstractEntityPersister -  Update 0: update departamente set id_director=? where id=?
21:23:01.600 [Test worker] DEBUG org.hibernate.persister.entity.AbstractEntityPersister -  Delete 0: delete from departamente where id=?
21:23:01.600 [Test worker] DEBUG org.hibernate.persister.entity.AbstractEntityPersister -  Identity insert: insert into departamente (id_director) values (?)
21:23:01.600 [Test worker] DEBUG org.hibernate.loader.plan.build.internal.spaces.QuerySpacesImpl - Adding QuerySpace : uid = <gen:0> -> org.hibernate.loader.plan.build.internal.spaces.EntityQuerySpaceImpl@60758b9]
21:23:01.600 [Test worker] DEBUG org.hibernate.persister.walking.spi.MetamodelGraphWalker - Visiting attribute path : idDirector
21:23:01.600 [Test worker] DEBUG org.hibernate.loader.plan.build.internal.FetchStyleLoadPlanBuildingAssociationVisitationStrategy - Building LoadPlan...
21:23:01.600 [Test worker] DEBUG org.hibernate.loader.plan.exec.internal.LoadQueryJoinAndFetchProcessor - processing queryspace <gen:0>
21:23:01.600 [Test worker] DEBUG org.hibernate.loader.plan.build.spi.LoadPlanTreePrinter - LoadPlan(entity=domain.Departament)
    - Returns
       - EntityReturnImpl(entity=domain.Departament, querySpaceUid=<gen:0>, path=domain.Departament)
    - QuerySpaces
       - EntityQuerySpaceImpl(uid=<gen:0>, entity=domain.Departament)
          - SQL table alias mapping - departamen0_
          - alias suffix - 0_
          - suffixed key columns - {id1_4_0_}

21:23:01.600 [Test worker] DEBUG org.hibernate.loader.entity.plan.EntityLoader - Static select for entity domain.Departament [NONE]: select departamen0_.id as id1_4_0_, departamen0_.id_director as id_direc2_4_0_ from departamente departamen0_ where departamen0_.id=?
21:23:01.600 [Test worker] DEBUG org.hibernate.persister.entity.AbstractEntityPersister - Static SQL for entity: domain.Angajat
21:23:01.600 [Test worker] DEBUG org.hibernate.persister.entity.AbstractEntityPersister -  Version select: select id from angajati where id =?
21:23:01.600 [Test worker] DEBUG org.hibernate.persister.entity.AbstractEntityPersister -  Snapshot select: select angajat_.id, angajat_.data_angajare as data_ang2_0_, angajat_.functie_id as functie_4_0_, angajat_.id_superior as id_super3_0_ from angajati angajat_ where angajat_.id=?
21:23:01.600 [Test worker] DEBUG org.hibernate.persister.entity.AbstractEntityPersister -  Insert 0: insert into angajati (data_angajare, functie_id, id_superior, id) values (?, ?, ?, ?)
21:23:01.600 [Test worker] DEBUG org.hibernate.persister.entity.AbstractEntityPersister -  Update 0: update angajati set data_angajare=?, functie_id=?, id_superior=? where id=?
21:23:01.600 [Test worker] DEBUG org.hibernate.persister.entity.AbstractEntityPersister -  Delete 0: delete from angajati where id=?
21:23:01.600 [Test worker] DEBUG org.hibernate.persister.entity.AbstractEntityPersister -  Identity insert: insert into angajati (data_angajare, functie_id, id_superior) values (?, ?, ?)
21:23:01.600 [Test worker] DEBUG org.hibernate.loader.plan.build.internal.spaces.QuerySpacesImpl - Adding QuerySpace : uid = <gen:0> -> org.hibernate.loader.plan.build.internal.spaces.EntityQuerySpaceImpl@261f118d]
21:23:01.600 [Test worker] DEBUG org.hibernate.persister.walking.spi.MetamodelGraphWalker - Visiting attribute path : concedii
21:23:01.600 [Test worker] DEBUG org.hibernate.loader.plan.build.internal.spaces.QuerySpacesImpl - Adding QuerySpace : uid = <gen:1> -> org.hibernate.loader.plan.build.internal.spaces.CollectionQuerySpaceImpl@579ef6f9]
21:23:01.600 [Test worker] DEBUG org.hibernate.loader.plan.build.internal.spaces.QuerySpacesImpl - Adding QuerySpace : uid = <gen:2> -> org.hibernate.loader.plan.build.internal.spaces.EntityQuerySpaceImpl@204be270]
21:23:01.600 [Test worker] DEBUG org.hibernate.persister.walking.spi.MetamodelGraphWalker - Visiting attribute path : dataAngajare
21:23:01.600 [Test worker] DEBUG org.hibernate.persister.walking.spi.MetamodelGraphWalker - Visiting attribute path : departamente
21:23:01.600 [Test worker] DEBUG org.hibernate.loader.plan.build.internal.spaces.QuerySpacesImpl - Adding QuerySpace : uid = <gen:3> -> org.hibernate.loader.plan.build.internal.spaces.CollectionQuerySpaceImpl@7e061c8d]
21:23:01.600 [Test worker] DEBUG org.hibernate.loader.plan.build.internal.spaces.QuerySpacesImpl - Adding QuerySpace : uid = <gen:4> -> org.hibernate.loader.plan.build.internal.spaces.EntityQuerySpaceImpl@10c57728]
21:23:01.600 [Test worker] DEBUG org.hibernate.persister.walking.spi.MetamodelGraphWalker - Visiting attribute path : functie
21:23:01.600 [Test worker] DEBUG org.hibernate.loader.plan.build.internal.spaces.QuerySpacesImpl - Adding QuerySpace : uid = <gen:5> -> org.hibernate.loader.plan.build.internal.spaces.EntityQuerySpaceImpl@30cc62f7]
21:23:01.600 [Test worker] DEBUG org.hibernate.persister.walking.spi.MetamodelGraphWalker - Visiting attribute path : functie.salarDeBaza
21:23:01.600 [Test worker] DEBUG org.hibernate.persister.walking.spi.MetamodelGraphWalker - Visiting attribute path : idSuperior
21:23:01.600 [Test worker] DEBUG org.hibernate.persister.walking.spi.MetamodelGraphWalker - Visiting attribute path : proiecte
21:23:01.600 [Test worker] DEBUG org.hibernate.loader.plan.build.internal.spaces.QuerySpacesImpl - Adding QuerySpace : uid = <gen:6> -> org.hibernate.loader.plan.build.internal.spaces.CollectionQuerySpaceImpl@1c7d1e8]
21:23:01.600 [Test worker] DEBUG org.hibernate.loader.plan.build.internal.spaces.QuerySpacesImpl - Adding QuerySpace : uid = <gen:7> -> org.hibernate.loader.plan.build.internal.spaces.EntityQuerySpaceImpl@3a808acf]
21:23:01.600 [Test worker] DEBUG org.hibernate.loader.plan.build.internal.FetchStyleLoadPlanBuildingAssociationVisitationStrategy - Building LoadPlan...
21:23:01.600 [Test worker] DEBUG org.hibernate.loader.plan.exec.internal.LoadQueryJoinAndFetchProcessor - processing queryspace <gen:0>
21:23:01.600 [Test worker] DEBUG org.hibernate.loader.plan.build.spi.LoadPlanTreePrinter - LoadPlan(entity=domain.Angajat)
    - Returns
       - EntityReturnImpl(entity=domain.Angajat, querySpaceUid=<gen:0>, path=domain.Angajat)
          - CollectionAttributeFetchImpl(collection=domain.Angajat.concedii, querySpaceUid=<gen:1>, path=domain.Angajat.concedii)
             - (collection element) CollectionFetchableElementEntityGraph(entity=domain.Concediu, querySpaceUid=<gen:2>, path=domain.Angajat.concedii.<elements>)
          - CollectionAttributeFetchImpl(collection=domain.Angajat.departamente, querySpaceUid=<gen:3>, path=domain.Angajat.departamente)
             - (collection element) CollectionFetchableElementEntityGraph(entity=domain.Departament, querySpaceUid=<gen:4>, path=domain.Angajat.departamente.<elements>)
          - EntityAttributeFetchImpl(entity=domain.Functie, querySpaceUid=<gen:5>, path=domain.Angajat.functie)
          - CollectionAttributeFetchImpl(collection=domain.Angajat.proiecte, querySpaceUid=<gen:6>, path=domain.Angajat.proiecte)
             - (collection element) CollectionFetchableElementEntityGraph(entity=domain.Proiect, querySpaceUid=<gen:7>, path=domain.Angajat.proiecte.<elements>)
    - QuerySpaces
       - EntityQuerySpaceImpl(uid=<gen:0>, entity=domain.Angajat)
          - SQL table alias mapping - angajat0_
          - alias suffix - 0_
          - suffixed key columns - {id1_0_0_}
          - JOIN (JoinDefinedByMetadata(functie)) : <gen:0> -> <gen:5>
             - EntityQuerySpaceImpl(uid=<gen:5>, entity=domain.Functie)
                - SQL table alias mapping - functie1_
                - alias suffix - 1_
                - suffixed key columns - {id1_5_1_}

21:23:01.600 [Test worker] DEBUG org.hibernate.loader.entity.plan.EntityLoader - Static select for entity domain.Angajat [NONE]: select angajat0_.id as id1_0_0_, angajat0_.data_angajare as data_ang2_0_0_, angajat0_.functie_id as functie_4_0_0_, angajat0_.id_superior as id_super3_0_0_, functie1_.id as id1_5_1_, functie1_.salar_de_baza as salar_de2_5_1_ from angajati angajat0_ left outer join functii functie1_ on angajat0_.functie_id=functie1_.id where angajat0_.id=?
21:23:01.600 [Test worker] DEBUG org.hibernate.persister.entity.AbstractEntityPersister - Static SQL for entity: domain.Proiect
21:23:01.600 [Test worker] DEBUG org.hibernate.persister.entity.AbstractEntityPersister -  Version select: select id from proiecte where id =?
21:23:01.600 [Test worker] DEBUG org.hibernate.persister.entity.AbstractEntityPersister -  Snapshot select: select proiect_.id, proiect_.data_inceput as data_inc2_6_, proiect_.deadline as deadline3_6_ from proiecte proiect_ where proiect_.id=?
21:23:01.600 [Test worker] DEBUG org.hibernate.persister.entity.AbstractEntityPersister -  Insert 0: insert into proiecte (data_inceput, deadline, id) values (?, ?, ?)
21:23:01.600 [Test worker] DEBUG org.hibernate.persister.entity.AbstractEntityPersister -  Update 0: update proiecte set data_inceput=?, deadline=? where id=?
21:23:01.600 [Test worker] DEBUG org.hibernate.persister.entity.AbstractEntityPersister -  Delete 0: delete from proiecte where id=?
21:23:01.600 [Test worker] DEBUG org.hibernate.persister.entity.AbstractEntityPersister -  Identity insert: insert into proiecte (data_inceput, deadline) values (?, ?)
21:23:01.600 [Test worker] DEBUG org.hibernate.loader.plan.build.internal.spaces.QuerySpacesImpl - Adding QuerySpace : uid = <gen:0> -> org.hibernate.loader.plan.build.internal.spaces.EntityQuerySpaceImpl@69089cb2]
21:23:01.600 [Test worker] DEBUG org.hibernate.persister.walking.spi.MetamodelGraphWalker - Visiting attribute path : dataInceput
21:23:01.600 [Test worker] DEBUG org.hibernate.persister.walking.spi.MetamodelGraphWalker - Visiting attribute path : deadline
21:23:01.600 [Test worker] DEBUG org.hibernate.loader.plan.build.internal.FetchStyleLoadPlanBuildingAssociationVisitationStrategy - Building LoadPlan...
21:23:01.600 [Test worker] DEBUG org.hibernate.loader.plan.exec.internal.LoadQueryJoinAndFetchProcessor - processing queryspace <gen:0>
21:23:01.600 [Test worker] DEBUG org.hibernate.loader.plan.build.spi.LoadPlanTreePrinter - LoadPlan(entity=domain.Proiect)
    - Returns
       - EntityReturnImpl(entity=domain.Proiect, querySpaceUid=<gen:0>, path=domain.Proiect)
    - QuerySpaces
       - EntityQuerySpaceImpl(uid=<gen:0>, entity=domain.Proiect)
          - SQL table alias mapping - proiect0_
          - alias suffix - 0_
          - suffixed key columns - {id1_6_0_}

21:23:01.600 [Test worker] DEBUG org.hibernate.loader.entity.plan.EntityLoader - Static select for entity domain.Proiect [NONE]: select proiect0_.id as id1_6_0_, proiect0_.data_inceput as data_inc2_6_0_, proiect0_.deadline as deadline3_6_0_ from proiecte proiect0_ where proiect0_.id=?
21:23:01.600 [Test worker] DEBUG org.hibernate.persister.entity.AbstractEntityPersister - Static SQL for entity: domain.Concediu
21:23:01.600 [Test worker] DEBUG org.hibernate.persister.entity.AbstractEntityPersister -  Version select: select id from concedii where id =?
21:23:01.600 [Test worker] DEBUG org.hibernate.persister.entity.AbstractEntityPersister -  Snapshot select: select concediu_.id, concediu_.id_angajat as id_angaj4_3_, concediu_.data_inceput as data_inc2_3_, concediu_.data_sfarsit as data_sfa3_3_ from concedii concediu_ where concediu_.id=?
21:23:01.600 [Test worker] DEBUG org.hibernate.persister.entity.AbstractEntityPersister -  Insert 0: insert into concedii (id_angajat, data_inceput, data_sfarsit, id) values (?, ?, ?, ?)
21:23:01.600 [Test worker] DEBUG org.hibernate.persister.entity.AbstractEntityPersister -  Update 0: update concedii set id_angajat=?, data_inceput=?, data_sfarsit=? where id=?
21:23:01.600 [Test worker] DEBUG org.hibernate.persister.entity.AbstractEntityPersister -  Delete 0: delete from concedii where id=?
21:23:01.600 [Test worker] DEBUG org.hibernate.persister.entity.AbstractEntityPersister -  Identity insert: insert into concedii (id_angajat, data_inceput, data_sfarsit) values (?, ?, ?)
21:23:01.600 [Test worker] DEBUG org.hibernate.loader.plan.build.internal.spaces.QuerySpacesImpl - Adding QuerySpace : uid = <gen:0> -> org.hibernate.loader.plan.build.internal.spaces.EntityQuerySpaceImpl@43f67528]
21:23:01.600 [Test worker] DEBUG org.hibernate.persister.walking.spi.MetamodelGraphWalker - Visiting attribute path : angajat
21:23:01.600 [Test worker] DEBUG org.hibernate.loader.plan.build.internal.spaces.QuerySpacesImpl - Adding QuerySpace : uid = <gen:1> -> org.hibernate.loader.plan.build.internal.spaces.EntityQuerySpaceImpl@50dea766]
21:23:01.600 [Test worker] DEBUG org.hibernate.persister.walking.spi.MetamodelGraphWalker - Visiting attribute path : dataInceput
21:23:01.600 [Test worker] DEBUG org.hibernate.persister.walking.spi.MetamodelGraphWalker - Visiting attribute path : dataSfarsit
21:23:01.600 [Test worker] DEBUG org.hibernate.loader.plan.build.internal.FetchStyleLoadPlanBuildingAssociationVisitationStrategy - Building LoadPlan...
21:23:01.600 [Test worker] DEBUG org.hibernate.loader.plan.exec.internal.LoadQueryJoinAndFetchProcessor - processing queryspace <gen:0>
21:23:01.600 [Test worker] DEBUG org.hibernate.loader.plan.build.spi.LoadPlanTreePrinter - LoadPlan(entity=domain.Concediu)
    - Returns
       - EntityReturnImpl(entity=domain.Concediu, querySpaceUid=<gen:0>, path=domain.Concediu)
          - EntityAttributeFetchImpl(entity=domain.Angajat, querySpaceUid=<gen:1>, path=domain.Concediu.angajat)
    - QuerySpaces
       - EntityQuerySpaceImpl(uid=<gen:0>, entity=domain.Concediu)
          - SQL table alias mapping - concediu0_
          - alias suffix - 0_
          - suffixed key columns - {id1_3_0_}

21:23:01.600 [Test worker] DEBUG org.hibernate.loader.entity.plan.EntityLoader - Static select for entity domain.Concediu [NONE]: select concediu0_.id as id1_3_0_, concediu0_.id_angajat as id_angaj4_3_0_, concediu0_.data_inceput as data_inc2_3_0_, concediu0_.data_sfarsit as data_sfa3_3_0_ from concedii concediu0_ where concediu0_.id=?
21:23:01.600 [Test worker] DEBUG org.hibernate.loader.plan.build.internal.spaces.QuerySpacesImpl - Adding QuerySpace : uid = <gen:0> -> org.hibernate.loader.plan.build.internal.spaces.CollectionQuerySpaceImpl@21b08987]
21:23:01.600 [Test worker] DEBUG org.hibernate.loader.plan.build.internal.spaces.QuerySpacesImpl - Adding QuerySpace : uid = <gen:1> -> org.hibernate.loader.plan.build.internal.spaces.EntityQuerySpaceImpl@519ff7ac]
21:23:01.600 [Test worker] DEBUG org.hibernate.persister.walking.spi.MetamodelGraphWalker - Visiting attribute path : dataInceput
21:23:01.600 [Test worker] DEBUG org.hibernate.persister.walking.spi.MetamodelGraphWalker - Visiting attribute path : deadline
21:23:01.600 [Test worker] DEBUG org.hibernate.loader.plan.build.internal.FetchStyleLoadPlanBuildingAssociationVisitationStrategy - Building LoadPlan...
21:23:01.600 [Test worker] DEBUG org.hibernate.loader.plan.exec.internal.LoadQueryJoinAndFetchProcessor - processing queryspace <gen:0>
21:23:01.600 [Test worker] DEBUG org.hibernate.loader.plan.build.spi.LoadPlanTreePrinter - LoadPlan(collection=domain.Angajat.proiecte)
    - Returns
       - CollectionReturnImpl(collection=domain.Angajat.proiecte, querySpaceUid=<gen:0>, path=[domain.Angajat.proiecte])
          - (collection element) CollectionFetchableElementEntityGraph(entity=domain.Proiect, querySpaceUid=<gen:1>, path=[domain.Angajat.proiecte].<elements>)
    - QuerySpaces
       - CollectionQuerySpaceImpl(uid=<gen:0>, collection=domain.Angajat.proiecte)
          - SQL table alias mapping - proiecte0_
          - alias suffix - 0_
          - suffixed key columns - {id_angaj1_2_0_}
          - entity-element alias suffix - 1_
          - 1_entity-element suffixed key columns - id1_6_1_
          - JOIN (JoinDefinedByMetadata(elements)) : <gen:0> -> <gen:1>
             - EntityQuerySpaceImpl(uid=<gen:1>, entity=domain.Proiect)
                - SQL table alias mapping - proiect1_
                - alias suffix - 1_
                - suffixed key columns - {id1_6_1_}

21:23:01.600 [Test worker] DEBUG org.hibernate.loader.collection.plan.CollectionLoader - Static select for collection domain.Angajat.proiecte: select proiecte0_.id_angajat as id_angaj1_2_0_, proiecte0_.id_proiect as id_proie2_2_0_, proiect1_.id as id1_6_1_, proiect1_.data_inceput as data_inc2_6_1_, proiect1_.deadline as deadline3_6_1_ from angajati_proiecte proiecte0_ inner join proiecte proiect1_ on proiecte0_.id_proiect=proiect1_.id where proiecte0_.id_angajat=?
21:23:01.600 [Test worker] DEBUG org.hibernate.loader.plan.build.internal.spaces.QuerySpacesImpl - Adding QuerySpace : uid = <gen:0> -> org.hibernate.loader.plan.build.internal.spaces.CollectionQuerySpaceImpl@5edc129a]
21:23:01.600 [Test worker] DEBUG org.hibernate.loader.plan.build.internal.spaces.QuerySpacesImpl - Adding QuerySpace : uid = <gen:1> -> org.hibernate.loader.plan.build.internal.spaces.EntityQuerySpaceImpl@70d0ac7a]
21:23:01.600 [Test worker] DEBUG org.hibernate.persister.walking.spi.MetamodelGraphWalker - Visiting attribute path : angajat
21:23:01.600 [Test worker] DEBUG org.hibernate.persister.walking.spi.MetamodelGraphWalker - Property path deemed to be circular : angajat
21:23:01.600 [Test worker] DEBUG org.hibernate.persister.walking.spi.MetamodelGraphWalker - Visiting attribute path : dataInceput
21:23:01.600 [Test worker] DEBUG org.hibernate.persister.walking.spi.MetamodelGraphWalker - Visiting attribute path : dataSfarsit
21:23:01.600 [Test worker] DEBUG org.hibernate.loader.plan.build.internal.FetchStyleLoadPlanBuildingAssociationVisitationStrategy - Building LoadPlan...
21:23:01.600 [Test worker] DEBUG org.hibernate.loader.plan.exec.internal.LoadQueryJoinAndFetchProcessor - processing queryspace <gen:0>
21:23:01.600 [Test worker] DEBUG org.hibernate.loader.plan.build.spi.LoadPlanTreePrinter - LoadPlan(collection=domain.Angajat.concedii)
    - Returns
       - CollectionReturnImpl(collection=domain.Angajat.concedii, querySpaceUid=<gen:0>, path=[domain.Angajat.concedii])
          - (collection element) CollectionFetchableElementEntityGraph(entity=domain.Concediu, querySpaceUid=<gen:1>, path=[domain.Angajat.concedii].<elements>)
    - QuerySpaces
       - CollectionQuerySpaceImpl(uid=<gen:0>, collection=domain.Angajat.concedii)
          - SQL table alias mapping - concedii0_
          - alias suffix - 0_
          - suffixed key columns - {id_angaj4_3_0_}
          - entity-element alias suffix - 1_
          - 1_entity-element suffixed key columns - id1_3_1_
          - JOIN (JoinDefinedByMetadata(elements)) : <gen:0> -> <gen:1>
             - EntityQuerySpaceImpl(uid=<gen:1>, entity=domain.Concediu)
                - SQL table alias mapping - concedii0_
                - alias suffix - 1_
                - suffixed key columns - {id1_3_1_}

21:23:01.600 [Test worker] DEBUG org.hibernate.loader.collection.plan.CollectionLoader - Static select for collection domain.Angajat.concedii: select concedii0_.id_angajat as id_angaj4_3_0_, concedii0_.id as id1_3_0_, concedii0_.id as id1_3_1_, concedii0_.id_angajat as id_angaj4_3_1_, concedii0_.data_inceput as data_inc2_3_1_, concedii0_.data_sfarsit as data_sfa3_3_1_ from concedii concedii0_ where concedii0_.id_angajat=?
21:23:01.600 [Test worker] DEBUG org.hibernate.loader.plan.build.internal.spaces.QuerySpacesImpl - Adding QuerySpace : uid = <gen:0> -> org.hibernate.loader.plan.build.internal.spaces.CollectionQuerySpaceImpl@68091a1a]
21:23:01.600 [Test worker] DEBUG org.hibernate.loader.plan.build.internal.spaces.QuerySpacesImpl - Adding QuerySpace : uid = <gen:1> -> org.hibernate.loader.plan.build.internal.spaces.EntityQuerySpaceImpl@1d4fc81d]
21:23:01.600 [Test worker] DEBUG org.hibernate.persister.walking.spi.MetamodelGraphWalker - Visiting attribute path : idDirector
21:23:01.600 [Test worker] DEBUG org.hibernate.loader.plan.build.internal.FetchStyleLoadPlanBuildingAssociationVisitationStrategy - Building LoadPlan...
21:23:01.600 [Test worker] DEBUG org.hibernate.loader.plan.exec.internal.LoadQueryJoinAndFetchProcessor - processing queryspace <gen:0>
21:23:01.600 [Test worker] DEBUG org.hibernate.loader.plan.build.spi.LoadPlanTreePrinter - LoadPlan(collection=domain.Angajat.departamente)
    - Returns
       - CollectionReturnImpl(collection=domain.Angajat.departamente, querySpaceUid=<gen:0>, path=[domain.Angajat.departamente])
          - (collection element) CollectionFetchableElementEntityGraph(entity=domain.Departament, querySpaceUid=<gen:1>, path=[domain.Angajat.departamente].<elements>)
    - QuerySpaces
       - CollectionQuerySpaceImpl(uid=<gen:0>, collection=domain.Angajat.departamente)
          - SQL table alias mapping - departamen0_
          - alias suffix - 0_
          - suffixed key columns - {id_angaj1_1_0_}
          - entity-element alias suffix - 1_
          - 1_entity-element suffixed key columns - id1_4_1_
          - JOIN (JoinDefinedByMetadata(elements)) : <gen:0> -> <gen:1>
             - EntityQuerySpaceImpl(uid=<gen:1>, entity=domain.Departament)
                - SQL table alias mapping - departamen1_
                - alias suffix - 1_
                - suffixed key columns - {id1_4_1_}

21:23:01.600 [Test worker] DEBUG org.hibernate.loader.collection.plan.CollectionLoader - Static select for collection domain.Angajat.departamente: select departamen0_.id_angajat as id_angaj1_1_0_, departamen0_.id_departament as id_depar2_1_0_, departamen1_.id as id1_4_1_, departamen1_.id_director as id_direc2_4_1_ from angajati_departamente departamen0_ inner join departamente departamen1_ on departamen0_.id_departament=departamen1_.id where departamen0_.id_angajat=?
21:23:01.600 [Test worker] INFO org.hibernate.orm.connections.access - HHH10001501: Connection obtained from JdbcConnectionAccess [org.hibernate.engine.jdbc.env.internal.JdbcEnvironmentInitiator$ConnectionProviderJdbcConnectionAccess@38278bd7] for (non-JTA) DDL execution was not in auto-commit mode; the Connection 'local transaction' will be committed and the Connection will be set into auto-commit mode.
21:23:01.600 [Test worker] DEBUG org.hibernate.mapping.Table - No alter strings for table : angajati
21:23:01.600 [Test worker] DEBUG org.hibernate.mapping.Table - No alter strings for table : angajati_departamente
21:23:01.600 [Test worker] DEBUG org.hibernate.mapping.Table - No alter strings for table : angajati_proiecte
21:23:01.600 [Test worker] DEBUG org.hibernate.mapping.Table - No alter strings for table : concedii
21:23:01.600 [Test worker] DEBUG org.hibernate.mapping.Table - No alter strings for table : departamente
21:23:01.600 [Test worker] DEBUG org.hibernate.mapping.Table - No alter strings for table : functii
21:23:01.600 [Test worker] DEBUG org.hibernate.mapping.Table - No alter strings for table : proiecte
21:23:01.600 [Test worker] DEBUG org.hibernate.query.spi.NamedQueryRepository - Checking 0 named HQL queries
21:23:01.600 [Test worker] DEBUG org.hibernate.query.spi.NamedQueryRepository - Checking 0 named SQL queries
21:23:01.600 [Test worker] DEBUG org.hibernate.internal.SessionFactoryRegistry - Registering SessionFactory: 9b192f89-5224-4a79-8480-812a6c8e1188 (<unnamed>)
21:23:01.600 [Test worker] DEBUG org.hibernate.internal.SessionFactoryRegistry - Not binding SessionFactory to JNDI, no JNDI name configured
21:23:01.600 [Test worker] DEBUG org.hibernate.integrator.internal.IntegratorServiceImpl - Adding Integrator [org.hibernate.cfg.beanvalidation.BeanValidationIntegrator].
21:23:01.600 [Test worker] DEBUG org.hibernate.integrator.internal.IntegratorServiceImpl - Adding Integrator [org.hibernate.secure.spi.JaccIntegrator].
21:23:01.600 [Test worker] DEBUG org.hibernate.integrator.internal.IntegratorServiceImpl - Adding Integrator [org.hibernate.cache.internal.CollectionCacheInvalidator].
21:23:01.616 [Test worker] DEBUG org.hibernate.boot.jaxb.internal.stax.LocalXmlResourceResolver - Interpreting public/system identifier : [-//Hibernate/Hibernate Configuration DTD 3.0//EN] - [http://hibernate.org/dtd/hibernate-configuration-3.0.dtd]
21:23:01.632 [Test worker] DEBUG org.hibernate.boot.cfgxml.internal.JaxbCfgProcessor - cfg.xml document did not define namespaces; wrapping in custom event reader to introduce namespace information
21:23:01.647 [Test worker] DEBUG org.hibernate.service.spi.ServiceBinding - Overriding existing service binding [org.hibernate.secure.spi.JaccService]
21:23:01.647 [Test worker] DEBUG org.hibernate.cache.internal.RegionFactoryInitiator - Cannot default RegionFactory based on registered strategies as `[]` RegionFactory strategies were registered
21:23:01.647 [Test worker] DEBUG org.hibernate.cache.internal.RegionFactoryInitiator - Cache region factory : org.hibernate.cache.internal.NoCachingRegionFactory
21:23:01.647 [Test worker] DEBUG org.hibernate.type.BasicTypeRegistry - Adding type registration boolean -> org.hibernate.type.BooleanType@121b529f
21:23:01.647 [Test worker] DEBUG org.hibernate.type.BasicTypeRegistry - Adding type registration boolean -> org.hibernate.type.BooleanType@121b529f
21:23:01.647 [Test worker] DEBUG org.hibernate.type.BasicTypeRegistry - Adding type registration java.lang.Boolean -> org.hibernate.type.BooleanType@121b529f
21:23:01.647 [Test worker] DEBUG org.hibernate.type.BasicTypeRegistry - Adding type registration numeric_boolean -> org.hibernate.type.NumericBooleanType@7dc81433
21:23:01.647 [Test worker] DEBUG org.hibernate.type.BasicTypeRegistry - Adding type registration true_false -> org.hibernate.type.TrueFalseType@60c371da
21:23:01.647 [Test worker] DEBUG org.hibernate.type.BasicTypeRegistry - Adding type registration yes_no -> org.hibernate.type.YesNoType@51ef89fc
21:23:01.647 [Test worker] DEBUG org.hibernate.type.BasicTypeRegistry - Adding type registration byte -> org.hibernate.type.ByteType@1502feca
21:23:01.647 [Test worker] DEBUG org.hibernate.type.BasicTypeRegistry - Adding type registration byte -> org.hibernate.type.ByteType@1502feca
21:23:01.647 [Test worker] DEBUG org.hibernate.type.BasicTypeRegistry - Adding type registration java.lang.Byte -> org.hibernate.type.ByteType@1502feca
21:23:01.647 [Test worker] DEBUG org.hibernate.type.BasicTypeRegistry - Adding type registration character -> org.hibernate.type.CharacterType@5aca38b4
21:23:01.647 [Test worker] DEBUG org.hibernate.type.BasicTypeRegistry - Adding type registration char -> org.hibernate.type.CharacterType@5aca38b4
21:23:01.647 [Test worker] DEBUG org.hibernate.type.BasicTypeRegistry - Adding type registration java.lang.Character -> org.hibernate.type.CharacterType@5aca38b4
21:23:01.647 [Test worker] DEBUG org.hibernate.type.BasicTypeRegistry - Adding type registration short -> org.hibernate.type.ShortType@212db0b9
21:23:01.647 [Test worker] DEBUG org.hibernate.type.BasicTypeRegistry - Adding type registration short -> org.hibernate.type.ShortType@212db0b9
21:23:01.647 [Test worker] DEBUG org.hibernate.type.BasicTypeRegistry - Adding type registration java.lang.Short -> org.hibernate.type.ShortType@212db0b9
21:23:01.647 [Test worker] DEBUG org.hibernate.type.BasicTypeRegistry - Adding type registration integer -> org.hibernate.type.IntegerType@14f541d2
21:23:01.647 [Test worker] DEBUG org.hibernate.type.BasicTypeRegistry - Adding type registration int -> org.hibernate.type.IntegerType@14f541d2
21:23:01.647 [Test worker] DEBUG org.hibernate.type.BasicTypeRegistry - Adding type registration java.lang.Integer -> org.hibernate.type.IntegerType@14f541d2
21:23:01.647 [Test worker] DEBUG org.hibernate.type.BasicTypeRegistry - Adding type registration long -> org.hibernate.type.LongType@357c5fef
21:23:01.647 [Test worker] DEBUG org.hibernate.type.BasicTypeRegistry - Adding type registration long -> org.hibernate.type.LongType@357c5fef
21:23:01.647 [Test worker] DEBUG org.hibernate.type.BasicTypeRegistry - Adding type registration java.lang.Long -> org.hibernate.type.LongType@357c5fef
21:23:01.647 [Test worker] DEBUG org.hibernate.type.BasicTypeRegistry - Adding type registration float -> org.hibernate.type.FloatType@68835e55
21:23:01.647 [Test worker] DEBUG org.hibernate.type.BasicTypeRegistry - Adding type registration float -> org.hibernate.type.FloatType@68835e55
21:23:01.647 [Test worker] DEBUG org.hibernate.type.BasicTypeRegistry - Adding type registration java.lang.Float -> org.hibernate.type.FloatType@68835e55
21:23:01.647 [Test worker] DEBUG org.hibernate.type.BasicTypeRegistry - Adding type registration double -> org.hibernate.type.DoubleType@1db8c4bf
21:23:01.647 [Test worker] DEBUG org.hibernate.type.BasicTypeRegistry - Adding type registration double -> org.hibernate.type.DoubleType@1db8c4bf
21:23:01.647 [Test worker] DEBUG org.hibernate.type.BasicTypeRegistry - Adding type registration java.lang.Double -> org.hibernate.type.DoubleType@1db8c4bf
21:23:01.647 [Test worker] DEBUG org.hibernate.type.BasicTypeRegistry - Adding type registration big_decimal -> org.hibernate.type.BigDecimalType@2bd9f5a7
21:23:01.647 [Test worker] DEBUG org.hibernate.type.BasicTypeRegistry - Adding type registration java.math.BigDecimal -> org.hibernate.type.BigDecimalType@2bd9f5a7
21:23:01.647 [Test worker] DEBUG org.hibernate.type.BasicTypeRegistry - Adding type registration big_integer -> org.hibernate.type.BigIntegerType@67766712
21:23:01.647 [Test worker] DEBUG org.hibernate.type.BasicTypeRegistry - Adding type registration java.math.BigInteger -> org.hibernate.type.BigIntegerType@67766712
21:23:01.647 [Test worker] DEBUG org.hibernate.type.BasicTypeRegistry - Adding type registration string -> org.hibernate.type.StringType@5abe721f
21:23:01.647 [Test worker] DEBUG org.hibernate.type.BasicTypeRegistry - Adding type registration java.lang.String -> org.hibernate.type.StringType@5abe721f
21:23:01.647 [Test worker] DEBUG org.hibernate.type.BasicTypeRegistry - Adding type registration nstring -> org.hibernate.type.StringNVarcharType@5ca83c4b
21:23:01.647 [Test worker] DEBUG org.hibernate.type.BasicTypeRegistry - Adding type registration ncharacter -> org.hibernate.type.CharacterNCharType@181579aa
21:23:01.647 [Test worker] DEBUG org.hibernate.type.BasicTypeRegistry - Adding type registration url -> org.hibernate.type.UrlType@2d95e7ff
21:23:01.647 [Test worker] DEBUG org.hibernate.type.BasicTypeRegistry - Adding type registration java.net.URL -> org.hibernate.type.UrlType@2d95e7ff
21:23:01.647 [Test worker] DEBUG org.hibernate.type.BasicTypeRegistry - Adding type registration Duration -> org.hibernate.type.DurationType@1f6d6ec5
21:23:01.647 [Test worker] DEBUG org.hibernate.type.BasicTypeRegistry - Adding type registration java.time.Duration -> org.hibernate.type.DurationType@1f6d6ec5
21:23:01.647 [Test worker] DEBUG org.hibernate.type.BasicTypeRegistry - Adding type registration Instant -> org.hibernate.type.InstantType@799b3880
21:23:01.647 [Test worker] DEBUG org.hibernate.type.BasicTypeRegistry - Adding type registration java.time.Instant -> org.hibernate.type.InstantType@799b3880
21:23:01.647 [Test worker] DEBUG org.hibernate.type.BasicTypeRegistry - Adding type registration LocalDateTime -> org.hibernate.type.LocalDateTimeType@3c9b7dcd
21:23:01.647 [Test worker] DEBUG org.hibernate.type.BasicTypeRegistry - Adding type registration java.time.LocalDateTime -> org.hibernate.type.LocalDateTimeType@3c9b7dcd
21:23:01.647 [Test worker] DEBUG org.hibernate.type.BasicTypeRegistry - Adding type registration LocalDate -> org.hibernate.type.LocalDateType@73b9d317
21:23:01.647 [Test worker] DEBUG org.hibernate.type.BasicTypeRegistry - Adding type registration java.time.LocalDate -> org.hibernate.type.LocalDateType@73b9d317
21:23:01.647 [Test worker] DEBUG org.hibernate.type.BasicTypeRegistry - Adding type registration LocalTime -> org.hibernate.type.LocalTimeType@3e938176
21:23:01.647 [Test worker] DEBUG org.hibernate.type.BasicTypeRegistry - Adding type registration java.time.LocalTime -> org.hibernate.type.LocalTimeType@3e938176
21:23:01.647 [Test worker] DEBUG org.hibernate.type.BasicTypeRegistry - Adding type registration OffsetDateTime -> org.hibernate.type.OffsetDateTimeType@1006f6a5
21:23:01.647 [Test worker] DEBUG org.hibernate.type.BasicTypeRegistry - Adding type registration java.time.OffsetDateTime -> org.hibernate.type.OffsetDateTimeType@1006f6a5
21:23:01.647 [Test worker] DEBUG org.hibernate.type.BasicTypeRegistry - Adding type registration OffsetTime -> org.hibernate.type.OffsetTimeType@5ebf30b8
21:23:01.647 [Test worker] DEBUG org.hibernate.type.BasicTypeRegistry - Adding type registration java.time.OffsetTime -> org.hibernate.type.OffsetTimeType@5ebf30b8
21:23:01.647 [Test worker] DEBUG org.hibernate.type.BasicTypeRegistry - Adding type registration ZonedDateTime -> org.hibernate.type.ZonedDateTimeType@5ecdce3a
21:23:01.647 [Test worker] DEBUG org.hibernate.type.BasicTypeRegistry - Adding type registration java.time.ZonedDateTime -> org.hibernate.type.ZonedDateTimeType@5ecdce3a
21:23:01.647 [Test worker] DEBUG org.hibernate.type.BasicTypeRegistry - Adding type registration date -> org.hibernate.type.DateType@34878a9c
21:23:01.647 [Test worker] DEBUG org.hibernate.type.BasicTypeRegistry - Adding type registration java.sql.Date -> org.hibernate.type.DateType@34878a9c
21:23:01.647 [Test worker] DEBUG org.hibernate.type.BasicTypeRegistry - Adding type registration time -> org.hibernate.type.TimeType@4be75fc9
21:23:01.647 [Test worker] DEBUG org.hibernate.type.BasicTypeRegistry - Adding type registration java.sql.Time -> org.hibernate.type.TimeType@4be75fc9
21:23:01.647 [Test worker] DEBUG org.hibernate.type.BasicTypeRegistry - Adding type registration timestamp -> org.hibernate.type.TimestampType@cd6dcfb
21:23:01.647 [Test worker] DEBUG org.hibernate.type.BasicTypeRegistry - Adding type registration java.sql.Timestamp -> org.hibernate.type.TimestampType@cd6dcfb
21:23:01.647 [Test worker] DEBUG org.hibernate.type.BasicTypeRegistry - Adding type registration java.util.Date -> org.hibernate.type.TimestampType@cd6dcfb
21:23:01.647 [Test worker] DEBUG org.hibernate.type.BasicTypeRegistry - Adding type registration dbtimestamp -> org.hibernate.type.DbTimestampType@6f70db50
21:23:01.647 [Test worker] DEBUG org.hibernate.type.BasicTypeRegistry - Adding type registration calendar -> org.hibernate.type.CalendarType@232580e4
21:23:01.647 [Test worker] DEBUG org.hibernate.type.BasicTypeRegistry - Adding type registration java.util.Calendar -> org.hibernate.type.CalendarType@232580e4
21:23:01.647 [Test worker] DEBUG org.hibernate.type.BasicTypeRegistry - Adding type registration java.util.GregorianCalendar -> org.hibernate.type.CalendarType@232580e4
21:23:01.647 [Test worker] DEBUG org.hibernate.type.BasicTypeRegistry - Adding type registration calendar_date -> org.hibernate.type.CalendarDateType@2d226c99
21:23:01.647 [Test worker] DEBUG org.hibernate.type.BasicTypeRegistry - Adding type registration calendar_time -> org.hibernate.type.CalendarTimeType@5f0ca092
21:23:01.647 [Test worker] DEBUG org.hibernate.type.BasicTypeRegistry - Adding type registration locale -> org.hibernate.type.LocaleType@2e7d6fc7
21:23:01.647 [Test worker] DEBUG org.hibernate.type.BasicTypeRegistry - Adding type registration java.util.Locale -> org.hibernate.type.LocaleType@2e7d6fc7
21:23:01.647 [Test worker] DEBUG org.hibernate.type.BasicTypeRegistry - Adding type registration currency -> org.hibernate.type.CurrencyType@298b5abb
21:23:01.647 [Test worker] DEBUG org.hibernate.type.BasicTypeRegistry - Adding type registration java.util.Currency -> org.hibernate.type.CurrencyType@298b5abb
21:23:01.647 [Test worker] DEBUG org.hibernate.type.BasicTypeRegistry - Adding type registration timezone -> org.hibernate.type.TimeZoneType@6a7223ce
21:23:01.647 [Test worker] DEBUG org.hibernate.type.BasicTypeRegistry - Adding type registration java.util.TimeZone -> org.hibernate.type.TimeZoneType@6a7223ce
21:23:01.647 [Test worker] DEBUG org.hibernate.type.BasicTypeRegistry - Adding type registration class -> org.hibernate.type.ClassType@17c86e61
21:23:01.647 [Test worker] DEBUG org.hibernate.type.BasicTypeRegistry - Adding type registration java.lang.Class -> org.hibernate.type.ClassType@17c86e61
21:23:01.647 [Test worker] DEBUG org.hibernate.type.BasicTypeRegistry - Adding type registration uuid-binary -> org.hibernate.type.UUIDBinaryType@165a29f7
21:23:01.647 [Test worker] DEBUG org.hibernate.type.BasicTypeRegistry - Adding type registration java.util.UUID -> org.hibernate.type.UUIDBinaryType@165a29f7
21:23:01.647 [Test worker] DEBUG org.hibernate.type.BasicTypeRegistry - Adding type registration uuid-char -> org.hibernate.type.UUIDCharType@57061eb5
21:23:01.647 [Test worker] DEBUG org.hibernate.type.BasicTypeRegistry - Adding type registration binary -> org.hibernate.type.BinaryType@377a3a57
21:23:01.647 [Test worker] DEBUG org.hibernate.type.BasicTypeRegistry - Adding type registration byte[] -> org.hibernate.type.BinaryType@377a3a57
21:23:01.647 [Test worker] DEBUG org.hibernate.type.BasicTypeRegistry - Adding type registration [B -> org.hibernate.type.BinaryType@377a3a57
21:23:01.647 [Test worker] DEBUG org.hibernate.type.BasicTypeRegistry - Adding type registration wrapper-binary -> org.hibernate.type.WrapperBinaryType@15236686
21:23:01.647 [Test worker] DEBUG org.hibernate.type.BasicTypeRegistry - Adding type registration Byte[] -> org.hibernate.type.WrapperBinaryType@15236686
21:23:01.647 [Test worker] DEBUG org.hibernate.type.BasicTypeRegistry - Adding type registration [Ljava.lang.Byte; -> org.hibernate.type.WrapperBinaryType@15236686
21:23:01.647 [Test worker] DEBUG org.hibernate.type.BasicTypeRegistry - Adding type registration row_version -> org.hibernate.type.RowVersionType@480544d3
21:23:01.647 [Test worker] DEBUG org.hibernate.type.BasicTypeRegistry - Adding type registration image -> org.hibernate.type.ImageType@a74733d
21:23:01.647 [Test worker] DEBUG org.hibernate.type.BasicTypeRegistry - Adding type registration characters -> org.hibernate.type.CharArrayType@10b707f8
21:23:01.647 [Test worker] DEBUG org.hibernate.type.BasicTypeRegistry - Adding type registration char[] -> org.hibernate.type.CharArrayType@10b707f8
21:23:01.647 [Test worker] DEBUG org.hibernate.type.BasicTypeRegistry - Adding type registration [C -> org.hibernate.type.CharArrayType@10b707f8
21:23:01.647 [Test worker] DEBUG org.hibernate.type.BasicTypeRegistry - Adding type registration wrapper-characters -> org.hibernate.type.CharacterArrayType@7586a107
21:23:01.647 [Test worker] DEBUG org.hibernate.type.BasicTypeRegistry - Adding type registration [Ljava.lang.Character; -> org.hibernate.type.CharacterArrayType@7586a107
21:23:01.647 [Test worker] DEBUG org.hibernate.type.BasicTypeRegistry - Adding type registration Character[] -> org.hibernate.type.CharacterArrayType@7586a107
21:23:01.647 [Test worker] DEBUG org.hibernate.type.BasicTypeRegistry - Adding type registration text -> org.hibernate.type.TextType@28e7117
21:23:01.647 [Test worker] DEBUG org.hibernate.type.BasicTypeRegistry - Adding type registration ntext -> org.hibernate.type.NTextType@4fe7c4b8
21:23:01.647 [Test worker] DEBUG org.hibernate.type.BasicTypeRegistry - Adding type registration blob -> org.hibernate.type.BlobType@69ff7971
21:23:01.647 [Test worker] DEBUG org.hibernate.type.BasicTypeRegistry - Adding type registration java.sql.Blob -> org.hibernate.type.BlobType@69ff7971
21:23:01.647 [Test worker] DEBUG org.hibernate.type.BasicTypeRegistry - Adding type registration materialized_blob -> org.hibernate.type.MaterializedBlobType@29a6bbfa
21:23:01.647 [Test worker] DEBUG org.hibernate.type.BasicTypeRegistry - Adding type registration clob -> org.hibernate.type.ClobType@6243fc09
21:23:01.647 [Test worker] DEBUG org.hibernate.type.BasicTypeRegistry - Adding type registration java.sql.Clob -> org.hibernate.type.ClobType@6243fc09
21:23:01.647 [Test worker] DEBUG org.hibernate.type.BasicTypeRegistry - Adding type registration nclob -> org.hibernate.type.NClobType@7a0e9fb4
21:23:01.647 [Test worker] DEBUG org.hibernate.type.BasicTypeRegistry - Adding type registration java.sql.NClob -> org.hibernate.type.NClobType@7a0e9fb4
21:23:01.647 [Test worker] DEBUG org.hibernate.type.BasicTypeRegistry - Adding type registration materialized_clob -> org.hibernate.type.MaterializedClobType@5568af29
21:23:01.647 [Test worker] DEBUG org.hibernate.type.BasicTypeRegistry - Adding type registration materialized_nclob -> org.hibernate.type.MaterializedNClobType@43589365
21:23:01.647 [Test worker] DEBUG org.hibernate.type.BasicTypeRegistry - Adding type registration serializable -> org.hibernate.type.SerializableType@49b714f8
21:23:01.647 [Test worker] DEBUG org.hibernate.type.BasicTypeRegistry - Adding type registration object -> org.hibernate.type.ObjectType@4b6f241f
21:23:01.647 [Test worker] DEBUG org.hibernate.type.BasicTypeRegistry - Adding type registration java.lang.Object -> org.hibernate.type.ObjectType@4b6f241f
21:23:01.647 [Test worker] DEBUG org.hibernate.type.BasicTypeRegistry - Adding type registration imm_date -> org.hibernate.type.AdaptedImmutableType@4cae938c
21:23:01.647 [Test worker] DEBUG org.hibernate.type.BasicTypeRegistry - Adding type registration imm_time -> org.hibernate.type.AdaptedImmutableType@18b3cb8c
21:23:01.647 [Test worker] DEBUG org.hibernate.type.BasicTypeRegistry - Adding type registration imm_timestamp -> org.hibernate.type.AdaptedImmutableType@3fec63dc
21:23:01.647 [Test worker] DEBUG org.hibernate.type.BasicTypeRegistry - Adding type registration imm_dbtimestamp -> org.hibernate.type.AdaptedImmutableType@b749b83
21:23:01.647 [Test worker] DEBUG org.hibernate.type.BasicTypeRegistry - Adding type registration imm_calendar -> org.hibernate.type.AdaptedImmutableType@337e5b92
21:23:01.647 [Test worker] DEBUG org.hibernate.type.BasicTypeRegistry - Adding type registration imm_calendar_date -> org.hibernate.type.AdaptedImmutableType@359719da
21:23:01.647 [Test worker] DEBUG org.hibernate.type.BasicTypeRegistry - Adding type registration imm_binary -> org.hibernate.type.AdaptedImmutableType@69b96e37
21:23:01.647 [Test worker] DEBUG org.hibernate.type.BasicTypeRegistry - Adding type registration imm_serializable -> org.hibernate.type.AdaptedImmutableType@46be5800
21:23:01.647 [Test worker] DEBUG org.hibernate.id.factory.internal.DefaultIdentifierGeneratorFactory - Registering IdentifierGenerator strategy [uuid2] -> [org.hibernate.id.UUIDGenerator]
21:23:01.647 [Test worker] DEBUG org.hibernate.id.factory.internal.DefaultIdentifierGeneratorFactory - Registering IdentifierGenerator strategy [guid] -> [org.hibernate.id.GUIDGenerator]
21:23:01.647 [Test worker] DEBUG org.hibernate.id.factory.internal.DefaultIdentifierGeneratorFactory - Registering IdentifierGenerator strategy [uuid] -> [org.hibernate.id.UUIDHexGenerator]
21:23:01.647 [Test worker] DEBUG org.hibernate.id.factory.internal.DefaultIdentifierGeneratorFactory - Registering IdentifierGenerator strategy [uuid.hex] -> [org.hibernate.id.UUIDHexGenerator]
21:23:01.647 [Test worker] DEBUG org.hibernate.id.factory.internal.DefaultIdentifierGeneratorFactory - Registering IdentifierGenerator strategy [assigned] -> [org.hibernate.id.Assigned]
21:23:01.647 [Test worker] DEBUG org.hibernate.id.factory.internal.DefaultIdentifierGeneratorFactory - Registering IdentifierGenerator strategy [identity] -> [org.hibernate.id.IdentityGenerator]
21:23:01.647 [Test worker] DEBUG org.hibernate.id.factory.internal.DefaultIdentifierGeneratorFactory - Registering IdentifierGenerator strategy [select] -> [org.hibernate.id.SelectGenerator]
21:23:01.647 [Test worker] DEBUG org.hibernate.id.factory.internal.DefaultIdentifierGeneratorFactory - Registering IdentifierGenerator strategy [sequence] -> [org.hibernate.id.enhanced.SequenceStyleGenerator]
21:23:01.647 [Test worker] DEBUG org.hibernate.id.factory.internal.DefaultIdentifierGeneratorFactory - Registering IdentifierGenerator strategy [seqhilo] -> [org.hibernate.id.SequenceHiLoGenerator]
21:23:01.647 [Test worker] DEBUG org.hibernate.id.factory.internal.DefaultIdentifierGeneratorFactory - Registering IdentifierGenerator strategy [increment] -> [org.hibernate.id.IncrementGenerator]
21:23:01.647 [Test worker] DEBUG org.hibernate.id.factory.internal.DefaultIdentifierGeneratorFactory - Registering IdentifierGenerator strategy [foreign] -> [org.hibernate.id.ForeignGenerator]
21:23:01.647 [Test worker] DEBUG org.hibernate.id.factory.internal.DefaultIdentifierGeneratorFactory - Registering IdentifierGenerator strategy [sequence-identity] -> [org.hibernate.id.SequenceIdentityGenerator]
21:23:01.647 [Test worker] DEBUG org.hibernate.id.factory.internal.DefaultIdentifierGeneratorFactory - Registering IdentifierGenerator strategy [enhanced-sequence] -> [org.hibernate.id.enhanced.SequenceStyleGenerator]
21:23:01.647 [Test worker] DEBUG org.hibernate.id.factory.internal.DefaultIdentifierGeneratorFactory - Registering IdentifierGenerator strategy [enhanced-table] -> [org.hibernate.id.enhanced.TableGenerator]
21:23:01.647 [Test worker] WARN org.hibernate.orm.connections.pooling - HHH10001002: Using Hibernate built-in connection pool (not for production use!)
21:23:01.647 [Test worker] INFO org.hibernate.orm.connections.pooling - HHH10001005: using driver [org.sqlite.JDBC] at URL [jdbc:sqlite:D:\Facultate\Projects\OrganizareCompanie\database]
21:23:01.647 [Test worker] INFO org.hibernate.orm.connections.pooling - HHH10001001: Connection properties: {password=root, user=root}
21:23:01.647 [Test worker] INFO org.hibernate.orm.connections.pooling - HHH10001003: Autocommit mode: false
21:23:01.647 [Test worker] DEBUG org.hibernate.engine.jdbc.connections.internal.DriverManagerConnectionProviderImpl - Initializing Connection pool with 1 Connections
21:23:01.647 [Test worker] INFO org.hibernate.engine.jdbc.connections.internal.DriverManagerConnectionProviderImpl - HHH000115: Hibernate connection pool size: 1 (min=1)
21:23:01.663 [Test worker] DEBUG org.hibernate.engine.jdbc.env.internal.JdbcEnvironmentInitiator - Database ->
       name : SQLite
    version : 3.34.0
      major : 3
      minor : 34
21:23:01.663 [Test worker] DEBUG org.hibernate.engine.jdbc.env.internal.JdbcEnvironmentInitiator - Driver ->
       name : SQLite JDBC
    version : 3.34.0
      major : 3
      minor : 34
21:23:01.663 [Test worker] DEBUG org.hibernate.engine.jdbc.env.internal.JdbcEnvironmentInitiator - JDBC version : 2.1
21:23:01.663 [Test worker] INFO org.hibernate.dialect.Dialect - HHH000400: Using dialect: utils.SQLiteDialect
21:23:01.663 [Test worker] DEBUG org.hibernate.engine.jdbc.env.spi.IdentifierHelperBuilder - JDBC driver metadata reported database stores quoted identifiers in neither upper, lower nor mixed case
21:23:01.663 [Test worker] DEBUG org.hibernate.engine.jdbc.env.spi.IdentifierHelperBuilder - IdentifierCaseStrategy for both quoted and unquoted identifiers was set to the same strategy [MIXED]; that will likely lead to problems in schema update and validation if using quoted identifiers
21:23:01.663 [Test worker] DEBUG org.hibernate.engine.jdbc.env.internal.LobCreatorBuilderImpl - HHH000423: Disabling contextual LOB creation as JDBC driver reported JDBC version [2] less than 4
21:23:01.663 [Test worker] DEBUG org.hibernate.boot.model.relational.Namespace - Created database namespace [logicalName=Name{catalog=null, schema=null}, physicalName=Name{catalog=null, schema=null}]
21:23:01.663 [Test worker] DEBUG org.hibernate.type.descriptor.java.JavaTypeDescriptorRegistry - JavaTypeDescriptorRegistry entry replaced : class java.time.Duration -> org.hibernate.type.descriptor.java.DurationJavaDescriptor@484b819 (was org.hibernate.type.descriptor.java.DurationJavaDescriptor@484b819)
21:23:01.663 [Test worker] DEBUG org.hibernate.type.descriptor.java.JavaTypeDescriptorRegistry - JavaTypeDescriptorRegistry entry replaced : class java.time.Instant -> org.hibernate.type.descriptor.java.InstantJavaDescriptor@7a6a60d2 (was org.hibernate.type.descriptor.java.InstantJavaDescriptor@7a6a60d2)
21:23:01.663 [Test worker] DEBUG org.hibernate.type.descriptor.java.JavaTypeDescriptorRegistry - JavaTypeDescriptorRegistry entry replaced : class java.time.LocalDate -> org.hibernate.type.descriptor.java.LocalDateJavaDescriptor@7ac3817d (was org.hibernate.type.descriptor.java.LocalDateJavaDescriptor@7ac3817d)
21:23:01.663 [Test worker] DEBUG org.hibernate.type.descriptor.java.JavaTypeDescriptorRegistry - JavaTypeDescriptorRegistry entry replaced : class java.time.LocalDateTime -> org.hibernate.type.descriptor.java.LocalDateTimeJavaDescriptor@616d0e6e (was org.hibernate.type.descriptor.java.LocalDateTimeJavaDescriptor@616d0e6e)
21:23:01.663 [Test worker] DEBUG org.hibernate.type.descriptor.java.JavaTypeDescriptorRegistry - JavaTypeDescriptorRegistry entry replaced : class java.time.OffsetDateTime -> org.hibernate.type.descriptor.java.OffsetDateTimeJavaDescriptor@4008262a (was org.hibernate.type.descriptor.java.OffsetDateTimeJavaDescriptor@4008262a)
21:23:01.663 [Test worker] DEBUG org.hibernate.type.descriptor.java.JavaTypeDescriptorRegistry - JavaTypeDescriptorRegistry entry replaced : class java.time.OffsetTime -> org.hibernate.type.descriptor.java.OffsetTimeJavaDescriptor@69cda209 (was org.hibernate.type.descriptor.java.OffsetTimeJavaDescriptor@69cda209)
21:23:01.663 [Test worker] DEBUG org.hibernate.type.descriptor.java.JavaTypeDescriptorRegistry - JavaTypeDescriptorRegistry entry replaced : class java.time.ZonedDateTime -> org.hibernate.type.descriptor.java.ZonedDateTimeJavaDescriptor@f630e24 (was org.hibernate.type.descriptor.java.ZonedDateTimeJavaDescriptor@f630e24)
21:23:01.663 [Test worker] DEBUG org.hibernate.type.BasicTypeRegistry - Adding type registration Duration -> org.hibernate.type.DurationType@1f6d6ec5
21:23:01.663 [Test worker] DEBUG org.hibernate.type.BasicTypeRegistry - Adding type registration java.time.Duration -> org.hibernate.type.DurationType@1f6d6ec5
21:23:01.663 [Test worker] DEBUG org.hibernate.type.BasicTypeRegistry - Adding type registration Instant -> org.hibernate.type.InstantType@799b3880
21:23:01.663 [Test worker] DEBUG org.hibernate.type.BasicTypeRegistry - Adding type registration java.time.Instant -> org.hibernate.type.InstantType@799b3880
21:23:01.663 [Test worker] DEBUG org.hibernate.type.BasicTypeRegistry - Adding type registration LocalDateTime -> org.hibernate.type.LocalDateTimeType@3c9b7dcd
21:23:01.663 [Test worker] DEBUG org.hibernate.type.BasicTypeRegistry - Adding type registration java.time.LocalDateTime -> org.hibernate.type.LocalDateTimeType@3c9b7dcd
21:23:01.663 [Test worker] DEBUG org.hibernate.type.BasicTypeRegistry - Adding type registration LocalDate -> org.hibernate.type.LocalDateType@73b9d317
21:23:01.663 [Test worker] DEBUG org.hibernate.type.BasicTypeRegistry - Adding type registration java.time.LocalDate -> org.hibernate.type.LocalDateType@73b9d317
21:23:01.663 [Test worker] DEBUG org.hibernate.type.BasicTypeRegistry - Adding type registration LocalTime -> org.hibernate.type.LocalTimeType@3e938176
21:23:01.663 [Test worker] DEBUG org.hibernate.type.BasicTypeRegistry - Adding type registration java.time.LocalTime -> org.hibernate.type.LocalTimeType@3e938176
21:23:01.663 [Test worker] DEBUG org.hibernate.type.BasicTypeRegistry - Adding type registration OffsetDateTime -> org.hibernate.type.OffsetDateTimeType@1006f6a5
21:23:01.663 [Test worker] DEBUG org.hibernate.type.BasicTypeRegistry - Adding type registration java.time.OffsetDateTime -> org.hibernate.type.OffsetDateTimeType@1006f6a5
21:23:01.663 [Test worker] DEBUG org.hibernate.type.BasicTypeRegistry - Adding type registration OffsetTime -> org.hibernate.type.OffsetTimeType@5ebf30b8
21:23:01.663 [Test worker] DEBUG org.hibernate.type.BasicTypeRegistry - Adding type registration java.time.OffsetTime -> org.hibernate.type.OffsetTimeType@5ebf30b8
21:23:01.663 [Test worker] DEBUG org.hibernate.type.BasicTypeRegistry - Adding type registration ZonedDateTime -> org.hibernate.type.ZonedDateTimeType@5ecdce3a
21:23:01.663 [Test worker] DEBUG org.hibernate.type.BasicTypeRegistry - Adding type registration java.time.ZonedDateTime -> org.hibernate.type.ZonedDateTimeType@5ecdce3a
21:23:01.663 [Test worker] DEBUG org.hibernate.type.spi.TypeConfiguration$Scope - Scoping TypeConfiguration [org.hibernate.type.spi.TypeConfiguration@590eb4d9] to MetadataBuildingContext [org.hibernate.boot.internal.MetadataBuildingContextRootImpl@4497cfb9]
21:23:01.663 [Test worker] DEBUG org.hibernate.cfg.AnnotationBinder - Binding entity from annotated class: domain.Angajat
21:23:01.663 [Test worker] DEBUG org.hibernate.cfg.Ejb3Column - Binding column: Ejb3DiscriminatorColumn{logicalColumnName'DTYPE', discriminatorTypeName='string'}
21:23:01.663 [Test worker] DEBUG org.hibernate.cfg.annotations.EntityBinder - Import with entity name Angajat
21:23:01.663 [Test worker] DEBUG org.hibernate.cfg.annotations.EntityBinder - Bind entity domain.Angajat on table angajati
21:23:01.663 [Test worker] DEBUG org.hibernate.cfg.Ejb3Column - Binding column: Ejb3Column{table=org.hibernate.mapping.Table(angajati), mappingColumn=id, insertable=true, updatable=true, unique=false}
21:23:01.663 [Test worker] DEBUG org.hibernate.boot.internal.ClassLoaderAccessImpl - Not known whether passed class name [domain.Angajat] is safe
21:23:01.663 [Test worker] DEBUG org.hibernate.boot.internal.ClassLoaderAccessImpl - No temp ClassLoader provided; using live ClassLoader for loading potentially unsafe class : domain.Angajat
21:23:01.663 [Test worker] DEBUG org.hibernate.cfg.annotations.PropertyBinder - MetadataSourceProcessor property id with lazy=false
21:23:01.663 [Test worker] DEBUG org.hibernate.cfg.AbstractPropertyHolder - Attempting to locate auto-apply AttributeConverter for property [domain.Angajat:id]
21:23:01.663 [Test worker] DEBUG org.hibernate.cfg.annotations.SimpleValueBinder - building SimpleValue for id
21:23:01.663 [Test worker] DEBUG org.hibernate.cfg.annotations.PropertyBinder - Building property id
21:23:01.663 [Test worker] DEBUG org.hibernate.cfg.BinderHelper - #makeIdGenerator(org.hibernate.mapping.SimpleValue([org.hibernate.mapping.Column(id)]), id, identity, , ...)
21:23:01.663 [Test worker] DEBUG org.hibernate.cfg.Ejb3Column - Binding column: Ejb3JoinColumn{logicalColumnName='null', referencedColumn='null', mappedBy='angajat'}
21:23:01.663 [Test worker] DEBUG org.hibernate.cfg.Ejb3Column - Binding column: Ejb3Column{table=org.hibernate.mapping.Table(angajati), mappingColumn=concedii, insertable=true, updatable=true, unique=false}
21:23:01.663 [Test worker] DEBUG org.hibernate.cfg.Ejb3Column - Binding column: Ejb3Column{table=org.hibernate.mapping.Table(angajati), mappingColumn=null, insertable=true, updatable=true, unique=false}
21:23:01.663 [Test worker] DEBUG org.hibernate.cfg.Ejb3Column - Binding column: Ejb3Column{table=org.hibernate.mapping.Table(angajati), mappingColumn=element, insertable=true, updatable=true, unique=false}
21:23:01.663 [Test worker] DEBUG org.hibernate.cfg.Ejb3Column - Binding column: Ejb3Column{table=org.hibernate.mapping.Table(angajati), mappingColumn=concedii_KEY, insertable=true, updatable=true, unique=false}
21:23:01.663 [Test worker] DEBUG org.hibernate.cfg.Ejb3Column - Binding column: Ejb3JoinColumn{logicalColumnName='concedii_KEY', referencedColumn='null', mappedBy='null'}
21:23:01.663 [Test worker] DEBUG org.hibernate.cfg.Ejb3Column - Binding column: Ejb3JoinColumn{logicalColumnName='null', referencedColumn='null', mappedBy='angajat'}
21:23:01.663 [Test worker] DEBUG org.hibernate.cfg.Ejb3Column - Binding column: Ejb3JoinColumn{logicalColumnName='null', referencedColumn='null', mappedBy='angajat'}
21:23:01.663 [Test worker] DEBUG org.hibernate.cfg.annotations.CollectionBinder - Collection role: domain.Angajat.concedii
21:23:01.663 [Test worker] DEBUG org.hibernate.cfg.annotations.PropertyBinder - Building property concedii
21:23:01.663 [Test worker] DEBUG org.hibernate.cfg.Ejb3Column - Binding column: Ejb3Column{table=org.hibernate.mapping.Table(angajati), mappingColumn=data_angajare, insertable=true, updatable=true, unique=false}
21:23:01.663 [Test worker] DEBUG org.hibernate.cfg.annotations.PropertyBinder - MetadataSourceProcessor property dataAngajare with lazy=false
21:23:01.663 [Test worker] DEBUG org.hibernate.cfg.AbstractPropertyHolder - Attempting to locate auto-apply AttributeConverter for property [domain.Angajat:dataAngajare]
21:23:01.663 [Test worker] DEBUG org.hibernate.cfg.annotations.SimpleValueBinder - building SimpleValue for dataAngajare
21:23:01.663 [Test worker] DEBUG org.hibernate.cfg.annotations.PropertyBinder - Building property dataAngajare
21:23:01.663 [Test worker] DEBUG org.hibernate.cfg.Ejb3Column - Binding column: Ejb3Column{table=org.hibernate.mapping.Table(angajati), mappingColumn=null, insertable=true, updatable=true, unique=false}
21:23:01.663 [Test worker] DEBUG org.hibernate.cfg.Ejb3Column - Binding column: Ejb3Column{table=org.hibernate.mapping.Table(angajati), mappingColumn=element, insertable=true, updatable=true, unique=false}
21:23:01.663 [Test worker] DEBUG org.hibernate.cfg.Ejb3Column - Binding column: Ejb3Column{table=org.hibernate.mapping.Table(angajati), mappingColumn=departamente_KEY, insertable=true, updatable=true, unique=false}
21:23:01.663 [Test worker] DEBUG org.hibernate.cfg.Ejb3Column - Binding column: Ejb3JoinColumn{logicalColumnName='departamente_KEY', referencedColumn='null', mappedBy='null'}
21:23:01.663 [Test worker] DEBUG org.hibernate.cfg.Ejb3Column - Binding column: Ejb3JoinColumn{logicalColumnName='id_angajat', referencedColumn='', mappedBy=''}
21:23:01.663 [Test worker] DEBUG org.hibernate.cfg.Ejb3Column - Binding column: Ejb3JoinColumn{logicalColumnName='id_departament', referencedColumn='', mappedBy=''}
21:23:01.663 [Test worker] DEBUG org.hibernate.cfg.annotations.CollectionBinder - Collection role: domain.Angajat.departamente
21:23:01.663 [Test worker] DEBUG org.hibernate.cfg.annotations.PropertyBinder - Building property departamente
21:23:01.663 [Test worker] DEBUG org.hibernate.cfg.Ejb3Column - Binding column: Ejb3JoinColumn{logicalColumnName='null', referencedColumn='null', mappedBy='null'}
21:23:01.663 [Test worker] DEBUG org.hibernate.cfg.Ejb3Column - Binding column: Ejb3Column{table=org.hibernate.mapping.Table(angajati), mappingColumn=functie, insertable=true, updatable=true, unique=false}
21:23:01.663 [Test worker] DEBUG org.hibernate.cfg.annotations.PropertyBinder - Building property functie
21:23:01.663 [Test worker] DEBUG org.hibernate.cfg.Ejb3Column - Binding column: Ejb3Column{table=org.hibernate.mapping.Table(angajati), mappingColumn=id_superior, insertable=true, updatable=true, unique=false}
21:23:01.663 [Test worker] DEBUG org.hibernate.cfg.annotations.PropertyBinder - MetadataSourceProcessor property idSuperior with lazy=false
21:23:01.663 [Test worker] DEBUG org.hibernate.cfg.AbstractPropertyHolder - Attempting to locate auto-apply AttributeConverter for property [domain.Angajat:idSuperior]
21:23:01.663 [Test worker] DEBUG org.hibernate.cfg.annotations.SimpleValueBinder - building SimpleValue for idSuperior
21:23:01.663 [Test worker] DEBUG org.hibernate.cfg.annotations.PropertyBinder - Building property idSuperior
21:23:01.663 [Test worker] DEBUG org.hibernate.cfg.Ejb3Column - Binding column: Ejb3Column{table=org.hibernate.mapping.Table(angajati), mappingColumn=null, insertable=true, updatable=true, unique=false}
21:23:01.663 [Test worker] DEBUG org.hibernate.cfg.Ejb3Column - Binding column: Ejb3Column{table=org.hibernate.mapping.Table(angajati), mappingColumn=element, insertable=true, updatable=true, unique=false}
21:23:01.663 [Test worker] DEBUG org.hibernate.cfg.Ejb3Column - Binding column: Ejb3Column{table=org.hibernate.mapping.Table(angajati), mappingColumn=proiecte_KEY, insertable=true, updatable=true, unique=false}
21:23:01.663 [Test worker] DEBUG org.hibernate.cfg.Ejb3Column - Binding column: Ejb3JoinColumn{logicalColumnName='proiecte_KEY', referencedColumn='null', mappedBy='null'}
21:23:01.663 [Test worker] DEBUG org.hibernate.cfg.Ejb3Column - Binding column: Ejb3JoinColumn{logicalColumnName='id_angajat', referencedColumn='', mappedBy=''}
21:23:01.663 [Test worker] DEBUG org.hibernate.cfg.Ejb3Column - Binding column: Ejb3JoinColumn{logicalColumnName='id_proiect', referencedColumn='', mappedBy=''}
21:23:01.663 [Test worker] DEBUG org.hibernate.cfg.annotations.CollectionBinder - Collection role: domain.Angajat.proiecte
21:23:01.663 [Test worker] DEBUG org.hibernate.cfg.annotations.PropertyBinder - Building property proiecte
21:23:01.663 [Test worker] DEBUG org.hibernate.cfg.AnnotationBinder - Binding entity from annotated class: domain.Concediu
21:23:01.663 [Test worker] DEBUG org.hibernate.cfg.Ejb3Column - Binding column: Ejb3DiscriminatorColumn{logicalColumnName'DTYPE', discriminatorTypeName='string'}
21:23:01.663 [Test worker] DEBUG org.hibernate.cfg.annotations.EntityBinder - Import with entity name Concediu
21:23:01.663 [Test worker] DEBUG org.hibernate.cfg.annotations.EntityBinder - Bind entity domain.Concediu on table concedii
21:23:01.663 [Test worker] DEBUG org.hibernate.cfg.Ejb3Column - Binding column: Ejb3Column{table=org.hibernate.mapping.Table(concedii), mappingColumn=id, insertable=true, updatable=true, unique=false}
21:23:01.663 [Test worker] DEBUG org.hibernate.boot.internal.ClassLoaderAccessImpl - Not known whether passed class name [domain.Concediu] is safe
21:23:01.663 [Test worker] DEBUG org.hibernate.boot.internal.ClassLoaderAccessImpl - No temp ClassLoader provided; using live ClassLoader for loading potentially unsafe class : domain.Concediu
21:23:01.663 [Test worker] DEBUG org.hibernate.cfg.annotations.PropertyBinder - MetadataSourceProcessor property id with lazy=false
21:23:01.663 [Test worker] DEBUG org.hibernate.cfg.AbstractPropertyHolder - Attempting to locate auto-apply AttributeConverter for property [domain.Concediu:id]
21:23:01.663 [Test worker] DEBUG org.hibernate.cfg.annotations.SimpleValueBinder - building SimpleValue for id
21:23:01.663 [Test worker] DEBUG org.hibernate.cfg.annotations.PropertyBinder - Building property id
21:23:01.663 [Test worker] DEBUG org.hibernate.cfg.BinderHelper - #makeIdGenerator(org.hibernate.mapping.SimpleValue([org.hibernate.mapping.Column(id)]), id, identity, , ...)
21:23:01.663 [Test worker] DEBUG org.hibernate.cfg.Ejb3Column - Binding column: Ejb3JoinColumn{logicalColumnName='id_angajat', referencedColumn='', mappedBy=''}
21:23:01.663 [Test worker] DEBUG org.hibernate.cfg.Ejb3Column - Binding column: Ejb3Column{table=org.hibernate.mapping.Table(concedii), mappingColumn=angajat, insertable=true, updatable=true, unique=false}
21:23:01.663 [Test worker] DEBUG org.hibernate.cfg.annotations.PropertyBinder - Building property angajat
21:23:01.663 [Test worker] DEBUG org.hibernate.cfg.Ejb3Column - Binding column: Ejb3Column{table=org.hibernate.mapping.Table(concedii), mappingColumn=data_inceput, insertable=true, updatable=true, unique=false}
21:23:01.663 [Test worker] DEBUG org.hibernate.cfg.annotations.PropertyBinder - MetadataSourceProcessor property dataInceput with lazy=false
21:23:01.663 [Test worker] DEBUG org.hibernate.cfg.AbstractPropertyHolder - Attempting to locate auto-apply AttributeConverter for property [domain.Concediu:dataInceput]
21:23:01.663 [Test worker] DEBUG org.hibernate.cfg.annotations.SimpleValueBinder - building SimpleValue for dataInceput
21:23:01.663 [Test worker] DEBUG org.hibernate.cfg.annotations.PropertyBinder - Building property dataInceput
21:23:01.663 [Test worker] DEBUG org.hibernate.cfg.Ejb3Column - Binding column: Ejb3Column{table=org.hibernate.mapping.Table(concedii), mappingColumn=data_sfarsit, insertable=true, updatable=true, unique=false}
21:23:01.663 [Test worker] DEBUG org.hibernate.cfg.annotations.PropertyBinder - MetadataSourceProcessor property dataSfarsit with lazy=false
21:23:01.663 [Test worker] DEBUG org.hibernate.cfg.AbstractPropertyHolder - Attempting to locate auto-apply AttributeConverter for property [domain.Concediu:dataSfarsit]
21:23:01.663 [Test worker] DEBUG org.hibernate.cfg.annotations.SimpleValueBinder - building SimpleValue for dataSfarsit
21:23:01.663 [Test worker] DEBUG org.hibernate.cfg.annotations.PropertyBinder - Building property dataSfarsit
21:23:01.663 [Test worker] DEBUG org.hibernate.cfg.AnnotationBinder - Binding entity from annotated class: domain.Departament
21:23:01.663 [Test worker] DEBUG org.hibernate.cfg.Ejb3Column - Binding column: Ejb3DiscriminatorColumn{logicalColumnName'DTYPE', discriminatorTypeName='string'}
21:23:01.663 [Test worker] DEBUG org.hibernate.cfg.annotations.EntityBinder - Import with entity name Departament
21:23:01.663 [Test worker] DEBUG org.hibernate.cfg.annotations.EntityBinder - Bind entity domain.Departament on table departamente
21:23:01.663 [Test worker] DEBUG org.hibernate.cfg.Ejb3Column - Binding column: Ejb3Column{table=org.hibernate.mapping.Table(departamente), mappingColumn=id, insertable=true, updatable=true, unique=false}
21:23:01.663 [Test worker] DEBUG org.hibernate.boot.internal.ClassLoaderAccessImpl - Not known whether passed class name [domain.Departament] is safe
21:23:01.663 [Test worker] DEBUG org.hibernate.boot.internal.ClassLoaderAccessImpl - No temp ClassLoader provided; using live ClassLoader for loading potentially unsafe class : domain.Departament
21:23:01.663 [Test worker] DEBUG org.hibernate.cfg.annotations.PropertyBinder - MetadataSourceProcessor property id with lazy=false
21:23:01.663 [Test worker] DEBUG org.hibernate.cfg.AbstractPropertyHolder - Attempting to locate auto-apply AttributeConverter for property [domain.Departament:id]
21:23:01.663 [Test worker] DEBUG org.hibernate.cfg.annotations.SimpleValueBinder - building SimpleValue for id
21:23:01.663 [Test worker] DEBUG org.hibernate.cfg.annotations.PropertyBinder - Building property id
21:23:01.663 [Test worker] DEBUG org.hibernate.cfg.BinderHelper - #makeIdGenerator(org.hibernate.mapping.SimpleValue([org.hibernate.mapping.Column(id)]), id, identity, , ...)
21:23:01.663 [Test worker] DEBUG org.hibernate.cfg.Ejb3Column - Binding column: Ejb3Column{table=org.hibernate.mapping.Table(departamente), mappingColumn=id_director, insertable=true, updatable=true, unique=false}
21:23:01.663 [Test worker] DEBUG org.hibernate.cfg.annotations.PropertyBinder - MetadataSourceProcessor property idDirector with lazy=false
21:23:01.663 [Test worker] DEBUG org.hibernate.cfg.AbstractPropertyHolder - Attempting to locate auto-apply AttributeConverter for property [domain.Departament:idDirector]
21:23:01.663 [Test worker] DEBUG org.hibernate.cfg.annotations.SimpleValueBinder - building SimpleValue for idDirector
21:23:01.663 [Test worker] DEBUG org.hibernate.cfg.annotations.PropertyBinder - Building property idDirector
21:23:01.663 [Test worker] DEBUG org.hibernate.cfg.AnnotationBinder - Binding entity from annotated class: domain.Functie
21:23:01.663 [Test worker] DEBUG org.hibernate.cfg.Ejb3Column - Binding column: Ejb3DiscriminatorColumn{logicalColumnName'DTYPE', discriminatorTypeName='string'}
21:23:01.663 [Test worker] DEBUG org.hibernate.cfg.annotations.EntityBinder - Import with entity name Functie
21:23:01.663 [Test worker] DEBUG org.hibernate.cfg.annotations.EntityBinder - Bind entity domain.Functie on table functii
21:23:01.663 [Test worker] DEBUG org.hibernate.cfg.Ejb3Column - Binding column: Ejb3Column{table=org.hibernate.mapping.Table(functii), mappingColumn=id, insertable=true, updatable=true, unique=false}
21:23:01.663 [Test worker] DEBUG org.hibernate.boot.internal.ClassLoaderAccessImpl - Not known whether passed class name [domain.Functie] is safe
21:23:01.663 [Test worker] DEBUG org.hibernate.boot.internal.ClassLoaderAccessImpl - No temp ClassLoader provided; using live ClassLoader for loading potentially unsafe class : domain.Functie
21:23:01.663 [Test worker] DEBUG org.hibernate.cfg.annotations.PropertyBinder - MetadataSourceProcessor property id with lazy=false
21:23:01.663 [Test worker] DEBUG org.hibernate.cfg.AbstractPropertyHolder - Attempting to locate auto-apply AttributeConverter for property [domain.Functie:id]
21:23:01.663 [Test worker] DEBUG org.hibernate.cfg.annotations.SimpleValueBinder - building SimpleValue for id
21:23:01.663 [Test worker] DEBUG org.hibernate.cfg.annotations.PropertyBinder - Building property id
21:23:01.663 [Test worker] DEBUG org.hibernate.cfg.BinderHelper - #makeIdGenerator(org.hibernate.mapping.SimpleValue([org.hibernate.mapping.Column(id)]), id, identity, , ...)
21:23:01.663 [Test worker] DEBUG org.hibernate.cfg.Ejb3Column - Binding column: Ejb3Column{table=org.hibernate.mapping.Table(functii), mappingColumn=salar_de_baza, insertable=true, updatable=true, unique=false}
21:23:01.663 [Test worker] DEBUG org.hibernate.cfg.annotations.PropertyBinder - MetadataSourceProcessor property salarDeBaza with lazy=false
21:23:01.663 [Test worker] DEBUG org.hibernate.cfg.AbstractPropertyHolder - Attempting to locate auto-apply AttributeConverter for property [domain.Functie:salarDeBaza]
21:23:01.663 [Test worker] DEBUG org.hibernate.cfg.annotations.SimpleValueBinder - building SimpleValue for salarDeBaza
21:23:01.663 [Test worker] DEBUG org.hibernate.cfg.annotations.PropertyBinder - Building property salarDeBaza
21:23:01.663 [Test worker] DEBUG org.hibernate.cfg.AnnotationBinder - Binding entity from annotated class: domain.Proiect
21:23:01.663 [Test worker] DEBUG org.hibernate.cfg.Ejb3Column - Binding column: Ejb3DiscriminatorColumn{logicalColumnName'DTYPE', discriminatorTypeName='string'}
21:23:01.663 [Test worker] DEBUG org.hibernate.cfg.annotations.EntityBinder - Import with entity name Proiect
21:23:01.663 [Test worker] DEBUG org.hibernate.cfg.annotations.EntityBinder - Bind entity domain.Proiect on table proiecte
21:23:01.663 [Test worker] DEBUG org.hibernate.cfg.Ejb3Column - Binding column: Ejb3Column{table=org.hibernate.mapping.Table(proiecte), mappingColumn=id, insertable=true, updatable=true, unique=false}
21:23:01.663 [Test worker] DEBUG org.hibernate.boot.internal.ClassLoaderAccessImpl - Not known whether passed class name [domain.Proiect] is safe
21:23:01.663 [Test worker] DEBUG org.hibernate.boot.internal.ClassLoaderAccessImpl - No temp ClassLoader provided; using live ClassLoader for loading potentially unsafe class : domain.Proiect
21:23:01.663 [Test worker] DEBUG org.hibernate.cfg.annotations.PropertyBinder - MetadataSourceProcessor property id with lazy=false
21:23:01.663 [Test worker] DEBUG org.hibernate.cfg.AbstractPropertyHolder - Attempting to locate auto-apply AttributeConverter for property [domain.Proiect:id]
21:23:01.663 [Test worker] DEBUG org.hibernate.cfg.annotations.SimpleValueBinder - building SimpleValue for id
21:23:01.663 [Test worker] DEBUG org.hibernate.cfg.annotations.PropertyBinder - Building property id
21:23:01.663 [Test worker] DEBUG org.hibernate.cfg.BinderHelper - #makeIdGenerator(org.hibernate.mapping.SimpleValue([org.hibernate.mapping.Column(id)]), id, identity, , ...)
21:23:01.663 [Test worker] DEBUG org.hibernate.cfg.Ejb3Column - Binding column: Ejb3Column{table=org.hibernate.mapping.Table(proiecte), mappingColumn=data_inceput, insertable=true, updatable=true, unique=false}
21:23:01.663 [Test worker] DEBUG org.hibernate.cfg.annotations.PropertyBinder - MetadataSourceProcessor property dataInceput with lazy=false
21:23:01.663 [Test worker] DEBUG org.hibernate.cfg.AbstractPropertyHolder - Attempting to locate auto-apply AttributeConverter for property [domain.Proiect:dataInceput]
21:23:01.663 [Test worker] DEBUG org.hibernate.cfg.annotations.SimpleValueBinder - building SimpleValue for dataInceput
21:23:01.663 [Test worker] DEBUG org.hibernate.cfg.annotations.PropertyBinder - Building property dataInceput
21:23:01.663 [Test worker] DEBUG org.hibernate.cfg.Ejb3Column - Binding column: Ejb3Column{table=org.hibernate.mapping.Table(proiecte), mappingColumn=deadline, insertable=true, updatable=true, unique=false}
21:23:01.663 [Test worker] DEBUG org.hibernate.cfg.annotations.PropertyBinder - MetadataSourceProcessor property deadline with lazy=false
21:23:01.663 [Test worker] DEBUG org.hibernate.cfg.AbstractPropertyHolder - Attempting to locate auto-apply AttributeConverter for property [domain.Proiect:deadline]
21:23:01.663 [Test worker] DEBUG org.hibernate.cfg.annotations.SimpleValueBinder - building SimpleValue for deadline
21:23:01.663 [Test worker] DEBUG org.hibernate.cfg.annotations.PropertyBinder - Building property deadline
21:23:01.679 [Test worker] DEBUG org.hibernate.cfg.annotations.SimpleValueBinder - Starting fillSimpleValue for id
21:23:01.679 [Test worker] DEBUG org.hibernate.cfg.annotations.SimpleValueBinder - Starting fillSimpleValue for dataAngajare
21:23:01.679 [Test worker] DEBUG org.hibernate.cfg.annotations.SimpleValueBinder - Starting fillSimpleValue for idSuperior
21:23:01.679 [Test worker] DEBUG org.hibernate.cfg.annotations.SimpleValueBinder - Starting fillSimpleValue for id
21:23:01.679 [Test worker] DEBUG org.hibernate.cfg.annotations.SimpleValueBinder - Starting fillSimpleValue for dataInceput
21:23:01.679 [Test worker] DEBUG org.hibernate.cfg.annotations.SimpleValueBinder - Starting fillSimpleValue for dataSfarsit
21:23:01.679 [Test worker] DEBUG org.hibernate.cfg.annotations.SimpleValueBinder - Starting fillSimpleValue for id
21:23:01.679 [Test worker] DEBUG org.hibernate.cfg.annotations.SimpleValueBinder - Starting fillSimpleValue for idDirector
21:23:01.679 [Test worker] DEBUG org.hibernate.cfg.annotations.SimpleValueBinder - Starting fillSimpleValue for id
21:23:01.679 [Test worker] DEBUG org.hibernate.cfg.annotations.SimpleValueBinder - Starting fillSimpleValue for salarDeBaza
21:23:01.679 [Test worker] DEBUG org.hibernate.cfg.annotations.SimpleValueBinder - Starting fillSimpleValue for id
21:23:01.679 [Test worker] DEBUG org.hibernate.cfg.annotations.SimpleValueBinder - Starting fillSimpleValue for dataInceput
21:23:01.679 [Test worker] DEBUG org.hibernate.cfg.annotations.SimpleValueBinder - Starting fillSimpleValue for deadline
21:23:01.679 [Test worker] DEBUG org.hibernate.mapping.PrimaryKey - Forcing column [id] to be non-null as it is part of the primary key for table [angajati]
21:23:01.679 [Test worker] DEBUG org.hibernate.mapping.PrimaryKey - Forcing column [id] to be non-null as it is part of the primary key for table [concedii]
21:23:01.679 [Test worker] DEBUG org.hibernate.mapping.PrimaryKey - Forcing column [id] to be non-null as it is part of the primary key for table [departamente]
21:23:01.679 [Test worker] DEBUG org.hibernate.mapping.PrimaryKey - Forcing column [id] to be non-null as it is part of the primary key for table [functii]
21:23:01.679 [Test worker] DEBUG org.hibernate.mapping.PrimaryKey - Forcing column [id] to be non-null as it is part of the primary key for table [proiecte]
21:23:01.679 [Test worker] DEBUG org.hibernate.cfg.CollectionSecondPass - Second pass for collection: domain.Angajat.proiecte
21:23:01.679 [Test worker] DEBUG org.hibernate.cfg.annotations.CollectionBinder - Binding as ManyToMany: domain.Angajat.proiecte
21:23:01.679 [Test worker] DEBUG org.hibernate.mapping.PrimaryKey - Forcing column [id_angajat] to be non-null as it is part of the primary key for table [angajati_proiecte]
21:23:01.679 [Test worker] DEBUG org.hibernate.mapping.PrimaryKey - Forcing column [id_proiect] to be non-null as it is part of the primary key for table [angajati_proiecte]
21:23:01.679 [Test worker] DEBUG org.hibernate.cfg.CollectionSecondPass - Mapped collection key: id_angajat, element: id_proiect
21:23:01.679 [Test worker] DEBUG org.hibernate.cfg.CollectionSecondPass - Second pass for collection: domain.Angajat.departamente
21:23:01.679 [Test worker] DEBUG org.hibernate.cfg.annotations.CollectionBinder - Binding as ManyToMany: domain.Angajat.departamente
21:23:01.679 [Test worker] DEBUG org.hibernate.mapping.PrimaryKey - Forcing column [id_angajat] to be non-null as it is part of the primary key for table [angajati_departamente]
21:23:01.679 [Test worker] DEBUG org.hibernate.mapping.PrimaryKey - Forcing column [id_departament] to be non-null as it is part of the primary key for table [angajati_departamente]
21:23:01.679 [Test worker] DEBUG org.hibernate.cfg.CollectionSecondPass - Mapped collection key: id_angajat, element: id_departament
21:23:01.679 [Test worker] DEBUG org.hibernate.cfg.CollectionSecondPass - Second pass for collection: domain.Angajat.concedii
21:23:01.679 [Test worker] DEBUG org.hibernate.cfg.annotations.CollectionBinder - Binding a OneToMany: domain.Angajat.concedii through a foreign key
21:23:01.679 [Test worker] DEBUG org.hibernate.cfg.annotations.CollectionBinder - Mapping collection: domain.Angajat.concedii -> concedii
21:23:01.679 [Test worker] DEBUG org.hibernate.cfg.annotations.TableBinder - Retrieving property domain.Concediu.angajat
21:23:01.679 [Test worker] DEBUG org.hibernate.cfg.CollectionSecondPass - Mapped collection key: id_angajat, one-to-many: domain.Concediu
21:23:01.679 [Test worker] DEBUG org.hibernate.boot.internal.InFlightMetadataCollectorImpl - Resolving reference to class: domain.Functie
21:23:01.679 [Test worker] DEBUG org.hibernate.boot.internal.InFlightMetadataCollectorImpl - Resolving reference to class: domain.Departament
21:23:01.679 [Test worker] DEBUG org.hibernate.boot.internal.InFlightMetadataCollectorImpl - Resolving reference to class: domain.Angajat
21:23:01.679 [Test worker] DEBUG org.hibernate.boot.internal.InFlightMetadataCollectorImpl - Resolving reference to class: domain.Proiect
21:23:01.679 [Test worker] DEBUG org.hibernate.boot.internal.InFlightMetadataCollectorImpl - Resolving reference to class: domain.Angajat
21:23:01.679 [Test worker] DEBUG org.hibernate.boot.internal.InFlightMetadataCollectorImpl - Resolving reference to class: domain.Angajat
21:23:01.679 [Test worker] DEBUG org.hibernate.boot.internal.InFlightMetadataCollectorImpl - Resolving reference to class: domain.Functie
21:23:01.679 [Test worker] DEBUG org.hibernate.boot.internal.InFlightMetadataCollectorImpl - Resolving reference to class: domain.Departament
21:23:01.679 [Test worker] DEBUG org.hibernate.boot.internal.InFlightMetadataCollectorImpl - Resolving reference to class: domain.Angajat
21:23:01.679 [Test worker] DEBUG org.hibernate.boot.internal.InFlightMetadataCollectorImpl - Resolving reference to class: domain.Proiect
21:23:01.679 [Test worker] DEBUG org.hibernate.boot.internal.InFlightMetadataCollectorImpl - Resolving reference to class: domain.Angajat
21:23:01.679 [Test worker] DEBUG org.hibernate.boot.internal.InFlightMetadataCollectorImpl - Resolving reference to class: domain.Angajat
21:23:01.679 [Test worker] DEBUG org.hibernate.internal.SessionFactoryImpl - Building session factory
21:23:01.679 [Test worker] DEBUG org.hibernate.cfg.Settings - SessionFactory name : null
21:23:01.679 [Test worker] DEBUG org.hibernate.cfg.Settings - Automatic flush during beforeCompletion(): enabled
21:23:01.679 [Test worker] DEBUG org.hibernate.cfg.Settings - Automatic session close at end of transaction: disabled
21:23:01.679 [Test worker] DEBUG org.hibernate.cfg.Settings - Statistics: disabled
21:23:01.679 [Test worker] DEBUG org.hibernate.cfg.Settings - Deleted entity synthetic identifier rollback: disabled
21:23:01.679 [Test worker] DEBUG org.hibernate.cfg.Settings - Default entity-mode: pojo
21:23:01.679 [Test worker] DEBUG org.hibernate.cfg.Settings - Check Nullability in Core (should be disabled when Bean Validation is on): enabled
21:23:01.679 [Test worker] DEBUG org.hibernate.cfg.Settings - Allow initialization of lazy state outside session : enabled
21:23:01.679 [Test worker] DEBUG org.hibernate.cfg.Settings - Using BatchFetchStyle : LEGACY
21:23:01.679 [Test worker] DEBUG org.hibernate.cfg.Settings - Default batch fetch size: -1
21:23:01.679 [Test worker] DEBUG org.hibernate.cfg.Settings - Maximum outer join fetch depth: null
21:23:01.679 [Test worker] DEBUG org.hibernate.cfg.Settings - Default null ordering: NONE
21:23:01.679 [Test worker] DEBUG org.hibernate.cfg.Settings - Order SQL updates by primary key: disabled
21:23:01.679 [Test worker] DEBUG org.hibernate.cfg.Settings - Order SQL inserts for batching: disabled
21:23:01.679 [Test worker] DEBUG org.hibernate.cfg.Settings - multi-tenancy strategy : NONE
21:23:01.679 [Test worker] DEBUG org.hibernate.cfg.Settings - JTA Track by Thread: enabled
21:23:01.679 [Test worker] DEBUG org.hibernate.cfg.Settings - Query language substitutions: {}
21:23:01.679 [Test worker] DEBUG org.hibernate.cfg.Settings - Named query checking : enabled
21:23:01.679 [Test worker] DEBUG org.hibernate.cfg.Settings - Second-level cache: disabled
21:23:01.679 [Test worker] DEBUG org.hibernate.cfg.Settings - Second-level query cache: disabled
21:23:01.679 [Test worker] DEBUG org.hibernate.cfg.Settings - Second-level query cache factory: null
21:23:01.679 [Test worker] DEBUG org.hibernate.cfg.Settings - Second-level cache region prefix: null
21:23:01.679 [Test worker] DEBUG org.hibernate.cfg.Settings - Optimize second-level cache for minimal puts: disabled
21:23:01.679 [Test worker] DEBUG org.hibernate.cfg.Settings - Structured second-level cache entries: disabled
21:23:01.679 [Test worker] DEBUG org.hibernate.cfg.Settings - Second-level cache direct-reference entries: disabled
21:23:01.679 [Test worker] DEBUG org.hibernate.cfg.Settings - Automatic eviction of collection cache: disabled
21:23:01.679 [Test worker] DEBUG org.hibernate.cfg.Settings - JDBC batch size: 0
21:23:01.679 [Test worker] DEBUG org.hibernate.cfg.Settings - JDBC batch updates for versioned data: enabled
21:23:01.679 [Test worker] DEBUG org.hibernate.cfg.Settings - Scrollable result sets: disabled
21:23:01.679 [Test worker] DEBUG org.hibernate.cfg.Settings - Wrap result sets: disabled
21:23:01.679 [Test worker] DEBUG org.hibernate.cfg.Settings - JDBC3 getGeneratedKeys(): enabled
21:23:01.679 [Test worker] DEBUG org.hibernate.cfg.Settings - JDBC result set fetch size: null
21:23:01.679 [Test worker] DEBUG org.hibernate.cfg.Settings - Connection release mode: AFTER_TRANSACTION
21:23:01.679 [Test worker] DEBUG org.hibernate.cfg.Settings - Generate SQL with comments: disabled
21:23:01.679 [Test worker] DEBUG org.hibernate.cfg.Settings - JPA compliance - query : disabled
21:23:01.679 [Test worker] DEBUG org.hibernate.cfg.Settings - JPA compliance - closed-handling : disabled
21:23:01.679 [Test worker] DEBUG org.hibernate.cfg.Settings - JPA compliance - lists : disabled
21:23:01.679 [Test worker] DEBUG org.hibernate.cfg.Settings - JPA compliance - transactions : disabled
21:23:01.679 [Test worker] DEBUG org.hibernate.internal.SessionFactoryImpl - Session factory constructed with filter configurations : {}
21:23:01.679 [Test worker] DEBUG org.hibernate.internal.SessionFactoryImpl - Instantiating session factory with properties: {sun.desktop=windows, awt.toolkit=sun.awt.windows.WToolkit, dialect=utils.SQLiteDialect, java.specification.version=11, sun.cpu.isalist=amd64, sun.jnu.encoding=Cp1250, hibernate.dialect=utils.SQLiteDialect, org.gradle.test.worker=3, java.class.path=C:\\Users\\Dan\\.gradle\\caches\\6.8\\workerMain\\gradle-worker.jar;D:\\Facultate\\Projects\\OrganizareCompanie\\build\\classes\\java\\test;D:\\Facultate\\Projects\\OrganizareCompanie\\build\\resources\\test;D:\\Facultate\\Projects\\OrganizareCompanie\\build\\classes\\java\\main;D:\\Facultate\\Projects\\OrganizareCompanie\\build\\resources\\main;C:\\Users\\Dan\\.gradle\\caches\\modules-2\\files-2.1\\org.springframework.boot\\spring-boot-starter-web\\2.4.3\\4f5554ea183af87e52d8c31bb82aada0d74c40b0\\spring-boot-starter-web-2.4.3.jar;C:\\Users\\Dan\\.gradle\\caches\\modules-2\\files-2.1\\org.xerial\\sqlite-jdbc\\3.34.0\\fd29bb0124e3f79c80b2753162a6a3873c240bcf\\sqlite-jdbc-3.34.0.jar;C:\\Users\\Dan\\.gradle\\caches\\modules-2\\files-2.1\\org.hibernate\\hibernate-java8\\5.1.0.Final\\2bb534acab4f8485a821f0e4d6a2c8df617ee86a\\hibernate-java8-5.1.0.Final.jar;C:\\Users\\Dan\\.gradle\\caches\\modules-2\\files-2.1\\org.hibernate\\hibernate-core\\5.4.29.Final\\74b7c9ad3cb57ae4fd0187480a76f137a7fc3f38\\hibernate-core-5.4.29.Final.jar;C:\\Users\\Dan\\.gradle\\caches\\modules-2\\files-2.1\\org.junit.platform\\junit-platform-engine\\1.7.0\\eadb73c5074a4ac71061defd00fc176152a4d12c\\junit-platform-engine-1.7.0.jar;C:\\Users\\Dan\\.gradle\\caches\\modules-2\\files-2.1\\org.junit.platform\\junit-platform-commons\\1.7.0\\84e309fbf21d857aac079a3c1fffd84284e1114d\\junit-platform-commons-1.7.0.jar;C:\\Users\\Dan\\.gradle\\caches\\modules-2\\files-2.1\\org.junit.jupiter\\junit-jupiter-engine\\5.7.0\\d9044d6b45e2232ddd53fa56c15333e43d1749fd\\junit-jupiter-engine-5.7.0.jar;C:\\Users\\Dan\\.gradle\\caches\\modules-2\\files-2.1\\org.junit.jupiter\\junit-jupiter-api\\5.7.0\\b25f3815c4c1860a73041e733a14a0379d00c4d5\\junit-jupiter-api-5.7.0.jar;C:\\Users\\Dan\\.gradle\\caches\\modules-2\\files-2.1\\org.springframework.boot\\spring-boot-starter-json\\2.4.3\\7b26abb0a0379a00b58a2a50e010b29cf4f16b80\\spring-boot-starter-json-2.4.3.jar;C:\\Users\\Dan\\.gradle\\caches\\modules-2\\files-2.1\\org.springframework.boot\\spring-boot-starter\\2.4.3\\fd8bc0fb5f5aaefb4d6c8b77eb61563aab840c11\\spring-boot-starter-2.4.3.jar;C:\\Users\\Dan\\.gradle\\caches\\modules-2\\files-2.1\\org.springframework.boot\\spring-boot-starter-tomcat\\2.4.3\\4ba28aae05a259625e7e92f8e7338c5e1d22de35\\spring-boot-starter-tomcat-2.4.3.jar;C:\\Users\\Dan\\.gradle\\caches\\modules-2\\files-2.1\\org.springframework\\spring-webmvc\\5.3.4\\8dd52fbe8eafcc7c80998087ec6635baf7a98c20\\spring-webmvc-5.3.4.jar;C:\\Users\\Dan\\.gradle\\caches\\modules-2\\files-2.1\\org.springframework\\spring-web\\5.3.4\\d93829e24a50ed22e781f2302680a210cac5ee84\\spring-web-5.3.4.jar;C:\\Users\\Dan\\.gradle\\caches\\modules-2\\files-2.1\\org.hibernate.common\\hibernate-commons-annotations\\5.1.2.Final\\e59ffdbc6ad09eeb33507b39ffcf287679a498c8\\hibernate-commons-annotations-5.1.2.Final.jar;C:\\Users\\Dan\\.gradle\\caches\\modules-2\\files-2.1\\org.jboss.logging\\jboss-logging\\3.4.1.Final\\40fd4d696c55793e996d1ff3c475833f836c2498\\jboss-logging-3.4.1.Final.jar;C:\\Users\\Dan\\.gradle\\caches\\modules-2\\files-2.1\\javax.persistence\\javax.persistence-api\\2.2\\25665ac8c0b62f50e6488173233239120fc52c96\\javax.persistence-api-2.2.jar;C:\\Users\\Dan\\.gradle\\caches\\modules-2\\files-2.1\\org.javassist\\javassist\\3.27.0-GA\\f63e6aa899e15eca8fdaa402a79af4c417252213\\javassist-3.27.0-GA.jar;C:\\Users\\Dan\\.gradle\\caches\\modules-2\\files-2.1\\net.bytebuddy\\byte-buddy\\1.10.21\\5abe8e141cac9d50a721a22d9c188b3bf19ad0aa\\byte-buddy-1.10.21.jar;C:\\Users\\Dan\\.gradle\\caches\\modules-2\\files-2.1\\antlr\\antlr\\2.7.7\\83cd2cd674a217ade95a4bb83a8a14f351f48bd0\\antlr-2.7.7.jar;C:\\Users\\Dan\\.gradle\\caches\\modules-2\\files-2.1\\org.jboss.spec.javax.transaction\\jboss-transaction-api_1.2_spec\\1.1.1.Final\\a8485cab9484dda36e9a8c319e76b5cc18797b58\\jboss-transaction-api_1.2_spec-1.1.1.Final.jar;C:\\Users\\Dan\\.gradle\\caches\\modules-2\\files-2.1\\org.jboss\\jandex\\2.2.3.Final\\d3865101f0666b63586683bd811d754517f331ab\\jandex-2.2.3.Final.jar;C:\\Users\\Dan\\.gradle\\caches\\modules-2\\files-2.1\\com.fasterxml\\classmate\\1.5.1\\3fe0bed568c62df5e89f4f174c101eab25345b6c\\classmate-1.5.1.jar;C:\\Users\\Dan\\.gradle\\caches\\modules-2\\files-2.1\\org.glassfish.jaxb\\jaxb-runtime\\2.3.1\\dd6dda9da676a54c5b36ca2806ff95ee017d8738\\jaxb-runtime-2.3.1.jar;C:\\Users\\Dan\\.gradle\\caches\\modules-2\\files-2.1\\javax.xml.bind\\jaxb-api\\2.3.1\\8531ad5ac454cc2deb9d4d32c40c4d7451939b5d\\jaxb-api-2.3.1.jar;C:\\Users\\Dan\\.gradle\\caches\\modules-2\\files-2.1\\javax.activation\\javax.activation-api\\1.2.0\\85262acf3ca9816f9537ca47d5adeabaead7cb16\\javax.activation-api-1.2.0.jar;C:\\Users\\Dan\\.gradle\\caches\\modules-2\\files-2.1\\org.dom4j\\dom4j\\2.1.3\\a75914155a9f5808963170ec20653668a2ffd2fd\\dom4j-2.1.3.jar;C:\\Users\\Dan\\.gradle\\caches\\modules-2\\files-2.1\\org.apiguardian\\apiguardian-api\\1.1.0\\fc9dff4bb36d627bdc553de77e1f17efd790876c\\apiguardian-api-1.1.0.jar;C:\\Users\\Dan\\.gradle\\caches\\modules-2\\files-2.1\\org.opentest4j\\opentest4j\\1.2.0\\28c11eb91f9b6d8e200631d46e20a7f407f2a046\\opentest4j-1.2.0.jar;C:\\Users\\Dan\\.gradle\\caches\\modules-2\\files-2.1\\org.springframework.boot\\spring-boot-autoconfigure\\2.4.3\\2f8e1e682e55f70c8ea557982c7adb1256f41bcf\\spring-boot-autoconfigure-2.4.3.jar;C:\\Users\\Dan\\.gradle\\caches\\modules-2\\files-2.1\\org.springframework.boot\\spring-boot\\2.4.3\\de2bd17a8eb9bc3dfa629aa06f2e9fe3bf603c85\\spring-boot-2.4.3.jar;C:\\Users\\Dan\\.gradle\\caches\\modules-2\\files-2.1\\org.springframework.boot\\spring-boot-starter-logging\\2.4.3\\64687abc2255d18cd6592cbb20fa3bee3379cec8\\spring-boot-starter-logging-2.4.3.jar;C:\\Users\\Dan\\.gradle\\caches\\modules-2\\files-2.1\\jakarta.annotation\\jakarta.annotation-api\\1.3.5\\59eb84ee0d616332ff44aba065f3888cf002cd2d\\jakarta.annotation-api-1.3.5.jar;C:\\Users\\Dan\\.gradle\\caches\\modules-2\\files-2.1\\org.springframework\\spring-context\\5.3.4\\fbeadeb0e4d272599a938ec345e99e5f9a76e919\\spring-context-5.3.4.jar;C:\\Users\\Dan\\.gradle\\caches\\modules-2\\files-2.1\\org.springframework\\spring-aop\\5.3.4\\b7180a6427ab524bc1cbd31bf38dd2182632515f\\spring-aop-5.3.4.jar;C:\\Users\\Dan\\.gradle\\caches\\modules-2\\files-2.1\\org.springframework\\spring-beans\\5.3.4\\ac6c5ea0ba82f555405f74104cf378f8071c6d25\\spring-beans-5.3.4.jar;C:\\Users\\Dan\\.gradle\\caches\\modules-2\\files-2.1\\org.springframework\\spring-expression\\5.3.4\\42b71fa955e43a86471509aef14cefe756fc3794\\spring-expression-5.3.4.jar;C:\\Users\\Dan\\.gradle\\caches\\modules-2\\files-2.1\\org.springframework\\spring-core\\5.3.4\\46c1f8abd9e02a292c42a257350f365cec152b5d\\spring-core-5.3.4.jar;C:\\Users\\Dan\\.gradle\\caches\\modules-2\\files-2.1\\org.yaml\\snakeyaml\\1.27\\359d62567480b07a679dc643f82fc926b100eed5\\snakeyaml-1.27.jar;C:\\Users\\Dan\\.gradle\\caches\\modules-2\\files-2.1\\com.fasterxml.jackson.datatype\\jackson-datatype-jdk8\\2.11.4\\e1540dea3c6c681ea4e335a960f730861ee3bedb\\jackson-datatype-jdk8-2.11.4.jar;C:\\Users\\Dan\\.gradle\\caches\\modules-2\\files-2.1\\com.fasterxml.jackson.datatype\\jackson-datatype-jsr310\\2.11.4\\ce6fc76bba06623720e5a9308386b6ae74753f4d\\jackson-datatype-jsr310-2.11.4.jar;C:\\Users\\Dan\\.gradle\\caches\\modules-2\\files-2.1\\com.fasterxml.jackson.module\\jackson-module-parameter-names\\2.11.4\\432e050d79f2282a66c320375d628f1b0842cb12\\jackson-module-parameter-names-2.11.4.jar;C:\\Users\\Dan\\.gradle\\caches\\modules-2\\files-2.1\\com.fasterxml.jackson.core\\jackson-databind\\2.11.4\\5d9f3d441f99d721b957e3497f0a6465c764fad4\\jackson-databind-2.11.4.jar;C:\\Users\\Dan\\.gradle\\caches\\modules-2\\files-2.1\\org.apache.tomcat.embed\\tomcat-embed-websocket\\9.0.43\\78232648dde1a5fd5093f0a3999e593d208e2eab\\tomcat-embed-websocket-9.0.43.jar;C:\\Users\\Dan\\.gradle\\caches\\modules-2\\files-2.1\\org.apache.tomcat.embed\\tomcat-embed-core\\9.0.43\\1d102277426bdd5b12f048731a91665bb69347d1\\tomcat-embed-core-9.0.43.jar;C:\\Users\\Dan\\.gradle\\caches\\modules-2\\files-2.1\\org.glassfish\\jakarta.el\\3.0.3\\dab46ee1ee23f7197c13d7c40fce14817c9017df\\jakarta.el-3.0.3.jar;C:\\Users\\Dan\\.gradle\\caches\\modules-2\\files-2.1\\org.glassfish.jaxb\\txw2\\2.3.1\\a09d2c48d3285f206fafbffe0e50619284e92126\\txw2-2.3.1.jar;C:\\Users\\Dan\\.gradle\\caches\\modules-2\\files-2.1\\com.sun.istack\\istack-commons-runtime\\3.0.7\\c197c86ceec7318b1284bffb49b54226ca774003\\istack-commons-runtime-3.0.7.jar;C:\\Users\\Dan\\.gradle\\caches\\modules-2\\files-2.1\\org.jvnet.staxex\\stax-ex\\1.8\\8cc35f73da321c29973191f2cf143d29d26a1df7\\stax-ex-1.8.jar;C:\\Users\\Dan\\.gradle\\caches\\modules-2\\files-2.1\\com.sun.xml.fastinfoset\\FastInfoset\\1.2.15\\bb7b7ec0379982b97c62cd17465cb6d9155f68e8\\FastInfoset-1.2.15.jar;C:\\Users\\Dan\\.gradle\\caches\\modules-2\\files-2.1\\ch.qos.logback\\logback-classic\\1.2.3\\7c4f3c474fb2c041d8028740440937705ebb473a\\logback-classic-1.2.3.jar;C:\\Users\\Dan\\.gradle\\caches\\modules-2\\files-2.1\\org.apache.logging.log4j\\log4j-to-slf4j\\2.13.3\\966f6fd1af4959d6b12bfa880121d4a2b164f857\\log4j-to-slf4j-2.13.3.jar;C:\\Users\\Dan\\.gradle\\caches\\modules-2\\files-2.1\\org.slf4j\\jul-to-slf4j\\1.7.30\\d58bebff8cbf70ff52b59208586095f467656c30\\jul-to-slf4j-1.7.30.jar;C:\\Users\\Dan\\.gradle\\caches\\modules-2\\files-2.1\\org.springframework\\spring-jcl\\5.3.4\\ca012eb4e9e57f767aa9d5e51fe9a09b28140808\\spring-jcl-5.3.4.jar;C:\\Users\\Dan\\.gradle\\caches\\modules-2\\files-2.1\\com.fasterxml.jackson.core\\jackson-annotations\\2.11.4\\2c3f5c079330f3a01726686a078979420f547ae4\\jackson-annotations-2.11.4.jar;C:\\Users\\Dan\\.gradle\\caches\\modules-2\\files-2.1\\com.fasterxml.jackson.core\\jackson-core\\2.11.4\\593f7b18bab07a76767f181e2a2336135ce82cc4\\jackson-core-2.11.4.jar;C:\\Users\\Dan\\.gradle\\caches\\modules-2\\files-2.1\\ch.qos.logback\\logback-core\\1.2.3\\864344400c3d4d92dfeb0a305dc87d953677c03c\\logback-core-1.2.3.jar;C:\\Users\\Dan\\.gradle\\caches\\modules-2\\files-2.1\\org.slf4j\\slf4j-api\\1.7.30\\b5a4b6d16ab13e34a88fae84c35cd5d68cac922c\\slf4j-api-1.7.30.jar;C:\\Users\\Dan\\.gradle\\caches\\modules-2\\files-2.1\\org.apache.logging.log4j\\log4j-api\\2.13.3\\ec1508160b93d274b1add34419b897bae84c6ca9\\log4j-api-2.13.3.jar, java.vm.vendor=Oracle Corporation, sun.arch.data.model=64, user.variant=, java.vendor.url=http://java.oracle.com/, user.timezone=Europe/Athens, os.name=Windows 10, java.vm.specification.version=11, user.country=US, sun.java.launcher=SUN_STANDARD, sun.boot.library.path=C:\Program Files\Java\jdk-11.0.6\bin, sun.java.command=worker.org.gradle.process.internal.worker.GradleWorkerMain 'Gradle Test Executor 3', jdk.debug=release, sun.cpu.endian=little, user.home=C:\Users\Dan, user.language=en, java.specification.vendor=Oracle Corporation, org.gradle.native=false, java.version.date=2020-01-14, java.home=C:\Program Files\Java\jdk-11.0.6, file.separator=\, java.vm.compressedOopsMode=32-bit, line.separator=
, java.specification.name=Java Platform API Specification, java.vm.specification.vendor=Oracle Corporation, java.awt.graphicsenv=sun.awt.Win32GraphicsEnvironment, hibernate.hbm2ddl.auto=update, user.script=, sun.management.compiler=HotSpot 64-Bit Tiered Compilers, java.runtime.version=11.0.6+8-LTS, user.name=Dan, path.separator=;, hibernate.connection.username=****, os.version=10.0, hibernate.enable_lazy_load_no_trans=true, java.runtime.name=Java(TM) SE Runtime Environment, hibernate.connection.url=jdbc:sqlite:D:\Facultate\Projects\OrganizareCompanie\database, file.encoding=windows-1250, java.vm.name=Java HotSpot(TM) 64-Bit Server VM, hibernate.show_sql=true, java.vendor.version=18.9, hibernate.current_session_context_class=thread, hibernate.connection.driver_class=org.sqlite.JDBC, java.vendor.url.bug=http://bugreport.java.com/bugreport/, java.io.tmpdir=C:\Users\Dan\AppData\Local\Temp\, java.version=11.0.6, user.dir=D:\Facultate\Projects\OrganizareCompanie, os.arch=amd64, java.vm.specification.name=Java Virtual Machine Specification, java.awt.printerjob=sun.awt.windows.WPrinterJob, hibernate.connection.password=****, sun.os.patch.level=, connection.driver_class=org.sqlite.JDBC, hibernate.boot.CfgXmlAccessService.key=org.hibernate.boot.cfgxml.spi.LoadedConfig@43977758, java.library.path=C:\Program Files\Java\jdk-11.0.6\bin;C:\WINDOWS\Sun\Java\bin;C:\WINDOWS\system32;C:\WINDOWS;;C:\Python38\Scripts\;C:\Python38\;D:\Facultate\Scripts\;D:\Facultate\;C:\Users\Dan\Desktop\Facultate 2018-2019\Semestrul I\Fundamentele programarii\Python\Scripts\;C:\Users\Dan\Desktop\Facultate 2018-2019\Semestrul I\Fundamentele programarii\Python\;C:\Users\Dan\Desktop\Facultate 2018-2019\Semestrul I\Fundamentele programarii\Scripts\;C:\Users\Dan\Desktop\Facultate 2018-2019\Semestrul I\Fundamentele programarii\;C:\WINDOWS\system32;C:\WINDOWS;C:\WINDOWS\System32\Wbem;C:\WINDOWS\System32\WindowsPowerShell\v1.0\;C:\WINDOWS\System32\OpenSSH\;D:\Facultate\PuTTY\;C:\Program Files\dotnet\;C:\Program Files\Microsoft SQL Server\Client SDK\ODBC\170\Tools\Binn\;C:\Users\Dan\Proto\bin;D:\Facultate\NodeJS\;C:\ProgramData\chocolatey\bin;C:\Program Files\Git\cmd;C:\Program Files\Java\jdk-10.0.2\bin;C:\Program Files (x86)\GnuWin32\bin;C:\MinGW\bin;C:\Program Files\Java\jdk-11.0.6\bin;C:\WINDOWS\system32;C:\WINDOWS;C:\WINDOWS\System32\Wbem;C:\WINDOWS\System32\WindowsPowerShell\v1.0\;C:\WINDOWS\System32\OpenSSH\;C:\Program Files\Intel\WiFi\bin\;C:\Program Files\Common Files\Intel\WirelessCommon\;D:\Facultate\Python\Scripts\;D:\Facultate\Python\;C:\Users\Dan\AppData\Local\Microsoft\WindowsApps;C:\Users\Dan\AppData\Local\GitHubDesktop\bin;C:\Users\Dan\AppData\Roaming\npm;D:\Facultate\Microsoft VS Code\bin;C:\Users\Dan\AppData\Local\Microsoft\WindowsApps;C:\Users\Dan\Documents\driver;;., java.vendor=Oracle Corporation, java.vm.info=mixed mode, java.vm.version=11.0.6+8-LTS, hibernate.bytecode.use_reflection_optimizer=false, sun.io.unicode.encoding=UnicodeLittle, hibernate.connection.pool_size=1, connection.url=jdbc:sqlite:D:\Facultate\Projects\OrganizareCompanie\database, java.class.version=55.0}
21:23:01.679 [Test worker] DEBUG org.hibernate.secure.spi.JaccIntegrator - Skipping JACC integration as it was not enabled
21:23:01.679 [Test worker] DEBUG org.hibernate.internal.SessionFactoryImpl - Instantiated session factory
21:23:01.679 [Test worker] DEBUG org.hibernate.type.spi.TypeConfiguration$Scope - Scoping TypeConfiguration [org.hibernate.type.spi.TypeConfiguration@590eb4d9] to SessionFactoryImpl [org.hibernate.internal.SessionFactoryImpl@5a2b5032]
21:23:01.679 [Test worker] DEBUG org.hibernate.boot.internal.ClassLoaderAccessImpl - Not known whether passed class name [domain.Functie] is safe
21:23:01.679 [Test worker] DEBUG org.hibernate.boot.internal.ClassLoaderAccessImpl - No temp ClassLoader provided; using live ClassLoader for loading potentially unsafe class : domain.Functie
21:23:01.679 [Test worker] DEBUG org.hibernate.boot.internal.ClassLoaderAccessImpl - Not known whether passed class name [domain.Departament] is safe
21:23:01.679 [Test worker] DEBUG org.hibernate.boot.internal.ClassLoaderAccessImpl - No temp ClassLoader provided; using live ClassLoader for loading potentially unsafe class : domain.Departament
21:23:01.679 [Test worker] DEBUG org.hibernate.boot.internal.ClassLoaderAccessImpl - Not known whether passed class name [domain.Angajat] is safe
21:23:01.679 [Test worker] DEBUG org.hibernate.boot.internal.ClassLoaderAccessImpl - No temp ClassLoader provided; using live ClassLoader for loading potentially unsafe class : domain.Angajat
21:23:01.694 [Test worker] DEBUG org.hibernate.boot.internal.ClassLoaderAccessImpl - Not known whether passed class name [domain.Proiect] is safe
21:23:01.694 [Test worker] DEBUG org.hibernate.boot.internal.ClassLoaderAccessImpl - No temp ClassLoader provided; using live ClassLoader for loading potentially unsafe class : domain.Proiect
21:23:01.694 [Test worker] DEBUG org.hibernate.boot.internal.ClassLoaderAccessImpl - Not known whether passed class name [domain.Concediu] is safe
21:23:01.694 [Test worker] DEBUG org.hibernate.boot.internal.ClassLoaderAccessImpl - No temp ClassLoader provided; using live ClassLoader for loading potentially unsafe class : domain.Concediu
21:23:01.694 [Test worker] DEBUG org.hibernate.persister.collection.AbstractCollectionPersister - Static SQL for collection: domain.Angajat.proiecte
21:23:01.694 [Test worker] DEBUG org.hibernate.persister.collection.AbstractCollectionPersister -  Row insert: insert into angajati_proiecte (id_angajat, id_proiect) values (?, ?)
21:23:01.694 [Test worker] DEBUG org.hibernate.persister.collection.AbstractCollectionPersister -  Row update: update angajati_proiecte set id_proiect=? where id_angajat=? and id_proiect=?
21:23:01.694 [Test worker] DEBUG org.hibernate.persister.collection.AbstractCollectionPersister -  Row delete: delete from angajati_proiecte where id_angajat=? and id_proiect=?
21:23:01.694 [Test worker] DEBUG org.hibernate.persister.collection.AbstractCollectionPersister -  One-shot delete: delete from angajati_proiecte where id_angajat=?
21:23:01.694 [Test worker] DEBUG org.hibernate.persister.collection.AbstractCollectionPersister - Static SQL for collection: domain.Angajat.concedii
21:23:01.694 [Test worker] DEBUG org.hibernate.persister.collection.AbstractCollectionPersister -  Row insert: update concedii set id_angajat=? where id=?
21:23:01.694 [Test worker] DEBUG org.hibernate.persister.collection.AbstractCollectionPersister -  Row update: update concedii set  where id=?
21:23:01.694 [Test worker] DEBUG org.hibernate.persister.collection.AbstractCollectionPersister -  Row delete: update concedii set id_angajat=null where id_angajat=? and id=?
21:23:01.694 [Test worker] DEBUG org.hibernate.persister.collection.AbstractCollectionPersister -  One-shot delete: update concedii set id_angajat=null where id_angajat=?
21:23:01.694 [Test worker] DEBUG org.hibernate.persister.collection.AbstractCollectionPersister - Static SQL for collection: domain.Angajat.departamente
21:23:01.694 [Test worker] DEBUG org.hibernate.persister.collection.AbstractCollectionPersister -  Row insert: insert into angajati_departamente (id_angajat, id_departament) values (?, ?)
21:23:01.694 [Test worker] DEBUG org.hibernate.persister.collection.AbstractCollectionPersister -  Row update: update angajati_departamente set id_departament=? where id_angajat=? and id_departament=?
21:23:01.694 [Test worker] DEBUG org.hibernate.persister.collection.AbstractCollectionPersister -  Row delete: delete from angajati_departamente where id_angajat=? and id_departament=?
21:23:01.694 [Test worker] DEBUG org.hibernate.persister.collection.AbstractCollectionPersister -  One-shot delete: delete from angajati_departamente where id_angajat=?
21:23:01.694 [Test worker] DEBUG org.hibernate.persister.entity.AbstractEntityPersister - Static SQL for entity: domain.Functie
21:23:01.694 [Test worker] DEBUG org.hibernate.persister.entity.AbstractEntityPersister -  Version select: select id from functii where id =?
21:23:01.694 [Test worker] DEBUG org.hibernate.persister.entity.AbstractEntityPersister -  Snapshot select: select functie_.id, functie_.salar_de_baza as salar_de2_5_ from functii functie_ where functie_.id=?
21:23:01.694 [Test worker] DEBUG org.hibernate.persister.entity.AbstractEntityPersister -  Insert 0: insert into functii (salar_de_baza, id) values (?, ?)
21:23:01.694 [Test worker] DEBUG org.hibernate.persister.entity.AbstractEntityPersister -  Update 0: update functii set salar_de_baza=? where id=?
21:23:01.694 [Test worker] DEBUG org.hibernate.persister.entity.AbstractEntityPersister -  Delete 0: delete from functii where id=?
21:23:01.694 [Test worker] DEBUG org.hibernate.persister.entity.AbstractEntityPersister -  Identity insert: insert into functii (salar_de_baza) values (?)
21:23:01.694 [Test worker] DEBUG org.hibernate.loader.plan.build.internal.spaces.QuerySpacesImpl - Adding QuerySpace : uid = <gen:0> -> org.hibernate.loader.plan.build.internal.spaces.EntityQuerySpaceImpl@4c2dd8e9]
21:23:01.694 [Test worker] DEBUG org.hibernate.persister.walking.spi.MetamodelGraphWalker - Visiting attribute path : salarDeBaza
21:23:01.694 [Test worker] DEBUG org.hibernate.loader.plan.build.internal.FetchStyleLoadPlanBuildingAssociationVisitationStrategy - Building LoadPlan...
21:23:01.694 [Test worker] DEBUG org.hibernate.loader.plan.exec.internal.LoadQueryJoinAndFetchProcessor - processing queryspace <gen:0>
21:23:01.694 [Test worker] DEBUG org.hibernate.loader.plan.build.spi.LoadPlanTreePrinter - LoadPlan(entity=domain.Functie)
    - Returns
       - EntityReturnImpl(entity=domain.Functie, querySpaceUid=<gen:0>, path=domain.Functie)
    - QuerySpaces
       - EntityQuerySpaceImpl(uid=<gen:0>, entity=domain.Functie)
          - SQL table alias mapping - functie0_
          - alias suffix - 0_
          - suffixed key columns - {id1_5_0_}

21:23:01.694 [Test worker] DEBUG org.hibernate.loader.entity.plan.EntityLoader - Static select for entity domain.Functie [NONE]: select functie0_.id as id1_5_0_, functie0_.salar_de_baza as salar_de2_5_0_ from functii functie0_ where functie0_.id=?
21:23:01.694 [Test worker] DEBUG org.hibernate.persister.entity.AbstractEntityPersister - Static SQL for entity: domain.Departament
21:23:01.694 [Test worker] DEBUG org.hibernate.persister.entity.AbstractEntityPersister -  Version select: select id from departamente where id =?
21:23:01.694 [Test worker] DEBUG org.hibernate.persister.entity.AbstractEntityPersister -  Snapshot select: select departamen_.id, departamen_.id_director as id_direc2_4_ from departamente departamen_ where departamen_.id=?
21:23:01.694 [Test worker] DEBUG org.hibernate.persister.entity.AbstractEntityPersister -  Insert 0: insert into departamente (id_director, id) values (?, ?)
21:23:01.694 [Test worker] DEBUG org.hibernate.persister.entity.AbstractEntityPersister -  Update 0: update departamente set id_director=? where id=?
21:23:01.694 [Test worker] DEBUG org.hibernate.persister.entity.AbstractEntityPersister -  Delete 0: delete from departamente where id=?
21:23:01.694 [Test worker] DEBUG org.hibernate.persister.entity.AbstractEntityPersister -  Identity insert: insert into departamente (id_director) values (?)
21:23:01.694 [Test worker] DEBUG org.hibernate.loader.plan.build.internal.spaces.QuerySpacesImpl - Adding QuerySpace : uid = <gen:0> -> org.hibernate.loader.plan.build.internal.spaces.EntityQuerySpaceImpl@dc573eb]
21:23:01.694 [Test worker] DEBUG org.hibernate.persister.walking.spi.MetamodelGraphWalker - Visiting attribute path : idDirector
21:23:01.694 [Test worker] DEBUG org.hibernate.loader.plan.build.internal.FetchStyleLoadPlanBuildingAssociationVisitationStrategy - Building LoadPlan...
21:23:01.694 [Test worker] DEBUG org.hibernate.loader.plan.exec.internal.LoadQueryJoinAndFetchProcessor - processing queryspace <gen:0>
21:23:01.694 [Test worker] DEBUG org.hibernate.loader.plan.build.spi.LoadPlanTreePrinter - LoadPlan(entity=domain.Departament)
    - Returns
       - EntityReturnImpl(entity=domain.Departament, querySpaceUid=<gen:0>, path=domain.Departament)
    - QuerySpaces
       - EntityQuerySpaceImpl(uid=<gen:0>, entity=domain.Departament)
          - SQL table alias mapping - departamen0_
          - alias suffix - 0_
          - suffixed key columns - {id1_4_0_}

21:23:01.694 [Test worker] DEBUG org.hibernate.loader.entity.plan.EntityLoader - Static select for entity domain.Departament [NONE]: select departamen0_.id as id1_4_0_, departamen0_.id_director as id_direc2_4_0_ from departamente departamen0_ where departamen0_.id=?
21:23:01.694 [Test worker] DEBUG org.hibernate.persister.entity.AbstractEntityPersister - Static SQL for entity: domain.Angajat
21:23:01.694 [Test worker] DEBUG org.hibernate.persister.entity.AbstractEntityPersister -  Version select: select id from angajati where id =?
21:23:01.694 [Test worker] DEBUG org.hibernate.persister.entity.AbstractEntityPersister -  Snapshot select: select angajat_.id, angajat_.data_angajare as data_ang2_0_, angajat_.functie_id as functie_4_0_, angajat_.id_superior as id_super3_0_ from angajati angajat_ where angajat_.id=?
21:23:01.694 [Test worker] DEBUG org.hibernate.persister.entity.AbstractEntityPersister -  Insert 0: insert into angajati (data_angajare, functie_id, id_superior, id) values (?, ?, ?, ?)
21:23:01.694 [Test worker] DEBUG org.hibernate.persister.entity.AbstractEntityPersister -  Update 0: update angajati set data_angajare=?, functie_id=?, id_superior=? where id=?
21:23:01.694 [Test worker] DEBUG org.hibernate.persister.entity.AbstractEntityPersister -  Delete 0: delete from angajati where id=?
21:23:01.694 [Test worker] DEBUG org.hibernate.persister.entity.AbstractEntityPersister -  Identity insert: insert into angajati (data_angajare, functie_id, id_superior) values (?, ?, ?)
21:23:01.694 [Test worker] DEBUG org.hibernate.loader.plan.build.internal.spaces.QuerySpacesImpl - Adding QuerySpace : uid = <gen:0> -> org.hibernate.loader.plan.build.internal.spaces.EntityQuerySpaceImpl@2401c699]
21:23:01.694 [Test worker] DEBUG org.hibernate.persister.walking.spi.MetamodelGraphWalker - Visiting attribute path : concedii
21:23:01.694 [Test worker] DEBUG org.hibernate.loader.plan.build.internal.spaces.QuerySpacesImpl - Adding QuerySpace : uid = <gen:1> -> org.hibernate.loader.plan.build.internal.spaces.CollectionQuerySpaceImpl@724ca63e]
21:23:01.694 [Test worker] DEBUG org.hibernate.loader.plan.build.internal.spaces.QuerySpacesImpl - Adding QuerySpace : uid = <gen:2> -> org.hibernate.loader.plan.build.internal.spaces.EntityQuerySpaceImpl@39afe4aa]
21:23:01.694 [Test worker] DEBUG org.hibernate.persister.walking.spi.MetamodelGraphWalker - Visiting attribute path : dataAngajare
21:23:01.694 [Test worker] DEBUG org.hibernate.persister.walking.spi.MetamodelGraphWalker - Visiting attribute path : departamente
21:23:01.694 [Test worker] DEBUG org.hibernate.loader.plan.build.internal.spaces.QuerySpacesImpl - Adding QuerySpace : uid = <gen:3> -> org.hibernate.loader.plan.build.internal.spaces.CollectionQuerySpaceImpl@1330c808]
21:23:01.694 [Test worker] DEBUG org.hibernate.loader.plan.build.internal.spaces.QuerySpacesImpl - Adding QuerySpace : uid = <gen:4> -> org.hibernate.loader.plan.build.internal.spaces.EntityQuerySpaceImpl@41b90c9b]
21:23:01.694 [Test worker] DEBUG org.hibernate.persister.walking.spi.MetamodelGraphWalker - Visiting attribute path : functie
21:23:01.694 [Test worker] DEBUG org.hibernate.loader.plan.build.internal.spaces.QuerySpacesImpl - Adding QuerySpace : uid = <gen:5> -> org.hibernate.loader.plan.build.internal.spaces.EntityQuerySpaceImpl@56533fc4]
21:23:01.694 [Test worker] DEBUG org.hibernate.persister.walking.spi.MetamodelGraphWalker - Visiting attribute path : functie.salarDeBaza
21:23:01.694 [Test worker] DEBUG org.hibernate.persister.walking.spi.MetamodelGraphWalker - Visiting attribute path : idSuperior
21:23:01.694 [Test worker] DEBUG org.hibernate.persister.walking.spi.MetamodelGraphWalker - Visiting attribute path : proiecte
21:23:01.694 [Test worker] DEBUG org.hibernate.loader.plan.build.internal.spaces.QuerySpacesImpl - Adding QuerySpace : uid = <gen:6> -> org.hibernate.loader.plan.build.internal.spaces.CollectionQuerySpaceImpl@5fae193]
21:23:01.694 [Test worker] DEBUG org.hibernate.loader.plan.build.internal.spaces.QuerySpacesImpl - Adding QuerySpace : uid = <gen:7> -> org.hibernate.loader.plan.build.internal.spaces.EntityQuerySpaceImpl@c2ee863]
21:23:01.694 [Test worker] DEBUG org.hibernate.loader.plan.build.internal.FetchStyleLoadPlanBuildingAssociationVisitationStrategy - Building LoadPlan...
21:23:01.694 [Test worker] DEBUG org.hibernate.loader.plan.exec.internal.LoadQueryJoinAndFetchProcessor - processing queryspace <gen:0>
21:23:01.694 [Test worker] DEBUG org.hibernate.loader.plan.build.spi.LoadPlanTreePrinter - LoadPlan(entity=domain.Angajat)
    - Returns
       - EntityReturnImpl(entity=domain.Angajat, querySpaceUid=<gen:0>, path=domain.Angajat)
          - CollectionAttributeFetchImpl(collection=domain.Angajat.concedii, querySpaceUid=<gen:1>, path=domain.Angajat.concedii)
             - (collection element) CollectionFetchableElementEntityGraph(entity=domain.Concediu, querySpaceUid=<gen:2>, path=domain.Angajat.concedii.<elements>)
          - CollectionAttributeFetchImpl(collection=domain.Angajat.departamente, querySpaceUid=<gen:3>, path=domain.Angajat.departamente)
             - (collection element) CollectionFetchableElementEntityGraph(entity=domain.Departament, querySpaceUid=<gen:4>, path=domain.Angajat.departamente.<elements>)
          - EntityAttributeFetchImpl(entity=domain.Functie, querySpaceUid=<gen:5>, path=domain.Angajat.functie)
          - CollectionAttributeFetchImpl(collection=domain.Angajat.proiecte, querySpaceUid=<gen:6>, path=domain.Angajat.proiecte)
             - (collection element) CollectionFetchableElementEntityGraph(entity=domain.Proiect, querySpaceUid=<gen:7>, path=domain.Angajat.proiecte.<elements>)
    - QuerySpaces
       - EntityQuerySpaceImpl(uid=<gen:0>, entity=domain.Angajat)
          - SQL table alias mapping - angajat0_
          - alias suffix - 0_
          - suffixed key columns - {id1_0_0_}
          - JOIN (JoinDefinedByMetadata(functie)) : <gen:0> -> <gen:5>
             - EntityQuerySpaceImpl(uid=<gen:5>, entity=domain.Functie)
                - SQL table alias mapping - functie1_
                - alias suffix - 1_
                - suffixed key columns - {id1_5_1_}

21:23:01.694 [Test worker] DEBUG org.hibernate.loader.entity.plan.EntityLoader - Static select for entity domain.Angajat [NONE]: select angajat0_.id as id1_0_0_, angajat0_.data_angajare as data_ang2_0_0_, angajat0_.functie_id as functie_4_0_0_, angajat0_.id_superior as id_super3_0_0_, functie1_.id as id1_5_1_, functie1_.salar_de_baza as salar_de2_5_1_ from angajati angajat0_ left outer join functii functie1_ on angajat0_.functie_id=functie1_.id where angajat0_.id=?
21:23:01.694 [Test worker] DEBUG org.hibernate.persister.entity.AbstractEntityPersister - Static SQL for entity: domain.Proiect
21:23:01.694 [Test worker] DEBUG org.hibernate.persister.entity.AbstractEntityPersister -  Version select: select id from proiecte where id =?
21:23:01.694 [Test worker] DEBUG org.hibernate.persister.entity.AbstractEntityPersister -  Snapshot select: select proiect_.id, proiect_.data_inceput as data_inc2_6_, proiect_.deadline as deadline3_6_ from proiecte proiect_ where proiect_.id=?
21:23:01.694 [Test worker] DEBUG org.hibernate.persister.entity.AbstractEntityPersister -  Insert 0: insert into proiecte (data_inceput, deadline, id) values (?, ?, ?)
21:23:01.694 [Test worker] DEBUG org.hibernate.persister.entity.AbstractEntityPersister -  Update 0: update proiecte set data_inceput=?, deadline=? where id=?
21:23:01.694 [Test worker] DEBUG org.hibernate.persister.entity.AbstractEntityPersister -  Delete 0: delete from proiecte where id=?
21:23:01.694 [Test worker] DEBUG org.hibernate.persister.entity.AbstractEntityPersister -  Identity insert: insert into proiecte (data_inceput, deadline) values (?, ?)
21:23:01.694 [Test worker] DEBUG org.hibernate.loader.plan.build.internal.spaces.QuerySpacesImpl - Adding QuerySpace : uid = <gen:0> -> org.hibernate.loader.plan.build.internal.spaces.EntityQuerySpaceImpl@434c5b3d]
21:23:01.694 [Test worker] DEBUG org.hibernate.persister.walking.spi.MetamodelGraphWalker - Visiting attribute path : dataInceput
21:23:01.694 [Test worker] DEBUG org.hibernate.persister.walking.spi.MetamodelGraphWalker - Visiting attribute path : deadline
21:23:01.694 [Test worker] DEBUG org.hibernate.loader.plan.build.internal.FetchStyleLoadPlanBuildingAssociationVisitationStrategy - Building LoadPlan...
21:23:01.694 [Test worker] DEBUG org.hibernate.loader.plan.exec.internal.LoadQueryJoinAndFetchProcessor - processing queryspace <gen:0>
21:23:01.694 [Test worker] DEBUG org.hibernate.loader.plan.build.spi.LoadPlanTreePrinter - LoadPlan(entity=domain.Proiect)
    - Returns
       - EntityReturnImpl(entity=domain.Proiect, querySpaceUid=<gen:0>, path=domain.Proiect)
    - QuerySpaces
       - EntityQuerySpaceImpl(uid=<gen:0>, entity=domain.Proiect)
          - SQL table alias mapping - proiect0_
          - alias suffix - 0_
          - suffixed key columns - {id1_6_0_}

21:23:01.694 [Test worker] DEBUG org.hibernate.loader.entity.plan.EntityLoader - Static select for entity domain.Proiect [NONE]: select proiect0_.id as id1_6_0_, proiect0_.data_inceput as data_inc2_6_0_, proiect0_.deadline as deadline3_6_0_ from proiecte proiect0_ where proiect0_.id=?
21:23:01.694 [Test worker] DEBUG org.hibernate.persister.entity.AbstractEntityPersister - Static SQL for entity: domain.Concediu
21:23:01.694 [Test worker] DEBUG org.hibernate.persister.entity.AbstractEntityPersister -  Version select: select id from concedii where id =?
21:23:01.694 [Test worker] DEBUG org.hibernate.persister.entity.AbstractEntityPersister -  Snapshot select: select concediu_.id, concediu_.id_angajat as id_angaj4_3_, concediu_.data_inceput as data_inc2_3_, concediu_.data_sfarsit as data_sfa3_3_ from concedii concediu_ where concediu_.id=?
21:23:01.694 [Test worker] DEBUG org.hibernate.persister.entity.AbstractEntityPersister -  Insert 0: insert into concedii (id_angajat, data_inceput, data_sfarsit, id) values (?, ?, ?, ?)
21:23:01.694 [Test worker] DEBUG org.hibernate.persister.entity.AbstractEntityPersister -  Update 0: update concedii set id_angajat=?, data_inceput=?, data_sfarsit=? where id=?
21:23:01.694 [Test worker] DEBUG org.hibernate.persister.entity.AbstractEntityPersister -  Delete 0: delete from concedii where id=?
21:23:01.694 [Test worker] DEBUG org.hibernate.persister.entity.AbstractEntityPersister -  Identity insert: insert into concedii (id_angajat, data_inceput, data_sfarsit) values (?, ?, ?)
21:23:01.694 [Test worker] DEBUG org.hibernate.loader.plan.build.internal.spaces.QuerySpacesImpl - Adding QuerySpace : uid = <gen:0> -> org.hibernate.loader.plan.build.internal.spaces.EntityQuerySpaceImpl@79471549]
21:23:01.694 [Test worker] DEBUG org.hibernate.persister.walking.spi.MetamodelGraphWalker - Visiting attribute path : angajat
21:23:01.694 [Test worker] DEBUG org.hibernate.loader.plan.build.internal.spaces.QuerySpacesImpl - Adding QuerySpace : uid = <gen:1> -> org.hibernate.loader.plan.build.internal.spaces.EntityQuerySpaceImpl@2365a136]
21:23:01.694 [Test worker] DEBUG org.hibernate.persister.walking.spi.MetamodelGraphWalker - Visiting attribute path : dataInceput
21:23:01.694 [Test worker] DEBUG org.hibernate.persister.walking.spi.MetamodelGraphWalker - Visiting attribute path : dataSfarsit
21:23:01.694 [Test worker] DEBUG org.hibernate.loader.plan.build.internal.FetchStyleLoadPlanBuildingAssociationVisitationStrategy - Building LoadPlan...
21:23:01.694 [Test worker] DEBUG org.hibernate.loader.plan.exec.internal.LoadQueryJoinAndFetchProcessor - processing queryspace <gen:0>
21:23:01.694 [Test worker] DEBUG org.hibernate.loader.plan.build.spi.LoadPlanTreePrinter - LoadPlan(entity=domain.Concediu)
    - Returns
       - EntityReturnImpl(entity=domain.Concediu, querySpaceUid=<gen:0>, path=domain.Concediu)
          - EntityAttributeFetchImpl(entity=domain.Angajat, querySpaceUid=<gen:1>, path=domain.Concediu.angajat)
    - QuerySpaces
       - EntityQuerySpaceImpl(uid=<gen:0>, entity=domain.Concediu)
          - SQL table alias mapping - concediu0_
          - alias suffix - 0_
          - suffixed key columns - {id1_3_0_}

21:23:01.694 [Test worker] DEBUG org.hibernate.loader.entity.plan.EntityLoader - Static select for entity domain.Concediu [NONE]: select concediu0_.id as id1_3_0_, concediu0_.id_angajat as id_angaj4_3_0_, concediu0_.data_inceput as data_inc2_3_0_, concediu0_.data_sfarsit as data_sfa3_3_0_ from concedii concediu0_ where concediu0_.id=?
21:23:01.694 [Test worker] DEBUG org.hibernate.loader.plan.build.internal.spaces.QuerySpacesImpl - Adding QuerySpace : uid = <gen:0> -> org.hibernate.loader.plan.build.internal.spaces.CollectionQuerySpaceImpl@14cf5f62]
21:23:01.694 [Test worker] DEBUG org.hibernate.loader.plan.build.internal.spaces.QuerySpacesImpl - Adding QuerySpace : uid = <gen:1> -> org.hibernate.loader.plan.build.internal.spaces.EntityQuerySpaceImpl@5563edef]
21:23:01.694 [Test worker] DEBUG org.hibernate.persister.walking.spi.MetamodelGraphWalker - Visiting attribute path : dataInceput
21:23:01.694 [Test worker] DEBUG org.hibernate.persister.walking.spi.MetamodelGraphWalker - Visiting attribute path : deadline
21:23:01.694 [Test worker] DEBUG org.hibernate.loader.plan.build.internal.FetchStyleLoadPlanBuildingAssociationVisitationStrategy - Building LoadPlan...
21:23:01.694 [Test worker] DEBUG org.hibernate.loader.plan.exec.internal.LoadQueryJoinAndFetchProcessor - processing queryspace <gen:0>
21:23:01.694 [Test worker] DEBUG org.hibernate.loader.plan.build.spi.LoadPlanTreePrinter - LoadPlan(collection=domain.Angajat.proiecte)
    - Returns
       - CollectionReturnImpl(collection=domain.Angajat.proiecte, querySpaceUid=<gen:0>, path=[domain.Angajat.proiecte])
          - (collection element) CollectionFetchableElementEntityGraph(entity=domain.Proiect, querySpaceUid=<gen:1>, path=[domain.Angajat.proiecte].<elements>)
    - QuerySpaces
       - CollectionQuerySpaceImpl(uid=<gen:0>, collection=domain.Angajat.proiecte)
          - SQL table alias mapping - proiecte0_
          - alias suffix - 0_
          - suffixed key columns - {id_angaj1_2_0_}
          - entity-element alias suffix - 1_
          - 1_entity-element suffixed key columns - id1_6_1_
          - JOIN (JoinDefinedByMetadata(elements)) : <gen:0> -> <gen:1>
             - EntityQuerySpaceImpl(uid=<gen:1>, entity=domain.Proiect)
                - SQL table alias mapping - proiect1_
                - alias suffix - 1_
                - suffixed key columns - {id1_6_1_}

21:23:01.694 [Test worker] DEBUG org.hibernate.loader.collection.plan.CollectionLoader - Static select for collection domain.Angajat.proiecte: select proiecte0_.id_angajat as id_angaj1_2_0_, proiecte0_.id_proiect as id_proie2_2_0_, proiect1_.id as id1_6_1_, proiect1_.data_inceput as data_inc2_6_1_, proiect1_.deadline as deadline3_6_1_ from angajati_proiecte proiecte0_ inner join proiecte proiect1_ on proiecte0_.id_proiect=proiect1_.id where proiecte0_.id_angajat=?
21:23:01.694 [Test worker] DEBUG org.hibernate.loader.plan.build.internal.spaces.QuerySpacesImpl - Adding QuerySpace : uid = <gen:0> -> org.hibernate.loader.plan.build.internal.spaces.CollectionQuerySpaceImpl@3b3b8970]
21:23:01.694 [Test worker] DEBUG org.hibernate.loader.plan.build.internal.spaces.QuerySpacesImpl - Adding QuerySpace : uid = <gen:1> -> org.hibernate.loader.plan.build.internal.spaces.EntityQuerySpaceImpl@717d176d]
21:23:01.694 [Test worker] DEBUG org.hibernate.persister.walking.spi.MetamodelGraphWalker - Visiting attribute path : angajat
21:23:01.694 [Test worker] DEBUG org.hibernate.persister.walking.spi.MetamodelGraphWalker - Property path deemed to be circular : angajat
21:23:01.694 [Test worker] DEBUG org.hibernate.persister.walking.spi.MetamodelGraphWalker - Visiting attribute path : dataInceput
21:23:01.694 [Test worker] DEBUG org.hibernate.persister.walking.spi.MetamodelGraphWalker - Visiting attribute path : dataSfarsit
21:23:01.694 [Test worker] DEBUG org.hibernate.loader.plan.build.internal.FetchStyleLoadPlanBuildingAssociationVisitationStrategy - Building LoadPlan...
21:23:01.694 [Test worker] DEBUG org.hibernate.loader.plan.exec.internal.LoadQueryJoinAndFetchProcessor - processing queryspace <gen:0>
21:23:01.694 [Test worker] DEBUG org.hibernate.loader.plan.build.spi.LoadPlanTreePrinter - LoadPlan(collection=domain.Angajat.concedii)
    - Returns
       - CollectionReturnImpl(collection=domain.Angajat.concedii, querySpaceUid=<gen:0>, path=[domain.Angajat.concedii])
          - (collection element) CollectionFetchableElementEntityGraph(entity=domain.Concediu, querySpaceUid=<gen:1>, path=[domain.Angajat.concedii].<elements>)
    - QuerySpaces
       - CollectionQuerySpaceImpl(uid=<gen:0>, collection=domain.Angajat.concedii)
          - SQL table alias mapping - concedii0_
          - alias suffix - 0_
          - suffixed key columns - {id_angaj4_3_0_}
          - entity-element alias suffix - 1_
          - 1_entity-element suffixed key columns - id1_3_1_
          - JOIN (JoinDefinedByMetadata(elements)) : <gen:0> -> <gen:1>
             - EntityQuerySpaceImpl(uid=<gen:1>, entity=domain.Concediu)
                - SQL table alias mapping - concedii0_
                - alias suffix - 1_
                - suffixed key columns - {id1_3_1_}

21:23:01.694 [Test worker] DEBUG org.hibernate.loader.collection.plan.CollectionLoader - Static select for collection domain.Angajat.concedii: select concedii0_.id_angajat as id_angaj4_3_0_, concedii0_.id as id1_3_0_, concedii0_.id as id1_3_1_, concedii0_.id_angajat as id_angaj4_3_1_, concedii0_.data_inceput as data_inc2_3_1_, concedii0_.data_sfarsit as data_sfa3_3_1_ from concedii concedii0_ where concedii0_.id_angajat=?
21:23:01.694 [Test worker] DEBUG org.hibernate.loader.plan.build.internal.spaces.QuerySpacesImpl - Adding QuerySpace : uid = <gen:0> -> org.hibernate.loader.plan.build.internal.spaces.CollectionQuerySpaceImpl@ba765ed]
21:23:01.694 [Test worker] DEBUG org.hibernate.loader.plan.build.internal.spaces.QuerySpacesImpl - Adding QuerySpace : uid = <gen:1> -> org.hibernate.loader.plan.build.internal.spaces.EntityQuerySpaceImpl@12f8dd8b]
21:23:01.694 [Test worker] DEBUG org.hibernate.persister.walking.spi.MetamodelGraphWalker - Visiting attribute path : idDirector
21:23:01.694 [Test worker] DEBUG org.hibernate.loader.plan.build.internal.FetchStyleLoadPlanBuildingAssociationVisitationStrategy - Building LoadPlan...
21:23:01.694 [Test worker] DEBUG org.hibernate.loader.plan.exec.internal.LoadQueryJoinAndFetchProcessor - processing queryspace <gen:0>
21:23:01.694 [Test worker] DEBUG org.hibernate.loader.plan.build.spi.LoadPlanTreePrinter - LoadPlan(collection=domain.Angajat.departamente)
    - Returns
       - CollectionReturnImpl(collection=domain.Angajat.departamente, querySpaceUid=<gen:0>, path=[domain.Angajat.departamente])
          - (collection element) CollectionFetchableElementEntityGraph(entity=domain.Departament, querySpaceUid=<gen:1>, path=[domain.Angajat.departamente].<elements>)
    - QuerySpaces
       - CollectionQuerySpaceImpl(uid=<gen:0>, collection=domain.Angajat.departamente)
          - SQL table alias mapping - departamen0_
          - alias suffix - 0_
          - suffixed key columns - {id_angaj1_1_0_}
          - entity-element alias suffix - 1_
          - 1_entity-element suffixed key columns - id1_4_1_
          - JOIN (JoinDefinedByMetadata(elements)) : <gen:0> -> <gen:1>
             - EntityQuerySpaceImpl(uid=<gen:1>, entity=domain.Departament)
                - SQL table alias mapping - departamen1_
                - alias suffix - 1_
                - suffixed key columns - {id1_4_1_}

21:23:01.694 [Test worker] DEBUG org.hibernate.loader.collection.plan.CollectionLoader - Static select for collection domain.Angajat.departamente: select departamen0_.id_angajat as id_angaj1_1_0_, departamen0_.id_departament as id_depar2_1_0_, departamen1_.id as id1_4_1_, departamen1_.id_director as id_direc2_4_1_ from angajati_departamente departamen0_ inner join departamente departamen1_ on departamen0_.id_departament=departamen1_.id where departamen0_.id_angajat=?
21:23:01.694 [Test worker] INFO org.hibernate.orm.connections.access - HHH10001501: Connection obtained from JdbcConnectionAccess [org.hibernate.engine.jdbc.env.internal.JdbcEnvironmentInitiator$ConnectionProviderJdbcConnectionAccess@53571330] for (non-JTA) DDL execution was not in auto-commit mode; the Connection 'local transaction' will be committed and the Connection will be set into auto-commit mode.
21:23:01.694 [Test worker] DEBUG org.hibernate.mapping.Table - No alter strings for table : angajati
21:23:01.694 [Test worker] DEBUG org.hibernate.mapping.Table - No alter strings for table : angajati_departamente
21:23:01.694 [Test worker] DEBUG org.hibernate.mapping.Table - No alter strings for table : angajati_proiecte
21:23:01.694 [Test worker] DEBUG org.hibernate.mapping.Table - No alter strings for table : concedii
21:23:01.694 [Test worker] DEBUG org.hibernate.mapping.Table - No alter strings for table : departamente
21:23:01.694 [Test worker] DEBUG org.hibernate.mapping.Table - No alter strings for table : functii
21:23:01.694 [Test worker] DEBUG org.hibernate.mapping.Table - No alter strings for table : proiecte
21:23:01.694 [Test worker] DEBUG org.hibernate.query.spi.NamedQueryRepository - Checking 0 named HQL queries
21:23:01.694 [Test worker] DEBUG org.hibernate.query.spi.NamedQueryRepository - Checking 0 named SQL queries
21:23:01.694 [Test worker] DEBUG org.hibernate.internal.SessionFactoryRegistry - Registering SessionFactory: 8534dd65-5f6d-46fb-8a22-1f31023b86a9 (<unnamed>)
21:23:01.694 [Test worker] DEBUG org.hibernate.internal.SessionFactoryRegistry - Not binding SessionFactory to JNDI, no JNDI name configured
21:23:01.710 [Test worker] DEBUG org.hibernate.integrator.internal.IntegratorServiceImpl - Adding Integrator [org.hibernate.cfg.beanvalidation.BeanValidationIntegrator].
21:23:01.710 [Test worker] DEBUG org.hibernate.integrator.internal.IntegratorServiceImpl - Adding Integrator [org.hibernate.secure.spi.JaccIntegrator].
21:23:01.710 [Test worker] DEBUG org.hibernate.integrator.internal.IntegratorServiceImpl - Adding Integrator [org.hibernate.cache.internal.CollectionCacheInvalidator].
21:23:01.710 [Test worker] DEBUG org.hibernate.boot.jaxb.internal.stax.LocalXmlResourceResolver - Interpreting public/system identifier : [-//Hibernate/Hibernate Configuration DTD 3.0//EN] - [http://hibernate.org/dtd/hibernate-configuration-3.0.dtd]
21:23:01.741 [Test worker] DEBUG org.hibernate.boot.cfgxml.internal.JaxbCfgProcessor - cfg.xml document did not define namespaces; wrapping in custom event reader to introduce namespace information
21:23:01.741 [Test worker] DEBUG org.hibernate.service.spi.ServiceBinding - Overriding existing service binding [org.hibernate.secure.spi.JaccService]
21:23:01.741 [Test worker] DEBUG org.hibernate.cache.internal.RegionFactoryInitiator - Cannot default RegionFactory based on registered strategies as `[]` RegionFactory strategies were registered
21:23:01.741 [Test worker] DEBUG org.hibernate.cache.internal.RegionFactoryInitiator - Cache region factory : org.hibernate.cache.internal.NoCachingRegionFactory
21:23:01.741 [Test worker] DEBUG org.hibernate.type.BasicTypeRegistry - Adding type registration boolean -> org.hibernate.type.BooleanType@121b529f
21:23:01.741 [Test worker] DEBUG org.hibernate.type.BasicTypeRegistry - Adding type registration boolean -> org.hibernate.type.BooleanType@121b529f
21:23:01.741 [Test worker] DEBUG org.hibernate.type.BasicTypeRegistry - Adding type registration java.lang.Boolean -> org.hibernate.type.BooleanType@121b529f
21:23:01.741 [Test worker] DEBUG org.hibernate.type.BasicTypeRegistry - Adding type registration numeric_boolean -> org.hibernate.type.NumericBooleanType@7dc81433
21:23:01.741 [Test worker] DEBUG org.hibernate.type.BasicTypeRegistry - Adding type registration true_false -> org.hibernate.type.TrueFalseType@60c371da
21:23:01.741 [Test worker] DEBUG org.hibernate.type.BasicTypeRegistry - Adding type registration yes_no -> org.hibernate.type.YesNoType@51ef89fc
21:23:01.741 [Test worker] DEBUG org.hibernate.type.BasicTypeRegistry - Adding type registration byte -> org.hibernate.type.ByteType@1502feca
21:23:01.741 [Test worker] DEBUG org.hibernate.type.BasicTypeRegistry - Adding type registration byte -> org.hibernate.type.ByteType@1502feca
21:23:01.741 [Test worker] DEBUG org.hibernate.type.BasicTypeRegistry - Adding type registration java.lang.Byte -> org.hibernate.type.ByteType@1502feca
21:23:01.741 [Test worker] DEBUG org.hibernate.type.BasicTypeRegistry - Adding type registration character -> org.hibernate.type.CharacterType@5aca38b4
21:23:01.741 [Test worker] DEBUG org.hibernate.type.BasicTypeRegistry - Adding type registration char -> org.hibernate.type.CharacterType@5aca38b4
21:23:01.741 [Test worker] DEBUG org.hibernate.type.BasicTypeRegistry - Adding type registration java.lang.Character -> org.hibernate.type.CharacterType@5aca38b4
21:23:01.741 [Test worker] DEBUG org.hibernate.type.BasicTypeRegistry - Adding type registration short -> org.hibernate.type.ShortType@212db0b9
21:23:01.741 [Test worker] DEBUG org.hibernate.type.BasicTypeRegistry - Adding type registration short -> org.hibernate.type.ShortType@212db0b9
21:23:01.741 [Test worker] DEBUG org.hibernate.type.BasicTypeRegistry - Adding type registration java.lang.Short -> org.hibernate.type.ShortType@212db0b9
21:23:01.741 [Test worker] DEBUG org.hibernate.type.BasicTypeRegistry - Adding type registration integer -> org.hibernate.type.IntegerType@14f541d2
21:23:01.741 [Test worker] DEBUG org.hibernate.type.BasicTypeRegistry - Adding type registration int -> org.hibernate.type.IntegerType@14f541d2
21:23:01.741 [Test worker] DEBUG org.hibernate.type.BasicTypeRegistry - Adding type registration java.lang.Integer -> org.hibernate.type.IntegerType@14f541d2
21:23:01.741 [Test worker] DEBUG org.hibernate.type.BasicTypeRegistry - Adding type registration long -> org.hibernate.type.LongType@357c5fef
21:23:01.741 [Test worker] DEBUG org.hibernate.type.BasicTypeRegistry - Adding type registration long -> org.hibernate.type.LongType@357c5fef
21:23:01.741 [Test worker] DEBUG org.hibernate.type.BasicTypeRegistry - Adding type registration java.lang.Long -> org.hibernate.type.LongType@357c5fef
21:23:01.741 [Test worker] DEBUG org.hibernate.type.BasicTypeRegistry - Adding type registration float -> org.hibernate.type.FloatType@68835e55
21:23:01.741 [Test worker] DEBUG org.hibernate.type.BasicTypeRegistry - Adding type registration float -> org.hibernate.type.FloatType@68835e55
21:23:01.741 [Test worker] DEBUG org.hibernate.type.BasicTypeRegistry - Adding type registration java.lang.Float -> org.hibernate.type.FloatType@68835e55
21:23:01.741 [Test worker] DEBUG org.hibernate.type.BasicTypeRegistry - Adding type registration double -> org.hibernate.type.DoubleType@1db8c4bf
21:23:01.741 [Test worker] DEBUG org.hibernate.type.BasicTypeRegistry - Adding type registration double -> org.hibernate.type.DoubleType@1db8c4bf
21:23:01.741 [Test worker] DEBUG org.hibernate.type.BasicTypeRegistry - Adding type registration java.lang.Double -> org.hibernate.type.DoubleType@1db8c4bf
21:23:01.741 [Test worker] DEBUG org.hibernate.type.BasicTypeRegistry - Adding type registration big_decimal -> org.hibernate.type.BigDecimalType@2bd9f5a7
21:23:01.741 [Test worker] DEBUG org.hibernate.type.BasicTypeRegistry - Adding type registration java.math.BigDecimal -> org.hibernate.type.BigDecimalType@2bd9f5a7
21:23:01.741 [Test worker] DEBUG org.hibernate.type.BasicTypeRegistry - Adding type registration big_integer -> org.hibernate.type.BigIntegerType@67766712
21:23:01.741 [Test worker] DEBUG org.hibernate.type.BasicTypeRegistry - Adding type registration java.math.BigInteger -> org.hibernate.type.BigIntegerType@67766712
21:23:01.741 [Test worker] DEBUG org.hibernate.type.BasicTypeRegistry - Adding type registration string -> org.hibernate.type.StringType@5abe721f
21:23:01.741 [Test worker] DEBUG org.hibernate.type.BasicTypeRegistry - Adding type registration java.lang.String -> org.hibernate.type.StringType@5abe721f
21:23:01.741 [Test worker] DEBUG org.hibernate.type.BasicTypeRegistry - Adding type registration nstring -> org.hibernate.type.StringNVarcharType@5ca83c4b
21:23:01.741 [Test worker] DEBUG org.hibernate.type.BasicTypeRegistry - Adding type registration ncharacter -> org.hibernate.type.CharacterNCharType@181579aa
21:23:01.741 [Test worker] DEBUG org.hibernate.type.BasicTypeRegistry - Adding type registration url -> org.hibernate.type.UrlType@2d95e7ff
21:23:01.741 [Test worker] DEBUG org.hibernate.type.BasicTypeRegistry - Adding type registration java.net.URL -> org.hibernate.type.UrlType@2d95e7ff
21:23:01.741 [Test worker] DEBUG org.hibernate.type.BasicTypeRegistry - Adding type registration Duration -> org.hibernate.type.DurationType@1f6d6ec5
21:23:01.741 [Test worker] DEBUG org.hibernate.type.BasicTypeRegistry - Adding type registration java.time.Duration -> org.hibernate.type.DurationType@1f6d6ec5
21:23:01.741 [Test worker] DEBUG org.hibernate.type.BasicTypeRegistry - Adding type registration Instant -> org.hibernate.type.InstantType@799b3880
21:23:01.741 [Test worker] DEBUG org.hibernate.type.BasicTypeRegistry - Adding type registration java.time.Instant -> org.hibernate.type.InstantType@799b3880
21:23:01.741 [Test worker] DEBUG org.hibernate.type.BasicTypeRegistry - Adding type registration LocalDateTime -> org.hibernate.type.LocalDateTimeType@3c9b7dcd
21:23:01.741 [Test worker] DEBUG org.hibernate.type.BasicTypeRegistry - Adding type registration java.time.LocalDateTime -> org.hibernate.type.LocalDateTimeType@3c9b7dcd
21:23:01.741 [Test worker] DEBUG org.hibernate.type.BasicTypeRegistry - Adding type registration LocalDate -> org.hibernate.type.LocalDateType@73b9d317
21:23:01.741 [Test worker] DEBUG org.hibernate.type.BasicTypeRegistry - Adding type registration java.time.LocalDate -> org.hibernate.type.LocalDateType@73b9d317
21:23:01.741 [Test worker] DEBUG org.hibernate.type.BasicTypeRegistry - Adding type registration LocalTime -> org.hibernate.type.LocalTimeType@3e938176
21:23:01.741 [Test worker] DEBUG org.hibernate.type.BasicTypeRegistry - Adding type registration java.time.LocalTime -> org.hibernate.type.LocalTimeType@3e938176
21:23:01.741 [Test worker] DEBUG org.hibernate.type.BasicTypeRegistry - Adding type registration OffsetDateTime -> org.hibernate.type.OffsetDateTimeType@1006f6a5
21:23:01.741 [Test worker] DEBUG org.hibernate.type.BasicTypeRegistry - Adding type registration java.time.OffsetDateTime -> org.hibernate.type.OffsetDateTimeType@1006f6a5
21:23:01.741 [Test worker] DEBUG org.hibernate.type.BasicTypeRegistry - Adding type registration OffsetTime -> org.hibernate.type.OffsetTimeType@5ebf30b8
21:23:01.741 [Test worker] DEBUG org.hibernate.type.BasicTypeRegistry - Adding type registration java.time.OffsetTime -> org.hibernate.type.OffsetTimeType@5ebf30b8
21:23:01.741 [Test worker] DEBUG org.hibernate.type.BasicTypeRegistry - Adding type registration ZonedDateTime -> org.hibernate.type.ZonedDateTimeType@5ecdce3a
21:23:01.741 [Test worker] DEBUG org.hibernate.type.BasicTypeRegistry - Adding type registration java.time.ZonedDateTime -> org.hibernate.type.ZonedDateTimeType@5ecdce3a
21:23:01.741 [Test worker] DEBUG org.hibernate.type.BasicTypeRegistry - Adding type registration date -> org.hibernate.type.DateType@34878a9c
21:23:01.741 [Test worker] DEBUG org.hibernate.type.BasicTypeRegistry - Adding type registration java.sql.Date -> org.hibernate.type.DateType@34878a9c
21:23:01.741 [Test worker] DEBUG org.hibernate.type.BasicTypeRegistry - Adding type registration time -> org.hibernate.type.TimeType@4be75fc9
21:23:01.741 [Test worker] DEBUG org.hibernate.type.BasicTypeRegistry - Adding type registration java.sql.Time -> org.hibernate.type.TimeType@4be75fc9
21:23:01.741 [Test worker] DEBUG org.hibernate.type.BasicTypeRegistry - Adding type registration timestamp -> org.hibernate.type.TimestampType@cd6dcfb
21:23:01.741 [Test worker] DEBUG org.hibernate.type.BasicTypeRegistry - Adding type registration java.sql.Timestamp -> org.hibernate.type.TimestampType@cd6dcfb
21:23:01.741 [Test worker] DEBUG org.hibernate.type.BasicTypeRegistry - Adding type registration java.util.Date -> org.hibernate.type.TimestampType@cd6dcfb
21:23:01.741 [Test worker] DEBUG org.hibernate.type.BasicTypeRegistry - Adding type registration dbtimestamp -> org.hibernate.type.DbTimestampType@6f70db50
21:23:01.741 [Test worker] DEBUG org.hibernate.type.BasicTypeRegistry - Adding type registration calendar -> org.hibernate.type.CalendarType@232580e4
21:23:01.741 [Test worker] DEBUG org.hibernate.type.BasicTypeRegistry - Adding type registration java.util.Calendar -> org.hibernate.type.CalendarType@232580e4
21:23:01.741 [Test worker] DEBUG org.hibernate.type.BasicTypeRegistry - Adding type registration java.util.GregorianCalendar -> org.hibernate.type.CalendarType@232580e4
21:23:01.741 [Test worker] DEBUG org.hibernate.type.BasicTypeRegistry - Adding type registration calendar_date -> org.hibernate.type.CalendarDateType@2d226c99
21:23:01.741 [Test worker] DEBUG org.hibernate.type.BasicTypeRegistry - Adding type registration calendar_time -> org.hibernate.type.CalendarTimeType@5f0ca092
21:23:01.741 [Test worker] DEBUG org.hibernate.type.BasicTypeRegistry - Adding type registration locale -> org.hibernate.type.LocaleType@2e7d6fc7
21:23:01.741 [Test worker] DEBUG org.hibernate.type.BasicTypeRegistry - Adding type registration java.util.Locale -> org.hibernate.type.LocaleType@2e7d6fc7
21:23:01.741 [Test worker] DEBUG org.hibernate.type.BasicTypeRegistry - Adding type registration currency -> org.hibernate.type.CurrencyType@298b5abb
21:23:01.741 [Test worker] DEBUG org.hibernate.type.BasicTypeRegistry - Adding type registration java.util.Currency -> org.hibernate.type.CurrencyType@298b5abb
21:23:01.741 [Test worker] DEBUG org.hibernate.type.BasicTypeRegistry - Adding type registration timezone -> org.hibernate.type.TimeZoneType@6a7223ce
21:23:01.741 [Test worker] DEBUG org.hibernate.type.BasicTypeRegistry - Adding type registration java.util.TimeZone -> org.hibernate.type.TimeZoneType@6a7223ce
21:23:01.741 [Test worker] DEBUG org.hibernate.type.BasicTypeRegistry - Adding type registration class -> org.hibernate.type.ClassType@17c86e61
21:23:01.741 [Test worker] DEBUG org.hibernate.type.BasicTypeRegistry - Adding type registration java.lang.Class -> org.hibernate.type.ClassType@17c86e61
21:23:01.741 [Test worker] DEBUG org.hibernate.type.BasicTypeRegistry - Adding type registration uuid-binary -> org.hibernate.type.UUIDBinaryType@165a29f7
21:23:01.741 [Test worker] DEBUG org.hibernate.type.BasicTypeRegistry - Adding type registration java.util.UUID -> org.hibernate.type.UUIDBinaryType@165a29f7
21:23:01.741 [Test worker] DEBUG org.hibernate.type.BasicTypeRegistry - Adding type registration uuid-char -> org.hibernate.type.UUIDCharType@57061eb5
21:23:01.741 [Test worker] DEBUG org.hibernate.type.BasicTypeRegistry - Adding type registration binary -> org.hibernate.type.BinaryType@377a3a57
21:23:01.741 [Test worker] DEBUG org.hibernate.type.BasicTypeRegistry - Adding type registration byte[] -> org.hibernate.type.BinaryType@377a3a57
21:23:01.741 [Test worker] DEBUG org.hibernate.type.BasicTypeRegistry - Adding type registration [B -> org.hibernate.type.BinaryType@377a3a57
21:23:01.741 [Test worker] DEBUG org.hibernate.type.BasicTypeRegistry - Adding type registration wrapper-binary -> org.hibernate.type.WrapperBinaryType@15236686
21:23:01.741 [Test worker] DEBUG org.hibernate.type.BasicTypeRegistry - Adding type registration Byte[] -> org.hibernate.type.WrapperBinaryType@15236686
21:23:01.741 [Test worker] DEBUG org.hibernate.type.BasicTypeRegistry - Adding type registration [Ljava.lang.Byte; -> org.hibernate.type.WrapperBinaryType@15236686
21:23:01.741 [Test worker] DEBUG org.hibernate.type.BasicTypeRegistry - Adding type registration row_version -> org.hibernate.type.RowVersionType@480544d3
21:23:01.741 [Test worker] DEBUG org.hibernate.type.BasicTypeRegistry - Adding type registration image -> org.hibernate.type.ImageType@a74733d
21:23:01.741 [Test worker] DEBUG org.hibernate.type.BasicTypeRegistry - Adding type registration characters -> org.hibernate.type.CharArrayType@10b707f8
21:23:01.741 [Test worker] DEBUG org.hibernate.type.BasicTypeRegistry - Adding type registration char[] -> org.hibernate.type.CharArrayType@10b707f8
21:23:01.741 [Test worker] DEBUG org.hibernate.type.BasicTypeRegistry - Adding type registration [C -> org.hibernate.type.CharArrayType@10b707f8
21:23:01.741 [Test worker] DEBUG org.hibernate.type.BasicTypeRegistry - Adding type registration wrapper-characters -> org.hibernate.type.CharacterArrayType@7586a107
21:23:01.741 [Test worker] DEBUG org.hibernate.type.BasicTypeRegistry - Adding type registration [Ljava.lang.Character; -> org.hibernate.type.CharacterArrayType@7586a107
21:23:01.741 [Test worker] DEBUG org.hibernate.type.BasicTypeRegistry - Adding type registration Character[] -> org.hibernate.type.CharacterArrayType@7586a107
21:23:01.741 [Test worker] DEBUG org.hibernate.type.BasicTypeRegistry - Adding type registration text -> org.hibernate.type.TextType@28e7117
21:23:01.741 [Test worker] DEBUG org.hibernate.type.BasicTypeRegistry - Adding type registration ntext -> org.hibernate.type.NTextType@4fe7c4b8
21:23:01.741 [Test worker] DEBUG org.hibernate.type.BasicTypeRegistry - Adding type registration blob -> org.hibernate.type.BlobType@69ff7971
21:23:01.741 [Test worker] DEBUG org.hibernate.type.BasicTypeRegistry - Adding type registration java.sql.Blob -> org.hibernate.type.BlobType@69ff7971
21:23:01.741 [Test worker] DEBUG org.hibernate.type.BasicTypeRegistry - Adding type registration materialized_blob -> org.hibernate.type.MaterializedBlobType@29a6bbfa
21:23:01.741 [Test worker] DEBUG org.hibernate.type.BasicTypeRegistry - Adding type registration clob -> org.hibernate.type.ClobType@6243fc09
21:23:01.741 [Test worker] DEBUG org.hibernate.type.BasicTypeRegistry - Adding type registration java.sql.Clob -> org.hibernate.type.ClobType@6243fc09
21:23:01.741 [Test worker] DEBUG org.hibernate.type.BasicTypeRegistry - Adding type registration nclob -> org.hibernate.type.NClobType@7a0e9fb4
21:23:01.741 [Test worker] DEBUG org.hibernate.type.BasicTypeRegistry - Adding type registration java.sql.NClob -> org.hibernate.type.NClobType@7a0e9fb4
21:23:01.741 [Test worker] DEBUG org.hibernate.type.BasicTypeRegistry - Adding type registration materialized_clob -> org.hibernate.type.MaterializedClobType@5568af29
21:23:01.741 [Test worker] DEBUG org.hibernate.type.BasicTypeRegistry - Adding type registration materialized_nclob -> org.hibernate.type.MaterializedNClobType@43589365
21:23:01.741 [Test worker] DEBUG org.hibernate.type.BasicTypeRegistry - Adding type registration serializable -> org.hibernate.type.SerializableType@49b714f8
21:23:01.741 [Test worker] DEBUG org.hibernate.type.BasicTypeRegistry - Adding type registration object -> org.hibernate.type.ObjectType@4b6f241f
21:23:01.741 [Test worker] DEBUG org.hibernate.type.BasicTypeRegistry - Adding type registration java.lang.Object -> org.hibernate.type.ObjectType@4b6f241f
21:23:01.741 [Test worker] DEBUG org.hibernate.type.BasicTypeRegistry - Adding type registration imm_date -> org.hibernate.type.AdaptedImmutableType@42d02fab
21:23:01.741 [Test worker] DEBUG org.hibernate.type.BasicTypeRegistry - Adding type registration imm_time -> org.hibernate.type.AdaptedImmutableType@1f330d60
21:23:01.741 [Test worker] DEBUG org.hibernate.type.BasicTypeRegistry - Adding type registration imm_timestamp -> org.hibernate.type.AdaptedImmutableType@745136c
21:23:01.741 [Test worker] DEBUG org.hibernate.type.BasicTypeRegistry - Adding type registration imm_dbtimestamp -> org.hibernate.type.AdaptedImmutableType@6aec7e17
21:23:01.741 [Test worker] DEBUG org.hibernate.type.BasicTypeRegistry - Adding type registration imm_calendar -> org.hibernate.type.AdaptedImmutableType@2982a996
21:23:01.741 [Test worker] DEBUG org.hibernate.type.BasicTypeRegistry - Adding type registration imm_calendar_date -> org.hibernate.type.AdaptedImmutableType@2e5de9cb
21:23:01.741 [Test worker] DEBUG org.hibernate.type.BasicTypeRegistry - Adding type registration imm_binary -> org.hibernate.type.AdaptedImmutableType@12c411f
21:23:01.741 [Test worker] DEBUG org.hibernate.type.BasicTypeRegistry - Adding type registration imm_serializable -> org.hibernate.type.AdaptedImmutableType@8398beb
21:23:01.741 [Test worker] DEBUG org.hibernate.id.factory.internal.DefaultIdentifierGeneratorFactory - Registering IdentifierGenerator strategy [uuid2] -> [org.hibernate.id.UUIDGenerator]
21:23:01.741 [Test worker] DEBUG org.hibernate.id.factory.internal.DefaultIdentifierGeneratorFactory - Registering IdentifierGenerator strategy [guid] -> [org.hibernate.id.GUIDGenerator]
21:23:01.741 [Test worker] DEBUG org.hibernate.id.factory.internal.DefaultIdentifierGeneratorFactory - Registering IdentifierGenerator strategy [uuid] -> [org.hibernate.id.UUIDHexGenerator]
21:23:01.741 [Test worker] DEBUG org.hibernate.id.factory.internal.DefaultIdentifierGeneratorFactory - Registering IdentifierGenerator strategy [uuid.hex] -> [org.hibernate.id.UUIDHexGenerator]
21:23:01.741 [Test worker] DEBUG org.hibernate.id.factory.internal.DefaultIdentifierGeneratorFactory - Registering IdentifierGenerator strategy [assigned] -> [org.hibernate.id.Assigned]
21:23:01.741 [Test worker] DEBUG org.hibernate.id.factory.internal.DefaultIdentifierGeneratorFactory - Registering IdentifierGenerator strategy [identity] -> [org.hibernate.id.IdentityGenerator]
21:23:01.741 [Test worker] DEBUG org.hibernate.id.factory.internal.DefaultIdentifierGeneratorFactory - Registering IdentifierGenerator strategy [select] -> [org.hibernate.id.SelectGenerator]
21:23:01.741 [Test worker] DEBUG org.hibernate.id.factory.internal.DefaultIdentifierGeneratorFactory - Registering IdentifierGenerator strategy [sequence] -> [org.hibernate.id.enhanced.SequenceStyleGenerator]
21:23:01.741 [Test worker] DEBUG org.hibernate.id.factory.internal.DefaultIdentifierGeneratorFactory - Registering IdentifierGenerator strategy [seqhilo] -> [org.hibernate.id.SequenceHiLoGenerator]
21:23:01.741 [Test worker] DEBUG org.hibernate.id.factory.internal.DefaultIdentifierGeneratorFactory - Registering IdentifierGenerator strategy [increment] -> [org.hibernate.id.IncrementGenerator]
21:23:01.741 [Test worker] DEBUG org.hibernate.id.factory.internal.DefaultIdentifierGeneratorFactory - Registering IdentifierGenerator strategy [foreign] -> [org.hibernate.id.ForeignGenerator]
21:23:01.741 [Test worker] DEBUG org.hibernate.id.factory.internal.DefaultIdentifierGeneratorFactory - Registering IdentifierGenerator strategy [sequence-identity] -> [org.hibernate.id.SequenceIdentityGenerator]
21:23:01.741 [Test worker] DEBUG org.hibernate.id.factory.internal.DefaultIdentifierGeneratorFactory - Registering IdentifierGenerator strategy [enhanced-sequence] -> [org.hibernate.id.enhanced.SequenceStyleGenerator]
21:23:01.741 [Test worker] DEBUG org.hibernate.id.factory.internal.DefaultIdentifierGeneratorFactory - Registering IdentifierGenerator strategy [enhanced-table] -> [org.hibernate.id.enhanced.TableGenerator]
21:23:01.741 [Test worker] WARN org.hibernate.orm.connections.pooling - HHH10001002: Using Hibernate built-in connection pool (not for production use!)
21:23:01.741 [Test worker] INFO org.hibernate.orm.connections.pooling - HHH10001005: using driver [org.sqlite.JDBC] at URL [jdbc:sqlite:D:\Facultate\Projects\OrganizareCompanie\database]
21:23:01.741 [Test worker] INFO org.hibernate.orm.connections.pooling - HHH10001001: Connection properties: {password=root, user=root}
21:23:01.741 [Test worker] INFO org.hibernate.orm.connections.pooling - HHH10001003: Autocommit mode: false
21:23:01.741 [Test worker] DEBUG org.hibernate.engine.jdbc.connections.internal.DriverManagerConnectionProviderImpl - Initializing Connection pool with 1 Connections
21:23:01.741 [Test worker] INFO org.hibernate.engine.jdbc.connections.internal.DriverManagerConnectionProviderImpl - HHH000115: Hibernate connection pool size: 1 (min=1)
21:23:01.757 [Test worker] DEBUG org.hibernate.engine.jdbc.env.internal.JdbcEnvironmentInitiator - Database ->
       name : SQLite
    version : 3.34.0
      major : 3
      minor : 34
21:23:01.757 [Test worker] DEBUG org.hibernate.engine.jdbc.env.internal.JdbcEnvironmentInitiator - Driver ->
       name : SQLite JDBC
    version : 3.34.0
      major : 3
      minor : 34
21:23:01.757 [Test worker] DEBUG org.hibernate.engine.jdbc.env.internal.JdbcEnvironmentInitiator - JDBC version : 2.1
21:23:01.757 [Test worker] INFO org.hibernate.dialect.Dialect - HHH000400: Using dialect: utils.SQLiteDialect
21:23:01.757 [Test worker] DEBUG org.hibernate.engine.jdbc.env.spi.IdentifierHelperBuilder - JDBC driver metadata reported database stores quoted identifiers in neither upper, lower nor mixed case
21:23:01.757 [Test worker] DEBUG org.hibernate.engine.jdbc.env.spi.IdentifierHelperBuilder - IdentifierCaseStrategy for both quoted and unquoted identifiers was set to the same strategy [MIXED]; that will likely lead to problems in schema update and validation if using quoted identifiers
21:23:01.757 [Test worker] DEBUG org.hibernate.engine.jdbc.env.internal.LobCreatorBuilderImpl - HHH000423: Disabling contextual LOB creation as JDBC driver reported JDBC version [2] less than 4
21:23:01.757 [Test worker] DEBUG org.hibernate.boot.model.relational.Namespace - Created database namespace [logicalName=Name{catalog=null, schema=null}, physicalName=Name{catalog=null, schema=null}]
21:23:01.757 [Test worker] DEBUG org.hibernate.type.descriptor.java.JavaTypeDescriptorRegistry - JavaTypeDescriptorRegistry entry replaced : class java.time.Duration -> org.hibernate.type.descriptor.java.DurationJavaDescriptor@484b819 (was org.hibernate.type.descriptor.java.DurationJavaDescriptor@484b819)
21:23:01.757 [Test worker] DEBUG org.hibernate.type.descriptor.java.JavaTypeDescriptorRegistry - JavaTypeDescriptorRegistry entry replaced : class java.time.Instant -> org.hibernate.type.descriptor.java.InstantJavaDescriptor@7a6a60d2 (was org.hibernate.type.descriptor.java.InstantJavaDescriptor@7a6a60d2)
21:23:01.757 [Test worker] DEBUG org.hibernate.type.descriptor.java.JavaTypeDescriptorRegistry - JavaTypeDescriptorRegistry entry replaced : class java.time.LocalDate -> org.hibernate.type.descriptor.java.LocalDateJavaDescriptor@7ac3817d (was org.hibernate.type.descriptor.java.LocalDateJavaDescriptor@7ac3817d)
21:23:01.757 [Test worker] DEBUG org.hibernate.type.descriptor.java.JavaTypeDescriptorRegistry - JavaTypeDescriptorRegistry entry replaced : class java.time.LocalDateTime -> org.hibernate.type.descriptor.java.LocalDateTimeJavaDescriptor@616d0e6e (was org.hibernate.type.descriptor.java.LocalDateTimeJavaDescriptor@616d0e6e)
21:23:01.757 [Test worker] DEBUG org.hibernate.type.descriptor.java.JavaTypeDescriptorRegistry - JavaTypeDescriptorRegistry entry replaced : class java.time.OffsetDateTime -> org.hibernate.type.descriptor.java.OffsetDateTimeJavaDescriptor@4008262a (was org.hibernate.type.descriptor.java.OffsetDateTimeJavaDescriptor@4008262a)
21:23:01.757 [Test worker] DEBUG org.hibernate.type.descriptor.java.JavaTypeDescriptorRegistry - JavaTypeDescriptorRegistry entry replaced : class java.time.OffsetTime -> org.hibernate.type.descriptor.java.OffsetTimeJavaDescriptor@69cda209 (was org.hibernate.type.descriptor.java.OffsetTimeJavaDescriptor@69cda209)
21:23:01.757 [Test worker] DEBUG org.hibernate.type.descriptor.java.JavaTypeDescriptorRegistry - JavaTypeDescriptorRegistry entry replaced : class java.time.ZonedDateTime -> org.hibernate.type.descriptor.java.ZonedDateTimeJavaDescriptor@f630e24 (was org.hibernate.type.descriptor.java.ZonedDateTimeJavaDescriptor@f630e24)
21:23:01.757 [Test worker] DEBUG org.hibernate.type.BasicTypeRegistry - Adding type registration Duration -> org.hibernate.type.DurationType@1f6d6ec5
21:23:01.757 [Test worker] DEBUG org.hibernate.type.BasicTypeRegistry - Adding type registration java.time.Duration -> org.hibernate.type.DurationType@1f6d6ec5
21:23:01.757 [Test worker] DEBUG org.hibernate.type.BasicTypeRegistry - Adding type registration Instant -> org.hibernate.type.InstantType@799b3880
21:23:01.757 [Test worker] DEBUG org.hibernate.type.BasicTypeRegistry - Adding type registration java.time.Instant -> org.hibernate.type.InstantType@799b3880
21:23:01.757 [Test worker] DEBUG org.hibernate.type.BasicTypeRegistry - Adding type registration LocalDateTime -> org.hibernate.type.LocalDateTimeType@3c9b7dcd
21:23:01.757 [Test worker] DEBUG org.hibernate.type.BasicTypeRegistry - Adding type registration java.time.LocalDateTime -> org.hibernate.type.LocalDateTimeType@3c9b7dcd
21:23:01.757 [Test worker] DEBUG org.hibernate.type.BasicTypeRegistry - Adding type registration LocalDate -> org.hibernate.type.LocalDateType@73b9d317
21:23:01.757 [Test worker] DEBUG org.hibernate.type.BasicTypeRegistry - Adding type registration java.time.LocalDate -> org.hibernate.type.LocalDateType@73b9d317
21:23:01.757 [Test worker] DEBUG org.hibernate.type.BasicTypeRegistry - Adding type registration LocalTime -> org.hibernate.type.LocalTimeType@3e938176
21:23:01.757 [Test worker] DEBUG org.hibernate.type.BasicTypeRegistry - Adding type registration java.time.LocalTime -> org.hibernate.type.LocalTimeType@3e938176
21:23:01.757 [Test worker] DEBUG org.hibernate.type.BasicTypeRegistry - Adding type registration OffsetDateTime -> org.hibernate.type.OffsetDateTimeType@1006f6a5
21:23:01.757 [Test worker] DEBUG org.hibernate.type.BasicTypeRegistry - Adding type registration java.time.OffsetDateTime -> org.hibernate.type.OffsetDateTimeType@1006f6a5
21:23:01.757 [Test worker] DEBUG org.hibernate.type.BasicTypeRegistry - Adding type registration OffsetTime -> org.hibernate.type.OffsetTimeType@5ebf30b8
21:23:01.757 [Test worker] DEBUG org.hibernate.type.BasicTypeRegistry - Adding type registration java.time.OffsetTime -> org.hibernate.type.OffsetTimeType@5ebf30b8
21:23:01.757 [Test worker] DEBUG org.hibernate.type.BasicTypeRegistry - Adding type registration ZonedDateTime -> org.hibernate.type.ZonedDateTimeType@5ecdce3a
21:23:01.757 [Test worker] DEBUG org.hibernate.type.BasicTypeRegistry - Adding type registration java.time.ZonedDateTime -> org.hibernate.type.ZonedDateTimeType@5ecdce3a
21:23:01.757 [Test worker] DEBUG org.hibernate.type.spi.TypeConfiguration$Scope - Scoping TypeConfiguration [org.hibernate.type.spi.TypeConfiguration@1f044dbe] to MetadataBuildingContext [org.hibernate.boot.internal.MetadataBuildingContextRootImpl@7850be7a]
21:23:01.757 [Test worker] DEBUG org.hibernate.cfg.AnnotationBinder - Binding entity from annotated class: domain.Angajat
21:23:01.757 [Test worker] DEBUG org.hibernate.cfg.Ejb3Column - Binding column: Ejb3DiscriminatorColumn{logicalColumnName'DTYPE', discriminatorTypeName='string'}
21:23:01.757 [Test worker] DEBUG org.hibernate.cfg.annotations.EntityBinder - Import with entity name Angajat
21:23:01.757 [Test worker] DEBUG org.hibernate.cfg.annotations.EntityBinder - Bind entity domain.Angajat on table angajati
21:23:01.757 [Test worker] DEBUG org.hibernate.cfg.Ejb3Column - Binding column: Ejb3Column{table=org.hibernate.mapping.Table(angajati), mappingColumn=id, insertable=true, updatable=true, unique=false}
21:23:01.757 [Test worker] DEBUG org.hibernate.boot.internal.ClassLoaderAccessImpl - Not known whether passed class name [domain.Angajat] is safe
21:23:01.757 [Test worker] DEBUG org.hibernate.boot.internal.ClassLoaderAccessImpl - No temp ClassLoader provided; using live ClassLoader for loading potentially unsafe class : domain.Angajat
21:23:01.757 [Test worker] DEBUG org.hibernate.cfg.annotations.PropertyBinder - MetadataSourceProcessor property id with lazy=false
21:23:01.757 [Test worker] DEBUG org.hibernate.cfg.AbstractPropertyHolder - Attempting to locate auto-apply AttributeConverter for property [domain.Angajat:id]
21:23:01.757 [Test worker] DEBUG org.hibernate.cfg.annotations.SimpleValueBinder - building SimpleValue for id
21:23:01.757 [Test worker] DEBUG org.hibernate.cfg.annotations.PropertyBinder - Building property id
21:23:01.757 [Test worker] DEBUG org.hibernate.cfg.BinderHelper - #makeIdGenerator(org.hibernate.mapping.SimpleValue([org.hibernate.mapping.Column(id)]), id, identity, , ...)
21:23:01.757 [Test worker] DEBUG org.hibernate.cfg.Ejb3Column - Binding column: Ejb3JoinColumn{logicalColumnName='null', referencedColumn='null', mappedBy='angajat'}
21:23:01.757 [Test worker] DEBUG org.hibernate.cfg.Ejb3Column - Binding column: Ejb3Column{table=org.hibernate.mapping.Table(angajati), mappingColumn=concedii, insertable=true, updatable=true, unique=false}
21:23:01.757 [Test worker] DEBUG org.hibernate.cfg.Ejb3Column - Binding column: Ejb3Column{table=org.hibernate.mapping.Table(angajati), mappingColumn=null, insertable=true, updatable=true, unique=false}
21:23:01.757 [Test worker] DEBUG org.hibernate.cfg.Ejb3Column - Binding column: Ejb3Column{table=org.hibernate.mapping.Table(angajati), mappingColumn=element, insertable=true, updatable=true, unique=false}
21:23:01.757 [Test worker] DEBUG org.hibernate.cfg.Ejb3Column - Binding column: Ejb3Column{table=org.hibernate.mapping.Table(angajati), mappingColumn=concedii_KEY, insertable=true, updatable=true, unique=false}
21:23:01.757 [Test worker] DEBUG org.hibernate.cfg.Ejb3Column - Binding column: Ejb3JoinColumn{logicalColumnName='concedii_KEY', referencedColumn='null', mappedBy='null'}
21:23:01.757 [Test worker] DEBUG org.hibernate.cfg.Ejb3Column - Binding column: Ejb3JoinColumn{logicalColumnName='null', referencedColumn='null', mappedBy='angajat'}
21:23:01.757 [Test worker] DEBUG org.hibernate.cfg.Ejb3Column - Binding column: Ejb3JoinColumn{logicalColumnName='null', referencedColumn='null', mappedBy='angajat'}
21:23:01.757 [Test worker] DEBUG org.hibernate.cfg.annotations.CollectionBinder - Collection role: domain.Angajat.concedii
21:23:01.757 [Test worker] DEBUG org.hibernate.cfg.annotations.PropertyBinder - Building property concedii
21:23:01.757 [Test worker] DEBUG org.hibernate.cfg.Ejb3Column - Binding column: Ejb3Column{table=org.hibernate.mapping.Table(angajati), mappingColumn=data_angajare, insertable=true, updatable=true, unique=false}
21:23:01.757 [Test worker] DEBUG org.hibernate.cfg.annotations.PropertyBinder - MetadataSourceProcessor property dataAngajare with lazy=false
21:23:01.757 [Test worker] DEBUG org.hibernate.cfg.AbstractPropertyHolder - Attempting to locate auto-apply AttributeConverter for property [domain.Angajat:dataAngajare]
21:23:01.757 [Test worker] DEBUG org.hibernate.cfg.annotations.SimpleValueBinder - building SimpleValue for dataAngajare
21:23:01.757 [Test worker] DEBUG org.hibernate.cfg.annotations.PropertyBinder - Building property dataAngajare
21:23:01.757 [Test worker] DEBUG org.hibernate.cfg.Ejb3Column - Binding column: Ejb3Column{table=org.hibernate.mapping.Table(angajati), mappingColumn=null, insertable=true, updatable=true, unique=false}
21:23:01.757 [Test worker] DEBUG org.hibernate.cfg.Ejb3Column - Binding column: Ejb3Column{table=org.hibernate.mapping.Table(angajati), mappingColumn=element, insertable=true, updatable=true, unique=false}
21:23:01.757 [Test worker] DEBUG org.hibernate.cfg.Ejb3Column - Binding column: Ejb3Column{table=org.hibernate.mapping.Table(angajati), mappingColumn=departamente_KEY, insertable=true, updatable=true, unique=false}
21:23:01.757 [Test worker] DEBUG org.hibernate.cfg.Ejb3Column - Binding column: Ejb3JoinColumn{logicalColumnName='departamente_KEY', referencedColumn='null', mappedBy='null'}
21:23:01.757 [Test worker] DEBUG org.hibernate.cfg.Ejb3Column - Binding column: Ejb3JoinColumn{logicalColumnName='id_angajat', referencedColumn='', mappedBy=''}
21:23:01.757 [Test worker] DEBUG org.hibernate.cfg.Ejb3Column - Binding column: Ejb3JoinColumn{logicalColumnName='id_departament', referencedColumn='', mappedBy=''}
21:23:01.757 [Test worker] DEBUG org.hibernate.cfg.annotations.CollectionBinder - Collection role: domain.Angajat.departamente
21:23:01.757 [Test worker] DEBUG org.hibernate.cfg.annotations.PropertyBinder - Building property departamente
21:23:01.757 [Test worker] DEBUG org.hibernate.cfg.Ejb3Column - Binding column: Ejb3JoinColumn{logicalColumnName='null', referencedColumn='null', mappedBy='null'}
21:23:01.757 [Test worker] DEBUG org.hibernate.cfg.Ejb3Column - Binding column: Ejb3Column{table=org.hibernate.mapping.Table(angajati), mappingColumn=functie, insertable=true, updatable=true, unique=false}
21:23:01.757 [Test worker] DEBUG org.hibernate.cfg.annotations.PropertyBinder - Building property functie
21:23:01.757 [Test worker] DEBUG org.hibernate.cfg.Ejb3Column - Binding column: Ejb3Column{table=org.hibernate.mapping.Table(angajati), mappingColumn=id_superior, insertable=true, updatable=true, unique=false}
21:23:01.757 [Test worker] DEBUG org.hibernate.cfg.annotations.PropertyBinder - MetadataSourceProcessor property idSuperior with lazy=false
21:23:01.757 [Test worker] DEBUG org.hibernate.cfg.AbstractPropertyHolder - Attempting to locate auto-apply AttributeConverter for property [domain.Angajat:idSuperior]
21:23:01.757 [Test worker] DEBUG org.hibernate.cfg.annotations.SimpleValueBinder - building SimpleValue for idSuperior
21:23:01.757 [Test worker] DEBUG org.hibernate.cfg.annotations.PropertyBinder - Building property idSuperior
21:23:01.757 [Test worker] DEBUG org.hibernate.cfg.Ejb3Column - Binding column: Ejb3Column{table=org.hibernate.mapping.Table(angajati), mappingColumn=null, insertable=true, updatable=true, unique=false}
21:23:01.757 [Test worker] DEBUG org.hibernate.cfg.Ejb3Column - Binding column: Ejb3Column{table=org.hibernate.mapping.Table(angajati), mappingColumn=element, insertable=true, updatable=true, unique=false}
21:23:01.757 [Test worker] DEBUG org.hibernate.cfg.Ejb3Column - Binding column: Ejb3Column{table=org.hibernate.mapping.Table(angajati), mappingColumn=proiecte_KEY, insertable=true, updatable=true, unique=false}
21:23:01.757 [Test worker] DEBUG org.hibernate.cfg.Ejb3Column - Binding column: Ejb3JoinColumn{logicalColumnName='proiecte_KEY', referencedColumn='null', mappedBy='null'}
21:23:01.757 [Test worker] DEBUG org.hibernate.cfg.Ejb3Column - Binding column: Ejb3JoinColumn{logicalColumnName='id_angajat', referencedColumn='', mappedBy=''}
21:23:01.757 [Test worker] DEBUG org.hibernate.cfg.Ejb3Column - Binding column: Ejb3JoinColumn{logicalColumnName='id_proiect', referencedColumn='', mappedBy=''}
21:23:01.757 [Test worker] DEBUG org.hibernate.cfg.annotations.CollectionBinder - Collection role: domain.Angajat.proiecte
21:23:01.757 [Test worker] DEBUG org.hibernate.cfg.annotations.PropertyBinder - Building property proiecte
21:23:01.757 [Test worker] DEBUG org.hibernate.cfg.AnnotationBinder - Binding entity from annotated class: domain.Concediu
21:23:01.757 [Test worker] DEBUG org.hibernate.cfg.Ejb3Column - Binding column: Ejb3DiscriminatorColumn{logicalColumnName'DTYPE', discriminatorTypeName='string'}
21:23:01.757 [Test worker] DEBUG org.hibernate.cfg.annotations.EntityBinder - Import with entity name Concediu
21:23:01.757 [Test worker] DEBUG org.hibernate.cfg.annotations.EntityBinder - Bind entity domain.Concediu on table concedii
21:23:01.757 [Test worker] DEBUG org.hibernate.cfg.Ejb3Column - Binding column: Ejb3Column{table=org.hibernate.mapping.Table(concedii), mappingColumn=id, insertable=true, updatable=true, unique=false}
21:23:01.757 [Test worker] DEBUG org.hibernate.boot.internal.ClassLoaderAccessImpl - Not known whether passed class name [domain.Concediu] is safe
21:23:01.757 [Test worker] DEBUG org.hibernate.boot.internal.ClassLoaderAccessImpl - No temp ClassLoader provided; using live ClassLoader for loading potentially unsafe class : domain.Concediu
21:23:01.757 [Test worker] DEBUG org.hibernate.cfg.annotations.PropertyBinder - MetadataSourceProcessor property id with lazy=false
21:23:01.757 [Test worker] DEBUG org.hibernate.cfg.AbstractPropertyHolder - Attempting to locate auto-apply AttributeConverter for property [domain.Concediu:id]
21:23:01.757 [Test worker] DEBUG org.hibernate.cfg.annotations.SimpleValueBinder - building SimpleValue for id
21:23:01.757 [Test worker] DEBUG org.hibernate.cfg.annotations.PropertyBinder - Building property id
21:23:01.757 [Test worker] DEBUG org.hibernate.cfg.BinderHelper - #makeIdGenerator(org.hibernate.mapping.SimpleValue([org.hibernate.mapping.Column(id)]), id, identity, , ...)
21:23:01.757 [Test worker] DEBUG org.hibernate.cfg.Ejb3Column - Binding column: Ejb3JoinColumn{logicalColumnName='id_angajat', referencedColumn='', mappedBy=''}
21:23:01.757 [Test worker] DEBUG org.hibernate.cfg.Ejb3Column - Binding column: Ejb3Column{table=org.hibernate.mapping.Table(concedii), mappingColumn=angajat, insertable=true, updatable=true, unique=false}
21:23:01.757 [Test worker] DEBUG org.hibernate.cfg.annotations.PropertyBinder - Building property angajat
21:23:01.757 [Test worker] DEBUG org.hibernate.cfg.Ejb3Column - Binding column: Ejb3Column{table=org.hibernate.mapping.Table(concedii), mappingColumn=data_inceput, insertable=true, updatable=true, unique=false}
21:23:01.757 [Test worker] DEBUG org.hibernate.cfg.annotations.PropertyBinder - MetadataSourceProcessor property dataInceput with lazy=false
21:23:01.757 [Test worker] DEBUG org.hibernate.cfg.AbstractPropertyHolder - Attempting to locate auto-apply AttributeConverter for property [domain.Concediu:dataInceput]
21:23:01.757 [Test worker] DEBUG org.hibernate.cfg.annotations.SimpleValueBinder - building SimpleValue for dataInceput
21:23:01.757 [Test worker] DEBUG org.hibernate.cfg.annotations.PropertyBinder - Building property dataInceput
21:23:01.757 [Test worker] DEBUG org.hibernate.cfg.Ejb3Column - Binding column: Ejb3Column{table=org.hibernate.mapping.Table(concedii), mappingColumn=data_sfarsit, insertable=true, updatable=true, unique=false}
21:23:01.757 [Test worker] DEBUG org.hibernate.cfg.annotations.PropertyBinder - MetadataSourceProcessor property dataSfarsit with lazy=false
21:23:01.757 [Test worker] DEBUG org.hibernate.cfg.AbstractPropertyHolder - Attempting to locate auto-apply AttributeConverter for property [domain.Concediu:dataSfarsit]
21:23:01.757 [Test worker] DEBUG org.hibernate.cfg.annotations.SimpleValueBinder - building SimpleValue for dataSfarsit
21:23:01.757 [Test worker] DEBUG org.hibernate.cfg.annotations.PropertyBinder - Building property dataSfarsit
21:23:01.757 [Test worker] DEBUG org.hibernate.cfg.AnnotationBinder - Binding entity from annotated class: domain.Departament
21:23:01.757 [Test worker] DEBUG org.hibernate.cfg.Ejb3Column - Binding column: Ejb3DiscriminatorColumn{logicalColumnName'DTYPE', discriminatorTypeName='string'}
21:23:01.757 [Test worker] DEBUG org.hibernate.cfg.annotations.EntityBinder - Import with entity name Departament
21:23:01.757 [Test worker] DEBUG org.hibernate.cfg.annotations.EntityBinder - Bind entity domain.Departament on table departamente
21:23:01.757 [Test worker] DEBUG org.hibernate.cfg.Ejb3Column - Binding column: Ejb3Column{table=org.hibernate.mapping.Table(departamente), mappingColumn=id, insertable=true, updatable=true, unique=false}
21:23:01.757 [Test worker] DEBUG org.hibernate.boot.internal.ClassLoaderAccessImpl - Not known whether passed class name [domain.Departament] is safe
21:23:01.757 [Test worker] DEBUG org.hibernate.boot.internal.ClassLoaderAccessImpl - No temp ClassLoader provided; using live ClassLoader for loading potentially unsafe class : domain.Departament
21:23:01.757 [Test worker] DEBUG org.hibernate.cfg.annotations.PropertyBinder - MetadataSourceProcessor property id with lazy=false
21:23:01.757 [Test worker] DEBUG org.hibernate.cfg.AbstractPropertyHolder - Attempting to locate auto-apply AttributeConverter for property [domain.Departament:id]
21:23:01.757 [Test worker] DEBUG org.hibernate.cfg.annotations.SimpleValueBinder - building SimpleValue for id
21:23:01.757 [Test worker] DEBUG org.hibernate.cfg.annotations.PropertyBinder - Building property id
21:23:01.757 [Test worker] DEBUG org.hibernate.cfg.BinderHelper - #makeIdGenerator(org.hibernate.mapping.SimpleValue([org.hibernate.mapping.Column(id)]), id, identity, , ...)
21:23:01.757 [Test worker] DEBUG org.hibernate.cfg.Ejb3Column - Binding column: Ejb3Column{table=org.hibernate.mapping.Table(departamente), mappingColumn=id_director, insertable=true, updatable=true, unique=false}
21:23:01.757 [Test worker] DEBUG org.hibernate.cfg.annotations.PropertyBinder - MetadataSourceProcessor property idDirector with lazy=false
21:23:01.757 [Test worker] DEBUG org.hibernate.cfg.AbstractPropertyHolder - Attempting to locate auto-apply AttributeConverter for property [domain.Departament:idDirector]
21:23:01.757 [Test worker] DEBUG org.hibernate.cfg.annotations.SimpleValueBinder - building SimpleValue for idDirector
21:23:01.757 [Test worker] DEBUG org.hibernate.cfg.annotations.PropertyBinder - Building property idDirector
21:23:01.757 [Test worker] DEBUG org.hibernate.cfg.AnnotationBinder - Binding entity from annotated class: domain.Functie
21:23:01.757 [Test worker] DEBUG org.hibernate.cfg.Ejb3Column - Binding column: Ejb3DiscriminatorColumn{logicalColumnName'DTYPE', discriminatorTypeName='string'}
21:23:01.757 [Test worker] DEBUG org.hibernate.cfg.annotations.EntityBinder - Import with entity name Functie
21:23:01.757 [Test worker] DEBUG org.hibernate.cfg.annotations.EntityBinder - Bind entity domain.Functie on table functii
21:23:01.757 [Test worker] DEBUG org.hibernate.cfg.Ejb3Column - Binding column: Ejb3Column{table=org.hibernate.mapping.Table(functii), mappingColumn=id, insertable=true, updatable=true, unique=false}
21:23:01.757 [Test worker] DEBUG org.hibernate.boot.internal.ClassLoaderAccessImpl - Not known whether passed class name [domain.Functie] is safe
21:23:01.757 [Test worker] DEBUG org.hibernate.boot.internal.ClassLoaderAccessImpl - No temp ClassLoader provided; using live ClassLoader for loading potentially unsafe class : domain.Functie
21:23:01.757 [Test worker] DEBUG org.hibernate.cfg.annotations.PropertyBinder - MetadataSourceProcessor property id with lazy=false
21:23:01.757 [Test worker] DEBUG org.hibernate.cfg.AbstractPropertyHolder - Attempting to locate auto-apply AttributeConverter for property [domain.Functie:id]
21:23:01.757 [Test worker] DEBUG org.hibernate.cfg.annotations.SimpleValueBinder - building SimpleValue for id
21:23:01.757 [Test worker] DEBUG org.hibernate.cfg.annotations.PropertyBinder - Building property id
21:23:01.757 [Test worker] DEBUG org.hibernate.cfg.BinderHelper - #makeIdGenerator(org.hibernate.mapping.SimpleValue([org.hibernate.mapping.Column(id)]), id, identity, , ...)
21:23:01.757 [Test worker] DEBUG org.hibernate.cfg.Ejb3Column - Binding column: Ejb3Column{table=org.hibernate.mapping.Table(functii), mappingColumn=salar_de_baza, insertable=true, updatable=true, unique=false}
21:23:01.757 [Test worker] DEBUG org.hibernate.cfg.annotations.PropertyBinder - MetadataSourceProcessor property salarDeBaza with lazy=false
21:23:01.757 [Test worker] DEBUG org.hibernate.cfg.AbstractPropertyHolder - Attempting to locate auto-apply AttributeConverter for property [domain.Functie:salarDeBaza]
21:23:01.757 [Test worker] DEBUG org.hibernate.cfg.annotations.SimpleValueBinder - building SimpleValue for salarDeBaza
21:23:01.757 [Test worker] DEBUG org.hibernate.cfg.annotations.PropertyBinder - Building property salarDeBaza
21:23:01.757 [Test worker] DEBUG org.hibernate.cfg.AnnotationBinder - Binding entity from annotated class: domain.Proiect
21:23:01.757 [Test worker] DEBUG org.hibernate.cfg.Ejb3Column - Binding column: Ejb3DiscriminatorColumn{logicalColumnName'DTYPE', discriminatorTypeName='string'}
21:23:01.757 [Test worker] DEBUG org.hibernate.cfg.annotations.EntityBinder - Import with entity name Proiect
21:23:01.757 [Test worker] DEBUG org.hibernate.cfg.annotations.EntityBinder - Bind entity domain.Proiect on table proiecte
21:23:01.757 [Test worker] DEBUG org.hibernate.cfg.Ejb3Column - Binding column: Ejb3Column{table=org.hibernate.mapping.Table(proiecte), mappingColumn=id, insertable=true, updatable=true, unique=false}
21:23:01.757 [Test worker] DEBUG org.hibernate.boot.internal.ClassLoaderAccessImpl - Not known whether passed class name [domain.Proiect] is safe
21:23:01.757 [Test worker] DEBUG org.hibernate.boot.internal.ClassLoaderAccessImpl - No temp ClassLoader provided; using live ClassLoader for loading potentially unsafe class : domain.Proiect
21:23:01.757 [Test worker] DEBUG org.hibernate.cfg.annotations.PropertyBinder - MetadataSourceProcessor property id with lazy=false
21:23:01.757 [Test worker] DEBUG org.hibernate.cfg.AbstractPropertyHolder - Attempting to locate auto-apply AttributeConverter for property [domain.Proiect:id]
21:23:01.757 [Test worker] DEBUG org.hibernate.cfg.annotations.SimpleValueBinder - building SimpleValue for id
21:23:01.757 [Test worker] DEBUG org.hibernate.cfg.annotations.PropertyBinder - Building property id
21:23:01.757 [Test worker] DEBUG org.hibernate.cfg.BinderHelper - #makeIdGenerator(org.hibernate.mapping.SimpleValue([org.hibernate.mapping.Column(id)]), id, identity, , ...)
21:23:01.757 [Test worker] DEBUG org.hibernate.cfg.Ejb3Column - Binding column: Ejb3Column{table=org.hibernate.mapping.Table(proiecte), mappingColumn=data_inceput, insertable=true, updatable=true, unique=false}
21:23:01.757 [Test worker] DEBUG org.hibernate.cfg.annotations.PropertyBinder - MetadataSourceProcessor property dataInceput with lazy=false
21:23:01.757 [Test worker] DEBUG org.hibernate.cfg.AbstractPropertyHolder - Attempting to locate auto-apply AttributeConverter for property [domain.Proiect:dataInceput]
21:23:01.757 [Test worker] DEBUG org.hibernate.cfg.annotations.SimpleValueBinder - building SimpleValue for dataInceput
21:23:01.757 [Test worker] DEBUG org.hibernate.cfg.annotations.PropertyBinder - Building property dataInceput
21:23:01.757 [Test worker] DEBUG org.hibernate.cfg.Ejb3Column - Binding column: Ejb3Column{table=org.hibernate.mapping.Table(proiecte), mappingColumn=deadline, insertable=true, updatable=true, unique=false}
21:23:01.757 [Test worker] DEBUG org.hibernate.cfg.annotations.PropertyBinder - MetadataSourceProcessor property deadline with lazy=false
21:23:01.757 [Test worker] DEBUG org.hibernate.cfg.AbstractPropertyHolder - Attempting to locate auto-apply AttributeConverter for property [domain.Proiect:deadline]
21:23:01.757 [Test worker] DEBUG org.hibernate.cfg.annotations.SimpleValueBinder - building SimpleValue for deadline
21:23:01.757 [Test worker] DEBUG org.hibernate.cfg.annotations.PropertyBinder - Building property deadline
21:23:01.757 [Test worker] DEBUG org.hibernate.cfg.annotations.SimpleValueBinder - Starting fillSimpleValue for id
21:23:01.757 [Test worker] DEBUG org.hibernate.cfg.annotations.SimpleValueBinder - Starting fillSimpleValue for dataAngajare
21:23:01.757 [Test worker] DEBUG org.hibernate.cfg.annotations.SimpleValueBinder - Starting fillSimpleValue for idSuperior
21:23:01.757 [Test worker] DEBUG org.hibernate.cfg.annotations.SimpleValueBinder - Starting fillSimpleValue for id
21:23:01.757 [Test worker] DEBUG org.hibernate.cfg.annotations.SimpleValueBinder - Starting fillSimpleValue for dataInceput
21:23:01.757 [Test worker] DEBUG org.hibernate.cfg.annotations.SimpleValueBinder - Starting fillSimpleValue for dataSfarsit
21:23:01.757 [Test worker] DEBUG org.hibernate.cfg.annotations.SimpleValueBinder - Starting fillSimpleValue for id
21:23:01.757 [Test worker] DEBUG org.hibernate.cfg.annotations.SimpleValueBinder - Starting fillSimpleValue for idDirector
21:23:01.757 [Test worker] DEBUG org.hibernate.cfg.annotations.SimpleValueBinder - Starting fillSimpleValue for id
21:23:01.757 [Test worker] DEBUG org.hibernate.cfg.annotations.SimpleValueBinder - Starting fillSimpleValue for salarDeBaza
21:23:01.757 [Test worker] DEBUG org.hibernate.cfg.annotations.SimpleValueBinder - Starting fillSimpleValue for id
21:23:01.757 [Test worker] DEBUG org.hibernate.cfg.annotations.SimpleValueBinder - Starting fillSimpleValue for dataInceput
21:23:01.757 [Test worker] DEBUG org.hibernate.cfg.annotations.SimpleValueBinder - Starting fillSimpleValue for deadline
21:23:01.757 [Test worker] DEBUG org.hibernate.mapping.PrimaryKey - Forcing column [id] to be non-null as it is part of the primary key for table [angajati]
21:23:01.757 [Test worker] DEBUG org.hibernate.mapping.PrimaryKey - Forcing column [id] to be non-null as it is part of the primary key for table [concedii]
21:23:01.757 [Test worker] DEBUG org.hibernate.mapping.PrimaryKey - Forcing column [id] to be non-null as it is part of the primary key for table [departamente]
21:23:01.757 [Test worker] DEBUG org.hibernate.mapping.PrimaryKey - Forcing column [id] to be non-null as it is part of the primary key for table [functii]
21:23:01.757 [Test worker] DEBUG org.hibernate.mapping.PrimaryKey - Forcing column [id] to be non-null as it is part of the primary key for table [proiecte]
21:23:01.757 [Test worker] DEBUG org.hibernate.cfg.CollectionSecondPass - Second pass for collection: domain.Angajat.proiecte
21:23:01.757 [Test worker] DEBUG org.hibernate.cfg.annotations.CollectionBinder - Binding as ManyToMany: domain.Angajat.proiecte
21:23:01.757 [Test worker] DEBUG org.hibernate.mapping.PrimaryKey - Forcing column [id_angajat] to be non-null as it is part of the primary key for table [angajati_proiecte]
21:23:01.757 [Test worker] DEBUG org.hibernate.mapping.PrimaryKey - Forcing column [id_proiect] to be non-null as it is part of the primary key for table [angajati_proiecte]
21:23:01.757 [Test worker] DEBUG org.hibernate.cfg.CollectionSecondPass - Mapped collection key: id_angajat, element: id_proiect
21:23:01.757 [Test worker] DEBUG org.hibernate.cfg.CollectionSecondPass - Second pass for collection: domain.Angajat.departamente
21:23:01.757 [Test worker] DEBUG org.hibernate.cfg.annotations.CollectionBinder - Binding as ManyToMany: domain.Angajat.departamente
21:23:01.757 [Test worker] DEBUG org.hibernate.mapping.PrimaryKey - Forcing column [id_angajat] to be non-null as it is part of the primary key for table [angajati_departamente]
21:23:01.757 [Test worker] DEBUG org.hibernate.mapping.PrimaryKey - Forcing column [id_departament] to be non-null as it is part of the primary key for table [angajati_departamente]
21:23:01.757 [Test worker] DEBUG org.hibernate.cfg.CollectionSecondPass - Mapped collection key: id_angajat, element: id_departament
21:23:01.757 [Test worker] DEBUG org.hibernate.cfg.CollectionSecondPass - Second pass for collection: domain.Angajat.concedii
21:23:01.757 [Test worker] DEBUG org.hibernate.cfg.annotations.CollectionBinder - Binding a OneToMany: domain.Angajat.concedii through a foreign key
21:23:01.757 [Test worker] DEBUG org.hibernate.cfg.annotations.CollectionBinder - Mapping collection: domain.Angajat.concedii -> concedii
21:23:01.757 [Test worker] DEBUG org.hibernate.cfg.annotations.TableBinder - Retrieving property domain.Concediu.angajat
21:23:01.757 [Test worker] DEBUG org.hibernate.cfg.CollectionSecondPass - Mapped collection key: id_angajat, one-to-many: domain.Concediu
21:23:01.757 [Test worker] DEBUG org.hibernate.boot.internal.InFlightMetadataCollectorImpl - Resolving reference to class: domain.Functie
21:23:01.757 [Test worker] DEBUG org.hibernate.boot.internal.InFlightMetadataCollectorImpl - Resolving reference to class: domain.Departament
21:23:01.757 [Test worker] DEBUG org.hibernate.boot.internal.InFlightMetadataCollectorImpl - Resolving reference to class: domain.Angajat
21:23:01.757 [Test worker] DEBUG org.hibernate.boot.internal.InFlightMetadataCollectorImpl - Resolving reference to class: domain.Proiect
21:23:01.757 [Test worker] DEBUG org.hibernate.boot.internal.InFlightMetadataCollectorImpl - Resolving reference to class: domain.Angajat
21:23:01.757 [Test worker] DEBUG org.hibernate.boot.internal.InFlightMetadataCollectorImpl - Resolving reference to class: domain.Angajat
21:23:01.757 [Test worker] DEBUG org.hibernate.boot.internal.InFlightMetadataCollectorImpl - Resolving reference to class: domain.Functie
21:23:01.757 [Test worker] DEBUG org.hibernate.boot.internal.InFlightMetadataCollectorImpl - Resolving reference to class: domain.Departament
21:23:01.757 [Test worker] DEBUG org.hibernate.boot.internal.InFlightMetadataCollectorImpl - Resolving reference to class: domain.Angajat
21:23:01.757 [Test worker] DEBUG org.hibernate.boot.internal.InFlightMetadataCollectorImpl - Resolving reference to class: domain.Proiect
21:23:01.757 [Test worker] DEBUG org.hibernate.boot.internal.InFlightMetadataCollectorImpl - Resolving reference to class: domain.Angajat
21:23:01.757 [Test worker] DEBUG org.hibernate.boot.internal.InFlightMetadataCollectorImpl - Resolving reference to class: domain.Angajat
21:23:01.757 [Test worker] DEBUG org.hibernate.internal.SessionFactoryImpl - Building session factory
21:23:01.757 [Test worker] DEBUG org.hibernate.cfg.Settings - SessionFactory name : null
21:23:01.757 [Test worker] DEBUG org.hibernate.cfg.Settings - Automatic flush during beforeCompletion(): enabled
21:23:01.757 [Test worker] DEBUG org.hibernate.cfg.Settings - Automatic session close at end of transaction: disabled
21:23:01.757 [Test worker] DEBUG org.hibernate.cfg.Settings - Statistics: disabled
21:23:01.757 [Test worker] DEBUG org.hibernate.cfg.Settings - Deleted entity synthetic identifier rollback: disabled
21:23:01.757 [Test worker] DEBUG org.hibernate.cfg.Settings - Default entity-mode: pojo
21:23:01.757 [Test worker] DEBUG org.hibernate.cfg.Settings - Check Nullability in Core (should be disabled when Bean Validation is on): enabled
21:23:01.757 [Test worker] DEBUG org.hibernate.cfg.Settings - Allow initialization of lazy state outside session : enabled
21:23:01.757 [Test worker] DEBUG org.hibernate.cfg.Settings - Using BatchFetchStyle : LEGACY
21:23:01.757 [Test worker] DEBUG org.hibernate.cfg.Settings - Default batch fetch size: -1
21:23:01.757 [Test worker] DEBUG org.hibernate.cfg.Settings - Maximum outer join fetch depth: null
21:23:01.757 [Test worker] DEBUG org.hibernate.cfg.Settings - Default null ordering: NONE
21:23:01.757 [Test worker] DEBUG org.hibernate.cfg.Settings - Order SQL updates by primary key: disabled
21:23:01.757 [Test worker] DEBUG org.hibernate.cfg.Settings - Order SQL inserts for batching: disabled
21:23:01.757 [Test worker] DEBUG org.hibernate.cfg.Settings - multi-tenancy strategy : NONE
21:23:01.757 [Test worker] DEBUG org.hibernate.cfg.Settings - JTA Track by Thread: enabled
21:23:01.757 [Test worker] DEBUG org.hibernate.cfg.Settings - Query language substitutions: {}
21:23:01.757 [Test worker] DEBUG org.hibernate.cfg.Settings - Named query checking : enabled
21:23:01.757 [Test worker] DEBUG org.hibernate.cfg.Settings - Second-level cache: disabled
21:23:01.757 [Test worker] DEBUG org.hibernate.cfg.Settings - Second-level query cache: disabled
21:23:01.757 [Test worker] DEBUG org.hibernate.cfg.Settings - Second-level query cache factory: null
21:23:01.757 [Test worker] DEBUG org.hibernate.cfg.Settings - Second-level cache region prefix: null
21:23:01.757 [Test worker] DEBUG org.hibernate.cfg.Settings - Optimize second-level cache for minimal puts: disabled
21:23:01.757 [Test worker] DEBUG org.hibernate.cfg.Settings - Structured second-level cache entries: disabled
21:23:01.757 [Test worker] DEBUG org.hibernate.cfg.Settings - Second-level cache direct-reference entries: disabled
21:23:01.757 [Test worker] DEBUG org.hibernate.cfg.Settings - Automatic eviction of collection cache: disabled
21:23:01.757 [Test worker] DEBUG org.hibernate.cfg.Settings - JDBC batch size: 0
21:23:01.757 [Test worker] DEBUG org.hibernate.cfg.Settings - JDBC batch updates for versioned data: enabled
21:23:01.757 [Test worker] DEBUG org.hibernate.cfg.Settings - Scrollable result sets: disabled
21:23:01.757 [Test worker] DEBUG org.hibernate.cfg.Settings - Wrap result sets: disabled
21:23:01.757 [Test worker] DEBUG org.hibernate.cfg.Settings - JDBC3 getGeneratedKeys(): enabled
21:23:01.757 [Test worker] DEBUG org.hibernate.cfg.Settings - JDBC result set fetch size: null
21:23:01.757 [Test worker] DEBUG org.hibernate.cfg.Settings - Connection release mode: AFTER_TRANSACTION
21:23:01.757 [Test worker] DEBUG org.hibernate.cfg.Settings - Generate SQL with comments: disabled
21:23:01.757 [Test worker] DEBUG org.hibernate.cfg.Settings - JPA compliance - query : disabled
21:23:01.757 [Test worker] DEBUG org.hibernate.cfg.Settings - JPA compliance - closed-handling : disabled
21:23:01.757 [Test worker] DEBUG org.hibernate.cfg.Settings - JPA compliance - lists : disabled
21:23:01.757 [Test worker] DEBUG org.hibernate.cfg.Settings - JPA compliance - transactions : disabled
21:23:01.772 [Test worker] DEBUG org.hibernate.internal.SessionFactoryImpl - Session factory constructed with filter configurations : {}
21:23:01.772 [Test worker] DEBUG org.hibernate.internal.SessionFactoryImpl - Instantiating session factory with properties: {sun.desktop=windows, awt.toolkit=sun.awt.windows.WToolkit, dialect=utils.SQLiteDialect, java.specification.version=11, sun.cpu.isalist=amd64, sun.jnu.encoding=Cp1250, hibernate.dialect=utils.SQLiteDialect, org.gradle.test.worker=3, java.class.path=C:\\Users\\Dan\\.gradle\\caches\\6.8\\workerMain\\gradle-worker.jar;D:\\Facultate\\Projects\\OrganizareCompanie\\build\\classes\\java\\test;D:\\Facultate\\Projects\\OrganizareCompanie\\build\\resources\\test;D:\\Facultate\\Projects\\OrganizareCompanie\\build\\classes\\java\\main;D:\\Facultate\\Projects\\OrganizareCompanie\\build\\resources\\main;C:\\Users\\Dan\\.gradle\\caches\\modules-2\\files-2.1\\org.springframework.boot\\spring-boot-starter-web\\2.4.3\\4f5554ea183af87e52d8c31bb82aada0d74c40b0\\spring-boot-starter-web-2.4.3.jar;C:\\Users\\Dan\\.gradle\\caches\\modules-2\\files-2.1\\org.xerial\\sqlite-jdbc\\3.34.0\\fd29bb0124e3f79c80b2753162a6a3873c240bcf\\sqlite-jdbc-3.34.0.jar;C:\\Users\\Dan\\.gradle\\caches\\modules-2\\files-2.1\\org.hibernate\\hibernate-java8\\5.1.0.Final\\2bb534acab4f8485a821f0e4d6a2c8df617ee86a\\hibernate-java8-5.1.0.Final.jar;C:\\Users\\Dan\\.gradle\\caches\\modules-2\\files-2.1\\org.hibernate\\hibernate-core\\5.4.29.Final\\74b7c9ad3cb57ae4fd0187480a76f137a7fc3f38\\hibernate-core-5.4.29.Final.jar;C:\\Users\\Dan\\.gradle\\caches\\modules-2\\files-2.1\\org.junit.platform\\junit-platform-engine\\1.7.0\\eadb73c5074a4ac71061defd00fc176152a4d12c\\junit-platform-engine-1.7.0.jar;C:\\Users\\Dan\\.gradle\\caches\\modules-2\\files-2.1\\org.junit.platform\\junit-platform-commons\\1.7.0\\84e309fbf21d857aac079a3c1fffd84284e1114d\\junit-platform-commons-1.7.0.jar;C:\\Users\\Dan\\.gradle\\caches\\modules-2\\files-2.1\\org.junit.jupiter\\junit-jupiter-engine\\5.7.0\\d9044d6b45e2232ddd53fa56c15333e43d1749fd\\junit-jupiter-engine-5.7.0.jar;C:\\Users\\Dan\\.gradle\\caches\\modules-2\\files-2.1\\org.junit.jupiter\\junit-jupiter-api\\5.7.0\\b25f3815c4c1860a73041e733a14a0379d00c4d5\\junit-jupiter-api-5.7.0.jar;C:\\Users\\Dan\\.gradle\\caches\\modules-2\\files-2.1\\org.springframework.boot\\spring-boot-starter-json\\2.4.3\\7b26abb0a0379a00b58a2a50e010b29cf4f16b80\\spring-boot-starter-json-2.4.3.jar;C:\\Users\\Dan\\.gradle\\caches\\modules-2\\files-2.1\\org.springframework.boot\\spring-boot-starter\\2.4.3\\fd8bc0fb5f5aaefb4d6c8b77eb61563aab840c11\\spring-boot-starter-2.4.3.jar;C:\\Users\\Dan\\.gradle\\caches\\modules-2\\files-2.1\\org.springframework.boot\\spring-boot-starter-tomcat\\2.4.3\\4ba28aae05a259625e7e92f8e7338c5e1d22de35\\spring-boot-starter-tomcat-2.4.3.jar;C:\\Users\\Dan\\.gradle\\caches\\modules-2\\files-2.1\\org.springframework\\spring-webmvc\\5.3.4\\8dd52fbe8eafcc7c80998087ec6635baf7a98c20\\spring-webmvc-5.3.4.jar;C:\\Users\\Dan\\.gradle\\caches\\modules-2\\files-2.1\\org.springframework\\spring-web\\5.3.4\\d93829e24a50ed22e781f2302680a210cac5ee84\\spring-web-5.3.4.jar;C:\\Users\\Dan\\.gradle\\caches\\modules-2\\files-2.1\\org.hibernate.common\\hibernate-commons-annotations\\5.1.2.Final\\e59ffdbc6ad09eeb33507b39ffcf287679a498c8\\hibernate-commons-annotations-5.1.2.Final.jar;C:\\Users\\Dan\\.gradle\\caches\\modules-2\\files-2.1\\org.jboss.logging\\jboss-logging\\3.4.1.Final\\40fd4d696c55793e996d1ff3c475833f836c2498\\jboss-logging-3.4.1.Final.jar;C:\\Users\\Dan\\.gradle\\caches\\modules-2\\files-2.1\\javax.persistence\\javax.persistence-api\\2.2\\25665ac8c0b62f50e6488173233239120fc52c96\\javax.persistence-api-2.2.jar;C:\\Users\\Dan\\.gradle\\caches\\modules-2\\files-2.1\\org.javassist\\javassist\\3.27.0-GA\\f63e6aa899e15eca8fdaa402a79af4c417252213\\javassist-3.27.0-GA.jar;C:\\Users\\Dan\\.gradle\\caches\\modules-2\\files-2.1\\net.bytebuddy\\byte-buddy\\1.10.21\\5abe8e141cac9d50a721a22d9c188b3bf19ad0aa\\byte-buddy-1.10.21.jar;C:\\Users\\Dan\\.gradle\\caches\\modules-2\\files-2.1\\antlr\\antlr\\2.7.7\\83cd2cd674a217ade95a4bb83a8a14f351f48bd0\\antlr-2.7.7.jar;C:\\Users\\Dan\\.gradle\\caches\\modules-2\\files-2.1\\org.jboss.spec.javax.transaction\\jboss-transaction-api_1.2_spec\\1.1.1.Final\\a8485cab9484dda36e9a8c319e76b5cc18797b58\\jboss-transaction-api_1.2_spec-1.1.1.Final.jar;C:\\Users\\Dan\\.gradle\\caches\\modules-2\\files-2.1\\org.jboss\\jandex\\2.2.3.Final\\d3865101f0666b63586683bd811d754517f331ab\\jandex-2.2.3.Final.jar;C:\\Users\\Dan\\.gradle\\caches\\modules-2\\files-2.1\\com.fasterxml\\classmate\\1.5.1\\3fe0bed568c62df5e89f4f174c101eab25345b6c\\classmate-1.5.1.jar;C:\\Users\\Dan\\.gradle\\caches\\modules-2\\files-2.1\\org.glassfish.jaxb\\jaxb-runtime\\2.3.1\\dd6dda9da676a54c5b36ca2806ff95ee017d8738\\jaxb-runtime-2.3.1.jar;C:\\Users\\Dan\\.gradle\\caches\\modules-2\\files-2.1\\javax.xml.bind\\jaxb-api\\2.3.1\\8531ad5ac454cc2deb9d4d32c40c4d7451939b5d\\jaxb-api-2.3.1.jar;C:\\Users\\Dan\\.gradle\\caches\\modules-2\\files-2.1\\javax.activation\\javax.activation-api\\1.2.0\\85262acf3ca9816f9537ca47d5adeabaead7cb16\\javax.activation-api-1.2.0.jar;C:\\Users\\Dan\\.gradle\\caches\\modules-2\\files-2.1\\org.dom4j\\dom4j\\2.1.3\\a75914155a9f5808963170ec20653668a2ffd2fd\\dom4j-2.1.3.jar;C:\\Users\\Dan\\.gradle\\caches\\modules-2\\files-2.1\\org.apiguardian\\apiguardian-api\\1.1.0\\fc9dff4bb36d627bdc553de77e1f17efd790876c\\apiguardian-api-1.1.0.jar;C:\\Users\\Dan\\.gradle\\caches\\modules-2\\files-2.1\\org.opentest4j\\opentest4j\\1.2.0\\28c11eb91f9b6d8e200631d46e20a7f407f2a046\\opentest4j-1.2.0.jar;C:\\Users\\Dan\\.gradle\\caches\\modules-2\\files-2.1\\org.springframework.boot\\spring-boot-autoconfigure\\2.4.3\\2f8e1e682e55f70c8ea557982c7adb1256f41bcf\\spring-boot-autoconfigure-2.4.3.jar;C:\\Users\\Dan\\.gradle\\caches\\modules-2\\files-2.1\\org.springframework.boot\\spring-boot\\2.4.3\\de2bd17a8eb9bc3dfa629aa06f2e9fe3bf603c85\\spring-boot-2.4.3.jar;C:\\Users\\Dan\\.gradle\\caches\\modules-2\\files-2.1\\org.springframework.boot\\spring-boot-starter-logging\\2.4.3\\64687abc2255d18cd6592cbb20fa3bee3379cec8\\spring-boot-starter-logging-2.4.3.jar;C:\\Users\\Dan\\.gradle\\caches\\modules-2\\files-2.1\\jakarta.annotation\\jakarta.annotation-api\\1.3.5\\59eb84ee0d616332ff44aba065f3888cf002cd2d\\jakarta.annotation-api-1.3.5.jar;C:\\Users\\Dan\\.gradle\\caches\\modules-2\\files-2.1\\org.springframework\\spring-context\\5.3.4\\fbeadeb0e4d272599a938ec345e99e5f9a76e919\\spring-context-5.3.4.jar;C:\\Users\\Dan\\.gradle\\caches\\modules-2\\files-2.1\\org.springframework\\spring-aop\\5.3.4\\b7180a6427ab524bc1cbd31bf38dd2182632515f\\spring-aop-5.3.4.jar;C:\\Users\\Dan\\.gradle\\caches\\modules-2\\files-2.1\\org.springframework\\spring-beans\\5.3.4\\ac6c5ea0ba82f555405f74104cf378f8071c6d25\\spring-beans-5.3.4.jar;C:\\Users\\Dan\\.gradle\\caches\\modules-2\\files-2.1\\org.springframework\\spring-expression\\5.3.4\\42b71fa955e43a86471509aef14cefe756fc3794\\spring-expression-5.3.4.jar;C:\\Users\\Dan\\.gradle\\caches\\modules-2\\files-2.1\\org.springframework\\spring-core\\5.3.4\\46c1f8abd9e02a292c42a257350f365cec152b5d\\spring-core-5.3.4.jar;C:\\Users\\Dan\\.gradle\\caches\\modules-2\\files-2.1\\org.yaml\\snakeyaml\\1.27\\359d62567480b07a679dc643f82fc926b100eed5\\snakeyaml-1.27.jar;C:\\Users\\Dan\\.gradle\\caches\\modules-2\\files-2.1\\com.fasterxml.jackson.datatype\\jackson-datatype-jdk8\\2.11.4\\e1540dea3c6c681ea4e335a960f730861ee3bedb\\jackson-datatype-jdk8-2.11.4.jar;C:\\Users\\Dan\\.gradle\\caches\\modules-2\\files-2.1\\com.fasterxml.jackson.datatype\\jackson-datatype-jsr310\\2.11.4\\ce6fc76bba06623720e5a9308386b6ae74753f4d\\jackson-datatype-jsr310-2.11.4.jar;C:\\Users\\Dan\\.gradle\\caches\\modules-2\\files-2.1\\com.fasterxml.jackson.module\\jackson-module-parameter-names\\2.11.4\\432e050d79f2282a66c320375d628f1b0842cb12\\jackson-module-parameter-names-2.11.4.jar;C:\\Users\\Dan\\.gradle\\caches\\modules-2\\files-2.1\\com.fasterxml.jackson.core\\jackson-databind\\2.11.4\\5d9f3d441f99d721b957e3497f0a6465c764fad4\\jackson-databind-2.11.4.jar;C:\\Users\\Dan\\.gradle\\caches\\modules-2\\files-2.1\\org.apache.tomcat.embed\\tomcat-embed-websocket\\9.0.43\\78232648dde1a5fd5093f0a3999e593d208e2eab\\tomcat-embed-websocket-9.0.43.jar;C:\\Users\\Dan\\.gradle\\caches\\modules-2\\files-2.1\\org.apache.tomcat.embed\\tomcat-embed-core\\9.0.43\\1d102277426bdd5b12f048731a91665bb69347d1\\tomcat-embed-core-9.0.43.jar;C:\\Users\\Dan\\.gradle\\caches\\modules-2\\files-2.1\\org.glassfish\\jakarta.el\\3.0.3\\dab46ee1ee23f7197c13d7c40fce14817c9017df\\jakarta.el-3.0.3.jar;C:\\Users\\Dan\\.gradle\\caches\\modules-2\\files-2.1\\org.glassfish.jaxb\\txw2\\2.3.1\\a09d2c48d3285f206fafbffe0e50619284e92126\\txw2-2.3.1.jar;C:\\Users\\Dan\\.gradle\\caches\\modules-2\\files-2.1\\com.sun.istack\\istack-commons-runtime\\3.0.7\\c197c86ceec7318b1284bffb49b54226ca774003\\istack-commons-runtime-3.0.7.jar;C:\\Users\\Dan\\.gradle\\caches\\modules-2\\files-2.1\\org.jvnet.staxex\\stax-ex\\1.8\\8cc35f73da321c29973191f2cf143d29d26a1df7\\stax-ex-1.8.jar;C:\\Users\\Dan\\.gradle\\caches\\modules-2\\files-2.1\\com.sun.xml.fastinfoset\\FastInfoset\\1.2.15\\bb7b7ec0379982b97c62cd17465cb6d9155f68e8\\FastInfoset-1.2.15.jar;C:\\Users\\Dan\\.gradle\\caches\\modules-2\\files-2.1\\ch.qos.logback\\logback-classic\\1.2.3\\7c4f3c474fb2c041d8028740440937705ebb473a\\logback-classic-1.2.3.jar;C:\\Users\\Dan\\.gradle\\caches\\modules-2\\files-2.1\\org.apache.logging.log4j\\log4j-to-slf4j\\2.13.3\\966f6fd1af4959d6b12bfa880121d4a2b164f857\\log4j-to-slf4j-2.13.3.jar;C:\\Users\\Dan\\.gradle\\caches\\modules-2\\files-2.1\\org.slf4j\\jul-to-slf4j\\1.7.30\\d58bebff8cbf70ff52b59208586095f467656c30\\jul-to-slf4j-1.7.30.jar;C:\\Users\\Dan\\.gradle\\caches\\modules-2\\files-2.1\\org.springframework\\spring-jcl\\5.3.4\\ca012eb4e9e57f767aa9d5e51fe9a09b28140808\\spring-jcl-5.3.4.jar;C:\\Users\\Dan\\.gradle\\caches\\modules-2\\files-2.1\\com.fasterxml.jackson.core\\jackson-annotations\\2.11.4\\2c3f5c079330f3a01726686a078979420f547ae4\\jackson-annotations-2.11.4.jar;C:\\Users\\Dan\\.gradle\\caches\\modules-2\\files-2.1\\com.fasterxml.jackson.core\\jackson-core\\2.11.4\\593f7b18bab07a76767f181e2a2336135ce82cc4\\jackson-core-2.11.4.jar;C:\\Users\\Dan\\.gradle\\caches\\modules-2\\files-2.1\\ch.qos.logback\\logback-core\\1.2.3\\864344400c3d4d92dfeb0a305dc87d953677c03c\\logback-core-1.2.3.jar;C:\\Users\\Dan\\.gradle\\caches\\modules-2\\files-2.1\\org.slf4j\\slf4j-api\\1.7.30\\b5a4b6d16ab13e34a88fae84c35cd5d68cac922c\\slf4j-api-1.7.30.jar;C:\\Users\\Dan\\.gradle\\caches\\modules-2\\files-2.1\\org.apache.logging.log4j\\log4j-api\\2.13.3\\ec1508160b93d274b1add34419b897bae84c6ca9\\log4j-api-2.13.3.jar, java.vm.vendor=Oracle Corporation, sun.arch.data.model=64, user.variant=, java.vendor.url=http://java.oracle.com/, user.timezone=Europe/Athens, os.name=Windows 10, java.vm.specification.version=11, user.country=US, sun.java.launcher=SUN_STANDARD, sun.boot.library.path=C:\Program Files\Java\jdk-11.0.6\bin, sun.java.command=worker.org.gradle.process.internal.worker.GradleWorkerMain 'Gradle Test Executor 3', jdk.debug=release, sun.cpu.endian=little, user.home=C:\Users\Dan, user.language=en, java.specification.vendor=Oracle Corporation, org.gradle.native=false, java.version.date=2020-01-14, java.home=C:\Program Files\Java\jdk-11.0.6, file.separator=\, java.vm.compressedOopsMode=32-bit, line.separator=
, java.specification.name=Java Platform API Specification, java.vm.specification.vendor=Oracle Corporation, java.awt.graphicsenv=sun.awt.Win32GraphicsEnvironment, hibernate.hbm2ddl.auto=update, user.script=, sun.management.compiler=HotSpot 64-Bit Tiered Compilers, java.runtime.version=11.0.6+8-LTS, user.name=Dan, path.separator=;, hibernate.connection.username=****, os.version=10.0, hibernate.enable_lazy_load_no_trans=true, java.runtime.name=Java(TM) SE Runtime Environment, hibernate.connection.url=jdbc:sqlite:D:\Facultate\Projects\OrganizareCompanie\database, file.encoding=windows-1250, java.vm.name=Java HotSpot(TM) 64-Bit Server VM, hibernate.show_sql=true, java.vendor.version=18.9, hibernate.current_session_context_class=thread, hibernate.connection.driver_class=org.sqlite.JDBC, java.vendor.url.bug=http://bugreport.java.com/bugreport/, java.io.tmpdir=C:\Users\Dan\AppData\Local\Temp\, java.version=11.0.6, user.dir=D:\Facultate\Projects\OrganizareCompanie, os.arch=amd64, java.vm.specification.name=Java Virtual Machine Specification, java.awt.printerjob=sun.awt.windows.WPrinterJob, hibernate.connection.password=****, sun.os.patch.level=, connection.driver_class=org.sqlite.JDBC, hibernate.boot.CfgXmlAccessService.key=org.hibernate.boot.cfgxml.spi.LoadedConfig@5ed9af81, java.library.path=C:\Program Files\Java\jdk-11.0.6\bin;C:\WINDOWS\Sun\Java\bin;C:\WINDOWS\system32;C:\WINDOWS;;C:\Python38\Scripts\;C:\Python38\;D:\Facultate\Scripts\;D:\Facultate\;C:\Users\Dan\Desktop\Facultate 2018-2019\Semestrul I\Fundamentele programarii\Python\Scripts\;C:\Users\Dan\Desktop\Facultate 2018-2019\Semestrul I\Fundamentele programarii\Python\;C:\Users\Dan\Desktop\Facultate 2018-2019\Semestrul I\Fundamentele programarii\Scripts\;C:\Users\Dan\Desktop\Facultate 2018-2019\Semestrul I\Fundamentele programarii\;C:\WINDOWS\system32;C:\WINDOWS;C:\WINDOWS\System32\Wbem;C:\WINDOWS\System32\WindowsPowerShell\v1.0\;C:\WINDOWS\System32\OpenSSH\;D:\Facultate\PuTTY\;C:\Program Files\dotnet\;C:\Program Files\Microsoft SQL Server\Client SDK\ODBC\170\Tools\Binn\;C:\Users\Dan\Proto\bin;D:\Facultate\NodeJS\;C:\ProgramData\chocolatey\bin;C:\Program Files\Git\cmd;C:\Program Files\Java\jdk-10.0.2\bin;C:\Program Files (x86)\GnuWin32\bin;C:\MinGW\bin;C:\Program Files\Java\jdk-11.0.6\bin;C:\WINDOWS\system32;C:\WINDOWS;C:\WINDOWS\System32\Wbem;C:\WINDOWS\System32\WindowsPowerShell\v1.0\;C:\WINDOWS\System32\OpenSSH\;C:\Program Files\Intel\WiFi\bin\;C:\Program Files\Common Files\Intel\WirelessCommon\;D:\Facultate\Python\Scripts\;D:\Facultate\Python\;C:\Users\Dan\AppData\Local\Microsoft\WindowsApps;C:\Users\Dan\AppData\Local\GitHubDesktop\bin;C:\Users\Dan\AppData\Roaming\npm;D:\Facultate\Microsoft VS Code\bin;C:\Users\Dan\AppData\Local\Microsoft\WindowsApps;C:\Users\Dan\Documents\driver;;., java.vendor=Oracle Corporation, java.vm.info=mixed mode, java.vm.version=11.0.6+8-LTS, hibernate.bytecode.use_reflection_optimizer=false, sun.io.unicode.encoding=UnicodeLittle, hibernate.connection.pool_size=1, connection.url=jdbc:sqlite:D:\Facultate\Projects\OrganizareCompanie\database, java.class.version=55.0}
21:23:01.772 [Test worker] DEBUG org.hibernate.secure.spi.JaccIntegrator - Skipping JACC integration as it was not enabled
21:23:01.772 [Test worker] DEBUG org.hibernate.internal.SessionFactoryImpl - Instantiated session factory
21:23:01.772 [Test worker] DEBUG org.hibernate.type.spi.TypeConfiguration$Scope - Scoping TypeConfiguration [org.hibernate.type.spi.TypeConfiguration@1f044dbe] to SessionFactoryImpl [org.hibernate.internal.SessionFactoryImpl@7acf69e0]
21:23:01.772 [Test worker] DEBUG org.hibernate.boot.internal.ClassLoaderAccessImpl - Not known whether passed class name [domain.Functie] is safe
21:23:01.772 [Test worker] DEBUG org.hibernate.boot.internal.ClassLoaderAccessImpl - No temp ClassLoader provided; using live ClassLoader for loading potentially unsafe class : domain.Functie
21:23:01.772 [Test worker] DEBUG org.hibernate.boot.internal.ClassLoaderAccessImpl - Not known whether passed class name [domain.Departament] is safe
21:23:01.772 [Test worker] DEBUG org.hibernate.boot.internal.ClassLoaderAccessImpl - No temp ClassLoader provided; using live ClassLoader for loading potentially unsafe class : domain.Departament
21:23:01.772 [Test worker] DEBUG org.hibernate.boot.internal.ClassLoaderAccessImpl - Not known whether passed class name [domain.Angajat] is safe
21:23:01.772 [Test worker] DEBUG org.hibernate.boot.internal.ClassLoaderAccessImpl - No temp ClassLoader provided; using live ClassLoader for loading potentially unsafe class : domain.Angajat
21:23:01.772 [Test worker] DEBUG org.hibernate.boot.internal.ClassLoaderAccessImpl - Not known whether passed class name [domain.Proiect] is safe
21:23:01.772 [Test worker] DEBUG org.hibernate.boot.internal.ClassLoaderAccessImpl - No temp ClassLoader provided; using live ClassLoader for loading potentially unsafe class : domain.Proiect
21:23:01.772 [Test worker] DEBUG org.hibernate.boot.internal.ClassLoaderAccessImpl - Not known whether passed class name [domain.Concediu] is safe
21:23:01.772 [Test worker] DEBUG org.hibernate.boot.internal.ClassLoaderAccessImpl - No temp ClassLoader provided; using live ClassLoader for loading potentially unsafe class : domain.Concediu
21:23:01.788 [Test worker] DEBUG org.hibernate.persister.collection.AbstractCollectionPersister - Static SQL for collection: domain.Angajat.proiecte
21:23:01.788 [Test worker] DEBUG org.hibernate.persister.collection.AbstractCollectionPersister -  Row insert: insert into angajati_proiecte (id_angajat, id_proiect) values (?, ?)
21:23:01.788 [Test worker] DEBUG org.hibernate.persister.collection.AbstractCollectionPersister -  Row update: update angajati_proiecte set id_proiect=? where id_angajat=? and id_proiect=?
21:23:01.788 [Test worker] DEBUG org.hibernate.persister.collection.AbstractCollectionPersister -  Row delete: delete from angajati_proiecte where id_angajat=? and id_proiect=?
21:23:01.788 [Test worker] DEBUG org.hibernate.persister.collection.AbstractCollectionPersister -  One-shot delete: delete from angajati_proiecte where id_angajat=?
21:23:01.788 [Test worker] DEBUG org.hibernate.persister.collection.AbstractCollectionPersister - Static SQL for collection: domain.Angajat.concedii
21:23:01.788 [Test worker] DEBUG org.hibernate.persister.collection.AbstractCollectionPersister -  Row insert: update concedii set id_angajat=? where id=?
21:23:01.788 [Test worker] DEBUG org.hibernate.persister.collection.AbstractCollectionPersister -  Row update: update concedii set  where id=?
21:23:01.788 [Test worker] DEBUG org.hibernate.persister.collection.AbstractCollectionPersister -  Row delete: update concedii set id_angajat=null where id_angajat=? and id=?
21:23:01.788 [Test worker] DEBUG org.hibernate.persister.collection.AbstractCollectionPersister -  One-shot delete: update concedii set id_angajat=null where id_angajat=?
21:23:01.788 [Test worker] DEBUG org.hibernate.persister.collection.AbstractCollectionPersister - Static SQL for collection: domain.Angajat.departamente
21:23:01.788 [Test worker] DEBUG org.hibernate.persister.collection.AbstractCollectionPersister -  Row insert: insert into angajati_departamente (id_angajat, id_departament) values (?, ?)
21:23:01.788 [Test worker] DEBUG org.hibernate.persister.collection.AbstractCollectionPersister -  Row update: update angajati_departamente set id_departament=? where id_angajat=? and id_departament=?
21:23:01.788 [Test worker] DEBUG org.hibernate.persister.collection.AbstractCollectionPersister -  Row delete: delete from angajati_departamente where id_angajat=? and id_departament=?
21:23:01.788 [Test worker] DEBUG org.hibernate.persister.collection.AbstractCollectionPersister -  One-shot delete: delete from angajati_departamente where id_angajat=?
21:23:01.788 [Test worker] DEBUG org.hibernate.persister.entity.AbstractEntityPersister - Static SQL for entity: domain.Functie
21:23:01.788 [Test worker] DEBUG org.hibernate.persister.entity.AbstractEntityPersister -  Version select: select id from functii where id =?
21:23:01.788 [Test worker] DEBUG org.hibernate.persister.entity.AbstractEntityPersister -  Snapshot select: select functie_.id, functie_.salar_de_baza as salar_de2_5_ from functii functie_ where functie_.id=?
21:23:01.788 [Test worker] DEBUG org.hibernate.persister.entity.AbstractEntityPersister -  Insert 0: insert into functii (salar_de_baza, id) values (?, ?)
21:23:01.788 [Test worker] DEBUG org.hibernate.persister.entity.AbstractEntityPersister -  Update 0: update functii set salar_de_baza=? where id=?
21:23:01.788 [Test worker] DEBUG org.hibernate.persister.entity.AbstractEntityPersister -  Delete 0: delete from functii where id=?
21:23:01.788 [Test worker] DEBUG org.hibernate.persister.entity.AbstractEntityPersister -  Identity insert: insert into functii (salar_de_baza) values (?)
21:23:01.788 [Test worker] DEBUG org.hibernate.loader.plan.build.internal.spaces.QuerySpacesImpl - Adding QuerySpace : uid = <gen:0> -> org.hibernate.loader.plan.build.internal.spaces.EntityQuerySpaceImpl@3c01a96f]
21:23:01.788 [Test worker] DEBUG org.hibernate.persister.walking.spi.MetamodelGraphWalker - Visiting attribute path : salarDeBaza
21:23:01.788 [Test worker] DEBUG org.hibernate.loader.plan.build.internal.FetchStyleLoadPlanBuildingAssociationVisitationStrategy - Building LoadPlan...
21:23:01.788 [Test worker] DEBUG org.hibernate.loader.plan.exec.internal.LoadQueryJoinAndFetchProcessor - processing queryspace <gen:0>
21:23:01.788 [Test worker] DEBUG org.hibernate.loader.plan.build.spi.LoadPlanTreePrinter - LoadPlan(entity=domain.Functie)
    - Returns
       - EntityReturnImpl(entity=domain.Functie, querySpaceUid=<gen:0>, path=domain.Functie)
    - QuerySpaces
       - EntityQuerySpaceImpl(uid=<gen:0>, entity=domain.Functie)
          - SQL table alias mapping - functie0_
          - alias suffix - 0_
          - suffixed key columns - {id1_5_0_}

21:23:01.788 [Test worker] DEBUG org.hibernate.loader.entity.plan.EntityLoader - Static select for entity domain.Functie [NONE]: select functie0_.id as id1_5_0_, functie0_.salar_de_baza as salar_de2_5_0_ from functii functie0_ where functie0_.id=?
21:23:01.788 [Test worker] DEBUG org.hibernate.persister.entity.AbstractEntityPersister - Static SQL for entity: domain.Departament
21:23:01.788 [Test worker] DEBUG org.hibernate.persister.entity.AbstractEntityPersister -  Version select: select id from departamente where id =?
21:23:01.788 [Test worker] DEBUG org.hibernate.persister.entity.AbstractEntityPersister -  Snapshot select: select departamen_.id, departamen_.id_director as id_direc2_4_ from departamente departamen_ where departamen_.id=?
21:23:01.788 [Test worker] DEBUG org.hibernate.persister.entity.AbstractEntityPersister -  Insert 0: insert into departamente (id_director, id) values (?, ?)
21:23:01.788 [Test worker] DEBUG org.hibernate.persister.entity.AbstractEntityPersister -  Update 0: update departamente set id_director=? where id=?
21:23:01.788 [Test worker] DEBUG org.hibernate.persister.entity.AbstractEntityPersister -  Delete 0: delete from departamente where id=?
21:23:01.788 [Test worker] DEBUG org.hibernate.persister.entity.AbstractEntityPersister -  Identity insert: insert into departamente (id_director) values (?)
21:23:01.788 [Test worker] DEBUG org.hibernate.loader.plan.build.internal.spaces.QuerySpacesImpl - Adding QuerySpace : uid = <gen:0> -> org.hibernate.loader.plan.build.internal.spaces.EntityQuerySpaceImpl@5105c147]
21:23:01.788 [Test worker] DEBUG org.hibernate.persister.walking.spi.MetamodelGraphWalker - Visiting attribute path : idDirector
21:23:01.788 [Test worker] DEBUG org.hibernate.loader.plan.build.internal.FetchStyleLoadPlanBuildingAssociationVisitationStrategy - Building LoadPlan...
21:23:01.788 [Test worker] DEBUG org.hibernate.loader.plan.exec.internal.LoadQueryJoinAndFetchProcessor - processing queryspace <gen:0>
21:23:01.788 [Test worker] DEBUG org.hibernate.loader.plan.build.spi.LoadPlanTreePrinter - LoadPlan(entity=domain.Departament)
    - Returns
       - EntityReturnImpl(entity=domain.Departament, querySpaceUid=<gen:0>, path=domain.Departament)
    - QuerySpaces
       - EntityQuerySpaceImpl(uid=<gen:0>, entity=domain.Departament)
          - SQL table alias mapping - departamen0_
          - alias suffix - 0_
          - suffixed key columns - {id1_4_0_}

21:23:01.788 [Test worker] DEBUG org.hibernate.loader.entity.plan.EntityLoader - Static select for entity domain.Departament [NONE]: select departamen0_.id as id1_4_0_, departamen0_.id_director as id_direc2_4_0_ from departamente departamen0_ where departamen0_.id=?
21:23:01.788 [Test worker] DEBUG org.hibernate.persister.entity.AbstractEntityPersister - Static SQL for entity: domain.Angajat
21:23:01.788 [Test worker] DEBUG org.hibernate.persister.entity.AbstractEntityPersister -  Version select: select id from angajati where id =?
21:23:01.788 [Test worker] DEBUG org.hibernate.persister.entity.AbstractEntityPersister -  Snapshot select: select angajat_.id, angajat_.data_angajare as data_ang2_0_, angajat_.functie_id as functie_4_0_, angajat_.id_superior as id_super3_0_ from angajati angajat_ where angajat_.id=?
21:23:01.788 [Test worker] DEBUG org.hibernate.persister.entity.AbstractEntityPersister -  Insert 0: insert into angajati (data_angajare, functie_id, id_superior, id) values (?, ?, ?, ?)
21:23:01.788 [Test worker] DEBUG org.hibernate.persister.entity.AbstractEntityPersister -  Update 0: update angajati set data_angajare=?, functie_id=?, id_superior=? where id=?
21:23:01.788 [Test worker] DEBUG org.hibernate.persister.entity.AbstractEntityPersister -  Delete 0: delete from angajati where id=?
21:23:01.788 [Test worker] DEBUG org.hibernate.persister.entity.AbstractEntityPersister -  Identity insert: insert into angajati (data_angajare, functie_id, id_superior) values (?, ?, ?)
21:23:01.788 [Test worker] DEBUG org.hibernate.loader.plan.build.internal.spaces.QuerySpacesImpl - Adding QuerySpace : uid = <gen:0> -> org.hibernate.loader.plan.build.internal.spaces.EntityQuerySpaceImpl@5d4c2289]
21:23:01.788 [Test worker] DEBUG org.hibernate.persister.walking.spi.MetamodelGraphWalker - Visiting attribute path : concedii
21:23:01.788 [Test worker] DEBUG org.hibernate.loader.plan.build.internal.spaces.QuerySpacesImpl - Adding QuerySpace : uid = <gen:1> -> org.hibernate.loader.plan.build.internal.spaces.CollectionQuerySpaceImpl@bbd5a37]
21:23:01.788 [Test worker] DEBUG org.hibernate.loader.plan.build.internal.spaces.QuerySpacesImpl - Adding QuerySpace : uid = <gen:2> -> org.hibernate.loader.plan.build.internal.spaces.EntityQuerySpaceImpl@5afe65dd]
21:23:01.788 [Test worker] DEBUG org.hibernate.persister.walking.spi.MetamodelGraphWalker - Visiting attribute path : dataAngajare
21:23:01.788 [Test worker] DEBUG org.hibernate.persister.walking.spi.MetamodelGraphWalker - Visiting attribute path : departamente
21:23:01.788 [Test worker] DEBUG org.hibernate.loader.plan.build.internal.spaces.QuerySpacesImpl - Adding QuerySpace : uid = <gen:3> -> org.hibernate.loader.plan.build.internal.spaces.CollectionQuerySpaceImpl@661a5c61]
21:23:01.788 [Test worker] DEBUG org.hibernate.loader.plan.build.internal.spaces.QuerySpacesImpl - Adding QuerySpace : uid = <gen:4> -> org.hibernate.loader.plan.build.internal.spaces.EntityQuerySpaceImpl@7fdebf90]
21:23:01.788 [Test worker] DEBUG org.hibernate.persister.walking.spi.MetamodelGraphWalker - Visiting attribute path : functie
21:23:01.788 [Test worker] DEBUG org.hibernate.loader.plan.build.internal.spaces.QuerySpacesImpl - Adding QuerySpace : uid = <gen:5> -> org.hibernate.loader.plan.build.internal.spaces.EntityQuerySpaceImpl@1e532ebe]
21:23:01.788 [Test worker] DEBUG org.hibernate.persister.walking.spi.MetamodelGraphWalker - Visiting attribute path : functie.salarDeBaza
21:23:01.788 [Test worker] DEBUG org.hibernate.persister.walking.spi.MetamodelGraphWalker - Visiting attribute path : idSuperior
21:23:01.788 [Test worker] DEBUG org.hibernate.persister.walking.spi.MetamodelGraphWalker - Visiting attribute path : proiecte
21:23:01.788 [Test worker] DEBUG org.hibernate.loader.plan.build.internal.spaces.QuerySpacesImpl - Adding QuerySpace : uid = <gen:6> -> org.hibernate.loader.plan.build.internal.spaces.CollectionQuerySpaceImpl@3e7cbf4]
21:23:01.788 [Test worker] DEBUG org.hibernate.loader.plan.build.internal.spaces.QuerySpacesImpl - Adding QuerySpace : uid = <gen:7> -> org.hibernate.loader.plan.build.internal.spaces.EntityQuerySpaceImpl@9cfc627]
21:23:01.788 [Test worker] DEBUG org.hibernate.loader.plan.build.internal.FetchStyleLoadPlanBuildingAssociationVisitationStrategy - Building LoadPlan...
21:23:01.788 [Test worker] DEBUG org.hibernate.loader.plan.exec.internal.LoadQueryJoinAndFetchProcessor - processing queryspace <gen:0>
21:23:01.788 [Test worker] DEBUG org.hibernate.loader.plan.build.spi.LoadPlanTreePrinter - LoadPlan(entity=domain.Angajat)
    - Returns
       - EntityReturnImpl(entity=domain.Angajat, querySpaceUid=<gen:0>, path=domain.Angajat)
          - CollectionAttributeFetchImpl(collection=domain.Angajat.concedii, querySpaceUid=<gen:1>, path=domain.Angajat.concedii)
             - (collection element) CollectionFetchableElementEntityGraph(entity=domain.Concediu, querySpaceUid=<gen:2>, path=domain.Angajat.concedii.<elements>)
          - CollectionAttributeFetchImpl(collection=domain.Angajat.departamente, querySpaceUid=<gen:3>, path=domain.Angajat.departamente)
             - (collection element) CollectionFetchableElementEntityGraph(entity=domain.Departament, querySpaceUid=<gen:4>, path=domain.Angajat.departamente.<elements>)
          - EntityAttributeFetchImpl(entity=domain.Functie, querySpaceUid=<gen:5>, path=domain.Angajat.functie)
          - CollectionAttributeFetchImpl(collection=domain.Angajat.proiecte, querySpaceUid=<gen:6>, path=domain.Angajat.proiecte)
             - (collection element) CollectionFetchableElementEntityGraph(entity=domain.Proiect, querySpaceUid=<gen:7>, path=domain.Angajat.proiecte.<elements>)
    - QuerySpaces
       - EntityQuerySpaceImpl(uid=<gen:0>, entity=domain.Angajat)
          - SQL table alias mapping - angajat0_
          - alias suffix - 0_
          - suffixed key columns - {id1_0_0_}
          - JOIN (JoinDefinedByMetadata(functie)) : <gen:0> -> <gen:5>
             - EntityQuerySpaceImpl(uid=<gen:5>, entity=domain.Functie)
                - SQL table alias mapping - functie1_
                - alias suffix - 1_
                - suffixed key columns - {id1_5_1_}

21:23:01.788 [Test worker] DEBUG org.hibernate.loader.entity.plan.EntityLoader - Static select for entity domain.Angajat [NONE]: select angajat0_.id as id1_0_0_, angajat0_.data_angajare as data_ang2_0_0_, angajat0_.functie_id as functie_4_0_0_, angajat0_.id_superior as id_super3_0_0_, functie1_.id as id1_5_1_, functie1_.salar_de_baza as salar_de2_5_1_ from angajati angajat0_ left outer join functii functie1_ on angajat0_.functie_id=functie1_.id where angajat0_.id=?
21:23:01.788 [Test worker] DEBUG org.hibernate.persister.entity.AbstractEntityPersister - Static SQL for entity: domain.Proiect
21:23:01.788 [Test worker] DEBUG org.hibernate.persister.entity.AbstractEntityPersister -  Version select: select id from proiecte where id =?
21:23:01.788 [Test worker] DEBUG org.hibernate.persister.entity.AbstractEntityPersister -  Snapshot select: select proiect_.id, proiect_.data_inceput as data_inc2_6_, proiect_.deadline as deadline3_6_ from proiecte proiect_ where proiect_.id=?
21:23:01.788 [Test worker] DEBUG org.hibernate.persister.entity.AbstractEntityPersister -  Insert 0: insert into proiecte (data_inceput, deadline, id) values (?, ?, ?)
21:23:01.788 [Test worker] DEBUG org.hibernate.persister.entity.AbstractEntityPersister -  Update 0: update proiecte set data_inceput=?, deadline=? where id=?
21:23:01.788 [Test worker] DEBUG org.hibernate.persister.entity.AbstractEntityPersister -  Delete 0: delete from proiecte where id=?
21:23:01.788 [Test worker] DEBUG org.hibernate.persister.entity.AbstractEntityPersister -  Identity insert: insert into proiecte (data_inceput, deadline) values (?, ?)
21:23:01.788 [Test worker] DEBUG org.hibernate.loader.plan.build.internal.spaces.QuerySpacesImpl - Adding QuerySpace : uid = <gen:0> -> org.hibernate.loader.plan.build.internal.spaces.EntityQuerySpaceImpl@e6e2f7e]
21:23:01.788 [Test worker] DEBUG org.hibernate.persister.walking.spi.MetamodelGraphWalker - Visiting attribute path : dataInceput
21:23:01.788 [Test worker] DEBUG org.hibernate.persister.walking.spi.MetamodelGraphWalker - Visiting attribute path : deadline
21:23:01.788 [Test worker] DEBUG org.hibernate.loader.plan.build.internal.FetchStyleLoadPlanBuildingAssociationVisitationStrategy - Building LoadPlan...
21:23:01.788 [Test worker] DEBUG org.hibernate.loader.plan.exec.internal.LoadQueryJoinAndFetchProcessor - processing queryspace <gen:0>
21:23:01.788 [Test worker] DEBUG org.hibernate.loader.plan.build.spi.LoadPlanTreePrinter - LoadPlan(entity=domain.Proiect)
    - Returns
       - EntityReturnImpl(entity=domain.Proiect, querySpaceUid=<gen:0>, path=domain.Proiect)
    - QuerySpaces
       - EntityQuerySpaceImpl(uid=<gen:0>, entity=domain.Proiect)
          - SQL table alias mapping - proiect0_
          - alias suffix - 0_
          - suffixed key columns - {id1_6_0_}

21:23:01.788 [Test worker] DEBUG org.hibernate.loader.entity.plan.EntityLoader - Static select for entity domain.Proiect [NONE]: select proiect0_.id as id1_6_0_, proiect0_.data_inceput as data_inc2_6_0_, proiect0_.deadline as deadline3_6_0_ from proiecte proiect0_ where proiect0_.id=?
21:23:01.788 [Test worker] DEBUG org.hibernate.persister.entity.AbstractEntityPersister - Static SQL for entity: domain.Concediu
21:23:01.788 [Test worker] DEBUG org.hibernate.persister.entity.AbstractEntityPersister -  Version select: select id from concedii where id =?
21:23:01.788 [Test worker] DEBUG org.hibernate.persister.entity.AbstractEntityPersister -  Snapshot select: select concediu_.id, concediu_.id_angajat as id_angaj4_3_, concediu_.data_inceput as data_inc2_3_, concediu_.data_sfarsit as data_sfa3_3_ from concedii concediu_ where concediu_.id=?
21:23:01.788 [Test worker] DEBUG org.hibernate.persister.entity.AbstractEntityPersister -  Insert 0: insert into concedii (id_angajat, data_inceput, data_sfarsit, id) values (?, ?, ?, ?)
21:23:01.788 [Test worker] DEBUG org.hibernate.persister.entity.AbstractEntityPersister -  Update 0: update concedii set id_angajat=?, data_inceput=?, data_sfarsit=? where id=?
21:23:01.788 [Test worker] DEBUG org.hibernate.persister.entity.AbstractEntityPersister -  Delete 0: delete from concedii where id=?
21:23:01.788 [Test worker] DEBUG org.hibernate.persister.entity.AbstractEntityPersister -  Identity insert: insert into concedii (id_angajat, data_inceput, data_sfarsit) values (?, ?, ?)
21:23:01.788 [Test worker] DEBUG org.hibernate.loader.plan.build.internal.spaces.QuerySpacesImpl - Adding QuerySpace : uid = <gen:0> -> org.hibernate.loader.plan.build.internal.spaces.EntityQuerySpaceImpl@57241b1c]
21:23:01.788 [Test worker] DEBUG org.hibernate.persister.walking.spi.MetamodelGraphWalker - Visiting attribute path : angajat
21:23:01.788 [Test worker] DEBUG org.hibernate.loader.plan.build.internal.spaces.QuerySpacesImpl - Adding QuerySpace : uid = <gen:1> -> org.hibernate.loader.plan.build.internal.spaces.EntityQuerySpaceImpl@5f47cf85]
21:23:01.788 [Test worker] DEBUG org.hibernate.persister.walking.spi.MetamodelGraphWalker - Visiting attribute path : dataInceput
21:23:01.788 [Test worker] DEBUG org.hibernate.persister.walking.spi.MetamodelGraphWalker - Visiting attribute path : dataSfarsit
21:23:01.788 [Test worker] DEBUG org.hibernate.loader.plan.build.internal.FetchStyleLoadPlanBuildingAssociationVisitationStrategy - Building LoadPlan...
21:23:01.788 [Test worker] DEBUG org.hibernate.loader.plan.exec.internal.LoadQueryJoinAndFetchProcessor - processing queryspace <gen:0>
21:23:01.788 [Test worker] DEBUG org.hibernate.loader.plan.build.spi.LoadPlanTreePrinter - LoadPlan(entity=domain.Concediu)
    - Returns
       - EntityReturnImpl(entity=domain.Concediu, querySpaceUid=<gen:0>, path=domain.Concediu)
          - EntityAttributeFetchImpl(entity=domain.Angajat, querySpaceUid=<gen:1>, path=domain.Concediu.angajat)
    - QuerySpaces
       - EntityQuerySpaceImpl(uid=<gen:0>, entity=domain.Concediu)
          - SQL table alias mapping - concediu0_
          - alias suffix - 0_
          - suffixed key columns - {id1_3_0_}

21:23:01.788 [Test worker] DEBUG org.hibernate.loader.entity.plan.EntityLoader - Static select for entity domain.Concediu [NONE]: select concediu0_.id as id1_3_0_, concediu0_.id_angajat as id_angaj4_3_0_, concediu0_.data_inceput as data_inc2_3_0_, concediu0_.data_sfarsit as data_sfa3_3_0_ from concedii concediu0_ where concediu0_.id=?
21:23:01.788 [Test worker] DEBUG org.hibernate.loader.plan.build.internal.spaces.QuerySpacesImpl - Adding QuerySpace : uid = <gen:0> -> org.hibernate.loader.plan.build.internal.spaces.CollectionQuerySpaceImpl@3b2cb647]
21:23:01.788 [Test worker] DEBUG org.hibernate.loader.plan.build.internal.spaces.QuerySpacesImpl - Adding QuerySpace : uid = <gen:1> -> org.hibernate.loader.plan.build.internal.spaces.EntityQuerySpaceImpl@4ca7b6c5]
21:23:01.788 [Test worker] DEBUG org.hibernate.persister.walking.spi.MetamodelGraphWalker - Visiting attribute path : dataInceput
21:23:01.788 [Test worker] DEBUG org.hibernate.persister.walking.spi.MetamodelGraphWalker - Visiting attribute path : deadline
21:23:01.788 [Test worker] DEBUG org.hibernate.loader.plan.build.internal.FetchStyleLoadPlanBuildingAssociationVisitationStrategy - Building LoadPlan...
21:23:01.788 [Test worker] DEBUG org.hibernate.loader.plan.exec.internal.LoadQueryJoinAndFetchProcessor - processing queryspace <gen:0>
21:23:01.788 [Test worker] DEBUG org.hibernate.loader.plan.build.spi.LoadPlanTreePrinter - LoadPlan(collection=domain.Angajat.proiecte)
    - Returns
       - CollectionReturnImpl(collection=domain.Angajat.proiecte, querySpaceUid=<gen:0>, path=[domain.Angajat.proiecte])
          - (collection element) CollectionFetchableElementEntityGraph(entity=domain.Proiect, querySpaceUid=<gen:1>, path=[domain.Angajat.proiecte].<elements>)
    - QuerySpaces
       - CollectionQuerySpaceImpl(uid=<gen:0>, collection=domain.Angajat.proiecte)
          - SQL table alias mapping - proiecte0_
          - alias suffix - 0_
          - suffixed key columns - {id_angaj1_2_0_}
          - entity-element alias suffix - 1_
          - 1_entity-element suffixed key columns - id1_6_1_
          - JOIN (JoinDefinedByMetadata(elements)) : <gen:0> -> <gen:1>
             - EntityQuerySpaceImpl(uid=<gen:1>, entity=domain.Proiect)
                - SQL table alias mapping - proiect1_
                - alias suffix - 1_
                - suffixed key columns - {id1_6_1_}

21:23:01.788 [Test worker] DEBUG org.hibernate.loader.collection.plan.CollectionLoader - Static select for collection domain.Angajat.proiecte: select proiecte0_.id_angajat as id_angaj1_2_0_, proiecte0_.id_proiect as id_proie2_2_0_, proiect1_.id as id1_6_1_, proiect1_.data_inceput as data_inc2_6_1_, proiect1_.deadline as deadline3_6_1_ from angajati_proiecte proiecte0_ inner join proiecte proiect1_ on proiecte0_.id_proiect=proiect1_.id where proiecte0_.id_angajat=?
21:23:01.788 [Test worker] DEBUG org.hibernate.loader.plan.build.internal.spaces.QuerySpacesImpl - Adding QuerySpace : uid = <gen:0> -> org.hibernate.loader.plan.build.internal.spaces.CollectionQuerySpaceImpl@3bd1d2f9]
21:23:01.788 [Test worker] DEBUG org.hibernate.loader.plan.build.internal.spaces.QuerySpacesImpl - Adding QuerySpace : uid = <gen:1> -> org.hibernate.loader.plan.build.internal.spaces.EntityQuerySpaceImpl@4ab15ad8]
21:23:01.788 [Test worker] DEBUG org.hibernate.persister.walking.spi.MetamodelGraphWalker - Visiting attribute path : angajat
21:23:01.788 [Test worker] DEBUG org.hibernate.persister.walking.spi.MetamodelGraphWalker - Property path deemed to be circular : angajat
21:23:01.788 [Test worker] DEBUG org.hibernate.persister.walking.spi.MetamodelGraphWalker - Visiting attribute path : dataInceput
21:23:01.788 [Test worker] DEBUG org.hibernate.persister.walking.spi.MetamodelGraphWalker - Visiting attribute path : dataSfarsit
21:23:01.788 [Test worker] DEBUG org.hibernate.loader.plan.build.internal.FetchStyleLoadPlanBuildingAssociationVisitationStrategy - Building LoadPlan...
21:23:01.788 [Test worker] DEBUG org.hibernate.loader.plan.exec.internal.LoadQueryJoinAndFetchProcessor - processing queryspace <gen:0>
21:23:01.788 [Test worker] DEBUG org.hibernate.loader.plan.build.spi.LoadPlanTreePrinter - LoadPlan(collection=domain.Angajat.concedii)
    - Returns
       - CollectionReturnImpl(collection=domain.Angajat.concedii, querySpaceUid=<gen:0>, path=[domain.Angajat.concedii])
          - (collection element) CollectionFetchableElementEntityGraph(entity=domain.Concediu, querySpaceUid=<gen:1>, path=[domain.Angajat.concedii].<elements>)
    - QuerySpaces
       - CollectionQuerySpaceImpl(uid=<gen:0>, collection=domain.Angajat.concedii)
          - SQL table alias mapping - concedii0_
          - alias suffix - 0_
          - suffixed key columns - {id_angaj4_3_0_}
          - entity-element alias suffix - 1_
          - 1_entity-element suffixed key columns - id1_3_1_
          - JOIN (JoinDefinedByMetadata(elements)) : <gen:0> -> <gen:1>
             - EntityQuerySpaceImpl(uid=<gen:1>, entity=domain.Concediu)
                - SQL table alias mapping - concedii0_
                - alias suffix - 1_
                - suffixed key columns - {id1_3_1_}

21:23:01.788 [Test worker] DEBUG org.hibernate.loader.collection.plan.CollectionLoader - Static select for collection domain.Angajat.concedii: select concedii0_.id_angajat as id_angaj4_3_0_, concedii0_.id as id1_3_0_, concedii0_.id as id1_3_1_, concedii0_.id_angajat as id_angaj4_3_1_, concedii0_.data_inceput as data_inc2_3_1_, concedii0_.data_sfarsit as data_sfa3_3_1_ from concedii concedii0_ where concedii0_.id_angajat=?
21:23:01.788 [Test worker] DEBUG org.hibernate.loader.plan.build.internal.spaces.QuerySpacesImpl - Adding QuerySpace : uid = <gen:0> -> org.hibernate.loader.plan.build.internal.spaces.CollectionQuerySpaceImpl@48c8bbf3]
21:23:01.788 [Test worker] DEBUG org.hibernate.loader.plan.build.internal.spaces.QuerySpacesImpl - Adding QuerySpace : uid = <gen:1> -> org.hibernate.loader.plan.build.internal.spaces.EntityQuerySpaceImpl@86f5fa8]
21:23:01.788 [Test worker] DEBUG org.hibernate.persister.walking.spi.MetamodelGraphWalker - Visiting attribute path : idDirector
21:23:01.788 [Test worker] DEBUG org.hibernate.loader.plan.build.internal.FetchStyleLoadPlanBuildingAssociationVisitationStrategy - Building LoadPlan...
21:23:01.788 [Test worker] DEBUG org.hibernate.loader.plan.exec.internal.LoadQueryJoinAndFetchProcessor - processing queryspace <gen:0>
21:23:01.788 [Test worker] DEBUG org.hibernate.loader.plan.build.spi.LoadPlanTreePrinter - LoadPlan(collection=domain.Angajat.departamente)
    - Returns
       - CollectionReturnImpl(collection=domain.Angajat.departamente, querySpaceUid=<gen:0>, path=[domain.Angajat.departamente])
          - (collection element) CollectionFetchableElementEntityGraph(entity=domain.Departament, querySpaceUid=<gen:1>, path=[domain.Angajat.departamente].<elements>)
    - QuerySpaces
       - CollectionQuerySpaceImpl(uid=<gen:0>, collection=domain.Angajat.departamente)
          - SQL table alias mapping - departamen0_
          - alias suffix - 0_
          - suffixed key columns - {id_angaj1_1_0_}
          - entity-element alias suffix - 1_
          - 1_entity-element suffixed key columns - id1_4_1_
          - JOIN (JoinDefinedByMetadata(elements)) : <gen:0> -> <gen:1>
             - EntityQuerySpaceImpl(uid=<gen:1>, entity=domain.Departament)
                - SQL table alias mapping - departamen1_
                - alias suffix - 1_
                - suffixed key columns - {id1_4_1_}

21:23:01.788 [Test worker] DEBUG org.hibernate.loader.collection.plan.CollectionLoader - Static select for collection domain.Angajat.departamente: select departamen0_.id_angajat as id_angaj1_1_0_, departamen0_.id_departament as id_depar2_1_0_, departamen1_.id as id1_4_1_, departamen1_.id_director as id_direc2_4_1_ from angajati_departamente departamen0_ inner join departamente departamen1_ on departamen0_.id_departament=departamen1_.id where departamen0_.id_angajat=?
21:23:01.788 [Test worker] INFO org.hibernate.orm.connections.access - HHH10001501: Connection obtained from JdbcConnectionAccess [org.hibernate.engine.jdbc.env.internal.JdbcEnvironmentInitiator$ConnectionProviderJdbcConnectionAccess@5875a3b4] for (non-JTA) DDL execution was not in auto-commit mode; the Connection 'local transaction' will be committed and the Connection will be set into auto-commit mode.
21:23:01.788 [Test worker] DEBUG org.hibernate.mapping.Table - No alter strings for table : angajati
21:23:01.788 [Test worker] DEBUG org.hibernate.mapping.Table - No alter strings for table : angajati_departamente
21:23:01.788 [Test worker] DEBUG org.hibernate.mapping.Table - No alter strings for table : angajati_proiecte
21:23:01.788 [Test worker] DEBUG org.hibernate.mapping.Table - No alter strings for table : concedii
21:23:01.788 [Test worker] DEBUG org.hibernate.mapping.Table - No alter strings for table : departamente
21:23:01.788 [Test worker] DEBUG org.hibernate.mapping.Table - No alter strings for table : functii
21:23:01.788 [Test worker] DEBUG org.hibernate.mapping.Table - No alter strings for table : proiecte
21:23:01.788 [Test worker] DEBUG org.hibernate.query.spi.NamedQueryRepository - Checking 0 named HQL queries
21:23:01.788 [Test worker] DEBUG org.hibernate.query.spi.NamedQueryRepository - Checking 0 named SQL queries
21:23:01.788 [Test worker] DEBUG org.hibernate.internal.SessionFactoryRegistry - Registering SessionFactory: 4d384360-be01-4b59-8b03-ced2f72b55f4 (<unnamed>)
21:23:01.788 [Test worker] DEBUG org.hibernate.internal.SessionFactoryRegistry - Not binding SessionFactory to JNDI, no JNDI name configured
21:23:01.788 [Test worker] DEBUG org.hibernate.stat.internal.StatisticsInitiator - Statistics initialized [enabled=false]
21:23:01.788 [Test worker] DEBUG org.hibernate.engine.transaction.internal.TransactionImpl - On TransactionImpl creation, JpaCompliance#isJpaTransactionComplianceEnabled == false
21:23:01.788 [Test worker] DEBUG org.hibernate.engine.transaction.internal.TransactionImpl - begin
21:23:01.788 [Test worker] DEBUG org.hibernate.hql.internal.QueryTranslatorFactoryInitiator - QueryTranslatorFactory: org.hibernate.hql.internal.ast.ASTQueryTranslatorFactory@1ec4c28e
21:23:01.788 [Test worker] DEBUG org.hibernate.hql.internal.ast.QueryTranslatorImpl - parse() - HQL: select a from domain.Angajat a where id=:id
21:23:01.788 [Test worker] DEBUG org.hibernate.hql.internal.ast.ErrorTracker - throwQueryException() : no errors
21:23:01.788 [Test worker] DEBUG org.hibernate.hql.internal.ast.QueryTranslatorImpl - --- HQL AST ---
 \-[QUERY] Node: 'query'
    +-[SELECT_FROM] Node: 'SELECT_FROM'
    |  +-[FROM] Node: 'from'
    |  |  \-[RANGE] Node: 'RANGE'
    |  |     +-[DOT] Node: '.'
    |  |     |  +-[IDENT] Node: 'domain'
    |  |     |  \-[IDENT] Node: 'Angajat'
    |  |     \-[ALIAS] Node: 'a'
    |  \-[SELECT] Node: 'select'
    |     \-[IDENT] Node: 'a'
    \-[WHERE] Node: 'where'
       \-[EQ] Node: '='
          +-[IDENT] Node: 'id'
          \-[COLON] Node: ':'
             \-[IDENT] Node: 'id'

21:23:01.788 [Test worker] DEBUG org.hibernate.hql.internal.antlr.HqlSqlBaseWalker - select << begin [level=1, statement=select]
21:23:01.788 [Test worker] DEBUG org.hibernate.hql.internal.ast.tree.FromElement - FromClause{level=1} : domain.Angajat (a) -> angajat0_
21:23:01.788 [Test worker] DEBUG org.hibernate.hql.internal.ast.tree.FromReferenceNode - Resolved : a -> angajat0_.id
21:23:01.788 [Test worker] DEBUG org.hibernate.hql.internal.ast.tree.FromReferenceNode - Resolved : {synthetic-alias} -> {synthetic-alias}
21:23:01.788 [Test worker] DEBUG org.hibernate.hql.internal.ast.tree.DotNode - getDataType() : id -> org.hibernate.type.IntegerType@14f541d2
21:23:01.788 [Test worker] DEBUG org.hibernate.hql.internal.ast.tree.FromReferenceNode - Resolved : {synthetic-alias}.id -> angajat0_.id
21:23:01.788 [Test worker] DEBUG org.hibernate.hql.internal.antlr.HqlSqlBaseWalker - select : finishing up [level=1, statement=select]
21:23:01.788 [Test worker] DEBUG org.hibernate.hql.internal.ast.HqlSqlWalker - processQuery() :  ( SELECT ( {select clause} angajat0_.id ) ( FromClause{level=1} angajati angajat0_ ) ( where ( = ( angajat0_.id {synthetic-alias} id ) ? ) ) )
21:23:01.788 [Test worker] DEBUG org.hibernate.hql.internal.ast.util.JoinProcessor - Tables referenced from query nodes:
 \-QueryNode
    +-SelectClause
    | referencedTables(entity Angajat): [angajati]
    |  +-IdentNode
    |  | persister: SingleTableEntityPersister(domain.Angajat)
    |  | originalText: a
    |  \-SqlFragment
    +-FromClause
    |  \-FromElement
    \-SqlNode
       \-BinaryLogicOperatorNode
          +-DotNode
          | persister: SingleTableEntityPersister(domain.Angajat)
          | path: {synthetic-alias}.id
          |  +-IdentNode
          |  | persister: SingleTableEntityPersister(domain.Angajat)
          |  | originalText: {synthetic-alias}
          |  \-IdentNode
          |    persister: null
          |    originalText: id
          \-ParameterNode

21:23:01.788 [Test worker] DEBUG org.hibernate.hql.internal.ast.util.JoinProcessor - Using FROM fragment [angajati angajat0_]
21:23:01.788 [Test worker] DEBUG org.hibernate.hql.internal.antlr.HqlSqlBaseWalker - select >> end [level=1, statement=select]
21:23:01.788 [Test worker] DEBUG org.hibernate.hql.internal.ast.QueryTranslatorImpl - --- SQL AST ---
 \-[SELECT] QueryNode: 'SELECT'  querySpaces (angajati)
    +-[SELECT_CLAUSE] SelectClause: '{select clause}'
    |  +-[ALIAS_REF] IdentNode: 'angajat0_.id as id1_0_' {alias=a, className=domain.Angajat, tableAlias=angajat0_}
    |  \-[SQL_TOKEN] SqlFragment: 'angajat0_.data_angajare as data_ang2_0_, angajat0_.functie_id as functie_4_0_, angajat0_.id_superior as id_super3_0_'
    +-[FROM] FromClause: 'from' FromClause{level=1, fromElementCounter=1, fromElements=1, fromElementByClassAlias=[a], fromElementByTableAlias=[angajat0_], fromElementsByPath=[], collectionJoinFromElementsByPath=[], impliedElements=[]}
    |  \-[FROM_FRAGMENT] FromElement: 'angajati angajat0_' FromElement{explicit,not a collection join,not a fetch join,fetch non-lazy properties,classAlias=a,role=null,tableName=angajati,tableAlias=angajat0_,origin=null,columns={,className=domain.Angajat}}
    \-[WHERE] SqlNode: 'where'
       \-[EQ] BinaryLogicOperatorNode: '='
          +-[DOT] DotNode: 'angajat0_.id' {propertyName=id,dereferenceType=PRIMITIVE,getPropertyPath=id,path={synthetic-alias}.id,tableAlias=angajat0_,className=domain.Angajat,classAlias=a}
          |  +-[IDENT] IdentNode: '{synthetic-alias}' {originalText={synthetic-alias}}
          |  \-[IDENT] IdentNode: 'id' {originalText=id}
          \-[NAMED_PARAM] ParameterNode: '?' {name=id, expectedType=org.hibernate.type.IntegerType@14f541d2}

21:23:01.788 [Test worker] DEBUG org.hibernate.hql.internal.ast.ErrorTracker - throwQueryException() : no errors
21:23:01.788 [Test worker] DEBUG org.hibernate.hql.internal.ast.QueryTranslatorImpl - HQL: select a from domain.Angajat a where id=:id
21:23:01.788 [Test worker] DEBUG org.hibernate.hql.internal.ast.QueryTranslatorImpl - SQL: select angajat0_.id as id1_0_, angajat0_.data_angajare as data_ang2_0_, angajat0_.functie_id as functie_4_0_, angajat0_.id_superior as id_super3_0_ from angajati angajat0_ where angajat0_.id=?
21:23:01.788 [Test worker] DEBUG org.hibernate.hql.internal.ast.ErrorTracker - throwQueryException() : no errors
21:23:01.788 [Test worker] DEBUG org.hibernate.SQL - select angajat0_.id as id1_0_, angajat0_.data_angajare as data_ang2_0_, angajat0_.functie_id as functie_4_0_, angajat0_.id_superior as id_super3_0_ from angajati angajat0_ where angajat0_.id=?
Hibernate: select angajat0_.id as id1_0_, angajat0_.data_angajare as data_ang2_0_, angajat0_.functie_id as functie_4_0_, angajat0_.id_superior as id_super3_0_ from angajati angajat0_ where angajat0_.id=?
21:23:01.788 [Test worker] DEBUG org.hibernate.loader.Loader - Result set row: 0
21:23:01.788 [Test worker] DEBUG org.hibernate.loader.Loader - Result row: EntityKey[domain.Angajat#1]
21:23:01.788 [Test worker] DEBUG org.hibernate.engine.internal.TwoPhaseLoad - Resolving attributes for [domain.Angajat#1]
21:23:01.788 [Test worker] DEBUG org.hibernate.engine.internal.TwoPhaseLoad - Processing attribute `concedii` : value = NOT NULL COLLECTION
21:23:01.788 [Test worker] DEBUG org.hibernate.engine.internal.TwoPhaseLoad - Attribute (`concedii`)  - enhanced for lazy-loading? - false
21:23:01.788 [Test worker] DEBUG org.hibernate.engine.internal.TwoPhaseLoad - Processing attribute `dataAngajare` : value = 2021-06-01
21:23:01.788 [Test worker] DEBUG org.hibernate.engine.internal.TwoPhaseLoad - Attribute (`dataAngajare`)  - enhanced for lazy-loading? - false
21:23:01.788 [Test worker] DEBUG org.hibernate.engine.internal.TwoPhaseLoad - Processing attribute `departamente` : value = NOT NULL COLLECTION
21:23:01.788 [Test worker] DEBUG org.hibernate.engine.internal.TwoPhaseLoad - Attribute (`departamente`)  - enhanced for lazy-loading? - false
21:23:01.788 [Test worker] DEBUG org.hibernate.engine.internal.TwoPhaseLoad - Processing attribute `functie` : value = 1
21:23:01.788 [Test worker] DEBUG org.hibernate.engine.internal.TwoPhaseLoad - Attribute (`functie`)  - enhanced for lazy-loading? - false
21:23:01.788 [Test worker] DEBUG org.hibernate.SQL - select functie0_.id as id1_5_0_, functie0_.salar_de_baza as salar_de2_5_0_ from functii functie0_ where functie0_.id=?
Hibernate: select functie0_.id as id1_5_0_, functie0_.salar_de_baza as salar_de2_5_0_ from functii functie0_ where functie0_.id=?
21:23:01.788 [Test worker] DEBUG org.hibernate.loader.plan.exec.process.internal.EntityReferenceInitializerImpl - On call to EntityIdentifierReaderImpl#resolve, EntityKey was already known; should only happen on root returns with an optional identifier specified
21:23:01.788 [Test worker] DEBUG org.hibernate.engine.internal.TwoPhaseLoad - Resolving attributes for [domain.Functie#1]
21:23:01.788 [Test worker] DEBUG org.hibernate.engine.internal.TwoPhaseLoad - Processing attribute `salarDeBaza` : value = 2000.0
21:23:01.788 [Test worker] DEBUG org.hibernate.engine.internal.TwoPhaseLoad - Attribute (`salarDeBaza`)  - enhanced for lazy-loading? - false
21:23:01.788 [Test worker] DEBUG org.hibernate.engine.internal.TwoPhaseLoad - Done materializing entity [domain.Functie#1]
21:23:01.788 [Test worker] DEBUG org.hibernate.loader.entity.plan.AbstractLoadPlanBasedEntityLoader - Done entity load : domain.Functie#1
21:23:01.788 [Test worker] DEBUG org.hibernate.engine.internal.TwoPhaseLoad - Processing attribute `idSuperior` : value = 1
21:23:01.788 [Test worker] DEBUG org.hibernate.engine.internal.TwoPhaseLoad - Attribute (`idSuperior`)  - enhanced for lazy-loading? - false
21:23:01.788 [Test worker] DEBUG org.hibernate.engine.internal.TwoPhaseLoad - Processing attribute `proiecte` : value = NOT NULL COLLECTION
21:23:01.788 [Test worker] DEBUG org.hibernate.engine.internal.TwoPhaseLoad - Attribute (`proiecte`)  - enhanced for lazy-loading? - false
21:23:01.788 [Test worker] DEBUG org.hibernate.engine.internal.TwoPhaseLoad - Done materializing entity [domain.Angajat#1]
21:23:01.788 [Test worker] DEBUG org.hibernate.engine.transaction.internal.TransactionImpl - committing
21:23:01.788 [Test worker] DEBUG org.hibernate.event.internal.AbstractFlushingEventListener - Processing flush-time cascades
21:23:01.788 [Test worker] DEBUG org.hibernate.event.internal.AbstractFlushingEventListener - Dirty checking collections
21:23:01.788 [Test worker] DEBUG org.hibernate.engine.internal.Collections - Collection found: [domain.Angajat.concedii#1], was: [domain.Angajat.concedii#1] (uninitialized)
21:23:01.788 [Test worker] DEBUG org.hibernate.engine.internal.Collections - Collection found: [domain.Angajat.departamente#1], was: [domain.Angajat.departamente#1] (uninitialized)
21:23:01.788 [Test worker] DEBUG org.hibernate.engine.internal.Collections - Collection found: [domain.Angajat.proiecte#1], was: [domain.Angajat.proiecte#1] (uninitialized)
21:23:01.788 [Test worker] DEBUG org.hibernate.event.internal.AbstractFlushingEventListener - Flushed: 0 insertions, 0 updates, 0 deletions to 2 objects
21:23:01.788 [Test worker] DEBUG org.hibernate.event.internal.AbstractFlushingEventListener - Flushed: 0 (re)creations, 0 updates, 0 removals to 3 collections
21:23:01.788 [Test worker] DEBUG org.hibernate.internal.util.EntityPrinter - Listing entities:
21:23:01.788 [Test worker] DEBUG org.hibernate.internal.util.EntityPrinter - domain.Functie{salarDeBaza=2000.0, id=1}
21:23:01.788 [Test worker] DEBUG org.hibernate.internal.util.EntityPrinter - domain.Angajat{proiecte=<uninitialized>, functie=domain.Functie#1, idSuperior=1, departamente=<uninitialized>, id=1, dataAngajare=2021-06-01, concedii=<uninitialized>}
21:23:01.788 [Test worker] DEBUG org.hibernate.resource.jdbc.internal.LogicalConnectionManagedImpl - Initiating JDBC connection release from afterTransaction
21:23:01.788 [Test worker] DEBUG org.hibernate.resource.jdbc.internal.LogicalConnectionManagedImpl - Initiating JDBC connection release from afterTransaction
]]></system-out>
  <system-err><![CDATA[]]></system-err>
</testsuite>
